<?xml version="1.0" encoding="UTF-8"?>
<testsuites name="ArenawithMatch" time="234" tests="13" failures="0" errors="0">
   <testsuite name="ArenawithMatch" tests="13" failures="0" errors="0" time="234" timestamp="2018-10-18 14:05:40" hostname="Richard Sanchez - DESKTOP-A1HL9OG" id="Test Suites/Arenacreation/ArenawithMatch">
      <properties>
         <property name="deviceName" value=""/>
         <property name="devicePlatform" value=""/>
         <property name="logFolder" value="C:\\Users\\Richard Sanchez\\Katalon Studio\\ucf88\\Reports\\Arenacreation\\ArenawithMatch\\20181018_140539"/>
         <property name="logFiles" value="C:\\Users\\Richard Sanchez\\Katalon Studio\\ucf88\\Reports\\Arenacreation\\ArenawithMatch\\20181018_140539\\execution0.log"/>
         <property name="attachments" value=""/>
         <property name="hostName" value="Richard Sanchez - DESKTOP-A1HL9OG"/>
         <property name="os" value="Windows 10 64bit"/>
         <property name="katalonVersion" value="5.8.0.1"/>
         <property name="browser" value="Chrome 69.0.3497.100"/>
         <property name="hostAddress" value="172.16.8.122"/>
         <property name="sessionId" value="7dabdefd5c0f8ff41b7f5fcbb03105da"/>
         <property name="seleniumVersion" value="3.7.1"/>
         <property name="proxyInformation" value="ProxyInformation{proxyOption=NO_PROXY, proxyServerType=HTTP, password=, proxyServerAddress=, proxyServerPort=0}"/>
         <property name="platform" value="Windows 10"/>
      </properties>
      <testcase name="Test Cases/Backoffice/Login/LoginAdmin" classname="Test Cases/Backoffice/Login/LoginAdmin" status="PASSED">
         <system-out><![CDATA[2018-10-18 14:05:41 - [TEST_CASE][PASSED] - Test Cases/Backoffice/Login/LoginAdmin: Test Cases/Backoffice/Login/LoginAdmin

2018-10-18 14:05:41 - [TEST_STEP][PASSED] - openBrowser: Browser is opened with url: ''

2018-10-18 14:05:44 - [MESSAGE][PASSED] - Browser is opened with url: ''

2018-10-18 14:05:44 - [TEST_STEP][PASSED] - maximizeWindow: Current window maximized

2018-10-18 14:05:45 - [MESSAGE][PASSED] - Current window maximized

2018-10-18 14:05:45 - [TEST_STEP][PASSED] - navigateToUrl: Navigate to 'http://localhost:8000/login#/' successfully

2018-10-18 14:05:47 - [MESSAGE][PASSED] - Navigate to 'http://localhost:8000/login#/' successfully

2018-10-18 14:05:47 - [TEST_STEP][PASSED] - setText: Text 'admin' is set on object 'Object Repository/Backoffice/Login/input_Username'

2018-10-18 14:05:47 - [MESSAGE][PASSED] - Text 'admin' is set on object 'Object Repository/Backoffice/Login/input_Username'

2018-10-18 14:05:47 - [TEST_STEP][PASSED] - setEncryptedText: Text ****** has been set on object 'Object Repository/Backoffice/Login/input_Password'

2018-10-18 14:05:47 - [MESSAGE][PASSED] - Text ****** has been set on object 'Object Repository/Backoffice/Login/input_Password'

2018-10-18 14:05:47 - [TEST_STEP][PASSED] - click: Object: 'Object Repository/Backoffice/Login/button_Login' is clicked on

2018-10-18 14:05:52 - [MESSAGE][PASSED] - Object: 'Object Repository/Backoffice/Login/button_Login' is clicked on

2018-10-18 14:05:52 - [TEST_STEP][PASSED] - waitForElementVisible: Object 'Object Repository/Backoffice/Login/adminuser' is visible

2018-10-18 14:05:52 - [MESSAGE][PASSED] - Object 'Object Repository/Backoffice/Login/adminuser' is visible]]></system-out>
         <system-err><![CDATA[]]></system-err>
      </testcase>
      <testcase name="Test Cases/Backoffice/Betting/Create_arena" classname="Test Cases/Backoffice/Betting/Create_arena" status="PASSED">
         <system-out><![CDATA[2018-10-18 14:05:52 - [TEST_CASE][PASSED] - Test Cases/Backoffice/Betting/Create_arena: Test Cases/Backoffice/Betting/Create_arena

2018-10-18 14:05:53 - [TEST_STEP][PASSED] - focus: Object: 'Object Repository/Backoffice/Betting/Betting_header' is focused

2018-10-18 14:05:53 - [MESSAGE][PASSED] - Object: 'Object Repository/Backoffice/Betting/Betting_header' is focused

2018-10-18 14:05:53 - [TEST_STEP][PASSED] - verifyElementPresent: Object 'Object Repository/Backoffice/Betting/Arena_header' is present

2018-10-18 14:05:53 - [MESSAGE][PASSED] - Object 'Object Repository/Backoffice/Betting/Arena_header' is present

2018-10-18 14:05:53 - [TEST_STEP][PASSED] - click: Object: 'Object Repository/Backoffice/Betting/Arena_header' is clicked on

2018-10-18 14:05:57 - [MESSAGE][PASSED] - Object: 'Object Repository/Backoffice/Betting/Arena_header' is clicked on

2018-10-18 14:05:57 - [TEST_STEP][PASSED] - click: Object: 'Object Repository/Backoffice/Betting/Arena/button_Create_arena' is clicked on

2018-10-18 14:05:57 - [MESSAGE][PASSED] - Object: 'Object Repository/Backoffice/Betting/Arena/button_Create_arena' is clicked on

2018-10-18 14:05:57 - [TEST_STEP][PASSED] - getWindowIndex: Current window's index is: 0

2018-10-18 14:05:57 - [MESSAGE][PASSED] - Current window's index is: 0

2018-10-18 14:05:57 - [TEST_STEP][PASSED] - waitForElementVisible: Object 'Object Repository/Backoffice/Betting/Arena/Create_arena/input_event_name' is visible

2018-10-18 14:05:58 - [MESSAGE][PASSED] - Object 'Object Repository/Backoffice/Betting/Arena/Create_arena/input_event_name' is visible

2018-10-18 14:05:58 - [TEST_STEP][PASSED] - switchToWindowIndex: Switched to window with index: '0'

2018-10-18 14:05:58 - [MESSAGE][PASSED] - Switched to window with index: '0'

2018-10-18 14:05:58 - [TEST_STEP][PASSED] - setText: Text 'MINGLANILLA COCKPIT ARENA' is set on object 'Object Repository/Backoffice/Betting/Arena/Create_arena/input_name'

2018-10-18 14:05:58 - [MESSAGE][PASSED] - Text 'MINGLANILLA COCKPIT ARENA' is set on object 'Object Repository/Backoffice/Betting/Arena/Create_arena/input_name'

2018-10-18 14:05:58 - [TEST_STEP][PASSED] - setText: Text 'BAKBAKAN 2018 DERBY' is set on object 'Object Repository/Backoffice/Betting/Arena/Create_arena/input_event_name'

2018-10-18 14:05:58 - [MESSAGE][PASSED] - Text 'BAKBAKAN 2018 DERBY' is set on object 'Object Repository/Backoffice/Betting/Arena/Create_arena/input_event_name'

2018-10-18 14:05:58 - [TEST_STEP][PASSED] - setText: Text 'BIGBA | ELIMS' is set on object 'Object Repository/Backoffice/Betting/Arena/Create_arena/input_acronym'

2018-10-18 14:05:58 - [MESSAGE][PASSED] - Text 'BIGBA | ELIMS' is set on object 'Object Repository/Backoffice/Betting/Arena/Create_arena/input_acronym'

2018-10-18 14:05:58 - [TEST_STEP][PASSED] - setText: Text '' is set on object 'Object Repository/Backoffice/Betting/Arena/Create_arena/input_arena_vid'

2018-10-18 14:05:58 - [MESSAGE][PASSED] - Text '' is set on object 'Object Repository/Backoffice/Betting/Arena/Create_arena/input_arena_vid'

2018-10-18 14:05:58 - [TEST_STEP][PASSED] - setText: Text '10.00' is set on object 'Object Repository/Backoffice/Betting/Arena/Create_arena/input_profit_margin'

2018-10-18 14:05:58 - [MESSAGE][PASSED] - Text '10.00' is set on object 'Object Repository/Backoffice/Betting/Arena/Create_arena/input_profit_margin'

2018-10-18 14:05:58 - [TEST_STEP][PASSED] - sendKeys: Keys '' sent to object: 'Object Repository/Backoffice/Betting/Arena/Create_arena/input_max_market'

2018-10-18 14:05:59 - [MESSAGE][PASSED] - Keys '' sent to object: 'Object Repository/Backoffice/Betting/Arena/Create_arena/input_max_market'

2018-10-18 14:05:59 - [TEST_STEP][PASSED] - sendKeys: Keys '' sent to object: 'Object Repository/Backoffice/Betting/Arena/Create_arena/input_min_single'

2018-10-18 14:05:59 - [MESSAGE][PASSED] - Keys '' sent to object: 'Object Repository/Backoffice/Betting/Arena/Create_arena/input_min_single'

2018-10-18 14:05:59 - [TEST_STEP][PASSED] - sendKeys: Keys '' sent to object: 'Object Repository/Backoffice/Betting/Arena/Create_arena/input_max_single'

2018-10-18 14:05:59 - [MESSAGE][PASSED] - Keys '' sent to object: 'Object Repository/Backoffice/Betting/Arena/Create_arena/input_max_single'

2018-10-18 14:05:59 - [TEST_STEP][PASSED] - sendKeys: Keys '' sent to object: 'Object Repository/Backoffice/Betting/Arena/Create_arena/input_pending_bet_delay'

2018-10-18 14:05:59 - [MESSAGE][PASSED] - Keys '' sent to object: 'Object Repository/Backoffice/Betting/Arena/Create_arena/input_pending_bet_delay'

2018-10-18 14:05:59 - [TEST_STEP][PASSED] - click: Object: 'Object Repository/Backoffice/Betting/Arena/Create_arena/add_arena' is clicked on

2018-10-18 14:06:03 - [MESSAGE][PASSED] - Object: 'Object Repository/Backoffice/Betting/Arena/Create_arena/add_arena' is clicked on

2018-10-18 14:06:03 - [TEST_STEP][PASSED] - delay: Delayed 2 second(s)

2018-10-18 14:06:05 - [MESSAGE][PASSED] - Delayed 2 second(s)]]></system-out>
         <system-err><![CDATA[]]></system-err>
      </testcase>
      <testcase name="Test Cases/Backoffice/Betting/Create_arena" classname="Test Cases/Backoffice/Betting/Create_arena" status="PASSED">
         <system-out><![CDATA[2018-10-18 14:06:05 - [TEST_CASE][PASSED] - Test Cases/Backoffice/Betting/Create_arena: Test Cases/Backoffice/Betting/Create_arena

2018-10-18 14:06:05 - [TEST_STEP][PASSED] - focus: Object: 'Object Repository/Backoffice/Betting/Betting_header' is focused

2018-10-18 14:06:05 - [MESSAGE][PASSED] - Object: 'Object Repository/Backoffice/Betting/Betting_header' is focused

2018-10-18 14:06:05 - [TEST_STEP][PASSED] - verifyElementPresent: Object 'Object Repository/Backoffice/Betting/Arena_header' is present

2018-10-18 14:06:05 - [MESSAGE][PASSED] - Object 'Object Repository/Backoffice/Betting/Arena_header' is present

2018-10-18 14:06:05 - [TEST_STEP][PASSED] - click: Object: 'Object Repository/Backoffice/Betting/Arena_header' is clicked on

2018-10-18 14:06:09 - [MESSAGE][PASSED] - Object: 'Object Repository/Backoffice/Betting/Arena_header' is clicked on

2018-10-18 14:06:09 - [TEST_STEP][PASSED] - click: Object: 'Object Repository/Backoffice/Betting/Arena/button_Create_arena' is clicked on

2018-10-18 14:06:09 - [MESSAGE][PASSED] - Object: 'Object Repository/Backoffice/Betting/Arena/button_Create_arena' is clicked on

2018-10-18 14:06:09 - [TEST_STEP][PASSED] - getWindowIndex: Current window's index is: 0

2018-10-18 14:06:09 - [MESSAGE][PASSED] - Current window's index is: 0

2018-10-18 14:06:09 - [TEST_STEP][PASSED] - waitForElementVisible: Object 'Object Repository/Backoffice/Betting/Arena/Create_arena/input_event_name' is visible

2018-10-18 14:06:10 - [MESSAGE][PASSED] - Object 'Object Repository/Backoffice/Betting/Arena/Create_arena/input_event_name' is visible

2018-10-18 14:06:10 - [TEST_STEP][PASSED] - switchToWindowIndex: Switched to window with index: '0'

2018-10-18 14:06:10 - [MESSAGE][PASSED] - Switched to window with index: '0'

2018-10-18 14:06:10 - [TEST_STEP][PASSED] - setText: Text 'ARGAO,CEBU. NEW BAYBAYON COCKPIT' is set on object 'Object Repository/Backoffice/Betting/Arena/Create_arena/input_name'

2018-10-18 14:06:10 - [MESSAGE][PASSED] - Text 'ARGAO,CEBU. NEW BAYBAYON COCKPIT' is set on object 'Object Repository/Backoffice/Betting/Arena/Create_arena/input_name'

2018-10-18 14:06:10 - [TEST_STEP][PASSED] - setText: Text 'UVGBF 7 STAG DERBY' is set on object 'Object Repository/Backoffice/Betting/Arena/Create_arena/input_event_name'

2018-10-18 14:06:10 - [MESSAGE][PASSED] - Text 'UVGBF 7 STAG DERBY' is set on object 'Object Repository/Backoffice/Betting/Arena/Create_arena/input_event_name'

2018-10-18 14:06:10 - [TEST_STEP][PASSED] - setText: Text 'CVCC' is set on object 'Object Repository/Backoffice/Betting/Arena/Create_arena/input_acronym'

2018-10-18 14:06:10 - [MESSAGE][PASSED] - Text 'CVCC' is set on object 'Object Repository/Backoffice/Betting/Arena/Create_arena/input_acronym'

2018-10-18 14:06:10 - [TEST_STEP][PASSED] - setText: Text '' is set on object 'Object Repository/Backoffice/Betting/Arena/Create_arena/input_arena_vid'

2018-10-18 14:06:10 - [MESSAGE][PASSED] - Text '' is set on object 'Object Repository/Backoffice/Betting/Arena/Create_arena/input_arena_vid'

2018-10-18 14:06:10 - [TEST_STEP][PASSED] - setText: Text '10.00' is set on object 'Object Repository/Backoffice/Betting/Arena/Create_arena/input_profit_margin'

2018-10-18 14:06:10 - [MESSAGE][PASSED] - Text '10.00' is set on object 'Object Repository/Backoffice/Betting/Arena/Create_arena/input_profit_margin'

2018-10-18 14:06:10 - [TEST_STEP][PASSED] - sendKeys: Keys '' sent to object: 'Object Repository/Backoffice/Betting/Arena/Create_arena/input_max_market'

2018-10-18 14:06:10 - [MESSAGE][PASSED] - Keys '' sent to object: 'Object Repository/Backoffice/Betting/Arena/Create_arena/input_max_market'

2018-10-18 14:06:10 - [TEST_STEP][PASSED] - sendKeys: Keys '' sent to object: 'Object Repository/Backoffice/Betting/Arena/Create_arena/input_min_single'

2018-10-18 14:06:10 - [MESSAGE][PASSED] - Keys '' sent to object: 'Object Repository/Backoffice/Betting/Arena/Create_arena/input_min_single'

2018-10-18 14:06:10 - [TEST_STEP][PASSED] - sendKeys: Keys '' sent to object: 'Object Repository/Backoffice/Betting/Arena/Create_arena/input_max_single'

2018-10-18 14:06:10 - [MESSAGE][PASSED] - Keys '' sent to object: 'Object Repository/Backoffice/Betting/Arena/Create_arena/input_max_single'

2018-10-18 14:06:10 - [TEST_STEP][PASSED] - sendKeys: Keys '' sent to object: 'Object Repository/Backoffice/Betting/Arena/Create_arena/input_pending_bet_delay'

2018-10-18 14:06:10 - [MESSAGE][PASSED] - Keys '' sent to object: 'Object Repository/Backoffice/Betting/Arena/Create_arena/input_pending_bet_delay'

2018-10-18 14:06:10 - [TEST_STEP][PASSED] - click: Object: 'Object Repository/Backoffice/Betting/Arena/Create_arena/add_arena' is clicked on

2018-10-18 14:06:15 - [MESSAGE][PASSED] - Object: 'Object Repository/Backoffice/Betting/Arena/Create_arena/add_arena' is clicked on

2018-10-18 14:06:15 - [TEST_STEP][PASSED] - delay: Delayed 2 second(s)

2018-10-18 14:06:17 - [MESSAGE][PASSED] - Delayed 2 second(s)]]></system-out>
         <system-err><![CDATA[]]></system-err>
      </testcase>
      <testcase name="Test Cases/Backoffice/Betting/Create_arena" classname="Test Cases/Backoffice/Betting/Create_arena" status="PASSED">
         <system-out><![CDATA[2018-10-18 14:06:17 - [TEST_CASE][PASSED] - Test Cases/Backoffice/Betting/Create_arena: Test Cases/Backoffice/Betting/Create_arena

2018-10-18 14:06:17 - [TEST_STEP][PASSED] - focus: Object: 'Object Repository/Backoffice/Betting/Betting_header' is focused

2018-10-18 14:06:17 - [MESSAGE][PASSED] - Object: 'Object Repository/Backoffice/Betting/Betting_header' is focused

2018-10-18 14:06:17 - [TEST_STEP][PASSED] - verifyElementPresent: Object 'Object Repository/Backoffice/Betting/Arena_header' is present

2018-10-18 14:06:17 - [MESSAGE][PASSED] - Object 'Object Repository/Backoffice/Betting/Arena_header' is present

2018-10-18 14:06:17 - [TEST_STEP][PASSED] - click: Object: 'Object Repository/Backoffice/Betting/Arena_header' is clicked on

2018-10-18 14:06:21 - [MESSAGE][PASSED] - Object: 'Object Repository/Backoffice/Betting/Arena_header' is clicked on

2018-10-18 14:06:21 - [TEST_STEP][PASSED] - click: Object: 'Object Repository/Backoffice/Betting/Arena/button_Create_arena' is clicked on

2018-10-18 14:06:21 - [MESSAGE][PASSED] - Object: 'Object Repository/Backoffice/Betting/Arena/button_Create_arena' is clicked on

2018-10-18 14:06:21 - [TEST_STEP][PASSED] - getWindowIndex: Current window's index is: 0

2018-10-18 14:06:21 - [MESSAGE][PASSED] - Current window's index is: 0

2018-10-18 14:06:21 - [TEST_STEP][PASSED] - waitForElementVisible: Object 'Object Repository/Backoffice/Betting/Arena/Create_arena/input_event_name' is visible

2018-10-18 14:06:22 - [MESSAGE][PASSED] - Object 'Object Repository/Backoffice/Betting/Arena/Create_arena/input_event_name' is visible

2018-10-18 14:06:22 - [TEST_STEP][PASSED] - switchToWindowIndex: Switched to window with index: '0'

2018-10-18 14:06:22 - [MESSAGE][PASSED] - Switched to window with index: '0'

2018-10-18 14:06:22 - [TEST_STEP][PASSED] - setText: Text 'BACOLOR COCKPIT ARENA' is set on object 'Object Repository/Backoffice/Betting/Arena/Create_arena/input_name'

2018-10-18 14:06:22 - [MESSAGE][PASSED] - Text 'BACOLOR COCKPIT ARENA' is set on object 'Object Repository/Backoffice/Betting/Arena/Create_arena/input_name'

2018-10-18 14:06:22 - [TEST_STEP][PASSED] - setText: Text '2ND LEG 8 STAG DERBY' is set on object 'Object Repository/Backoffice/Betting/Arena/Create_arena/input_event_name'

2018-10-18 14:06:22 - [MESSAGE][PASSED] - Text '2ND LEG 8 STAG DERBY' is set on object 'Object Repository/Backoffice/Betting/Arena/Create_arena/input_event_name'

2018-10-18 14:06:22 - [TEST_STEP][PASSED] - setText: Text 'KGBA' is set on object 'Object Repository/Backoffice/Betting/Arena/Create_arena/input_acronym'

2018-10-18 14:06:22 - [MESSAGE][PASSED] - Text 'KGBA' is set on object 'Object Repository/Backoffice/Betting/Arena/Create_arena/input_acronym'

2018-10-18 14:06:22 - [TEST_STEP][PASSED] - setText: Text '' is set on object 'Object Repository/Backoffice/Betting/Arena/Create_arena/input_arena_vid'

2018-10-18 14:06:22 - [MESSAGE][PASSED] - Text '' is set on object 'Object Repository/Backoffice/Betting/Arena/Create_arena/input_arena_vid'

2018-10-18 14:06:22 - [TEST_STEP][PASSED] - setText: Text '10.00' is set on object 'Object Repository/Backoffice/Betting/Arena/Create_arena/input_profit_margin'

2018-10-18 14:06:22 - [MESSAGE][PASSED] - Text '10.00' is set on object 'Object Repository/Backoffice/Betting/Arena/Create_arena/input_profit_margin'

2018-10-18 14:06:22 - [TEST_STEP][PASSED] - sendKeys: Keys '' sent to object: 'Object Repository/Backoffice/Betting/Arena/Create_arena/input_max_market'

2018-10-18 14:06:22 - [MESSAGE][PASSED] - Keys '' sent to object: 'Object Repository/Backoffice/Betting/Arena/Create_arena/input_max_market'

2018-10-18 14:06:22 - [TEST_STEP][PASSED] - sendKeys: Keys '' sent to object: 'Object Repository/Backoffice/Betting/Arena/Create_arena/input_min_single'

2018-10-18 14:06:22 - [MESSAGE][PASSED] - Keys '' sent to object: 'Object Repository/Backoffice/Betting/Arena/Create_arena/input_min_single'

2018-10-18 14:06:22 - [TEST_STEP][PASSED] - sendKeys: Keys '' sent to object: 'Object Repository/Backoffice/Betting/Arena/Create_arena/input_max_single'

2018-10-18 14:06:22 - [MESSAGE][PASSED] - Keys '' sent to object: 'Object Repository/Backoffice/Betting/Arena/Create_arena/input_max_single'

2018-10-18 14:06:22 - [TEST_STEP][PASSED] - sendKeys: Keys '' sent to object: 'Object Repository/Backoffice/Betting/Arena/Create_arena/input_pending_bet_delay'

2018-10-18 14:06:22 - [MESSAGE][PASSED] - Keys '' sent to object: 'Object Repository/Backoffice/Betting/Arena/Create_arena/input_pending_bet_delay'

2018-10-18 14:06:22 - [TEST_STEP][PASSED] - click: Object: 'Object Repository/Backoffice/Betting/Arena/Create_arena/add_arena' is clicked on

2018-10-18 14:06:27 - [MESSAGE][PASSED] - Object: 'Object Repository/Backoffice/Betting/Arena/Create_arena/add_arena' is clicked on

2018-10-18 14:06:27 - [TEST_STEP][PASSED] - delay: Delayed 2 second(s)

2018-10-18 14:06:29 - [MESSAGE][PASSED] - Delayed 2 second(s)]]></system-out>
         <system-err><![CDATA[]]></system-err>
      </testcase>
      <testcase name="Test Cases/Backoffice/Betting/Create_arena" classname="Test Cases/Backoffice/Betting/Create_arena" status="PASSED">
         <system-out><![CDATA[2018-10-18 14:06:29 - [TEST_CASE][PASSED] - Test Cases/Backoffice/Betting/Create_arena: Test Cases/Backoffice/Betting/Create_arena

2018-10-18 14:06:29 - [TEST_STEP][PASSED] - focus: Object: 'Object Repository/Backoffice/Betting/Betting_header' is focused

2018-10-18 14:06:29 - [MESSAGE][PASSED] - Object: 'Object Repository/Backoffice/Betting/Betting_header' is focused

2018-10-18 14:06:29 - [TEST_STEP][PASSED] - verifyElementPresent: Object 'Object Repository/Backoffice/Betting/Arena_header' is present

2018-10-18 14:06:29 - [MESSAGE][PASSED] - Object 'Object Repository/Backoffice/Betting/Arena_header' is present

2018-10-18 14:06:29 - [TEST_STEP][PASSED] - click: Object: 'Object Repository/Backoffice/Betting/Arena_header' is clicked on

2018-10-18 14:06:33 - [MESSAGE][PASSED] - Object: 'Object Repository/Backoffice/Betting/Arena_header' is clicked on

2018-10-18 14:06:33 - [TEST_STEP][PASSED] - click: Object: 'Object Repository/Backoffice/Betting/Arena/button_Create_arena' is clicked on

2018-10-18 14:06:33 - [MESSAGE][PASSED] - Object: 'Object Repository/Backoffice/Betting/Arena/button_Create_arena' is clicked on

2018-10-18 14:06:33 - [TEST_STEP][PASSED] - getWindowIndex: Current window's index is: 0

2018-10-18 14:06:33 - [MESSAGE][PASSED] - Current window's index is: 0

2018-10-18 14:06:33 - [TEST_STEP][PASSED] - waitForElementVisible: Object 'Object Repository/Backoffice/Betting/Arena/Create_arena/input_event_name' is visible

2018-10-18 14:06:34 - [MESSAGE][PASSED] - Object 'Object Repository/Backoffice/Betting/Arena/Create_arena/input_event_name' is visible

2018-10-18 14:06:34 - [TEST_STEP][PASSED] - switchToWindowIndex: Switched to window with index: '0'

2018-10-18 14:06:34 - [MESSAGE][PASSED] - Switched to window with index: '0'

2018-10-18 14:06:34 - [TEST_STEP][PASSED] - setText: Text 'NEW GENTRI SPORTS COLISEUM' is set on object 'Object Repository/Backoffice/Betting/Arena/Create_arena/input_name'

2018-10-18 14:06:34 - [MESSAGE][PASSED] - Text 'NEW GENTRI SPORTS COLISEUM' is set on object 'Object Repository/Backoffice/Betting/Arena/Create_arena/input_name'

2018-10-18 14:06:34 - [TEST_STEP][PASSED] - setText: Text '2-HITS' is set on object 'Object Repository/Backoffice/Betting/Arena/Create_arena/input_event_name'

2018-10-18 14:06:34 - [MESSAGE][PASSED] - Text '2-HITS' is set on object 'Object Repository/Backoffice/Betting/Arena/Create_arena/input_event_name'

2018-10-18 14:06:34 - [TEST_STEP][PASSED] - setText: Text 'NGSC | 2hits' is set on object 'Object Repository/Backoffice/Betting/Arena/Create_arena/input_acronym'

2018-10-18 14:06:34 - [MESSAGE][PASSED] - Text 'NGSC | 2hits' is set on object 'Object Repository/Backoffice/Betting/Arena/Create_arena/input_acronym'

2018-10-18 14:06:34 - [TEST_STEP][PASSED] - setText: Text '' is set on object 'Object Repository/Backoffice/Betting/Arena/Create_arena/input_arena_vid'

2018-10-18 14:06:34 - [MESSAGE][PASSED] - Text '' is set on object 'Object Repository/Backoffice/Betting/Arena/Create_arena/input_arena_vid'

2018-10-18 14:06:34 - [TEST_STEP][PASSED] - setText: Text '10.00' is set on object 'Object Repository/Backoffice/Betting/Arena/Create_arena/input_profit_margin'

2018-10-18 14:06:34 - [MESSAGE][PASSED] - Text '10.00' is set on object 'Object Repository/Backoffice/Betting/Arena/Create_arena/input_profit_margin'

2018-10-18 14:06:34 - [TEST_STEP][PASSED] - sendKeys: Keys '' sent to object: 'Object Repository/Backoffice/Betting/Arena/Create_arena/input_max_market'

2018-10-18 14:06:35 - [MESSAGE][PASSED] - Keys '' sent to object: 'Object Repository/Backoffice/Betting/Arena/Create_arena/input_max_market'

2018-10-18 14:06:35 - [TEST_STEP][PASSED] - sendKeys: Keys '' sent to object: 'Object Repository/Backoffice/Betting/Arena/Create_arena/input_min_single'

2018-10-18 14:06:35 - [MESSAGE][PASSED] - Keys '' sent to object: 'Object Repository/Backoffice/Betting/Arena/Create_arena/input_min_single'

2018-10-18 14:06:35 - [TEST_STEP][PASSED] - sendKeys: Keys '' sent to object: 'Object Repository/Backoffice/Betting/Arena/Create_arena/input_max_single'

2018-10-18 14:06:35 - [MESSAGE][PASSED] - Keys '' sent to object: 'Object Repository/Backoffice/Betting/Arena/Create_arena/input_max_single'

2018-10-18 14:06:35 - [TEST_STEP][PASSED] - sendKeys: Keys '' sent to object: 'Object Repository/Backoffice/Betting/Arena/Create_arena/input_pending_bet_delay'

2018-10-18 14:06:35 - [MESSAGE][PASSED] - Keys '' sent to object: 'Object Repository/Backoffice/Betting/Arena/Create_arena/input_pending_bet_delay'

2018-10-18 14:06:35 - [TEST_STEP][PASSED] - click: Object: 'Object Repository/Backoffice/Betting/Arena/Create_arena/add_arena' is clicked on

2018-10-18 14:06:39 - [MESSAGE][PASSED] - Object: 'Object Repository/Backoffice/Betting/Arena/Create_arena/add_arena' is clicked on

2018-10-18 14:06:39 - [TEST_STEP][PASSED] - delay: Delayed 2 second(s)

2018-10-18 14:06:41 - [MESSAGE][PASSED] - Delayed 2 second(s)]]></system-out>
         <system-err><![CDATA[]]></system-err>
      </testcase>
      <testcase name="Test Cases/Backoffice/Betting/Create_arena" classname="Test Cases/Backoffice/Betting/Create_arena" status="PASSED">
         <system-out><![CDATA[2018-10-18 14:06:41 - [TEST_CASE][PASSED] - Test Cases/Backoffice/Betting/Create_arena: Test Cases/Backoffice/Betting/Create_arena

2018-10-18 14:06:41 - [TEST_STEP][PASSED] - focus: Object: 'Object Repository/Backoffice/Betting/Betting_header' is focused

2018-10-18 14:06:41 - [MESSAGE][PASSED] - Object: 'Object Repository/Backoffice/Betting/Betting_header' is focused

2018-10-18 14:06:41 - [TEST_STEP][PASSED] - verifyElementPresent: Object 'Object Repository/Backoffice/Betting/Arena_header' is present

2018-10-18 14:06:41 - [MESSAGE][PASSED] - Object 'Object Repository/Backoffice/Betting/Arena_header' is present

2018-10-18 14:06:41 - [TEST_STEP][PASSED] - click: Object: 'Object Repository/Backoffice/Betting/Arena_header' is clicked on

2018-10-18 14:06:46 - [MESSAGE][PASSED] - Object: 'Object Repository/Backoffice/Betting/Arena_header' is clicked on

2018-10-18 14:06:46 - [TEST_STEP][PASSED] - click: Object: 'Object Repository/Backoffice/Betting/Arena/button_Create_arena' is clicked on

2018-10-18 14:06:46 - [MESSAGE][PASSED] - Object: 'Object Repository/Backoffice/Betting/Arena/button_Create_arena' is clicked on

2018-10-18 14:06:46 - [TEST_STEP][PASSED] - getWindowIndex: Current window's index is: 0

2018-10-18 14:06:46 - [MESSAGE][PASSED] - Current window's index is: 0

2018-10-18 14:06:46 - [TEST_STEP][PASSED] - waitForElementVisible: Object 'Object Repository/Backoffice/Betting/Arena/Create_arena/input_event_name' is visible

2018-10-18 14:06:46 - [MESSAGE][PASSED] - Object 'Object Repository/Backoffice/Betting/Arena/Create_arena/input_event_name' is visible

2018-10-18 14:06:46 - [TEST_STEP][PASSED] - switchToWindowIndex: Switched to window with index: '0'

2018-10-18 14:06:46 - [MESSAGE][PASSED] - Switched to window with index: '0'

2018-10-18 14:06:46 - [TEST_STEP][PASSED] - setText: Text 'SAN ROQUE COCKPIT (CAMARINES NORTE)' is set on object 'Object Repository/Backoffice/Betting/Arena/Create_arena/input_name'

2018-10-18 14:06:46 - [MESSAGE][PASSED] - Text 'SAN ROQUE COCKPIT (CAMARINES NORTE)' is set on object 'Object Repository/Backoffice/Betting/Arena/Create_arena/input_name'

2018-10-18 14:06:46 - [TEST_STEP][PASSED] - setText: Text 'BOYNITA CUP' is set on object 'Object Repository/Backoffice/Betting/Arena/Create_arena/input_event_name'

2018-10-18 14:06:47 - [MESSAGE][PASSED] - Text 'BOYNITA CUP' is set on object 'Object Repository/Backoffice/Betting/Arena/Create_arena/input_event_name'

2018-10-18 14:06:47 - [TEST_STEP][PASSED] - setText: Text 'BCUP' is set on object 'Object Repository/Backoffice/Betting/Arena/Create_arena/input_acronym'

2018-10-18 14:06:47 - [MESSAGE][PASSED] - Text 'BCUP' is set on object 'Object Repository/Backoffice/Betting/Arena/Create_arena/input_acronym'

2018-10-18 14:06:47 - [TEST_STEP][PASSED] - setText: Text '' is set on object 'Object Repository/Backoffice/Betting/Arena/Create_arena/input_arena_vid'

2018-10-18 14:06:47 - [MESSAGE][PASSED] - Text '' is set on object 'Object Repository/Backoffice/Betting/Arena/Create_arena/input_arena_vid'

2018-10-18 14:06:47 - [TEST_STEP][PASSED] - setText: Text '10.00' is set on object 'Object Repository/Backoffice/Betting/Arena/Create_arena/input_profit_margin'

2018-10-18 14:06:47 - [MESSAGE][PASSED] - Text '10.00' is set on object 'Object Repository/Backoffice/Betting/Arena/Create_arena/input_profit_margin'

2018-10-18 14:06:47 - [TEST_STEP][PASSED] - sendKeys: Keys '' sent to object: 'Object Repository/Backoffice/Betting/Arena/Create_arena/input_max_market'

2018-10-18 14:06:47 - [MESSAGE][PASSED] - Keys '' sent to object: 'Object Repository/Backoffice/Betting/Arena/Create_arena/input_max_market'

2018-10-18 14:06:47 - [TEST_STEP][PASSED] - sendKeys: Keys '' sent to object: 'Object Repository/Backoffice/Betting/Arena/Create_arena/input_min_single'

2018-10-18 14:06:47 - [MESSAGE][PASSED] - Keys '' sent to object: 'Object Repository/Backoffice/Betting/Arena/Create_arena/input_min_single'

2018-10-18 14:06:47 - [TEST_STEP][PASSED] - sendKeys: Keys '' sent to object: 'Object Repository/Backoffice/Betting/Arena/Create_arena/input_max_single'

2018-10-18 14:06:47 - [MESSAGE][PASSED] - Keys '' sent to object: 'Object Repository/Backoffice/Betting/Arena/Create_arena/input_max_single'

2018-10-18 14:06:47 - [TEST_STEP][PASSED] - sendKeys: Keys '' sent to object: 'Object Repository/Backoffice/Betting/Arena/Create_arena/input_pending_bet_delay'

2018-10-18 14:06:47 - [MESSAGE][PASSED] - Keys '' sent to object: 'Object Repository/Backoffice/Betting/Arena/Create_arena/input_pending_bet_delay'

2018-10-18 14:06:47 - [TEST_STEP][PASSED] - click: Object: 'Object Repository/Backoffice/Betting/Arena/Create_arena/add_arena' is clicked on

2018-10-18 14:06:51 - [MESSAGE][PASSED] - Object: 'Object Repository/Backoffice/Betting/Arena/Create_arena/add_arena' is clicked on

2018-10-18 14:06:51 - [TEST_STEP][PASSED] - delay: Delayed 2 second(s)

2018-10-18 14:06:53 - [MESSAGE][PASSED] - Delayed 2 second(s)]]></system-out>
         <system-err><![CDATA[]]></system-err>
      </testcase>
      <testcase name="Test Cases/Backoffice/Betting/Create_arena" classname="Test Cases/Backoffice/Betting/Create_arena" status="PASSED">
         <system-out><![CDATA[2018-10-18 14:06:53 - [TEST_CASE][PASSED] - Test Cases/Backoffice/Betting/Create_arena: Test Cases/Backoffice/Betting/Create_arena

2018-10-18 14:06:53 - [TEST_STEP][PASSED] - focus: Object: 'Object Repository/Backoffice/Betting/Betting_header' is focused

2018-10-18 14:06:53 - [MESSAGE][PASSED] - Object: 'Object Repository/Backoffice/Betting/Betting_header' is focused

2018-10-18 14:06:53 - [TEST_STEP][PASSED] - verifyElementPresent: Object 'Object Repository/Backoffice/Betting/Arena_header' is present

2018-10-18 14:06:53 - [MESSAGE][PASSED] - Object 'Object Repository/Backoffice/Betting/Arena_header' is present

2018-10-18 14:06:53 - [TEST_STEP][PASSED] - click: Object: 'Object Repository/Backoffice/Betting/Arena_header' is clicked on

2018-10-18 14:06:58 - [MESSAGE][PASSED] - Object: 'Object Repository/Backoffice/Betting/Arena_header' is clicked on

2018-10-18 14:06:58 - [TEST_STEP][PASSED] - click: Object: 'Object Repository/Backoffice/Betting/Arena/button_Create_arena' is clicked on

2018-10-18 14:06:58 - [MESSAGE][PASSED] - Object: 'Object Repository/Backoffice/Betting/Arena/button_Create_arena' is clicked on

2018-10-18 14:06:58 - [TEST_STEP][PASSED] - getWindowIndex: Current window's index is: 0

2018-10-18 14:06:58 - [MESSAGE][PASSED] - Current window's index is: 0

2018-10-18 14:06:58 - [TEST_STEP][PASSED] - waitForElementVisible: Object 'Object Repository/Backoffice/Betting/Arena/Create_arena/input_event_name' is visible

2018-10-18 14:06:58 - [MESSAGE][PASSED] - Object 'Object Repository/Backoffice/Betting/Arena/Create_arena/input_event_name' is visible

2018-10-18 14:06:58 - [TEST_STEP][PASSED] - switchToWindowIndex: Switched to window with index: '0'

2018-10-18 14:06:58 - [MESSAGE][PASSED] - Switched to window with index: '0'

2018-10-18 14:06:58 - [TEST_STEP][PASSED] - setText: Text 'MALVAR COCKPIT' is set on object 'Object Repository/Backoffice/Betting/Arena/Create_arena/input_name'

2018-10-18 14:06:59 - [MESSAGE][PASSED] - Text 'MALVAR COCKPIT' is set on object 'Object Repository/Backoffice/Betting/Arena/Create_arena/input_name'

2018-10-18 14:06:59 - [TEST_STEP][PASSED] - setText: Text ' REGULAR BBC AND BAKBAKAN BANDED' is set on object 'Object Repository/Backoffice/Betting/Arena/Create_arena/input_event_name'

2018-10-18 14:06:59 - [MESSAGE][PASSED] - Text ' REGULAR BBC AND BAKBAKAN BANDED' is set on object 'Object Repository/Backoffice/Betting/Arena/Create_arena/input_event_name'

2018-10-18 14:06:59 - [TEST_STEP][PASSED] - setText: Text 'BBC | BB' is set on object 'Object Repository/Backoffice/Betting/Arena/Create_arena/input_acronym'

2018-10-18 14:06:59 - [MESSAGE][PASSED] - Text 'BBC | BB' is set on object 'Object Repository/Backoffice/Betting/Arena/Create_arena/input_acronym'

2018-10-18 14:06:59 - [TEST_STEP][PASSED] - setText: Text '' is set on object 'Object Repository/Backoffice/Betting/Arena/Create_arena/input_arena_vid'

2018-10-18 14:06:59 - [MESSAGE][PASSED] - Text '' is set on object 'Object Repository/Backoffice/Betting/Arena/Create_arena/input_arena_vid'

2018-10-18 14:06:59 - [TEST_STEP][PASSED] - setText: Text '10.00' is set on object 'Object Repository/Backoffice/Betting/Arena/Create_arena/input_profit_margin'

2018-10-18 14:06:59 - [MESSAGE][PASSED] - Text '10.00' is set on object 'Object Repository/Backoffice/Betting/Arena/Create_arena/input_profit_margin'

2018-10-18 14:06:59 - [TEST_STEP][PASSED] - sendKeys: Keys '' sent to object: 'Object Repository/Backoffice/Betting/Arena/Create_arena/input_max_market'

2018-10-18 14:06:59 - [MESSAGE][PASSED] - Keys '' sent to object: 'Object Repository/Backoffice/Betting/Arena/Create_arena/input_max_market'

2018-10-18 14:06:59 - [TEST_STEP][PASSED] - sendKeys: Keys '' sent to object: 'Object Repository/Backoffice/Betting/Arena/Create_arena/input_min_single'

2018-10-18 14:06:59 - [MESSAGE][PASSED] - Keys '' sent to object: 'Object Repository/Backoffice/Betting/Arena/Create_arena/input_min_single'

2018-10-18 14:06:59 - [TEST_STEP][PASSED] - sendKeys: Keys '' sent to object: 'Object Repository/Backoffice/Betting/Arena/Create_arena/input_max_single'

2018-10-18 14:06:59 - [MESSAGE][PASSED] - Keys '' sent to object: 'Object Repository/Backoffice/Betting/Arena/Create_arena/input_max_single'

2018-10-18 14:06:59 - [TEST_STEP][PASSED] - sendKeys: Keys '' sent to object: 'Object Repository/Backoffice/Betting/Arena/Create_arena/input_pending_bet_delay'

2018-10-18 14:06:59 - [MESSAGE][PASSED] - Keys '' sent to object: 'Object Repository/Backoffice/Betting/Arena/Create_arena/input_pending_bet_delay'

2018-10-18 14:06:59 - [TEST_STEP][PASSED] - click: Object: 'Object Repository/Backoffice/Betting/Arena/Create_arena/add_arena' is clicked on

2018-10-18 14:07:03 - [MESSAGE][PASSED] - Object: 'Object Repository/Backoffice/Betting/Arena/Create_arena/add_arena' is clicked on

2018-10-18 14:07:03 - [TEST_STEP][PASSED] - delay: Delayed 2 second(s)

2018-10-18 14:07:05 - [MESSAGE][PASSED] - Delayed 2 second(s)]]></system-out>
         <system-err><![CDATA[]]></system-err>
      </testcase>
      <testcase name="Test Cases/Backoffice/Betting/Create_match" classname="Test Cases/Backoffice/Betting/Create_match" status="PASSED">
         <system-out><![CDATA[2018-10-18 14:07:05 - [TEST_CASE][PASSED] - Test Cases/Backoffice/Betting/Create_match: Test Cases/Backoffice/Betting/Create_match

2018-10-18 14:07:06 - [TEST_STEP][PASSED] - focus: Object: 'Object Repository/Backoffice/Betting/Betting_header' is focused

2018-10-18 14:07:06 - [MESSAGE][PASSED] - Object: 'Object Repository/Backoffice/Betting/Betting_header' is focused

2018-10-18 14:07:06 - [TEST_STEP][PASSED] - click: Object: 'Object Repository/Backoffice/Betting/Match_header' is clicked on

2018-10-18 14:07:10 - [MESSAGE][PASSED] - Object: 'Object Repository/Backoffice/Betting/Match_header' is clicked on

2018-10-18 14:07:10 - [TEST_STEP][PASSED] - click: Object: 'Object Repository/Backoffice/Betting/Match/Create_match/button_Create Match' is clicked on

2018-10-18 14:07:10 - [MESSAGE][PASSED] - Object: 'Object Repository/Backoffice/Betting/Match/Create_match/button_Create Match' is clicked on

2018-10-18 14:07:10 - [TEST_STEP][PASSED] - delay: Delayed 2 second(s)

2018-10-18 14:07:12 - [MESSAGE][PASSED] - Delayed 2 second(s)

2018-10-18 14:07:12 - [TEST_STEP][PASSED] - waitForElementVisible: Object 'Object Repository/Backoffice/Betting/Match/Create_match/Pop up Add match/select_arena' is visible

2018-10-18 14:07:12 - [MESSAGE][PASSED] - Object 'Object Repository/Backoffice/Betting/Match/Create_match/Pop up Add match/select_arena' is visible

2018-10-18 14:07:12 - [TEST_STEP][PASSED] - selectOptionByLabel: All options with label 'BIGBA | ELIMS' are selected in object 'Object Repository/Backoffice/Betting/Match/Create_match/Pop up Add match/select_arena' 

2018-10-18 14:07:12 - [MESSAGE][PASSED] - All options with label 'BIGBA | ELIMS' are selected in object 'Object Repository/Backoffice/Betting/Match/Create_match/Pop up Add match/select_arena' 

2018-10-18 14:07:12 - [TEST_STEP][PASSED] - sendKeys: Keys '' sent to object: 'Object Repository/Backoffice/Betting/Match/Create_match/Pop up Add match/input_Event Name_match_name'

2018-10-18 14:07:12 - [MESSAGE][PASSED] - Keys '' sent to object: 'Object Repository/Backoffice/Betting/Match/Create_match/Pop up Add match/input_Event Name_match_name'

2018-10-18 14:07:12 - [TEST_STEP][PASSED] - sendKeys: Keys '' sent to object: 'Object Repository/Backoffice/Betting/Match/Create_match/Pop up Add match/input_Profit Margin ()_match_p'

2018-10-18 14:07:12 - [MESSAGE][PASSED] - Keys '' sent to object: 'Object Repository/Backoffice/Betting/Match/Create_match/Pop up Add match/input_Profit Margin ()_match_p'

2018-10-18 14:07:12 - [TEST_STEP][PASSED] - sendKeys: Keys 'AA' sent to object: 'Object Repository/Backoffice/Betting/Match/Create_match/Pop up Add match/input_Name_banker_name'

2018-10-18 14:07:12 - [MESSAGE][PASSED] - Keys 'AA' sent to object: 'Object Repository/Backoffice/Betting/Match/Create_match/Pop up Add match/input_Name_banker_name'

2018-10-18 14:07:12 - [TEST_STEP][PASSED] - sendKeys: Keys 'BB' sent to object: 'Object Repository/Backoffice/Betting/Match/Create_match/Pop up Add match/input_Name_player_name'

2018-10-18 14:07:12 - [MESSAGE][PASSED] - Keys 'BB' sent to object: 'Object Repository/Backoffice/Betting/Match/Create_match/Pop up Add match/input_Name_player_name'

2018-10-18 14:07:12 - [TEST_STEP][PASSED] - delay: Delayed 3 second(s)

2018-10-18 14:07:15 - [MESSAGE][PASSED] - Delayed 3 second(s)

2018-10-18 14:07:15 - [TEST_STEP][PASSED] - click: Object: 'Object Repository/Backoffice/Betting/Match/Create_match/Pop up Add match/input_Close_add_match' is clicked on

2018-10-18 14:07:20 - [MESSAGE][PASSED] - Object: 'Object Repository/Backoffice/Betting/Match/Create_match/Pop up Add match/input_Close_add_match' is clicked on

2018-10-18 14:07:20 - [TEST_STEP][PASSED] - waitForElementVisible: Object 'Object Repository/Backoffice/Betting/Match/span_Clickmatch' is visible

2018-10-18 14:07:20 - [MESSAGE][PASSED] - Object 'Object Repository/Backoffice/Betting/Match/span_Clickmatch' is visible

2018-10-18 14:07:20 - [TEST_STEP][PASSED] - click: Object: 'Object Repository/Backoffice/Betting/Match/span_Clickmatch' is clicked on

2018-10-18 14:07:20 - [MESSAGE][PASSED] - Object: 'Object Repository/Backoffice/Betting/Match/span_Clickmatch' is clicked on

2018-10-18 14:07:20 - [TEST_STEP][PASSED] - switchToWindowIndex: Switched to window with index: '1'

2018-10-18 14:07:20 - [MESSAGE][PASSED] - Switched to window with index: '1'

2018-10-18 14:07:20 - [TEST_STEP][PASSED] - waitForElementVisible: Object 'Object Repository/Backoffice/Betting/Match/button_OpenMatch' is visible

2018-10-18 14:07:24 - [MESSAGE][PASSED] - Object 'Object Repository/Backoffice/Betting/Match/button_OpenMatch' is visible

2018-10-18 14:07:24 - [TEST_STEP][PASSED] - click: Object: 'Object Repository/Backoffice/Betting/Match/button_OpenMatch' is clicked on

2018-10-18 14:07:24 - [MESSAGE][PASSED] - Object: 'Object Repository/Backoffice/Betting/Match/button_OpenMatch' is clicked on

2018-10-18 14:07:24 - [TEST_STEP][PASSED] - delay: Delayed 1 second(s)

2018-10-18 14:07:25 - [MESSAGE][PASSED] - Delayed 1 second(s)

2018-10-18 14:07:25 - [TEST_STEP][PASSED] - waitForElementPresent: Object 'Object Repository/Backoffice/Betting/Match/Riskmanagement/button_Yes I agree' is present

2018-10-18 14:07:25 - [MESSAGE][PASSED] - Object 'Object Repository/Backoffice/Betting/Match/Riskmanagement/button_Yes I agree' is present

2018-10-18 14:07:25 - [TEST_STEP][PASSED] - click: Object: 'Object Repository/Backoffice/Betting/Match/Riskmanagement/button_Yes I agree' is clicked on

2018-10-18 14:07:26 - [MESSAGE][PASSED] - Object: 'Object Repository/Backoffice/Betting/Match/Riskmanagement/button_Yes I agree' is clicked on

2018-10-18 14:07:26 - [TEST_STEP][PASSED] - delay: Delayed 2 second(s)

2018-10-18 14:07:28 - [MESSAGE][PASSED] - Delayed 2 second(s)

2018-10-18 14:07:28 - [TEST_STEP][PASSED] - closeWindowIndex: Window with index 1 is closed

2018-10-18 14:07:28 - [MESSAGE][PASSED] - Window with index 1 is closed

2018-10-18 14:07:28 - [TEST_STEP][PASSED] - delay: Delayed 2 second(s)

2018-10-18 14:07:30 - [MESSAGE][PASSED] - Delayed 2 second(s)

2018-10-18 14:07:30 - [TEST_STEP][PASSED] - switchToWindowIndex: Switched to window with index: '0'

2018-10-18 14:07:30 - [MESSAGE][PASSED] - Switched to window with index: '0']]></system-out>
         <system-err><![CDATA[]]></system-err>
      </testcase>
      <testcase name="Test Cases/Backoffice/Betting/Create_match" classname="Test Cases/Backoffice/Betting/Create_match" status="PASSED">
         <system-out><![CDATA[2018-10-18 14:07:30 - [TEST_CASE][PASSED] - Test Cases/Backoffice/Betting/Create_match: Test Cases/Backoffice/Betting/Create_match

2018-10-18 14:07:30 - [TEST_STEP][PASSED] - focus: Object: 'Object Repository/Backoffice/Betting/Betting_header' is focused

2018-10-18 14:07:30 - [MESSAGE][PASSED] - Object: 'Object Repository/Backoffice/Betting/Betting_header' is focused

2018-10-18 14:07:30 - [TEST_STEP][PASSED] - click: Object: 'Object Repository/Backoffice/Betting/Match_header' is clicked on

2018-10-18 14:07:34 - [MESSAGE][PASSED] - Object: 'Object Repository/Backoffice/Betting/Match_header' is clicked on

2018-10-18 14:07:34 - [TEST_STEP][PASSED] - click: Object: 'Object Repository/Backoffice/Betting/Match/Create_match/button_Create Match' is clicked on

2018-10-18 14:07:34 - [MESSAGE][PASSED] - Object: 'Object Repository/Backoffice/Betting/Match/Create_match/button_Create Match' is clicked on

2018-10-18 14:07:34 - [TEST_STEP][PASSED] - delay: Delayed 2 second(s)

2018-10-18 14:07:36 - [MESSAGE][PASSED] - Delayed 2 second(s)

2018-10-18 14:07:36 - [TEST_STEP][PASSED] - waitForElementVisible: Object 'Object Repository/Backoffice/Betting/Match/Create_match/Pop up Add match/select_arena' is visible

2018-10-18 14:07:37 - [MESSAGE][PASSED] - Object 'Object Repository/Backoffice/Betting/Match/Create_match/Pop up Add match/select_arena' is visible

2018-10-18 14:07:37 - [TEST_STEP][PASSED] - selectOptionByLabel: All options with label 'CVCC' are selected in object 'Object Repository/Backoffice/Betting/Match/Create_match/Pop up Add match/select_arena' 

2018-10-18 14:07:37 - [MESSAGE][PASSED] - All options with label 'CVCC' are selected in object 'Object Repository/Backoffice/Betting/Match/Create_match/Pop up Add match/select_arena' 

2018-10-18 14:07:37 - [TEST_STEP][PASSED] - sendKeys: Keys '' sent to object: 'Object Repository/Backoffice/Betting/Match/Create_match/Pop up Add match/input_Event Name_match_name'

2018-10-18 14:07:37 - [MESSAGE][PASSED] - Keys '' sent to object: 'Object Repository/Backoffice/Betting/Match/Create_match/Pop up Add match/input_Event Name_match_name'

2018-10-18 14:07:37 - [TEST_STEP][PASSED] - sendKeys: Keys '' sent to object: 'Object Repository/Backoffice/Betting/Match/Create_match/Pop up Add match/input_Profit Margin ()_match_p'

2018-10-18 14:07:37 - [MESSAGE][PASSED] - Keys '' sent to object: 'Object Repository/Backoffice/Betting/Match/Create_match/Pop up Add match/input_Profit Margin ()_match_p'

2018-10-18 14:07:37 - [TEST_STEP][PASSED] - sendKeys: Keys 'CC' sent to object: 'Object Repository/Backoffice/Betting/Match/Create_match/Pop up Add match/input_Name_banker_name'

2018-10-18 14:07:37 - [MESSAGE][PASSED] - Keys 'CC' sent to object: 'Object Repository/Backoffice/Betting/Match/Create_match/Pop up Add match/input_Name_banker_name'

2018-10-18 14:07:37 - [TEST_STEP][PASSED] - sendKeys: Keys 'DD' sent to object: 'Object Repository/Backoffice/Betting/Match/Create_match/Pop up Add match/input_Name_player_name'

2018-10-18 14:07:37 - [MESSAGE][PASSED] - Keys 'DD' sent to object: 'Object Repository/Backoffice/Betting/Match/Create_match/Pop up Add match/input_Name_player_name'

2018-10-18 14:07:37 - [TEST_STEP][PASSED] - delay: Delayed 3 second(s)

2018-10-18 14:07:40 - [MESSAGE][PASSED] - Delayed 3 second(s)

2018-10-18 14:07:40 - [TEST_STEP][PASSED] - click: Object: 'Object Repository/Backoffice/Betting/Match/Create_match/Pop up Add match/input_Close_add_match' is clicked on

2018-10-18 14:07:45 - [MESSAGE][PASSED] - Object: 'Object Repository/Backoffice/Betting/Match/Create_match/Pop up Add match/input_Close_add_match' is clicked on

2018-10-18 14:07:45 - [TEST_STEP][PASSED] - waitForElementVisible: Object 'Object Repository/Backoffice/Betting/Match/span_Clickmatch' is visible

2018-10-18 14:07:45 - [MESSAGE][PASSED] - Object 'Object Repository/Backoffice/Betting/Match/span_Clickmatch' is visible

2018-10-18 14:07:45 - [TEST_STEP][PASSED] - click: Object: 'Object Repository/Backoffice/Betting/Match/span_Clickmatch' is clicked on

2018-10-18 14:07:45 - [MESSAGE][PASSED] - Object: 'Object Repository/Backoffice/Betting/Match/span_Clickmatch' is clicked on

2018-10-18 14:07:45 - [TEST_STEP][PASSED] - switchToWindowIndex: Switched to window with index: '1'

2018-10-18 14:07:45 - [MESSAGE][PASSED] - Switched to window with index: '1'

2018-10-18 14:07:45 - [TEST_STEP][PASSED] - waitForElementVisible: Object 'Object Repository/Backoffice/Betting/Match/button_OpenMatch' is visible

2018-10-18 14:07:50 - [MESSAGE][PASSED] - Object 'Object Repository/Backoffice/Betting/Match/button_OpenMatch' is visible

2018-10-18 14:07:50 - [TEST_STEP][PASSED] - click: Object: 'Object Repository/Backoffice/Betting/Match/button_OpenMatch' is clicked on

2018-10-18 14:07:50 - [MESSAGE][PASSED] - Object: 'Object Repository/Backoffice/Betting/Match/button_OpenMatch' is clicked on

2018-10-18 14:07:50 - [TEST_STEP][PASSED] - delay: Delayed 1 second(s)

2018-10-18 14:07:51 - [MESSAGE][PASSED] - Delayed 1 second(s)

2018-10-18 14:07:51 - [TEST_STEP][PASSED] - waitForElementPresent: Object 'Object Repository/Backoffice/Betting/Match/Riskmanagement/button_Yes I agree' is present

2018-10-18 14:07:51 - [MESSAGE][PASSED] - Object 'Object Repository/Backoffice/Betting/Match/Riskmanagement/button_Yes I agree' is present

2018-10-18 14:07:51 - [TEST_STEP][PASSED] - click: Object: 'Object Repository/Backoffice/Betting/Match/Riskmanagement/button_Yes I agree' is clicked on

2018-10-18 14:07:51 - [MESSAGE][PASSED] - Object: 'Object Repository/Backoffice/Betting/Match/Riskmanagement/button_Yes I agree' is clicked on

2018-10-18 14:07:51 - [TEST_STEP][PASSED] - delay: Delayed 2 second(s)

2018-10-18 14:07:53 - [MESSAGE][PASSED] - Delayed 2 second(s)

2018-10-18 14:07:53 - [TEST_STEP][PASSED] - closeWindowIndex: Window with index 1 is closed

2018-10-18 14:07:53 - [MESSAGE][PASSED] - Window with index 1 is closed

2018-10-18 14:07:53 - [TEST_STEP][PASSED] - delay: Delayed 2 second(s)

2018-10-18 14:07:55 - [MESSAGE][PASSED] - Delayed 2 second(s)

2018-10-18 14:07:55 - [TEST_STEP][PASSED] - switchToWindowIndex: Switched to window with index: '0'

2018-10-18 14:07:55 - [MESSAGE][PASSED] - Switched to window with index: '0']]></system-out>
         <system-err><![CDATA[]]></system-err>
      </testcase>
      <testcase name="Test Cases/Backoffice/Betting/Create_match" classname="Test Cases/Backoffice/Betting/Create_match" status="PASSED">
         <system-out><![CDATA[2018-10-18 14:07:55 - [TEST_CASE][PASSED] - Test Cases/Backoffice/Betting/Create_match: Test Cases/Backoffice/Betting/Create_match

2018-10-18 14:07:55 - [TEST_STEP][PASSED] - focus: Object: 'Object Repository/Backoffice/Betting/Betting_header' is focused

2018-10-18 14:07:55 - [MESSAGE][PASSED] - Object: 'Object Repository/Backoffice/Betting/Betting_header' is focused

2018-10-18 14:07:55 - [TEST_STEP][PASSED] - click: Object: 'Object Repository/Backoffice/Betting/Match_header' is clicked on

2018-10-18 14:07:59 - [MESSAGE][PASSED] - Object: 'Object Repository/Backoffice/Betting/Match_header' is clicked on

2018-10-18 14:07:59 - [TEST_STEP][PASSED] - click: Object: 'Object Repository/Backoffice/Betting/Match/Create_match/button_Create Match' is clicked on

2018-10-18 14:07:59 - [MESSAGE][PASSED] - Object: 'Object Repository/Backoffice/Betting/Match/Create_match/button_Create Match' is clicked on

2018-10-18 14:07:59 - [TEST_STEP][PASSED] - delay: Delayed 2 second(s)

2018-10-18 14:08:01 - [MESSAGE][PASSED] - Delayed 2 second(s)

2018-10-18 14:08:01 - [TEST_STEP][PASSED] - waitForElementVisible: Object 'Object Repository/Backoffice/Betting/Match/Create_match/Pop up Add match/select_arena' is visible

2018-10-18 14:08:02 - [MESSAGE][PASSED] - Object 'Object Repository/Backoffice/Betting/Match/Create_match/Pop up Add match/select_arena' is visible

2018-10-18 14:08:02 - [TEST_STEP][PASSED] - selectOptionByLabel: All options with label 'KGBA' are selected in object 'Object Repository/Backoffice/Betting/Match/Create_match/Pop up Add match/select_arena' 

2018-10-18 14:08:02 - [MESSAGE][PASSED] - All options with label 'KGBA' are selected in object 'Object Repository/Backoffice/Betting/Match/Create_match/Pop up Add match/select_arena' 

2018-10-18 14:08:02 - [TEST_STEP][PASSED] - sendKeys: Keys '' sent to object: 'Object Repository/Backoffice/Betting/Match/Create_match/Pop up Add match/input_Event Name_match_name'

2018-10-18 14:08:02 - [MESSAGE][PASSED] - Keys '' sent to object: 'Object Repository/Backoffice/Betting/Match/Create_match/Pop up Add match/input_Event Name_match_name'

2018-10-18 14:08:02 - [TEST_STEP][PASSED] - sendKeys: Keys '' sent to object: 'Object Repository/Backoffice/Betting/Match/Create_match/Pop up Add match/input_Profit Margin ()_match_p'

2018-10-18 14:08:02 - [MESSAGE][PASSED] - Keys '' sent to object: 'Object Repository/Backoffice/Betting/Match/Create_match/Pop up Add match/input_Profit Margin ()_match_p'

2018-10-18 14:08:02 - [TEST_STEP][PASSED] - sendKeys: Keys 'EE' sent to object: 'Object Repository/Backoffice/Betting/Match/Create_match/Pop up Add match/input_Name_banker_name'

2018-10-18 14:08:02 - [MESSAGE][PASSED] - Keys 'EE' sent to object: 'Object Repository/Backoffice/Betting/Match/Create_match/Pop up Add match/input_Name_banker_name'

2018-10-18 14:08:02 - [TEST_STEP][PASSED] - sendKeys: Keys 'FF' sent to object: 'Object Repository/Backoffice/Betting/Match/Create_match/Pop up Add match/input_Name_player_name'

2018-10-18 14:08:02 - [MESSAGE][PASSED] - Keys 'FF' sent to object: 'Object Repository/Backoffice/Betting/Match/Create_match/Pop up Add match/input_Name_player_name'

2018-10-18 14:08:02 - [TEST_STEP][PASSED] - delay: Delayed 3 second(s)

2018-10-18 14:08:05 - [MESSAGE][PASSED] - Delayed 3 second(s)

2018-10-18 14:08:05 - [TEST_STEP][PASSED] - click: Object: 'Object Repository/Backoffice/Betting/Match/Create_match/Pop up Add match/input_Close_add_match' is clicked on

2018-10-18 14:08:10 - [MESSAGE][PASSED] - Object: 'Object Repository/Backoffice/Betting/Match/Create_match/Pop up Add match/input_Close_add_match' is clicked on

2018-10-18 14:08:10 - [TEST_STEP][PASSED] - waitForElementVisible: Object 'Object Repository/Backoffice/Betting/Match/span_Clickmatch' is visible

2018-10-18 14:08:10 - [MESSAGE][PASSED] - Object 'Object Repository/Backoffice/Betting/Match/span_Clickmatch' is visible

2018-10-18 14:08:10 - [TEST_STEP][PASSED] - click: Object: 'Object Repository/Backoffice/Betting/Match/span_Clickmatch' is clicked on

2018-10-18 14:08:10 - [MESSAGE][PASSED] - Object: 'Object Repository/Backoffice/Betting/Match/span_Clickmatch' is clicked on

2018-10-18 14:08:10 - [TEST_STEP][PASSED] - switchToWindowIndex: Switched to window with index: '1'

2018-10-18 14:08:10 - [MESSAGE][PASSED] - Switched to window with index: '1'

2018-10-18 14:08:10 - [TEST_STEP][PASSED] - waitForElementVisible: Object 'Object Repository/Backoffice/Betting/Match/button_OpenMatch' is visible

2018-10-18 14:08:15 - [MESSAGE][PASSED] - Object 'Object Repository/Backoffice/Betting/Match/button_OpenMatch' is visible

2018-10-18 14:08:15 - [TEST_STEP][PASSED] - click: Object: 'Object Repository/Backoffice/Betting/Match/button_OpenMatch' is clicked on

2018-10-18 14:08:15 - [MESSAGE][PASSED] - Object: 'Object Repository/Backoffice/Betting/Match/button_OpenMatch' is clicked on

2018-10-18 14:08:15 - [TEST_STEP][PASSED] - delay: Delayed 1 second(s)

2018-10-18 14:08:16 - [MESSAGE][PASSED] - Delayed 1 second(s)

2018-10-18 14:08:16 - [TEST_STEP][PASSED] - waitForElementPresent: Object 'Object Repository/Backoffice/Betting/Match/Riskmanagement/button_Yes I agree' is present

2018-10-18 14:08:16 - [MESSAGE][PASSED] - Object 'Object Repository/Backoffice/Betting/Match/Riskmanagement/button_Yes I agree' is present

2018-10-18 14:08:16 - [TEST_STEP][PASSED] - click: Object: 'Object Repository/Backoffice/Betting/Match/Riskmanagement/button_Yes I agree' is clicked on

2018-10-18 14:08:16 - [MESSAGE][PASSED] - Object: 'Object Repository/Backoffice/Betting/Match/Riskmanagement/button_Yes I agree' is clicked on

2018-10-18 14:08:16 - [TEST_STEP][PASSED] - delay: Delayed 2 second(s)

2018-10-18 14:08:18 - [MESSAGE][PASSED] - Delayed 2 second(s)

2018-10-18 14:08:18 - [TEST_STEP][PASSED] - closeWindowIndex: Window with index 1 is closed

2018-10-18 14:08:18 - [MESSAGE][PASSED] - Window with index 1 is closed

2018-10-18 14:08:18 - [TEST_STEP][PASSED] - delay: Delayed 2 second(s)

2018-10-18 14:08:20 - [MESSAGE][PASSED] - Delayed 2 second(s)

2018-10-18 14:08:20 - [TEST_STEP][PASSED] - switchToWindowIndex: Switched to window with index: '0'

2018-10-18 14:08:20 - [MESSAGE][PASSED] - Switched to window with index: '0']]></system-out>
         <system-err><![CDATA[]]></system-err>
      </testcase>
      <testcase name="Test Cases/Backoffice/Betting/Create_match" classname="Test Cases/Backoffice/Betting/Create_match" status="PASSED">
         <system-out><![CDATA[2018-10-18 14:08:20 - [TEST_CASE][PASSED] - Test Cases/Backoffice/Betting/Create_match: Test Cases/Backoffice/Betting/Create_match

2018-10-18 14:08:20 - [TEST_STEP][PASSED] - focus: Object: 'Object Repository/Backoffice/Betting/Betting_header' is focused

2018-10-18 14:08:20 - [MESSAGE][PASSED] - Object: 'Object Repository/Backoffice/Betting/Betting_header' is focused

2018-10-18 14:08:20 - [TEST_STEP][PASSED] - click: Object: 'Object Repository/Backoffice/Betting/Match_header' is clicked on

2018-10-18 14:08:24 - [MESSAGE][PASSED] - Object: 'Object Repository/Backoffice/Betting/Match_header' is clicked on

2018-10-18 14:08:24 - [TEST_STEP][PASSED] - click: Object: 'Object Repository/Backoffice/Betting/Match/Create_match/button_Create Match' is clicked on

2018-10-18 14:08:24 - [MESSAGE][PASSED] - Object: 'Object Repository/Backoffice/Betting/Match/Create_match/button_Create Match' is clicked on

2018-10-18 14:08:24 - [TEST_STEP][PASSED] - delay: Delayed 2 second(s)

2018-10-18 14:08:26 - [MESSAGE][PASSED] - Delayed 2 second(s)

2018-10-18 14:08:26 - [TEST_STEP][PASSED] - waitForElementVisible: Object 'Object Repository/Backoffice/Betting/Match/Create_match/Pop up Add match/select_arena' is visible

2018-10-18 14:08:27 - [MESSAGE][PASSED] - Object 'Object Repository/Backoffice/Betting/Match/Create_match/Pop up Add match/select_arena' is visible

2018-10-18 14:08:27 - [TEST_STEP][PASSED] - selectOptionByLabel: All options with label 'NGSC | 2hits' are selected in object 'Object Repository/Backoffice/Betting/Match/Create_match/Pop up Add match/select_arena' 

2018-10-18 14:08:27 - [MESSAGE][PASSED] - All options with label 'NGSC | 2hits' are selected in object 'Object Repository/Backoffice/Betting/Match/Create_match/Pop up Add match/select_arena' 

2018-10-18 14:08:27 - [TEST_STEP][PASSED] - sendKeys: Keys '' sent to object: 'Object Repository/Backoffice/Betting/Match/Create_match/Pop up Add match/input_Event Name_match_name'

2018-10-18 14:08:27 - [MESSAGE][PASSED] - Keys '' sent to object: 'Object Repository/Backoffice/Betting/Match/Create_match/Pop up Add match/input_Event Name_match_name'

2018-10-18 14:08:27 - [TEST_STEP][PASSED] - sendKeys: Keys '' sent to object: 'Object Repository/Backoffice/Betting/Match/Create_match/Pop up Add match/input_Profit Margin ()_match_p'

2018-10-18 14:08:27 - [MESSAGE][PASSED] - Keys '' sent to object: 'Object Repository/Backoffice/Betting/Match/Create_match/Pop up Add match/input_Profit Margin ()_match_p'

2018-10-18 14:08:27 - [TEST_STEP][PASSED] - sendKeys: Keys 'GG' sent to object: 'Object Repository/Backoffice/Betting/Match/Create_match/Pop up Add match/input_Name_banker_name'

2018-10-18 14:08:27 - [MESSAGE][PASSED] - Keys 'GG' sent to object: 'Object Repository/Backoffice/Betting/Match/Create_match/Pop up Add match/input_Name_banker_name'

2018-10-18 14:08:27 - [TEST_STEP][PASSED] - sendKeys: Keys 'HH' sent to object: 'Object Repository/Backoffice/Betting/Match/Create_match/Pop up Add match/input_Name_player_name'

2018-10-18 14:08:27 - [MESSAGE][PASSED] - Keys 'HH' sent to object: 'Object Repository/Backoffice/Betting/Match/Create_match/Pop up Add match/input_Name_player_name'

2018-10-18 14:08:27 - [TEST_STEP][PASSED] - delay: Delayed 3 second(s)

2018-10-18 14:08:30 - [MESSAGE][PASSED] - Delayed 3 second(s)

2018-10-18 14:08:30 - [TEST_STEP][PASSED] - click: Object: 'Object Repository/Backoffice/Betting/Match/Create_match/Pop up Add match/input_Close_add_match' is clicked on

2018-10-18 14:08:35 - [MESSAGE][PASSED] - Object: 'Object Repository/Backoffice/Betting/Match/Create_match/Pop up Add match/input_Close_add_match' is clicked on

2018-10-18 14:08:35 - [TEST_STEP][PASSED] - waitForElementVisible: Object 'Object Repository/Backoffice/Betting/Match/span_Clickmatch' is visible

2018-10-18 14:08:35 - [MESSAGE][PASSED] - Object 'Object Repository/Backoffice/Betting/Match/span_Clickmatch' is visible

2018-10-18 14:08:35 - [TEST_STEP][PASSED] - click: Object: 'Object Repository/Backoffice/Betting/Match/span_Clickmatch' is clicked on

2018-10-18 14:08:35 - [MESSAGE][PASSED] - Object: 'Object Repository/Backoffice/Betting/Match/span_Clickmatch' is clicked on

2018-10-18 14:08:35 - [TEST_STEP][PASSED] - switchToWindowIndex: Switched to window with index: '1'

2018-10-18 14:08:35 - [MESSAGE][PASSED] - Switched to window with index: '1'

2018-10-18 14:08:35 - [TEST_STEP][PASSED] - waitForElementVisible: Object 'Object Repository/Backoffice/Betting/Match/button_OpenMatch' is visible

2018-10-18 14:08:40 - [MESSAGE][PASSED] - Object 'Object Repository/Backoffice/Betting/Match/button_OpenMatch' is visible

2018-10-18 14:08:40 - [TEST_STEP][PASSED] - click: Object: 'Object Repository/Backoffice/Betting/Match/button_OpenMatch' is clicked on

2018-10-18 14:08:40 - [MESSAGE][PASSED] - Object: 'Object Repository/Backoffice/Betting/Match/button_OpenMatch' is clicked on

2018-10-18 14:08:40 - [TEST_STEP][PASSED] - delay: Delayed 1 second(s)

2018-10-18 14:08:41 - [MESSAGE][PASSED] - Delayed 1 second(s)

2018-10-18 14:08:41 - [TEST_STEP][PASSED] - waitForElementPresent: Object 'Object Repository/Backoffice/Betting/Match/Riskmanagement/button_Yes I agree' is present

2018-10-18 14:08:41 - [MESSAGE][PASSED] - Object 'Object Repository/Backoffice/Betting/Match/Riskmanagement/button_Yes I agree' is present

2018-10-18 14:08:41 - [TEST_STEP][PASSED] - click: Object: 'Object Repository/Backoffice/Betting/Match/Riskmanagement/button_Yes I agree' is clicked on

2018-10-18 14:08:41 - [MESSAGE][PASSED] - Object: 'Object Repository/Backoffice/Betting/Match/Riskmanagement/button_Yes I agree' is clicked on

2018-10-18 14:08:41 - [TEST_STEP][PASSED] - delay: Delayed 2 second(s)

2018-10-18 14:08:43 - [MESSAGE][PASSED] - Delayed 2 second(s)

2018-10-18 14:08:43 - [TEST_STEP][PASSED] - closeWindowIndex: Window with index 1 is closed

2018-10-18 14:08:43 - [MESSAGE][PASSED] - Window with index 1 is closed

2018-10-18 14:08:43 - [TEST_STEP][PASSED] - delay: Delayed 2 second(s)

2018-10-18 14:08:45 - [MESSAGE][PASSED] - Delayed 2 second(s)

2018-10-18 14:08:45 - [TEST_STEP][PASSED] - switchToWindowIndex: Switched to window with index: '0'

2018-10-18 14:08:45 - [MESSAGE][PASSED] - Switched to window with index: '0']]></system-out>
         <system-err><![CDATA[]]></system-err>
      </testcase>
      <testcase name="Test Cases/Backoffice/Betting/Create_match" classname="Test Cases/Backoffice/Betting/Create_match" status="PASSED">
         <system-out><![CDATA[2018-10-18 14:08:45 - [TEST_CASE][PASSED] - Test Cases/Backoffice/Betting/Create_match: Test Cases/Backoffice/Betting/Create_match

2018-10-18 14:08:45 - [TEST_STEP][PASSED] - focus: Object: 'Object Repository/Backoffice/Betting/Betting_header' is focused

2018-10-18 14:08:45 - [MESSAGE][PASSED] - Object: 'Object Repository/Backoffice/Betting/Betting_header' is focused

2018-10-18 14:08:45 - [TEST_STEP][PASSED] - click: Object: 'Object Repository/Backoffice/Betting/Match_header' is clicked on

2018-10-18 14:08:50 - [MESSAGE][PASSED] - Object: 'Object Repository/Backoffice/Betting/Match_header' is clicked on

2018-10-18 14:08:50 - [TEST_STEP][PASSED] - click: Object: 'Object Repository/Backoffice/Betting/Match/Create_match/button_Create Match' is clicked on

2018-10-18 14:08:50 - [MESSAGE][PASSED] - Object: 'Object Repository/Backoffice/Betting/Match/Create_match/button_Create Match' is clicked on

2018-10-18 14:08:50 - [TEST_STEP][PASSED] - delay: Delayed 2 second(s)

2018-10-18 14:08:52 - [MESSAGE][PASSED] - Delayed 2 second(s)

2018-10-18 14:08:52 - [TEST_STEP][PASSED] - waitForElementVisible: Object 'Object Repository/Backoffice/Betting/Match/Create_match/Pop up Add match/select_arena' is visible

2018-10-18 14:08:52 - [MESSAGE][PASSED] - Object 'Object Repository/Backoffice/Betting/Match/Create_match/Pop up Add match/select_arena' is visible

2018-10-18 14:08:52 - [TEST_STEP][PASSED] - selectOptionByLabel: All options with label 'BCUP' are selected in object 'Object Repository/Backoffice/Betting/Match/Create_match/Pop up Add match/select_arena' 

2018-10-18 14:08:52 - [MESSAGE][PASSED] - All options with label 'BCUP' are selected in object 'Object Repository/Backoffice/Betting/Match/Create_match/Pop up Add match/select_arena' 

2018-10-18 14:08:52 - [TEST_STEP][PASSED] - sendKeys: Keys '' sent to object: 'Object Repository/Backoffice/Betting/Match/Create_match/Pop up Add match/input_Event Name_match_name'

2018-10-18 14:08:52 - [MESSAGE][PASSED] - Keys '' sent to object: 'Object Repository/Backoffice/Betting/Match/Create_match/Pop up Add match/input_Event Name_match_name'

2018-10-18 14:08:52 - [TEST_STEP][PASSED] - sendKeys: Keys '' sent to object: 'Object Repository/Backoffice/Betting/Match/Create_match/Pop up Add match/input_Profit Margin ()_match_p'

2018-10-18 14:08:52 - [MESSAGE][PASSED] - Keys '' sent to object: 'Object Repository/Backoffice/Betting/Match/Create_match/Pop up Add match/input_Profit Margin ()_match_p'

2018-10-18 14:08:52 - [TEST_STEP][PASSED] - sendKeys: Keys 'II' sent to object: 'Object Repository/Backoffice/Betting/Match/Create_match/Pop up Add match/input_Name_banker_name'

2018-10-18 14:08:52 - [MESSAGE][PASSED] - Keys 'II' sent to object: 'Object Repository/Backoffice/Betting/Match/Create_match/Pop up Add match/input_Name_banker_name'

2018-10-18 14:08:52 - [TEST_STEP][PASSED] - sendKeys: Keys 'JJ' sent to object: 'Object Repository/Backoffice/Betting/Match/Create_match/Pop up Add match/input_Name_player_name'

2018-10-18 14:08:52 - [MESSAGE][PASSED] - Keys 'JJ' sent to object: 'Object Repository/Backoffice/Betting/Match/Create_match/Pop up Add match/input_Name_player_name'

2018-10-18 14:08:52 - [TEST_STEP][PASSED] - delay: Delayed 3 second(s)

2018-10-18 14:08:55 - [MESSAGE][PASSED] - Delayed 3 second(s)

2018-10-18 14:08:55 - [TEST_STEP][PASSED] - click: Object: 'Object Repository/Backoffice/Betting/Match/Create_match/Pop up Add match/input_Close_add_match' is clicked on

2018-10-18 14:09:00 - [MESSAGE][PASSED] - Object: 'Object Repository/Backoffice/Betting/Match/Create_match/Pop up Add match/input_Close_add_match' is clicked on

2018-10-18 14:09:00 - [TEST_STEP][PASSED] - waitForElementVisible: Object 'Object Repository/Backoffice/Betting/Match/span_Clickmatch' is visible

2018-10-18 14:09:00 - [MESSAGE][PASSED] - Object 'Object Repository/Backoffice/Betting/Match/span_Clickmatch' is visible

2018-10-18 14:09:00 - [TEST_STEP][PASSED] - click: Object: 'Object Repository/Backoffice/Betting/Match/span_Clickmatch' is clicked on

2018-10-18 14:09:00 - [MESSAGE][PASSED] - Object: 'Object Repository/Backoffice/Betting/Match/span_Clickmatch' is clicked on

2018-10-18 14:09:00 - [TEST_STEP][PASSED] - switchToWindowIndex: Switched to window with index: '1'

2018-10-18 14:09:00 - [MESSAGE][PASSED] - Switched to window with index: '1'

2018-10-18 14:09:00 - [TEST_STEP][PASSED] - waitForElementVisible: Object 'Object Repository/Backoffice/Betting/Match/button_OpenMatch' is visible

2018-10-18 14:09:04 - [MESSAGE][PASSED] - Object 'Object Repository/Backoffice/Betting/Match/button_OpenMatch' is visible

2018-10-18 14:09:04 - [TEST_STEP][PASSED] - click: Object: 'Object Repository/Backoffice/Betting/Match/button_OpenMatch' is clicked on

2018-10-18 14:09:04 - [MESSAGE][PASSED] - Object: 'Object Repository/Backoffice/Betting/Match/button_OpenMatch' is clicked on

2018-10-18 14:09:04 - [TEST_STEP][PASSED] - delay: Delayed 1 second(s)

2018-10-18 14:09:05 - [MESSAGE][PASSED] - Delayed 1 second(s)

2018-10-18 14:09:05 - [TEST_STEP][PASSED] - waitForElementPresent: Object 'Object Repository/Backoffice/Betting/Match/Riskmanagement/button_Yes I agree' is present

2018-10-18 14:09:05 - [MESSAGE][PASSED] - Object 'Object Repository/Backoffice/Betting/Match/Riskmanagement/button_Yes I agree' is present

2018-10-18 14:09:05 - [TEST_STEP][PASSED] - click: Object: 'Object Repository/Backoffice/Betting/Match/Riskmanagement/button_Yes I agree' is clicked on

2018-10-18 14:09:05 - [MESSAGE][PASSED] - Object: 'Object Repository/Backoffice/Betting/Match/Riskmanagement/button_Yes I agree' is clicked on

2018-10-18 14:09:05 - [TEST_STEP][PASSED] - delay: Delayed 2 second(s)

2018-10-18 14:09:07 - [MESSAGE][PASSED] - Delayed 2 second(s)

2018-10-18 14:09:07 - [TEST_STEP][PASSED] - closeWindowIndex: Window with index 1 is closed

2018-10-18 14:09:07 - [MESSAGE][PASSED] - Window with index 1 is closed

2018-10-18 14:09:07 - [TEST_STEP][PASSED] - delay: Delayed 2 second(s)

2018-10-18 14:09:09 - [MESSAGE][PASSED] - Delayed 2 second(s)

2018-10-18 14:09:09 - [TEST_STEP][PASSED] - switchToWindowIndex: Switched to window with index: '0'

2018-10-18 14:09:10 - [MESSAGE][PASSED] - Switched to window with index: '0']]></system-out>
         <system-err><![CDATA[]]></system-err>
      </testcase>
      <testcase name="Test Cases/Backoffice/Betting/Create_match" classname="Test Cases/Backoffice/Betting/Create_match" status="PASSED">
         <system-out><![CDATA[2018-10-18 14:09:10 - [TEST_CASE][PASSED] - Test Cases/Backoffice/Betting/Create_match: Test Cases/Backoffice/Betting/Create_match

2018-10-18 14:09:10 - [TEST_STEP][PASSED] - focus: Object: 'Object Repository/Backoffice/Betting/Betting_header' is focused

2018-10-18 14:09:10 - [MESSAGE][PASSED] - Object: 'Object Repository/Backoffice/Betting/Betting_header' is focused

2018-10-18 14:09:10 - [TEST_STEP][PASSED] - click: Object: 'Object Repository/Backoffice/Betting/Match_header' is clicked on

2018-10-18 14:09:14 - [MESSAGE][PASSED] - Object: 'Object Repository/Backoffice/Betting/Match_header' is clicked on

2018-10-18 14:09:14 - [TEST_STEP][PASSED] - click: Object: 'Object Repository/Backoffice/Betting/Match/Create_match/button_Create Match' is clicked on

2018-10-18 14:09:14 - [MESSAGE][PASSED] - Object: 'Object Repository/Backoffice/Betting/Match/Create_match/button_Create Match' is clicked on

2018-10-18 14:09:14 - [TEST_STEP][PASSED] - delay: Delayed 2 second(s)

2018-10-18 14:09:16 - [MESSAGE][PASSED] - Delayed 2 second(s)

2018-10-18 14:09:16 - [TEST_STEP][PASSED] - waitForElementVisible: Object 'Object Repository/Backoffice/Betting/Match/Create_match/Pop up Add match/select_arena' is visible

2018-10-18 14:09:16 - [MESSAGE][PASSED] - Object 'Object Repository/Backoffice/Betting/Match/Create_match/Pop up Add match/select_arena' is visible

2018-10-18 14:09:16 - [TEST_STEP][PASSED] - selectOptionByLabel: All options with label 'BBC | BB' are selected in object 'Object Repository/Backoffice/Betting/Match/Create_match/Pop up Add match/select_arena' 

2018-10-18 14:09:16 - [MESSAGE][PASSED] - All options with label 'BBC | BB' are selected in object 'Object Repository/Backoffice/Betting/Match/Create_match/Pop up Add match/select_arena' 

2018-10-18 14:09:16 - [TEST_STEP][PASSED] - sendKeys: Keys '' sent to object: 'Object Repository/Backoffice/Betting/Match/Create_match/Pop up Add match/input_Event Name_match_name'

2018-10-18 14:09:16 - [MESSAGE][PASSED] - Keys '' sent to object: 'Object Repository/Backoffice/Betting/Match/Create_match/Pop up Add match/input_Event Name_match_name'

2018-10-18 14:09:16 - [TEST_STEP][PASSED] - sendKeys: Keys '' sent to object: 'Object Repository/Backoffice/Betting/Match/Create_match/Pop up Add match/input_Profit Margin ()_match_p'

2018-10-18 14:09:16 - [MESSAGE][PASSED] - Keys '' sent to object: 'Object Repository/Backoffice/Betting/Match/Create_match/Pop up Add match/input_Profit Margin ()_match_p'

2018-10-18 14:09:16 - [TEST_STEP][PASSED] - sendKeys: Keys 'KK' sent to object: 'Object Repository/Backoffice/Betting/Match/Create_match/Pop up Add match/input_Name_banker_name'

2018-10-18 14:09:16 - [MESSAGE][PASSED] - Keys 'KK' sent to object: 'Object Repository/Backoffice/Betting/Match/Create_match/Pop up Add match/input_Name_banker_name'

2018-10-18 14:09:16 - [TEST_STEP][PASSED] - sendKeys: Keys 'LL' sent to object: 'Object Repository/Backoffice/Betting/Match/Create_match/Pop up Add match/input_Name_player_name'

2018-10-18 14:09:16 - [MESSAGE][PASSED] - Keys 'LL' sent to object: 'Object Repository/Backoffice/Betting/Match/Create_match/Pop up Add match/input_Name_player_name'

2018-10-18 14:09:16 - [TEST_STEP][PASSED] - delay: Delayed 3 second(s)

2018-10-18 14:09:19 - [MESSAGE][PASSED] - Delayed 3 second(s)

2018-10-18 14:09:19 - [TEST_STEP][PASSED] - click: Object: 'Object Repository/Backoffice/Betting/Match/Create_match/Pop up Add match/input_Close_add_match' is clicked on

2018-10-18 14:09:24 - [MESSAGE][PASSED] - Object: 'Object Repository/Backoffice/Betting/Match/Create_match/Pop up Add match/input_Close_add_match' is clicked on

2018-10-18 14:09:24 - [TEST_STEP][PASSED] - waitForElementVisible: Object 'Object Repository/Backoffice/Betting/Match/span_Clickmatch' is visible

2018-10-18 14:09:24 - [MESSAGE][PASSED] - Object 'Object Repository/Backoffice/Betting/Match/span_Clickmatch' is visible

2018-10-18 14:09:24 - [TEST_STEP][PASSED] - click: Object: 'Object Repository/Backoffice/Betting/Match/span_Clickmatch' is clicked on

2018-10-18 14:09:24 - [MESSAGE][PASSED] - Object: 'Object Repository/Backoffice/Betting/Match/span_Clickmatch' is clicked on

2018-10-18 14:09:24 - [TEST_STEP][PASSED] - switchToWindowIndex: Switched to window with index: '1'

2018-10-18 14:09:24 - [MESSAGE][PASSED] - Switched to window with index: '1'

2018-10-18 14:09:24 - [TEST_STEP][PASSED] - waitForElementVisible: Object 'Object Repository/Backoffice/Betting/Match/button_OpenMatch' is visible

2018-10-18 14:09:29 - [MESSAGE][PASSED] - Object 'Object Repository/Backoffice/Betting/Match/button_OpenMatch' is visible

2018-10-18 14:09:29 - [TEST_STEP][PASSED] - click: Object: 'Object Repository/Backoffice/Betting/Match/button_OpenMatch' is clicked on

2018-10-18 14:09:29 - [MESSAGE][PASSED] - Object: 'Object Repository/Backoffice/Betting/Match/button_OpenMatch' is clicked on

2018-10-18 14:09:29 - [TEST_STEP][PASSED] - delay: Delayed 1 second(s)

2018-10-18 14:09:30 - [MESSAGE][PASSED] - Delayed 1 second(s)

2018-10-18 14:09:30 - [TEST_STEP][PASSED] - waitForElementPresent: Object 'Object Repository/Backoffice/Betting/Match/Riskmanagement/button_Yes I agree' is present

2018-10-18 14:09:30 - [MESSAGE][PASSED] - Object 'Object Repository/Backoffice/Betting/Match/Riskmanagement/button_Yes I agree' is present

2018-10-18 14:09:30 - [TEST_STEP][PASSED] - click: Object: 'Object Repository/Backoffice/Betting/Match/Riskmanagement/button_Yes I agree' is clicked on

2018-10-18 14:09:30 - [MESSAGE][PASSED] - Object: 'Object Repository/Backoffice/Betting/Match/Riskmanagement/button_Yes I agree' is clicked on

2018-10-18 14:09:30 - [TEST_STEP][PASSED] - delay: Delayed 2 second(s)

2018-10-18 14:09:32 - [MESSAGE][PASSED] - Delayed 2 second(s)

2018-10-18 14:09:32 - [TEST_STEP][PASSED] - closeWindowIndex: Window with index 1 is closed

2018-10-18 14:09:32 - [MESSAGE][PASSED] - Window with index 1 is closed

2018-10-18 14:09:32 - [TEST_STEP][PASSED] - delay: Delayed 2 second(s)

2018-10-18 14:09:34 - [MESSAGE][PASSED] - Delayed 2 second(s)

2018-10-18 14:09:34 - [TEST_STEP][PASSED] - switchToWindowIndex: Switched to window with index: '0'

2018-10-18 14:09:34 - [MESSAGE][PASSED] - Switched to window with index: '0']]></system-out>
         <system-err><![CDATA[]]></system-err>
      </testcase>
      <system-out><![CDATA[2018-10-18 14:05:40 - [TEST_SUITE][PASSED] - ArenawithMatch: Test Cases/Backoffice/Betting/Create_match]]></system-out>
      <system-err><![CDATA[]]></system-err>
   </testsuite>
</testsuites>
