<?xml version="1.0" encoding="UTF-8"?>
<testsuites name="createArena" time="14" tests="2" failures="0" errors="0">
   <testsuite name="createArena" tests="2" failures="0" errors="0" time="14" timestamp="2018-11-14 15:02:47" hostname="ops.02 - NXT-OPS02.nxtgame.local" id="Test Suites/dailyTesting/3.arenaCreation/createArena">
      <properties>
         <property name="deviceName" value=""/>
         <property name="devicePlatform" value=""/>
         <property name="logFolder" value="C:\\Users\\ops.02\\git\\UCF\\Reports\\dailyTesting\\3.arenaCreation\\createArena\\20181114_150246"/>
         <property name="logFiles" value="C:\\Users\\ops.02\\git\\UCF\\Reports\\dailyTesting\\3.arenaCreation\\createArena\\20181114_150246\\execution0.log"/>
         <property name="attachments" value=""/>
         <property name="hostName" value="ops.02 - NXT-OPS02.nxtgame.local"/>
         <property name="os" value="Windows 10 64bit"/>
         <property name="katalonVersion" value="5.8.6.1"/>
         <property name="browser" value="Chrome 70.0.3538.102"/>
         <property name="hostAddress" value="172.16.8.115"/>
         <property name="sessionId" value="19de77caf287b51439fb87de1ca1896e"/>
         <property name="seleniumVersion" value="3.7.1"/>
         <property name="proxyInformation" value="ProxyInformation{proxyOption=NO_PROXY, proxyServerType=HTTP, password=, proxyServerAddress=, proxyServerPort=0}"/>
         <property name="platform" value="Windows 10"/>
      </properties>
      <testcase name="Test Cases/dailyTesting/2.login/backofficeLogin" classname="Test Cases/dailyTesting/2.login/backofficeLogin" status="PASSED">
         <system-out><![CDATA[2018-11-14 15:02:48 - [TEST_CASE][PASSED] - Test Cases/dailyTesting/2.login/backofficeLogin: Test Cases/dailyTesting/2.login/backofficeLogin

2018-11-14 15:02:48 - [TEST_STEP][PASSED] - backoffice.openBrowserBackoffice.openbrowserBackoffice: backoffice.openBrowserBackoffice.openbrowserBackoffice is PASSED

2018-11-14 15:02:51 - [MESSAGE][PASSED] - Browser is opened with url: ''

2018-11-14 15:02:52 - [MESSAGE][PASSED] - Current window maximized

2018-11-14 15:02:53 - [MESSAGE][PASSED] - Navigate to 'http://dev-admin.ucf88.com' successfully

2018-11-14 15:02:53 - [MESSAGE][PASSED] - backoffice.openBrowserBackoffice.openbrowserBackoffice is PASSED

2018-11-14 15:02:53 - [TEST_STEP][PASSED] - setText: Text 'admin' is set on object 'Object Repository/Backoffice/Login/input_Username'

2018-11-14 15:02:53 - [MESSAGE][PASSED] - Text 'admin' is set on object 'Object Repository/Backoffice/Login/input_Username'

2018-11-14 15:02:53 - [TEST_STEP][PASSED] - setEncryptedText: Text ****** has been set on object 'Object Repository/Backoffice/Login/input_Password'

2018-11-14 15:02:54 - [MESSAGE][PASSED] - Text ****** has been set on object 'Object Repository/Backoffice/Login/input_Password'

2018-11-14 15:02:54 - [TEST_STEP][PASSED] - click: Object: 'Object Repository/Backoffice/Login/button_Login' is clicked on

2018-11-14 15:02:56 - [MESSAGE][PASSED] - Object: 'Object Repository/Backoffice/Login/button_Login' is clicked on

2018-11-14 15:02:56 - [TEST_STEP][PASSED] - waitForElementVisible: Object 'Object Repository/Backoffice/Login/adminuser' is visible

2018-11-14 15:02:56 - [MESSAGE][PASSED] - Object 'Object Repository/Backoffice/Login/adminuser' is visible]]></system-out>
         <system-err><![CDATA[]]></system-err>
      </testcase>
      <testcase name="Test Cases/dailyTesting/4.arenaCreation/createArena" classname="Test Cases/dailyTesting/4.arenaCreation/createArena" status="PASSED">
         <system-out><![CDATA[2018-11-14 15:02:56 - [TEST_CASE][PASSED] - Test Cases/dailyTesting/4.arenaCreation/createArena: Test Cases/dailyTesting/4.arenaCreation/createArena

2018-11-14 15:02:56 - [TEST_STEP][PASSED] - backoffice.bettingArena.arena: backoffice.bettingArena.arena is PASSED

2018-11-14 15:02:56 - [MESSAGE][PASSED] - Object: 'Object Repository/dailyTesting/Backoffice/arenaCreation/Header/bettingHeader' is focused

2018-11-14 15:02:56 - [MESSAGE][PASSED] - Object 'Object Repository/dailyTesting/Backoffice/arenaCreation/Header/arenaHeader' is present

2018-11-14 15:02:57 - [MESSAGE][PASSED] - Object: 'Object Repository/dailyTesting/Backoffice/arenaCreation/Header/arenaHeader' is clicked on

2018-11-14 15:02:57 - [MESSAGE][PASSED] - backoffice.bettingArena.arena is PASSED

2018-11-14 15:02:57 - [TEST_STEP][PASSED] - click: Object: 'Object Repository/dailyTesting/Backoffice/arenaCreation/arenaCreation/buttonCreateArena' is clicked on

2018-11-14 15:02:57 - [MESSAGE][PASSED] - Object: 'Object Repository/dailyTesting/Backoffice/arenaCreation/arenaCreation/buttonCreateArena' is clicked on

2018-11-14 15:02:57 - [TEST_STEP][PASSED] - getWindowIndex: Current window's index is: 0

2018-11-14 15:02:57 - [MESSAGE][PASSED] - Current window's index is: 0

2018-11-14 15:02:57 - [TEST_STEP][PASSED] - waitForElementVisible: Object 'Object Repository/dailyTesting/Backoffice/arenaCreation/arenaCreation/inputName' is visible

2018-11-14 15:02:57 - [MESSAGE][PASSED] - Object 'Object Repository/dailyTesting/Backoffice/arenaCreation/arenaCreation/inputName' is visible

2018-11-14 15:02:57 - [TEST_STEP][PASSED] - switchToWindowIndex: Switched to window with index: '0'

2018-11-14 15:02:57 - [MESSAGE][PASSED] - Switched to window with index: '0'

2018-11-14 15:02:57 - [TEST_STEP][PASSED] - setText: Text 'DailyTest' is set on object 'Object Repository/dailyTesting/Backoffice/arenaCreation/arenaCreation/inputName'

2018-11-14 15:02:58 - [MESSAGE][PASSED] - Text 'DailyTest' is set on object 'Object Repository/dailyTesting/Backoffice/arenaCreation/arenaCreation/inputName'

2018-11-14 15:02:58 - [TEST_STEP][PASSED] - setText: Text 'Araw' is set on object 'Object Repository/dailyTesting/Backoffice/arenaCreation/arenaCreation/inputEventName'

2018-11-14 15:02:58 - [MESSAGE][PASSED] - Text 'Araw' is set on object 'Object Repository/dailyTesting/Backoffice/arenaCreation/arenaCreation/inputEventName'

2018-11-14 15:02:58 - [TEST_STEP][PASSED] - setText: Text 'Day' is set on object 'Object Repository/dailyTesting/Backoffice/arenaCreation/arenaCreation/inputAcronym'

2018-11-14 15:02:58 - [MESSAGE][PASSED] - Text 'Day' is set on object 'Object Repository/dailyTesting/Backoffice/arenaCreation/arenaCreation/inputAcronym'

2018-11-14 15:02:58 - [TEST_STEP][PASSED] - setText: Text 'https://www.youtube.com/watch?v=1SpSfc19qkM' is set on object 'Object Repository/dailyTesting/Backoffice/arenaCreation/arenaCreation/inputVideoUrl'

2018-11-14 15:02:58 - [MESSAGE][PASSED] - Text 'https://www.youtube.com/watch?v=1SpSfc19qkM' is set on object 'Object Repository/dailyTesting/Backoffice/arenaCreation/arenaCreation/inputVideoUrl'

2018-11-14 15:02:58 - [TEST_STEP][PASSED] - setText: Text '12' is set on object 'Object Repository/dailyTesting/Backoffice/arenaCreation/arenaCreation/inputProfitMargin'

2018-11-14 15:02:58 - [MESSAGE][PASSED] - Text '12' is set on object 'Object Repository/dailyTesting/Backoffice/arenaCreation/arenaCreation/inputProfitMargin'

2018-11-14 15:02:58 - [TEST_STEP][PASSED] - setText: Text '3' is set on object 'Object Repository/dailyTesting/Backoffice/arenaCreation/arenaCreation/inputPendingBetDelay'

2018-11-14 15:02:59 - [MESSAGE][PASSED] - Text '3' is set on object 'Object Repository/dailyTesting/Backoffice/arenaCreation/arenaCreation/inputPendingBetDelay'

2018-11-14 15:02:59 - [TEST_STEP][PASSED] - click: Object: 'Object Repository/dailyTesting/Backoffice/arenaCreation/arenaCreation/buttonSubmit' is clicked on

2018-11-14 15:02:59 - [MESSAGE][PASSED] - Object: 'Object Repository/dailyTesting/Backoffice/arenaCreation/arenaCreation/buttonSubmit' is clicked on

2018-11-14 15:02:59 - [TEST_STEP][PASSED] - delay: Delayed 2 second(s)

2018-11-14 15:03:01 - [MESSAGE][PASSED] - Delayed 2 second(s)

2018-11-14 15:03:01 - [TEST_STEP][PASSED] - Statement - If (com.kms.katalon.core.webui.keyword.WebUiBuiltInKeywords.verifyElementPresent(com.kms.katalon.core.testobject.ObjectRepository.findTestObject(dailyTesting/Backoffice/arenaCreation/arenaManagement/errorNameAlreadyExist), 0) == true): Browser is closed

2018-11-14 15:03:01 - [MESSAGE][WARNING] - Timeout '0' is invalid. Using default page load timeout: '30'

2018-11-14 15:03:02 - [MESSAGE][PASSED] - Object 'Object Repository/dailyTesting/Backoffice/arenaCreation/arenaManagement/errorNameAlreadyExist' is present

2018-11-14 15:03:02 - [TEST_STEP][PASSED] - closeBrowser: Browser is closed

2018-11-14 15:03:02 - [MESSAGE][PASSED] - Browser is closed]]></system-out>
         <system-err><![CDATA[]]></system-err>
      </testcase>
      <system-out><![CDATA[2018-11-14 15:02:47 - [TEST_SUITE][PASSED] - createArena: Test Cases/dailyTesting/4.arenaCreation/createArena]]></system-out>
      <system-err><![CDATA[]]></system-err>
   </testsuite>
</testsuites>
