<?xml version="1.0" encoding="UTF-8"?>
<testsuites name="createArena" time="22" tests="2" failures="0" errors="0">
   <testsuite name="createArena" tests="2" failures="0" errors="0" time="22" timestamp="2018-11-16 13:59:45" hostname="ops.02 - NXT-OPS02.nxtgame.local" id="Test Suites/dailyTesting/4.arenaCreation/createArena">
      <properties>
         <property name="deviceName" value=""/>
         <property name="devicePlatform" value=""/>
         <property name="logFolder" value="C:\\Users\\ops.02\\git\\UCF\\Reports\\dailyTesting\\4.arenaCreation\\createArena\\20181116_135944"/>
         <property name="logFiles" value="C:\\Users\\ops.02\\git\\UCF\\Reports\\dailyTesting\\4.arenaCreation\\createArena\\20181116_135944\\execution0.log"/>
         <property name="attachments" value=""/>
         <property name="hostName" value="ops.02 - NXT-OPS02.nxtgame.local"/>
         <property name="os" value="Windows 10 64bit"/>
         <property name="katalonVersion" value="5.8.6.1"/>
         <property name="browser" value="Chrome 70.0.3538.102"/>
         <property name="hostAddress" value="172.16.8.115"/>
         <property name="sessionId" value="84a283415e90084cb5d9a77d6de474d5"/>
         <property name="seleniumVersion" value="3.7.1"/>
         <property name="proxyInformation" value="ProxyInformation{proxyOption=NO_PROXY, proxyServerType=HTTP, password=, proxyServerAddress=, proxyServerPort=0}"/>
         <property name="platform" value="Windows 10"/>
      </properties>
      <testcase name="Test Cases/dailyTesting/2.login/backofficeLogin" classname="Test Cases/dailyTesting/2.login/backofficeLogin" status="PASSED">
         <system-out><![CDATA[2018-11-16 13:59:46 - [TEST_CASE][PASSED] - Test Cases/dailyTesting/2.login/backofficeLogin: Test Cases/dailyTesting/2.login/backofficeLogin

2018-11-16 13:59:46 - [TEST_STEP][PASSED] - backoffice.openBrowserBackoffice.openbrowserBackoffice: backoffice.openBrowserBackoffice.openbrowserBackoffice is PASSED

2018-11-16 13:59:49 - [MESSAGE][PASSED] - Browser is opened with url: ''

2018-11-16 13:59:51 - [MESSAGE][PASSED] - Current window maximized

2018-11-16 13:59:52 - [MESSAGE][PASSED] - Navigate to 'http://dev-admin.ucf88.com' successfully

2018-11-16 13:59:52 - [MESSAGE][PASSED] - backoffice.openBrowserBackoffice.openbrowserBackoffice is PASSED

2018-11-16 13:59:52 - [TEST_STEP][PASSED] - setText: Text 'arvinadmin' is set on object 'Object Repository/Backoffice/Login/input_Username'

2018-11-16 13:59:52 - [MESSAGE][PASSED] - Text 'arvinadmin' is set on object 'Object Repository/Backoffice/Login/input_Username'

2018-11-16 13:59:52 - [TEST_STEP][PASSED] - setEncryptedText: Text ****** has been set on object 'Object Repository/Backoffice/Login/input_Password'

2018-11-16 13:59:52 - [MESSAGE][PASSED] - Text ****** has been set on object 'Object Repository/Backoffice/Login/input_Password'

2018-11-16 13:59:52 - [TEST_STEP][PASSED] - click: Object: 'Object Repository/Backoffice/Login/button_Login' is clicked on

2018-11-16 13:59:54 - [MESSAGE][PASSED] - Object: 'Object Repository/Backoffice/Login/button_Login' is clicked on

2018-11-16 13:59:54 - [TEST_STEP][PASSED] - waitForElementVisible: Object 'Object Repository/dailyTesting/Backoffice/Dashboard/Page_Dashboard - ucf88/span_arvinadmin' is visible

2018-11-16 13:59:54 - [MESSAGE][PASSED] - Object 'Object Repository/dailyTesting/Backoffice/Dashboard/Page_Dashboard - ucf88/span_arvinadmin' is visible]]></system-out>
         <system-err><![CDATA[]]></system-err>
      </testcase>
      <testcase name="Test Cases/dailyTesting/4.arenaCreation/createArena" classname="Test Cases/dailyTesting/4.arenaCreation/createArena" status="PASSED">
         <system-out><![CDATA[2018-11-16 13:59:54 - [TEST_CASE][PASSED] - Test Cases/dailyTesting/4.arenaCreation/createArena: Test Cases/dailyTesting/4.arenaCreation/createArena

2018-11-16 13:59:54 - [TEST_STEP][PASSED] - backoffice.bettingArena.arena: backoffice.bettingArena.arena is PASSED

2018-11-16 13:59:54 - [MESSAGE][PASSED] - Object: 'Object Repository/dailyTesting/Backoffice/arenaCreation/Header/bettingHeader' is focused

2018-11-16 13:59:55 - [MESSAGE][PASSED] - Object 'Object Repository/dailyTesting/Backoffice/arenaCreation/Header/arenaHeader' is present

2018-11-16 13:59:56 - [MESSAGE][PASSED] - Object: 'Object Repository/dailyTesting/Backoffice/arenaCreation/Header/arenaHeader' is clicked on

2018-11-16 13:59:56 - [MESSAGE][PASSED] - backoffice.bettingArena.arena is PASSED

2018-11-16 13:59:56 - [TEST_STEP][PASSED] - click: Object: 'Object Repository/dailyTesting/Backoffice/arenaCreation/arenaCreation/buttonCreateArena' is clicked on

2018-11-16 13:59:56 - [MESSAGE][PASSED] - Object: 'Object Repository/dailyTesting/Backoffice/arenaCreation/arenaCreation/buttonCreateArena' is clicked on

2018-11-16 13:59:56 - [TEST_STEP][PASSED] - getWindowIndex: Current window's index is: 0

2018-11-16 13:59:56 - [MESSAGE][PASSED] - Current window's index is: 0

2018-11-16 13:59:56 - [TEST_STEP][PASSED] - waitForElementVisible: Object 'Object Repository/dailyTesting/Backoffice/arenaCreation/arenaCreation/inputName' is visible

2018-11-16 13:59:56 - [MESSAGE][PASSED] - Object 'Object Repository/dailyTesting/Backoffice/arenaCreation/arenaCreation/inputName' is visible

2018-11-16 13:59:56 - [TEST_STEP][PASSED] - switchToWindowIndex: Switched to window with index: '0'

2018-11-16 13:59:56 - [MESSAGE][PASSED] - Switched to window with index: '0'

2018-11-16 13:59:56 - [TEST_STEP][PASSED] - setText: Text 'DailyTest' is set on object 'Object Repository/dailyTesting/Backoffice/arenaCreation/arenaCreation/inputName'

2018-11-16 13:59:56 - [MESSAGE][PASSED] - Text 'DailyTest' is set on object 'Object Repository/dailyTesting/Backoffice/arenaCreation/arenaCreation/inputName'

2018-11-16 13:59:56 - [TEST_STEP][PASSED] - setText: Text 'Araw' is set on object 'Object Repository/dailyTesting/Backoffice/arenaCreation/arenaCreation/inputEventName'

2018-11-16 13:59:57 - [MESSAGE][PASSED] - Text 'Araw' is set on object 'Object Repository/dailyTesting/Backoffice/arenaCreation/arenaCreation/inputEventName'

2018-11-16 13:59:57 - [TEST_STEP][PASSED] - setText: Text 'Day' is set on object 'Object Repository/dailyTesting/Backoffice/arenaCreation/arenaCreation/inputAcronym'

2018-11-16 13:59:57 - [MESSAGE][PASSED] - Text 'Day' is set on object 'Object Repository/dailyTesting/Backoffice/arenaCreation/arenaCreation/inputAcronym'

2018-11-16 13:59:57 - [TEST_STEP][PASSED] - setText: Text 'https://www.youtube.com/watch?v=1SpSfc19qkM' is set on object 'Object Repository/dailyTesting/Backoffice/arenaCreation/arenaCreation/inputVideoUrl'

2018-11-16 13:59:57 - [MESSAGE][PASSED] - Text 'https://www.youtube.com/watch?v=1SpSfc19qkM' is set on object 'Object Repository/dailyTesting/Backoffice/arenaCreation/arenaCreation/inputVideoUrl'

2018-11-16 13:59:57 - [TEST_STEP][PASSED] - setText: Text '12' is set on object 'Object Repository/dailyTesting/Backoffice/arenaCreation/arenaCreation/inputProfitMargin'

2018-11-16 13:59:57 - [MESSAGE][PASSED] - Text '12' is set on object 'Object Repository/dailyTesting/Backoffice/arenaCreation/arenaCreation/inputProfitMargin'

2018-11-16 13:59:57 - [TEST_STEP][PASSED] - setText: Text '3' is set on object 'Object Repository/dailyTesting/Backoffice/arenaCreation/arenaCreation/inputPendingBetDelay'

2018-11-16 13:59:57 - [MESSAGE][PASSED] - Text '3' is set on object 'Object Repository/dailyTesting/Backoffice/arenaCreation/arenaCreation/inputPendingBetDelay'

2018-11-16 13:59:57 - [TEST_STEP][PASSED] - click: Object: 'Object Repository/dailyTesting/Backoffice/arenaCreation/arenaCreation/buttonSubmit' is clicked on

2018-11-16 13:59:58 - [MESSAGE][PASSED] - Object: 'Object Repository/dailyTesting/Backoffice/arenaCreation/arenaCreation/buttonSubmit' is clicked on

2018-11-16 13:59:58 - [TEST_STEP][PASSED] - delay: Delayed 2 second(s)

2018-11-16 14:00:00 - [MESSAGE][PASSED] - Delayed 2 second(s)

2018-11-16 14:00:00 - [TEST_STEP][PASSED] - refresh: Refresh successfully

2018-11-16 14:00:01 - [MESSAGE][PASSED] - Refresh successfully

2018-11-16 14:00:01 - [TEST_STEP][PASSED] - click: Object: 'Object Repository/dailyTesting/Backoffice/arenaCreation/arenaManagement/dropdownArenaName' is clicked on

2018-11-16 14:00:01 - [MESSAGE][PASSED] - Object: 'Object Repository/dailyTesting/Backoffice/arenaCreation/arenaManagement/dropdownArenaName' is clicked on

2018-11-16 14:00:01 - [TEST_STEP][PASSED] - setText: Text 'DailyTest' is set on object 'Object Repository/dailyTesting/Backoffice/arenaCreation/arenaManagement/inputArenaName'

2018-11-16 14:00:02 - [MESSAGE][PASSED] - Text 'DailyTest' is set on object 'Object Repository/dailyTesting/Backoffice/arenaCreation/arenaManagement/inputArenaName'

2018-11-16 14:00:02 - [TEST_STEP][PASSED] - sendKeys: Keys 'ENTER + ' sent to object: 'Object Repository/dailyTesting/Backoffice/arenaCreation/arenaManagement/inputArenaName'

2018-11-16 14:00:02 - [MESSAGE][PASSED] - Keys 'ENTER + ' sent to object: 'Object Repository/dailyTesting/Backoffice/arenaCreation/arenaManagement/inputArenaName'

2018-11-16 14:00:02 - [TEST_STEP][PASSED] - delay: Delayed 2 second(s)

2018-11-16 14:00:04 - [MESSAGE][PASSED] - Delayed 2 second(s)

2018-11-16 14:00:04 - [TEST_STEP][PASSED] - click: Object: 'Object Repository/dailyTesting/Backoffice/arenaCreation/arenaManagement/buttonSearch' is clicked on

2018-11-16 14:00:04 - [MESSAGE][PASSED] - Object: 'Object Repository/dailyTesting/Backoffice/arenaCreation/arenaManagement/buttonSearch' is clicked on

2018-11-16 14:00:04 - [TEST_STEP][PASSED] - delay: Delayed 3 second(s)

2018-11-16 14:00:07 - [MESSAGE][PASSED] - Delayed 3 second(s)

2018-11-16 14:00:07 - [TEST_STEP][PASSED] - verifyElementText: Actual text and expected text of test object 'Object Repository/dailyTesting/Backoffice/arenaCreation/arenaManagement/labelArenaName' are matched.

2018-11-16 14:00:07 - [MESSAGE][PASSED] - Actual text and expected text of test object 'Object Repository/dailyTesting/Backoffice/arenaCreation/arenaManagement/labelArenaName' are matched.]]></system-out>
         <system-err><![CDATA[]]></system-err>
      </testcase>
      <system-out><![CDATA[2018-11-16 13:59:45 - [TEST_SUITE][PASSED] - createArena: Test Cases/dailyTesting/4.arenaCreation/createArena]]></system-out>
      <system-err><![CDATA[]]></system-err>
   </testsuite>
</testsuites>
