<?xml version="1.0" encoding="UTF-8"?>
<testsuites name="testing" time="33" tests="2" failures="0" errors="0">
   <testsuite name="testing" tests="2" failures="0" errors="0" time="33" timestamp="2018-11-05 10:32:42" hostname="ops.02 - NXT-OPS02.nxtgame.local" id="Test Suites/dailyTesting/betting/testing">
      <properties>
         <property name="deviceName" value=""/>
         <property name="devicePlatform" value=""/>
         <property name="logFolder" value="C:\\Users\\ops.02\\git\\UCF\\Reports\\dailyTesting\\betting\\testing\\20181105_103219"/>
         <property name="logFiles" value="C:\\Users\\ops.02\\git\\UCF\\Reports\\dailyTesting\\betting\\testing\\20181105_103219\\execution0.log"/>
         <property name="attachments" value=""/>
         <property name="hostName" value="ops.02 - NXT-OPS02.nxtgame.local"/>
         <property name="os" value="Windows 10 64bit"/>
         <property name="katalonVersion" value="5.8.0.1"/>
         <property name="browser" value="Chrome 70.0.3538.77"/>
         <property name="hostAddress" value="172.16.8.115"/>
         <property name="sessionId" value="e0763515c1084a38846035e0a42fcea2"/>
         <property name="seleniumVersion" value="unknown"/>
         <property name="proxyInformation" value="ProxyInformation{proxyOption=NO_PROXY, proxyServerType=HTTP, password=, proxyServerAddress=, proxyServerPort=0}"/>
         <property name="platform" value="Windows 10"/>
      </properties>
      <testcase name="Test Cases/dailyTesting/betting/frontendLogin" classname="Test Cases/dailyTesting/betting/frontendLogin" status="PASSED">
         <system-out><![CDATA[2018-11-05 10:32:43 - [TEST_CASE][PASSED] - Test Cases/dailyTesting/betting/frontendLogin: Test Cases/dailyTesting/betting/frontendLogin

2018-11-05 10:32:43 - [TEST_STEP][PASSED] - openBrowser: Browser is opened with url: ''

2018-11-05 10:32:58 - [MESSAGE][PASSED] - Browser is opened with url: ''

2018-11-05 10:32:58 - [TEST_STEP][PASSED] - maximizeWindow: Current window maximized

2018-11-05 10:33:00 - [MESSAGE][PASSED] - Current window maximized

2018-11-05 10:33:00 - [TEST_STEP][PASSED] - navigateToUrl: Navigate to 'http://dev-operator.ucf88.com/#/' successfully

2018-11-05 10:33:10 - [MESSAGE][PASSED] - Navigate to 'http://dev-operator.ucf88.com/#/' successfully

2018-11-05 10:33:10 - [TEST_STEP][PASSED] - setText: Text 'blaze06' is set on object 'Object Repository/Frontend/Login/OperatorFrontendLogin/input_Login_username'

2018-11-05 10:33:11 - [MESSAGE][PASSED] - Text 'blaze06' is set on object 'Object Repository/Frontend/Login/OperatorFrontendLogin/input_Login_username'

2018-11-05 10:33:11 - [TEST_STEP][PASSED] - setEncryptedText: Text ****** has been set on object 'Object Repository/Frontend/Login/OperatorFrontendLogin/input_Login_password'

2018-11-05 10:33:11 - [MESSAGE][PASSED] - Text ****** has been set on object 'Object Repository/Frontend/Login/OperatorFrontendLogin/input_Login_password'

2018-11-05 10:33:11 - [TEST_STEP][PASSED] - delay: Delayed 2 second(s)

2018-11-05 10:33:13 - [MESSAGE][PASSED] - Delayed 2 second(s)

2018-11-05 10:33:13 - [TEST_STEP][PASSED] - click: Object: 'Object Repository/Frontend/Login/OperatorFrontendLogin/button_Login' is clicked on

2018-11-05 10:33:14 - [MESSAGE][PASSED] - Object: 'Object Repository/Frontend/Login/OperatorFrontendLogin/button_Login' is clicked on

2018-11-05 10:33:14 - [TEST_STEP][PASSED] - waitForElementPresent: Object 'Object Repository/Frontend/Login/OperatorFrontendLogin/username' is present

2018-11-05 10:33:14 - [MESSAGE][PASSED] - Object 'Object Repository/Frontend/Login/OperatorFrontendLogin/username' is present]]></system-out>
         <system-err><![CDATA[]]></system-err>
      </testcase>
      <testcase name="Test Cases/Dev/Frontend/PlaceBet/OperatorBetting/1bet" classname="Test Cases/Dev/Frontend/PlaceBet/OperatorBetting/1bet" status="PASSED">
         <system-out><![CDATA[2018-11-05 10:33:14 - [TEST_CASE][PASSED] - Test Cases/Dev/Frontend/PlaceBet/OperatorBetting/1bet: Test Cases/Dev/Frontend/PlaceBet/OperatorBetting/1bet

2018-11-05 10:33:14 - [TEST_STEP][PASSED] - Statement - return null: null]]></system-out>
         <system-err><![CDATA[]]></system-err>
      </testcase>
      <system-out><![CDATA[2018-11-05 10:32:42 - [TEST_SUITE][PASSED] - testing: Test Cases/Dev/Frontend/PlaceBet/OperatorBetting/1bet]]></system-out>
      <system-err><![CDATA[]]></system-err>
   </testsuite>
</testsuites>
