<?xml version="1.0" encoding="UTF-8"?>
<testsuites name="testing" time="43" tests="1" failures="4" errors="0">
   <testsuite name="testing" tests="1" failures="4" errors="0" time="43" timestamp="2018-11-09 11:56:30" hostname="ops.02 - NXT-OPS02.nxtgame.local" id="Test Suites/dailyTesting/betting/testing">
      <properties>
         <property name="deviceName" value=""/>
         <property name="devicePlatform" value=""/>
         <property name="logFolder" value="C:\\Users\\ops.02\\git\\UCF\\Reports\\dailyTesting\\betting\\testing\\20181109_115628"/>
         <property name="logFiles" value="C:\\Users\\ops.02\\git\\UCF\\Reports\\dailyTesting\\betting\\testing\\20181109_115628\\execution0.log"/>
         <property name="attachments" value="C:\\Users\\ops.02\\git\\UCF\\Reports\\dailyTesting\\betting\\testing\\20181109_115628\\1541735807280.png, C:\\Users\\ops.02\\git\\UCF\\Reports\\dailyTesting\\betting\\testing\\20181109_115628\\1541735807641.png, C:\\Users\\ops.02\\git\\UCF\\Reports\\dailyTesting\\betting\\testing\\20181109_115628\\1541735815687.png, C:\\Users\\ops.02\\git\\UCF\\Reports\\dailyTesting\\betting\\testing\\20181109_115628\\1541735816042.png, C:\\Users\\ops.02\\git\\UCF\\Reports\\dailyTesting\\betting\\testing\\20181109_115628\\1541735823903.png, C:\\Users\\ops.02\\git\\UCF\\Reports\\dailyTesting\\betting\\testing\\20181109_115628\\1541735824222.png, C:\\Users\\ops.02\\git\\UCF\\Reports\\dailyTesting\\betting\\testing\\20181109_115628\\1541735832108.png, C:\\Users\\ops.02\\git\\UCF\\Reports\\dailyTesting\\betting\\testing\\20181109_115628\\1541735832417.png"/>
         <property name="hostName" value="ops.02 - NXT-OPS02.nxtgame.local"/>
         <property name="os" value="Windows 10 64bit"/>
         <property name="katalonVersion" value="5.8.6.1"/>
         <property name="browser" value="Chrome 70.0.3538.77"/>
         <property name="hostAddress" value="172.16.8.115"/>
         <property name="sessionId" value="70af547a6f414f7a15576981c245c141"/>
         <property name="seleniumVersion" value="3.7.1"/>
         <property name="proxyInformation" value="ProxyInformation{proxyOption=NO_PROXY, proxyServerType=HTTP, password=, proxyServerAddress=, proxyServerPort=0}"/>
         <property name="platform" value="Windows 10"/>
      </properties>
      <testcase name="Test Cases/dailyTesting/login/backofficeLogin" classname="Test Cases/dailyTesting/login/backofficeLogin" status="PASSED">
         <system-out><![CDATA[2018-11-09 11:56:30 - [TEST_CASE][PASSED] - Test Cases/dailyTesting/login/backofficeLogin: Test Cases/dailyTesting/login/backofficeLogin

2018-11-09 11:56:30 - [TEST_STEP][PASSED] - backoffice.openBrowserBackoffice.openbrowserBackoffice: backoffice.openBrowserBackoffice.openbrowserBackoffice is PASSED

2018-11-09 11:56:33 - [MESSAGE][PASSED] - Browser is opened with url: ''

2018-11-09 11:56:35 - [MESSAGE][PASSED] - Current window maximized

2018-11-09 11:56:36 - [MESSAGE][PASSED] - Navigate to 'http://dev-admin.ucf88.com' successfully

2018-11-09 11:56:36 - [MESSAGE][PASSED] - backoffice.openBrowserBackoffice.openbrowserBackoffice is PASSED

2018-11-09 11:56:36 - [TEST_STEP][PASSED] - setText: Text 'admin' is set on object 'Object Repository/Backoffice/Login/input_Username'

2018-11-09 11:56:36 - [MESSAGE][PASSED] - Text 'admin' is set on object 'Object Repository/Backoffice/Login/input_Username'

2018-11-09 11:56:36 - [TEST_STEP][PASSED] - setEncryptedText: Text ****** has been set on object 'Object Repository/Backoffice/Login/input_Password'

2018-11-09 11:56:36 - [MESSAGE][PASSED] - Text ****** has been set on object 'Object Repository/Backoffice/Login/input_Password'

2018-11-09 11:56:36 - [TEST_STEP][PASSED] - click: Object: 'Object Repository/Backoffice/Login/button_Login' is clicked on

2018-11-09 11:56:38 - [MESSAGE][PASSED] - Object: 'Object Repository/Backoffice/Login/button_Login' is clicked on

2018-11-09 11:56:38 - [TEST_STEP][PASSED] - waitForElementVisible: Object 'Object Repository/Backoffice/Login/adminuser' is visible

2018-11-09 11:56:38 - [MESSAGE][PASSED] - Object 'Object Repository/Backoffice/Login/adminuser' is visible]]></system-out>
         <system-err><![CDATA[]]></system-err>
      </testcase>
      <testcase name="Test Cases/dailyTesting/arenaCreation/createArena" classname="Test Cases/dailyTesting/arenaCreation/createArena" status="FAILED">
         <failure type="FAILED" message="(Stack trace: com.kms.katalon.core.exception.StepFailedException: Verify element text of test object 'Object Repository/dailyTesting/Backoffice/arenaCreation/arenaManagement/columnName' FAILED. (Root cause: Actual text 'Name' and expected text 'Quezon' of test object 'Object Repository/dailyTesting/Backoffice/arenaCreation/arenaManagement/columnName' are NOT matched.)
	at com.kms.katalon.core.keyword.internal.KeywordMain.stepFailed(KeywordMain.groovy:36)
	at com.kms.katalon.core.webui.keyword.internal.WebUIKeywordMain.stepFailed(WebUIKeywordMain.groovy:65)
	at com.kms.katalon.core.webui.keyword.internal.WebUIKeywordMain.runKeyword(WebUIKeywordMain.groovy:27)
	at com.kms.katalon.core.webui.keyword.builtin.VerifyElementTextKeyword.verifyElementText(VerifyElementTextKeyword.groovy:72)
	at com.kms.katalon.core.webui.keyword.builtin.VerifyElementTextKeyword.execute(VerifyElementTextKeyword.groovy:40)
	at com.kms.katalon.core.keyword.internal.KeywordExecutor.executeKeywordForPlatform(KeywordExecutor.groovy:53)
	at com.kms.katalon.core.webui.keyword.WebUiBuiltInKeywords.verifyElementText(WebUiBuiltInKeywords.groovy:3663)
	at com.kms.katalon.core.webui.keyword.WebUiBuiltInKeywords$verifyElementText$10.call(Unknown Source)
	at org.codehaus.groovy.runtime.callsite.CallSiteArray.defaultCall(CallSiteArray.java:48)
	at org.codehaus.groovy.runtime.callsite.AbstractCallSite.call(AbstractCallSite.java:113)
	at org.codehaus.groovy.runtime.callsite.AbstractCallSite.call(AbstractCallSite.java:133)
	at Script1540958848508.run(Script1540958848508.groovy:54)
	at com.kms.katalon.core.main.ScriptEngine.run(ScriptEngine.java:183)
	at com.kms.katalon.core.main.ScriptEngine.runScriptAsRawText(ScriptEngine.java:108)
	at com.kms.katalon.core.main.TestCaseExecutor.runScript(TestCaseExecutor.java:294)
	at com.kms.katalon.core.main.TestCaseExecutor.doExecute(TestCaseExecutor.java:285)
	at com.kms.katalon.core.main.TestCaseExecutor.processExecutionPhase(TestCaseExecutor.java:264)
	at com.kms.katalon.core.main.TestCaseExecutor.accessMainPhase(TestCaseExecutor.java:256)
	at com.kms.katalon.core.main.TestCaseExecutor.execute(TestCaseExecutor.java:200)
	at com.kms.katalon.core.main.TestSuiteExecutor.accessTestCaseMainPhase(TestSuiteExecutor.java:129)
	at com.kms.katalon.core.main.TestSuiteExecutor.accessTestSuiteMainPhase(TestSuiteExecutor.java:112)
	at com.kms.katalon.core.main.TestSuiteExecutor.execute(TestSuiteExecutor.java:81)
	at com.kms.katalon.core.main.TestCaseMain.startTestSuite(TestCaseMain.java:142)
	at com.kms.katalon.core.main.TestCaseMain$startTestSuite$0.call(Unknown Source)
	at org.codehaus.groovy.runtime.callsite.CallSiteArray.defaultCall(CallSiteArray.java:48)
	at org.codehaus.groovy.runtime.callsite.AbstractCallSite.call(AbstractCallSite.java:113)
	at org.codehaus.groovy.runtime.callsite.AbstractCallSite.call(AbstractCallSite.java:141)
	at TempTestSuite1541735788402.run(TempTestSuite1541735788402.groovy:36)
	at groovy.lang.GroovyShell.runScriptOrMainOrTestOrRunnable(GroovyShell.java:263)
	at groovy.lang.GroovyShell.run(GroovyShell.java:518)
	at groovy.lang.GroovyShell.run(GroovyShell.java:507)
	at groovy.ui.GroovyMain.processOnce(GroovyMain.java:653)
	at groovy.ui.GroovyMain.run(GroovyMain.java:384)
	at groovy.ui.GroovyMain.process(GroovyMain.java:370)
	at groovy.ui.GroovyMain.processArgs(GroovyMain.java:129)
	at groovy.ui.GroovyMain.main(GroovyMain.java:109)
	at sun.reflect.NativeMethodAccessorImpl.invoke0(Native Method)
	at sun.reflect.NativeMethodAccessorImpl.invoke(NativeMethodAccessorImpl.java:62)
	at sun.reflect.DelegatingMethodAccessorImpl.invoke(DelegatingMethodAccessorImpl.java:43)
	at java.lang.reflect.Method.invoke(Method.java:498)
	at org.codehaus.groovy.tools.GroovyStarter.rootLoader(GroovyStarter.java:109)
	at org.codehaus.groovy.tools.GroovyStarter.main(GroovyStarter.java:131)
)"/>
         <system-out><![CDATA[2018-11-09 11:56:38 - [TEST_CASE][FAILED] - Test Cases/dailyTesting/arenaCreation/createArena: Test Cases/dailyTesting/arenaCreation/createArena FAILED because (of) (Stack trace: com.kms.katalon.core.exception.StepFailedException: Verify element text of test object 'Object Repository/dailyTesting/Backoffice/arenaCreation/arenaManagement/columnName' FAILED. (Root cause: Actual text 'Name' and expected text 'Quezon' of test object 'Object Repository/dailyTesting/Backoffice/arenaCreation/arenaManagement/columnName' are NOT matched.)
	at com.kms.katalon.core.keyword.internal.KeywordMain.stepFailed(KeywordMain.groovy:36)
	at com.kms.katalon.core.webui.keyword.internal.WebUIKeywordMain.stepFailed(WebUIKeywordMain.groovy:65)
	at com.kms.katalon.core.webui.keyword.internal.WebUIKeywordMain.runKeyword(WebUIKeywordMain.groovy:27)
	at com.kms.katalon.core.webui.keyword.builtin.VerifyElementTextKeyword.verifyElementText(VerifyElementTextKeyword.groovy:72)
	at com.kms.katalon.core.webui.keyword.builtin.VerifyElementTextKeyword.execute(VerifyElementTextKeyword.groovy:40)
	at com.kms.katalon.core.keyword.internal.KeywordExecutor.executeKeywordForPlatform(KeywordExecutor.groovy:53)
	at com.kms.katalon.core.webui.keyword.WebUiBuiltInKeywords.verifyElementText(WebUiBuiltInKeywords.groovy:3663)
	at com.kms.katalon.core.webui.keyword.WebUiBuiltInKeywords$verifyElementText$10.call(Unknown Source)
	at org.codehaus.groovy.runtime.callsite.CallSiteArray.defaultCall(CallSiteArray.java:48)
	at org.codehaus.groovy.runtime.callsite.AbstractCallSite.call(AbstractCallSite.java:113)
	at org.codehaus.groovy.runtime.callsite.AbstractCallSite.call(AbstractCallSite.java:133)
	at Script1540958848508.run(Script1540958848508.groovy:54)
	at com.kms.katalon.core.main.ScriptEngine.run(ScriptEngine.java:183)
	at com.kms.katalon.core.main.ScriptEngine.runScriptAsRawText(ScriptEngine.java:108)
	at com.kms.katalon.core.main.TestCaseExecutor.runScript(TestCaseExecutor.java:294)
	at com.kms.katalon.core.main.TestCaseExecutor.doExecute(TestCaseExecutor.java:285)
	at com.kms.katalon.core.main.TestCaseExecutor.processExecutionPhase(TestCaseExecutor.java:264)
	at com.kms.katalon.core.main.TestCaseExecutor.accessMainPhase(TestCaseExecutor.java:256)
	at com.kms.katalon.core.main.TestCaseExecutor.execute(TestCaseExecutor.java:200)
	at com.kms.katalon.core.main.TestSuiteExecutor.accessTestCaseMainPhase(TestSuiteExecutor.java:129)
	at com.kms.katalon.core.main.TestSuiteExecutor.accessTestSuiteMainPhase(TestSuiteExecutor.java:112)
	at com.kms.katalon.core.main.TestSuiteExecutor.execute(TestSuiteExecutor.java:81)
	at com.kms.katalon.core.main.TestCaseMain.startTestSuite(TestCaseMain.java:142)
	at com.kms.katalon.core.main.TestCaseMain$startTestSuite$0.call(Unknown Source)
	at org.codehaus.groovy.runtime.callsite.CallSiteArray.defaultCall(CallSiteArray.java:48)
	at org.codehaus.groovy.runtime.callsite.AbstractCallSite.call(AbstractCallSite.java:113)
	at org.codehaus.groovy.runtime.callsite.AbstractCallSite.call(AbstractCallSite.java:141)
	at TempTestSuite1541735788402.run(TempTestSuite1541735788402.groovy:36)
	at groovy.lang.GroovyShell.runScriptOrMainOrTestOrRunnable(GroovyShell.java:263)
	at groovy.lang.GroovyShell.run(GroovyShell.java:518)
	at groovy.lang.GroovyShell.run(GroovyShell.java:507)
	at groovy.ui.GroovyMain.processOnce(GroovyMain.java:653)
	at groovy.ui.GroovyMain.run(GroovyMain.java:384)
	at groovy.ui.GroovyMain.process(GroovyMain.java:370)
	at groovy.ui.GroovyMain.processArgs(GroovyMain.java:129)
	at groovy.ui.GroovyMain.main(GroovyMain.java:109)
	at sun.reflect.NativeMethodAccessorImpl.invoke0(Native Method)
	at sun.reflect.NativeMethodAccessorImpl.invoke(NativeMethodAccessorImpl.java:62)
	at sun.reflect.DelegatingMethodAccessorImpl.invoke(DelegatingMethodAccessorImpl.java:43)
	at java.lang.reflect.Method.invoke(Method.java:498)
	at org.codehaus.groovy.tools.GroovyStarter.rootLoader(GroovyStarter.java:109)
	at org.codehaus.groovy.tools.GroovyStarter.main(GroovyStarter.java:131)
)

2018-11-09 11:56:38 - [TEST_STEP][PASSED] - focus: Object: 'Object Repository/dailyTesting/Backoffice/arenaCreation/Header/bettingHeader' is focused

2018-11-09 11:56:39 - [MESSAGE][PASSED] - Object: 'Object Repository/dailyTesting/Backoffice/arenaCreation/Header/bettingHeader' is focused

2018-11-09 11:56:39 - [TEST_STEP][PASSED] - verifyElementPresent: Object 'Object Repository/dailyTesting/Backoffice/arenaCreation/Header/arenaHeader' is present

2018-11-09 11:56:39 - [MESSAGE][PASSED] - Object 'Object Repository/dailyTesting/Backoffice/arenaCreation/Header/arenaHeader' is present

2018-11-09 11:56:39 - [TEST_STEP][PASSED] - click: Object: 'Object Repository/dailyTesting/Backoffice/arenaCreation/Header/arenaHeader' is clicked on

2018-11-09 11:56:39 - [MESSAGE][PASSED] - Object: 'Object Repository/dailyTesting/Backoffice/arenaCreation/Header/arenaHeader' is clicked on

2018-11-09 11:56:39 - [TEST_STEP][PASSED] - click: Object: 'Object Repository/dailyTesting/Backoffice/arenaCreation/arenaCreation/buttonCreateArena' is clicked on

2018-11-09 11:56:40 - [MESSAGE][PASSED] - Object: 'Object Repository/dailyTesting/Backoffice/arenaCreation/arenaCreation/buttonCreateArena' is clicked on

2018-11-09 11:56:40 - [TEST_STEP][PASSED] - getWindowIndex: Current window's index is: 0

2018-11-09 11:56:40 - [MESSAGE][PASSED] - Current window's index is: 0

2018-11-09 11:56:40 - [TEST_STEP][PASSED] - waitForElementVisible: Object 'Object Repository/dailyTesting/Backoffice/arenaCreation/arenaCreation/inputName' is visible

2018-11-09 11:56:40 - [MESSAGE][PASSED] - Object 'Object Repository/dailyTesting/Backoffice/arenaCreation/arenaCreation/inputName' is visible

2018-11-09 11:56:40 - [TEST_STEP][PASSED] - switchToWindowIndex: Switched to window with index: '0'

2018-11-09 11:56:40 - [MESSAGE][PASSED] - Switched to window with index: '0'

2018-11-09 11:56:40 - [TEST_STEP][PASSED] - setText: Text 'Quezon' is set on object 'Object Repository/dailyTesting/Backoffice/arenaCreation/arenaCreation/inputName'

2018-11-09 11:56:40 - [MESSAGE][PASSED] - Text 'Quezon' is set on object 'Object Repository/dailyTesting/Backoffice/arenaCreation/arenaCreation/inputName'

2018-11-09 11:56:40 - [TEST_STEP][PASSED] - setText: Text 'Tournament' is set on object 'Object Repository/dailyTesting/Backoffice/arenaCreation/arenaCreation/inputEventName'

2018-11-09 11:56:41 - [MESSAGE][PASSED] - Text 'Tournament' is set on object 'Object Repository/dailyTesting/Backoffice/arenaCreation/arenaCreation/inputEventName'

2018-11-09 11:56:41 - [TEST_STEP][PASSED] - setText: Text 'QZ' is set on object 'Object Repository/dailyTesting/Backoffice/arenaCreation/arenaCreation/inputAcronym'

2018-11-09 11:56:41 - [MESSAGE][PASSED] - Text 'QZ' is set on object 'Object Repository/dailyTesting/Backoffice/arenaCreation/arenaCreation/inputAcronym'

2018-11-09 11:56:41 - [TEST_STEP][PASSED] - setText: Text 'https://www.youtube.com/watch?v=1SpSfc19qkM' is set on object 'Object Repository/dailyTesting/Backoffice/arenaCreation/arenaCreation/inputVideoUrl'

2018-11-09 11:56:41 - [MESSAGE][PASSED] - Text 'https://www.youtube.com/watch?v=1SpSfc19qkM' is set on object 'Object Repository/dailyTesting/Backoffice/arenaCreation/arenaCreation/inputVideoUrl'

2018-11-09 11:56:41 - [TEST_STEP][PASSED] - setText: Text '12' is set on object 'Object Repository/dailyTesting/Backoffice/arenaCreation/arenaCreation/inputProfitMargin'

2018-11-09 11:56:41 - [MESSAGE][PASSED] - Text '12' is set on object 'Object Repository/dailyTesting/Backoffice/arenaCreation/arenaCreation/inputProfitMargin'

2018-11-09 11:56:41 - [TEST_STEP][PASSED] - setText: Text '3' is set on object 'Object Repository/dailyTesting/Backoffice/arenaCreation/arenaCreation/inputPendingBetDelay'

2018-11-09 11:56:41 - [MESSAGE][PASSED] - Text '3' is set on object 'Object Repository/dailyTesting/Backoffice/arenaCreation/arenaCreation/inputPendingBetDelay'

2018-11-09 11:56:41 - [TEST_STEP][PASSED] - click: Object: 'Object Repository/dailyTesting/Backoffice/arenaCreation/arenaCreation/buttonSubmit' is clicked on

2018-11-09 11:56:42 - [MESSAGE][PASSED] - Object: 'Object Repository/dailyTesting/Backoffice/arenaCreation/arenaCreation/buttonSubmit' is clicked on

2018-11-09 11:56:42 - [TEST_STEP][PASSED] - delay: Delayed 2 second(s)

2018-11-09 11:56:44 - [MESSAGE][PASSED] - Delayed 2 second(s)

2018-11-09 11:56:44 - [TEST_STEP][PASSED] - click: Object: 'Object Repository/dailyTesting/Backoffice/arenaCreation/arenaManagement/dropdownArenaName' is clicked on

2018-11-09 11:56:44 - [MESSAGE][PASSED] - Object: 'Object Repository/dailyTesting/Backoffice/arenaCreation/arenaManagement/dropdownArenaName' is clicked on

2018-11-09 11:56:44 - [TEST_STEP][PASSED] - setText: Text 'Quezon' is set on object 'Object Repository/dailyTesting/Backoffice/arenaCreation/arenaManagement/inputArenaName'

2018-11-09 11:56:45 - [MESSAGE][PASSED] - Text 'Quezon' is set on object 'Object Repository/dailyTesting/Backoffice/arenaCreation/arenaManagement/inputArenaName'

2018-11-09 11:56:45 - [TEST_STEP][PASSED] - click: Object: 'Object Repository/dailyTesting/Backoffice/arenaCreation/arenaManagement/buttonSearch' is clicked on

2018-11-09 11:56:45 - [MESSAGE][PASSED] - Object: 'Object Repository/dailyTesting/Backoffice/arenaCreation/arenaManagement/buttonSearch' is clicked on

2018-11-09 11:56:45 - [TEST_STEP][PASSED] - delay: Delayed 2 second(s)

2018-11-09 11:56:47 - [MESSAGE][PASSED] - Delayed 2 second(s)

2018-11-09 11:56:47 - [TEST_STEP][FAILED] - verifyElementText: Verify element text of test object 'Object Repository/dailyTesting/Backoffice/arenaCreation/arenaManagement/columnName' FAILED. (Root cause: Actual text 'Name' and expected text 'Quezon' of test object 'Object Repository/dailyTesting/Backoffice/arenaCreation/arenaManagement/columnName' are NOT matched.)

2018-11-09 11:56:47 - [MESSAGE][FAILED] - Actual text 'Name' and expected text 'Quezon' of test object 'Object Repository/dailyTesting/Backoffice/arenaCreation/arenaManagement/columnName' are NOT matched.
[[ATTACHMENT|C:\\Users\\ops.02\\git\\UCF\\Reports\\dailyTesting\\betting\\testing\\20181109_115628\\1541735807280.png]]

2018-11-09 11:56:47 - [MESSAGE][FAILED] - Verify element text of test object 'Object Repository/dailyTesting/Backoffice/arenaCreation/arenaManagement/columnName' FAILED. (Root cause: Actual text 'Name' and expected text 'Quezon' of test object 'Object Repository/dailyTesting/Backoffice/arenaCreation/arenaManagement/columnName' are NOT matched.)
[[ATTACHMENT|C:\\Users\\ops.02\\git\\UCF\\Reports\\dailyTesting\\betting\\testing\\20181109_115628\\1541735807641.png]]]]></system-out>
         <system-err><![CDATA[2018-11-09 11:56:38 - [TEST_CASE][FAILED] - Test Cases/dailyTesting/arenaCreation/createArena: Test Cases/dailyTesting/arenaCreation/createArena FAILED because (of) (Stack trace: com.kms.katalon.core.exception.StepFailedException: Verify element text of test object 'Object Repository/dailyTesting/Backoffice/arenaCreation/arenaManagement/columnName' FAILED. (Root cause: Actual text 'Name' and expected text 'Quezon' of test object 'Object Repository/dailyTesting/Backoffice/arenaCreation/arenaManagement/columnName' are NOT matched.)
	at com.kms.katalon.core.keyword.internal.KeywordMain.stepFailed(KeywordMain.groovy:36)
	at com.kms.katalon.core.webui.keyword.internal.WebUIKeywordMain.stepFailed(WebUIKeywordMain.groovy:65)
	at com.kms.katalon.core.webui.keyword.internal.WebUIKeywordMain.runKeyword(WebUIKeywordMain.groovy:27)
	at com.kms.katalon.core.webui.keyword.builtin.VerifyElementTextKeyword.verifyElementText(VerifyElementTextKeyword.groovy:72)
	at com.kms.katalon.core.webui.keyword.builtin.VerifyElementTextKeyword.execute(VerifyElementTextKeyword.groovy:40)
	at com.kms.katalon.core.keyword.internal.KeywordExecutor.executeKeywordForPlatform(KeywordExecutor.groovy:53)
	at com.kms.katalon.core.webui.keyword.WebUiBuiltInKeywords.verifyElementText(WebUiBuiltInKeywords.groovy:3663)
	at com.kms.katalon.core.webui.keyword.WebUiBuiltInKeywords$verifyElementText$10.call(Unknown Source)
	at org.codehaus.groovy.runtime.callsite.CallSiteArray.defaultCall(CallSiteArray.java:48)
	at org.codehaus.groovy.runtime.callsite.AbstractCallSite.call(AbstractCallSite.java:113)
	at org.codehaus.groovy.runtime.callsite.AbstractCallSite.call(AbstractCallSite.java:133)
	at Script1540958848508.run(Script1540958848508.groovy:54)
	at com.kms.katalon.core.main.ScriptEngine.run(ScriptEngine.java:183)
	at com.kms.katalon.core.main.ScriptEngine.runScriptAsRawText(ScriptEngine.java:108)
	at com.kms.katalon.core.main.TestCaseExecutor.runScript(TestCaseExecutor.java:294)
	at com.kms.katalon.core.main.TestCaseExecutor.doExecute(TestCaseExecutor.java:285)
	at com.kms.katalon.core.main.TestCaseExecutor.processExecutionPhase(TestCaseExecutor.java:264)
	at com.kms.katalon.core.main.TestCaseExecutor.accessMainPhase(TestCaseExecutor.java:256)
	at com.kms.katalon.core.main.TestCaseExecutor.execute(TestCaseExecutor.java:200)
	at com.kms.katalon.core.main.TestSuiteExecutor.accessTestCaseMainPhase(TestSuiteExecutor.java:129)
	at com.kms.katalon.core.main.TestSuiteExecutor.accessTestSuiteMainPhase(TestSuiteExecutor.java:112)
	at com.kms.katalon.core.main.TestSuiteExecutor.execute(TestSuiteExecutor.java:81)
	at com.kms.katalon.core.main.TestCaseMain.startTestSuite(TestCaseMain.java:142)
	at com.kms.katalon.core.main.TestCaseMain$startTestSuite$0.call(Unknown Source)
	at org.codehaus.groovy.runtime.callsite.CallSiteArray.defaultCall(CallSiteArray.java:48)
	at org.codehaus.groovy.runtime.callsite.AbstractCallSite.call(AbstractCallSite.java:113)
	at org.codehaus.groovy.runtime.callsite.AbstractCallSite.call(AbstractCallSite.java:141)
	at TempTestSuite1541735788402.run(TempTestSuite1541735788402.groovy:36)
	at groovy.lang.GroovyShell.runScriptOrMainOrTestOrRunnable(GroovyShell.java:263)
	at groovy.lang.GroovyShell.run(GroovyShell.java:518)
	at groovy.lang.GroovyShell.run(GroovyShell.java:507)
	at groovy.ui.GroovyMain.processOnce(GroovyMain.java:653)
	at groovy.ui.GroovyMain.run(GroovyMain.java:384)
	at groovy.ui.GroovyMain.process(GroovyMain.java:370)
	at groovy.ui.GroovyMain.processArgs(GroovyMain.java:129)
	at groovy.ui.GroovyMain.main(GroovyMain.java:109)
	at sun.reflect.NativeMethodAccessorImpl.invoke0(Native Method)
	at sun.reflect.NativeMethodAccessorImpl.invoke(NativeMethodAccessorImpl.java:62)
	at sun.reflect.DelegatingMethodAccessorImpl.invoke(DelegatingMethodAccessorImpl.java:43)
	at java.lang.reflect.Method.invoke(Method.java:498)
	at org.codehaus.groovy.tools.GroovyStarter.rootLoader(GroovyStarter.java:109)
	at org.codehaus.groovy.tools.GroovyStarter.main(GroovyStarter.java:131)
)]]></system-err>
      </testcase>
      <testcase name="Test Cases/dailyTesting/arenaCreation/createArena" classname="Test Cases/dailyTesting/arenaCreation/createArena" status="FAILED">
         <failure type="FAILED" message="(Stack trace: com.kms.katalon.core.exception.StepFailedException: Verify element text of test object 'Object Repository/dailyTesting/Backoffice/arenaCreation/arenaManagement/columnName' FAILED. (Root cause: Actual text 'Name' and expected text 'Pasay' of test object 'Object Repository/dailyTesting/Backoffice/arenaCreation/arenaManagement/columnName' are NOT matched.)
	at com.kms.katalon.core.keyword.internal.KeywordMain.stepFailed(KeywordMain.groovy:36)
	at com.kms.katalon.core.webui.keyword.internal.WebUIKeywordMain.stepFailed(WebUIKeywordMain.groovy:65)
	at com.kms.katalon.core.webui.keyword.internal.WebUIKeywordMain.runKeyword(WebUIKeywordMain.groovy:27)
	at com.kms.katalon.core.webui.keyword.builtin.VerifyElementTextKeyword.verifyElementText(VerifyElementTextKeyword.groovy:72)
	at com.kms.katalon.core.webui.keyword.builtin.VerifyElementTextKeyword.execute(VerifyElementTextKeyword.groovy:40)
	at com.kms.katalon.core.keyword.internal.KeywordExecutor.executeKeywordForPlatform(KeywordExecutor.groovy:53)
	at com.kms.katalon.core.webui.keyword.WebUiBuiltInKeywords.verifyElementText(WebUiBuiltInKeywords.groovy:3663)
	at com.kms.katalon.core.webui.keyword.WebUiBuiltInKeywords$verifyElementText$10.call(Unknown Source)
	at Script1540958848508.run(Script1540958848508.groovy:54)
	at com.kms.katalon.core.main.ScriptEngine.run(ScriptEngine.java:183)
	at com.kms.katalon.core.main.ScriptEngine.runScriptAsRawText(ScriptEngine.java:108)
	at com.kms.katalon.core.main.TestCaseExecutor.runScript(TestCaseExecutor.java:294)
	at com.kms.katalon.core.main.TestCaseExecutor.doExecute(TestCaseExecutor.java:285)
	at com.kms.katalon.core.main.TestCaseExecutor.processExecutionPhase(TestCaseExecutor.java:264)
	at com.kms.katalon.core.main.TestCaseExecutor.accessMainPhase(TestCaseExecutor.java:256)
	at com.kms.katalon.core.main.TestCaseExecutor.execute(TestCaseExecutor.java:200)
	at com.kms.katalon.core.main.TestSuiteExecutor.accessTestCaseMainPhase(TestSuiteExecutor.java:129)
	at com.kms.katalon.core.main.TestSuiteExecutor.accessTestSuiteMainPhase(TestSuiteExecutor.java:112)
	at com.kms.katalon.core.main.TestSuiteExecutor.execute(TestSuiteExecutor.java:81)
	at com.kms.katalon.core.main.TestCaseMain.startTestSuite(TestCaseMain.java:142)
	at com.kms.katalon.core.main.TestCaseMain$startTestSuite$0.call(Unknown Source)
	at org.codehaus.groovy.runtime.callsite.CallSiteArray.defaultCall(CallSiteArray.java:48)
	at org.codehaus.groovy.runtime.callsite.AbstractCallSite.call(AbstractCallSite.java:113)
	at org.codehaus.groovy.runtime.callsite.AbstractCallSite.call(AbstractCallSite.java:141)
	at TempTestSuite1541735788402.run(TempTestSuite1541735788402.groovy:36)
	at groovy.lang.GroovyShell.runScriptOrMainOrTestOrRunnable(GroovyShell.java:263)
	at groovy.lang.GroovyShell.run(GroovyShell.java:518)
	at groovy.lang.GroovyShell.run(GroovyShell.java:507)
	at groovy.ui.GroovyMain.processOnce(GroovyMain.java:653)
	at groovy.ui.GroovyMain.run(GroovyMain.java:384)
	at groovy.ui.GroovyMain.process(GroovyMain.java:370)
	at groovy.ui.GroovyMain.processArgs(GroovyMain.java:129)
	at groovy.ui.GroovyMain.main(GroovyMain.java:109)
	at sun.reflect.NativeMethodAccessorImpl.invoke0(Native Method)
	at sun.reflect.NativeMethodAccessorImpl.invoke(NativeMethodAccessorImpl.java:62)
	at sun.reflect.DelegatingMethodAccessorImpl.invoke(DelegatingMethodAccessorImpl.java:43)
	at java.lang.reflect.Method.invoke(Method.java:498)
	at org.codehaus.groovy.tools.GroovyStarter.rootLoader(GroovyStarter.java:109)
	at org.codehaus.groovy.tools.GroovyStarter.main(GroovyStarter.java:131)
)"/>
         <system-out><![CDATA[2018-11-09 11:56:47 - [TEST_CASE][FAILED] - Test Cases/dailyTesting/arenaCreation/createArena: Test Cases/dailyTesting/arenaCreation/createArena FAILED because (of) (Stack trace: com.kms.katalon.core.exception.StepFailedException: Verify element text of test object 'Object Repository/dailyTesting/Backoffice/arenaCreation/arenaManagement/columnName' FAILED. (Root cause: Actual text 'Name' and expected text 'Pasay' of test object 'Object Repository/dailyTesting/Backoffice/arenaCreation/arenaManagement/columnName' are NOT matched.)
	at com.kms.katalon.core.keyword.internal.KeywordMain.stepFailed(KeywordMain.groovy:36)
	at com.kms.katalon.core.webui.keyword.internal.WebUIKeywordMain.stepFailed(WebUIKeywordMain.groovy:65)
	at com.kms.katalon.core.webui.keyword.internal.WebUIKeywordMain.runKeyword(WebUIKeywordMain.groovy:27)
	at com.kms.katalon.core.webui.keyword.builtin.VerifyElementTextKeyword.verifyElementText(VerifyElementTextKeyword.groovy:72)
	at com.kms.katalon.core.webui.keyword.builtin.VerifyElementTextKeyword.execute(VerifyElementTextKeyword.groovy:40)
	at com.kms.katalon.core.keyword.internal.KeywordExecutor.executeKeywordForPlatform(KeywordExecutor.groovy:53)
	at com.kms.katalon.core.webui.keyword.WebUiBuiltInKeywords.verifyElementText(WebUiBuiltInKeywords.groovy:3663)
	at com.kms.katalon.core.webui.keyword.WebUiBuiltInKeywords$verifyElementText$10.call(Unknown Source)
	at Script1540958848508.run(Script1540958848508.groovy:54)
	at com.kms.katalon.core.main.ScriptEngine.run(ScriptEngine.java:183)
	at com.kms.katalon.core.main.ScriptEngine.runScriptAsRawText(ScriptEngine.java:108)
	at com.kms.katalon.core.main.TestCaseExecutor.runScript(TestCaseExecutor.java:294)
	at com.kms.katalon.core.main.TestCaseExecutor.doExecute(TestCaseExecutor.java:285)
	at com.kms.katalon.core.main.TestCaseExecutor.processExecutionPhase(TestCaseExecutor.java:264)
	at com.kms.katalon.core.main.TestCaseExecutor.accessMainPhase(TestCaseExecutor.java:256)
	at com.kms.katalon.core.main.TestCaseExecutor.execute(TestCaseExecutor.java:200)
	at com.kms.katalon.core.main.TestSuiteExecutor.accessTestCaseMainPhase(TestSuiteExecutor.java:129)
	at com.kms.katalon.core.main.TestSuiteExecutor.accessTestSuiteMainPhase(TestSuiteExecutor.java:112)
	at com.kms.katalon.core.main.TestSuiteExecutor.execute(TestSuiteExecutor.java:81)
	at com.kms.katalon.core.main.TestCaseMain.startTestSuite(TestCaseMain.java:142)
	at com.kms.katalon.core.main.TestCaseMain$startTestSuite$0.call(Unknown Source)
	at org.codehaus.groovy.runtime.callsite.CallSiteArray.defaultCall(CallSiteArray.java:48)
	at org.codehaus.groovy.runtime.callsite.AbstractCallSite.call(AbstractCallSite.java:113)
	at org.codehaus.groovy.runtime.callsite.AbstractCallSite.call(AbstractCallSite.java:141)
	at TempTestSuite1541735788402.run(TempTestSuite1541735788402.groovy:36)
	at groovy.lang.GroovyShell.runScriptOrMainOrTestOrRunnable(GroovyShell.java:263)
	at groovy.lang.GroovyShell.run(GroovyShell.java:518)
	at groovy.lang.GroovyShell.run(GroovyShell.java:507)
	at groovy.ui.GroovyMain.processOnce(GroovyMain.java:653)
	at groovy.ui.GroovyMain.run(GroovyMain.java:384)
	at groovy.ui.GroovyMain.process(GroovyMain.java:370)
	at groovy.ui.GroovyMain.processArgs(GroovyMain.java:129)
	at groovy.ui.GroovyMain.main(GroovyMain.java:109)
	at sun.reflect.NativeMethodAccessorImpl.invoke0(Native Method)
	at sun.reflect.NativeMethodAccessorImpl.invoke(NativeMethodAccessorImpl.java:62)
	at sun.reflect.DelegatingMethodAccessorImpl.invoke(DelegatingMethodAccessorImpl.java:43)
	at java.lang.reflect.Method.invoke(Method.java:498)
	at org.codehaus.groovy.tools.GroovyStarter.rootLoader(GroovyStarter.java:109)
	at org.codehaus.groovy.tools.GroovyStarter.main(GroovyStarter.java:131)
)

2018-11-09 11:56:47 - [TEST_STEP][PASSED] - focus: Object: 'Object Repository/dailyTesting/Backoffice/arenaCreation/Header/bettingHeader' is focused

2018-11-09 11:56:48 - [MESSAGE][PASSED] - Object: 'Object Repository/dailyTesting/Backoffice/arenaCreation/Header/bettingHeader' is focused

2018-11-09 11:56:48 - [TEST_STEP][PASSED] - verifyElementPresent: Object 'Object Repository/dailyTesting/Backoffice/arenaCreation/Header/arenaHeader' is present

2018-11-09 11:56:48 - [MESSAGE][PASSED] - Object 'Object Repository/dailyTesting/Backoffice/arenaCreation/Header/arenaHeader' is present

2018-11-09 11:56:48 - [TEST_STEP][PASSED] - click: Object: 'Object Repository/dailyTesting/Backoffice/arenaCreation/Header/arenaHeader' is clicked on

2018-11-09 11:56:48 - [MESSAGE][PASSED] - Object: 'Object Repository/dailyTesting/Backoffice/arenaCreation/Header/arenaHeader' is clicked on

2018-11-09 11:56:48 - [TEST_STEP][PASSED] - click: Object: 'Object Repository/dailyTesting/Backoffice/arenaCreation/arenaCreation/buttonCreateArena' is clicked on

2018-11-09 11:56:48 - [MESSAGE][PASSED] - Object: 'Object Repository/dailyTesting/Backoffice/arenaCreation/arenaCreation/buttonCreateArena' is clicked on

2018-11-09 11:56:48 - [TEST_STEP][PASSED] - getWindowIndex: Current window's index is: 0

2018-11-09 11:56:48 - [MESSAGE][PASSED] - Current window's index is: 0

2018-11-09 11:56:48 - [TEST_STEP][PASSED] - waitForElementVisible: Object 'Object Repository/dailyTesting/Backoffice/arenaCreation/arenaCreation/inputName' is visible

2018-11-09 11:56:49 - [MESSAGE][PASSED] - Object 'Object Repository/dailyTesting/Backoffice/arenaCreation/arenaCreation/inputName' is visible

2018-11-09 11:56:49 - [TEST_STEP][PASSED] - switchToWindowIndex: Switched to window with index: '0'

2018-11-09 11:56:49 - [MESSAGE][PASSED] - Switched to window with index: '0'

2018-11-09 11:56:49 - [TEST_STEP][PASSED] - setText: Text 'Pasay' is set on object 'Object Repository/dailyTesting/Backoffice/arenaCreation/arenaCreation/inputName'

2018-11-09 11:56:49 - [MESSAGE][PASSED] - Text 'Pasay' is set on object 'Object Repository/dailyTesting/Backoffice/arenaCreation/arenaCreation/inputName'

2018-11-09 11:56:49 - [TEST_STEP][PASSED] - setText: Text 'Championship' is set on object 'Object Repository/dailyTesting/Backoffice/arenaCreation/arenaCreation/inputEventName'

2018-11-09 11:56:49 - [MESSAGE][PASSED] - Text 'Championship' is set on object 'Object Repository/dailyTesting/Backoffice/arenaCreation/arenaCreation/inputEventName'

2018-11-09 11:56:49 - [TEST_STEP][PASSED] - setText: Text 'PY' is set on object 'Object Repository/dailyTesting/Backoffice/arenaCreation/arenaCreation/inputAcronym'

2018-11-09 11:56:49 - [MESSAGE][PASSED] - Text 'PY' is set on object 'Object Repository/dailyTesting/Backoffice/arenaCreation/arenaCreation/inputAcronym'

2018-11-09 11:56:49 - [TEST_STEP][PASSED] - setText: Text 'https://www.youtube.com/watch?v=f5ng2sb-CBo' is set on object 'Object Repository/dailyTesting/Backoffice/arenaCreation/arenaCreation/inputVideoUrl'

2018-11-09 11:56:50 - [MESSAGE][PASSED] - Text 'https://www.youtube.com/watch?v=f5ng2sb-CBo' is set on object 'Object Repository/dailyTesting/Backoffice/arenaCreation/arenaCreation/inputVideoUrl'

2018-11-09 11:56:50 - [TEST_STEP][PASSED] - setText: Text '20' is set on object 'Object Repository/dailyTesting/Backoffice/arenaCreation/arenaCreation/inputProfitMargin'

2018-11-09 11:56:50 - [MESSAGE][PASSED] - Text '20' is set on object 'Object Repository/dailyTesting/Backoffice/arenaCreation/arenaCreation/inputProfitMargin'

2018-11-09 11:56:50 - [TEST_STEP][PASSED] - setText: Text '3' is set on object 'Object Repository/dailyTesting/Backoffice/arenaCreation/arenaCreation/inputPendingBetDelay'

2018-11-09 11:56:50 - [MESSAGE][PASSED] - Text '3' is set on object 'Object Repository/dailyTesting/Backoffice/arenaCreation/arenaCreation/inputPendingBetDelay'

2018-11-09 11:56:50 - [TEST_STEP][PASSED] - click: Object: 'Object Repository/dailyTesting/Backoffice/arenaCreation/arenaCreation/buttonSubmit' is clicked on

2018-11-09 11:56:51 - [MESSAGE][PASSED] - Object: 'Object Repository/dailyTesting/Backoffice/arenaCreation/arenaCreation/buttonSubmit' is clicked on

2018-11-09 11:56:51 - [TEST_STEP][PASSED] - delay: Delayed 2 second(s)

2018-11-09 11:56:53 - [MESSAGE][PASSED] - Delayed 2 second(s)

2018-11-09 11:56:53 - [TEST_STEP][PASSED] - click: Object: 'Object Repository/dailyTesting/Backoffice/arenaCreation/arenaManagement/dropdownArenaName' is clicked on

2018-11-09 11:56:53 - [MESSAGE][PASSED] - Object: 'Object Repository/dailyTesting/Backoffice/arenaCreation/arenaManagement/dropdownArenaName' is clicked on

2018-11-09 11:56:53 - [TEST_STEP][PASSED] - setText: Text 'Pasay' is set on object 'Object Repository/dailyTesting/Backoffice/arenaCreation/arenaManagement/inputArenaName'

2018-11-09 11:56:53 - [MESSAGE][PASSED] - Text 'Pasay' is set on object 'Object Repository/dailyTesting/Backoffice/arenaCreation/arenaManagement/inputArenaName'

2018-11-09 11:56:53 - [TEST_STEP][PASSED] - click: Object: 'Object Repository/dailyTesting/Backoffice/arenaCreation/arenaManagement/buttonSearch' is clicked on

2018-11-09 11:56:53 - [MESSAGE][PASSED] - Object: 'Object Repository/dailyTesting/Backoffice/arenaCreation/arenaManagement/buttonSearch' is clicked on

2018-11-09 11:56:53 - [TEST_STEP][PASSED] - delay: Delayed 2 second(s)

2018-11-09 11:56:55 - [MESSAGE][PASSED] - Delayed 2 second(s)

2018-11-09 11:56:55 - [TEST_STEP][FAILED] - verifyElementText: Verify element text of test object 'Object Repository/dailyTesting/Backoffice/arenaCreation/arenaManagement/columnName' FAILED. (Root cause: Actual text 'Name' and expected text 'Pasay' of test object 'Object Repository/dailyTesting/Backoffice/arenaCreation/arenaManagement/columnName' are NOT matched.)

2018-11-09 11:56:56 - [MESSAGE][FAILED] - Actual text 'Name' and expected text 'Pasay' of test object 'Object Repository/dailyTesting/Backoffice/arenaCreation/arenaManagement/columnName' are NOT matched.
[[ATTACHMENT|C:\\Users\\ops.02\\git\\UCF\\Reports\\dailyTesting\\betting\\testing\\20181109_115628\\1541735815687.png]]

2018-11-09 11:56:56 - [MESSAGE][FAILED] - Verify element text of test object 'Object Repository/dailyTesting/Backoffice/arenaCreation/arenaManagement/columnName' FAILED. (Root cause: Actual text 'Name' and expected text 'Pasay' of test object 'Object Repository/dailyTesting/Backoffice/arenaCreation/arenaManagement/columnName' are NOT matched.)
[[ATTACHMENT|C:\\Users\\ops.02\\git\\UCF\\Reports\\dailyTesting\\betting\\testing\\20181109_115628\\1541735816042.png]]]]></system-out>
         <system-err><![CDATA[2018-11-09 11:56:47 - [TEST_CASE][FAILED] - Test Cases/dailyTesting/arenaCreation/createArena: Test Cases/dailyTesting/arenaCreation/createArena FAILED because (of) (Stack trace: com.kms.katalon.core.exception.StepFailedException: Verify element text of test object 'Object Repository/dailyTesting/Backoffice/arenaCreation/arenaManagement/columnName' FAILED. (Root cause: Actual text 'Name' and expected text 'Pasay' of test object 'Object Repository/dailyTesting/Backoffice/arenaCreation/arenaManagement/columnName' are NOT matched.)
	at com.kms.katalon.core.keyword.internal.KeywordMain.stepFailed(KeywordMain.groovy:36)
	at com.kms.katalon.core.webui.keyword.internal.WebUIKeywordMain.stepFailed(WebUIKeywordMain.groovy:65)
	at com.kms.katalon.core.webui.keyword.internal.WebUIKeywordMain.runKeyword(WebUIKeywordMain.groovy:27)
	at com.kms.katalon.core.webui.keyword.builtin.VerifyElementTextKeyword.verifyElementText(VerifyElementTextKeyword.groovy:72)
	at com.kms.katalon.core.webui.keyword.builtin.VerifyElementTextKeyword.execute(VerifyElementTextKeyword.groovy:40)
	at com.kms.katalon.core.keyword.internal.KeywordExecutor.executeKeywordForPlatform(KeywordExecutor.groovy:53)
	at com.kms.katalon.core.webui.keyword.WebUiBuiltInKeywords.verifyElementText(WebUiBuiltInKeywords.groovy:3663)
	at com.kms.katalon.core.webui.keyword.WebUiBuiltInKeywords$verifyElementText$10.call(Unknown Source)
	at Script1540958848508.run(Script1540958848508.groovy:54)
	at com.kms.katalon.core.main.ScriptEngine.run(ScriptEngine.java:183)
	at com.kms.katalon.core.main.ScriptEngine.runScriptAsRawText(ScriptEngine.java:108)
	at com.kms.katalon.core.main.TestCaseExecutor.runScript(TestCaseExecutor.java:294)
	at com.kms.katalon.core.main.TestCaseExecutor.doExecute(TestCaseExecutor.java:285)
	at com.kms.katalon.core.main.TestCaseExecutor.processExecutionPhase(TestCaseExecutor.java:264)
	at com.kms.katalon.core.main.TestCaseExecutor.accessMainPhase(TestCaseExecutor.java:256)
	at com.kms.katalon.core.main.TestCaseExecutor.execute(TestCaseExecutor.java:200)
	at com.kms.katalon.core.main.TestSuiteExecutor.accessTestCaseMainPhase(TestSuiteExecutor.java:129)
	at com.kms.katalon.core.main.TestSuiteExecutor.accessTestSuiteMainPhase(TestSuiteExecutor.java:112)
	at com.kms.katalon.core.main.TestSuiteExecutor.execute(TestSuiteExecutor.java:81)
	at com.kms.katalon.core.main.TestCaseMain.startTestSuite(TestCaseMain.java:142)
	at com.kms.katalon.core.main.TestCaseMain$startTestSuite$0.call(Unknown Source)
	at org.codehaus.groovy.runtime.callsite.CallSiteArray.defaultCall(CallSiteArray.java:48)
	at org.codehaus.groovy.runtime.callsite.AbstractCallSite.call(AbstractCallSite.java:113)
	at org.codehaus.groovy.runtime.callsite.AbstractCallSite.call(AbstractCallSite.java:141)
	at TempTestSuite1541735788402.run(TempTestSuite1541735788402.groovy:36)
	at groovy.lang.GroovyShell.runScriptOrMainOrTestOrRunnable(GroovyShell.java:263)
	at groovy.lang.GroovyShell.run(GroovyShell.java:518)
	at groovy.lang.GroovyShell.run(GroovyShell.java:507)
	at groovy.ui.GroovyMain.processOnce(GroovyMain.java:653)
	at groovy.ui.GroovyMain.run(GroovyMain.java:384)
	at groovy.ui.GroovyMain.process(GroovyMain.java:370)
	at groovy.ui.GroovyMain.processArgs(GroovyMain.java:129)
	at groovy.ui.GroovyMain.main(GroovyMain.java:109)
	at sun.reflect.NativeMethodAccessorImpl.invoke0(Native Method)
	at sun.reflect.NativeMethodAccessorImpl.invoke(NativeMethodAccessorImpl.java:62)
	at sun.reflect.DelegatingMethodAccessorImpl.invoke(DelegatingMethodAccessorImpl.java:43)
	at java.lang.reflect.Method.invoke(Method.java:498)
	at org.codehaus.groovy.tools.GroovyStarter.rootLoader(GroovyStarter.java:109)
	at org.codehaus.groovy.tools.GroovyStarter.main(GroovyStarter.java:131)
)]]></system-err>
      </testcase>
      <testcase name="Test Cases/dailyTesting/arenaCreation/createArena" classname="Test Cases/dailyTesting/arenaCreation/createArena" status="FAILED">
         <failure type="FAILED" message="(Stack trace: com.kms.katalon.core.exception.StepFailedException: Verify element text of test object 'Object Repository/dailyTesting/Backoffice/arenaCreation/arenaManagement/columnName' FAILED. (Root cause: Actual text 'Name' and expected text 'Pasig' of test object 'Object Repository/dailyTesting/Backoffice/arenaCreation/arenaManagement/columnName' are NOT matched.)
	at com.kms.katalon.core.keyword.internal.KeywordMain.stepFailed(KeywordMain.groovy:36)
	at com.kms.katalon.core.webui.keyword.internal.WebUIKeywordMain.stepFailed(WebUIKeywordMain.groovy:65)
	at com.kms.katalon.core.webui.keyword.internal.WebUIKeywordMain.runKeyword(WebUIKeywordMain.groovy:27)
	at com.kms.katalon.core.webui.keyword.builtin.VerifyElementTextKeyword.verifyElementText(VerifyElementTextKeyword.groovy:72)
	at com.kms.katalon.core.webui.keyword.builtin.VerifyElementTextKeyword.execute(VerifyElementTextKeyword.groovy:40)
	at com.kms.katalon.core.keyword.internal.KeywordExecutor.executeKeywordForPlatform(KeywordExecutor.groovy:53)
	at com.kms.katalon.core.webui.keyword.WebUiBuiltInKeywords.verifyElementText(WebUiBuiltInKeywords.groovy:3663)
	at com.kms.katalon.core.webui.keyword.WebUiBuiltInKeywords$verifyElementText$10.call(Unknown Source)
	at Script1540958848508.run(Script1540958848508.groovy:54)
	at com.kms.katalon.core.main.ScriptEngine.run(ScriptEngine.java:183)
	at com.kms.katalon.core.main.ScriptEngine.runScriptAsRawText(ScriptEngine.java:108)
	at com.kms.katalon.core.main.TestCaseExecutor.runScript(TestCaseExecutor.java:294)
	at com.kms.katalon.core.main.TestCaseExecutor.doExecute(TestCaseExecutor.java:285)
	at com.kms.katalon.core.main.TestCaseExecutor.processExecutionPhase(TestCaseExecutor.java:264)
	at com.kms.katalon.core.main.TestCaseExecutor.accessMainPhase(TestCaseExecutor.java:256)
	at com.kms.katalon.core.main.TestCaseExecutor.execute(TestCaseExecutor.java:200)
	at com.kms.katalon.core.main.TestSuiteExecutor.accessTestCaseMainPhase(TestSuiteExecutor.java:129)
	at com.kms.katalon.core.main.TestSuiteExecutor.accessTestSuiteMainPhase(TestSuiteExecutor.java:112)
	at com.kms.katalon.core.main.TestSuiteExecutor.execute(TestSuiteExecutor.java:81)
	at com.kms.katalon.core.main.TestCaseMain.startTestSuite(TestCaseMain.java:142)
	at com.kms.katalon.core.main.TestCaseMain$startTestSuite$0.call(Unknown Source)
	at org.codehaus.groovy.runtime.callsite.CallSiteArray.defaultCall(CallSiteArray.java:48)
	at org.codehaus.groovy.runtime.callsite.AbstractCallSite.call(AbstractCallSite.java:113)
	at org.codehaus.groovy.runtime.callsite.AbstractCallSite.call(AbstractCallSite.java:141)
	at TempTestSuite1541735788402.run(TempTestSuite1541735788402.groovy:36)
	at groovy.lang.GroovyShell.runScriptOrMainOrTestOrRunnable(GroovyShell.java:263)
	at groovy.lang.GroovyShell.run(GroovyShell.java:518)
	at groovy.lang.GroovyShell.run(GroovyShell.java:507)
	at groovy.ui.GroovyMain.processOnce(GroovyMain.java:653)
	at groovy.ui.GroovyMain.run(GroovyMain.java:384)
	at groovy.ui.GroovyMain.process(GroovyMain.java:370)
	at groovy.ui.GroovyMain.processArgs(GroovyMain.java:129)
	at groovy.ui.GroovyMain.main(GroovyMain.java:109)
	at sun.reflect.NativeMethodAccessorImpl.invoke0(Native Method)
	at sun.reflect.NativeMethodAccessorImpl.invoke(NativeMethodAccessorImpl.java:62)
	at sun.reflect.DelegatingMethodAccessorImpl.invoke(DelegatingMethodAccessorImpl.java:43)
	at java.lang.reflect.Method.invoke(Method.java:498)
	at org.codehaus.groovy.tools.GroovyStarter.rootLoader(GroovyStarter.java:109)
	at org.codehaus.groovy.tools.GroovyStarter.main(GroovyStarter.java:131)
)"/>
         <system-out><![CDATA[2018-11-09 11:56:56 - [TEST_CASE][FAILED] - Test Cases/dailyTesting/arenaCreation/createArena: Test Cases/dailyTesting/arenaCreation/createArena FAILED because (of) (Stack trace: com.kms.katalon.core.exception.StepFailedException: Verify element text of test object 'Object Repository/dailyTesting/Backoffice/arenaCreation/arenaManagement/columnName' FAILED. (Root cause: Actual text 'Name' and expected text 'Pasig' of test object 'Object Repository/dailyTesting/Backoffice/arenaCreation/arenaManagement/columnName' are NOT matched.)
	at com.kms.katalon.core.keyword.internal.KeywordMain.stepFailed(KeywordMain.groovy:36)
	at com.kms.katalon.core.webui.keyword.internal.WebUIKeywordMain.stepFailed(WebUIKeywordMain.groovy:65)
	at com.kms.katalon.core.webui.keyword.internal.WebUIKeywordMain.runKeyword(WebUIKeywordMain.groovy:27)
	at com.kms.katalon.core.webui.keyword.builtin.VerifyElementTextKeyword.verifyElementText(VerifyElementTextKeyword.groovy:72)
	at com.kms.katalon.core.webui.keyword.builtin.VerifyElementTextKeyword.execute(VerifyElementTextKeyword.groovy:40)
	at com.kms.katalon.core.keyword.internal.KeywordExecutor.executeKeywordForPlatform(KeywordExecutor.groovy:53)
	at com.kms.katalon.core.webui.keyword.WebUiBuiltInKeywords.verifyElementText(WebUiBuiltInKeywords.groovy:3663)
	at com.kms.katalon.core.webui.keyword.WebUiBuiltInKeywords$verifyElementText$10.call(Unknown Source)
	at Script1540958848508.run(Script1540958848508.groovy:54)
	at com.kms.katalon.core.main.ScriptEngine.run(ScriptEngine.java:183)
	at com.kms.katalon.core.main.ScriptEngine.runScriptAsRawText(ScriptEngine.java:108)
	at com.kms.katalon.core.main.TestCaseExecutor.runScript(TestCaseExecutor.java:294)
	at com.kms.katalon.core.main.TestCaseExecutor.doExecute(TestCaseExecutor.java:285)
	at com.kms.katalon.core.main.TestCaseExecutor.processExecutionPhase(TestCaseExecutor.java:264)
	at com.kms.katalon.core.main.TestCaseExecutor.accessMainPhase(TestCaseExecutor.java:256)
	at com.kms.katalon.core.main.TestCaseExecutor.execute(TestCaseExecutor.java:200)
	at com.kms.katalon.core.main.TestSuiteExecutor.accessTestCaseMainPhase(TestSuiteExecutor.java:129)
	at com.kms.katalon.core.main.TestSuiteExecutor.accessTestSuiteMainPhase(TestSuiteExecutor.java:112)
	at com.kms.katalon.core.main.TestSuiteExecutor.execute(TestSuiteExecutor.java:81)
	at com.kms.katalon.core.main.TestCaseMain.startTestSuite(TestCaseMain.java:142)
	at com.kms.katalon.core.main.TestCaseMain$startTestSuite$0.call(Unknown Source)
	at org.codehaus.groovy.runtime.callsite.CallSiteArray.defaultCall(CallSiteArray.java:48)
	at org.codehaus.groovy.runtime.callsite.AbstractCallSite.call(AbstractCallSite.java:113)
	at org.codehaus.groovy.runtime.callsite.AbstractCallSite.call(AbstractCallSite.java:141)
	at TempTestSuite1541735788402.run(TempTestSuite1541735788402.groovy:36)
	at groovy.lang.GroovyShell.runScriptOrMainOrTestOrRunnable(GroovyShell.java:263)
	at groovy.lang.GroovyShell.run(GroovyShell.java:518)
	at groovy.lang.GroovyShell.run(GroovyShell.java:507)
	at groovy.ui.GroovyMain.processOnce(GroovyMain.java:653)
	at groovy.ui.GroovyMain.run(GroovyMain.java:384)
	at groovy.ui.GroovyMain.process(GroovyMain.java:370)
	at groovy.ui.GroovyMain.processArgs(GroovyMain.java:129)
	at groovy.ui.GroovyMain.main(GroovyMain.java:109)
	at sun.reflect.NativeMethodAccessorImpl.invoke0(Native Method)
	at sun.reflect.NativeMethodAccessorImpl.invoke(NativeMethodAccessorImpl.java:62)
	at sun.reflect.DelegatingMethodAccessorImpl.invoke(DelegatingMethodAccessorImpl.java:43)
	at java.lang.reflect.Method.invoke(Method.java:498)
	at org.codehaus.groovy.tools.GroovyStarter.rootLoader(GroovyStarter.java:109)
	at org.codehaus.groovy.tools.GroovyStarter.main(GroovyStarter.java:131)
)

2018-11-09 11:56:56 - [TEST_STEP][PASSED] - focus: Object: 'Object Repository/dailyTesting/Backoffice/arenaCreation/Header/bettingHeader' is focused

2018-11-09 11:56:56 - [MESSAGE][PASSED] - Object: 'Object Repository/dailyTesting/Backoffice/arenaCreation/Header/bettingHeader' is focused

2018-11-09 11:56:56 - [TEST_STEP][PASSED] - verifyElementPresent: Object 'Object Repository/dailyTesting/Backoffice/arenaCreation/Header/arenaHeader' is present

2018-11-09 11:56:56 - [MESSAGE][PASSED] - Object 'Object Repository/dailyTesting/Backoffice/arenaCreation/Header/arenaHeader' is present

2018-11-09 11:56:56 - [TEST_STEP][PASSED] - click: Object: 'Object Repository/dailyTesting/Backoffice/arenaCreation/Header/arenaHeader' is clicked on

2018-11-09 11:56:57 - [MESSAGE][PASSED] - Object: 'Object Repository/dailyTesting/Backoffice/arenaCreation/Header/arenaHeader' is clicked on

2018-11-09 11:56:57 - [TEST_STEP][PASSED] - click: Object: 'Object Repository/dailyTesting/Backoffice/arenaCreation/arenaCreation/buttonCreateArena' is clicked on

2018-11-09 11:56:57 - [MESSAGE][PASSED] - Object: 'Object Repository/dailyTesting/Backoffice/arenaCreation/arenaCreation/buttonCreateArena' is clicked on

2018-11-09 11:56:57 - [TEST_STEP][PASSED] - getWindowIndex: Current window's index is: 0

2018-11-09 11:56:57 - [MESSAGE][PASSED] - Current window's index is: 0

2018-11-09 11:56:57 - [TEST_STEP][PASSED] - waitForElementVisible: Object 'Object Repository/dailyTesting/Backoffice/arenaCreation/arenaCreation/inputName' is visible

2018-11-09 11:56:57 - [MESSAGE][PASSED] - Object 'Object Repository/dailyTesting/Backoffice/arenaCreation/arenaCreation/inputName' is visible

2018-11-09 11:56:57 - [TEST_STEP][PASSED] - switchToWindowIndex: Switched to window with index: '0'

2018-11-09 11:56:57 - [MESSAGE][PASSED] - Switched to window with index: '0'

2018-11-09 11:56:57 - [TEST_STEP][PASSED] - setText: Text 'Pasig' is set on object 'Object Repository/dailyTesting/Backoffice/arenaCreation/arenaCreation/inputName'

2018-11-09 11:56:57 - [MESSAGE][PASSED] - Text 'Pasig' is set on object 'Object Repository/dailyTesting/Backoffice/arenaCreation/arenaCreation/inputName'

2018-11-09 11:56:57 - [TEST_STEP][PASSED] - setText: Text 'WinLose' is set on object 'Object Repository/dailyTesting/Backoffice/arenaCreation/arenaCreation/inputEventName'

2018-11-09 11:56:58 - [MESSAGE][PASSED] - Text 'WinLose' is set on object 'Object Repository/dailyTesting/Backoffice/arenaCreation/arenaCreation/inputEventName'

2018-11-09 11:56:58 - [TEST_STEP][PASSED] - setText: Text 'PG' is set on object 'Object Repository/dailyTesting/Backoffice/arenaCreation/arenaCreation/inputAcronym'

2018-11-09 11:56:58 - [MESSAGE][PASSED] - Text 'PG' is set on object 'Object Repository/dailyTesting/Backoffice/arenaCreation/arenaCreation/inputAcronym'

2018-11-09 11:56:58 - [TEST_STEP][PASSED] - setText: Text 'https://www.youtube.com/watch?v=7G9arHa4zcc' is set on object 'Object Repository/dailyTesting/Backoffice/arenaCreation/arenaCreation/inputVideoUrl'

2018-11-09 11:56:58 - [MESSAGE][PASSED] - Text 'https://www.youtube.com/watch?v=7G9arHa4zcc' is set on object 'Object Repository/dailyTesting/Backoffice/arenaCreation/arenaCreation/inputVideoUrl'

2018-11-09 11:56:58 - [TEST_STEP][PASSED] - setText: Text '15' is set on object 'Object Repository/dailyTesting/Backoffice/arenaCreation/arenaCreation/inputProfitMargin'

2018-11-09 11:56:58 - [MESSAGE][PASSED] - Text '15' is set on object 'Object Repository/dailyTesting/Backoffice/arenaCreation/arenaCreation/inputProfitMargin'

2018-11-09 11:56:58 - [TEST_STEP][PASSED] - setText: Text '3' is set on object 'Object Repository/dailyTesting/Backoffice/arenaCreation/arenaCreation/inputPendingBetDelay'

2018-11-09 11:56:58 - [MESSAGE][PASSED] - Text '3' is set on object 'Object Repository/dailyTesting/Backoffice/arenaCreation/arenaCreation/inputPendingBetDelay'

2018-11-09 11:56:58 - [TEST_STEP][PASSED] - click: Object: 'Object Repository/dailyTesting/Backoffice/arenaCreation/arenaCreation/buttonSubmit' is clicked on

2018-11-09 11:56:59 - [MESSAGE][PASSED] - Object: 'Object Repository/dailyTesting/Backoffice/arenaCreation/arenaCreation/buttonSubmit' is clicked on

2018-11-09 11:56:59 - [TEST_STEP][PASSED] - delay: Delayed 2 second(s)

2018-11-09 11:57:01 - [MESSAGE][PASSED] - Delayed 2 second(s)

2018-11-09 11:57:01 - [TEST_STEP][PASSED] - click: Object: 'Object Repository/dailyTesting/Backoffice/arenaCreation/arenaManagement/dropdownArenaName' is clicked on

2018-11-09 11:57:01 - [MESSAGE][PASSED] - Object: 'Object Repository/dailyTesting/Backoffice/arenaCreation/arenaManagement/dropdownArenaName' is clicked on

2018-11-09 11:57:01 - [TEST_STEP][PASSED] - setText: Text 'Pasig' is set on object 'Object Repository/dailyTesting/Backoffice/arenaCreation/arenaManagement/inputArenaName'

2018-11-09 11:57:01 - [MESSAGE][PASSED] - Text 'Pasig' is set on object 'Object Repository/dailyTesting/Backoffice/arenaCreation/arenaManagement/inputArenaName'

2018-11-09 11:57:01 - [TEST_STEP][PASSED] - click: Object: 'Object Repository/dailyTesting/Backoffice/arenaCreation/arenaManagement/buttonSearch' is clicked on

2018-11-09 11:57:01 - [MESSAGE][PASSED] - Object: 'Object Repository/dailyTesting/Backoffice/arenaCreation/arenaManagement/buttonSearch' is clicked on

2018-11-09 11:57:01 - [TEST_STEP][PASSED] - delay: Delayed 2 second(s)

2018-11-09 11:57:03 - [MESSAGE][PASSED] - Delayed 2 second(s)

2018-11-09 11:57:03 - [TEST_STEP][FAILED] - verifyElementText: Verify element text of test object 'Object Repository/dailyTesting/Backoffice/arenaCreation/arenaManagement/columnName' FAILED. (Root cause: Actual text 'Name' and expected text 'Pasig' of test object 'Object Repository/dailyTesting/Backoffice/arenaCreation/arenaManagement/columnName' are NOT matched.)

2018-11-09 11:57:04 - [MESSAGE][FAILED] - Actual text 'Name' and expected text 'Pasig' of test object 'Object Repository/dailyTesting/Backoffice/arenaCreation/arenaManagement/columnName' are NOT matched.
[[ATTACHMENT|C:\\Users\\ops.02\\git\\UCF\\Reports\\dailyTesting\\betting\\testing\\20181109_115628\\1541735823903.png]]

2018-11-09 11:57:04 - [MESSAGE][FAILED] - Verify element text of test object 'Object Repository/dailyTesting/Backoffice/arenaCreation/arenaManagement/columnName' FAILED. (Root cause: Actual text 'Name' and expected text 'Pasig' of test object 'Object Repository/dailyTesting/Backoffice/arenaCreation/arenaManagement/columnName' are NOT matched.)
[[ATTACHMENT|C:\\Users\\ops.02\\git\\UCF\\Reports\\dailyTesting\\betting\\testing\\20181109_115628\\1541735824222.png]]]]></system-out>
         <system-err><![CDATA[2018-11-09 11:56:56 - [TEST_CASE][FAILED] - Test Cases/dailyTesting/arenaCreation/createArena: Test Cases/dailyTesting/arenaCreation/createArena FAILED because (of) (Stack trace: com.kms.katalon.core.exception.StepFailedException: Verify element text of test object 'Object Repository/dailyTesting/Backoffice/arenaCreation/arenaManagement/columnName' FAILED. (Root cause: Actual text 'Name' and expected text 'Pasig' of test object 'Object Repository/dailyTesting/Backoffice/arenaCreation/arenaManagement/columnName' are NOT matched.)
	at com.kms.katalon.core.keyword.internal.KeywordMain.stepFailed(KeywordMain.groovy:36)
	at com.kms.katalon.core.webui.keyword.internal.WebUIKeywordMain.stepFailed(WebUIKeywordMain.groovy:65)
	at com.kms.katalon.core.webui.keyword.internal.WebUIKeywordMain.runKeyword(WebUIKeywordMain.groovy:27)
	at com.kms.katalon.core.webui.keyword.builtin.VerifyElementTextKeyword.verifyElementText(VerifyElementTextKeyword.groovy:72)
	at com.kms.katalon.core.webui.keyword.builtin.VerifyElementTextKeyword.execute(VerifyElementTextKeyword.groovy:40)
	at com.kms.katalon.core.keyword.internal.KeywordExecutor.executeKeywordForPlatform(KeywordExecutor.groovy:53)
	at com.kms.katalon.core.webui.keyword.WebUiBuiltInKeywords.verifyElementText(WebUiBuiltInKeywords.groovy:3663)
	at com.kms.katalon.core.webui.keyword.WebUiBuiltInKeywords$verifyElementText$10.call(Unknown Source)
	at Script1540958848508.run(Script1540958848508.groovy:54)
	at com.kms.katalon.core.main.ScriptEngine.run(ScriptEngine.java:183)
	at com.kms.katalon.core.main.ScriptEngine.runScriptAsRawText(ScriptEngine.java:108)
	at com.kms.katalon.core.main.TestCaseExecutor.runScript(TestCaseExecutor.java:294)
	at com.kms.katalon.core.main.TestCaseExecutor.doExecute(TestCaseExecutor.java:285)
	at com.kms.katalon.core.main.TestCaseExecutor.processExecutionPhase(TestCaseExecutor.java:264)
	at com.kms.katalon.core.main.TestCaseExecutor.accessMainPhase(TestCaseExecutor.java:256)
	at com.kms.katalon.core.main.TestCaseExecutor.execute(TestCaseExecutor.java:200)
	at com.kms.katalon.core.main.TestSuiteExecutor.accessTestCaseMainPhase(TestSuiteExecutor.java:129)
	at com.kms.katalon.core.main.TestSuiteExecutor.accessTestSuiteMainPhase(TestSuiteExecutor.java:112)
	at com.kms.katalon.core.main.TestSuiteExecutor.execute(TestSuiteExecutor.java:81)
	at com.kms.katalon.core.main.TestCaseMain.startTestSuite(TestCaseMain.java:142)
	at com.kms.katalon.core.main.TestCaseMain$startTestSuite$0.call(Unknown Source)
	at org.codehaus.groovy.runtime.callsite.CallSiteArray.defaultCall(CallSiteArray.java:48)
	at org.codehaus.groovy.runtime.callsite.AbstractCallSite.call(AbstractCallSite.java:113)
	at org.codehaus.groovy.runtime.callsite.AbstractCallSite.call(AbstractCallSite.java:141)
	at TempTestSuite1541735788402.run(TempTestSuite1541735788402.groovy:36)
	at groovy.lang.GroovyShell.runScriptOrMainOrTestOrRunnable(GroovyShell.java:263)
	at groovy.lang.GroovyShell.run(GroovyShell.java:518)
	at groovy.lang.GroovyShell.run(GroovyShell.java:507)
	at groovy.ui.GroovyMain.processOnce(GroovyMain.java:653)
	at groovy.ui.GroovyMain.run(GroovyMain.java:384)
	at groovy.ui.GroovyMain.process(GroovyMain.java:370)
	at groovy.ui.GroovyMain.processArgs(GroovyMain.java:129)
	at groovy.ui.GroovyMain.main(GroovyMain.java:109)
	at sun.reflect.NativeMethodAccessorImpl.invoke0(Native Method)
	at sun.reflect.NativeMethodAccessorImpl.invoke(NativeMethodAccessorImpl.java:62)
	at sun.reflect.DelegatingMethodAccessorImpl.invoke(DelegatingMethodAccessorImpl.java:43)
	at java.lang.reflect.Method.invoke(Method.java:498)
	at org.codehaus.groovy.tools.GroovyStarter.rootLoader(GroovyStarter.java:109)
	at org.codehaus.groovy.tools.GroovyStarter.main(GroovyStarter.java:131)
)]]></system-err>
      </testcase>
      <testcase name="Test Cases/dailyTesting/arenaCreation/createArena" classname="Test Cases/dailyTesting/arenaCreation/createArena" status="FAILED">
         <failure type="FAILED" message="(Stack trace: com.kms.katalon.core.exception.StepFailedException: Verify element text of test object 'Object Repository/dailyTesting/Backoffice/arenaCreation/arenaManagement/columnName' FAILED. (Root cause: Actual text 'Name' and expected text 'San Juan' of test object 'Object Repository/dailyTesting/Backoffice/arenaCreation/arenaManagement/columnName' are NOT matched.)
	at com.kms.katalon.core.keyword.internal.KeywordMain.stepFailed(KeywordMain.groovy:36)
	at com.kms.katalon.core.webui.keyword.internal.WebUIKeywordMain.stepFailed(WebUIKeywordMain.groovy:65)
	at com.kms.katalon.core.webui.keyword.internal.WebUIKeywordMain.runKeyword(WebUIKeywordMain.groovy:27)
	at com.kms.katalon.core.webui.keyword.builtin.VerifyElementTextKeyword.verifyElementText(VerifyElementTextKeyword.groovy:72)
	at com.kms.katalon.core.webui.keyword.builtin.VerifyElementTextKeyword.execute(VerifyElementTextKeyword.groovy:40)
	at com.kms.katalon.core.keyword.internal.KeywordExecutor.executeKeywordForPlatform(KeywordExecutor.groovy:53)
	at com.kms.katalon.core.webui.keyword.WebUiBuiltInKeywords.verifyElementText(WebUiBuiltInKeywords.groovy:3663)
	at com.kms.katalon.core.webui.keyword.WebUiBuiltInKeywords$verifyElementText$10.call(Unknown Source)
	at Script1540958848508.run(Script1540958848508.groovy:54)
	at com.kms.katalon.core.main.ScriptEngine.run(ScriptEngine.java:183)
	at com.kms.katalon.core.main.ScriptEngine.runScriptAsRawText(ScriptEngine.java:108)
	at com.kms.katalon.core.main.TestCaseExecutor.runScript(TestCaseExecutor.java:294)
	at com.kms.katalon.core.main.TestCaseExecutor.doExecute(TestCaseExecutor.java:285)
	at com.kms.katalon.core.main.TestCaseExecutor.processExecutionPhase(TestCaseExecutor.java:264)
	at com.kms.katalon.core.main.TestCaseExecutor.accessMainPhase(TestCaseExecutor.java:256)
	at com.kms.katalon.core.main.TestCaseExecutor.execute(TestCaseExecutor.java:200)
	at com.kms.katalon.core.main.TestSuiteExecutor.accessTestCaseMainPhase(TestSuiteExecutor.java:129)
	at com.kms.katalon.core.main.TestSuiteExecutor.accessTestSuiteMainPhase(TestSuiteExecutor.java:112)
	at com.kms.katalon.core.main.TestSuiteExecutor.execute(TestSuiteExecutor.java:81)
	at com.kms.katalon.core.main.TestCaseMain.startTestSuite(TestCaseMain.java:142)
	at com.kms.katalon.core.main.TestCaseMain$startTestSuite$0.call(Unknown Source)
	at org.codehaus.groovy.runtime.callsite.CallSiteArray.defaultCall(CallSiteArray.java:48)
	at org.codehaus.groovy.runtime.callsite.AbstractCallSite.call(AbstractCallSite.java:113)
	at org.codehaus.groovy.runtime.callsite.AbstractCallSite.call(AbstractCallSite.java:141)
	at TempTestSuite1541735788402.run(TempTestSuite1541735788402.groovy:36)
	at groovy.lang.GroovyShell.runScriptOrMainOrTestOrRunnable(GroovyShell.java:263)
	at groovy.lang.GroovyShell.run(GroovyShell.java:518)
	at groovy.lang.GroovyShell.run(GroovyShell.java:507)
	at groovy.ui.GroovyMain.processOnce(GroovyMain.java:653)
	at groovy.ui.GroovyMain.run(GroovyMain.java:384)
	at groovy.ui.GroovyMain.process(GroovyMain.java:370)
	at groovy.ui.GroovyMain.processArgs(GroovyMain.java:129)
	at groovy.ui.GroovyMain.main(GroovyMain.java:109)
	at sun.reflect.NativeMethodAccessorImpl.invoke0(Native Method)
	at sun.reflect.NativeMethodAccessorImpl.invoke(NativeMethodAccessorImpl.java:62)
	at sun.reflect.DelegatingMethodAccessorImpl.invoke(DelegatingMethodAccessorImpl.java:43)
	at java.lang.reflect.Method.invoke(Method.java:498)
	at org.codehaus.groovy.tools.GroovyStarter.rootLoader(GroovyStarter.java:109)
	at org.codehaus.groovy.tools.GroovyStarter.main(GroovyStarter.java:131)
)"/>
         <system-out><![CDATA[2018-11-09 11:57:04 - [TEST_CASE][FAILED] - Test Cases/dailyTesting/arenaCreation/createArena: Test Cases/dailyTesting/arenaCreation/createArena FAILED because (of) (Stack trace: com.kms.katalon.core.exception.StepFailedException: Verify element text of test object 'Object Repository/dailyTesting/Backoffice/arenaCreation/arenaManagement/columnName' FAILED. (Root cause: Actual text 'Name' and expected text 'San Juan' of test object 'Object Repository/dailyTesting/Backoffice/arenaCreation/arenaManagement/columnName' are NOT matched.)
	at com.kms.katalon.core.keyword.internal.KeywordMain.stepFailed(KeywordMain.groovy:36)
	at com.kms.katalon.core.webui.keyword.internal.WebUIKeywordMain.stepFailed(WebUIKeywordMain.groovy:65)
	at com.kms.katalon.core.webui.keyword.internal.WebUIKeywordMain.runKeyword(WebUIKeywordMain.groovy:27)
	at com.kms.katalon.core.webui.keyword.builtin.VerifyElementTextKeyword.verifyElementText(VerifyElementTextKeyword.groovy:72)
	at com.kms.katalon.core.webui.keyword.builtin.VerifyElementTextKeyword.execute(VerifyElementTextKeyword.groovy:40)
	at com.kms.katalon.core.keyword.internal.KeywordExecutor.executeKeywordForPlatform(KeywordExecutor.groovy:53)
	at com.kms.katalon.core.webui.keyword.WebUiBuiltInKeywords.verifyElementText(WebUiBuiltInKeywords.groovy:3663)
	at com.kms.katalon.core.webui.keyword.WebUiBuiltInKeywords$verifyElementText$10.call(Unknown Source)
	at Script1540958848508.run(Script1540958848508.groovy:54)
	at com.kms.katalon.core.main.ScriptEngine.run(ScriptEngine.java:183)
	at com.kms.katalon.core.main.ScriptEngine.runScriptAsRawText(ScriptEngine.java:108)
	at com.kms.katalon.core.main.TestCaseExecutor.runScript(TestCaseExecutor.java:294)
	at com.kms.katalon.core.main.TestCaseExecutor.doExecute(TestCaseExecutor.java:285)
	at com.kms.katalon.core.main.TestCaseExecutor.processExecutionPhase(TestCaseExecutor.java:264)
	at com.kms.katalon.core.main.TestCaseExecutor.accessMainPhase(TestCaseExecutor.java:256)
	at com.kms.katalon.core.main.TestCaseExecutor.execute(TestCaseExecutor.java:200)
	at com.kms.katalon.core.main.TestSuiteExecutor.accessTestCaseMainPhase(TestSuiteExecutor.java:129)
	at com.kms.katalon.core.main.TestSuiteExecutor.accessTestSuiteMainPhase(TestSuiteExecutor.java:112)
	at com.kms.katalon.core.main.TestSuiteExecutor.execute(TestSuiteExecutor.java:81)
	at com.kms.katalon.core.main.TestCaseMain.startTestSuite(TestCaseMain.java:142)
	at com.kms.katalon.core.main.TestCaseMain$startTestSuite$0.call(Unknown Source)
	at org.codehaus.groovy.runtime.callsite.CallSiteArray.defaultCall(CallSiteArray.java:48)
	at org.codehaus.groovy.runtime.callsite.AbstractCallSite.call(AbstractCallSite.java:113)
	at org.codehaus.groovy.runtime.callsite.AbstractCallSite.call(AbstractCallSite.java:141)
	at TempTestSuite1541735788402.run(TempTestSuite1541735788402.groovy:36)
	at groovy.lang.GroovyShell.runScriptOrMainOrTestOrRunnable(GroovyShell.java:263)
	at groovy.lang.GroovyShell.run(GroovyShell.java:518)
	at groovy.lang.GroovyShell.run(GroovyShell.java:507)
	at groovy.ui.GroovyMain.processOnce(GroovyMain.java:653)
	at groovy.ui.GroovyMain.run(GroovyMain.java:384)
	at groovy.ui.GroovyMain.process(GroovyMain.java:370)
	at groovy.ui.GroovyMain.processArgs(GroovyMain.java:129)
	at groovy.ui.GroovyMain.main(GroovyMain.java:109)
	at sun.reflect.NativeMethodAccessorImpl.invoke0(Native Method)
	at sun.reflect.NativeMethodAccessorImpl.invoke(NativeMethodAccessorImpl.java:62)
	at sun.reflect.DelegatingMethodAccessorImpl.invoke(DelegatingMethodAccessorImpl.java:43)
	at java.lang.reflect.Method.invoke(Method.java:498)
	at org.codehaus.groovy.tools.GroovyStarter.rootLoader(GroovyStarter.java:109)
	at org.codehaus.groovy.tools.GroovyStarter.main(GroovyStarter.java:131)
)

2018-11-09 11:57:04 - [TEST_STEP][PASSED] - focus: Object: 'Object Repository/dailyTesting/Backoffice/arenaCreation/Header/bettingHeader' is focused

2018-11-09 11:57:04 - [MESSAGE][PASSED] - Object: 'Object Repository/dailyTesting/Backoffice/arenaCreation/Header/bettingHeader' is focused

2018-11-09 11:57:04 - [TEST_STEP][PASSED] - verifyElementPresent: Object 'Object Repository/dailyTesting/Backoffice/arenaCreation/Header/arenaHeader' is present

2018-11-09 11:57:04 - [MESSAGE][PASSED] - Object 'Object Repository/dailyTesting/Backoffice/arenaCreation/Header/arenaHeader' is present

2018-11-09 11:57:04 - [TEST_STEP][PASSED] - click: Object: 'Object Repository/dailyTesting/Backoffice/arenaCreation/Header/arenaHeader' is clicked on

2018-11-09 11:57:05 - [MESSAGE][PASSED] - Object: 'Object Repository/dailyTesting/Backoffice/arenaCreation/Header/arenaHeader' is clicked on

2018-11-09 11:57:05 - [TEST_STEP][PASSED] - click: Object: 'Object Repository/dailyTesting/Backoffice/arenaCreation/arenaCreation/buttonCreateArena' is clicked on

2018-11-09 11:57:05 - [MESSAGE][PASSED] - Object: 'Object Repository/dailyTesting/Backoffice/arenaCreation/arenaCreation/buttonCreateArena' is clicked on

2018-11-09 11:57:05 - [TEST_STEP][PASSED] - getWindowIndex: Current window's index is: 0

2018-11-09 11:57:05 - [MESSAGE][PASSED] - Current window's index is: 0

2018-11-09 11:57:05 - [TEST_STEP][PASSED] - waitForElementVisible: Object 'Object Repository/dailyTesting/Backoffice/arenaCreation/arenaCreation/inputName' is visible

2018-11-09 11:57:05 - [MESSAGE][PASSED] - Object 'Object Repository/dailyTesting/Backoffice/arenaCreation/arenaCreation/inputName' is visible

2018-11-09 11:57:05 - [TEST_STEP][PASSED] - switchToWindowIndex: Switched to window with index: '0'

2018-11-09 11:57:05 - [MESSAGE][PASSED] - Switched to window with index: '0'

2018-11-09 11:57:05 - [TEST_STEP][PASSED] - setText: Text 'San Juan' is set on object 'Object Repository/dailyTesting/Backoffice/arenaCreation/arenaCreation/inputName'

2018-11-09 11:57:06 - [MESSAGE][PASSED] - Text 'San Juan' is set on object 'Object Repository/dailyTesting/Backoffice/arenaCreation/arenaCreation/inputName'

2018-11-09 11:57:06 - [TEST_STEP][PASSED] - setText: Text 'WinWin' is set on object 'Object Repository/dailyTesting/Backoffice/arenaCreation/arenaCreation/inputEventName'

2018-11-09 11:57:06 - [MESSAGE][PASSED] - Text 'WinWin' is set on object 'Object Repository/dailyTesting/Backoffice/arenaCreation/arenaCreation/inputEventName'

2018-11-09 11:57:06 - [TEST_STEP][PASSED] - setText: Text 'SJ' is set on object 'Object Repository/dailyTesting/Backoffice/arenaCreation/arenaCreation/inputAcronym'

2018-11-09 11:57:06 - [MESSAGE][PASSED] - Text 'SJ' is set on object 'Object Repository/dailyTesting/Backoffice/arenaCreation/arenaCreation/inputAcronym'

2018-11-09 11:57:06 - [TEST_STEP][PASSED] - setText: Text 'https://www.youtube.com/watch?v=pjmGk9_rdpI' is set on object 'Object Repository/dailyTesting/Backoffice/arenaCreation/arenaCreation/inputVideoUrl'

2018-11-09 11:57:06 - [MESSAGE][PASSED] - Text 'https://www.youtube.com/watch?v=pjmGk9_rdpI' is set on object 'Object Repository/dailyTesting/Backoffice/arenaCreation/arenaCreation/inputVideoUrl'

2018-11-09 11:57:06 - [TEST_STEP][PASSED] - setText: Text '10' is set on object 'Object Repository/dailyTesting/Backoffice/arenaCreation/arenaCreation/inputProfitMargin'

2018-11-09 11:57:06 - [MESSAGE][PASSED] - Text '10' is set on object 'Object Repository/dailyTesting/Backoffice/arenaCreation/arenaCreation/inputProfitMargin'

2018-11-09 11:57:06 - [TEST_STEP][PASSED] - setText: Text '3' is set on object 'Object Repository/dailyTesting/Backoffice/arenaCreation/arenaCreation/inputPendingBetDelay'

2018-11-09 11:57:06 - [MESSAGE][PASSED] - Text '3' is set on object 'Object Repository/dailyTesting/Backoffice/arenaCreation/arenaCreation/inputPendingBetDelay'

2018-11-09 11:57:06 - [TEST_STEP][PASSED] - click: Object: 'Object Repository/dailyTesting/Backoffice/arenaCreation/arenaCreation/buttonSubmit' is clicked on

2018-11-09 11:57:07 - [MESSAGE][PASSED] - Object: 'Object Repository/dailyTesting/Backoffice/arenaCreation/arenaCreation/buttonSubmit' is clicked on

2018-11-09 11:57:07 - [TEST_STEP][PASSED] - delay: Delayed 2 second(s)

2018-11-09 11:57:09 - [MESSAGE][PASSED] - Delayed 2 second(s)

2018-11-09 11:57:09 - [TEST_STEP][PASSED] - click: Object: 'Object Repository/dailyTesting/Backoffice/arenaCreation/arenaManagement/dropdownArenaName' is clicked on

2018-11-09 11:57:09 - [MESSAGE][PASSED] - Object: 'Object Repository/dailyTesting/Backoffice/arenaCreation/arenaManagement/dropdownArenaName' is clicked on

2018-11-09 11:57:09 - [TEST_STEP][PASSED] - setText: Text 'San Juan' is set on object 'Object Repository/dailyTesting/Backoffice/arenaCreation/arenaManagement/inputArenaName'

2018-11-09 11:57:09 - [MESSAGE][PASSED] - Text 'San Juan' is set on object 'Object Repository/dailyTesting/Backoffice/arenaCreation/arenaManagement/inputArenaName'

2018-11-09 11:57:09 - [TEST_STEP][PASSED] - click: Object: 'Object Repository/dailyTesting/Backoffice/arenaCreation/arenaManagement/buttonSearch' is clicked on

2018-11-09 11:57:10 - [MESSAGE][PASSED] - Object: 'Object Repository/dailyTesting/Backoffice/arenaCreation/arenaManagement/buttonSearch' is clicked on

2018-11-09 11:57:10 - [TEST_STEP][PASSED] - delay: Delayed 2 second(s)

2018-11-09 11:57:12 - [MESSAGE][PASSED] - Delayed 2 second(s)

2018-11-09 11:57:12 - [TEST_STEP][FAILED] - verifyElementText: Verify element text of test object 'Object Repository/dailyTesting/Backoffice/arenaCreation/arenaManagement/columnName' FAILED. (Root cause: Actual text 'Name' and expected text 'San Juan' of test object 'Object Repository/dailyTesting/Backoffice/arenaCreation/arenaManagement/columnName' are NOT matched.)

2018-11-09 11:57:12 - [MESSAGE][FAILED] - Actual text 'Name' and expected text 'San Juan' of test object 'Object Repository/dailyTesting/Backoffice/arenaCreation/arenaManagement/columnName' are NOT matched.
[[ATTACHMENT|C:\\Users\\ops.02\\git\\UCF\\Reports\\dailyTesting\\betting\\testing\\20181109_115628\\1541735832108.png]]

2018-11-09 11:57:12 - [MESSAGE][FAILED] - Verify element text of test object 'Object Repository/dailyTesting/Backoffice/arenaCreation/arenaManagement/columnName' FAILED. (Root cause: Actual text 'Name' and expected text 'San Juan' of test object 'Object Repository/dailyTesting/Backoffice/arenaCreation/arenaManagement/columnName' are NOT matched.)
[[ATTACHMENT|C:\\Users\\ops.02\\git\\UCF\\Reports\\dailyTesting\\betting\\testing\\20181109_115628\\1541735832417.png]]]]></system-out>
         <system-err><![CDATA[2018-11-09 11:57:04 - [TEST_CASE][FAILED] - Test Cases/dailyTesting/arenaCreation/createArena: Test Cases/dailyTesting/arenaCreation/createArena FAILED because (of) (Stack trace: com.kms.katalon.core.exception.StepFailedException: Verify element text of test object 'Object Repository/dailyTesting/Backoffice/arenaCreation/arenaManagement/columnName' FAILED. (Root cause: Actual text 'Name' and expected text 'San Juan' of test object 'Object Repository/dailyTesting/Backoffice/arenaCreation/arenaManagement/columnName' are NOT matched.)
	at com.kms.katalon.core.keyword.internal.KeywordMain.stepFailed(KeywordMain.groovy:36)
	at com.kms.katalon.core.webui.keyword.internal.WebUIKeywordMain.stepFailed(WebUIKeywordMain.groovy:65)
	at com.kms.katalon.core.webui.keyword.internal.WebUIKeywordMain.runKeyword(WebUIKeywordMain.groovy:27)
	at com.kms.katalon.core.webui.keyword.builtin.VerifyElementTextKeyword.verifyElementText(VerifyElementTextKeyword.groovy:72)
	at com.kms.katalon.core.webui.keyword.builtin.VerifyElementTextKeyword.execute(VerifyElementTextKeyword.groovy:40)
	at com.kms.katalon.core.keyword.internal.KeywordExecutor.executeKeywordForPlatform(KeywordExecutor.groovy:53)
	at com.kms.katalon.core.webui.keyword.WebUiBuiltInKeywords.verifyElementText(WebUiBuiltInKeywords.groovy:3663)
	at com.kms.katalon.core.webui.keyword.WebUiBuiltInKeywords$verifyElementText$10.call(Unknown Source)
	at Script1540958848508.run(Script1540958848508.groovy:54)
	at com.kms.katalon.core.main.ScriptEngine.run(ScriptEngine.java:183)
	at com.kms.katalon.core.main.ScriptEngine.runScriptAsRawText(ScriptEngine.java:108)
	at com.kms.katalon.core.main.TestCaseExecutor.runScript(TestCaseExecutor.java:294)
	at com.kms.katalon.core.main.TestCaseExecutor.doExecute(TestCaseExecutor.java:285)
	at com.kms.katalon.core.main.TestCaseExecutor.processExecutionPhase(TestCaseExecutor.java:264)
	at com.kms.katalon.core.main.TestCaseExecutor.accessMainPhase(TestCaseExecutor.java:256)
	at com.kms.katalon.core.main.TestCaseExecutor.execute(TestCaseExecutor.java:200)
	at com.kms.katalon.core.main.TestSuiteExecutor.accessTestCaseMainPhase(TestSuiteExecutor.java:129)
	at com.kms.katalon.core.main.TestSuiteExecutor.accessTestSuiteMainPhase(TestSuiteExecutor.java:112)
	at com.kms.katalon.core.main.TestSuiteExecutor.execute(TestSuiteExecutor.java:81)
	at com.kms.katalon.core.main.TestCaseMain.startTestSuite(TestCaseMain.java:142)
	at com.kms.katalon.core.main.TestCaseMain$startTestSuite$0.call(Unknown Source)
	at org.codehaus.groovy.runtime.callsite.CallSiteArray.defaultCall(CallSiteArray.java:48)
	at org.codehaus.groovy.runtime.callsite.AbstractCallSite.call(AbstractCallSite.java:113)
	at org.codehaus.groovy.runtime.callsite.AbstractCallSite.call(AbstractCallSite.java:141)
	at TempTestSuite1541735788402.run(TempTestSuite1541735788402.groovy:36)
	at groovy.lang.GroovyShell.runScriptOrMainOrTestOrRunnable(GroovyShell.java:263)
	at groovy.lang.GroovyShell.run(GroovyShell.java:518)
	at groovy.lang.GroovyShell.run(GroovyShell.java:507)
	at groovy.ui.GroovyMain.processOnce(GroovyMain.java:653)
	at groovy.ui.GroovyMain.run(GroovyMain.java:384)
	at groovy.ui.GroovyMain.process(GroovyMain.java:370)
	at groovy.ui.GroovyMain.processArgs(GroovyMain.java:129)
	at groovy.ui.GroovyMain.main(GroovyMain.java:109)
	at sun.reflect.NativeMethodAccessorImpl.invoke0(Native Method)
	at sun.reflect.NativeMethodAccessorImpl.invoke(NativeMethodAccessorImpl.java:62)
	at sun.reflect.DelegatingMethodAccessorImpl.invoke(DelegatingMethodAccessorImpl.java:43)
	at java.lang.reflect.Method.invoke(Method.java:498)
	at org.codehaus.groovy.tools.GroovyStarter.rootLoader(GroovyStarter.java:109)
	at org.codehaus.groovy.tools.GroovyStarter.main(GroovyStarter.java:131)
)]]></system-err>
      </testcase>
      <system-out><![CDATA[2018-11-09 11:56:30 - [TEST_SUITE][FAILED] - testing: Test Cases/dailyTesting/arenaCreation/createArena FAILED because (of) (Stack trace: com.kms.katalon.core.exception.StepFailedException: Verify element text of test object 'Object Repository/dailyTesting/Backoffice/arenaCreation/arenaManagement/columnName' FAILED. (Root cause: Actual text 'Name' and expected text 'Quezon' of test object 'Object Repository/dailyTesting/Backoffice/arenaCreation/arenaManagement/columnName' are NOT matched.)
	at com.kms.katalon.core.keyword.internal.KeywordMain.stepFailed(KeywordMain.groovy:36)
	at com.kms.katalon.core.webui.keyword.internal.WebUIKeywordMain.stepFailed(WebUIKeywordMain.groovy:65)
	at com.kms.katalon.core.webui.keyword.internal.WebUIKeywordMain.runKeyword(WebUIKeywordMain.groovy:27)
	at com.kms.katalon.core.webui.keyword.builtin.VerifyElementTextKeyword.verifyElementText(VerifyElementTextKeyword.groovy:72)
	at com.kms.katalon.core.webui.keyword.builtin.VerifyElementTextKeyword.execute(VerifyElementTextKeyword.groovy:40)
	at com.kms.katalon.core.keyword.internal.KeywordExecutor.executeKeywordForPlatform(KeywordExecutor.groovy:53)
	at com.kms.katalon.core.webui.keyword.WebUiBuiltInKeywords.verifyElementText(WebUiBuiltInKeywords.groovy:3663)
	at com.kms.katalon.core.webui.keyword.WebUiBuiltInKeywords$verifyElementText$10.call(Unknown Source)
	at org.codehaus.groovy.runtime.callsite.CallSiteArray.defaultCall(CallSiteArray.java:48)
	at org.codehaus.groovy.runtime.callsite.AbstractCallSite.call(AbstractCallSite.java:113)
	at org.codehaus.groovy.runtime.callsite.AbstractCallSite.call(AbstractCallSite.java:133)
	at Script1540958848508.run(Script1540958848508.groovy:54)
	at com.kms.katalon.core.main.ScriptEngine.run(ScriptEngine.java:183)
	at com.kms.katalon.core.main.ScriptEngine.runScriptAsRawText(ScriptEngine.java:108)
	at com.kms.katalon.core.main.TestCaseExecutor.runScript(TestCaseExecutor.java:294)
	at com.kms.katalon.core.main.TestCaseExecutor.doExecute(TestCaseExecutor.java:285)
	at com.kms.katalon.core.main.TestCaseExecutor.processExecutionPhase(TestCaseExecutor.java:264)
	at com.kms.katalon.core.main.TestCaseExecutor.accessMainPhase(TestCaseExecutor.java:256)
	at com.kms.katalon.core.main.TestCaseExecutor.execute(TestCaseExecutor.java:200)
	at com.kms.katalon.core.main.TestSuiteExecutor.accessTestCaseMainPhase(TestSuiteExecutor.java:129)
	at com.kms.katalon.core.main.TestSuiteExecutor.accessTestSuiteMainPhase(TestSuiteExecutor.java:112)
	at com.kms.katalon.core.main.TestSuiteExecutor.execute(TestSuiteExecutor.java:81)
	at com.kms.katalon.core.main.TestCaseMain.startTestSuite(TestCaseMain.java:142)
	at com.kms.katalon.core.main.TestCaseMain$startTestSuite$0.call(Unknown Source)
	at org.codehaus.groovy.runtime.callsite.CallSiteArray.defaultCall(CallSiteArray.java:48)
	at org.codehaus.groovy.runtime.callsite.AbstractCallSite.call(AbstractCallSite.java:113)
	at org.codehaus.groovy.runtime.callsite.AbstractCallSite.call(AbstractCallSite.java:141)
	at TempTestSuite1541735788402.run(TempTestSuite1541735788402.groovy:36)
	at groovy.lang.GroovyShell.runScriptOrMainOrTestOrRunnable(GroovyShell.java:263)
	at groovy.lang.GroovyShell.run(GroovyShell.java:518)
	at groovy.lang.GroovyShell.run(GroovyShell.java:507)
	at groovy.ui.GroovyMain.processOnce(GroovyMain.java:653)
	at groovy.ui.GroovyMain.run(GroovyMain.java:384)
	at groovy.ui.GroovyMain.process(GroovyMain.java:370)
	at groovy.ui.GroovyMain.processArgs(GroovyMain.java:129)
	at groovy.ui.GroovyMain.main(GroovyMain.java:109)
	at sun.reflect.NativeMethodAccessorImpl.invoke0(Native Method)
	at sun.reflect.NativeMethodAccessorImpl.invoke(NativeMethodAccessorImpl.java:62)
	at sun.reflect.DelegatingMethodAccessorImpl.invoke(DelegatingMethodAccessorImpl.java:43)
	at java.lang.reflect.Method.invoke(Method.java:498)
	at org.codehaus.groovy.tools.GroovyStarter.rootLoader(GroovyStarter.java:109)
	at org.codehaus.groovy.tools.GroovyStarter.main(GroovyStarter.java:131)
)]]></system-out>
      <system-err><![CDATA[2018-11-09 11:56:30 - [TEST_SUITE][FAILED] - testing: Test Cases/dailyTesting/arenaCreation/createArena FAILED because (of) (Stack trace: com.kms.katalon.core.exception.StepFailedException: Verify element text of test object 'Object Repository/dailyTesting/Backoffice/arenaCreation/arenaManagement/columnName' FAILED. (Root cause: Actual text 'Name' and expected text 'Quezon' of test object 'Object Repository/dailyTesting/Backoffice/arenaCreation/arenaManagement/columnName' are NOT matched.)
	at com.kms.katalon.core.keyword.internal.KeywordMain.stepFailed(KeywordMain.groovy:36)
	at com.kms.katalon.core.webui.keyword.internal.WebUIKeywordMain.stepFailed(WebUIKeywordMain.groovy:65)
	at com.kms.katalon.core.webui.keyword.internal.WebUIKeywordMain.runKeyword(WebUIKeywordMain.groovy:27)
	at com.kms.katalon.core.webui.keyword.builtin.VerifyElementTextKeyword.verifyElementText(VerifyElementTextKeyword.groovy:72)
	at com.kms.katalon.core.webui.keyword.builtin.VerifyElementTextKeyword.execute(VerifyElementTextKeyword.groovy:40)
	at com.kms.katalon.core.keyword.internal.KeywordExecutor.executeKeywordForPlatform(KeywordExecutor.groovy:53)
	at com.kms.katalon.core.webui.keyword.WebUiBuiltInKeywords.verifyElementText(WebUiBuiltInKeywords.groovy:3663)
	at com.kms.katalon.core.webui.keyword.WebUiBuiltInKeywords$verifyElementText$10.call(Unknown Source)
	at org.codehaus.groovy.runtime.callsite.CallSiteArray.defaultCall(CallSiteArray.java:48)
	at org.codehaus.groovy.runtime.callsite.AbstractCallSite.call(AbstractCallSite.java:113)
	at org.codehaus.groovy.runtime.callsite.AbstractCallSite.call(AbstractCallSite.java:133)
	at Script1540958848508.run(Script1540958848508.groovy:54)
	at com.kms.katalon.core.main.ScriptEngine.run(ScriptEngine.java:183)
	at com.kms.katalon.core.main.ScriptEngine.runScriptAsRawText(ScriptEngine.java:108)
	at com.kms.katalon.core.main.TestCaseExecutor.runScript(TestCaseExecutor.java:294)
	at com.kms.katalon.core.main.TestCaseExecutor.doExecute(TestCaseExecutor.java:285)
	at com.kms.katalon.core.main.TestCaseExecutor.processExecutionPhase(TestCaseExecutor.java:264)
	at com.kms.katalon.core.main.TestCaseExecutor.accessMainPhase(TestCaseExecutor.java:256)
	at com.kms.katalon.core.main.TestCaseExecutor.execute(TestCaseExecutor.java:200)
	at com.kms.katalon.core.main.TestSuiteExecutor.accessTestCaseMainPhase(TestSuiteExecutor.java:129)
	at com.kms.katalon.core.main.TestSuiteExecutor.accessTestSuiteMainPhase(TestSuiteExecutor.java:112)
	at com.kms.katalon.core.main.TestSuiteExecutor.execute(TestSuiteExecutor.java:81)
	at com.kms.katalon.core.main.TestCaseMain.startTestSuite(TestCaseMain.java:142)
	at com.kms.katalon.core.main.TestCaseMain$startTestSuite$0.call(Unknown Source)
	at org.codehaus.groovy.runtime.callsite.CallSiteArray.defaultCall(CallSiteArray.java:48)
	at org.codehaus.groovy.runtime.callsite.AbstractCallSite.call(AbstractCallSite.java:113)
	at org.codehaus.groovy.runtime.callsite.AbstractCallSite.call(AbstractCallSite.java:141)
	at TempTestSuite1541735788402.run(TempTestSuite1541735788402.groovy:36)
	at groovy.lang.GroovyShell.runScriptOrMainOrTestOrRunnable(GroovyShell.java:263)
	at groovy.lang.GroovyShell.run(GroovyShell.java:518)
	at groovy.lang.GroovyShell.run(GroovyShell.java:507)
	at groovy.ui.GroovyMain.processOnce(GroovyMain.java:653)
	at groovy.ui.GroovyMain.run(GroovyMain.java:384)
	at groovy.ui.GroovyMain.process(GroovyMain.java:370)
	at groovy.ui.GroovyMain.processArgs(GroovyMain.java:129)
	at groovy.ui.GroovyMain.main(GroovyMain.java:109)
	at sun.reflect.NativeMethodAccessorImpl.invoke0(Native Method)
	at sun.reflect.NativeMethodAccessorImpl.invoke(NativeMethodAccessorImpl.java:62)
	at sun.reflect.DelegatingMethodAccessorImpl.invoke(DelegatingMethodAccessorImpl.java:43)
	at java.lang.reflect.Method.invoke(Method.java:498)
	at org.codehaus.groovy.tools.GroovyStarter.rootLoader(GroovyStarter.java:109)
	at org.codehaus.groovy.tools.GroovyStarter.main(GroovyStarter.java:131)
)]]></system-err>
   </testsuite>
</testsuites>
