<?xml version="1.0" encoding="UTF-8"?>
<testsuites name="testing" time="16" tests="2" failures="0" errors="0">
   <testsuite name="testing" tests="2" failures="0" errors="0" time="16" timestamp="2018-11-09 17:21:32" hostname="ops.02 - NXT-OPS02.nxtgame.local" id="Test Suites/dailyTesting/betting/testing">
      <properties>
         <property name="deviceName" value=""/>
         <property name="devicePlatform" value=""/>
         <property name="logFolder" value="C:\\Users\\ops.02\\git\\UCF\\Reports\\dailyTesting\\betting\\testing\\20181109_172130"/>
         <property name="logFiles" value="C:\\Users\\ops.02\\git\\UCF\\Reports\\dailyTesting\\betting\\testing\\20181109_172130\\execution0.log"/>
         <property name="attachments" value=""/>
         <property name="hostName" value="ops.02 - NXT-OPS02.nxtgame.local"/>
         <property name="os" value="Windows 10 64bit"/>
         <property name="katalonVersion" value="5.8.6.1"/>
         <property name="browser" value="Chrome 70.0.3538.77"/>
         <property name="hostAddress" value="172.16.8.115"/>
         <property name="sessionId" value="b20391469a396622e63685cd594bf47d"/>
         <property name="seleniumVersion" value="3.7.1"/>
         <property name="proxyInformation" value="ProxyInformation{proxyOption=NO_PROXY, proxyServerType=HTTP, password=, proxyServerAddress=, proxyServerPort=0}"/>
         <property name="platform" value="Windows 10"/>
      </properties>
      <testcase name="Test Cases/dailyTesting/login/backofficeLogin" classname="Test Cases/dailyTesting/login/backofficeLogin" status="PASSED">
         <system-out><![CDATA[2018-11-09 17:21:32 - [TEST_CASE][PASSED] - Test Cases/dailyTesting/login/backofficeLogin: Test Cases/dailyTesting/login/backofficeLogin

2018-11-09 17:21:33 - [TEST_STEP][PASSED] - backoffice.openBrowserBackoffice.openbrowserBackoffice: backoffice.openBrowserBackoffice.openbrowserBackoffice is PASSED

2018-11-09 17:21:36 - [MESSAGE][PASSED] - Browser is opened with url: ''

2018-11-09 17:21:37 - [MESSAGE][PASSED] - Current window maximized

2018-11-09 17:21:38 - [MESSAGE][PASSED] - Navigate to 'http://dev-admin.ucf88.com' successfully

2018-11-09 17:21:38 - [MESSAGE][PASSED] - backoffice.openBrowserBackoffice.openbrowserBackoffice is PASSED

2018-11-09 17:21:38 - [TEST_STEP][PASSED] - setText: Text 'admin' is set on object 'Object Repository/Backoffice/Login/input_Username'

2018-11-09 17:21:38 - [MESSAGE][PASSED] - Text 'admin' is set on object 'Object Repository/Backoffice/Login/input_Username'

2018-11-09 17:21:38 - [TEST_STEP][PASSED] - setEncryptedText: Text ****** has been set on object 'Object Repository/Backoffice/Login/input_Password'

2018-11-09 17:21:39 - [MESSAGE][PASSED] - Text ****** has been set on object 'Object Repository/Backoffice/Login/input_Password'

2018-11-09 17:21:39 - [TEST_STEP][PASSED] - click: Object: 'Object Repository/Backoffice/Login/button_Login' is clicked on

2018-11-09 17:21:41 - [MESSAGE][PASSED] - Object: 'Object Repository/Backoffice/Login/button_Login' is clicked on

2018-11-09 17:21:41 - [TEST_STEP][PASSED] - waitForElementVisible: Object 'Object Repository/Backoffice/Login/adminuser' is visible

2018-11-09 17:21:41 - [MESSAGE][PASSED] - Object 'Object Repository/Backoffice/Login/adminuser' is visible]]></system-out>
         <system-err><![CDATA[]]></system-err>
      </testcase>
      <testcase name="Test Cases/dailyTesting/betting/matchDetails" classname="Test Cases/dailyTesting/betting/matchDetails" status="PASSED">
         <system-out><![CDATA[2018-11-09 17:21:41 - [TEST_CASE][PASSED] - Test Cases/dailyTesting/betting/matchDetails: Test Cases/dailyTesting/betting/matchDetails

2018-11-09 17:21:41 - [TEST_STEP][PASSED] - focus: Object: 'Object Repository/dailyTesting/Backoffice/arenaCreation/Header/bettingHeader' is focused

2018-11-09 17:21:41 - [MESSAGE][PASSED] - Object: 'Object Repository/dailyTesting/Backoffice/arenaCreation/Header/bettingHeader' is focused

2018-11-09 17:21:41 - [TEST_STEP][PASSED] - verifyElementPresent: Object 'Object Repository/dailyTesting/Backoffice/matchCreation/Header/matchHeader' is present

2018-11-09 17:21:41 - [MESSAGE][PASSED] - Object 'Object Repository/dailyTesting/Backoffice/matchCreation/Header/matchHeader' is present

2018-11-09 17:21:41 - [TEST_STEP][PASSED] - click: Object: 'Object Repository/dailyTesting/Backoffice/matchCreation/Header/matchHeader' is clicked on

2018-11-09 17:21:42 - [MESSAGE][PASSED] - Object: 'Object Repository/dailyTesting/Backoffice/matchCreation/Header/matchHeader' is clicked on

2018-11-09 17:21:42 - [TEST_STEP][PASSED] - selectOptionByLabel: All options with label 'Open' are selected in object 'Object Repository/dailyTesting/Backoffice/matchCreation/matchManagement/matchDetails/select_ClosedOpenCancelledFini'  using regular expression

2018-11-09 17:21:43 - [MESSAGE][PASSED] - All options with label 'Open' are selected in object 'Object Repository/dailyTesting/Backoffice/matchCreation/matchManagement/matchDetails/select_ClosedOpenCancelledFini'  using regular expression

2018-11-09 17:21:43 - [TEST_STEP][PASSED] - delay: Delayed 3 second(s)

2018-11-09 17:21:46 - [MESSAGE][PASSED] - Delayed 3 second(s)

2018-11-09 17:21:46 - [TEST_STEP][PASSED] - verifyElementPresent: Object 'Object Repository/dailyTesting/Backoffice/matchCreation/matchManagement/buttonMatchDetails' is present

2018-11-09 17:21:46 - [MESSAGE][PASSED] - Object 'Object Repository/dailyTesting/Backoffice/matchCreation/matchManagement/buttonMatchDetails' is present

2018-11-09 17:21:46 - [TEST_STEP][PASSED] - click: Object: 'Object Repository/dailyTesting/Backoffice/matchCreation/matchManagement/buttonMatchDetails' is clicked on

2018-11-09 17:21:46 - [MESSAGE][PASSED] - Object: 'Object Repository/dailyTesting/Backoffice/matchCreation/matchManagement/buttonMatchDetails' is clicked on

2018-11-09 17:21:46 - [TEST_STEP][PASSED] - switchToWindowTitle: Switched to window with title: 'ucf88'

2018-11-09 17:21:47 - [MESSAGE][PASSED] - Switched to window with title: 'ucf88'

2018-11-09 17:21:47 - [TEST_STEP][PASSED] - verifyElementText: Actual text and expected text of test object 'Object Repository/dailyTesting/Backoffice/matchCreation/matchManagement/matchDetails/labelPlayerId' are matched.

2018-11-09 17:21:48 - [MESSAGE][PASSED] - Actual text and expected text of test object 'Object Repository/dailyTesting/Backoffice/matchCreation/matchManagement/matchDetails/labelPlayerId' are matched.

2018-11-09 17:21:48 - [TEST_STEP][PASSED] - verifyElementText: Actual text and expected text of test object 'Object Repository/dailyTesting/Backoffice/matchCreation/matchManagement/matchDetails/labelSelection' are matched.

2018-11-09 17:21:48 - [MESSAGE][PASSED] - Actual text and expected text of test object 'Object Repository/dailyTesting/Backoffice/matchCreation/matchManagement/matchDetails/labelSelection' are matched.

2018-11-09 17:21:48 - [TEST_STEP][PASSED] - verifyElementText: Actual text and expected text of test object 'Object Repository/dailyTesting/Backoffice/matchCreation/matchManagement/matchDetails/labelOdds' are matched.

2018-11-09 17:21:48 - [MESSAGE][PASSED] - Actual text and expected text of test object 'Object Repository/dailyTesting/Backoffice/matchCreation/matchManagement/matchDetails/labelOdds' are matched.

2018-11-09 17:21:48 - [TEST_STEP][PASSED] - verifyElementText: Actual text and expected text of test object 'Object Repository/dailyTesting/Backoffice/matchCreation/matchManagement/matchDetails/labelBetAmount' are matched.

2018-11-09 17:21:48 - [MESSAGE][PASSED] - Actual text and expected text of test object 'Object Repository/dailyTesting/Backoffice/matchCreation/matchManagement/matchDetails/labelBetAmount' are matched.]]></system-out>
         <system-err><![CDATA[]]></system-err>
      </testcase>
      <system-out><![CDATA[2018-11-09 17:21:32 - [TEST_SUITE][PASSED] - testing: Test Cases/dailyTesting/betting/matchDetails]]></system-out>
      <system-err><![CDATA[]]></system-err>
   </testsuite>
</testsuites>
