<?xml version="1.0" encoding="UTF-8"?>
<testsuites name="big1" time="110" tests="0" failures="1" errors="0">
   <testsuite name="big1" tests="0" failures="1" errors="0" time="110" timestamp="2018-10-18 18:08:33" hostname="Richard Sanchez - DESKTOP-A1HL9OG" id="Test Suites/PlayerBetting/BETTING 10 players/big1">
      <properties>
         <property name="deviceName" value=""/>
         <property name="devicePlatform" value=""/>
         <property name="logFolder" value="C:\\Users\\Richard Sanchez\\Katalon Studio\\ucf88\\Reports\\PlayerBetting\\BETTING 10 players\\big1\\20181018_180831"/>
         <property name="logFiles" value="C:\\Users\\Richard Sanchez\\Katalon Studio\\ucf88\\Reports\\PlayerBetting\\BETTING 10 players\\big1\\20181018_180831\\execution0.log"/>
         <property name="attachments" value=""/>
         <property name="hostName" value="Richard Sanchez - DESKTOP-A1HL9OG"/>
         <property name="os" value="Windows 10 64bit"/>
         <property name="katalonVersion" value="5.8.0.1"/>
         <property name="browser" value="Chrome 69.0.3497.100"/>
         <property name="hostAddress" value="172.16.8.122"/>
         <property name="sessionId" value="68b15ff4949291000be76bf9b8b6c465"/>
         <property name="seleniumVersion" value="3.7.1"/>
         <property name="proxyInformation" value="ProxyInformation{proxyOption=NO_PROXY, proxyServerType=HTTP, password=, proxyServerAddress=, proxyServerPort=0}"/>
         <property name="platform" value="Windows 10"/>
      </properties>
      <testcase name="Test Cases/Frontend/PlaceBet/RandomOddsAndAMount" classname="Test Cases/Frontend/PlaceBet/RandomOddsAndAMount" status="FAILED">
         <failure type="FAILED" message="(Stack trace: com.kms.katalon.core.exception.StepFailedException: Unable to wait for object 'Object Repository/Frontend/MatchBetting/button_Meronodds' to be clickable (Root cause: org.openqa.selenium.WebDriverException: chrome not reachable
  (Session info: chrome=69.0.3497.100)
  (Driver info: chromedriver=2.35.528161 (5b82f2d2aae0ca24b877009200ced9065a772e73),platform=Windows NT 10.0.17134 x86_64) (WARNING: The server did not provide any stacktrace information)
Command duration or timeout: 0 milliseconds
Build info: version: '3.7.1', revision: '8a0099a', time: '2017-11-06T21:07:36.161Z'
System info: host: 'DESKTOP-A1HL9OG', ip: '172.16.8.122', os.name: 'Windows 10', os.arch: 'amd64', os.version: '10.0', java.version: '1.8.0_181'
Driver info: com.kms.katalon.selenium.driver.CChromeDriver
Capabilities {acceptInsecureCerts: false, acceptSslCerts: false, applicationCacheEnabled: false, browserConnectionEnabled: false, browserName: chrome, chrome: {chromedriverVersion: 2.35.528161 (5b82f2d2aae0ca..., userDataDir: C:\Users\RICHAR~1\AppData\L...}, cssSelectorsEnabled: true, databaseEnabled: false, handlesAlerts: true, hasTouchScreen: false, javascriptEnabled: true, locationContextEnabled: true, mobileEmulationEnabled: false, nativeEvents: true, networkConnectionEnabled: false, pageLoadStrategy: normal, platform: XP, platformName: XP, rotatable: false, setWindowRect: true, takesHeapSnapshot: true, takesScreenshot: true, unexpectedAlertBehaviour: , unhandledPromptBehavior: , version: 69.0.3497.100, webStorageEnabled: true}
Session ID: 68b15ff4949291000be76bf9b8b6c465
*** Element info: {Using=xpath, value=//button[contains(@id, 'meron') and (text() = 'Place Odd' or . = 'Place Odd')]})
	at com.kms.katalon.core.keyword.internal.KeywordMain.stepFailed(KeywordMain.groovy:32)
	at com.kms.katalon.core.webui.keyword.internal.WebUIKeywordMain.stepFailed(WebUIKeywordMain.groovy:65)
	at com.kms.katalon.core.webui.keyword.internal.WebUIKeywordMain.runKeyword(WebUIKeywordMain.groovy:27)
	at com.kms.katalon.core.webui.keyword.builtin.WaitForElementClickableKeyword.waitForElementClickable(WaitForElementClickableKeyword.groovy:108)
	at com.kms.katalon.core.webui.keyword.builtin.WaitForElementClickableKeyword.execute(WaitForElementClickableKeyword.groovy:68)
	at com.kms.katalon.core.keyword.internal.KeywordExecutor.executeKeywordForPlatform(KeywordExecutor.groovy:53)
	at com.kms.katalon.core.webui.keyword.WebUiBuiltInKeywords.waitForElementClickable(WebUiBuiltInKeywords.groovy:484)
	at com.kms.katalon.core.webui.keyword.WebUiBuiltInKeywords$waitForElementClickable$5.call(Unknown Source)
	at Script1539674510987.run(Script1539674510987.groovy:80)
	at com.kms.katalon.core.main.ScriptEngine.run(ScriptEngine.java:183)
	at com.kms.katalon.core.main.ScriptEngine.runScriptAsRawText(ScriptEngine.java:108)
	at com.kms.katalon.core.main.TestCaseExecutor.runScript(TestCaseExecutor.java:294)
	at com.kms.katalon.core.main.TestCaseExecutor.doExecute(TestCaseExecutor.java:285)
	at com.kms.katalon.core.main.TestCaseExecutor.processExecutionPhase(TestCaseExecutor.java:264)
	at com.kms.katalon.core.main.TestCaseExecutor.accessMainPhase(TestCaseExecutor.java:256)
	at com.kms.katalon.core.main.TestCaseExecutor.execute(TestCaseExecutor.java:200)
	at com.kms.katalon.core.main.TestSuiteExecutor.accessTestCaseMainPhase(TestSuiteExecutor.java:129)
	at com.kms.katalon.core.main.TestSuiteExecutor.accessTestSuiteMainPhase(TestSuiteExecutor.java:112)
	at com.kms.katalon.core.main.TestSuiteExecutor.execute(TestSuiteExecutor.java:81)
	at com.kms.katalon.core.main.TestCaseMain.startTestSuite(TestCaseMain.java:142)
	at com.kms.katalon.core.main.TestCaseMain$startTestSuite$0.call(Unknown Source)
	at org.codehaus.groovy.runtime.callsite.CallSiteArray.defaultCall(CallSiteArray.java:48)
	at org.codehaus.groovy.runtime.callsite.AbstractCallSite.call(AbstractCallSite.java:113)
	at org.codehaus.groovy.runtime.callsite.AbstractCallSite.call(AbstractCallSite.java:141)
	at TempTestSuite1539857311520.run(TempTestSuite1539857311520.groovy:36)
	at groovy.lang.GroovyShell.runScriptOrMainOrTestOrRunnable(GroovyShell.java:263)
	at groovy.lang.GroovyShell.run(GroovyShell.java:518)
	at groovy.lang.GroovyShell.run(GroovyShell.java:507)
	at groovy.ui.GroovyMain.processOnce(GroovyMain.java:653)
	at groovy.ui.GroovyMain.run(GroovyMain.java:384)
	at groovy.ui.GroovyMain.process(GroovyMain.java:370)
	at groovy.ui.GroovyMain.processArgs(GroovyMain.java:129)
	at groovy.ui.GroovyMain.main(GroovyMain.java:109)
	at sun.reflect.NativeMethodAccessorImpl.invoke0(Native Method)
	at sun.reflect.NativeMethodAccessorImpl.invoke(NativeMethodAccessorImpl.java:62)
	at sun.reflect.DelegatingMethodAccessorImpl.invoke(DelegatingMethodAccessorImpl.java:43)
	at java.lang.reflect.Method.invoke(Method.java:498)
	at org.codehaus.groovy.tools.GroovyStarter.rootLoader(GroovyStarter.java:109)
	at org.codehaus.groovy.tools.GroovyStarter.main(GroovyStarter.java:131)
)"/>
         <system-out><![CDATA[2018-10-18 18:08:33 - [TEST_CASE][FAILED] - Test Cases/Frontend/PlaceBet/RandomOddsAndAMount: Test Cases/Frontend/PlaceBet/RandomOddsAndAMount FAILED because (of) (Stack trace: com.kms.katalon.core.exception.StepFailedException: Unable to wait for object 'Object Repository/Frontend/MatchBetting/button_Meronodds' to be clickable (Root cause: org.openqa.selenium.WebDriverException: chrome not reachable
  (Session info: chrome=69.0.3497.100)
  (Driver info: chromedriver=2.35.528161 (5b82f2d2aae0ca24b877009200ced9065a772e73),platform=Windows NT 10.0.17134 x86_64) (WARNING: The server did not provide any stacktrace information)
Command duration or timeout: 0 milliseconds
Build info: version: '3.7.1', revision: '8a0099a', time: '2017-11-06T21:07:36.161Z'
System info: host: 'DESKTOP-A1HL9OG', ip: '172.16.8.122', os.name: 'Windows 10', os.arch: 'amd64', os.version: '10.0', java.version: '1.8.0_181'
Driver info: com.kms.katalon.selenium.driver.CChromeDriver
Capabilities {acceptInsecureCerts: false, acceptSslCerts: false, applicationCacheEnabled: false, browserConnectionEnabled: false, browserName: chrome, chrome: {chromedriverVersion: 2.35.528161 (5b82f2d2aae0ca..., userDataDir: C:\Users\RICHAR~1\AppData\L...}, cssSelectorsEnabled: true, databaseEnabled: false, handlesAlerts: true, hasTouchScreen: false, javascriptEnabled: true, locationContextEnabled: true, mobileEmulationEnabled: false, nativeEvents: true, networkConnectionEnabled: false, pageLoadStrategy: normal, platform: XP, platformName: XP, rotatable: false, setWindowRect: true, takesHeapSnapshot: true, takesScreenshot: true, unexpectedAlertBehaviour: , unhandledPromptBehavior: , version: 69.0.3497.100, webStorageEnabled: true}
Session ID: 68b15ff4949291000be76bf9b8b6c465
*** Element info: {Using=xpath, value=//button[contains(@id, 'meron') and (text() = 'Place Odd' or . = 'Place Odd')]})
	at com.kms.katalon.core.keyword.internal.KeywordMain.stepFailed(KeywordMain.groovy:32)
	at com.kms.katalon.core.webui.keyword.internal.WebUIKeywordMain.stepFailed(WebUIKeywordMain.groovy:65)
	at com.kms.katalon.core.webui.keyword.internal.WebUIKeywordMain.runKeyword(WebUIKeywordMain.groovy:27)
	at com.kms.katalon.core.webui.keyword.builtin.WaitForElementClickableKeyword.waitForElementClickable(WaitForElementClickableKeyword.groovy:108)
	at com.kms.katalon.core.webui.keyword.builtin.WaitForElementClickableKeyword.execute(WaitForElementClickableKeyword.groovy:68)
	at com.kms.katalon.core.keyword.internal.KeywordExecutor.executeKeywordForPlatform(KeywordExecutor.groovy:53)
	at com.kms.katalon.core.webui.keyword.WebUiBuiltInKeywords.waitForElementClickable(WebUiBuiltInKeywords.groovy:484)
	at com.kms.katalon.core.webui.keyword.WebUiBuiltInKeywords$waitForElementClickable$5.call(Unknown Source)
	at Script1539674510987.run(Script1539674510987.groovy:80)
	at com.kms.katalon.core.main.ScriptEngine.run(ScriptEngine.java:183)
	at com.kms.katalon.core.main.ScriptEngine.runScriptAsRawText(ScriptEngine.java:108)
	at com.kms.katalon.core.main.TestCaseExecutor.runScript(TestCaseExecutor.java:294)
	at com.kms.katalon.core.main.TestCaseExecutor.doExecute(TestCaseExecutor.java:285)
	at com.kms.katalon.core.main.TestCaseExecutor.processExecutionPhase(TestCaseExecutor.java:264)
	at com.kms.katalon.core.main.TestCaseExecutor.accessMainPhase(TestCaseExecutor.java:256)
	at com.kms.katalon.core.main.TestCaseExecutor.execute(TestCaseExecutor.java:200)
	at com.kms.katalon.core.main.TestSuiteExecutor.accessTestCaseMainPhase(TestSuiteExecutor.java:129)
	at com.kms.katalon.core.main.TestSuiteExecutor.accessTestSuiteMainPhase(TestSuiteExecutor.java:112)
	at com.kms.katalon.core.main.TestSuiteExecutor.execute(TestSuiteExecutor.java:81)
	at com.kms.katalon.core.main.TestCaseMain.startTestSuite(TestCaseMain.java:142)
	at com.kms.katalon.core.main.TestCaseMain$startTestSuite$0.call(Unknown Source)
	at org.codehaus.groovy.runtime.callsite.CallSiteArray.defaultCall(CallSiteArray.java:48)
	at org.codehaus.groovy.runtime.callsite.AbstractCallSite.call(AbstractCallSite.java:113)
	at org.codehaus.groovy.runtime.callsite.AbstractCallSite.call(AbstractCallSite.java:141)
	at TempTestSuite1539857311520.run(TempTestSuite1539857311520.groovy:36)
	at groovy.lang.GroovyShell.runScriptOrMainOrTestOrRunnable(GroovyShell.java:263)
	at groovy.lang.GroovyShell.run(GroovyShell.java:518)
	at groovy.lang.GroovyShell.run(GroovyShell.java:507)
	at groovy.ui.GroovyMain.processOnce(GroovyMain.java:653)
	at groovy.ui.GroovyMain.run(GroovyMain.java:384)
	at groovy.ui.GroovyMain.process(GroovyMain.java:370)
	at groovy.ui.GroovyMain.processArgs(GroovyMain.java:129)
	at groovy.ui.GroovyMain.main(GroovyMain.java:109)
	at sun.reflect.NativeMethodAccessorImpl.invoke0(Native Method)
	at sun.reflect.NativeMethodAccessorImpl.invoke(NativeMethodAccessorImpl.java:62)
	at sun.reflect.DelegatingMethodAccessorImpl.invoke(DelegatingMethodAccessorImpl.java:43)
	at java.lang.reflect.Method.invoke(Method.java:498)
	at org.codehaus.groovy.tools.GroovyStarter.rootLoader(GroovyStarter.java:109)
	at org.codehaus.groovy.tools.GroovyStarter.main(GroovyStarter.java:131)
)

2018-10-18 18:08:34 - [TEST_STEP][PASSED] - Statement - log = new com.kms.katalon.core.logging.KeywordLogger(): null

2018-10-18 18:08:34 - [TEST_STEP][PASSED] - openBrowser: Browser is opened with url: ''

2018-10-18 18:08:37 - [MESSAGE][PASSED] - Browser is opened with url: ''

2018-10-18 18:08:37 - [TEST_STEP][PASSED] - maximizeWindow: Current window maximized

2018-10-18 18:08:38 - [MESSAGE][PASSED] - Current window maximized

2018-10-18 18:08:38 - [TEST_STEP][PASSED] - navigateToUrl: Navigate to 'http://staging.ucf88.com/#/' successfully

2018-10-18 18:08:39 - [MESSAGE][PASSED] - Navigate to 'http://staging.ucf88.com/#/' successfully

2018-10-18 18:08:39 - [TEST_STEP][PASSED] - setText: Text 'Techpill' is set on object 'Object Repository/Frontend/Login/input_Sports_username'

2018-10-18 18:08:40 - [MESSAGE][PASSED] - Text 'Techpill' is set on object 'Object Repository/Frontend/Login/input_Sports_username'

2018-10-18 18:08:40 - [TEST_STEP][PASSED] - setText: Text '123123' is set on object 'Object Repository/Frontend/Login/input_Sports_password'

2018-10-18 18:08:40 - [MESSAGE][PASSED] - Text '123123' is set on object 'Object Repository/Frontend/Login/input_Sports_password'

2018-10-18 18:08:40 - [TEST_STEP][PASSED] - click: Object: 'Object Repository/Frontend/Login/button_Login' is clicked on

2018-10-18 18:08:40 - [MESSAGE][PASSED] - Object: 'Object Repository/Frontend/Login/button_Login' is clicked on

2018-10-18 18:08:40 - [TEST_STEP][PASSED] - waitForElementPresent: Object 'Object Repository/Frontend/Login/span_Logout' is present

2018-10-18 18:08:41 - [MESSAGE][PASSED] - Object 'Object Repository/Frontend/Login/span_Logout' is present

2018-10-18 18:08:41 - [TEST_STEP][PASSED] - Statement - meron = com.kms.katalon.core.testobject.ObjectRepository.findTestObject(Frontend/MatchBetting/button_Meronodds): Finding Test Object with id 'Object Repository/Frontend/MatchBetting/button_Meronodds'

2018-10-18 18:08:41 - [TEST_STEP][PASSED] - Statement - draw = com.kms.katalon.core.testobject.ObjectRepository.findTestObject(Frontend/MatchBetting/button_Drawodds): Finding Test Object with id 'Object Repository/Frontend/MatchBetting/button_Drawodds'

2018-10-18 18:08:41 - [TEST_STEP][PASSED] - Statement - ftd = com.kms.katalon.core.testobject.ObjectRepository.findTestObject(Frontend/MatchBetting/button_FTDodds): Finding Test Object with id 'Object Repository/Frontend/MatchBetting/button_FTDodds'

2018-10-18 18:08:41 - [TEST_STEP][PASSED] - Statement - wala = com.kms.katalon.core.testobject.ObjectRepository.findTestObject(Frontend/MatchBetting/button_Walaodds): Finding Test Object with id 'Object Repository/Frontend/MatchBetting/button_Walaodds'

2018-10-18 18:08:41 - [TEST_STEP][PASSED] - waitForElementClickable: Object 'Object Repository/Frontend/MatchBetting/button_Meronodds' is clickable

2018-10-18 18:08:41 - [MESSAGE][PASSED] - Object 'Object Repository/Frontend/MatchBetting/button_Meronodds' is clickable

2018-10-18 18:08:41 - [TEST_STEP][PASSED] - Statement - balance = com.kms.katalon.core.webui.keyword.WebUiBuiltInKeywords.getText(com.kms.katalon.core.testobject.ObjectRepository.findTestObject(Frontend/MatchBetting/Balance), CONTINUE_ON_FAILURE): Text of object 'Object Repository/Frontend/MatchBetting/Balance' is: '9,999,999,988,099.00'

2018-10-18 18:08:41 - [MESSAGE][PASSED] - Text of object 'Object Repository/Frontend/MatchBetting/Balance' is: '9,999,999,988,099.00'

2018-10-18 18:08:41 - [TEST_STEP][PASSED] - Statement - log.logInfo("User balance " + balance): User balance 9,999,999,988,099.00

2018-10-18 18:08:41 - [TEST_STEP][FAILED] - Statement - While (balance != 0): Unable to click on object 'Object Repository/Frontend/MatchBetting/button_Drawodds' (Root cause: org.openqa.selenium.WebDriverException: chrome not reachable
  (Session info: chrome=69.0.3497.100)
  (Driver info: chromedriver=2.35.528161 (5b82f2d2aae0ca24b877009200ced9065a772e73),platform=Windows NT 10.0.17134 x86_64) (WARNING: The server did not provide any stacktrace information)
Command duration or timeout: 0 milliseconds
Build info: version: '3.7.1', revision: '8a0099a', time: '2017-11-06T21:07:36.161Z'
System info: host: 'DESKTOP-A1HL9OG', ip: '172.16.8.122', os.name: 'Windows 10', os.arch: 'amd64', os.version: '10.0', java.version: '1.8.0_181'
Driver info: com.kms.katalon.selenium.driver.CChromeDriver
Capabilities {acceptInsecureCerts: false, acceptSslCerts: false, applicationCacheEnabled: false, browserConnectionEnabled: false, browserName: chrome, chrome: {chromedriverVersion: 2.35.528161 (5b82f2d2aae0ca..., userDataDir: C:\Users\RICHAR~1\AppData\L...}, cssSelectorsEnabled: true, databaseEnabled: false, handlesAlerts: true, hasTouchScreen: false, javascriptEnabled: true, locationContextEnabled: true, mobileEmulationEnabled: false, nativeEvents: true, networkConnectionEnabled: false, pageLoadStrategy: normal, platform: XP, platformName: XP, rotatable: false, setWindowRect: true, takesHeapSnapshot: true, takesScreenshot: true, unexpectedAlertBehaviour: , unhandledPromptBehavior: , version: 69.0.3497.100, webStorageEnabled: true}
Session ID: 68b15ff4949291000be76bf9b8b6c465
*** Element info: {Using=xpath, value=//button[contains(@id, 'draw') and (text() = 'Place Odd' or . = 'Place Odd')]})

2018-10-18 18:08:41 - [TEST_STEP][PASSED] - Statement - log.logInfo("User balance " + balance): User balance 9,999,999,988,099.00

2018-10-18 18:08:41 - [TEST_STEP][PASSED] - Statement - odds = new java.util.ArrayList(): null

2018-10-18 18:08:41 - [TEST_STEP][PASSED] - Statement - odds.addAll(java.util.Arrays.asList(meron, draw, ftd, wala)): null

2018-10-18 18:08:41 - [TEST_STEP][PASSED] - Statement - rand = new java.util.Random(): null

2018-10-18 18:08:41 - [TEST_STEP][PASSED] - Statement - randodds = rand.nextInt(odds.size()): null

2018-10-18 18:08:41 - [TEST_STEP][PASSED] - Statement - log.logInfo(" meron[0] draw[1] ftd[2] wala[3] ::" + randodds):  meron[0] draw[1] ftd[2] wala[3] ::3

2018-10-18 18:08:41 - [TEST_STEP][PASSED] - Statement - log.logInfo("Odds Selected = " + odds.get(randodds)): Odds Selected = TestObject - 'Object Repository/Frontend/MatchBetting/button_Walaodds'

2018-10-18 18:08:41 - [TEST_STEP][PASSED] - waitForElementClickable: Object 'Object Repository/Frontend/MatchBetting/button_Meronodds' is clickable

2018-10-18 18:08:41 - [MESSAGE][PASSED] - Object 'Object Repository/Frontend/MatchBetting/button_Meronodds' is clickable

2018-10-18 18:08:41 - [TEST_STEP][PASSED] - click: Object: 'Object Repository/Frontend/MatchBetting/button_Walaodds' is clicked on

2018-10-18 18:08:41 - [MESSAGE][PASSED] - Object: 'Object Repository/Frontend/MatchBetting/button_Walaodds' is clicked on

2018-10-18 18:08:41 - [TEST_STEP][PASSED] - verifyElementPresent: Object 'Object Repository/Frontend/MatchBetting/span_Possiblewinning' is present

2018-10-18 18:08:41 - [MESSAGE][PASSED] - Object 'Object Repository/Frontend/MatchBetting/span_Possiblewinning' is present

2018-10-18 18:08:41 - [TEST_STEP][PASSED] - Statement - RA = <not implemented yet for class: org.codehaus.groovy.ast.expr.EmptyExpression>: null

2018-10-18 18:08:41 - [TEST_STEP][PASSED] - Statement - RA = java.lang.Math.random() * 20: null

2018-10-18 18:08:41 - [TEST_STEP][PASSED] - Statement - log.logInfo("Random amount = " + RA): Random amount = 0

2018-10-18 18:08:41 - [TEST_STEP][PASSED] - waitForElementClickable: Object 'Object Repository/Frontend/MatchBetting/button_Meronodds' is clickable

2018-10-18 18:08:41 - [MESSAGE][PASSED] - Object 'Object Repository/Frontend/MatchBetting/button_Meronodds' is clickable

2018-10-18 18:08:41 - [TEST_STEP][PASSED] - setText: Text '000' is set on object 'Object Repository/Frontend/MatchBetting/input_stake'

2018-10-18 18:08:41 - [MESSAGE][PASSED] - Text '000' is set on object 'Object Repository/Frontend/MatchBetting/input_stake'

2018-10-18 18:08:41 - [TEST_STEP][PASSED] - delay: Delayed 2 second(s)

2018-10-18 18:08:43 - [MESSAGE][PASSED] - Delayed 2 second(s)

2018-10-18 18:08:43 - [TEST_STEP][PASSED] - waitForElementClickable: Object 'Object Repository/Frontend/MatchBetting/button_Meronodds' is clickable

2018-10-18 18:08:43 - [MESSAGE][PASSED] - Object 'Object Repository/Frontend/MatchBetting/button_Meronodds' is clickable

2018-10-18 18:08:43 - [TEST_STEP][PASSED] - delay: Delayed 3 second(s)

2018-10-18 18:08:46 - [MESSAGE][PASSED] - Delayed 3 second(s)

2018-10-18 18:08:46 - [TEST_STEP][PASSED] - Statement - log.logInfo("User balance " + balance): User balance 9,999,999,988,099.00

2018-10-18 18:08:46 - [TEST_STEP][PASSED] - Statement - odds = new java.util.ArrayList(): null

2018-10-18 18:08:46 - [TEST_STEP][PASSED] - Statement - odds.addAll(java.util.Arrays.asList(meron, draw, ftd, wala)): null

2018-10-18 18:08:46 - [TEST_STEP][PASSED] - Statement - rand = new java.util.Random(): null

2018-10-18 18:08:46 - [TEST_STEP][PASSED] - Statement - randodds = rand.nextInt(odds.size()): null

2018-10-18 18:08:46 - [TEST_STEP][PASSED] - Statement - log.logInfo(" meron[0] draw[1] ftd[2] wala[3] ::" + randodds):  meron[0] draw[1] ftd[2] wala[3] ::3

2018-10-18 18:08:46 - [TEST_STEP][PASSED] - Statement - log.logInfo("Odds Selected = " + odds.get(randodds)): Odds Selected = TestObject - 'Object Repository/Frontend/MatchBetting/button_Walaodds'

2018-10-18 18:08:46 - [TEST_STEP][PASSED] - waitForElementClickable: Object 'Object Repository/Frontend/MatchBetting/button_Meronodds' is clickable

2018-10-18 18:08:47 - [MESSAGE][PASSED] - Object 'Object Repository/Frontend/MatchBetting/button_Meronodds' is clickable

2018-10-18 18:08:47 - [TEST_STEP][PASSED] - click: Object: 'Object Repository/Frontend/MatchBetting/button_Walaodds' is clicked on

2018-10-18 18:08:47 - [MESSAGE][PASSED] - Object: 'Object Repository/Frontend/MatchBetting/button_Walaodds' is clicked on

2018-10-18 18:08:47 - [TEST_STEP][PASSED] - verifyElementPresent: Object 'Object Repository/Frontend/MatchBetting/span_Possiblewinning' is present

2018-10-18 18:08:47 - [MESSAGE][PASSED] - Object 'Object Repository/Frontend/MatchBetting/span_Possiblewinning' is present

2018-10-18 18:08:47 - [TEST_STEP][PASSED] - Statement - RA = <not implemented yet for class: org.codehaus.groovy.ast.expr.EmptyExpression>: null

2018-10-18 18:08:47 - [TEST_STEP][PASSED] - Statement - RA = java.lang.Math.random() * 20: null

2018-10-18 18:08:47 - [TEST_STEP][PASSED] - Statement - log.logInfo("Random amount = " + RA): Random amount = 8

2018-10-18 18:08:47 - [TEST_STEP][PASSED] - waitForElementClickable: Object 'Object Repository/Frontend/MatchBetting/button_Meronodds' is clickable

2018-10-18 18:08:47 - [MESSAGE][PASSED] - Object 'Object Repository/Frontend/MatchBetting/button_Meronodds' is clickable

2018-10-18 18:08:47 - [TEST_STEP][PASSED] - setText: Text '800' is set on object 'Object Repository/Frontend/MatchBetting/input_stake'

2018-10-18 18:08:47 - [MESSAGE][PASSED] - Text '800' is set on object 'Object Repository/Frontend/MatchBetting/input_stake'

2018-10-18 18:08:47 - [TEST_STEP][PASSED] - delay: Delayed 2 second(s)

2018-10-18 18:08:49 - [MESSAGE][PASSED] - Delayed 2 second(s)

2018-10-18 18:08:49 - [TEST_STEP][PASSED] - waitForElementClickable: Object 'Object Repository/Frontend/MatchBetting/button_Meronodds' is clickable

2018-10-18 18:08:49 - [MESSAGE][PASSED] - Object 'Object Repository/Frontend/MatchBetting/button_Meronodds' is clickable

2018-10-18 18:08:49 - [TEST_STEP][PASSED] - delay: Delayed 3 second(s)

2018-10-18 18:08:52 - [MESSAGE][PASSED] - Delayed 3 second(s)

2018-10-18 18:08:52 - [TEST_STEP][PASSED] - Statement - log.logInfo("User balance " + balance): User balance 9,999,999,988,099.00

2018-10-18 18:08:52 - [TEST_STEP][PASSED] - Statement - odds = new java.util.ArrayList(): null

2018-10-18 18:08:52 - [TEST_STEP][PASSED] - Statement - odds.addAll(java.util.Arrays.asList(meron, draw, ftd, wala)): null

2018-10-18 18:08:52 - [TEST_STEP][PASSED] - Statement - rand = new java.util.Random(): null

2018-10-18 18:08:52 - [TEST_STEP][PASSED] - Statement - randodds = rand.nextInt(odds.size()): null

2018-10-18 18:08:52 - [TEST_STEP][PASSED] - Statement - log.logInfo(" meron[0] draw[1] ftd[2] wala[3] ::" + randodds):  meron[0] draw[1] ftd[2] wala[3] ::1

2018-10-18 18:08:52 - [TEST_STEP][PASSED] - Statement - log.logInfo("Odds Selected = " + odds.get(randodds)): Odds Selected = TestObject - 'Object Repository/Frontend/MatchBetting/button_Drawodds'

2018-10-18 18:08:52 - [TEST_STEP][PASSED] - waitForElementClickable: Object 'Object Repository/Frontend/MatchBetting/button_Meronodds' is clickable

2018-10-18 18:08:52 - [MESSAGE][PASSED] - Object 'Object Repository/Frontend/MatchBetting/button_Meronodds' is clickable

2018-10-18 18:08:52 - [TEST_STEP][PASSED] - click: Object: 'Object Repository/Frontend/MatchBetting/button_Drawodds' is clicked on

2018-10-18 18:08:52 - [MESSAGE][PASSED] - Object: 'Object Repository/Frontend/MatchBetting/button_Drawodds' is clicked on

2018-10-18 18:08:52 - [TEST_STEP][PASSED] - verifyElementPresent: Object 'Object Repository/Frontend/MatchBetting/span_Possiblewinning' is present

2018-10-18 18:08:52 - [MESSAGE][PASSED] - Object 'Object Repository/Frontend/MatchBetting/span_Possiblewinning' is present

2018-10-18 18:08:52 - [TEST_STEP][PASSED] - Statement - RA = <not implemented yet for class: org.codehaus.groovy.ast.expr.EmptyExpression>: null

2018-10-18 18:08:52 - [TEST_STEP][PASSED] - Statement - RA = java.lang.Math.random() * 20: null

2018-10-18 18:08:52 - [TEST_STEP][PASSED] - Statement - log.logInfo("Random amount = " + RA): Random amount = 5

2018-10-18 18:08:52 - [TEST_STEP][PASSED] - waitForElementClickable: Object 'Object Repository/Frontend/MatchBetting/button_Meronodds' is clickable

2018-10-18 18:08:52 - [MESSAGE][PASSED] - Object 'Object Repository/Frontend/MatchBetting/button_Meronodds' is clickable

2018-10-18 18:08:52 - [TEST_STEP][PASSED] - setText: Text '500' is set on object 'Object Repository/Frontend/MatchBetting/input_stake'

2018-10-18 18:08:52 - [MESSAGE][PASSED] - Text '500' is set on object 'Object Repository/Frontend/MatchBetting/input_stake'

2018-10-18 18:08:52 - [TEST_STEP][PASSED] - delay: Delayed 2 second(s)

2018-10-18 18:08:54 - [MESSAGE][PASSED] - Delayed 2 second(s)

2018-10-18 18:08:54 - [TEST_STEP][PASSED] - waitForElementClickable: Object 'Object Repository/Frontend/MatchBetting/button_Meronodds' is clickable

2018-10-18 18:09:00 - [MESSAGE][PASSED] - Object 'Object Repository/Frontend/MatchBetting/button_Meronodds' is clickable

2018-10-18 18:09:00 - [TEST_STEP][PASSED] - delay: Delayed 3 second(s)

2018-10-18 18:09:03 - [MESSAGE][PASSED] - Delayed 3 second(s)

2018-10-18 18:09:03 - [TEST_STEP][PASSED] - Statement - log.logInfo("User balance " + balance): User balance 9,999,999,988,099.00

2018-10-18 18:09:03 - [TEST_STEP][PASSED] - Statement - odds = new java.util.ArrayList(): null

2018-10-18 18:09:03 - [TEST_STEP][PASSED] - Statement - odds.addAll(java.util.Arrays.asList(meron, draw, ftd, wala)): null

2018-10-18 18:09:03 - [TEST_STEP][PASSED] - Statement - rand = new java.util.Random(): null

2018-10-18 18:09:03 - [TEST_STEP][PASSED] - Statement - randodds = rand.nextInt(odds.size()): null

2018-10-18 18:09:03 - [TEST_STEP][PASSED] - Statement - log.logInfo(" meron[0] draw[1] ftd[2] wala[3] ::" + randodds):  meron[0] draw[1] ftd[2] wala[3] ::2

2018-10-18 18:09:03 - [TEST_STEP][PASSED] - Statement - log.logInfo("Odds Selected = " + odds.get(randodds)): Odds Selected = TestObject - 'Object Repository/Frontend/MatchBetting/button_FTDodds'

2018-10-18 18:09:03 - [TEST_STEP][PASSED] - waitForElementClickable: Object 'Object Repository/Frontend/MatchBetting/button_Meronodds' is clickable

2018-10-18 18:09:03 - [MESSAGE][PASSED] - Object 'Object Repository/Frontend/MatchBetting/button_Meronodds' is clickable

2018-10-18 18:09:03 - [TEST_STEP][PASSED] - click: Object: 'Object Repository/Frontend/MatchBetting/button_FTDodds' is clicked on

2018-10-18 18:09:03 - [MESSAGE][PASSED] - Object: 'Object Repository/Frontend/MatchBetting/button_FTDodds' is clicked on

2018-10-18 18:09:03 - [TEST_STEP][PASSED] - verifyElementPresent: Object 'Object Repository/Frontend/MatchBetting/span_Possiblewinning' is present

2018-10-18 18:09:03 - [MESSAGE][PASSED] - Object 'Object Repository/Frontend/MatchBetting/span_Possiblewinning' is present

2018-10-18 18:09:03 - [TEST_STEP][PASSED] - Statement - RA = <not implemented yet for class: org.codehaus.groovy.ast.expr.EmptyExpression>: null

2018-10-18 18:09:03 - [TEST_STEP][PASSED] - Statement - RA = java.lang.Math.random() * 20: null

2018-10-18 18:09:03 - [TEST_STEP][PASSED] - Statement - log.logInfo("Random amount = " + RA): Random amount = 9

2018-10-18 18:09:03 - [TEST_STEP][PASSED] - waitForElementClickable: Object 'Object Repository/Frontend/MatchBetting/button_Meronodds' is clickable

2018-10-18 18:09:03 - [MESSAGE][PASSED] - Object 'Object Repository/Frontend/MatchBetting/button_Meronodds' is clickable

2018-10-18 18:09:03 - [TEST_STEP][PASSED] - setText: Text '900' is set on object 'Object Repository/Frontend/MatchBetting/input_stake'

2018-10-18 18:09:04 - [MESSAGE][PASSED] - Text '900' is set on object 'Object Repository/Frontend/MatchBetting/input_stake'

2018-10-18 18:09:04 - [TEST_STEP][PASSED] - delay: Delayed 2 second(s)

2018-10-18 18:09:06 - [MESSAGE][PASSED] - Delayed 2 second(s)

2018-10-18 18:09:06 - [TEST_STEP][PASSED] - waitForElementClickable: Object 'Object Repository/Frontend/MatchBetting/button_Meronodds' is clickable

2018-10-18 18:09:06 - [MESSAGE][PASSED] - Object 'Object Repository/Frontend/MatchBetting/button_Meronodds' is clickable

2018-10-18 18:09:06 - [TEST_STEP][PASSED] - delay: Delayed 3 second(s)

2018-10-18 18:09:09 - [MESSAGE][PASSED] - Delayed 3 second(s)

2018-10-18 18:09:09 - [TEST_STEP][PASSED] - Statement - log.logInfo("User balance " + balance): User balance 9,999,999,988,099.00

2018-10-18 18:09:09 - [TEST_STEP][PASSED] - Statement - odds = new java.util.ArrayList(): null

2018-10-18 18:09:09 - [TEST_STEP][PASSED] - Statement - odds.addAll(java.util.Arrays.asList(meron, draw, ftd, wala)): null

2018-10-18 18:09:09 - [TEST_STEP][PASSED] - Statement - rand = new java.util.Random(): null

2018-10-18 18:09:09 - [TEST_STEP][PASSED] - Statement - randodds = rand.nextInt(odds.size()): null

2018-10-18 18:09:09 - [TEST_STEP][PASSED] - Statement - log.logInfo(" meron[0] draw[1] ftd[2] wala[3] ::" + randodds):  meron[0] draw[1] ftd[2] wala[3] ::2

2018-10-18 18:09:09 - [TEST_STEP][PASSED] - Statement - log.logInfo("Odds Selected = " + odds.get(randodds)): Odds Selected = TestObject - 'Object Repository/Frontend/MatchBetting/button_FTDodds'

2018-10-18 18:09:09 - [TEST_STEP][PASSED] - waitForElementClickable: Object 'Object Repository/Frontend/MatchBetting/button_Meronodds' is clickable

2018-10-18 18:09:09 - [MESSAGE][PASSED] - Object 'Object Repository/Frontend/MatchBetting/button_Meronodds' is clickable

2018-10-18 18:09:09 - [TEST_STEP][PASSED] - click: Object: 'Object Repository/Frontend/MatchBetting/button_FTDodds' is clicked on

2018-10-18 18:09:09 - [MESSAGE][PASSED] - Object: 'Object Repository/Frontend/MatchBetting/button_FTDodds' is clicked on

2018-10-18 18:09:09 - [TEST_STEP][PASSED] - verifyElementPresent: Object 'Object Repository/Frontend/MatchBetting/span_Possiblewinning' is present

2018-10-18 18:09:09 - [MESSAGE][PASSED] - Object 'Object Repository/Frontend/MatchBetting/span_Possiblewinning' is present

2018-10-18 18:09:09 - [TEST_STEP][PASSED] - Statement - RA = <not implemented yet for class: org.codehaus.groovy.ast.expr.EmptyExpression>: null

2018-10-18 18:09:09 - [TEST_STEP][PASSED] - Statement - RA = java.lang.Math.random() * 20: null

2018-10-18 18:09:09 - [TEST_STEP][PASSED] - Statement - log.logInfo("Random amount = " + RA): Random amount = 9

2018-10-18 18:09:09 - [TEST_STEP][PASSED] - waitForElementClickable: Object 'Object Repository/Frontend/MatchBetting/button_Meronodds' is clickable

2018-10-18 18:09:09 - [MESSAGE][PASSED] - Object 'Object Repository/Frontend/MatchBetting/button_Meronodds' is clickable

2018-10-18 18:09:09 - [TEST_STEP][PASSED] - setText: Text '900' is set on object 'Object Repository/Frontend/MatchBetting/input_stake'

2018-10-18 18:09:09 - [MESSAGE][PASSED] - Text '900' is set on object 'Object Repository/Frontend/MatchBetting/input_stake'

2018-10-18 18:09:09 - [TEST_STEP][PASSED] - delay: Delayed 2 second(s)

2018-10-18 18:09:11 - [MESSAGE][PASSED] - Delayed 2 second(s)

2018-10-18 18:09:11 - [TEST_STEP][PASSED] - waitForElementClickable: Object 'Object Repository/Frontend/MatchBetting/button_Meronodds' is clickable

2018-10-18 18:09:19 - [MESSAGE][PASSED] - Object 'Object Repository/Frontend/MatchBetting/button_Meronodds' is clickable

2018-10-18 18:09:19 - [TEST_STEP][PASSED] - delay: Delayed 3 second(s)

2018-10-18 18:09:22 - [MESSAGE][PASSED] - Delayed 3 second(s)

2018-10-18 18:09:22 - [TEST_STEP][PASSED] - Statement - log.logInfo("User balance " + balance): User balance 9,999,999,988,099.00

2018-10-18 18:09:22 - [TEST_STEP][PASSED] - Statement - odds = new java.util.ArrayList(): null

2018-10-18 18:09:22 - [TEST_STEP][PASSED] - Statement - odds.addAll(java.util.Arrays.asList(meron, draw, ftd, wala)): null

2018-10-18 18:09:22 - [TEST_STEP][PASSED] - Statement - rand = new java.util.Random(): null

2018-10-18 18:09:22 - [TEST_STEP][PASSED] - Statement - randodds = rand.nextInt(odds.size()): null

2018-10-18 18:09:22 - [TEST_STEP][PASSED] - Statement - log.logInfo(" meron[0] draw[1] ftd[2] wala[3] ::" + randodds):  meron[0] draw[1] ftd[2] wala[3] ::1

2018-10-18 18:09:22 - [TEST_STEP][PASSED] - Statement - log.logInfo("Odds Selected = " + odds.get(randodds)): Odds Selected = TestObject - 'Object Repository/Frontend/MatchBetting/button_Drawodds'

2018-10-18 18:09:22 - [TEST_STEP][PASSED] - waitForElementClickable: Object 'Object Repository/Frontend/MatchBetting/button_Meronodds' is clickable

2018-10-18 18:09:22 - [MESSAGE][PASSED] - Object 'Object Repository/Frontend/MatchBetting/button_Meronodds' is clickable

2018-10-18 18:09:22 - [TEST_STEP][PASSED] - click: Object: 'Object Repository/Frontend/MatchBetting/button_Drawodds' is clicked on

2018-10-18 18:09:22 - [MESSAGE][PASSED] - Object: 'Object Repository/Frontend/MatchBetting/button_Drawodds' is clicked on

2018-10-18 18:09:22 - [TEST_STEP][PASSED] - verifyElementPresent: Object 'Object Repository/Frontend/MatchBetting/span_Possiblewinning' is present

2018-10-18 18:09:22 - [MESSAGE][PASSED] - Object 'Object Repository/Frontend/MatchBetting/span_Possiblewinning' is present

2018-10-18 18:09:22 - [TEST_STEP][PASSED] - Statement - RA = <not implemented yet for class: org.codehaus.groovy.ast.expr.EmptyExpression>: null

2018-10-18 18:09:22 - [TEST_STEP][PASSED] - Statement - RA = java.lang.Math.random() * 20: null

2018-10-18 18:09:22 - [TEST_STEP][PASSED] - Statement - log.logInfo("Random amount = " + RA): Random amount = 14

2018-10-18 18:09:22 - [TEST_STEP][PASSED] - waitForElementClickable: Object 'Object Repository/Frontend/MatchBetting/button_Meronodds' is clickable

2018-10-18 18:09:22 - [MESSAGE][PASSED] - Object 'Object Repository/Frontend/MatchBetting/button_Meronodds' is clickable

2018-10-18 18:09:22 - [TEST_STEP][PASSED] - setText: Text '1400' is set on object 'Object Repository/Frontend/MatchBetting/input_stake'

2018-10-18 18:09:22 - [MESSAGE][PASSED] - Text '1400' is set on object 'Object Repository/Frontend/MatchBetting/input_stake'

2018-10-18 18:09:22 - [TEST_STEP][PASSED] - delay: Delayed 2 second(s)

2018-10-18 18:09:24 - [MESSAGE][PASSED] - Delayed 2 second(s)

2018-10-18 18:09:24 - [TEST_STEP][PASSED] - waitForElementClickable: Object 'Object Repository/Frontend/MatchBetting/button_Meronodds' is clickable

2018-10-18 18:09:24 - [MESSAGE][PASSED] - Object 'Object Repository/Frontend/MatchBetting/button_Meronodds' is clickable

2018-10-18 18:09:24 - [TEST_STEP][PASSED] - delay: Delayed 3 second(s)

2018-10-18 18:09:27 - [MESSAGE][PASSED] - Delayed 3 second(s)

2018-10-18 18:09:27 - [TEST_STEP][PASSED] - Statement - log.logInfo("User balance " + balance): User balance 9,999,999,988,099.00

2018-10-18 18:09:27 - [TEST_STEP][PASSED] - Statement - odds = new java.util.ArrayList(): null

2018-10-18 18:09:27 - [TEST_STEP][PASSED] - Statement - odds.addAll(java.util.Arrays.asList(meron, draw, ftd, wala)): null

2018-10-18 18:09:27 - [TEST_STEP][PASSED] - Statement - rand = new java.util.Random(): null

2018-10-18 18:09:27 - [TEST_STEP][PASSED] - Statement - randodds = rand.nextInt(odds.size()): null

2018-10-18 18:09:27 - [TEST_STEP][PASSED] - Statement - log.logInfo(" meron[0] draw[1] ftd[2] wala[3] ::" + randodds):  meron[0] draw[1] ftd[2] wala[3] ::3

2018-10-18 18:09:27 - [TEST_STEP][PASSED] - Statement - log.logInfo("Odds Selected = " + odds.get(randodds)): Odds Selected = TestObject - 'Object Repository/Frontend/MatchBetting/button_Walaodds'

2018-10-18 18:09:27 - [TEST_STEP][PASSED] - waitForElementClickable: Object 'Object Repository/Frontend/MatchBetting/button_Meronodds' is clickable

2018-10-18 18:09:27 - [MESSAGE][PASSED] - Object 'Object Repository/Frontend/MatchBetting/button_Meronodds' is clickable

2018-10-18 18:09:27 - [TEST_STEP][PASSED] - click: Object: 'Object Repository/Frontend/MatchBetting/button_Walaodds' is clicked on

2018-10-18 18:09:27 - [MESSAGE][PASSED] - Object: 'Object Repository/Frontend/MatchBetting/button_Walaodds' is clicked on

2018-10-18 18:09:27 - [TEST_STEP][PASSED] - verifyElementPresent: Object 'Object Repository/Frontend/MatchBetting/span_Possiblewinning' is present

2018-10-18 18:09:27 - [MESSAGE][PASSED] - Object 'Object Repository/Frontend/MatchBetting/span_Possiblewinning' is present

2018-10-18 18:09:27 - [TEST_STEP][PASSED] - Statement - RA = <not implemented yet for class: org.codehaus.groovy.ast.expr.EmptyExpression>: null

2018-10-18 18:09:27 - [TEST_STEP][PASSED] - Statement - RA = java.lang.Math.random() * 20: null

2018-10-18 18:09:27 - [TEST_STEP][PASSED] - Statement - log.logInfo("Random amount = " + RA): Random amount = 6

2018-10-18 18:09:27 - [TEST_STEP][PASSED] - waitForElementClickable: Object 'Object Repository/Frontend/MatchBetting/button_Meronodds' is clickable

2018-10-18 18:09:27 - [MESSAGE][PASSED] - Object 'Object Repository/Frontend/MatchBetting/button_Meronodds' is clickable

2018-10-18 18:09:27 - [TEST_STEP][PASSED] - setText: Text '600' is set on object 'Object Repository/Frontend/MatchBetting/input_stake'

2018-10-18 18:09:28 - [MESSAGE][PASSED] - Text '600' is set on object 'Object Repository/Frontend/MatchBetting/input_stake'

2018-10-18 18:09:28 - [TEST_STEP][PASSED] - delay: Delayed 2 second(s)

2018-10-18 18:09:30 - [MESSAGE][PASSED] - Delayed 2 second(s)

2018-10-18 18:09:30 - [TEST_STEP][PASSED] - waitForElementClickable: Object 'Object Repository/Frontend/MatchBetting/button_Meronodds' is clickable

2018-10-18 18:09:30 - [MESSAGE][PASSED] - Object 'Object Repository/Frontend/MatchBetting/button_Meronodds' is clickable

2018-10-18 18:09:30 - [TEST_STEP][PASSED] - delay: Delayed 3 second(s)

2018-10-18 18:09:33 - [MESSAGE][PASSED] - Delayed 3 second(s)

2018-10-18 18:09:33 - [TEST_STEP][PASSED] - Statement - log.logInfo("User balance " + balance): User balance 9,999,999,988,099.00

2018-10-18 18:09:33 - [TEST_STEP][PASSED] - Statement - odds = new java.util.ArrayList(): null

2018-10-18 18:09:33 - [TEST_STEP][PASSED] - Statement - odds.addAll(java.util.Arrays.asList(meron, draw, ftd, wala)): null

2018-10-18 18:09:33 - [TEST_STEP][PASSED] - Statement - rand = new java.util.Random(): null

2018-10-18 18:09:33 - [TEST_STEP][PASSED] - Statement - randodds = rand.nextInt(odds.size()): null

2018-10-18 18:09:33 - [TEST_STEP][PASSED] - Statement - log.logInfo(" meron[0] draw[1] ftd[2] wala[3] ::" + randodds):  meron[0] draw[1] ftd[2] wala[3] ::1

2018-10-18 18:09:33 - [TEST_STEP][PASSED] - Statement - log.logInfo("Odds Selected = " + odds.get(randodds)): Odds Selected = TestObject - 'Object Repository/Frontend/MatchBetting/button_Drawodds'

2018-10-18 18:09:33 - [TEST_STEP][PASSED] - waitForElementClickable: Object 'Object Repository/Frontend/MatchBetting/button_Meronodds' is clickable

2018-10-18 18:09:33 - [MESSAGE][PASSED] - Object 'Object Repository/Frontend/MatchBetting/button_Meronodds' is clickable

2018-10-18 18:09:33 - [TEST_STEP][PASSED] - click: Object: 'Object Repository/Frontend/MatchBetting/button_Drawodds' is clicked on

2018-10-18 18:09:33 - [MESSAGE][PASSED] - Object: 'Object Repository/Frontend/MatchBetting/button_Drawodds' is clicked on

2018-10-18 18:09:33 - [TEST_STEP][PASSED] - verifyElementPresent: Object 'Object Repository/Frontend/MatchBetting/span_Possiblewinning' is present

2018-10-18 18:09:33 - [MESSAGE][PASSED] - Object 'Object Repository/Frontend/MatchBetting/span_Possiblewinning' is present

2018-10-18 18:09:33 - [TEST_STEP][PASSED] - Statement - RA = <not implemented yet for class: org.codehaus.groovy.ast.expr.EmptyExpression>: null

2018-10-18 18:09:33 - [TEST_STEP][PASSED] - Statement - RA = java.lang.Math.random() * 20: null

2018-10-18 18:09:33 - [TEST_STEP][PASSED] - Statement - log.logInfo("Random amount = " + RA): Random amount = 19

2018-10-18 18:09:33 - [TEST_STEP][PASSED] - waitForElementClickable: Object 'Object Repository/Frontend/MatchBetting/button_Meronodds' is clickable

2018-10-18 18:09:33 - [MESSAGE][PASSED] - Object 'Object Repository/Frontend/MatchBetting/button_Meronodds' is clickable

2018-10-18 18:09:33 - [TEST_STEP][PASSED] - setText: Text '1900' is set on object 'Object Repository/Frontend/MatchBetting/input_stake'

2018-10-18 18:09:33 - [MESSAGE][PASSED] - Text '1900' is set on object 'Object Repository/Frontend/MatchBetting/input_stake'

2018-10-18 18:09:33 - [TEST_STEP][PASSED] - delay: Delayed 2 second(s)

2018-10-18 18:09:35 - [MESSAGE][PASSED] - Delayed 2 second(s)

2018-10-18 18:09:35 - [TEST_STEP][PASSED] - waitForElementClickable: Object 'Object Repository/Frontend/MatchBetting/button_Meronodds' is clickable

2018-10-18 18:09:35 - [MESSAGE][PASSED] - Object 'Object Repository/Frontend/MatchBetting/button_Meronodds' is clickable

2018-10-18 18:09:35 - [TEST_STEP][PASSED] - delay: Delayed 3 second(s)

2018-10-18 18:09:38 - [MESSAGE][PASSED] - Delayed 3 second(s)

2018-10-18 18:09:38 - [TEST_STEP][PASSED] - Statement - log.logInfo("User balance " + balance): User balance 9,999,999,988,099.00

2018-10-18 18:09:38 - [TEST_STEP][PASSED] - Statement - odds = new java.util.ArrayList(): null

2018-10-18 18:09:38 - [TEST_STEP][PASSED] - Statement - odds.addAll(java.util.Arrays.asList(meron, draw, ftd, wala)): null

2018-10-18 18:09:38 - [TEST_STEP][PASSED] - Statement - rand = new java.util.Random(): null

2018-10-18 18:09:38 - [TEST_STEP][PASSED] - Statement - randodds = rand.nextInt(odds.size()): null

2018-10-18 18:09:38 - [TEST_STEP][PASSED] - Statement - log.logInfo(" meron[0] draw[1] ftd[2] wala[3] ::" + randodds):  meron[0] draw[1] ftd[2] wala[3] ::0

2018-10-18 18:09:38 - [TEST_STEP][PASSED] - Statement - log.logInfo("Odds Selected = " + odds.get(randodds)): Odds Selected = TestObject - 'Object Repository/Frontend/MatchBetting/button_Meronodds'

2018-10-18 18:09:38 - [TEST_STEP][PASSED] - waitForElementClickable: Object 'Object Repository/Frontend/MatchBetting/button_Meronodds' is clickable

2018-10-18 18:09:38 - [MESSAGE][PASSED] - Object 'Object Repository/Frontend/MatchBetting/button_Meronodds' is clickable

2018-10-18 18:09:38 - [TEST_STEP][PASSED] - click: Object: 'Object Repository/Frontend/MatchBetting/button_Meronodds' is clicked on

2018-10-18 18:09:38 - [MESSAGE][PASSED] - Object: 'Object Repository/Frontend/MatchBetting/button_Meronodds' is clicked on

2018-10-18 18:09:38 - [TEST_STEP][PASSED] - verifyElementPresent: Object 'Object Repository/Frontend/MatchBetting/span_Possiblewinning' is present

2018-10-18 18:09:38 - [MESSAGE][PASSED] - Object 'Object Repository/Frontend/MatchBetting/span_Possiblewinning' is present

2018-10-18 18:09:38 - [TEST_STEP][PASSED] - Statement - RA = <not implemented yet for class: org.codehaus.groovy.ast.expr.EmptyExpression>: null

2018-10-18 18:09:38 - [TEST_STEP][PASSED] - Statement - RA = java.lang.Math.random() * 20: null

2018-10-18 18:09:38 - [TEST_STEP][PASSED] - Statement - log.logInfo("Random amount = " + RA): Random amount = 14

2018-10-18 18:09:38 - [TEST_STEP][PASSED] - waitForElementClickable: Object 'Object Repository/Frontend/MatchBetting/button_Meronodds' is clickable

2018-10-18 18:09:38 - [MESSAGE][PASSED] - Object 'Object Repository/Frontend/MatchBetting/button_Meronodds' is clickable

2018-10-18 18:09:38 - [TEST_STEP][PASSED] - setText: Text '1400' is set on object 'Object Repository/Frontend/MatchBetting/input_stake'

2018-10-18 18:09:38 - [MESSAGE][PASSED] - Text '1400' is set on object 'Object Repository/Frontend/MatchBetting/input_stake'

2018-10-18 18:09:38 - [TEST_STEP][PASSED] - delay: Delayed 2 second(s)

2018-10-18 18:09:40 - [MESSAGE][PASSED] - Delayed 2 second(s)

2018-10-18 18:09:40 - [TEST_STEP][PASSED] - waitForElementClickable: Object 'Object Repository/Frontend/MatchBetting/button_Meronodds' is clickable

2018-10-18 18:09:40 - [MESSAGE][PASSED] - Object 'Object Repository/Frontend/MatchBetting/button_Meronodds' is clickable

2018-10-18 18:09:40 - [TEST_STEP][PASSED] - delay: Delayed 3 second(s)

2018-10-18 18:09:43 - [MESSAGE][PASSED] - Delayed 3 second(s)

2018-10-18 18:09:43 - [TEST_STEP][PASSED] - Statement - log.logInfo("User balance " + balance): User balance 9,999,999,988,099.00

2018-10-18 18:09:43 - [TEST_STEP][PASSED] - Statement - odds = new java.util.ArrayList(): null

2018-10-18 18:09:43 - [TEST_STEP][PASSED] - Statement - odds.addAll(java.util.Arrays.asList(meron, draw, ftd, wala)): null

2018-10-18 18:09:43 - [TEST_STEP][PASSED] - Statement - rand = new java.util.Random(): null

2018-10-18 18:09:43 - [TEST_STEP][PASSED] - Statement - randodds = rand.nextInt(odds.size()): null

2018-10-18 18:09:43 - [TEST_STEP][PASSED] - Statement - log.logInfo(" meron[0] draw[1] ftd[2] wala[3] ::" + randodds):  meron[0] draw[1] ftd[2] wala[3] ::1

2018-10-18 18:09:43 - [TEST_STEP][PASSED] - Statement - log.logInfo("Odds Selected = " + odds.get(randodds)): Odds Selected = TestObject - 'Object Repository/Frontend/MatchBetting/button_Drawodds'

2018-10-18 18:09:43 - [TEST_STEP][PASSED] - waitForElementClickable: Object 'Object Repository/Frontend/MatchBetting/button_Meronodds' is clickable

2018-10-18 18:09:43 - [MESSAGE][PASSED] - Object 'Object Repository/Frontend/MatchBetting/button_Meronodds' is clickable

2018-10-18 18:09:43 - [TEST_STEP][PASSED] - click: Object: 'Object Repository/Frontend/MatchBetting/button_Drawodds' is clicked on

2018-10-18 18:09:43 - [MESSAGE][PASSED] - Object: 'Object Repository/Frontend/MatchBetting/button_Drawodds' is clicked on

2018-10-18 18:09:43 - [TEST_STEP][PASSED] - verifyElementPresent: Object 'Object Repository/Frontend/MatchBetting/span_Possiblewinning' is present

2018-10-18 18:09:43 - [MESSAGE][PASSED] - Object 'Object Repository/Frontend/MatchBetting/span_Possiblewinning' is present

2018-10-18 18:09:43 - [TEST_STEP][PASSED] - Statement - RA = <not implemented yet for class: org.codehaus.groovy.ast.expr.EmptyExpression>: null

2018-10-18 18:09:43 - [TEST_STEP][PASSED] - Statement - RA = java.lang.Math.random() * 20: null

2018-10-18 18:09:43 - [TEST_STEP][PASSED] - Statement - log.logInfo("Random amount = " + RA): Random amount = 6

2018-10-18 18:09:43 - [TEST_STEP][PASSED] - waitForElementClickable: Object 'Object Repository/Frontend/MatchBetting/button_Meronodds' is clickable

2018-10-18 18:09:43 - [MESSAGE][PASSED] - Object 'Object Repository/Frontend/MatchBetting/button_Meronodds' is clickable

2018-10-18 18:09:43 - [TEST_STEP][PASSED] - setText: Text '600' is set on object 'Object Repository/Frontend/MatchBetting/input_stake'

2018-10-18 18:09:43 - [MESSAGE][PASSED] - Text '600' is set on object 'Object Repository/Frontend/MatchBetting/input_stake'

2018-10-18 18:09:43 - [TEST_STEP][PASSED] - delay: Delayed 2 second(s)

2018-10-18 18:09:45 - [MESSAGE][PASSED] - Delayed 2 second(s)

2018-10-18 18:09:45 - [TEST_STEP][PASSED] - waitForElementClickable: Object 'Object Repository/Frontend/MatchBetting/button_Meronodds' is clickable

2018-10-18 18:09:45 - [MESSAGE][PASSED] - Object 'Object Repository/Frontend/MatchBetting/button_Meronodds' is clickable

2018-10-18 18:09:45 - [TEST_STEP][PASSED] - delay: Delayed 3 second(s)

2018-10-18 18:09:48 - [MESSAGE][PASSED] - Delayed 3 second(s)

2018-10-18 18:09:48 - [TEST_STEP][PASSED] - Statement - log.logInfo("User balance " + balance): User balance 9,999,999,988,099.00

2018-10-18 18:09:48 - [TEST_STEP][PASSED] - Statement - odds = new java.util.ArrayList(): null

2018-10-18 18:09:48 - [TEST_STEP][PASSED] - Statement - odds.addAll(java.util.Arrays.asList(meron, draw, ftd, wala)): null

2018-10-18 18:09:48 - [TEST_STEP][PASSED] - Statement - rand = new java.util.Random(): null

2018-10-18 18:09:48 - [TEST_STEP][PASSED] - Statement - randodds = rand.nextInt(odds.size()): null

2018-10-18 18:09:48 - [TEST_STEP][PASSED] - Statement - log.logInfo(" meron[0] draw[1] ftd[2] wala[3] ::" + randodds):  meron[0] draw[1] ftd[2] wala[3] ::1

2018-10-18 18:09:48 - [TEST_STEP][PASSED] - Statement - log.logInfo("Odds Selected = " + odds.get(randodds)): Odds Selected = TestObject - 'Object Repository/Frontend/MatchBetting/button_Drawodds'

2018-10-18 18:09:48 - [TEST_STEP][PASSED] - waitForElementClickable: Object 'Object Repository/Frontend/MatchBetting/button_Meronodds' is clickable

2018-10-18 18:09:49 - [MESSAGE][PASSED] - Object 'Object Repository/Frontend/MatchBetting/button_Meronodds' is clickable

2018-10-18 18:09:49 - [TEST_STEP][PASSED] - click: Object: 'Object Repository/Frontend/MatchBetting/button_Drawodds' is clicked on

2018-10-18 18:09:49 - [MESSAGE][PASSED] - Object: 'Object Repository/Frontend/MatchBetting/button_Drawodds' is clicked on

2018-10-18 18:09:49 - [TEST_STEP][PASSED] - verifyElementPresent: Object 'Object Repository/Frontend/MatchBetting/span_Possiblewinning' is present

2018-10-18 18:09:49 - [MESSAGE][PASSED] - Object 'Object Repository/Frontend/MatchBetting/span_Possiblewinning' is present

2018-10-18 18:09:49 - [TEST_STEP][PASSED] - Statement - RA = <not implemented yet for class: org.codehaus.groovy.ast.expr.EmptyExpression>: null

2018-10-18 18:09:49 - [TEST_STEP][PASSED] - Statement - RA = java.lang.Math.random() * 20: null

2018-10-18 18:09:49 - [TEST_STEP][PASSED] - Statement - log.logInfo("Random amount = " + RA): Random amount = 17

2018-10-18 18:09:49 - [TEST_STEP][PASSED] - waitForElementClickable: Object 'Object Repository/Frontend/MatchBetting/button_Meronodds' is clickable

2018-10-18 18:09:49 - [MESSAGE][PASSED] - Object 'Object Repository/Frontend/MatchBetting/button_Meronodds' is clickable

2018-10-18 18:09:49 - [TEST_STEP][PASSED] - setText: Text '1700' is set on object 'Object Repository/Frontend/MatchBetting/input_stake'

2018-10-18 18:09:49 - [MESSAGE][PASSED] - Text '1700' is set on object 'Object Repository/Frontend/MatchBetting/input_stake'

2018-10-18 18:09:49 - [TEST_STEP][PASSED] - delay: Delayed 2 second(s)

2018-10-18 18:09:51 - [MESSAGE][PASSED] - Delayed 2 second(s)

2018-10-18 18:09:51 - [TEST_STEP][PASSED] - waitForElementClickable: Object 'Object Repository/Frontend/MatchBetting/button_Meronodds' is clickable

2018-10-18 18:09:51 - [MESSAGE][PASSED] - Object 'Object Repository/Frontend/MatchBetting/button_Meronodds' is clickable

2018-10-18 18:09:51 - [TEST_STEP][PASSED] - delay: Delayed 3 second(s)

2018-10-18 18:09:54 - [MESSAGE][PASSED] - Delayed 3 second(s)

2018-10-18 18:09:54 - [TEST_STEP][PASSED] - Statement - log.logInfo("User balance " + balance): User balance 9,999,999,988,099.00

2018-10-18 18:09:54 - [TEST_STEP][PASSED] - Statement - odds = new java.util.ArrayList(): null

2018-10-18 18:09:54 - [TEST_STEP][PASSED] - Statement - odds.addAll(java.util.Arrays.asList(meron, draw, ftd, wala)): null

2018-10-18 18:09:54 - [TEST_STEP][PASSED] - Statement - rand = new java.util.Random(): null

2018-10-18 18:09:54 - [TEST_STEP][PASSED] - Statement - randodds = rand.nextInt(odds.size()): null

2018-10-18 18:09:54 - [TEST_STEP][PASSED] - Statement - log.logInfo(" meron[0] draw[1] ftd[2] wala[3] ::" + randodds):  meron[0] draw[1] ftd[2] wala[3] ::2

2018-10-18 18:09:54 - [TEST_STEP][PASSED] - Statement - log.logInfo("Odds Selected = " + odds.get(randodds)): Odds Selected = TestObject - 'Object Repository/Frontend/MatchBetting/button_FTDodds'

2018-10-18 18:09:54 - [TEST_STEP][PASSED] - waitForElementClickable: Object 'Object Repository/Frontend/MatchBetting/button_Meronodds' is clickable

2018-10-18 18:09:54 - [MESSAGE][PASSED] - Object 'Object Repository/Frontend/MatchBetting/button_Meronodds' is clickable

2018-10-18 18:09:54 - [TEST_STEP][PASSED] - click: Object: 'Object Repository/Frontend/MatchBetting/button_FTDodds' is clicked on

2018-10-18 18:09:54 - [MESSAGE][PASSED] - Object: 'Object Repository/Frontend/MatchBetting/button_FTDodds' is clicked on

2018-10-18 18:09:54 - [TEST_STEP][PASSED] - verifyElementPresent: Object 'Object Repository/Frontend/MatchBetting/span_Possiblewinning' is present

2018-10-18 18:09:54 - [MESSAGE][PASSED] - Object 'Object Repository/Frontend/MatchBetting/span_Possiblewinning' is present

2018-10-18 18:09:54 - [TEST_STEP][PASSED] - Statement - RA = <not implemented yet for class: org.codehaus.groovy.ast.expr.EmptyExpression>: null

2018-10-18 18:09:54 - [TEST_STEP][PASSED] - Statement - RA = java.lang.Math.random() * 20: null

2018-10-18 18:09:54 - [TEST_STEP][PASSED] - Statement - log.logInfo("Random amount = " + RA): Random amount = 11

2018-10-18 18:09:54 - [TEST_STEP][PASSED] - waitForElementClickable: Object 'Object Repository/Frontend/MatchBetting/button_Meronodds' is clickable

2018-10-18 18:09:54 - [MESSAGE][PASSED] - Object 'Object Repository/Frontend/MatchBetting/button_Meronodds' is clickable

2018-10-18 18:09:54 - [TEST_STEP][PASSED] - setText: Text '1100' is set on object 'Object Repository/Frontend/MatchBetting/input_stake'

2018-10-18 18:09:54 - [MESSAGE][PASSED] - Text '1100' is set on object 'Object Repository/Frontend/MatchBetting/input_stake'

2018-10-18 18:09:54 - [TEST_STEP][PASSED] - delay: Delayed 2 second(s)

2018-10-18 18:09:56 - [MESSAGE][PASSED] - Delayed 2 second(s)

2018-10-18 18:09:56 - [TEST_STEP][FAILED] - waitForElementClickable: Unable to wait for object 'Object Repository/Frontend/MatchBetting/button_Meronodds' to be clickable (Root cause: org.openqa.selenium.WebDriverException: chrome not reachable
  (Session info: chrome=69.0.3497.100)
  (Driver info: chromedriver=2.35.528161 (5b82f2d2aae0ca24b877009200ced9065a772e73),platform=Windows NT 10.0.17134 x86_64) (WARNING: The server did not provide any stacktrace information)
Command duration or timeout: 0 milliseconds
Build info: version: '3.7.1', revision: '8a0099a', time: '2017-11-06T21:07:36.161Z'
System info: host: 'DESKTOP-A1HL9OG', ip: '172.16.8.122', os.name: 'Windows 10', os.arch: 'amd64', os.version: '10.0', java.version: '1.8.0_181'
Driver info: com.kms.katalon.selenium.driver.CChromeDriver
Capabilities {acceptInsecureCerts: false, acceptSslCerts: false, applicationCacheEnabled: false, browserConnectionEnabled: false, browserName: chrome, chrome: {chromedriverVersion: 2.35.528161 (5b82f2d2aae0ca..., userDataDir: C:\Users\RICHAR~1\AppData\L...}, cssSelectorsEnabled: true, databaseEnabled: false, handlesAlerts: true, hasTouchScreen: false, javascriptEnabled: true, locationContextEnabled: true, mobileEmulationEnabled: false, nativeEvents: true, networkConnectionEnabled: false, pageLoadStrategy: normal, platform: XP, platformName: XP, rotatable: false, setWindowRect: true, takesHeapSnapshot: true, takesScreenshot: true, unexpectedAlertBehaviour: , unhandledPromptBehavior: , version: 69.0.3497.100, webStorageEnabled: true}
Session ID: 68b15ff4949291000be76bf9b8b6c465
*** Element info: {Using=xpath, value=//button[contains(@id, 'meron') and (text() = 'Place Odd' or . = 'Place Odd')]})

2018-10-18 18:10:04 - [MESSAGE][WARNING] - Cannot take screenshot

2018-10-18 18:10:04 - [MESSAGE][FAILED] - Unable to wait for object 'Object Repository/Frontend/MatchBetting/button_Meronodds' to be clickable (Root cause: org.openqa.selenium.WebDriverException: chrome not reachable
  (Session info: chrome=69.0.3497.100)
  (Driver info: chromedriver=2.35.528161 (5b82f2d2aae0ca24b877009200ced9065a772e73),platform=Windows NT 10.0.17134 x86_64) (WARNING: The server did not provide any stacktrace information)
Command duration or timeout: 0 milliseconds
Build info: version: '3.7.1', revision: '8a0099a', time: '2017-11-06T21:07:36.161Z'
System info: host: 'DESKTOP-A1HL9OG', ip: '172.16.8.122', os.name: 'Windows 10', os.arch: 'amd64', os.version: '10.0', java.version: '1.8.0_181'
Driver info: com.kms.katalon.selenium.driver.CChromeDriver
Capabilities {acceptInsecureCerts: false, acceptSslCerts: false, applicationCacheEnabled: false, browserConnectionEnabled: false, browserName: chrome, chrome: {chromedriverVersion: 2.35.528161 (5b82f2d2aae0ca..., userDataDir: C:\Users\RICHAR~1\AppData\L...}, cssSelectorsEnabled: true, databaseEnabled: false, handlesAlerts: true, hasTouchScreen: false, javascriptEnabled: true, locationContextEnabled: true, mobileEmulationEnabled: false, nativeEvents: true, networkConnectionEnabled: false, pageLoadStrategy: normal, platform: XP, platformName: XP, rotatable: false, setWindowRect: true, takesHeapSnapshot: true, takesScreenshot: true, unexpectedAlertBehaviour: , unhandledPromptBehavior: , version: 69.0.3497.100, webStorageEnabled: true}
Session ID: 68b15ff4949291000be76bf9b8b6c465
*** Element info: {Using=xpath, value=//button[contains(@id, 'meron') and (text() = 'Place Odd' or . = 'Place Odd')]})

2018-10-18 18:10:04 - [TEST_STEP][PASSED] - delay: Delayed 3 second(s)

2018-10-18 18:10:07 - [MESSAGE][PASSED] - Delayed 3 second(s)

2018-10-18 18:10:07 - [TEST_STEP][PASSED] - Statement - log.logInfo("User balance " + balance): User balance 9,999,999,988,099.00

2018-10-18 18:10:07 - [TEST_STEP][PASSED] - Statement - odds = new java.util.ArrayList(): null

2018-10-18 18:10:07 - [TEST_STEP][PASSED] - Statement - odds.addAll(java.util.Arrays.asList(meron, draw, ftd, wala)): null

2018-10-18 18:10:07 - [TEST_STEP][PASSED] - Statement - rand = new java.util.Random(): null

2018-10-18 18:10:07 - [TEST_STEP][PASSED] - Statement - randodds = rand.nextInt(odds.size()): null

2018-10-18 18:10:07 - [TEST_STEP][PASSED] - Statement - log.logInfo(" meron[0] draw[1] ftd[2] wala[3] ::" + randodds):  meron[0] draw[1] ftd[2] wala[3] ::1

2018-10-18 18:10:07 - [TEST_STEP][PASSED] - Statement - log.logInfo("Odds Selected = " + odds.get(randodds)): Odds Selected = TestObject - 'Object Repository/Frontend/MatchBetting/button_Drawodds'

2018-10-18 18:10:07 - [TEST_STEP][FAILED] - waitForElementClickable: Unable to wait for object 'Object Repository/Frontend/MatchBetting/button_Meronodds' to be clickable (Root cause: org.openqa.selenium.WebDriverException: chrome not reachable
  (Session info: chrome=69.0.3497.100)
  (Driver info: chromedriver=2.35.528161 (5b82f2d2aae0ca24b877009200ced9065a772e73),platform=Windows NT 10.0.17134 x86_64) (WARNING: The server did not provide any stacktrace information)
Command duration or timeout: 0 milliseconds
Build info: version: '3.7.1', revision: '8a0099a', time: '2017-11-06T21:07:36.161Z'
System info: host: 'DESKTOP-A1HL9OG', ip: '172.16.8.122', os.name: 'Windows 10', os.arch: 'amd64', os.version: '10.0', java.version: '1.8.0_181'
Driver info: com.kms.katalon.selenium.driver.CChromeDriver
Capabilities {acceptInsecureCerts: false, acceptSslCerts: false, applicationCacheEnabled: false, browserConnectionEnabled: false, browserName: chrome, chrome: {chromedriverVersion: 2.35.528161 (5b82f2d2aae0ca..., userDataDir: C:\Users\RICHAR~1\AppData\L...}, cssSelectorsEnabled: true, databaseEnabled: false, handlesAlerts: true, hasTouchScreen: false, javascriptEnabled: true, locationContextEnabled: true, mobileEmulationEnabled: false, nativeEvents: true, networkConnectionEnabled: false, pageLoadStrategy: normal, platform: XP, platformName: XP, rotatable: false, setWindowRect: true, takesHeapSnapshot: true, takesScreenshot: true, unexpectedAlertBehaviour: , unhandledPromptBehavior: , version: 69.0.3497.100, webStorageEnabled: true}
Session ID: 68b15ff4949291000be76bf9b8b6c465
*** Element info: {Using=xpath, value=//button[contains(@id, 'meron') and (text() = 'Place Odd' or . = 'Place Odd')]})

2018-10-18 18:10:15 - [MESSAGE][WARNING] - Cannot take screenshot

2018-10-18 18:10:15 - [MESSAGE][FAILED] - Unable to wait for object 'Object Repository/Frontend/MatchBetting/button_Meronodds' to be clickable (Root cause: org.openqa.selenium.WebDriverException: chrome not reachable
  (Session info: chrome=69.0.3497.100)
  (Driver info: chromedriver=2.35.528161 (5b82f2d2aae0ca24b877009200ced9065a772e73),platform=Windows NT 10.0.17134 x86_64) (WARNING: The server did not provide any stacktrace information)
Command duration or timeout: 0 milliseconds
Build info: version: '3.7.1', revision: '8a0099a', time: '2017-11-06T21:07:36.161Z'
System info: host: 'DESKTOP-A1HL9OG', ip: '172.16.8.122', os.name: 'Windows 10', os.arch: 'amd64', os.version: '10.0', java.version: '1.8.0_181'
Driver info: com.kms.katalon.selenium.driver.CChromeDriver
Capabilities {acceptInsecureCerts: false, acceptSslCerts: false, applicationCacheEnabled: false, browserConnectionEnabled: false, browserName: chrome, chrome: {chromedriverVersion: 2.35.528161 (5b82f2d2aae0ca..., userDataDir: C:\Users\RICHAR~1\AppData\L...}, cssSelectorsEnabled: true, databaseEnabled: false, handlesAlerts: true, hasTouchScreen: false, javascriptEnabled: true, locationContextEnabled: true, mobileEmulationEnabled: false, nativeEvents: true, networkConnectionEnabled: false, pageLoadStrategy: normal, platform: XP, platformName: XP, rotatable: false, setWindowRect: true, takesHeapSnapshot: true, takesScreenshot: true, unexpectedAlertBehaviour: , unhandledPromptBehavior: , version: 69.0.3497.100, webStorageEnabled: true}
Session ID: 68b15ff4949291000be76bf9b8b6c465
*** Element info: {Using=xpath, value=//button[contains(@id, 'meron') and (text() = 'Place Odd' or . = 'Place Odd')]})

2018-10-18 18:10:15 - [TEST_STEP][FAILED] - click: Unable to click on object 'Object Repository/Frontend/MatchBetting/button_Drawodds' (Root cause: org.openqa.selenium.WebDriverException: chrome not reachable
  (Session info: chrome=69.0.3497.100)
  (Driver info: chromedriver=2.35.528161 (5b82f2d2aae0ca24b877009200ced9065a772e73),platform=Windows NT 10.0.17134 x86_64) (WARNING: The server did not provide any stacktrace information)
Command duration or timeout: 0 milliseconds
Build info: version: '3.7.1', revision: '8a0099a', time: '2017-11-06T21:07:36.161Z'
System info: host: 'DESKTOP-A1HL9OG', ip: '172.16.8.122', os.name: 'Windows 10', os.arch: 'amd64', os.version: '10.0', java.version: '1.8.0_181'
Driver info: com.kms.katalon.selenium.driver.CChromeDriver
Capabilities {acceptInsecureCerts: false, acceptSslCerts: false, applicationCacheEnabled: false, browserConnectionEnabled: false, browserName: chrome, chrome: {chromedriverVersion: 2.35.528161 (5b82f2d2aae0ca..., userDataDir: C:\Users\RICHAR~1\AppData\L...}, cssSelectorsEnabled: true, databaseEnabled: false, handlesAlerts: true, hasTouchScreen: false, javascriptEnabled: true, locationContextEnabled: true, mobileEmulationEnabled: false, nativeEvents: true, networkConnectionEnabled: false, pageLoadStrategy: normal, platform: XP, platformName: XP, rotatable: false, setWindowRect: true, takesHeapSnapshot: true, takesScreenshot: true, unexpectedAlertBehaviour: , unhandledPromptBehavior: , version: 69.0.3497.100, webStorageEnabled: true}
Session ID: 68b15ff4949291000be76bf9b8b6c465
*** Element info: {Using=xpath, value=//button[contains(@id, 'draw') and (text() = 'Place Odd' or . = 'Place Odd')]})

2018-10-18 18:10:23 - [MESSAGE][WARNING] - Cannot take screenshot

2018-10-18 18:10:23 - [MESSAGE][FAILED] - Unable to click on object 'Object Repository/Frontend/MatchBetting/button_Drawodds' (Root cause: org.openqa.selenium.WebDriverException: chrome not reachable
  (Session info: chrome=69.0.3497.100)
  (Driver info: chromedriver=2.35.528161 (5b82f2d2aae0ca24b877009200ced9065a772e73),platform=Windows NT 10.0.17134 x86_64) (WARNING: The server did not provide any stacktrace information)
Command duration or timeout: 0 milliseconds
Build info: version: '3.7.1', revision: '8a0099a', time: '2017-11-06T21:07:36.161Z'
System info: host: 'DESKTOP-A1HL9OG', ip: '172.16.8.122', os.name: 'Windows 10', os.arch: 'amd64', os.version: '10.0', java.version: '1.8.0_181'
Driver info: com.kms.katalon.selenium.driver.CChromeDriver
Capabilities {acceptInsecureCerts: false, acceptSslCerts: false, applicationCacheEnabled: false, browserConnectionEnabled: false, browserName: chrome, chrome: {chromedriverVersion: 2.35.528161 (5b82f2d2aae0ca..., userDataDir: C:\Users\RICHAR~1\AppData\L...}, cssSelectorsEnabled: true, databaseEnabled: false, handlesAlerts: true, hasTouchScreen: false, javascriptEnabled: true, locationContextEnabled: true, mobileEmulationEnabled: false, nativeEvents: true, networkConnectionEnabled: false, pageLoadStrategy: normal, platform: XP, platformName: XP, rotatable: false, setWindowRect: true, takesHeapSnapshot: true, takesScreenshot: true, unexpectedAlertBehaviour: , unhandledPromptBehavior: , version: 69.0.3497.100, webStorageEnabled: true}
Session ID: 68b15ff4949291000be76bf9b8b6c465
*** Element info: {Using=xpath, value=//button[contains(@id, 'draw') and (text() = 'Place Odd' or . = 'Place Odd')]})]]></system-out>
         <system-err><![CDATA[2018-10-18 18:08:33 - [TEST_CASE][FAILED] - Test Cases/Frontend/PlaceBet/RandomOddsAndAMount: Test Cases/Frontend/PlaceBet/RandomOddsAndAMount FAILED because (of) (Stack trace: com.kms.katalon.core.exception.StepFailedException: Unable to wait for object 'Object Repository/Frontend/MatchBetting/button_Meronodds' to be clickable (Root cause: org.openqa.selenium.WebDriverException: chrome not reachable
  (Session info: chrome=69.0.3497.100)
  (Driver info: chromedriver=2.35.528161 (5b82f2d2aae0ca24b877009200ced9065a772e73),platform=Windows NT 10.0.17134 x86_64) (WARNING: The server did not provide any stacktrace information)
Command duration or timeout: 0 milliseconds
Build info: version: '3.7.1', revision: '8a0099a', time: '2017-11-06T21:07:36.161Z'
System info: host: 'DESKTOP-A1HL9OG', ip: '172.16.8.122', os.name: 'Windows 10', os.arch: 'amd64', os.version: '10.0', java.version: '1.8.0_181'
Driver info: com.kms.katalon.selenium.driver.CChromeDriver
Capabilities {acceptInsecureCerts: false, acceptSslCerts: false, applicationCacheEnabled: false, browserConnectionEnabled: false, browserName: chrome, chrome: {chromedriverVersion: 2.35.528161 (5b82f2d2aae0ca..., userDataDir: C:\Users\RICHAR~1\AppData\L...}, cssSelectorsEnabled: true, databaseEnabled: false, handlesAlerts: true, hasTouchScreen: false, javascriptEnabled: true, locationContextEnabled: true, mobileEmulationEnabled: false, nativeEvents: true, networkConnectionEnabled: false, pageLoadStrategy: normal, platform: XP, platformName: XP, rotatable: false, setWindowRect: true, takesHeapSnapshot: true, takesScreenshot: true, unexpectedAlertBehaviour: , unhandledPromptBehavior: , version: 69.0.3497.100, webStorageEnabled: true}
Session ID: 68b15ff4949291000be76bf9b8b6c465
*** Element info: {Using=xpath, value=//button[contains(@id, 'meron') and (text() = 'Place Odd' or . = 'Place Odd')]})
	at com.kms.katalon.core.keyword.internal.KeywordMain.stepFailed(KeywordMain.groovy:32)
	at com.kms.katalon.core.webui.keyword.internal.WebUIKeywordMain.stepFailed(WebUIKeywordMain.groovy:65)
	at com.kms.katalon.core.webui.keyword.internal.WebUIKeywordMain.runKeyword(WebUIKeywordMain.groovy:27)
	at com.kms.katalon.core.webui.keyword.builtin.WaitForElementClickableKeyword.waitForElementClickable(WaitForElementClickableKeyword.groovy:108)
	at com.kms.katalon.core.webui.keyword.builtin.WaitForElementClickableKeyword.execute(WaitForElementClickableKeyword.groovy:68)
	at com.kms.katalon.core.keyword.internal.KeywordExecutor.executeKeywordForPlatform(KeywordExecutor.groovy:53)
	at com.kms.katalon.core.webui.keyword.WebUiBuiltInKeywords.waitForElementClickable(WebUiBuiltInKeywords.groovy:484)
	at com.kms.katalon.core.webui.keyword.WebUiBuiltInKeywords$waitForElementClickable$5.call(Unknown Source)
	at Script1539674510987.run(Script1539674510987.groovy:80)
	at com.kms.katalon.core.main.ScriptEngine.run(ScriptEngine.java:183)
	at com.kms.katalon.core.main.ScriptEngine.runScriptAsRawText(ScriptEngine.java:108)
	at com.kms.katalon.core.main.TestCaseExecutor.runScript(TestCaseExecutor.java:294)
	at com.kms.katalon.core.main.TestCaseExecutor.doExecute(TestCaseExecutor.java:285)
	at com.kms.katalon.core.main.TestCaseExecutor.processExecutionPhase(TestCaseExecutor.java:264)
	at com.kms.katalon.core.main.TestCaseExecutor.accessMainPhase(TestCaseExecutor.java:256)
	at com.kms.katalon.core.main.TestCaseExecutor.execute(TestCaseExecutor.java:200)
	at com.kms.katalon.core.main.TestSuiteExecutor.accessTestCaseMainPhase(TestSuiteExecutor.java:129)
	at com.kms.katalon.core.main.TestSuiteExecutor.accessTestSuiteMainPhase(TestSuiteExecutor.java:112)
	at com.kms.katalon.core.main.TestSuiteExecutor.execute(TestSuiteExecutor.java:81)
	at com.kms.katalon.core.main.TestCaseMain.startTestSuite(TestCaseMain.java:142)
	at com.kms.katalon.core.main.TestCaseMain$startTestSuite$0.call(Unknown Source)
	at org.codehaus.groovy.runtime.callsite.CallSiteArray.defaultCall(CallSiteArray.java:48)
	at org.codehaus.groovy.runtime.callsite.AbstractCallSite.call(AbstractCallSite.java:113)
	at org.codehaus.groovy.runtime.callsite.AbstractCallSite.call(AbstractCallSite.java:141)
	at TempTestSuite1539857311520.run(TempTestSuite1539857311520.groovy:36)
	at groovy.lang.GroovyShell.runScriptOrMainOrTestOrRunnable(GroovyShell.java:263)
	at groovy.lang.GroovyShell.run(GroovyShell.java:518)
	at groovy.lang.GroovyShell.run(GroovyShell.java:507)
	at groovy.ui.GroovyMain.processOnce(GroovyMain.java:653)
	at groovy.ui.GroovyMain.run(GroovyMain.java:384)
	at groovy.ui.GroovyMain.process(GroovyMain.java:370)
	at groovy.ui.GroovyMain.processArgs(GroovyMain.java:129)
	at groovy.ui.GroovyMain.main(GroovyMain.java:109)
	at sun.reflect.NativeMethodAccessorImpl.invoke0(Native Method)
	at sun.reflect.NativeMethodAccessorImpl.invoke(NativeMethodAccessorImpl.java:62)
	at sun.reflect.DelegatingMethodAccessorImpl.invoke(DelegatingMethodAccessorImpl.java:43)
	at java.lang.reflect.Method.invoke(Method.java:498)
	at org.codehaus.groovy.tools.GroovyStarter.rootLoader(GroovyStarter.java:109)
	at org.codehaus.groovy.tools.GroovyStarter.main(GroovyStarter.java:131)
)]]></system-err>
      </testcase>
      <system-out><![CDATA[2018-10-18 18:08:33 - [TEST_SUITE][FAILED] - big1: Test Cases/Frontend/PlaceBet/RandomOddsAndAMount FAILED because (of) (Stack trace: com.kms.katalon.core.exception.StepFailedException: Unable to wait for object 'Object Repository/Frontend/MatchBetting/button_Meronodds' to be clickable (Root cause: org.openqa.selenium.WebDriverException: chrome not reachable
  (Session info: chrome=69.0.3497.100)
  (Driver info: chromedriver=2.35.528161 (5b82f2d2aae0ca24b877009200ced9065a772e73),platform=Windows NT 10.0.17134 x86_64) (WARNING: The server did not provide any stacktrace information)
Command duration or timeout: 0 milliseconds
Build info: version: '3.7.1', revision: '8a0099a', time: '2017-11-06T21:07:36.161Z'
System info: host: 'DESKTOP-A1HL9OG', ip: '172.16.8.122', os.name: 'Windows 10', os.arch: 'amd64', os.version: '10.0', java.version: '1.8.0_181'
Driver info: com.kms.katalon.selenium.driver.CChromeDriver
Capabilities {acceptInsecureCerts: false, acceptSslCerts: false, applicationCacheEnabled: false, browserConnectionEnabled: false, browserName: chrome, chrome: {chromedriverVersion: 2.35.528161 (5b82f2d2aae0ca..., userDataDir: C:\Users\RICHAR~1\AppData\L...}, cssSelectorsEnabled: true, databaseEnabled: false, handlesAlerts: true, hasTouchScreen: false, javascriptEnabled: true, locationContextEnabled: true, mobileEmulationEnabled: false, nativeEvents: true, networkConnectionEnabled: false, pageLoadStrategy: normal, platform: XP, platformName: XP, rotatable: false, setWindowRect: true, takesHeapSnapshot: true, takesScreenshot: true, unexpectedAlertBehaviour: , unhandledPromptBehavior: , version: 69.0.3497.100, webStorageEnabled: true}
Session ID: 68b15ff4949291000be76bf9b8b6c465
*** Element info: {Using=xpath, value=//button[contains(@id, 'meron') and (text() = 'Place Odd' or . = 'Place Odd')]})
	at com.kms.katalon.core.keyword.internal.KeywordMain.stepFailed(KeywordMain.groovy:32)
	at com.kms.katalon.core.webui.keyword.internal.WebUIKeywordMain.stepFailed(WebUIKeywordMain.groovy:65)
	at com.kms.katalon.core.webui.keyword.internal.WebUIKeywordMain.runKeyword(WebUIKeywordMain.groovy:27)
	at com.kms.katalon.core.webui.keyword.builtin.WaitForElementClickableKeyword.waitForElementClickable(WaitForElementClickableKeyword.groovy:108)
	at com.kms.katalon.core.webui.keyword.builtin.WaitForElementClickableKeyword.execute(WaitForElementClickableKeyword.groovy:68)
	at com.kms.katalon.core.keyword.internal.KeywordExecutor.executeKeywordForPlatform(KeywordExecutor.groovy:53)
	at com.kms.katalon.core.webui.keyword.WebUiBuiltInKeywords.waitForElementClickable(WebUiBuiltInKeywords.groovy:484)
	at com.kms.katalon.core.webui.keyword.WebUiBuiltInKeywords$waitForElementClickable$5.call(Unknown Source)
	at Script1539674510987.run(Script1539674510987.groovy:80)
	at com.kms.katalon.core.main.ScriptEngine.run(ScriptEngine.java:183)
	at com.kms.katalon.core.main.ScriptEngine.runScriptAsRawText(ScriptEngine.java:108)
	at com.kms.katalon.core.main.TestCaseExecutor.runScript(TestCaseExecutor.java:294)
	at com.kms.katalon.core.main.TestCaseExecutor.doExecute(TestCaseExecutor.java:285)
	at com.kms.katalon.core.main.TestCaseExecutor.processExecutionPhase(TestCaseExecutor.java:264)
	at com.kms.katalon.core.main.TestCaseExecutor.accessMainPhase(TestCaseExecutor.java:256)
	at com.kms.katalon.core.main.TestCaseExecutor.execute(TestCaseExecutor.java:200)
	at com.kms.katalon.core.main.TestSuiteExecutor.accessTestCaseMainPhase(TestSuiteExecutor.java:129)
	at com.kms.katalon.core.main.TestSuiteExecutor.accessTestSuiteMainPhase(TestSuiteExecutor.java:112)
	at com.kms.katalon.core.main.TestSuiteExecutor.execute(TestSuiteExecutor.java:81)
	at com.kms.katalon.core.main.TestCaseMain.startTestSuite(TestCaseMain.java:142)
	at com.kms.katalon.core.main.TestCaseMain$startTestSuite$0.call(Unknown Source)
	at org.codehaus.groovy.runtime.callsite.CallSiteArray.defaultCall(CallSiteArray.java:48)
	at org.codehaus.groovy.runtime.callsite.AbstractCallSite.call(AbstractCallSite.java:113)
	at org.codehaus.groovy.runtime.callsite.AbstractCallSite.call(AbstractCallSite.java:141)
	at TempTestSuite1539857311520.run(TempTestSuite1539857311520.groovy:36)
	at groovy.lang.GroovyShell.runScriptOrMainOrTestOrRunnable(GroovyShell.java:263)
	at groovy.lang.GroovyShell.run(GroovyShell.java:518)
	at groovy.lang.GroovyShell.run(GroovyShell.java:507)
	at groovy.ui.GroovyMain.processOnce(GroovyMain.java:653)
	at groovy.ui.GroovyMain.run(GroovyMain.java:384)
	at groovy.ui.GroovyMain.process(GroovyMain.java:370)
	at groovy.ui.GroovyMain.processArgs(GroovyMain.java:129)
	at groovy.ui.GroovyMain.main(GroovyMain.java:109)
	at sun.reflect.NativeMethodAccessorImpl.invoke0(Native Method)
	at sun.reflect.NativeMethodAccessorImpl.invoke(NativeMethodAccessorImpl.java:62)
	at sun.reflect.DelegatingMethodAccessorImpl.invoke(DelegatingMethodAccessorImpl.java:43)
	at java.lang.reflect.Method.invoke(Method.java:498)
	at org.codehaus.groovy.tools.GroovyStarter.rootLoader(GroovyStarter.java:109)
	at org.codehaus.groovy.tools.GroovyStarter.main(GroovyStarter.java:131)
)]]></system-out>
      <system-err><![CDATA[2018-10-18 18:08:33 - [TEST_SUITE][FAILED] - big1: Test Cases/Frontend/PlaceBet/RandomOddsAndAMount FAILED because (of) (Stack trace: com.kms.katalon.core.exception.StepFailedException: Unable to wait for object 'Object Repository/Frontend/MatchBetting/button_Meronodds' to be clickable (Root cause: org.openqa.selenium.WebDriverException: chrome not reachable
  (Session info: chrome=69.0.3497.100)
  (Driver info: chromedriver=2.35.528161 (5b82f2d2aae0ca24b877009200ced9065a772e73),platform=Windows NT 10.0.17134 x86_64) (WARNING: The server did not provide any stacktrace information)
Command duration or timeout: 0 milliseconds
Build info: version: '3.7.1', revision: '8a0099a', time: '2017-11-06T21:07:36.161Z'
System info: host: 'DESKTOP-A1HL9OG', ip: '172.16.8.122', os.name: 'Windows 10', os.arch: 'amd64', os.version: '10.0', java.version: '1.8.0_181'
Driver info: com.kms.katalon.selenium.driver.CChromeDriver
Capabilities {acceptInsecureCerts: false, acceptSslCerts: false, applicationCacheEnabled: false, browserConnectionEnabled: false, browserName: chrome, chrome: {chromedriverVersion: 2.35.528161 (5b82f2d2aae0ca..., userDataDir: C:\Users\RICHAR~1\AppData\L...}, cssSelectorsEnabled: true, databaseEnabled: false, handlesAlerts: true, hasTouchScreen: false, javascriptEnabled: true, locationContextEnabled: true, mobileEmulationEnabled: false, nativeEvents: true, networkConnectionEnabled: false, pageLoadStrategy: normal, platform: XP, platformName: XP, rotatable: false, setWindowRect: true, takesHeapSnapshot: true, takesScreenshot: true, unexpectedAlertBehaviour: , unhandledPromptBehavior: , version: 69.0.3497.100, webStorageEnabled: true}
Session ID: 68b15ff4949291000be76bf9b8b6c465
*** Element info: {Using=xpath, value=//button[contains(@id, 'meron') and (text() = 'Place Odd' or . = 'Place Odd')]})
	at com.kms.katalon.core.keyword.internal.KeywordMain.stepFailed(KeywordMain.groovy:32)
	at com.kms.katalon.core.webui.keyword.internal.WebUIKeywordMain.stepFailed(WebUIKeywordMain.groovy:65)
	at com.kms.katalon.core.webui.keyword.internal.WebUIKeywordMain.runKeyword(WebUIKeywordMain.groovy:27)
	at com.kms.katalon.core.webui.keyword.builtin.WaitForElementClickableKeyword.waitForElementClickable(WaitForElementClickableKeyword.groovy:108)
	at com.kms.katalon.core.webui.keyword.builtin.WaitForElementClickableKeyword.execute(WaitForElementClickableKeyword.groovy:68)
	at com.kms.katalon.core.keyword.internal.KeywordExecutor.executeKeywordForPlatform(KeywordExecutor.groovy:53)
	at com.kms.katalon.core.webui.keyword.WebUiBuiltInKeywords.waitForElementClickable(WebUiBuiltInKeywords.groovy:484)
	at com.kms.katalon.core.webui.keyword.WebUiBuiltInKeywords$waitForElementClickable$5.call(Unknown Source)
	at Script1539674510987.run(Script1539674510987.groovy:80)
	at com.kms.katalon.core.main.ScriptEngine.run(ScriptEngine.java:183)
	at com.kms.katalon.core.main.ScriptEngine.runScriptAsRawText(ScriptEngine.java:108)
	at com.kms.katalon.core.main.TestCaseExecutor.runScript(TestCaseExecutor.java:294)
	at com.kms.katalon.core.main.TestCaseExecutor.doExecute(TestCaseExecutor.java:285)
	at com.kms.katalon.core.main.TestCaseExecutor.processExecutionPhase(TestCaseExecutor.java:264)
	at com.kms.katalon.core.main.TestCaseExecutor.accessMainPhase(TestCaseExecutor.java:256)
	at com.kms.katalon.core.main.TestCaseExecutor.execute(TestCaseExecutor.java:200)
	at com.kms.katalon.core.main.TestSuiteExecutor.accessTestCaseMainPhase(TestSuiteExecutor.java:129)
	at com.kms.katalon.core.main.TestSuiteExecutor.accessTestSuiteMainPhase(TestSuiteExecutor.java:112)
	at com.kms.katalon.core.main.TestSuiteExecutor.execute(TestSuiteExecutor.java:81)
	at com.kms.katalon.core.main.TestCaseMain.startTestSuite(TestCaseMain.java:142)
	at com.kms.katalon.core.main.TestCaseMain$startTestSuite$0.call(Unknown Source)
	at org.codehaus.groovy.runtime.callsite.CallSiteArray.defaultCall(CallSiteArray.java:48)
	at org.codehaus.groovy.runtime.callsite.AbstractCallSite.call(AbstractCallSite.java:113)
	at org.codehaus.groovy.runtime.callsite.AbstractCallSite.call(AbstractCallSite.java:141)
	at TempTestSuite1539857311520.run(TempTestSuite1539857311520.groovy:36)
	at groovy.lang.GroovyShell.runScriptOrMainOrTestOrRunnable(GroovyShell.java:263)
	at groovy.lang.GroovyShell.run(GroovyShell.java:518)
	at groovy.lang.GroovyShell.run(GroovyShell.java:507)
	at groovy.ui.GroovyMain.processOnce(GroovyMain.java:653)
	at groovy.ui.GroovyMain.run(GroovyMain.java:384)
	at groovy.ui.GroovyMain.process(GroovyMain.java:370)
	at groovy.ui.GroovyMain.processArgs(GroovyMain.java:129)
	at groovy.ui.GroovyMain.main(GroovyMain.java:109)
	at sun.reflect.NativeMethodAccessorImpl.invoke0(Native Method)
	at sun.reflect.NativeMethodAccessorImpl.invoke(NativeMethodAccessorImpl.java:62)
	at sun.reflect.DelegatingMethodAccessorImpl.invoke(DelegatingMethodAccessorImpl.java:43)
	at java.lang.reflect.Method.invoke(Method.java:498)
	at org.codehaus.groovy.tools.GroovyStarter.rootLoader(GroovyStarter.java:109)
	at org.codehaus.groovy.tools.GroovyStarter.main(GroovyStarter.java:131)
)]]></system-err>
   </testsuite>
</testsuites>
