<?xml version="1.0" encoding="UTF-8"?>
<testsuites name="testing" time="20" tests="2" failures="0" errors="0">
   <testsuite name="testing" tests="2" failures="0" errors="0" time="20" timestamp="2018-11-05 11:19:57" hostname="ops.02 - NXT-OPS02.nxtgame.local" id="Test Suites/dailyTesting/betting/testing">
      <properties>
         <property name="deviceName" value=""/>
         <property name="devicePlatform" value=""/>
         <property name="logFolder" value="C:\\Users\\ops.02\\git\\UCF\\Reports\\dailyTesting\\betting\\testing\\20181105_111951"/>
         <property name="logFiles" value="C:\\Users\\ops.02\\git\\UCF\\Reports\\dailyTesting\\betting\\testing\\20181105_111951\\execution0.log"/>
         <property name="attachments" value=""/>
         <property name="hostName" value="ops.02 - NXT-OPS02.nxtgame.local"/>
         <property name="os" value="Windows 10 64bit"/>
         <property name="katalonVersion" value="5.8.0.1"/>
         <property name="browser" value="Chrome 70.0.3538.77"/>
         <property name="hostAddress" value="172.16.8.115"/>
         <property name="sessionId" value="0d1e5e66d8d4f697a9dc8a9a23e83b70"/>
         <property name="seleniumVersion" value="unknown"/>
         <property name="proxyInformation" value="ProxyInformation{proxyOption=NO_PROXY, proxyServerType=HTTP, password=, proxyServerAddress=, proxyServerPort=0}"/>
         <property name="platform" value="Windows 10"/>
      </properties>
      <testcase name="Test Cases/dailyTesting/betting/frontendLogin" classname="Test Cases/dailyTesting/betting/frontendLogin" status="PASSED">
         <system-out><![CDATA[2018-11-05 11:19:57 - [TEST_CASE][PASSED] - Test Cases/dailyTesting/betting/frontendLogin: Test Cases/dailyTesting/betting/frontendLogin

2018-11-05 11:19:58 - [TEST_STEP][PASSED] - openBrowser: Browser is opened with url: ''

2018-11-05 11:20:03 - [MESSAGE][PASSED] - Browser is opened with url: ''

2018-11-05 11:20:03 - [TEST_STEP][PASSED] - maximizeWindow: Current window maximized

2018-11-05 11:20:04 - [MESSAGE][PASSED] - Current window maximized

2018-11-05 11:20:04 - [TEST_STEP][PASSED] - navigateToUrl: Navigate to 'http://dev-operator.ucf88.com/#/' successfully

2018-11-05 11:20:06 - [MESSAGE][PASSED] - Navigate to 'http://dev-operator.ucf88.com/#/' successfully

2018-11-05 11:20:06 - [TEST_STEP][PASSED] - setText: Text 'blaze06' is set on object 'Object Repository/Frontend/Login/OperatorFrontendLogin/input_Login_username'

2018-11-05 11:20:06 - [MESSAGE][PASSED] - Text 'blaze06' is set on object 'Object Repository/Frontend/Login/OperatorFrontendLogin/input_Login_username'

2018-11-05 11:20:06 - [TEST_STEP][PASSED] - setEncryptedText: Text ****** has been set on object 'Object Repository/Frontend/Login/OperatorFrontendLogin/input_Login_password'

2018-11-05 11:20:06 - [MESSAGE][PASSED] - Text ****** has been set on object 'Object Repository/Frontend/Login/OperatorFrontendLogin/input_Login_password'

2018-11-05 11:20:06 - [TEST_STEP][PASSED] - delay: Delayed 2 second(s)

2018-11-05 11:20:08 - [MESSAGE][PASSED] - Delayed 2 second(s)

2018-11-05 11:20:08 - [TEST_STEP][PASSED] - click: Object: 'Object Repository/Frontend/Login/OperatorFrontendLogin/button_Login' is clicked on

2018-11-05 11:20:08 - [MESSAGE][PASSED] - Object: 'Object Repository/Frontend/Login/OperatorFrontendLogin/button_Login' is clicked on

2018-11-05 11:20:08 - [TEST_STEP][PASSED] - waitForElementPresent: Object 'Object Repository/Frontend/Login/OperatorFrontendLogin/username' is present

2018-11-05 11:20:09 - [MESSAGE][PASSED] - Object 'Object Repository/Frontend/Login/OperatorFrontendLogin/username' is present

2018-11-05 11:20:09 - [TEST_STEP][PASSED] - delay: Delayed 5 second(s)

2018-11-05 11:20:14 - [MESSAGE][PASSED] - Delayed 5 second(s)]]></system-out>
         <system-err><![CDATA[]]></system-err>
      </testcase>
      <testcase name="Test Cases/dailyTesting/betting/submitBet" classname="Test Cases/dailyTesting/betting/submitBet" status="PASSED">
         <system-out><![CDATA[2018-11-05 11:20:14 - [TEST_CASE][PASSED] - Test Cases/dailyTesting/betting/submitBet: Test Cases/dailyTesting/betting/submitBet

2018-11-05 11:20:14 - [TEST_STEP][PASSED] - waitForElementPresent: Object 'Object Repository/dailyTesting/Frontend/betting/Page_UCF/button_MeronOdds' is present

2018-11-05 11:20:14 - [MESSAGE][PASSED] - Object 'Object Repository/dailyTesting/Frontend/betting/Page_UCF/button_MeronOdds' is present

2018-11-05 11:20:14 - [TEST_STEP][PASSED] - click: Object: 'Object Repository/dailyTesting/Frontend/betting/Page_UCF/button_MeronOdds' is clicked on

2018-11-05 11:20:15 - [MESSAGE][PASSED] - Object: 'Object Repository/dailyTesting/Frontend/betting/Page_UCF/button_MeronOdds' is clicked on

2018-11-05 11:20:15 - [TEST_STEP][PASSED] - delay: Delayed 2 second(s)

2018-11-05 11:20:17 - [MESSAGE][PASSED] - Delayed 2 second(s)

2018-11-05 11:20:17 - [TEST_STEP][PASSED] - click: Object: 'Object Repository/dailyTesting/Frontend/betting/Page_UCF/button_Bet' is clicked on

2018-11-05 11:20:17 - [MESSAGE][PASSED] - Object: 'Object Repository/dailyTesting/Frontend/betting/Page_UCF/button_Bet' is clicked on

2018-11-05 11:20:17 - [TEST_STEP][PASSED] - waitForElementPresent: Object 'Object Repository/dailyTesting/Frontend/betting/Page_UCF/betslip' is present

2018-11-05 11:20:17 - [MESSAGE][PASSED] - Object 'Object Repository/dailyTesting/Frontend/betting/Page_UCF/betslip' is present]]></system-out>
         <system-err><![CDATA[]]></system-err>
      </testcase>
      <system-out><![CDATA[2018-11-05 11:19:57 - [TEST_SUITE][PASSED] - testing: Test Cases/dailyTesting/betting/submitBet]]></system-out>
      <system-err><![CDATA[]]></system-err>
   </testsuite>
</testsuites>
