<?xml version="1.0" encoding="UTF-8"?>
<testsuites name="big5" time="615" tests="0" failures="1" errors="0">
   <testsuite name="big5" tests="0" failures="1" errors="0" time="615" timestamp="2018-10-18 13:32:36" hostname="Richard Sanchez - DESKTOP-A1HL9OG" id="Test Suites/PlayerBetting/BETTING 10 players/big5">
      <properties>
         <property name="deviceName" value=""/>
         <property name="devicePlatform" value=""/>
         <property name="logFolder" value="C:\\Users\\Richard Sanchez\\Katalon Studio\\ucf88\\Reports\\PlayerBetting\\BETTING 10 players\\big5\\20181018_133220"/>
         <property name="logFiles" value="C:\\Users\\Richard Sanchez\\Katalon Studio\\ucf88\\Reports\\PlayerBetting\\BETTING 10 players\\big5\\20181018_133220\\execution0.log"/>
         <property name="attachments" value=""/>
         <property name="hostName" value="Richard Sanchez - DESKTOP-A1HL9OG"/>
         <property name="os" value="Windows 10 64bit"/>
         <property name="katalonVersion" value="5.8.0.1"/>
         <property name="browser" value="Chrome 69.0.3497.100"/>
         <property name="hostAddress" value="172.16.8.122"/>
         <property name="sessionId" value="b6cafaf5e8b6da29933b33afb743c205"/>
         <property name="seleniumVersion" value="3.7.1"/>
         <property name="proxyInformation" value="ProxyInformation{proxyOption=NO_PROXY, proxyServerType=HTTP, password=, proxyServerAddress=, proxyServerPort=0}"/>
         <property name="platform" value="Windows 10"/>
      </properties>
      <testcase name="Test Cases/Frontend/PlaceBet/RandomOddsAndAMount" classname="Test Cases/Frontend/PlaceBet/RandomOddsAndAMount" status="FAILED">
         <failure type="FAILED" message="(Stack trace: com.kms.katalon.core.exception.StepFailedException: Unable to click on object 'Object Repository/Frontend/MatchBetting/button_Bet' (Root cause: org.openqa.selenium.WebDriverException: chrome not reachable
  (Session info: chrome=69.0.3497.100)
  (Driver info: chromedriver=2.35.528161 (5b82f2d2aae0ca24b877009200ced9065a772e73),platform=Windows NT 10.0.17134 x86_64) (WARNING: The server did not provide any stacktrace information)
Command duration or timeout: 0 milliseconds
Build info: version: '3.7.1', revision: '8a0099a', time: '2017-11-06T21:07:36.161Z'
System info: host: 'DESKTOP-A1HL9OG', ip: '172.16.8.122', os.name: 'Windows 10', os.arch: 'amd64', os.version: '10.0', java.version: '1.8.0_181'
Driver info: com.kms.katalon.selenium.driver.CChromeDriver
Capabilities {acceptInsecureCerts: false, acceptSslCerts: false, applicationCacheEnabled: false, browserConnectionEnabled: false, browserName: chrome, chrome: {chromedriverVersion: 2.35.528161 (5b82f2d2aae0ca..., userDataDir: C:\Users\RICHAR~1\AppData\L...}, cssSelectorsEnabled: true, databaseEnabled: false, handlesAlerts: true, hasTouchScreen: false, javascriptEnabled: true, locationContextEnabled: true, mobileEmulationEnabled: false, nativeEvents: true, networkConnectionEnabled: false, pageLoadStrategy: normal, platform: XP, platformName: XP, rotatable: false, setWindowRect: true, takesHeapSnapshot: true, takesScreenshot: true, unexpectedAlertBehaviour: , unhandledPromptBehavior: , version: 69.0.3497.100, webStorageEnabled: true}
Session ID: b6cafaf5e8b6da29933b33afb743c205
*** Element info: {Using=xpath, value=(//button[@type='button'])[2]})
	at com.kms.katalon.core.keyword.internal.KeywordMain.stepFailed(KeywordMain.groovy:36)
	at com.kms.katalon.core.webui.keyword.internal.WebUIKeywordMain.stepFailed(WebUIKeywordMain.groovy:65)
	at com.kms.katalon.core.webui.keyword.internal.WebUIKeywordMain.runKeyword(WebUIKeywordMain.groovy:27)
	at com.kms.katalon.core.webui.keyword.builtin.ClickKeyword.click(ClickKeyword.groovy:86)
	at com.kms.katalon.core.webui.keyword.builtin.ClickKeyword.execute(ClickKeyword.groovy:67)
	at com.kms.katalon.core.keyword.internal.KeywordExecutor.executeKeywordForPlatform(KeywordExecutor.groovy:53)
	at com.kms.katalon.core.webui.keyword.WebUiBuiltInKeywords.click(WebUiBuiltInKeywords.groovy:616)
	at com.kms.katalon.core.webui.keyword.WebUiBuiltInKeywords$click$3.call(Unknown Source)
	at Script1539674510987.run(Script1539674510987.groovy:74)
	at com.kms.katalon.core.main.ScriptEngine.run(ScriptEngine.java:183)
	at com.kms.katalon.core.main.ScriptEngine.runScriptAsRawText(ScriptEngine.java:108)
	at com.kms.katalon.core.main.TestCaseExecutor.runScript(TestCaseExecutor.java:294)
	at com.kms.katalon.core.main.TestCaseExecutor.doExecute(TestCaseExecutor.java:285)
	at com.kms.katalon.core.main.TestCaseExecutor.processExecutionPhase(TestCaseExecutor.java:264)
	at com.kms.katalon.core.main.TestCaseExecutor.accessMainPhase(TestCaseExecutor.java:256)
	at com.kms.katalon.core.main.TestCaseExecutor.execute(TestCaseExecutor.java:200)
	at com.kms.katalon.core.main.TestSuiteExecutor.accessTestCaseMainPhase(TestSuiteExecutor.java:129)
	at com.kms.katalon.core.main.TestSuiteExecutor.accessTestSuiteMainPhase(TestSuiteExecutor.java:112)
	at com.kms.katalon.core.main.TestSuiteExecutor.execute(TestSuiteExecutor.java:81)
	at com.kms.katalon.core.main.TestCaseMain.startTestSuite(TestCaseMain.java:142)
	at com.kms.katalon.core.main.TestCaseMain$startTestSuite$0.call(Unknown Source)
	at org.codehaus.groovy.runtime.callsite.CallSiteArray.defaultCall(CallSiteArray.java:48)
	at org.codehaus.groovy.runtime.callsite.AbstractCallSite.call(AbstractCallSite.java:113)
	at org.codehaus.groovy.runtime.callsite.AbstractCallSite.call(AbstractCallSite.java:141)
	at TempTestSuite1539840740332.run(TempTestSuite1539840740332.groovy:36)
	at groovy.lang.GroovyShell.runScriptOrMainOrTestOrRunnable(GroovyShell.java:263)
	at groovy.lang.GroovyShell.run(GroovyShell.java:518)
	at groovy.lang.GroovyShell.run(GroovyShell.java:507)
	at groovy.ui.GroovyMain.processOnce(GroovyMain.java:653)
	at groovy.ui.GroovyMain.run(GroovyMain.java:384)
	at groovy.ui.GroovyMain.process(GroovyMain.java:370)
	at groovy.ui.GroovyMain.processArgs(GroovyMain.java:129)
	at groovy.ui.GroovyMain.main(GroovyMain.java:109)
	at sun.reflect.NativeMethodAccessorImpl.invoke0(Native Method)
	at sun.reflect.NativeMethodAccessorImpl.invoke(NativeMethodAccessorImpl.java:62)
	at sun.reflect.DelegatingMethodAccessorImpl.invoke(DelegatingMethodAccessorImpl.java:43)
	at java.lang.reflect.Method.invoke(Method.java:498)
	at org.codehaus.groovy.tools.GroovyStarter.rootLoader(GroovyStarter.java:109)
	at org.codehaus.groovy.tools.GroovyStarter.main(GroovyStarter.java:131)
)"/>
         <system-out><![CDATA[2018-10-18 13:32:37 - [TEST_CASE][FAILED] - Test Cases/Frontend/PlaceBet/RandomOddsAndAMount: Test Cases/Frontend/PlaceBet/RandomOddsAndAMount FAILED because (of) (Stack trace: com.kms.katalon.core.exception.StepFailedException: Unable to click on object 'Object Repository/Frontend/MatchBetting/button_Bet' (Root cause: org.openqa.selenium.WebDriverException: chrome not reachable
  (Session info: chrome=69.0.3497.100)
  (Driver info: chromedriver=2.35.528161 (5b82f2d2aae0ca24b877009200ced9065a772e73),platform=Windows NT 10.0.17134 x86_64) (WARNING: The server did not provide any stacktrace information)
Command duration or timeout: 0 milliseconds
Build info: version: '3.7.1', revision: '8a0099a', time: '2017-11-06T21:07:36.161Z'
System info: host: 'DESKTOP-A1HL9OG', ip: '172.16.8.122', os.name: 'Windows 10', os.arch: 'amd64', os.version: '10.0', java.version: '1.8.0_181'
Driver info: com.kms.katalon.selenium.driver.CChromeDriver
Capabilities {acceptInsecureCerts: false, acceptSslCerts: false, applicationCacheEnabled: false, browserConnectionEnabled: false, browserName: chrome, chrome: {chromedriverVersion: 2.35.528161 (5b82f2d2aae0ca..., userDataDir: C:\Users\RICHAR~1\AppData\L...}, cssSelectorsEnabled: true, databaseEnabled: false, handlesAlerts: true, hasTouchScreen: false, javascriptEnabled: true, locationContextEnabled: true, mobileEmulationEnabled: false, nativeEvents: true, networkConnectionEnabled: false, pageLoadStrategy: normal, platform: XP, platformName: XP, rotatable: false, setWindowRect: true, takesHeapSnapshot: true, takesScreenshot: true, unexpectedAlertBehaviour: , unhandledPromptBehavior: , version: 69.0.3497.100, webStorageEnabled: true}
Session ID: b6cafaf5e8b6da29933b33afb743c205
*** Element info: {Using=xpath, value=(//button[@type='button'])[2]})
	at com.kms.katalon.core.keyword.internal.KeywordMain.stepFailed(KeywordMain.groovy:36)
	at com.kms.katalon.core.webui.keyword.internal.WebUIKeywordMain.stepFailed(WebUIKeywordMain.groovy:65)
	at com.kms.katalon.core.webui.keyword.internal.WebUIKeywordMain.runKeyword(WebUIKeywordMain.groovy:27)
	at com.kms.katalon.core.webui.keyword.builtin.ClickKeyword.click(ClickKeyword.groovy:86)
	at com.kms.katalon.core.webui.keyword.builtin.ClickKeyword.execute(ClickKeyword.groovy:67)
	at com.kms.katalon.core.keyword.internal.KeywordExecutor.executeKeywordForPlatform(KeywordExecutor.groovy:53)
	at com.kms.katalon.core.webui.keyword.WebUiBuiltInKeywords.click(WebUiBuiltInKeywords.groovy:616)
	at com.kms.katalon.core.webui.keyword.WebUiBuiltInKeywords$click$3.call(Unknown Source)
	at Script1539674510987.run(Script1539674510987.groovy:74)
	at com.kms.katalon.core.main.ScriptEngine.run(ScriptEngine.java:183)
	at com.kms.katalon.core.main.ScriptEngine.runScriptAsRawText(ScriptEngine.java:108)
	at com.kms.katalon.core.main.TestCaseExecutor.runScript(TestCaseExecutor.java:294)
	at com.kms.katalon.core.main.TestCaseExecutor.doExecute(TestCaseExecutor.java:285)
	at com.kms.katalon.core.main.TestCaseExecutor.processExecutionPhase(TestCaseExecutor.java:264)
	at com.kms.katalon.core.main.TestCaseExecutor.accessMainPhase(TestCaseExecutor.java:256)
	at com.kms.katalon.core.main.TestCaseExecutor.execute(TestCaseExecutor.java:200)
	at com.kms.katalon.core.main.TestSuiteExecutor.accessTestCaseMainPhase(TestSuiteExecutor.java:129)
	at com.kms.katalon.core.main.TestSuiteExecutor.accessTestSuiteMainPhase(TestSuiteExecutor.java:112)
	at com.kms.katalon.core.main.TestSuiteExecutor.execute(TestSuiteExecutor.java:81)
	at com.kms.katalon.core.main.TestCaseMain.startTestSuite(TestCaseMain.java:142)
	at com.kms.katalon.core.main.TestCaseMain$startTestSuite$0.call(Unknown Source)
	at org.codehaus.groovy.runtime.callsite.CallSiteArray.defaultCall(CallSiteArray.java:48)
	at org.codehaus.groovy.runtime.callsite.AbstractCallSite.call(AbstractCallSite.java:113)
	at org.codehaus.groovy.runtime.callsite.AbstractCallSite.call(AbstractCallSite.java:141)
	at TempTestSuite1539840740332.run(TempTestSuite1539840740332.groovy:36)
	at groovy.lang.GroovyShell.runScriptOrMainOrTestOrRunnable(GroovyShell.java:263)
	at groovy.lang.GroovyShell.run(GroovyShell.java:518)
	at groovy.lang.GroovyShell.run(GroovyShell.java:507)
	at groovy.ui.GroovyMain.processOnce(GroovyMain.java:653)
	at groovy.ui.GroovyMain.run(GroovyMain.java:384)
	at groovy.ui.GroovyMain.process(GroovyMain.java:370)
	at groovy.ui.GroovyMain.processArgs(GroovyMain.java:129)
	at groovy.ui.GroovyMain.main(GroovyMain.java:109)
	at sun.reflect.NativeMethodAccessorImpl.invoke0(Native Method)
	at sun.reflect.NativeMethodAccessorImpl.invoke(NativeMethodAccessorImpl.java:62)
	at sun.reflect.DelegatingMethodAccessorImpl.invoke(DelegatingMethodAccessorImpl.java:43)
	at java.lang.reflect.Method.invoke(Method.java:498)
	at org.codehaus.groovy.tools.GroovyStarter.rootLoader(GroovyStarter.java:109)
	at org.codehaus.groovy.tools.GroovyStarter.main(GroovyStarter.java:131)
)

2018-10-18 13:32:38 - [TEST_STEP][PASSED] - Statement - log = new com.kms.katalon.core.logging.KeywordLogger(): null

2018-10-18 13:32:38 - [TEST_STEP][PASSED] - openBrowser: Browser is opened with url: ''

2018-10-18 13:32:45 - [MESSAGE][PASSED] - Browser is opened with url: ''

2018-10-18 13:32:45 - [TEST_STEP][PASSED] - maximizeWindow: Current window maximized

2018-10-18 13:32:46 - [MESSAGE][PASSED] - Current window maximized

2018-10-18 13:32:46 - [TEST_STEP][PASSED] - navigateToUrl: Navigate to 'http://dev.ucf88.com/#/' successfully

2018-10-18 13:32:48 - [MESSAGE][PASSED] - Navigate to 'http://dev.ucf88.com/#/' successfully

2018-10-18 13:32:48 - [TEST_STEP][PASSED] - setText: Text 'steamskein' is set on object 'Object Repository/Frontend/Login/input_Sports_username'

2018-10-18 13:32:50 - [MESSAGE][PASSED] - Text 'steamskein' is set on object 'Object Repository/Frontend/Login/input_Sports_username'

2018-10-18 13:32:50 - [TEST_STEP][PASSED] - setText: Text '123123' is set on object 'Object Repository/Frontend/Login/input_Sports_password'

2018-10-18 13:32:50 - [MESSAGE][PASSED] - Text '123123' is set on object 'Object Repository/Frontend/Login/input_Sports_password'

2018-10-18 13:32:50 - [TEST_STEP][PASSED] - click: Object: 'Object Repository/Frontend/Login/button_Login' is clicked on

2018-10-18 13:32:56 - [MESSAGE][PASSED] - Object: 'Object Repository/Frontend/Login/button_Login' is clicked on

2018-10-18 13:32:56 - [TEST_STEP][PASSED] - waitForElementPresent: Object 'Object Repository/Frontend/Login/span_Logout' is present

2018-10-18 13:32:57 - [MESSAGE][PASSED] - Object 'Object Repository/Frontend/Login/span_Logout' is present

2018-10-18 13:32:57 - [TEST_STEP][PASSED] - Statement - meron = com.kms.katalon.core.testobject.ObjectRepository.findTestObject(Frontend/MatchBetting/button_Meronodds): Finding Test Object with id 'Object Repository/Frontend/MatchBetting/button_Meronodds'

2018-10-18 13:32:57 - [TEST_STEP][PASSED] - Statement - draw = com.kms.katalon.core.testobject.ObjectRepository.findTestObject(Frontend/MatchBetting/button_Drawodds): Finding Test Object with id 'Object Repository/Frontend/MatchBetting/button_Drawodds'

2018-10-18 13:32:57 - [TEST_STEP][PASSED] - Statement - ftd = com.kms.katalon.core.testobject.ObjectRepository.findTestObject(Frontend/MatchBetting/button_FTDodds): Finding Test Object with id 'Object Repository/Frontend/MatchBetting/button_FTDodds'

2018-10-18 13:32:57 - [TEST_STEP][PASSED] - Statement - wala = com.kms.katalon.core.testobject.ObjectRepository.findTestObject(Frontend/MatchBetting/button_Walaodds): Finding Test Object with id 'Object Repository/Frontend/MatchBetting/button_Walaodds'

2018-10-18 13:32:57 - [TEST_STEP][PASSED] - Statement - balance = com.kms.katalon.core.webui.keyword.WebUiBuiltInKeywords.getText(com.kms.katalon.core.testobject.ObjectRepository.findTestObject(Frontend/MatchBetting/Balance), CONTINUE_ON_FAILURE): Text of object 'Object Repository/Frontend/MatchBetting/Balance' is: '1,000,676,632.00'

2018-10-18 13:32:58 - [MESSAGE][PASSED] - Text of object 'Object Repository/Frontend/MatchBetting/Balance' is: '1,000,676,632.00'

2018-10-18 13:32:58 - [TEST_STEP][PASSED] - Statement - log.logInfo("User balance " + balance): User balance 1,000,676,632.00

2018-10-18 13:32:58 - [TEST_STEP][FAILED] - Statement - While (balance != 0): Unable to click on object 'Object Repository/Frontend/MatchBetting/button_Bet' (Root cause: org.openqa.selenium.WebDriverException: chrome not reachable
  (Session info: chrome=69.0.3497.100)
  (Driver info: chromedriver=2.35.528161 (5b82f2d2aae0ca24b877009200ced9065a772e73),platform=Windows NT 10.0.17134 x86_64) (WARNING: The server did not provide any stacktrace information)
Command duration or timeout: 0 milliseconds
Build info: version: '3.7.1', revision: '8a0099a', time: '2017-11-06T21:07:36.161Z'
System info: host: 'DESKTOP-A1HL9OG', ip: '172.16.8.122', os.name: 'Windows 10', os.arch: 'amd64', os.version: '10.0', java.version: '1.8.0_181'
Driver info: com.kms.katalon.selenium.driver.CChromeDriver
Capabilities {acceptInsecureCerts: false, acceptSslCerts: false, applicationCacheEnabled: false, browserConnectionEnabled: false, browserName: chrome, chrome: {chromedriverVersion: 2.35.528161 (5b82f2d2aae0ca..., userDataDir: C:\Users\RICHAR~1\AppData\L...}, cssSelectorsEnabled: true, databaseEnabled: false, handlesAlerts: true, hasTouchScreen: false, javascriptEnabled: true, locationContextEnabled: true, mobileEmulationEnabled: false, nativeEvents: true, networkConnectionEnabled: false, pageLoadStrategy: normal, platform: XP, platformName: XP, rotatable: false, setWindowRect: true, takesHeapSnapshot: true, takesScreenshot: true, unexpectedAlertBehaviour: , unhandledPromptBehavior: , version: 69.0.3497.100, webStorageEnabled: true}
Session ID: b6cafaf5e8b6da29933b33afb743c205
*** Element info: {Using=xpath, value=(//button[@type='button'])[2]})

2018-10-18 13:32:58 - [TEST_STEP][PASSED] - Statement - log.logInfo("User balance " + balance): User balance 1,000,676,632.00

2018-10-18 13:32:58 - [TEST_STEP][PASSED] - Statement - odds = new java.util.ArrayList(): null

2018-10-18 13:32:58 - [TEST_STEP][PASSED] - Statement - odds.addAll(java.util.Arrays.asList(meron, draw, ftd, wala)): null

2018-10-18 13:32:58 - [TEST_STEP][PASSED] - Statement - rand = new java.util.Random(): null

2018-10-18 13:32:58 - [TEST_STEP][PASSED] - Statement - randodds = rand.nextInt(odds.size()): null

2018-10-18 13:32:58 - [TEST_STEP][PASSED] - Statement - log.logInfo(" meron[0] draw[1] ftd[2] wala[3] ::" + randodds):  meron[0] draw[1] ftd[2] wala[3] ::3

2018-10-18 13:32:58 - [TEST_STEP][PASSED] - Statement - log.logInfo("Odds Selected = " + odds.get(randodds)): Odds Selected = TestObject - 'Object Repository/Frontend/MatchBetting/button_Walaodds'

2018-10-18 13:32:58 - [TEST_STEP][PASSED] - click: Object: 'Object Repository/Frontend/MatchBetting/button_Walaodds' is clicked on

2018-10-18 13:32:58 - [MESSAGE][PASSED] - Object: 'Object Repository/Frontend/MatchBetting/button_Walaodds' is clicked on

2018-10-18 13:32:58 - [TEST_STEP][PASSED] - verifyElementPresent: Object 'Object Repository/Frontend/MatchBetting/span_Possiblewinning' is present

2018-10-18 13:32:59 - [MESSAGE][PASSED] - Object 'Object Repository/Frontend/MatchBetting/span_Possiblewinning' is present

2018-10-18 13:32:59 - [TEST_STEP][PASSED] - Statement - RA = <not implemented yet for class: org.codehaus.groovy.ast.expr.EmptyExpression>: null

2018-10-18 13:32:59 - [TEST_STEP][PASSED] - Statement - RA = java.lang.Math.random() * 20: null

2018-10-18 13:32:59 - [TEST_STEP][PASSED] - Statement - log.logInfo("Random amount = " + RA): Random amount = 9

2018-10-18 13:32:59 - [TEST_STEP][PASSED] - setText: Text '900' is set on object 'Object Repository/Frontend/MatchBetting/input_stake'

2018-10-18 13:33:00 - [MESSAGE][PASSED] - Text '900' is set on object 'Object Repository/Frontend/MatchBetting/input_stake'

2018-10-18 13:33:00 - [TEST_STEP][PASSED] - delay: Delayed 2 second(s)

2018-10-18 13:33:02 - [MESSAGE][PASSED] - Delayed 2 second(s)

2018-10-18 13:33:02 - [TEST_STEP][PASSED] - click: Object: 'Object Repository/Frontend/MatchBetting/button_Bet' is clicked on

2018-10-18 13:33:03 - [MESSAGE][PASSED] - Object: 'Object Repository/Frontend/MatchBetting/button_Bet' is clicked on

2018-10-18 13:33:03 - [TEST_STEP][PASSED] - waitForElementPresent: Object 'Object Repository/Frontend/MatchBetting/BetslipAdded' is present

2018-10-18 13:33:03 - [MESSAGE][PASSED] - Object 'Object Repository/Frontend/MatchBetting/BetslipAdded' is present

2018-10-18 13:33:03 - [TEST_STEP][PASSED] - delay: Delayed 3 second(s)

2018-10-18 13:33:06 - [MESSAGE][PASSED] - Delayed 3 second(s)

2018-10-18 13:33:06 - [TEST_STEP][PASSED] - Statement - log.logInfo("User balance " + balance): User balance 1,000,676,632.00

2018-10-18 13:33:06 - [TEST_STEP][PASSED] - Statement - odds = new java.util.ArrayList(): null

2018-10-18 13:33:06 - [TEST_STEP][PASSED] - Statement - odds.addAll(java.util.Arrays.asList(meron, draw, ftd, wala)): null

2018-10-18 13:33:06 - [TEST_STEP][PASSED] - Statement - rand = new java.util.Random(): null

2018-10-18 13:33:06 - [TEST_STEP][PASSED] - Statement - randodds = rand.nextInt(odds.size()): null

2018-10-18 13:33:06 - [TEST_STEP][PASSED] - Statement - log.logInfo(" meron[0] draw[1] ftd[2] wala[3] ::" + randodds):  meron[0] draw[1] ftd[2] wala[3] ::3

2018-10-18 13:33:06 - [TEST_STEP][PASSED] - Statement - log.logInfo("Odds Selected = " + odds.get(randodds)): Odds Selected = TestObject - 'Object Repository/Frontend/MatchBetting/button_Walaodds'

2018-10-18 13:33:06 - [TEST_STEP][PASSED] - click: Object: 'Object Repository/Frontend/MatchBetting/button_Walaodds' is clicked on

2018-10-18 13:33:08 - [MESSAGE][PASSED] - Object: 'Object Repository/Frontend/MatchBetting/button_Walaodds' is clicked on

2018-10-18 13:33:08 - [TEST_STEP][PASSED] - verifyElementPresent: Object 'Object Repository/Frontend/MatchBetting/span_Possiblewinning' is present

2018-10-18 13:33:08 - [MESSAGE][PASSED] - Object 'Object Repository/Frontend/MatchBetting/span_Possiblewinning' is present

2018-10-18 13:33:08 - [TEST_STEP][PASSED] - Statement - RA = <not implemented yet for class: org.codehaus.groovy.ast.expr.EmptyExpression>: null

2018-10-18 13:33:08 - [TEST_STEP][PASSED] - Statement - RA = java.lang.Math.random() * 20: null

2018-10-18 13:33:08 - [TEST_STEP][PASSED] - Statement - log.logInfo("Random amount = " + RA): Random amount = 10

2018-10-18 13:33:08 - [TEST_STEP][PASSED] - setText: Text '1000' is set on object 'Object Repository/Frontend/MatchBetting/input_stake'

2018-10-18 13:33:10 - [MESSAGE][PASSED] - Text '1000' is set on object 'Object Repository/Frontend/MatchBetting/input_stake'

2018-10-18 13:33:10 - [TEST_STEP][PASSED] - delay: Delayed 2 second(s)

2018-10-18 13:33:12 - [MESSAGE][PASSED] - Delayed 2 second(s)

2018-10-18 13:33:12 - [TEST_STEP][PASSED] - click: Object: 'Object Repository/Frontend/MatchBetting/button_Bet' is clicked on

2018-10-18 13:33:13 - [MESSAGE][PASSED] - Object: 'Object Repository/Frontend/MatchBetting/button_Bet' is clicked on

2018-10-18 13:33:13 - [TEST_STEP][PASSED] - waitForElementPresent: Object 'Object Repository/Frontend/MatchBetting/BetslipAdded' is present

2018-10-18 13:33:13 - [MESSAGE][PASSED] - Object 'Object Repository/Frontend/MatchBetting/BetslipAdded' is present

2018-10-18 13:33:13 - [TEST_STEP][PASSED] - delay: Delayed 3 second(s)

2018-10-18 13:33:16 - [MESSAGE][PASSED] - Delayed 3 second(s)

2018-10-18 13:33:16 - [TEST_STEP][PASSED] - Statement - log.logInfo("User balance " + balance): User balance 1,000,676,632.00

2018-10-18 13:33:16 - [TEST_STEP][PASSED] - Statement - odds = new java.util.ArrayList(): null

2018-10-18 13:33:16 - [TEST_STEP][PASSED] - Statement - odds.addAll(java.util.Arrays.asList(meron, draw, ftd, wala)): null

2018-10-18 13:33:16 - [TEST_STEP][PASSED] - Statement - rand = new java.util.Random(): null

2018-10-18 13:33:16 - [TEST_STEP][PASSED] - Statement - randodds = rand.nextInt(odds.size()): null

2018-10-18 13:33:16 - [TEST_STEP][PASSED] - Statement - log.logInfo(" meron[0] draw[1] ftd[2] wala[3] ::" + randodds):  meron[0] draw[1] ftd[2] wala[3] ::2

2018-10-18 13:33:16 - [TEST_STEP][PASSED] - Statement - log.logInfo("Odds Selected = " + odds.get(randodds)): Odds Selected = TestObject - 'Object Repository/Frontend/MatchBetting/button_FTDodds'

2018-10-18 13:33:16 - [TEST_STEP][PASSED] - click: Object: 'Object Repository/Frontend/MatchBetting/button_FTDodds' is clicked on

2018-10-18 13:33:17 - [MESSAGE][PASSED] - Object: 'Object Repository/Frontend/MatchBetting/button_FTDodds' is clicked on

2018-10-18 13:33:17 - [TEST_STEP][PASSED] - verifyElementPresent: Object 'Object Repository/Frontend/MatchBetting/span_Possiblewinning' is present

2018-10-18 13:33:17 - [MESSAGE][PASSED] - Object 'Object Repository/Frontend/MatchBetting/span_Possiblewinning' is present

2018-10-18 13:33:17 - [TEST_STEP][PASSED] - Statement - RA = <not implemented yet for class: org.codehaus.groovy.ast.expr.EmptyExpression>: null

2018-10-18 13:33:17 - [TEST_STEP][PASSED] - Statement - RA = java.lang.Math.random() * 20: null

2018-10-18 13:33:17 - [TEST_STEP][PASSED] - Statement - log.logInfo("Random amount = " + RA): Random amount = 17

2018-10-18 13:33:17 - [TEST_STEP][PASSED] - setText: Text '1700' is set on object 'Object Repository/Frontend/MatchBetting/input_stake'

2018-10-18 13:33:19 - [MESSAGE][PASSED] - Text '1700' is set on object 'Object Repository/Frontend/MatchBetting/input_stake'

2018-10-18 13:33:19 - [TEST_STEP][PASSED] - delay: Delayed 2 second(s)

2018-10-18 13:33:21 - [MESSAGE][PASSED] - Delayed 2 second(s)

2018-10-18 13:33:21 - [TEST_STEP][PASSED] - click: Object: 'Object Repository/Frontend/MatchBetting/button_Bet' is clicked on

2018-10-18 13:33:21 - [MESSAGE][PASSED] - Object: 'Object Repository/Frontend/MatchBetting/button_Bet' is clicked on

2018-10-18 13:33:21 - [TEST_STEP][PASSED] - waitForElementPresent: Object 'Object Repository/Frontend/MatchBetting/BetslipAdded' is present

2018-10-18 13:33:22 - [MESSAGE][PASSED] - Object 'Object Repository/Frontend/MatchBetting/BetslipAdded' is present

2018-10-18 13:33:22 - [TEST_STEP][PASSED] - delay: Delayed 3 second(s)

2018-10-18 13:33:25 - [MESSAGE][PASSED] - Delayed 3 second(s)

2018-10-18 13:33:25 - [TEST_STEP][PASSED] - Statement - log.logInfo("User balance " + balance): User balance 1,000,676,632.00

2018-10-18 13:33:25 - [TEST_STEP][PASSED] - Statement - odds = new java.util.ArrayList(): null

2018-10-18 13:33:25 - [TEST_STEP][PASSED] - Statement - odds.addAll(java.util.Arrays.asList(meron, draw, ftd, wala)): null

2018-10-18 13:33:25 - [TEST_STEP][PASSED] - Statement - rand = new java.util.Random(): null

2018-10-18 13:33:25 - [TEST_STEP][PASSED] - Statement - randodds = rand.nextInt(odds.size()): null

2018-10-18 13:33:25 - [TEST_STEP][PASSED] - Statement - log.logInfo(" meron[0] draw[1] ftd[2] wala[3] ::" + randodds):  meron[0] draw[1] ftd[2] wala[3] ::1

2018-10-18 13:33:25 - [TEST_STEP][PASSED] - Statement - log.logInfo("Odds Selected = " + odds.get(randodds)): Odds Selected = TestObject - 'Object Repository/Frontend/MatchBetting/button_Drawodds'

2018-10-18 13:33:25 - [TEST_STEP][PASSED] - click: Object: 'Object Repository/Frontend/MatchBetting/button_Drawodds' is clicked on

2018-10-18 13:33:25 - [MESSAGE][PASSED] - Object: 'Object Repository/Frontend/MatchBetting/button_Drawodds' is clicked on

2018-10-18 13:33:25 - [TEST_STEP][PASSED] - verifyElementPresent: Object 'Object Repository/Frontend/MatchBetting/span_Possiblewinning' is present

2018-10-18 13:33:25 - [MESSAGE][PASSED] - Object 'Object Repository/Frontend/MatchBetting/span_Possiblewinning' is present

2018-10-18 13:33:25 - [TEST_STEP][PASSED] - Statement - RA = <not implemented yet for class: org.codehaus.groovy.ast.expr.EmptyExpression>: null

2018-10-18 13:33:25 - [TEST_STEP][PASSED] - Statement - RA = java.lang.Math.random() * 20: null

2018-10-18 13:33:25 - [TEST_STEP][PASSED] - Statement - log.logInfo("Random amount = " + RA): Random amount = 10

2018-10-18 13:33:25 - [TEST_STEP][PASSED] - setText: Text '1000' is set on object 'Object Repository/Frontend/MatchBetting/input_stake'

2018-10-18 13:33:26 - [MESSAGE][PASSED] - Text '1000' is set on object 'Object Repository/Frontend/MatchBetting/input_stake'

2018-10-18 13:33:26 - [TEST_STEP][PASSED] - delay: Delayed 2 second(s)

2018-10-18 13:33:28 - [MESSAGE][PASSED] - Delayed 2 second(s)

2018-10-18 13:33:28 - [TEST_STEP][PASSED] - click: Object: 'Object Repository/Frontend/MatchBetting/button_Bet' is clicked on

2018-10-18 13:33:28 - [MESSAGE][PASSED] - Object: 'Object Repository/Frontend/MatchBetting/button_Bet' is clicked on

2018-10-18 13:33:28 - [TEST_STEP][PASSED] - waitForElementPresent: Object 'Object Repository/Frontend/MatchBetting/BetslipAdded' is present

2018-10-18 13:33:28 - [MESSAGE][PASSED] - Object 'Object Repository/Frontend/MatchBetting/BetslipAdded' is present

2018-10-18 13:33:28 - [TEST_STEP][PASSED] - delay: Delayed 3 second(s)

2018-10-18 13:33:31 - [MESSAGE][PASSED] - Delayed 3 second(s)

2018-10-18 13:33:31 - [TEST_STEP][PASSED] - Statement - log.logInfo("User balance " + balance): User balance 1,000,676,632.00

2018-10-18 13:33:31 - [TEST_STEP][PASSED] - Statement - odds = new java.util.ArrayList(): null

2018-10-18 13:33:31 - [TEST_STEP][PASSED] - Statement - odds.addAll(java.util.Arrays.asList(meron, draw, ftd, wala)): null

2018-10-18 13:33:31 - [TEST_STEP][PASSED] - Statement - rand = new java.util.Random(): null

2018-10-18 13:33:31 - [TEST_STEP][PASSED] - Statement - randodds = rand.nextInt(odds.size()): null

2018-10-18 13:33:31 - [TEST_STEP][PASSED] - Statement - log.logInfo(" meron[0] draw[1] ftd[2] wala[3] ::" + randodds):  meron[0] draw[1] ftd[2] wala[3] ::3

2018-10-18 13:33:31 - [TEST_STEP][PASSED] - Statement - log.logInfo("Odds Selected = " + odds.get(randodds)): Odds Selected = TestObject - 'Object Repository/Frontend/MatchBetting/button_Walaodds'

2018-10-18 13:33:31 - [TEST_STEP][PASSED] - click: Object: 'Object Repository/Frontend/MatchBetting/button_Walaodds' is clicked on

2018-10-18 13:33:31 - [MESSAGE][PASSED] - Object: 'Object Repository/Frontend/MatchBetting/button_Walaodds' is clicked on

2018-10-18 13:33:31 - [TEST_STEP][PASSED] - verifyElementPresent: Object 'Object Repository/Frontend/MatchBetting/span_Possiblewinning' is present

2018-10-18 13:33:31 - [MESSAGE][PASSED] - Object 'Object Repository/Frontend/MatchBetting/span_Possiblewinning' is present

2018-10-18 13:33:31 - [TEST_STEP][PASSED] - Statement - RA = <not implemented yet for class: org.codehaus.groovy.ast.expr.EmptyExpression>: null

2018-10-18 13:33:31 - [TEST_STEP][PASSED] - Statement - RA = java.lang.Math.random() * 20: null

2018-10-18 13:33:31 - [TEST_STEP][PASSED] - Statement - log.logInfo("Random amount = " + RA): Random amount = 2

2018-10-18 13:33:31 - [TEST_STEP][PASSED] - setText: Text '200' is set on object 'Object Repository/Frontend/MatchBetting/input_stake'

2018-10-18 13:33:31 - [MESSAGE][PASSED] - Text '200' is set on object 'Object Repository/Frontend/MatchBetting/input_stake'

2018-10-18 13:33:31 - [TEST_STEP][PASSED] - delay: Delayed 2 second(s)

2018-10-18 13:33:33 - [MESSAGE][PASSED] - Delayed 2 second(s)

2018-10-18 13:33:33 - [TEST_STEP][PASSED] - click: Object: 'Object Repository/Frontend/MatchBetting/button_Bet' is clicked on

2018-10-18 13:33:34 - [MESSAGE][PASSED] - Object: 'Object Repository/Frontend/MatchBetting/button_Bet' is clicked on

2018-10-18 13:33:34 - [TEST_STEP][PASSED] - waitForElementPresent: Object 'Object Repository/Frontend/MatchBetting/BetslipAdded' is present

2018-10-18 13:33:34 - [MESSAGE][PASSED] - Object 'Object Repository/Frontend/MatchBetting/BetslipAdded' is present

2018-10-18 13:33:34 - [TEST_STEP][PASSED] - delay: Delayed 3 second(s)

2018-10-18 13:33:37 - [MESSAGE][PASSED] - Delayed 3 second(s)

2018-10-18 13:33:37 - [TEST_STEP][PASSED] - Statement - log.logInfo("User balance " + balance): User balance 1,000,676,632.00

2018-10-18 13:33:37 - [TEST_STEP][PASSED] - Statement - odds = new java.util.ArrayList(): null

2018-10-18 13:33:37 - [TEST_STEP][PASSED] - Statement - odds.addAll(java.util.Arrays.asList(meron, draw, ftd, wala)): null

2018-10-18 13:33:37 - [TEST_STEP][PASSED] - Statement - rand = new java.util.Random(): null

2018-10-18 13:33:37 - [TEST_STEP][PASSED] - Statement - randodds = rand.nextInt(odds.size()): null

2018-10-18 13:33:37 - [TEST_STEP][PASSED] - Statement - log.logInfo(" meron[0] draw[1] ftd[2] wala[3] ::" + randodds):  meron[0] draw[1] ftd[2] wala[3] ::2

2018-10-18 13:33:37 - [TEST_STEP][PASSED] - Statement - log.logInfo("Odds Selected = " + odds.get(randodds)): Odds Selected = TestObject - 'Object Repository/Frontend/MatchBetting/button_FTDodds'

2018-10-18 13:33:37 - [TEST_STEP][PASSED] - click: Object: 'Object Repository/Frontend/MatchBetting/button_FTDodds' is clicked on

2018-10-18 13:33:37 - [MESSAGE][PASSED] - Object: 'Object Repository/Frontend/MatchBetting/button_FTDodds' is clicked on

2018-10-18 13:33:37 - [TEST_STEP][PASSED] - verifyElementPresent: Object 'Object Repository/Frontend/MatchBetting/span_Possiblewinning' is present

2018-10-18 13:33:37 - [MESSAGE][PASSED] - Object 'Object Repository/Frontend/MatchBetting/span_Possiblewinning' is present

2018-10-18 13:33:37 - [TEST_STEP][PASSED] - Statement - RA = <not implemented yet for class: org.codehaus.groovy.ast.expr.EmptyExpression>: null

2018-10-18 13:33:37 - [TEST_STEP][PASSED] - Statement - RA = java.lang.Math.random() * 20: null

2018-10-18 13:33:37 - [TEST_STEP][PASSED] - Statement - log.logInfo("Random amount = " + RA): Random amount = 2

2018-10-18 13:33:37 - [TEST_STEP][PASSED] - setText: Text '200' is set on object 'Object Repository/Frontend/MatchBetting/input_stake'

2018-10-18 13:33:37 - [MESSAGE][PASSED] - Text '200' is set on object 'Object Repository/Frontend/MatchBetting/input_stake'

2018-10-18 13:33:37 - [TEST_STEP][PASSED] - delay: Delayed 2 second(s)

2018-10-18 13:33:39 - [MESSAGE][PASSED] - Delayed 2 second(s)

2018-10-18 13:33:39 - [TEST_STEP][PASSED] - click: Object: 'Object Repository/Frontend/MatchBetting/button_Bet' is clicked on

2018-10-18 13:33:40 - [MESSAGE][PASSED] - Object: 'Object Repository/Frontend/MatchBetting/button_Bet' is clicked on

2018-10-18 13:33:40 - [TEST_STEP][PASSED] - waitForElementPresent: Object 'Object Repository/Frontend/MatchBetting/BetslipAdded' is present

2018-10-18 13:33:40 - [MESSAGE][PASSED] - Object 'Object Repository/Frontend/MatchBetting/BetslipAdded' is present

2018-10-18 13:33:40 - [TEST_STEP][PASSED] - delay: Delayed 3 second(s)

2018-10-18 13:33:43 - [MESSAGE][PASSED] - Delayed 3 second(s)

2018-10-18 13:33:43 - [TEST_STEP][PASSED] - Statement - log.logInfo("User balance " + balance): User balance 1,000,676,632.00

2018-10-18 13:33:43 - [TEST_STEP][PASSED] - Statement - odds = new java.util.ArrayList(): null

2018-10-18 13:33:43 - [TEST_STEP][PASSED] - Statement - odds.addAll(java.util.Arrays.asList(meron, draw, ftd, wala)): null

2018-10-18 13:33:43 - [TEST_STEP][PASSED] - Statement - rand = new java.util.Random(): null

2018-10-18 13:33:43 - [TEST_STEP][PASSED] - Statement - randodds = rand.nextInt(odds.size()): null

2018-10-18 13:33:43 - [TEST_STEP][PASSED] - Statement - log.logInfo(" meron[0] draw[1] ftd[2] wala[3] ::" + randodds):  meron[0] draw[1] ftd[2] wala[3] ::0

2018-10-18 13:33:43 - [TEST_STEP][PASSED] - Statement - log.logInfo("Odds Selected = " + odds.get(randodds)): Odds Selected = TestObject - 'Object Repository/Frontend/MatchBetting/button_Meronodds'

2018-10-18 13:33:43 - [TEST_STEP][PASSED] - click: Object: 'Object Repository/Frontend/MatchBetting/button_Meronodds' is clicked on

2018-10-18 13:33:43 - [MESSAGE][PASSED] - Object: 'Object Repository/Frontend/MatchBetting/button_Meronodds' is clicked on

2018-10-18 13:33:43 - [TEST_STEP][PASSED] - verifyElementPresent: Object 'Object Repository/Frontend/MatchBetting/span_Possiblewinning' is present

2018-10-18 13:33:43 - [MESSAGE][PASSED] - Object 'Object Repository/Frontend/MatchBetting/span_Possiblewinning' is present

2018-10-18 13:33:43 - [TEST_STEP][PASSED] - Statement - RA = <not implemented yet for class: org.codehaus.groovy.ast.expr.EmptyExpression>: null

2018-10-18 13:33:43 - [TEST_STEP][PASSED] - Statement - RA = java.lang.Math.random() * 20: null

2018-10-18 13:33:43 - [TEST_STEP][PASSED] - Statement - log.logInfo("Random amount = " + RA): Random amount = 1

2018-10-18 13:33:43 - [TEST_STEP][PASSED] - setText: Text '100' is set on object 'Object Repository/Frontend/MatchBetting/input_stake'

2018-10-18 13:33:43 - [MESSAGE][PASSED] - Text '100' is set on object 'Object Repository/Frontend/MatchBetting/input_stake'

2018-10-18 13:33:43 - [TEST_STEP][PASSED] - delay: Delayed 2 second(s)

2018-10-18 13:33:45 - [MESSAGE][PASSED] - Delayed 2 second(s)

2018-10-18 13:33:45 - [TEST_STEP][PASSED] - click: Object: 'Object Repository/Frontend/MatchBetting/button_Bet' is clicked on

2018-10-18 13:33:46 - [MESSAGE][PASSED] - Object: 'Object Repository/Frontend/MatchBetting/button_Bet' is clicked on

2018-10-18 13:33:46 - [TEST_STEP][PASSED] - waitForElementPresent: Object 'Object Repository/Frontend/MatchBetting/BetslipAdded' is present

2018-10-18 13:33:46 - [MESSAGE][PASSED] - Object 'Object Repository/Frontend/MatchBetting/BetslipAdded' is present

2018-10-18 13:33:46 - [TEST_STEP][PASSED] - delay: Delayed 3 second(s)

2018-10-18 13:33:49 - [MESSAGE][PASSED] - Delayed 3 second(s)

2018-10-18 13:33:49 - [TEST_STEP][PASSED] - Statement - log.logInfo("User balance " + balance): User balance 1,000,676,632.00

2018-10-18 13:33:49 - [TEST_STEP][PASSED] - Statement - odds = new java.util.ArrayList(): null

2018-10-18 13:33:49 - [TEST_STEP][PASSED] - Statement - odds.addAll(java.util.Arrays.asList(meron, draw, ftd, wala)): null

2018-10-18 13:33:49 - [TEST_STEP][PASSED] - Statement - rand = new java.util.Random(): null

2018-10-18 13:33:49 - [TEST_STEP][PASSED] - Statement - randodds = rand.nextInt(odds.size()): null

2018-10-18 13:33:49 - [TEST_STEP][PASSED] - Statement - log.logInfo(" meron[0] draw[1] ftd[2] wala[3] ::" + randodds):  meron[0] draw[1] ftd[2] wala[3] ::0

2018-10-18 13:33:49 - [TEST_STEP][PASSED] - Statement - log.logInfo("Odds Selected = " + odds.get(randodds)): Odds Selected = TestObject - 'Object Repository/Frontend/MatchBetting/button_Meronodds'

2018-10-18 13:33:49 - [TEST_STEP][PASSED] - click: Object: 'Object Repository/Frontend/MatchBetting/button_Meronodds' is clicked on

2018-10-18 13:33:49 - [MESSAGE][PASSED] - Object: 'Object Repository/Frontend/MatchBetting/button_Meronodds' is clicked on

2018-10-18 13:33:49 - [TEST_STEP][PASSED] - verifyElementPresent: Object 'Object Repository/Frontend/MatchBetting/span_Possiblewinning' is present

2018-10-18 13:33:49 - [MESSAGE][PASSED] - Object 'Object Repository/Frontend/MatchBetting/span_Possiblewinning' is present

2018-10-18 13:33:49 - [TEST_STEP][PASSED] - Statement - RA = <not implemented yet for class: org.codehaus.groovy.ast.expr.EmptyExpression>: null

2018-10-18 13:33:49 - [TEST_STEP][PASSED] - Statement - RA = java.lang.Math.random() * 20: null

2018-10-18 13:33:49 - [TEST_STEP][PASSED] - Statement - log.logInfo("Random amount = " + RA): Random amount = 13

2018-10-18 13:33:49 - [TEST_STEP][PASSED] - setText: Text '1300' is set on object 'Object Repository/Frontend/MatchBetting/input_stake'

2018-10-18 13:33:49 - [MESSAGE][PASSED] - Text '1300' is set on object 'Object Repository/Frontend/MatchBetting/input_stake'

2018-10-18 13:33:49 - [TEST_STEP][PASSED] - delay: Delayed 2 second(s)

2018-10-18 13:33:51 - [MESSAGE][PASSED] - Delayed 2 second(s)

2018-10-18 13:33:51 - [TEST_STEP][PASSED] - click: Object: 'Object Repository/Frontend/MatchBetting/button_Bet' is clicked on

2018-10-18 13:33:51 - [MESSAGE][PASSED] - Object: 'Object Repository/Frontend/MatchBetting/button_Bet' is clicked on

2018-10-18 13:33:51 - [TEST_STEP][PASSED] - waitForElementPresent: Object 'Object Repository/Frontend/MatchBetting/BetslipAdded' is present

2018-10-18 13:33:51 - [MESSAGE][PASSED] - Object 'Object Repository/Frontend/MatchBetting/BetslipAdded' is present

2018-10-18 13:33:51 - [TEST_STEP][PASSED] - delay: Delayed 3 second(s)

2018-10-18 13:33:54 - [MESSAGE][PASSED] - Delayed 3 second(s)

2018-10-18 13:33:54 - [TEST_STEP][PASSED] - Statement - log.logInfo("User balance " + balance): User balance 1,000,676,632.00

2018-10-18 13:33:54 - [TEST_STEP][PASSED] - Statement - odds = new java.util.ArrayList(): null

2018-10-18 13:33:54 - [TEST_STEP][PASSED] - Statement - odds.addAll(java.util.Arrays.asList(meron, draw, ftd, wala)): null

2018-10-18 13:33:54 - [TEST_STEP][PASSED] - Statement - rand = new java.util.Random(): null

2018-10-18 13:33:54 - [TEST_STEP][PASSED] - Statement - randodds = rand.nextInt(odds.size()): null

2018-10-18 13:33:54 - [TEST_STEP][PASSED] - Statement - log.logInfo(" meron[0] draw[1] ftd[2] wala[3] ::" + randodds):  meron[0] draw[1] ftd[2] wala[3] ::0

2018-10-18 13:33:54 - [TEST_STEP][PASSED] - Statement - log.logInfo("Odds Selected = " + odds.get(randodds)): Odds Selected = TestObject - 'Object Repository/Frontend/MatchBetting/button_Meronodds'

2018-10-18 13:33:54 - [TEST_STEP][PASSED] - click: Object: 'Object Repository/Frontend/MatchBetting/button_Meronodds' is clicked on

2018-10-18 13:33:55 - [MESSAGE][PASSED] - Object: 'Object Repository/Frontend/MatchBetting/button_Meronodds' is clicked on

2018-10-18 13:33:55 - [TEST_STEP][PASSED] - verifyElementPresent: Object 'Object Repository/Frontend/MatchBetting/span_Possiblewinning' is present

2018-10-18 13:33:55 - [MESSAGE][PASSED] - Object 'Object Repository/Frontend/MatchBetting/span_Possiblewinning' is present

2018-10-18 13:33:55 - [TEST_STEP][PASSED] - Statement - RA = <not implemented yet for class: org.codehaus.groovy.ast.expr.EmptyExpression>: null

2018-10-18 13:33:55 - [TEST_STEP][PASSED] - Statement - RA = java.lang.Math.random() * 20: null

2018-10-18 13:33:55 - [TEST_STEP][PASSED] - Statement - log.logInfo("Random amount = " + RA): Random amount = 6

2018-10-18 13:33:55 - [TEST_STEP][PASSED] - setText: Text '600' is set on object 'Object Repository/Frontend/MatchBetting/input_stake'

2018-10-18 13:33:55 - [MESSAGE][PASSED] - Text '600' is set on object 'Object Repository/Frontend/MatchBetting/input_stake'

2018-10-18 13:33:55 - [TEST_STEP][PASSED] - delay: Delayed 2 second(s)

2018-10-18 13:33:57 - [MESSAGE][PASSED] - Delayed 2 second(s)

2018-10-18 13:33:57 - [TEST_STEP][PASSED] - click: Object: 'Object Repository/Frontend/MatchBetting/button_Bet' is clicked on

2018-10-18 13:33:58 - [MESSAGE][PASSED] - Object: 'Object Repository/Frontend/MatchBetting/button_Bet' is clicked on

2018-10-18 13:33:58 - [TEST_STEP][PASSED] - waitForElementPresent: Object 'Object Repository/Frontend/MatchBetting/BetslipAdded' is present

2018-10-18 13:33:58 - [MESSAGE][PASSED] - Object 'Object Repository/Frontend/MatchBetting/BetslipAdded' is present

2018-10-18 13:33:58 - [TEST_STEP][PASSED] - delay: Delayed 3 second(s)

2018-10-18 13:34:01 - [MESSAGE][PASSED] - Delayed 3 second(s)

2018-10-18 13:34:01 - [TEST_STEP][PASSED] - Statement - log.logInfo("User balance " + balance): User balance 1,000,676,632.00

2018-10-18 13:34:01 - [TEST_STEP][PASSED] - Statement - odds = new java.util.ArrayList(): null

2018-10-18 13:34:01 - [TEST_STEP][PASSED] - Statement - odds.addAll(java.util.Arrays.asList(meron, draw, ftd, wala)): null

2018-10-18 13:34:01 - [TEST_STEP][PASSED] - Statement - rand = new java.util.Random(): null

2018-10-18 13:34:01 - [TEST_STEP][PASSED] - Statement - randodds = rand.nextInt(odds.size()): null

2018-10-18 13:34:01 - [TEST_STEP][PASSED] - Statement - log.logInfo(" meron[0] draw[1] ftd[2] wala[3] ::" + randodds):  meron[0] draw[1] ftd[2] wala[3] ::3

2018-10-18 13:34:01 - [TEST_STEP][PASSED] - Statement - log.logInfo("Odds Selected = " + odds.get(randodds)): Odds Selected = TestObject - 'Object Repository/Frontend/MatchBetting/button_Walaodds'

2018-10-18 13:34:01 - [TEST_STEP][PASSED] - click: Object: 'Object Repository/Frontend/MatchBetting/button_Walaodds' is clicked on

2018-10-18 13:34:01 - [MESSAGE][PASSED] - Object: 'Object Repository/Frontend/MatchBetting/button_Walaodds' is clicked on

2018-10-18 13:34:01 - [TEST_STEP][PASSED] - verifyElementPresent: Object 'Object Repository/Frontend/MatchBetting/span_Possiblewinning' is present

2018-10-18 13:34:02 - [MESSAGE][PASSED] - Object 'Object Repository/Frontend/MatchBetting/span_Possiblewinning' is present

2018-10-18 13:34:02 - [TEST_STEP][PASSED] - Statement - RA = <not implemented yet for class: org.codehaus.groovy.ast.expr.EmptyExpression>: null

2018-10-18 13:34:02 - [TEST_STEP][PASSED] - Statement - RA = java.lang.Math.random() * 20: null

2018-10-18 13:34:02 - [TEST_STEP][PASSED] - Statement - log.logInfo("Random amount = " + RA): Random amount = 0

2018-10-18 13:34:02 - [TEST_STEP][PASSED] - setText: Text '000' is set on object 'Object Repository/Frontend/MatchBetting/input_stake'

2018-10-18 13:34:03 - [MESSAGE][PASSED] - Text '000' is set on object 'Object Repository/Frontend/MatchBetting/input_stake'

2018-10-18 13:34:03 - [TEST_STEP][PASSED] - delay: Delayed 2 second(s)

2018-10-18 13:34:05 - [MESSAGE][PASSED] - Delayed 2 second(s)

2018-10-18 13:34:05 - [TEST_STEP][PASSED] - click: Object: 'Object Repository/Frontend/MatchBetting/button_Bet' is clicked on

2018-10-18 13:34:06 - [MESSAGE][PASSED] - Object: 'Object Repository/Frontend/MatchBetting/button_Bet' is clicked on

2018-10-18 13:34:06 - [TEST_STEP][PASSED] - waitForElementPresent: Object 'Object Repository/Frontend/MatchBetting/BetslipAdded' is present

2018-10-18 13:34:06 - [MESSAGE][PASSED] - Object 'Object Repository/Frontend/MatchBetting/BetslipAdded' is present

2018-10-18 13:34:06 - [TEST_STEP][PASSED] - delay: Delayed 3 second(s)

2018-10-18 13:34:09 - [MESSAGE][PASSED] - Delayed 3 second(s)

2018-10-18 13:34:09 - [TEST_STEP][PASSED] - Statement - log.logInfo("User balance " + balance): User balance 1,000,676,632.00

2018-10-18 13:34:09 - [TEST_STEP][PASSED] - Statement - odds = new java.util.ArrayList(): null

2018-10-18 13:34:09 - [TEST_STEP][PASSED] - Statement - odds.addAll(java.util.Arrays.asList(meron, draw, ftd, wala)): null

2018-10-18 13:34:09 - [TEST_STEP][PASSED] - Statement - rand = new java.util.Random(): null

2018-10-18 13:34:09 - [TEST_STEP][PASSED] - Statement - randodds = rand.nextInt(odds.size()): null

2018-10-18 13:34:09 - [TEST_STEP][PASSED] - Statement - log.logInfo(" meron[0] draw[1] ftd[2] wala[3] ::" + randodds):  meron[0] draw[1] ftd[2] wala[3] ::3

2018-10-18 13:34:09 - [TEST_STEP][PASSED] - Statement - log.logInfo("Odds Selected = " + odds.get(randodds)): Odds Selected = TestObject - 'Object Repository/Frontend/MatchBetting/button_Walaodds'

2018-10-18 13:34:09 - [TEST_STEP][PASSED] - click: Object: 'Object Repository/Frontend/MatchBetting/button_Walaodds' is clicked on

2018-10-18 13:34:09 - [MESSAGE][PASSED] - Object: 'Object Repository/Frontend/MatchBetting/button_Walaodds' is clicked on

2018-10-18 13:34:09 - [TEST_STEP][PASSED] - verifyElementPresent: Object 'Object Repository/Frontend/MatchBetting/span_Possiblewinning' is present

2018-10-18 13:34:09 - [MESSAGE][PASSED] - Object 'Object Repository/Frontend/MatchBetting/span_Possiblewinning' is present

2018-10-18 13:34:09 - [TEST_STEP][PASSED] - Statement - RA = <not implemented yet for class: org.codehaus.groovy.ast.expr.EmptyExpression>: null

2018-10-18 13:34:09 - [TEST_STEP][PASSED] - Statement - RA = java.lang.Math.random() * 20: null

2018-10-18 13:34:09 - [TEST_STEP][PASSED] - Statement - log.logInfo("Random amount = " + RA): Random amount = 19

2018-10-18 13:34:09 - [TEST_STEP][PASSED] - setText: Text '1900' is set on object 'Object Repository/Frontend/MatchBetting/input_stake'

2018-10-18 13:34:09 - [MESSAGE][PASSED] - Text '1900' is set on object 'Object Repository/Frontend/MatchBetting/input_stake'

2018-10-18 13:34:09 - [TEST_STEP][PASSED] - delay: Delayed 2 second(s)

2018-10-18 13:34:11 - [MESSAGE][PASSED] - Delayed 2 second(s)

2018-10-18 13:34:11 - [TEST_STEP][PASSED] - click: Object: 'Object Repository/Frontend/MatchBetting/button_Bet' is clicked on

2018-10-18 13:34:12 - [MESSAGE][PASSED] - Object: 'Object Repository/Frontend/MatchBetting/button_Bet' is clicked on

2018-10-18 13:34:12 - [TEST_STEP][PASSED] - waitForElementPresent: Object 'Object Repository/Frontend/MatchBetting/BetslipAdded' is present

2018-10-18 13:34:12 - [MESSAGE][PASSED] - Object 'Object Repository/Frontend/MatchBetting/BetslipAdded' is present

2018-10-18 13:34:12 - [TEST_STEP][PASSED] - delay: Delayed 3 second(s)

2018-10-18 13:34:15 - [MESSAGE][PASSED] - Delayed 3 second(s)

2018-10-18 13:34:15 - [TEST_STEP][PASSED] - Statement - log.logInfo("User balance " + balance): User balance 1,000,676,632.00

2018-10-18 13:34:15 - [TEST_STEP][PASSED] - Statement - odds = new java.util.ArrayList(): null

2018-10-18 13:34:15 - [TEST_STEP][PASSED] - Statement - odds.addAll(java.util.Arrays.asList(meron, draw, ftd, wala)): null

2018-10-18 13:34:15 - [TEST_STEP][PASSED] - Statement - rand = new java.util.Random(): null

2018-10-18 13:34:15 - [TEST_STEP][PASSED] - Statement - randodds = rand.nextInt(odds.size()): null

2018-10-18 13:34:15 - [TEST_STEP][PASSED] - Statement - log.logInfo(" meron[0] draw[1] ftd[2] wala[3] ::" + randodds):  meron[0] draw[1] ftd[2] wala[3] ::1

2018-10-18 13:34:15 - [TEST_STEP][PASSED] - Statement - log.logInfo("Odds Selected = " + odds.get(randodds)): Odds Selected = TestObject - 'Object Repository/Frontend/MatchBetting/button_Drawodds'

2018-10-18 13:34:15 - [TEST_STEP][PASSED] - click: Object: 'Object Repository/Frontend/MatchBetting/button_Drawodds' is clicked on

2018-10-18 13:34:15 - [MESSAGE][PASSED] - Object: 'Object Repository/Frontend/MatchBetting/button_Drawodds' is clicked on

2018-10-18 13:34:15 - [TEST_STEP][PASSED] - verifyElementPresent: Object 'Object Repository/Frontend/MatchBetting/span_Possiblewinning' is present

2018-10-18 13:34:16 - [MESSAGE][PASSED] - Object 'Object Repository/Frontend/MatchBetting/span_Possiblewinning' is present

2018-10-18 13:34:16 - [TEST_STEP][PASSED] - Statement - RA = <not implemented yet for class: org.codehaus.groovy.ast.expr.EmptyExpression>: null

2018-10-18 13:34:16 - [TEST_STEP][PASSED] - Statement - RA = java.lang.Math.random() * 20: null

2018-10-18 13:34:24 - [TEST_STEP][PASSED] - Statement - log.logInfo("Random amount = " + RA): Random amount = 11

2018-10-18 13:34:24 - [TEST_STEP][PASSED] - setText: Text '1100' is set on object 'Object Repository/Frontend/MatchBetting/input_stake'

2018-10-18 13:34:25 - [MESSAGE][PASSED] - Text '1100' is set on object 'Object Repository/Frontend/MatchBetting/input_stake'

2018-10-18 13:34:25 - [TEST_STEP][PASSED] - delay: Delayed 2 second(s)

2018-10-18 13:34:27 - [MESSAGE][PASSED] - Delayed 2 second(s)

2018-10-18 13:34:27 - [TEST_STEP][PASSED] - click: Object: 'Object Repository/Frontend/MatchBetting/button_Bet' is clicked on

2018-10-18 13:34:27 - [MESSAGE][PASSED] - Object: 'Object Repository/Frontend/MatchBetting/button_Bet' is clicked on

2018-10-18 13:34:27 - [TEST_STEP][PASSED] - waitForElementPresent: Object 'Object Repository/Frontend/MatchBetting/BetslipAdded' is present

2018-10-18 13:34:27 - [MESSAGE][PASSED] - Object 'Object Repository/Frontend/MatchBetting/BetslipAdded' is present

2018-10-18 13:34:27 - [TEST_STEP][PASSED] - delay: Delayed 3 second(s)

2018-10-18 13:34:30 - [MESSAGE][PASSED] - Delayed 3 second(s)

2018-10-18 13:34:30 - [TEST_STEP][PASSED] - Statement - log.logInfo("User balance " + balance): User balance 1,000,676,632.00

2018-10-18 13:34:30 - [TEST_STEP][PASSED] - Statement - odds = new java.util.ArrayList(): null

2018-10-18 13:34:30 - [TEST_STEP][PASSED] - Statement - odds.addAll(java.util.Arrays.asList(meron, draw, ftd, wala)): null

2018-10-18 13:34:30 - [TEST_STEP][PASSED] - Statement - rand = new java.util.Random(): null

2018-10-18 13:34:30 - [TEST_STEP][PASSED] - Statement - randodds = rand.nextInt(odds.size()): null

2018-10-18 13:34:30 - [TEST_STEP][PASSED] - Statement - log.logInfo(" meron[0] draw[1] ftd[2] wala[3] ::" + randodds):  meron[0] draw[1] ftd[2] wala[3] ::2

2018-10-18 13:34:30 - [TEST_STEP][PASSED] - Statement - log.logInfo("Odds Selected = " + odds.get(randodds)): Odds Selected = TestObject - 'Object Repository/Frontend/MatchBetting/button_FTDodds'

2018-10-18 13:34:30 - [TEST_STEP][PASSED] - click: Object: 'Object Repository/Frontend/MatchBetting/button_FTDodds' is clicked on

2018-10-18 13:34:48 - [MESSAGE][PASSED] - Object: 'Object Repository/Frontend/MatchBetting/button_FTDodds' is clicked on

2018-10-18 13:34:48 - [TEST_STEP][PASSED] - verifyElementPresent: Object 'Object Repository/Frontend/MatchBetting/span_Possiblewinning' is present

2018-10-18 13:34:49 - [MESSAGE][PASSED] - Object 'Object Repository/Frontend/MatchBetting/span_Possiblewinning' is present

2018-10-18 13:34:49 - [TEST_STEP][PASSED] - Statement - RA = <not implemented yet for class: org.codehaus.groovy.ast.expr.EmptyExpression>: null

2018-10-18 13:34:49 - [TEST_STEP][PASSED] - Statement - RA = java.lang.Math.random() * 20: null

2018-10-18 13:34:49 - [TEST_STEP][PASSED] - Statement - log.logInfo("Random amount = " + RA): Random amount = 6

2018-10-18 13:34:49 - [TEST_STEP][PASSED] - setText: Text '600' is set on object 'Object Repository/Frontend/MatchBetting/input_stake'

2018-10-18 13:34:49 - [MESSAGE][PASSED] - Text '600' is set on object 'Object Repository/Frontend/MatchBetting/input_stake'

2018-10-18 13:34:49 - [TEST_STEP][PASSED] - delay: Delayed 2 second(s)

2018-10-18 13:34:51 - [MESSAGE][PASSED] - Delayed 2 second(s)

2018-10-18 13:34:51 - [TEST_STEP][PASSED] - click: Object: 'Object Repository/Frontend/MatchBetting/button_Bet' is clicked on

2018-10-18 13:34:58 - [MESSAGE][PASSED] - Object: 'Object Repository/Frontend/MatchBetting/button_Bet' is clicked on

2018-10-18 13:34:58 - [TEST_STEP][PASSED] - waitForElementPresent: Object 'Object Repository/Frontend/MatchBetting/BetslipAdded' is present

2018-10-18 13:34:58 - [MESSAGE][PASSED] - Object 'Object Repository/Frontend/MatchBetting/BetslipAdded' is present

2018-10-18 13:34:58 - [TEST_STEP][PASSED] - delay: Delayed 3 second(s)

2018-10-18 13:35:01 - [MESSAGE][PASSED] - Delayed 3 second(s)

2018-10-18 13:35:01 - [TEST_STEP][PASSED] - Statement - log.logInfo("User balance " + balance): User balance 1,000,676,632.00

2018-10-18 13:35:01 - [TEST_STEP][PASSED] - Statement - odds = new java.util.ArrayList(): null

2018-10-18 13:35:01 - [TEST_STEP][PASSED] - Statement - odds.addAll(java.util.Arrays.asList(meron, draw, ftd, wala)): null

2018-10-18 13:35:01 - [TEST_STEP][PASSED] - Statement - rand = new java.util.Random(): null

2018-10-18 13:35:01 - [TEST_STEP][PASSED] - Statement - randodds = rand.nextInt(odds.size()): null

2018-10-18 13:35:01 - [TEST_STEP][PASSED] - Statement - log.logInfo(" meron[0] draw[1] ftd[2] wala[3] ::" + randodds):  meron[0] draw[1] ftd[2] wala[3] ::2

2018-10-18 13:35:01 - [TEST_STEP][PASSED] - Statement - log.logInfo("Odds Selected = " + odds.get(randodds)): Odds Selected = TestObject - 'Object Repository/Frontend/MatchBetting/button_FTDodds'

2018-10-18 13:35:01 - [TEST_STEP][PASSED] - click: Object: 'Object Repository/Frontend/MatchBetting/button_FTDodds' is clicked on

2018-10-18 13:35:06 - [MESSAGE][PASSED] - Object: 'Object Repository/Frontend/MatchBetting/button_FTDodds' is clicked on

2018-10-18 13:35:06 - [TEST_STEP][PASSED] - verifyElementPresent: Object 'Object Repository/Frontend/MatchBetting/span_Possiblewinning' is present

2018-10-18 13:35:06 - [MESSAGE][PASSED] - Object 'Object Repository/Frontend/MatchBetting/span_Possiblewinning' is present

2018-10-18 13:35:06 - [TEST_STEP][PASSED] - Statement - RA = <not implemented yet for class: org.codehaus.groovy.ast.expr.EmptyExpression>: null

2018-10-18 13:35:06 - [TEST_STEP][PASSED] - Statement - RA = java.lang.Math.random() * 20: null

2018-10-18 13:35:06 - [TEST_STEP][PASSED] - Statement - log.logInfo("Random amount = " + RA): Random amount = 2

2018-10-18 13:35:06 - [TEST_STEP][PASSED] - setText: Text '200' is set on object 'Object Repository/Frontend/MatchBetting/input_stake'

2018-10-18 13:35:06 - [MESSAGE][PASSED] - Text '200' is set on object 'Object Repository/Frontend/MatchBetting/input_stake'

2018-10-18 13:35:06 - [TEST_STEP][PASSED] - delay: Delayed 2 second(s)

2018-10-18 13:35:08 - [MESSAGE][PASSED] - Delayed 2 second(s)

2018-10-18 13:35:08 - [TEST_STEP][PASSED] - click: Object: 'Object Repository/Frontend/MatchBetting/button_Bet' is clicked on

2018-10-18 13:35:14 - [MESSAGE][PASSED] - Object: 'Object Repository/Frontend/MatchBetting/button_Bet' is clicked on

2018-10-18 13:35:14 - [TEST_STEP][PASSED] - waitForElementPresent: Object 'Object Repository/Frontend/MatchBetting/BetslipAdded' is present

2018-10-18 13:35:14 - [MESSAGE][PASSED] - Object 'Object Repository/Frontend/MatchBetting/BetslipAdded' is present

2018-10-18 13:35:14 - [TEST_STEP][PASSED] - delay: Delayed 3 second(s)

2018-10-18 13:35:17 - [MESSAGE][PASSED] - Delayed 3 second(s)

2018-10-18 13:35:17 - [TEST_STEP][PASSED] - Statement - log.logInfo("User balance " + balance): User balance 1,000,676,632.00

2018-10-18 13:35:17 - [TEST_STEP][PASSED] - Statement - odds = new java.util.ArrayList(): null

2018-10-18 13:35:17 - [TEST_STEP][PASSED] - Statement - odds.addAll(java.util.Arrays.asList(meron, draw, ftd, wala)): null

2018-10-18 13:35:17 - [TEST_STEP][PASSED] - Statement - rand = new java.util.Random(): null

2018-10-18 13:35:17 - [TEST_STEP][PASSED] - Statement - randodds = rand.nextInt(odds.size()): null

2018-10-18 13:35:17 - [TEST_STEP][PASSED] - Statement - log.logInfo(" meron[0] draw[1] ftd[2] wala[3] ::" + randodds):  meron[0] draw[1] ftd[2] wala[3] ::3

2018-10-18 13:35:17 - [TEST_STEP][PASSED] - Statement - log.logInfo("Odds Selected = " + odds.get(randodds)): Odds Selected = TestObject - 'Object Repository/Frontend/MatchBetting/button_Walaodds'

2018-10-18 13:35:17 - [TEST_STEP][PASSED] - click: Object: 'Object Repository/Frontend/MatchBetting/button_Walaodds' is clicked on

2018-10-18 13:35:22 - [MESSAGE][PASSED] - Object: 'Object Repository/Frontend/MatchBetting/button_Walaodds' is clicked on

2018-10-18 13:35:22 - [TEST_STEP][PASSED] - verifyElementPresent: Object 'Object Repository/Frontend/MatchBetting/span_Possiblewinning' is present

2018-10-18 13:35:22 - [MESSAGE][PASSED] - Object 'Object Repository/Frontend/MatchBetting/span_Possiblewinning' is present

2018-10-18 13:35:22 - [TEST_STEP][PASSED] - Statement - RA = <not implemented yet for class: org.codehaus.groovy.ast.expr.EmptyExpression>: null

2018-10-18 13:35:22 - [TEST_STEP][PASSED] - Statement - RA = java.lang.Math.random() * 20: null

2018-10-18 13:35:22 - [TEST_STEP][PASSED] - Statement - log.logInfo("Random amount = " + RA): Random amount = 1

2018-10-18 13:35:22 - [TEST_STEP][PASSED] - setText: Text '100' is set on object 'Object Repository/Frontend/MatchBetting/input_stake'

2018-10-18 13:35:22 - [MESSAGE][PASSED] - Text '100' is set on object 'Object Repository/Frontend/MatchBetting/input_stake'

2018-10-18 13:35:22 - [TEST_STEP][PASSED] - delay: Delayed 2 second(s)

2018-10-18 13:35:24 - [MESSAGE][PASSED] - Delayed 2 second(s)

2018-10-18 13:35:24 - [TEST_STEP][PASSED] - click: Object: 'Object Repository/Frontend/MatchBetting/button_Bet' is clicked on

2018-10-18 13:35:30 - [MESSAGE][PASSED] - Object: 'Object Repository/Frontend/MatchBetting/button_Bet' is clicked on

2018-10-18 13:35:30 - [TEST_STEP][PASSED] - waitForElementPresent: Object 'Object Repository/Frontend/MatchBetting/BetslipAdded' is present

2018-10-18 13:35:30 - [MESSAGE][PASSED] - Object 'Object Repository/Frontend/MatchBetting/BetslipAdded' is present

2018-10-18 13:35:30 - [TEST_STEP][PASSED] - delay: Delayed 3 second(s)

2018-10-18 13:35:33 - [MESSAGE][PASSED] - Delayed 3 second(s)

2018-10-18 13:35:33 - [TEST_STEP][PASSED] - Statement - log.logInfo("User balance " + balance): User balance 1,000,676,632.00

2018-10-18 13:35:33 - [TEST_STEP][PASSED] - Statement - odds = new java.util.ArrayList(): null

2018-10-18 13:35:33 - [TEST_STEP][PASSED] - Statement - odds.addAll(java.util.Arrays.asList(meron, draw, ftd, wala)): null

2018-10-18 13:35:33 - [TEST_STEP][PASSED] - Statement - rand = new java.util.Random(): null

2018-10-18 13:35:33 - [TEST_STEP][PASSED] - Statement - randodds = rand.nextInt(odds.size()): null

2018-10-18 13:35:33 - [TEST_STEP][PASSED] - Statement - log.logInfo(" meron[0] draw[1] ftd[2] wala[3] ::" + randodds):  meron[0] draw[1] ftd[2] wala[3] ::1

2018-10-18 13:35:33 - [TEST_STEP][PASSED] - Statement - log.logInfo("Odds Selected = " + odds.get(randodds)): Odds Selected = TestObject - 'Object Repository/Frontend/MatchBetting/button_Drawodds'

2018-10-18 13:35:33 - [TEST_STEP][PASSED] - click: Object: 'Object Repository/Frontend/MatchBetting/button_Drawodds' is clicked on

2018-10-18 13:35:38 - [MESSAGE][PASSED] - Object: 'Object Repository/Frontend/MatchBetting/button_Drawodds' is clicked on

2018-10-18 13:35:38 - [TEST_STEP][PASSED] - verifyElementPresent: Object 'Object Repository/Frontend/MatchBetting/span_Possiblewinning' is present

2018-10-18 13:35:38 - [MESSAGE][PASSED] - Object 'Object Repository/Frontend/MatchBetting/span_Possiblewinning' is present

2018-10-18 13:35:38 - [TEST_STEP][PASSED] - Statement - RA = <not implemented yet for class: org.codehaus.groovy.ast.expr.EmptyExpression>: null

2018-10-18 13:35:38 - [TEST_STEP][PASSED] - Statement - RA = java.lang.Math.random() * 20: null

2018-10-18 13:35:38 - [TEST_STEP][PASSED] - Statement - log.logInfo("Random amount = " + RA): Random amount = 11

2018-10-18 13:35:38 - [TEST_STEP][PASSED] - setText: Text '1100' is set on object 'Object Repository/Frontend/MatchBetting/input_stake'

2018-10-18 13:35:38 - [MESSAGE][PASSED] - Text '1100' is set on object 'Object Repository/Frontend/MatchBetting/input_stake'

2018-10-18 13:35:38 - [TEST_STEP][PASSED] - delay: Delayed 2 second(s)

2018-10-18 13:35:40 - [MESSAGE][PASSED] - Delayed 2 second(s)

2018-10-18 13:35:40 - [TEST_STEP][PASSED] - click: Object: 'Object Repository/Frontend/MatchBetting/button_Bet' is clicked on

2018-10-18 13:35:45 - [MESSAGE][PASSED] - Object: 'Object Repository/Frontend/MatchBetting/button_Bet' is clicked on

2018-10-18 13:35:45 - [TEST_STEP][PASSED] - waitForElementPresent: Object 'Object Repository/Frontend/MatchBetting/BetslipAdded' is present

2018-10-18 13:35:45 - [MESSAGE][PASSED] - Object 'Object Repository/Frontend/MatchBetting/BetslipAdded' is present

2018-10-18 13:35:45 - [TEST_STEP][PASSED] - delay: Delayed 3 second(s)

2018-10-18 13:35:48 - [MESSAGE][PASSED] - Delayed 3 second(s)

2018-10-18 13:35:48 - [TEST_STEP][PASSED] - Statement - log.logInfo("User balance " + balance): User balance 1,000,676,632.00

2018-10-18 13:35:48 - [TEST_STEP][PASSED] - Statement - odds = new java.util.ArrayList(): null

2018-10-18 13:35:48 - [TEST_STEP][PASSED] - Statement - odds.addAll(java.util.Arrays.asList(meron, draw, ftd, wala)): null

2018-10-18 13:35:48 - [TEST_STEP][PASSED] - Statement - rand = new java.util.Random(): null

2018-10-18 13:35:48 - [TEST_STEP][PASSED] - Statement - randodds = rand.nextInt(odds.size()): null

2018-10-18 13:35:48 - [TEST_STEP][PASSED] - Statement - log.logInfo(" meron[0] draw[1] ftd[2] wala[3] ::" + randodds):  meron[0] draw[1] ftd[2] wala[3] ::1

2018-10-18 13:35:48 - [TEST_STEP][PASSED] - Statement - log.logInfo("Odds Selected = " + odds.get(randodds)): Odds Selected = TestObject - 'Object Repository/Frontend/MatchBetting/button_Drawodds'

2018-10-18 13:35:48 - [TEST_STEP][PASSED] - click: Object: 'Object Repository/Frontend/MatchBetting/button_Drawodds' is clicked on

2018-10-18 13:35:53 - [MESSAGE][PASSED] - Object: 'Object Repository/Frontend/MatchBetting/button_Drawodds' is clicked on

2018-10-18 13:35:53 - [TEST_STEP][PASSED] - verifyElementPresent: Object 'Object Repository/Frontend/MatchBetting/span_Possiblewinning' is present

2018-10-18 13:35:53 - [MESSAGE][PASSED] - Object 'Object Repository/Frontend/MatchBetting/span_Possiblewinning' is present

2018-10-18 13:35:53 - [TEST_STEP][PASSED] - Statement - RA = <not implemented yet for class: org.codehaus.groovy.ast.expr.EmptyExpression>: null

2018-10-18 13:35:53 - [TEST_STEP][PASSED] - Statement - RA = java.lang.Math.random() * 20: null

2018-10-18 13:35:53 - [TEST_STEP][PASSED] - Statement - log.logInfo("Random amount = " + RA): Random amount = 15

2018-10-18 13:35:53 - [TEST_STEP][PASSED] - setText: Text '1500' is set on object 'Object Repository/Frontend/MatchBetting/input_stake'

2018-10-18 13:35:54 - [MESSAGE][PASSED] - Text '1500' is set on object 'Object Repository/Frontend/MatchBetting/input_stake'

2018-10-18 13:35:54 - [TEST_STEP][PASSED] - delay: Delayed 2 second(s)

2018-10-18 13:35:56 - [MESSAGE][PASSED] - Delayed 2 second(s)

2018-10-18 13:35:56 - [TEST_STEP][PASSED] - click: Object: 'Object Repository/Frontend/MatchBetting/button_Bet' is clicked on

2018-10-18 13:36:01 - [MESSAGE][PASSED] - Object: 'Object Repository/Frontend/MatchBetting/button_Bet' is clicked on

2018-10-18 13:36:01 - [TEST_STEP][PASSED] - waitForElementPresent: Object 'Object Repository/Frontend/MatchBetting/BetslipAdded' is present

2018-10-18 13:36:01 - [MESSAGE][PASSED] - Object 'Object Repository/Frontend/MatchBetting/BetslipAdded' is present

2018-10-18 13:36:01 - [TEST_STEP][PASSED] - delay: Delayed 3 second(s)

2018-10-18 13:36:04 - [MESSAGE][PASSED] - Delayed 3 second(s)

2018-10-18 13:36:04 - [TEST_STEP][PASSED] - Statement - log.logInfo("User balance " + balance): User balance 1,000,676,632.00

2018-10-18 13:36:04 - [TEST_STEP][PASSED] - Statement - odds = new java.util.ArrayList(): null

2018-10-18 13:36:04 - [TEST_STEP][PASSED] - Statement - odds.addAll(java.util.Arrays.asList(meron, draw, ftd, wala)): null

2018-10-18 13:36:04 - [TEST_STEP][PASSED] - Statement - rand = new java.util.Random(): null

2018-10-18 13:36:04 - [TEST_STEP][PASSED] - Statement - randodds = rand.nextInt(odds.size()): null

2018-10-18 13:36:04 - [TEST_STEP][PASSED] - Statement - log.logInfo(" meron[0] draw[1] ftd[2] wala[3] ::" + randodds):  meron[0] draw[1] ftd[2] wala[3] ::2

2018-10-18 13:36:04 - [TEST_STEP][PASSED] - Statement - log.logInfo("Odds Selected = " + odds.get(randodds)): Odds Selected = TestObject - 'Object Repository/Frontend/MatchBetting/button_FTDodds'

2018-10-18 13:36:04 - [TEST_STEP][PASSED] - click: Object: 'Object Repository/Frontend/MatchBetting/button_FTDodds' is clicked on

2018-10-18 13:36:09 - [MESSAGE][PASSED] - Object: 'Object Repository/Frontend/MatchBetting/button_FTDodds' is clicked on

2018-10-18 13:36:09 - [TEST_STEP][PASSED] - verifyElementPresent: Object 'Object Repository/Frontend/MatchBetting/span_Possiblewinning' is present

2018-10-18 13:36:09 - [MESSAGE][PASSED] - Object 'Object Repository/Frontend/MatchBetting/span_Possiblewinning' is present

2018-10-18 13:36:09 - [TEST_STEP][PASSED] - Statement - RA = <not implemented yet for class: org.codehaus.groovy.ast.expr.EmptyExpression>: null

2018-10-18 13:36:09 - [TEST_STEP][PASSED] - Statement - RA = java.lang.Math.random() * 20: null

2018-10-18 13:36:09 - [TEST_STEP][PASSED] - Statement - log.logInfo("Random amount = " + RA): Random amount = 9

2018-10-18 13:36:09 - [TEST_STEP][PASSED] - setText: Text '900' is set on object 'Object Repository/Frontend/MatchBetting/input_stake'

2018-10-18 13:36:09 - [MESSAGE][PASSED] - Text '900' is set on object 'Object Repository/Frontend/MatchBetting/input_stake'

2018-10-18 13:36:09 - [TEST_STEP][PASSED] - delay: Delayed 2 second(s)

2018-10-18 13:36:11 - [MESSAGE][PASSED] - Delayed 2 second(s)

2018-10-18 13:36:11 - [TEST_STEP][PASSED] - click: Object: 'Object Repository/Frontend/MatchBetting/button_Bet' is clicked on

2018-10-18 13:36:16 - [MESSAGE][PASSED] - Object: 'Object Repository/Frontend/MatchBetting/button_Bet' is clicked on

2018-10-18 13:36:16 - [TEST_STEP][PASSED] - waitForElementPresent: Object 'Object Repository/Frontend/MatchBetting/BetslipAdded' is present

2018-10-18 13:36:16 - [MESSAGE][PASSED] - Object 'Object Repository/Frontend/MatchBetting/BetslipAdded' is present

2018-10-18 13:36:16 - [TEST_STEP][PASSED] - delay: Delayed 3 second(s)

2018-10-18 13:36:19 - [MESSAGE][PASSED] - Delayed 3 second(s)

2018-10-18 13:36:19 - [TEST_STEP][PASSED] - Statement - log.logInfo("User balance " + balance): User balance 1,000,676,632.00

2018-10-18 13:36:19 - [TEST_STEP][PASSED] - Statement - odds = new java.util.ArrayList(): null

2018-10-18 13:36:19 - [TEST_STEP][PASSED] - Statement - odds.addAll(java.util.Arrays.asList(meron, draw, ftd, wala)): null

2018-10-18 13:36:19 - [TEST_STEP][PASSED] - Statement - rand = new java.util.Random(): null

2018-10-18 13:36:19 - [TEST_STEP][PASSED] - Statement - randodds = rand.nextInt(odds.size()): null

2018-10-18 13:36:19 - [TEST_STEP][PASSED] - Statement - log.logInfo(" meron[0] draw[1] ftd[2] wala[3] ::" + randodds):  meron[0] draw[1] ftd[2] wala[3] ::1

2018-10-18 13:36:19 - [TEST_STEP][PASSED] - Statement - log.logInfo("Odds Selected = " + odds.get(randodds)): Odds Selected = TestObject - 'Object Repository/Frontend/MatchBetting/button_Drawodds'

2018-10-18 13:36:19 - [TEST_STEP][PASSED] - click: Object: 'Object Repository/Frontend/MatchBetting/button_Drawodds' is clicked on

2018-10-18 13:36:24 - [MESSAGE][PASSED] - Object: 'Object Repository/Frontend/MatchBetting/button_Drawodds' is clicked on

2018-10-18 13:36:24 - [TEST_STEP][PASSED] - verifyElementPresent: Object 'Object Repository/Frontend/MatchBetting/span_Possiblewinning' is present

2018-10-18 13:36:24 - [MESSAGE][PASSED] - Object 'Object Repository/Frontend/MatchBetting/span_Possiblewinning' is present

2018-10-18 13:36:24 - [TEST_STEP][PASSED] - Statement - RA = <not implemented yet for class: org.codehaus.groovy.ast.expr.EmptyExpression>: null

2018-10-18 13:36:24 - [TEST_STEP][PASSED] - Statement - RA = java.lang.Math.random() * 20: null

2018-10-18 13:36:24 - [TEST_STEP][PASSED] - Statement - log.logInfo("Random amount = " + RA): Random amount = 10

2018-10-18 13:36:24 - [TEST_STEP][PASSED] - setText: Text '1000' is set on object 'Object Repository/Frontend/MatchBetting/input_stake'

2018-10-18 13:36:25 - [MESSAGE][PASSED] - Text '1000' is set on object 'Object Repository/Frontend/MatchBetting/input_stake'

2018-10-18 13:36:25 - [TEST_STEP][PASSED] - delay: Delayed 2 second(s)

2018-10-18 13:36:27 - [MESSAGE][PASSED] - Delayed 2 second(s)

2018-10-18 13:36:27 - [TEST_STEP][PASSED] - click: Object: 'Object Repository/Frontend/MatchBetting/button_Bet' is clicked on

2018-10-18 13:36:32 - [MESSAGE][PASSED] - Object: 'Object Repository/Frontend/MatchBetting/button_Bet' is clicked on

2018-10-18 13:36:32 - [TEST_STEP][PASSED] - waitForElementPresent: Object 'Object Repository/Frontend/MatchBetting/BetslipAdded' is present

2018-10-18 13:36:32 - [MESSAGE][PASSED] - Object 'Object Repository/Frontend/MatchBetting/BetslipAdded' is present

2018-10-18 13:36:32 - [TEST_STEP][PASSED] - delay: Delayed 3 second(s)

2018-10-18 13:36:35 - [MESSAGE][PASSED] - Delayed 3 second(s)

2018-10-18 13:36:35 - [TEST_STEP][PASSED] - Statement - log.logInfo("User balance " + balance): User balance 1,000,676,632.00

2018-10-18 13:36:35 - [TEST_STEP][PASSED] - Statement - odds = new java.util.ArrayList(): null

2018-10-18 13:36:35 - [TEST_STEP][PASSED] - Statement - odds.addAll(java.util.Arrays.asList(meron, draw, ftd, wala)): null

2018-10-18 13:36:35 - [TEST_STEP][PASSED] - Statement - rand = new java.util.Random(): null

2018-10-18 13:36:35 - [TEST_STEP][PASSED] - Statement - randodds = rand.nextInt(odds.size()): null

2018-10-18 13:36:35 - [TEST_STEP][PASSED] - Statement - log.logInfo(" meron[0] draw[1] ftd[2] wala[3] ::" + randodds):  meron[0] draw[1] ftd[2] wala[3] ::1

2018-10-18 13:36:35 - [TEST_STEP][PASSED] - Statement - log.logInfo("Odds Selected = " + odds.get(randodds)): Odds Selected = TestObject - 'Object Repository/Frontend/MatchBetting/button_Drawodds'

2018-10-18 13:36:35 - [TEST_STEP][PASSED] - click: Object: 'Object Repository/Frontend/MatchBetting/button_Drawodds' is clicked on

2018-10-18 13:36:40 - [MESSAGE][PASSED] - Object: 'Object Repository/Frontend/MatchBetting/button_Drawodds' is clicked on

2018-10-18 13:36:40 - [TEST_STEP][PASSED] - verifyElementPresent: Object 'Object Repository/Frontend/MatchBetting/span_Possiblewinning' is present

2018-10-18 13:36:40 - [MESSAGE][PASSED] - Object 'Object Repository/Frontend/MatchBetting/span_Possiblewinning' is present

2018-10-18 13:36:40 - [TEST_STEP][PASSED] - Statement - RA = <not implemented yet for class: org.codehaus.groovy.ast.expr.EmptyExpression>: null

2018-10-18 13:36:40 - [TEST_STEP][PASSED] - Statement - RA = java.lang.Math.random() * 20: null

2018-10-18 13:36:40 - [TEST_STEP][PASSED] - Statement - log.logInfo("Random amount = " + RA): Random amount = 5

2018-10-18 13:36:40 - [TEST_STEP][PASSED] - setText: Text '500' is set on object 'Object Repository/Frontend/MatchBetting/input_stake'

2018-10-18 13:36:40 - [MESSAGE][PASSED] - Text '500' is set on object 'Object Repository/Frontend/MatchBetting/input_stake'

2018-10-18 13:36:40 - [TEST_STEP][PASSED] - delay: Delayed 2 second(s)

2018-10-18 13:36:42 - [MESSAGE][PASSED] - Delayed 2 second(s)

2018-10-18 13:36:42 - [TEST_STEP][PASSED] - click: Object: 'Object Repository/Frontend/MatchBetting/button_Bet' is clicked on

2018-10-18 13:36:47 - [MESSAGE][PASSED] - Object: 'Object Repository/Frontend/MatchBetting/button_Bet' is clicked on

2018-10-18 13:36:47 - [TEST_STEP][PASSED] - waitForElementPresent: Object 'Object Repository/Frontend/MatchBetting/BetslipAdded' is present

2018-10-18 13:36:47 - [MESSAGE][PASSED] - Object 'Object Repository/Frontend/MatchBetting/BetslipAdded' is present

2018-10-18 13:36:47 - [TEST_STEP][PASSED] - delay: Delayed 3 second(s)

2018-10-18 13:36:50 - [MESSAGE][PASSED] - Delayed 3 second(s)

2018-10-18 13:36:50 - [TEST_STEP][PASSED] - Statement - log.logInfo("User balance " + balance): User balance 1,000,676,632.00

2018-10-18 13:36:50 - [TEST_STEP][PASSED] - Statement - odds = new java.util.ArrayList(): null

2018-10-18 13:36:50 - [TEST_STEP][PASSED] - Statement - odds.addAll(java.util.Arrays.asList(meron, draw, ftd, wala)): null

2018-10-18 13:36:50 - [TEST_STEP][PASSED] - Statement - rand = new java.util.Random(): null

2018-10-18 13:36:50 - [TEST_STEP][PASSED] - Statement - randodds = rand.nextInt(odds.size()): null

2018-10-18 13:36:50 - [TEST_STEP][PASSED] - Statement - log.logInfo(" meron[0] draw[1] ftd[2] wala[3] ::" + randodds):  meron[0] draw[1] ftd[2] wala[3] ::0

2018-10-18 13:36:50 - [TEST_STEP][PASSED] - Statement - log.logInfo("Odds Selected = " + odds.get(randodds)): Odds Selected = TestObject - 'Object Repository/Frontend/MatchBetting/button_Meronodds'

2018-10-18 13:36:50 - [TEST_STEP][PASSED] - click: Object: 'Object Repository/Frontend/MatchBetting/button_Meronodds' is clicked on

2018-10-18 13:36:55 - [MESSAGE][PASSED] - Object: 'Object Repository/Frontend/MatchBetting/button_Meronodds' is clicked on

2018-10-18 13:36:55 - [TEST_STEP][PASSED] - verifyElementPresent: Object 'Object Repository/Frontend/MatchBetting/span_Possiblewinning' is present

2018-10-18 13:36:56 - [MESSAGE][PASSED] - Object 'Object Repository/Frontend/MatchBetting/span_Possiblewinning' is present

2018-10-18 13:36:56 - [TEST_STEP][PASSED] - Statement - RA = <not implemented yet for class: org.codehaus.groovy.ast.expr.EmptyExpression>: null

2018-10-18 13:36:56 - [TEST_STEP][PASSED] - Statement - RA = java.lang.Math.random() * 20: null

2018-10-18 13:36:56 - [TEST_STEP][PASSED] - Statement - log.logInfo("Random amount = " + RA): Random amount = 19

2018-10-18 13:36:56 - [TEST_STEP][PASSED] - setText: Text '1900' is set on object 'Object Repository/Frontend/MatchBetting/input_stake'

2018-10-18 13:36:56 - [MESSAGE][PASSED] - Text '1900' is set on object 'Object Repository/Frontend/MatchBetting/input_stake'

2018-10-18 13:36:56 - [TEST_STEP][PASSED] - delay: Delayed 2 second(s)

2018-10-18 13:36:58 - [MESSAGE][PASSED] - Delayed 2 second(s)

2018-10-18 13:36:58 - [TEST_STEP][PASSED] - click: Object: 'Object Repository/Frontend/MatchBetting/button_Bet' is clicked on

2018-10-18 13:37:03 - [MESSAGE][PASSED] - Object: 'Object Repository/Frontend/MatchBetting/button_Bet' is clicked on

2018-10-18 13:37:03 - [TEST_STEP][PASSED] - waitForElementPresent: Object 'Object Repository/Frontend/MatchBetting/BetslipAdded' is present

2018-10-18 13:37:03 - [MESSAGE][PASSED] - Object 'Object Repository/Frontend/MatchBetting/BetslipAdded' is present

2018-10-18 13:37:03 - [TEST_STEP][PASSED] - delay: Delayed 3 second(s)

2018-10-18 13:37:06 - [MESSAGE][PASSED] - Delayed 3 second(s)

2018-10-18 13:37:06 - [TEST_STEP][PASSED] - Statement - log.logInfo("User balance " + balance): User balance 1,000,676,632.00

2018-10-18 13:37:06 - [TEST_STEP][PASSED] - Statement - odds = new java.util.ArrayList(): null

2018-10-18 13:37:06 - [TEST_STEP][PASSED] - Statement - odds.addAll(java.util.Arrays.asList(meron, draw, ftd, wala)): null

2018-10-18 13:37:06 - [TEST_STEP][PASSED] - Statement - rand = new java.util.Random(): null

2018-10-18 13:37:06 - [TEST_STEP][PASSED] - Statement - randodds = rand.nextInt(odds.size()): null

2018-10-18 13:37:06 - [TEST_STEP][PASSED] - Statement - log.logInfo(" meron[0] draw[1] ftd[2] wala[3] ::" + randodds):  meron[0] draw[1] ftd[2] wala[3] ::3

2018-10-18 13:37:06 - [TEST_STEP][PASSED] - Statement - log.logInfo("Odds Selected = " + odds.get(randodds)): Odds Selected = TestObject - 'Object Repository/Frontend/MatchBetting/button_Walaodds'

2018-10-18 13:37:06 - [TEST_STEP][PASSED] - click: Object: 'Object Repository/Frontend/MatchBetting/button_Walaodds' is clicked on

2018-10-18 13:37:11 - [MESSAGE][PASSED] - Object: 'Object Repository/Frontend/MatchBetting/button_Walaodds' is clicked on

2018-10-18 13:37:11 - [TEST_STEP][PASSED] - verifyElementPresent: Object 'Object Repository/Frontend/MatchBetting/span_Possiblewinning' is present

2018-10-18 13:37:11 - [MESSAGE][PASSED] - Object 'Object Repository/Frontend/MatchBetting/span_Possiblewinning' is present

2018-10-18 13:37:11 - [TEST_STEP][PASSED] - Statement - RA = <not implemented yet for class: org.codehaus.groovy.ast.expr.EmptyExpression>: null

2018-10-18 13:37:11 - [TEST_STEP][PASSED] - Statement - RA = java.lang.Math.random() * 20: null

2018-10-18 13:37:11 - [TEST_STEP][PASSED] - Statement - log.logInfo("Random amount = " + RA): Random amount = 5

2018-10-18 13:37:11 - [TEST_STEP][PASSED] - setText: Text '500' is set on object 'Object Repository/Frontend/MatchBetting/input_stake'

2018-10-18 13:37:11 - [MESSAGE][PASSED] - Text '500' is set on object 'Object Repository/Frontend/MatchBetting/input_stake'

2018-10-18 13:37:11 - [TEST_STEP][PASSED] - delay: Delayed 2 second(s)

2018-10-18 13:37:13 - [MESSAGE][PASSED] - Delayed 2 second(s)

2018-10-18 13:37:13 - [TEST_STEP][PASSED] - click: Object: 'Object Repository/Frontend/MatchBetting/button_Bet' is clicked on

2018-10-18 13:37:19 - [MESSAGE][PASSED] - Object: 'Object Repository/Frontend/MatchBetting/button_Bet' is clicked on

2018-10-18 13:37:19 - [TEST_STEP][PASSED] - waitForElementPresent: Object 'Object Repository/Frontend/MatchBetting/BetslipAdded' is present

2018-10-18 13:37:19 - [MESSAGE][PASSED] - Object 'Object Repository/Frontend/MatchBetting/BetslipAdded' is present

2018-10-18 13:37:19 - [TEST_STEP][PASSED] - delay: Delayed 3 second(s)

2018-10-18 13:37:22 - [MESSAGE][PASSED] - Delayed 3 second(s)

2018-10-18 13:37:22 - [TEST_STEP][PASSED] - Statement - log.logInfo("User balance " + balance): User balance 1,000,676,632.00

2018-10-18 13:37:22 - [TEST_STEP][PASSED] - Statement - odds = new java.util.ArrayList(): null

2018-10-18 13:37:22 - [TEST_STEP][PASSED] - Statement - odds.addAll(java.util.Arrays.asList(meron, draw, ftd, wala)): null

2018-10-18 13:37:22 - [TEST_STEP][PASSED] - Statement - rand = new java.util.Random(): null

2018-10-18 13:37:22 - [TEST_STEP][PASSED] - Statement - randodds = rand.nextInt(odds.size()): null

2018-10-18 13:37:22 - [TEST_STEP][PASSED] - Statement - log.logInfo(" meron[0] draw[1] ftd[2] wala[3] ::" + randodds):  meron[0] draw[1] ftd[2] wala[3] ::0

2018-10-18 13:37:22 - [TEST_STEP][PASSED] - Statement - log.logInfo("Odds Selected = " + odds.get(randodds)): Odds Selected = TestObject - 'Object Repository/Frontend/MatchBetting/button_Meronodds'

2018-10-18 13:37:22 - [TEST_STEP][PASSED] - click: Object: 'Object Repository/Frontend/MatchBetting/button_Meronodds' is clicked on

2018-10-18 13:37:27 - [MESSAGE][PASSED] - Object: 'Object Repository/Frontend/MatchBetting/button_Meronodds' is clicked on

2018-10-18 13:37:27 - [TEST_STEP][PASSED] - verifyElementPresent: Object 'Object Repository/Frontend/MatchBetting/span_Possiblewinning' is present

2018-10-18 13:37:27 - [MESSAGE][PASSED] - Object 'Object Repository/Frontend/MatchBetting/span_Possiblewinning' is present

2018-10-18 13:37:27 - [TEST_STEP][PASSED] - Statement - RA = <not implemented yet for class: org.codehaus.groovy.ast.expr.EmptyExpression>: null

2018-10-18 13:37:27 - [TEST_STEP][PASSED] - Statement - RA = java.lang.Math.random() * 20: null

2018-10-18 13:37:27 - [TEST_STEP][PASSED] - Statement - log.logInfo("Random amount = " + RA): Random amount = 18

2018-10-18 13:37:27 - [TEST_STEP][PASSED] - setText: Text '1800' is set on object 'Object Repository/Frontend/MatchBetting/input_stake'

2018-10-18 13:37:28 - [MESSAGE][PASSED] - Text '1800' is set on object 'Object Repository/Frontend/MatchBetting/input_stake'

2018-10-18 13:37:28 - [TEST_STEP][PASSED] - delay: Delayed 2 second(s)

2018-10-18 13:37:30 - [MESSAGE][PASSED] - Delayed 2 second(s)

2018-10-18 13:37:30 - [TEST_STEP][PASSED] - click: Object: 'Object Repository/Frontend/MatchBetting/button_Bet' is clicked on

2018-10-18 13:37:35 - [MESSAGE][PASSED] - Object: 'Object Repository/Frontend/MatchBetting/button_Bet' is clicked on

2018-10-18 13:37:35 - [TEST_STEP][PASSED] - waitForElementPresent: Object 'Object Repository/Frontend/MatchBetting/BetslipAdded' is present

2018-10-18 13:37:35 - [MESSAGE][PASSED] - Object 'Object Repository/Frontend/MatchBetting/BetslipAdded' is present

2018-10-18 13:37:35 - [TEST_STEP][PASSED] - delay: Delayed 3 second(s)

2018-10-18 13:37:38 - [MESSAGE][PASSED] - Delayed 3 second(s)

2018-10-18 13:37:38 - [TEST_STEP][PASSED] - Statement - log.logInfo("User balance " + balance): User balance 1,000,676,632.00

2018-10-18 13:37:38 - [TEST_STEP][PASSED] - Statement - odds = new java.util.ArrayList(): null

2018-10-18 13:37:38 - [TEST_STEP][PASSED] - Statement - odds.addAll(java.util.Arrays.asList(meron, draw, ftd, wala)): null

2018-10-18 13:37:38 - [TEST_STEP][PASSED] - Statement - rand = new java.util.Random(): null

2018-10-18 13:37:38 - [TEST_STEP][PASSED] - Statement - randodds = rand.nextInt(odds.size()): null

2018-10-18 13:37:38 - [TEST_STEP][PASSED] - Statement - log.logInfo(" meron[0] draw[1] ftd[2] wala[3] ::" + randodds):  meron[0] draw[1] ftd[2] wala[3] ::0

2018-10-18 13:37:38 - [TEST_STEP][PASSED] - Statement - log.logInfo("Odds Selected = " + odds.get(randodds)): Odds Selected = TestObject - 'Object Repository/Frontend/MatchBetting/button_Meronodds'

2018-10-18 13:37:38 - [TEST_STEP][PASSED] - click: Object: 'Object Repository/Frontend/MatchBetting/button_Meronodds' is clicked on

2018-10-18 13:37:44 - [MESSAGE][PASSED] - Object: 'Object Repository/Frontend/MatchBetting/button_Meronodds' is clicked on

2018-10-18 13:37:44 - [TEST_STEP][PASSED] - verifyElementPresent: Object 'Object Repository/Frontend/MatchBetting/span_Possiblewinning' is present

2018-10-18 13:37:44 - [MESSAGE][PASSED] - Object 'Object Repository/Frontend/MatchBetting/span_Possiblewinning' is present

2018-10-18 13:37:44 - [TEST_STEP][PASSED] - Statement - RA = <not implemented yet for class: org.codehaus.groovy.ast.expr.EmptyExpression>: null

2018-10-18 13:37:44 - [TEST_STEP][PASSED] - Statement - RA = java.lang.Math.random() * 20: null

2018-10-18 13:37:44 - [TEST_STEP][PASSED] - Statement - log.logInfo("Random amount = " + RA): Random amount = 18

2018-10-18 13:37:44 - [TEST_STEP][PASSED] - setText: Text '1800' is set on object 'Object Repository/Frontend/MatchBetting/input_stake'

2018-10-18 13:37:44 - [MESSAGE][PASSED] - Text '1800' is set on object 'Object Repository/Frontend/MatchBetting/input_stake'

2018-10-18 13:37:44 - [TEST_STEP][PASSED] - delay: Delayed 2 second(s)

2018-10-18 13:37:46 - [MESSAGE][PASSED] - Delayed 2 second(s)

2018-10-18 13:37:46 - [TEST_STEP][PASSED] - click: Object: 'Object Repository/Frontend/MatchBetting/button_Bet' is clicked on

2018-10-18 13:37:51 - [MESSAGE][PASSED] - Object: 'Object Repository/Frontend/MatchBetting/button_Bet' is clicked on

2018-10-18 13:37:51 - [TEST_STEP][PASSED] - waitForElementPresent: Object 'Object Repository/Frontend/MatchBetting/BetslipAdded' is present

2018-10-18 13:37:51 - [MESSAGE][PASSED] - Object 'Object Repository/Frontend/MatchBetting/BetslipAdded' is present

2018-10-18 13:37:51 - [TEST_STEP][PASSED] - delay: Delayed 3 second(s)

2018-10-18 13:37:54 - [MESSAGE][PASSED] - Delayed 3 second(s)

2018-10-18 13:37:54 - [TEST_STEP][PASSED] - Statement - log.logInfo("User balance " + balance): User balance 1,000,676,632.00

2018-10-18 13:37:54 - [TEST_STEP][PASSED] - Statement - odds = new java.util.ArrayList(): null

2018-10-18 13:37:54 - [TEST_STEP][PASSED] - Statement - odds.addAll(java.util.Arrays.asList(meron, draw, ftd, wala)): null

2018-10-18 13:37:54 - [TEST_STEP][PASSED] - Statement - rand = new java.util.Random(): null

2018-10-18 13:37:54 - [TEST_STEP][PASSED] - Statement - randodds = rand.nextInt(odds.size()): null

2018-10-18 13:37:54 - [TEST_STEP][PASSED] - Statement - log.logInfo(" meron[0] draw[1] ftd[2] wala[3] ::" + randodds):  meron[0] draw[1] ftd[2] wala[3] ::0

2018-10-18 13:37:54 - [TEST_STEP][PASSED] - Statement - log.logInfo("Odds Selected = " + odds.get(randodds)): Odds Selected = TestObject - 'Object Repository/Frontend/MatchBetting/button_Meronodds'

2018-10-18 13:37:54 - [TEST_STEP][PASSED] - click: Object: 'Object Repository/Frontend/MatchBetting/button_Meronodds' is clicked on

2018-10-18 13:37:59 - [MESSAGE][PASSED] - Object: 'Object Repository/Frontend/MatchBetting/button_Meronodds' is clicked on

2018-10-18 13:37:59 - [TEST_STEP][PASSED] - verifyElementPresent: Object 'Object Repository/Frontend/MatchBetting/span_Possiblewinning' is present

2018-10-18 13:37:59 - [MESSAGE][PASSED] - Object 'Object Repository/Frontend/MatchBetting/span_Possiblewinning' is present

2018-10-18 13:37:59 - [TEST_STEP][PASSED] - Statement - RA = <not implemented yet for class: org.codehaus.groovy.ast.expr.EmptyExpression>: null

2018-10-18 13:37:59 - [TEST_STEP][PASSED] - Statement - RA = java.lang.Math.random() * 20: null

2018-10-18 13:37:59 - [TEST_STEP][PASSED] - Statement - log.logInfo("Random amount = " + RA): Random amount = 3

2018-10-18 13:37:59 - [TEST_STEP][PASSED] - setText: Text '300' is set on object 'Object Repository/Frontend/MatchBetting/input_stake'

2018-10-18 13:37:59 - [MESSAGE][PASSED] - Text '300' is set on object 'Object Repository/Frontend/MatchBetting/input_stake'

2018-10-18 13:37:59 - [TEST_STEP][PASSED] - delay: Delayed 2 second(s)

2018-10-18 13:38:01 - [MESSAGE][PASSED] - Delayed 2 second(s)

2018-10-18 13:38:01 - [TEST_STEP][PASSED] - click: Object: 'Object Repository/Frontend/MatchBetting/button_Bet' is clicked on

2018-10-18 13:38:07 - [MESSAGE][PASSED] - Object: 'Object Repository/Frontend/MatchBetting/button_Bet' is clicked on

2018-10-18 13:38:07 - [TEST_STEP][PASSED] - waitForElementPresent: Object 'Object Repository/Frontend/MatchBetting/BetslipAdded' is present

2018-10-18 13:38:07 - [MESSAGE][PASSED] - Object 'Object Repository/Frontend/MatchBetting/BetslipAdded' is present

2018-10-18 13:38:07 - [TEST_STEP][PASSED] - delay: Delayed 3 second(s)

2018-10-18 13:38:10 - [MESSAGE][PASSED] - Delayed 3 second(s)

2018-10-18 13:38:10 - [TEST_STEP][PASSED] - Statement - log.logInfo("User balance " + balance): User balance 1,000,676,632.00

2018-10-18 13:38:10 - [TEST_STEP][PASSED] - Statement - odds = new java.util.ArrayList(): null

2018-10-18 13:38:10 - [TEST_STEP][PASSED] - Statement - odds.addAll(java.util.Arrays.asList(meron, draw, ftd, wala)): null

2018-10-18 13:38:10 - [TEST_STEP][PASSED] - Statement - rand = new java.util.Random(): null

2018-10-18 13:38:10 - [TEST_STEP][PASSED] - Statement - randodds = rand.nextInt(odds.size()): null

2018-10-18 13:38:10 - [TEST_STEP][PASSED] - Statement - log.logInfo(" meron[0] draw[1] ftd[2] wala[3] ::" + randodds):  meron[0] draw[1] ftd[2] wala[3] ::3

2018-10-18 13:38:10 - [TEST_STEP][PASSED] - Statement - log.logInfo("Odds Selected = " + odds.get(randodds)): Odds Selected = TestObject - 'Object Repository/Frontend/MatchBetting/button_Walaodds'

2018-10-18 13:38:10 - [TEST_STEP][PASSED] - click: Object: 'Object Repository/Frontend/MatchBetting/button_Walaodds' is clicked on

2018-10-18 13:38:15 - [MESSAGE][PASSED] - Object: 'Object Repository/Frontend/MatchBetting/button_Walaodds' is clicked on

2018-10-18 13:38:15 - [TEST_STEP][PASSED] - verifyElementPresent: Object 'Object Repository/Frontend/MatchBetting/span_Possiblewinning' is present

2018-10-18 13:38:15 - [MESSAGE][PASSED] - Object 'Object Repository/Frontend/MatchBetting/span_Possiblewinning' is present

2018-10-18 13:38:15 - [TEST_STEP][PASSED] - Statement - RA = <not implemented yet for class: org.codehaus.groovy.ast.expr.EmptyExpression>: null

2018-10-18 13:38:15 - [TEST_STEP][PASSED] - Statement - RA = java.lang.Math.random() * 20: null

2018-10-18 13:38:15 - [TEST_STEP][PASSED] - Statement - log.logInfo("Random amount = " + RA): Random amount = 0

2018-10-18 13:38:15 - [TEST_STEP][PASSED] - setText: Text '000' is set on object 'Object Repository/Frontend/MatchBetting/input_stake'

2018-10-18 13:38:15 - [MESSAGE][PASSED] - Text '000' is set on object 'Object Repository/Frontend/MatchBetting/input_stake'

2018-10-18 13:38:15 - [TEST_STEP][PASSED] - delay: Delayed 2 second(s)

2018-10-18 13:38:17 - [MESSAGE][PASSED] - Delayed 2 second(s)

2018-10-18 13:38:17 - [TEST_STEP][PASSED] - click: Object: 'Object Repository/Frontend/MatchBetting/button_Bet' is clicked on

2018-10-18 13:38:22 - [MESSAGE][PASSED] - Object: 'Object Repository/Frontend/MatchBetting/button_Bet' is clicked on

2018-10-18 13:38:22 - [TEST_STEP][PASSED] - waitForElementPresent: Object 'Object Repository/Frontend/MatchBetting/BetslipAdded' is present

2018-10-18 13:38:22 - [MESSAGE][PASSED] - Object 'Object Repository/Frontend/MatchBetting/BetslipAdded' is present

2018-10-18 13:38:22 - [TEST_STEP][PASSED] - delay: Delayed 3 second(s)

2018-10-18 13:38:25 - [MESSAGE][PASSED] - Delayed 3 second(s)

2018-10-18 13:38:25 - [TEST_STEP][PASSED] - Statement - log.logInfo("User balance " + balance): User balance 1,000,676,632.00

2018-10-18 13:38:25 - [TEST_STEP][PASSED] - Statement - odds = new java.util.ArrayList(): null

2018-10-18 13:38:25 - [TEST_STEP][PASSED] - Statement - odds.addAll(java.util.Arrays.asList(meron, draw, ftd, wala)): null

2018-10-18 13:38:25 - [TEST_STEP][PASSED] - Statement - rand = new java.util.Random(): null

2018-10-18 13:38:25 - [TEST_STEP][PASSED] - Statement - randodds = rand.nextInt(odds.size()): null

2018-10-18 13:38:25 - [TEST_STEP][PASSED] - Statement - log.logInfo(" meron[0] draw[1] ftd[2] wala[3] ::" + randodds):  meron[0] draw[1] ftd[2] wala[3] ::3

2018-10-18 13:38:25 - [TEST_STEP][PASSED] - Statement - log.logInfo("Odds Selected = " + odds.get(randodds)): Odds Selected = TestObject - 'Object Repository/Frontend/MatchBetting/button_Walaodds'

2018-10-18 13:38:25 - [TEST_STEP][PASSED] - click: Object: 'Object Repository/Frontend/MatchBetting/button_Walaodds' is clicked on

2018-10-18 13:38:30 - [MESSAGE][PASSED] - Object: 'Object Repository/Frontend/MatchBetting/button_Walaodds' is clicked on

2018-10-18 13:38:30 - [TEST_STEP][PASSED] - verifyElementPresent: Object 'Object Repository/Frontend/MatchBetting/span_Possiblewinning' is present

2018-10-18 13:38:30 - [MESSAGE][PASSED] - Object 'Object Repository/Frontend/MatchBetting/span_Possiblewinning' is present

2018-10-18 13:38:30 - [TEST_STEP][PASSED] - Statement - RA = <not implemented yet for class: org.codehaus.groovy.ast.expr.EmptyExpression>: null

2018-10-18 13:38:30 - [TEST_STEP][PASSED] - Statement - RA = java.lang.Math.random() * 20: null

2018-10-18 13:38:30 - [TEST_STEP][PASSED] - Statement - log.logInfo("Random amount = " + RA): Random amount = 3

2018-10-18 13:38:30 - [TEST_STEP][PASSED] - setText: Text '300' is set on object 'Object Repository/Frontend/MatchBetting/input_stake'

2018-10-18 13:38:31 - [MESSAGE][PASSED] - Text '300' is set on object 'Object Repository/Frontend/MatchBetting/input_stake'

2018-10-18 13:38:31 - [TEST_STEP][PASSED] - delay: Delayed 2 second(s)

2018-10-18 13:38:33 - [MESSAGE][PASSED] - Delayed 2 second(s)

2018-10-18 13:38:33 - [TEST_STEP][PASSED] - click: Object: 'Object Repository/Frontend/MatchBetting/button_Bet' is clicked on

2018-10-18 13:38:38 - [MESSAGE][PASSED] - Object: 'Object Repository/Frontend/MatchBetting/button_Bet' is clicked on

2018-10-18 13:38:38 - [TEST_STEP][PASSED] - waitForElementPresent: Object 'Object Repository/Frontend/MatchBetting/BetslipAdded' is present

2018-10-18 13:38:38 - [MESSAGE][PASSED] - Object 'Object Repository/Frontend/MatchBetting/BetslipAdded' is present

2018-10-18 13:38:38 - [TEST_STEP][PASSED] - delay: Delayed 3 second(s)

2018-10-18 13:38:41 - [MESSAGE][PASSED] - Delayed 3 second(s)

2018-10-18 13:38:41 - [TEST_STEP][PASSED] - Statement - log.logInfo("User balance " + balance): User balance 1,000,676,632.00

2018-10-18 13:38:41 - [TEST_STEP][PASSED] - Statement - odds = new java.util.ArrayList(): null

2018-10-18 13:38:41 - [TEST_STEP][PASSED] - Statement - odds.addAll(java.util.Arrays.asList(meron, draw, ftd, wala)): null

2018-10-18 13:38:41 - [TEST_STEP][PASSED] - Statement - rand = new java.util.Random(): null

2018-10-18 13:38:41 - [TEST_STEP][PASSED] - Statement - randodds = rand.nextInt(odds.size()): null

2018-10-18 13:38:41 - [TEST_STEP][PASSED] - Statement - log.logInfo(" meron[0] draw[1] ftd[2] wala[3] ::" + randodds):  meron[0] draw[1] ftd[2] wala[3] ::1

2018-10-18 13:38:41 - [TEST_STEP][PASSED] - Statement - log.logInfo("Odds Selected = " + odds.get(randodds)): Odds Selected = TestObject - 'Object Repository/Frontend/MatchBetting/button_Drawodds'

2018-10-18 13:38:41 - [TEST_STEP][PASSED] - click: Object: 'Object Repository/Frontend/MatchBetting/button_Drawodds' is clicked on

2018-10-18 13:38:47 - [MESSAGE][PASSED] - Object: 'Object Repository/Frontend/MatchBetting/button_Drawodds' is clicked on

2018-10-18 13:38:47 - [TEST_STEP][PASSED] - verifyElementPresent: Object 'Object Repository/Frontend/MatchBetting/span_Possiblewinning' is present

2018-10-18 13:38:47 - [MESSAGE][PASSED] - Object 'Object Repository/Frontend/MatchBetting/span_Possiblewinning' is present

2018-10-18 13:38:47 - [TEST_STEP][PASSED] - Statement - RA = <not implemented yet for class: org.codehaus.groovy.ast.expr.EmptyExpression>: null

2018-10-18 13:38:47 - [TEST_STEP][PASSED] - Statement - RA = java.lang.Math.random() * 20: null

2018-10-18 13:38:47 - [TEST_STEP][PASSED] - Statement - log.logInfo("Random amount = " + RA): Random amount = 17

2018-10-18 13:38:47 - [TEST_STEP][PASSED] - setText: Text '1700' is set on object 'Object Repository/Frontend/MatchBetting/input_stake'

2018-10-18 13:38:48 - [MESSAGE][PASSED] - Text '1700' is set on object 'Object Repository/Frontend/MatchBetting/input_stake'

2018-10-18 13:38:48 - [TEST_STEP][PASSED] - delay: Delayed 2 second(s)

2018-10-18 13:38:50 - [MESSAGE][PASSED] - Delayed 2 second(s)

2018-10-18 13:38:50 - [TEST_STEP][PASSED] - click: Object: 'Object Repository/Frontend/MatchBetting/button_Bet' is clicked on

2018-10-18 13:38:55 - [MESSAGE][PASSED] - Object: 'Object Repository/Frontend/MatchBetting/button_Bet' is clicked on

2018-10-18 13:38:55 - [TEST_STEP][PASSED] - waitForElementPresent: Object 'Object Repository/Frontend/MatchBetting/BetslipAdded' is present

2018-10-18 13:38:55 - [MESSAGE][PASSED] - Object 'Object Repository/Frontend/MatchBetting/BetslipAdded' is present

2018-10-18 13:38:55 - [TEST_STEP][PASSED] - delay: Delayed 3 second(s)

2018-10-18 13:38:58 - [MESSAGE][PASSED] - Delayed 3 second(s)

2018-10-18 13:38:58 - [TEST_STEP][PASSED] - Statement - log.logInfo("User balance " + balance): User balance 1,000,676,632.00

2018-10-18 13:38:58 - [TEST_STEP][PASSED] - Statement - odds = new java.util.ArrayList(): null

2018-10-18 13:38:58 - [TEST_STEP][PASSED] - Statement - odds.addAll(java.util.Arrays.asList(meron, draw, ftd, wala)): null

2018-10-18 13:38:58 - [TEST_STEP][PASSED] - Statement - rand = new java.util.Random(): null

2018-10-18 13:38:58 - [TEST_STEP][PASSED] - Statement - randodds = rand.nextInt(odds.size()): null

2018-10-18 13:38:58 - [TEST_STEP][PASSED] - Statement - log.logInfo(" meron[0] draw[1] ftd[2] wala[3] ::" + randodds):  meron[0] draw[1] ftd[2] wala[3] ::1

2018-10-18 13:38:58 - [TEST_STEP][PASSED] - Statement - log.logInfo("Odds Selected = " + odds.get(randodds)): Odds Selected = TestObject - 'Object Repository/Frontend/MatchBetting/button_Drawodds'

2018-10-18 13:38:58 - [TEST_STEP][PASSED] - click: Object: 'Object Repository/Frontend/MatchBetting/button_Drawodds' is clicked on

2018-10-18 13:39:03 - [MESSAGE][PASSED] - Object: 'Object Repository/Frontend/MatchBetting/button_Drawodds' is clicked on

2018-10-18 13:39:03 - [TEST_STEP][PASSED] - verifyElementPresent: Object 'Object Repository/Frontend/MatchBetting/span_Possiblewinning' is present

2018-10-18 13:39:03 - [MESSAGE][PASSED] - Object 'Object Repository/Frontend/MatchBetting/span_Possiblewinning' is present

2018-10-18 13:39:03 - [TEST_STEP][PASSED] - Statement - RA = <not implemented yet for class: org.codehaus.groovy.ast.expr.EmptyExpression>: null

2018-10-18 13:39:03 - [TEST_STEP][PASSED] - Statement - RA = java.lang.Math.random() * 20: null

2018-10-18 13:39:03 - [TEST_STEP][PASSED] - Statement - log.logInfo("Random amount = " + RA): Random amount = 4

2018-10-18 13:39:03 - [TEST_STEP][PASSED] - setText: Text '400' is set on object 'Object Repository/Frontend/MatchBetting/input_stake'

2018-10-18 13:39:03 - [MESSAGE][PASSED] - Text '400' is set on object 'Object Repository/Frontend/MatchBetting/input_stake'

2018-10-18 13:39:03 - [TEST_STEP][PASSED] - delay: Delayed 2 second(s)

2018-10-18 13:39:05 - [MESSAGE][PASSED] - Delayed 2 second(s)

2018-10-18 13:39:05 - [TEST_STEP][PASSED] - click: Object: 'Object Repository/Frontend/MatchBetting/button_Bet' is clicked on

2018-10-18 13:39:10 - [MESSAGE][PASSED] - Object: 'Object Repository/Frontend/MatchBetting/button_Bet' is clicked on

2018-10-18 13:39:10 - [TEST_STEP][PASSED] - waitForElementPresent: Object 'Object Repository/Frontend/MatchBetting/BetslipAdded' is present

2018-10-18 13:39:10 - [MESSAGE][PASSED] - Object 'Object Repository/Frontend/MatchBetting/BetslipAdded' is present

2018-10-18 13:39:10 - [TEST_STEP][PASSED] - delay: Delayed 3 second(s)

2018-10-18 13:39:13 - [MESSAGE][PASSED] - Delayed 3 second(s)

2018-10-18 13:39:13 - [TEST_STEP][PASSED] - Statement - log.logInfo("User balance " + balance): User balance 1,000,676,632.00

2018-10-18 13:39:13 - [TEST_STEP][PASSED] - Statement - odds = new java.util.ArrayList(): null

2018-10-18 13:39:13 - [TEST_STEP][PASSED] - Statement - odds.addAll(java.util.Arrays.asList(meron, draw, ftd, wala)): null

2018-10-18 13:39:13 - [TEST_STEP][PASSED] - Statement - rand = new java.util.Random(): null

2018-10-18 13:39:13 - [TEST_STEP][PASSED] - Statement - randodds = rand.nextInt(odds.size()): null

2018-10-18 13:39:13 - [TEST_STEP][PASSED] - Statement - log.logInfo(" meron[0] draw[1] ftd[2] wala[3] ::" + randodds):  meron[0] draw[1] ftd[2] wala[3] ::1

2018-10-18 13:39:13 - [TEST_STEP][PASSED] - Statement - log.logInfo("Odds Selected = " + odds.get(randodds)): Odds Selected = TestObject - 'Object Repository/Frontend/MatchBetting/button_Drawodds'

2018-10-18 13:39:13 - [TEST_STEP][PASSED] - click: Object: 'Object Repository/Frontend/MatchBetting/button_Drawodds' is clicked on

2018-10-18 13:39:19 - [MESSAGE][PASSED] - Object: 'Object Repository/Frontend/MatchBetting/button_Drawodds' is clicked on

2018-10-18 13:39:19 - [TEST_STEP][PASSED] - verifyElementPresent: Object 'Object Repository/Frontend/MatchBetting/span_Possiblewinning' is present

2018-10-18 13:39:19 - [MESSAGE][PASSED] - Object 'Object Repository/Frontend/MatchBetting/span_Possiblewinning' is present

2018-10-18 13:39:19 - [TEST_STEP][PASSED] - Statement - RA = <not implemented yet for class: org.codehaus.groovy.ast.expr.EmptyExpression>: null

2018-10-18 13:39:19 - [TEST_STEP][PASSED] - Statement - RA = java.lang.Math.random() * 20: null

2018-10-18 13:39:19 - [TEST_STEP][PASSED] - Statement - log.logInfo("Random amount = " + RA): Random amount = 13

2018-10-18 13:39:19 - [TEST_STEP][PASSED] - setText: Text '1300' is set on object 'Object Repository/Frontend/MatchBetting/input_stake'

2018-10-18 13:39:19 - [MESSAGE][PASSED] - Text '1300' is set on object 'Object Repository/Frontend/MatchBetting/input_stake'

2018-10-18 13:39:19 - [TEST_STEP][PASSED] - delay: Delayed 2 second(s)

2018-10-18 13:39:21 - [MESSAGE][PASSED] - Delayed 2 second(s)

2018-10-18 13:39:21 - [TEST_STEP][PASSED] - click: Object: 'Object Repository/Frontend/MatchBetting/button_Bet' is clicked on

2018-10-18 13:39:26 - [MESSAGE][PASSED] - Object: 'Object Repository/Frontend/MatchBetting/button_Bet' is clicked on

2018-10-18 13:39:26 - [TEST_STEP][PASSED] - waitForElementPresent: Object 'Object Repository/Frontend/MatchBetting/BetslipAdded' is present

2018-10-18 13:39:26 - [MESSAGE][PASSED] - Object 'Object Repository/Frontend/MatchBetting/BetslipAdded' is present

2018-10-18 13:39:26 - [TEST_STEP][PASSED] - delay: Delayed 3 second(s)

2018-10-18 13:39:29 - [MESSAGE][PASSED] - Delayed 3 second(s)

2018-10-18 13:39:29 - [TEST_STEP][PASSED] - Statement - log.logInfo("User balance " + balance): User balance 1,000,676,632.00

2018-10-18 13:39:29 - [TEST_STEP][PASSED] - Statement - odds = new java.util.ArrayList(): null

2018-10-18 13:39:29 - [TEST_STEP][PASSED] - Statement - odds.addAll(java.util.Arrays.asList(meron, draw, ftd, wala)): null

2018-10-18 13:39:29 - [TEST_STEP][PASSED] - Statement - rand = new java.util.Random(): null

2018-10-18 13:39:29 - [TEST_STEP][PASSED] - Statement - randodds = rand.nextInt(odds.size()): null

2018-10-18 13:39:29 - [TEST_STEP][PASSED] - Statement - log.logInfo(" meron[0] draw[1] ftd[2] wala[3] ::" + randodds):  meron[0] draw[1] ftd[2] wala[3] ::2

2018-10-18 13:39:29 - [TEST_STEP][PASSED] - Statement - log.logInfo("Odds Selected = " + odds.get(randodds)): Odds Selected = TestObject - 'Object Repository/Frontend/MatchBetting/button_FTDodds'

2018-10-18 13:39:29 - [TEST_STEP][PASSED] - click: Object: 'Object Repository/Frontend/MatchBetting/button_FTDodds' is clicked on

2018-10-18 13:39:34 - [MESSAGE][PASSED] - Object: 'Object Repository/Frontend/MatchBetting/button_FTDodds' is clicked on

2018-10-18 13:39:34 - [TEST_STEP][PASSED] - verifyElementPresent: Object 'Object Repository/Frontend/MatchBetting/span_Possiblewinning' is present

2018-10-18 13:39:34 - [MESSAGE][PASSED] - Object 'Object Repository/Frontend/MatchBetting/span_Possiblewinning' is present

2018-10-18 13:39:34 - [TEST_STEP][PASSED] - Statement - RA = <not implemented yet for class: org.codehaus.groovy.ast.expr.EmptyExpression>: null

2018-10-18 13:39:34 - [TEST_STEP][PASSED] - Statement - RA = java.lang.Math.random() * 20: null

2018-10-18 13:39:34 - [TEST_STEP][PASSED] - Statement - log.logInfo("Random amount = " + RA): Random amount = 3

2018-10-18 13:39:34 - [TEST_STEP][PASSED] - setText: Text '300' is set on object 'Object Repository/Frontend/MatchBetting/input_stake'

2018-10-18 13:39:35 - [MESSAGE][PASSED] - Text '300' is set on object 'Object Repository/Frontend/MatchBetting/input_stake'

2018-10-18 13:39:35 - [TEST_STEP][PASSED] - delay: Delayed 2 second(s)

2018-10-18 13:39:37 - [MESSAGE][PASSED] - Delayed 2 second(s)

2018-10-18 13:39:37 - [TEST_STEP][PASSED] - click: Object: 'Object Repository/Frontend/MatchBetting/button_Bet' is clicked on

2018-10-18 13:39:42 - [MESSAGE][PASSED] - Object: 'Object Repository/Frontend/MatchBetting/button_Bet' is clicked on

2018-10-18 13:39:42 - [TEST_STEP][PASSED] - waitForElementPresent: Object 'Object Repository/Frontend/MatchBetting/BetslipAdded' is present

2018-10-18 13:39:42 - [MESSAGE][PASSED] - Object 'Object Repository/Frontend/MatchBetting/BetslipAdded' is present

2018-10-18 13:39:42 - [TEST_STEP][PASSED] - delay: Delayed 3 second(s)

2018-10-18 13:39:45 - [MESSAGE][PASSED] - Delayed 3 second(s)

2018-10-18 13:39:45 - [TEST_STEP][PASSED] - Statement - log.logInfo("User balance " + balance): User balance 1,000,676,632.00

2018-10-18 13:39:45 - [TEST_STEP][PASSED] - Statement - odds = new java.util.ArrayList(): null

2018-10-18 13:39:45 - [TEST_STEP][PASSED] - Statement - odds.addAll(java.util.Arrays.asList(meron, draw, ftd, wala)): null

2018-10-18 13:39:45 - [TEST_STEP][PASSED] - Statement - rand = new java.util.Random(): null

2018-10-18 13:39:45 - [TEST_STEP][PASSED] - Statement - randodds = rand.nextInt(odds.size()): null

2018-10-18 13:39:45 - [TEST_STEP][PASSED] - Statement - log.logInfo(" meron[0] draw[1] ftd[2] wala[3] ::" + randodds):  meron[0] draw[1] ftd[2] wala[3] ::3

2018-10-18 13:39:45 - [TEST_STEP][PASSED] - Statement - log.logInfo("Odds Selected = " + odds.get(randodds)): Odds Selected = TestObject - 'Object Repository/Frontend/MatchBetting/button_Walaodds'

2018-10-18 13:39:45 - [TEST_STEP][PASSED] - click: Object: 'Object Repository/Frontend/MatchBetting/button_Walaodds' is clicked on

2018-10-18 13:39:50 - [MESSAGE][PASSED] - Object: 'Object Repository/Frontend/MatchBetting/button_Walaodds' is clicked on

2018-10-18 13:39:50 - [TEST_STEP][PASSED] - verifyElementPresent: Object 'Object Repository/Frontend/MatchBetting/span_Possiblewinning' is present

2018-10-18 13:39:50 - [MESSAGE][PASSED] - Object 'Object Repository/Frontend/MatchBetting/span_Possiblewinning' is present

2018-10-18 13:39:50 - [TEST_STEP][PASSED] - Statement - RA = <not implemented yet for class: org.codehaus.groovy.ast.expr.EmptyExpression>: null

2018-10-18 13:39:50 - [TEST_STEP][PASSED] - Statement - RA = java.lang.Math.random() * 20: null

2018-10-18 13:39:50 - [TEST_STEP][PASSED] - Statement - log.logInfo("Random amount = " + RA): Random amount = 18

2018-10-18 13:39:50 - [TEST_STEP][PASSED] - setText: Text '1800' is set on object 'Object Repository/Frontend/MatchBetting/input_stake'

2018-10-18 13:39:50 - [MESSAGE][PASSED] - Text '1800' is set on object 'Object Repository/Frontend/MatchBetting/input_stake'

2018-10-18 13:39:50 - [TEST_STEP][PASSED] - delay: Delayed 2 second(s)

2018-10-18 13:39:52 - [MESSAGE][PASSED] - Delayed 2 second(s)

2018-10-18 13:39:52 - [TEST_STEP][PASSED] - click: Object: 'Object Repository/Frontend/MatchBetting/button_Bet' is clicked on

2018-10-18 13:39:58 - [MESSAGE][PASSED] - Object: 'Object Repository/Frontend/MatchBetting/button_Bet' is clicked on

2018-10-18 13:39:58 - [TEST_STEP][PASSED] - waitForElementPresent: Object 'Object Repository/Frontend/MatchBetting/BetslipAdded' is present

2018-10-18 13:39:58 - [MESSAGE][PASSED] - Object 'Object Repository/Frontend/MatchBetting/BetslipAdded' is present

2018-10-18 13:39:58 - [TEST_STEP][PASSED] - delay: Delayed 3 second(s)

2018-10-18 13:40:01 - [MESSAGE][PASSED] - Delayed 3 second(s)

2018-10-18 13:40:01 - [TEST_STEP][PASSED] - Statement - log.logInfo("User balance " + balance): User balance 1,000,676,632.00

2018-10-18 13:40:01 - [TEST_STEP][PASSED] - Statement - odds = new java.util.ArrayList(): null

2018-10-18 13:40:01 - [TEST_STEP][PASSED] - Statement - odds.addAll(java.util.Arrays.asList(meron, draw, ftd, wala)): null

2018-10-18 13:40:01 - [TEST_STEP][PASSED] - Statement - rand = new java.util.Random(): null

2018-10-18 13:40:01 - [TEST_STEP][PASSED] - Statement - randodds = rand.nextInt(odds.size()): null

2018-10-18 13:40:01 - [TEST_STEP][PASSED] - Statement - log.logInfo(" meron[0] draw[1] ftd[2] wala[3] ::" + randodds):  meron[0] draw[1] ftd[2] wala[3] ::0

2018-10-18 13:40:01 - [TEST_STEP][PASSED] - Statement - log.logInfo("Odds Selected = " + odds.get(randodds)): Odds Selected = TestObject - 'Object Repository/Frontend/MatchBetting/button_Meronodds'

2018-10-18 13:40:01 - [TEST_STEP][PASSED] - click: Object: 'Object Repository/Frontend/MatchBetting/button_Meronodds' is clicked on

2018-10-18 13:40:06 - [MESSAGE][PASSED] - Object: 'Object Repository/Frontend/MatchBetting/button_Meronodds' is clicked on

2018-10-18 13:40:06 - [TEST_STEP][PASSED] - verifyElementPresent: Object 'Object Repository/Frontend/MatchBetting/span_Possiblewinning' is present

2018-10-18 13:40:06 - [MESSAGE][PASSED] - Object 'Object Repository/Frontend/MatchBetting/span_Possiblewinning' is present

2018-10-18 13:40:06 - [TEST_STEP][PASSED] - Statement - RA = <not implemented yet for class: org.codehaus.groovy.ast.expr.EmptyExpression>: null

2018-10-18 13:40:06 - [TEST_STEP][PASSED] - Statement - RA = java.lang.Math.random() * 20: null

2018-10-18 13:40:06 - [TEST_STEP][PASSED] - Statement - log.logInfo("Random amount = " + RA): Random amount = 18

2018-10-18 13:40:06 - [TEST_STEP][PASSED] - setText: Text '1800' is set on object 'Object Repository/Frontend/MatchBetting/input_stake'

2018-10-18 13:40:06 - [MESSAGE][PASSED] - Text '1800' is set on object 'Object Repository/Frontend/MatchBetting/input_stake'

2018-10-18 13:40:06 - [TEST_STEP][PASSED] - delay: Delayed 2 second(s)

2018-10-18 13:40:08 - [MESSAGE][PASSED] - Delayed 2 second(s)

2018-10-18 13:40:08 - [TEST_STEP][PASSED] - click: Object: 'Object Repository/Frontend/MatchBetting/button_Bet' is clicked on

2018-10-18 13:40:13 - [MESSAGE][PASSED] - Object: 'Object Repository/Frontend/MatchBetting/button_Bet' is clicked on

2018-10-18 13:40:13 - [TEST_STEP][PASSED] - waitForElementPresent: Object 'Object Repository/Frontend/MatchBetting/BetslipAdded' is present

2018-10-18 13:40:13 - [MESSAGE][PASSED] - Object 'Object Repository/Frontend/MatchBetting/BetslipAdded' is present

2018-10-18 13:40:13 - [TEST_STEP][PASSED] - delay: Delayed 3 second(s)

2018-10-18 13:40:16 - [MESSAGE][PASSED] - Delayed 3 second(s)

2018-10-18 13:40:16 - [TEST_STEP][PASSED] - Statement - log.logInfo("User balance " + balance): User balance 1,000,676,632.00

2018-10-18 13:40:16 - [TEST_STEP][PASSED] - Statement - odds = new java.util.ArrayList(): null

2018-10-18 13:40:16 - [TEST_STEP][PASSED] - Statement - odds.addAll(java.util.Arrays.asList(meron, draw, ftd, wala)): null

2018-10-18 13:40:16 - [TEST_STEP][PASSED] - Statement - rand = new java.util.Random(): null

2018-10-18 13:40:16 - [TEST_STEP][PASSED] - Statement - randodds = rand.nextInt(odds.size()): null

2018-10-18 13:40:16 - [TEST_STEP][PASSED] - Statement - log.logInfo(" meron[0] draw[1] ftd[2] wala[3] ::" + randodds):  meron[0] draw[1] ftd[2] wala[3] ::2

2018-10-18 13:40:16 - [TEST_STEP][PASSED] - Statement - log.logInfo("Odds Selected = " + odds.get(randodds)): Odds Selected = TestObject - 'Object Repository/Frontend/MatchBetting/button_FTDodds'

2018-10-18 13:40:16 - [TEST_STEP][PASSED] - click: Object: 'Object Repository/Frontend/MatchBetting/button_FTDodds' is clicked on

2018-10-18 13:40:21 - [MESSAGE][PASSED] - Object: 'Object Repository/Frontend/MatchBetting/button_FTDodds' is clicked on

2018-10-18 13:40:21 - [TEST_STEP][PASSED] - verifyElementPresent: Object 'Object Repository/Frontend/MatchBetting/span_Possiblewinning' is present

2018-10-18 13:40:21 - [MESSAGE][PASSED] - Object 'Object Repository/Frontend/MatchBetting/span_Possiblewinning' is present

2018-10-18 13:40:21 - [TEST_STEP][PASSED] - Statement - RA = <not implemented yet for class: org.codehaus.groovy.ast.expr.EmptyExpression>: null

2018-10-18 13:40:21 - [TEST_STEP][PASSED] - Statement - RA = java.lang.Math.random() * 20: null

2018-10-18 13:40:21 - [TEST_STEP][PASSED] - Statement - log.logInfo("Random amount = " + RA): Random amount = 14

2018-10-18 13:40:21 - [TEST_STEP][PASSED] - setText: Text '1400' is set on object 'Object Repository/Frontend/MatchBetting/input_stake'

2018-10-18 13:40:22 - [MESSAGE][PASSED] - Text '1400' is set on object 'Object Repository/Frontend/MatchBetting/input_stake'

2018-10-18 13:40:22 - [TEST_STEP][PASSED] - delay: Delayed 2 second(s)

2018-10-18 13:40:24 - [MESSAGE][PASSED] - Delayed 2 second(s)

2018-10-18 13:40:24 - [TEST_STEP][PASSED] - click: Object: 'Object Repository/Frontend/MatchBetting/button_Bet' is clicked on

2018-10-18 13:40:30 - [MESSAGE][PASSED] - Object: 'Object Repository/Frontend/MatchBetting/button_Bet' is clicked on

2018-10-18 13:40:30 - [TEST_STEP][PASSED] - waitForElementPresent: Object 'Object Repository/Frontend/MatchBetting/BetslipAdded' is present

2018-10-18 13:40:30 - [MESSAGE][PASSED] - Object 'Object Repository/Frontend/MatchBetting/BetslipAdded' is present

2018-10-18 13:40:30 - [TEST_STEP][PASSED] - delay: Delayed 3 second(s)

2018-10-18 13:40:33 - [MESSAGE][PASSED] - Delayed 3 second(s)

2018-10-18 13:40:33 - [TEST_STEP][PASSED] - Statement - log.logInfo("User balance " + balance): User balance 1,000,676,632.00

2018-10-18 13:40:33 - [TEST_STEP][PASSED] - Statement - odds = new java.util.ArrayList(): null

2018-10-18 13:40:33 - [TEST_STEP][PASSED] - Statement - odds.addAll(java.util.Arrays.asList(meron, draw, ftd, wala)): null

2018-10-18 13:40:33 - [TEST_STEP][PASSED] - Statement - rand = new java.util.Random(): null

2018-10-18 13:40:33 - [TEST_STEP][PASSED] - Statement - randodds = rand.nextInt(odds.size()): null

2018-10-18 13:40:33 - [TEST_STEP][PASSED] - Statement - log.logInfo(" meron[0] draw[1] ftd[2] wala[3] ::" + randodds):  meron[0] draw[1] ftd[2] wala[3] ::3

2018-10-18 13:40:33 - [TEST_STEP][PASSED] - Statement - log.logInfo("Odds Selected = " + odds.get(randodds)): Odds Selected = TestObject - 'Object Repository/Frontend/MatchBetting/button_Walaodds'

2018-10-18 13:40:33 - [TEST_STEP][PASSED] - click: Object: 'Object Repository/Frontend/MatchBetting/button_Walaodds' is clicked on

2018-10-18 13:40:38 - [MESSAGE][PASSED] - Object: 'Object Repository/Frontend/MatchBetting/button_Walaodds' is clicked on

2018-10-18 13:40:38 - [TEST_STEP][PASSED] - verifyElementPresent: Object 'Object Repository/Frontend/MatchBetting/span_Possiblewinning' is present

2018-10-18 13:40:38 - [MESSAGE][PASSED] - Object 'Object Repository/Frontend/MatchBetting/span_Possiblewinning' is present

2018-10-18 13:40:38 - [TEST_STEP][PASSED] - Statement - RA = <not implemented yet for class: org.codehaus.groovy.ast.expr.EmptyExpression>: null

2018-10-18 13:40:38 - [TEST_STEP][PASSED] - Statement - RA = java.lang.Math.random() * 20: null

2018-10-18 13:40:38 - [TEST_STEP][PASSED] - Statement - log.logInfo("Random amount = " + RA): Random amount = 3

2018-10-18 13:40:38 - [TEST_STEP][PASSED] - setText: Text '300' is set on object 'Object Repository/Frontend/MatchBetting/input_stake'

2018-10-18 13:40:38 - [MESSAGE][PASSED] - Text '300' is set on object 'Object Repository/Frontend/MatchBetting/input_stake'

2018-10-18 13:40:38 - [TEST_STEP][PASSED] - delay: Delayed 2 second(s)

2018-10-18 13:40:40 - [MESSAGE][PASSED] - Delayed 2 second(s)

2018-10-18 13:40:40 - [TEST_STEP][PASSED] - click: Object: 'Object Repository/Frontend/MatchBetting/button_Bet' is clicked on

2018-10-18 13:40:45 - [MESSAGE][PASSED] - Object: 'Object Repository/Frontend/MatchBetting/button_Bet' is clicked on

2018-10-18 13:40:45 - [TEST_STEP][PASSED] - waitForElementPresent: Object 'Object Repository/Frontend/MatchBetting/BetslipAdded' is present

2018-10-18 13:40:45 - [MESSAGE][PASSED] - Object 'Object Repository/Frontend/MatchBetting/BetslipAdded' is present

2018-10-18 13:40:45 - [TEST_STEP][PASSED] - delay: Delayed 3 second(s)

2018-10-18 13:40:48 - [MESSAGE][PASSED] - Delayed 3 second(s)

2018-10-18 13:40:48 - [TEST_STEP][PASSED] - Statement - log.logInfo("User balance " + balance): User balance 1,000,676,632.00

2018-10-18 13:40:48 - [TEST_STEP][PASSED] - Statement - odds = new java.util.ArrayList(): null

2018-10-18 13:40:48 - [TEST_STEP][PASSED] - Statement - odds.addAll(java.util.Arrays.asList(meron, draw, ftd, wala)): null

2018-10-18 13:40:48 - [TEST_STEP][PASSED] - Statement - rand = new java.util.Random(): null

2018-10-18 13:40:48 - [TEST_STEP][PASSED] - Statement - randodds = rand.nextInt(odds.size()): null

2018-10-18 13:40:48 - [TEST_STEP][PASSED] - Statement - log.logInfo(" meron[0] draw[1] ftd[2] wala[3] ::" + randodds):  meron[0] draw[1] ftd[2] wala[3] ::2

2018-10-18 13:40:48 - [TEST_STEP][PASSED] - Statement - log.logInfo("Odds Selected = " + odds.get(randodds)): Odds Selected = TestObject - 'Object Repository/Frontend/MatchBetting/button_FTDodds'

2018-10-18 13:40:48 - [TEST_STEP][PASSED] - click: Object: 'Object Repository/Frontend/MatchBetting/button_FTDodds' is clicked on

2018-10-18 13:40:53 - [MESSAGE][PASSED] - Object: 'Object Repository/Frontend/MatchBetting/button_FTDodds' is clicked on

2018-10-18 13:40:53 - [TEST_STEP][PASSED] - verifyElementPresent: Object 'Object Repository/Frontend/MatchBetting/span_Possiblewinning' is present

2018-10-18 13:40:53 - [MESSAGE][PASSED] - Object 'Object Repository/Frontend/MatchBetting/span_Possiblewinning' is present

2018-10-18 13:40:53 - [TEST_STEP][PASSED] - Statement - RA = <not implemented yet for class: org.codehaus.groovy.ast.expr.EmptyExpression>: null

2018-10-18 13:40:53 - [TEST_STEP][PASSED] - Statement - RA = java.lang.Math.random() * 20: null

2018-10-18 13:40:53 - [TEST_STEP][PASSED] - Statement - log.logInfo("Random amount = " + RA): Random amount = 2

2018-10-18 13:40:53 - [TEST_STEP][PASSED] - setText: Text '200' is set on object 'Object Repository/Frontend/MatchBetting/input_stake'

2018-10-18 13:40:53 - [MESSAGE][PASSED] - Text '200' is set on object 'Object Repository/Frontend/MatchBetting/input_stake'

2018-10-18 13:40:53 - [TEST_STEP][PASSED] - delay: Delayed 2 second(s)

2018-10-18 13:40:55 - [MESSAGE][PASSED] - Delayed 2 second(s)

2018-10-18 13:40:55 - [TEST_STEP][PASSED] - click: Object: 'Object Repository/Frontend/MatchBetting/button_Bet' is clicked on

2018-10-18 13:41:01 - [MESSAGE][PASSED] - Object: 'Object Repository/Frontend/MatchBetting/button_Bet' is clicked on

2018-10-18 13:41:01 - [TEST_STEP][PASSED] - waitForElementPresent: Object 'Object Repository/Frontend/MatchBetting/BetslipAdded' is present

2018-10-18 13:41:01 - [MESSAGE][PASSED] - Object 'Object Repository/Frontend/MatchBetting/BetslipAdded' is present

2018-10-18 13:41:01 - [TEST_STEP][PASSED] - delay: Delayed 3 second(s)

2018-10-18 13:41:04 - [MESSAGE][PASSED] - Delayed 3 second(s)

2018-10-18 13:41:04 - [TEST_STEP][PASSED] - Statement - log.logInfo("User balance " + balance): User balance 1,000,676,632.00

2018-10-18 13:41:04 - [TEST_STEP][PASSED] - Statement - odds = new java.util.ArrayList(): null

2018-10-18 13:41:04 - [TEST_STEP][PASSED] - Statement - odds.addAll(java.util.Arrays.asList(meron, draw, ftd, wala)): null

2018-10-18 13:41:04 - [TEST_STEP][PASSED] - Statement - rand = new java.util.Random(): null

2018-10-18 13:41:04 - [TEST_STEP][PASSED] - Statement - randodds = rand.nextInt(odds.size()): null

2018-10-18 13:41:04 - [TEST_STEP][PASSED] - Statement - log.logInfo(" meron[0] draw[1] ftd[2] wala[3] ::" + randodds):  meron[0] draw[1] ftd[2] wala[3] ::1

2018-10-18 13:41:04 - [TEST_STEP][PASSED] - Statement - log.logInfo("Odds Selected = " + odds.get(randodds)): Odds Selected = TestObject - 'Object Repository/Frontend/MatchBetting/button_Drawodds'

2018-10-18 13:41:04 - [TEST_STEP][PASSED] - click: Object: 'Object Repository/Frontend/MatchBetting/button_Drawodds' is clicked on

2018-10-18 13:41:09 - [MESSAGE][PASSED] - Object: 'Object Repository/Frontend/MatchBetting/button_Drawodds' is clicked on

2018-10-18 13:41:09 - [TEST_STEP][PASSED] - verifyElementPresent: Object 'Object Repository/Frontend/MatchBetting/span_Possiblewinning' is present

2018-10-18 13:41:09 - [MESSAGE][PASSED] - Object 'Object Repository/Frontend/MatchBetting/span_Possiblewinning' is present

2018-10-18 13:41:09 - [TEST_STEP][PASSED] - Statement - RA = <not implemented yet for class: org.codehaus.groovy.ast.expr.EmptyExpression>: null

2018-10-18 13:41:09 - [TEST_STEP][PASSED] - Statement - RA = java.lang.Math.random() * 20: null

2018-10-18 13:41:09 - [TEST_STEP][PASSED] - Statement - log.logInfo("Random amount = " + RA): Random amount = 1

2018-10-18 13:41:09 - [TEST_STEP][PASSED] - setText: Text '100' is set on object 'Object Repository/Frontend/MatchBetting/input_stake'

2018-10-18 13:41:09 - [MESSAGE][PASSED] - Text '100' is set on object 'Object Repository/Frontend/MatchBetting/input_stake'

2018-10-18 13:41:09 - [TEST_STEP][PASSED] - delay: Delayed 2 second(s)

2018-10-18 13:41:11 - [MESSAGE][PASSED] - Delayed 2 second(s)

2018-10-18 13:41:11 - [TEST_STEP][PASSED] - click: Object: 'Object Repository/Frontend/MatchBetting/button_Bet' is clicked on

2018-10-18 13:41:16 - [MESSAGE][PASSED] - Object: 'Object Repository/Frontend/MatchBetting/button_Bet' is clicked on

2018-10-18 13:41:16 - [TEST_STEP][PASSED] - waitForElementPresent: Object 'Object Repository/Frontend/MatchBetting/BetslipAdded' is present

2018-10-18 13:41:16 - [MESSAGE][PASSED] - Object 'Object Repository/Frontend/MatchBetting/BetslipAdded' is present

2018-10-18 13:41:16 - [TEST_STEP][PASSED] - delay: Delayed 3 second(s)

2018-10-18 13:41:19 - [MESSAGE][PASSED] - Delayed 3 second(s)

2018-10-18 13:41:19 - [TEST_STEP][PASSED] - Statement - log.logInfo("User balance " + balance): User balance 1,000,676,632.00

2018-10-18 13:41:19 - [TEST_STEP][PASSED] - Statement - odds = new java.util.ArrayList(): null

2018-10-18 13:41:19 - [TEST_STEP][PASSED] - Statement - odds.addAll(java.util.Arrays.asList(meron, draw, ftd, wala)): null

2018-10-18 13:41:19 - [TEST_STEP][PASSED] - Statement - rand = new java.util.Random(): null

2018-10-18 13:41:19 - [TEST_STEP][PASSED] - Statement - randodds = rand.nextInt(odds.size()): null

2018-10-18 13:41:19 - [TEST_STEP][PASSED] - Statement - log.logInfo(" meron[0] draw[1] ftd[2] wala[3] ::" + randodds):  meron[0] draw[1] ftd[2] wala[3] ::2

2018-10-18 13:41:19 - [TEST_STEP][PASSED] - Statement - log.logInfo("Odds Selected = " + odds.get(randodds)): Odds Selected = TestObject - 'Object Repository/Frontend/MatchBetting/button_FTDodds'

2018-10-18 13:41:19 - [TEST_STEP][PASSED] - click: Object: 'Object Repository/Frontend/MatchBetting/button_FTDodds' is clicked on

2018-10-18 13:41:24 - [MESSAGE][PASSED] - Object: 'Object Repository/Frontend/MatchBetting/button_FTDodds' is clicked on

2018-10-18 13:41:24 - [TEST_STEP][PASSED] - verifyElementPresent: Object 'Object Repository/Frontend/MatchBetting/span_Possiblewinning' is present

2018-10-18 13:41:24 - [MESSAGE][PASSED] - Object 'Object Repository/Frontend/MatchBetting/span_Possiblewinning' is present

2018-10-18 13:41:24 - [TEST_STEP][PASSED] - Statement - RA = <not implemented yet for class: org.codehaus.groovy.ast.expr.EmptyExpression>: null

2018-10-18 13:41:24 - [TEST_STEP][PASSED] - Statement - RA = java.lang.Math.random() * 20: null

2018-10-18 13:41:24 - [TEST_STEP][PASSED] - Statement - log.logInfo("Random amount = " + RA): Random amount = 5

2018-10-18 13:41:24 - [TEST_STEP][PASSED] - setText: Text '500' is set on object 'Object Repository/Frontend/MatchBetting/input_stake'

2018-10-18 13:41:25 - [MESSAGE][PASSED] - Text '500' is set on object 'Object Repository/Frontend/MatchBetting/input_stake'

2018-10-18 13:41:25 - [TEST_STEP][PASSED] - delay: Delayed 2 second(s)

2018-10-18 13:41:27 - [MESSAGE][PASSED] - Delayed 2 second(s)

2018-10-18 13:41:27 - [TEST_STEP][PASSED] - click: Object: 'Object Repository/Frontend/MatchBetting/button_Bet' is clicked on

2018-10-18 13:41:32 - [MESSAGE][PASSED] - Object: 'Object Repository/Frontend/MatchBetting/button_Bet' is clicked on

2018-10-18 13:41:32 - [TEST_STEP][PASSED] - waitForElementPresent: Object 'Object Repository/Frontend/MatchBetting/BetslipAdded' is present

2018-10-18 13:41:32 - [MESSAGE][PASSED] - Object 'Object Repository/Frontend/MatchBetting/BetslipAdded' is present

2018-10-18 13:41:32 - [TEST_STEP][PASSED] - delay: Delayed 3 second(s)

2018-10-18 13:41:35 - [MESSAGE][PASSED] - Delayed 3 second(s)

2018-10-18 13:41:35 - [TEST_STEP][PASSED] - Statement - log.logInfo("User balance " + balance): User balance 1,000,676,632.00

2018-10-18 13:41:35 - [TEST_STEP][PASSED] - Statement - odds = new java.util.ArrayList(): null

2018-10-18 13:41:35 - [TEST_STEP][PASSED] - Statement - odds.addAll(java.util.Arrays.asList(meron, draw, ftd, wala)): null

2018-10-18 13:41:35 - [TEST_STEP][PASSED] - Statement - rand = new java.util.Random(): null

2018-10-18 13:41:35 - [TEST_STEP][PASSED] - Statement - randodds = rand.nextInt(odds.size()): null

2018-10-18 13:41:35 - [TEST_STEP][PASSED] - Statement - log.logInfo(" meron[0] draw[1] ftd[2] wala[3] ::" + randodds):  meron[0] draw[1] ftd[2] wala[3] ::0

2018-10-18 13:41:35 - [TEST_STEP][PASSED] - Statement - log.logInfo("Odds Selected = " + odds.get(randodds)): Odds Selected = TestObject - 'Object Repository/Frontend/MatchBetting/button_Meronodds'

2018-10-18 13:41:35 - [TEST_STEP][PASSED] - click: Object: 'Object Repository/Frontend/MatchBetting/button_Meronodds' is clicked on

2018-10-18 13:41:40 - [MESSAGE][PASSED] - Object: 'Object Repository/Frontend/MatchBetting/button_Meronodds' is clicked on

2018-10-18 13:41:40 - [TEST_STEP][PASSED] - verifyElementPresent: Object 'Object Repository/Frontend/MatchBetting/span_Possiblewinning' is present

2018-10-18 13:41:40 - [MESSAGE][PASSED] - Object 'Object Repository/Frontend/MatchBetting/span_Possiblewinning' is present

2018-10-18 13:41:40 - [TEST_STEP][PASSED] - Statement - RA = <not implemented yet for class: org.codehaus.groovy.ast.expr.EmptyExpression>: null

2018-10-18 13:41:40 - [TEST_STEP][PASSED] - Statement - RA = java.lang.Math.random() * 20: null

2018-10-18 13:41:40 - [TEST_STEP][PASSED] - Statement - log.logInfo("Random amount = " + RA): Random amount = 19

2018-10-18 13:41:40 - [TEST_STEP][PASSED] - setText: Text '1900' is set on object 'Object Repository/Frontend/MatchBetting/input_stake'

2018-10-18 13:41:40 - [MESSAGE][PASSED] - Text '1900' is set on object 'Object Repository/Frontend/MatchBetting/input_stake'

2018-10-18 13:41:40 - [TEST_STEP][PASSED] - delay: Delayed 2 second(s)

2018-10-18 13:41:42 - [MESSAGE][PASSED] - Delayed 2 second(s)

2018-10-18 13:41:42 - [TEST_STEP][PASSED] - click: Object: 'Object Repository/Frontend/MatchBetting/button_Bet' is clicked on

2018-10-18 13:41:47 - [MESSAGE][PASSED] - Object: 'Object Repository/Frontend/MatchBetting/button_Bet' is clicked on

2018-10-18 13:41:47 - [TEST_STEP][PASSED] - waitForElementPresent: Object 'Object Repository/Frontend/MatchBetting/BetslipAdded' is present

2018-10-18 13:41:47 - [MESSAGE][PASSED] - Object 'Object Repository/Frontend/MatchBetting/BetslipAdded' is present

2018-10-18 13:41:47 - [TEST_STEP][PASSED] - delay: Delayed 3 second(s)

2018-10-18 13:41:50 - [MESSAGE][PASSED] - Delayed 3 second(s)

2018-10-18 13:41:50 - [TEST_STEP][PASSED] - Statement - log.logInfo("User balance " + balance): User balance 1,000,676,632.00

2018-10-18 13:41:50 - [TEST_STEP][PASSED] - Statement - odds = new java.util.ArrayList(): null

2018-10-18 13:41:50 - [TEST_STEP][PASSED] - Statement - odds.addAll(java.util.Arrays.asList(meron, draw, ftd, wala)): null

2018-10-18 13:41:50 - [TEST_STEP][PASSED] - Statement - rand = new java.util.Random(): null

2018-10-18 13:41:50 - [TEST_STEP][PASSED] - Statement - randodds = rand.nextInt(odds.size()): null

2018-10-18 13:41:50 - [TEST_STEP][PASSED] - Statement - log.logInfo(" meron[0] draw[1] ftd[2] wala[3] ::" + randodds):  meron[0] draw[1] ftd[2] wala[3] ::0

2018-10-18 13:41:50 - [TEST_STEP][PASSED] - Statement - log.logInfo("Odds Selected = " + odds.get(randodds)): Odds Selected = TestObject - 'Object Repository/Frontend/MatchBetting/button_Meronodds'

2018-10-18 13:41:50 - [TEST_STEP][PASSED] - click: Object: 'Object Repository/Frontend/MatchBetting/button_Meronodds' is clicked on

2018-10-18 13:41:55 - [MESSAGE][PASSED] - Object: 'Object Repository/Frontend/MatchBetting/button_Meronodds' is clicked on

2018-10-18 13:41:55 - [TEST_STEP][PASSED] - verifyElementPresent: Object 'Object Repository/Frontend/MatchBetting/span_Possiblewinning' is present

2018-10-18 13:41:55 - [MESSAGE][PASSED] - Object 'Object Repository/Frontend/MatchBetting/span_Possiblewinning' is present

2018-10-18 13:41:55 - [TEST_STEP][PASSED] - Statement - RA = <not implemented yet for class: org.codehaus.groovy.ast.expr.EmptyExpression>: null

2018-10-18 13:41:55 - [TEST_STEP][PASSED] - Statement - RA = java.lang.Math.random() * 20: null

2018-10-18 13:41:55 - [TEST_STEP][PASSED] - Statement - log.logInfo("Random amount = " + RA): Random amount = 9

2018-10-18 13:41:55 - [TEST_STEP][PASSED] - setText: Text '900' is set on object 'Object Repository/Frontend/MatchBetting/input_stake'

2018-10-18 13:41:55 - [MESSAGE][PASSED] - Text '900' is set on object 'Object Repository/Frontend/MatchBetting/input_stake'

2018-10-18 13:41:55 - [TEST_STEP][PASSED] - delay: Delayed 2 second(s)

2018-10-18 13:41:57 - [MESSAGE][PASSED] - Delayed 2 second(s)

2018-10-18 13:41:57 - [TEST_STEP][PASSED] - click: Object: 'Object Repository/Frontend/MatchBetting/button_Bet' is clicked on

2018-10-18 13:42:02 - [MESSAGE][PASSED] - Object: 'Object Repository/Frontend/MatchBetting/button_Bet' is clicked on

2018-10-18 13:42:02 - [TEST_STEP][PASSED] - waitForElementPresent: Object 'Object Repository/Frontend/MatchBetting/BetslipAdded' is present

2018-10-18 13:42:02 - [MESSAGE][PASSED] - Object 'Object Repository/Frontend/MatchBetting/BetslipAdded' is present

2018-10-18 13:42:02 - [TEST_STEP][PASSED] - delay: Delayed 3 second(s)

2018-10-18 13:42:05 - [MESSAGE][PASSED] - Delayed 3 second(s)

2018-10-18 13:42:05 - [TEST_STEP][PASSED] - Statement - log.logInfo("User balance " + balance): User balance 1,000,676,632.00

2018-10-18 13:42:05 - [TEST_STEP][PASSED] - Statement - odds = new java.util.ArrayList(): null

2018-10-18 13:42:05 - [TEST_STEP][PASSED] - Statement - odds.addAll(java.util.Arrays.asList(meron, draw, ftd, wala)): null

2018-10-18 13:42:05 - [TEST_STEP][PASSED] - Statement - rand = new java.util.Random(): null

2018-10-18 13:42:05 - [TEST_STEP][PASSED] - Statement - randodds = rand.nextInt(odds.size()): null

2018-10-18 13:42:05 - [TEST_STEP][PASSED] - Statement - log.logInfo(" meron[0] draw[1] ftd[2] wala[3] ::" + randodds):  meron[0] draw[1] ftd[2] wala[3] ::2

2018-10-18 13:42:05 - [TEST_STEP][PASSED] - Statement - log.logInfo("Odds Selected = " + odds.get(randodds)): Odds Selected = TestObject - 'Object Repository/Frontend/MatchBetting/button_FTDodds'

2018-10-18 13:42:05 - [TEST_STEP][PASSED] - click: Object: 'Object Repository/Frontend/MatchBetting/button_FTDodds' is clicked on

2018-10-18 13:42:10 - [MESSAGE][PASSED] - Object: 'Object Repository/Frontend/MatchBetting/button_FTDodds' is clicked on

2018-10-18 13:42:10 - [TEST_STEP][PASSED] - verifyElementPresent: Object 'Object Repository/Frontend/MatchBetting/span_Possiblewinning' is present

2018-10-18 13:42:10 - [MESSAGE][PASSED] - Object 'Object Repository/Frontend/MatchBetting/span_Possiblewinning' is present

2018-10-18 13:42:10 - [TEST_STEP][PASSED] - Statement - RA = <not implemented yet for class: org.codehaus.groovy.ast.expr.EmptyExpression>: null

2018-10-18 13:42:10 - [TEST_STEP][PASSED] - Statement - RA = java.lang.Math.random() * 20: null

2018-10-18 13:42:10 - [TEST_STEP][PASSED] - Statement - log.logInfo("Random amount = " + RA): Random amount = 8

2018-10-18 13:42:10 - [TEST_STEP][PASSED] - setText: Text '800' is set on object 'Object Repository/Frontend/MatchBetting/input_stake'

2018-10-18 13:42:10 - [MESSAGE][PASSED] - Text '800' is set on object 'Object Repository/Frontend/MatchBetting/input_stake'

2018-10-18 13:42:10 - [TEST_STEP][PASSED] - delay: Delayed 2 second(s)

2018-10-18 13:42:12 - [MESSAGE][PASSED] - Delayed 2 second(s)

2018-10-18 13:42:12 - [TEST_STEP][PASSED] - click: Object: 'Object Repository/Frontend/MatchBetting/button_Bet' is clicked on

2018-10-18 13:42:17 - [MESSAGE][PASSED] - Object: 'Object Repository/Frontend/MatchBetting/button_Bet' is clicked on

2018-10-18 13:42:17 - [TEST_STEP][PASSED] - waitForElementPresent: Object 'Object Repository/Frontend/MatchBetting/BetslipAdded' is present

2018-10-18 13:42:17 - [MESSAGE][PASSED] - Object 'Object Repository/Frontend/MatchBetting/BetslipAdded' is present

2018-10-18 13:42:18 - [TEST_STEP][PASSED] - delay: Delayed 3 second(s)

2018-10-18 13:42:21 - [MESSAGE][PASSED] - Delayed 3 second(s)

2018-10-18 13:42:21 - [TEST_STEP][PASSED] - Statement - log.logInfo("User balance " + balance): User balance 1,000,676,632.00

2018-10-18 13:42:21 - [TEST_STEP][PASSED] - Statement - odds = new java.util.ArrayList(): null

2018-10-18 13:42:21 - [TEST_STEP][PASSED] - Statement - odds.addAll(java.util.Arrays.asList(meron, draw, ftd, wala)): null

2018-10-18 13:42:21 - [TEST_STEP][PASSED] - Statement - rand = new java.util.Random(): null

2018-10-18 13:42:21 - [TEST_STEP][PASSED] - Statement - randodds = rand.nextInt(odds.size()): null

2018-10-18 13:42:21 - [TEST_STEP][PASSED] - Statement - log.logInfo(" meron[0] draw[1] ftd[2] wala[3] ::" + randodds):  meron[0] draw[1] ftd[2] wala[3] ::1

2018-10-18 13:42:21 - [TEST_STEP][PASSED] - Statement - log.logInfo("Odds Selected = " + odds.get(randodds)): Odds Selected = TestObject - 'Object Repository/Frontend/MatchBetting/button_Drawodds'

2018-10-18 13:42:21 - [TEST_STEP][PASSED] - click: Object: 'Object Repository/Frontend/MatchBetting/button_Drawodds' is clicked on

2018-10-18 13:42:26 - [MESSAGE][PASSED] - Object: 'Object Repository/Frontend/MatchBetting/button_Drawodds' is clicked on

2018-10-18 13:42:26 - [TEST_STEP][PASSED] - verifyElementPresent: Object 'Object Repository/Frontend/MatchBetting/span_Possiblewinning' is present

2018-10-18 13:42:26 - [MESSAGE][PASSED] - Object 'Object Repository/Frontend/MatchBetting/span_Possiblewinning' is present

2018-10-18 13:42:26 - [TEST_STEP][PASSED] - Statement - RA = <not implemented yet for class: org.codehaus.groovy.ast.expr.EmptyExpression>: null

2018-10-18 13:42:26 - [TEST_STEP][PASSED] - Statement - RA = java.lang.Math.random() * 20: null

2018-10-18 13:42:26 - [TEST_STEP][PASSED] - Statement - log.logInfo("Random amount = " + RA): Random amount = 3

2018-10-18 13:42:26 - [TEST_STEP][PASSED] - setText: Text '300' is set on object 'Object Repository/Frontend/MatchBetting/input_stake'

2018-10-18 13:42:26 - [MESSAGE][PASSED] - Text '300' is set on object 'Object Repository/Frontend/MatchBetting/input_stake'

2018-10-18 13:42:26 - [TEST_STEP][PASSED] - delay: Delayed 2 second(s)

2018-10-18 13:42:28 - [MESSAGE][PASSED] - Delayed 2 second(s)

2018-10-18 13:42:28 - [TEST_STEP][PASSED] - click: Object: 'Object Repository/Frontend/MatchBetting/button_Bet' is clicked on

2018-10-18 13:42:33 - [MESSAGE][PASSED] - Object: 'Object Repository/Frontend/MatchBetting/button_Bet' is clicked on

2018-10-18 13:42:33 - [TEST_STEP][PASSED] - waitForElementPresent: Object 'Object Repository/Frontend/MatchBetting/BetslipAdded' is present

2018-10-18 13:42:33 - [MESSAGE][PASSED] - Object 'Object Repository/Frontend/MatchBetting/BetslipAdded' is present

2018-10-18 13:42:33 - [TEST_STEP][PASSED] - delay: Delayed 3 second(s)

2018-10-18 13:42:36 - [MESSAGE][PASSED] - Delayed 3 second(s)

2018-10-18 13:42:36 - [TEST_STEP][PASSED] - Statement - log.logInfo("User balance " + balance): User balance 1,000,676,632.00

2018-10-18 13:42:36 - [TEST_STEP][PASSED] - Statement - odds = new java.util.ArrayList(): null

2018-10-18 13:42:36 - [TEST_STEP][PASSED] - Statement - odds.addAll(java.util.Arrays.asList(meron, draw, ftd, wala)): null

2018-10-18 13:42:36 - [TEST_STEP][PASSED] - Statement - rand = new java.util.Random(): null

2018-10-18 13:42:36 - [TEST_STEP][PASSED] - Statement - randodds = rand.nextInt(odds.size()): null

2018-10-18 13:42:36 - [TEST_STEP][PASSED] - Statement - log.logInfo(" meron[0] draw[1] ftd[2] wala[3] ::" + randodds):  meron[0] draw[1] ftd[2] wala[3] ::1

2018-10-18 13:42:36 - [TEST_STEP][PASSED] - Statement - log.logInfo("Odds Selected = " + odds.get(randodds)): Odds Selected = TestObject - 'Object Repository/Frontend/MatchBetting/button_Drawodds'

2018-10-18 13:42:36 - [TEST_STEP][PASSED] - click: Object: 'Object Repository/Frontend/MatchBetting/button_Drawodds' is clicked on

2018-10-18 13:42:41 - [MESSAGE][PASSED] - Object: 'Object Repository/Frontend/MatchBetting/button_Drawodds' is clicked on

2018-10-18 13:42:41 - [TEST_STEP][PASSED] - verifyElementPresent: Object 'Object Repository/Frontend/MatchBetting/span_Possiblewinning' is present

2018-10-18 13:42:41 - [MESSAGE][PASSED] - Object 'Object Repository/Frontend/MatchBetting/span_Possiblewinning' is present

2018-10-18 13:42:41 - [TEST_STEP][PASSED] - Statement - RA = <not implemented yet for class: org.codehaus.groovy.ast.expr.EmptyExpression>: null

2018-10-18 13:42:41 - [TEST_STEP][PASSED] - Statement - RA = java.lang.Math.random() * 20: null

2018-10-18 13:42:41 - [TEST_STEP][PASSED] - Statement - log.logInfo("Random amount = " + RA): Random amount = 2

2018-10-18 13:42:41 - [TEST_STEP][PASSED] - setText: Text '200' is set on object 'Object Repository/Frontend/MatchBetting/input_stake'

2018-10-18 13:42:41 - [MESSAGE][PASSED] - Text '200' is set on object 'Object Repository/Frontend/MatchBetting/input_stake'

2018-10-18 13:42:41 - [TEST_STEP][PASSED] - delay: Delayed 2 second(s)

2018-10-18 13:42:43 - [MESSAGE][PASSED] - Delayed 2 second(s)

2018-10-18 13:42:43 - [TEST_STEP][FAILED] - click: Unable to click on object 'Object Repository/Frontend/MatchBetting/button_Bet' (Root cause: org.openqa.selenium.WebDriverException: chrome not reachable
  (Session info: chrome=69.0.3497.100)
  (Driver info: chromedriver=2.35.528161 (5b82f2d2aae0ca24b877009200ced9065a772e73),platform=Windows NT 10.0.17134 x86_64) (WARNING: The server did not provide any stacktrace information)
Command duration or timeout: 0 milliseconds
Build info: version: '3.7.1', revision: '8a0099a', time: '2017-11-06T21:07:36.161Z'
System info: host: 'DESKTOP-A1HL9OG', ip: '172.16.8.122', os.name: 'Windows 10', os.arch: 'amd64', os.version: '10.0', java.version: '1.8.0_181'
Driver info: com.kms.katalon.selenium.driver.CChromeDriver
Capabilities {acceptInsecureCerts: false, acceptSslCerts: false, applicationCacheEnabled: false, browserConnectionEnabled: false, browserName: chrome, chrome: {chromedriverVersion: 2.35.528161 (5b82f2d2aae0ca..., userDataDir: C:\Users\RICHAR~1\AppData\L...}, cssSelectorsEnabled: true, databaseEnabled: false, handlesAlerts: true, hasTouchScreen: false, javascriptEnabled: true, locationContextEnabled: true, mobileEmulationEnabled: false, nativeEvents: true, networkConnectionEnabled: false, pageLoadStrategy: normal, platform: XP, platformName: XP, rotatable: false, setWindowRect: true, takesHeapSnapshot: true, takesScreenshot: true, unexpectedAlertBehaviour: , unhandledPromptBehavior: , version: 69.0.3497.100, webStorageEnabled: true}
Session ID: b6cafaf5e8b6da29933b33afb743c205
*** Element info: {Using=xpath, value=(//button[@type='button'])[2]})

2018-10-18 13:42:51 - [MESSAGE][WARNING] - Cannot take screenshot

2018-10-18 13:42:51 - [MESSAGE][FAILED] - Unable to click on object 'Object Repository/Frontend/MatchBetting/button_Bet' (Root cause: org.openqa.selenium.WebDriverException: chrome not reachable
  (Session info: chrome=69.0.3497.100)
  (Driver info: chromedriver=2.35.528161 (5b82f2d2aae0ca24b877009200ced9065a772e73),platform=Windows NT 10.0.17134 x86_64) (WARNING: The server did not provide any stacktrace information)
Command duration or timeout: 0 milliseconds
Build info: version: '3.7.1', revision: '8a0099a', time: '2017-11-06T21:07:36.161Z'
System info: host: 'DESKTOP-A1HL9OG', ip: '172.16.8.122', os.name: 'Windows 10', os.arch: 'amd64', os.version: '10.0', java.version: '1.8.0_181'
Driver info: com.kms.katalon.selenium.driver.CChromeDriver
Capabilities {acceptInsecureCerts: false, acceptSslCerts: false, applicationCacheEnabled: false, browserConnectionEnabled: false, browserName: chrome, chrome: {chromedriverVersion: 2.35.528161 (5b82f2d2aae0ca..., userDataDir: C:\Users\RICHAR~1\AppData\L...}, cssSelectorsEnabled: true, databaseEnabled: false, handlesAlerts: true, hasTouchScreen: false, javascriptEnabled: true, locationContextEnabled: true, mobileEmulationEnabled: false, nativeEvents: true, networkConnectionEnabled: false, pageLoadStrategy: normal, platform: XP, platformName: XP, rotatable: false, setWindowRect: true, takesHeapSnapshot: true, takesScreenshot: true, unexpectedAlertBehaviour: , unhandledPromptBehavior: , version: 69.0.3497.100, webStorageEnabled: true}
Session ID: b6cafaf5e8b6da29933b33afb743c205
*** Element info: {Using=xpath, value=(//button[@type='button'])[2]})]]></system-out>
         <system-err><![CDATA[2018-10-18 13:32:37 - [TEST_CASE][FAILED] - Test Cases/Frontend/PlaceBet/RandomOddsAndAMount: Test Cases/Frontend/PlaceBet/RandomOddsAndAMount FAILED because (of) (Stack trace: com.kms.katalon.core.exception.StepFailedException: Unable to click on object 'Object Repository/Frontend/MatchBetting/button_Bet' (Root cause: org.openqa.selenium.WebDriverException: chrome not reachable
  (Session info: chrome=69.0.3497.100)
  (Driver info: chromedriver=2.35.528161 (5b82f2d2aae0ca24b877009200ced9065a772e73),platform=Windows NT 10.0.17134 x86_64) (WARNING: The server did not provide any stacktrace information)
Command duration or timeout: 0 milliseconds
Build info: version: '3.7.1', revision: '8a0099a', time: '2017-11-06T21:07:36.161Z'
System info: host: 'DESKTOP-A1HL9OG', ip: '172.16.8.122', os.name: 'Windows 10', os.arch: 'amd64', os.version: '10.0', java.version: '1.8.0_181'
Driver info: com.kms.katalon.selenium.driver.CChromeDriver
Capabilities {acceptInsecureCerts: false, acceptSslCerts: false, applicationCacheEnabled: false, browserConnectionEnabled: false, browserName: chrome, chrome: {chromedriverVersion: 2.35.528161 (5b82f2d2aae0ca..., userDataDir: C:\Users\RICHAR~1\AppData\L...}, cssSelectorsEnabled: true, databaseEnabled: false, handlesAlerts: true, hasTouchScreen: false, javascriptEnabled: true, locationContextEnabled: true, mobileEmulationEnabled: false, nativeEvents: true, networkConnectionEnabled: false, pageLoadStrategy: normal, platform: XP, platformName: XP, rotatable: false, setWindowRect: true, takesHeapSnapshot: true, takesScreenshot: true, unexpectedAlertBehaviour: , unhandledPromptBehavior: , version: 69.0.3497.100, webStorageEnabled: true}
Session ID: b6cafaf5e8b6da29933b33afb743c205
*** Element info: {Using=xpath, value=(//button[@type='button'])[2]})
	at com.kms.katalon.core.keyword.internal.KeywordMain.stepFailed(KeywordMain.groovy:36)
	at com.kms.katalon.core.webui.keyword.internal.WebUIKeywordMain.stepFailed(WebUIKeywordMain.groovy:65)
	at com.kms.katalon.core.webui.keyword.internal.WebUIKeywordMain.runKeyword(WebUIKeywordMain.groovy:27)
	at com.kms.katalon.core.webui.keyword.builtin.ClickKeyword.click(ClickKeyword.groovy:86)
	at com.kms.katalon.core.webui.keyword.builtin.ClickKeyword.execute(ClickKeyword.groovy:67)
	at com.kms.katalon.core.keyword.internal.KeywordExecutor.executeKeywordForPlatform(KeywordExecutor.groovy:53)
	at com.kms.katalon.core.webui.keyword.WebUiBuiltInKeywords.click(WebUiBuiltInKeywords.groovy:616)
	at com.kms.katalon.core.webui.keyword.WebUiBuiltInKeywords$click$3.call(Unknown Source)
	at Script1539674510987.run(Script1539674510987.groovy:74)
	at com.kms.katalon.core.main.ScriptEngine.run(ScriptEngine.java:183)
	at com.kms.katalon.core.main.ScriptEngine.runScriptAsRawText(ScriptEngine.java:108)
	at com.kms.katalon.core.main.TestCaseExecutor.runScript(TestCaseExecutor.java:294)
	at com.kms.katalon.core.main.TestCaseExecutor.doExecute(TestCaseExecutor.java:285)
	at com.kms.katalon.core.main.TestCaseExecutor.processExecutionPhase(TestCaseExecutor.java:264)
	at com.kms.katalon.core.main.TestCaseExecutor.accessMainPhase(TestCaseExecutor.java:256)
	at com.kms.katalon.core.main.TestCaseExecutor.execute(TestCaseExecutor.java:200)
	at com.kms.katalon.core.main.TestSuiteExecutor.accessTestCaseMainPhase(TestSuiteExecutor.java:129)
	at com.kms.katalon.core.main.TestSuiteExecutor.accessTestSuiteMainPhase(TestSuiteExecutor.java:112)
	at com.kms.katalon.core.main.TestSuiteExecutor.execute(TestSuiteExecutor.java:81)
	at com.kms.katalon.core.main.TestCaseMain.startTestSuite(TestCaseMain.java:142)
	at com.kms.katalon.core.main.TestCaseMain$startTestSuite$0.call(Unknown Source)
	at org.codehaus.groovy.runtime.callsite.CallSiteArray.defaultCall(CallSiteArray.java:48)
	at org.codehaus.groovy.runtime.callsite.AbstractCallSite.call(AbstractCallSite.java:113)
	at org.codehaus.groovy.runtime.callsite.AbstractCallSite.call(AbstractCallSite.java:141)
	at TempTestSuite1539840740332.run(TempTestSuite1539840740332.groovy:36)
	at groovy.lang.GroovyShell.runScriptOrMainOrTestOrRunnable(GroovyShell.java:263)
	at groovy.lang.GroovyShell.run(GroovyShell.java:518)
	at groovy.lang.GroovyShell.run(GroovyShell.java:507)
	at groovy.ui.GroovyMain.processOnce(GroovyMain.java:653)
	at groovy.ui.GroovyMain.run(GroovyMain.java:384)
	at groovy.ui.GroovyMain.process(GroovyMain.java:370)
	at groovy.ui.GroovyMain.processArgs(GroovyMain.java:129)
	at groovy.ui.GroovyMain.main(GroovyMain.java:109)
	at sun.reflect.NativeMethodAccessorImpl.invoke0(Native Method)
	at sun.reflect.NativeMethodAccessorImpl.invoke(NativeMethodAccessorImpl.java:62)
	at sun.reflect.DelegatingMethodAccessorImpl.invoke(DelegatingMethodAccessorImpl.java:43)
	at java.lang.reflect.Method.invoke(Method.java:498)
	at org.codehaus.groovy.tools.GroovyStarter.rootLoader(GroovyStarter.java:109)
	at org.codehaus.groovy.tools.GroovyStarter.main(GroovyStarter.java:131)
)]]></system-err>
      </testcase>
      <system-out><![CDATA[2018-10-18 13:32:36 - [TEST_SUITE][FAILED] - big5: Test Cases/Frontend/PlaceBet/RandomOddsAndAMount FAILED because (of) (Stack trace: com.kms.katalon.core.exception.StepFailedException: Unable to click on object 'Object Repository/Frontend/MatchBetting/button_Bet' (Root cause: org.openqa.selenium.WebDriverException: chrome not reachable
  (Session info: chrome=69.0.3497.100)
  (Driver info: chromedriver=2.35.528161 (5b82f2d2aae0ca24b877009200ced9065a772e73),platform=Windows NT 10.0.17134 x86_64) (WARNING: The server did not provide any stacktrace information)
Command duration or timeout: 0 milliseconds
Build info: version: '3.7.1', revision: '8a0099a', time: '2017-11-06T21:07:36.161Z'
System info: host: 'DESKTOP-A1HL9OG', ip: '172.16.8.122', os.name: 'Windows 10', os.arch: 'amd64', os.version: '10.0', java.version: '1.8.0_181'
Driver info: com.kms.katalon.selenium.driver.CChromeDriver
Capabilities {acceptInsecureCerts: false, acceptSslCerts: false, applicationCacheEnabled: false, browserConnectionEnabled: false, browserName: chrome, chrome: {chromedriverVersion: 2.35.528161 (5b82f2d2aae0ca..., userDataDir: C:\Users\RICHAR~1\AppData\L...}, cssSelectorsEnabled: true, databaseEnabled: false, handlesAlerts: true, hasTouchScreen: false, javascriptEnabled: true, locationContextEnabled: true, mobileEmulationEnabled: false, nativeEvents: true, networkConnectionEnabled: false, pageLoadStrategy: normal, platform: XP, platformName: XP, rotatable: false, setWindowRect: true, takesHeapSnapshot: true, takesScreenshot: true, unexpectedAlertBehaviour: , unhandledPromptBehavior: , version: 69.0.3497.100, webStorageEnabled: true}
Session ID: b6cafaf5e8b6da29933b33afb743c205
*** Element info: {Using=xpath, value=(//button[@type='button'])[2]})
	at com.kms.katalon.core.keyword.internal.KeywordMain.stepFailed(KeywordMain.groovy:36)
	at com.kms.katalon.core.webui.keyword.internal.WebUIKeywordMain.stepFailed(WebUIKeywordMain.groovy:65)
	at com.kms.katalon.core.webui.keyword.internal.WebUIKeywordMain.runKeyword(WebUIKeywordMain.groovy:27)
	at com.kms.katalon.core.webui.keyword.builtin.ClickKeyword.click(ClickKeyword.groovy:86)
	at com.kms.katalon.core.webui.keyword.builtin.ClickKeyword.execute(ClickKeyword.groovy:67)
	at com.kms.katalon.core.keyword.internal.KeywordExecutor.executeKeywordForPlatform(KeywordExecutor.groovy:53)
	at com.kms.katalon.core.webui.keyword.WebUiBuiltInKeywords.click(WebUiBuiltInKeywords.groovy:616)
	at com.kms.katalon.core.webui.keyword.WebUiBuiltInKeywords$click$3.call(Unknown Source)
	at Script1539674510987.run(Script1539674510987.groovy:74)
	at com.kms.katalon.core.main.ScriptEngine.run(ScriptEngine.java:183)
	at com.kms.katalon.core.main.ScriptEngine.runScriptAsRawText(ScriptEngine.java:108)
	at com.kms.katalon.core.main.TestCaseExecutor.runScript(TestCaseExecutor.java:294)
	at com.kms.katalon.core.main.TestCaseExecutor.doExecute(TestCaseExecutor.java:285)
	at com.kms.katalon.core.main.TestCaseExecutor.processExecutionPhase(TestCaseExecutor.java:264)
	at com.kms.katalon.core.main.TestCaseExecutor.accessMainPhase(TestCaseExecutor.java:256)
	at com.kms.katalon.core.main.TestCaseExecutor.execute(TestCaseExecutor.java:200)
	at com.kms.katalon.core.main.TestSuiteExecutor.accessTestCaseMainPhase(TestSuiteExecutor.java:129)
	at com.kms.katalon.core.main.TestSuiteExecutor.accessTestSuiteMainPhase(TestSuiteExecutor.java:112)
	at com.kms.katalon.core.main.TestSuiteExecutor.execute(TestSuiteExecutor.java:81)
	at com.kms.katalon.core.main.TestCaseMain.startTestSuite(TestCaseMain.java:142)
	at com.kms.katalon.core.main.TestCaseMain$startTestSuite$0.call(Unknown Source)
	at org.codehaus.groovy.runtime.callsite.CallSiteArray.defaultCall(CallSiteArray.java:48)
	at org.codehaus.groovy.runtime.callsite.AbstractCallSite.call(AbstractCallSite.java:113)
	at org.codehaus.groovy.runtime.callsite.AbstractCallSite.call(AbstractCallSite.java:141)
	at TempTestSuite1539840740332.run(TempTestSuite1539840740332.groovy:36)
	at groovy.lang.GroovyShell.runScriptOrMainOrTestOrRunnable(GroovyShell.java:263)
	at groovy.lang.GroovyShell.run(GroovyShell.java:518)
	at groovy.lang.GroovyShell.run(GroovyShell.java:507)
	at groovy.ui.GroovyMain.processOnce(GroovyMain.java:653)
	at groovy.ui.GroovyMain.run(GroovyMain.java:384)
	at groovy.ui.GroovyMain.process(GroovyMain.java:370)
	at groovy.ui.GroovyMain.processArgs(GroovyMain.java:129)
	at groovy.ui.GroovyMain.main(GroovyMain.java:109)
	at sun.reflect.NativeMethodAccessorImpl.invoke0(Native Method)
	at sun.reflect.NativeMethodAccessorImpl.invoke(NativeMethodAccessorImpl.java:62)
	at sun.reflect.DelegatingMethodAccessorImpl.invoke(DelegatingMethodAccessorImpl.java:43)
	at java.lang.reflect.Method.invoke(Method.java:498)
	at org.codehaus.groovy.tools.GroovyStarter.rootLoader(GroovyStarter.java:109)
	at org.codehaus.groovy.tools.GroovyStarter.main(GroovyStarter.java:131)
)]]></system-out>
      <system-err><![CDATA[2018-10-18 13:32:36 - [TEST_SUITE][FAILED] - big5: Test Cases/Frontend/PlaceBet/RandomOddsAndAMount FAILED because (of) (Stack trace: com.kms.katalon.core.exception.StepFailedException: Unable to click on object 'Object Repository/Frontend/MatchBetting/button_Bet' (Root cause: org.openqa.selenium.WebDriverException: chrome not reachable
  (Session info: chrome=69.0.3497.100)
  (Driver info: chromedriver=2.35.528161 (5b82f2d2aae0ca24b877009200ced9065a772e73),platform=Windows NT 10.0.17134 x86_64) (WARNING: The server did not provide any stacktrace information)
Command duration or timeout: 0 milliseconds
Build info: version: '3.7.1', revision: '8a0099a', time: '2017-11-06T21:07:36.161Z'
System info: host: 'DESKTOP-A1HL9OG', ip: '172.16.8.122', os.name: 'Windows 10', os.arch: 'amd64', os.version: '10.0', java.version: '1.8.0_181'
Driver info: com.kms.katalon.selenium.driver.CChromeDriver
Capabilities {acceptInsecureCerts: false, acceptSslCerts: false, applicationCacheEnabled: false, browserConnectionEnabled: false, browserName: chrome, chrome: {chromedriverVersion: 2.35.528161 (5b82f2d2aae0ca..., userDataDir: C:\Users\RICHAR~1\AppData\L...}, cssSelectorsEnabled: true, databaseEnabled: false, handlesAlerts: true, hasTouchScreen: false, javascriptEnabled: true, locationContextEnabled: true, mobileEmulationEnabled: false, nativeEvents: true, networkConnectionEnabled: false, pageLoadStrategy: normal, platform: XP, platformName: XP, rotatable: false, setWindowRect: true, takesHeapSnapshot: true, takesScreenshot: true, unexpectedAlertBehaviour: , unhandledPromptBehavior: , version: 69.0.3497.100, webStorageEnabled: true}
Session ID: b6cafaf5e8b6da29933b33afb743c205
*** Element info: {Using=xpath, value=(//button[@type='button'])[2]})
	at com.kms.katalon.core.keyword.internal.KeywordMain.stepFailed(KeywordMain.groovy:36)
	at com.kms.katalon.core.webui.keyword.internal.WebUIKeywordMain.stepFailed(WebUIKeywordMain.groovy:65)
	at com.kms.katalon.core.webui.keyword.internal.WebUIKeywordMain.runKeyword(WebUIKeywordMain.groovy:27)
	at com.kms.katalon.core.webui.keyword.builtin.ClickKeyword.click(ClickKeyword.groovy:86)
	at com.kms.katalon.core.webui.keyword.builtin.ClickKeyword.execute(ClickKeyword.groovy:67)
	at com.kms.katalon.core.keyword.internal.KeywordExecutor.executeKeywordForPlatform(KeywordExecutor.groovy:53)
	at com.kms.katalon.core.webui.keyword.WebUiBuiltInKeywords.click(WebUiBuiltInKeywords.groovy:616)
	at com.kms.katalon.core.webui.keyword.WebUiBuiltInKeywords$click$3.call(Unknown Source)
	at Script1539674510987.run(Script1539674510987.groovy:74)
	at com.kms.katalon.core.main.ScriptEngine.run(ScriptEngine.java:183)
	at com.kms.katalon.core.main.ScriptEngine.runScriptAsRawText(ScriptEngine.java:108)
	at com.kms.katalon.core.main.TestCaseExecutor.runScript(TestCaseExecutor.java:294)
	at com.kms.katalon.core.main.TestCaseExecutor.doExecute(TestCaseExecutor.java:285)
	at com.kms.katalon.core.main.TestCaseExecutor.processExecutionPhase(TestCaseExecutor.java:264)
	at com.kms.katalon.core.main.TestCaseExecutor.accessMainPhase(TestCaseExecutor.java:256)
	at com.kms.katalon.core.main.TestCaseExecutor.execute(TestCaseExecutor.java:200)
	at com.kms.katalon.core.main.TestSuiteExecutor.accessTestCaseMainPhase(TestSuiteExecutor.java:129)
	at com.kms.katalon.core.main.TestSuiteExecutor.accessTestSuiteMainPhase(TestSuiteExecutor.java:112)
	at com.kms.katalon.core.main.TestSuiteExecutor.execute(TestSuiteExecutor.java:81)
	at com.kms.katalon.core.main.TestCaseMain.startTestSuite(TestCaseMain.java:142)
	at com.kms.katalon.core.main.TestCaseMain$startTestSuite$0.call(Unknown Source)
	at org.codehaus.groovy.runtime.callsite.CallSiteArray.defaultCall(CallSiteArray.java:48)
	at org.codehaus.groovy.runtime.callsite.AbstractCallSite.call(AbstractCallSite.java:113)
	at org.codehaus.groovy.runtime.callsite.AbstractCallSite.call(AbstractCallSite.java:141)
	at TempTestSuite1539840740332.run(TempTestSuite1539840740332.groovy:36)
	at groovy.lang.GroovyShell.runScriptOrMainOrTestOrRunnable(GroovyShell.java:263)
	at groovy.lang.GroovyShell.run(GroovyShell.java:518)
	at groovy.lang.GroovyShell.run(GroovyShell.java:507)
	at groovy.ui.GroovyMain.processOnce(GroovyMain.java:653)
	at groovy.ui.GroovyMain.run(GroovyMain.java:384)
	at groovy.ui.GroovyMain.process(GroovyMain.java:370)
	at groovy.ui.GroovyMain.processArgs(GroovyMain.java:129)
	at groovy.ui.GroovyMain.main(GroovyMain.java:109)
	at sun.reflect.NativeMethodAccessorImpl.invoke0(Native Method)
	at sun.reflect.NativeMethodAccessorImpl.invoke(NativeMethodAccessorImpl.java:62)
	at sun.reflect.DelegatingMethodAccessorImpl.invoke(DelegatingMethodAccessorImpl.java:43)
	at java.lang.reflect.Method.invoke(Method.java:498)
	at org.codehaus.groovy.tools.GroovyStarter.rootLoader(GroovyStarter.java:109)
	at org.codehaus.groovy.tools.GroovyStarter.main(GroovyStarter.java:131)
)]]></system-err>
   </testsuite>
</testsuites>
