<?xml version="1.0" encoding="UTF-8"?>
<testsuites name="LoginAndRegister1" time="1371" tests="201" failures="0" errors="0">
   <testsuite name="LoginAndRegister1" tests="201" failures="0" errors="0" time="1371" timestamp="2018-10-12 13:40:25" hostname="Richard Sanchez - DESKTOP-A1HL9OG" id="Test Suites/LoginAndRegister1">
      <properties>
         <property name="deviceName" value=""/>
         <property name="devicePlatform" value=""/>
         <property name="logFolder" value="C:\\Users\\Richard Sanchez\\Katalon Studio\\ucf88\\Reports\\LoginAndRegister1\\20181012_134022"/>
         <property name="logFiles" value="C:\\Users\\Richard Sanchez\\Katalon Studio\\ucf88\\Reports\\LoginAndRegister1\\20181012_134022\\execution0.log"/>
         <property name="attachments" value=""/>
         <property name="hostName" value="Richard Sanchez - DESKTOP-A1HL9OG"/>
         <property name="os" value="Windows 10 64bit"/>
         <property name="katalonVersion" value="5.8.0.1"/>
         <property name="browser" value="Chrome 69.0.3497.100"/>
         <property name="hostAddress" value="172.16.8.122"/>
         <property name="sessionId" value="3971477aa289d2c78ba8598d685d3a7b"/>
         <property name="seleniumVersion" value="3.7.1"/>
         <property name="proxyInformation" value="ProxyInformation{proxyOption=NO_PROXY, proxyServerType=HTTP, password=, proxyServerAddress=, proxyServerPort=0}"/>
         <property name="platform" value="Windows 10"/>
      </properties>
      <testcase name="Test Cases/Backoffice/Login" classname="Test Cases/Backoffice/Login" status="PASSED">
         <system-out><![CDATA[2018-10-12 13:40:25 - [TEST_CASE][PASSED] - Test Cases/Backoffice/Login: Test Cases/Backoffice/Login

2018-10-12 13:40:26 - [TEST_STEP][PASSED] - openBrowser: Browser is opened with url: ''

2018-10-12 13:40:31 - [MESSAGE][PASSED] - Browser is opened with url: ''

2018-10-12 13:40:31 - [TEST_STEP][PASSED] - maximizeWindow: Current window maximized

2018-10-12 13:40:32 - [MESSAGE][PASSED] - Current window maximized

2018-10-12 13:40:32 - [TEST_STEP][PASSED] - navigateToUrl: Navigate to 'http://dev-admin.ucf88.com/login' successfully

2018-10-12 13:40:35 - [MESSAGE][PASSED] - Navigate to 'http://dev-admin.ucf88.com/login' successfully

2018-10-12 13:40:35 - [TEST_STEP][PASSED] - setText: Text 'admin' is set on object 'Object Repository/Backoffice/Login/input_Username'

2018-10-12 13:40:36 - [MESSAGE][PASSED] - Text 'admin' is set on object 'Object Repository/Backoffice/Login/input_Username'

2018-10-12 13:40:36 - [TEST_STEP][PASSED] - setEncryptedText: Text ****** has been set on object 'Object Repository/Backoffice/Login/input_Password'

2018-10-12 13:40:36 - [MESSAGE][PASSED] - Text ****** has been set on object 'Object Repository/Backoffice/Login/input_Password'

2018-10-12 13:40:36 - [TEST_STEP][PASSED] - click: Object: 'Object Repository/Backoffice/Login/button_Login' is clicked on

2018-10-12 13:40:38 - [MESSAGE][PASSED] - Object: 'Object Repository/Backoffice/Login/button_Login' is clicked on

2018-10-12 13:40:38 - [TEST_STEP][PASSED] - waitForElementVisible: Object 'Object Repository/Backoffice/Login/adminuser' is visible

2018-10-12 13:40:38 - [MESSAGE][PASSED] - Object 'Object Repository/Backoffice/Login/adminuser' is visible]]></system-out>
         <system-err><![CDATA[]]></system-err>
      </testcase>
      <testcase name="Test Cases/Backoffice/RegisterAccount" classname="Test Cases/Backoffice/RegisterAccount" status="PASSED">
         <system-out><![CDATA[2018-10-12 13:40:38 - [TEST_CASE][PASSED] - Test Cases/Backoffice/RegisterAccount: Test Cases/Backoffice/RegisterAccount

2018-10-12 13:40:39 - [TEST_STEP][PASSED] - focus: Object: 'Object Repository/Backoffice/Clients/Clients' is focused

2018-10-12 13:40:39 - [MESSAGE][PASSED] - Object: 'Object Repository/Backoffice/Clients/Clients' is focused

2018-10-12 13:40:39 - [TEST_STEP][PASSED] - verifyElementPresent: Object 'Object Repository/Backoffice/Clients/Client Registration' is present

2018-10-12 13:40:39 - [MESSAGE][PASSED] - Object 'Object Repository/Backoffice/Clients/Client Registration' is present

2018-10-12 13:40:39 - [TEST_STEP][PASSED] - click: Object: 'Object Repository/Backoffice/Clients/Client Registration' is clicked on

2018-10-12 13:40:40 - [MESSAGE][PASSED] - Object: 'Object Repository/Backoffice/Clients/Client Registration' is clicked on

2018-10-12 13:40:40 - [TEST_STEP][PASSED] - setText: Text 'oryxowl' is set on object 'Object Repository/Backoffice/Clients/Registration/input_username'

2018-10-12 13:40:40 - [MESSAGE][PASSED] - Text 'oryxowl' is set on object 'Object Repository/Backoffice/Clients/Registration/input_username'

2018-10-12 13:40:40 - [TEST_STEP][PASSED] - setText: Text '123123' is set on object 'Object Repository/Backoffice/Clients/Registration/input_password'

2018-10-12 13:40:40 - [MESSAGE][PASSED] - Text '123123' is set on object 'Object Repository/Backoffice/Clients/Registration/input_password'

2018-10-12 13:40:40 - [TEST_STEP][PASSED] - setText: Text '123123' is set on object 'Object Repository/Backoffice/Clients/Registration/input_confirmp'

2018-10-12 13:40:40 - [MESSAGE][PASSED] - Text '123123' is set on object 'Object Repository/Backoffice/Clients/Registration/input_confirmp'

2018-10-12 13:40:40 - [TEST_STEP][PASSED] - selectOptionByValue: All options with value 'test' are selected in object 'Object Repository/Backoffice/Clients/Registration/select_operatorcode' 

2018-10-12 13:40:40 - [MESSAGE][PASSED] - All options with value 'test' are selected in object 'Object Repository/Backoffice/Clients/Registration/select_operatorcode' 

2018-10-12 13:40:40 - [TEST_STEP][PASSED] - selectOptionByValue: All options with value '1' are selected in object 'Object Repository/Backoffice/Clients/Registration/select_status' 

2018-10-12 13:40:41 - [MESSAGE][PASSED] - All options with value '1' are selected in object 'Object Repository/Backoffice/Clients/Registration/select_status' 

2018-10-12 13:40:41 - [TEST_STEP][PASSED] - delay: Delayed 2 second(s)

2018-10-12 13:40:43 - [MESSAGE][PASSED] - Delayed 2 second(s)

2018-10-12 13:40:43 - [TEST_STEP][PASSED] - click: Object: 'Object Repository/Backoffice/Clients/Registration/button_Submit' is clicked on

2018-10-12 13:40:44 - [MESSAGE][PASSED] - Object: 'Object Repository/Backoffice/Clients/Registration/button_Submit' is clicked on

2018-10-12 13:40:44 - [TEST_STEP][PASSED] - delay: Delayed 2 second(s)

2018-10-12 13:40:46 - [MESSAGE][PASSED] - Delayed 2 second(s)]]></system-out>
         <system-err><![CDATA[]]></system-err>
      </testcase>
      <testcase name="Test Cases/Backoffice/RegisterAccount" classname="Test Cases/Backoffice/RegisterAccount" status="PASSED">
         <system-out><![CDATA[2018-10-12 13:40:46 - [TEST_CASE][PASSED] - Test Cases/Backoffice/RegisterAccount: Test Cases/Backoffice/RegisterAccount

2018-10-12 13:40:46 - [TEST_STEP][PASSED] - focus: Object: 'Object Repository/Backoffice/Clients/Clients' is focused

2018-10-12 13:40:46 - [MESSAGE][PASSED] - Object: 'Object Repository/Backoffice/Clients/Clients' is focused

2018-10-12 13:40:46 - [TEST_STEP][PASSED] - verifyElementPresent: Object 'Object Repository/Backoffice/Clients/Client Registration' is present

2018-10-12 13:40:46 - [MESSAGE][PASSED] - Object 'Object Repository/Backoffice/Clients/Client Registration' is present

2018-10-12 13:40:46 - [TEST_STEP][PASSED] - click: Object: 'Object Repository/Backoffice/Clients/Client Registration' is clicked on

2018-10-12 13:40:46 - [MESSAGE][PASSED] - Object: 'Object Repository/Backoffice/Clients/Client Registration' is clicked on

2018-10-12 13:40:46 - [TEST_STEP][PASSED] - setText: Text 'oxidationore' is set on object 'Object Repository/Backoffice/Clients/Registration/input_username'

2018-10-12 13:40:47 - [MESSAGE][PASSED] - Text 'oxidationore' is set on object 'Object Repository/Backoffice/Clients/Registration/input_username'

2018-10-12 13:40:47 - [TEST_STEP][PASSED] - setText: Text '123123' is set on object 'Object Repository/Backoffice/Clients/Registration/input_password'

2018-10-12 13:40:47 - [MESSAGE][PASSED] - Text '123123' is set on object 'Object Repository/Backoffice/Clients/Registration/input_password'

2018-10-12 13:40:47 - [TEST_STEP][PASSED] - setText: Text '123123' is set on object 'Object Repository/Backoffice/Clients/Registration/input_confirmp'

2018-10-12 13:40:47 - [MESSAGE][PASSED] - Text '123123' is set on object 'Object Repository/Backoffice/Clients/Registration/input_confirmp'

2018-10-12 13:40:47 - [TEST_STEP][PASSED] - selectOptionByValue: All options with value 'test' are selected in object 'Object Repository/Backoffice/Clients/Registration/select_operatorcode' 

2018-10-12 13:40:47 - [MESSAGE][PASSED] - All options with value 'test' are selected in object 'Object Repository/Backoffice/Clients/Registration/select_operatorcode' 

2018-10-12 13:40:47 - [TEST_STEP][PASSED] - selectOptionByValue: All options with value '1' are selected in object 'Object Repository/Backoffice/Clients/Registration/select_status' 

2018-10-12 13:40:47 - [MESSAGE][PASSED] - All options with value '1' are selected in object 'Object Repository/Backoffice/Clients/Registration/select_status' 

2018-10-12 13:40:47 - [TEST_STEP][PASSED] - delay: Delayed 2 second(s)

2018-10-12 13:40:49 - [MESSAGE][PASSED] - Delayed 2 second(s)

2018-10-12 13:40:49 - [TEST_STEP][PASSED] - click: Object: 'Object Repository/Backoffice/Clients/Registration/button_Submit' is clicked on

2018-10-12 13:40:50 - [MESSAGE][PASSED] - Object: 'Object Repository/Backoffice/Clients/Registration/button_Submit' is clicked on

2018-10-12 13:40:50 - [TEST_STEP][PASSED] - delay: Delayed 2 second(s)

2018-10-12 13:40:52 - [MESSAGE][PASSED] - Delayed 2 second(s)]]></system-out>
         <system-err><![CDATA[]]></system-err>
      </testcase>
      <testcase name="Test Cases/Backoffice/RegisterAccount" classname="Test Cases/Backoffice/RegisterAccount" status="PASSED">
         <system-out><![CDATA[2018-10-12 13:40:52 - [TEST_CASE][PASSED] - Test Cases/Backoffice/RegisterAccount: Test Cases/Backoffice/RegisterAccount

2018-10-12 13:40:52 - [TEST_STEP][PASSED] - focus: Object: 'Object Repository/Backoffice/Clients/Clients' is focused

2018-10-12 13:40:52 - [MESSAGE][PASSED] - Object: 'Object Repository/Backoffice/Clients/Clients' is focused

2018-10-12 13:40:52 - [TEST_STEP][PASSED] - verifyElementPresent: Object 'Object Repository/Backoffice/Clients/Client Registration' is present

2018-10-12 13:40:52 - [MESSAGE][PASSED] - Object 'Object Repository/Backoffice/Clients/Client Registration' is present

2018-10-12 13:40:52 - [TEST_STEP][PASSED] - click: Object: 'Object Repository/Backoffice/Clients/Client Registration' is clicked on

2018-10-12 13:40:53 - [MESSAGE][PASSED] - Object: 'Object Repository/Backoffice/Clients/Client Registration' is clicked on

2018-10-12 13:40:53 - [TEST_STEP][PASSED] - setText: Text 'orientedobedient' is set on object 'Object Repository/Backoffice/Clients/Registration/input_username'

2018-10-12 13:40:53 - [MESSAGE][PASSED] - Text 'orientedobedient' is set on object 'Object Repository/Backoffice/Clients/Registration/input_username'

2018-10-12 13:40:53 - [TEST_STEP][PASSED] - setText: Text '123123' is set on object 'Object Repository/Backoffice/Clients/Registration/input_password'

2018-10-12 13:40:53 - [MESSAGE][PASSED] - Text '123123' is set on object 'Object Repository/Backoffice/Clients/Registration/input_password'

2018-10-12 13:40:53 - [TEST_STEP][PASSED] - setText: Text '123123' is set on object 'Object Repository/Backoffice/Clients/Registration/input_confirmp'

2018-10-12 13:40:54 - [MESSAGE][PASSED] - Text '123123' is set on object 'Object Repository/Backoffice/Clients/Registration/input_confirmp'

2018-10-12 13:40:54 - [TEST_STEP][PASSED] - selectOptionByValue: All options with value 'test' are selected in object 'Object Repository/Backoffice/Clients/Registration/select_operatorcode' 

2018-10-12 13:40:54 - [MESSAGE][PASSED] - All options with value 'test' are selected in object 'Object Repository/Backoffice/Clients/Registration/select_operatorcode' 

2018-10-12 13:40:54 - [TEST_STEP][PASSED] - selectOptionByValue: All options with value '1' are selected in object 'Object Repository/Backoffice/Clients/Registration/select_status' 

2018-10-12 13:40:54 - [MESSAGE][PASSED] - All options with value '1' are selected in object 'Object Repository/Backoffice/Clients/Registration/select_status' 

2018-10-12 13:40:54 - [TEST_STEP][PASSED] - delay: Delayed 2 second(s)

2018-10-12 13:40:56 - [MESSAGE][PASSED] - Delayed 2 second(s)

2018-10-12 13:40:56 - [TEST_STEP][PASSED] - click: Object: 'Object Repository/Backoffice/Clients/Registration/button_Submit' is clicked on

2018-10-12 13:40:57 - [MESSAGE][PASSED] - Object: 'Object Repository/Backoffice/Clients/Registration/button_Submit' is clicked on

2018-10-12 13:40:57 - [TEST_STEP][PASSED] - delay: Delayed 2 second(s)

2018-10-12 13:40:59 - [MESSAGE][PASSED] - Delayed 2 second(s)]]></system-out>
         <system-err><![CDATA[]]></system-err>
      </testcase>
      <testcase name="Test Cases/Backoffice/RegisterAccount" classname="Test Cases/Backoffice/RegisterAccount" status="PASSED">
         <system-out><![CDATA[2018-10-12 13:40:59 - [TEST_CASE][PASSED] - Test Cases/Backoffice/RegisterAccount: Test Cases/Backoffice/RegisterAccount

2018-10-12 13:40:59 - [TEST_STEP][PASSED] - focus: Object: 'Object Repository/Backoffice/Clients/Clients' is focused

2018-10-12 13:40:59 - [MESSAGE][PASSED] - Object: 'Object Repository/Backoffice/Clients/Clients' is focused

2018-10-12 13:40:59 - [TEST_STEP][PASSED] - verifyElementPresent: Object 'Object Repository/Backoffice/Clients/Client Registration' is present

2018-10-12 13:40:59 - [MESSAGE][PASSED] - Object 'Object Repository/Backoffice/Clients/Client Registration' is present

2018-10-12 13:40:59 - [TEST_STEP][PASSED] - click: Object: 'Object Repository/Backoffice/Clients/Client Registration' is clicked on

2018-10-12 13:41:00 - [MESSAGE][PASSED] - Object: 'Object Repository/Backoffice/Clients/Client Registration' is clicked on

2018-10-12 13:41:00 - [TEST_STEP][PASSED] - setText: Text 'overloadoverrated' is set on object 'Object Repository/Backoffice/Clients/Registration/input_username'

2018-10-12 13:41:00 - [MESSAGE][PASSED] - Text 'overloadoverrated' is set on object 'Object Repository/Backoffice/Clients/Registration/input_username'

2018-10-12 13:41:00 - [TEST_STEP][PASSED] - setText: Text '123123' is set on object 'Object Repository/Backoffice/Clients/Registration/input_password'

2018-10-12 13:41:00 - [MESSAGE][PASSED] - Text '123123' is set on object 'Object Repository/Backoffice/Clients/Registration/input_password'

2018-10-12 13:41:00 - [TEST_STEP][PASSED] - setText: Text '123123' is set on object 'Object Repository/Backoffice/Clients/Registration/input_confirmp'

2018-10-12 13:41:00 - [MESSAGE][PASSED] - Text '123123' is set on object 'Object Repository/Backoffice/Clients/Registration/input_confirmp'

2018-10-12 13:41:00 - [TEST_STEP][PASSED] - selectOptionByValue: All options with value 'test' are selected in object 'Object Repository/Backoffice/Clients/Registration/select_operatorcode' 

2018-10-12 13:41:01 - [MESSAGE][PASSED] - All options with value 'test' are selected in object 'Object Repository/Backoffice/Clients/Registration/select_operatorcode' 

2018-10-12 13:41:01 - [TEST_STEP][PASSED] - selectOptionByValue: All options with value '1' are selected in object 'Object Repository/Backoffice/Clients/Registration/select_status' 

2018-10-12 13:41:01 - [MESSAGE][PASSED] - All options with value '1' are selected in object 'Object Repository/Backoffice/Clients/Registration/select_status' 

2018-10-12 13:41:01 - [TEST_STEP][PASSED] - delay: Delayed 2 second(s)

2018-10-12 13:41:03 - [MESSAGE][PASSED] - Delayed 2 second(s)

2018-10-12 13:41:03 - [TEST_STEP][PASSED] - click: Object: 'Object Repository/Backoffice/Clients/Registration/button_Submit' is clicked on

2018-10-12 13:41:04 - [MESSAGE][PASSED] - Object: 'Object Repository/Backoffice/Clients/Registration/button_Submit' is clicked on

2018-10-12 13:41:04 - [TEST_STEP][PASSED] - delay: Delayed 2 second(s)

2018-10-12 13:41:06 - [MESSAGE][PASSED] - Delayed 2 second(s)]]></system-out>
         <system-err><![CDATA[]]></system-err>
      </testcase>
      <testcase name="Test Cases/Backoffice/RegisterAccount" classname="Test Cases/Backoffice/RegisterAccount" status="PASSED">
         <system-out><![CDATA[2018-10-12 13:41:06 - [TEST_CASE][PASSED] - Test Cases/Backoffice/RegisterAccount: Test Cases/Backoffice/RegisterAccount

2018-10-12 13:41:06 - [TEST_STEP][PASSED] - focus: Object: 'Object Repository/Backoffice/Clients/Clients' is focused

2018-10-12 13:41:06 - [MESSAGE][PASSED] - Object: 'Object Repository/Backoffice/Clients/Clients' is focused

2018-10-12 13:41:06 - [TEST_STEP][PASSED] - verifyElementPresent: Object 'Object Repository/Backoffice/Clients/Client Registration' is present

2018-10-12 13:41:06 - [MESSAGE][PASSED] - Object 'Object Repository/Backoffice/Clients/Client Registration' is present

2018-10-12 13:41:06 - [TEST_STEP][PASSED] - click: Object: 'Object Repository/Backoffice/Clients/Client Registration' is clicked on

2018-10-12 13:41:06 - [MESSAGE][PASSED] - Object: 'Object Repository/Backoffice/Clients/Client Registration' is clicked on

2018-10-12 13:41:06 - [TEST_STEP][PASSED] - setText: Text 'offspringoxidant' is set on object 'Object Repository/Backoffice/Clients/Registration/input_username'

2018-10-12 13:41:07 - [MESSAGE][PASSED] - Text 'offspringoxidant' is set on object 'Object Repository/Backoffice/Clients/Registration/input_username'

2018-10-12 13:41:07 - [TEST_STEP][PASSED] - setText: Text '123123' is set on object 'Object Repository/Backoffice/Clients/Registration/input_password'

2018-10-12 13:41:07 - [MESSAGE][PASSED] - Text '123123' is set on object 'Object Repository/Backoffice/Clients/Registration/input_password'

2018-10-12 13:41:07 - [TEST_STEP][PASSED] - setText: Text '123123' is set on object 'Object Repository/Backoffice/Clients/Registration/input_confirmp'

2018-10-12 13:41:07 - [MESSAGE][PASSED] - Text '123123' is set on object 'Object Repository/Backoffice/Clients/Registration/input_confirmp'

2018-10-12 13:41:07 - [TEST_STEP][PASSED] - selectOptionByValue: All options with value 'test' are selected in object 'Object Repository/Backoffice/Clients/Registration/select_operatorcode' 

2018-10-12 13:41:07 - [MESSAGE][PASSED] - All options with value 'test' are selected in object 'Object Repository/Backoffice/Clients/Registration/select_operatorcode' 

2018-10-12 13:41:07 - [TEST_STEP][PASSED] - selectOptionByValue: All options with value '1' are selected in object 'Object Repository/Backoffice/Clients/Registration/select_status' 

2018-10-12 13:41:07 - [MESSAGE][PASSED] - All options with value '1' are selected in object 'Object Repository/Backoffice/Clients/Registration/select_status' 

2018-10-12 13:41:07 - [TEST_STEP][PASSED] - delay: Delayed 2 second(s)

2018-10-12 13:41:09 - [MESSAGE][PASSED] - Delayed 2 second(s)

2018-10-12 13:41:09 - [TEST_STEP][PASSED] - click: Object: 'Object Repository/Backoffice/Clients/Registration/button_Submit' is clicked on

2018-10-12 13:41:10 - [MESSAGE][PASSED] - Object: 'Object Repository/Backoffice/Clients/Registration/button_Submit' is clicked on

2018-10-12 13:41:10 - [TEST_STEP][PASSED] - delay: Delayed 2 second(s)

2018-10-12 13:41:12 - [MESSAGE][PASSED] - Delayed 2 second(s)]]></system-out>
         <system-err><![CDATA[]]></system-err>
      </testcase>
      <testcase name="Test Cases/Backoffice/RegisterAccount" classname="Test Cases/Backoffice/RegisterAccount" status="PASSED">
         <system-out><![CDATA[2018-10-12 13:41:12 - [TEST_CASE][PASSED] - Test Cases/Backoffice/RegisterAccount: Test Cases/Backoffice/RegisterAccount

2018-10-12 13:41:12 - [TEST_STEP][PASSED] - focus: Object: 'Object Repository/Backoffice/Clients/Clients' is focused

2018-10-12 13:41:13 - [MESSAGE][PASSED] - Object: 'Object Repository/Backoffice/Clients/Clients' is focused

2018-10-12 13:41:13 - [TEST_STEP][PASSED] - verifyElementPresent: Object 'Object Repository/Backoffice/Clients/Client Registration' is present

2018-10-12 13:41:13 - [MESSAGE][PASSED] - Object 'Object Repository/Backoffice/Clients/Client Registration' is present

2018-10-12 13:41:13 - [TEST_STEP][PASSED] - click: Object: 'Object Repository/Backoffice/Clients/Client Registration' is clicked on

2018-10-12 13:41:13 - [MESSAGE][PASSED] - Object: 'Object Repository/Backoffice/Clients/Client Registration' is clicked on

2018-10-12 13:41:13 - [TEST_STEP][PASSED] - setText: Text 'oldoccur' is set on object 'Object Repository/Backoffice/Clients/Registration/input_username'

2018-10-12 13:41:13 - [MESSAGE][PASSED] - Text 'oldoccur' is set on object 'Object Repository/Backoffice/Clients/Registration/input_username'

2018-10-12 13:41:13 - [TEST_STEP][PASSED] - setText: Text '123123' is set on object 'Object Repository/Backoffice/Clients/Registration/input_password'

2018-10-12 13:41:13 - [MESSAGE][PASSED] - Text '123123' is set on object 'Object Repository/Backoffice/Clients/Registration/input_password'

2018-10-12 13:41:13 - [TEST_STEP][PASSED] - setText: Text '123123' is set on object 'Object Repository/Backoffice/Clients/Registration/input_confirmp'

2018-10-12 13:41:14 - [MESSAGE][PASSED] - Text '123123' is set on object 'Object Repository/Backoffice/Clients/Registration/input_confirmp'

2018-10-12 13:41:14 - [TEST_STEP][PASSED] - selectOptionByValue: All options with value 'test' are selected in object 'Object Repository/Backoffice/Clients/Registration/select_operatorcode' 

2018-10-12 13:41:14 - [MESSAGE][PASSED] - All options with value 'test' are selected in object 'Object Repository/Backoffice/Clients/Registration/select_operatorcode' 

2018-10-12 13:41:14 - [TEST_STEP][PASSED] - selectOptionByValue: All options with value '1' are selected in object 'Object Repository/Backoffice/Clients/Registration/select_status' 

2018-10-12 13:41:14 - [MESSAGE][PASSED] - All options with value '1' are selected in object 'Object Repository/Backoffice/Clients/Registration/select_status' 

2018-10-12 13:41:14 - [TEST_STEP][PASSED] - delay: Delayed 2 second(s)

2018-10-12 13:41:16 - [MESSAGE][PASSED] - Delayed 2 second(s)

2018-10-12 13:41:16 - [TEST_STEP][PASSED] - click: Object: 'Object Repository/Backoffice/Clients/Registration/button_Submit' is clicked on

2018-10-12 13:41:17 - [MESSAGE][PASSED] - Object: 'Object Repository/Backoffice/Clients/Registration/button_Submit' is clicked on

2018-10-12 13:41:17 - [TEST_STEP][PASSED] - delay: Delayed 2 second(s)

2018-10-12 13:41:19 - [MESSAGE][PASSED] - Delayed 2 second(s)]]></system-out>
         <system-err><![CDATA[]]></system-err>
      </testcase>
      <testcase name="Test Cases/Backoffice/RegisterAccount" classname="Test Cases/Backoffice/RegisterAccount" status="PASSED">
         <system-out><![CDATA[2018-10-12 13:41:19 - [TEST_CASE][PASSED] - Test Cases/Backoffice/RegisterAccount: Test Cases/Backoffice/RegisterAccount

2018-10-12 13:41:19 - [TEST_STEP][PASSED] - focus: Object: 'Object Repository/Backoffice/Clients/Clients' is focused

2018-10-12 13:41:19 - [MESSAGE][PASSED] - Object: 'Object Repository/Backoffice/Clients/Clients' is focused

2018-10-12 13:41:19 - [TEST_STEP][PASSED] - verifyElementPresent: Object 'Object Repository/Backoffice/Clients/Client Registration' is present

2018-10-12 13:41:19 - [MESSAGE][PASSED] - Object 'Object Repository/Backoffice/Clients/Client Registration' is present

2018-10-12 13:41:19 - [TEST_STEP][PASSED] - click: Object: 'Object Repository/Backoffice/Clients/Client Registration' is clicked on

2018-10-12 13:41:20 - [MESSAGE][PASSED] - Object: 'Object Repository/Backoffice/Clients/Client Registration' is clicked on

2018-10-12 13:41:20 - [TEST_STEP][PASSED] - setText: Text 'ocelotoutgoing' is set on object 'Object Repository/Backoffice/Clients/Registration/input_username'

2018-10-12 13:41:20 - [MESSAGE][PASSED] - Text 'ocelotoutgoing' is set on object 'Object Repository/Backoffice/Clients/Registration/input_username'

2018-10-12 13:41:20 - [TEST_STEP][PASSED] - setText: Text '123123' is set on object 'Object Repository/Backoffice/Clients/Registration/input_password'

2018-10-12 13:41:20 - [MESSAGE][PASSED] - Text '123123' is set on object 'Object Repository/Backoffice/Clients/Registration/input_password'

2018-10-12 13:41:20 - [TEST_STEP][PASSED] - setText: Text '123123' is set on object 'Object Repository/Backoffice/Clients/Registration/input_confirmp'

2018-10-12 13:41:21 - [MESSAGE][PASSED] - Text '123123' is set on object 'Object Repository/Backoffice/Clients/Registration/input_confirmp'

2018-10-12 13:41:21 - [TEST_STEP][PASSED] - selectOptionByValue: All options with value 'test' are selected in object 'Object Repository/Backoffice/Clients/Registration/select_operatorcode' 

2018-10-12 13:41:21 - [MESSAGE][PASSED] - All options with value 'test' are selected in object 'Object Repository/Backoffice/Clients/Registration/select_operatorcode' 

2018-10-12 13:41:21 - [TEST_STEP][PASSED] - selectOptionByValue: All options with value '1' are selected in object 'Object Repository/Backoffice/Clients/Registration/select_status' 

2018-10-12 13:41:21 - [MESSAGE][PASSED] - All options with value '1' are selected in object 'Object Repository/Backoffice/Clients/Registration/select_status' 

2018-10-12 13:41:21 - [TEST_STEP][PASSED] - delay: Delayed 2 second(s)

2018-10-12 13:41:23 - [MESSAGE][PASSED] - Delayed 2 second(s)

2018-10-12 13:41:23 - [TEST_STEP][PASSED] - click: Object: 'Object Repository/Backoffice/Clients/Registration/button_Submit' is clicked on

2018-10-12 13:41:25 - [MESSAGE][PASSED] - Object: 'Object Repository/Backoffice/Clients/Registration/button_Submit' is clicked on

2018-10-12 13:41:25 - [TEST_STEP][PASSED] - delay: Delayed 2 second(s)

2018-10-12 13:41:27 - [MESSAGE][PASSED] - Delayed 2 second(s)]]></system-out>
         <system-err><![CDATA[]]></system-err>
      </testcase>
      <testcase name="Test Cases/Backoffice/RegisterAccount" classname="Test Cases/Backoffice/RegisterAccount" status="PASSED">
         <system-out><![CDATA[2018-10-12 13:41:27 - [TEST_CASE][PASSED] - Test Cases/Backoffice/RegisterAccount: Test Cases/Backoffice/RegisterAccount

2018-10-12 13:41:27 - [TEST_STEP][PASSED] - focus: Object: 'Object Repository/Backoffice/Clients/Clients' is focused

2018-10-12 13:41:27 - [MESSAGE][PASSED] - Object: 'Object Repository/Backoffice/Clients/Clients' is focused

2018-10-12 13:41:27 - [TEST_STEP][PASSED] - verifyElementPresent: Object 'Object Repository/Backoffice/Clients/Client Registration' is present

2018-10-12 13:41:27 - [MESSAGE][PASSED] - Object 'Object Repository/Backoffice/Clients/Client Registration' is present

2018-10-12 13:41:27 - [TEST_STEP][PASSED] - click: Object: 'Object Repository/Backoffice/Clients/Client Registration' is clicked on

2018-10-12 13:41:28 - [MESSAGE][PASSED] - Object: 'Object Repository/Backoffice/Clients/Client Registration' is clicked on

2018-10-12 13:41:28 - [TEST_STEP][PASSED] - setText: Text 'oblongataoctaves' is set on object 'Object Repository/Backoffice/Clients/Registration/input_username'

2018-10-12 13:41:28 - [MESSAGE][PASSED] - Text 'oblongataoctaves' is set on object 'Object Repository/Backoffice/Clients/Registration/input_username'

2018-10-12 13:41:28 - [TEST_STEP][PASSED] - setText: Text '123123' is set on object 'Object Repository/Backoffice/Clients/Registration/input_password'

2018-10-12 13:41:28 - [MESSAGE][PASSED] - Text '123123' is set on object 'Object Repository/Backoffice/Clients/Registration/input_password'

2018-10-12 13:41:28 - [TEST_STEP][PASSED] - setText: Text '123123' is set on object 'Object Repository/Backoffice/Clients/Registration/input_confirmp'

2018-10-12 13:41:28 - [MESSAGE][PASSED] - Text '123123' is set on object 'Object Repository/Backoffice/Clients/Registration/input_confirmp'

2018-10-12 13:41:28 - [TEST_STEP][PASSED] - selectOptionByValue: All options with value 'test' are selected in object 'Object Repository/Backoffice/Clients/Registration/select_operatorcode' 

2018-10-12 13:41:28 - [MESSAGE][PASSED] - All options with value 'test' are selected in object 'Object Repository/Backoffice/Clients/Registration/select_operatorcode' 

2018-10-12 13:41:28 - [TEST_STEP][PASSED] - selectOptionByValue: All options with value '1' are selected in object 'Object Repository/Backoffice/Clients/Registration/select_status' 

2018-10-12 13:41:28 - [MESSAGE][PASSED] - All options with value '1' are selected in object 'Object Repository/Backoffice/Clients/Registration/select_status' 

2018-10-12 13:41:28 - [TEST_STEP][PASSED] - delay: Delayed 2 second(s)

2018-10-12 13:41:31 - [MESSAGE][PASSED] - Delayed 2 second(s)

2018-10-12 13:41:31 - [TEST_STEP][PASSED] - click: Object: 'Object Repository/Backoffice/Clients/Registration/button_Submit' is clicked on

2018-10-12 13:41:32 - [MESSAGE][PASSED] - Object: 'Object Repository/Backoffice/Clients/Registration/button_Submit' is clicked on

2018-10-12 13:41:32 - [TEST_STEP][PASSED] - delay: Delayed 2 second(s)

2018-10-12 13:41:34 - [MESSAGE][PASSED] - Delayed 2 second(s)]]></system-out>
         <system-err><![CDATA[]]></system-err>
      </testcase>
      <testcase name="Test Cases/Backoffice/RegisterAccount" classname="Test Cases/Backoffice/RegisterAccount" status="PASSED">
         <system-out><![CDATA[2018-10-12 13:41:34 - [TEST_CASE][PASSED] - Test Cases/Backoffice/RegisterAccount: Test Cases/Backoffice/RegisterAccount

2018-10-12 13:41:34 - [TEST_STEP][PASSED] - focus: Object: 'Object Repository/Backoffice/Clients/Clients' is focused

2018-10-12 13:41:34 - [MESSAGE][PASSED] - Object: 'Object Repository/Backoffice/Clients/Clients' is focused

2018-10-12 13:41:34 - [TEST_STEP][PASSED] - verifyElementPresent: Object 'Object Repository/Backoffice/Clients/Client Registration' is present

2018-10-12 13:41:34 - [MESSAGE][PASSED] - Object 'Object Repository/Backoffice/Clients/Client Registration' is present

2018-10-12 13:41:34 - [TEST_STEP][PASSED] - click: Object: 'Object Repository/Backoffice/Clients/Client Registration' is clicked on

2018-10-12 13:41:35 - [MESSAGE][PASSED] - Object: 'Object Repository/Backoffice/Clients/Client Registration' is clicked on

2018-10-12 13:41:35 - [TEST_STEP][PASSED] - setText: Text 'omicronold' is set on object 'Object Repository/Backoffice/Clients/Registration/input_username'

2018-10-12 13:41:35 - [MESSAGE][PASSED] - Text 'omicronold' is set on object 'Object Repository/Backoffice/Clients/Registration/input_username'

2018-10-12 13:41:35 - [TEST_STEP][PASSED] - setText: Text '123123' is set on object 'Object Repository/Backoffice/Clients/Registration/input_password'

2018-10-12 13:41:35 - [MESSAGE][PASSED] - Text '123123' is set on object 'Object Repository/Backoffice/Clients/Registration/input_password'

2018-10-12 13:41:35 - [TEST_STEP][PASSED] - setText: Text '123123' is set on object 'Object Repository/Backoffice/Clients/Registration/input_confirmp'

2018-10-12 13:41:35 - [MESSAGE][PASSED] - Text '123123' is set on object 'Object Repository/Backoffice/Clients/Registration/input_confirmp'

2018-10-12 13:41:35 - [TEST_STEP][PASSED] - selectOptionByValue: All options with value 'test' are selected in object 'Object Repository/Backoffice/Clients/Registration/select_operatorcode' 

2018-10-12 13:41:35 - [MESSAGE][PASSED] - All options with value 'test' are selected in object 'Object Repository/Backoffice/Clients/Registration/select_operatorcode' 

2018-10-12 13:41:35 - [TEST_STEP][PASSED] - selectOptionByValue: All options with value '1' are selected in object 'Object Repository/Backoffice/Clients/Registration/select_status' 

2018-10-12 13:41:35 - [MESSAGE][PASSED] - All options with value '1' are selected in object 'Object Repository/Backoffice/Clients/Registration/select_status' 

2018-10-12 13:41:35 - [TEST_STEP][PASSED] - delay: Delayed 2 second(s)

2018-10-12 13:41:37 - [MESSAGE][PASSED] - Delayed 2 second(s)

2018-10-12 13:41:37 - [TEST_STEP][PASSED] - click: Object: 'Object Repository/Backoffice/Clients/Registration/button_Submit' is clicked on

2018-10-12 13:41:38 - [MESSAGE][PASSED] - Object: 'Object Repository/Backoffice/Clients/Registration/button_Submit' is clicked on

2018-10-12 13:41:38 - [TEST_STEP][PASSED] - delay: Delayed 2 second(s)

2018-10-12 13:41:40 - [MESSAGE][PASSED] - Delayed 2 second(s)]]></system-out>
         <system-err><![CDATA[]]></system-err>
      </testcase>
      <testcase name="Test Cases/Backoffice/RegisterAccount" classname="Test Cases/Backoffice/RegisterAccount" status="PASSED">
         <system-out><![CDATA[2018-10-12 13:41:40 - [TEST_CASE][PASSED] - Test Cases/Backoffice/RegisterAccount: Test Cases/Backoffice/RegisterAccount

2018-10-12 13:41:40 - [TEST_STEP][PASSED] - focus: Object: 'Object Repository/Backoffice/Clients/Clients' is focused

2018-10-12 13:41:40 - [MESSAGE][PASSED] - Object: 'Object Repository/Backoffice/Clients/Clients' is focused

2018-10-12 13:41:40 - [TEST_STEP][PASSED] - verifyElementPresent: Object 'Object Repository/Backoffice/Clients/Client Registration' is present

2018-10-12 13:41:40 - [MESSAGE][PASSED] - Object 'Object Repository/Backoffice/Clients/Client Registration' is present

2018-10-12 13:41:40 - [TEST_STEP][PASSED] - click: Object: 'Object Repository/Backoffice/Clients/Client Registration' is clicked on

2018-10-12 13:41:41 - [MESSAGE][PASSED] - Object: 'Object Repository/Backoffice/Clients/Client Registration' is clicked on

2018-10-12 13:41:41 - [TEST_STEP][PASSED] - setText: Text 'outlookobstinacy' is set on object 'Object Repository/Backoffice/Clients/Registration/input_username'

2018-10-12 13:41:41 - [MESSAGE][PASSED] - Text 'outlookobstinacy' is set on object 'Object Repository/Backoffice/Clients/Registration/input_username'

2018-10-12 13:41:41 - [TEST_STEP][PASSED] - setText: Text '123123' is set on object 'Object Repository/Backoffice/Clients/Registration/input_password'

2018-10-12 13:41:41 - [MESSAGE][PASSED] - Text '123123' is set on object 'Object Repository/Backoffice/Clients/Registration/input_password'

2018-10-12 13:41:41 - [TEST_STEP][PASSED] - setText: Text '123123' is set on object 'Object Repository/Backoffice/Clients/Registration/input_confirmp'

2018-10-12 13:41:41 - [MESSAGE][PASSED] - Text '123123' is set on object 'Object Repository/Backoffice/Clients/Registration/input_confirmp'

2018-10-12 13:41:41 - [TEST_STEP][PASSED] - selectOptionByValue: All options with value 'test' are selected in object 'Object Repository/Backoffice/Clients/Registration/select_operatorcode' 

2018-10-12 13:41:41 - [MESSAGE][PASSED] - All options with value 'test' are selected in object 'Object Repository/Backoffice/Clients/Registration/select_operatorcode' 

2018-10-12 13:41:41 - [TEST_STEP][PASSED] - selectOptionByValue: All options with value '1' are selected in object 'Object Repository/Backoffice/Clients/Registration/select_status' 

2018-10-12 13:41:41 - [MESSAGE][PASSED] - All options with value '1' are selected in object 'Object Repository/Backoffice/Clients/Registration/select_status' 

2018-10-12 13:41:41 - [TEST_STEP][PASSED] - delay: Delayed 2 second(s)

2018-10-12 13:41:43 - [MESSAGE][PASSED] - Delayed 2 second(s)

2018-10-12 13:41:43 - [TEST_STEP][PASSED] - click: Object: 'Object Repository/Backoffice/Clients/Registration/button_Submit' is clicked on

2018-10-12 13:41:45 - [MESSAGE][PASSED] - Object: 'Object Repository/Backoffice/Clients/Registration/button_Submit' is clicked on

2018-10-12 13:41:45 - [TEST_STEP][PASSED] - delay: Delayed 2 second(s)

2018-10-12 13:41:47 - [MESSAGE][PASSED] - Delayed 2 second(s)]]></system-out>
         <system-err><![CDATA[]]></system-err>
      </testcase>
      <testcase name="Test Cases/Backoffice/RegisterAccount" classname="Test Cases/Backoffice/RegisterAccount" status="PASSED">
         <system-out><![CDATA[2018-10-12 13:41:47 - [TEST_CASE][PASSED] - Test Cases/Backoffice/RegisterAccount: Test Cases/Backoffice/RegisterAccount

2018-10-12 13:41:47 - [TEST_STEP][PASSED] - focus: Object: 'Object Repository/Backoffice/Clients/Clients' is focused

2018-10-12 13:41:47 - [MESSAGE][PASSED] - Object: 'Object Repository/Backoffice/Clients/Clients' is focused

2018-10-12 13:41:47 - [TEST_STEP][PASSED] - verifyElementPresent: Object 'Object Repository/Backoffice/Clients/Client Registration' is present

2018-10-12 13:41:47 - [MESSAGE][PASSED] - Object 'Object Repository/Backoffice/Clients/Client Registration' is present

2018-10-12 13:41:47 - [TEST_STEP][PASSED] - click: Object: 'Object Repository/Backoffice/Clients/Client Registration' is clicked on

2018-10-12 13:41:48 - [MESSAGE][PASSED] - Object: 'Object Repository/Backoffice/Clients/Client Registration' is clicked on

2018-10-12 13:41:48 - [TEST_STEP][PASSED] - setText: Text 'obsequiousophiuchus' is set on object 'Object Repository/Backoffice/Clients/Registration/input_username'

2018-10-12 13:41:48 - [MESSAGE][PASSED] - Text 'obsequiousophiuchus' is set on object 'Object Repository/Backoffice/Clients/Registration/input_username'

2018-10-12 13:41:48 - [TEST_STEP][PASSED] - setText: Text '123123' is set on object 'Object Repository/Backoffice/Clients/Registration/input_password'

2018-10-12 13:41:48 - [MESSAGE][PASSED] - Text '123123' is set on object 'Object Repository/Backoffice/Clients/Registration/input_password'

2018-10-12 13:41:48 - [TEST_STEP][PASSED] - setText: Text '123123' is set on object 'Object Repository/Backoffice/Clients/Registration/input_confirmp'

2018-10-12 13:41:48 - [MESSAGE][PASSED] - Text '123123' is set on object 'Object Repository/Backoffice/Clients/Registration/input_confirmp'

2018-10-12 13:41:48 - [TEST_STEP][PASSED] - selectOptionByValue: All options with value 'test' are selected in object 'Object Repository/Backoffice/Clients/Registration/select_operatorcode' 

2018-10-12 13:41:48 - [MESSAGE][PASSED] - All options with value 'test' are selected in object 'Object Repository/Backoffice/Clients/Registration/select_operatorcode' 

2018-10-12 13:41:48 - [TEST_STEP][PASSED] - selectOptionByValue: All options with value '1' are selected in object 'Object Repository/Backoffice/Clients/Registration/select_status' 

2018-10-12 13:41:48 - [MESSAGE][PASSED] - All options with value '1' are selected in object 'Object Repository/Backoffice/Clients/Registration/select_status' 

2018-10-12 13:41:48 - [TEST_STEP][PASSED] - delay: Delayed 2 second(s)

2018-10-12 13:41:50 - [MESSAGE][PASSED] - Delayed 2 second(s)

2018-10-12 13:41:50 - [TEST_STEP][PASSED] - click: Object: 'Object Repository/Backoffice/Clients/Registration/button_Submit' is clicked on

2018-10-12 13:41:51 - [MESSAGE][PASSED] - Object: 'Object Repository/Backoffice/Clients/Registration/button_Submit' is clicked on

2018-10-12 13:41:51 - [TEST_STEP][PASSED] - delay: Delayed 2 second(s)

2018-10-12 13:41:53 - [MESSAGE][PASSED] - Delayed 2 second(s)]]></system-out>
         <system-err><![CDATA[]]></system-err>
      </testcase>
      <testcase name="Test Cases/Backoffice/RegisterAccount" classname="Test Cases/Backoffice/RegisterAccount" status="PASSED">
         <system-out><![CDATA[2018-10-12 13:41:53 - [TEST_CASE][PASSED] - Test Cases/Backoffice/RegisterAccount: Test Cases/Backoffice/RegisterAccount

2018-10-12 13:41:53 - [TEST_STEP][PASSED] - focus: Object: 'Object Repository/Backoffice/Clients/Clients' is focused

2018-10-12 13:41:53 - [MESSAGE][PASSED] - Object: 'Object Repository/Backoffice/Clients/Clients' is focused

2018-10-12 13:41:53 - [TEST_STEP][PASSED] - verifyElementPresent: Object 'Object Repository/Backoffice/Clients/Client Registration' is present

2018-10-12 13:41:53 - [MESSAGE][PASSED] - Object 'Object Repository/Backoffice/Clients/Client Registration' is present

2018-10-12 13:41:53 - [TEST_STEP][PASSED] - click: Object: 'Object Repository/Backoffice/Clients/Client Registration' is clicked on

2018-10-12 13:41:54 - [MESSAGE][PASSED] - Object: 'Object Repository/Backoffice/Clients/Client Registration' is clicked on

2018-10-12 13:41:54 - [TEST_STEP][PASSED] - setText: Text 'outlieroffal' is set on object 'Object Repository/Backoffice/Clients/Registration/input_username'

2018-10-12 13:41:54 - [MESSAGE][PASSED] - Text 'outlieroffal' is set on object 'Object Repository/Backoffice/Clients/Registration/input_username'

2018-10-12 13:41:54 - [TEST_STEP][PASSED] - setText: Text '123123' is set on object 'Object Repository/Backoffice/Clients/Registration/input_password'

2018-10-12 13:41:54 - [MESSAGE][PASSED] - Text '123123' is set on object 'Object Repository/Backoffice/Clients/Registration/input_password'

2018-10-12 13:41:54 - [TEST_STEP][PASSED] - setText: Text '123123' is set on object 'Object Repository/Backoffice/Clients/Registration/input_confirmp'

2018-10-12 13:41:54 - [MESSAGE][PASSED] - Text '123123' is set on object 'Object Repository/Backoffice/Clients/Registration/input_confirmp'

2018-10-12 13:41:54 - [TEST_STEP][PASSED] - selectOptionByValue: All options with value 'test' are selected in object 'Object Repository/Backoffice/Clients/Registration/select_operatorcode' 

2018-10-12 13:41:54 - [MESSAGE][PASSED] - All options with value 'test' are selected in object 'Object Repository/Backoffice/Clients/Registration/select_operatorcode' 

2018-10-12 13:41:54 - [TEST_STEP][PASSED] - selectOptionByValue: All options with value '1' are selected in object 'Object Repository/Backoffice/Clients/Registration/select_status' 

2018-10-12 13:41:55 - [MESSAGE][PASSED] - All options with value '1' are selected in object 'Object Repository/Backoffice/Clients/Registration/select_status' 

2018-10-12 13:41:55 - [TEST_STEP][PASSED] - delay: Delayed 2 second(s)

2018-10-12 13:41:57 - [MESSAGE][PASSED] - Delayed 2 second(s)

2018-10-12 13:41:57 - [TEST_STEP][PASSED] - click: Object: 'Object Repository/Backoffice/Clients/Registration/button_Submit' is clicked on

2018-10-12 13:41:58 - [MESSAGE][PASSED] - Object: 'Object Repository/Backoffice/Clients/Registration/button_Submit' is clicked on

2018-10-12 13:41:58 - [TEST_STEP][PASSED] - delay: Delayed 2 second(s)

2018-10-12 13:42:00 - [MESSAGE][PASSED] - Delayed 2 second(s)]]></system-out>
         <system-err><![CDATA[]]></system-err>
      </testcase>
      <testcase name="Test Cases/Backoffice/RegisterAccount" classname="Test Cases/Backoffice/RegisterAccount" status="PASSED">
         <system-out><![CDATA[2018-10-12 13:42:00 - [TEST_CASE][PASSED] - Test Cases/Backoffice/RegisterAccount: Test Cases/Backoffice/RegisterAccount

2018-10-12 13:42:00 - [TEST_STEP][PASSED] - focus: Object: 'Object Repository/Backoffice/Clients/Clients' is focused

2018-10-12 13:42:00 - [MESSAGE][PASSED] - Object: 'Object Repository/Backoffice/Clients/Clients' is focused

2018-10-12 13:42:00 - [TEST_STEP][PASSED] - verifyElementPresent: Object 'Object Repository/Backoffice/Clients/Client Registration' is present

2018-10-12 13:42:00 - [MESSAGE][PASSED] - Object 'Object Repository/Backoffice/Clients/Client Registration' is present

2018-10-12 13:42:00 - [TEST_STEP][PASSED] - click: Object: 'Object Repository/Backoffice/Clients/Client Registration' is clicked on

2018-10-12 13:42:01 - [MESSAGE][PASSED] - Object: 'Object Repository/Backoffice/Clients/Client Registration' is clicked on

2018-10-12 13:42:01 - [TEST_STEP][PASSED] - setText: Text 'openedobserve' is set on object 'Object Repository/Backoffice/Clients/Registration/input_username'

2018-10-12 13:42:01 - [MESSAGE][PASSED] - Text 'openedobserve' is set on object 'Object Repository/Backoffice/Clients/Registration/input_username'

2018-10-12 13:42:01 - [TEST_STEP][PASSED] - setText: Text '123123' is set on object 'Object Repository/Backoffice/Clients/Registration/input_password'

2018-10-12 13:42:01 - [MESSAGE][PASSED] - Text '123123' is set on object 'Object Repository/Backoffice/Clients/Registration/input_password'

2018-10-12 13:42:01 - [TEST_STEP][PASSED] - setText: Text '123123' is set on object 'Object Repository/Backoffice/Clients/Registration/input_confirmp'

2018-10-12 13:42:01 - [MESSAGE][PASSED] - Text '123123' is set on object 'Object Repository/Backoffice/Clients/Registration/input_confirmp'

2018-10-12 13:42:01 - [TEST_STEP][PASSED] - selectOptionByValue: All options with value 'test' are selected in object 'Object Repository/Backoffice/Clients/Registration/select_operatorcode' 

2018-10-12 13:42:01 - [MESSAGE][PASSED] - All options with value 'test' are selected in object 'Object Repository/Backoffice/Clients/Registration/select_operatorcode' 

2018-10-12 13:42:01 - [TEST_STEP][PASSED] - selectOptionByValue: All options with value '1' are selected in object 'Object Repository/Backoffice/Clients/Registration/select_status' 

2018-10-12 13:42:01 - [MESSAGE][PASSED] - All options with value '1' are selected in object 'Object Repository/Backoffice/Clients/Registration/select_status' 

2018-10-12 13:42:01 - [TEST_STEP][PASSED] - delay: Delayed 2 second(s)

2018-10-12 13:42:03 - [MESSAGE][PASSED] - Delayed 2 second(s)

2018-10-12 13:42:03 - [TEST_STEP][PASSED] - click: Object: 'Object Repository/Backoffice/Clients/Registration/button_Submit' is clicked on

2018-10-12 13:42:04 - [MESSAGE][PASSED] - Object: 'Object Repository/Backoffice/Clients/Registration/button_Submit' is clicked on

2018-10-12 13:42:04 - [TEST_STEP][PASSED] - delay: Delayed 2 second(s)

2018-10-12 13:42:06 - [MESSAGE][PASSED] - Delayed 2 second(s)]]></system-out>
         <system-err><![CDATA[]]></system-err>
      </testcase>
      <testcase name="Test Cases/Backoffice/RegisterAccount" classname="Test Cases/Backoffice/RegisterAccount" status="PASSED">
         <system-out><![CDATA[2018-10-12 13:42:06 - [TEST_CASE][PASSED] - Test Cases/Backoffice/RegisterAccount: Test Cases/Backoffice/RegisterAccount

2018-10-12 13:42:06 - [TEST_STEP][PASSED] - focus: Object: 'Object Repository/Backoffice/Clients/Clients' is focused

2018-10-12 13:42:06 - [MESSAGE][PASSED] - Object: 'Object Repository/Backoffice/Clients/Clients' is focused

2018-10-12 13:42:06 - [TEST_STEP][PASSED] - verifyElementPresent: Object 'Object Repository/Backoffice/Clients/Client Registration' is present

2018-10-12 13:42:06 - [MESSAGE][PASSED] - Object 'Object Repository/Backoffice/Clients/Client Registration' is present

2018-10-12 13:42:06 - [TEST_STEP][PASSED] - click: Object: 'Object Repository/Backoffice/Clients/Client Registration' is clicked on

2018-10-12 13:42:07 - [MESSAGE][PASSED] - Object: 'Object Repository/Backoffice/Clients/Client Registration' is clicked on

2018-10-12 13:42:07 - [TEST_STEP][PASSED] - setText: Text 'outlyingoutput' is set on object 'Object Repository/Backoffice/Clients/Registration/input_username'

2018-10-12 13:42:07 - [MESSAGE][PASSED] - Text 'outlyingoutput' is set on object 'Object Repository/Backoffice/Clients/Registration/input_username'

2018-10-12 13:42:07 - [TEST_STEP][PASSED] - setText: Text '123123' is set on object 'Object Repository/Backoffice/Clients/Registration/input_password'

2018-10-12 13:42:07 - [MESSAGE][PASSED] - Text '123123' is set on object 'Object Repository/Backoffice/Clients/Registration/input_password'

2018-10-12 13:42:07 - [TEST_STEP][PASSED] - setText: Text '123123' is set on object 'Object Repository/Backoffice/Clients/Registration/input_confirmp'

2018-10-12 13:42:07 - [MESSAGE][PASSED] - Text '123123' is set on object 'Object Repository/Backoffice/Clients/Registration/input_confirmp'

2018-10-12 13:42:07 - [TEST_STEP][PASSED] - selectOptionByValue: All options with value 'test' are selected in object 'Object Repository/Backoffice/Clients/Registration/select_operatorcode' 

2018-10-12 13:42:07 - [MESSAGE][PASSED] - All options with value 'test' are selected in object 'Object Repository/Backoffice/Clients/Registration/select_operatorcode' 

2018-10-12 13:42:07 - [TEST_STEP][PASSED] - selectOptionByValue: All options with value '1' are selected in object 'Object Repository/Backoffice/Clients/Registration/select_status' 

2018-10-12 13:42:08 - [MESSAGE][PASSED] - All options with value '1' are selected in object 'Object Repository/Backoffice/Clients/Registration/select_status' 

2018-10-12 13:42:08 - [TEST_STEP][PASSED] - delay: Delayed 2 second(s)

2018-10-12 13:42:10 - [MESSAGE][PASSED] - Delayed 2 second(s)

2018-10-12 13:42:10 - [TEST_STEP][PASSED] - click: Object: 'Object Repository/Backoffice/Clients/Registration/button_Submit' is clicked on

2018-10-12 13:42:10 - [MESSAGE][PASSED] - Object: 'Object Repository/Backoffice/Clients/Registration/button_Submit' is clicked on

2018-10-12 13:42:10 - [TEST_STEP][PASSED] - delay: Delayed 2 second(s)

2018-10-12 13:42:12 - [MESSAGE][PASSED] - Delayed 2 second(s)]]></system-out>
         <system-err><![CDATA[]]></system-err>
      </testcase>
      <testcase name="Test Cases/Backoffice/RegisterAccount" classname="Test Cases/Backoffice/RegisterAccount" status="PASSED">
         <system-out><![CDATA[2018-10-12 13:42:12 - [TEST_CASE][PASSED] - Test Cases/Backoffice/RegisterAccount: Test Cases/Backoffice/RegisterAccount

2018-10-12 13:42:12 - [TEST_STEP][PASSED] - focus: Object: 'Object Repository/Backoffice/Clients/Clients' is focused

2018-10-12 13:42:12 - [MESSAGE][PASSED] - Object: 'Object Repository/Backoffice/Clients/Clients' is focused

2018-10-12 13:42:12 - [TEST_STEP][PASSED] - verifyElementPresent: Object 'Object Repository/Backoffice/Clients/Client Registration' is present

2018-10-12 13:42:12 - [MESSAGE][PASSED] - Object 'Object Repository/Backoffice/Clients/Client Registration' is present

2018-10-12 13:42:12 - [TEST_STEP][PASSED] - click: Object: 'Object Repository/Backoffice/Clients/Client Registration' is clicked on

2018-10-12 13:42:13 - [MESSAGE][PASSED] - Object: 'Object Repository/Backoffice/Clients/Client Registration' is clicked on

2018-10-12 13:42:13 - [TEST_STEP][PASSED] - setText: Text 'orientaloperate' is set on object 'Object Repository/Backoffice/Clients/Registration/input_username'

2018-10-12 13:42:13 - [MESSAGE][PASSED] - Text 'orientaloperate' is set on object 'Object Repository/Backoffice/Clients/Registration/input_username'

2018-10-12 13:42:13 - [TEST_STEP][PASSED] - setText: Text '123123' is set on object 'Object Repository/Backoffice/Clients/Registration/input_password'

2018-10-12 13:42:13 - [MESSAGE][PASSED] - Text '123123' is set on object 'Object Repository/Backoffice/Clients/Registration/input_password'

2018-10-12 13:42:13 - [TEST_STEP][PASSED] - setText: Text '123123' is set on object 'Object Repository/Backoffice/Clients/Registration/input_confirmp'

2018-10-12 13:42:13 - [MESSAGE][PASSED] - Text '123123' is set on object 'Object Repository/Backoffice/Clients/Registration/input_confirmp'

2018-10-12 13:42:13 - [TEST_STEP][PASSED] - selectOptionByValue: All options with value 'test' are selected in object 'Object Repository/Backoffice/Clients/Registration/select_operatorcode' 

2018-10-12 13:42:14 - [MESSAGE][PASSED] - All options with value 'test' are selected in object 'Object Repository/Backoffice/Clients/Registration/select_operatorcode' 

2018-10-12 13:42:14 - [TEST_STEP][PASSED] - selectOptionByValue: All options with value '1' are selected in object 'Object Repository/Backoffice/Clients/Registration/select_status' 

2018-10-12 13:42:14 - [MESSAGE][PASSED] - All options with value '1' are selected in object 'Object Repository/Backoffice/Clients/Registration/select_status' 

2018-10-12 13:42:14 - [TEST_STEP][PASSED] - delay: Delayed 2 second(s)

2018-10-12 13:42:16 - [MESSAGE][PASSED] - Delayed 2 second(s)

2018-10-12 13:42:16 - [TEST_STEP][PASSED] - click: Object: 'Object Repository/Backoffice/Clients/Registration/button_Submit' is clicked on

2018-10-12 13:42:16 - [MESSAGE][PASSED] - Object: 'Object Repository/Backoffice/Clients/Registration/button_Submit' is clicked on

2018-10-12 13:42:16 - [TEST_STEP][PASSED] - delay: Delayed 2 second(s)

2018-10-12 13:42:18 - [MESSAGE][PASSED] - Delayed 2 second(s)]]></system-out>
         <system-err><![CDATA[]]></system-err>
      </testcase>
      <testcase name="Test Cases/Backoffice/RegisterAccount" classname="Test Cases/Backoffice/RegisterAccount" status="PASSED">
         <system-out><![CDATA[2018-10-12 13:42:18 - [TEST_CASE][PASSED] - Test Cases/Backoffice/RegisterAccount: Test Cases/Backoffice/RegisterAccount

2018-10-12 13:42:18 - [TEST_STEP][PASSED] - focus: Object: 'Object Repository/Backoffice/Clients/Clients' is focused

2018-10-12 13:42:19 - [MESSAGE][PASSED] - Object: 'Object Repository/Backoffice/Clients/Clients' is focused

2018-10-12 13:42:19 - [TEST_STEP][PASSED] - verifyElementPresent: Object 'Object Repository/Backoffice/Clients/Client Registration' is present

2018-10-12 13:42:19 - [MESSAGE][PASSED] - Object 'Object Repository/Backoffice/Clients/Client Registration' is present

2018-10-12 13:42:19 - [TEST_STEP][PASSED] - click: Object: 'Object Repository/Backoffice/Clients/Client Registration' is clicked on

2018-10-12 13:42:19 - [MESSAGE][PASSED] - Object: 'Object Repository/Backoffice/Clients/Client Registration' is clicked on

2018-10-12 13:42:19 - [TEST_STEP][PASSED] - setText: Text 'outlineok' is set on object 'Object Repository/Backoffice/Clients/Registration/input_username'

2018-10-12 13:42:19 - [MESSAGE][PASSED] - Text 'outlineok' is set on object 'Object Repository/Backoffice/Clients/Registration/input_username'

2018-10-12 13:42:19 - [TEST_STEP][PASSED] - setText: Text '123123' is set on object 'Object Repository/Backoffice/Clients/Registration/input_password'

2018-10-12 13:42:19 - [MESSAGE][PASSED] - Text '123123' is set on object 'Object Repository/Backoffice/Clients/Registration/input_password'

2018-10-12 13:42:19 - [TEST_STEP][PASSED] - setText: Text '123123' is set on object 'Object Repository/Backoffice/Clients/Registration/input_confirmp'

2018-10-12 13:42:20 - [MESSAGE][PASSED] - Text '123123' is set on object 'Object Repository/Backoffice/Clients/Registration/input_confirmp'

2018-10-12 13:42:20 - [TEST_STEP][PASSED] - selectOptionByValue: All options with value 'test' are selected in object 'Object Repository/Backoffice/Clients/Registration/select_operatorcode' 

2018-10-12 13:42:20 - [MESSAGE][PASSED] - All options with value 'test' are selected in object 'Object Repository/Backoffice/Clients/Registration/select_operatorcode' 

2018-10-12 13:42:20 - [TEST_STEP][PASSED] - selectOptionByValue: All options with value '1' are selected in object 'Object Repository/Backoffice/Clients/Registration/select_status' 

2018-10-12 13:42:20 - [MESSAGE][PASSED] - All options with value '1' are selected in object 'Object Repository/Backoffice/Clients/Registration/select_status' 

2018-10-12 13:42:20 - [TEST_STEP][PASSED] - delay: Delayed 2 second(s)

2018-10-12 13:42:22 - [MESSAGE][PASSED] - Delayed 2 second(s)

2018-10-12 13:42:22 - [TEST_STEP][PASSED] - click: Object: 'Object Repository/Backoffice/Clients/Registration/button_Submit' is clicked on

2018-10-12 13:42:23 - [MESSAGE][PASSED] - Object: 'Object Repository/Backoffice/Clients/Registration/button_Submit' is clicked on

2018-10-12 13:42:23 - [TEST_STEP][PASSED] - delay: Delayed 2 second(s)

2018-10-12 13:42:25 - [MESSAGE][PASSED] - Delayed 2 second(s)]]></system-out>
         <system-err><![CDATA[]]></system-err>
      </testcase>
      <testcase name="Test Cases/Backoffice/RegisterAccount" classname="Test Cases/Backoffice/RegisterAccount" status="PASSED">
         <system-out><![CDATA[2018-10-12 13:42:25 - [TEST_CASE][PASSED] - Test Cases/Backoffice/RegisterAccount: Test Cases/Backoffice/RegisterAccount

2018-10-12 13:42:25 - [TEST_STEP][PASSED] - focus: Object: 'Object Repository/Backoffice/Clients/Clients' is focused

2018-10-12 13:42:25 - [MESSAGE][PASSED] - Object: 'Object Repository/Backoffice/Clients/Clients' is focused

2018-10-12 13:42:25 - [TEST_STEP][PASSED] - verifyElementPresent: Object 'Object Repository/Backoffice/Clients/Client Registration' is present

2018-10-12 13:42:25 - [MESSAGE][PASSED] - Object 'Object Repository/Backoffice/Clients/Client Registration' is present

2018-10-12 13:42:25 - [TEST_STEP][PASSED] - click: Object: 'Object Repository/Backoffice/Clients/Client Registration' is clicked on

2018-10-12 13:42:26 - [MESSAGE][PASSED] - Object: 'Object Repository/Backoffice/Clients/Client Registration' is clicked on

2018-10-12 13:42:26 - [TEST_STEP][PASSED] - setText: Text 'opisthenaroptions' is set on object 'Object Repository/Backoffice/Clients/Registration/input_username'

2018-10-12 13:42:26 - [MESSAGE][PASSED] - Text 'opisthenaroptions' is set on object 'Object Repository/Backoffice/Clients/Registration/input_username'

2018-10-12 13:42:26 - [TEST_STEP][PASSED] - setText: Text '123123' is set on object 'Object Repository/Backoffice/Clients/Registration/input_password'

2018-10-12 13:42:26 - [MESSAGE][PASSED] - Text '123123' is set on object 'Object Repository/Backoffice/Clients/Registration/input_password'

2018-10-12 13:42:26 - [TEST_STEP][PASSED] - setText: Text '123123' is set on object 'Object Repository/Backoffice/Clients/Registration/input_confirmp'

2018-10-12 13:42:26 - [MESSAGE][PASSED] - Text '123123' is set on object 'Object Repository/Backoffice/Clients/Registration/input_confirmp'

2018-10-12 13:42:26 - [TEST_STEP][PASSED] - selectOptionByValue: All options with value 'test' are selected in object 'Object Repository/Backoffice/Clients/Registration/select_operatorcode' 

2018-10-12 13:42:26 - [MESSAGE][PASSED] - All options with value 'test' are selected in object 'Object Repository/Backoffice/Clients/Registration/select_operatorcode' 

2018-10-12 13:42:26 - [TEST_STEP][PASSED] - selectOptionByValue: All options with value '1' are selected in object 'Object Repository/Backoffice/Clients/Registration/select_status' 

2018-10-12 13:42:26 - [MESSAGE][PASSED] - All options with value '1' are selected in object 'Object Repository/Backoffice/Clients/Registration/select_status' 

2018-10-12 13:42:26 - [TEST_STEP][PASSED] - delay: Delayed 2 second(s)

2018-10-12 13:42:28 - [MESSAGE][PASSED] - Delayed 2 second(s)

2018-10-12 13:42:28 - [TEST_STEP][PASSED] - click: Object: 'Object Repository/Backoffice/Clients/Registration/button_Submit' is clicked on

2018-10-12 13:42:29 - [MESSAGE][PASSED] - Object: 'Object Repository/Backoffice/Clients/Registration/button_Submit' is clicked on

2018-10-12 13:42:29 - [TEST_STEP][PASSED] - delay: Delayed 2 second(s)

2018-10-12 13:42:31 - [MESSAGE][PASSED] - Delayed 2 second(s)]]></system-out>
         <system-err><![CDATA[]]></system-err>
      </testcase>
      <testcase name="Test Cases/Backoffice/RegisterAccount" classname="Test Cases/Backoffice/RegisterAccount" status="PASSED">
         <system-out><![CDATA[2018-10-12 13:42:31 - [TEST_CASE][PASSED] - Test Cases/Backoffice/RegisterAccount: Test Cases/Backoffice/RegisterAccount

2018-10-12 13:42:31 - [TEST_STEP][PASSED] - focus: Object: 'Object Repository/Backoffice/Clients/Clients' is focused

2018-10-12 13:42:31 - [MESSAGE][PASSED] - Object: 'Object Repository/Backoffice/Clients/Clients' is focused

2018-10-12 13:42:31 - [TEST_STEP][PASSED] - verifyElementPresent: Object 'Object Repository/Backoffice/Clients/Client Registration' is present

2018-10-12 13:42:31 - [MESSAGE][PASSED] - Object 'Object Repository/Backoffice/Clients/Client Registration' is present

2018-10-12 13:42:31 - [TEST_STEP][PASSED] - click: Object: 'Object Repository/Backoffice/Clients/Client Registration' is clicked on

2018-10-12 13:42:32 - [MESSAGE][PASSED] - Object: 'Object Repository/Backoffice/Clients/Client Registration' is clicked on

2018-10-12 13:42:32 - [TEST_STEP][PASSED] - setText: Text 'openglopengl' is set on object 'Object Repository/Backoffice/Clients/Registration/input_username'

2018-10-12 13:42:32 - [MESSAGE][PASSED] - Text 'openglopengl' is set on object 'Object Repository/Backoffice/Clients/Registration/input_username'

2018-10-12 13:42:32 - [TEST_STEP][PASSED] - setText: Text '123123' is set on object 'Object Repository/Backoffice/Clients/Registration/input_password'

2018-10-12 13:42:32 - [MESSAGE][PASSED] - Text '123123' is set on object 'Object Repository/Backoffice/Clients/Registration/input_password'

2018-10-12 13:42:32 - [TEST_STEP][PASSED] - setText: Text '123123' is set on object 'Object Repository/Backoffice/Clients/Registration/input_confirmp'

2018-10-12 13:42:32 - [MESSAGE][PASSED] - Text '123123' is set on object 'Object Repository/Backoffice/Clients/Registration/input_confirmp'

2018-10-12 13:42:32 - [TEST_STEP][PASSED] - selectOptionByValue: All options with value 'test' are selected in object 'Object Repository/Backoffice/Clients/Registration/select_operatorcode' 

2018-10-12 13:42:32 - [MESSAGE][PASSED] - All options with value 'test' are selected in object 'Object Repository/Backoffice/Clients/Registration/select_operatorcode' 

2018-10-12 13:42:32 - [TEST_STEP][PASSED] - selectOptionByValue: All options with value '1' are selected in object 'Object Repository/Backoffice/Clients/Registration/select_status' 

2018-10-12 13:42:33 - [MESSAGE][PASSED] - All options with value '1' are selected in object 'Object Repository/Backoffice/Clients/Registration/select_status' 

2018-10-12 13:42:33 - [TEST_STEP][PASSED] - delay: Delayed 2 second(s)

2018-10-12 13:42:35 - [MESSAGE][PASSED] - Delayed 2 second(s)

2018-10-12 13:42:35 - [TEST_STEP][PASSED] - click: Object: 'Object Repository/Backoffice/Clients/Registration/button_Submit' is clicked on

2018-10-12 13:42:35 - [MESSAGE][PASSED] - Object: 'Object Repository/Backoffice/Clients/Registration/button_Submit' is clicked on

2018-10-12 13:42:35 - [TEST_STEP][PASSED] - delay: Delayed 2 second(s)

2018-10-12 13:42:37 - [MESSAGE][PASSED] - Delayed 2 second(s)]]></system-out>
         <system-err><![CDATA[]]></system-err>
      </testcase>
      <testcase name="Test Cases/Backoffice/RegisterAccount" classname="Test Cases/Backoffice/RegisterAccount" status="PASSED">
         <system-out><![CDATA[2018-10-12 13:42:37 - [TEST_CASE][PASSED] - Test Cases/Backoffice/RegisterAccount: Test Cases/Backoffice/RegisterAccount

2018-10-12 13:42:37 - [TEST_STEP][PASSED] - focus: Object: 'Object Repository/Backoffice/Clients/Clients' is focused

2018-10-12 13:42:38 - [MESSAGE][PASSED] - Object: 'Object Repository/Backoffice/Clients/Clients' is focused

2018-10-12 13:42:38 - [TEST_STEP][PASSED] - verifyElementPresent: Object 'Object Repository/Backoffice/Clients/Client Registration' is present

2018-10-12 13:42:38 - [MESSAGE][PASSED] - Object 'Object Repository/Backoffice/Clients/Client Registration' is present

2018-10-12 13:42:38 - [TEST_STEP][PASSED] - click: Object: 'Object Repository/Backoffice/Clients/Client Registration' is clicked on

2018-10-12 13:42:38 - [MESSAGE][PASSED] - Object: 'Object Repository/Backoffice/Clients/Client Registration' is clicked on

2018-10-12 13:42:38 - [TEST_STEP][PASSED] - setText: Text 'obeisanceover' is set on object 'Object Repository/Backoffice/Clients/Registration/input_username'

2018-10-12 13:42:38 - [MESSAGE][PASSED] - Text 'obeisanceover' is set on object 'Object Repository/Backoffice/Clients/Registration/input_username'

2018-10-12 13:42:38 - [TEST_STEP][PASSED] - setText: Text '123123' is set on object 'Object Repository/Backoffice/Clients/Registration/input_password'

2018-10-12 13:42:38 - [MESSAGE][PASSED] - Text '123123' is set on object 'Object Repository/Backoffice/Clients/Registration/input_password'

2018-10-12 13:42:38 - [TEST_STEP][PASSED] - setText: Text '123123' is set on object 'Object Repository/Backoffice/Clients/Registration/input_confirmp'

2018-10-12 13:42:38 - [MESSAGE][PASSED] - Text '123123' is set on object 'Object Repository/Backoffice/Clients/Registration/input_confirmp'

2018-10-12 13:42:38 - [TEST_STEP][PASSED] - selectOptionByValue: All options with value 'test' are selected in object 'Object Repository/Backoffice/Clients/Registration/select_operatorcode' 

2018-10-12 13:42:39 - [MESSAGE][PASSED] - All options with value 'test' are selected in object 'Object Repository/Backoffice/Clients/Registration/select_operatorcode' 

2018-10-12 13:42:39 - [TEST_STEP][PASSED] - selectOptionByValue: All options with value '1' are selected in object 'Object Repository/Backoffice/Clients/Registration/select_status' 

2018-10-12 13:42:39 - [MESSAGE][PASSED] - All options with value '1' are selected in object 'Object Repository/Backoffice/Clients/Registration/select_status' 

2018-10-12 13:42:39 - [TEST_STEP][PASSED] - delay: Delayed 2 second(s)

2018-10-12 13:42:41 - [MESSAGE][PASSED] - Delayed 2 second(s)

2018-10-12 13:42:41 - [TEST_STEP][PASSED] - click: Object: 'Object Repository/Backoffice/Clients/Registration/button_Submit' is clicked on

2018-10-12 13:42:42 - [MESSAGE][PASSED] - Object: 'Object Repository/Backoffice/Clients/Registration/button_Submit' is clicked on

2018-10-12 13:42:42 - [TEST_STEP][PASSED] - delay: Delayed 2 second(s)

2018-10-12 13:42:44 - [MESSAGE][PASSED] - Delayed 2 second(s)]]></system-out>
         <system-err><![CDATA[]]></system-err>
      </testcase>
      <testcase name="Test Cases/Backoffice/RegisterAccount" classname="Test Cases/Backoffice/RegisterAccount" status="PASSED">
         <system-out><![CDATA[2018-10-12 13:42:44 - [TEST_CASE][PASSED] - Test Cases/Backoffice/RegisterAccount: Test Cases/Backoffice/RegisterAccount

2018-10-12 13:42:44 - [TEST_STEP][PASSED] - focus: Object: 'Object Repository/Backoffice/Clients/Clients' is focused

2018-10-12 13:42:44 - [MESSAGE][PASSED] - Object: 'Object Repository/Backoffice/Clients/Clients' is focused

2018-10-12 13:42:44 - [TEST_STEP][PASSED] - verifyElementPresent: Object 'Object Repository/Backoffice/Clients/Client Registration' is present

2018-10-12 13:42:44 - [MESSAGE][PASSED] - Object 'Object Repository/Backoffice/Clients/Client Registration' is present

2018-10-12 13:42:44 - [TEST_STEP][PASSED] - click: Object: 'Object Repository/Backoffice/Clients/Client Registration' is clicked on

2018-10-12 13:42:45 - [MESSAGE][PASSED] - Object: 'Object Repository/Backoffice/Clients/Client Registration' is clicked on

2018-10-12 13:42:45 - [TEST_STEP][PASSED] - setText: Text 'oxideoverhead' is set on object 'Object Repository/Backoffice/Clients/Registration/input_username'

2018-10-12 13:42:45 - [MESSAGE][PASSED] - Text 'oxideoverhead' is set on object 'Object Repository/Backoffice/Clients/Registration/input_username'

2018-10-12 13:42:45 - [TEST_STEP][PASSED] - setText: Text '123123' is set on object 'Object Repository/Backoffice/Clients/Registration/input_password'

2018-10-12 13:42:45 - [MESSAGE][PASSED] - Text '123123' is set on object 'Object Repository/Backoffice/Clients/Registration/input_password'

2018-10-12 13:42:45 - [TEST_STEP][PASSED] - setText: Text '123123' is set on object 'Object Repository/Backoffice/Clients/Registration/input_confirmp'

2018-10-12 13:42:45 - [MESSAGE][PASSED] - Text '123123' is set on object 'Object Repository/Backoffice/Clients/Registration/input_confirmp'

2018-10-12 13:42:45 - [TEST_STEP][PASSED] - selectOptionByValue: All options with value 'test' are selected in object 'Object Repository/Backoffice/Clients/Registration/select_operatorcode' 

2018-10-12 13:42:45 - [MESSAGE][PASSED] - All options with value 'test' are selected in object 'Object Repository/Backoffice/Clients/Registration/select_operatorcode' 

2018-10-12 13:42:45 - [TEST_STEP][PASSED] - selectOptionByValue: All options with value '1' are selected in object 'Object Repository/Backoffice/Clients/Registration/select_status' 

2018-10-12 13:42:45 - [MESSAGE][PASSED] - All options with value '1' are selected in object 'Object Repository/Backoffice/Clients/Registration/select_status' 

2018-10-12 13:42:45 - [TEST_STEP][PASSED] - delay: Delayed 2 second(s)

2018-10-12 13:42:47 - [MESSAGE][PASSED] - Delayed 2 second(s)

2018-10-12 13:42:47 - [TEST_STEP][PASSED] - click: Object: 'Object Repository/Backoffice/Clients/Registration/button_Submit' is clicked on

2018-10-12 13:42:48 - [MESSAGE][PASSED] - Object: 'Object Repository/Backoffice/Clients/Registration/button_Submit' is clicked on

2018-10-12 13:42:48 - [TEST_STEP][PASSED] - delay: Delayed 2 second(s)

2018-10-12 13:42:50 - [MESSAGE][PASSED] - Delayed 2 second(s)]]></system-out>
         <system-err><![CDATA[]]></system-err>
      </testcase>
      <testcase name="Test Cases/Backoffice/RegisterAccount" classname="Test Cases/Backoffice/RegisterAccount" status="PASSED">
         <system-out><![CDATA[2018-10-12 13:42:50 - [TEST_CASE][PASSED] - Test Cases/Backoffice/RegisterAccount: Test Cases/Backoffice/RegisterAccount

2018-10-12 13:42:50 - [TEST_STEP][PASSED] - focus: Object: 'Object Repository/Backoffice/Clients/Clients' is focused

2018-10-12 13:42:50 - [MESSAGE][PASSED] - Object: 'Object Repository/Backoffice/Clients/Clients' is focused

2018-10-12 13:42:50 - [TEST_STEP][PASSED] - verifyElementPresent: Object 'Object Repository/Backoffice/Clients/Client Registration' is present

2018-10-12 13:42:50 - [MESSAGE][PASSED] - Object 'Object Repository/Backoffice/Clients/Client Registration' is present

2018-10-12 13:42:50 - [TEST_STEP][PASSED] - click: Object: 'Object Repository/Backoffice/Clients/Client Registration' is clicked on

2018-10-12 13:42:51 - [MESSAGE][PASSED] - Object: 'Object Repository/Backoffice/Clients/Client Registration' is clicked on

2018-10-12 13:42:51 - [TEST_STEP][PASSED] - setText: Text 'overratedopen' is set on object 'Object Repository/Backoffice/Clients/Registration/input_username'

2018-10-12 13:42:51 - [MESSAGE][PASSED] - Text 'overratedopen' is set on object 'Object Repository/Backoffice/Clients/Registration/input_username'

2018-10-12 13:42:51 - [TEST_STEP][PASSED] - setText: Text '123123' is set on object 'Object Repository/Backoffice/Clients/Registration/input_password'

2018-10-12 13:42:51 - [MESSAGE][PASSED] - Text '123123' is set on object 'Object Repository/Backoffice/Clients/Registration/input_password'

2018-10-12 13:42:51 - [TEST_STEP][PASSED] - setText: Text '123123' is set on object 'Object Repository/Backoffice/Clients/Registration/input_confirmp'

2018-10-12 13:42:51 - [MESSAGE][PASSED] - Text '123123' is set on object 'Object Repository/Backoffice/Clients/Registration/input_confirmp'

2018-10-12 13:42:51 - [TEST_STEP][PASSED] - selectOptionByValue: All options with value 'test' are selected in object 'Object Repository/Backoffice/Clients/Registration/select_operatorcode' 

2018-10-12 13:42:51 - [MESSAGE][PASSED] - All options with value 'test' are selected in object 'Object Repository/Backoffice/Clients/Registration/select_operatorcode' 

2018-10-12 13:42:51 - [TEST_STEP][PASSED] - selectOptionByValue: All options with value '1' are selected in object 'Object Repository/Backoffice/Clients/Registration/select_status' 

2018-10-12 13:42:51 - [MESSAGE][PASSED] - All options with value '1' are selected in object 'Object Repository/Backoffice/Clients/Registration/select_status' 

2018-10-12 13:42:51 - [TEST_STEP][PASSED] - delay: Delayed 2 second(s)

2018-10-12 13:42:53 - [MESSAGE][PASSED] - Delayed 2 second(s)

2018-10-12 13:42:53 - [TEST_STEP][PASSED] - click: Object: 'Object Repository/Backoffice/Clients/Registration/button_Submit' is clicked on

2018-10-12 13:42:54 - [MESSAGE][PASSED] - Object: 'Object Repository/Backoffice/Clients/Registration/button_Submit' is clicked on

2018-10-12 13:42:54 - [TEST_STEP][PASSED] - delay: Delayed 2 second(s)

2018-10-12 13:42:56 - [MESSAGE][PASSED] - Delayed 2 second(s)]]></system-out>
         <system-err><![CDATA[]]></system-err>
      </testcase>
      <testcase name="Test Cases/Backoffice/RegisterAccount" classname="Test Cases/Backoffice/RegisterAccount" status="PASSED">
         <system-out><![CDATA[2018-10-12 13:42:56 - [TEST_CASE][PASSED] - Test Cases/Backoffice/RegisterAccount: Test Cases/Backoffice/RegisterAccount

2018-10-12 13:42:56 - [TEST_STEP][PASSED] - focus: Object: 'Object Repository/Backoffice/Clients/Clients' is focused

2018-10-12 13:42:56 - [MESSAGE][PASSED] - Object: 'Object Repository/Backoffice/Clients/Clients' is focused

2018-10-12 13:42:56 - [TEST_STEP][PASSED] - verifyElementPresent: Object 'Object Repository/Backoffice/Clients/Client Registration' is present

2018-10-12 13:42:56 - [MESSAGE][PASSED] - Object 'Object Repository/Backoffice/Clients/Client Registration' is present

2018-10-12 13:42:56 - [TEST_STEP][PASSED] - click: Object: 'Object Repository/Backoffice/Clients/Client Registration' is clicked on

2018-10-12 13:42:57 - [MESSAGE][PASSED] - Object: 'Object Repository/Backoffice/Clients/Client Registration' is clicked on

2018-10-12 13:42:57 - [TEST_STEP][PASSED] - setText: Text 'offaloutsiders' is set on object 'Object Repository/Backoffice/Clients/Registration/input_username'

2018-10-12 13:42:57 - [MESSAGE][PASSED] - Text 'offaloutsiders' is set on object 'Object Repository/Backoffice/Clients/Registration/input_username'

2018-10-12 13:42:57 - [TEST_STEP][PASSED] - setText: Text '123123' is set on object 'Object Repository/Backoffice/Clients/Registration/input_password'

2018-10-12 13:42:57 - [MESSAGE][PASSED] - Text '123123' is set on object 'Object Repository/Backoffice/Clients/Registration/input_password'

2018-10-12 13:42:57 - [TEST_STEP][PASSED] - setText: Text '123123' is set on object 'Object Repository/Backoffice/Clients/Registration/input_confirmp'

2018-10-12 13:42:57 - [MESSAGE][PASSED] - Text '123123' is set on object 'Object Repository/Backoffice/Clients/Registration/input_confirmp'

2018-10-12 13:42:57 - [TEST_STEP][PASSED] - selectOptionByValue: All options with value 'test' are selected in object 'Object Repository/Backoffice/Clients/Registration/select_operatorcode' 

2018-10-12 13:42:57 - [MESSAGE][PASSED] - All options with value 'test' are selected in object 'Object Repository/Backoffice/Clients/Registration/select_operatorcode' 

2018-10-12 13:42:57 - [TEST_STEP][PASSED] - selectOptionByValue: All options with value '1' are selected in object 'Object Repository/Backoffice/Clients/Registration/select_status' 

2018-10-12 13:42:57 - [MESSAGE][PASSED] - All options with value '1' are selected in object 'Object Repository/Backoffice/Clients/Registration/select_status' 

2018-10-12 13:42:57 - [TEST_STEP][PASSED] - delay: Delayed 2 second(s)

2018-10-12 13:42:59 - [MESSAGE][PASSED] - Delayed 2 second(s)

2018-10-12 13:42:59 - [TEST_STEP][PASSED] - click: Object: 'Object Repository/Backoffice/Clients/Registration/button_Submit' is clicked on

2018-10-12 13:43:00 - [MESSAGE][PASSED] - Object: 'Object Repository/Backoffice/Clients/Registration/button_Submit' is clicked on

2018-10-12 13:43:00 - [TEST_STEP][PASSED] - delay: Delayed 2 second(s)

2018-10-12 13:43:02 - [MESSAGE][PASSED] - Delayed 2 second(s)]]></system-out>
         <system-err><![CDATA[]]></system-err>
      </testcase>
      <testcase name="Test Cases/Backoffice/RegisterAccount" classname="Test Cases/Backoffice/RegisterAccount" status="PASSED">
         <system-out><![CDATA[2018-10-12 13:43:02 - [TEST_CASE][PASSED] - Test Cases/Backoffice/RegisterAccount: Test Cases/Backoffice/RegisterAccount

2018-10-12 13:43:02 - [TEST_STEP][PASSED] - focus: Object: 'Object Repository/Backoffice/Clients/Clients' is focused

2018-10-12 13:43:02 - [MESSAGE][PASSED] - Object: 'Object Repository/Backoffice/Clients/Clients' is focused

2018-10-12 13:43:02 - [TEST_STEP][PASSED] - verifyElementPresent: Object 'Object Repository/Backoffice/Clients/Client Registration' is present

2018-10-12 13:43:02 - [MESSAGE][PASSED] - Object 'Object Repository/Backoffice/Clients/Client Registration' is present

2018-10-12 13:43:02 - [TEST_STEP][PASSED] - click: Object: 'Object Repository/Backoffice/Clients/Client Registration' is clicked on

2018-10-12 13:43:03 - [MESSAGE][PASSED] - Object: 'Object Repository/Backoffice/Clients/Client Registration' is clicked on

2018-10-12 13:43:03 - [TEST_STEP][PASSED] - setText: Text 'otherwiseodds' is set on object 'Object Repository/Backoffice/Clients/Registration/input_username'

2018-10-12 13:43:03 - [MESSAGE][PASSED] - Text 'otherwiseodds' is set on object 'Object Repository/Backoffice/Clients/Registration/input_username'

2018-10-12 13:43:03 - [TEST_STEP][PASSED] - setText: Text '123123' is set on object 'Object Repository/Backoffice/Clients/Registration/input_password'

2018-10-12 13:43:03 - [MESSAGE][PASSED] - Text '123123' is set on object 'Object Repository/Backoffice/Clients/Registration/input_password'

2018-10-12 13:43:03 - [TEST_STEP][PASSED] - setText: Text '123123' is set on object 'Object Repository/Backoffice/Clients/Registration/input_confirmp'

2018-10-12 13:43:03 - [MESSAGE][PASSED] - Text '123123' is set on object 'Object Repository/Backoffice/Clients/Registration/input_confirmp'

2018-10-12 13:43:03 - [TEST_STEP][PASSED] - selectOptionByValue: All options with value 'test' are selected in object 'Object Repository/Backoffice/Clients/Registration/select_operatorcode' 

2018-10-12 13:43:03 - [MESSAGE][PASSED] - All options with value 'test' are selected in object 'Object Repository/Backoffice/Clients/Registration/select_operatorcode' 

2018-10-12 13:43:03 - [TEST_STEP][PASSED] - selectOptionByValue: All options with value '1' are selected in object 'Object Repository/Backoffice/Clients/Registration/select_status' 

2018-10-12 13:43:04 - [MESSAGE][PASSED] - All options with value '1' are selected in object 'Object Repository/Backoffice/Clients/Registration/select_status' 

2018-10-12 13:43:04 - [TEST_STEP][PASSED] - delay: Delayed 2 second(s)

2018-10-12 13:43:06 - [MESSAGE][PASSED] - Delayed 2 second(s)

2018-10-12 13:43:06 - [TEST_STEP][PASSED] - click: Object: 'Object Repository/Backoffice/Clients/Registration/button_Submit' is clicked on

2018-10-12 13:43:07 - [MESSAGE][PASSED] - Object: 'Object Repository/Backoffice/Clients/Registration/button_Submit' is clicked on

2018-10-12 13:43:07 - [TEST_STEP][PASSED] - delay: Delayed 2 second(s)

2018-10-12 13:43:09 - [MESSAGE][PASSED] - Delayed 2 second(s)]]></system-out>
         <system-err><![CDATA[]]></system-err>
      </testcase>
      <testcase name="Test Cases/Backoffice/RegisterAccount" classname="Test Cases/Backoffice/RegisterAccount" status="PASSED">
         <system-out><![CDATA[2018-10-12 13:43:09 - [TEST_CASE][PASSED] - Test Cases/Backoffice/RegisterAccount: Test Cases/Backoffice/RegisterAccount

2018-10-12 13:43:09 - [TEST_STEP][PASSED] - focus: Object: 'Object Repository/Backoffice/Clients/Clients' is focused

2018-10-12 13:43:09 - [MESSAGE][PASSED] - Object: 'Object Repository/Backoffice/Clients/Clients' is focused

2018-10-12 13:43:09 - [TEST_STEP][PASSED] - verifyElementPresent: Object 'Object Repository/Backoffice/Clients/Client Registration' is present

2018-10-12 13:43:09 - [MESSAGE][PASSED] - Object 'Object Repository/Backoffice/Clients/Client Registration' is present

2018-10-12 13:43:09 - [TEST_STEP][PASSED] - click: Object: 'Object Repository/Backoffice/Clients/Client Registration' is clicked on

2018-10-12 13:43:09 - [MESSAGE][PASSED] - Object: 'Object Repository/Backoffice/Clients/Client Registration' is clicked on

2018-10-12 13:43:09 - [TEST_STEP][PASSED] - setText: Text 'oxobiwan' is set on object 'Object Repository/Backoffice/Clients/Registration/input_username'

2018-10-12 13:43:09 - [MESSAGE][PASSED] - Text 'oxobiwan' is set on object 'Object Repository/Backoffice/Clients/Registration/input_username'

2018-10-12 13:43:09 - [TEST_STEP][PASSED] - setText: Text '123123' is set on object 'Object Repository/Backoffice/Clients/Registration/input_password'

2018-10-12 13:43:09 - [MESSAGE][PASSED] - Text '123123' is set on object 'Object Repository/Backoffice/Clients/Registration/input_password'

2018-10-12 13:43:09 - [TEST_STEP][PASSED] - setText: Text '123123' is set on object 'Object Repository/Backoffice/Clients/Registration/input_confirmp'

2018-10-12 13:43:10 - [MESSAGE][PASSED] - Text '123123' is set on object 'Object Repository/Backoffice/Clients/Registration/input_confirmp'

2018-10-12 13:43:10 - [TEST_STEP][PASSED] - selectOptionByValue: All options with value 'test' are selected in object 'Object Repository/Backoffice/Clients/Registration/select_operatorcode' 

2018-10-12 13:43:10 - [MESSAGE][PASSED] - All options with value 'test' are selected in object 'Object Repository/Backoffice/Clients/Registration/select_operatorcode' 

2018-10-12 13:43:10 - [TEST_STEP][PASSED] - selectOptionByValue: All options with value '1' are selected in object 'Object Repository/Backoffice/Clients/Registration/select_status' 

2018-10-12 13:43:10 - [MESSAGE][PASSED] - All options with value '1' are selected in object 'Object Repository/Backoffice/Clients/Registration/select_status' 

2018-10-12 13:43:10 - [TEST_STEP][PASSED] - delay: Delayed 2 second(s)

2018-10-12 13:43:12 - [MESSAGE][PASSED] - Delayed 2 second(s)

2018-10-12 13:43:12 - [TEST_STEP][PASSED] - click: Object: 'Object Repository/Backoffice/Clients/Registration/button_Submit' is clicked on

2018-10-12 13:43:13 - [MESSAGE][PASSED] - Object: 'Object Repository/Backoffice/Clients/Registration/button_Submit' is clicked on

2018-10-12 13:43:13 - [TEST_STEP][PASSED] - delay: Delayed 2 second(s)

2018-10-12 13:43:15 - [MESSAGE][PASSED] - Delayed 2 second(s)]]></system-out>
         <system-err><![CDATA[]]></system-err>
      </testcase>
      <testcase name="Test Cases/Backoffice/RegisterAccount" classname="Test Cases/Backoffice/RegisterAccount" status="PASSED">
         <system-out><![CDATA[2018-10-12 13:43:15 - [TEST_CASE][PASSED] - Test Cases/Backoffice/RegisterAccount: Test Cases/Backoffice/RegisterAccount

2018-10-12 13:43:15 - [TEST_STEP][PASSED] - focus: Object: 'Object Repository/Backoffice/Clients/Clients' is focused

2018-10-12 13:43:15 - [MESSAGE][PASSED] - Object: 'Object Repository/Backoffice/Clients/Clients' is focused

2018-10-12 13:43:15 - [TEST_STEP][PASSED] - verifyElementPresent: Object 'Object Repository/Backoffice/Clients/Client Registration' is present

2018-10-12 13:43:15 - [MESSAGE][PASSED] - Object 'Object Repository/Backoffice/Clients/Client Registration' is present

2018-10-12 13:43:15 - [TEST_STEP][PASSED] - click: Object: 'Object Repository/Backoffice/Clients/Client Registration' is clicked on

2018-10-12 13:43:16 - [MESSAGE][PASSED] - Object: 'Object Repository/Backoffice/Clients/Client Registration' is clicked on

2018-10-12 13:43:16 - [TEST_STEP][PASSED] - setText: Text 'offensiveoxygen' is set on object 'Object Repository/Backoffice/Clients/Registration/input_username'

2018-10-12 13:43:16 - [MESSAGE][PASSED] - Text 'offensiveoxygen' is set on object 'Object Repository/Backoffice/Clients/Registration/input_username'

2018-10-12 13:43:16 - [TEST_STEP][PASSED] - setText: Text '123123' is set on object 'Object Repository/Backoffice/Clients/Registration/input_password'

2018-10-12 13:43:16 - [MESSAGE][PASSED] - Text '123123' is set on object 'Object Repository/Backoffice/Clients/Registration/input_password'

2018-10-12 13:43:16 - [TEST_STEP][PASSED] - setText: Text '123123' is set on object 'Object Repository/Backoffice/Clients/Registration/input_confirmp'

2018-10-12 13:43:16 - [MESSAGE][PASSED] - Text '123123' is set on object 'Object Repository/Backoffice/Clients/Registration/input_confirmp'

2018-10-12 13:43:16 - [TEST_STEP][PASSED] - selectOptionByValue: All options with value 'test' are selected in object 'Object Repository/Backoffice/Clients/Registration/select_operatorcode' 

2018-10-12 13:43:16 - [MESSAGE][PASSED] - All options with value 'test' are selected in object 'Object Repository/Backoffice/Clients/Registration/select_operatorcode' 

2018-10-12 13:43:16 - [TEST_STEP][PASSED] - selectOptionByValue: All options with value '1' are selected in object 'Object Repository/Backoffice/Clients/Registration/select_status' 

2018-10-12 13:43:16 - [MESSAGE][PASSED] - All options with value '1' are selected in object 'Object Repository/Backoffice/Clients/Registration/select_status' 

2018-10-12 13:43:16 - [TEST_STEP][PASSED] - delay: Delayed 2 second(s)

2018-10-12 13:43:18 - [MESSAGE][PASSED] - Delayed 2 second(s)

2018-10-12 13:43:18 - [TEST_STEP][PASSED] - click: Object: 'Object Repository/Backoffice/Clients/Registration/button_Submit' is clicked on

2018-10-12 13:43:19 - [MESSAGE][PASSED] - Object: 'Object Repository/Backoffice/Clients/Registration/button_Submit' is clicked on

2018-10-12 13:43:19 - [TEST_STEP][PASSED] - delay: Delayed 2 second(s)

2018-10-12 13:43:21 - [MESSAGE][PASSED] - Delayed 2 second(s)]]></system-out>
         <system-err><![CDATA[]]></system-err>
      </testcase>
      <testcase name="Test Cases/Backoffice/RegisterAccount" classname="Test Cases/Backoffice/RegisterAccount" status="PASSED">
         <system-out><![CDATA[2018-10-12 13:43:21 - [TEST_CASE][PASSED] - Test Cases/Backoffice/RegisterAccount: Test Cases/Backoffice/RegisterAccount

2018-10-12 13:43:21 - [TEST_STEP][PASSED] - focus: Object: 'Object Repository/Backoffice/Clients/Clients' is focused

2018-10-12 13:43:21 - [MESSAGE][PASSED] - Object: 'Object Repository/Backoffice/Clients/Clients' is focused

2018-10-12 13:43:21 - [TEST_STEP][PASSED] - verifyElementPresent: Object 'Object Repository/Backoffice/Clients/Client Registration' is present

2018-10-12 13:43:21 - [MESSAGE][PASSED] - Object 'Object Repository/Backoffice/Clients/Client Registration' is present

2018-10-12 13:43:21 - [TEST_STEP][PASSED] - click: Object: 'Object Repository/Backoffice/Clients/Client Registration' is clicked on

2018-10-12 13:43:22 - [MESSAGE][PASSED] - Object: 'Object Repository/Backoffice/Clients/Client Registration' is clicked on

2018-10-12 13:43:22 - [TEST_STEP][PASSED] - setText: Text 'oweosprey' is set on object 'Object Repository/Backoffice/Clients/Registration/input_username'

2018-10-12 13:43:22 - [MESSAGE][PASSED] - Text 'oweosprey' is set on object 'Object Repository/Backoffice/Clients/Registration/input_username'

2018-10-12 13:43:22 - [TEST_STEP][PASSED] - setText: Text '123123' is set on object 'Object Repository/Backoffice/Clients/Registration/input_password'

2018-10-12 13:43:22 - [MESSAGE][PASSED] - Text '123123' is set on object 'Object Repository/Backoffice/Clients/Registration/input_password'

2018-10-12 13:43:22 - [TEST_STEP][PASSED] - setText: Text '123123' is set on object 'Object Repository/Backoffice/Clients/Registration/input_confirmp'

2018-10-12 13:43:22 - [MESSAGE][PASSED] - Text '123123' is set on object 'Object Repository/Backoffice/Clients/Registration/input_confirmp'

2018-10-12 13:43:22 - [TEST_STEP][PASSED] - selectOptionByValue: All options with value 'test' are selected in object 'Object Repository/Backoffice/Clients/Registration/select_operatorcode' 

2018-10-12 13:43:22 - [MESSAGE][PASSED] - All options with value 'test' are selected in object 'Object Repository/Backoffice/Clients/Registration/select_operatorcode' 

2018-10-12 13:43:22 - [TEST_STEP][PASSED] - selectOptionByValue: All options with value '1' are selected in object 'Object Repository/Backoffice/Clients/Registration/select_status' 

2018-10-12 13:43:22 - [MESSAGE][PASSED] - All options with value '1' are selected in object 'Object Repository/Backoffice/Clients/Registration/select_status' 

2018-10-12 13:43:22 - [TEST_STEP][PASSED] - delay: Delayed 2 second(s)

2018-10-12 13:43:24 - [MESSAGE][PASSED] - Delayed 2 second(s)

2018-10-12 13:43:24 - [TEST_STEP][PASSED] - click: Object: 'Object Repository/Backoffice/Clients/Registration/button_Submit' is clicked on

2018-10-12 13:43:25 - [MESSAGE][PASSED] - Object: 'Object Repository/Backoffice/Clients/Registration/button_Submit' is clicked on

2018-10-12 13:43:25 - [TEST_STEP][PASSED] - delay: Delayed 2 second(s)

2018-10-12 13:43:27 - [MESSAGE][PASSED] - Delayed 2 second(s)]]></system-out>
         <system-err><![CDATA[]]></system-err>
      </testcase>
      <testcase name="Test Cases/Backoffice/RegisterAccount" classname="Test Cases/Backoffice/RegisterAccount" status="PASSED">
         <system-out><![CDATA[2018-10-12 13:43:27 - [TEST_CASE][PASSED] - Test Cases/Backoffice/RegisterAccount: Test Cases/Backoffice/RegisterAccount

2018-10-12 13:43:27 - [TEST_STEP][PASSED] - focus: Object: 'Object Repository/Backoffice/Clients/Clients' is focused

2018-10-12 13:43:27 - [MESSAGE][PASSED] - Object: 'Object Repository/Backoffice/Clients/Clients' is focused

2018-10-12 13:43:27 - [TEST_STEP][PASSED] - verifyElementPresent: Object 'Object Repository/Backoffice/Clients/Client Registration' is present

2018-10-12 13:43:27 - [MESSAGE][PASSED] - Object 'Object Repository/Backoffice/Clients/Client Registration' is present

2018-10-12 13:43:27 - [TEST_STEP][PASSED] - click: Object: 'Object Repository/Backoffice/Clients/Client Registration' is clicked on

2018-10-12 13:43:28 - [MESSAGE][PASSED] - Object: 'Object Repository/Backoffice/Clients/Client Registration' is clicked on

2018-10-12 13:43:28 - [TEST_STEP][PASSED] - setText: Text 'opposedorgans' is set on object 'Object Repository/Backoffice/Clients/Registration/input_username'

2018-10-12 13:43:28 - [MESSAGE][PASSED] - Text 'opposedorgans' is set on object 'Object Repository/Backoffice/Clients/Registration/input_username'

2018-10-12 13:43:28 - [TEST_STEP][PASSED] - setText: Text '123123' is set on object 'Object Repository/Backoffice/Clients/Registration/input_password'

2018-10-12 13:43:28 - [MESSAGE][PASSED] - Text '123123' is set on object 'Object Repository/Backoffice/Clients/Registration/input_password'

2018-10-12 13:43:28 - [TEST_STEP][PASSED] - setText: Text '123123' is set on object 'Object Repository/Backoffice/Clients/Registration/input_confirmp'

2018-10-12 13:43:29 - [MESSAGE][PASSED] - Text '123123' is set on object 'Object Repository/Backoffice/Clients/Registration/input_confirmp'

2018-10-12 13:43:29 - [TEST_STEP][PASSED] - selectOptionByValue: All options with value 'test' are selected in object 'Object Repository/Backoffice/Clients/Registration/select_operatorcode' 

2018-10-12 13:43:29 - [MESSAGE][PASSED] - All options with value 'test' are selected in object 'Object Repository/Backoffice/Clients/Registration/select_operatorcode' 

2018-10-12 13:43:29 - [TEST_STEP][PASSED] - selectOptionByValue: All options with value '1' are selected in object 'Object Repository/Backoffice/Clients/Registration/select_status' 

2018-10-12 13:43:29 - [MESSAGE][PASSED] - All options with value '1' are selected in object 'Object Repository/Backoffice/Clients/Registration/select_status' 

2018-10-12 13:43:29 - [TEST_STEP][PASSED] - delay: Delayed 2 second(s)

2018-10-12 13:43:31 - [MESSAGE][PASSED] - Delayed 2 second(s)

2018-10-12 13:43:31 - [TEST_STEP][PASSED] - click: Object: 'Object Repository/Backoffice/Clients/Registration/button_Submit' is clicked on

2018-10-12 13:43:32 - [MESSAGE][PASSED] - Object: 'Object Repository/Backoffice/Clients/Registration/button_Submit' is clicked on

2018-10-12 13:43:32 - [TEST_STEP][PASSED] - delay: Delayed 2 second(s)

2018-10-12 13:43:34 - [MESSAGE][PASSED] - Delayed 2 second(s)]]></system-out>
         <system-err><![CDATA[]]></system-err>
      </testcase>
      <testcase name="Test Cases/Backoffice/RegisterAccount" classname="Test Cases/Backoffice/RegisterAccount" status="PASSED">
         <system-out><![CDATA[2018-10-12 13:43:34 - [TEST_CASE][PASSED] - Test Cases/Backoffice/RegisterAccount: Test Cases/Backoffice/RegisterAccount

2018-10-12 13:43:34 - [TEST_STEP][PASSED] - focus: Object: 'Object Repository/Backoffice/Clients/Clients' is focused

2018-10-12 13:43:34 - [MESSAGE][PASSED] - Object: 'Object Repository/Backoffice/Clients/Clients' is focused

2018-10-12 13:43:34 - [TEST_STEP][PASSED] - verifyElementPresent: Object 'Object Repository/Backoffice/Clients/Client Registration' is present

2018-10-12 13:43:34 - [MESSAGE][PASSED] - Object 'Object Repository/Backoffice/Clients/Client Registration' is present

2018-10-12 13:43:34 - [TEST_STEP][PASSED] - click: Object: 'Object Repository/Backoffice/Clients/Client Registration' is clicked on

2018-10-12 13:43:35 - [MESSAGE][PASSED] - Object: 'Object Repository/Backoffice/Clients/Client Registration' is clicked on

2018-10-12 13:43:35 - [TEST_STEP][PASSED] - setText: Text 'oceanicoptimize' is set on object 'Object Repository/Backoffice/Clients/Registration/input_username'

2018-10-12 13:43:35 - [MESSAGE][PASSED] - Text 'oceanicoptimize' is set on object 'Object Repository/Backoffice/Clients/Registration/input_username'

2018-10-12 13:43:35 - [TEST_STEP][PASSED] - setText: Text '123123' is set on object 'Object Repository/Backoffice/Clients/Registration/input_password'

2018-10-12 13:43:35 - [MESSAGE][PASSED] - Text '123123' is set on object 'Object Repository/Backoffice/Clients/Registration/input_password'

2018-10-12 13:43:35 - [TEST_STEP][PASSED] - setText: Text '123123' is set on object 'Object Repository/Backoffice/Clients/Registration/input_confirmp'

2018-10-12 13:43:35 - [MESSAGE][PASSED] - Text '123123' is set on object 'Object Repository/Backoffice/Clients/Registration/input_confirmp'

2018-10-12 13:43:35 - [TEST_STEP][PASSED] - selectOptionByValue: All options with value 'test' are selected in object 'Object Repository/Backoffice/Clients/Registration/select_operatorcode' 

2018-10-12 13:43:35 - [MESSAGE][PASSED] - All options with value 'test' are selected in object 'Object Repository/Backoffice/Clients/Registration/select_operatorcode' 

2018-10-12 13:43:35 - [TEST_STEP][PASSED] - selectOptionByValue: All options with value '1' are selected in object 'Object Repository/Backoffice/Clients/Registration/select_status' 

2018-10-12 13:43:35 - [MESSAGE][PASSED] - All options with value '1' are selected in object 'Object Repository/Backoffice/Clients/Registration/select_status' 

2018-10-12 13:43:35 - [TEST_STEP][PASSED] - delay: Delayed 2 second(s)

2018-10-12 13:43:37 - [MESSAGE][PASSED] - Delayed 2 second(s)

2018-10-12 13:43:37 - [TEST_STEP][PASSED] - click: Object: 'Object Repository/Backoffice/Clients/Registration/button_Submit' is clicked on

2018-10-12 13:43:38 - [MESSAGE][PASSED] - Object: 'Object Repository/Backoffice/Clients/Registration/button_Submit' is clicked on

2018-10-12 13:43:38 - [TEST_STEP][PASSED] - delay: Delayed 2 second(s)

2018-10-12 13:43:40 - [MESSAGE][PASSED] - Delayed 2 second(s)]]></system-out>
         <system-err><![CDATA[]]></system-err>
      </testcase>
      <testcase name="Test Cases/Backoffice/RegisterAccount" classname="Test Cases/Backoffice/RegisterAccount" status="PASSED">
         <system-out><![CDATA[2018-10-12 13:43:40 - [TEST_CASE][PASSED] - Test Cases/Backoffice/RegisterAccount: Test Cases/Backoffice/RegisterAccount

2018-10-12 13:43:40 - [TEST_STEP][PASSED] - focus: Object: 'Object Repository/Backoffice/Clients/Clients' is focused

2018-10-12 13:43:40 - [MESSAGE][PASSED] - Object: 'Object Repository/Backoffice/Clients/Clients' is focused

2018-10-12 13:43:40 - [TEST_STEP][PASSED] - verifyElementPresent: Object 'Object Repository/Backoffice/Clients/Client Registration' is present

2018-10-12 13:43:40 - [MESSAGE][PASSED] - Object 'Object Repository/Backoffice/Clients/Client Registration' is present

2018-10-12 13:43:40 - [TEST_STEP][PASSED] - click: Object: 'Object Repository/Backoffice/Clients/Client Registration' is clicked on

2018-10-12 13:43:41 - [MESSAGE][PASSED] - Object: 'Object Repository/Backoffice/Clients/Client Registration' is clicked on

2018-10-12 13:43:41 - [TEST_STEP][PASSED] - setText: Text 'outlandishone' is set on object 'Object Repository/Backoffice/Clients/Registration/input_username'

2018-10-12 13:43:41 - [MESSAGE][PASSED] - Text 'outlandishone' is set on object 'Object Repository/Backoffice/Clients/Registration/input_username'

2018-10-12 13:43:41 - [TEST_STEP][PASSED] - setText: Text '123123' is set on object 'Object Repository/Backoffice/Clients/Registration/input_password'

2018-10-12 13:43:41 - [MESSAGE][PASSED] - Text '123123' is set on object 'Object Repository/Backoffice/Clients/Registration/input_password'

2018-10-12 13:43:41 - [TEST_STEP][PASSED] - setText: Text '123123' is set on object 'Object Repository/Backoffice/Clients/Registration/input_confirmp'

2018-10-12 13:43:41 - [MESSAGE][PASSED] - Text '123123' is set on object 'Object Repository/Backoffice/Clients/Registration/input_confirmp'

2018-10-12 13:43:41 - [TEST_STEP][PASSED] - selectOptionByValue: All options with value 'test' are selected in object 'Object Repository/Backoffice/Clients/Registration/select_operatorcode' 

2018-10-12 13:43:41 - [MESSAGE][PASSED] - All options with value 'test' are selected in object 'Object Repository/Backoffice/Clients/Registration/select_operatorcode' 

2018-10-12 13:43:41 - [TEST_STEP][PASSED] - selectOptionByValue: All options with value '1' are selected in object 'Object Repository/Backoffice/Clients/Registration/select_status' 

2018-10-12 13:43:41 - [MESSAGE][PASSED] - All options with value '1' are selected in object 'Object Repository/Backoffice/Clients/Registration/select_status' 

2018-10-12 13:43:41 - [TEST_STEP][PASSED] - delay: Delayed 2 second(s)

2018-10-12 13:43:43 - [MESSAGE][PASSED] - Delayed 2 second(s)

2018-10-12 13:43:43 - [TEST_STEP][PASSED] - click: Object: 'Object Repository/Backoffice/Clients/Registration/button_Submit' is clicked on

2018-10-12 13:43:44 - [MESSAGE][PASSED] - Object: 'Object Repository/Backoffice/Clients/Registration/button_Submit' is clicked on

2018-10-12 13:43:44 - [TEST_STEP][PASSED] - delay: Delayed 2 second(s)

2018-10-12 13:43:46 - [MESSAGE][PASSED] - Delayed 2 second(s)]]></system-out>
         <system-err><![CDATA[]]></system-err>
      </testcase>
      <testcase name="Test Cases/Backoffice/RegisterAccount" classname="Test Cases/Backoffice/RegisterAccount" status="PASSED">
         <system-out><![CDATA[2018-10-12 13:43:46 - [TEST_CASE][PASSED] - Test Cases/Backoffice/RegisterAccount: Test Cases/Backoffice/RegisterAccount

2018-10-12 13:43:46 - [TEST_STEP][PASSED] - focus: Object: 'Object Repository/Backoffice/Clients/Clients' is focused

2018-10-12 13:43:46 - [MESSAGE][PASSED] - Object: 'Object Repository/Backoffice/Clients/Clients' is focused

2018-10-12 13:43:46 - [TEST_STEP][PASSED] - verifyElementPresent: Object 'Object Repository/Backoffice/Clients/Client Registration' is present

2018-10-12 13:43:46 - [MESSAGE][PASSED] - Object 'Object Repository/Backoffice/Clients/Client Registration' is present

2018-10-12 13:43:46 - [TEST_STEP][PASSED] - click: Object: 'Object Repository/Backoffice/Clients/Client Registration' is clicked on

2018-10-12 13:43:47 - [MESSAGE][PASSED] - Object: 'Object Repository/Backoffice/Clients/Client Registration' is clicked on

2018-10-12 13:43:47 - [TEST_STEP][PASSED] - setText: Text 'oilother' is set on object 'Object Repository/Backoffice/Clients/Registration/input_username'

2018-10-12 13:43:47 - [MESSAGE][PASSED] - Text 'oilother' is set on object 'Object Repository/Backoffice/Clients/Registration/input_username'

2018-10-12 13:43:47 - [TEST_STEP][PASSED] - setText: Text '123123' is set on object 'Object Repository/Backoffice/Clients/Registration/input_password'

2018-10-12 13:43:47 - [MESSAGE][PASSED] - Text '123123' is set on object 'Object Repository/Backoffice/Clients/Registration/input_password'

2018-10-12 13:43:47 - [TEST_STEP][PASSED] - setText: Text '123123' is set on object 'Object Repository/Backoffice/Clients/Registration/input_confirmp'

2018-10-12 13:43:47 - [MESSAGE][PASSED] - Text '123123' is set on object 'Object Repository/Backoffice/Clients/Registration/input_confirmp'

2018-10-12 13:43:47 - [TEST_STEP][PASSED] - selectOptionByValue: All options with value 'test' are selected in object 'Object Repository/Backoffice/Clients/Registration/select_operatorcode' 

2018-10-12 13:43:47 - [MESSAGE][PASSED] - All options with value 'test' are selected in object 'Object Repository/Backoffice/Clients/Registration/select_operatorcode' 

2018-10-12 13:43:47 - [TEST_STEP][PASSED] - selectOptionByValue: All options with value '1' are selected in object 'Object Repository/Backoffice/Clients/Registration/select_status' 

2018-10-12 13:43:48 - [MESSAGE][PASSED] - All options with value '1' are selected in object 'Object Repository/Backoffice/Clients/Registration/select_status' 

2018-10-12 13:43:48 - [TEST_STEP][PASSED] - delay: Delayed 2 second(s)

2018-10-12 13:43:50 - [MESSAGE][PASSED] - Delayed 2 second(s)

2018-10-12 13:43:50 - [TEST_STEP][PASSED] - click: Object: 'Object Repository/Backoffice/Clients/Registration/button_Submit' is clicked on

2018-10-12 13:43:50 - [MESSAGE][PASSED] - Object: 'Object Repository/Backoffice/Clients/Registration/button_Submit' is clicked on

2018-10-12 13:43:50 - [TEST_STEP][PASSED] - delay: Delayed 2 second(s)

2018-10-12 13:43:52 - [MESSAGE][PASSED] - Delayed 2 second(s)]]></system-out>
         <system-err><![CDATA[]]></system-err>
      </testcase>
      <testcase name="Test Cases/Backoffice/RegisterAccount" classname="Test Cases/Backoffice/RegisterAccount" status="PASSED">
         <system-out><![CDATA[2018-10-12 13:43:52 - [TEST_CASE][PASSED] - Test Cases/Backoffice/RegisterAccount: Test Cases/Backoffice/RegisterAccount

2018-10-12 13:43:52 - [TEST_STEP][PASSED] - focus: Object: 'Object Repository/Backoffice/Clients/Clients' is focused

2018-10-12 13:43:53 - [MESSAGE][PASSED] - Object: 'Object Repository/Backoffice/Clients/Clients' is focused

2018-10-12 13:43:53 - [TEST_STEP][PASSED] - verifyElementPresent: Object 'Object Repository/Backoffice/Clients/Client Registration' is present

2018-10-12 13:43:53 - [MESSAGE][PASSED] - Object 'Object Repository/Backoffice/Clients/Client Registration' is present

2018-10-12 13:43:53 - [TEST_STEP][PASSED] - click: Object: 'Object Repository/Backoffice/Clients/Client Registration' is clicked on

2018-10-12 13:43:53 - [MESSAGE][PASSED] - Object: 'Object Repository/Backoffice/Clients/Client Registration' is clicked on

2018-10-12 13:43:53 - [TEST_STEP][PASSED] - setText: Text 'oilyocean' is set on object 'Object Repository/Backoffice/Clients/Registration/input_username'

2018-10-12 13:43:53 - [MESSAGE][PASSED] - Text 'oilyocean' is set on object 'Object Repository/Backoffice/Clients/Registration/input_username'

2018-10-12 13:43:53 - [TEST_STEP][PASSED] - setText: Text '123123' is set on object 'Object Repository/Backoffice/Clients/Registration/input_password'

2018-10-12 13:43:53 - [MESSAGE][PASSED] - Text '123123' is set on object 'Object Repository/Backoffice/Clients/Registration/input_password'

2018-10-12 13:43:53 - [TEST_STEP][PASSED] - setText: Text '123123' is set on object 'Object Repository/Backoffice/Clients/Registration/input_confirmp'

2018-10-12 13:43:53 - [MESSAGE][PASSED] - Text '123123' is set on object 'Object Repository/Backoffice/Clients/Registration/input_confirmp'

2018-10-12 13:43:53 - [TEST_STEP][PASSED] - selectOptionByValue: All options with value 'test' are selected in object 'Object Repository/Backoffice/Clients/Registration/select_operatorcode' 

2018-10-12 13:43:53 - [MESSAGE][PASSED] - All options with value 'test' are selected in object 'Object Repository/Backoffice/Clients/Registration/select_operatorcode' 

2018-10-12 13:43:53 - [TEST_STEP][PASSED] - selectOptionByValue: All options with value '1' are selected in object 'Object Repository/Backoffice/Clients/Registration/select_status' 

2018-10-12 13:43:54 - [MESSAGE][PASSED] - All options with value '1' are selected in object 'Object Repository/Backoffice/Clients/Registration/select_status' 

2018-10-12 13:43:54 - [TEST_STEP][PASSED] - delay: Delayed 2 second(s)

2018-10-12 13:43:56 - [MESSAGE][PASSED] - Delayed 2 second(s)

2018-10-12 13:43:56 - [TEST_STEP][PASSED] - click: Object: 'Object Repository/Backoffice/Clients/Registration/button_Submit' is clicked on

2018-10-12 13:43:57 - [MESSAGE][PASSED] - Object: 'Object Repository/Backoffice/Clients/Registration/button_Submit' is clicked on

2018-10-12 13:43:57 - [TEST_STEP][PASSED] - delay: Delayed 2 second(s)

2018-10-12 13:43:59 - [MESSAGE][PASSED] - Delayed 2 second(s)]]></system-out>
         <system-err><![CDATA[]]></system-err>
      </testcase>
      <testcase name="Test Cases/Backoffice/RegisterAccount" classname="Test Cases/Backoffice/RegisterAccount" status="PASSED">
         <system-out><![CDATA[2018-10-12 13:43:59 - [TEST_CASE][PASSED] - Test Cases/Backoffice/RegisterAccount: Test Cases/Backoffice/RegisterAccount

2018-10-12 13:43:59 - [TEST_STEP][PASSED] - focus: Object: 'Object Repository/Backoffice/Clients/Clients' is focused

2018-10-12 13:43:59 - [MESSAGE][PASSED] - Object: 'Object Repository/Backoffice/Clients/Clients' is focused

2018-10-12 13:43:59 - [TEST_STEP][PASSED] - verifyElementPresent: Object 'Object Repository/Backoffice/Clients/Client Registration' is present

2018-10-12 13:43:59 - [MESSAGE][PASSED] - Object 'Object Repository/Backoffice/Clients/Client Registration' is present

2018-10-12 13:43:59 - [TEST_STEP][PASSED] - click: Object: 'Object Repository/Backoffice/Clients/Client Registration' is clicked on

2018-10-12 13:43:59 - [MESSAGE][PASSED] - Object: 'Object Repository/Backoffice/Clients/Client Registration' is clicked on

2018-10-12 13:43:59 - [TEST_STEP][PASSED] - setText: Text 'openoutside' is set on object 'Object Repository/Backoffice/Clients/Registration/input_username'

2018-10-12 13:44:00 - [MESSAGE][PASSED] - Text 'openoutside' is set on object 'Object Repository/Backoffice/Clients/Registration/input_username'

2018-10-12 13:44:00 - [TEST_STEP][PASSED] - setText: Text '123123' is set on object 'Object Repository/Backoffice/Clients/Registration/input_password'

2018-10-12 13:44:00 - [MESSAGE][PASSED] - Text '123123' is set on object 'Object Repository/Backoffice/Clients/Registration/input_password'

2018-10-12 13:44:00 - [TEST_STEP][PASSED] - setText: Text '123123' is set on object 'Object Repository/Backoffice/Clients/Registration/input_confirmp'

2018-10-12 13:44:00 - [MESSAGE][PASSED] - Text '123123' is set on object 'Object Repository/Backoffice/Clients/Registration/input_confirmp'

2018-10-12 13:44:00 - [TEST_STEP][PASSED] - selectOptionByValue: All options with value 'test' are selected in object 'Object Repository/Backoffice/Clients/Registration/select_operatorcode' 

2018-10-12 13:44:00 - [MESSAGE][PASSED] - All options with value 'test' are selected in object 'Object Repository/Backoffice/Clients/Registration/select_operatorcode' 

2018-10-12 13:44:00 - [TEST_STEP][PASSED] - selectOptionByValue: All options with value '1' are selected in object 'Object Repository/Backoffice/Clients/Registration/select_status' 

2018-10-12 13:44:00 - [MESSAGE][PASSED] - All options with value '1' are selected in object 'Object Repository/Backoffice/Clients/Registration/select_status' 

2018-10-12 13:44:00 - [TEST_STEP][PASSED] - delay: Delayed 2 second(s)

2018-10-12 13:44:02 - [MESSAGE][PASSED] - Delayed 2 second(s)

2018-10-12 13:44:02 - [TEST_STEP][PASSED] - click: Object: 'Object Repository/Backoffice/Clients/Registration/button_Submit' is clicked on

2018-10-12 13:44:03 - [MESSAGE][PASSED] - Object: 'Object Repository/Backoffice/Clients/Registration/button_Submit' is clicked on

2018-10-12 13:44:03 - [TEST_STEP][PASSED] - delay: Delayed 2 second(s)

2018-10-12 13:44:05 - [MESSAGE][PASSED] - Delayed 2 second(s)]]></system-out>
         <system-err><![CDATA[]]></system-err>
      </testcase>
      <testcase name="Test Cases/Backoffice/RegisterAccount" classname="Test Cases/Backoffice/RegisterAccount" status="PASSED">
         <system-out><![CDATA[2018-10-12 13:44:05 - [TEST_CASE][PASSED] - Test Cases/Backoffice/RegisterAccount: Test Cases/Backoffice/RegisterAccount

2018-10-12 13:44:05 - [TEST_STEP][PASSED] - focus: Object: 'Object Repository/Backoffice/Clients/Clients' is focused

2018-10-12 13:44:05 - [MESSAGE][PASSED] - Object: 'Object Repository/Backoffice/Clients/Clients' is focused

2018-10-12 13:44:05 - [TEST_STEP][PASSED] - verifyElementPresent: Object 'Object Repository/Backoffice/Clients/Client Registration' is present

2018-10-12 13:44:05 - [MESSAGE][PASSED] - Object 'Object Repository/Backoffice/Clients/Client Registration' is present

2018-10-12 13:44:05 - [TEST_STEP][PASSED] - click: Object: 'Object Repository/Backoffice/Clients/Client Registration' is clicked on

2018-10-12 13:44:06 - [MESSAGE][PASSED] - Object: 'Object Repository/Backoffice/Clients/Client Registration' is clicked on

2018-10-12 13:44:06 - [TEST_STEP][PASSED] - setText: Text 'orderedode' is set on object 'Object Repository/Backoffice/Clients/Registration/input_username'

2018-10-12 13:44:06 - [MESSAGE][PASSED] - Text 'orderedode' is set on object 'Object Repository/Backoffice/Clients/Registration/input_username'

2018-10-12 13:44:06 - [TEST_STEP][PASSED] - setText: Text '123123' is set on object 'Object Repository/Backoffice/Clients/Registration/input_password'

2018-10-12 13:44:06 - [MESSAGE][PASSED] - Text '123123' is set on object 'Object Repository/Backoffice/Clients/Registration/input_password'

2018-10-12 13:44:06 - [TEST_STEP][PASSED] - setText: Text '123123' is set on object 'Object Repository/Backoffice/Clients/Registration/input_confirmp'

2018-10-12 13:44:06 - [MESSAGE][PASSED] - Text '123123' is set on object 'Object Repository/Backoffice/Clients/Registration/input_confirmp'

2018-10-12 13:44:06 - [TEST_STEP][PASSED] - selectOptionByValue: All options with value 'test' are selected in object 'Object Repository/Backoffice/Clients/Registration/select_operatorcode' 

2018-10-12 13:44:06 - [MESSAGE][PASSED] - All options with value 'test' are selected in object 'Object Repository/Backoffice/Clients/Registration/select_operatorcode' 

2018-10-12 13:44:06 - [TEST_STEP][PASSED] - selectOptionByValue: All options with value '1' are selected in object 'Object Repository/Backoffice/Clients/Registration/select_status' 

2018-10-12 13:44:06 - [MESSAGE][PASSED] - All options with value '1' are selected in object 'Object Repository/Backoffice/Clients/Registration/select_status' 

2018-10-12 13:44:06 - [TEST_STEP][PASSED] - delay: Delayed 2 second(s)

2018-10-12 13:44:08 - [MESSAGE][PASSED] - Delayed 2 second(s)

2018-10-12 13:44:08 - [TEST_STEP][PASSED] - click: Object: 'Object Repository/Backoffice/Clients/Registration/button_Submit' is clicked on

2018-10-12 13:44:09 - [MESSAGE][PASSED] - Object: 'Object Repository/Backoffice/Clients/Registration/button_Submit' is clicked on

2018-10-12 13:44:09 - [TEST_STEP][PASSED] - delay: Delayed 2 second(s)

2018-10-12 13:44:11 - [MESSAGE][PASSED] - Delayed 2 second(s)]]></system-out>
         <system-err><![CDATA[]]></system-err>
      </testcase>
      <testcase name="Test Cases/Backoffice/RegisterAccount" classname="Test Cases/Backoffice/RegisterAccount" status="PASSED">
         <system-out><![CDATA[2018-10-12 13:44:11 - [TEST_CASE][PASSED] - Test Cases/Backoffice/RegisterAccount: Test Cases/Backoffice/RegisterAccount

2018-10-12 13:44:11 - [TEST_STEP][PASSED] - focus: Object: 'Object Repository/Backoffice/Clients/Clients' is focused

2018-10-12 13:44:11 - [MESSAGE][PASSED] - Object: 'Object Repository/Backoffice/Clients/Clients' is focused

2018-10-12 13:44:11 - [TEST_STEP][PASSED] - verifyElementPresent: Object 'Object Repository/Backoffice/Clients/Client Registration' is present

2018-10-12 13:44:11 - [MESSAGE][PASSED] - Object 'Object Repository/Backoffice/Clients/Client Registration' is present

2018-10-12 13:44:11 - [TEST_STEP][PASSED] - click: Object: 'Object Repository/Backoffice/Clients/Client Registration' is clicked on

2018-10-12 13:44:12 - [MESSAGE][PASSED] - Object: 'Object Repository/Backoffice/Clients/Client Registration' is clicked on

2018-10-12 13:44:12 - [TEST_STEP][PASSED] - setText: Text 'ordinaryoctans' is set on object 'Object Repository/Backoffice/Clients/Registration/input_username'

2018-10-12 13:44:12 - [MESSAGE][PASSED] - Text 'ordinaryoctans' is set on object 'Object Repository/Backoffice/Clients/Registration/input_username'

2018-10-12 13:44:12 - [TEST_STEP][PASSED] - setText: Text '123123' is set on object 'Object Repository/Backoffice/Clients/Registration/input_password'

2018-10-12 13:44:12 - [MESSAGE][PASSED] - Text '123123' is set on object 'Object Repository/Backoffice/Clients/Registration/input_password'

2018-10-12 13:44:12 - [TEST_STEP][PASSED] - setText: Text '123123' is set on object 'Object Repository/Backoffice/Clients/Registration/input_confirmp'

2018-10-12 13:44:12 - [MESSAGE][PASSED] - Text '123123' is set on object 'Object Repository/Backoffice/Clients/Registration/input_confirmp'

2018-10-12 13:44:12 - [TEST_STEP][PASSED] - selectOptionByValue: All options with value 'test' are selected in object 'Object Repository/Backoffice/Clients/Registration/select_operatorcode' 

2018-10-12 13:44:12 - [MESSAGE][PASSED] - All options with value 'test' are selected in object 'Object Repository/Backoffice/Clients/Registration/select_operatorcode' 

2018-10-12 13:44:12 - [TEST_STEP][PASSED] - selectOptionByValue: All options with value '1' are selected in object 'Object Repository/Backoffice/Clients/Registration/select_status' 

2018-10-12 13:44:12 - [MESSAGE][PASSED] - All options with value '1' are selected in object 'Object Repository/Backoffice/Clients/Registration/select_status' 

2018-10-12 13:44:12 - [TEST_STEP][PASSED] - delay: Delayed 2 second(s)

2018-10-12 13:44:14 - [MESSAGE][PASSED] - Delayed 2 second(s)

2018-10-12 13:44:14 - [TEST_STEP][PASSED] - click: Object: 'Object Repository/Backoffice/Clients/Registration/button_Submit' is clicked on

2018-10-12 13:44:15 - [MESSAGE][PASSED] - Object: 'Object Repository/Backoffice/Clients/Registration/button_Submit' is clicked on

2018-10-12 13:44:15 - [TEST_STEP][PASSED] - delay: Delayed 2 second(s)

2018-10-12 13:44:17 - [MESSAGE][PASSED] - Delayed 2 second(s)]]></system-out>
         <system-err><![CDATA[]]></system-err>
      </testcase>
      <testcase name="Test Cases/Backoffice/RegisterAccount" classname="Test Cases/Backoffice/RegisterAccount" status="PASSED">
         <system-out><![CDATA[2018-10-12 13:44:17 - [TEST_CASE][PASSED] - Test Cases/Backoffice/RegisterAccount: Test Cases/Backoffice/RegisterAccount

2018-10-12 13:44:17 - [TEST_STEP][PASSED] - focus: Object: 'Object Repository/Backoffice/Clients/Clients' is focused

2018-10-12 13:44:17 - [MESSAGE][PASSED] - Object: 'Object Repository/Backoffice/Clients/Clients' is focused

2018-10-12 13:44:17 - [TEST_STEP][PASSED] - verifyElementPresent: Object 'Object Repository/Backoffice/Clients/Client Registration' is present

2018-10-12 13:44:17 - [MESSAGE][PASSED] - Object 'Object Repository/Backoffice/Clients/Client Registration' is present

2018-10-12 13:44:17 - [TEST_STEP][PASSED] - click: Object: 'Object Repository/Backoffice/Clients/Client Registration' is clicked on

2018-10-12 13:44:18 - [MESSAGE][PASSED] - Object: 'Object Repository/Backoffice/Clients/Client Registration' is clicked on

2018-10-12 13:44:18 - [TEST_STEP][PASSED] - setText: Text 'ochilowe' is set on object 'Object Repository/Backoffice/Clients/Registration/input_username'

2018-10-12 13:44:18 - [MESSAGE][PASSED] - Text 'ochilowe' is set on object 'Object Repository/Backoffice/Clients/Registration/input_username'

2018-10-12 13:44:18 - [TEST_STEP][PASSED] - setText: Text '123123' is set on object 'Object Repository/Backoffice/Clients/Registration/input_password'

2018-10-12 13:44:18 - [MESSAGE][PASSED] - Text '123123' is set on object 'Object Repository/Backoffice/Clients/Registration/input_password'

2018-10-12 13:44:18 - [TEST_STEP][PASSED] - setText: Text '123123' is set on object 'Object Repository/Backoffice/Clients/Registration/input_confirmp'

2018-10-12 13:44:18 - [MESSAGE][PASSED] - Text '123123' is set on object 'Object Repository/Backoffice/Clients/Registration/input_confirmp'

2018-10-12 13:44:18 - [TEST_STEP][PASSED] - selectOptionByValue: All options with value 'test' are selected in object 'Object Repository/Backoffice/Clients/Registration/select_operatorcode' 

2018-10-12 13:44:18 - [MESSAGE][PASSED] - All options with value 'test' are selected in object 'Object Repository/Backoffice/Clients/Registration/select_operatorcode' 

2018-10-12 13:44:18 - [TEST_STEP][PASSED] - selectOptionByValue: All options with value '1' are selected in object 'Object Repository/Backoffice/Clients/Registration/select_status' 

2018-10-12 13:44:19 - [MESSAGE][PASSED] - All options with value '1' are selected in object 'Object Repository/Backoffice/Clients/Registration/select_status' 

2018-10-12 13:44:19 - [TEST_STEP][PASSED] - delay: Delayed 2 second(s)

2018-10-12 13:44:21 - [MESSAGE][PASSED] - Delayed 2 second(s)

2018-10-12 13:44:21 - [TEST_STEP][PASSED] - click: Object: 'Object Repository/Backoffice/Clients/Registration/button_Submit' is clicked on

2018-10-12 13:44:22 - [MESSAGE][PASSED] - Object: 'Object Repository/Backoffice/Clients/Registration/button_Submit' is clicked on

2018-10-12 13:44:22 - [TEST_STEP][PASSED] - delay: Delayed 2 second(s)

2018-10-12 13:44:24 - [MESSAGE][PASSED] - Delayed 2 second(s)]]></system-out>
         <system-err><![CDATA[]]></system-err>
      </testcase>
      <testcase name="Test Cases/Backoffice/RegisterAccount" classname="Test Cases/Backoffice/RegisterAccount" status="PASSED">
         <system-out><![CDATA[2018-10-12 13:44:24 - [TEST_CASE][PASSED] - Test Cases/Backoffice/RegisterAccount: Test Cases/Backoffice/RegisterAccount

2018-10-12 13:44:24 - [TEST_STEP][PASSED] - focus: Object: 'Object Repository/Backoffice/Clients/Clients' is focused

2018-10-12 13:44:24 - [MESSAGE][PASSED] - Object: 'Object Repository/Backoffice/Clients/Clients' is focused

2018-10-12 13:44:24 - [TEST_STEP][PASSED] - verifyElementPresent: Object 'Object Repository/Backoffice/Clients/Client Registration' is present

2018-10-12 13:44:24 - [MESSAGE][PASSED] - Object 'Object Repository/Backoffice/Clients/Client Registration' is present

2018-10-12 13:44:24 - [TEST_STEP][PASSED] - click: Object: 'Object Repository/Backoffice/Clients/Client Registration' is clicked on

2018-10-12 13:44:24 - [MESSAGE][PASSED] - Object: 'Object Repository/Backoffice/Clients/Client Registration' is clicked on

2018-10-12 13:44:24 - [TEST_STEP][PASSED] - setText: Text 'observedosmosis' is set on object 'Object Repository/Backoffice/Clients/Registration/input_username'

2018-10-12 13:44:25 - [MESSAGE][PASSED] - Text 'observedosmosis' is set on object 'Object Repository/Backoffice/Clients/Registration/input_username'

2018-10-12 13:44:25 - [TEST_STEP][PASSED] - setText: Text '123123' is set on object 'Object Repository/Backoffice/Clients/Registration/input_password'

2018-10-12 13:44:25 - [MESSAGE][PASSED] - Text '123123' is set on object 'Object Repository/Backoffice/Clients/Registration/input_password'

2018-10-12 13:44:25 - [TEST_STEP][PASSED] - setText: Text '123123' is set on object 'Object Repository/Backoffice/Clients/Registration/input_confirmp'

2018-10-12 13:44:25 - [MESSAGE][PASSED] - Text '123123' is set on object 'Object Repository/Backoffice/Clients/Registration/input_confirmp'

2018-10-12 13:44:25 - [TEST_STEP][PASSED] - selectOptionByValue: All options with value 'test' are selected in object 'Object Repository/Backoffice/Clients/Registration/select_operatorcode' 

2018-10-12 13:44:25 - [MESSAGE][PASSED] - All options with value 'test' are selected in object 'Object Repository/Backoffice/Clients/Registration/select_operatorcode' 

2018-10-12 13:44:25 - [TEST_STEP][PASSED] - selectOptionByValue: All options with value '1' are selected in object 'Object Repository/Backoffice/Clients/Registration/select_status' 

2018-10-12 13:44:25 - [MESSAGE][PASSED] - All options with value '1' are selected in object 'Object Repository/Backoffice/Clients/Registration/select_status' 

2018-10-12 13:44:25 - [TEST_STEP][PASSED] - delay: Delayed 2 second(s)

2018-10-12 13:44:27 - [MESSAGE][PASSED] - Delayed 2 second(s)

2018-10-12 13:44:27 - [TEST_STEP][PASSED] - click: Object: 'Object Repository/Backoffice/Clients/Registration/button_Submit' is clicked on

2018-10-12 13:44:28 - [MESSAGE][PASSED] - Object: 'Object Repository/Backoffice/Clients/Registration/button_Submit' is clicked on

2018-10-12 13:44:28 - [TEST_STEP][PASSED] - delay: Delayed 2 second(s)

2018-10-12 13:44:30 - [MESSAGE][PASSED] - Delayed 2 second(s)]]></system-out>
         <system-err><![CDATA[]]></system-err>
      </testcase>
      <testcase name="Test Cases/Backoffice/RegisterAccount" classname="Test Cases/Backoffice/RegisterAccount" status="PASSED">
         <system-out><![CDATA[2018-10-12 13:44:30 - [TEST_CASE][PASSED] - Test Cases/Backoffice/RegisterAccount: Test Cases/Backoffice/RegisterAccount

2018-10-12 13:44:30 - [TEST_STEP][PASSED] - focus: Object: 'Object Repository/Backoffice/Clients/Clients' is focused

2018-10-12 13:44:30 - [MESSAGE][PASSED] - Object: 'Object Repository/Backoffice/Clients/Clients' is focused

2018-10-12 13:44:30 - [TEST_STEP][PASSED] - verifyElementPresent: Object 'Object Repository/Backoffice/Clients/Client Registration' is present

2018-10-12 13:44:30 - [MESSAGE][PASSED] - Object 'Object Repository/Backoffice/Clients/Client Registration' is present

2018-10-12 13:44:30 - [TEST_STEP][PASSED] - click: Object: 'Object Repository/Backoffice/Clients/Client Registration' is clicked on

2018-10-12 13:44:31 - [MESSAGE][PASSED] - Object: 'Object Repository/Backoffice/Clients/Client Registration' is clicked on

2018-10-12 13:44:31 - [TEST_STEP][PASSED] - setText: Text 'outragedodnoklassniki' is set on object 'Object Repository/Backoffice/Clients/Registration/input_username'

2018-10-12 13:44:31 - [MESSAGE][PASSED] - Text 'outragedodnoklassniki' is set on object 'Object Repository/Backoffice/Clients/Registration/input_username'

2018-10-12 13:44:31 - [TEST_STEP][PASSED] - setText: Text '123123' is set on object 'Object Repository/Backoffice/Clients/Registration/input_password'

2018-10-12 13:44:31 - [MESSAGE][PASSED] - Text '123123' is set on object 'Object Repository/Backoffice/Clients/Registration/input_password'

2018-10-12 13:44:31 - [TEST_STEP][PASSED] - setText: Text '123123' is set on object 'Object Repository/Backoffice/Clients/Registration/input_confirmp'

2018-10-12 13:44:31 - [MESSAGE][PASSED] - Text '123123' is set on object 'Object Repository/Backoffice/Clients/Registration/input_confirmp'

2018-10-12 13:44:31 - [TEST_STEP][PASSED] - selectOptionByValue: All options with value 'test' are selected in object 'Object Repository/Backoffice/Clients/Registration/select_operatorcode' 

2018-10-12 13:44:31 - [MESSAGE][PASSED] - All options with value 'test' are selected in object 'Object Repository/Backoffice/Clients/Registration/select_operatorcode' 

2018-10-12 13:44:31 - [TEST_STEP][PASSED] - selectOptionByValue: All options with value '1' are selected in object 'Object Repository/Backoffice/Clients/Registration/select_status' 

2018-10-12 13:44:31 - [MESSAGE][PASSED] - All options with value '1' are selected in object 'Object Repository/Backoffice/Clients/Registration/select_status' 

2018-10-12 13:44:31 - [TEST_STEP][PASSED] - delay: Delayed 2 second(s)

2018-10-12 13:44:33 - [MESSAGE][PASSED] - Delayed 2 second(s)

2018-10-12 13:44:33 - [TEST_STEP][PASSED] - click: Object: 'Object Repository/Backoffice/Clients/Registration/button_Submit' is clicked on

2018-10-12 13:44:34 - [MESSAGE][PASSED] - Object: 'Object Repository/Backoffice/Clients/Registration/button_Submit' is clicked on

2018-10-12 13:44:34 - [TEST_STEP][PASSED] - delay: Delayed 2 second(s)

2018-10-12 13:44:36 - [MESSAGE][PASSED] - Delayed 2 second(s)]]></system-out>
         <system-err><![CDATA[]]></system-err>
      </testcase>
      <testcase name="Test Cases/Backoffice/RegisterAccount" classname="Test Cases/Backoffice/RegisterAccount" status="PASSED">
         <system-out><![CDATA[2018-10-12 13:44:36 - [TEST_CASE][PASSED] - Test Cases/Backoffice/RegisterAccount: Test Cases/Backoffice/RegisterAccount

2018-10-12 13:44:36 - [TEST_STEP][PASSED] - focus: Object: 'Object Repository/Backoffice/Clients/Clients' is focused

2018-10-12 13:44:36 - [MESSAGE][PASSED] - Object: 'Object Repository/Backoffice/Clients/Clients' is focused

2018-10-12 13:44:36 - [TEST_STEP][PASSED] - verifyElementPresent: Object 'Object Repository/Backoffice/Clients/Client Registration' is present

2018-10-12 13:44:36 - [MESSAGE][PASSED] - Object 'Object Repository/Backoffice/Clients/Client Registration' is present

2018-10-12 13:44:36 - [TEST_STEP][PASSED] - click: Object: 'Object Repository/Backoffice/Clients/Client Registration' is clicked on

2018-10-12 13:44:37 - [MESSAGE][PASSED] - Object: 'Object Repository/Backoffice/Clients/Client Registration' is clicked on

2018-10-12 13:44:37 - [TEST_STEP][PASSED] - setText: Text 'originatedoblongata' is set on object 'Object Repository/Backoffice/Clients/Registration/input_username'

2018-10-12 13:44:37 - [MESSAGE][PASSED] - Text 'originatedoblongata' is set on object 'Object Repository/Backoffice/Clients/Registration/input_username'

2018-10-12 13:44:37 - [TEST_STEP][PASSED] - setText: Text '123123' is set on object 'Object Repository/Backoffice/Clients/Registration/input_password'

2018-10-12 13:44:37 - [MESSAGE][PASSED] - Text '123123' is set on object 'Object Repository/Backoffice/Clients/Registration/input_password'

2018-10-12 13:44:37 - [TEST_STEP][PASSED] - setText: Text '123123' is set on object 'Object Repository/Backoffice/Clients/Registration/input_confirmp'

2018-10-12 13:44:37 - [MESSAGE][PASSED] - Text '123123' is set on object 'Object Repository/Backoffice/Clients/Registration/input_confirmp'

2018-10-12 13:44:37 - [TEST_STEP][PASSED] - selectOptionByValue: All options with value 'test' are selected in object 'Object Repository/Backoffice/Clients/Registration/select_operatorcode' 

2018-10-12 13:44:38 - [MESSAGE][PASSED] - All options with value 'test' are selected in object 'Object Repository/Backoffice/Clients/Registration/select_operatorcode' 

2018-10-12 13:44:38 - [TEST_STEP][PASSED] - selectOptionByValue: All options with value '1' are selected in object 'Object Repository/Backoffice/Clients/Registration/select_status' 

2018-10-12 13:44:38 - [MESSAGE][PASSED] - All options with value '1' are selected in object 'Object Repository/Backoffice/Clients/Registration/select_status' 

2018-10-12 13:44:38 - [TEST_STEP][PASSED] - delay: Delayed 2 second(s)

2018-10-12 13:44:40 - [MESSAGE][PASSED] - Delayed 2 second(s)

2018-10-12 13:44:40 - [TEST_STEP][PASSED] - click: Object: 'Object Repository/Backoffice/Clients/Registration/button_Submit' is clicked on

2018-10-12 13:44:41 - [MESSAGE][PASSED] - Object: 'Object Repository/Backoffice/Clients/Registration/button_Submit' is clicked on

2018-10-12 13:44:41 - [TEST_STEP][PASSED] - delay: Delayed 2 second(s)

2018-10-12 13:44:43 - [MESSAGE][PASSED] - Delayed 2 second(s)]]></system-out>
         <system-err><![CDATA[]]></system-err>
      </testcase>
      <testcase name="Test Cases/Backoffice/RegisterAccount" classname="Test Cases/Backoffice/RegisterAccount" status="PASSED">
         <system-out><![CDATA[2018-10-12 13:44:43 - [TEST_CASE][PASSED] - Test Cases/Backoffice/RegisterAccount: Test Cases/Backoffice/RegisterAccount

2018-10-12 13:44:43 - [TEST_STEP][PASSED] - focus: Object: 'Object Repository/Backoffice/Clients/Clients' is focused

2018-10-12 13:44:43 - [MESSAGE][PASSED] - Object: 'Object Repository/Backoffice/Clients/Clients' is focused

2018-10-12 13:44:43 - [TEST_STEP][PASSED] - verifyElementPresent: Object 'Object Repository/Backoffice/Clients/Client Registration' is present

2018-10-12 13:44:43 - [MESSAGE][PASSED] - Object 'Object Repository/Backoffice/Clients/Client Registration' is present

2018-10-12 13:44:43 - [TEST_STEP][PASSED] - click: Object: 'Object Repository/Backoffice/Clients/Client Registration' is clicked on

2018-10-12 13:44:43 - [MESSAGE][PASSED] - Object: 'Object Repository/Backoffice/Clients/Client Registration' is clicked on

2018-10-12 13:44:43 - [TEST_STEP][PASSED] - setText: Text 'orchestraoctave' is set on object 'Object Repository/Backoffice/Clients/Registration/input_username'

2018-10-12 13:44:43 - [MESSAGE][PASSED] - Text 'orchestraoctave' is set on object 'Object Repository/Backoffice/Clients/Registration/input_username'

2018-10-12 13:44:43 - [TEST_STEP][PASSED] - setText: Text '123123' is set on object 'Object Repository/Backoffice/Clients/Registration/input_password'

2018-10-12 13:44:44 - [MESSAGE][PASSED] - Text '123123' is set on object 'Object Repository/Backoffice/Clients/Registration/input_password'

2018-10-12 13:44:44 - [TEST_STEP][PASSED] - setText: Text '123123' is set on object 'Object Repository/Backoffice/Clients/Registration/input_confirmp'

2018-10-12 13:44:44 - [MESSAGE][PASSED] - Text '123123' is set on object 'Object Repository/Backoffice/Clients/Registration/input_confirmp'

2018-10-12 13:44:44 - [TEST_STEP][PASSED] - selectOptionByValue: All options with value 'test' are selected in object 'Object Repository/Backoffice/Clients/Registration/select_operatorcode' 

2018-10-12 13:44:44 - [MESSAGE][PASSED] - All options with value 'test' are selected in object 'Object Repository/Backoffice/Clients/Registration/select_operatorcode' 

2018-10-12 13:44:44 - [TEST_STEP][PASSED] - selectOptionByValue: All options with value '1' are selected in object 'Object Repository/Backoffice/Clients/Registration/select_status' 

2018-10-12 13:44:44 - [MESSAGE][PASSED] - All options with value '1' are selected in object 'Object Repository/Backoffice/Clients/Registration/select_status' 

2018-10-12 13:44:44 - [TEST_STEP][PASSED] - delay: Delayed 2 second(s)

2018-10-12 13:44:46 - [MESSAGE][PASSED] - Delayed 2 second(s)

2018-10-12 13:44:46 - [TEST_STEP][PASSED] - click: Object: 'Object Repository/Backoffice/Clients/Registration/button_Submit' is clicked on

2018-10-12 13:44:47 - [MESSAGE][PASSED] - Object: 'Object Repository/Backoffice/Clients/Registration/button_Submit' is clicked on

2018-10-12 13:44:47 - [TEST_STEP][PASSED] - delay: Delayed 2 second(s)

2018-10-12 13:44:49 - [MESSAGE][PASSED] - Delayed 2 second(s)]]></system-out>
         <system-err><![CDATA[]]></system-err>
      </testcase>
      <testcase name="Test Cases/Backoffice/RegisterAccount" classname="Test Cases/Backoffice/RegisterAccount" status="PASSED">
         <system-out><![CDATA[2018-10-12 13:44:49 - [TEST_CASE][PASSED] - Test Cases/Backoffice/RegisterAccount: Test Cases/Backoffice/RegisterAccount

2018-10-12 13:44:49 - [TEST_STEP][PASSED] - focus: Object: 'Object Repository/Backoffice/Clients/Clients' is focused

2018-10-12 13:44:49 - [MESSAGE][PASSED] - Object: 'Object Repository/Backoffice/Clients/Clients' is focused

2018-10-12 13:44:49 - [TEST_STEP][PASSED] - verifyElementPresent: Object 'Object Repository/Backoffice/Clients/Client Registration' is present

2018-10-12 13:44:49 - [MESSAGE][PASSED] - Object 'Object Repository/Backoffice/Clients/Client Registration' is present

2018-10-12 13:44:49 - [TEST_STEP][PASSED] - click: Object: 'Object Repository/Backoffice/Clients/Client Registration' is clicked on

2018-10-12 13:44:50 - [MESSAGE][PASSED] - Object: 'Object Repository/Backoffice/Clients/Client Registration' is clicked on

2018-10-12 13:44:50 - [TEST_STEP][PASSED] - setText: Text 'ohmoriginal' is set on object 'Object Repository/Backoffice/Clients/Registration/input_username'

2018-10-12 13:44:50 - [MESSAGE][PASSED] - Text 'ohmoriginal' is set on object 'Object Repository/Backoffice/Clients/Registration/input_username'

2018-10-12 13:44:50 - [TEST_STEP][PASSED] - setText: Text '123123' is set on object 'Object Repository/Backoffice/Clients/Registration/input_password'

2018-10-12 13:44:50 - [MESSAGE][PASSED] - Text '123123' is set on object 'Object Repository/Backoffice/Clients/Registration/input_password'

2018-10-12 13:44:50 - [TEST_STEP][PASSED] - setText: Text '123123' is set on object 'Object Repository/Backoffice/Clients/Registration/input_confirmp'

2018-10-12 13:44:50 - [MESSAGE][PASSED] - Text '123123' is set on object 'Object Repository/Backoffice/Clients/Registration/input_confirmp'

2018-10-12 13:44:50 - [TEST_STEP][PASSED] - selectOptionByValue: All options with value 'test' are selected in object 'Object Repository/Backoffice/Clients/Registration/select_operatorcode' 

2018-10-12 13:44:50 - [MESSAGE][PASSED] - All options with value 'test' are selected in object 'Object Repository/Backoffice/Clients/Registration/select_operatorcode' 

2018-10-12 13:44:50 - [TEST_STEP][PASSED] - selectOptionByValue: All options with value '1' are selected in object 'Object Repository/Backoffice/Clients/Registration/select_status' 

2018-10-12 13:44:51 - [MESSAGE][PASSED] - All options with value '1' are selected in object 'Object Repository/Backoffice/Clients/Registration/select_status' 

2018-10-12 13:44:51 - [TEST_STEP][PASSED] - delay: Delayed 2 second(s)

2018-10-12 13:44:53 - [MESSAGE][PASSED] - Delayed 2 second(s)

2018-10-12 13:44:53 - [TEST_STEP][PASSED] - click: Object: 'Object Repository/Backoffice/Clients/Registration/button_Submit' is clicked on

2018-10-12 13:44:53 - [MESSAGE][PASSED] - Object: 'Object Repository/Backoffice/Clients/Registration/button_Submit' is clicked on

2018-10-12 13:44:53 - [TEST_STEP][PASSED] - delay: Delayed 2 second(s)

2018-10-12 13:44:55 - [MESSAGE][PASSED] - Delayed 2 second(s)]]></system-out>
         <system-err><![CDATA[]]></system-err>
      </testcase>
      <testcase name="Test Cases/Backoffice/RegisterAccount" classname="Test Cases/Backoffice/RegisterAccount" status="PASSED">
         <system-out><![CDATA[2018-10-12 13:44:55 - [TEST_CASE][PASSED] - Test Cases/Backoffice/RegisterAccount: Test Cases/Backoffice/RegisterAccount

2018-10-12 13:44:55 - [TEST_STEP][PASSED] - focus: Object: 'Object Repository/Backoffice/Clients/Clients' is focused

2018-10-12 13:44:55 - [MESSAGE][PASSED] - Object: 'Object Repository/Backoffice/Clients/Clients' is focused

2018-10-12 13:44:55 - [TEST_STEP][PASSED] - verifyElementPresent: Object 'Object Repository/Backoffice/Clients/Client Registration' is present

2018-10-12 13:44:55 - [MESSAGE][PASSED] - Object 'Object Repository/Backoffice/Clients/Client Registration' is present

2018-10-12 13:44:55 - [TEST_STEP][PASSED] - click: Object: 'Object Repository/Backoffice/Clients/Client Registration' is clicked on

2018-10-12 13:44:56 - [MESSAGE][PASSED] - Object: 'Object Repository/Backoffice/Clients/Client Registration' is clicked on

2018-10-12 13:44:56 - [TEST_STEP][PASSED] - setText: Text 'ostrichobject' is set on object 'Object Repository/Backoffice/Clients/Registration/input_username'

2018-10-12 13:44:56 - [MESSAGE][PASSED] - Text 'ostrichobject' is set on object 'Object Repository/Backoffice/Clients/Registration/input_username'

2018-10-12 13:44:56 - [TEST_STEP][PASSED] - setText: Text '123123' is set on object 'Object Repository/Backoffice/Clients/Registration/input_password'

2018-10-12 13:44:56 - [MESSAGE][PASSED] - Text '123123' is set on object 'Object Repository/Backoffice/Clients/Registration/input_password'

2018-10-12 13:44:56 - [TEST_STEP][PASSED] - setText: Text '123123' is set on object 'Object Repository/Backoffice/Clients/Registration/input_confirmp'

2018-10-12 13:44:56 - [MESSAGE][PASSED] - Text '123123' is set on object 'Object Repository/Backoffice/Clients/Registration/input_confirmp'

2018-10-12 13:44:56 - [TEST_STEP][PASSED] - selectOptionByValue: All options with value 'test' are selected in object 'Object Repository/Backoffice/Clients/Registration/select_operatorcode' 

2018-10-12 13:44:56 - [MESSAGE][PASSED] - All options with value 'test' are selected in object 'Object Repository/Backoffice/Clients/Registration/select_operatorcode' 

2018-10-12 13:44:56 - [TEST_STEP][PASSED] - selectOptionByValue: All options with value '1' are selected in object 'Object Repository/Backoffice/Clients/Registration/select_status' 

2018-10-12 13:44:57 - [MESSAGE][PASSED] - All options with value '1' are selected in object 'Object Repository/Backoffice/Clients/Registration/select_status' 

2018-10-12 13:44:57 - [TEST_STEP][PASSED] - delay: Delayed 2 second(s)

2018-10-12 13:44:59 - [MESSAGE][PASSED] - Delayed 2 second(s)

2018-10-12 13:44:59 - [TEST_STEP][PASSED] - click: Object: 'Object Repository/Backoffice/Clients/Registration/button_Submit' is clicked on

2018-10-12 13:44:59 - [MESSAGE][PASSED] - Object: 'Object Repository/Backoffice/Clients/Registration/button_Submit' is clicked on

2018-10-12 13:44:59 - [TEST_STEP][PASSED] - delay: Delayed 2 second(s)

2018-10-12 13:45:01 - [MESSAGE][PASSED] - Delayed 2 second(s)]]></system-out>
         <system-err><![CDATA[]]></system-err>
      </testcase>
      <testcase name="Test Cases/Backoffice/RegisterAccount" classname="Test Cases/Backoffice/RegisterAccount" status="PASSED">
         <system-out><![CDATA[2018-10-12 13:45:01 - [TEST_CASE][PASSED] - Test Cases/Backoffice/RegisterAccount: Test Cases/Backoffice/RegisterAccount

2018-10-12 13:45:01 - [TEST_STEP][PASSED] - focus: Object: 'Object Repository/Backoffice/Clients/Clients' is focused

2018-10-12 13:45:02 - [MESSAGE][PASSED] - Object: 'Object Repository/Backoffice/Clients/Clients' is focused

2018-10-12 13:45:02 - [TEST_STEP][PASSED] - verifyElementPresent: Object 'Object Repository/Backoffice/Clients/Client Registration' is present

2018-10-12 13:45:02 - [MESSAGE][PASSED] - Object 'Object Repository/Backoffice/Clients/Client Registration' is present

2018-10-12 13:45:02 - [TEST_STEP][PASSED] - click: Object: 'Object Repository/Backoffice/Clients/Client Registration' is clicked on

2018-10-12 13:45:02 - [MESSAGE][PASSED] - Object: 'Object Repository/Backoffice/Clients/Client Registration' is clicked on

2018-10-12 13:45:02 - [TEST_STEP][PASSED] - setText: Text 'oracleoverrun' is set on object 'Object Repository/Backoffice/Clients/Registration/input_username'

2018-10-12 13:45:03 - [MESSAGE][PASSED] - Text 'oracleoverrun' is set on object 'Object Repository/Backoffice/Clients/Registration/input_username'

2018-10-12 13:45:03 - [TEST_STEP][PASSED] - setText: Text '123123' is set on object 'Object Repository/Backoffice/Clients/Registration/input_password'

2018-10-12 13:45:03 - [MESSAGE][PASSED] - Text '123123' is set on object 'Object Repository/Backoffice/Clients/Registration/input_password'

2018-10-12 13:45:03 - [TEST_STEP][PASSED] - setText: Text '123123' is set on object 'Object Repository/Backoffice/Clients/Registration/input_confirmp'

2018-10-12 13:45:03 - [MESSAGE][PASSED] - Text '123123' is set on object 'Object Repository/Backoffice/Clients/Registration/input_confirmp'

2018-10-12 13:45:03 - [TEST_STEP][PASSED] - selectOptionByValue: All options with value 'test' are selected in object 'Object Repository/Backoffice/Clients/Registration/select_operatorcode' 

2018-10-12 13:45:03 - [MESSAGE][PASSED] - All options with value 'test' are selected in object 'Object Repository/Backoffice/Clients/Registration/select_operatorcode' 

2018-10-12 13:45:03 - [TEST_STEP][PASSED] - selectOptionByValue: All options with value '1' are selected in object 'Object Repository/Backoffice/Clients/Registration/select_status' 

2018-10-12 13:45:03 - [MESSAGE][PASSED] - All options with value '1' are selected in object 'Object Repository/Backoffice/Clients/Registration/select_status' 

2018-10-12 13:45:03 - [TEST_STEP][PASSED] - delay: Delayed 2 second(s)

2018-10-12 13:45:05 - [MESSAGE][PASSED] - Delayed 2 second(s)

2018-10-12 13:45:05 - [TEST_STEP][PASSED] - click: Object: 'Object Repository/Backoffice/Clients/Registration/button_Submit' is clicked on

2018-10-12 13:45:07 - [MESSAGE][PASSED] - Object: 'Object Repository/Backoffice/Clients/Registration/button_Submit' is clicked on

2018-10-12 13:45:07 - [TEST_STEP][PASSED] - delay: Delayed 2 second(s)

2018-10-12 13:45:09 - [MESSAGE][PASSED] - Delayed 2 second(s)]]></system-out>
         <system-err><![CDATA[]]></system-err>
      </testcase>
      <testcase name="Test Cases/Backoffice/RegisterAccount" classname="Test Cases/Backoffice/RegisterAccount" status="PASSED">
         <system-out><![CDATA[2018-10-12 13:45:09 - [TEST_CASE][PASSED] - Test Cases/Backoffice/RegisterAccount: Test Cases/Backoffice/RegisterAccount

2018-10-12 13:45:09 - [TEST_STEP][PASSED] - focus: Object: 'Object Repository/Backoffice/Clients/Clients' is focused

2018-10-12 13:45:09 - [MESSAGE][PASSED] - Object: 'Object Repository/Backoffice/Clients/Clients' is focused

2018-10-12 13:45:09 - [TEST_STEP][PASSED] - verifyElementPresent: Object 'Object Repository/Backoffice/Clients/Client Registration' is present

2018-10-12 13:45:09 - [MESSAGE][PASSED] - Object 'Object Repository/Backoffice/Clients/Client Registration' is present

2018-10-12 13:45:09 - [TEST_STEP][PASSED] - click: Object: 'Object Repository/Backoffice/Clients/Client Registration' is clicked on

2018-10-12 13:45:09 - [MESSAGE][PASSED] - Object: 'Object Repository/Backoffice/Clients/Client Registration' is clicked on

2018-10-12 13:45:09 - [TEST_STEP][PASSED] - setText: Text 'pruitpaunchy' is set on object 'Object Repository/Backoffice/Clients/Registration/input_username'

2018-10-12 13:45:09 - [MESSAGE][PASSED] - Text 'pruitpaunchy' is set on object 'Object Repository/Backoffice/Clients/Registration/input_username'

2018-10-12 13:45:09 - [TEST_STEP][PASSED] - setText: Text '123123' is set on object 'Object Repository/Backoffice/Clients/Registration/input_password'

2018-10-12 13:45:10 - [MESSAGE][PASSED] - Text '123123' is set on object 'Object Repository/Backoffice/Clients/Registration/input_password'

2018-10-12 13:45:10 - [TEST_STEP][PASSED] - setText: Text '123123' is set on object 'Object Repository/Backoffice/Clients/Registration/input_confirmp'

2018-10-12 13:45:10 - [MESSAGE][PASSED] - Text '123123' is set on object 'Object Repository/Backoffice/Clients/Registration/input_confirmp'

2018-10-12 13:45:10 - [TEST_STEP][PASSED] - selectOptionByValue: All options with value 'test' are selected in object 'Object Repository/Backoffice/Clients/Registration/select_operatorcode' 

2018-10-12 13:45:10 - [MESSAGE][PASSED] - All options with value 'test' are selected in object 'Object Repository/Backoffice/Clients/Registration/select_operatorcode' 

2018-10-12 13:45:10 - [TEST_STEP][PASSED] - selectOptionByValue: All options with value '1' are selected in object 'Object Repository/Backoffice/Clients/Registration/select_status' 

2018-10-12 13:45:10 - [MESSAGE][PASSED] - All options with value '1' are selected in object 'Object Repository/Backoffice/Clients/Registration/select_status' 

2018-10-12 13:45:10 - [TEST_STEP][PASSED] - delay: Delayed 2 second(s)

2018-10-12 13:45:12 - [MESSAGE][PASSED] - Delayed 2 second(s)

2018-10-12 13:45:12 - [TEST_STEP][PASSED] - click: Object: 'Object Repository/Backoffice/Clients/Registration/button_Submit' is clicked on

2018-10-12 13:45:13 - [MESSAGE][PASSED] - Object: 'Object Repository/Backoffice/Clients/Registration/button_Submit' is clicked on

2018-10-12 13:45:13 - [TEST_STEP][PASSED] - delay: Delayed 2 second(s)

2018-10-12 13:45:15 - [MESSAGE][PASSED] - Delayed 2 second(s)]]></system-out>
         <system-err><![CDATA[]]></system-err>
      </testcase>
      <testcase name="Test Cases/Backoffice/RegisterAccount" classname="Test Cases/Backoffice/RegisterAccount" status="PASSED">
         <system-out><![CDATA[2018-10-12 13:45:15 - [TEST_CASE][PASSED] - Test Cases/Backoffice/RegisterAccount: Test Cases/Backoffice/RegisterAccount

2018-10-12 13:45:15 - [TEST_STEP][PASSED] - focus: Object: 'Object Repository/Backoffice/Clients/Clients' is focused

2018-10-12 13:45:15 - [MESSAGE][PASSED] - Object: 'Object Repository/Backoffice/Clients/Clients' is focused

2018-10-12 13:45:15 - [TEST_STEP][PASSED] - verifyElementPresent: Object 'Object Repository/Backoffice/Clients/Client Registration' is present

2018-10-12 13:45:15 - [MESSAGE][PASSED] - Object 'Object Repository/Backoffice/Clients/Client Registration' is present

2018-10-12 13:45:15 - [TEST_STEP][PASSED] - click: Object: 'Object Repository/Backoffice/Clients/Client Registration' is clicked on

2018-10-12 13:45:16 - [MESSAGE][PASSED] - Object: 'Object Repository/Backoffice/Clients/Client Registration' is clicked on

2018-10-12 13:45:16 - [TEST_STEP][PASSED] - setText: Text 'puzzledpushing' is set on object 'Object Repository/Backoffice/Clients/Registration/input_username'

2018-10-12 13:45:16 - [MESSAGE][PASSED] - Text 'puzzledpushing' is set on object 'Object Repository/Backoffice/Clients/Registration/input_username'

2018-10-12 13:45:16 - [TEST_STEP][PASSED] - setText: Text '123123' is set on object 'Object Repository/Backoffice/Clients/Registration/input_password'

2018-10-12 13:45:17 - [MESSAGE][PASSED] - Text '123123' is set on object 'Object Repository/Backoffice/Clients/Registration/input_password'

2018-10-12 13:45:17 - [TEST_STEP][PASSED] - setText: Text '123123' is set on object 'Object Repository/Backoffice/Clients/Registration/input_confirmp'

2018-10-12 13:45:17 - [MESSAGE][PASSED] - Text '123123' is set on object 'Object Repository/Backoffice/Clients/Registration/input_confirmp'

2018-10-12 13:45:17 - [TEST_STEP][PASSED] - selectOptionByValue: All options with value 'test' are selected in object 'Object Repository/Backoffice/Clients/Registration/select_operatorcode' 

2018-10-12 13:45:17 - [MESSAGE][PASSED] - All options with value 'test' are selected in object 'Object Repository/Backoffice/Clients/Registration/select_operatorcode' 

2018-10-12 13:45:17 - [TEST_STEP][PASSED] - selectOptionByValue: All options with value '1' are selected in object 'Object Repository/Backoffice/Clients/Registration/select_status' 

2018-10-12 13:45:17 - [MESSAGE][PASSED] - All options with value '1' are selected in object 'Object Repository/Backoffice/Clients/Registration/select_status' 

2018-10-12 13:45:17 - [TEST_STEP][PASSED] - delay: Delayed 2 second(s)

2018-10-12 13:45:19 - [MESSAGE][PASSED] - Delayed 2 second(s)

2018-10-12 13:45:19 - [TEST_STEP][PASSED] - click: Object: 'Object Repository/Backoffice/Clients/Registration/button_Submit' is clicked on

2018-10-12 13:45:20 - [MESSAGE][PASSED] - Object: 'Object Repository/Backoffice/Clients/Registration/button_Submit' is clicked on

2018-10-12 13:45:20 - [TEST_STEP][PASSED] - delay: Delayed 2 second(s)

2018-10-12 13:45:22 - [MESSAGE][PASSED] - Delayed 2 second(s)]]></system-out>
         <system-err><![CDATA[]]></system-err>
      </testcase>
      <testcase name="Test Cases/Backoffice/RegisterAccount" classname="Test Cases/Backoffice/RegisterAccount" status="PASSED">
         <system-out><![CDATA[2018-10-12 13:45:22 - [TEST_CASE][PASSED] - Test Cases/Backoffice/RegisterAccount: Test Cases/Backoffice/RegisterAccount

2018-10-12 13:45:22 - [TEST_STEP][PASSED] - focus: Object: 'Object Repository/Backoffice/Clients/Clients' is focused

2018-10-12 13:45:22 - [MESSAGE][PASSED] - Object: 'Object Repository/Backoffice/Clients/Clients' is focused

2018-10-12 13:45:22 - [TEST_STEP][PASSED] - verifyElementPresent: Object 'Object Repository/Backoffice/Clients/Client Registration' is present

2018-10-12 13:45:22 - [MESSAGE][PASSED] - Object 'Object Repository/Backoffice/Clients/Client Registration' is present

2018-10-12 13:45:22 - [TEST_STEP][PASSED] - click: Object: 'Object Repository/Backoffice/Clients/Client Registration' is clicked on

2018-10-12 13:45:23 - [MESSAGE][PASSED] - Object: 'Object Repository/Backoffice/Clients/Client Registration' is clicked on

2018-10-12 13:45:23 - [TEST_STEP][PASSED] - setText: Text 'piperpaintball' is set on object 'Object Repository/Backoffice/Clients/Registration/input_username'

2018-10-12 13:45:23 - [MESSAGE][PASSED] - Text 'piperpaintball' is set on object 'Object Repository/Backoffice/Clients/Registration/input_username'

2018-10-12 13:45:23 - [TEST_STEP][PASSED] - setText: Text '123123' is set on object 'Object Repository/Backoffice/Clients/Registration/input_password'

2018-10-12 13:45:23 - [MESSAGE][PASSED] - Text '123123' is set on object 'Object Repository/Backoffice/Clients/Registration/input_password'

2018-10-12 13:45:23 - [TEST_STEP][PASSED] - setText: Text '123123' is set on object 'Object Repository/Backoffice/Clients/Registration/input_confirmp'

2018-10-12 13:45:23 - [MESSAGE][PASSED] - Text '123123' is set on object 'Object Repository/Backoffice/Clients/Registration/input_confirmp'

2018-10-12 13:45:23 - [TEST_STEP][PASSED] - selectOptionByValue: All options with value 'test' are selected in object 'Object Repository/Backoffice/Clients/Registration/select_operatorcode' 

2018-10-12 13:45:23 - [MESSAGE][PASSED] - All options with value 'test' are selected in object 'Object Repository/Backoffice/Clients/Registration/select_operatorcode' 

2018-10-12 13:45:23 - [TEST_STEP][PASSED] - selectOptionByValue: All options with value '1' are selected in object 'Object Repository/Backoffice/Clients/Registration/select_status' 

2018-10-12 13:45:24 - [MESSAGE][PASSED] - All options with value '1' are selected in object 'Object Repository/Backoffice/Clients/Registration/select_status' 

2018-10-12 13:45:24 - [TEST_STEP][PASSED] - delay: Delayed 2 second(s)

2018-10-12 13:45:26 - [MESSAGE][PASSED] - Delayed 2 second(s)

2018-10-12 13:45:26 - [TEST_STEP][PASSED] - click: Object: 'Object Repository/Backoffice/Clients/Registration/button_Submit' is clicked on

2018-10-12 13:45:27 - [MESSAGE][PASSED] - Object: 'Object Repository/Backoffice/Clients/Registration/button_Submit' is clicked on

2018-10-12 13:45:27 - [TEST_STEP][PASSED] - delay: Delayed 2 second(s)

2018-10-12 13:45:29 - [MESSAGE][PASSED] - Delayed 2 second(s)]]></system-out>
         <system-err><![CDATA[]]></system-err>
      </testcase>
      <testcase name="Test Cases/Backoffice/RegisterAccount" classname="Test Cases/Backoffice/RegisterAccount" status="PASSED">
         <system-out><![CDATA[2018-10-12 13:45:29 - [TEST_CASE][PASSED] - Test Cases/Backoffice/RegisterAccount: Test Cases/Backoffice/RegisterAccount

2018-10-12 13:45:29 - [TEST_STEP][PASSED] - focus: Object: 'Object Repository/Backoffice/Clients/Clients' is focused

2018-10-12 13:45:29 - [MESSAGE][PASSED] - Object: 'Object Repository/Backoffice/Clients/Clients' is focused

2018-10-12 13:45:29 - [TEST_STEP][PASSED] - verifyElementPresent: Object 'Object Repository/Backoffice/Clients/Client Registration' is present

2018-10-12 13:45:29 - [MESSAGE][PASSED] - Object 'Object Repository/Backoffice/Clients/Client Registration' is present

2018-10-12 13:45:29 - [TEST_STEP][PASSED] - click: Object: 'Object Repository/Backoffice/Clients/Client Registration' is clicked on

2018-10-12 13:45:29 - [MESSAGE][PASSED] - Object: 'Object Repository/Backoffice/Clients/Client Registration' is clicked on

2018-10-12 13:45:29 - [TEST_STEP][PASSED] - setText: Text 'perkypince' is set on object 'Object Repository/Backoffice/Clients/Registration/input_username'

2018-10-12 13:45:29 - [MESSAGE][PASSED] - Text 'perkypince' is set on object 'Object Repository/Backoffice/Clients/Registration/input_username'

2018-10-12 13:45:29 - [TEST_STEP][PASSED] - setText: Text '123123' is set on object 'Object Repository/Backoffice/Clients/Registration/input_password'

2018-10-12 13:45:30 - [MESSAGE][PASSED] - Text '123123' is set on object 'Object Repository/Backoffice/Clients/Registration/input_password'

2018-10-12 13:45:30 - [TEST_STEP][PASSED] - setText: Text '123123' is set on object 'Object Repository/Backoffice/Clients/Registration/input_confirmp'

2018-10-12 13:45:30 - [MESSAGE][PASSED] - Text '123123' is set on object 'Object Repository/Backoffice/Clients/Registration/input_confirmp'

2018-10-12 13:45:30 - [TEST_STEP][PASSED] - selectOptionByValue: All options with value 'test' are selected in object 'Object Repository/Backoffice/Clients/Registration/select_operatorcode' 

2018-10-12 13:45:30 - [MESSAGE][PASSED] - All options with value 'test' are selected in object 'Object Repository/Backoffice/Clients/Registration/select_operatorcode' 

2018-10-12 13:45:30 - [TEST_STEP][PASSED] - selectOptionByValue: All options with value '1' are selected in object 'Object Repository/Backoffice/Clients/Registration/select_status' 

2018-10-12 13:45:30 - [MESSAGE][PASSED] - All options with value '1' are selected in object 'Object Repository/Backoffice/Clients/Registration/select_status' 

2018-10-12 13:45:30 - [TEST_STEP][PASSED] - delay: Delayed 2 second(s)

2018-10-12 13:45:32 - [MESSAGE][PASSED] - Delayed 2 second(s)

2018-10-12 13:45:32 - [TEST_STEP][PASSED] - click: Object: 'Object Repository/Backoffice/Clients/Registration/button_Submit' is clicked on

2018-10-12 13:45:33 - [MESSAGE][PASSED] - Object: 'Object Repository/Backoffice/Clients/Registration/button_Submit' is clicked on

2018-10-12 13:45:33 - [TEST_STEP][PASSED] - delay: Delayed 2 second(s)

2018-10-12 13:45:35 - [MESSAGE][PASSED] - Delayed 2 second(s)]]></system-out>
         <system-err><![CDATA[]]></system-err>
      </testcase>
      <testcase name="Test Cases/Backoffice/RegisterAccount" classname="Test Cases/Backoffice/RegisterAccount" status="PASSED">
         <system-out><![CDATA[2018-10-12 13:45:35 - [TEST_CASE][PASSED] - Test Cases/Backoffice/RegisterAccount: Test Cases/Backoffice/RegisterAccount

2018-10-12 13:45:35 - [TEST_STEP][PASSED] - focus: Object: 'Object Repository/Backoffice/Clients/Clients' is focused

2018-10-12 13:45:35 - [MESSAGE][PASSED] - Object: 'Object Repository/Backoffice/Clients/Clients' is focused

2018-10-12 13:45:35 - [TEST_STEP][PASSED] - verifyElementPresent: Object 'Object Repository/Backoffice/Clients/Client Registration' is present

2018-10-12 13:45:35 - [MESSAGE][PASSED] - Object 'Object Repository/Backoffice/Clients/Client Registration' is present

2018-10-12 13:45:35 - [TEST_STEP][PASSED] - click: Object: 'Object Repository/Backoffice/Clients/Client Registration' is clicked on

2018-10-12 13:45:36 - [MESSAGE][PASSED] - Object: 'Object Repository/Backoffice/Clients/Client Registration' is clicked on

2018-10-12 13:45:36 - [TEST_STEP][PASSED] - setText: Text 'printspartial' is set on object 'Object Repository/Backoffice/Clients/Registration/input_username'

2018-10-12 13:45:36 - [MESSAGE][PASSED] - Text 'printspartial' is set on object 'Object Repository/Backoffice/Clients/Registration/input_username'

2018-10-12 13:45:36 - [TEST_STEP][PASSED] - setText: Text '123123' is set on object 'Object Repository/Backoffice/Clients/Registration/input_password'

2018-10-12 13:45:36 - [MESSAGE][PASSED] - Text '123123' is set on object 'Object Repository/Backoffice/Clients/Registration/input_password'

2018-10-12 13:45:36 - [TEST_STEP][PASSED] - setText: Text '123123' is set on object 'Object Repository/Backoffice/Clients/Registration/input_confirmp'

2018-10-12 13:45:36 - [MESSAGE][PASSED] - Text '123123' is set on object 'Object Repository/Backoffice/Clients/Registration/input_confirmp'

2018-10-12 13:45:36 - [TEST_STEP][PASSED] - selectOptionByValue: All options with value 'test' are selected in object 'Object Repository/Backoffice/Clients/Registration/select_operatorcode' 

2018-10-12 13:45:36 - [MESSAGE][PASSED] - All options with value 'test' are selected in object 'Object Repository/Backoffice/Clients/Registration/select_operatorcode' 

2018-10-12 13:45:36 - [TEST_STEP][PASSED] - selectOptionByValue: All options with value '1' are selected in object 'Object Repository/Backoffice/Clients/Registration/select_status' 

2018-10-12 13:45:37 - [MESSAGE][PASSED] - All options with value '1' are selected in object 'Object Repository/Backoffice/Clients/Registration/select_status' 

2018-10-12 13:45:37 - [TEST_STEP][PASSED] - delay: Delayed 2 second(s)

2018-10-12 13:45:39 - [MESSAGE][PASSED] - Delayed 2 second(s)

2018-10-12 13:45:39 - [TEST_STEP][PASSED] - click: Object: 'Object Repository/Backoffice/Clients/Registration/button_Submit' is clicked on

2018-10-12 13:45:40 - [MESSAGE][PASSED] - Object: 'Object Repository/Backoffice/Clients/Registration/button_Submit' is clicked on

2018-10-12 13:45:40 - [TEST_STEP][PASSED] - delay: Delayed 2 second(s)

2018-10-12 13:45:42 - [MESSAGE][PASSED] - Delayed 2 second(s)]]></system-out>
         <system-err><![CDATA[]]></system-err>
      </testcase>
      <testcase name="Test Cases/Backoffice/RegisterAccount" classname="Test Cases/Backoffice/RegisterAccount" status="PASSED">
         <system-out><![CDATA[2018-10-12 13:45:42 - [TEST_CASE][PASSED] - Test Cases/Backoffice/RegisterAccount: Test Cases/Backoffice/RegisterAccount

2018-10-12 13:45:42 - [TEST_STEP][PASSED] - focus: Object: 'Object Repository/Backoffice/Clients/Clients' is focused

2018-10-12 13:45:42 - [MESSAGE][PASSED] - Object: 'Object Repository/Backoffice/Clients/Clients' is focused

2018-10-12 13:45:42 - [TEST_STEP][PASSED] - verifyElementPresent: Object 'Object Repository/Backoffice/Clients/Client Registration' is present

2018-10-12 13:45:42 - [MESSAGE][PASSED] - Object 'Object Repository/Backoffice/Clients/Client Registration' is present

2018-10-12 13:45:42 - [TEST_STEP][PASSED] - click: Object: 'Object Repository/Backoffice/Clients/Client Registration' is clicked on

2018-10-12 13:45:42 - [MESSAGE][PASSED] - Object: 'Object Repository/Backoffice/Clients/Client Registration' is clicked on

2018-10-12 13:45:42 - [TEST_STEP][PASSED] - setText: Text 'pinchingprepare' is set on object 'Object Repository/Backoffice/Clients/Registration/input_username'

2018-10-12 13:45:42 - [MESSAGE][PASSED] - Text 'pinchingprepare' is set on object 'Object Repository/Backoffice/Clients/Registration/input_username'

2018-10-12 13:45:42 - [TEST_STEP][PASSED] - setText: Text '123123' is set on object 'Object Repository/Backoffice/Clients/Registration/input_password'

2018-10-12 13:45:43 - [MESSAGE][PASSED] - Text '123123' is set on object 'Object Repository/Backoffice/Clients/Registration/input_password'

2018-10-12 13:45:43 - [TEST_STEP][PASSED] - setText: Text '123123' is set on object 'Object Repository/Backoffice/Clients/Registration/input_confirmp'

2018-10-12 13:45:43 - [MESSAGE][PASSED] - Text '123123' is set on object 'Object Repository/Backoffice/Clients/Registration/input_confirmp'

2018-10-12 13:45:43 - [TEST_STEP][PASSED] - selectOptionByValue: All options with value 'test' are selected in object 'Object Repository/Backoffice/Clients/Registration/select_operatorcode' 

2018-10-12 13:45:43 - [MESSAGE][PASSED] - All options with value 'test' are selected in object 'Object Repository/Backoffice/Clients/Registration/select_operatorcode' 

2018-10-12 13:45:43 - [TEST_STEP][PASSED] - selectOptionByValue: All options with value '1' are selected in object 'Object Repository/Backoffice/Clients/Registration/select_status' 

2018-10-12 13:45:43 - [MESSAGE][PASSED] - All options with value '1' are selected in object 'Object Repository/Backoffice/Clients/Registration/select_status' 

2018-10-12 13:45:43 - [TEST_STEP][PASSED] - delay: Delayed 2 second(s)

2018-10-12 13:45:45 - [MESSAGE][PASSED] - Delayed 2 second(s)

2018-10-12 13:45:45 - [TEST_STEP][PASSED] - click: Object: 'Object Repository/Backoffice/Clients/Registration/button_Submit' is clicked on

2018-10-12 13:45:46 - [MESSAGE][PASSED] - Object: 'Object Repository/Backoffice/Clients/Registration/button_Submit' is clicked on

2018-10-12 13:45:46 - [TEST_STEP][PASSED] - delay: Delayed 2 second(s)

2018-10-12 13:45:48 - [MESSAGE][PASSED] - Delayed 2 second(s)]]></system-out>
         <system-err><![CDATA[]]></system-err>
      </testcase>
      <testcase name="Test Cases/Backoffice/RegisterAccount" classname="Test Cases/Backoffice/RegisterAccount" status="PASSED">
         <system-out><![CDATA[2018-10-12 13:45:48 - [TEST_CASE][PASSED] - Test Cases/Backoffice/RegisterAccount: Test Cases/Backoffice/RegisterAccount

2018-10-12 13:45:48 - [TEST_STEP][PASSED] - focus: Object: 'Object Repository/Backoffice/Clients/Clients' is focused

2018-10-12 13:45:48 - [MESSAGE][PASSED] - Object: 'Object Repository/Backoffice/Clients/Clients' is focused

2018-10-12 13:45:48 - [TEST_STEP][PASSED] - verifyElementPresent: Object 'Object Repository/Backoffice/Clients/Client Registration' is present

2018-10-12 13:45:48 - [MESSAGE][PASSED] - Object 'Object Repository/Backoffice/Clients/Client Registration' is present

2018-10-12 13:45:48 - [TEST_STEP][PASSED] - click: Object: 'Object Repository/Backoffice/Clients/Client Registration' is clicked on

2018-10-12 13:45:49 - [MESSAGE][PASSED] - Object: 'Object Repository/Backoffice/Clients/Client Registration' is clicked on

2018-10-12 13:45:49 - [TEST_STEP][PASSED] - setText: Text 'pabbingplus' is set on object 'Object Repository/Backoffice/Clients/Registration/input_username'

2018-10-12 13:45:49 - [MESSAGE][PASSED] - Text 'pabbingplus' is set on object 'Object Repository/Backoffice/Clients/Registration/input_username'

2018-10-12 13:45:49 - [TEST_STEP][PASSED] - setText: Text '123123' is set on object 'Object Repository/Backoffice/Clients/Registration/input_password'

2018-10-12 13:45:49 - [MESSAGE][PASSED] - Text '123123' is set on object 'Object Repository/Backoffice/Clients/Registration/input_password'

2018-10-12 13:45:49 - [TEST_STEP][PASSED] - setText: Text '123123' is set on object 'Object Repository/Backoffice/Clients/Registration/input_confirmp'

2018-10-12 13:45:49 - [MESSAGE][PASSED] - Text '123123' is set on object 'Object Repository/Backoffice/Clients/Registration/input_confirmp'

2018-10-12 13:45:49 - [TEST_STEP][PASSED] - selectOptionByValue: All options with value 'test' are selected in object 'Object Repository/Backoffice/Clients/Registration/select_operatorcode' 

2018-10-12 13:45:49 - [MESSAGE][PASSED] - All options with value 'test' are selected in object 'Object Repository/Backoffice/Clients/Registration/select_operatorcode' 

2018-10-12 13:45:49 - [TEST_STEP][PASSED] - selectOptionByValue: All options with value '1' are selected in object 'Object Repository/Backoffice/Clients/Registration/select_status' 

2018-10-12 13:45:49 - [MESSAGE][PASSED] - All options with value '1' are selected in object 'Object Repository/Backoffice/Clients/Registration/select_status' 

2018-10-12 13:45:49 - [TEST_STEP][PASSED] - delay: Delayed 2 second(s)

2018-10-12 13:45:51 - [MESSAGE][PASSED] - Delayed 2 second(s)

2018-10-12 13:45:51 - [TEST_STEP][PASSED] - click: Object: 'Object Repository/Backoffice/Clients/Registration/button_Submit' is clicked on

2018-10-12 13:45:53 - [MESSAGE][PASSED] - Object: 'Object Repository/Backoffice/Clients/Registration/button_Submit' is clicked on

2018-10-12 13:45:53 - [TEST_STEP][PASSED] - delay: Delayed 2 second(s)

2018-10-12 13:45:55 - [MESSAGE][PASSED] - Delayed 2 second(s)]]></system-out>
         <system-err><![CDATA[]]></system-err>
      </testcase>
      <testcase name="Test Cases/Backoffice/RegisterAccount" classname="Test Cases/Backoffice/RegisterAccount" status="PASSED">
         <system-out><![CDATA[2018-10-12 13:45:55 - [TEST_CASE][PASSED] - Test Cases/Backoffice/RegisterAccount: Test Cases/Backoffice/RegisterAccount

2018-10-12 13:45:55 - [TEST_STEP][PASSED] - focus: Object: 'Object Repository/Backoffice/Clients/Clients' is focused

2018-10-12 13:45:55 - [MESSAGE][PASSED] - Object: 'Object Repository/Backoffice/Clients/Clients' is focused

2018-10-12 13:45:55 - [TEST_STEP][PASSED] - verifyElementPresent: Object 'Object Repository/Backoffice/Clients/Client Registration' is present

2018-10-12 13:45:55 - [MESSAGE][PASSED] - Object 'Object Repository/Backoffice/Clients/Client Registration' is present

2018-10-12 13:45:55 - [TEST_STEP][PASSED] - click: Object: 'Object Repository/Backoffice/Clients/Client Registration' is clicked on

2018-10-12 13:45:55 - [MESSAGE][PASSED] - Object: 'Object Repository/Backoffice/Clients/Client Registration' is clicked on

2018-10-12 13:45:55 - [TEST_STEP][PASSED] - setText: Text 'pogostickprefer' is set on object 'Object Repository/Backoffice/Clients/Registration/input_username'

2018-10-12 13:45:55 - [MESSAGE][PASSED] - Text 'pogostickprefer' is set on object 'Object Repository/Backoffice/Clients/Registration/input_username'

2018-10-12 13:45:55 - [TEST_STEP][PASSED] - setText: Text '123123' is set on object 'Object Repository/Backoffice/Clients/Registration/input_password'

2018-10-12 13:45:56 - [MESSAGE][PASSED] - Text '123123' is set on object 'Object Repository/Backoffice/Clients/Registration/input_password'

2018-10-12 13:45:56 - [TEST_STEP][PASSED] - setText: Text '123123' is set on object 'Object Repository/Backoffice/Clients/Registration/input_confirmp'

2018-10-12 13:45:56 - [MESSAGE][PASSED] - Text '123123' is set on object 'Object Repository/Backoffice/Clients/Registration/input_confirmp'

2018-10-12 13:45:56 - [TEST_STEP][PASSED] - selectOptionByValue: All options with value 'test' are selected in object 'Object Repository/Backoffice/Clients/Registration/select_operatorcode' 

2018-10-12 13:45:56 - [MESSAGE][PASSED] - All options with value 'test' are selected in object 'Object Repository/Backoffice/Clients/Registration/select_operatorcode' 

2018-10-12 13:45:56 - [TEST_STEP][PASSED] - selectOptionByValue: All options with value '1' are selected in object 'Object Repository/Backoffice/Clients/Registration/select_status' 

2018-10-12 13:45:56 - [MESSAGE][PASSED] - All options with value '1' are selected in object 'Object Repository/Backoffice/Clients/Registration/select_status' 

2018-10-12 13:45:56 - [TEST_STEP][PASSED] - delay: Delayed 2 second(s)

2018-10-12 13:45:58 - [MESSAGE][PASSED] - Delayed 2 second(s)

2018-10-12 13:45:58 - [TEST_STEP][PASSED] - click: Object: 'Object Repository/Backoffice/Clients/Registration/button_Submit' is clicked on

2018-10-12 13:45:59 - [MESSAGE][PASSED] - Object: 'Object Repository/Backoffice/Clients/Registration/button_Submit' is clicked on

2018-10-12 13:45:59 - [TEST_STEP][PASSED] - delay: Delayed 2 second(s)

2018-10-12 13:46:01 - [MESSAGE][PASSED] - Delayed 2 second(s)]]></system-out>
         <system-err><![CDATA[]]></system-err>
      </testcase>
      <testcase name="Test Cases/Backoffice/RegisterAccount" classname="Test Cases/Backoffice/RegisterAccount" status="PASSED">
         <system-out><![CDATA[2018-10-12 13:46:01 - [TEST_CASE][PASSED] - Test Cases/Backoffice/RegisterAccount: Test Cases/Backoffice/RegisterAccount

2018-10-12 13:46:01 - [TEST_STEP][PASSED] - focus: Object: 'Object Repository/Backoffice/Clients/Clients' is focused

2018-10-12 13:46:01 - [MESSAGE][PASSED] - Object: 'Object Repository/Backoffice/Clients/Clients' is focused

2018-10-12 13:46:01 - [TEST_STEP][PASSED] - verifyElementPresent: Object 'Object Repository/Backoffice/Clients/Client Registration' is present

2018-10-12 13:46:01 - [MESSAGE][PASSED] - Object 'Object Repository/Backoffice/Clients/Client Registration' is present

2018-10-12 13:46:01 - [TEST_STEP][PASSED] - click: Object: 'Object Repository/Backoffice/Clients/Client Registration' is clicked on

2018-10-12 13:46:02 - [MESSAGE][PASSED] - Object: 'Object Repository/Backoffice/Clients/Client Registration' is clicked on

2018-10-12 13:46:02 - [TEST_STEP][PASSED] - setText: Text 'partpuzzled' is set on object 'Object Repository/Backoffice/Clients/Registration/input_username'

2018-10-12 13:46:02 - [MESSAGE][PASSED] - Text 'partpuzzled' is set on object 'Object Repository/Backoffice/Clients/Registration/input_username'

2018-10-12 13:46:02 - [TEST_STEP][PASSED] - setText: Text '123123' is set on object 'Object Repository/Backoffice/Clients/Registration/input_password'

2018-10-12 13:46:02 - [MESSAGE][PASSED] - Text '123123' is set on object 'Object Repository/Backoffice/Clients/Registration/input_password'

2018-10-12 13:46:02 - [TEST_STEP][PASSED] - setText: Text '123123' is set on object 'Object Repository/Backoffice/Clients/Registration/input_confirmp'

2018-10-12 13:46:02 - [MESSAGE][PASSED] - Text '123123' is set on object 'Object Repository/Backoffice/Clients/Registration/input_confirmp'

2018-10-12 13:46:02 - [TEST_STEP][PASSED] - selectOptionByValue: All options with value 'test' are selected in object 'Object Repository/Backoffice/Clients/Registration/select_operatorcode' 

2018-10-12 13:46:02 - [MESSAGE][PASSED] - All options with value 'test' are selected in object 'Object Repository/Backoffice/Clients/Registration/select_operatorcode' 

2018-10-12 13:46:02 - [TEST_STEP][PASSED] - selectOptionByValue: All options with value '1' are selected in object 'Object Repository/Backoffice/Clients/Registration/select_status' 

2018-10-12 13:46:02 - [MESSAGE][PASSED] - All options with value '1' are selected in object 'Object Repository/Backoffice/Clients/Registration/select_status' 

2018-10-12 13:46:02 - [TEST_STEP][PASSED] - delay: Delayed 2 second(s)

2018-10-12 13:46:04 - [MESSAGE][PASSED] - Delayed 2 second(s)

2018-10-12 13:46:04 - [TEST_STEP][PASSED] - click: Object: 'Object Repository/Backoffice/Clients/Registration/button_Submit' is clicked on

2018-10-12 13:46:05 - [MESSAGE][PASSED] - Object: 'Object Repository/Backoffice/Clients/Registration/button_Submit' is clicked on

2018-10-12 13:46:05 - [TEST_STEP][PASSED] - delay: Delayed 2 second(s)

2018-10-12 13:46:07 - [MESSAGE][PASSED] - Delayed 2 second(s)]]></system-out>
         <system-err><![CDATA[]]></system-err>
      </testcase>
      <testcase name="Test Cases/Backoffice/RegisterAccount" classname="Test Cases/Backoffice/RegisterAccount" status="PASSED">
         <system-out><![CDATA[2018-10-12 13:46:07 - [TEST_CASE][PASSED] - Test Cases/Backoffice/RegisterAccount: Test Cases/Backoffice/RegisterAccount

2018-10-12 13:46:07 - [TEST_STEP][PASSED] - focus: Object: 'Object Repository/Backoffice/Clients/Clients' is focused

2018-10-12 13:46:08 - [MESSAGE][PASSED] - Object: 'Object Repository/Backoffice/Clients/Clients' is focused

2018-10-12 13:46:08 - [TEST_STEP][PASSED] - verifyElementPresent: Object 'Object Repository/Backoffice/Clients/Client Registration' is present

2018-10-12 13:46:08 - [MESSAGE][PASSED] - Object 'Object Repository/Backoffice/Clients/Client Registration' is present

2018-10-12 13:46:08 - [TEST_STEP][PASSED] - click: Object: 'Object Repository/Backoffice/Clients/Client Registration' is clicked on

2018-10-12 13:46:08 - [MESSAGE][PASSED] - Object: 'Object Repository/Backoffice/Clients/Client Registration' is clicked on

2018-10-12 13:46:08 - [TEST_STEP][PASSED] - setText: Text 'pitypricked' is set on object 'Object Repository/Backoffice/Clients/Registration/input_username'

2018-10-12 13:46:08 - [MESSAGE][PASSED] - Text 'pitypricked' is set on object 'Object Repository/Backoffice/Clients/Registration/input_username'

2018-10-12 13:46:08 - [TEST_STEP][PASSED] - setText: Text '123123' is set on object 'Object Repository/Backoffice/Clients/Registration/input_password'

2018-10-12 13:46:09 - [MESSAGE][PASSED] - Text '123123' is set on object 'Object Repository/Backoffice/Clients/Registration/input_password'

2018-10-12 13:46:09 - [TEST_STEP][PASSED] - setText: Text '123123' is set on object 'Object Repository/Backoffice/Clients/Registration/input_confirmp'

2018-10-12 13:46:09 - [MESSAGE][PASSED] - Text '123123' is set on object 'Object Repository/Backoffice/Clients/Registration/input_confirmp'

2018-10-12 13:46:09 - [TEST_STEP][PASSED] - selectOptionByValue: All options with value 'test' are selected in object 'Object Repository/Backoffice/Clients/Registration/select_operatorcode' 

2018-10-12 13:46:09 - [MESSAGE][PASSED] - All options with value 'test' are selected in object 'Object Repository/Backoffice/Clients/Registration/select_operatorcode' 

2018-10-12 13:46:09 - [TEST_STEP][PASSED] - selectOptionByValue: All options with value '1' are selected in object 'Object Repository/Backoffice/Clients/Registration/select_status' 

2018-10-12 13:46:09 - [MESSAGE][PASSED] - All options with value '1' are selected in object 'Object Repository/Backoffice/Clients/Registration/select_status' 

2018-10-12 13:46:09 - [TEST_STEP][PASSED] - delay: Delayed 2 second(s)

2018-10-12 13:46:11 - [MESSAGE][PASSED] - Delayed 2 second(s)

2018-10-12 13:46:11 - [TEST_STEP][PASSED] - click: Object: 'Object Repository/Backoffice/Clients/Registration/button_Submit' is clicked on

2018-10-12 13:46:12 - [MESSAGE][PASSED] - Object: 'Object Repository/Backoffice/Clients/Registration/button_Submit' is clicked on

2018-10-12 13:46:12 - [TEST_STEP][PASSED] - delay: Delayed 2 second(s)

2018-10-12 13:46:14 - [MESSAGE][PASSED] - Delayed 2 second(s)]]></system-out>
         <system-err><![CDATA[]]></system-err>
      </testcase>
      <testcase name="Test Cases/Backoffice/RegisterAccount" classname="Test Cases/Backoffice/RegisterAccount" status="PASSED">
         <system-out><![CDATA[2018-10-12 13:46:14 - [TEST_CASE][PASSED] - Test Cases/Backoffice/RegisterAccount: Test Cases/Backoffice/RegisterAccount

2018-10-12 13:46:14 - [TEST_STEP][PASSED] - focus: Object: 'Object Repository/Backoffice/Clients/Clients' is focused

2018-10-12 13:46:14 - [MESSAGE][PASSED] - Object: 'Object Repository/Backoffice/Clients/Clients' is focused

2018-10-12 13:46:14 - [TEST_STEP][PASSED] - verifyElementPresent: Object 'Object Repository/Backoffice/Clients/Client Registration' is present

2018-10-12 13:46:14 - [MESSAGE][PASSED] - Object 'Object Repository/Backoffice/Clients/Client Registration' is present

2018-10-12 13:46:14 - [TEST_STEP][PASSED] - click: Object: 'Object Repository/Backoffice/Clients/Client Registration' is clicked on

2018-10-12 13:46:15 - [MESSAGE][PASSED] - Object: 'Object Repository/Backoffice/Clients/Client Registration' is clicked on

2018-10-12 13:46:15 - [TEST_STEP][PASSED] - setText: Text 'pyramidpainted' is set on object 'Object Repository/Backoffice/Clients/Registration/input_username'

2018-10-12 13:46:15 - [MESSAGE][PASSED] - Text 'pyramidpainted' is set on object 'Object Repository/Backoffice/Clients/Registration/input_username'

2018-10-12 13:46:15 - [TEST_STEP][PASSED] - setText: Text '123123' is set on object 'Object Repository/Backoffice/Clients/Registration/input_password'

2018-10-12 13:46:15 - [MESSAGE][PASSED] - Text '123123' is set on object 'Object Repository/Backoffice/Clients/Registration/input_password'

2018-10-12 13:46:15 - [TEST_STEP][PASSED] - setText: Text '123123' is set on object 'Object Repository/Backoffice/Clients/Registration/input_confirmp'

2018-10-12 13:46:15 - [MESSAGE][PASSED] - Text '123123' is set on object 'Object Repository/Backoffice/Clients/Registration/input_confirmp'

2018-10-12 13:46:15 - [TEST_STEP][PASSED] - selectOptionByValue: All options with value 'test' are selected in object 'Object Repository/Backoffice/Clients/Registration/select_operatorcode' 

2018-10-12 13:46:16 - [MESSAGE][PASSED] - All options with value 'test' are selected in object 'Object Repository/Backoffice/Clients/Registration/select_operatorcode' 

2018-10-12 13:46:16 - [TEST_STEP][PASSED] - selectOptionByValue: All options with value '1' are selected in object 'Object Repository/Backoffice/Clients/Registration/select_status' 

2018-10-12 13:46:16 - [MESSAGE][PASSED] - All options with value '1' are selected in object 'Object Repository/Backoffice/Clients/Registration/select_status' 

2018-10-12 13:46:16 - [TEST_STEP][PASSED] - delay: Delayed 2 second(s)

2018-10-12 13:46:18 - [MESSAGE][PASSED] - Delayed 2 second(s)

2018-10-12 13:46:18 - [TEST_STEP][PASSED] - click: Object: 'Object Repository/Backoffice/Clients/Registration/button_Submit' is clicked on

2018-10-12 13:46:19 - [MESSAGE][PASSED] - Object: 'Object Repository/Backoffice/Clients/Registration/button_Submit' is clicked on

2018-10-12 13:46:19 - [TEST_STEP][PASSED] - delay: Delayed 2 second(s)

2018-10-12 13:46:21 - [MESSAGE][PASSED] - Delayed 2 second(s)]]></system-out>
         <system-err><![CDATA[]]></system-err>
      </testcase>
      <testcase name="Test Cases/Backoffice/RegisterAccount" classname="Test Cases/Backoffice/RegisterAccount" status="PASSED">
         <system-out><![CDATA[2018-10-12 13:46:21 - [TEST_CASE][PASSED] - Test Cases/Backoffice/RegisterAccount: Test Cases/Backoffice/RegisterAccount

2018-10-12 13:46:21 - [TEST_STEP][PASSED] - focus: Object: 'Object Repository/Backoffice/Clients/Clients' is focused

2018-10-12 13:46:21 - [MESSAGE][PASSED] - Object: 'Object Repository/Backoffice/Clients/Clients' is focused

2018-10-12 13:46:21 - [TEST_STEP][PASSED] - verifyElementPresent: Object 'Object Repository/Backoffice/Clients/Client Registration' is present

2018-10-12 13:46:21 - [MESSAGE][PASSED] - Object 'Object Repository/Backoffice/Clients/Client Registration' is present

2018-10-12 13:46:21 - [TEST_STEP][PASSED] - click: Object: 'Object Repository/Backoffice/Clients/Client Registration' is clicked on

2018-10-12 13:46:22 - [MESSAGE][PASSED] - Object: 'Object Repository/Backoffice/Clients/Client Registration' is clicked on

2018-10-12 13:46:22 - [TEST_STEP][PASSED] - setText: Text 'popcornponcy' is set on object 'Object Repository/Backoffice/Clients/Registration/input_username'

2018-10-12 13:46:22 - [MESSAGE][PASSED] - Text 'popcornponcy' is set on object 'Object Repository/Backoffice/Clients/Registration/input_username'

2018-10-12 13:46:22 - [TEST_STEP][PASSED] - setText: Text '123123' is set on object 'Object Repository/Backoffice/Clients/Registration/input_password'

2018-10-12 13:46:22 - [MESSAGE][PASSED] - Text '123123' is set on object 'Object Repository/Backoffice/Clients/Registration/input_password'

2018-10-12 13:46:22 - [TEST_STEP][PASSED] - setText: Text '123123' is set on object 'Object Repository/Backoffice/Clients/Registration/input_confirmp'

2018-10-12 13:46:23 - [MESSAGE][PASSED] - Text '123123' is set on object 'Object Repository/Backoffice/Clients/Registration/input_confirmp'

2018-10-12 13:46:23 - [TEST_STEP][PASSED] - selectOptionByValue: All options with value 'test' are selected in object 'Object Repository/Backoffice/Clients/Registration/select_operatorcode' 

2018-10-12 13:46:23 - [MESSAGE][PASSED] - All options with value 'test' are selected in object 'Object Repository/Backoffice/Clients/Registration/select_operatorcode' 

2018-10-12 13:46:23 - [TEST_STEP][PASSED] - selectOptionByValue: All options with value '1' are selected in object 'Object Repository/Backoffice/Clients/Registration/select_status' 

2018-10-12 13:46:23 - [MESSAGE][PASSED] - All options with value '1' are selected in object 'Object Repository/Backoffice/Clients/Registration/select_status' 

2018-10-12 13:46:23 - [TEST_STEP][PASSED] - delay: Delayed 2 second(s)

2018-10-12 13:46:25 - [MESSAGE][PASSED] - Delayed 2 second(s)

2018-10-12 13:46:25 - [TEST_STEP][PASSED] - click: Object: 'Object Repository/Backoffice/Clients/Registration/button_Submit' is clicked on

2018-10-12 13:46:26 - [MESSAGE][PASSED] - Object: 'Object Repository/Backoffice/Clients/Registration/button_Submit' is clicked on

2018-10-12 13:46:26 - [TEST_STEP][PASSED] - delay: Delayed 2 second(s)

2018-10-12 13:46:28 - [MESSAGE][PASSED] - Delayed 2 second(s)]]></system-out>
         <system-err><![CDATA[]]></system-err>
      </testcase>
      <testcase name="Test Cases/Backoffice/RegisterAccount" classname="Test Cases/Backoffice/RegisterAccount" status="PASSED">
         <system-out><![CDATA[2018-10-12 13:46:28 - [TEST_CASE][PASSED] - Test Cases/Backoffice/RegisterAccount: Test Cases/Backoffice/RegisterAccount

2018-10-12 13:46:28 - [TEST_STEP][PASSED] - focus: Object: 'Object Repository/Backoffice/Clients/Clients' is focused

2018-10-12 13:46:28 - [MESSAGE][PASSED] - Object: 'Object Repository/Backoffice/Clients/Clients' is focused

2018-10-12 13:46:28 - [TEST_STEP][PASSED] - verifyElementPresent: Object 'Object Repository/Backoffice/Clients/Client Registration' is present

2018-10-12 13:46:28 - [MESSAGE][PASSED] - Object 'Object Repository/Backoffice/Clients/Client Registration' is present

2018-10-12 13:46:28 - [TEST_STEP][PASSED] - click: Object: 'Object Repository/Backoffice/Clients/Client Registration' is clicked on

2018-10-12 13:46:29 - [MESSAGE][PASSED] - Object: 'Object Repository/Backoffice/Clients/Client Registration' is clicked on

2018-10-12 13:46:29 - [TEST_STEP][PASSED] - setText: Text 'politepouldy' is set on object 'Object Repository/Backoffice/Clients/Registration/input_username'

2018-10-12 13:46:29 - [MESSAGE][PASSED] - Text 'politepouldy' is set on object 'Object Repository/Backoffice/Clients/Registration/input_username'

2018-10-12 13:46:29 - [TEST_STEP][PASSED] - setText: Text '123123' is set on object 'Object Repository/Backoffice/Clients/Registration/input_password'

2018-10-12 13:46:29 - [MESSAGE][PASSED] - Text '123123' is set on object 'Object Repository/Backoffice/Clients/Registration/input_password'

2018-10-12 13:46:29 - [TEST_STEP][PASSED] - setText: Text '123123' is set on object 'Object Repository/Backoffice/Clients/Registration/input_confirmp'

2018-10-12 13:46:29 - [MESSAGE][PASSED] - Text '123123' is set on object 'Object Repository/Backoffice/Clients/Registration/input_confirmp'

2018-10-12 13:46:29 - [TEST_STEP][PASSED] - selectOptionByValue: All options with value 'test' are selected in object 'Object Repository/Backoffice/Clients/Registration/select_operatorcode' 

2018-10-12 13:46:29 - [MESSAGE][PASSED] - All options with value 'test' are selected in object 'Object Repository/Backoffice/Clients/Registration/select_operatorcode' 

2018-10-12 13:46:29 - [TEST_STEP][PASSED] - selectOptionByValue: All options with value '1' are selected in object 'Object Repository/Backoffice/Clients/Registration/select_status' 

2018-10-12 13:46:29 - [MESSAGE][PASSED] - All options with value '1' are selected in object 'Object Repository/Backoffice/Clients/Registration/select_status' 

2018-10-12 13:46:29 - [TEST_STEP][PASSED] - delay: Delayed 2 second(s)

2018-10-12 13:46:31 - [MESSAGE][PASSED] - Delayed 2 second(s)

2018-10-12 13:46:31 - [TEST_STEP][PASSED] - click: Object: 'Object Repository/Backoffice/Clients/Registration/button_Submit' is clicked on

2018-10-12 13:46:33 - [MESSAGE][PASSED] - Object: 'Object Repository/Backoffice/Clients/Registration/button_Submit' is clicked on

2018-10-12 13:46:33 - [TEST_STEP][PASSED] - delay: Delayed 2 second(s)

2018-10-12 13:46:35 - [MESSAGE][PASSED] - Delayed 2 second(s)]]></system-out>
         <system-err><![CDATA[]]></system-err>
      </testcase>
      <testcase name="Test Cases/Backoffice/RegisterAccount" classname="Test Cases/Backoffice/RegisterAccount" status="PASSED">
         <system-out><![CDATA[2018-10-12 13:46:35 - [TEST_CASE][PASSED] - Test Cases/Backoffice/RegisterAccount: Test Cases/Backoffice/RegisterAccount

2018-10-12 13:46:35 - [TEST_STEP][PASSED] - focus: Object: 'Object Repository/Backoffice/Clients/Clients' is focused

2018-10-12 13:46:35 - [MESSAGE][PASSED] - Object: 'Object Repository/Backoffice/Clients/Clients' is focused

2018-10-12 13:46:35 - [TEST_STEP][PASSED] - verifyElementPresent: Object 'Object Repository/Backoffice/Clients/Client Registration' is present

2018-10-12 13:46:35 - [MESSAGE][PASSED] - Object 'Object Repository/Backoffice/Clients/Client Registration' is present

2018-10-12 13:46:35 - [TEST_STEP][PASSED] - click: Object: 'Object Repository/Backoffice/Clients/Client Registration' is clicked on

2018-10-12 13:46:35 - [MESSAGE][PASSED] - Object: 'Object Repository/Backoffice/Clients/Client Registration' is clicked on

2018-10-12 13:46:35 - [TEST_STEP][PASSED] - setText: Text 'panspeppermint' is set on object 'Object Repository/Backoffice/Clients/Registration/input_username'

2018-10-12 13:46:36 - [MESSAGE][PASSED] - Text 'panspeppermint' is set on object 'Object Repository/Backoffice/Clients/Registration/input_username'

2018-10-12 13:46:36 - [TEST_STEP][PASSED] - setText: Text '123123' is set on object 'Object Repository/Backoffice/Clients/Registration/input_password'

2018-10-12 13:46:36 - [MESSAGE][PASSED] - Text '123123' is set on object 'Object Repository/Backoffice/Clients/Registration/input_password'

2018-10-12 13:46:36 - [TEST_STEP][PASSED] - setText: Text '123123' is set on object 'Object Repository/Backoffice/Clients/Registration/input_confirmp'

2018-10-12 13:46:36 - [MESSAGE][PASSED] - Text '123123' is set on object 'Object Repository/Backoffice/Clients/Registration/input_confirmp'

2018-10-12 13:46:36 - [TEST_STEP][PASSED] - selectOptionByValue: All options with value 'test' are selected in object 'Object Repository/Backoffice/Clients/Registration/select_operatorcode' 

2018-10-12 13:46:36 - [MESSAGE][PASSED] - All options with value 'test' are selected in object 'Object Repository/Backoffice/Clients/Registration/select_operatorcode' 

2018-10-12 13:46:36 - [TEST_STEP][PASSED] - selectOptionByValue: All options with value '1' are selected in object 'Object Repository/Backoffice/Clients/Registration/select_status' 

2018-10-12 13:46:36 - [MESSAGE][PASSED] - All options with value '1' are selected in object 'Object Repository/Backoffice/Clients/Registration/select_status' 

2018-10-12 13:46:36 - [TEST_STEP][PASSED] - delay: Delayed 2 second(s)

2018-10-12 13:46:38 - [MESSAGE][PASSED] - Delayed 2 second(s)

2018-10-12 13:46:38 - [TEST_STEP][PASSED] - click: Object: 'Object Repository/Backoffice/Clients/Registration/button_Submit' is clicked on

2018-10-12 13:46:39 - [MESSAGE][PASSED] - Object: 'Object Repository/Backoffice/Clients/Registration/button_Submit' is clicked on

2018-10-12 13:46:39 - [TEST_STEP][PASSED] - delay: Delayed 2 second(s)

2018-10-12 13:46:41 - [MESSAGE][PASSED] - Delayed 2 second(s)]]></system-out>
         <system-err><![CDATA[]]></system-err>
      </testcase>
      <testcase name="Test Cases/Backoffice/RegisterAccount" classname="Test Cases/Backoffice/RegisterAccount" status="PASSED">
         <system-out><![CDATA[2018-10-12 13:46:41 - [TEST_CASE][PASSED] - Test Cases/Backoffice/RegisterAccount: Test Cases/Backoffice/RegisterAccount

2018-10-12 13:46:41 - [TEST_STEP][PASSED] - focus: Object: 'Object Repository/Backoffice/Clients/Clients' is focused

2018-10-12 13:46:41 - [MESSAGE][PASSED] - Object: 'Object Repository/Backoffice/Clients/Clients' is focused

2018-10-12 13:46:41 - [TEST_STEP][PASSED] - verifyElementPresent: Object 'Object Repository/Backoffice/Clients/Client Registration' is present

2018-10-12 13:46:41 - [MESSAGE][PASSED] - Object 'Object Repository/Backoffice/Clients/Client Registration' is present

2018-10-12 13:46:41 - [TEST_STEP][PASSED] - click: Object: 'Object Repository/Backoffice/Clients/Client Registration' is clicked on

2018-10-12 13:46:42 - [MESSAGE][PASSED] - Object: 'Object Repository/Backoffice/Clients/Client Registration' is clicked on

2018-10-12 13:46:42 - [TEST_STEP][PASSED] - setText: Text 'phoenixpint' is set on object 'Object Repository/Backoffice/Clients/Registration/input_username'

2018-10-12 13:46:42 - [MESSAGE][PASSED] - Text 'phoenixpint' is set on object 'Object Repository/Backoffice/Clients/Registration/input_username'

2018-10-12 13:46:42 - [TEST_STEP][PASSED] - setText: Text '123123' is set on object 'Object Repository/Backoffice/Clients/Registration/input_password'

2018-10-12 13:46:43 - [MESSAGE][PASSED] - Text '123123' is set on object 'Object Repository/Backoffice/Clients/Registration/input_password'

2018-10-12 13:46:43 - [TEST_STEP][PASSED] - setText: Text '123123' is set on object 'Object Repository/Backoffice/Clients/Registration/input_confirmp'

2018-10-12 13:46:43 - [MESSAGE][PASSED] - Text '123123' is set on object 'Object Repository/Backoffice/Clients/Registration/input_confirmp'

2018-10-12 13:46:43 - [TEST_STEP][PASSED] - selectOptionByValue: All options with value 'test' are selected in object 'Object Repository/Backoffice/Clients/Registration/select_operatorcode' 

2018-10-12 13:46:43 - [MESSAGE][PASSED] - All options with value 'test' are selected in object 'Object Repository/Backoffice/Clients/Registration/select_operatorcode' 

2018-10-12 13:46:43 - [TEST_STEP][PASSED] - selectOptionByValue: All options with value '1' are selected in object 'Object Repository/Backoffice/Clients/Registration/select_status' 

2018-10-12 13:46:43 - [MESSAGE][PASSED] - All options with value '1' are selected in object 'Object Repository/Backoffice/Clients/Registration/select_status' 

2018-10-12 13:46:43 - [TEST_STEP][PASSED] - delay: Delayed 2 second(s)

2018-10-12 13:46:45 - [MESSAGE][PASSED] - Delayed 2 second(s)

2018-10-12 13:46:45 - [TEST_STEP][PASSED] - click: Object: 'Object Repository/Backoffice/Clients/Registration/button_Submit' is clicked on

2018-10-12 13:46:46 - [MESSAGE][PASSED] - Object: 'Object Repository/Backoffice/Clients/Registration/button_Submit' is clicked on

2018-10-12 13:46:46 - [TEST_STEP][PASSED] - delay: Delayed 2 second(s)

2018-10-12 13:46:48 - [MESSAGE][PASSED] - Delayed 2 second(s)]]></system-out>
         <system-err><![CDATA[]]></system-err>
      </testcase>
      <testcase name="Test Cases/Backoffice/RegisterAccount" classname="Test Cases/Backoffice/RegisterAccount" status="PASSED">
         <system-out><![CDATA[2018-10-12 13:46:48 - [TEST_CASE][PASSED] - Test Cases/Backoffice/RegisterAccount: Test Cases/Backoffice/RegisterAccount

2018-10-12 13:46:49 - [TEST_STEP][PASSED] - focus: Object: 'Object Repository/Backoffice/Clients/Clients' is focused

2018-10-12 13:46:49 - [MESSAGE][PASSED] - Object: 'Object Repository/Backoffice/Clients/Clients' is focused

2018-10-12 13:46:49 - [TEST_STEP][PASSED] - verifyElementPresent: Object 'Object Repository/Backoffice/Clients/Client Registration' is present

2018-10-12 13:46:49 - [MESSAGE][PASSED] - Object 'Object Repository/Backoffice/Clients/Client Registration' is present

2018-10-12 13:46:49 - [TEST_STEP][PASSED] - click: Object: 'Object Repository/Backoffice/Clients/Client Registration' is clicked on

2018-10-12 13:46:49 - [MESSAGE][PASSED] - Object: 'Object Repository/Backoffice/Clients/Client Registration' is clicked on

2018-10-12 13:46:49 - [TEST_STEP][PASSED] - setText: Text 'pickprint' is set on object 'Object Repository/Backoffice/Clients/Registration/input_username'

2018-10-12 13:46:49 - [MESSAGE][PASSED] - Text 'pickprint' is set on object 'Object Repository/Backoffice/Clients/Registration/input_username'

2018-10-12 13:46:49 - [TEST_STEP][PASSED] - setText: Text '123123' is set on object 'Object Repository/Backoffice/Clients/Registration/input_password'

2018-10-12 13:46:50 - [MESSAGE][PASSED] - Text '123123' is set on object 'Object Repository/Backoffice/Clients/Registration/input_password'

2018-10-12 13:46:50 - [TEST_STEP][PASSED] - setText: Text '123123' is set on object 'Object Repository/Backoffice/Clients/Registration/input_confirmp'

2018-10-12 13:46:50 - [MESSAGE][PASSED] - Text '123123' is set on object 'Object Repository/Backoffice/Clients/Registration/input_confirmp'

2018-10-12 13:46:50 - [TEST_STEP][PASSED] - selectOptionByValue: All options with value 'test' are selected in object 'Object Repository/Backoffice/Clients/Registration/select_operatorcode' 

2018-10-12 13:46:50 - [MESSAGE][PASSED] - All options with value 'test' are selected in object 'Object Repository/Backoffice/Clients/Registration/select_operatorcode' 

2018-10-12 13:46:50 - [TEST_STEP][PASSED] - selectOptionByValue: All options with value '1' are selected in object 'Object Repository/Backoffice/Clients/Registration/select_status' 

2018-10-12 13:46:50 - [MESSAGE][PASSED] - All options with value '1' are selected in object 'Object Repository/Backoffice/Clients/Registration/select_status' 

2018-10-12 13:46:50 - [TEST_STEP][PASSED] - delay: Delayed 2 second(s)

2018-10-12 13:46:52 - [MESSAGE][PASSED] - Delayed 2 second(s)

2018-10-12 13:46:52 - [TEST_STEP][PASSED] - click: Object: 'Object Repository/Backoffice/Clients/Registration/button_Submit' is clicked on

2018-10-12 13:46:53 - [MESSAGE][PASSED] - Object: 'Object Repository/Backoffice/Clients/Registration/button_Submit' is clicked on

2018-10-12 13:46:53 - [TEST_STEP][PASSED] - delay: Delayed 2 second(s)

2018-10-12 13:46:55 - [MESSAGE][PASSED] - Delayed 2 second(s)]]></system-out>
         <system-err><![CDATA[]]></system-err>
      </testcase>
      <testcase name="Test Cases/Backoffice/RegisterAccount" classname="Test Cases/Backoffice/RegisterAccount" status="PASSED">
         <system-out><![CDATA[2018-10-12 13:46:55 - [TEST_CASE][PASSED] - Test Cases/Backoffice/RegisterAccount: Test Cases/Backoffice/RegisterAccount

2018-10-12 13:46:55 - [TEST_STEP][PASSED] - focus: Object: 'Object Repository/Backoffice/Clients/Clients' is focused

2018-10-12 13:46:55 - [MESSAGE][PASSED] - Object: 'Object Repository/Backoffice/Clients/Clients' is focused

2018-10-12 13:46:55 - [TEST_STEP][PASSED] - verifyElementPresent: Object 'Object Repository/Backoffice/Clients/Client Registration' is present

2018-10-12 13:46:55 - [MESSAGE][PASSED] - Object 'Object Repository/Backoffice/Clients/Client Registration' is present

2018-10-12 13:46:55 - [TEST_STEP][PASSED] - click: Object: 'Object Repository/Backoffice/Clients/Client Registration' is clicked on

2018-10-12 13:46:56 - [MESSAGE][PASSED] - Object: 'Object Repository/Backoffice/Clients/Client Registration' is clicked on

2018-10-12 13:46:56 - [TEST_STEP][PASSED] - setText: Text 'postulatepansy' is set on object 'Object Repository/Backoffice/Clients/Registration/input_username'

2018-10-12 13:46:56 - [MESSAGE][PASSED] - Text 'postulatepansy' is set on object 'Object Repository/Backoffice/Clients/Registration/input_username'

2018-10-12 13:46:56 - [TEST_STEP][PASSED] - setText: Text '123123' is set on object 'Object Repository/Backoffice/Clients/Registration/input_password'

2018-10-12 13:46:56 - [MESSAGE][PASSED] - Text '123123' is set on object 'Object Repository/Backoffice/Clients/Registration/input_password'

2018-10-12 13:46:56 - [TEST_STEP][PASSED] - setText: Text '123123' is set on object 'Object Repository/Backoffice/Clients/Registration/input_confirmp'

2018-10-12 13:46:56 - [MESSAGE][PASSED] - Text '123123' is set on object 'Object Repository/Backoffice/Clients/Registration/input_confirmp'

2018-10-12 13:46:56 - [TEST_STEP][PASSED] - selectOptionByValue: All options with value 'test' are selected in object 'Object Repository/Backoffice/Clients/Registration/select_operatorcode' 

2018-10-12 13:46:56 - [MESSAGE][PASSED] - All options with value 'test' are selected in object 'Object Repository/Backoffice/Clients/Registration/select_operatorcode' 

2018-10-12 13:46:56 - [TEST_STEP][PASSED] - selectOptionByValue: All options with value '1' are selected in object 'Object Repository/Backoffice/Clients/Registration/select_status' 

2018-10-12 13:46:56 - [MESSAGE][PASSED] - All options with value '1' are selected in object 'Object Repository/Backoffice/Clients/Registration/select_status' 

2018-10-12 13:46:56 - [TEST_STEP][PASSED] - delay: Delayed 2 second(s)

2018-10-12 13:46:58 - [MESSAGE][PASSED] - Delayed 2 second(s)

2018-10-12 13:46:58 - [TEST_STEP][PASSED] - click: Object: 'Object Repository/Backoffice/Clients/Registration/button_Submit' is clicked on

2018-10-12 13:47:00 - [MESSAGE][PASSED] - Object: 'Object Repository/Backoffice/Clients/Registration/button_Submit' is clicked on

2018-10-12 13:47:00 - [TEST_STEP][PASSED] - delay: Delayed 2 second(s)

2018-10-12 13:47:02 - [MESSAGE][PASSED] - Delayed 2 second(s)]]></system-out>
         <system-err><![CDATA[]]></system-err>
      </testcase>
      <testcase name="Test Cases/Backoffice/RegisterAccount" classname="Test Cases/Backoffice/RegisterAccount" status="PASSED">
         <system-out><![CDATA[2018-10-12 13:47:02 - [TEST_CASE][PASSED] - Test Cases/Backoffice/RegisterAccount: Test Cases/Backoffice/RegisterAccount

2018-10-12 13:47:02 - [TEST_STEP][PASSED] - focus: Object: 'Object Repository/Backoffice/Clients/Clients' is focused

2018-10-12 13:47:02 - [MESSAGE][PASSED] - Object: 'Object Repository/Backoffice/Clients/Clients' is focused

2018-10-12 13:47:02 - [TEST_STEP][PASSED] - verifyElementPresent: Object 'Object Repository/Backoffice/Clients/Client Registration' is present

2018-10-12 13:47:02 - [MESSAGE][PASSED] - Object 'Object Repository/Backoffice/Clients/Client Registration' is present

2018-10-12 13:47:02 - [TEST_STEP][PASSED] - click: Object: 'Object Repository/Backoffice/Clients/Client Registration' is clicked on

2018-10-12 13:47:02 - [MESSAGE][PASSED] - Object: 'Object Repository/Backoffice/Clients/Client Registration' is clicked on

2018-10-12 13:47:02 - [TEST_STEP][PASSED] - setText: Text 'policemanpolaroid' is set on object 'Object Repository/Backoffice/Clients/Registration/input_username'

2018-10-12 13:47:03 - [MESSAGE][PASSED] - Text 'policemanpolaroid' is set on object 'Object Repository/Backoffice/Clients/Registration/input_username'

2018-10-12 13:47:03 - [TEST_STEP][PASSED] - setText: Text '123123' is set on object 'Object Repository/Backoffice/Clients/Registration/input_password'

2018-10-12 13:47:03 - [MESSAGE][PASSED] - Text '123123' is set on object 'Object Repository/Backoffice/Clients/Registration/input_password'

2018-10-12 13:47:03 - [TEST_STEP][PASSED] - setText: Text '123123' is set on object 'Object Repository/Backoffice/Clients/Registration/input_confirmp'

2018-10-12 13:47:03 - [MESSAGE][PASSED] - Text '123123' is set on object 'Object Repository/Backoffice/Clients/Registration/input_confirmp'

2018-10-12 13:47:03 - [TEST_STEP][PASSED] - selectOptionByValue: All options with value 'test' are selected in object 'Object Repository/Backoffice/Clients/Registration/select_operatorcode' 

2018-10-12 13:47:03 - [MESSAGE][PASSED] - All options with value 'test' are selected in object 'Object Repository/Backoffice/Clients/Registration/select_operatorcode' 

2018-10-12 13:47:03 - [TEST_STEP][PASSED] - selectOptionByValue: All options with value '1' are selected in object 'Object Repository/Backoffice/Clients/Registration/select_status' 

2018-10-12 13:47:03 - [MESSAGE][PASSED] - All options with value '1' are selected in object 'Object Repository/Backoffice/Clients/Registration/select_status' 

2018-10-12 13:47:03 - [TEST_STEP][PASSED] - delay: Delayed 2 second(s)

2018-10-12 13:47:05 - [MESSAGE][PASSED] - Delayed 2 second(s)

2018-10-12 13:47:05 - [TEST_STEP][PASSED] - click: Object: 'Object Repository/Backoffice/Clients/Registration/button_Submit' is clicked on

2018-10-12 13:47:06 - [MESSAGE][PASSED] - Object: 'Object Repository/Backoffice/Clients/Registration/button_Submit' is clicked on

2018-10-12 13:47:06 - [TEST_STEP][PASSED] - delay: Delayed 2 second(s)

2018-10-12 13:47:08 - [MESSAGE][PASSED] - Delayed 2 second(s)]]></system-out>
         <system-err><![CDATA[]]></system-err>
      </testcase>
      <testcase name="Test Cases/Backoffice/RegisterAccount" classname="Test Cases/Backoffice/RegisterAccount" status="PASSED">
         <system-out><![CDATA[2018-10-12 13:47:08 - [TEST_CASE][PASSED] - Test Cases/Backoffice/RegisterAccount: Test Cases/Backoffice/RegisterAccount

2018-10-12 13:47:08 - [TEST_STEP][PASSED] - focus: Object: 'Object Repository/Backoffice/Clients/Clients' is focused

2018-10-12 13:47:08 - [MESSAGE][PASSED] - Object: 'Object Repository/Backoffice/Clients/Clients' is focused

2018-10-12 13:47:08 - [TEST_STEP][PASSED] - verifyElementPresent: Object 'Object Repository/Backoffice/Clients/Client Registration' is present

2018-10-12 13:47:08 - [MESSAGE][PASSED] - Object 'Object Repository/Backoffice/Clients/Client Registration' is present

2018-10-12 13:47:08 - [TEST_STEP][PASSED] - click: Object: 'Object Repository/Backoffice/Clients/Client Registration' is clicked on

2018-10-12 13:47:09 - [MESSAGE][PASSED] - Object: 'Object Repository/Backoffice/Clients/Client Registration' is clicked on

2018-10-12 13:47:09 - [TEST_STEP][PASSED] - setText: Text 'porridgepoached' is set on object 'Object Repository/Backoffice/Clients/Registration/input_username'

2018-10-12 13:47:09 - [MESSAGE][PASSED] - Text 'porridgepoached' is set on object 'Object Repository/Backoffice/Clients/Registration/input_username'

2018-10-12 13:47:09 - [TEST_STEP][PASSED] - setText: Text '123123' is set on object 'Object Repository/Backoffice/Clients/Registration/input_password'

2018-10-12 13:47:09 - [MESSAGE][PASSED] - Text '123123' is set on object 'Object Repository/Backoffice/Clients/Registration/input_password'

2018-10-12 13:47:09 - [TEST_STEP][PASSED] - setText: Text '123123' is set on object 'Object Repository/Backoffice/Clients/Registration/input_confirmp'

2018-10-12 13:47:09 - [MESSAGE][PASSED] - Text '123123' is set on object 'Object Repository/Backoffice/Clients/Registration/input_confirmp'

2018-10-12 13:47:09 - [TEST_STEP][PASSED] - selectOptionByValue: All options with value 'test' are selected in object 'Object Repository/Backoffice/Clients/Registration/select_operatorcode' 

2018-10-12 13:47:09 - [MESSAGE][PASSED] - All options with value 'test' are selected in object 'Object Repository/Backoffice/Clients/Registration/select_operatorcode' 

2018-10-12 13:47:09 - [TEST_STEP][PASSED] - selectOptionByValue: All options with value '1' are selected in object 'Object Repository/Backoffice/Clients/Registration/select_status' 

2018-10-12 13:47:09 - [MESSAGE][PASSED] - All options with value '1' are selected in object 'Object Repository/Backoffice/Clients/Registration/select_status' 

2018-10-12 13:47:09 - [TEST_STEP][PASSED] - delay: Delayed 2 second(s)

2018-10-12 13:47:11 - [MESSAGE][PASSED] - Delayed 2 second(s)

2018-10-12 13:47:11 - [TEST_STEP][PASSED] - click: Object: 'Object Repository/Backoffice/Clients/Registration/button_Submit' is clicked on

2018-10-12 13:47:13 - [MESSAGE][PASSED] - Object: 'Object Repository/Backoffice/Clients/Registration/button_Submit' is clicked on

2018-10-12 13:47:13 - [TEST_STEP][PASSED] - delay: Delayed 2 second(s)

2018-10-12 13:47:15 - [MESSAGE][PASSED] - Delayed 2 second(s)]]></system-out>
         <system-err><![CDATA[]]></system-err>
      </testcase>
      <testcase name="Test Cases/Backoffice/RegisterAccount" classname="Test Cases/Backoffice/RegisterAccount" status="PASSED">
         <system-out><![CDATA[2018-10-12 13:47:15 - [TEST_CASE][PASSED] - Test Cases/Backoffice/RegisterAccount: Test Cases/Backoffice/RegisterAccount

2018-10-12 13:47:15 - [TEST_STEP][PASSED] - focus: Object: 'Object Repository/Backoffice/Clients/Clients' is focused

2018-10-12 13:47:15 - [MESSAGE][PASSED] - Object: 'Object Repository/Backoffice/Clients/Clients' is focused

2018-10-12 13:47:15 - [TEST_STEP][PASSED] - verifyElementPresent: Object 'Object Repository/Backoffice/Clients/Client Registration' is present

2018-10-12 13:47:15 - [MESSAGE][PASSED] - Object 'Object Repository/Backoffice/Clients/Client Registration' is present

2018-10-12 13:47:15 - [TEST_STEP][PASSED] - click: Object: 'Object Repository/Backoffice/Clients/Client Registration' is clicked on

2018-10-12 13:47:15 - [MESSAGE][PASSED] - Object: 'Object Repository/Backoffice/Clients/Client Registration' is clicked on

2018-10-12 13:47:15 - [TEST_STEP][PASSED] - setText: Text 'preparepacked' is set on object 'Object Repository/Backoffice/Clients/Registration/input_username'

2018-10-12 13:47:15 - [MESSAGE][PASSED] - Text 'preparepacked' is set on object 'Object Repository/Backoffice/Clients/Registration/input_username'

2018-10-12 13:47:15 - [TEST_STEP][PASSED] - setText: Text '123123' is set on object 'Object Repository/Backoffice/Clients/Registration/input_password'

2018-10-12 13:47:15 - [MESSAGE][PASSED] - Text '123123' is set on object 'Object Repository/Backoffice/Clients/Registration/input_password'

2018-10-12 13:47:15 - [TEST_STEP][PASSED] - setText: Text '123123' is set on object 'Object Repository/Backoffice/Clients/Registration/input_confirmp'

2018-10-12 13:47:16 - [MESSAGE][PASSED] - Text '123123' is set on object 'Object Repository/Backoffice/Clients/Registration/input_confirmp'

2018-10-12 13:47:16 - [TEST_STEP][PASSED] - selectOptionByValue: All options with value 'test' are selected in object 'Object Repository/Backoffice/Clients/Registration/select_operatorcode' 

2018-10-12 13:47:16 - [MESSAGE][PASSED] - All options with value 'test' are selected in object 'Object Repository/Backoffice/Clients/Registration/select_operatorcode' 

2018-10-12 13:47:16 - [TEST_STEP][PASSED] - selectOptionByValue: All options with value '1' are selected in object 'Object Repository/Backoffice/Clients/Registration/select_status' 

2018-10-12 13:47:16 - [MESSAGE][PASSED] - All options with value '1' are selected in object 'Object Repository/Backoffice/Clients/Registration/select_status' 

2018-10-12 13:47:16 - [TEST_STEP][PASSED] - delay: Delayed 2 second(s)

2018-10-12 13:47:18 - [MESSAGE][PASSED] - Delayed 2 second(s)

2018-10-12 13:47:18 - [TEST_STEP][PASSED] - click: Object: 'Object Repository/Backoffice/Clients/Registration/button_Submit' is clicked on

2018-10-12 13:47:19 - [MESSAGE][PASSED] - Object: 'Object Repository/Backoffice/Clients/Registration/button_Submit' is clicked on

2018-10-12 13:47:19 - [TEST_STEP][PASSED] - delay: Delayed 2 second(s)

2018-10-12 13:47:21 - [MESSAGE][PASSED] - Delayed 2 second(s)]]></system-out>
         <system-err><![CDATA[]]></system-err>
      </testcase>
      <testcase name="Test Cases/Backoffice/RegisterAccount" classname="Test Cases/Backoffice/RegisterAccount" status="PASSED">
         <system-out><![CDATA[2018-10-12 13:47:21 - [TEST_CASE][PASSED] - Test Cases/Backoffice/RegisterAccount: Test Cases/Backoffice/RegisterAccount

2018-10-12 13:47:21 - [TEST_STEP][PASSED] - focus: Object: 'Object Repository/Backoffice/Clients/Clients' is focused

2018-10-12 13:47:21 - [MESSAGE][PASSED] - Object: 'Object Repository/Backoffice/Clients/Clients' is focused

2018-10-12 13:47:21 - [TEST_STEP][PASSED] - verifyElementPresent: Object 'Object Repository/Backoffice/Clients/Client Registration' is present

2018-10-12 13:47:21 - [MESSAGE][PASSED] - Object 'Object Repository/Backoffice/Clients/Client Registration' is present

2018-10-12 13:47:21 - [TEST_STEP][PASSED] - click: Object: 'Object Repository/Backoffice/Clients/Client Registration' is clicked on

2018-10-12 13:47:22 - [MESSAGE][PASSED] - Object: 'Object Repository/Backoffice/Clients/Client Registration' is clicked on

2018-10-12 13:47:22 - [TEST_STEP][PASSED] - setText: Text 'pappusperegrine' is set on object 'Object Repository/Backoffice/Clients/Registration/input_username'

2018-10-12 13:47:22 - [MESSAGE][PASSED] - Text 'pappusperegrine' is set on object 'Object Repository/Backoffice/Clients/Registration/input_username'

2018-10-12 13:47:22 - [TEST_STEP][PASSED] - setText: Text '123123' is set on object 'Object Repository/Backoffice/Clients/Registration/input_password'

2018-10-12 13:47:22 - [MESSAGE][PASSED] - Text '123123' is set on object 'Object Repository/Backoffice/Clients/Registration/input_password'

2018-10-12 13:47:22 - [TEST_STEP][PASSED] - setText: Text '123123' is set on object 'Object Repository/Backoffice/Clients/Registration/input_confirmp'

2018-10-12 13:47:22 - [MESSAGE][PASSED] - Text '123123' is set on object 'Object Repository/Backoffice/Clients/Registration/input_confirmp'

2018-10-12 13:47:22 - [TEST_STEP][PASSED] - selectOptionByValue: All options with value 'test' are selected in object 'Object Repository/Backoffice/Clients/Registration/select_operatorcode' 

2018-10-12 13:47:23 - [MESSAGE][PASSED] - All options with value 'test' are selected in object 'Object Repository/Backoffice/Clients/Registration/select_operatorcode' 

2018-10-12 13:47:23 - [TEST_STEP][PASSED] - selectOptionByValue: All options with value '1' are selected in object 'Object Repository/Backoffice/Clients/Registration/select_status' 

2018-10-12 13:47:23 - [MESSAGE][PASSED] - All options with value '1' are selected in object 'Object Repository/Backoffice/Clients/Registration/select_status' 

2018-10-12 13:47:23 - [TEST_STEP][PASSED] - delay: Delayed 2 second(s)

2018-10-12 13:47:25 - [MESSAGE][PASSED] - Delayed 2 second(s)

2018-10-12 13:47:25 - [TEST_STEP][PASSED] - click: Object: 'Object Repository/Backoffice/Clients/Registration/button_Submit' is clicked on

2018-10-12 13:47:26 - [MESSAGE][PASSED] - Object: 'Object Repository/Backoffice/Clients/Registration/button_Submit' is clicked on

2018-10-12 13:47:26 - [TEST_STEP][PASSED] - delay: Delayed 2 second(s)

2018-10-12 13:47:28 - [MESSAGE][PASSED] - Delayed 2 second(s)]]></system-out>
         <system-err><![CDATA[]]></system-err>
      </testcase>
      <testcase name="Test Cases/Backoffice/RegisterAccount" classname="Test Cases/Backoffice/RegisterAccount" status="PASSED">
         <system-out><![CDATA[2018-10-12 13:47:28 - [TEST_CASE][PASSED] - Test Cases/Backoffice/RegisterAccount: Test Cases/Backoffice/RegisterAccount

2018-10-12 13:47:28 - [TEST_STEP][PASSED] - focus: Object: 'Object Repository/Backoffice/Clients/Clients' is focused

2018-10-12 13:47:28 - [MESSAGE][PASSED] - Object: 'Object Repository/Backoffice/Clients/Clients' is focused

2018-10-12 13:47:28 - [TEST_STEP][PASSED] - verifyElementPresent: Object 'Object Repository/Backoffice/Clients/Client Registration' is present

2018-10-12 13:47:28 - [MESSAGE][PASSED] - Object 'Object Repository/Backoffice/Clients/Client Registration' is present

2018-10-12 13:47:28 - [TEST_STEP][PASSED] - click: Object: 'Object Repository/Backoffice/Clients/Client Registration' is clicked on

2018-10-12 13:47:29 - [MESSAGE][PASSED] - Object: 'Object Repository/Backoffice/Clients/Client Registration' is clicked on

2018-10-12 13:47:29 - [TEST_STEP][PASSED] - setText: Text 'plonkputting' is set on object 'Object Repository/Backoffice/Clients/Registration/input_username'

2018-10-12 13:47:29 - [MESSAGE][PASSED] - Text 'plonkputting' is set on object 'Object Repository/Backoffice/Clients/Registration/input_username'

2018-10-12 13:47:29 - [TEST_STEP][PASSED] - setText: Text '123123' is set on object 'Object Repository/Backoffice/Clients/Registration/input_password'

2018-10-12 13:47:29 - [MESSAGE][PASSED] - Text '123123' is set on object 'Object Repository/Backoffice/Clients/Registration/input_password'

2018-10-12 13:47:29 - [TEST_STEP][PASSED] - setText: Text '123123' is set on object 'Object Repository/Backoffice/Clients/Registration/input_confirmp'

2018-10-12 13:47:29 - [MESSAGE][PASSED] - Text '123123' is set on object 'Object Repository/Backoffice/Clients/Registration/input_confirmp'

2018-10-12 13:47:29 - [TEST_STEP][PASSED] - selectOptionByValue: All options with value 'test' are selected in object 'Object Repository/Backoffice/Clients/Registration/select_operatorcode' 

2018-10-12 13:47:30 - [MESSAGE][PASSED] - All options with value 'test' are selected in object 'Object Repository/Backoffice/Clients/Registration/select_operatorcode' 

2018-10-12 13:47:30 - [TEST_STEP][PASSED] - selectOptionByValue: All options with value '1' are selected in object 'Object Repository/Backoffice/Clients/Registration/select_status' 

2018-10-12 13:47:30 - [MESSAGE][PASSED] - All options with value '1' are selected in object 'Object Repository/Backoffice/Clients/Registration/select_status' 

2018-10-12 13:47:30 - [TEST_STEP][PASSED] - delay: Delayed 2 second(s)

2018-10-12 13:47:32 - [MESSAGE][PASSED] - Delayed 2 second(s)

2018-10-12 13:47:32 - [TEST_STEP][PASSED] - click: Object: 'Object Repository/Backoffice/Clients/Registration/button_Submit' is clicked on

2018-10-12 13:47:33 - [MESSAGE][PASSED] - Object: 'Object Repository/Backoffice/Clients/Registration/button_Submit' is clicked on

2018-10-12 13:47:33 - [TEST_STEP][PASSED] - delay: Delayed 2 second(s)

2018-10-12 13:47:35 - [MESSAGE][PASSED] - Delayed 2 second(s)]]></system-out>
         <system-err><![CDATA[]]></system-err>
      </testcase>
      <testcase name="Test Cases/Backoffice/RegisterAccount" classname="Test Cases/Backoffice/RegisterAccount" status="PASSED">
         <system-out><![CDATA[2018-10-12 13:47:35 - [TEST_CASE][PASSED] - Test Cases/Backoffice/RegisterAccount: Test Cases/Backoffice/RegisterAccount

2018-10-12 13:47:35 - [TEST_STEP][PASSED] - focus: Object: 'Object Repository/Backoffice/Clients/Clients' is focused

2018-10-12 13:47:35 - [MESSAGE][PASSED] - Object: 'Object Repository/Backoffice/Clients/Clients' is focused

2018-10-12 13:47:35 - [TEST_STEP][PASSED] - verifyElementPresent: Object 'Object Repository/Backoffice/Clients/Client Registration' is present

2018-10-12 13:47:35 - [MESSAGE][PASSED] - Object 'Object Repository/Backoffice/Clients/Client Registration' is present

2018-10-12 13:47:35 - [TEST_STEP][PASSED] - click: Object: 'Object Repository/Backoffice/Clients/Client Registration' is clicked on

2018-10-12 13:47:35 - [MESSAGE][PASSED] - Object: 'Object Repository/Backoffice/Clients/Client Registration' is clicked on

2018-10-12 13:47:35 - [TEST_STEP][PASSED] - setText: Text 'poodenpalted' is set on object 'Object Repository/Backoffice/Clients/Registration/input_username'

2018-10-12 13:47:36 - [MESSAGE][PASSED] - Text 'poodenpalted' is set on object 'Object Repository/Backoffice/Clients/Registration/input_username'

2018-10-12 13:47:36 - [TEST_STEP][PASSED] - setText: Text '123123' is set on object 'Object Repository/Backoffice/Clients/Registration/input_password'

2018-10-12 13:47:36 - [MESSAGE][PASSED] - Text '123123' is set on object 'Object Repository/Backoffice/Clients/Registration/input_password'

2018-10-12 13:47:36 - [TEST_STEP][PASSED] - setText: Text '123123' is set on object 'Object Repository/Backoffice/Clients/Registration/input_confirmp'

2018-10-12 13:47:36 - [MESSAGE][PASSED] - Text '123123' is set on object 'Object Repository/Backoffice/Clients/Registration/input_confirmp'

2018-10-12 13:47:36 - [TEST_STEP][PASSED] - selectOptionByValue: All options with value 'test' are selected in object 'Object Repository/Backoffice/Clients/Registration/select_operatorcode' 

2018-10-12 13:47:36 - [MESSAGE][PASSED] - All options with value 'test' are selected in object 'Object Repository/Backoffice/Clients/Registration/select_operatorcode' 

2018-10-12 13:47:36 - [TEST_STEP][PASSED] - selectOptionByValue: All options with value '1' are selected in object 'Object Repository/Backoffice/Clients/Registration/select_status' 

2018-10-12 13:47:36 - [MESSAGE][PASSED] - All options with value '1' are selected in object 'Object Repository/Backoffice/Clients/Registration/select_status' 

2018-10-12 13:47:36 - [TEST_STEP][PASSED] - delay: Delayed 2 second(s)

2018-10-12 13:47:38 - [MESSAGE][PASSED] - Delayed 2 second(s)

2018-10-12 13:47:38 - [TEST_STEP][PASSED] - click: Object: 'Object Repository/Backoffice/Clients/Registration/button_Submit' is clicked on

2018-10-12 13:47:39 - [MESSAGE][PASSED] - Object: 'Object Repository/Backoffice/Clients/Registration/button_Submit' is clicked on

2018-10-12 13:47:39 - [TEST_STEP][PASSED] - delay: Delayed 2 second(s)

2018-10-12 13:47:41 - [MESSAGE][PASSED] - Delayed 2 second(s)]]></system-out>
         <system-err><![CDATA[]]></system-err>
      </testcase>
      <testcase name="Test Cases/Backoffice/RegisterAccount" classname="Test Cases/Backoffice/RegisterAccount" status="PASSED">
         <system-out><![CDATA[2018-10-12 13:47:41 - [TEST_CASE][PASSED] - Test Cases/Backoffice/RegisterAccount: Test Cases/Backoffice/RegisterAccount

2018-10-12 13:47:41 - [TEST_STEP][PASSED] - focus: Object: 'Object Repository/Backoffice/Clients/Clients' is focused

2018-10-12 13:47:41 - [MESSAGE][PASSED] - Object: 'Object Repository/Backoffice/Clients/Clients' is focused

2018-10-12 13:47:41 - [TEST_STEP][PASSED] - verifyElementPresent: Object 'Object Repository/Backoffice/Clients/Client Registration' is present

2018-10-12 13:47:41 - [MESSAGE][PASSED] - Object 'Object Repository/Backoffice/Clients/Client Registration' is present

2018-10-12 13:47:41 - [TEST_STEP][PASSED] - click: Object: 'Object Repository/Backoffice/Clients/Client Registration' is clicked on

2018-10-12 13:47:42 - [MESSAGE][PASSED] - Object: 'Object Repository/Backoffice/Clients/Client Registration' is clicked on

2018-10-12 13:47:42 - [TEST_STEP][PASSED] - setText: Text 'powerlesspossessive' is set on object 'Object Repository/Backoffice/Clients/Registration/input_username'

2018-10-12 13:47:42 - [MESSAGE][PASSED] - Text 'powerlesspossessive' is set on object 'Object Repository/Backoffice/Clients/Registration/input_username'

2018-10-12 13:47:42 - [TEST_STEP][PASSED] - setText: Text '123123' is set on object 'Object Repository/Backoffice/Clients/Registration/input_password'

2018-10-12 13:47:42 - [MESSAGE][PASSED] - Text '123123' is set on object 'Object Repository/Backoffice/Clients/Registration/input_password'

2018-10-12 13:47:42 - [TEST_STEP][PASSED] - setText: Text '123123' is set on object 'Object Repository/Backoffice/Clients/Registration/input_confirmp'

2018-10-12 13:47:42 - [MESSAGE][PASSED] - Text '123123' is set on object 'Object Repository/Backoffice/Clients/Registration/input_confirmp'

2018-10-12 13:47:42 - [TEST_STEP][PASSED] - selectOptionByValue: All options with value 'test' are selected in object 'Object Repository/Backoffice/Clients/Registration/select_operatorcode' 

2018-10-12 13:47:43 - [MESSAGE][PASSED] - All options with value 'test' are selected in object 'Object Repository/Backoffice/Clients/Registration/select_operatorcode' 

2018-10-12 13:47:43 - [TEST_STEP][PASSED] - selectOptionByValue: All options with value '1' are selected in object 'Object Repository/Backoffice/Clients/Registration/select_status' 

2018-10-12 13:47:43 - [MESSAGE][PASSED] - All options with value '1' are selected in object 'Object Repository/Backoffice/Clients/Registration/select_status' 

2018-10-12 13:47:43 - [TEST_STEP][PASSED] - delay: Delayed 2 second(s)

2018-10-12 13:47:45 - [MESSAGE][PASSED] - Delayed 2 second(s)

2018-10-12 13:47:45 - [TEST_STEP][PASSED] - click: Object: 'Object Repository/Backoffice/Clients/Registration/button_Submit' is clicked on

2018-10-12 13:47:46 - [MESSAGE][PASSED] - Object: 'Object Repository/Backoffice/Clients/Registration/button_Submit' is clicked on

2018-10-12 13:47:46 - [TEST_STEP][PASSED] - delay: Delayed 2 second(s)

2018-10-12 13:47:48 - [MESSAGE][PASSED] - Delayed 2 second(s)]]></system-out>
         <system-err><![CDATA[]]></system-err>
      </testcase>
      <testcase name="Test Cases/Backoffice/RegisterAccount" classname="Test Cases/Backoffice/RegisterAccount" status="PASSED">
         <system-out><![CDATA[2018-10-12 13:47:48 - [TEST_CASE][PASSED] - Test Cases/Backoffice/RegisterAccount: Test Cases/Backoffice/RegisterAccount

2018-10-12 13:47:48 - [TEST_STEP][PASSED] - focus: Object: 'Object Repository/Backoffice/Clients/Clients' is focused

2018-10-12 13:47:48 - [MESSAGE][PASSED] - Object: 'Object Repository/Backoffice/Clients/Clients' is focused

2018-10-12 13:47:48 - [TEST_STEP][PASSED] - verifyElementPresent: Object 'Object Repository/Backoffice/Clients/Client Registration' is present

2018-10-12 13:47:48 - [MESSAGE][PASSED] - Object 'Object Repository/Backoffice/Clients/Client Registration' is present

2018-10-12 13:47:48 - [TEST_STEP][PASSED] - click: Object: 'Object Repository/Backoffice/Clients/Client Registration' is clicked on

2018-10-12 13:47:49 - [MESSAGE][PASSED] - Object: 'Object Repository/Backoffice/Clients/Client Registration' is clicked on

2018-10-12 13:47:49 - [TEST_STEP][PASSED] - setText: Text 'pickledportal' is set on object 'Object Repository/Backoffice/Clients/Registration/input_username'

2018-10-12 13:47:49 - [MESSAGE][PASSED] - Text 'pickledportal' is set on object 'Object Repository/Backoffice/Clients/Registration/input_username'

2018-10-12 13:47:49 - [TEST_STEP][PASSED] - setText: Text '123123' is set on object 'Object Repository/Backoffice/Clients/Registration/input_password'

2018-10-12 13:47:49 - [MESSAGE][PASSED] - Text '123123' is set on object 'Object Repository/Backoffice/Clients/Registration/input_password'

2018-10-12 13:47:49 - [TEST_STEP][PASSED] - setText: Text '123123' is set on object 'Object Repository/Backoffice/Clients/Registration/input_confirmp'

2018-10-12 13:47:49 - [MESSAGE][PASSED] - Text '123123' is set on object 'Object Repository/Backoffice/Clients/Registration/input_confirmp'

2018-10-12 13:47:49 - [TEST_STEP][PASSED] - selectOptionByValue: All options with value 'test' are selected in object 'Object Repository/Backoffice/Clients/Registration/select_operatorcode' 

2018-10-12 13:47:50 - [MESSAGE][PASSED] - All options with value 'test' are selected in object 'Object Repository/Backoffice/Clients/Registration/select_operatorcode' 

2018-10-12 13:47:50 - [TEST_STEP][PASSED] - selectOptionByValue: All options with value '1' are selected in object 'Object Repository/Backoffice/Clients/Registration/select_status' 

2018-10-12 13:47:50 - [MESSAGE][PASSED] - All options with value '1' are selected in object 'Object Repository/Backoffice/Clients/Registration/select_status' 

2018-10-12 13:47:50 - [TEST_STEP][PASSED] - delay: Delayed 2 second(s)

2018-10-12 13:47:52 - [MESSAGE][PASSED] - Delayed 2 second(s)

2018-10-12 13:47:52 - [TEST_STEP][PASSED] - click: Object: 'Object Repository/Backoffice/Clients/Registration/button_Submit' is clicked on

2018-10-12 13:47:53 - [MESSAGE][PASSED] - Object: 'Object Repository/Backoffice/Clients/Registration/button_Submit' is clicked on

2018-10-12 13:47:53 - [TEST_STEP][PASSED] - delay: Delayed 2 second(s)

2018-10-12 13:47:55 - [MESSAGE][PASSED] - Delayed 2 second(s)]]></system-out>
         <system-err><![CDATA[]]></system-err>
      </testcase>
      <testcase name="Test Cases/Backoffice/RegisterAccount" classname="Test Cases/Backoffice/RegisterAccount" status="PASSED">
         <system-out><![CDATA[2018-10-12 13:47:55 - [TEST_CASE][PASSED] - Test Cases/Backoffice/RegisterAccount: Test Cases/Backoffice/RegisterAccount

2018-10-12 13:47:55 - [TEST_STEP][PASSED] - focus: Object: 'Object Repository/Backoffice/Clients/Clients' is focused

2018-10-12 13:47:55 - [MESSAGE][PASSED] - Object: 'Object Repository/Backoffice/Clients/Clients' is focused

2018-10-12 13:47:55 - [TEST_STEP][PASSED] - verifyElementPresent: Object 'Object Repository/Backoffice/Clients/Client Registration' is present

2018-10-12 13:47:55 - [MESSAGE][PASSED] - Object 'Object Repository/Backoffice/Clients/Client Registration' is present

2018-10-12 13:47:55 - [TEST_STEP][PASSED] - click: Object: 'Object Repository/Backoffice/Clients/Client Registration' is clicked on

2018-10-12 13:47:56 - [MESSAGE][PASSED] - Object: 'Object Repository/Backoffice/Clients/Client Registration' is clicked on

2018-10-12 13:47:56 - [TEST_STEP][PASSED] - setText: Text 'publisherpodiatrist' is set on object 'Object Repository/Backoffice/Clients/Registration/input_username'

2018-10-12 13:47:56 - [MESSAGE][PASSED] - Text 'publisherpodiatrist' is set on object 'Object Repository/Backoffice/Clients/Registration/input_username'

2018-10-12 13:47:56 - [TEST_STEP][PASSED] - setText: Text '123123' is set on object 'Object Repository/Backoffice/Clients/Registration/input_password'

2018-10-12 13:47:56 - [MESSAGE][PASSED] - Text '123123' is set on object 'Object Repository/Backoffice/Clients/Registration/input_password'

2018-10-12 13:47:56 - [TEST_STEP][PASSED] - setText: Text '123123' is set on object 'Object Repository/Backoffice/Clients/Registration/input_confirmp'

2018-10-12 13:47:56 - [MESSAGE][PASSED] - Text '123123' is set on object 'Object Repository/Backoffice/Clients/Registration/input_confirmp'

2018-10-12 13:47:56 - [TEST_STEP][PASSED] - selectOptionByValue: All options with value 'test' are selected in object 'Object Repository/Backoffice/Clients/Registration/select_operatorcode' 

2018-10-12 13:47:56 - [MESSAGE][PASSED] - All options with value 'test' are selected in object 'Object Repository/Backoffice/Clients/Registration/select_operatorcode' 

2018-10-12 13:47:56 - [TEST_STEP][PASSED] - selectOptionByValue: All options with value '1' are selected in object 'Object Repository/Backoffice/Clients/Registration/select_status' 

2018-10-12 13:47:57 - [MESSAGE][PASSED] - All options with value '1' are selected in object 'Object Repository/Backoffice/Clients/Registration/select_status' 

2018-10-12 13:47:57 - [TEST_STEP][PASSED] - delay: Delayed 2 second(s)

2018-10-12 13:47:59 - [MESSAGE][PASSED] - Delayed 2 second(s)

2018-10-12 13:47:59 - [TEST_STEP][PASSED] - click: Object: 'Object Repository/Backoffice/Clients/Registration/button_Submit' is clicked on

2018-10-12 13:47:59 - [MESSAGE][PASSED] - Object: 'Object Repository/Backoffice/Clients/Registration/button_Submit' is clicked on

2018-10-12 13:47:59 - [TEST_STEP][PASSED] - delay: Delayed 2 second(s)

2018-10-12 13:48:01 - [MESSAGE][PASSED] - Delayed 2 second(s)]]></system-out>
         <system-err><![CDATA[]]></system-err>
      </testcase>
      <testcase name="Test Cases/Backoffice/RegisterAccount" classname="Test Cases/Backoffice/RegisterAccount" status="PASSED">
         <system-out><![CDATA[2018-10-12 13:48:01 - [TEST_CASE][PASSED] - Test Cases/Backoffice/RegisterAccount: Test Cases/Backoffice/RegisterAccount

2018-10-12 13:48:01 - [TEST_STEP][PASSED] - focus: Object: 'Object Repository/Backoffice/Clients/Clients' is focused

2018-10-12 13:48:02 - [MESSAGE][PASSED] - Object: 'Object Repository/Backoffice/Clients/Clients' is focused

2018-10-12 13:48:02 - [TEST_STEP][PASSED] - verifyElementPresent: Object 'Object Repository/Backoffice/Clients/Client Registration' is present

2018-10-12 13:48:02 - [MESSAGE][PASSED] - Object 'Object Repository/Backoffice/Clients/Client Registration' is present

2018-10-12 13:48:02 - [TEST_STEP][PASSED] - click: Object: 'Object Repository/Backoffice/Clients/Client Registration' is clicked on

2018-10-12 13:48:02 - [MESSAGE][PASSED] - Object: 'Object Repository/Backoffice/Clients/Client Registration' is clicked on

2018-10-12 13:48:02 - [TEST_STEP][PASSED] - setText: Text 'pimmingpukao' is set on object 'Object Repository/Backoffice/Clients/Registration/input_username'

2018-10-12 13:48:03 - [MESSAGE][PASSED] - Text 'pimmingpukao' is set on object 'Object Repository/Backoffice/Clients/Registration/input_username'

2018-10-12 13:48:03 - [TEST_STEP][PASSED] - setText: Text '123123' is set on object 'Object Repository/Backoffice/Clients/Registration/input_password'

2018-10-12 13:48:03 - [MESSAGE][PASSED] - Text '123123' is set on object 'Object Repository/Backoffice/Clients/Registration/input_password'

2018-10-12 13:48:03 - [TEST_STEP][PASSED] - setText: Text '123123' is set on object 'Object Repository/Backoffice/Clients/Registration/input_confirmp'

2018-10-12 13:48:03 - [MESSAGE][PASSED] - Text '123123' is set on object 'Object Repository/Backoffice/Clients/Registration/input_confirmp'

2018-10-12 13:48:03 - [TEST_STEP][PASSED] - selectOptionByValue: All options with value 'test' are selected in object 'Object Repository/Backoffice/Clients/Registration/select_operatorcode' 

2018-10-12 13:48:03 - [MESSAGE][PASSED] - All options with value 'test' are selected in object 'Object Repository/Backoffice/Clients/Registration/select_operatorcode' 

2018-10-12 13:48:03 - [TEST_STEP][PASSED] - selectOptionByValue: All options with value '1' are selected in object 'Object Repository/Backoffice/Clients/Registration/select_status' 

2018-10-12 13:48:03 - [MESSAGE][PASSED] - All options with value '1' are selected in object 'Object Repository/Backoffice/Clients/Registration/select_status' 

2018-10-12 13:48:03 - [TEST_STEP][PASSED] - delay: Delayed 2 second(s)

2018-10-12 13:48:05 - [MESSAGE][PASSED] - Delayed 2 second(s)

2018-10-12 13:48:05 - [TEST_STEP][PASSED] - click: Object: 'Object Repository/Backoffice/Clients/Registration/button_Submit' is clicked on

2018-10-12 13:48:06 - [MESSAGE][PASSED] - Object: 'Object Repository/Backoffice/Clients/Registration/button_Submit' is clicked on

2018-10-12 13:48:06 - [TEST_STEP][PASSED] - delay: Delayed 2 second(s)

2018-10-12 13:48:08 - [MESSAGE][PASSED] - Delayed 2 second(s)]]></system-out>
         <system-err><![CDATA[]]></system-err>
      </testcase>
      <testcase name="Test Cases/Backoffice/RegisterAccount" classname="Test Cases/Backoffice/RegisterAccount" status="PASSED">
         <system-out><![CDATA[2018-10-12 13:48:08 - [TEST_CASE][PASSED] - Test Cases/Backoffice/RegisterAccount: Test Cases/Backoffice/RegisterAccount

2018-10-12 13:48:08 - [TEST_STEP][PASSED] - focus: Object: 'Object Repository/Backoffice/Clients/Clients' is focused

2018-10-12 13:48:08 - [MESSAGE][PASSED] - Object: 'Object Repository/Backoffice/Clients/Clients' is focused

2018-10-12 13:48:08 - [TEST_STEP][PASSED] - verifyElementPresent: Object 'Object Repository/Backoffice/Clients/Client Registration' is present

2018-10-12 13:48:08 - [MESSAGE][PASSED] - Object 'Object Repository/Backoffice/Clients/Client Registration' is present

2018-10-12 13:48:08 - [TEST_STEP][PASSED] - click: Object: 'Object Repository/Backoffice/Clients/Client Registration' is clicked on

2018-10-12 13:48:09 - [MESSAGE][PASSED] - Object: 'Object Repository/Backoffice/Clients/Client Registration' is clicked on

2018-10-12 13:48:09 - [TEST_STEP][PASSED] - setText: Text 'pascalspoop' is set on object 'Object Repository/Backoffice/Clients/Registration/input_username'

2018-10-12 13:48:09 - [MESSAGE][PASSED] - Text 'pascalspoop' is set on object 'Object Repository/Backoffice/Clients/Registration/input_username'

2018-10-12 13:48:09 - [TEST_STEP][PASSED] - setText: Text '123123' is set on object 'Object Repository/Backoffice/Clients/Registration/input_password'

2018-10-12 13:48:10 - [MESSAGE][PASSED] - Text '123123' is set on object 'Object Repository/Backoffice/Clients/Registration/input_password'

2018-10-12 13:48:10 - [TEST_STEP][PASSED] - setText: Text '123123' is set on object 'Object Repository/Backoffice/Clients/Registration/input_confirmp'

2018-10-12 13:48:10 - [MESSAGE][PASSED] - Text '123123' is set on object 'Object Repository/Backoffice/Clients/Registration/input_confirmp'

2018-10-12 13:48:10 - [TEST_STEP][PASSED] - selectOptionByValue: All options with value 'test' are selected in object 'Object Repository/Backoffice/Clients/Registration/select_operatorcode' 

2018-10-12 13:48:10 - [MESSAGE][PASSED] - All options with value 'test' are selected in object 'Object Repository/Backoffice/Clients/Registration/select_operatorcode' 

2018-10-12 13:48:10 - [TEST_STEP][PASSED] - selectOptionByValue: All options with value '1' are selected in object 'Object Repository/Backoffice/Clients/Registration/select_status' 

2018-10-12 13:48:10 - [MESSAGE][PASSED] - All options with value '1' are selected in object 'Object Repository/Backoffice/Clients/Registration/select_status' 

2018-10-12 13:48:10 - [TEST_STEP][PASSED] - delay: Delayed 2 second(s)

2018-10-12 13:48:12 - [MESSAGE][PASSED] - Delayed 2 second(s)

2018-10-12 13:48:12 - [TEST_STEP][PASSED] - click: Object: 'Object Repository/Backoffice/Clients/Registration/button_Submit' is clicked on

2018-10-12 13:48:13 - [MESSAGE][PASSED] - Object: 'Object Repository/Backoffice/Clients/Registration/button_Submit' is clicked on

2018-10-12 13:48:13 - [TEST_STEP][PASSED] - delay: Delayed 2 second(s)

2018-10-12 13:48:15 - [MESSAGE][PASSED] - Delayed 2 second(s)]]></system-out>
         <system-err><![CDATA[]]></system-err>
      </testcase>
      <testcase name="Test Cases/Backoffice/RegisterAccount" classname="Test Cases/Backoffice/RegisterAccount" status="PASSED">
         <system-out><![CDATA[2018-10-12 13:48:15 - [TEST_CASE][PASSED] - Test Cases/Backoffice/RegisterAccount: Test Cases/Backoffice/RegisterAccount

2018-10-12 13:48:15 - [TEST_STEP][PASSED] - focus: Object: 'Object Repository/Backoffice/Clients/Clients' is focused

2018-10-12 13:48:15 - [MESSAGE][PASSED] - Object: 'Object Repository/Backoffice/Clients/Clients' is focused

2018-10-12 13:48:15 - [TEST_STEP][PASSED] - verifyElementPresent: Object 'Object Repository/Backoffice/Clients/Client Registration' is present

2018-10-12 13:48:15 - [MESSAGE][PASSED] - Object 'Object Repository/Backoffice/Clients/Client Registration' is present

2018-10-12 13:48:15 - [TEST_STEP][PASSED] - click: Object: 'Object Repository/Backoffice/Clients/Client Registration' is clicked on

2018-10-12 13:48:16 - [MESSAGE][PASSED] - Object: 'Object Repository/Backoffice/Clients/Client Registration' is clicked on

2018-10-12 13:48:16 - [TEST_STEP][PASSED] - setText: Text 'pissedpuddings' is set on object 'Object Repository/Backoffice/Clients/Registration/input_username'

2018-10-12 13:48:16 - [MESSAGE][PASSED] - Text 'pissedpuddings' is set on object 'Object Repository/Backoffice/Clients/Registration/input_username'

2018-10-12 13:48:16 - [TEST_STEP][PASSED] - setText: Text '123123' is set on object 'Object Repository/Backoffice/Clients/Registration/input_password'

2018-10-12 13:48:16 - [MESSAGE][PASSED] - Text '123123' is set on object 'Object Repository/Backoffice/Clients/Registration/input_password'

2018-10-12 13:48:16 - [TEST_STEP][PASSED] - setText: Text '123123' is set on object 'Object Repository/Backoffice/Clients/Registration/input_confirmp'

2018-10-12 13:48:17 - [MESSAGE][PASSED] - Text '123123' is set on object 'Object Repository/Backoffice/Clients/Registration/input_confirmp'

2018-10-12 13:48:17 - [TEST_STEP][PASSED] - selectOptionByValue: All options with value 'test' are selected in object 'Object Repository/Backoffice/Clients/Registration/select_operatorcode' 

2018-10-12 13:48:17 - [MESSAGE][PASSED] - All options with value 'test' are selected in object 'Object Repository/Backoffice/Clients/Registration/select_operatorcode' 

2018-10-12 13:48:17 - [TEST_STEP][PASSED] - selectOptionByValue: All options with value '1' are selected in object 'Object Repository/Backoffice/Clients/Registration/select_status' 

2018-10-12 13:48:17 - [MESSAGE][PASSED] - All options with value '1' are selected in object 'Object Repository/Backoffice/Clients/Registration/select_status' 

2018-10-12 13:48:17 - [TEST_STEP][PASSED] - delay: Delayed 2 second(s)

2018-10-12 13:48:19 - [MESSAGE][PASSED] - Delayed 2 second(s)

2018-10-12 13:48:19 - [TEST_STEP][PASSED] - click: Object: 'Object Repository/Backoffice/Clients/Registration/button_Submit' is clicked on

2018-10-12 13:48:20 - [MESSAGE][PASSED] - Object: 'Object Repository/Backoffice/Clients/Registration/button_Submit' is clicked on

2018-10-12 13:48:20 - [TEST_STEP][PASSED] - delay: Delayed 2 second(s)

2018-10-12 13:48:22 - [MESSAGE][PASSED] - Delayed 2 second(s)]]></system-out>
         <system-err><![CDATA[]]></system-err>
      </testcase>
      <testcase name="Test Cases/Backoffice/RegisterAccount" classname="Test Cases/Backoffice/RegisterAccount" status="PASSED">
         <system-out><![CDATA[2018-10-12 13:48:22 - [TEST_CASE][PASSED] - Test Cases/Backoffice/RegisterAccount: Test Cases/Backoffice/RegisterAccount

2018-10-12 13:48:22 - [TEST_STEP][PASSED] - focus: Object: 'Object Repository/Backoffice/Clients/Clients' is focused

2018-10-12 13:48:22 - [MESSAGE][PASSED] - Object: 'Object Repository/Backoffice/Clients/Clients' is focused

2018-10-12 13:48:22 - [TEST_STEP][PASSED] - verifyElementPresent: Object 'Object Repository/Backoffice/Clients/Client Registration' is present

2018-10-12 13:48:22 - [MESSAGE][PASSED] - Object 'Object Repository/Backoffice/Clients/Client Registration' is present

2018-10-12 13:48:22 - [TEST_STEP][PASSED] - click: Object: 'Object Repository/Backoffice/Clients/Client Registration' is clicked on

2018-10-12 13:48:23 - [MESSAGE][PASSED] - Object: 'Object Repository/Backoffice/Clients/Client Registration' is clicked on

2018-10-12 13:48:23 - [TEST_STEP][PASSED] - setText: Text 'poorlypedding' is set on object 'Object Repository/Backoffice/Clients/Registration/input_username'

2018-10-12 13:48:23 - [MESSAGE][PASSED] - Text 'poorlypedding' is set on object 'Object Repository/Backoffice/Clients/Registration/input_username'

2018-10-12 13:48:23 - [TEST_STEP][PASSED] - setText: Text '123123' is set on object 'Object Repository/Backoffice/Clients/Registration/input_password'

2018-10-12 13:48:23 - [MESSAGE][PASSED] - Text '123123' is set on object 'Object Repository/Backoffice/Clients/Registration/input_password'

2018-10-12 13:48:23 - [TEST_STEP][PASSED] - setText: Text '123123' is set on object 'Object Repository/Backoffice/Clients/Registration/input_confirmp'

2018-10-12 13:48:23 - [MESSAGE][PASSED] - Text '123123' is set on object 'Object Repository/Backoffice/Clients/Registration/input_confirmp'

2018-10-12 13:48:23 - [TEST_STEP][PASSED] - selectOptionByValue: All options with value 'test' are selected in object 'Object Repository/Backoffice/Clients/Registration/select_operatorcode' 

2018-10-12 13:48:23 - [MESSAGE][PASSED] - All options with value 'test' are selected in object 'Object Repository/Backoffice/Clients/Registration/select_operatorcode' 

2018-10-12 13:48:23 - [TEST_STEP][PASSED] - selectOptionByValue: All options with value '1' are selected in object 'Object Repository/Backoffice/Clients/Registration/select_status' 

2018-10-12 13:48:24 - [MESSAGE][PASSED] - All options with value '1' are selected in object 'Object Repository/Backoffice/Clients/Registration/select_status' 

2018-10-12 13:48:24 - [TEST_STEP][PASSED] - delay: Delayed 2 second(s)

2018-10-12 13:48:26 - [MESSAGE][PASSED] - Delayed 2 second(s)

2018-10-12 13:48:26 - [TEST_STEP][PASSED] - click: Object: 'Object Repository/Backoffice/Clients/Registration/button_Submit' is clicked on

2018-10-12 13:48:26 - [MESSAGE][PASSED] - Object: 'Object Repository/Backoffice/Clients/Registration/button_Submit' is clicked on

2018-10-12 13:48:26 - [TEST_STEP][PASSED] - delay: Delayed 2 second(s)

2018-10-12 13:48:28 - [MESSAGE][PASSED] - Delayed 2 second(s)]]></system-out>
         <system-err><![CDATA[]]></system-err>
      </testcase>
      <testcase name="Test Cases/Backoffice/RegisterAccount" classname="Test Cases/Backoffice/RegisterAccount" status="PASSED">
         <system-out><![CDATA[2018-10-12 13:48:28 - [TEST_CASE][PASSED] - Test Cases/Backoffice/RegisterAccount: Test Cases/Backoffice/RegisterAccount

2018-10-12 13:48:28 - [TEST_STEP][PASSED] - focus: Object: 'Object Repository/Backoffice/Clients/Clients' is focused

2018-10-12 13:48:29 - [MESSAGE][PASSED] - Object: 'Object Repository/Backoffice/Clients/Clients' is focused

2018-10-12 13:48:29 - [TEST_STEP][PASSED] - verifyElementPresent: Object 'Object Repository/Backoffice/Clients/Client Registration' is present

2018-10-12 13:48:29 - [MESSAGE][PASSED] - Object 'Object Repository/Backoffice/Clients/Client Registration' is present

2018-10-12 13:48:29 - [TEST_STEP][PASSED] - click: Object: 'Object Repository/Backoffice/Clients/Client Registration' is clicked on

2018-10-12 13:48:29 - [MESSAGE][PASSED] - Object: 'Object Repository/Backoffice/Clients/Client Registration' is clicked on

2018-10-12 13:48:29 - [TEST_STEP][PASSED] - setText: Text 'pillockpause' is set on object 'Object Repository/Backoffice/Clients/Registration/input_username'

2018-10-12 13:48:30 - [MESSAGE][PASSED] - Text 'pillockpause' is set on object 'Object Repository/Backoffice/Clients/Registration/input_username'

2018-10-12 13:48:30 - [TEST_STEP][PASSED] - setText: Text '123123' is set on object 'Object Repository/Backoffice/Clients/Registration/input_password'

2018-10-12 13:48:30 - [MESSAGE][PASSED] - Text '123123' is set on object 'Object Repository/Backoffice/Clients/Registration/input_password'

2018-10-12 13:48:30 - [TEST_STEP][PASSED] - setText: Text '123123' is set on object 'Object Repository/Backoffice/Clients/Registration/input_confirmp'

2018-10-12 13:48:30 - [MESSAGE][PASSED] - Text '123123' is set on object 'Object Repository/Backoffice/Clients/Registration/input_confirmp'

2018-10-12 13:48:30 - [TEST_STEP][PASSED] - selectOptionByValue: All options with value 'test' are selected in object 'Object Repository/Backoffice/Clients/Registration/select_operatorcode' 

2018-10-12 13:48:30 - [MESSAGE][PASSED] - All options with value 'test' are selected in object 'Object Repository/Backoffice/Clients/Registration/select_operatorcode' 

2018-10-12 13:48:30 - [TEST_STEP][PASSED] - selectOptionByValue: All options with value '1' are selected in object 'Object Repository/Backoffice/Clients/Registration/select_status' 

2018-10-12 13:48:30 - [MESSAGE][PASSED] - All options with value '1' are selected in object 'Object Repository/Backoffice/Clients/Registration/select_status' 

2018-10-12 13:48:30 - [TEST_STEP][PASSED] - delay: Delayed 2 second(s)

2018-10-12 13:48:32 - [MESSAGE][PASSED] - Delayed 2 second(s)

2018-10-12 13:48:32 - [TEST_STEP][PASSED] - click: Object: 'Object Repository/Backoffice/Clients/Registration/button_Submit' is clicked on

2018-10-12 13:48:33 - [MESSAGE][PASSED] - Object: 'Object Repository/Backoffice/Clients/Registration/button_Submit' is clicked on

2018-10-12 13:48:33 - [TEST_STEP][PASSED] - delay: Delayed 2 second(s)

2018-10-12 13:48:35 - [MESSAGE][PASSED] - Delayed 2 second(s)]]></system-out>
         <system-err><![CDATA[]]></system-err>
      </testcase>
      <testcase name="Test Cases/Backoffice/RegisterAccount" classname="Test Cases/Backoffice/RegisterAccount" status="PASSED">
         <system-out><![CDATA[2018-10-12 13:48:35 - [TEST_CASE][PASSED] - Test Cases/Backoffice/RegisterAccount: Test Cases/Backoffice/RegisterAccount

2018-10-12 13:48:35 - [TEST_STEP][PASSED] - focus: Object: 'Object Repository/Backoffice/Clients/Clients' is focused

2018-10-12 13:48:35 - [MESSAGE][PASSED] - Object: 'Object Repository/Backoffice/Clients/Clients' is focused

2018-10-12 13:48:35 - [TEST_STEP][PASSED] - verifyElementPresent: Object 'Object Repository/Backoffice/Clients/Client Registration' is present

2018-10-12 13:48:35 - [MESSAGE][PASSED] - Object 'Object Repository/Backoffice/Clients/Client Registration' is present

2018-10-12 13:48:35 - [TEST_STEP][PASSED] - click: Object: 'Object Repository/Backoffice/Clients/Client Registration' is clicked on

2018-10-12 13:48:36 - [MESSAGE][PASSED] - Object: 'Object Repository/Backoffice/Clients/Client Registration' is clicked on

2018-10-12 13:48:36 - [TEST_STEP][PASSED] - setText: Text 'passedplumbing' is set on object 'Object Repository/Backoffice/Clients/Registration/input_username'

2018-10-12 13:48:37 - [MESSAGE][PASSED] - Text 'passedplumbing' is set on object 'Object Repository/Backoffice/Clients/Registration/input_username'

2018-10-12 13:48:37 - [TEST_STEP][PASSED] - setText: Text '123123' is set on object 'Object Repository/Backoffice/Clients/Registration/input_password'

2018-10-12 13:48:37 - [MESSAGE][PASSED] - Text '123123' is set on object 'Object Repository/Backoffice/Clients/Registration/input_password'

2018-10-12 13:48:37 - [TEST_STEP][PASSED] - setText: Text '123123' is set on object 'Object Repository/Backoffice/Clients/Registration/input_confirmp'

2018-10-12 13:48:37 - [MESSAGE][PASSED] - Text '123123' is set on object 'Object Repository/Backoffice/Clients/Registration/input_confirmp'

2018-10-12 13:48:37 - [TEST_STEP][PASSED] - selectOptionByValue: All options with value 'test' are selected in object 'Object Repository/Backoffice/Clients/Registration/select_operatorcode' 

2018-10-12 13:48:37 - [MESSAGE][PASSED] - All options with value 'test' are selected in object 'Object Repository/Backoffice/Clients/Registration/select_operatorcode' 

2018-10-12 13:48:37 - [TEST_STEP][PASSED] - selectOptionByValue: All options with value '1' are selected in object 'Object Repository/Backoffice/Clients/Registration/select_status' 

2018-10-12 13:48:38 - [MESSAGE][PASSED] - All options with value '1' are selected in object 'Object Repository/Backoffice/Clients/Registration/select_status' 

2018-10-12 13:48:38 - [TEST_STEP][PASSED] - delay: Delayed 2 second(s)

2018-10-12 13:48:40 - [MESSAGE][PASSED] - Delayed 2 second(s)

2018-10-12 13:48:40 - [TEST_STEP][PASSED] - click: Object: 'Object Repository/Backoffice/Clients/Registration/button_Submit' is clicked on

2018-10-12 13:48:41 - [MESSAGE][PASSED] - Object: 'Object Repository/Backoffice/Clients/Registration/button_Submit' is clicked on

2018-10-12 13:48:41 - [TEST_STEP][PASSED] - delay: Delayed 2 second(s)

2018-10-12 13:48:43 - [MESSAGE][PASSED] - Delayed 2 second(s)]]></system-out>
         <system-err><![CDATA[]]></system-err>
      </testcase>
      <testcase name="Test Cases/Backoffice/RegisterAccount" classname="Test Cases/Backoffice/RegisterAccount" status="PASSED">
         <system-out><![CDATA[2018-10-12 13:48:43 - [TEST_CASE][PASSED] - Test Cases/Backoffice/RegisterAccount: Test Cases/Backoffice/RegisterAccount

2018-10-12 13:48:43 - [TEST_STEP][PASSED] - focus: Object: 'Object Repository/Backoffice/Clients/Clients' is focused

2018-10-12 13:48:43 - [MESSAGE][PASSED] - Object: 'Object Repository/Backoffice/Clients/Clients' is focused

2018-10-12 13:48:43 - [TEST_STEP][PASSED] - verifyElementPresent: Object 'Object Repository/Backoffice/Clients/Client Registration' is present

2018-10-12 13:48:43 - [MESSAGE][PASSED] - Object 'Object Repository/Backoffice/Clients/Client Registration' is present

2018-10-12 13:48:43 - [TEST_STEP][PASSED] - click: Object: 'Object Repository/Backoffice/Clients/Client Registration' is clicked on

2018-10-12 13:48:44 - [MESSAGE][PASSED] - Object: 'Object Repository/Backoffice/Clients/Client Registration' is clicked on

2018-10-12 13:48:44 - [TEST_STEP][PASSED] - setText: Text 'paltedpazy' is set on object 'Object Repository/Backoffice/Clients/Registration/input_username'

2018-10-12 13:48:44 - [MESSAGE][PASSED] - Text 'paltedpazy' is set on object 'Object Repository/Backoffice/Clients/Registration/input_username'

2018-10-12 13:48:44 - [TEST_STEP][PASSED] - setText: Text '123123' is set on object 'Object Repository/Backoffice/Clients/Registration/input_password'

2018-10-12 13:48:44 - [MESSAGE][PASSED] - Text '123123' is set on object 'Object Repository/Backoffice/Clients/Registration/input_password'

2018-10-12 13:48:44 - [TEST_STEP][PASSED] - setText: Text '123123' is set on object 'Object Repository/Backoffice/Clients/Registration/input_confirmp'

2018-10-12 13:48:44 - [MESSAGE][PASSED] - Text '123123' is set on object 'Object Repository/Backoffice/Clients/Registration/input_confirmp'

2018-10-12 13:48:44 - [TEST_STEP][PASSED] - selectOptionByValue: All options with value 'test' are selected in object 'Object Repository/Backoffice/Clients/Registration/select_operatorcode' 

2018-10-12 13:48:45 - [MESSAGE][PASSED] - All options with value 'test' are selected in object 'Object Repository/Backoffice/Clients/Registration/select_operatorcode' 

2018-10-12 13:48:45 - [TEST_STEP][PASSED] - selectOptionByValue: All options with value '1' are selected in object 'Object Repository/Backoffice/Clients/Registration/select_status' 

2018-10-12 13:48:45 - [MESSAGE][PASSED] - All options with value '1' are selected in object 'Object Repository/Backoffice/Clients/Registration/select_status' 

2018-10-12 13:48:45 - [TEST_STEP][PASSED] - delay: Delayed 2 second(s)

2018-10-12 13:48:47 - [MESSAGE][PASSED] - Delayed 2 second(s)

2018-10-12 13:48:47 - [TEST_STEP][PASSED] - click: Object: 'Object Repository/Backoffice/Clients/Registration/button_Submit' is clicked on

2018-10-12 13:48:48 - [MESSAGE][PASSED] - Object: 'Object Repository/Backoffice/Clients/Registration/button_Submit' is clicked on

2018-10-12 13:48:48 - [TEST_STEP][PASSED] - delay: Delayed 2 second(s)

2018-10-12 13:48:50 - [MESSAGE][PASSED] - Delayed 2 second(s)]]></system-out>
         <system-err><![CDATA[]]></system-err>
      </testcase>
      <testcase name="Test Cases/Backoffice/RegisterAccount" classname="Test Cases/Backoffice/RegisterAccount" status="PASSED">
         <system-out><![CDATA[2018-10-12 13:48:50 - [TEST_CASE][PASSED] - Test Cases/Backoffice/RegisterAccount: Test Cases/Backoffice/RegisterAccount

2018-10-12 13:48:50 - [TEST_STEP][PASSED] - focus: Object: 'Object Repository/Backoffice/Clients/Clients' is focused

2018-10-12 13:48:50 - [MESSAGE][PASSED] - Object: 'Object Repository/Backoffice/Clients/Clients' is focused

2018-10-12 13:48:50 - [TEST_STEP][PASSED] - verifyElementPresent: Object 'Object Repository/Backoffice/Clients/Client Registration' is present

2018-10-12 13:48:50 - [MESSAGE][PASSED] - Object 'Object Repository/Backoffice/Clients/Client Registration' is present

2018-10-12 13:48:50 - [TEST_STEP][PASSED] - click: Object: 'Object Repository/Backoffice/Clients/Client Registration' is clicked on

2018-10-12 13:48:51 - [MESSAGE][PASSED] - Object: 'Object Repository/Backoffice/Clients/Client Registration' is clicked on

2018-10-12 13:48:51 - [TEST_STEP][PASSED] - setText: Text 'pebperigee' is set on object 'Object Repository/Backoffice/Clients/Registration/input_username'

2018-10-12 13:48:51 - [MESSAGE][PASSED] - Text 'pebperigee' is set on object 'Object Repository/Backoffice/Clients/Registration/input_username'

2018-10-12 13:48:51 - [TEST_STEP][PASSED] - setText: Text '123123' is set on object 'Object Repository/Backoffice/Clients/Registration/input_password'

2018-10-12 13:48:51 - [MESSAGE][PASSED] - Text '123123' is set on object 'Object Repository/Backoffice/Clients/Registration/input_password'

2018-10-12 13:48:51 - [TEST_STEP][PASSED] - setText: Text '123123' is set on object 'Object Repository/Backoffice/Clients/Registration/input_confirmp'

2018-10-12 13:48:52 - [MESSAGE][PASSED] - Text '123123' is set on object 'Object Repository/Backoffice/Clients/Registration/input_confirmp'

2018-10-12 13:48:52 - [TEST_STEP][PASSED] - selectOptionByValue: All options with value 'test' are selected in object 'Object Repository/Backoffice/Clients/Registration/select_operatorcode' 

2018-10-12 13:48:52 - [MESSAGE][PASSED] - All options with value 'test' are selected in object 'Object Repository/Backoffice/Clients/Registration/select_operatorcode' 

2018-10-12 13:48:52 - [TEST_STEP][PASSED] - selectOptionByValue: All options with value '1' are selected in object 'Object Repository/Backoffice/Clients/Registration/select_status' 

2018-10-12 13:48:52 - [MESSAGE][PASSED] - All options with value '1' are selected in object 'Object Repository/Backoffice/Clients/Registration/select_status' 

2018-10-12 13:48:52 - [TEST_STEP][PASSED] - delay: Delayed 2 second(s)

2018-10-12 13:48:54 - [MESSAGE][PASSED] - Delayed 2 second(s)

2018-10-12 13:48:54 - [TEST_STEP][PASSED] - click: Object: 'Object Repository/Backoffice/Clients/Registration/button_Submit' is clicked on

2018-10-12 13:48:55 - [MESSAGE][PASSED] - Object: 'Object Repository/Backoffice/Clients/Registration/button_Submit' is clicked on

2018-10-12 13:48:55 - [TEST_STEP][PASSED] - delay: Delayed 2 second(s)

2018-10-12 13:48:57 - [MESSAGE][PASSED] - Delayed 2 second(s)]]></system-out>
         <system-err><![CDATA[]]></system-err>
      </testcase>
      <testcase name="Test Cases/Backoffice/RegisterAccount" classname="Test Cases/Backoffice/RegisterAccount" status="PASSED">
         <system-out><![CDATA[2018-10-12 13:48:57 - [TEST_CASE][PASSED] - Test Cases/Backoffice/RegisterAccount: Test Cases/Backoffice/RegisterAccount

2018-10-12 13:48:57 - [TEST_STEP][PASSED] - focus: Object: 'Object Repository/Backoffice/Clients/Clients' is focused

2018-10-12 13:48:57 - [MESSAGE][PASSED] - Object: 'Object Repository/Backoffice/Clients/Clients' is focused

2018-10-12 13:48:57 - [TEST_STEP][PASSED] - verifyElementPresent: Object 'Object Repository/Backoffice/Clients/Client Registration' is present

2018-10-12 13:48:57 - [MESSAGE][PASSED] - Object 'Object Repository/Backoffice/Clients/Client Registration' is present

2018-10-12 13:48:57 - [TEST_STEP][PASSED] - click: Object: 'Object Repository/Backoffice/Clients/Client Registration' is clicked on

2018-10-12 13:48:58 - [MESSAGE][PASSED] - Object: 'Object Repository/Backoffice/Clients/Client Registration' is clicked on

2018-10-12 13:48:58 - [TEST_STEP][PASSED] - setText: Text 'ploseparfait' is set on object 'Object Repository/Backoffice/Clients/Registration/input_username'

2018-10-12 13:48:58 - [MESSAGE][PASSED] - Text 'ploseparfait' is set on object 'Object Repository/Backoffice/Clients/Registration/input_username'

2018-10-12 13:48:58 - [TEST_STEP][PASSED] - setText: Text '123123' is set on object 'Object Repository/Backoffice/Clients/Registration/input_password'

2018-10-12 13:48:59 - [MESSAGE][PASSED] - Text '123123' is set on object 'Object Repository/Backoffice/Clients/Registration/input_password'

2018-10-12 13:48:59 - [TEST_STEP][PASSED] - setText: Text '123123' is set on object 'Object Repository/Backoffice/Clients/Registration/input_confirmp'

2018-10-12 13:48:59 - [MESSAGE][PASSED] - Text '123123' is set on object 'Object Repository/Backoffice/Clients/Registration/input_confirmp'

2018-10-12 13:48:59 - [TEST_STEP][PASSED] - selectOptionByValue: All options with value 'test' are selected in object 'Object Repository/Backoffice/Clients/Registration/select_operatorcode' 

2018-10-12 13:48:59 - [MESSAGE][PASSED] - All options with value 'test' are selected in object 'Object Repository/Backoffice/Clients/Registration/select_operatorcode' 

2018-10-12 13:48:59 - [TEST_STEP][PASSED] - selectOptionByValue: All options with value '1' are selected in object 'Object Repository/Backoffice/Clients/Registration/select_status' 

2018-10-12 13:48:59 - [MESSAGE][PASSED] - All options with value '1' are selected in object 'Object Repository/Backoffice/Clients/Registration/select_status' 

2018-10-12 13:48:59 - [TEST_STEP][PASSED] - delay: Delayed 2 second(s)

2018-10-12 13:49:01 - [MESSAGE][PASSED] - Delayed 2 second(s)

2018-10-12 13:49:01 - [TEST_STEP][PASSED] - click: Object: 'Object Repository/Backoffice/Clients/Registration/button_Submit' is clicked on

2018-10-12 13:49:02 - [MESSAGE][PASSED] - Object: 'Object Repository/Backoffice/Clients/Registration/button_Submit' is clicked on

2018-10-12 13:49:02 - [TEST_STEP][PASSED] - delay: Delayed 2 second(s)

2018-10-12 13:49:04 - [MESSAGE][PASSED] - Delayed 2 second(s)]]></system-out>
         <system-err><![CDATA[]]></system-err>
      </testcase>
      <testcase name="Test Cases/Backoffice/RegisterAccount" classname="Test Cases/Backoffice/RegisterAccount" status="PASSED">
         <system-out><![CDATA[2018-10-12 13:49:04 - [TEST_CASE][PASSED] - Test Cases/Backoffice/RegisterAccount: Test Cases/Backoffice/RegisterAccount

2018-10-12 13:49:04 - [TEST_STEP][PASSED] - focus: Object: 'Object Repository/Backoffice/Clients/Clients' is focused

2018-10-12 13:49:04 - [MESSAGE][PASSED] - Object: 'Object Repository/Backoffice/Clients/Clients' is focused

2018-10-12 13:49:04 - [TEST_STEP][PASSED] - verifyElementPresent: Object 'Object Repository/Backoffice/Clients/Client Registration' is present

2018-10-12 13:49:04 - [MESSAGE][PASSED] - Object 'Object Repository/Backoffice/Clients/Client Registration' is present

2018-10-12 13:49:04 - [TEST_STEP][PASSED] - click: Object: 'Object Repository/Backoffice/Clients/Client Registration' is clicked on

2018-10-12 13:49:05 - [MESSAGE][PASSED] - Object: 'Object Repository/Backoffice/Clients/Client Registration' is clicked on

2018-10-12 13:49:05 - [TEST_STEP][PASSED] - setText: Text 'principlepeasant' is set on object 'Object Repository/Backoffice/Clients/Registration/input_username'

2018-10-12 13:49:05 - [MESSAGE][PASSED] - Text 'principlepeasant' is set on object 'Object Repository/Backoffice/Clients/Registration/input_username'

2018-10-12 13:49:05 - [TEST_STEP][PASSED] - setText: Text '123123' is set on object 'Object Repository/Backoffice/Clients/Registration/input_password'

2018-10-12 13:49:06 - [MESSAGE][PASSED] - Text '123123' is set on object 'Object Repository/Backoffice/Clients/Registration/input_password'

2018-10-12 13:49:06 - [TEST_STEP][PASSED] - setText: Text '123123' is set on object 'Object Repository/Backoffice/Clients/Registration/input_confirmp'

2018-10-12 13:49:06 - [MESSAGE][PASSED] - Text '123123' is set on object 'Object Repository/Backoffice/Clients/Registration/input_confirmp'

2018-10-12 13:49:06 - [TEST_STEP][PASSED] - selectOptionByValue: All options with value 'test' are selected in object 'Object Repository/Backoffice/Clients/Registration/select_operatorcode' 

2018-10-12 13:49:06 - [MESSAGE][PASSED] - All options with value 'test' are selected in object 'Object Repository/Backoffice/Clients/Registration/select_operatorcode' 

2018-10-12 13:49:06 - [TEST_STEP][PASSED] - selectOptionByValue: All options with value '1' are selected in object 'Object Repository/Backoffice/Clients/Registration/select_status' 

2018-10-12 13:49:06 - [MESSAGE][PASSED] - All options with value '1' are selected in object 'Object Repository/Backoffice/Clients/Registration/select_status' 

2018-10-12 13:49:06 - [TEST_STEP][PASSED] - delay: Delayed 2 second(s)

2018-10-12 13:49:08 - [MESSAGE][PASSED] - Delayed 2 second(s)

2018-10-12 13:49:08 - [TEST_STEP][PASSED] - click: Object: 'Object Repository/Backoffice/Clients/Registration/button_Submit' is clicked on

2018-10-12 13:49:09 - [MESSAGE][PASSED] - Object: 'Object Repository/Backoffice/Clients/Registration/button_Submit' is clicked on

2018-10-12 13:49:09 - [TEST_STEP][PASSED] - delay: Delayed 2 second(s)

2018-10-12 13:49:11 - [MESSAGE][PASSED] - Delayed 2 second(s)]]></system-out>
         <system-err><![CDATA[]]></system-err>
      </testcase>
      <testcase name="Test Cases/Backoffice/RegisterAccount" classname="Test Cases/Backoffice/RegisterAccount" status="PASSED">
         <system-out><![CDATA[2018-10-12 13:49:11 - [TEST_CASE][PASSED] - Test Cases/Backoffice/RegisterAccount: Test Cases/Backoffice/RegisterAccount

2018-10-12 13:49:11 - [TEST_STEP][PASSED] - focus: Object: 'Object Repository/Backoffice/Clients/Clients' is focused

2018-10-12 13:49:11 - [MESSAGE][PASSED] - Object: 'Object Repository/Backoffice/Clients/Clients' is focused

2018-10-12 13:49:11 - [TEST_STEP][PASSED] - verifyElementPresent: Object 'Object Repository/Backoffice/Clients/Client Registration' is present

2018-10-12 13:49:11 - [MESSAGE][PASSED] - Object 'Object Repository/Backoffice/Clients/Client Registration' is present

2018-10-12 13:49:11 - [TEST_STEP][PASSED] - click: Object: 'Object Repository/Backoffice/Clients/Client Registration' is clicked on

2018-10-12 13:49:12 - [MESSAGE][PASSED] - Object: 'Object Repository/Backoffice/Clients/Client Registration' is clicked on

2018-10-12 13:49:12 - [TEST_STEP][PASSED] - setText: Text 'pantheonpanamanian' is set on object 'Object Repository/Backoffice/Clients/Registration/input_username'

2018-10-12 13:49:12 - [MESSAGE][PASSED] - Text 'pantheonpanamanian' is set on object 'Object Repository/Backoffice/Clients/Registration/input_username'

2018-10-12 13:49:12 - [TEST_STEP][PASSED] - setText: Text '123123' is set on object 'Object Repository/Backoffice/Clients/Registration/input_password'

2018-10-12 13:49:12 - [MESSAGE][PASSED] - Text '123123' is set on object 'Object Repository/Backoffice/Clients/Registration/input_password'

2018-10-12 13:49:12 - [TEST_STEP][PASSED] - setText: Text '123123' is set on object 'Object Repository/Backoffice/Clients/Registration/input_confirmp'

2018-10-12 13:49:13 - [MESSAGE][PASSED] - Text '123123' is set on object 'Object Repository/Backoffice/Clients/Registration/input_confirmp'

2018-10-12 13:49:13 - [TEST_STEP][PASSED] - selectOptionByValue: All options with value 'test' are selected in object 'Object Repository/Backoffice/Clients/Registration/select_operatorcode' 

2018-10-12 13:49:13 - [MESSAGE][PASSED] - All options with value 'test' are selected in object 'Object Repository/Backoffice/Clients/Registration/select_operatorcode' 

2018-10-12 13:49:13 - [TEST_STEP][PASSED] - selectOptionByValue: All options with value '1' are selected in object 'Object Repository/Backoffice/Clients/Registration/select_status' 

2018-10-12 13:49:13 - [MESSAGE][PASSED] - All options with value '1' are selected in object 'Object Repository/Backoffice/Clients/Registration/select_status' 

2018-10-12 13:49:13 - [TEST_STEP][PASSED] - delay: Delayed 2 second(s)

2018-10-12 13:49:15 - [MESSAGE][PASSED] - Delayed 2 second(s)

2018-10-12 13:49:15 - [TEST_STEP][PASSED] - click: Object: 'Object Repository/Backoffice/Clients/Registration/button_Submit' is clicked on

2018-10-12 13:49:16 - [MESSAGE][PASSED] - Object: 'Object Repository/Backoffice/Clients/Registration/button_Submit' is clicked on

2018-10-12 13:49:16 - [TEST_STEP][PASSED] - delay: Delayed 2 second(s)

2018-10-12 13:49:18 - [MESSAGE][PASSED] - Delayed 2 second(s)]]></system-out>
         <system-err><![CDATA[]]></system-err>
      </testcase>
      <testcase name="Test Cases/Backoffice/RegisterAccount" classname="Test Cases/Backoffice/RegisterAccount" status="PASSED">
         <system-out><![CDATA[2018-10-12 13:49:18 - [TEST_CASE][PASSED] - Test Cases/Backoffice/RegisterAccount: Test Cases/Backoffice/RegisterAccount

2018-10-12 13:49:18 - [TEST_STEP][PASSED] - focus: Object: 'Object Repository/Backoffice/Clients/Clients' is focused

2018-10-12 13:49:18 - [MESSAGE][PASSED] - Object: 'Object Repository/Backoffice/Clients/Clients' is focused

2018-10-12 13:49:18 - [TEST_STEP][PASSED] - verifyElementPresent: Object 'Object Repository/Backoffice/Clients/Client Registration' is present

2018-10-12 13:49:18 - [MESSAGE][PASSED] - Object 'Object Repository/Backoffice/Clients/Client Registration' is present

2018-10-12 13:49:18 - [TEST_STEP][PASSED] - click: Object: 'Object Repository/Backoffice/Clients/Client Registration' is clicked on

2018-10-12 13:49:19 - [MESSAGE][PASSED] - Object: 'Object Repository/Backoffice/Clients/Client Registration' is clicked on

2018-10-12 13:49:19 - [TEST_STEP][PASSED] - setText: Text 'parmapastie' is set on object 'Object Repository/Backoffice/Clients/Registration/input_username'

2018-10-12 13:49:19 - [MESSAGE][PASSED] - Text 'parmapastie' is set on object 'Object Repository/Backoffice/Clients/Registration/input_username'

2018-10-12 13:49:19 - [TEST_STEP][PASSED] - setText: Text '123123' is set on object 'Object Repository/Backoffice/Clients/Registration/input_password'

2018-10-12 13:49:19 - [MESSAGE][PASSED] - Text '123123' is set on object 'Object Repository/Backoffice/Clients/Registration/input_password'

2018-10-12 13:49:19 - [TEST_STEP][PASSED] - setText: Text '123123' is set on object 'Object Repository/Backoffice/Clients/Registration/input_confirmp'

2018-10-12 13:49:19 - [MESSAGE][PASSED] - Text '123123' is set on object 'Object Repository/Backoffice/Clients/Registration/input_confirmp'

2018-10-12 13:49:19 - [TEST_STEP][PASSED] - selectOptionByValue: All options with value 'test' are selected in object 'Object Repository/Backoffice/Clients/Registration/select_operatorcode' 

2018-10-12 13:49:20 - [MESSAGE][PASSED] - All options with value 'test' are selected in object 'Object Repository/Backoffice/Clients/Registration/select_operatorcode' 

2018-10-12 13:49:20 - [TEST_STEP][PASSED] - selectOptionByValue: All options with value '1' are selected in object 'Object Repository/Backoffice/Clients/Registration/select_status' 

2018-10-12 13:49:20 - [MESSAGE][PASSED] - All options with value '1' are selected in object 'Object Repository/Backoffice/Clients/Registration/select_status' 

2018-10-12 13:49:20 - [TEST_STEP][PASSED] - delay: Delayed 2 second(s)

2018-10-12 13:49:22 - [MESSAGE][PASSED] - Delayed 2 second(s)

2018-10-12 13:49:22 - [TEST_STEP][PASSED] - click: Object: 'Object Repository/Backoffice/Clients/Registration/button_Submit' is clicked on

2018-10-12 13:49:23 - [MESSAGE][PASSED] - Object: 'Object Repository/Backoffice/Clients/Registration/button_Submit' is clicked on

2018-10-12 13:49:23 - [TEST_STEP][PASSED] - delay: Delayed 2 second(s)

2018-10-12 13:49:25 - [MESSAGE][PASSED] - Delayed 2 second(s)]]></system-out>
         <system-err><![CDATA[]]></system-err>
      </testcase>
      <testcase name="Test Cases/Backoffice/RegisterAccount" classname="Test Cases/Backoffice/RegisterAccount" status="PASSED">
         <system-out><![CDATA[2018-10-12 13:49:25 - [TEST_CASE][PASSED] - Test Cases/Backoffice/RegisterAccount: Test Cases/Backoffice/RegisterAccount

2018-10-12 13:49:25 - [TEST_STEP][PASSED] - focus: Object: 'Object Repository/Backoffice/Clients/Clients' is focused

2018-10-12 13:49:25 - [MESSAGE][PASSED] - Object: 'Object Repository/Backoffice/Clients/Clients' is focused

2018-10-12 13:49:25 - [TEST_STEP][PASSED] - verifyElementPresent: Object 'Object Repository/Backoffice/Clients/Client Registration' is present

2018-10-12 13:49:25 - [MESSAGE][PASSED] - Object 'Object Repository/Backoffice/Clients/Client Registration' is present

2018-10-12 13:49:25 - [TEST_STEP][PASSED] - click: Object: 'Object Repository/Backoffice/Clients/Client Registration' is clicked on

2018-10-12 13:49:26 - [MESSAGE][PASSED] - Object: 'Object Repository/Backoffice/Clients/Client Registration' is clicked on

2018-10-12 13:49:26 - [TEST_STEP][PASSED] - setText: Text 'precedepassive' is set on object 'Object Repository/Backoffice/Clients/Registration/input_username'

2018-10-12 13:49:26 - [MESSAGE][PASSED] - Text 'precedepassive' is set on object 'Object Repository/Backoffice/Clients/Registration/input_username'

2018-10-12 13:49:26 - [TEST_STEP][PASSED] - setText: Text '123123' is set on object 'Object Repository/Backoffice/Clients/Registration/input_password'

2018-10-12 13:49:26 - [MESSAGE][PASSED] - Text '123123' is set on object 'Object Repository/Backoffice/Clients/Registration/input_password'

2018-10-12 13:49:26 - [TEST_STEP][PASSED] - setText: Text '123123' is set on object 'Object Repository/Backoffice/Clients/Registration/input_confirmp'

2018-10-12 13:49:27 - [MESSAGE][PASSED] - Text '123123' is set on object 'Object Repository/Backoffice/Clients/Registration/input_confirmp'

2018-10-12 13:49:27 - [TEST_STEP][PASSED] - selectOptionByValue: All options with value 'test' are selected in object 'Object Repository/Backoffice/Clients/Registration/select_operatorcode' 

2018-10-12 13:49:27 - [MESSAGE][PASSED] - All options with value 'test' are selected in object 'Object Repository/Backoffice/Clients/Registration/select_operatorcode' 

2018-10-12 13:49:27 - [TEST_STEP][PASSED] - selectOptionByValue: All options with value '1' are selected in object 'Object Repository/Backoffice/Clients/Registration/select_status' 

2018-10-12 13:49:27 - [MESSAGE][PASSED] - All options with value '1' are selected in object 'Object Repository/Backoffice/Clients/Registration/select_status' 

2018-10-12 13:49:27 - [TEST_STEP][PASSED] - delay: Delayed 2 second(s)

2018-10-12 13:49:29 - [MESSAGE][PASSED] - Delayed 2 second(s)

2018-10-12 13:49:29 - [TEST_STEP][PASSED] - click: Object: 'Object Repository/Backoffice/Clients/Registration/button_Submit' is clicked on

2018-10-12 13:49:30 - [MESSAGE][PASSED] - Object: 'Object Repository/Backoffice/Clients/Registration/button_Submit' is clicked on

2018-10-12 13:49:30 - [TEST_STEP][PASSED] - delay: Delayed 2 second(s)

2018-10-12 13:49:32 - [MESSAGE][PASSED] - Delayed 2 second(s)]]></system-out>
         <system-err><![CDATA[]]></system-err>
      </testcase>
      <testcase name="Test Cases/Backoffice/RegisterAccount" classname="Test Cases/Backoffice/RegisterAccount" status="PASSED">
         <system-out><![CDATA[2018-10-12 13:49:32 - [TEST_CASE][PASSED] - Test Cases/Backoffice/RegisterAccount: Test Cases/Backoffice/RegisterAccount

2018-10-12 13:49:32 - [TEST_STEP][PASSED] - focus: Object: 'Object Repository/Backoffice/Clients/Clients' is focused

2018-10-12 13:49:32 - [MESSAGE][PASSED] - Object: 'Object Repository/Backoffice/Clients/Clients' is focused

2018-10-12 13:49:32 - [TEST_STEP][PASSED] - verifyElementPresent: Object 'Object Repository/Backoffice/Clients/Client Registration' is present

2018-10-12 13:49:32 - [MESSAGE][PASSED] - Object 'Object Repository/Backoffice/Clients/Client Registration' is present

2018-10-12 13:49:32 - [TEST_STEP][PASSED] - click: Object: 'Object Repository/Backoffice/Clients/Client Registration' is clicked on

2018-10-12 13:49:33 - [MESSAGE][PASSED] - Object: 'Object Repository/Backoffice/Clients/Client Registration' is clicked on

2018-10-12 13:49:33 - [TEST_STEP][PASSED] - setText: Text 'pentathlonphotosphere' is set on object 'Object Repository/Backoffice/Clients/Registration/input_username'

2018-10-12 13:49:33 - [MESSAGE][PASSED] - Text 'pentathlonphotosphere' is set on object 'Object Repository/Backoffice/Clients/Registration/input_username'

2018-10-12 13:49:33 - [TEST_STEP][PASSED] - setText: Text '123123' is set on object 'Object Repository/Backoffice/Clients/Registration/input_password'

2018-10-12 13:49:34 - [MESSAGE][PASSED] - Text '123123' is set on object 'Object Repository/Backoffice/Clients/Registration/input_password'

2018-10-12 13:49:34 - [TEST_STEP][PASSED] - setText: Text '123123' is set on object 'Object Repository/Backoffice/Clients/Registration/input_confirmp'

2018-10-12 13:49:34 - [MESSAGE][PASSED] - Text '123123' is set on object 'Object Repository/Backoffice/Clients/Registration/input_confirmp'

2018-10-12 13:49:34 - [TEST_STEP][PASSED] - selectOptionByValue: All options with value 'test' are selected in object 'Object Repository/Backoffice/Clients/Registration/select_operatorcode' 

2018-10-12 13:49:34 - [MESSAGE][PASSED] - All options with value 'test' are selected in object 'Object Repository/Backoffice/Clients/Registration/select_operatorcode' 

2018-10-12 13:49:34 - [TEST_STEP][PASSED] - selectOptionByValue: All options with value '1' are selected in object 'Object Repository/Backoffice/Clients/Registration/select_status' 

2018-10-12 13:49:34 - [MESSAGE][PASSED] - All options with value '1' are selected in object 'Object Repository/Backoffice/Clients/Registration/select_status' 

2018-10-12 13:49:34 - [TEST_STEP][PASSED] - delay: Delayed 2 second(s)

2018-10-12 13:49:36 - [MESSAGE][PASSED] - Delayed 2 second(s)

2018-10-12 13:49:36 - [TEST_STEP][PASSED] - click: Object: 'Object Repository/Backoffice/Clients/Registration/button_Submit' is clicked on

2018-10-12 13:49:37 - [MESSAGE][PASSED] - Object: 'Object Repository/Backoffice/Clients/Registration/button_Submit' is clicked on

2018-10-12 13:49:37 - [TEST_STEP][PASSED] - delay: Delayed 2 second(s)

2018-10-12 13:49:39 - [MESSAGE][PASSED] - Delayed 2 second(s)]]></system-out>
         <system-err><![CDATA[]]></system-err>
      </testcase>
      <testcase name="Test Cases/Backoffice/RegisterAccount" classname="Test Cases/Backoffice/RegisterAccount" status="PASSED">
         <system-out><![CDATA[2018-10-12 13:49:39 - [TEST_CASE][PASSED] - Test Cases/Backoffice/RegisterAccount: Test Cases/Backoffice/RegisterAccount

2018-10-12 13:49:39 - [TEST_STEP][PASSED] - focus: Object: 'Object Repository/Backoffice/Clients/Clients' is focused

2018-10-12 13:49:40 - [MESSAGE][PASSED] - Object: 'Object Repository/Backoffice/Clients/Clients' is focused

2018-10-12 13:49:40 - [TEST_STEP][PASSED] - verifyElementPresent: Object 'Object Repository/Backoffice/Clients/Client Registration' is present

2018-10-12 13:49:40 - [MESSAGE][PASSED] - Object 'Object Repository/Backoffice/Clients/Client Registration' is present

2018-10-12 13:49:40 - [TEST_STEP][PASSED] - click: Object: 'Object Repository/Backoffice/Clients/Client Registration' is clicked on

2018-10-12 13:49:40 - [MESSAGE][PASSED] - Object: 'Object Repository/Backoffice/Clients/Client Registration' is clicked on

2018-10-12 13:49:40 - [TEST_STEP][PASSED] - setText: Text 'painepollux' is set on object 'Object Repository/Backoffice/Clients/Registration/input_username'

2018-10-12 13:49:41 - [MESSAGE][PASSED] - Text 'painepollux' is set on object 'Object Repository/Backoffice/Clients/Registration/input_username'

2018-10-12 13:49:41 - [TEST_STEP][PASSED] - setText: Text '123123' is set on object 'Object Repository/Backoffice/Clients/Registration/input_password'

2018-10-12 13:49:41 - [MESSAGE][PASSED] - Text '123123' is set on object 'Object Repository/Backoffice/Clients/Registration/input_password'

2018-10-12 13:49:41 - [TEST_STEP][PASSED] - setText: Text '123123' is set on object 'Object Repository/Backoffice/Clients/Registration/input_confirmp'

2018-10-12 13:49:41 - [MESSAGE][PASSED] - Text '123123' is set on object 'Object Repository/Backoffice/Clients/Registration/input_confirmp'

2018-10-12 13:49:41 - [TEST_STEP][PASSED] - selectOptionByValue: All options with value 'test' are selected in object 'Object Repository/Backoffice/Clients/Registration/select_operatorcode' 

2018-10-12 13:49:41 - [MESSAGE][PASSED] - All options with value 'test' are selected in object 'Object Repository/Backoffice/Clients/Registration/select_operatorcode' 

2018-10-12 13:49:41 - [TEST_STEP][PASSED] - selectOptionByValue: All options with value '1' are selected in object 'Object Repository/Backoffice/Clients/Registration/select_status' 

2018-10-12 13:49:42 - [MESSAGE][PASSED] - All options with value '1' are selected in object 'Object Repository/Backoffice/Clients/Registration/select_status' 

2018-10-12 13:49:42 - [TEST_STEP][PASSED] - delay: Delayed 2 second(s)

2018-10-12 13:49:44 - [MESSAGE][PASSED] - Delayed 2 second(s)

2018-10-12 13:49:44 - [TEST_STEP][PASSED] - click: Object: 'Object Repository/Backoffice/Clients/Registration/button_Submit' is clicked on

2018-10-12 13:49:45 - [MESSAGE][PASSED] - Object: 'Object Repository/Backoffice/Clients/Registration/button_Submit' is clicked on

2018-10-12 13:49:45 - [TEST_STEP][PASSED] - delay: Delayed 2 second(s)

2018-10-12 13:49:47 - [MESSAGE][PASSED] - Delayed 2 second(s)]]></system-out>
         <system-err><![CDATA[]]></system-err>
      </testcase>
      <testcase name="Test Cases/Backoffice/RegisterAccount" classname="Test Cases/Backoffice/RegisterAccount" status="PASSED">
         <system-out><![CDATA[2018-10-12 13:49:47 - [TEST_CASE][PASSED] - Test Cases/Backoffice/RegisterAccount: Test Cases/Backoffice/RegisterAccount

2018-10-12 13:49:47 - [TEST_STEP][PASSED] - focus: Object: 'Object Repository/Backoffice/Clients/Clients' is focused

2018-10-12 13:49:47 - [MESSAGE][PASSED] - Object: 'Object Repository/Backoffice/Clients/Clients' is focused

2018-10-12 13:49:47 - [TEST_STEP][PASSED] - verifyElementPresent: Object 'Object Repository/Backoffice/Clients/Client Registration' is present

2018-10-12 13:49:47 - [MESSAGE][PASSED] - Object 'Object Repository/Backoffice/Clients/Client Registration' is present

2018-10-12 13:49:47 - [TEST_STEP][PASSED] - click: Object: 'Object Repository/Backoffice/Clients/Client Registration' is clicked on

2018-10-12 13:49:47 - [MESSAGE][PASSED] - Object: 'Object Repository/Backoffice/Clients/Client Registration' is clicked on

2018-10-12 13:49:47 - [TEST_STEP][PASSED] - setText: Text 'practicalplont' is set on object 'Object Repository/Backoffice/Clients/Registration/input_username'

2018-10-12 13:49:48 - [MESSAGE][PASSED] - Text 'practicalplont' is set on object 'Object Repository/Backoffice/Clients/Registration/input_username'

2018-10-12 13:49:48 - [TEST_STEP][PASSED] - setText: Text '123123' is set on object 'Object Repository/Backoffice/Clients/Registration/input_password'

2018-10-12 13:49:48 - [MESSAGE][PASSED] - Text '123123' is set on object 'Object Repository/Backoffice/Clients/Registration/input_password'

2018-10-12 13:49:48 - [TEST_STEP][PASSED] - setText: Text '123123' is set on object 'Object Repository/Backoffice/Clients/Registration/input_confirmp'

2018-10-12 13:49:48 - [MESSAGE][PASSED] - Text '123123' is set on object 'Object Repository/Backoffice/Clients/Registration/input_confirmp'

2018-10-12 13:49:48 - [TEST_STEP][PASSED] - selectOptionByValue: All options with value 'test' are selected in object 'Object Repository/Backoffice/Clients/Registration/select_operatorcode' 

2018-10-12 13:49:48 - [MESSAGE][PASSED] - All options with value 'test' are selected in object 'Object Repository/Backoffice/Clients/Registration/select_operatorcode' 

2018-10-12 13:49:48 - [TEST_STEP][PASSED] - selectOptionByValue: All options with value '1' are selected in object 'Object Repository/Backoffice/Clients/Registration/select_status' 

2018-10-12 13:49:49 - [MESSAGE][PASSED] - All options with value '1' are selected in object 'Object Repository/Backoffice/Clients/Registration/select_status' 

2018-10-12 13:49:49 - [TEST_STEP][PASSED] - delay: Delayed 2 second(s)

2018-10-12 13:49:51 - [MESSAGE][PASSED] - Delayed 2 second(s)

2018-10-12 13:49:51 - [TEST_STEP][PASSED] - click: Object: 'Object Repository/Backoffice/Clients/Registration/button_Submit' is clicked on

2018-10-12 13:49:52 - [MESSAGE][PASSED] - Object: 'Object Repository/Backoffice/Clients/Registration/button_Submit' is clicked on

2018-10-12 13:49:52 - [TEST_STEP][PASSED] - delay: Delayed 2 second(s)

2018-10-12 13:49:54 - [MESSAGE][PASSED] - Delayed 2 second(s)]]></system-out>
         <system-err><![CDATA[]]></system-err>
      </testcase>
      <testcase name="Test Cases/Backoffice/RegisterAccount" classname="Test Cases/Backoffice/RegisterAccount" status="PASSED">
         <system-out><![CDATA[2018-10-12 13:49:54 - [TEST_CASE][PASSED] - Test Cases/Backoffice/RegisterAccount: Test Cases/Backoffice/RegisterAccount

2018-10-12 13:49:54 - [TEST_STEP][PASSED] - focus: Object: 'Object Repository/Backoffice/Clients/Clients' is focused

2018-10-12 13:49:54 - [MESSAGE][PASSED] - Object: 'Object Repository/Backoffice/Clients/Clients' is focused

2018-10-12 13:49:54 - [TEST_STEP][PASSED] - verifyElementPresent: Object 'Object Repository/Backoffice/Clients/Client Registration' is present

2018-10-12 13:49:54 - [MESSAGE][PASSED] - Object 'Object Repository/Backoffice/Clients/Client Registration' is present

2018-10-12 13:49:54 - [TEST_STEP][PASSED] - click: Object: 'Object Repository/Backoffice/Clients/Client Registration' is clicked on

2018-10-12 13:49:55 - [MESSAGE][PASSED] - Object: 'Object Repository/Backoffice/Clients/Client Registration' is clicked on

2018-10-12 13:49:55 - [TEST_STEP][PASSED] - setText: Text 'proteusprocesser' is set on object 'Object Repository/Backoffice/Clients/Registration/input_username'

2018-10-12 13:49:55 - [MESSAGE][PASSED] - Text 'proteusprocesser' is set on object 'Object Repository/Backoffice/Clients/Registration/input_username'

2018-10-12 13:49:55 - [TEST_STEP][PASSED] - setText: Text '123123' is set on object 'Object Repository/Backoffice/Clients/Registration/input_password'

2018-10-12 13:49:56 - [MESSAGE][PASSED] - Text '123123' is set on object 'Object Repository/Backoffice/Clients/Registration/input_password'

2018-10-12 13:49:56 - [TEST_STEP][PASSED] - setText: Text '123123' is set on object 'Object Repository/Backoffice/Clients/Registration/input_confirmp'

2018-10-12 13:49:56 - [MESSAGE][PASSED] - Text '123123' is set on object 'Object Repository/Backoffice/Clients/Registration/input_confirmp'

2018-10-12 13:49:56 - [TEST_STEP][PASSED] - selectOptionByValue: All options with value 'test' are selected in object 'Object Repository/Backoffice/Clients/Registration/select_operatorcode' 

2018-10-12 13:49:56 - [MESSAGE][PASSED] - All options with value 'test' are selected in object 'Object Repository/Backoffice/Clients/Registration/select_operatorcode' 

2018-10-12 13:49:56 - [TEST_STEP][PASSED] - selectOptionByValue: All options with value '1' are selected in object 'Object Repository/Backoffice/Clients/Registration/select_status' 

2018-10-12 13:49:56 - [MESSAGE][PASSED] - All options with value '1' are selected in object 'Object Repository/Backoffice/Clients/Registration/select_status' 

2018-10-12 13:49:56 - [TEST_STEP][PASSED] - delay: Delayed 2 second(s)

2018-10-12 13:49:58 - [MESSAGE][PASSED] - Delayed 2 second(s)

2018-10-12 13:49:58 - [TEST_STEP][PASSED] - click: Object: 'Object Repository/Backoffice/Clients/Registration/button_Submit' is clicked on

2018-10-12 13:49:59 - [MESSAGE][PASSED] - Object: 'Object Repository/Backoffice/Clients/Registration/button_Submit' is clicked on

2018-10-12 13:49:59 - [TEST_STEP][PASSED] - delay: Delayed 2 second(s)

2018-10-12 13:50:01 - [MESSAGE][PASSED] - Delayed 2 second(s)]]></system-out>
         <system-err><![CDATA[]]></system-err>
      </testcase>
      <testcase name="Test Cases/Backoffice/RegisterAccount" classname="Test Cases/Backoffice/RegisterAccount" status="PASSED">
         <system-out><![CDATA[2018-10-12 13:50:01 - [TEST_CASE][PASSED] - Test Cases/Backoffice/RegisterAccount: Test Cases/Backoffice/RegisterAccount

2018-10-12 13:50:01 - [TEST_STEP][PASSED] - focus: Object: 'Object Repository/Backoffice/Clients/Clients' is focused

2018-10-12 13:50:01 - [MESSAGE][PASSED] - Object: 'Object Repository/Backoffice/Clients/Clients' is focused

2018-10-12 13:50:01 - [TEST_STEP][PASSED] - verifyElementPresent: Object 'Object Repository/Backoffice/Clients/Client Registration' is present

2018-10-12 13:50:01 - [MESSAGE][PASSED] - Object 'Object Repository/Backoffice/Clients/Client Registration' is present

2018-10-12 13:50:01 - [TEST_STEP][PASSED] - click: Object: 'Object Repository/Backoffice/Clients/Client Registration' is clicked on

2018-10-12 13:50:02 - [MESSAGE][PASSED] - Object: 'Object Repository/Backoffice/Clients/Client Registration' is clicked on

2018-10-12 13:50:02 - [TEST_STEP][PASSED] - setText: Text 'preservepitying' is set on object 'Object Repository/Backoffice/Clients/Registration/input_username'

2018-10-12 13:50:02 - [MESSAGE][PASSED] - Text 'preservepitying' is set on object 'Object Repository/Backoffice/Clients/Registration/input_username'

2018-10-12 13:50:02 - [TEST_STEP][PASSED] - setText: Text '123123' is set on object 'Object Repository/Backoffice/Clients/Registration/input_password'

2018-10-12 13:50:03 - [MESSAGE][PASSED] - Text '123123' is set on object 'Object Repository/Backoffice/Clients/Registration/input_password'

2018-10-12 13:50:03 - [TEST_STEP][PASSED] - setText: Text '123123' is set on object 'Object Repository/Backoffice/Clients/Registration/input_confirmp'

2018-10-12 13:50:03 - [MESSAGE][PASSED] - Text '123123' is set on object 'Object Repository/Backoffice/Clients/Registration/input_confirmp'

2018-10-12 13:50:03 - [TEST_STEP][PASSED] - selectOptionByValue: All options with value 'test' are selected in object 'Object Repository/Backoffice/Clients/Registration/select_operatorcode' 

2018-10-12 13:50:03 - [MESSAGE][PASSED] - All options with value 'test' are selected in object 'Object Repository/Backoffice/Clients/Registration/select_operatorcode' 

2018-10-12 13:50:03 - [TEST_STEP][PASSED] - selectOptionByValue: All options with value '1' are selected in object 'Object Repository/Backoffice/Clients/Registration/select_status' 

2018-10-12 13:50:03 - [MESSAGE][PASSED] - All options with value '1' are selected in object 'Object Repository/Backoffice/Clients/Registration/select_status' 

2018-10-12 13:50:03 - [TEST_STEP][PASSED] - delay: Delayed 2 second(s)

2018-10-12 13:50:05 - [MESSAGE][PASSED] - Delayed 2 second(s)

2018-10-12 13:50:05 - [TEST_STEP][PASSED] - click: Object: 'Object Repository/Backoffice/Clients/Registration/button_Submit' is clicked on

2018-10-12 13:50:07 - [MESSAGE][PASSED] - Object: 'Object Repository/Backoffice/Clients/Registration/button_Submit' is clicked on

2018-10-12 13:50:07 - [TEST_STEP][PASSED] - delay: Delayed 2 second(s)

2018-10-12 13:50:09 - [MESSAGE][PASSED] - Delayed 2 second(s)]]></system-out>
         <system-err><![CDATA[]]></system-err>
      </testcase>
      <testcase name="Test Cases/Backoffice/RegisterAccount" classname="Test Cases/Backoffice/RegisterAccount" status="PASSED">
         <system-out><![CDATA[2018-10-12 13:50:09 - [TEST_CASE][PASSED] - Test Cases/Backoffice/RegisterAccount: Test Cases/Backoffice/RegisterAccount

2018-10-12 13:50:09 - [TEST_STEP][PASSED] - focus: Object: 'Object Repository/Backoffice/Clients/Clients' is focused

2018-10-12 13:50:09 - [MESSAGE][PASSED] - Object: 'Object Repository/Backoffice/Clients/Clients' is focused

2018-10-12 13:50:09 - [TEST_STEP][PASSED] - verifyElementPresent: Object 'Object Repository/Backoffice/Clients/Client Registration' is present

2018-10-12 13:50:09 - [MESSAGE][PASSED] - Object 'Object Repository/Backoffice/Clients/Client Registration' is present

2018-10-12 13:50:09 - [TEST_STEP][PASSED] - click: Object: 'Object Repository/Backoffice/Clients/Client Registration' is clicked on

2018-10-12 13:50:10 - [MESSAGE][PASSED] - Object: 'Object Repository/Backoffice/Clients/Client Registration' is clicked on

2018-10-12 13:50:10 - [TEST_STEP][PASSED] - setText: Text 'parrelpusty' is set on object 'Object Repository/Backoffice/Clients/Registration/input_username'

2018-10-12 13:50:11 - [MESSAGE][PASSED] - Text 'parrelpusty' is set on object 'Object Repository/Backoffice/Clients/Registration/input_username'

2018-10-12 13:50:11 - [TEST_STEP][PASSED] - setText: Text '123123' is set on object 'Object Repository/Backoffice/Clients/Registration/input_password'

2018-10-12 13:50:11 - [MESSAGE][PASSED] - Text '123123' is set on object 'Object Repository/Backoffice/Clients/Registration/input_password'

2018-10-12 13:50:11 - [TEST_STEP][PASSED] - setText: Text '123123' is set on object 'Object Repository/Backoffice/Clients/Registration/input_confirmp'

2018-10-12 13:50:11 - [MESSAGE][PASSED] - Text '123123' is set on object 'Object Repository/Backoffice/Clients/Registration/input_confirmp'

2018-10-12 13:50:11 - [TEST_STEP][PASSED] - selectOptionByValue: All options with value 'test' are selected in object 'Object Repository/Backoffice/Clients/Registration/select_operatorcode' 

2018-10-12 13:50:11 - [MESSAGE][PASSED] - All options with value 'test' are selected in object 'Object Repository/Backoffice/Clients/Registration/select_operatorcode' 

2018-10-12 13:50:11 - [TEST_STEP][PASSED] - selectOptionByValue: All options with value '1' are selected in object 'Object Repository/Backoffice/Clients/Registration/select_status' 

2018-10-12 13:50:11 - [MESSAGE][PASSED] - All options with value '1' are selected in object 'Object Repository/Backoffice/Clients/Registration/select_status' 

2018-10-12 13:50:11 - [TEST_STEP][PASSED] - delay: Delayed 2 second(s)

2018-10-12 13:50:13 - [MESSAGE][PASSED] - Delayed 2 second(s)

2018-10-12 13:50:13 - [TEST_STEP][PASSED] - click: Object: 'Object Repository/Backoffice/Clients/Registration/button_Submit' is clicked on

2018-10-12 13:50:14 - [MESSAGE][PASSED] - Object: 'Object Repository/Backoffice/Clients/Registration/button_Submit' is clicked on

2018-10-12 13:50:14 - [TEST_STEP][PASSED] - delay: Delayed 2 second(s)

2018-10-12 13:50:16 - [MESSAGE][PASSED] - Delayed 2 second(s)]]></system-out>
         <system-err><![CDATA[]]></system-err>
      </testcase>
      <testcase name="Test Cases/Backoffice/RegisterAccount" classname="Test Cases/Backoffice/RegisterAccount" status="PASSED">
         <system-out><![CDATA[2018-10-12 13:50:16 - [TEST_CASE][PASSED] - Test Cases/Backoffice/RegisterAccount: Test Cases/Backoffice/RegisterAccount

2018-10-12 13:50:16 - [TEST_STEP][PASSED] - focus: Object: 'Object Repository/Backoffice/Clients/Clients' is focused

2018-10-12 13:50:17 - [MESSAGE][PASSED] - Object: 'Object Repository/Backoffice/Clients/Clients' is focused

2018-10-12 13:50:17 - [TEST_STEP][PASSED] - verifyElementPresent: Object 'Object Repository/Backoffice/Clients/Client Registration' is present

2018-10-12 13:50:17 - [MESSAGE][PASSED] - Object 'Object Repository/Backoffice/Clients/Client Registration' is present

2018-10-12 13:50:17 - [TEST_STEP][PASSED] - click: Object: 'Object Repository/Backoffice/Clients/Client Registration' is clicked on

2018-10-12 13:50:18 - [MESSAGE][PASSED] - Object: 'Object Repository/Backoffice/Clients/Client Registration' is clicked on

2018-10-12 13:50:18 - [TEST_STEP][PASSED] - setText: Text 'pigplane' is set on object 'Object Repository/Backoffice/Clients/Registration/input_username'

2018-10-12 13:50:18 - [MESSAGE][PASSED] - Text 'pigplane' is set on object 'Object Repository/Backoffice/Clients/Registration/input_username'

2018-10-12 13:50:18 - [TEST_STEP][PASSED] - setText: Text '123123' is set on object 'Object Repository/Backoffice/Clients/Registration/input_password'

2018-10-12 13:50:19 - [MESSAGE][PASSED] - Text '123123' is set on object 'Object Repository/Backoffice/Clients/Registration/input_password'

2018-10-12 13:50:19 - [TEST_STEP][PASSED] - setText: Text '123123' is set on object 'Object Repository/Backoffice/Clients/Registration/input_confirmp'

2018-10-12 13:50:19 - [MESSAGE][PASSED] - Text '123123' is set on object 'Object Repository/Backoffice/Clients/Registration/input_confirmp'

2018-10-12 13:50:19 - [TEST_STEP][PASSED] - selectOptionByValue: All options with value 'test' are selected in object 'Object Repository/Backoffice/Clients/Registration/select_operatorcode' 

2018-10-12 13:50:19 - [MESSAGE][PASSED] - All options with value 'test' are selected in object 'Object Repository/Backoffice/Clients/Registration/select_operatorcode' 

2018-10-12 13:50:19 - [TEST_STEP][PASSED] - selectOptionByValue: All options with value '1' are selected in object 'Object Repository/Backoffice/Clients/Registration/select_status' 

2018-10-12 13:50:19 - [MESSAGE][PASSED] - All options with value '1' are selected in object 'Object Repository/Backoffice/Clients/Registration/select_status' 

2018-10-12 13:50:19 - [TEST_STEP][PASSED] - delay: Delayed 2 second(s)

2018-10-12 13:50:21 - [MESSAGE][PASSED] - Delayed 2 second(s)

2018-10-12 13:50:21 - [TEST_STEP][PASSED] - click: Object: 'Object Repository/Backoffice/Clients/Registration/button_Submit' is clicked on

2018-10-12 13:50:22 - [MESSAGE][PASSED] - Object: 'Object Repository/Backoffice/Clients/Registration/button_Submit' is clicked on

2018-10-12 13:50:22 - [TEST_STEP][PASSED] - delay: Delayed 2 second(s)

2018-10-12 13:50:24 - [MESSAGE][PASSED] - Delayed 2 second(s)]]></system-out>
         <system-err><![CDATA[]]></system-err>
      </testcase>
      <testcase name="Test Cases/Backoffice/RegisterAccount" classname="Test Cases/Backoffice/RegisterAccount" status="PASSED">
         <system-out><![CDATA[2018-10-12 13:50:24 - [TEST_CASE][PASSED] - Test Cases/Backoffice/RegisterAccount: Test Cases/Backoffice/RegisterAccount

2018-10-12 13:50:24 - [TEST_STEP][PASSED] - focus: Object: 'Object Repository/Backoffice/Clients/Clients' is focused

2018-10-12 13:50:25 - [MESSAGE][PASSED] - Object: 'Object Repository/Backoffice/Clients/Clients' is focused

2018-10-12 13:50:25 - [TEST_STEP][PASSED] - verifyElementPresent: Object 'Object Repository/Backoffice/Clients/Client Registration' is present

2018-10-12 13:50:25 - [MESSAGE][PASSED] - Object 'Object Repository/Backoffice/Clients/Client Registration' is present

2018-10-12 13:50:25 - [TEST_STEP][PASSED] - click: Object: 'Object Repository/Backoffice/Clients/Client Registration' is clicked on

2018-10-12 13:50:26 - [MESSAGE][PASSED] - Object: 'Object Repository/Backoffice/Clients/Client Registration' is clicked on

2018-10-12 13:50:26 - [TEST_STEP][PASSED] - setText: Text 'providedpolished' is set on object 'Object Repository/Backoffice/Clients/Registration/input_username'

2018-10-12 13:50:26 - [MESSAGE][PASSED] - Text 'providedpolished' is set on object 'Object Repository/Backoffice/Clients/Registration/input_username'

2018-10-12 13:50:26 - [TEST_STEP][PASSED] - setText: Text '123123' is set on object 'Object Repository/Backoffice/Clients/Registration/input_password'

2018-10-12 13:50:26 - [MESSAGE][PASSED] - Text '123123' is set on object 'Object Repository/Backoffice/Clients/Registration/input_password'

2018-10-12 13:50:26 - [TEST_STEP][PASSED] - setText: Text '123123' is set on object 'Object Repository/Backoffice/Clients/Registration/input_confirmp'

2018-10-12 13:50:26 - [MESSAGE][PASSED] - Text '123123' is set on object 'Object Repository/Backoffice/Clients/Registration/input_confirmp'

2018-10-12 13:50:26 - [TEST_STEP][PASSED] - selectOptionByValue: All options with value 'test' are selected in object 'Object Repository/Backoffice/Clients/Registration/select_operatorcode' 

2018-10-12 13:50:26 - [MESSAGE][PASSED] - All options with value 'test' are selected in object 'Object Repository/Backoffice/Clients/Registration/select_operatorcode' 

2018-10-12 13:50:26 - [TEST_STEP][PASSED] - selectOptionByValue: All options with value '1' are selected in object 'Object Repository/Backoffice/Clients/Registration/select_status' 

2018-10-12 13:50:27 - [MESSAGE][PASSED] - All options with value '1' are selected in object 'Object Repository/Backoffice/Clients/Registration/select_status' 

2018-10-12 13:50:27 - [TEST_STEP][PASSED] - delay: Delayed 2 second(s)

2018-10-12 13:50:29 - [MESSAGE][PASSED] - Delayed 2 second(s)

2018-10-12 13:50:29 - [TEST_STEP][PASSED] - click: Object: 'Object Repository/Backoffice/Clients/Registration/button_Submit' is clicked on

2018-10-12 13:50:30 - [MESSAGE][PASSED] - Object: 'Object Repository/Backoffice/Clients/Registration/button_Submit' is clicked on

2018-10-12 13:50:30 - [TEST_STEP][PASSED] - delay: Delayed 2 second(s)

2018-10-12 13:50:32 - [MESSAGE][PASSED] - Delayed 2 second(s)]]></system-out>
         <system-err><![CDATA[]]></system-err>
      </testcase>
      <testcase name="Test Cases/Backoffice/RegisterAccount" classname="Test Cases/Backoffice/RegisterAccount" status="PASSED">
         <system-out><![CDATA[2018-10-12 13:50:32 - [TEST_CASE][PASSED] - Test Cases/Backoffice/RegisterAccount: Test Cases/Backoffice/RegisterAccount

2018-10-12 13:50:32 - [TEST_STEP][PASSED] - focus: Object: 'Object Repository/Backoffice/Clients/Clients' is focused

2018-10-12 13:50:32 - [MESSAGE][PASSED] - Object: 'Object Repository/Backoffice/Clients/Clients' is focused

2018-10-12 13:50:32 - [TEST_STEP][PASSED] - verifyElementPresent: Object 'Object Repository/Backoffice/Clients/Client Registration' is present

2018-10-12 13:50:32 - [MESSAGE][PASSED] - Object 'Object Repository/Backoffice/Clients/Client Registration' is present

2018-10-12 13:50:32 - [TEST_STEP][PASSED] - click: Object: 'Object Repository/Backoffice/Clients/Client Registration' is clicked on

2018-10-12 13:50:33 - [MESSAGE][PASSED] - Object: 'Object Repository/Backoffice/Clients/Client Registration' is clicked on

2018-10-12 13:50:33 - [TEST_STEP][PASSED] - setText: Text 'potpinching' is set on object 'Object Repository/Backoffice/Clients/Registration/input_username'

2018-10-12 13:50:33 - [MESSAGE][PASSED] - Text 'potpinching' is set on object 'Object Repository/Backoffice/Clients/Registration/input_username'

2018-10-12 13:50:33 - [TEST_STEP][PASSED] - setText: Text '123123' is set on object 'Object Repository/Backoffice/Clients/Registration/input_password'

2018-10-12 13:50:33 - [MESSAGE][PASSED] - Text '123123' is set on object 'Object Repository/Backoffice/Clients/Registration/input_password'

2018-10-12 13:50:33 - [TEST_STEP][PASSED] - setText: Text '123123' is set on object 'Object Repository/Backoffice/Clients/Registration/input_confirmp'

2018-10-12 13:50:33 - [MESSAGE][PASSED] - Text '123123' is set on object 'Object Repository/Backoffice/Clients/Registration/input_confirmp'

2018-10-12 13:50:33 - [TEST_STEP][PASSED] - selectOptionByValue: All options with value 'test' are selected in object 'Object Repository/Backoffice/Clients/Registration/select_operatorcode' 

2018-10-12 13:50:34 - [MESSAGE][PASSED] - All options with value 'test' are selected in object 'Object Repository/Backoffice/Clients/Registration/select_operatorcode' 

2018-10-12 13:50:34 - [TEST_STEP][PASSED] - selectOptionByValue: All options with value '1' are selected in object 'Object Repository/Backoffice/Clients/Registration/select_status' 

2018-10-12 13:50:34 - [MESSAGE][PASSED] - All options with value '1' are selected in object 'Object Repository/Backoffice/Clients/Registration/select_status' 

2018-10-12 13:50:34 - [TEST_STEP][PASSED] - delay: Delayed 2 second(s)

2018-10-12 13:50:36 - [MESSAGE][PASSED] - Delayed 2 second(s)

2018-10-12 13:50:36 - [TEST_STEP][PASSED] - click: Object: 'Object Repository/Backoffice/Clients/Registration/button_Submit' is clicked on

2018-10-12 13:50:37 - [MESSAGE][PASSED] - Object: 'Object Repository/Backoffice/Clients/Registration/button_Submit' is clicked on

2018-10-12 13:50:37 - [TEST_STEP][PASSED] - delay: Delayed 2 second(s)

2018-10-12 13:50:39 - [MESSAGE][PASSED] - Delayed 2 second(s)]]></system-out>
         <system-err><![CDATA[]]></system-err>
      </testcase>
      <testcase name="Test Cases/Backoffice/RegisterAccount" classname="Test Cases/Backoffice/RegisterAccount" status="PASSED">
         <system-out><![CDATA[2018-10-12 13:50:39 - [TEST_CASE][PASSED] - Test Cases/Backoffice/RegisterAccount: Test Cases/Backoffice/RegisterAccount

2018-10-12 13:50:39 - [TEST_STEP][PASSED] - focus: Object: 'Object Repository/Backoffice/Clients/Clients' is focused

2018-10-12 13:50:39 - [MESSAGE][PASSED] - Object: 'Object Repository/Backoffice/Clients/Clients' is focused

2018-10-12 13:50:39 - [TEST_STEP][PASSED] - verifyElementPresent: Object 'Object Repository/Backoffice/Clients/Client Registration' is present

2018-10-12 13:50:39 - [MESSAGE][PASSED] - Object 'Object Repository/Backoffice/Clients/Client Registration' is present

2018-10-12 13:50:39 - [TEST_STEP][PASSED] - click: Object: 'Object Repository/Backoffice/Clients/Client Registration' is clicked on

2018-10-12 13:50:39 - [MESSAGE][PASSED] - Object: 'Object Repository/Backoffice/Clients/Client Registration' is clicked on

2018-10-12 13:50:39 - [TEST_STEP][PASSED] - setText: Text 'perigeepour' is set on object 'Object Repository/Backoffice/Clients/Registration/input_username'

2018-10-12 13:50:40 - [MESSAGE][PASSED] - Text 'perigeepour' is set on object 'Object Repository/Backoffice/Clients/Registration/input_username'

2018-10-12 13:50:40 - [TEST_STEP][PASSED] - setText: Text '123123' is set on object 'Object Repository/Backoffice/Clients/Registration/input_password'

2018-10-12 13:50:40 - [MESSAGE][PASSED] - Text '123123' is set on object 'Object Repository/Backoffice/Clients/Registration/input_password'

2018-10-12 13:50:40 - [TEST_STEP][PASSED] - setText: Text '123123' is set on object 'Object Repository/Backoffice/Clients/Registration/input_confirmp'

2018-10-12 13:50:40 - [MESSAGE][PASSED] - Text '123123' is set on object 'Object Repository/Backoffice/Clients/Registration/input_confirmp'

2018-10-12 13:50:40 - [TEST_STEP][PASSED] - selectOptionByValue: All options with value 'test' are selected in object 'Object Repository/Backoffice/Clients/Registration/select_operatorcode' 

2018-10-12 13:50:40 - [MESSAGE][PASSED] - All options with value 'test' are selected in object 'Object Repository/Backoffice/Clients/Registration/select_operatorcode' 

2018-10-12 13:50:40 - [TEST_STEP][PASSED] - selectOptionByValue: All options with value '1' are selected in object 'Object Repository/Backoffice/Clients/Registration/select_status' 

2018-10-12 13:50:40 - [MESSAGE][PASSED] - All options with value '1' are selected in object 'Object Repository/Backoffice/Clients/Registration/select_status' 

2018-10-12 13:50:40 - [TEST_STEP][PASSED] - delay: Delayed 2 second(s)

2018-10-12 13:50:42 - [MESSAGE][PASSED] - Delayed 2 second(s)

2018-10-12 13:50:42 - [TEST_STEP][PASSED] - click: Object: 'Object Repository/Backoffice/Clients/Registration/button_Submit' is clicked on

2018-10-12 13:50:43 - [MESSAGE][PASSED] - Object: 'Object Repository/Backoffice/Clients/Registration/button_Submit' is clicked on

2018-10-12 13:50:43 - [TEST_STEP][PASSED] - delay: Delayed 2 second(s)

2018-10-12 13:50:45 - [MESSAGE][PASSED] - Delayed 2 second(s)]]></system-out>
         <system-err><![CDATA[]]></system-err>
      </testcase>
      <testcase name="Test Cases/Backoffice/RegisterAccount" classname="Test Cases/Backoffice/RegisterAccount" status="PASSED">
         <system-out><![CDATA[2018-10-12 13:50:45 - [TEST_CASE][PASSED] - Test Cases/Backoffice/RegisterAccount: Test Cases/Backoffice/RegisterAccount

2018-10-12 13:50:45 - [TEST_STEP][PASSED] - focus: Object: 'Object Repository/Backoffice/Clients/Clients' is focused

2018-10-12 13:50:45 - [MESSAGE][PASSED] - Object: 'Object Repository/Backoffice/Clients/Clients' is focused

2018-10-12 13:50:45 - [TEST_STEP][PASSED] - verifyElementPresent: Object 'Object Repository/Backoffice/Clients/Client Registration' is present

2018-10-12 13:50:45 - [MESSAGE][PASSED] - Object 'Object Repository/Backoffice/Clients/Client Registration' is present

2018-10-12 13:50:45 - [TEST_STEP][PASSED] - click: Object: 'Object Repository/Backoffice/Clients/Client Registration' is clicked on

2018-10-12 13:50:46 - [MESSAGE][PASSED] - Object: 'Object Repository/Backoffice/Clients/Client Registration' is clicked on

2018-10-12 13:50:46 - [TEST_STEP][PASSED] - setText: Text 'porschepassed' is set on object 'Object Repository/Backoffice/Clients/Registration/input_username'

2018-10-12 13:50:47 - [MESSAGE][PASSED] - Text 'porschepassed' is set on object 'Object Repository/Backoffice/Clients/Registration/input_username'

2018-10-12 13:50:47 - [TEST_STEP][PASSED] - setText: Text '123123' is set on object 'Object Repository/Backoffice/Clients/Registration/input_password'

2018-10-12 13:50:47 - [MESSAGE][PASSED] - Text '123123' is set on object 'Object Repository/Backoffice/Clients/Registration/input_password'

2018-10-12 13:50:47 - [TEST_STEP][PASSED] - setText: Text '123123' is set on object 'Object Repository/Backoffice/Clients/Registration/input_confirmp'

2018-10-12 13:50:47 - [MESSAGE][PASSED] - Text '123123' is set on object 'Object Repository/Backoffice/Clients/Registration/input_confirmp'

2018-10-12 13:50:47 - [TEST_STEP][PASSED] - selectOptionByValue: All options with value 'test' are selected in object 'Object Repository/Backoffice/Clients/Registration/select_operatorcode' 

2018-10-12 13:50:47 - [MESSAGE][PASSED] - All options with value 'test' are selected in object 'Object Repository/Backoffice/Clients/Registration/select_operatorcode' 

2018-10-12 13:50:47 - [TEST_STEP][PASSED] - selectOptionByValue: All options with value '1' are selected in object 'Object Repository/Backoffice/Clients/Registration/select_status' 

2018-10-12 13:50:47 - [MESSAGE][PASSED] - All options with value '1' are selected in object 'Object Repository/Backoffice/Clients/Registration/select_status' 

2018-10-12 13:50:47 - [TEST_STEP][PASSED] - delay: Delayed 2 second(s)

2018-10-12 13:50:49 - [MESSAGE][PASSED] - Delayed 2 second(s)

2018-10-12 13:50:49 - [TEST_STEP][PASSED] - click: Object: 'Object Repository/Backoffice/Clients/Registration/button_Submit' is clicked on

2018-10-12 13:50:50 - [MESSAGE][PASSED] - Object: 'Object Repository/Backoffice/Clients/Registration/button_Submit' is clicked on

2018-10-12 13:50:50 - [TEST_STEP][PASSED] - delay: Delayed 2 second(s)

2018-10-12 13:50:52 - [MESSAGE][PASSED] - Delayed 2 second(s)]]></system-out>
         <system-err><![CDATA[]]></system-err>
      </testcase>
      <testcase name="Test Cases/Backoffice/RegisterAccount" classname="Test Cases/Backoffice/RegisterAccount" status="PASSED">
         <system-out><![CDATA[2018-10-12 13:50:52 - [TEST_CASE][PASSED] - Test Cases/Backoffice/RegisterAccount: Test Cases/Backoffice/RegisterAccount

2018-10-12 13:50:52 - [TEST_STEP][PASSED] - focus: Object: 'Object Repository/Backoffice/Clients/Clients' is focused

2018-10-12 13:50:52 - [MESSAGE][PASSED] - Object: 'Object Repository/Backoffice/Clients/Clients' is focused

2018-10-12 13:50:52 - [TEST_STEP][PASSED] - verifyElementPresent: Object 'Object Repository/Backoffice/Clients/Client Registration' is present

2018-10-12 13:50:53 - [MESSAGE][PASSED] - Object 'Object Repository/Backoffice/Clients/Client Registration' is present

2018-10-12 13:50:53 - [TEST_STEP][PASSED] - click: Object: 'Object Repository/Backoffice/Clients/Client Registration' is clicked on

2018-10-12 13:50:53 - [MESSAGE][PASSED] - Object: 'Object Repository/Backoffice/Clients/Client Registration' is clicked on

2018-10-12 13:50:53 - [TEST_STEP][PASSED] - setText: Text 'quasarquirt' is set on object 'Object Repository/Backoffice/Clients/Registration/input_username'

2018-10-12 13:50:54 - [MESSAGE][PASSED] - Text 'quasarquirt' is set on object 'Object Repository/Backoffice/Clients/Registration/input_username'

2018-10-12 13:50:54 - [TEST_STEP][PASSED] - setText: Text '123123' is set on object 'Object Repository/Backoffice/Clients/Registration/input_password'

2018-10-12 13:50:54 - [MESSAGE][PASSED] - Text '123123' is set on object 'Object Repository/Backoffice/Clients/Registration/input_password'

2018-10-12 13:50:54 - [TEST_STEP][PASSED] - setText: Text '123123' is set on object 'Object Repository/Backoffice/Clients/Registration/input_confirmp'

2018-10-12 13:50:54 - [MESSAGE][PASSED] - Text '123123' is set on object 'Object Repository/Backoffice/Clients/Registration/input_confirmp'

2018-10-12 13:50:54 - [TEST_STEP][PASSED] - selectOptionByValue: All options with value 'test' are selected in object 'Object Repository/Backoffice/Clients/Registration/select_operatorcode' 

2018-10-12 13:50:54 - [MESSAGE][PASSED] - All options with value 'test' are selected in object 'Object Repository/Backoffice/Clients/Registration/select_operatorcode' 

2018-10-12 13:50:54 - [TEST_STEP][PASSED] - selectOptionByValue: All options with value '1' are selected in object 'Object Repository/Backoffice/Clients/Registration/select_status' 

2018-10-12 13:50:54 - [MESSAGE][PASSED] - All options with value '1' are selected in object 'Object Repository/Backoffice/Clients/Registration/select_status' 

2018-10-12 13:50:54 - [TEST_STEP][PASSED] - delay: Delayed 2 second(s)

2018-10-12 13:50:56 - [MESSAGE][PASSED] - Delayed 2 second(s)

2018-10-12 13:50:56 - [TEST_STEP][PASSED] - click: Object: 'Object Repository/Backoffice/Clients/Registration/button_Submit' is clicked on

2018-10-12 13:50:57 - [MESSAGE][PASSED] - Object: 'Object Repository/Backoffice/Clients/Registration/button_Submit' is clicked on

2018-10-12 13:50:57 - [TEST_STEP][PASSED] - delay: Delayed 2 second(s)

2018-10-12 13:50:59 - [MESSAGE][PASSED] - Delayed 2 second(s)]]></system-out>
         <system-err><![CDATA[]]></system-err>
      </testcase>
      <testcase name="Test Cases/Backoffice/RegisterAccount" classname="Test Cases/Backoffice/RegisterAccount" status="PASSED">
         <system-out><![CDATA[2018-10-12 13:50:59 - [TEST_CASE][PASSED] - Test Cases/Backoffice/RegisterAccount: Test Cases/Backoffice/RegisterAccount

2018-10-12 13:50:59 - [TEST_STEP][PASSED] - focus: Object: 'Object Repository/Backoffice/Clients/Clients' is focused

2018-10-12 13:50:59 - [MESSAGE][PASSED] - Object: 'Object Repository/Backoffice/Clients/Clients' is focused

2018-10-12 13:50:59 - [TEST_STEP][PASSED] - verifyElementPresent: Object 'Object Repository/Backoffice/Clients/Client Registration' is present

2018-10-12 13:50:59 - [MESSAGE][PASSED] - Object 'Object Repository/Backoffice/Clients/Client Registration' is present

2018-10-12 13:50:59 - [TEST_STEP][PASSED] - click: Object: 'Object Repository/Backoffice/Clients/Client Registration' is clicked on

2018-10-12 13:51:00 - [MESSAGE][PASSED] - Object: 'Object Repository/Backoffice/Clients/Client Registration' is clicked on

2018-10-12 13:51:00 - [TEST_STEP][PASSED] - setText: Text 'quarrelquarterdeck' is set on object 'Object Repository/Backoffice/Clients/Registration/input_username'

2018-10-12 13:51:01 - [MESSAGE][PASSED] - Text 'quarrelquarterdeck' is set on object 'Object Repository/Backoffice/Clients/Registration/input_username'

2018-10-12 13:51:01 - [TEST_STEP][PASSED] - setText: Text '123123' is set on object 'Object Repository/Backoffice/Clients/Registration/input_password'

2018-10-12 13:51:01 - [MESSAGE][PASSED] - Text '123123' is set on object 'Object Repository/Backoffice/Clients/Registration/input_password'

2018-10-12 13:51:01 - [TEST_STEP][PASSED] - setText: Text '123123' is set on object 'Object Repository/Backoffice/Clients/Registration/input_confirmp'

2018-10-12 13:51:01 - [MESSAGE][PASSED] - Text '123123' is set on object 'Object Repository/Backoffice/Clients/Registration/input_confirmp'

2018-10-12 13:51:01 - [TEST_STEP][PASSED] - selectOptionByValue: All options with value 'test' are selected in object 'Object Repository/Backoffice/Clients/Registration/select_operatorcode' 

2018-10-12 13:51:01 - [MESSAGE][PASSED] - All options with value 'test' are selected in object 'Object Repository/Backoffice/Clients/Registration/select_operatorcode' 

2018-10-12 13:51:01 - [TEST_STEP][PASSED] - selectOptionByValue: All options with value '1' are selected in object 'Object Repository/Backoffice/Clients/Registration/select_status' 

2018-10-12 13:51:01 - [MESSAGE][PASSED] - All options with value '1' are selected in object 'Object Repository/Backoffice/Clients/Registration/select_status' 

2018-10-12 13:51:01 - [TEST_STEP][PASSED] - delay: Delayed 2 second(s)

2018-10-12 13:51:03 - [MESSAGE][PASSED] - Delayed 2 second(s)

2018-10-12 13:51:03 - [TEST_STEP][PASSED] - click: Object: 'Object Repository/Backoffice/Clients/Registration/button_Submit' is clicked on

2018-10-12 13:51:04 - [MESSAGE][PASSED] - Object: 'Object Repository/Backoffice/Clients/Registration/button_Submit' is clicked on

2018-10-12 13:51:04 - [TEST_STEP][PASSED] - delay: Delayed 2 second(s)

2018-10-12 13:51:06 - [MESSAGE][PASSED] - Delayed 2 second(s)]]></system-out>
         <system-err><![CDATA[]]></system-err>
      </testcase>
      <testcase name="Test Cases/Backoffice/RegisterAccount" classname="Test Cases/Backoffice/RegisterAccount" status="PASSED">
         <system-out><![CDATA[2018-10-12 13:51:06 - [TEST_CASE][PASSED] - Test Cases/Backoffice/RegisterAccount: Test Cases/Backoffice/RegisterAccount

2018-10-12 13:51:06 - [TEST_STEP][PASSED] - focus: Object: 'Object Repository/Backoffice/Clients/Clients' is focused

2018-10-12 13:51:06 - [MESSAGE][PASSED] - Object: 'Object Repository/Backoffice/Clients/Clients' is focused

2018-10-12 13:51:06 - [TEST_STEP][PASSED] - verifyElementPresent: Object 'Object Repository/Backoffice/Clients/Client Registration' is present

2018-10-12 13:51:06 - [MESSAGE][PASSED] - Object 'Object Repository/Backoffice/Clients/Client Registration' is present

2018-10-12 13:51:06 - [TEST_STEP][PASSED] - click: Object: 'Object Repository/Backoffice/Clients/Client Registration' is clicked on

2018-10-12 13:51:07 - [MESSAGE][PASSED] - Object: 'Object Repository/Backoffice/Clients/Client Registration' is clicked on

2018-10-12 13:51:07 - [TEST_STEP][PASSED] - setText: Text 'quotequerying' is set on object 'Object Repository/Backoffice/Clients/Registration/input_username'

2018-10-12 13:51:07 - [MESSAGE][PASSED] - Text 'quotequerying' is set on object 'Object Repository/Backoffice/Clients/Registration/input_username'

2018-10-12 13:51:07 - [TEST_STEP][PASSED] - setText: Text '123123' is set on object 'Object Repository/Backoffice/Clients/Registration/input_password'

2018-10-12 13:51:07 - [MESSAGE][PASSED] - Text '123123' is set on object 'Object Repository/Backoffice/Clients/Registration/input_password'

2018-10-12 13:51:07 - [TEST_STEP][PASSED] - setText: Text '123123' is set on object 'Object Repository/Backoffice/Clients/Registration/input_confirmp'

2018-10-12 13:51:07 - [MESSAGE][PASSED] - Text '123123' is set on object 'Object Repository/Backoffice/Clients/Registration/input_confirmp'

2018-10-12 13:51:07 - [TEST_STEP][PASSED] - selectOptionByValue: All options with value 'test' are selected in object 'Object Repository/Backoffice/Clients/Registration/select_operatorcode' 

2018-10-12 13:51:07 - [MESSAGE][PASSED] - All options with value 'test' are selected in object 'Object Repository/Backoffice/Clients/Registration/select_operatorcode' 

2018-10-12 13:51:07 - [TEST_STEP][PASSED] - selectOptionByValue: All options with value '1' are selected in object 'Object Repository/Backoffice/Clients/Registration/select_status' 

2018-10-12 13:51:08 - [MESSAGE][PASSED] - All options with value '1' are selected in object 'Object Repository/Backoffice/Clients/Registration/select_status' 

2018-10-12 13:51:08 - [TEST_STEP][PASSED] - delay: Delayed 2 second(s)

2018-10-12 13:51:10 - [MESSAGE][PASSED] - Delayed 2 second(s)

2018-10-12 13:51:10 - [TEST_STEP][PASSED] - click: Object: 'Object Repository/Backoffice/Clients/Registration/button_Submit' is clicked on

2018-10-12 13:51:11 - [MESSAGE][PASSED] - Object: 'Object Repository/Backoffice/Clients/Registration/button_Submit' is clicked on

2018-10-12 13:51:11 - [TEST_STEP][PASSED] - delay: Delayed 2 second(s)

2018-10-12 13:51:13 - [MESSAGE][PASSED] - Delayed 2 second(s)]]></system-out>
         <system-err><![CDATA[]]></system-err>
      </testcase>
      <testcase name="Test Cases/Backoffice/RegisterAccount" classname="Test Cases/Backoffice/RegisterAccount" status="PASSED">
         <system-out><![CDATA[2018-10-12 13:51:13 - [TEST_CASE][PASSED] - Test Cases/Backoffice/RegisterAccount: Test Cases/Backoffice/RegisterAccount

2018-10-12 13:51:13 - [TEST_STEP][PASSED] - focus: Object: 'Object Repository/Backoffice/Clients/Clients' is focused

2018-10-12 13:51:13 - [MESSAGE][PASSED] - Object: 'Object Repository/Backoffice/Clients/Clients' is focused

2018-10-12 13:51:13 - [TEST_STEP][PASSED] - verifyElementPresent: Object 'Object Repository/Backoffice/Clients/Client Registration' is present

2018-10-12 13:51:13 - [MESSAGE][PASSED] - Object 'Object Repository/Backoffice/Clients/Client Registration' is present

2018-10-12 13:51:13 - [TEST_STEP][PASSED] - click: Object: 'Object Repository/Backoffice/Clients/Client Registration' is clicked on

2018-10-12 13:51:13 - [MESSAGE][PASSED] - Object: 'Object Repository/Backoffice/Clients/Client Registration' is clicked on

2018-10-12 13:51:13 - [TEST_STEP][PASSED] - setText: Text 'quickestquark' is set on object 'Object Repository/Backoffice/Clients/Registration/input_username'

2018-10-12 13:51:13 - [MESSAGE][PASSED] - Text 'quickestquark' is set on object 'Object Repository/Backoffice/Clients/Registration/input_username'

2018-10-12 13:51:13 - [TEST_STEP][PASSED] - setText: Text '123123' is set on object 'Object Repository/Backoffice/Clients/Registration/input_password'

2018-10-12 13:51:14 - [MESSAGE][PASSED] - Text '123123' is set on object 'Object Repository/Backoffice/Clients/Registration/input_password'

2018-10-12 13:51:14 - [TEST_STEP][PASSED] - setText: Text '123123' is set on object 'Object Repository/Backoffice/Clients/Registration/input_confirmp'

2018-10-12 13:51:14 - [MESSAGE][PASSED] - Text '123123' is set on object 'Object Repository/Backoffice/Clients/Registration/input_confirmp'

2018-10-12 13:51:14 - [TEST_STEP][PASSED] - selectOptionByValue: All options with value 'test' are selected in object 'Object Repository/Backoffice/Clients/Registration/select_operatorcode' 

2018-10-12 13:51:14 - [MESSAGE][PASSED] - All options with value 'test' are selected in object 'Object Repository/Backoffice/Clients/Registration/select_operatorcode' 

2018-10-12 13:51:14 - [TEST_STEP][PASSED] - selectOptionByValue: All options with value '1' are selected in object 'Object Repository/Backoffice/Clients/Registration/select_status' 

2018-10-12 13:51:14 - [MESSAGE][PASSED] - All options with value '1' are selected in object 'Object Repository/Backoffice/Clients/Registration/select_status' 

2018-10-12 13:51:14 - [TEST_STEP][PASSED] - delay: Delayed 2 second(s)

2018-10-12 13:51:16 - [MESSAGE][PASSED] - Delayed 2 second(s)

2018-10-12 13:51:16 - [TEST_STEP][PASSED] - click: Object: 'Object Repository/Backoffice/Clients/Registration/button_Submit' is clicked on

2018-10-12 13:51:17 - [MESSAGE][PASSED] - Object: 'Object Repository/Backoffice/Clients/Registration/button_Submit' is clicked on

2018-10-12 13:51:17 - [TEST_STEP][PASSED] - delay: Delayed 2 second(s)

2018-10-12 13:51:19 - [MESSAGE][PASSED] - Delayed 2 second(s)]]></system-out>
         <system-err><![CDATA[]]></system-err>
      </testcase>
      <testcase name="Test Cases/Backoffice/RegisterAccount" classname="Test Cases/Backoffice/RegisterAccount" status="PASSED">
         <system-out><![CDATA[2018-10-12 13:51:19 - [TEST_CASE][PASSED] - Test Cases/Backoffice/RegisterAccount: Test Cases/Backoffice/RegisterAccount

2018-10-12 13:51:19 - [TEST_STEP][PASSED] - focus: Object: 'Object Repository/Backoffice/Clients/Clients' is focused

2018-10-12 13:51:19 - [MESSAGE][PASSED] - Object: 'Object Repository/Backoffice/Clients/Clients' is focused

2018-10-12 13:51:19 - [TEST_STEP][PASSED] - verifyElementPresent: Object 'Object Repository/Backoffice/Clients/Client Registration' is present

2018-10-12 13:51:19 - [MESSAGE][PASSED] - Object 'Object Repository/Backoffice/Clients/Client Registration' is present

2018-10-12 13:51:19 - [TEST_STEP][PASSED] - click: Object: 'Object Repository/Backoffice/Clients/Client Registration' is clicked on

2018-10-12 13:51:20 - [MESSAGE][PASSED] - Object: 'Object Repository/Backoffice/Clients/Client Registration' is clicked on

2018-10-12 13:51:20 - [TEST_STEP][PASSED] - setText: Text 'queensquotient' is set on object 'Object Repository/Backoffice/Clients/Registration/input_username'

2018-10-12 13:51:20 - [MESSAGE][PASSED] - Text 'queensquotient' is set on object 'Object Repository/Backoffice/Clients/Registration/input_username'

2018-10-12 13:51:20 - [TEST_STEP][PASSED] - setText: Text '123123' is set on object 'Object Repository/Backoffice/Clients/Registration/input_password'

2018-10-12 13:51:20 - [MESSAGE][PASSED] - Text '123123' is set on object 'Object Repository/Backoffice/Clients/Registration/input_password'

2018-10-12 13:51:20 - [TEST_STEP][PASSED] - setText: Text '123123' is set on object 'Object Repository/Backoffice/Clients/Registration/input_confirmp'

2018-10-12 13:51:20 - [MESSAGE][PASSED] - Text '123123' is set on object 'Object Repository/Backoffice/Clients/Registration/input_confirmp'

2018-10-12 13:51:20 - [TEST_STEP][PASSED] - selectOptionByValue: All options with value 'test' are selected in object 'Object Repository/Backoffice/Clients/Registration/select_operatorcode' 

2018-10-12 13:51:21 - [MESSAGE][PASSED] - All options with value 'test' are selected in object 'Object Repository/Backoffice/Clients/Registration/select_operatorcode' 

2018-10-12 13:51:21 - [TEST_STEP][PASSED] - selectOptionByValue: All options with value '1' are selected in object 'Object Repository/Backoffice/Clients/Registration/select_status' 

2018-10-12 13:51:21 - [MESSAGE][PASSED] - All options with value '1' are selected in object 'Object Repository/Backoffice/Clients/Registration/select_status' 

2018-10-12 13:51:21 - [TEST_STEP][PASSED] - delay: Delayed 2 second(s)

2018-10-12 13:51:23 - [MESSAGE][PASSED] - Delayed 2 second(s)

2018-10-12 13:51:23 - [TEST_STEP][PASSED] - click: Object: 'Object Repository/Backoffice/Clients/Registration/button_Submit' is clicked on

2018-10-12 13:51:24 - [MESSAGE][PASSED] - Object: 'Object Repository/Backoffice/Clients/Registration/button_Submit' is clicked on

2018-10-12 13:51:24 - [TEST_STEP][PASSED] - delay: Delayed 2 second(s)

2018-10-12 13:51:26 - [MESSAGE][PASSED] - Delayed 2 second(s)]]></system-out>
         <system-err><![CDATA[]]></system-err>
      </testcase>
      <testcase name="Test Cases/Backoffice/RegisterAccount" classname="Test Cases/Backoffice/RegisterAccount" status="PASSED">
         <system-out><![CDATA[2018-10-12 13:51:26 - [TEST_CASE][PASSED] - Test Cases/Backoffice/RegisterAccount: Test Cases/Backoffice/RegisterAccount

2018-10-12 13:51:26 - [TEST_STEP][PASSED] - focus: Object: 'Object Repository/Backoffice/Clients/Clients' is focused

2018-10-12 13:51:26 - [MESSAGE][PASSED] - Object: 'Object Repository/Backoffice/Clients/Clients' is focused

2018-10-12 13:51:26 - [TEST_STEP][PASSED] - verifyElementPresent: Object 'Object Repository/Backoffice/Clients/Client Registration' is present

2018-10-12 13:51:26 - [MESSAGE][PASSED] - Object 'Object Repository/Backoffice/Clients/Client Registration' is present

2018-10-12 13:51:26 - [TEST_STEP][PASSED] - click: Object: 'Object Repository/Backoffice/Clients/Client Registration' is clicked on

2018-10-12 13:51:27 - [MESSAGE][PASSED] - Object: 'Object Repository/Backoffice/Clients/Client Registration' is clicked on

2018-10-12 13:51:27 - [TEST_STEP][PASSED] - setText: Text 'quarterquerulous' is set on object 'Object Repository/Backoffice/Clients/Registration/input_username'

2018-10-12 13:51:27 - [MESSAGE][PASSED] - Text 'quarterquerulous' is set on object 'Object Repository/Backoffice/Clients/Registration/input_username'

2018-10-12 13:51:27 - [TEST_STEP][PASSED] - setText: Text '123123' is set on object 'Object Repository/Backoffice/Clients/Registration/input_password'

2018-10-12 13:51:27 - [MESSAGE][PASSED] - Text '123123' is set on object 'Object Repository/Backoffice/Clients/Registration/input_password'

2018-10-12 13:51:27 - [TEST_STEP][PASSED] - setText: Text '123123' is set on object 'Object Repository/Backoffice/Clients/Registration/input_confirmp'

2018-10-12 13:51:27 - [MESSAGE][PASSED] - Text '123123' is set on object 'Object Repository/Backoffice/Clients/Registration/input_confirmp'

2018-10-12 13:51:27 - [TEST_STEP][PASSED] - selectOptionByValue: All options with value 'test' are selected in object 'Object Repository/Backoffice/Clients/Registration/select_operatorcode' 

2018-10-12 13:51:27 - [MESSAGE][PASSED] - All options with value 'test' are selected in object 'Object Repository/Backoffice/Clients/Registration/select_operatorcode' 

2018-10-12 13:51:27 - [TEST_STEP][PASSED] - selectOptionByValue: All options with value '1' are selected in object 'Object Repository/Backoffice/Clients/Registration/select_status' 

2018-10-12 13:51:28 - [MESSAGE][PASSED] - All options with value '1' are selected in object 'Object Repository/Backoffice/Clients/Registration/select_status' 

2018-10-12 13:51:28 - [TEST_STEP][PASSED] - delay: Delayed 2 second(s)

2018-10-12 13:51:30 - [MESSAGE][PASSED] - Delayed 2 second(s)

2018-10-12 13:51:30 - [TEST_STEP][PASSED] - click: Object: 'Object Repository/Backoffice/Clients/Registration/button_Submit' is clicked on

2018-10-12 13:51:31 - [MESSAGE][PASSED] - Object: 'Object Repository/Backoffice/Clients/Registration/button_Submit' is clicked on

2018-10-12 13:51:31 - [TEST_STEP][PASSED] - delay: Delayed 2 second(s)

2018-10-12 13:51:33 - [MESSAGE][PASSED] - Delayed 2 second(s)]]></system-out>
         <system-err><![CDATA[]]></system-err>
      </testcase>
      <testcase name="Test Cases/Backoffice/RegisterAccount" classname="Test Cases/Backoffice/RegisterAccount" status="PASSED">
         <system-out><![CDATA[2018-10-12 13:51:33 - [TEST_CASE][PASSED] - Test Cases/Backoffice/RegisterAccount: Test Cases/Backoffice/RegisterAccount

2018-10-12 13:51:33 - [TEST_STEP][PASSED] - focus: Object: 'Object Repository/Backoffice/Clients/Clients' is focused

2018-10-12 13:51:33 - [MESSAGE][PASSED] - Object: 'Object Repository/Backoffice/Clients/Clients' is focused

2018-10-12 13:51:33 - [TEST_STEP][PASSED] - verifyElementPresent: Object 'Object Repository/Backoffice/Clients/Client Registration' is present

2018-10-12 13:51:33 - [MESSAGE][PASSED] - Object 'Object Repository/Backoffice/Clients/Client Registration' is present

2018-10-12 13:51:33 - [TEST_STEP][PASSED] - click: Object: 'Object Repository/Backoffice/Clients/Client Registration' is clicked on

2018-10-12 13:51:33 - [MESSAGE][PASSED] - Object: 'Object Repository/Backoffice/Clients/Client Registration' is clicked on

2018-10-12 13:51:33 - [TEST_STEP][PASSED] - setText: Text 'questionqueen' is set on object 'Object Repository/Backoffice/Clients/Registration/input_username'

2018-10-12 13:51:33 - [MESSAGE][PASSED] - Text 'questionqueen' is set on object 'Object Repository/Backoffice/Clients/Registration/input_username'

2018-10-12 13:51:33 - [TEST_STEP][PASSED] - setText: Text '123123' is set on object 'Object Repository/Backoffice/Clients/Registration/input_password'

2018-10-12 13:51:34 - [MESSAGE][PASSED] - Text '123123' is set on object 'Object Repository/Backoffice/Clients/Registration/input_password'

2018-10-12 13:51:34 - [TEST_STEP][PASSED] - setText: Text '123123' is set on object 'Object Repository/Backoffice/Clients/Registration/input_confirmp'

2018-10-12 13:51:34 - [MESSAGE][PASSED] - Text '123123' is set on object 'Object Repository/Backoffice/Clients/Registration/input_confirmp'

2018-10-12 13:51:34 - [TEST_STEP][PASSED] - selectOptionByValue: All options with value 'test' are selected in object 'Object Repository/Backoffice/Clients/Registration/select_operatorcode' 

2018-10-12 13:51:34 - [MESSAGE][PASSED] - All options with value 'test' are selected in object 'Object Repository/Backoffice/Clients/Registration/select_operatorcode' 

2018-10-12 13:51:34 - [TEST_STEP][PASSED] - selectOptionByValue: All options with value '1' are selected in object 'Object Repository/Backoffice/Clients/Registration/select_status' 

2018-10-12 13:51:34 - [MESSAGE][PASSED] - All options with value '1' are selected in object 'Object Repository/Backoffice/Clients/Registration/select_status' 

2018-10-12 13:51:34 - [TEST_STEP][PASSED] - delay: Delayed 2 second(s)

2018-10-12 13:51:36 - [MESSAGE][PASSED] - Delayed 2 second(s)

2018-10-12 13:51:36 - [TEST_STEP][PASSED] - click: Object: 'Object Repository/Backoffice/Clients/Registration/button_Submit' is clicked on

2018-10-12 13:51:37 - [MESSAGE][PASSED] - Object: 'Object Repository/Backoffice/Clients/Registration/button_Submit' is clicked on

2018-10-12 13:51:37 - [TEST_STEP][PASSED] - delay: Delayed 2 second(s)

2018-10-12 13:51:39 - [MESSAGE][PASSED] - Delayed 2 second(s)]]></system-out>
         <system-err><![CDATA[]]></system-err>
      </testcase>
      <testcase name="Test Cases/Backoffice/RegisterAccount" classname="Test Cases/Backoffice/RegisterAccount" status="PASSED">
         <system-out><![CDATA[2018-10-12 13:51:39 - [TEST_CASE][PASSED] - Test Cases/Backoffice/RegisterAccount: Test Cases/Backoffice/RegisterAccount

2018-10-12 13:51:39 - [TEST_STEP][PASSED] - focus: Object: 'Object Repository/Backoffice/Clients/Clients' is focused

2018-10-12 13:51:39 - [MESSAGE][PASSED] - Object: 'Object Repository/Backoffice/Clients/Clients' is focused

2018-10-12 13:51:39 - [TEST_STEP][PASSED] - verifyElementPresent: Object 'Object Repository/Backoffice/Clients/Client Registration' is present

2018-10-12 13:51:39 - [MESSAGE][PASSED] - Object 'Object Repository/Backoffice/Clients/Client Registration' is present

2018-10-12 13:51:39 - [TEST_STEP][PASSED] - click: Object: 'Object Repository/Backoffice/Clients/Client Registration' is clicked on

2018-10-12 13:51:40 - [MESSAGE][PASSED] - Object: 'Object Repository/Backoffice/Clients/Client Registration' is clicked on

2018-10-12 13:51:40 - [TEST_STEP][PASSED] - setText: Text 'quicklimequarterly' is set on object 'Object Repository/Backoffice/Clients/Registration/input_username'

2018-10-12 13:51:40 - [MESSAGE][PASSED] - Text 'quicklimequarterly' is set on object 'Object Repository/Backoffice/Clients/Registration/input_username'

2018-10-12 13:51:40 - [TEST_STEP][PASSED] - setText: Text '123123' is set on object 'Object Repository/Backoffice/Clients/Registration/input_password'

2018-10-12 13:51:40 - [MESSAGE][PASSED] - Text '123123' is set on object 'Object Repository/Backoffice/Clients/Registration/input_password'

2018-10-12 13:51:40 - [TEST_STEP][PASSED] - setText: Text '123123' is set on object 'Object Repository/Backoffice/Clients/Registration/input_confirmp'

2018-10-12 13:51:41 - [MESSAGE][PASSED] - Text '123123' is set on object 'Object Repository/Backoffice/Clients/Registration/input_confirmp'

2018-10-12 13:51:41 - [TEST_STEP][PASSED] - selectOptionByValue: All options with value 'test' are selected in object 'Object Repository/Backoffice/Clients/Registration/select_operatorcode' 

2018-10-12 13:51:41 - [MESSAGE][PASSED] - All options with value 'test' are selected in object 'Object Repository/Backoffice/Clients/Registration/select_operatorcode' 

2018-10-12 13:51:41 - [TEST_STEP][PASSED] - selectOptionByValue: All options with value '1' are selected in object 'Object Repository/Backoffice/Clients/Registration/select_status' 

2018-10-12 13:51:41 - [MESSAGE][PASSED] - All options with value '1' are selected in object 'Object Repository/Backoffice/Clients/Registration/select_status' 

2018-10-12 13:51:41 - [TEST_STEP][PASSED] - delay: Delayed 2 second(s)

2018-10-12 13:51:43 - [MESSAGE][PASSED] - Delayed 2 second(s)

2018-10-12 13:51:43 - [TEST_STEP][PASSED] - click: Object: 'Object Repository/Backoffice/Clients/Registration/button_Submit' is clicked on

2018-10-12 13:51:44 - [MESSAGE][PASSED] - Object: 'Object Repository/Backoffice/Clients/Registration/button_Submit' is clicked on

2018-10-12 13:51:44 - [TEST_STEP][PASSED] - delay: Delayed 2 second(s)

2018-10-12 13:51:46 - [MESSAGE][PASSED] - Delayed 2 second(s)]]></system-out>
         <system-err><![CDATA[]]></system-err>
      </testcase>
      <testcase name="Test Cases/Backoffice/RegisterAccount" classname="Test Cases/Backoffice/RegisterAccount" status="PASSED">
         <system-out><![CDATA[2018-10-12 13:51:46 - [TEST_CASE][PASSED] - Test Cases/Backoffice/RegisterAccount: Test Cases/Backoffice/RegisterAccount

2018-10-12 13:51:46 - [TEST_STEP][PASSED] - focus: Object: 'Object Repository/Backoffice/Clients/Clients' is focused

2018-10-12 13:51:46 - [MESSAGE][PASSED] - Object: 'Object Repository/Backoffice/Clients/Clients' is focused

2018-10-12 13:51:46 - [TEST_STEP][PASSED] - verifyElementPresent: Object 'Object Repository/Backoffice/Clients/Client Registration' is present

2018-10-12 13:51:46 - [MESSAGE][PASSED] - Object 'Object Repository/Backoffice/Clients/Client Registration' is present

2018-10-12 13:51:46 - [TEST_STEP][PASSED] - click: Object: 'Object Repository/Backoffice/Clients/Client Registration' is clicked on

2018-10-12 13:51:47 - [MESSAGE][PASSED] - Object: 'Object Repository/Backoffice/Clients/Client Registration' is clicked on

2018-10-12 13:51:47 - [TEST_STEP][PASSED] - setText: Text 'quaintquote' is set on object 'Object Repository/Backoffice/Clients/Registration/input_username'

2018-10-12 13:51:47 - [MESSAGE][PASSED] - Text 'quaintquote' is set on object 'Object Repository/Backoffice/Clients/Registration/input_username'

2018-10-12 13:51:47 - [TEST_STEP][PASSED] - setText: Text '123123' is set on object 'Object Repository/Backoffice/Clients/Registration/input_password'

2018-10-12 13:51:47 - [MESSAGE][PASSED] - Text '123123' is set on object 'Object Repository/Backoffice/Clients/Registration/input_password'

2018-10-12 13:51:47 - [TEST_STEP][PASSED] - setText: Text '123123' is set on object 'Object Repository/Backoffice/Clients/Registration/input_confirmp'

2018-10-12 13:51:47 - [MESSAGE][PASSED] - Text '123123' is set on object 'Object Repository/Backoffice/Clients/Registration/input_confirmp'

2018-10-12 13:51:47 - [TEST_STEP][PASSED] - selectOptionByValue: All options with value 'test' are selected in object 'Object Repository/Backoffice/Clients/Registration/select_operatorcode' 

2018-10-12 13:51:47 - [MESSAGE][PASSED] - All options with value 'test' are selected in object 'Object Repository/Backoffice/Clients/Registration/select_operatorcode' 

2018-10-12 13:51:47 - [TEST_STEP][PASSED] - selectOptionByValue: All options with value '1' are selected in object 'Object Repository/Backoffice/Clients/Registration/select_status' 

2018-10-12 13:51:48 - [MESSAGE][PASSED] - All options with value '1' are selected in object 'Object Repository/Backoffice/Clients/Registration/select_status' 

2018-10-12 13:51:48 - [TEST_STEP][PASSED] - delay: Delayed 2 second(s)

2018-10-12 13:51:50 - [MESSAGE][PASSED] - Delayed 2 second(s)

2018-10-12 13:51:50 - [TEST_STEP][PASSED] - click: Object: 'Object Repository/Backoffice/Clients/Registration/button_Submit' is clicked on

2018-10-12 13:51:51 - [MESSAGE][PASSED] - Object: 'Object Repository/Backoffice/Clients/Registration/button_Submit' is clicked on

2018-10-12 13:51:51 - [TEST_STEP][PASSED] - delay: Delayed 2 second(s)

2018-10-12 13:51:53 - [MESSAGE][PASSED] - Delayed 2 second(s)]]></system-out>
         <system-err><![CDATA[]]></system-err>
      </testcase>
      <testcase name="Test Cases/Backoffice/RegisterAccount" classname="Test Cases/Backoffice/RegisterAccount" status="PASSED">
         <system-out><![CDATA[2018-10-12 13:51:53 - [TEST_CASE][PASSED] - Test Cases/Backoffice/RegisterAccount: Test Cases/Backoffice/RegisterAccount

2018-10-12 13:51:53 - [TEST_STEP][PASSED] - focus: Object: 'Object Repository/Backoffice/Clients/Clients' is focused

2018-10-12 13:51:53 - [MESSAGE][PASSED] - Object: 'Object Repository/Backoffice/Clients/Clients' is focused

2018-10-12 13:51:53 - [TEST_STEP][PASSED] - verifyElementPresent: Object 'Object Repository/Backoffice/Clients/Client Registration' is present

2018-10-12 13:51:53 - [MESSAGE][PASSED] - Object 'Object Repository/Backoffice/Clients/Client Registration' is present

2018-10-12 13:51:53 - [TEST_STEP][PASSED] - click: Object: 'Object Repository/Backoffice/Clients/Client Registration' is clicked on

2018-10-12 13:51:53 - [MESSAGE][PASSED] - Object: 'Object Repository/Backoffice/Clients/Client Registration' is clicked on

2018-10-12 13:51:53 - [TEST_STEP][PASSED] - setText: Text 'qualifiedquarter' is set on object 'Object Repository/Backoffice/Clients/Registration/input_username'

2018-10-12 13:51:53 - [MESSAGE][PASSED] - Text 'qualifiedquarter' is set on object 'Object Repository/Backoffice/Clients/Registration/input_username'

2018-10-12 13:51:53 - [TEST_STEP][PASSED] - setText: Text '123123' is set on object 'Object Repository/Backoffice/Clients/Registration/input_password'

2018-10-12 13:51:54 - [MESSAGE][PASSED] - Text '123123' is set on object 'Object Repository/Backoffice/Clients/Registration/input_password'

2018-10-12 13:51:54 - [TEST_STEP][PASSED] - setText: Text '123123' is set on object 'Object Repository/Backoffice/Clients/Registration/input_confirmp'

2018-10-12 13:51:54 - [MESSAGE][PASSED] - Text '123123' is set on object 'Object Repository/Backoffice/Clients/Registration/input_confirmp'

2018-10-12 13:51:54 - [TEST_STEP][PASSED] - selectOptionByValue: All options with value 'test' are selected in object 'Object Repository/Backoffice/Clients/Registration/select_operatorcode' 

2018-10-12 13:51:54 - [MESSAGE][PASSED] - All options with value 'test' are selected in object 'Object Repository/Backoffice/Clients/Registration/select_operatorcode' 

2018-10-12 13:51:54 - [TEST_STEP][PASSED] - selectOptionByValue: All options with value '1' are selected in object 'Object Repository/Backoffice/Clients/Registration/select_status' 

2018-10-12 13:51:54 - [MESSAGE][PASSED] - All options with value '1' are selected in object 'Object Repository/Backoffice/Clients/Registration/select_status' 

2018-10-12 13:51:54 - [TEST_STEP][PASSED] - delay: Delayed 2 second(s)

2018-10-12 13:51:56 - [MESSAGE][PASSED] - Delayed 2 second(s)

2018-10-12 13:51:56 - [TEST_STEP][PASSED] - click: Object: 'Object Repository/Backoffice/Clients/Registration/button_Submit' is clicked on

2018-10-12 13:51:57 - [MESSAGE][PASSED] - Object: 'Object Repository/Backoffice/Clients/Registration/button_Submit' is clicked on

2018-10-12 13:51:57 - [TEST_STEP][PASSED] - delay: Delayed 2 second(s)

2018-10-12 13:51:59 - [MESSAGE][PASSED] - Delayed 2 second(s)]]></system-out>
         <system-err><![CDATA[]]></system-err>
      </testcase>
      <testcase name="Test Cases/Backoffice/RegisterAccount" classname="Test Cases/Backoffice/RegisterAccount" status="PASSED">
         <system-out><![CDATA[2018-10-12 13:51:59 - [TEST_CASE][PASSED] - Test Cases/Backoffice/RegisterAccount: Test Cases/Backoffice/RegisterAccount

2018-10-12 13:51:59 - [TEST_STEP][PASSED] - focus: Object: 'Object Repository/Backoffice/Clients/Clients' is focused

2018-10-12 13:51:59 - [MESSAGE][PASSED] - Object: 'Object Repository/Backoffice/Clients/Clients' is focused

2018-10-12 13:51:59 - [TEST_STEP][PASSED] - verifyElementPresent: Object 'Object Repository/Backoffice/Clients/Client Registration' is present

2018-10-12 13:51:59 - [MESSAGE][PASSED] - Object 'Object Repository/Backoffice/Clients/Client Registration' is present

2018-10-12 13:51:59 - [TEST_STEP][PASSED] - click: Object: 'Object Repository/Backoffice/Clients/Client Registration' is clicked on

2018-10-12 13:52:00 - [MESSAGE][PASSED] - Object: 'Object Repository/Backoffice/Clients/Client Registration' is clicked on

2018-10-12 13:52:00 - [TEST_STEP][PASSED] - setText: Text 'quitquest' is set on object 'Object Repository/Backoffice/Clients/Registration/input_username'

2018-10-12 13:52:00 - [MESSAGE][PASSED] - Text 'quitquest' is set on object 'Object Repository/Backoffice/Clients/Registration/input_username'

2018-10-12 13:52:00 - [TEST_STEP][PASSED] - setText: Text '123123' is set on object 'Object Repository/Backoffice/Clients/Registration/input_password'

2018-10-12 13:52:00 - [MESSAGE][PASSED] - Text '123123' is set on object 'Object Repository/Backoffice/Clients/Registration/input_password'

2018-10-12 13:52:00 - [TEST_STEP][PASSED] - setText: Text '123123' is set on object 'Object Repository/Backoffice/Clients/Registration/input_confirmp'

2018-10-12 13:52:01 - [MESSAGE][PASSED] - Text '123123' is set on object 'Object Repository/Backoffice/Clients/Registration/input_confirmp'

2018-10-12 13:52:01 - [TEST_STEP][PASSED] - selectOptionByValue: All options with value 'test' are selected in object 'Object Repository/Backoffice/Clients/Registration/select_operatorcode' 

2018-10-12 13:52:01 - [MESSAGE][PASSED] - All options with value 'test' are selected in object 'Object Repository/Backoffice/Clients/Registration/select_operatorcode' 

2018-10-12 13:52:01 - [TEST_STEP][PASSED] - selectOptionByValue: All options with value '1' are selected in object 'Object Repository/Backoffice/Clients/Registration/select_status' 

2018-10-12 13:52:01 - [MESSAGE][PASSED] - All options with value '1' are selected in object 'Object Repository/Backoffice/Clients/Registration/select_status' 

2018-10-12 13:52:01 - [TEST_STEP][PASSED] - delay: Delayed 2 second(s)

2018-10-12 13:52:03 - [MESSAGE][PASSED] - Delayed 2 second(s)

2018-10-12 13:52:03 - [TEST_STEP][PASSED] - click: Object: 'Object Repository/Backoffice/Clients/Registration/button_Submit' is clicked on

2018-10-12 13:52:05 - [MESSAGE][PASSED] - Object: 'Object Repository/Backoffice/Clients/Registration/button_Submit' is clicked on

2018-10-12 13:52:05 - [TEST_STEP][PASSED] - delay: Delayed 2 second(s)

2018-10-12 13:52:07 - [MESSAGE][PASSED] - Delayed 2 second(s)]]></system-out>
         <system-err><![CDATA[]]></system-err>
      </testcase>
      <testcase name="Test Cases/Backoffice/RegisterAccount" classname="Test Cases/Backoffice/RegisterAccount" status="PASSED">
         <system-out><![CDATA[2018-10-12 13:52:07 - [TEST_CASE][PASSED] - Test Cases/Backoffice/RegisterAccount: Test Cases/Backoffice/RegisterAccount

2018-10-12 13:52:07 - [TEST_STEP][PASSED] - focus: Object: 'Object Repository/Backoffice/Clients/Clients' is focused

2018-10-12 13:52:07 - [MESSAGE][PASSED] - Object: 'Object Repository/Backoffice/Clients/Clients' is focused

2018-10-12 13:52:07 - [TEST_STEP][PASSED] - verifyElementPresent: Object 'Object Repository/Backoffice/Clients/Client Registration' is present

2018-10-12 13:52:07 - [MESSAGE][PASSED] - Object 'Object Repository/Backoffice/Clients/Client Registration' is present

2018-10-12 13:52:07 - [TEST_STEP][PASSED] - click: Object: 'Object Repository/Backoffice/Clients/Client Registration' is clicked on

2018-10-12 13:52:07 - [MESSAGE][PASSED] - Object: 'Object Repository/Backoffice/Clients/Client Registration' is clicked on

2018-10-12 13:52:07 - [TEST_STEP][PASSED] - setText: Text 'qrcodequickly' is set on object 'Object Repository/Backoffice/Clients/Registration/input_username'

2018-10-12 13:52:08 - [MESSAGE][PASSED] - Text 'qrcodequickly' is set on object 'Object Repository/Backoffice/Clients/Registration/input_username'

2018-10-12 13:52:08 - [TEST_STEP][PASSED] - setText: Text '123123' is set on object 'Object Repository/Backoffice/Clients/Registration/input_password'

2018-10-12 13:52:08 - [MESSAGE][PASSED] - Text '123123' is set on object 'Object Repository/Backoffice/Clients/Registration/input_password'

2018-10-12 13:52:08 - [TEST_STEP][PASSED] - setText: Text '123123' is set on object 'Object Repository/Backoffice/Clients/Registration/input_confirmp'

2018-10-12 13:52:08 - [MESSAGE][PASSED] - Text '123123' is set on object 'Object Repository/Backoffice/Clients/Registration/input_confirmp'

2018-10-12 13:52:08 - [TEST_STEP][PASSED] - selectOptionByValue: All options with value 'test' are selected in object 'Object Repository/Backoffice/Clients/Registration/select_operatorcode' 

2018-10-12 13:52:08 - [MESSAGE][PASSED] - All options with value 'test' are selected in object 'Object Repository/Backoffice/Clients/Registration/select_operatorcode' 

2018-10-12 13:52:08 - [TEST_STEP][PASSED] - selectOptionByValue: All options with value '1' are selected in object 'Object Repository/Backoffice/Clients/Registration/select_status' 

2018-10-12 13:52:08 - [MESSAGE][PASSED] - All options with value '1' are selected in object 'Object Repository/Backoffice/Clients/Registration/select_status' 

2018-10-12 13:52:08 - [TEST_STEP][PASSED] - delay: Delayed 2 second(s)

2018-10-12 13:52:10 - [MESSAGE][PASSED] - Delayed 2 second(s)

2018-10-12 13:52:10 - [TEST_STEP][PASSED] - click: Object: 'Object Repository/Backoffice/Clients/Registration/button_Submit' is clicked on

2018-10-12 13:52:12 - [MESSAGE][PASSED] - Object: 'Object Repository/Backoffice/Clients/Registration/button_Submit' is clicked on

2018-10-12 13:52:12 - [TEST_STEP][PASSED] - delay: Delayed 2 second(s)

2018-10-12 13:52:14 - [MESSAGE][PASSED] - Delayed 2 second(s)]]></system-out>
         <system-err><![CDATA[]]></system-err>
      </testcase>
      <testcase name="Test Cases/Backoffice/RegisterAccount" classname="Test Cases/Backoffice/RegisterAccount" status="PASSED">
         <system-out><![CDATA[2018-10-12 13:52:14 - [TEST_CASE][PASSED] - Test Cases/Backoffice/RegisterAccount: Test Cases/Backoffice/RegisterAccount

2018-10-12 13:52:14 - [TEST_STEP][PASSED] - focus: Object: 'Object Repository/Backoffice/Clients/Clients' is focused

2018-10-12 13:52:14 - [MESSAGE][PASSED] - Object: 'Object Repository/Backoffice/Clients/Clients' is focused

2018-10-12 13:52:14 - [TEST_STEP][PASSED] - verifyElementPresent: Object 'Object Repository/Backoffice/Clients/Client Registration' is present

2018-10-12 13:52:14 - [MESSAGE][PASSED] - Object 'Object Repository/Backoffice/Clients/Client Registration' is present

2018-10-12 13:52:14 - [TEST_STEP][PASSED] - click: Object: 'Object Repository/Backoffice/Clients/Client Registration' is clicked on

2018-10-12 13:52:15 - [MESSAGE][PASSED] - Object: 'Object Repository/Backoffice/Clients/Client Registration' is clicked on

2018-10-12 13:52:15 - [TEST_STEP][PASSED] - setText: Text 'quizquiz' is set on object 'Object Repository/Backoffice/Clients/Registration/input_username'

2018-10-12 13:52:15 - [MESSAGE][PASSED] - Text 'quizquiz' is set on object 'Object Repository/Backoffice/Clients/Registration/input_username'

2018-10-12 13:52:15 - [TEST_STEP][PASSED] - setText: Text '123123' is set on object 'Object Repository/Backoffice/Clients/Registration/input_password'

2018-10-12 13:52:15 - [MESSAGE][PASSED] - Text '123123' is set on object 'Object Repository/Backoffice/Clients/Registration/input_password'

2018-10-12 13:52:15 - [TEST_STEP][PASSED] - setText: Text '123123' is set on object 'Object Repository/Backoffice/Clients/Registration/input_confirmp'

2018-10-12 13:52:15 - [MESSAGE][PASSED] - Text '123123' is set on object 'Object Repository/Backoffice/Clients/Registration/input_confirmp'

2018-10-12 13:52:15 - [TEST_STEP][PASSED] - selectOptionByValue: All options with value 'test' are selected in object 'Object Repository/Backoffice/Clients/Registration/select_operatorcode' 

2018-10-12 13:52:16 - [MESSAGE][PASSED] - All options with value 'test' are selected in object 'Object Repository/Backoffice/Clients/Registration/select_operatorcode' 

2018-10-12 13:52:16 - [TEST_STEP][PASSED] - selectOptionByValue: All options with value '1' are selected in object 'Object Repository/Backoffice/Clients/Registration/select_status' 

2018-10-12 13:52:16 - [MESSAGE][PASSED] - All options with value '1' are selected in object 'Object Repository/Backoffice/Clients/Registration/select_status' 

2018-10-12 13:52:16 - [TEST_STEP][PASSED] - delay: Delayed 2 second(s)

2018-10-12 13:52:18 - [MESSAGE][PASSED] - Delayed 2 second(s)

2018-10-12 13:52:18 - [TEST_STEP][PASSED] - click: Object: 'Object Repository/Backoffice/Clients/Registration/button_Submit' is clicked on

2018-10-12 13:52:19 - [MESSAGE][PASSED] - Object: 'Object Repository/Backoffice/Clients/Registration/button_Submit' is clicked on

2018-10-12 13:52:19 - [TEST_STEP][PASSED] - delay: Delayed 2 second(s)

2018-10-12 13:52:21 - [MESSAGE][PASSED] - Delayed 2 second(s)]]></system-out>
         <system-err><![CDATA[]]></system-err>
      </testcase>
      <testcase name="Test Cases/Backoffice/RegisterAccount" classname="Test Cases/Backoffice/RegisterAccount" status="PASSED">
         <system-out><![CDATA[2018-10-12 13:52:21 - [TEST_CASE][PASSED] - Test Cases/Backoffice/RegisterAccount: Test Cases/Backoffice/RegisterAccount

2018-10-12 13:52:21 - [TEST_STEP][PASSED] - focus: Object: 'Object Repository/Backoffice/Clients/Clients' is focused

2018-10-12 13:52:21 - [MESSAGE][PASSED] - Object: 'Object Repository/Backoffice/Clients/Clients' is focused

2018-10-12 13:52:21 - [TEST_STEP][PASSED] - verifyElementPresent: Object 'Object Repository/Backoffice/Clients/Client Registration' is present

2018-10-12 13:52:21 - [MESSAGE][PASSED] - Object 'Object Repository/Backoffice/Clients/Client Registration' is present

2018-10-12 13:52:21 - [TEST_STEP][PASSED] - click: Object: 'Object Repository/Backoffice/Clients/Client Registration' is clicked on

2018-10-12 13:52:22 - [MESSAGE][PASSED] - Object: 'Object Repository/Backoffice/Clients/Client Registration' is clicked on

2018-10-12 13:52:22 - [TEST_STEP][PASSED] - setText: Text 'questionquiet' is set on object 'Object Repository/Backoffice/Clients/Registration/input_username'

2018-10-12 13:52:22 - [MESSAGE][PASSED] - Text 'questionquiet' is set on object 'Object Repository/Backoffice/Clients/Registration/input_username'

2018-10-12 13:52:22 - [TEST_STEP][PASSED] - setText: Text '123123' is set on object 'Object Repository/Backoffice/Clients/Registration/input_password'

2018-10-12 13:52:22 - [MESSAGE][PASSED] - Text '123123' is set on object 'Object Repository/Backoffice/Clients/Registration/input_password'

2018-10-12 13:52:22 - [TEST_STEP][PASSED] - setText: Text '123123' is set on object 'Object Repository/Backoffice/Clients/Registration/input_confirmp'

2018-10-12 13:52:22 - [MESSAGE][PASSED] - Text '123123' is set on object 'Object Repository/Backoffice/Clients/Registration/input_confirmp'

2018-10-12 13:52:22 - [TEST_STEP][PASSED] - selectOptionByValue: All options with value 'test' are selected in object 'Object Repository/Backoffice/Clients/Registration/select_operatorcode' 

2018-10-12 13:52:22 - [MESSAGE][PASSED] - All options with value 'test' are selected in object 'Object Repository/Backoffice/Clients/Registration/select_operatorcode' 

2018-10-12 13:52:22 - [TEST_STEP][PASSED] - selectOptionByValue: All options with value '1' are selected in object 'Object Repository/Backoffice/Clients/Registration/select_status' 

2018-10-12 13:52:22 - [MESSAGE][PASSED] - All options with value '1' are selected in object 'Object Repository/Backoffice/Clients/Registration/select_status' 

2018-10-12 13:52:22 - [TEST_STEP][PASSED] - delay: Delayed 2 second(s)

2018-10-12 13:52:24 - [MESSAGE][PASSED] - Delayed 2 second(s)

2018-10-12 13:52:24 - [TEST_STEP][PASSED] - click: Object: 'Object Repository/Backoffice/Clients/Registration/button_Submit' is clicked on

2018-10-12 13:52:25 - [MESSAGE][PASSED] - Object: 'Object Repository/Backoffice/Clients/Registration/button_Submit' is clicked on

2018-10-12 13:52:25 - [TEST_STEP][PASSED] - delay: Delayed 2 second(s)

2018-10-12 13:52:27 - [MESSAGE][PASSED] - Delayed 2 second(s)]]></system-out>
         <system-err><![CDATA[]]></system-err>
      </testcase>
      <testcase name="Test Cases/Backoffice/RegisterAccount" classname="Test Cases/Backoffice/RegisterAccount" status="PASSED">
         <system-out><![CDATA[2018-10-12 13:52:27 - [TEST_CASE][PASSED] - Test Cases/Backoffice/RegisterAccount: Test Cases/Backoffice/RegisterAccount

2018-10-12 13:52:27 - [TEST_STEP][PASSED] - focus: Object: 'Object Repository/Backoffice/Clients/Clients' is focused

2018-10-12 13:52:27 - [MESSAGE][PASSED] - Object: 'Object Repository/Backoffice/Clients/Clients' is focused

2018-10-12 13:52:27 - [TEST_STEP][PASSED] - verifyElementPresent: Object 'Object Repository/Backoffice/Clients/Client Registration' is present

2018-10-12 13:52:27 - [MESSAGE][PASSED] - Object 'Object Repository/Backoffice/Clients/Client Registration' is present

2018-10-12 13:52:27 - [TEST_STEP][PASSED] - click: Object: 'Object Repository/Backoffice/Clients/Client Registration' is clicked on

2018-10-12 13:52:28 - [MESSAGE][PASSED] - Object: 'Object Repository/Backoffice/Clients/Client Registration' is clicked on

2018-10-12 13:52:28 - [TEST_STEP][PASSED] - setText: Text 'quadratquizzical' is set on object 'Object Repository/Backoffice/Clients/Registration/input_username'

2018-10-12 13:52:29 - [MESSAGE][PASSED] - Text 'quadratquizzical' is set on object 'Object Repository/Backoffice/Clients/Registration/input_username'

2018-10-12 13:52:29 - [TEST_STEP][PASSED] - setText: Text '123123' is set on object 'Object Repository/Backoffice/Clients/Registration/input_password'

2018-10-12 13:52:29 - [MESSAGE][PASSED] - Text '123123' is set on object 'Object Repository/Backoffice/Clients/Registration/input_password'

2018-10-12 13:52:29 - [TEST_STEP][PASSED] - setText: Text '123123' is set on object 'Object Repository/Backoffice/Clients/Registration/input_confirmp'

2018-10-12 13:52:29 - [MESSAGE][PASSED] - Text '123123' is set on object 'Object Repository/Backoffice/Clients/Registration/input_confirmp'

2018-10-12 13:52:29 - [TEST_STEP][PASSED] - selectOptionByValue: All options with value 'test' are selected in object 'Object Repository/Backoffice/Clients/Registration/select_operatorcode' 

2018-10-12 13:52:30 - [MESSAGE][PASSED] - All options with value 'test' are selected in object 'Object Repository/Backoffice/Clients/Registration/select_operatorcode' 

2018-10-12 13:52:30 - [TEST_STEP][PASSED] - selectOptionByValue: All options with value '1' are selected in object 'Object Repository/Backoffice/Clients/Registration/select_status' 

2018-10-12 13:52:30 - [MESSAGE][PASSED] - All options with value '1' are selected in object 'Object Repository/Backoffice/Clients/Registration/select_status' 

2018-10-12 13:52:30 - [TEST_STEP][PASSED] - delay: Delayed 2 second(s)

2018-10-12 13:52:32 - [MESSAGE][PASSED] - Delayed 2 second(s)

2018-10-12 13:52:32 - [TEST_STEP][PASSED] - click: Object: 'Object Repository/Backoffice/Clients/Registration/button_Submit' is clicked on

2018-10-12 13:52:33 - [MESSAGE][PASSED] - Object: 'Object Repository/Backoffice/Clients/Registration/button_Submit' is clicked on

2018-10-12 13:52:33 - [TEST_STEP][PASSED] - delay: Delayed 2 second(s)

2018-10-12 13:52:35 - [MESSAGE][PASSED] - Delayed 2 second(s)]]></system-out>
         <system-err><![CDATA[]]></system-err>
      </testcase>
      <testcase name="Test Cases/Backoffice/RegisterAccount" classname="Test Cases/Backoffice/RegisterAccount" status="PASSED">
         <system-out><![CDATA[2018-10-12 13:52:35 - [TEST_CASE][PASSED] - Test Cases/Backoffice/RegisterAccount: Test Cases/Backoffice/RegisterAccount

2018-10-12 13:52:35 - [TEST_STEP][PASSED] - focus: Object: 'Object Repository/Backoffice/Clients/Clients' is focused

2018-10-12 13:52:35 - [MESSAGE][PASSED] - Object: 'Object Repository/Backoffice/Clients/Clients' is focused

2018-10-12 13:52:35 - [TEST_STEP][PASSED] - verifyElementPresent: Object 'Object Repository/Backoffice/Clients/Client Registration' is present

2018-10-12 13:52:35 - [MESSAGE][PASSED] - Object 'Object Repository/Backoffice/Clients/Client Registration' is present

2018-10-12 13:52:35 - [TEST_STEP][PASSED] - click: Object: 'Object Repository/Backoffice/Clients/Client Registration' is clicked on

2018-10-12 13:52:36 - [MESSAGE][PASSED] - Object: 'Object Repository/Backoffice/Clients/Client Registration' is clicked on

2018-10-12 13:52:36 - [TEST_STEP][PASSED] - setText: Text 'quietqualling' is set on object 'Object Repository/Backoffice/Clients/Registration/input_username'

2018-10-12 13:52:36 - [MESSAGE][PASSED] - Text 'quietqualling' is set on object 'Object Repository/Backoffice/Clients/Registration/input_username'

2018-10-12 13:52:36 - [TEST_STEP][PASSED] - setText: Text '123123' is set on object 'Object Repository/Backoffice/Clients/Registration/input_password'

2018-10-12 13:52:36 - [MESSAGE][PASSED] - Text '123123' is set on object 'Object Repository/Backoffice/Clients/Registration/input_password'

2018-10-12 13:52:36 - [TEST_STEP][PASSED] - setText: Text '123123' is set on object 'Object Repository/Backoffice/Clients/Registration/input_confirmp'

2018-10-12 13:52:37 - [MESSAGE][PASSED] - Text '123123' is set on object 'Object Repository/Backoffice/Clients/Registration/input_confirmp'

2018-10-12 13:52:37 - [TEST_STEP][PASSED] - selectOptionByValue: All options with value 'test' are selected in object 'Object Repository/Backoffice/Clients/Registration/select_operatorcode' 

2018-10-12 13:52:37 - [MESSAGE][PASSED] - All options with value 'test' are selected in object 'Object Repository/Backoffice/Clients/Registration/select_operatorcode' 

2018-10-12 13:52:37 - [TEST_STEP][PASSED] - selectOptionByValue: All options with value '1' are selected in object 'Object Repository/Backoffice/Clients/Registration/select_status' 

2018-10-12 13:52:38 - [MESSAGE][PASSED] - All options with value '1' are selected in object 'Object Repository/Backoffice/Clients/Registration/select_status' 

2018-10-12 13:52:38 - [TEST_STEP][PASSED] - delay: Delayed 2 second(s)

2018-10-12 13:52:40 - [MESSAGE][PASSED] - Delayed 2 second(s)

2018-10-12 13:52:40 - [TEST_STEP][PASSED] - click: Object: 'Object Repository/Backoffice/Clients/Registration/button_Submit' is clicked on

2018-10-12 13:52:41 - [MESSAGE][PASSED] - Object: 'Object Repository/Backoffice/Clients/Registration/button_Submit' is clicked on

2018-10-12 13:52:41 - [TEST_STEP][PASSED] - delay: Delayed 2 second(s)

2018-10-12 13:52:43 - [MESSAGE][PASSED] - Delayed 2 second(s)]]></system-out>
         <system-err><![CDATA[]]></system-err>
      </testcase>
      <testcase name="Test Cases/Backoffice/RegisterAccount" classname="Test Cases/Backoffice/RegisterAccount" status="PASSED">
         <system-out><![CDATA[2018-10-12 13:52:43 - [TEST_CASE][PASSED] - Test Cases/Backoffice/RegisterAccount: Test Cases/Backoffice/RegisterAccount

2018-10-12 13:52:43 - [TEST_STEP][PASSED] - focus: Object: 'Object Repository/Backoffice/Clients/Clients' is focused

2018-10-12 13:52:43 - [MESSAGE][PASSED] - Object: 'Object Repository/Backoffice/Clients/Clients' is focused

2018-10-12 13:52:43 - [TEST_STEP][PASSED] - verifyElementPresent: Object 'Object Repository/Backoffice/Clients/Client Registration' is present

2018-10-12 13:52:43 - [MESSAGE][PASSED] - Object 'Object Repository/Backoffice/Clients/Client Registration' is present

2018-10-12 13:52:43 - [TEST_STEP][PASSED] - click: Object: 'Object Repository/Backoffice/Clients/Client Registration' is clicked on

2018-10-12 13:52:43 - [MESSAGE][PASSED] - Object: 'Object Repository/Backoffice/Clients/Client Registration' is clicked on

2018-10-12 13:52:43 - [TEST_STEP][PASSED] - setText: Text 'querulousquadriceps' is set on object 'Object Repository/Backoffice/Clients/Registration/input_username'

2018-10-12 13:52:44 - [MESSAGE][PASSED] - Text 'querulousquadriceps' is set on object 'Object Repository/Backoffice/Clients/Registration/input_username'

2018-10-12 13:52:44 - [TEST_STEP][PASSED] - setText: Text '123123' is set on object 'Object Repository/Backoffice/Clients/Registration/input_password'

2018-10-12 13:52:44 - [MESSAGE][PASSED] - Text '123123' is set on object 'Object Repository/Backoffice/Clients/Registration/input_password'

2018-10-12 13:52:44 - [TEST_STEP][PASSED] - setText: Text '123123' is set on object 'Object Repository/Backoffice/Clients/Registration/input_confirmp'

2018-10-12 13:52:44 - [MESSAGE][PASSED] - Text '123123' is set on object 'Object Repository/Backoffice/Clients/Registration/input_confirmp'

2018-10-12 13:52:44 - [TEST_STEP][PASSED] - selectOptionByValue: All options with value 'test' are selected in object 'Object Repository/Backoffice/Clients/Registration/select_operatorcode' 

2018-10-12 13:52:44 - [MESSAGE][PASSED] - All options with value 'test' are selected in object 'Object Repository/Backoffice/Clients/Registration/select_operatorcode' 

2018-10-12 13:52:44 - [TEST_STEP][PASSED] - selectOptionByValue: All options with value '1' are selected in object 'Object Repository/Backoffice/Clients/Registration/select_status' 

2018-10-12 13:52:44 - [MESSAGE][PASSED] - All options with value '1' are selected in object 'Object Repository/Backoffice/Clients/Registration/select_status' 

2018-10-12 13:52:44 - [TEST_STEP][PASSED] - delay: Delayed 2 second(s)

2018-10-12 13:52:46 - [MESSAGE][PASSED] - Delayed 2 second(s)

2018-10-12 13:52:46 - [TEST_STEP][PASSED] - click: Object: 'Object Repository/Backoffice/Clients/Registration/button_Submit' is clicked on

2018-10-12 13:52:47 - [MESSAGE][PASSED] - Object: 'Object Repository/Backoffice/Clients/Registration/button_Submit' is clicked on

2018-10-12 13:52:47 - [TEST_STEP][PASSED] - delay: Delayed 2 second(s)

2018-10-12 13:52:49 - [MESSAGE][PASSED] - Delayed 2 second(s)]]></system-out>
         <system-err><![CDATA[]]></system-err>
      </testcase>
      <testcase name="Test Cases/Backoffice/RegisterAccount" classname="Test Cases/Backoffice/RegisterAccount" status="PASSED">
         <system-out><![CDATA[2018-10-12 13:52:49 - [TEST_CASE][PASSED] - Test Cases/Backoffice/RegisterAccount: Test Cases/Backoffice/RegisterAccount

2018-10-12 13:52:49 - [TEST_STEP][PASSED] - focus: Object: 'Object Repository/Backoffice/Clients/Clients' is focused

2018-10-12 13:52:49 - [MESSAGE][PASSED] - Object: 'Object Repository/Backoffice/Clients/Clients' is focused

2018-10-12 13:52:49 - [TEST_STEP][PASSED] - verifyElementPresent: Object 'Object Repository/Backoffice/Clients/Client Registration' is present

2018-10-12 13:52:49 - [MESSAGE][PASSED] - Object 'Object Repository/Backoffice/Clients/Client Registration' is present

2018-10-12 13:52:49 - [TEST_STEP][PASSED] - click: Object: 'Object Repository/Backoffice/Clients/Client Registration' is clicked on

2018-10-12 13:52:50 - [MESSAGE][PASSED] - Object: 'Object Repository/Backoffice/Clients/Client Registration' is clicked on

2018-10-12 13:52:50 - [TEST_STEP][PASSED] - setText: Text 'quickquaoar' is set on object 'Object Repository/Backoffice/Clients/Registration/input_username'

2018-10-12 13:52:50 - [MESSAGE][PASSED] - Text 'quickquaoar' is set on object 'Object Repository/Backoffice/Clients/Registration/input_username'

2018-10-12 13:52:50 - [TEST_STEP][PASSED] - setText: Text '123123' is set on object 'Object Repository/Backoffice/Clients/Registration/input_password'

2018-10-12 13:52:50 - [MESSAGE][PASSED] - Text '123123' is set on object 'Object Repository/Backoffice/Clients/Registration/input_password'

2018-10-12 13:52:50 - [TEST_STEP][PASSED] - setText: Text '123123' is set on object 'Object Repository/Backoffice/Clients/Registration/input_confirmp'

2018-10-12 13:52:51 - [MESSAGE][PASSED] - Text '123123' is set on object 'Object Repository/Backoffice/Clients/Registration/input_confirmp'

2018-10-12 13:52:51 - [TEST_STEP][PASSED] - selectOptionByValue: All options with value 'test' are selected in object 'Object Repository/Backoffice/Clients/Registration/select_operatorcode' 

2018-10-12 13:52:51 - [MESSAGE][PASSED] - All options with value 'test' are selected in object 'Object Repository/Backoffice/Clients/Registration/select_operatorcode' 

2018-10-12 13:52:51 - [TEST_STEP][PASSED] - selectOptionByValue: All options with value '1' are selected in object 'Object Repository/Backoffice/Clients/Registration/select_status' 

2018-10-12 13:52:51 - [MESSAGE][PASSED] - All options with value '1' are selected in object 'Object Repository/Backoffice/Clients/Registration/select_status' 

2018-10-12 13:52:51 - [TEST_STEP][PASSED] - delay: Delayed 2 second(s)

2018-10-12 13:52:53 - [MESSAGE][PASSED] - Delayed 2 second(s)

2018-10-12 13:52:53 - [TEST_STEP][PASSED] - click: Object: 'Object Repository/Backoffice/Clients/Registration/button_Submit' is clicked on

2018-10-12 13:52:54 - [MESSAGE][PASSED] - Object: 'Object Repository/Backoffice/Clients/Registration/button_Submit' is clicked on

2018-10-12 13:52:54 - [TEST_STEP][PASSED] - delay: Delayed 2 second(s)

2018-10-12 13:52:56 - [MESSAGE][PASSED] - Delayed 2 second(s)]]></system-out>
         <system-err><![CDATA[]]></system-err>
      </testcase>
      <testcase name="Test Cases/Backoffice/RegisterAccount" classname="Test Cases/Backoffice/RegisterAccount" status="PASSED">
         <system-out><![CDATA[2018-10-12 13:52:56 - [TEST_CASE][PASSED] - Test Cases/Backoffice/RegisterAccount: Test Cases/Backoffice/RegisterAccount

2018-10-12 13:52:56 - [TEST_STEP][PASSED] - focus: Object: 'Object Repository/Backoffice/Clients/Clients' is focused

2018-10-12 13:52:56 - [MESSAGE][PASSED] - Object: 'Object Repository/Backoffice/Clients/Clients' is focused

2018-10-12 13:52:56 - [TEST_STEP][PASSED] - verifyElementPresent: Object 'Object Repository/Backoffice/Clients/Client Registration' is present

2018-10-12 13:52:56 - [MESSAGE][PASSED] - Object 'Object Repository/Backoffice/Clients/Client Registration' is present

2018-10-12 13:52:56 - [TEST_STEP][PASSED] - click: Object: 'Object Repository/Backoffice/Clients/Client Registration' is clicked on

2018-10-12 13:52:56 - [MESSAGE][PASSED] - Object: 'Object Repository/Backoffice/Clients/Client Registration' is clicked on

2018-10-12 13:52:56 - [TEST_STEP][PASSED] - setText: Text 'quicklyquilt' is set on object 'Object Repository/Backoffice/Clients/Registration/input_username'

2018-10-12 13:52:57 - [MESSAGE][PASSED] - Text 'quicklyquilt' is set on object 'Object Repository/Backoffice/Clients/Registration/input_username'

2018-10-12 13:52:57 - [TEST_STEP][PASSED] - setText: Text '123123' is set on object 'Object Repository/Backoffice/Clients/Registration/input_password'

2018-10-12 13:52:57 - [MESSAGE][PASSED] - Text '123123' is set on object 'Object Repository/Backoffice/Clients/Registration/input_password'

2018-10-12 13:52:57 - [TEST_STEP][PASSED] - setText: Text '123123' is set on object 'Object Repository/Backoffice/Clients/Registration/input_confirmp'

2018-10-12 13:52:57 - [MESSAGE][PASSED] - Text '123123' is set on object 'Object Repository/Backoffice/Clients/Registration/input_confirmp'

2018-10-12 13:52:57 - [TEST_STEP][PASSED] - selectOptionByValue: All options with value 'test' are selected in object 'Object Repository/Backoffice/Clients/Registration/select_operatorcode' 

2018-10-12 13:52:57 - [MESSAGE][PASSED] - All options with value 'test' are selected in object 'Object Repository/Backoffice/Clients/Registration/select_operatorcode' 

2018-10-12 13:52:57 - [TEST_STEP][PASSED] - selectOptionByValue: All options with value '1' are selected in object 'Object Repository/Backoffice/Clients/Registration/select_status' 

2018-10-12 13:52:57 - [MESSAGE][PASSED] - All options with value '1' are selected in object 'Object Repository/Backoffice/Clients/Registration/select_status' 

2018-10-12 13:52:57 - [TEST_STEP][PASSED] - delay: Delayed 2 second(s)

2018-10-12 13:52:59 - [MESSAGE][PASSED] - Delayed 2 second(s)

2018-10-12 13:52:59 - [TEST_STEP][PASSED] - click: Object: 'Object Repository/Backoffice/Clients/Registration/button_Submit' is clicked on

2018-10-12 13:53:00 - [MESSAGE][PASSED] - Object: 'Object Repository/Backoffice/Clients/Registration/button_Submit' is clicked on

2018-10-12 13:53:00 - [TEST_STEP][PASSED] - delay: Delayed 2 second(s)

2018-10-12 13:53:02 - [MESSAGE][PASSED] - Delayed 2 second(s)]]></system-out>
         <system-err><![CDATA[]]></system-err>
      </testcase>
      <testcase name="Test Cases/Backoffice/RegisterAccount" classname="Test Cases/Backoffice/RegisterAccount" status="PASSED">
         <system-out><![CDATA[2018-10-12 13:53:02 - [TEST_CASE][PASSED] - Test Cases/Backoffice/RegisterAccount: Test Cases/Backoffice/RegisterAccount

2018-10-12 13:53:02 - [TEST_STEP][PASSED] - focus: Object: 'Object Repository/Backoffice/Clients/Clients' is focused

2018-10-12 13:53:02 - [MESSAGE][PASSED] - Object: 'Object Repository/Backoffice/Clients/Clients' is focused

2018-10-12 13:53:02 - [TEST_STEP][PASSED] - verifyElementPresent: Object 'Object Repository/Backoffice/Clients/Client Registration' is present

2018-10-12 13:53:02 - [MESSAGE][PASSED] - Object 'Object Repository/Backoffice/Clients/Client Registration' is present

2018-10-12 13:53:02 - [TEST_STEP][PASSED] - click: Object: 'Object Repository/Backoffice/Clients/Client Registration' is clicked on

2018-10-12 13:53:03 - [MESSAGE][PASSED] - Object: 'Object Repository/Backoffice/Clients/Client Registration' is clicked on

2018-10-12 13:53:03 - [TEST_STEP][PASSED] - setText: Text 'quaoarquack' is set on object 'Object Repository/Backoffice/Clients/Registration/input_username'

2018-10-12 13:53:03 - [MESSAGE][PASSED] - Text 'quaoarquack' is set on object 'Object Repository/Backoffice/Clients/Registration/input_username'

2018-10-12 13:53:03 - [TEST_STEP][PASSED] - setText: Text '123123' is set on object 'Object Repository/Backoffice/Clients/Registration/input_password'

2018-10-12 13:53:03 - [MESSAGE][PASSED] - Text '123123' is set on object 'Object Repository/Backoffice/Clients/Registration/input_password'

2018-10-12 13:53:03 - [TEST_STEP][PASSED] - setText: Text '123123' is set on object 'Object Repository/Backoffice/Clients/Registration/input_confirmp'

2018-10-12 13:53:03 - [MESSAGE][PASSED] - Text '123123' is set on object 'Object Repository/Backoffice/Clients/Registration/input_confirmp'

2018-10-12 13:53:03 - [TEST_STEP][PASSED] - selectOptionByValue: All options with value 'test' are selected in object 'Object Repository/Backoffice/Clients/Registration/select_operatorcode' 

2018-10-12 13:53:03 - [MESSAGE][PASSED] - All options with value 'test' are selected in object 'Object Repository/Backoffice/Clients/Registration/select_operatorcode' 

2018-10-12 13:53:03 - [TEST_STEP][PASSED] - selectOptionByValue: All options with value '1' are selected in object 'Object Repository/Backoffice/Clients/Registration/select_status' 

2018-10-12 13:53:04 - [MESSAGE][PASSED] - All options with value '1' are selected in object 'Object Repository/Backoffice/Clients/Registration/select_status' 

2018-10-12 13:53:04 - [TEST_STEP][PASSED] - delay: Delayed 2 second(s)

2018-10-12 13:53:06 - [MESSAGE][PASSED] - Delayed 2 second(s)

2018-10-12 13:53:06 - [TEST_STEP][PASSED] - click: Object: 'Object Repository/Backoffice/Clients/Registration/button_Submit' is clicked on

2018-10-12 13:53:06 - [MESSAGE][PASSED] - Object: 'Object Repository/Backoffice/Clients/Registration/button_Submit' is clicked on

2018-10-12 13:53:06 - [TEST_STEP][PASSED] - delay: Delayed 2 second(s)

2018-10-12 13:53:08 - [MESSAGE][PASSED] - Delayed 2 second(s)]]></system-out>
         <system-err><![CDATA[]]></system-err>
      </testcase>
      <testcase name="Test Cases/Backoffice/RegisterAccount" classname="Test Cases/Backoffice/RegisterAccount" status="PASSED">
         <system-out><![CDATA[2018-10-12 13:53:08 - [TEST_CASE][PASSED] - Test Cases/Backoffice/RegisterAccount: Test Cases/Backoffice/RegisterAccount

2018-10-12 13:53:08 - [TEST_STEP][PASSED] - focus: Object: 'Object Repository/Backoffice/Clients/Clients' is focused

2018-10-12 13:53:09 - [MESSAGE][PASSED] - Object: 'Object Repository/Backoffice/Clients/Clients' is focused

2018-10-12 13:53:09 - [TEST_STEP][PASSED] - verifyElementPresent: Object 'Object Repository/Backoffice/Clients/Client Registration' is present

2018-10-12 13:53:09 - [MESSAGE][PASSED] - Object 'Object Repository/Backoffice/Clients/Client Registration' is present

2018-10-12 13:53:09 - [TEST_STEP][PASSED] - click: Object: 'Object Repository/Backoffice/Clients/Client Registration' is clicked on

2018-10-12 13:53:09 - [MESSAGE][PASSED] - Object: 'Object Repository/Backoffice/Clients/Client Registration' is clicked on

2018-10-12 13:53:09 - [TEST_STEP][PASSED] - setText: Text 'quartilequintic' is set on object 'Object Repository/Backoffice/Clients/Registration/input_username'

2018-10-12 13:53:09 - [MESSAGE][PASSED] - Text 'quartilequintic' is set on object 'Object Repository/Backoffice/Clients/Registration/input_username'

2018-10-12 13:53:09 - [TEST_STEP][PASSED] - setText: Text '123123' is set on object 'Object Repository/Backoffice/Clients/Registration/input_password'

2018-10-12 13:53:09 - [MESSAGE][PASSED] - Text '123123' is set on object 'Object Repository/Backoffice/Clients/Registration/input_password'

2018-10-12 13:53:09 - [TEST_STEP][PASSED] - setText: Text '123123' is set on object 'Object Repository/Backoffice/Clients/Registration/input_confirmp'

2018-10-12 13:53:09 - [MESSAGE][PASSED] - Text '123123' is set on object 'Object Repository/Backoffice/Clients/Registration/input_confirmp'

2018-10-12 13:53:09 - [TEST_STEP][PASSED] - selectOptionByValue: All options with value 'test' are selected in object 'Object Repository/Backoffice/Clients/Registration/select_operatorcode' 

2018-10-12 13:53:10 - [MESSAGE][PASSED] - All options with value 'test' are selected in object 'Object Repository/Backoffice/Clients/Registration/select_operatorcode' 

2018-10-12 13:53:10 - [TEST_STEP][PASSED] - selectOptionByValue: All options with value '1' are selected in object 'Object Repository/Backoffice/Clients/Registration/select_status' 

2018-10-12 13:53:10 - [MESSAGE][PASSED] - All options with value '1' are selected in object 'Object Repository/Backoffice/Clients/Registration/select_status' 

2018-10-12 13:53:10 - [TEST_STEP][PASSED] - delay: Delayed 2 second(s)

2018-10-12 13:53:12 - [MESSAGE][PASSED] - Delayed 2 second(s)

2018-10-12 13:53:12 - [TEST_STEP][PASSED] - click: Object: 'Object Repository/Backoffice/Clients/Registration/button_Submit' is clicked on

2018-10-12 13:53:13 - [MESSAGE][PASSED] - Object: 'Object Repository/Backoffice/Clients/Registration/button_Submit' is clicked on

2018-10-12 13:53:13 - [TEST_STEP][PASSED] - delay: Delayed 2 second(s)

2018-10-12 13:53:15 - [MESSAGE][PASSED] - Delayed 2 second(s)]]></system-out>
         <system-err><![CDATA[]]></system-err>
      </testcase>
      <testcase name="Test Cases/Backoffice/RegisterAccount" classname="Test Cases/Backoffice/RegisterAccount" status="PASSED">
         <system-out><![CDATA[2018-10-12 13:53:15 - [TEST_CASE][PASSED] - Test Cases/Backoffice/RegisterAccount: Test Cases/Backoffice/RegisterAccount

2018-10-12 13:53:15 - [TEST_STEP][PASSED] - focus: Object: 'Object Repository/Backoffice/Clients/Clients' is focused

2018-10-12 13:53:15 - [MESSAGE][PASSED] - Object: 'Object Repository/Backoffice/Clients/Clients' is focused

2018-10-12 13:53:15 - [TEST_STEP][PASSED] - verifyElementPresent: Object 'Object Repository/Backoffice/Clients/Client Registration' is present

2018-10-12 13:53:15 - [MESSAGE][PASSED] - Object 'Object Repository/Backoffice/Clients/Client Registration' is present

2018-10-12 13:53:15 - [TEST_STEP][PASSED] - click: Object: 'Object Repository/Backoffice/Clients/Client Registration' is clicked on

2018-10-12 13:53:15 - [MESSAGE][PASSED] - Object: 'Object Repository/Backoffice/Clients/Client Registration' is clicked on

2018-10-12 13:53:15 - [TEST_STEP][PASSED] - setText: Text 'quadraturequasar' is set on object 'Object Repository/Backoffice/Clients/Registration/input_username'

2018-10-12 13:53:16 - [MESSAGE][PASSED] - Text 'quadraturequasar' is set on object 'Object Repository/Backoffice/Clients/Registration/input_username'

2018-10-12 13:53:16 - [TEST_STEP][PASSED] - setText: Text '123123' is set on object 'Object Repository/Backoffice/Clients/Registration/input_password'

2018-10-12 13:53:16 - [MESSAGE][PASSED] - Text '123123' is set on object 'Object Repository/Backoffice/Clients/Registration/input_password'

2018-10-12 13:53:16 - [TEST_STEP][PASSED] - setText: Text '123123' is set on object 'Object Repository/Backoffice/Clients/Registration/input_confirmp'

2018-10-12 13:53:16 - [MESSAGE][PASSED] - Text '123123' is set on object 'Object Repository/Backoffice/Clients/Registration/input_confirmp'

2018-10-12 13:53:16 - [TEST_STEP][PASSED] - selectOptionByValue: All options with value 'test' are selected in object 'Object Repository/Backoffice/Clients/Registration/select_operatorcode' 

2018-10-12 13:53:16 - [MESSAGE][PASSED] - All options with value 'test' are selected in object 'Object Repository/Backoffice/Clients/Registration/select_operatorcode' 

2018-10-12 13:53:16 - [TEST_STEP][PASSED] - selectOptionByValue: All options with value '1' are selected in object 'Object Repository/Backoffice/Clients/Registration/select_status' 

2018-10-12 13:53:16 - [MESSAGE][PASSED] - All options with value '1' are selected in object 'Object Repository/Backoffice/Clients/Registration/select_status' 

2018-10-12 13:53:16 - [TEST_STEP][PASSED] - delay: Delayed 2 second(s)

2018-10-12 13:53:18 - [MESSAGE][PASSED] - Delayed 2 second(s)

2018-10-12 13:53:18 - [TEST_STEP][PASSED] - click: Object: 'Object Repository/Backoffice/Clients/Registration/button_Submit' is clicked on

2018-10-12 13:53:19 - [MESSAGE][PASSED] - Object: 'Object Repository/Backoffice/Clients/Registration/button_Submit' is clicked on

2018-10-12 13:53:19 - [TEST_STEP][PASSED] - delay: Delayed 2 second(s)

2018-10-12 13:53:21 - [MESSAGE][PASSED] - Delayed 2 second(s)]]></system-out>
         <system-err><![CDATA[]]></system-err>
      </testcase>
      <testcase name="Test Cases/Backoffice/RegisterAccount" classname="Test Cases/Backoffice/RegisterAccount" status="PASSED">
         <system-out><![CDATA[2018-10-12 13:53:21 - [TEST_CASE][PASSED] - Test Cases/Backoffice/RegisterAccount: Test Cases/Backoffice/RegisterAccount

2018-10-12 13:53:21 - [TEST_STEP][PASSED] - focus: Object: 'Object Repository/Backoffice/Clients/Clients' is focused

2018-10-12 13:53:21 - [MESSAGE][PASSED] - Object: 'Object Repository/Backoffice/Clients/Clients' is focused

2018-10-12 13:53:21 - [TEST_STEP][PASSED] - verifyElementPresent: Object 'Object Repository/Backoffice/Clients/Client Registration' is present

2018-10-12 13:53:21 - [MESSAGE][PASSED] - Object 'Object Repository/Backoffice/Clients/Client Registration' is present

2018-10-12 13:53:21 - [TEST_STEP][PASSED] - click: Object: 'Object Repository/Backoffice/Clients/Client Registration' is clicked on

2018-10-12 13:53:22 - [MESSAGE][PASSED] - Object: 'Object Repository/Backoffice/Clients/Client Registration' is clicked on

2018-10-12 13:53:22 - [TEST_STEP][PASSED] - setText: Text 'quarkquaint' is set on object 'Object Repository/Backoffice/Clients/Registration/input_username'

2018-10-12 13:53:22 - [MESSAGE][PASSED] - Text 'quarkquaint' is set on object 'Object Repository/Backoffice/Clients/Registration/input_username'

2018-10-12 13:53:22 - [TEST_STEP][PASSED] - setText: Text '123123' is set on object 'Object Repository/Backoffice/Clients/Registration/input_password'

2018-10-12 13:53:22 - [MESSAGE][PASSED] - Text '123123' is set on object 'Object Repository/Backoffice/Clients/Registration/input_password'

2018-10-12 13:53:22 - [TEST_STEP][PASSED] - setText: Text '123123' is set on object 'Object Repository/Backoffice/Clients/Registration/input_confirmp'

2018-10-12 13:53:22 - [MESSAGE][PASSED] - Text '123123' is set on object 'Object Repository/Backoffice/Clients/Registration/input_confirmp'

2018-10-12 13:53:22 - [TEST_STEP][PASSED] - selectOptionByValue: All options with value 'test' are selected in object 'Object Repository/Backoffice/Clients/Registration/select_operatorcode' 

2018-10-12 13:53:22 - [MESSAGE][PASSED] - All options with value 'test' are selected in object 'Object Repository/Backoffice/Clients/Registration/select_operatorcode' 

2018-10-12 13:53:22 - [TEST_STEP][PASSED] - selectOptionByValue: All options with value '1' are selected in object 'Object Repository/Backoffice/Clients/Registration/select_status' 

2018-10-12 13:53:23 - [MESSAGE][PASSED] - All options with value '1' are selected in object 'Object Repository/Backoffice/Clients/Registration/select_status' 

2018-10-12 13:53:23 - [TEST_STEP][PASSED] - delay: Delayed 2 second(s)

2018-10-12 13:53:25 - [MESSAGE][PASSED] - Delayed 2 second(s)

2018-10-12 13:53:25 - [TEST_STEP][PASSED] - click: Object: 'Object Repository/Backoffice/Clients/Registration/button_Submit' is clicked on

2018-10-12 13:53:26 - [MESSAGE][PASSED] - Object: 'Object Repository/Backoffice/Clients/Registration/button_Submit' is clicked on

2018-10-12 13:53:26 - [TEST_STEP][PASSED] - delay: Delayed 2 second(s)

2018-10-12 13:53:28 - [MESSAGE][PASSED] - Delayed 2 second(s)]]></system-out>
         <system-err><![CDATA[]]></system-err>
      </testcase>
      <testcase name="Test Cases/Backoffice/RegisterAccount" classname="Test Cases/Backoffice/RegisterAccount" status="PASSED">
         <system-out><![CDATA[2018-10-12 13:53:28 - [TEST_CASE][PASSED] - Test Cases/Backoffice/RegisterAccount: Test Cases/Backoffice/RegisterAccount

2018-10-12 13:53:28 - [TEST_STEP][PASSED] - focus: Object: 'Object Repository/Backoffice/Clients/Clients' is focused

2018-10-12 13:53:28 - [MESSAGE][PASSED] - Object: 'Object Repository/Backoffice/Clients/Clients' is focused

2018-10-12 13:53:28 - [TEST_STEP][PASSED] - verifyElementPresent: Object 'Object Repository/Backoffice/Clients/Client Registration' is present

2018-10-12 13:53:28 - [MESSAGE][PASSED] - Object 'Object Repository/Backoffice/Clients/Client Registration' is present

2018-10-12 13:53:28 - [TEST_STEP][PASSED] - click: Object: 'Object Repository/Backoffice/Clients/Client Registration' is clicked on

2018-10-12 13:53:29 - [MESSAGE][PASSED] - Object: 'Object Repository/Backoffice/Clients/Client Registration' is clicked on

2018-10-12 13:53:29 - [TEST_STEP][PASSED] - setText: Text 'quinoaquadrature' is set on object 'Object Repository/Backoffice/Clients/Registration/input_username'

2018-10-12 13:53:29 - [MESSAGE][PASSED] - Text 'quinoaquadrature' is set on object 'Object Repository/Backoffice/Clients/Registration/input_username'

2018-10-12 13:53:29 - [TEST_STEP][PASSED] - setText: Text '123123' is set on object 'Object Repository/Backoffice/Clients/Registration/input_password'

2018-10-12 13:53:29 - [MESSAGE][PASSED] - Text '123123' is set on object 'Object Repository/Backoffice/Clients/Registration/input_password'

2018-10-12 13:53:29 - [TEST_STEP][PASSED] - setText: Text '123123' is set on object 'Object Repository/Backoffice/Clients/Registration/input_confirmp'

2018-10-12 13:53:29 - [MESSAGE][PASSED] - Text '123123' is set on object 'Object Repository/Backoffice/Clients/Registration/input_confirmp'

2018-10-12 13:53:29 - [TEST_STEP][PASSED] - selectOptionByValue: All options with value 'test' are selected in object 'Object Repository/Backoffice/Clients/Registration/select_operatorcode' 

2018-10-12 13:53:29 - [MESSAGE][PASSED] - All options with value 'test' are selected in object 'Object Repository/Backoffice/Clients/Registration/select_operatorcode' 

2018-10-12 13:53:29 - [TEST_STEP][PASSED] - selectOptionByValue: All options with value '1' are selected in object 'Object Repository/Backoffice/Clients/Registration/select_status' 

2018-10-12 13:53:29 - [MESSAGE][PASSED] - All options with value '1' are selected in object 'Object Repository/Backoffice/Clients/Registration/select_status' 

2018-10-12 13:53:29 - [TEST_STEP][PASSED] - delay: Delayed 2 second(s)

2018-10-12 13:53:31 - [MESSAGE][PASSED] - Delayed 2 second(s)

2018-10-12 13:53:31 - [TEST_STEP][PASSED] - click: Object: 'Object Repository/Backoffice/Clients/Registration/button_Submit' is clicked on

2018-10-12 13:53:33 - [MESSAGE][PASSED] - Object: 'Object Repository/Backoffice/Clients/Registration/button_Submit' is clicked on

2018-10-12 13:53:33 - [TEST_STEP][PASSED] - delay: Delayed 2 second(s)

2018-10-12 13:53:35 - [MESSAGE][PASSED] - Delayed 2 second(s)]]></system-out>
         <system-err><![CDATA[]]></system-err>
      </testcase>
      <testcase name="Test Cases/Backoffice/RegisterAccount" classname="Test Cases/Backoffice/RegisterAccount" status="PASSED">
         <system-out><![CDATA[2018-10-12 13:53:35 - [TEST_CASE][PASSED] - Test Cases/Backoffice/RegisterAccount: Test Cases/Backoffice/RegisterAccount

2018-10-12 13:53:35 - [TEST_STEP][PASSED] - focus: Object: 'Object Repository/Backoffice/Clients/Clients' is focused

2018-10-12 13:53:35 - [MESSAGE][PASSED] - Object: 'Object Repository/Backoffice/Clients/Clients' is focused

2018-10-12 13:53:35 - [TEST_STEP][PASSED] - verifyElementPresent: Object 'Object Repository/Backoffice/Clients/Client Registration' is present

2018-10-12 13:53:35 - [MESSAGE][PASSED] - Object 'Object Repository/Backoffice/Clients/Client Registration' is present

2018-10-12 13:53:35 - [TEST_STEP][PASSED] - click: Object: 'Object Repository/Backoffice/Clients/Client Registration' is clicked on

2018-10-12 13:53:35 - [MESSAGE][PASSED] - Object: 'Object Repository/Backoffice/Clients/Client Registration' is clicked on

2018-10-12 13:53:35 - [TEST_STEP][PASSED] - setText: Text 'quichequadrat' is set on object 'Object Repository/Backoffice/Clients/Registration/input_username'

2018-10-12 13:53:36 - [MESSAGE][PASSED] - Text 'quichequadrat' is set on object 'Object Repository/Backoffice/Clients/Registration/input_username'

2018-10-12 13:53:36 - [TEST_STEP][PASSED] - setText: Text '123123' is set on object 'Object Repository/Backoffice/Clients/Registration/input_password'

2018-10-12 13:53:36 - [MESSAGE][PASSED] - Text '123123' is set on object 'Object Repository/Backoffice/Clients/Registration/input_password'

2018-10-12 13:53:36 - [TEST_STEP][PASSED] - setText: Text '123123' is set on object 'Object Repository/Backoffice/Clients/Registration/input_confirmp'

2018-10-12 13:53:36 - [MESSAGE][PASSED] - Text '123123' is set on object 'Object Repository/Backoffice/Clients/Registration/input_confirmp'

2018-10-12 13:53:36 - [TEST_STEP][PASSED] - selectOptionByValue: All options with value 'test' are selected in object 'Object Repository/Backoffice/Clients/Registration/select_operatorcode' 

2018-10-12 13:53:36 - [MESSAGE][PASSED] - All options with value 'test' are selected in object 'Object Repository/Backoffice/Clients/Registration/select_operatorcode' 

2018-10-12 13:53:36 - [TEST_STEP][PASSED] - selectOptionByValue: All options with value '1' are selected in object 'Object Repository/Backoffice/Clients/Registration/select_status' 

2018-10-12 13:53:36 - [MESSAGE][PASSED] - All options with value '1' are selected in object 'Object Repository/Backoffice/Clients/Registration/select_status' 

2018-10-12 13:53:36 - [TEST_STEP][PASSED] - delay: Delayed 2 second(s)

2018-10-12 13:53:38 - [MESSAGE][PASSED] - Delayed 2 second(s)

2018-10-12 13:53:38 - [TEST_STEP][PASSED] - click: Object: 'Object Repository/Backoffice/Clients/Registration/button_Submit' is clicked on

2018-10-12 13:53:39 - [MESSAGE][PASSED] - Object: 'Object Repository/Backoffice/Clients/Registration/button_Submit' is clicked on

2018-10-12 13:53:39 - [TEST_STEP][PASSED] - delay: Delayed 2 second(s)

2018-10-12 13:53:41 - [MESSAGE][PASSED] - Delayed 2 second(s)]]></system-out>
         <system-err><![CDATA[]]></system-err>
      </testcase>
      <testcase name="Test Cases/Backoffice/RegisterAccount" classname="Test Cases/Backoffice/RegisterAccount" status="PASSED">
         <system-out><![CDATA[2018-10-12 13:53:41 - [TEST_CASE][PASSED] - Test Cases/Backoffice/RegisterAccount: Test Cases/Backoffice/RegisterAccount

2018-10-12 13:53:41 - [TEST_STEP][PASSED] - focus: Object: 'Object Repository/Backoffice/Clients/Clients' is focused

2018-10-12 13:53:41 - [MESSAGE][PASSED] - Object: 'Object Repository/Backoffice/Clients/Clients' is focused

2018-10-12 13:53:41 - [TEST_STEP][PASSED] - verifyElementPresent: Object 'Object Repository/Backoffice/Clients/Client Registration' is present

2018-10-12 13:53:41 - [MESSAGE][PASSED] - Object 'Object Repository/Backoffice/Clients/Client Registration' is present

2018-10-12 13:53:41 - [TEST_STEP][PASSED] - click: Object: 'Object Repository/Backoffice/Clients/Client Registration' is clicked on

2018-10-12 13:53:42 - [MESSAGE][PASSED] - Object: 'Object Repository/Backoffice/Clients/Client Registration' is clicked on

2018-10-12 13:53:42 - [TEST_STEP][PASSED] - setText: Text 'quailquirky' is set on object 'Object Repository/Backoffice/Clients/Registration/input_username'

2018-10-12 13:53:42 - [MESSAGE][PASSED] - Text 'quailquirky' is set on object 'Object Repository/Backoffice/Clients/Registration/input_username'

2018-10-12 13:53:42 - [TEST_STEP][PASSED] - setText: Text '123123' is set on object 'Object Repository/Backoffice/Clients/Registration/input_password'

2018-10-12 13:53:42 - [MESSAGE][PASSED] - Text '123123' is set on object 'Object Repository/Backoffice/Clients/Registration/input_password'

2018-10-12 13:53:42 - [TEST_STEP][PASSED] - setText: Text '123123' is set on object 'Object Repository/Backoffice/Clients/Registration/input_confirmp'

2018-10-12 13:53:42 - [MESSAGE][PASSED] - Text '123123' is set on object 'Object Repository/Backoffice/Clients/Registration/input_confirmp'

2018-10-12 13:53:42 - [TEST_STEP][PASSED] - selectOptionByValue: All options with value 'test' are selected in object 'Object Repository/Backoffice/Clients/Registration/select_operatorcode' 

2018-10-12 13:53:42 - [MESSAGE][PASSED] - All options with value 'test' are selected in object 'Object Repository/Backoffice/Clients/Registration/select_operatorcode' 

2018-10-12 13:53:42 - [TEST_STEP][PASSED] - selectOptionByValue: All options with value '1' are selected in object 'Object Repository/Backoffice/Clients/Registration/select_status' 

2018-10-12 13:53:42 - [MESSAGE][PASSED] - All options with value '1' are selected in object 'Object Repository/Backoffice/Clients/Registration/select_status' 

2018-10-12 13:53:42 - [TEST_STEP][PASSED] - delay: Delayed 2 second(s)

2018-10-12 13:53:44 - [MESSAGE][PASSED] - Delayed 2 second(s)

2018-10-12 13:53:44 - [TEST_STEP][PASSED] - click: Object: 'Object Repository/Backoffice/Clients/Registration/button_Submit' is clicked on

2018-10-12 13:53:45 - [MESSAGE][PASSED] - Object: 'Object Repository/Backoffice/Clients/Registration/button_Submit' is clicked on

2018-10-12 13:53:45 - [TEST_STEP][PASSED] - delay: Delayed 2 second(s)

2018-10-12 13:53:47 - [MESSAGE][PASSED] - Delayed 2 second(s)]]></system-out>
         <system-err><![CDATA[]]></system-err>
      </testcase>
      <testcase name="Test Cases/Backoffice/RegisterAccount" classname="Test Cases/Backoffice/RegisterAccount" status="PASSED">
         <system-out><![CDATA[2018-10-12 13:53:47 - [TEST_CASE][PASSED] - Test Cases/Backoffice/RegisterAccount: Test Cases/Backoffice/RegisterAccount

2018-10-12 13:53:47 - [TEST_STEP][PASSED] - focus: Object: 'Object Repository/Backoffice/Clients/Clients' is focused

2018-10-12 13:53:47 - [MESSAGE][PASSED] - Object: 'Object Repository/Backoffice/Clients/Clients' is focused

2018-10-12 13:53:47 - [TEST_STEP][PASSED] - verifyElementPresent: Object 'Object Repository/Backoffice/Clients/Client Registration' is present

2018-10-12 13:53:47 - [MESSAGE][PASSED] - Object 'Object Repository/Backoffice/Clients/Client Registration' is present

2018-10-12 13:53:47 - [TEST_STEP][PASSED] - click: Object: 'Object Repository/Backoffice/Clients/Client Registration' is clicked on

2018-10-12 13:53:48 - [MESSAGE][PASSED] - Object: 'Object Repository/Backoffice/Clients/Client Registration' is clicked on

2018-10-12 13:53:48 - [TEST_STEP][PASSED] - setText: Text 'qrcodequantity' is set on object 'Object Repository/Backoffice/Clients/Registration/input_username'

2018-10-12 13:53:48 - [MESSAGE][PASSED] - Text 'qrcodequantity' is set on object 'Object Repository/Backoffice/Clients/Registration/input_username'

2018-10-12 13:53:48 - [TEST_STEP][PASSED] - setText: Text '123123' is set on object 'Object Repository/Backoffice/Clients/Registration/input_password'

2018-10-12 13:53:48 - [MESSAGE][PASSED] - Text '123123' is set on object 'Object Repository/Backoffice/Clients/Registration/input_password'

2018-10-12 13:53:48 - [TEST_STEP][PASSED] - setText: Text '123123' is set on object 'Object Repository/Backoffice/Clients/Registration/input_confirmp'

2018-10-12 13:53:48 - [MESSAGE][PASSED] - Text '123123' is set on object 'Object Repository/Backoffice/Clients/Registration/input_confirmp'

2018-10-12 13:53:48 - [TEST_STEP][PASSED] - selectOptionByValue: All options with value 'test' are selected in object 'Object Repository/Backoffice/Clients/Registration/select_operatorcode' 

2018-10-12 13:53:49 - [MESSAGE][PASSED] - All options with value 'test' are selected in object 'Object Repository/Backoffice/Clients/Registration/select_operatorcode' 

2018-10-12 13:53:49 - [TEST_STEP][PASSED] - selectOptionByValue: All options with value '1' are selected in object 'Object Repository/Backoffice/Clients/Registration/select_status' 

2018-10-12 13:53:49 - [MESSAGE][PASSED] - All options with value '1' are selected in object 'Object Repository/Backoffice/Clients/Registration/select_status' 

2018-10-12 13:53:49 - [TEST_STEP][PASSED] - delay: Delayed 2 second(s)

2018-10-12 13:53:51 - [MESSAGE][PASSED] - Delayed 2 second(s)

2018-10-12 13:53:51 - [TEST_STEP][PASSED] - click: Object: 'Object Repository/Backoffice/Clients/Registration/button_Submit' is clicked on

2018-10-12 13:53:52 - [MESSAGE][PASSED] - Object: 'Object Repository/Backoffice/Clients/Registration/button_Submit' is clicked on

2018-10-12 13:53:52 - [TEST_STEP][PASSED] - delay: Delayed 2 second(s)

2018-10-12 13:53:54 - [MESSAGE][PASSED] - Delayed 2 second(s)]]></system-out>
         <system-err><![CDATA[]]></system-err>
      </testcase>
      <testcase name="Test Cases/Backoffice/RegisterAccount" classname="Test Cases/Backoffice/RegisterAccount" status="PASSED">
         <system-out><![CDATA[2018-10-12 13:53:54 - [TEST_CASE][PASSED] - Test Cases/Backoffice/RegisterAccount: Test Cases/Backoffice/RegisterAccount

2018-10-12 13:53:54 - [TEST_STEP][PASSED] - focus: Object: 'Object Repository/Backoffice/Clients/Clients' is focused

2018-10-12 13:53:54 - [MESSAGE][PASSED] - Object: 'Object Repository/Backoffice/Clients/Clients' is focused

2018-10-12 13:53:54 - [TEST_STEP][PASSED] - verifyElementPresent: Object 'Object Repository/Backoffice/Clients/Client Registration' is present

2018-10-12 13:53:54 - [MESSAGE][PASSED] - Object 'Object Repository/Backoffice/Clients/Client Registration' is present

2018-10-12 13:53:54 - [TEST_STEP][PASSED] - click: Object: 'Object Repository/Backoffice/Clients/Client Registration' is clicked on

2018-10-12 13:53:55 - [MESSAGE][PASSED] - Object: 'Object Repository/Backoffice/Clients/Client Registration' is clicked on

2018-10-12 13:53:55 - [TEST_STEP][PASSED] - setText: Text 'quarticqrcode' is set on object 'Object Repository/Backoffice/Clients/Registration/input_username'

2018-10-12 13:53:55 - [MESSAGE][PASSED] - Text 'quarticqrcode' is set on object 'Object Repository/Backoffice/Clients/Registration/input_username'

2018-10-12 13:53:55 - [TEST_STEP][PASSED] - setText: Text '123123' is set on object 'Object Repository/Backoffice/Clients/Registration/input_password'

2018-10-12 13:53:55 - [MESSAGE][PASSED] - Text '123123' is set on object 'Object Repository/Backoffice/Clients/Registration/input_password'

2018-10-12 13:53:55 - [TEST_STEP][PASSED] - setText: Text '123123' is set on object 'Object Repository/Backoffice/Clients/Registration/input_confirmp'

2018-10-12 13:53:55 - [MESSAGE][PASSED] - Text '123123' is set on object 'Object Repository/Backoffice/Clients/Registration/input_confirmp'

2018-10-12 13:53:55 - [TEST_STEP][PASSED] - selectOptionByValue: All options with value 'test' are selected in object 'Object Repository/Backoffice/Clients/Registration/select_operatorcode' 

2018-10-12 13:53:55 - [MESSAGE][PASSED] - All options with value 'test' are selected in object 'Object Repository/Backoffice/Clients/Registration/select_operatorcode' 

2018-10-12 13:53:55 - [TEST_STEP][PASSED] - selectOptionByValue: All options with value '1' are selected in object 'Object Repository/Backoffice/Clients/Registration/select_status' 

2018-10-12 13:53:55 - [MESSAGE][PASSED] - All options with value '1' are selected in object 'Object Repository/Backoffice/Clients/Registration/select_status' 

2018-10-12 13:53:55 - [TEST_STEP][PASSED] - delay: Delayed 2 second(s)

2018-10-12 13:53:57 - [MESSAGE][PASSED] - Delayed 2 second(s)

2018-10-12 13:53:57 - [TEST_STEP][PASSED] - click: Object: 'Object Repository/Backoffice/Clients/Registration/button_Submit' is clicked on

2018-10-12 13:53:58 - [MESSAGE][PASSED] - Object: 'Object Repository/Backoffice/Clients/Registration/button_Submit' is clicked on

2018-10-12 13:53:58 - [TEST_STEP][PASSED] - delay: Delayed 2 second(s)

2018-10-12 13:54:00 - [MESSAGE][PASSED] - Delayed 2 second(s)]]></system-out>
         <system-err><![CDATA[]]></system-err>
      </testcase>
      <testcase name="Test Cases/Backoffice/RegisterAccount" classname="Test Cases/Backoffice/RegisterAccount" status="PASSED">
         <system-out><![CDATA[2018-10-12 13:54:00 - [TEST_CASE][PASSED] - Test Cases/Backoffice/RegisterAccount: Test Cases/Backoffice/RegisterAccount

2018-10-12 13:54:00 - [TEST_STEP][PASSED] - focus: Object: 'Object Repository/Backoffice/Clients/Clients' is focused

2018-10-12 13:54:00 - [MESSAGE][PASSED] - Object: 'Object Repository/Backoffice/Clients/Clients' is focused

2018-10-12 13:54:00 - [TEST_STEP][PASSED] - verifyElementPresent: Object 'Object Repository/Backoffice/Clients/Client Registration' is present

2018-10-12 13:54:00 - [MESSAGE][PASSED] - Object 'Object Repository/Backoffice/Clients/Client Registration' is present

2018-10-12 13:54:00 - [TEST_STEP][PASSED] - click: Object: 'Object Repository/Backoffice/Clients/Client Registration' is clicked on

2018-10-12 13:54:02 - [MESSAGE][PASSED] - Object: 'Object Repository/Backoffice/Clients/Client Registration' is clicked on

2018-10-12 13:54:02 - [TEST_STEP][PASSED] - setText: Text 'queenquantum' is set on object 'Object Repository/Backoffice/Clients/Registration/input_username'

2018-10-12 13:54:02 - [MESSAGE][PASSED] - Text 'queenquantum' is set on object 'Object Repository/Backoffice/Clients/Registration/input_username'

2018-10-12 13:54:02 - [TEST_STEP][PASSED] - setText: Text '123123' is set on object 'Object Repository/Backoffice/Clients/Registration/input_password'

2018-10-12 13:54:02 - [MESSAGE][PASSED] - Text '123123' is set on object 'Object Repository/Backoffice/Clients/Registration/input_password'

2018-10-12 13:54:02 - [TEST_STEP][PASSED] - setText: Text '123123' is set on object 'Object Repository/Backoffice/Clients/Registration/input_confirmp'

2018-10-12 13:54:03 - [MESSAGE][PASSED] - Text '123123' is set on object 'Object Repository/Backoffice/Clients/Registration/input_confirmp'

2018-10-12 13:54:03 - [TEST_STEP][PASSED] - selectOptionByValue: All options with value 'test' are selected in object 'Object Repository/Backoffice/Clients/Registration/select_operatorcode' 

2018-10-12 13:54:03 - [MESSAGE][PASSED] - All options with value 'test' are selected in object 'Object Repository/Backoffice/Clients/Registration/select_operatorcode' 

2018-10-12 13:54:03 - [TEST_STEP][PASSED] - selectOptionByValue: All options with value '1' are selected in object 'Object Repository/Backoffice/Clients/Registration/select_status' 

2018-10-12 13:54:03 - [MESSAGE][PASSED] - All options with value '1' are selected in object 'Object Repository/Backoffice/Clients/Registration/select_status' 

2018-10-12 13:54:03 - [TEST_STEP][PASSED] - delay: Delayed 2 second(s)

2018-10-12 13:54:05 - [MESSAGE][PASSED] - Delayed 2 second(s)

2018-10-12 13:54:05 - [TEST_STEP][PASSED] - click: Object: 'Object Repository/Backoffice/Clients/Registration/button_Submit' is clicked on

2018-10-12 13:54:06 - [MESSAGE][PASSED] - Object: 'Object Repository/Backoffice/Clients/Registration/button_Submit' is clicked on

2018-10-12 13:54:06 - [TEST_STEP][PASSED] - delay: Delayed 2 second(s)

2018-10-12 13:54:08 - [MESSAGE][PASSED] - Delayed 2 second(s)]]></system-out>
         <system-err><![CDATA[]]></system-err>
      </testcase>
      <testcase name="Test Cases/Backoffice/RegisterAccount" classname="Test Cases/Backoffice/RegisterAccount" status="PASSED">
         <system-out><![CDATA[2018-10-12 13:54:08 - [TEST_CASE][PASSED] - Test Cases/Backoffice/RegisterAccount: Test Cases/Backoffice/RegisterAccount

2018-10-12 13:54:08 - [TEST_STEP][PASSED] - focus: Object: 'Object Repository/Backoffice/Clients/Clients' is focused

2018-10-12 13:54:08 - [MESSAGE][PASSED] - Object: 'Object Repository/Backoffice/Clients/Clients' is focused

2018-10-12 13:54:08 - [TEST_STEP][PASSED] - verifyElementPresent: Object 'Object Repository/Backoffice/Clients/Client Registration' is present

2018-10-12 13:54:08 - [MESSAGE][PASSED] - Object 'Object Repository/Backoffice/Clients/Client Registration' is present

2018-10-12 13:54:08 - [TEST_STEP][PASSED] - click: Object: 'Object Repository/Backoffice/Clients/Client Registration' is clicked on

2018-10-12 13:54:09 - [MESSAGE][PASSED] - Object: 'Object Repository/Backoffice/Clients/Client Registration' is clicked on

2018-10-12 13:54:09 - [TEST_STEP][PASSED] - setText: Text 'quantityqrcode' is set on object 'Object Repository/Backoffice/Clients/Registration/input_username'

2018-10-12 13:54:09 - [MESSAGE][PASSED] - Text 'quantityqrcode' is set on object 'Object Repository/Backoffice/Clients/Registration/input_username'

2018-10-12 13:54:09 - [TEST_STEP][PASSED] - setText: Text '123123' is set on object 'Object Repository/Backoffice/Clients/Registration/input_password'

2018-10-12 13:54:09 - [MESSAGE][PASSED] - Text '123123' is set on object 'Object Repository/Backoffice/Clients/Registration/input_password'

2018-10-12 13:54:09 - [TEST_STEP][PASSED] - setText: Text '123123' is set on object 'Object Repository/Backoffice/Clients/Registration/input_confirmp'

2018-10-12 13:54:10 - [MESSAGE][PASSED] - Text '123123' is set on object 'Object Repository/Backoffice/Clients/Registration/input_confirmp'

2018-10-12 13:54:10 - [TEST_STEP][PASSED] - selectOptionByValue: All options with value 'test' are selected in object 'Object Repository/Backoffice/Clients/Registration/select_operatorcode' 

2018-10-12 13:54:10 - [MESSAGE][PASSED] - All options with value 'test' are selected in object 'Object Repository/Backoffice/Clients/Registration/select_operatorcode' 

2018-10-12 13:54:10 - [TEST_STEP][PASSED] - selectOptionByValue: All options with value '1' are selected in object 'Object Repository/Backoffice/Clients/Registration/select_status' 

2018-10-12 13:54:10 - [MESSAGE][PASSED] - All options with value '1' are selected in object 'Object Repository/Backoffice/Clients/Registration/select_status' 

2018-10-12 13:54:10 - [TEST_STEP][PASSED] - delay: Delayed 2 second(s)

2018-10-12 13:54:12 - [MESSAGE][PASSED] - Delayed 2 second(s)

2018-10-12 13:54:12 - [TEST_STEP][PASSED] - click: Object: 'Object Repository/Backoffice/Clients/Registration/button_Submit' is clicked on

2018-10-12 13:54:13 - [MESSAGE][PASSED] - Object: 'Object Repository/Backoffice/Clients/Registration/button_Submit' is clicked on

2018-10-12 13:54:13 - [TEST_STEP][PASSED] - delay: Delayed 2 second(s)

2018-10-12 13:54:15 - [MESSAGE][PASSED] - Delayed 2 second(s)]]></system-out>
         <system-err><![CDATA[]]></system-err>
      </testcase>
      <testcase name="Test Cases/Backoffice/RegisterAccount" classname="Test Cases/Backoffice/RegisterAccount" status="PASSED">
         <system-out><![CDATA[2018-10-12 13:54:15 - [TEST_CASE][PASSED] - Test Cases/Backoffice/RegisterAccount: Test Cases/Backoffice/RegisterAccount

2018-10-12 13:54:15 - [TEST_STEP][PASSED] - focus: Object: 'Object Repository/Backoffice/Clients/Clients' is focused

2018-10-12 13:54:15 - [MESSAGE][PASSED] - Object: 'Object Repository/Backoffice/Clients/Clients' is focused

2018-10-12 13:54:15 - [TEST_STEP][PASSED] - verifyElementPresent: Object 'Object Repository/Backoffice/Clients/Client Registration' is present

2018-10-12 13:54:15 - [MESSAGE][PASSED] - Object 'Object Repository/Backoffice/Clients/Client Registration' is present

2018-10-12 13:54:15 - [TEST_STEP][PASSED] - click: Object: 'Object Repository/Backoffice/Clients/Client Registration' is clicked on

2018-10-12 13:54:16 - [MESSAGE][PASSED] - Object: 'Object Repository/Backoffice/Clients/Client Registration' is clicked on

2018-10-12 13:54:16 - [TEST_STEP][PASSED] - setText: Text 'quantumquixotic' is set on object 'Object Repository/Backoffice/Clients/Registration/input_username'

2018-10-12 13:54:16 - [MESSAGE][PASSED] - Text 'quantumquixotic' is set on object 'Object Repository/Backoffice/Clients/Registration/input_username'

2018-10-12 13:54:16 - [TEST_STEP][PASSED] - setText: Text '123123' is set on object 'Object Repository/Backoffice/Clients/Registration/input_password'

2018-10-12 13:54:17 - [MESSAGE][PASSED] - Text '123123' is set on object 'Object Repository/Backoffice/Clients/Registration/input_password'

2018-10-12 13:54:17 - [TEST_STEP][PASSED] - setText: Text '123123' is set on object 'Object Repository/Backoffice/Clients/Registration/input_confirmp'

2018-10-12 13:54:17 - [MESSAGE][PASSED] - Text '123123' is set on object 'Object Repository/Backoffice/Clients/Registration/input_confirmp'

2018-10-12 13:54:17 - [TEST_STEP][PASSED] - selectOptionByValue: All options with value 'test' are selected in object 'Object Repository/Backoffice/Clients/Registration/select_operatorcode' 

2018-10-12 13:54:17 - [MESSAGE][PASSED] - All options with value 'test' are selected in object 'Object Repository/Backoffice/Clients/Registration/select_operatorcode' 

2018-10-12 13:54:17 - [TEST_STEP][PASSED] - selectOptionByValue: All options with value '1' are selected in object 'Object Repository/Backoffice/Clients/Registration/select_status' 

2018-10-12 13:54:17 - [MESSAGE][PASSED] - All options with value '1' are selected in object 'Object Repository/Backoffice/Clients/Registration/select_status' 

2018-10-12 13:54:17 - [TEST_STEP][PASSED] - delay: Delayed 2 second(s)

2018-10-12 13:54:19 - [MESSAGE][PASSED] - Delayed 2 second(s)

2018-10-12 13:54:19 - [TEST_STEP][PASSED] - click: Object: 'Object Repository/Backoffice/Clients/Registration/button_Submit' is clicked on

2018-10-12 13:54:20 - [MESSAGE][PASSED] - Object: 'Object Repository/Backoffice/Clients/Registration/button_Submit' is clicked on

2018-10-12 13:54:20 - [TEST_STEP][PASSED] - delay: Delayed 2 second(s)

2018-10-12 13:54:22 - [MESSAGE][PASSED] - Delayed 2 second(s)]]></system-out>
         <system-err><![CDATA[]]></system-err>
      </testcase>
      <testcase name="Test Cases/Backoffice/RegisterAccount" classname="Test Cases/Backoffice/RegisterAccount" status="PASSED">
         <system-out><![CDATA[2018-10-12 13:54:22 - [TEST_CASE][PASSED] - Test Cases/Backoffice/RegisterAccount: Test Cases/Backoffice/RegisterAccount

2018-10-12 13:54:22 - [TEST_STEP][PASSED] - focus: Object: 'Object Repository/Backoffice/Clients/Clients' is focused

2018-10-12 13:54:22 - [MESSAGE][PASSED] - Object: 'Object Repository/Backoffice/Clients/Clients' is focused

2018-10-12 13:54:22 - [TEST_STEP][PASSED] - verifyElementPresent: Object 'Object Repository/Backoffice/Clients/Client Registration' is present

2018-10-12 13:54:22 - [MESSAGE][PASSED] - Object 'Object Repository/Backoffice/Clients/Client Registration' is present

2018-10-12 13:54:22 - [TEST_STEP][PASSED] - click: Object: 'Object Repository/Backoffice/Clients/Client Registration' is clicked on

2018-10-12 13:54:23 - [MESSAGE][PASSED] - Object: 'Object Repository/Backoffice/Clients/Client Registration' is clicked on

2018-10-12 13:54:23 - [TEST_STEP][PASSED] - setText: Text 'quirkyquartic' is set on object 'Object Repository/Backoffice/Clients/Registration/input_username'

2018-10-12 13:54:23 - [MESSAGE][PASSED] - Text 'quirkyquartic' is set on object 'Object Repository/Backoffice/Clients/Registration/input_username'

2018-10-12 13:54:23 - [TEST_STEP][PASSED] - setText: Text '123123' is set on object 'Object Repository/Backoffice/Clients/Registration/input_password'

2018-10-12 13:54:24 - [MESSAGE][PASSED] - Text '123123' is set on object 'Object Repository/Backoffice/Clients/Registration/input_password'

2018-10-12 13:54:24 - [TEST_STEP][PASSED] - setText: Text '123123' is set on object 'Object Repository/Backoffice/Clients/Registration/input_confirmp'

2018-10-12 13:54:24 - [MESSAGE][PASSED] - Text '123123' is set on object 'Object Repository/Backoffice/Clients/Registration/input_confirmp'

2018-10-12 13:54:24 - [TEST_STEP][PASSED] - selectOptionByValue: All options with value 'test' are selected in object 'Object Repository/Backoffice/Clients/Registration/select_operatorcode' 

2018-10-12 13:54:24 - [MESSAGE][PASSED] - All options with value 'test' are selected in object 'Object Repository/Backoffice/Clients/Registration/select_operatorcode' 

2018-10-12 13:54:24 - [TEST_STEP][PASSED] - selectOptionByValue: All options with value '1' are selected in object 'Object Repository/Backoffice/Clients/Registration/select_status' 

2018-10-12 13:54:24 - [MESSAGE][PASSED] - All options with value '1' are selected in object 'Object Repository/Backoffice/Clients/Registration/select_status' 

2018-10-12 13:54:24 - [TEST_STEP][PASSED] - delay: Delayed 2 second(s)

2018-10-12 13:54:26 - [MESSAGE][PASSED] - Delayed 2 second(s)

2018-10-12 13:54:26 - [TEST_STEP][PASSED] - click: Object: 'Object Repository/Backoffice/Clients/Registration/button_Submit' is clicked on

2018-10-12 13:54:28 - [MESSAGE][PASSED] - Object: 'Object Repository/Backoffice/Clients/Registration/button_Submit' is clicked on

2018-10-12 13:54:28 - [TEST_STEP][PASSED] - delay: Delayed 2 second(s)

2018-10-12 13:54:30 - [MESSAGE][PASSED] - Delayed 2 second(s)]]></system-out>
         <system-err><![CDATA[]]></system-err>
      </testcase>
      <testcase name="Test Cases/Backoffice/RegisterAccount" classname="Test Cases/Backoffice/RegisterAccount" status="PASSED">
         <system-out><![CDATA[2018-10-12 13:54:30 - [TEST_CASE][PASSED] - Test Cases/Backoffice/RegisterAccount: Test Cases/Backoffice/RegisterAccount

2018-10-12 13:54:30 - [TEST_STEP][PASSED] - focus: Object: 'Object Repository/Backoffice/Clients/Clients' is focused

2018-10-12 13:54:30 - [MESSAGE][PASSED] - Object: 'Object Repository/Backoffice/Clients/Clients' is focused

2018-10-12 13:54:30 - [TEST_STEP][PASSED] - verifyElementPresent: Object 'Object Repository/Backoffice/Clients/Client Registration' is present

2018-10-12 13:54:30 - [MESSAGE][PASSED] - Object 'Object Repository/Backoffice/Clients/Client Registration' is present

2018-10-12 13:54:30 - [TEST_STEP][PASSED] - click: Object: 'Object Repository/Backoffice/Clients/Client Registration' is clicked on

2018-10-12 13:54:30 - [MESSAGE][PASSED] - Object: 'Object Repository/Backoffice/Clients/Client Registration' is clicked on

2018-10-12 13:54:30 - [TEST_STEP][PASSED] - setText: Text 'quarteringquestion' is set on object 'Object Repository/Backoffice/Clients/Registration/input_username'

2018-10-12 13:54:31 - [MESSAGE][PASSED] - Text 'quarteringquestion' is set on object 'Object Repository/Backoffice/Clients/Registration/input_username'

2018-10-12 13:54:31 - [TEST_STEP][PASSED] - setText: Text '123123' is set on object 'Object Repository/Backoffice/Clients/Registration/input_password'

2018-10-12 13:54:31 - [MESSAGE][PASSED] - Text '123123' is set on object 'Object Repository/Backoffice/Clients/Registration/input_password'

2018-10-12 13:54:31 - [TEST_STEP][PASSED] - setText: Text '123123' is set on object 'Object Repository/Backoffice/Clients/Registration/input_confirmp'

2018-10-12 13:54:31 - [MESSAGE][PASSED] - Text '123123' is set on object 'Object Repository/Backoffice/Clients/Registration/input_confirmp'

2018-10-12 13:54:31 - [TEST_STEP][PASSED] - selectOptionByValue: All options with value 'test' are selected in object 'Object Repository/Backoffice/Clients/Registration/select_operatorcode' 

2018-10-12 13:54:32 - [MESSAGE][PASSED] - All options with value 'test' are selected in object 'Object Repository/Backoffice/Clients/Registration/select_operatorcode' 

2018-10-12 13:54:32 - [TEST_STEP][PASSED] - selectOptionByValue: All options with value '1' are selected in object 'Object Repository/Backoffice/Clients/Registration/select_status' 

2018-10-12 13:54:32 - [MESSAGE][PASSED] - All options with value '1' are selected in object 'Object Repository/Backoffice/Clients/Registration/select_status' 

2018-10-12 13:54:32 - [TEST_STEP][PASSED] - delay: Delayed 2 second(s)

2018-10-12 13:54:34 - [MESSAGE][PASSED] - Delayed 2 second(s)

2018-10-12 13:54:34 - [TEST_STEP][PASSED] - click: Object: 'Object Repository/Backoffice/Clients/Registration/button_Submit' is clicked on

2018-10-12 13:54:35 - [MESSAGE][PASSED] - Object: 'Object Repository/Backoffice/Clients/Registration/button_Submit' is clicked on

2018-10-12 13:54:35 - [TEST_STEP][PASSED] - delay: Delayed 2 second(s)

2018-10-12 13:54:37 - [MESSAGE][PASSED] - Delayed 2 second(s)]]></system-out>
         <system-err><![CDATA[]]></system-err>
      </testcase>
      <testcase name="Test Cases/Backoffice/RegisterAccount" classname="Test Cases/Backoffice/RegisterAccount" status="PASSED">
         <system-out><![CDATA[2018-10-12 13:54:37 - [TEST_CASE][PASSED] - Test Cases/Backoffice/RegisterAccount: Test Cases/Backoffice/RegisterAccount

2018-10-12 13:54:37 - [TEST_STEP][PASSED] - focus: Object: 'Object Repository/Backoffice/Clients/Clients' is focused

2018-10-12 13:54:38 - [MESSAGE][PASSED] - Object: 'Object Repository/Backoffice/Clients/Clients' is focused

2018-10-12 13:54:38 - [TEST_STEP][PASSED] - verifyElementPresent: Object 'Object Repository/Backoffice/Clients/Client Registration' is present

2018-10-12 13:54:38 - [MESSAGE][PASSED] - Object 'Object Repository/Backoffice/Clients/Client Registration' is present

2018-10-12 13:54:38 - [TEST_STEP][PASSED] - click: Object: 'Object Repository/Backoffice/Clients/Client Registration' is clicked on

2018-10-12 13:54:38 - [MESSAGE][PASSED] - Object: 'Object Repository/Backoffice/Clients/Client Registration' is clicked on

2018-10-12 13:54:38 - [TEST_STEP][PASSED] - setText: Text 'queryingquestions' is set on object 'Object Repository/Backoffice/Clients/Registration/input_username'

2018-10-12 13:54:38 - [MESSAGE][PASSED] - Text 'queryingquestions' is set on object 'Object Repository/Backoffice/Clients/Registration/input_username'

2018-10-12 13:54:38 - [TEST_STEP][PASSED] - setText: Text '123123' is set on object 'Object Repository/Backoffice/Clients/Registration/input_password'

2018-10-12 13:54:39 - [MESSAGE][PASSED] - Text '123123' is set on object 'Object Repository/Backoffice/Clients/Registration/input_password'

2018-10-12 13:54:39 - [TEST_STEP][PASSED] - setText: Text '123123' is set on object 'Object Repository/Backoffice/Clients/Registration/input_confirmp'

2018-10-12 13:54:39 - [MESSAGE][PASSED] - Text '123123' is set on object 'Object Repository/Backoffice/Clients/Registration/input_confirmp'

2018-10-12 13:54:39 - [TEST_STEP][PASSED] - selectOptionByValue: All options with value 'test' are selected in object 'Object Repository/Backoffice/Clients/Registration/select_operatorcode' 

2018-10-12 13:54:39 - [MESSAGE][PASSED] - All options with value 'test' are selected in object 'Object Repository/Backoffice/Clients/Registration/select_operatorcode' 

2018-10-12 13:54:39 - [TEST_STEP][PASSED] - selectOptionByValue: All options with value '1' are selected in object 'Object Repository/Backoffice/Clients/Registration/select_status' 

2018-10-12 13:54:39 - [MESSAGE][PASSED] - All options with value '1' are selected in object 'Object Repository/Backoffice/Clients/Registration/select_status' 

2018-10-12 13:54:39 - [TEST_STEP][PASSED] - delay: Delayed 2 second(s)

2018-10-12 13:54:41 - [MESSAGE][PASSED] - Delayed 2 second(s)

2018-10-12 13:54:41 - [TEST_STEP][PASSED] - click: Object: 'Object Repository/Backoffice/Clients/Registration/button_Submit' is clicked on

2018-10-12 13:54:42 - [MESSAGE][PASSED] - Object: 'Object Repository/Backoffice/Clients/Registration/button_Submit' is clicked on

2018-10-12 13:54:42 - [TEST_STEP][PASSED] - delay: Delayed 2 second(s)

2018-10-12 13:54:44 - [MESSAGE][PASSED] - Delayed 2 second(s)]]></system-out>
         <system-err><![CDATA[]]></system-err>
      </testcase>
      <testcase name="Test Cases/Backoffice/RegisterAccount" classname="Test Cases/Backoffice/RegisterAccount" status="PASSED">
         <system-out><![CDATA[2018-10-12 13:54:44 - [TEST_CASE][PASSED] - Test Cases/Backoffice/RegisterAccount: Test Cases/Backoffice/RegisterAccount

2018-10-12 13:54:44 - [TEST_STEP][PASSED] - focus: Object: 'Object Repository/Backoffice/Clients/Clients' is focused

2018-10-12 13:54:44 - [MESSAGE][PASSED] - Object: 'Object Repository/Backoffice/Clients/Clients' is focused

2018-10-12 13:54:44 - [TEST_STEP][PASSED] - verifyElementPresent: Object 'Object Repository/Backoffice/Clients/Client Registration' is present

2018-10-12 13:54:44 - [MESSAGE][PASSED] - Object 'Object Repository/Backoffice/Clients/Client Registration' is present

2018-10-12 13:54:44 - [TEST_STEP][PASSED] - click: Object: 'Object Repository/Backoffice/Clients/Client Registration' is clicked on

2018-10-12 13:54:45 - [MESSAGE][PASSED] - Object: 'Object Repository/Backoffice/Clients/Client Registration' is clicked on

2018-10-12 13:54:45 - [TEST_STEP][PASSED] - setText: Text 'quarterdeckquartile' is set on object 'Object Repository/Backoffice/Clients/Registration/input_username'

2018-10-12 13:54:45 - [MESSAGE][PASSED] - Text 'quarterdeckquartile' is set on object 'Object Repository/Backoffice/Clients/Registration/input_username'

2018-10-12 13:54:45 - [TEST_STEP][PASSED] - setText: Text '123123' is set on object 'Object Repository/Backoffice/Clients/Registration/input_password'

2018-10-12 13:54:45 - [MESSAGE][PASSED] - Text '123123' is set on object 'Object Repository/Backoffice/Clients/Registration/input_password'

2018-10-12 13:54:45 - [TEST_STEP][PASSED] - setText: Text '123123' is set on object 'Object Repository/Backoffice/Clients/Registration/input_confirmp'

2018-10-12 13:54:46 - [MESSAGE][PASSED] - Text '123123' is set on object 'Object Repository/Backoffice/Clients/Registration/input_confirmp'

2018-10-12 13:54:46 - [TEST_STEP][PASSED] - selectOptionByValue: All options with value 'test' are selected in object 'Object Repository/Backoffice/Clients/Registration/select_operatorcode' 

2018-10-12 13:54:46 - [MESSAGE][PASSED] - All options with value 'test' are selected in object 'Object Repository/Backoffice/Clients/Registration/select_operatorcode' 

2018-10-12 13:54:46 - [TEST_STEP][PASSED] - selectOptionByValue: All options with value '1' are selected in object 'Object Repository/Backoffice/Clients/Registration/select_status' 

2018-10-12 13:54:46 - [MESSAGE][PASSED] - All options with value '1' are selected in object 'Object Repository/Backoffice/Clients/Registration/select_status' 

2018-10-12 13:54:46 - [TEST_STEP][PASSED] - delay: Delayed 2 second(s)

2018-10-12 13:54:48 - [MESSAGE][PASSED] - Delayed 2 second(s)

2018-10-12 13:54:48 - [TEST_STEP][PASSED] - click: Object: 'Object Repository/Backoffice/Clients/Registration/button_Submit' is clicked on

2018-10-12 13:54:49 - [MESSAGE][PASSED] - Object: 'Object Repository/Backoffice/Clients/Registration/button_Submit' is clicked on

2018-10-12 13:54:49 - [TEST_STEP][PASSED] - delay: Delayed 2 second(s)

2018-10-12 13:54:51 - [MESSAGE][PASSED] - Delayed 2 second(s)]]></system-out>
         <system-err><![CDATA[]]></system-err>
      </testcase>
      <testcase name="Test Cases/Backoffice/RegisterAccount" classname="Test Cases/Backoffice/RegisterAccount" status="PASSED">
         <system-out><![CDATA[2018-10-12 13:54:51 - [TEST_CASE][PASSED] - Test Cases/Backoffice/RegisterAccount: Test Cases/Backoffice/RegisterAccount

2018-10-12 13:54:51 - [TEST_STEP][PASSED] - focus: Object: 'Object Repository/Backoffice/Clients/Clients' is focused

2018-10-12 13:54:51 - [MESSAGE][PASSED] - Object: 'Object Repository/Backoffice/Clients/Clients' is focused

2018-10-12 13:54:51 - [TEST_STEP][PASSED] - verifyElementPresent: Object 'Object Repository/Backoffice/Clients/Client Registration' is present

2018-10-12 13:54:51 - [MESSAGE][PASSED] - Object 'Object Repository/Backoffice/Clients/Client Registration' is present

2018-10-12 13:54:51 - [TEST_STEP][PASSED] - click: Object: 'Object Repository/Backoffice/Clients/Client Registration' is clicked on

2018-10-12 13:54:52 - [MESSAGE][PASSED] - Object: 'Object Repository/Backoffice/Clients/Client Registration' is clicked on

2018-10-12 13:54:52 - [TEST_STEP][PASSED] - setText: Text 'queasyquit' is set on object 'Object Repository/Backoffice/Clients/Registration/input_username'

2018-10-12 13:54:52 - [MESSAGE][PASSED] - Text 'queasyquit' is set on object 'Object Repository/Backoffice/Clients/Registration/input_username'

2018-10-12 13:54:52 - [TEST_STEP][PASSED] - setText: Text '123123' is set on object 'Object Repository/Backoffice/Clients/Registration/input_password'

2018-10-12 13:54:52 - [MESSAGE][PASSED] - Text '123123' is set on object 'Object Repository/Backoffice/Clients/Registration/input_password'

2018-10-12 13:54:52 - [TEST_STEP][PASSED] - setText: Text '123123' is set on object 'Object Repository/Backoffice/Clients/Registration/input_confirmp'

2018-10-12 13:54:52 - [MESSAGE][PASSED] - Text '123123' is set on object 'Object Repository/Backoffice/Clients/Registration/input_confirmp'

2018-10-12 13:54:52 - [TEST_STEP][PASSED] - selectOptionByValue: All options with value 'test' are selected in object 'Object Repository/Backoffice/Clients/Registration/select_operatorcode' 

2018-10-12 13:54:53 - [MESSAGE][PASSED] - All options with value 'test' are selected in object 'Object Repository/Backoffice/Clients/Registration/select_operatorcode' 

2018-10-12 13:54:53 - [TEST_STEP][PASSED] - selectOptionByValue: All options with value '1' are selected in object 'Object Repository/Backoffice/Clients/Registration/select_status' 

2018-10-12 13:54:53 - [MESSAGE][PASSED] - All options with value '1' are selected in object 'Object Repository/Backoffice/Clients/Registration/select_status' 

2018-10-12 13:54:53 - [TEST_STEP][PASSED] - delay: Delayed 2 second(s)

2018-10-12 13:54:55 - [MESSAGE][PASSED] - Delayed 2 second(s)

2018-10-12 13:54:55 - [TEST_STEP][PASSED] - click: Object: 'Object Repository/Backoffice/Clients/Registration/button_Submit' is clicked on

2018-10-12 13:54:56 - [MESSAGE][PASSED] - Object: 'Object Repository/Backoffice/Clients/Registration/button_Submit' is clicked on

2018-10-12 13:54:56 - [TEST_STEP][PASSED] - delay: Delayed 2 second(s)

2018-10-12 13:54:58 - [MESSAGE][PASSED] - Delayed 2 second(s)]]></system-out>
         <system-err><![CDATA[]]></system-err>
      </testcase>
      <testcase name="Test Cases/Backoffice/RegisterAccount" classname="Test Cases/Backoffice/RegisterAccount" status="PASSED">
         <system-out><![CDATA[2018-10-12 13:54:58 - [TEST_CASE][PASSED] - Test Cases/Backoffice/RegisterAccount: Test Cases/Backoffice/RegisterAccount

2018-10-12 13:54:58 - [TEST_STEP][PASSED] - focus: Object: 'Object Repository/Backoffice/Clients/Clients' is focused

2018-10-12 13:54:58 - [MESSAGE][PASSED] - Object: 'Object Repository/Backoffice/Clients/Clients' is focused

2018-10-12 13:54:58 - [TEST_STEP][PASSED] - verifyElementPresent: Object 'Object Repository/Backoffice/Clients/Client Registration' is present

2018-10-12 13:54:58 - [MESSAGE][PASSED] - Object 'Object Repository/Backoffice/Clients/Client Registration' is present

2018-10-12 13:54:58 - [TEST_STEP][PASSED] - click: Object: 'Object Repository/Backoffice/Clients/Client Registration' is clicked on

2018-10-12 13:54:59 - [MESSAGE][PASSED] - Object: 'Object Repository/Backoffice/Clients/Client Registration' is clicked on

2018-10-12 13:54:59 - [TEST_STEP][PASSED] - setText: Text 'quailsqueens' is set on object 'Object Repository/Backoffice/Clients/Registration/input_username'

2018-10-12 13:54:59 - [MESSAGE][PASSED] - Text 'quailsqueens' is set on object 'Object Repository/Backoffice/Clients/Registration/input_username'

2018-10-12 13:54:59 - [TEST_STEP][PASSED] - setText: Text '123123' is set on object 'Object Repository/Backoffice/Clients/Registration/input_password'

2018-10-12 13:54:59 - [MESSAGE][PASSED] - Text '123123' is set on object 'Object Repository/Backoffice/Clients/Registration/input_password'

2018-10-12 13:54:59 - [TEST_STEP][PASSED] - setText: Text '123123' is set on object 'Object Repository/Backoffice/Clients/Registration/input_confirmp'

2018-10-12 13:54:59 - [MESSAGE][PASSED] - Text '123123' is set on object 'Object Repository/Backoffice/Clients/Registration/input_confirmp'

2018-10-12 13:54:59 - [TEST_STEP][PASSED] - selectOptionByValue: All options with value 'test' are selected in object 'Object Repository/Backoffice/Clients/Registration/select_operatorcode' 

2018-10-12 13:54:59 - [MESSAGE][PASSED] - All options with value 'test' are selected in object 'Object Repository/Backoffice/Clients/Registration/select_operatorcode' 

2018-10-12 13:54:59 - [TEST_STEP][PASSED] - selectOptionByValue: All options with value '1' are selected in object 'Object Repository/Backoffice/Clients/Registration/select_status' 

2018-10-12 13:55:00 - [MESSAGE][PASSED] - All options with value '1' are selected in object 'Object Repository/Backoffice/Clients/Registration/select_status' 

2018-10-12 13:55:00 - [TEST_STEP][PASSED] - delay: Delayed 2 second(s)

2018-10-12 13:55:02 - [MESSAGE][PASSED] - Delayed 2 second(s)

2018-10-12 13:55:02 - [TEST_STEP][PASSED] - click: Object: 'Object Repository/Backoffice/Clients/Registration/button_Submit' is clicked on

2018-10-12 13:55:03 - [MESSAGE][PASSED] - Object: 'Object Repository/Backoffice/Clients/Registration/button_Submit' is clicked on

2018-10-12 13:55:03 - [TEST_STEP][PASSED] - delay: Delayed 2 second(s)

2018-10-12 13:55:05 - [MESSAGE][PASSED] - Delayed 2 second(s)]]></system-out>
         <system-err><![CDATA[]]></system-err>
      </testcase>
      <testcase name="Test Cases/Backoffice/RegisterAccount" classname="Test Cases/Backoffice/RegisterAccount" status="PASSED">
         <system-out><![CDATA[2018-10-12 13:55:05 - [TEST_CASE][PASSED] - Test Cases/Backoffice/RegisterAccount: Test Cases/Backoffice/RegisterAccount

2018-10-12 13:55:05 - [TEST_STEP][PASSED] - focus: Object: 'Object Repository/Backoffice/Clients/Clients' is focused

2018-10-12 13:55:05 - [MESSAGE][PASSED] - Object: 'Object Repository/Backoffice/Clients/Clients' is focused

2018-10-12 13:55:05 - [TEST_STEP][PASSED] - verifyElementPresent: Object 'Object Repository/Backoffice/Clients/Client Registration' is present

2018-10-12 13:55:05 - [MESSAGE][PASSED] - Object 'Object Repository/Backoffice/Clients/Client Registration' is present

2018-10-12 13:55:05 - [TEST_STEP][PASSED] - click: Object: 'Object Repository/Backoffice/Clients/Client Registration' is clicked on

2018-10-12 13:55:06 - [MESSAGE][PASSED] - Object: 'Object Repository/Backoffice/Clients/Client Registration' is clicked on

2018-10-12 13:55:06 - [TEST_STEP][PASSED] - setText: Text 'quinticqueasy' is set on object 'Object Repository/Backoffice/Clients/Registration/input_username'

2018-10-12 13:55:06 - [MESSAGE][PASSED] - Text 'quinticqueasy' is set on object 'Object Repository/Backoffice/Clients/Registration/input_username'

2018-10-12 13:55:06 - [TEST_STEP][PASSED] - setText: Text '123123' is set on object 'Object Repository/Backoffice/Clients/Registration/input_password'

2018-10-12 13:55:06 - [MESSAGE][PASSED] - Text '123123' is set on object 'Object Repository/Backoffice/Clients/Registration/input_password'

2018-10-12 13:55:06 - [TEST_STEP][PASSED] - setText: Text '123123' is set on object 'Object Repository/Backoffice/Clients/Registration/input_confirmp'

2018-10-12 13:55:06 - [MESSAGE][PASSED] - Text '123123' is set on object 'Object Repository/Backoffice/Clients/Registration/input_confirmp'

2018-10-12 13:55:06 - [TEST_STEP][PASSED] - selectOptionByValue: All options with value 'test' are selected in object 'Object Repository/Backoffice/Clients/Registration/select_operatorcode' 

2018-10-12 13:55:06 - [MESSAGE][PASSED] - All options with value 'test' are selected in object 'Object Repository/Backoffice/Clients/Registration/select_operatorcode' 

2018-10-12 13:55:06 - [TEST_STEP][PASSED] - selectOptionByValue: All options with value '1' are selected in object 'Object Repository/Backoffice/Clients/Registration/select_status' 

2018-10-12 13:55:06 - [MESSAGE][PASSED] - All options with value '1' are selected in object 'Object Repository/Backoffice/Clients/Registration/select_status' 

2018-10-12 13:55:06 - [TEST_STEP][PASSED] - delay: Delayed 2 second(s)

2018-10-12 13:55:08 - [MESSAGE][PASSED] - Delayed 2 second(s)

2018-10-12 13:55:08 - [TEST_STEP][PASSED] - click: Object: 'Object Repository/Backoffice/Clients/Registration/button_Submit' is clicked on

2018-10-12 13:55:10 - [MESSAGE][PASSED] - Object: 'Object Repository/Backoffice/Clients/Registration/button_Submit' is clicked on

2018-10-12 13:55:10 - [TEST_STEP][PASSED] - delay: Delayed 2 second(s)

2018-10-12 13:55:12 - [MESSAGE][PASSED] - Delayed 2 second(s)]]></system-out>
         <system-err><![CDATA[]]></system-err>
      </testcase>
      <testcase name="Test Cases/Backoffice/RegisterAccount" classname="Test Cases/Backoffice/RegisterAccount" status="PASSED">
         <system-out><![CDATA[2018-10-12 13:55:12 - [TEST_CASE][PASSED] - Test Cases/Backoffice/RegisterAccount: Test Cases/Backoffice/RegisterAccount

2018-10-12 13:55:12 - [TEST_STEP][PASSED] - focus: Object: 'Object Repository/Backoffice/Clients/Clients' is focused

2018-10-12 13:55:12 - [MESSAGE][PASSED] - Object: 'Object Repository/Backoffice/Clients/Clients' is focused

2018-10-12 13:55:12 - [TEST_STEP][PASSED] - verifyElementPresent: Object 'Object Repository/Backoffice/Clients/Client Registration' is present

2018-10-12 13:55:12 - [MESSAGE][PASSED] - Object 'Object Repository/Backoffice/Clients/Client Registration' is present

2018-10-12 13:55:12 - [TEST_STEP][PASSED] - click: Object: 'Object Repository/Backoffice/Clients/Client Registration' is clicked on

2018-10-12 13:55:12 - [MESSAGE][PASSED] - Object: 'Object Repository/Backoffice/Clients/Client Registration' is clicked on

2018-10-12 13:55:12 - [TEST_STEP][PASSED] - setText: Text 'quarterlyquantu' is set on object 'Object Repository/Backoffice/Clients/Registration/input_username'

2018-10-12 13:55:13 - [MESSAGE][PASSED] - Text 'quarterlyquantu' is set on object 'Object Repository/Backoffice/Clients/Registration/input_username'

2018-10-12 13:55:13 - [TEST_STEP][PASSED] - setText: Text '123123' is set on object 'Object Repository/Backoffice/Clients/Registration/input_password'

2018-10-12 13:55:13 - [MESSAGE][PASSED] - Text '123123' is set on object 'Object Repository/Backoffice/Clients/Registration/input_password'

2018-10-12 13:55:13 - [TEST_STEP][PASSED] - setText: Text '123123' is set on object 'Object Repository/Backoffice/Clients/Registration/input_confirmp'

2018-10-12 13:55:13 - [MESSAGE][PASSED] - Text '123123' is set on object 'Object Repository/Backoffice/Clients/Registration/input_confirmp'

2018-10-12 13:55:13 - [TEST_STEP][PASSED] - selectOptionByValue: All options with value 'test' are selected in object 'Object Repository/Backoffice/Clients/Registration/select_operatorcode' 

2018-10-12 13:55:13 - [MESSAGE][PASSED] - All options with value 'test' are selected in object 'Object Repository/Backoffice/Clients/Registration/select_operatorcode' 

2018-10-12 13:55:13 - [TEST_STEP][PASSED] - selectOptionByValue: All options with value '1' are selected in object 'Object Repository/Backoffice/Clients/Registration/select_status' 

2018-10-12 13:55:13 - [MESSAGE][PASSED] - All options with value '1' are selected in object 'Object Repository/Backoffice/Clients/Registration/select_status' 

2018-10-12 13:55:13 - [TEST_STEP][PASSED] - delay: Delayed 2 second(s)

2018-10-12 13:55:15 - [MESSAGE][PASSED] - Delayed 2 second(s)

2018-10-12 13:55:15 - [TEST_STEP][PASSED] - click: Object: 'Object Repository/Backoffice/Clients/Registration/button_Submit' is clicked on

2018-10-12 13:55:16 - [MESSAGE][PASSED] - Object: 'Object Repository/Backoffice/Clients/Registration/button_Submit' is clicked on

2018-10-12 13:55:16 - [TEST_STEP][PASSED] - delay: Delayed 2 second(s)

2018-10-12 13:55:18 - [MESSAGE][PASSED] - Delayed 2 second(s)]]></system-out>
         <system-err><![CDATA[]]></system-err>
      </testcase>
      <testcase name="Test Cases/Backoffice/RegisterAccount" classname="Test Cases/Backoffice/RegisterAccount" status="PASSED">
         <system-out><![CDATA[2018-10-12 13:55:18 - [TEST_CASE][PASSED] - Test Cases/Backoffice/RegisterAccount: Test Cases/Backoffice/RegisterAccount

2018-10-12 13:55:18 - [TEST_STEP][PASSED] - focus: Object: 'Object Repository/Backoffice/Clients/Clients' is focused

2018-10-12 13:55:18 - [MESSAGE][PASSED] - Object: 'Object Repository/Backoffice/Clients/Clients' is focused

2018-10-12 13:55:18 - [TEST_STEP][PASSED] - verifyElementPresent: Object 'Object Repository/Backoffice/Clients/Client Registration' is present

2018-10-12 13:55:18 - [MESSAGE][PASSED] - Object 'Object Repository/Backoffice/Clients/Client Registration' is present

2018-10-12 13:55:18 - [TEST_STEP][PASSED] - click: Object: 'Object Repository/Backoffice/Clients/Client Registration' is clicked on

2018-10-12 13:55:19 - [MESSAGE][PASSED] - Object: 'Object Repository/Backoffice/Clients/Client Registration' is clicked on

2018-10-12 13:55:19 - [TEST_STEP][PASSED] - setText: Text 'qedqed' is set on object 'Object Repository/Backoffice/Clients/Registration/input_username'

2018-10-12 13:55:19 - [MESSAGE][PASSED] - Text 'qedqed' is set on object 'Object Repository/Backoffice/Clients/Registration/input_username'

2018-10-12 13:55:19 - [TEST_STEP][PASSED] - setText: Text '123123' is set on object 'Object Repository/Backoffice/Clients/Registration/input_password'

2018-10-12 13:55:19 - [MESSAGE][PASSED] - Text '123123' is set on object 'Object Repository/Backoffice/Clients/Registration/input_password'

2018-10-12 13:55:19 - [TEST_STEP][PASSED] - setText: Text '123123' is set on object 'Object Repository/Backoffice/Clients/Registration/input_confirmp'

2018-10-12 13:55:19 - [MESSAGE][PASSED] - Text '123123' is set on object 'Object Repository/Backoffice/Clients/Registration/input_confirmp'

2018-10-12 13:55:19 - [TEST_STEP][PASSED] - selectOptionByValue: All options with value 'test' are selected in object 'Object Repository/Backoffice/Clients/Registration/select_operatorcode' 

2018-10-12 13:55:19 - [MESSAGE][PASSED] - All options with value 'test' are selected in object 'Object Repository/Backoffice/Clients/Registration/select_operatorcode' 

2018-10-12 13:55:19 - [TEST_STEP][PASSED] - selectOptionByValue: All options with value '1' are selected in object 'Object Repository/Backoffice/Clients/Registration/select_status' 

2018-10-12 13:55:20 - [MESSAGE][PASSED] - All options with value '1' are selected in object 'Object Repository/Backoffice/Clients/Registration/select_status' 

2018-10-12 13:55:20 - [TEST_STEP][PASSED] - delay: Delayed 2 second(s)

2018-10-12 13:55:22 - [MESSAGE][PASSED] - Delayed 2 second(s)

2018-10-12 13:55:22 - [TEST_STEP][PASSED] - click: Object: 'Object Repository/Backoffice/Clients/Registration/button_Submit' is clicked on

2018-10-12 13:55:23 - [MESSAGE][PASSED] - Object: 'Object Repository/Backoffice/Clients/Registration/button_Submit' is clicked on

2018-10-12 13:55:23 - [TEST_STEP][PASSED] - delay: Delayed 2 second(s)

2018-10-12 13:55:25 - [MESSAGE][PASSED] - Delayed 2 second(s)]]></system-out>
         <system-err><![CDATA[]]></system-err>
      </testcase>
      <testcase name="Test Cases/Backoffice/RegisterAccount" classname="Test Cases/Backoffice/RegisterAccount" status="PASSED">
         <system-out><![CDATA[2018-10-12 13:55:25 - [TEST_CASE][PASSED] - Test Cases/Backoffice/RegisterAccount: Test Cases/Backoffice/RegisterAccount

2018-10-12 13:55:25 - [TEST_STEP][PASSED] - focus: Object: 'Object Repository/Backoffice/Clients/Clients' is focused

2018-10-12 13:55:25 - [MESSAGE][PASSED] - Object: 'Object Repository/Backoffice/Clients/Clients' is focused

2018-10-12 13:55:25 - [TEST_STEP][PASSED] - verifyElementPresent: Object 'Object Repository/Backoffice/Clients/Client Registration' is present

2018-10-12 13:55:25 - [MESSAGE][PASSED] - Object 'Object Repository/Backoffice/Clients/Client Registration' is present

2018-10-12 13:55:25 - [TEST_STEP][PASSED] - click: Object: 'Object Repository/Backoffice/Clients/Client Registration' is clicked on

2018-10-12 13:55:25 - [MESSAGE][PASSED] - Object: 'Object Repository/Backoffice/Clients/Client Registration' is clicked on

2018-10-12 13:55:25 - [TEST_STEP][PASSED] - setText: Text 'questionquicklime' is set on object 'Object Repository/Backoffice/Clients/Registration/input_username'

2018-10-12 13:55:25 - [MESSAGE][PASSED] - Text 'questionquicklime' is set on object 'Object Repository/Backoffice/Clients/Registration/input_username'

2018-10-12 13:55:25 - [TEST_STEP][PASSED] - setText: Text '123123' is set on object 'Object Repository/Backoffice/Clients/Registration/input_password'

2018-10-12 13:55:26 - [MESSAGE][PASSED] - Text '123123' is set on object 'Object Repository/Backoffice/Clients/Registration/input_password'

2018-10-12 13:55:26 - [TEST_STEP][PASSED] - setText: Text '123123' is set on object 'Object Repository/Backoffice/Clients/Registration/input_confirmp'

2018-10-12 13:55:26 - [MESSAGE][PASSED] - Text '123123' is set on object 'Object Repository/Backoffice/Clients/Registration/input_confirmp'

2018-10-12 13:55:26 - [TEST_STEP][PASSED] - selectOptionByValue: All options with value 'test' are selected in object 'Object Repository/Backoffice/Clients/Registration/select_operatorcode' 

2018-10-12 13:55:26 - [MESSAGE][PASSED] - All options with value 'test' are selected in object 'Object Repository/Backoffice/Clients/Registration/select_operatorcode' 

2018-10-12 13:55:26 - [TEST_STEP][PASSED] - selectOptionByValue: All options with value '1' are selected in object 'Object Repository/Backoffice/Clients/Registration/select_status' 

2018-10-12 13:55:26 - [MESSAGE][PASSED] - All options with value '1' are selected in object 'Object Repository/Backoffice/Clients/Registration/select_status' 

2018-10-12 13:55:26 - [TEST_STEP][PASSED] - delay: Delayed 2 second(s)

2018-10-12 13:55:28 - [MESSAGE][PASSED] - Delayed 2 second(s)

2018-10-12 13:55:28 - [TEST_STEP][PASSED] - click: Object: 'Object Repository/Backoffice/Clients/Registration/button_Submit' is clicked on

2018-10-12 13:55:29 - [MESSAGE][PASSED] - Object: 'Object Repository/Backoffice/Clients/Registration/button_Submit' is clicked on

2018-10-12 13:55:29 - [TEST_STEP][PASSED] - delay: Delayed 2 second(s)

2018-10-12 13:55:31 - [MESSAGE][PASSED] - Delayed 2 second(s)]]></system-out>
         <system-err><![CDATA[]]></system-err>
      </testcase>
      <testcase name="Test Cases/Backoffice/RegisterAccount" classname="Test Cases/Backoffice/RegisterAccount" status="PASSED">
         <system-out><![CDATA[2018-10-12 13:55:31 - [TEST_CASE][PASSED] - Test Cases/Backoffice/RegisterAccount: Test Cases/Backoffice/RegisterAccount

2018-10-12 13:55:31 - [TEST_STEP][PASSED] - focus: Object: 'Object Repository/Backoffice/Clients/Clients' is focused

2018-10-12 13:55:31 - [MESSAGE][PASSED] - Object: 'Object Repository/Backoffice/Clients/Clients' is focused

2018-10-12 13:55:31 - [TEST_STEP][PASSED] - verifyElementPresent: Object 'Object Repository/Backoffice/Clients/Client Registration' is present

2018-10-12 13:55:31 - [MESSAGE][PASSED] - Object 'Object Repository/Backoffice/Clients/Client Registration' is present

2018-10-12 13:55:31 - [TEST_STEP][PASSED] - click: Object: 'Object Repository/Backoffice/Clients/Client Registration' is clicked on

2018-10-12 13:55:32 - [MESSAGE][PASSED] - Object: 'Object Repository/Backoffice/Clients/Client Registration' is clicked on

2018-10-12 13:55:32 - [TEST_STEP][PASSED] - setText: Text 'quixoticquinoa' is set on object 'Object Repository/Backoffice/Clients/Registration/input_username'

2018-10-12 13:55:32 - [MESSAGE][PASSED] - Text 'quixoticquinoa' is set on object 'Object Repository/Backoffice/Clients/Registration/input_username'

2018-10-12 13:55:32 - [TEST_STEP][PASSED] - setText: Text '123123' is set on object 'Object Repository/Backoffice/Clients/Registration/input_password'

2018-10-12 13:55:32 - [MESSAGE][PASSED] - Text '123123' is set on object 'Object Repository/Backoffice/Clients/Registration/input_password'

2018-10-12 13:55:32 - [TEST_STEP][PASSED] - setText: Text '123123' is set on object 'Object Repository/Backoffice/Clients/Registration/input_confirmp'

2018-10-12 13:55:32 - [MESSAGE][PASSED] - Text '123123' is set on object 'Object Repository/Backoffice/Clients/Registration/input_confirmp'

2018-10-12 13:55:32 - [TEST_STEP][PASSED] - selectOptionByValue: All options with value 'test' are selected in object 'Object Repository/Backoffice/Clients/Registration/select_operatorcode' 

2018-10-12 13:55:32 - [MESSAGE][PASSED] - All options with value 'test' are selected in object 'Object Repository/Backoffice/Clients/Registration/select_operatorcode' 

2018-10-12 13:55:32 - [TEST_STEP][PASSED] - selectOptionByValue: All options with value '1' are selected in object 'Object Repository/Backoffice/Clients/Registration/select_status' 

2018-10-12 13:55:32 - [MESSAGE][PASSED] - All options with value '1' are selected in object 'Object Repository/Backoffice/Clients/Registration/select_status' 

2018-10-12 13:55:32 - [TEST_STEP][PASSED] - delay: Delayed 2 second(s)

2018-10-12 13:55:34 - [MESSAGE][PASSED] - Delayed 2 second(s)

2018-10-12 13:55:34 - [TEST_STEP][PASSED] - click: Object: 'Object Repository/Backoffice/Clients/Registration/button_Submit' is clicked on

2018-10-12 13:55:35 - [MESSAGE][PASSED] - Object: 'Object Repository/Backoffice/Clients/Registration/button_Submit' is clicked on

2018-10-12 13:55:35 - [TEST_STEP][PASSED] - delay: Delayed 2 second(s)

2018-10-12 13:55:37 - [MESSAGE][PASSED] - Delayed 2 second(s)]]></system-out>
         <system-err><![CDATA[]]></system-err>
      </testcase>
      <testcase name="Test Cases/Backoffice/RegisterAccount" classname="Test Cases/Backoffice/RegisterAccount" status="PASSED">
         <system-out><![CDATA[2018-10-12 13:55:37 - [TEST_CASE][PASSED] - Test Cases/Backoffice/RegisterAccount: Test Cases/Backoffice/RegisterAccount

2018-10-12 13:55:37 - [TEST_STEP][PASSED] - focus: Object: 'Object Repository/Backoffice/Clients/Clients' is focused

2018-10-12 13:55:37 - [MESSAGE][PASSED] - Object: 'Object Repository/Backoffice/Clients/Clients' is focused

2018-10-12 13:55:37 - [TEST_STEP][PASSED] - verifyElementPresent: Object 'Object Repository/Backoffice/Clients/Client Registration' is present

2018-10-12 13:55:37 - [MESSAGE][PASSED] - Object 'Object Repository/Backoffice/Clients/Client Registration' is present

2018-10-12 13:55:37 - [TEST_STEP][PASSED] - click: Object: 'Object Repository/Backoffice/Clients/Client Registration' is clicked on

2018-10-12 13:55:38 - [MESSAGE][PASSED] - Object: 'Object Repository/Backoffice/Clients/Client Registration' is clicked on

2018-10-12 13:55:38 - [TEST_STEP][PASSED] - setText: Text 'questquiche' is set on object 'Object Repository/Backoffice/Clients/Registration/input_username'

2018-10-12 13:55:38 - [MESSAGE][PASSED] - Text 'questquiche' is set on object 'Object Repository/Backoffice/Clients/Registration/input_username'

2018-10-12 13:55:38 - [TEST_STEP][PASSED] - setText: Text '123123' is set on object 'Object Repository/Backoffice/Clients/Registration/input_password'

2018-10-12 13:55:38 - [MESSAGE][PASSED] - Text '123123' is set on object 'Object Repository/Backoffice/Clients/Registration/input_password'

2018-10-12 13:55:38 - [TEST_STEP][PASSED] - setText: Text '123123' is set on object 'Object Repository/Backoffice/Clients/Registration/input_confirmp'

2018-10-12 13:55:38 - [MESSAGE][PASSED] - Text '123123' is set on object 'Object Repository/Backoffice/Clients/Registration/input_confirmp'

2018-10-12 13:55:38 - [TEST_STEP][PASSED] - selectOptionByValue: All options with value 'test' are selected in object 'Object Repository/Backoffice/Clients/Registration/select_operatorcode' 

2018-10-12 13:55:39 - [MESSAGE][PASSED] - All options with value 'test' are selected in object 'Object Repository/Backoffice/Clients/Registration/select_operatorcode' 

2018-10-12 13:55:39 - [TEST_STEP][PASSED] - selectOptionByValue: All options with value '1' are selected in object 'Object Repository/Backoffice/Clients/Registration/select_status' 

2018-10-12 13:55:39 - [MESSAGE][PASSED] - All options with value '1' are selected in object 'Object Repository/Backoffice/Clients/Registration/select_status' 

2018-10-12 13:55:39 - [TEST_STEP][PASSED] - delay: Delayed 2 second(s)

2018-10-12 13:55:41 - [MESSAGE][PASSED] - Delayed 2 second(s)

2018-10-12 13:55:41 - [TEST_STEP][PASSED] - click: Object: 'Object Repository/Backoffice/Clients/Registration/button_Submit' is clicked on

2018-10-12 13:55:42 - [MESSAGE][PASSED] - Object: 'Object Repository/Backoffice/Clients/Registration/button_Submit' is clicked on

2018-10-12 13:55:42 - [TEST_STEP][PASSED] - delay: Delayed 2 second(s)

2018-10-12 13:55:44 - [MESSAGE][PASSED] - Delayed 2 second(s)]]></system-out>
         <system-err><![CDATA[]]></system-err>
      </testcase>
      <testcase name="Test Cases/Backoffice/RegisterAccount" classname="Test Cases/Backoffice/RegisterAccount" status="PASSED">
         <system-out><![CDATA[2018-10-12 13:55:44 - [TEST_CASE][PASSED] - Test Cases/Backoffice/RegisterAccount: Test Cases/Backoffice/RegisterAccount

2018-10-12 13:55:44 - [TEST_STEP][PASSED] - focus: Object: 'Object Repository/Backoffice/Clients/Clients' is focused

2018-10-12 13:55:44 - [MESSAGE][PASSED] - Object: 'Object Repository/Backoffice/Clients/Clients' is focused

2018-10-12 13:55:44 - [TEST_STEP][PASSED] - verifyElementPresent: Object 'Object Repository/Backoffice/Clients/Client Registration' is present

2018-10-12 13:55:44 - [MESSAGE][PASSED] - Object 'Object Repository/Backoffice/Clients/Client Registration' is present

2018-10-12 13:55:44 - [TEST_STEP][PASSED] - click: Object: 'Object Repository/Backoffice/Clients/Client Registration' is clicked on

2018-10-12 13:55:45 - [MESSAGE][PASSED] - Object: 'Object Repository/Backoffice/Clients/Client Registration' is clicked on

2018-10-12 13:55:45 - [TEST_STEP][PASSED] - setText: Text 'quallingquartering' is set on object 'Object Repository/Backoffice/Clients/Registration/input_username'

2018-10-12 13:55:45 - [MESSAGE][PASSED] - Text 'quallingquartering' is set on object 'Object Repository/Backoffice/Clients/Registration/input_username'

2018-10-12 13:55:45 - [TEST_STEP][PASSED] - setText: Text '123123' is set on object 'Object Repository/Backoffice/Clients/Registration/input_password'

2018-10-12 13:55:45 - [MESSAGE][PASSED] - Text '123123' is set on object 'Object Repository/Backoffice/Clients/Registration/input_password'

2018-10-12 13:55:45 - [TEST_STEP][PASSED] - setText: Text '123123' is set on object 'Object Repository/Backoffice/Clients/Registration/input_confirmp'

2018-10-12 13:55:45 - [MESSAGE][PASSED] - Text '123123' is set on object 'Object Repository/Backoffice/Clients/Registration/input_confirmp'

2018-10-12 13:55:45 - [TEST_STEP][PASSED] - selectOptionByValue: All options with value 'test' are selected in object 'Object Repository/Backoffice/Clients/Registration/select_operatorcode' 

2018-10-12 13:55:45 - [MESSAGE][PASSED] - All options with value 'test' are selected in object 'Object Repository/Backoffice/Clients/Registration/select_operatorcode' 

2018-10-12 13:55:45 - [TEST_STEP][PASSED] - selectOptionByValue: All options with value '1' are selected in object 'Object Repository/Backoffice/Clients/Registration/select_status' 

2018-10-12 13:55:45 - [MESSAGE][PASSED] - All options with value '1' are selected in object 'Object Repository/Backoffice/Clients/Registration/select_status' 

2018-10-12 13:55:45 - [TEST_STEP][PASSED] - delay: Delayed 2 second(s)

2018-10-12 13:55:47 - [MESSAGE][PASSED] - Delayed 2 second(s)

2018-10-12 13:55:47 - [TEST_STEP][PASSED] - click: Object: 'Object Repository/Backoffice/Clients/Registration/button_Submit' is clicked on

2018-10-12 13:55:48 - [MESSAGE][PASSED] - Object: 'Object Repository/Backoffice/Clients/Registration/button_Submit' is clicked on

2018-10-12 13:55:48 - [TEST_STEP][PASSED] - delay: Delayed 2 second(s)

2018-10-12 13:55:50 - [MESSAGE][PASSED] - Delayed 2 second(s)]]></system-out>
         <system-err><![CDATA[]]></system-err>
      </testcase>
      <testcase name="Test Cases/Backoffice/RegisterAccount" classname="Test Cases/Backoffice/RegisterAccount" status="PASSED">
         <system-out><![CDATA[2018-10-12 13:55:50 - [TEST_CASE][PASSED] - Test Cases/Backoffice/RegisterAccount: Test Cases/Backoffice/RegisterAccount

2018-10-12 13:55:50 - [TEST_STEP][PASSED] - focus: Object: 'Object Repository/Backoffice/Clients/Clients' is focused

2018-10-12 13:55:51 - [MESSAGE][PASSED] - Object: 'Object Repository/Backoffice/Clients/Clients' is focused

2018-10-12 13:55:51 - [TEST_STEP][PASSED] - verifyElementPresent: Object 'Object Repository/Backoffice/Clients/Client Registration' is present

2018-10-12 13:55:51 - [MESSAGE][PASSED] - Object 'Object Repository/Backoffice/Clients/Client Registration' is present

2018-10-12 13:55:51 - [TEST_STEP][PASSED] - click: Object: 'Object Repository/Backoffice/Clients/Client Registration' is clicked on

2018-10-12 13:55:51 - [MESSAGE][PASSED] - Object: 'Object Repository/Backoffice/Clients/Client Registration' is clicked on

2018-10-12 13:55:51 - [TEST_STEP][PASSED] - setText: Text 'quantuquantock' is set on object 'Object Repository/Backoffice/Clients/Registration/input_username'

2018-10-12 13:55:51 - [MESSAGE][PASSED] - Text 'quantuquantock' is set on object 'Object Repository/Backoffice/Clients/Registration/input_username'

2018-10-12 13:55:51 - [TEST_STEP][PASSED] - setText: Text '123123' is set on object 'Object Repository/Backoffice/Clients/Registration/input_password'

2018-10-12 13:55:51 - [MESSAGE][PASSED] - Text '123123' is set on object 'Object Repository/Backoffice/Clients/Registration/input_password'

2018-10-12 13:55:51 - [TEST_STEP][PASSED] - setText: Text '123123' is set on object 'Object Repository/Backoffice/Clients/Registration/input_confirmp'

2018-10-12 13:55:52 - [MESSAGE][PASSED] - Text '123123' is set on object 'Object Repository/Backoffice/Clients/Registration/input_confirmp'

2018-10-12 13:55:52 - [TEST_STEP][PASSED] - selectOptionByValue: All options with value 'test' are selected in object 'Object Repository/Backoffice/Clients/Registration/select_operatorcode' 

2018-10-12 13:55:52 - [MESSAGE][PASSED] - All options with value 'test' are selected in object 'Object Repository/Backoffice/Clients/Registration/select_operatorcode' 

2018-10-12 13:55:52 - [TEST_STEP][PASSED] - selectOptionByValue: All options with value '1' are selected in object 'Object Repository/Backoffice/Clients/Registration/select_status' 

2018-10-12 13:55:52 - [MESSAGE][PASSED] - All options with value '1' are selected in object 'Object Repository/Backoffice/Clients/Registration/select_status' 

2018-10-12 13:55:52 - [TEST_STEP][PASSED] - delay: Delayed 2 second(s)

2018-10-12 13:55:54 - [MESSAGE][PASSED] - Delayed 2 second(s)

2018-10-12 13:55:54 - [TEST_STEP][PASSED] - click: Object: 'Object Repository/Backoffice/Clients/Registration/button_Submit' is clicked on

2018-10-12 13:55:55 - [MESSAGE][PASSED] - Object: 'Object Repository/Backoffice/Clients/Registration/button_Submit' is clicked on

2018-10-12 13:55:55 - [TEST_STEP][PASSED] - delay: Delayed 2 second(s)

2018-10-12 13:55:57 - [MESSAGE][PASSED] - Delayed 2 second(s)]]></system-out>
         <system-err><![CDATA[]]></system-err>
      </testcase>
      <testcase name="Test Cases/Backoffice/RegisterAccount" classname="Test Cases/Backoffice/RegisterAccount" status="PASSED">
         <system-out><![CDATA[2018-10-12 13:55:57 - [TEST_CASE][PASSED] - Test Cases/Backoffice/RegisterAccount: Test Cases/Backoffice/RegisterAccount

2018-10-12 13:55:57 - [TEST_STEP][PASSED] - focus: Object: 'Object Repository/Backoffice/Clients/Clients' is focused

2018-10-12 13:55:57 - [MESSAGE][PASSED] - Object: 'Object Repository/Backoffice/Clients/Clients' is focused

2018-10-12 13:55:57 - [TEST_STEP][PASSED] - verifyElementPresent: Object 'Object Repository/Backoffice/Clients/Client Registration' is present

2018-10-12 13:55:57 - [MESSAGE][PASSED] - Object 'Object Repository/Backoffice/Clients/Client Registration' is present

2018-10-12 13:55:57 - [TEST_STEP][PASSED] - click: Object: 'Object Repository/Backoffice/Clients/Client Registration' is clicked on

2018-10-12 13:55:57 - [MESSAGE][PASSED] - Object: 'Object Repository/Backoffice/Clients/Client Registration' is clicked on

2018-10-12 13:55:57 - [TEST_STEP][PASSED] - setText: Text 'quiverquails' is set on object 'Object Repository/Backoffice/Clients/Registration/input_username'

2018-10-12 13:55:58 - [MESSAGE][PASSED] - Text 'quiverquails' is set on object 'Object Repository/Backoffice/Clients/Registration/input_username'

2018-10-12 13:55:58 - [TEST_STEP][PASSED] - setText: Text '123123' is set on object 'Object Repository/Backoffice/Clients/Registration/input_password'

2018-10-12 13:55:58 - [MESSAGE][PASSED] - Text '123123' is set on object 'Object Repository/Backoffice/Clients/Registration/input_password'

2018-10-12 13:55:58 - [TEST_STEP][PASSED] - setText: Text '123123' is set on object 'Object Repository/Backoffice/Clients/Registration/input_confirmp'

2018-10-12 13:55:58 - [MESSAGE][PASSED] - Text '123123' is set on object 'Object Repository/Backoffice/Clients/Registration/input_confirmp'

2018-10-12 13:55:58 - [TEST_STEP][PASSED] - selectOptionByValue: All options with value 'test' are selected in object 'Object Repository/Backoffice/Clients/Registration/select_operatorcode' 

2018-10-12 13:55:58 - [MESSAGE][PASSED] - All options with value 'test' are selected in object 'Object Repository/Backoffice/Clients/Registration/select_operatorcode' 

2018-10-12 13:55:58 - [TEST_STEP][PASSED] - selectOptionByValue: All options with value '1' are selected in object 'Object Repository/Backoffice/Clients/Registration/select_status' 

2018-10-12 13:55:58 - [MESSAGE][PASSED] - All options with value '1' are selected in object 'Object Repository/Backoffice/Clients/Registration/select_status' 

2018-10-12 13:55:58 - [TEST_STEP][PASSED] - delay: Delayed 2 second(s)

2018-10-12 13:56:00 - [MESSAGE][PASSED] - Delayed 2 second(s)

2018-10-12 13:56:00 - [TEST_STEP][PASSED] - click: Object: 'Object Repository/Backoffice/Clients/Registration/button_Submit' is clicked on

2018-10-12 13:56:01 - [MESSAGE][PASSED] - Object: 'Object Repository/Backoffice/Clients/Registration/button_Submit' is clicked on

2018-10-12 13:56:01 - [TEST_STEP][PASSED] - delay: Delayed 2 second(s)

2018-10-12 13:56:03 - [MESSAGE][PASSED] - Delayed 2 second(s)]]></system-out>
         <system-err><![CDATA[]]></system-err>
      </testcase>
      <testcase name="Test Cases/Backoffice/RegisterAccount" classname="Test Cases/Backoffice/RegisterAccount" status="PASSED">
         <system-out><![CDATA[2018-10-12 13:56:03 - [TEST_CASE][PASSED] - Test Cases/Backoffice/RegisterAccount: Test Cases/Backoffice/RegisterAccount

2018-10-12 13:56:03 - [TEST_STEP][PASSED] - focus: Object: 'Object Repository/Backoffice/Clients/Clients' is focused

2018-10-12 13:56:03 - [MESSAGE][PASSED] - Object: 'Object Repository/Backoffice/Clients/Clients' is focused

2018-10-12 13:56:03 - [TEST_STEP][PASSED] - verifyElementPresent: Object 'Object Repository/Backoffice/Clients/Client Registration' is present

2018-10-12 13:56:03 - [MESSAGE][PASSED] - Object 'Object Repository/Backoffice/Clients/Client Registration' is present

2018-10-12 13:56:03 - [TEST_STEP][PASSED] - click: Object: 'Object Repository/Backoffice/Clients/Client Registration' is clicked on

2018-10-12 13:56:04 - [MESSAGE][PASSED] - Object: 'Object Repository/Backoffice/Clients/Client Registration' is clicked on

2018-10-12 13:56:04 - [TEST_STEP][PASSED] - setText: Text 'quiltquestion' is set on object 'Object Repository/Backoffice/Clients/Registration/input_username'

2018-10-12 13:56:04 - [MESSAGE][PASSED] - Text 'quiltquestion' is set on object 'Object Repository/Backoffice/Clients/Registration/input_username'

2018-10-12 13:56:04 - [TEST_STEP][PASSED] - setText: Text '123123' is set on object 'Object Repository/Backoffice/Clients/Registration/input_password'

2018-10-12 13:56:04 - [MESSAGE][PASSED] - Text '123123' is set on object 'Object Repository/Backoffice/Clients/Registration/input_password'

2018-10-12 13:56:04 - [TEST_STEP][PASSED] - setText: Text '123123' is set on object 'Object Repository/Backoffice/Clients/Registration/input_confirmp'

2018-10-12 13:56:04 - [MESSAGE][PASSED] - Text '123123' is set on object 'Object Repository/Backoffice/Clients/Registration/input_confirmp'

2018-10-12 13:56:04 - [TEST_STEP][PASSED] - selectOptionByValue: All options with value 'test' are selected in object 'Object Repository/Backoffice/Clients/Registration/select_operatorcode' 

2018-10-12 13:56:04 - [MESSAGE][PASSED] - All options with value 'test' are selected in object 'Object Repository/Backoffice/Clients/Registration/select_operatorcode' 

2018-10-12 13:56:04 - [TEST_STEP][PASSED] - selectOptionByValue: All options with value '1' are selected in object 'Object Repository/Backoffice/Clients/Registration/select_status' 

2018-10-12 13:56:04 - [MESSAGE][PASSED] - All options with value '1' are selected in object 'Object Repository/Backoffice/Clients/Registration/select_status' 

2018-10-12 13:56:04 - [TEST_STEP][PASSED] - delay: Delayed 2 second(s)

2018-10-12 13:56:06 - [MESSAGE][PASSED] - Delayed 2 second(s)

2018-10-12 13:56:06 - [TEST_STEP][PASSED] - click: Object: 'Object Repository/Backoffice/Clients/Registration/button_Submit' is clicked on

2018-10-12 13:56:07 - [MESSAGE][PASSED] - Object: 'Object Repository/Backoffice/Clients/Registration/button_Submit' is clicked on

2018-10-12 13:56:07 - [TEST_STEP][PASSED] - delay: Delayed 2 second(s)

2018-10-12 13:56:09 - [MESSAGE][PASSED] - Delayed 2 second(s)]]></system-out>
         <system-err><![CDATA[]]></system-err>
      </testcase>
      <testcase name="Test Cases/Backoffice/RegisterAccount" classname="Test Cases/Backoffice/RegisterAccount" status="PASSED">
         <system-out><![CDATA[2018-10-12 13:56:09 - [TEST_CASE][PASSED] - Test Cases/Backoffice/RegisterAccount: Test Cases/Backoffice/RegisterAccount

2018-10-12 13:56:09 - [TEST_STEP][PASSED] - focus: Object: 'Object Repository/Backoffice/Clients/Clients' is focused

2018-10-12 13:56:09 - [MESSAGE][PASSED] - Object: 'Object Repository/Backoffice/Clients/Clients' is focused

2018-10-12 13:56:09 - [TEST_STEP][PASSED] - verifyElementPresent: Object 'Object Repository/Backoffice/Clients/Client Registration' is present

2018-10-12 13:56:09 - [MESSAGE][PASSED] - Object 'Object Repository/Backoffice/Clients/Client Registration' is present

2018-10-12 13:56:09 - [TEST_STEP][PASSED] - click: Object: 'Object Repository/Backoffice/Clients/Client Registration' is clicked on

2018-10-12 13:56:10 - [MESSAGE][PASSED] - Object: 'Object Repository/Backoffice/Clients/Client Registration' is clicked on

2018-10-12 13:56:10 - [TEST_STEP][PASSED] - setText: Text 'qiangquick' is set on object 'Object Repository/Backoffice/Clients/Registration/input_username'

2018-10-12 13:56:10 - [MESSAGE][PASSED] - Text 'qiangquick' is set on object 'Object Repository/Backoffice/Clients/Registration/input_username'

2018-10-12 13:56:10 - [TEST_STEP][PASSED] - setText: Text '123123' is set on object 'Object Repository/Backoffice/Clients/Registration/input_password'

2018-10-12 13:56:10 - [MESSAGE][PASSED] - Text '123123' is set on object 'Object Repository/Backoffice/Clients/Registration/input_password'

2018-10-12 13:56:10 - [TEST_STEP][PASSED] - setText: Text '123123' is set on object 'Object Repository/Backoffice/Clients/Registration/input_confirmp'

2018-10-12 13:56:10 - [MESSAGE][PASSED] - Text '123123' is set on object 'Object Repository/Backoffice/Clients/Registration/input_confirmp'

2018-10-12 13:56:10 - [TEST_STEP][PASSED] - selectOptionByValue: All options with value 'test' are selected in object 'Object Repository/Backoffice/Clients/Registration/select_operatorcode' 

2018-10-12 13:56:10 - [MESSAGE][PASSED] - All options with value 'test' are selected in object 'Object Repository/Backoffice/Clients/Registration/select_operatorcode' 

2018-10-12 13:56:10 - [TEST_STEP][PASSED] - selectOptionByValue: All options with value '1' are selected in object 'Object Repository/Backoffice/Clients/Registration/select_status' 

2018-10-12 13:56:11 - [MESSAGE][PASSED] - All options with value '1' are selected in object 'Object Repository/Backoffice/Clients/Registration/select_status' 

2018-10-12 13:56:11 - [TEST_STEP][PASSED] - delay: Delayed 2 second(s)

2018-10-12 13:56:13 - [MESSAGE][PASSED] - Delayed 2 second(s)

2018-10-12 13:56:13 - [TEST_STEP][PASSED] - click: Object: 'Object Repository/Backoffice/Clients/Registration/button_Submit' is clicked on

2018-10-12 13:56:13 - [MESSAGE][PASSED] - Object: 'Object Repository/Backoffice/Clients/Registration/button_Submit' is clicked on

2018-10-12 13:56:13 - [TEST_STEP][PASSED] - delay: Delayed 2 second(s)

2018-10-12 13:56:15 - [MESSAGE][PASSED] - Delayed 2 second(s)]]></system-out>
         <system-err><![CDATA[]]></system-err>
      </testcase>
      <testcase name="Test Cases/Backoffice/RegisterAccount" classname="Test Cases/Backoffice/RegisterAccount" status="PASSED">
         <system-out><![CDATA[2018-10-12 13:56:15 - [TEST_CASE][PASSED] - Test Cases/Backoffice/RegisterAccount: Test Cases/Backoffice/RegisterAccount

2018-10-12 13:56:15 - [TEST_STEP][PASSED] - focus: Object: 'Object Repository/Backoffice/Clients/Clients' is focused

2018-10-12 13:56:15 - [MESSAGE][PASSED] - Object: 'Object Repository/Backoffice/Clients/Clients' is focused

2018-10-12 13:56:15 - [TEST_STEP][PASSED] - verifyElementPresent: Object 'Object Repository/Backoffice/Clients/Client Registration' is present

2018-10-12 13:56:15 - [MESSAGE][PASSED] - Object 'Object Repository/Backoffice/Clients/Client Registration' is present

2018-10-12 13:56:15 - [TEST_STEP][PASSED] - click: Object: 'Object Repository/Backoffice/Clients/Client Registration' is clicked on

2018-10-12 13:56:16 - [MESSAGE][PASSED] - Object: 'Object Repository/Backoffice/Clients/Client Registration' is clicked on

2018-10-12 13:56:16 - [TEST_STEP][PASSED] - setText: Text 'quirtqiang' is set on object 'Object Repository/Backoffice/Clients/Registration/input_username'

2018-10-12 13:56:16 - [MESSAGE][PASSED] - Text 'quirtqiang' is set on object 'Object Repository/Backoffice/Clients/Registration/input_username'

2018-10-12 13:56:16 - [TEST_STEP][PASSED] - setText: Text '123123' is set on object 'Object Repository/Backoffice/Clients/Registration/input_password'

2018-10-12 13:56:17 - [MESSAGE][PASSED] - Text '123123' is set on object 'Object Repository/Backoffice/Clients/Registration/input_password'

2018-10-12 13:56:17 - [TEST_STEP][PASSED] - setText: Text '123123' is set on object 'Object Repository/Backoffice/Clients/Registration/input_confirmp'

2018-10-12 13:56:17 - [MESSAGE][PASSED] - Text '123123' is set on object 'Object Repository/Backoffice/Clients/Registration/input_confirmp'

2018-10-12 13:56:17 - [TEST_STEP][PASSED] - selectOptionByValue: All options with value 'test' are selected in object 'Object Repository/Backoffice/Clients/Registration/select_operatorcode' 

2018-10-12 13:56:17 - [MESSAGE][PASSED] - All options with value 'test' are selected in object 'Object Repository/Backoffice/Clients/Registration/select_operatorcode' 

2018-10-12 13:56:17 - [TEST_STEP][PASSED] - selectOptionByValue: All options with value '1' are selected in object 'Object Repository/Backoffice/Clients/Registration/select_status' 

2018-10-12 13:56:17 - [MESSAGE][PASSED] - All options with value '1' are selected in object 'Object Repository/Backoffice/Clients/Registration/select_status' 

2018-10-12 13:56:17 - [TEST_STEP][PASSED] - delay: Delayed 2 second(s)

2018-10-12 13:56:19 - [MESSAGE][PASSED] - Delayed 2 second(s)

2018-10-12 13:56:19 - [TEST_STEP][PASSED] - click: Object: 'Object Repository/Backoffice/Clients/Registration/button_Submit' is clicked on

2018-10-12 13:56:20 - [MESSAGE][PASSED] - Object: 'Object Repository/Backoffice/Clients/Registration/button_Submit' is clicked on

2018-10-12 13:56:20 - [TEST_STEP][PASSED] - delay: Delayed 2 second(s)

2018-10-12 13:56:22 - [MESSAGE][PASSED] - Delayed 2 second(s)]]></system-out>
         <system-err><![CDATA[]]></system-err>
      </testcase>
      <testcase name="Test Cases/Backoffice/RegisterAccount" classname="Test Cases/Backoffice/RegisterAccount" status="PASSED">
         <system-out><![CDATA[2018-10-12 13:56:22 - [TEST_CASE][PASSED] - Test Cases/Backoffice/RegisterAccount: Test Cases/Backoffice/RegisterAccount

2018-10-12 13:56:22 - [TEST_STEP][PASSED] - focus: Object: 'Object Repository/Backoffice/Clients/Clients' is focused

2018-10-12 13:56:22 - [MESSAGE][PASSED] - Object: 'Object Repository/Backoffice/Clients/Clients' is focused

2018-10-12 13:56:22 - [TEST_STEP][PASSED] - verifyElementPresent: Object 'Object Repository/Backoffice/Clients/Client Registration' is present

2018-10-12 13:56:22 - [MESSAGE][PASSED] - Object 'Object Repository/Backoffice/Clients/Client Registration' is present

2018-10-12 13:56:22 - [TEST_STEP][PASSED] - click: Object: 'Object Repository/Backoffice/Clients/Client Registration' is clicked on

2018-10-12 13:56:23 - [MESSAGE][PASSED] - Object: 'Object Repository/Backoffice/Clients/Client Registration' is clicked on

2018-10-12 13:56:23 - [TEST_STEP][PASSED] - setText: Text 'quadricepsqualified' is set on object 'Object Repository/Backoffice/Clients/Registration/input_username'

2018-10-12 13:56:23 - [MESSAGE][PASSED] - Text 'quadricepsqualified' is set on object 'Object Repository/Backoffice/Clients/Registration/input_username'

2018-10-12 13:56:23 - [TEST_STEP][PASSED] - setText: Text '123123' is set on object 'Object Repository/Backoffice/Clients/Registration/input_password'

2018-10-12 13:56:23 - [MESSAGE][PASSED] - Text '123123' is set on object 'Object Repository/Backoffice/Clients/Registration/input_password'

2018-10-12 13:56:23 - [TEST_STEP][PASSED] - setText: Text '123123' is set on object 'Object Repository/Backoffice/Clients/Registration/input_confirmp'

2018-10-12 13:56:23 - [MESSAGE][PASSED] - Text '123123' is set on object 'Object Repository/Backoffice/Clients/Registration/input_confirmp'

2018-10-12 13:56:23 - [TEST_STEP][PASSED] - selectOptionByValue: All options with value 'test' are selected in object 'Object Repository/Backoffice/Clients/Registration/select_operatorcode' 

2018-10-12 13:56:23 - [MESSAGE][PASSED] - All options with value 'test' are selected in object 'Object Repository/Backoffice/Clients/Registration/select_operatorcode' 

2018-10-12 13:56:23 - [TEST_STEP][PASSED] - selectOptionByValue: All options with value '1' are selected in object 'Object Repository/Backoffice/Clients/Registration/select_status' 

2018-10-12 13:56:23 - [MESSAGE][PASSED] - All options with value '1' are selected in object 'Object Repository/Backoffice/Clients/Registration/select_status' 

2018-10-12 13:56:23 - [TEST_STEP][PASSED] - delay: Delayed 2 second(s)

2018-10-12 13:56:25 - [MESSAGE][PASSED] - Delayed 2 second(s)

2018-10-12 13:56:25 - [TEST_STEP][PASSED] - click: Object: 'Object Repository/Backoffice/Clients/Registration/button_Submit' is clicked on

2018-10-12 13:56:26 - [MESSAGE][PASSED] - Object: 'Object Repository/Backoffice/Clients/Registration/button_Submit' is clicked on

2018-10-12 13:56:26 - [TEST_STEP][PASSED] - delay: Delayed 2 second(s)

2018-10-12 13:56:28 - [MESSAGE][PASSED] - Delayed 2 second(s)]]></system-out>
         <system-err><![CDATA[]]></system-err>
      </testcase>
      <testcase name="Test Cases/Backoffice/RegisterAccount" classname="Test Cases/Backoffice/RegisterAccount" status="PASSED">
         <system-out><![CDATA[2018-10-12 13:56:28 - [TEST_CASE][PASSED] - Test Cases/Backoffice/RegisterAccount: Test Cases/Backoffice/RegisterAccount

2018-10-12 13:56:28 - [TEST_STEP][PASSED] - focus: Object: 'Object Repository/Backoffice/Clients/Clients' is focused

2018-10-12 13:56:29 - [MESSAGE][PASSED] - Object: 'Object Repository/Backoffice/Clients/Clients' is focused

2018-10-12 13:56:29 - [TEST_STEP][PASSED] - verifyElementPresent: Object 'Object Repository/Backoffice/Clients/Client Registration' is present

2018-10-12 13:56:29 - [MESSAGE][PASSED] - Object 'Object Repository/Backoffice/Clients/Client Registration' is present

2018-10-12 13:56:29 - [TEST_STEP][PASSED] - click: Object: 'Object Repository/Backoffice/Clients/Client Registration' is clicked on

2018-10-12 13:56:30 - [MESSAGE][PASSED] - Object: 'Object Repository/Backoffice/Clients/Client Registration' is clicked on

2018-10-12 13:56:30 - [TEST_STEP][PASSED] - setText: Text 'regulusring' is set on object 'Object Repository/Backoffice/Clients/Registration/input_username'

2018-10-12 13:56:30 - [MESSAGE][PASSED] - Text 'regulusring' is set on object 'Object Repository/Backoffice/Clients/Registration/input_username'

2018-10-12 13:56:30 - [TEST_STEP][PASSED] - setText: Text '123123' is set on object 'Object Repository/Backoffice/Clients/Registration/input_password'

2018-10-12 13:56:30 - [MESSAGE][PASSED] - Text '123123' is set on object 'Object Repository/Backoffice/Clients/Registration/input_password'

2018-10-12 13:56:30 - [TEST_STEP][PASSED] - setText: Text '123123' is set on object 'Object Repository/Backoffice/Clients/Registration/input_confirmp'

2018-10-12 13:56:30 - [MESSAGE][PASSED] - Text '123123' is set on object 'Object Repository/Backoffice/Clients/Registration/input_confirmp'

2018-10-12 13:56:30 - [TEST_STEP][PASSED] - selectOptionByValue: All options with value 'test' are selected in object 'Object Repository/Backoffice/Clients/Registration/select_operatorcode' 

2018-10-12 13:56:30 - [MESSAGE][PASSED] - All options with value 'test' are selected in object 'Object Repository/Backoffice/Clients/Registration/select_operatorcode' 

2018-10-12 13:56:30 - [TEST_STEP][PASSED] - selectOptionByValue: All options with value '1' are selected in object 'Object Repository/Backoffice/Clients/Registration/select_status' 

2018-10-12 13:56:30 - [MESSAGE][PASSED] - All options with value '1' are selected in object 'Object Repository/Backoffice/Clients/Registration/select_status' 

2018-10-12 13:56:30 - [TEST_STEP][PASSED] - delay: Delayed 2 second(s)

2018-10-12 13:56:32 - [MESSAGE][PASSED] - Delayed 2 second(s)

2018-10-12 13:56:32 - [TEST_STEP][PASSED] - click: Object: 'Object Repository/Backoffice/Clients/Registration/button_Submit' is clicked on

2018-10-12 13:56:33 - [MESSAGE][PASSED] - Object: 'Object Repository/Backoffice/Clients/Registration/button_Submit' is clicked on

2018-10-12 13:56:33 - [TEST_STEP][PASSED] - delay: Delayed 2 second(s)

2018-10-12 13:56:35 - [MESSAGE][PASSED] - Delayed 2 second(s)]]></system-out>
         <system-err><![CDATA[]]></system-err>
      </testcase>
      <testcase name="Test Cases/Backoffice/RegisterAccount" classname="Test Cases/Backoffice/RegisterAccount" status="PASSED">
         <system-out><![CDATA[2018-10-12 13:56:35 - [TEST_CASE][PASSED] - Test Cases/Backoffice/RegisterAccount: Test Cases/Backoffice/RegisterAccount

2018-10-12 13:56:35 - [TEST_STEP][PASSED] - focus: Object: 'Object Repository/Backoffice/Clients/Clients' is focused

2018-10-12 13:56:35 - [MESSAGE][PASSED] - Object: 'Object Repository/Backoffice/Clients/Clients' is focused

2018-10-12 13:56:35 - [TEST_STEP][PASSED] - verifyElementPresent: Object 'Object Repository/Backoffice/Clients/Client Registration' is present

2018-10-12 13:56:35 - [MESSAGE][PASSED] - Object 'Object Repository/Backoffice/Clients/Client Registration' is present

2018-10-12 13:56:35 - [TEST_STEP][PASSED] - click: Object: 'Object Repository/Backoffice/Clients/Client Registration' is clicked on

2018-10-12 13:56:36 - [MESSAGE][PASSED] - Object: 'Object Repository/Backoffice/Clients/Client Registration' is clicked on

2018-10-12 13:56:36 - [TEST_STEP][PASSED] - setText: Text 'rackrig' is set on object 'Object Repository/Backoffice/Clients/Registration/input_username'

2018-10-12 13:56:36 - [MESSAGE][PASSED] - Text 'rackrig' is set on object 'Object Repository/Backoffice/Clients/Registration/input_username'

2018-10-12 13:56:36 - [TEST_STEP][PASSED] - setText: Text '123123' is set on object 'Object Repository/Backoffice/Clients/Registration/input_password'

2018-10-12 13:56:37 - [MESSAGE][PASSED] - Text '123123' is set on object 'Object Repository/Backoffice/Clients/Registration/input_password'

2018-10-12 13:56:37 - [TEST_STEP][PASSED] - setText: Text '123123' is set on object 'Object Repository/Backoffice/Clients/Registration/input_confirmp'

2018-10-12 13:56:37 - [MESSAGE][PASSED] - Text '123123' is set on object 'Object Repository/Backoffice/Clients/Registration/input_confirmp'

2018-10-12 13:56:37 - [TEST_STEP][PASSED] - selectOptionByValue: All options with value 'test' are selected in object 'Object Repository/Backoffice/Clients/Registration/select_operatorcode' 

2018-10-12 13:56:37 - [MESSAGE][PASSED] - All options with value 'test' are selected in object 'Object Repository/Backoffice/Clients/Registration/select_operatorcode' 

2018-10-12 13:56:37 - [TEST_STEP][PASSED] - selectOptionByValue: All options with value '1' are selected in object 'Object Repository/Backoffice/Clients/Registration/select_status' 

2018-10-12 13:56:37 - [MESSAGE][PASSED] - All options with value '1' are selected in object 'Object Repository/Backoffice/Clients/Registration/select_status' 

2018-10-12 13:56:37 - [TEST_STEP][PASSED] - delay: Delayed 2 second(s)

2018-10-12 13:56:39 - [MESSAGE][PASSED] - Delayed 2 second(s)

2018-10-12 13:56:39 - [TEST_STEP][PASSED] - click: Object: 'Object Repository/Backoffice/Clients/Registration/button_Submit' is clicked on

2018-10-12 13:56:40 - [MESSAGE][PASSED] - Object: 'Object Repository/Backoffice/Clients/Registration/button_Submit' is clicked on

2018-10-12 13:56:40 - [TEST_STEP][PASSED] - delay: Delayed 2 second(s)

2018-10-12 13:56:42 - [MESSAGE][PASSED] - Delayed 2 second(s)]]></system-out>
         <system-err><![CDATA[]]></system-err>
      </testcase>
      <testcase name="Test Cases/Backoffice/RegisterAccount" classname="Test Cases/Backoffice/RegisterAccount" status="PASSED">
         <system-out><![CDATA[2018-10-12 13:56:42 - [TEST_CASE][PASSED] - Test Cases/Backoffice/RegisterAccount: Test Cases/Backoffice/RegisterAccount

2018-10-12 13:56:42 - [TEST_STEP][PASSED] - focus: Object: 'Object Repository/Backoffice/Clients/Clients' is focused

2018-10-12 13:56:42 - [MESSAGE][PASSED] - Object: 'Object Repository/Backoffice/Clients/Clients' is focused

2018-10-12 13:56:42 - [TEST_STEP][PASSED] - verifyElementPresent: Object 'Object Repository/Backoffice/Clients/Client Registration' is present

2018-10-12 13:56:42 - [MESSAGE][PASSED] - Object 'Object Repository/Backoffice/Clients/Client Registration' is present

2018-10-12 13:56:42 - [TEST_STEP][PASSED] - click: Object: 'Object Repository/Backoffice/Clients/Client Registration' is clicked on

2018-10-12 13:56:43 - [MESSAGE][PASSED] - Object: 'Object Repository/Backoffice/Clients/Client Registration' is clicked on

2018-10-12 13:56:43 - [TEST_STEP][PASSED] - setText: Text 'russelrainbow' is set on object 'Object Repository/Backoffice/Clients/Registration/input_username'

2018-10-12 13:56:43 - [MESSAGE][PASSED] - Text 'russelrainbow' is set on object 'Object Repository/Backoffice/Clients/Registration/input_username'

2018-10-12 13:56:43 - [TEST_STEP][PASSED] - setText: Text '123123' is set on object 'Object Repository/Backoffice/Clients/Registration/input_password'

2018-10-12 13:56:43 - [MESSAGE][PASSED] - Text '123123' is set on object 'Object Repository/Backoffice/Clients/Registration/input_password'

2018-10-12 13:56:43 - [TEST_STEP][PASSED] - setText: Text '123123' is set on object 'Object Repository/Backoffice/Clients/Registration/input_confirmp'

2018-10-12 13:56:44 - [MESSAGE][PASSED] - Text '123123' is set on object 'Object Repository/Backoffice/Clients/Registration/input_confirmp'

2018-10-12 13:56:44 - [TEST_STEP][PASSED] - selectOptionByValue: All options with value 'test' are selected in object 'Object Repository/Backoffice/Clients/Registration/select_operatorcode' 

2018-10-12 13:56:44 - [MESSAGE][PASSED] - All options with value 'test' are selected in object 'Object Repository/Backoffice/Clients/Registration/select_operatorcode' 

2018-10-12 13:56:44 - [TEST_STEP][PASSED] - selectOptionByValue: All options with value '1' are selected in object 'Object Repository/Backoffice/Clients/Registration/select_status' 

2018-10-12 13:56:44 - [MESSAGE][PASSED] - All options with value '1' are selected in object 'Object Repository/Backoffice/Clients/Registration/select_status' 

2018-10-12 13:56:44 - [TEST_STEP][PASSED] - delay: Delayed 2 second(s)

2018-10-12 13:56:46 - [MESSAGE][PASSED] - Delayed 2 second(s)

2018-10-12 13:56:46 - [TEST_STEP][PASSED] - click: Object: 'Object Repository/Backoffice/Clients/Registration/button_Submit' is clicked on

2018-10-12 13:56:47 - [MESSAGE][PASSED] - Object: 'Object Repository/Backoffice/Clients/Registration/button_Submit' is clicked on

2018-10-12 13:56:47 - [TEST_STEP][PASSED] - delay: Delayed 2 second(s)

2018-10-12 13:56:49 - [MESSAGE][PASSED] - Delayed 2 second(s)]]></system-out>
         <system-err><![CDATA[]]></system-err>
      </testcase>
      <testcase name="Test Cases/Backoffice/RegisterAccount" classname="Test Cases/Backoffice/RegisterAccount" status="PASSED">
         <system-out><![CDATA[2018-10-12 13:56:49 - [TEST_CASE][PASSED] - Test Cases/Backoffice/RegisterAccount: Test Cases/Backoffice/RegisterAccount

2018-10-12 13:56:49 - [TEST_STEP][PASSED] - focus: Object: 'Object Repository/Backoffice/Clients/Clients' is focused

2018-10-12 13:56:49 - [MESSAGE][PASSED] - Object: 'Object Repository/Backoffice/Clients/Clients' is focused

2018-10-12 13:56:49 - [TEST_STEP][PASSED] - verifyElementPresent: Object 'Object Repository/Backoffice/Clients/Client Registration' is present

2018-10-12 13:56:49 - [MESSAGE][PASSED] - Object 'Object Repository/Backoffice/Clients/Client Registration' is present

2018-10-12 13:56:49 - [TEST_STEP][PASSED] - click: Object: 'Object Repository/Backoffice/Clients/Client Registration' is clicked on

2018-10-12 13:56:50 - [MESSAGE][PASSED] - Object: 'Object Repository/Backoffice/Clients/Client Registration' is clicked on

2018-10-12 13:56:50 - [TEST_STEP][PASSED] - setText: Text 'reefromach' is set on object 'Object Repository/Backoffice/Clients/Registration/input_username'

2018-10-12 13:56:50 - [MESSAGE][PASSED] - Text 'reefromach' is set on object 'Object Repository/Backoffice/Clients/Registration/input_username'

2018-10-12 13:56:50 - [TEST_STEP][PASSED] - setText: Text '123123' is set on object 'Object Repository/Backoffice/Clients/Registration/input_password'

2018-10-12 13:56:51 - [MESSAGE][PASSED] - Text '123123' is set on object 'Object Repository/Backoffice/Clients/Registration/input_password'

2018-10-12 13:56:51 - [TEST_STEP][PASSED] - setText: Text '123123' is set on object 'Object Repository/Backoffice/Clients/Registration/input_confirmp'

2018-10-12 13:56:51 - [MESSAGE][PASSED] - Text '123123' is set on object 'Object Repository/Backoffice/Clients/Registration/input_confirmp'

2018-10-12 13:56:51 - [TEST_STEP][PASSED] - selectOptionByValue: All options with value 'test' are selected in object 'Object Repository/Backoffice/Clients/Registration/select_operatorcode' 

2018-10-12 13:56:51 - [MESSAGE][PASSED] - All options with value 'test' are selected in object 'Object Repository/Backoffice/Clients/Registration/select_operatorcode' 

2018-10-12 13:56:51 - [TEST_STEP][PASSED] - selectOptionByValue: All options with value '1' are selected in object 'Object Repository/Backoffice/Clients/Registration/select_status' 

2018-10-12 13:56:51 - [MESSAGE][PASSED] - All options with value '1' are selected in object 'Object Repository/Backoffice/Clients/Registration/select_status' 

2018-10-12 13:56:51 - [TEST_STEP][PASSED] - delay: Delayed 2 second(s)

2018-10-12 13:56:53 - [MESSAGE][PASSED] - Delayed 2 second(s)

2018-10-12 13:56:53 - [TEST_STEP][PASSED] - click: Object: 'Object Repository/Backoffice/Clients/Registration/button_Submit' is clicked on

2018-10-12 13:56:54 - [MESSAGE][PASSED] - Object: 'Object Repository/Backoffice/Clients/Registration/button_Submit' is clicked on

2018-10-12 13:56:54 - [TEST_STEP][PASSED] - delay: Delayed 2 second(s)

2018-10-12 13:56:56 - [MESSAGE][PASSED] - Delayed 2 second(s)]]></system-out>
         <system-err><![CDATA[]]></system-err>
      </testcase>
      <testcase name="Test Cases/Backoffice/RegisterAccount" classname="Test Cases/Backoffice/RegisterAccount" status="PASSED">
         <system-out><![CDATA[2018-10-12 13:56:56 - [TEST_CASE][PASSED] - Test Cases/Backoffice/RegisterAccount: Test Cases/Backoffice/RegisterAccount

2018-10-12 13:56:56 - [TEST_STEP][PASSED] - focus: Object: 'Object Repository/Backoffice/Clients/Clients' is focused

2018-10-12 13:56:56 - [MESSAGE][PASSED] - Object: 'Object Repository/Backoffice/Clients/Clients' is focused

2018-10-12 13:56:56 - [TEST_STEP][PASSED] - verifyElementPresent: Object 'Object Repository/Backoffice/Clients/Client Registration' is present

2018-10-12 13:56:56 - [MESSAGE][PASSED] - Object 'Object Repository/Backoffice/Clients/Client Registration' is present

2018-10-12 13:56:56 - [TEST_STEP][PASSED] - click: Object: 'Object Repository/Backoffice/Clients/Client Registration' is clicked on

2018-10-12 13:56:57 - [MESSAGE][PASSED] - Object: 'Object Repository/Backoffice/Clients/Client Registration' is clicked on

2018-10-12 13:56:57 - [TEST_STEP][PASSED] - setText: Text 'rablerebel' is set on object 'Object Repository/Backoffice/Clients/Registration/input_username'

2018-10-12 13:56:57 - [MESSAGE][PASSED] - Text 'rablerebel' is set on object 'Object Repository/Backoffice/Clients/Registration/input_username'

2018-10-12 13:56:57 - [TEST_STEP][PASSED] - setText: Text '123123' is set on object 'Object Repository/Backoffice/Clients/Registration/input_password'

2018-10-12 13:56:57 - [MESSAGE][PASSED] - Text '123123' is set on object 'Object Repository/Backoffice/Clients/Registration/input_password'

2018-10-12 13:56:57 - [TEST_STEP][PASSED] - setText: Text '123123' is set on object 'Object Repository/Backoffice/Clients/Registration/input_confirmp'

2018-10-12 13:56:58 - [MESSAGE][PASSED] - Text '123123' is set on object 'Object Repository/Backoffice/Clients/Registration/input_confirmp'

2018-10-12 13:56:58 - [TEST_STEP][PASSED] - selectOptionByValue: All options with value 'test' are selected in object 'Object Repository/Backoffice/Clients/Registration/select_operatorcode' 

2018-10-12 13:56:58 - [MESSAGE][PASSED] - All options with value 'test' are selected in object 'Object Repository/Backoffice/Clients/Registration/select_operatorcode' 

2018-10-12 13:56:58 - [TEST_STEP][PASSED] - selectOptionByValue: All options with value '1' are selected in object 'Object Repository/Backoffice/Clients/Registration/select_status' 

2018-10-12 13:56:58 - [MESSAGE][PASSED] - All options with value '1' are selected in object 'Object Repository/Backoffice/Clients/Registration/select_status' 

2018-10-12 13:56:58 - [TEST_STEP][PASSED] - delay: Delayed 2 second(s)

2018-10-12 13:57:00 - [MESSAGE][PASSED] - Delayed 2 second(s)

2018-10-12 13:57:00 - [TEST_STEP][PASSED] - click: Object: 'Object Repository/Backoffice/Clients/Registration/button_Submit' is clicked on

2018-10-12 13:57:01 - [MESSAGE][PASSED] - Object: 'Object Repository/Backoffice/Clients/Registration/button_Submit' is clicked on

2018-10-12 13:57:01 - [TEST_STEP][PASSED] - delay: Delayed 2 second(s)

2018-10-12 13:57:03 - [MESSAGE][PASSED] - Delayed 2 second(s)]]></system-out>
         <system-err><![CDATA[]]></system-err>
      </testcase>
      <testcase name="Test Cases/Backoffice/RegisterAccount" classname="Test Cases/Backoffice/RegisterAccount" status="PASSED">
         <system-out><![CDATA[2018-10-12 13:57:03 - [TEST_CASE][PASSED] - Test Cases/Backoffice/RegisterAccount: Test Cases/Backoffice/RegisterAccount

2018-10-12 13:57:03 - [TEST_STEP][PASSED] - focus: Object: 'Object Repository/Backoffice/Clients/Clients' is focused

2018-10-12 13:57:03 - [MESSAGE][PASSED] - Object: 'Object Repository/Backoffice/Clients/Clients' is focused

2018-10-12 13:57:03 - [TEST_STEP][PASSED] - verifyElementPresent: Object 'Object Repository/Backoffice/Clients/Client Registration' is present

2018-10-12 13:57:03 - [MESSAGE][PASSED] - Object 'Object Repository/Backoffice/Clients/Client Registration' is present

2018-10-12 13:57:03 - [TEST_STEP][PASSED] - click: Object: 'Object Repository/Backoffice/Clients/Client Registration' is clicked on

2018-10-12 13:57:04 - [MESSAGE][PASSED] - Object: 'Object Repository/Backoffice/Clients/Client Registration' is clicked on

2018-10-12 13:57:04 - [TEST_STEP][PASSED] - setText: Text 'romanianranked' is set on object 'Object Repository/Backoffice/Clients/Registration/input_username'

2018-10-12 13:57:05 - [MESSAGE][PASSED] - Text 'romanianranked' is set on object 'Object Repository/Backoffice/Clients/Registration/input_username'

2018-10-12 13:57:05 - [TEST_STEP][PASSED] - setText: Text '123123' is set on object 'Object Repository/Backoffice/Clients/Registration/input_password'

2018-10-12 13:57:05 - [MESSAGE][PASSED] - Text '123123' is set on object 'Object Repository/Backoffice/Clients/Registration/input_password'

2018-10-12 13:57:05 - [TEST_STEP][PASSED] - setText: Text '123123' is set on object 'Object Repository/Backoffice/Clients/Registration/input_confirmp'

2018-10-12 13:57:06 - [MESSAGE][PASSED] - Text '123123' is set on object 'Object Repository/Backoffice/Clients/Registration/input_confirmp'

2018-10-12 13:57:06 - [TEST_STEP][PASSED] - selectOptionByValue: All options with value 'test' are selected in object 'Object Repository/Backoffice/Clients/Registration/select_operatorcode' 

2018-10-12 13:57:06 - [MESSAGE][PASSED] - All options with value 'test' are selected in object 'Object Repository/Backoffice/Clients/Registration/select_operatorcode' 

2018-10-12 13:57:06 - [TEST_STEP][PASSED] - selectOptionByValue: All options with value '1' are selected in object 'Object Repository/Backoffice/Clients/Registration/select_status' 

2018-10-12 13:57:06 - [MESSAGE][PASSED] - All options with value '1' are selected in object 'Object Repository/Backoffice/Clients/Registration/select_status' 

2018-10-12 13:57:06 - [TEST_STEP][PASSED] - delay: Delayed 2 second(s)

2018-10-12 13:57:08 - [MESSAGE][PASSED] - Delayed 2 second(s)

2018-10-12 13:57:08 - [TEST_STEP][PASSED] - click: Object: 'Object Repository/Backoffice/Clients/Registration/button_Submit' is clicked on

2018-10-12 13:57:09 - [MESSAGE][PASSED] - Object: 'Object Repository/Backoffice/Clients/Registration/button_Submit' is clicked on

2018-10-12 13:57:09 - [TEST_STEP][PASSED] - delay: Delayed 2 second(s)

2018-10-12 13:57:11 - [MESSAGE][PASSED] - Delayed 2 second(s)]]></system-out>
         <system-err><![CDATA[]]></system-err>
      </testcase>
      <testcase name="Test Cases/Backoffice/RegisterAccount" classname="Test Cases/Backoffice/RegisterAccount" status="PASSED">
         <system-out><![CDATA[2018-10-12 13:57:11 - [TEST_CASE][PASSED] - Test Cases/Backoffice/RegisterAccount: Test Cases/Backoffice/RegisterAccount

2018-10-12 13:57:11 - [TEST_STEP][PASSED] - focus: Object: 'Object Repository/Backoffice/Clients/Clients' is focused

2018-10-12 13:57:11 - [MESSAGE][PASSED] - Object: 'Object Repository/Backoffice/Clients/Clients' is focused

2018-10-12 13:57:11 - [TEST_STEP][PASSED] - verifyElementPresent: Object 'Object Repository/Backoffice/Clients/Client Registration' is present

2018-10-12 13:57:11 - [MESSAGE][PASSED] - Object 'Object Repository/Backoffice/Clients/Client Registration' is present

2018-10-12 13:57:11 - [TEST_STEP][PASSED] - click: Object: 'Object Repository/Backoffice/Clients/Client Registration' is clicked on

2018-10-12 13:57:12 - [MESSAGE][PASSED] - Object: 'Object Repository/Backoffice/Clients/Client Registration' is clicked on

2018-10-12 13:57:12 - [TEST_STEP][PASSED] - setText: Text 'remoterizzly' is set on object 'Object Repository/Backoffice/Clients/Registration/input_username'

2018-10-12 13:57:13 - [MESSAGE][PASSED] - Text 'remoterizzly' is set on object 'Object Repository/Backoffice/Clients/Registration/input_username'

2018-10-12 13:57:13 - [TEST_STEP][PASSED] - setText: Text '123123' is set on object 'Object Repository/Backoffice/Clients/Registration/input_password'

2018-10-12 13:57:13 - [MESSAGE][PASSED] - Text '123123' is set on object 'Object Repository/Backoffice/Clients/Registration/input_password'

2018-10-12 13:57:13 - [TEST_STEP][PASSED] - setText: Text '123123' is set on object 'Object Repository/Backoffice/Clients/Registration/input_confirmp'

2018-10-12 13:57:14 - [MESSAGE][PASSED] - Text '123123' is set on object 'Object Repository/Backoffice/Clients/Registration/input_confirmp'

2018-10-12 13:57:14 - [TEST_STEP][PASSED] - selectOptionByValue: All options with value 'test' are selected in object 'Object Repository/Backoffice/Clients/Registration/select_operatorcode' 

2018-10-12 13:57:14 - [MESSAGE][PASSED] - All options with value 'test' are selected in object 'Object Repository/Backoffice/Clients/Registration/select_operatorcode' 

2018-10-12 13:57:14 - [TEST_STEP][PASSED] - selectOptionByValue: All options with value '1' are selected in object 'Object Repository/Backoffice/Clients/Registration/select_status' 

2018-10-12 13:57:14 - [MESSAGE][PASSED] - All options with value '1' are selected in object 'Object Repository/Backoffice/Clients/Registration/select_status' 

2018-10-12 13:57:14 - [TEST_STEP][PASSED] - delay: Delayed 2 second(s)

2018-10-12 13:57:16 - [MESSAGE][PASSED] - Delayed 2 second(s)

2018-10-12 13:57:16 - [TEST_STEP][PASSED] - click: Object: 'Object Repository/Backoffice/Clients/Registration/button_Submit' is clicked on

2018-10-12 13:57:18 - [MESSAGE][PASSED] - Object: 'Object Repository/Backoffice/Clients/Registration/button_Submit' is clicked on

2018-10-12 13:57:18 - [TEST_STEP][PASSED] - delay: Delayed 2 second(s)

2018-10-12 13:57:20 - [MESSAGE][PASSED] - Delayed 2 second(s)]]></system-out>
         <system-err><![CDATA[]]></system-err>
      </testcase>
      <testcase name="Test Cases/Backoffice/RegisterAccount" classname="Test Cases/Backoffice/RegisterAccount" status="PASSED">
         <system-out><![CDATA[2018-10-12 13:57:20 - [TEST_CASE][PASSED] - Test Cases/Backoffice/RegisterAccount: Test Cases/Backoffice/RegisterAccount

2018-10-12 13:57:20 - [TEST_STEP][PASSED] - focus: Object: 'Object Repository/Backoffice/Clients/Clients' is focused

2018-10-12 13:57:20 - [MESSAGE][PASSED] - Object: 'Object Repository/Backoffice/Clients/Clients' is focused

2018-10-12 13:57:20 - [TEST_STEP][PASSED] - verifyElementPresent: Object 'Object Repository/Backoffice/Clients/Client Registration' is present

2018-10-12 13:57:20 - [MESSAGE][PASSED] - Object 'Object Repository/Backoffice/Clients/Client Registration' is present

2018-10-12 13:57:20 - [TEST_STEP][PASSED] - click: Object: 'Object Repository/Backoffice/Clients/Client Registration' is clicked on

2018-10-12 13:57:21 - [MESSAGE][PASSED] - Object: 'Object Repository/Backoffice/Clients/Client Registration' is clicked on

2018-10-12 13:57:21 - [TEST_STEP][PASSED] - setText: Text 'ritualremove' is set on object 'Object Repository/Backoffice/Clients/Registration/input_username'

2018-10-12 13:57:21 - [MESSAGE][PASSED] - Text 'ritualremove' is set on object 'Object Repository/Backoffice/Clients/Registration/input_username'

2018-10-12 13:57:21 - [TEST_STEP][PASSED] - setText: Text '123123' is set on object 'Object Repository/Backoffice/Clients/Registration/input_password'

2018-10-12 13:57:21 - [MESSAGE][PASSED] - Text '123123' is set on object 'Object Repository/Backoffice/Clients/Registration/input_password'

2018-10-12 13:57:21 - [TEST_STEP][PASSED] - setText: Text '123123' is set on object 'Object Repository/Backoffice/Clients/Registration/input_confirmp'

2018-10-12 13:57:21 - [MESSAGE][PASSED] - Text '123123' is set on object 'Object Repository/Backoffice/Clients/Registration/input_confirmp'

2018-10-12 13:57:21 - [TEST_STEP][PASSED] - selectOptionByValue: All options with value 'test' are selected in object 'Object Repository/Backoffice/Clients/Registration/select_operatorcode' 

2018-10-12 13:57:22 - [MESSAGE][PASSED] - All options with value 'test' are selected in object 'Object Repository/Backoffice/Clients/Registration/select_operatorcode' 

2018-10-12 13:57:22 - [TEST_STEP][PASSED] - selectOptionByValue: All options with value '1' are selected in object 'Object Repository/Backoffice/Clients/Registration/select_status' 

2018-10-12 13:57:22 - [MESSAGE][PASSED] - All options with value '1' are selected in object 'Object Repository/Backoffice/Clients/Registration/select_status' 

2018-10-12 13:57:22 - [TEST_STEP][PASSED] - delay: Delayed 2 second(s)

2018-10-12 13:57:24 - [MESSAGE][PASSED] - Delayed 2 second(s)

2018-10-12 13:57:24 - [TEST_STEP][PASSED] - click: Object: 'Object Repository/Backoffice/Clients/Registration/button_Submit' is clicked on

2018-10-12 13:57:26 - [MESSAGE][PASSED] - Object: 'Object Repository/Backoffice/Clients/Registration/button_Submit' is clicked on

2018-10-12 13:57:26 - [TEST_STEP][PASSED] - delay: Delayed 2 second(s)

2018-10-12 13:57:28 - [MESSAGE][PASSED] - Delayed 2 second(s)]]></system-out>
         <system-err><![CDATA[]]></system-err>
      </testcase>
      <testcase name="Test Cases/Backoffice/RegisterAccount" classname="Test Cases/Backoffice/RegisterAccount" status="PASSED">
         <system-out><![CDATA[2018-10-12 13:57:28 - [TEST_CASE][PASSED] - Test Cases/Backoffice/RegisterAccount: Test Cases/Backoffice/RegisterAccount

2018-10-12 13:57:28 - [TEST_STEP][PASSED] - focus: Object: 'Object Repository/Backoffice/Clients/Clients' is focused

2018-10-12 13:57:28 - [MESSAGE][PASSED] - Object: 'Object Repository/Backoffice/Clients/Clients' is focused

2018-10-12 13:57:28 - [TEST_STEP][PASSED] - verifyElementPresent: Object 'Object Repository/Backoffice/Clients/Client Registration' is present

2018-10-12 13:57:28 - [MESSAGE][PASSED] - Object 'Object Repository/Backoffice/Clients/Client Registration' is present

2018-10-12 13:57:28 - [TEST_STEP][PASSED] - click: Object: 'Object Repository/Backoffice/Clients/Client Registration' is clicked on

2018-10-12 13:57:29 - [MESSAGE][PASSED] - Object: 'Object Repository/Backoffice/Clients/Client Registration' is clicked on

2018-10-12 13:57:29 - [TEST_STEP][PASSED] - setText: Text 'rustlerecovery' is set on object 'Object Repository/Backoffice/Clients/Registration/input_username'

2018-10-12 13:57:30 - [MESSAGE][PASSED] - Text 'rustlerecovery' is set on object 'Object Repository/Backoffice/Clients/Registration/input_username'

2018-10-12 13:57:30 - [TEST_STEP][PASSED] - setText: Text '123123' is set on object 'Object Repository/Backoffice/Clients/Registration/input_password'

2018-10-12 13:57:30 - [MESSAGE][PASSED] - Text '123123' is set on object 'Object Repository/Backoffice/Clients/Registration/input_password'

2018-10-12 13:57:30 - [TEST_STEP][PASSED] - setText: Text '123123' is set on object 'Object Repository/Backoffice/Clients/Registration/input_confirmp'

2018-10-12 13:57:31 - [MESSAGE][PASSED] - Text '123123' is set on object 'Object Repository/Backoffice/Clients/Registration/input_confirmp'

2018-10-12 13:57:31 - [TEST_STEP][PASSED] - selectOptionByValue: All options with value 'test' are selected in object 'Object Repository/Backoffice/Clients/Registration/select_operatorcode' 

2018-10-12 13:57:31 - [MESSAGE][PASSED] - All options with value 'test' are selected in object 'Object Repository/Backoffice/Clients/Registration/select_operatorcode' 

2018-10-12 13:57:31 - [TEST_STEP][PASSED] - selectOptionByValue: All options with value '1' are selected in object 'Object Repository/Backoffice/Clients/Registration/select_status' 

2018-10-12 13:57:31 - [MESSAGE][PASSED] - All options with value '1' are selected in object 'Object Repository/Backoffice/Clients/Registration/select_status' 

2018-10-12 13:57:31 - [TEST_STEP][PASSED] - delay: Delayed 2 second(s)

2018-10-12 13:57:33 - [MESSAGE][PASSED] - Delayed 2 second(s)

2018-10-12 13:57:33 - [TEST_STEP][PASSED] - click: Object: 'Object Repository/Backoffice/Clients/Registration/button_Submit' is clicked on

2018-10-12 13:57:35 - [MESSAGE][PASSED] - Object: 'Object Repository/Backoffice/Clients/Registration/button_Submit' is clicked on

2018-10-12 13:57:35 - [TEST_STEP][PASSED] - delay: Delayed 2 second(s)

2018-10-12 13:57:37 - [MESSAGE][PASSED] - Delayed 2 second(s)]]></system-out>
         <system-err><![CDATA[]]></system-err>
      </testcase>
      <testcase name="Test Cases/Backoffice/RegisterAccount" classname="Test Cases/Backoffice/RegisterAccount" status="PASSED">
         <system-out><![CDATA[2018-10-12 13:57:37 - [TEST_CASE][PASSED] - Test Cases/Backoffice/RegisterAccount: Test Cases/Backoffice/RegisterAccount

2018-10-12 13:57:37 - [TEST_STEP][PASSED] - focus: Object: 'Object Repository/Backoffice/Clients/Clients' is focused

2018-10-12 13:57:37 - [MESSAGE][PASSED] - Object: 'Object Repository/Backoffice/Clients/Clients' is focused

2018-10-12 13:57:37 - [TEST_STEP][PASSED] - verifyElementPresent: Object 'Object Repository/Backoffice/Clients/Client Registration' is present

2018-10-12 13:57:37 - [MESSAGE][PASSED] - Object 'Object Repository/Backoffice/Clients/Client Registration' is present

2018-10-12 13:57:37 - [TEST_STEP][PASSED] - click: Object: 'Object Repository/Backoffice/Clients/Client Registration' is clicked on

2018-10-12 13:57:38 - [MESSAGE][PASSED] - Object: 'Object Repository/Backoffice/Clients/Client Registration' is clicked on

2018-10-12 13:57:38 - [TEST_STEP][PASSED] - setText: Text 'reflectingreflector' is set on object 'Object Repository/Backoffice/Clients/Registration/input_username'

2018-10-12 13:57:38 - [MESSAGE][PASSED] - Text 'reflectingreflector' is set on object 'Object Repository/Backoffice/Clients/Registration/input_username'

2018-10-12 13:57:38 - [TEST_STEP][PASSED] - setText: Text '123123' is set on object 'Object Repository/Backoffice/Clients/Registration/input_password'

2018-10-12 13:57:38 - [MESSAGE][PASSED] - Text '123123' is set on object 'Object Repository/Backoffice/Clients/Registration/input_password'

2018-10-12 13:57:38 - [TEST_STEP][PASSED] - setText: Text '123123' is set on object 'Object Repository/Backoffice/Clients/Registration/input_confirmp'

2018-10-12 13:57:38 - [MESSAGE][PASSED] - Text '123123' is set on object 'Object Repository/Backoffice/Clients/Registration/input_confirmp'

2018-10-12 13:57:38 - [TEST_STEP][PASSED] - selectOptionByValue: All options with value 'test' are selected in object 'Object Repository/Backoffice/Clients/Registration/select_operatorcode' 

2018-10-12 13:57:38 - [MESSAGE][PASSED] - All options with value 'test' are selected in object 'Object Repository/Backoffice/Clients/Registration/select_operatorcode' 

2018-10-12 13:57:38 - [TEST_STEP][PASSED] - selectOptionByValue: All options with value '1' are selected in object 'Object Repository/Backoffice/Clients/Registration/select_status' 

2018-10-12 13:57:39 - [MESSAGE][PASSED] - All options with value '1' are selected in object 'Object Repository/Backoffice/Clients/Registration/select_status' 

2018-10-12 13:57:39 - [TEST_STEP][PASSED] - delay: Delayed 2 second(s)

2018-10-12 13:57:41 - [MESSAGE][PASSED] - Delayed 2 second(s)

2018-10-12 13:57:41 - [TEST_STEP][PASSED] - click: Object: 'Object Repository/Backoffice/Clients/Registration/button_Submit' is clicked on

2018-10-12 13:57:42 - [MESSAGE][PASSED] - Object: 'Object Repository/Backoffice/Clients/Registration/button_Submit' is clicked on

2018-10-12 13:57:42 - [TEST_STEP][PASSED] - delay: Delayed 2 second(s)

2018-10-12 13:57:44 - [MESSAGE][PASSED] - Delayed 2 second(s)]]></system-out>
         <system-err><![CDATA[]]></system-err>
      </testcase>
      <testcase name="Test Cases/Backoffice/RegisterAccount" classname="Test Cases/Backoffice/RegisterAccount" status="PASSED">
         <system-out><![CDATA[2018-10-12 13:57:44 - [TEST_CASE][PASSED] - Test Cases/Backoffice/RegisterAccount: Test Cases/Backoffice/RegisterAccount

2018-10-12 13:57:44 - [TEST_STEP][PASSED] - focus: Object: 'Object Repository/Backoffice/Clients/Clients' is focused

2018-10-12 13:57:44 - [MESSAGE][PASSED] - Object: 'Object Repository/Backoffice/Clients/Clients' is focused

2018-10-12 13:57:44 - [TEST_STEP][PASSED] - verifyElementPresent: Object 'Object Repository/Backoffice/Clients/Client Registration' is present

2018-10-12 13:57:44 - [MESSAGE][PASSED] - Object 'Object Repository/Backoffice/Clients/Client Registration' is present

2018-10-12 13:57:44 - [TEST_STEP][PASSED] - click: Object: 'Object Repository/Backoffice/Clients/Client Registration' is clicked on

2018-10-12 13:57:45 - [MESSAGE][PASSED] - Object: 'Object Repository/Backoffice/Clients/Client Registration' is clicked on

2018-10-12 13:57:45 - [TEST_STEP][PASSED] - setText: Text 'roachrout' is set on object 'Object Repository/Backoffice/Clients/Registration/input_username'

2018-10-12 13:57:45 - [MESSAGE][PASSED] - Text 'roachrout' is set on object 'Object Repository/Backoffice/Clients/Registration/input_username'

2018-10-12 13:57:45 - [TEST_STEP][PASSED] - setText: Text '123123' is set on object 'Object Repository/Backoffice/Clients/Registration/input_password'

2018-10-12 13:57:45 - [MESSAGE][PASSED] - Text '123123' is set on object 'Object Repository/Backoffice/Clients/Registration/input_password'

2018-10-12 13:57:45 - [TEST_STEP][PASSED] - setText: Text '123123' is set on object 'Object Repository/Backoffice/Clients/Registration/input_confirmp'

2018-10-12 13:57:45 - [MESSAGE][PASSED] - Text '123123' is set on object 'Object Repository/Backoffice/Clients/Registration/input_confirmp'

2018-10-12 13:57:45 - [TEST_STEP][PASSED] - selectOptionByValue: All options with value 'test' are selected in object 'Object Repository/Backoffice/Clients/Registration/select_operatorcode' 

2018-10-12 13:57:45 - [MESSAGE][PASSED] - All options with value 'test' are selected in object 'Object Repository/Backoffice/Clients/Registration/select_operatorcode' 

2018-10-12 13:57:45 - [TEST_STEP][PASSED] - selectOptionByValue: All options with value '1' are selected in object 'Object Repository/Backoffice/Clients/Registration/select_status' 

2018-10-12 13:57:45 - [MESSAGE][PASSED] - All options with value '1' are selected in object 'Object Repository/Backoffice/Clients/Registration/select_status' 

2018-10-12 13:57:45 - [TEST_STEP][PASSED] - delay: Delayed 2 second(s)

2018-10-12 13:57:47 - [MESSAGE][PASSED] - Delayed 2 second(s)

2018-10-12 13:57:47 - [TEST_STEP][PASSED] - click: Object: 'Object Repository/Backoffice/Clients/Registration/button_Submit' is clicked on

2018-10-12 13:57:48 - [MESSAGE][PASSED] - Object: 'Object Repository/Backoffice/Clients/Registration/button_Submit' is clicked on

2018-10-12 13:57:48 - [TEST_STEP][PASSED] - delay: Delayed 2 second(s)

2018-10-12 13:57:50 - [MESSAGE][PASSED] - Delayed 2 second(s)]]></system-out>
         <system-err><![CDATA[]]></system-err>
      </testcase>
      <testcase name="Test Cases/Backoffice/RegisterAccount" classname="Test Cases/Backoffice/RegisterAccount" status="PASSED">
         <system-out><![CDATA[2018-10-12 13:57:50 - [TEST_CASE][PASSED] - Test Cases/Backoffice/RegisterAccount: Test Cases/Backoffice/RegisterAccount

2018-10-12 13:57:50 - [TEST_STEP][PASSED] - focus: Object: 'Object Repository/Backoffice/Clients/Clients' is focused

2018-10-12 13:57:50 - [MESSAGE][PASSED] - Object: 'Object Repository/Backoffice/Clients/Clients' is focused

2018-10-12 13:57:50 - [TEST_STEP][PASSED] - verifyElementPresent: Object 'Object Repository/Backoffice/Clients/Client Registration' is present

2018-10-12 13:57:50 - [MESSAGE][PASSED] - Object 'Object Repository/Backoffice/Clients/Client Registration' is present

2018-10-12 13:57:50 - [TEST_STEP][PASSED] - click: Object: 'Object Repository/Backoffice/Clients/Client Registration' is clicked on

2018-10-12 13:57:51 - [MESSAGE][PASSED] - Object: 'Object Repository/Backoffice/Clients/Client Registration' is clicked on

2018-10-12 13:57:51 - [TEST_STEP][PASSED] - setText: Text 'rheologyreclusive' is set on object 'Object Repository/Backoffice/Clients/Registration/input_username'

2018-10-12 13:57:51 - [MESSAGE][PASSED] - Text 'rheologyreclusive' is set on object 'Object Repository/Backoffice/Clients/Registration/input_username'

2018-10-12 13:57:51 - [TEST_STEP][PASSED] - setText: Text '123123' is set on object 'Object Repository/Backoffice/Clients/Registration/input_password'

2018-10-12 13:57:51 - [MESSAGE][PASSED] - Text '123123' is set on object 'Object Repository/Backoffice/Clients/Registration/input_password'

2018-10-12 13:57:51 - [TEST_STEP][PASSED] - setText: Text '123123' is set on object 'Object Repository/Backoffice/Clients/Registration/input_confirmp'

2018-10-12 13:57:51 - [MESSAGE][PASSED] - Text '123123' is set on object 'Object Repository/Backoffice/Clients/Registration/input_confirmp'

2018-10-12 13:57:51 - [TEST_STEP][PASSED] - selectOptionByValue: All options with value 'test' are selected in object 'Object Repository/Backoffice/Clients/Registration/select_operatorcode' 

2018-10-12 13:57:52 - [MESSAGE][PASSED] - All options with value 'test' are selected in object 'Object Repository/Backoffice/Clients/Registration/select_operatorcode' 

2018-10-12 13:57:52 - [TEST_STEP][PASSED] - selectOptionByValue: All options with value '1' are selected in object 'Object Repository/Backoffice/Clients/Registration/select_status' 

2018-10-12 13:57:52 - [MESSAGE][PASSED] - All options with value '1' are selected in object 'Object Repository/Backoffice/Clients/Registration/select_status' 

2018-10-12 13:57:52 - [TEST_STEP][PASSED] - delay: Delayed 2 second(s)

2018-10-12 13:57:54 - [MESSAGE][PASSED] - Delayed 2 second(s)

2018-10-12 13:57:54 - [TEST_STEP][PASSED] - click: Object: 'Object Repository/Backoffice/Clients/Registration/button_Submit' is clicked on

2018-10-12 13:57:55 - [MESSAGE][PASSED] - Object: 'Object Repository/Backoffice/Clients/Registration/button_Submit' is clicked on

2018-10-12 13:57:55 - [TEST_STEP][PASSED] - delay: Delayed 2 second(s)

2018-10-12 13:57:57 - [MESSAGE][PASSED] - Delayed 2 second(s)]]></system-out>
         <system-err><![CDATA[]]></system-err>
      </testcase>
      <testcase name="Test Cases/Backoffice/RegisterAccount" classname="Test Cases/Backoffice/RegisterAccount" status="PASSED">
         <system-out><![CDATA[2018-10-12 13:57:57 - [TEST_CASE][PASSED] - Test Cases/Backoffice/RegisterAccount: Test Cases/Backoffice/RegisterAccount

2018-10-12 13:57:57 - [TEST_STEP][PASSED] - focus: Object: 'Object Repository/Backoffice/Clients/Clients' is focused

2018-10-12 13:57:57 - [MESSAGE][PASSED] - Object: 'Object Repository/Backoffice/Clients/Clients' is focused

2018-10-12 13:57:57 - [TEST_STEP][PASSED] - verifyElementPresent: Object 'Object Repository/Backoffice/Clients/Client Registration' is present

2018-10-12 13:57:57 - [MESSAGE][PASSED] - Object 'Object Repository/Backoffice/Clients/Client Registration' is present

2018-10-12 13:57:57 - [TEST_STEP][PASSED] - click: Object: 'Object Repository/Backoffice/Clients/Client Registration' is clicked on

2018-10-12 13:57:57 - [MESSAGE][PASSED] - Object: 'Object Repository/Backoffice/Clients/Client Registration' is clicked on

2018-10-12 13:57:57 - [TEST_STEP][PASSED] - setText: Text 'recommendrudite' is set on object 'Object Repository/Backoffice/Clients/Registration/input_username'

2018-10-12 13:57:58 - [MESSAGE][PASSED] - Text 'recommendrudite' is set on object 'Object Repository/Backoffice/Clients/Registration/input_username'

2018-10-12 13:57:58 - [TEST_STEP][PASSED] - setText: Text '123123' is set on object 'Object Repository/Backoffice/Clients/Registration/input_password'

2018-10-12 13:57:58 - [MESSAGE][PASSED] - Text '123123' is set on object 'Object Repository/Backoffice/Clients/Registration/input_password'

2018-10-12 13:57:58 - [TEST_STEP][PASSED] - setText: Text '123123' is set on object 'Object Repository/Backoffice/Clients/Registration/input_confirmp'

2018-10-12 13:57:58 - [MESSAGE][PASSED] - Text '123123' is set on object 'Object Repository/Backoffice/Clients/Registration/input_confirmp'

2018-10-12 13:57:58 - [TEST_STEP][PASSED] - selectOptionByValue: All options with value 'test' are selected in object 'Object Repository/Backoffice/Clients/Registration/select_operatorcode' 

2018-10-12 13:57:58 - [MESSAGE][PASSED] - All options with value 'test' are selected in object 'Object Repository/Backoffice/Clients/Registration/select_operatorcode' 

2018-10-12 13:57:58 - [TEST_STEP][PASSED] - selectOptionByValue: All options with value '1' are selected in object 'Object Repository/Backoffice/Clients/Registration/select_status' 

2018-10-12 13:57:58 - [MESSAGE][PASSED] - All options with value '1' are selected in object 'Object Repository/Backoffice/Clients/Registration/select_status' 

2018-10-12 13:57:58 - [TEST_STEP][PASSED] - delay: Delayed 2 second(s)

2018-10-12 13:58:00 - [MESSAGE][PASSED] - Delayed 2 second(s)

2018-10-12 13:58:00 - [TEST_STEP][PASSED] - click: Object: 'Object Repository/Backoffice/Clients/Registration/button_Submit' is clicked on

2018-10-12 13:58:01 - [MESSAGE][PASSED] - Object: 'Object Repository/Backoffice/Clients/Registration/button_Submit' is clicked on

2018-10-12 13:58:01 - [TEST_STEP][PASSED] - delay: Delayed 2 second(s)

2018-10-12 13:58:03 - [MESSAGE][PASSED] - Delayed 2 second(s)]]></system-out>
         <system-err><![CDATA[]]></system-err>
      </testcase>
      <testcase name="Test Cases/Backoffice/RegisterAccount" classname="Test Cases/Backoffice/RegisterAccount" status="PASSED">
         <system-out><![CDATA[2018-10-12 13:58:03 - [TEST_CASE][PASSED] - Test Cases/Backoffice/RegisterAccount: Test Cases/Backoffice/RegisterAccount

2018-10-12 13:58:03 - [TEST_STEP][PASSED] - focus: Object: 'Object Repository/Backoffice/Clients/Clients' is focused

2018-10-12 13:58:04 - [MESSAGE][PASSED] - Object: 'Object Repository/Backoffice/Clients/Clients' is focused

2018-10-12 13:58:04 - [TEST_STEP][PASSED] - verifyElementPresent: Object 'Object Repository/Backoffice/Clients/Client Registration' is present

2018-10-12 13:58:04 - [MESSAGE][PASSED] - Object 'Object Repository/Backoffice/Clients/Client Registration' is present

2018-10-12 13:58:04 - [TEST_STEP][PASSED] - click: Object: 'Object Repository/Backoffice/Clients/Client Registration' is clicked on

2018-10-12 13:58:05 - [MESSAGE][PASSED] - Object: 'Object Repository/Backoffice/Clients/Client Registration' is clicked on

2018-10-12 13:58:05 - [TEST_STEP][PASSED] - setText: Text 'redundantrace' is set on object 'Object Repository/Backoffice/Clients/Registration/input_username'

2018-10-12 13:58:05 - [MESSAGE][PASSED] - Text 'redundantrace' is set on object 'Object Repository/Backoffice/Clients/Registration/input_username'

2018-10-12 13:58:05 - [TEST_STEP][PASSED] - setText: Text '123123' is set on object 'Object Repository/Backoffice/Clients/Registration/input_password'

2018-10-12 13:58:05 - [MESSAGE][PASSED] - Text '123123' is set on object 'Object Repository/Backoffice/Clients/Registration/input_password'

2018-10-12 13:58:05 - [TEST_STEP][PASSED] - setText: Text '123123' is set on object 'Object Repository/Backoffice/Clients/Registration/input_confirmp'

2018-10-12 13:58:06 - [MESSAGE][PASSED] - Text '123123' is set on object 'Object Repository/Backoffice/Clients/Registration/input_confirmp'

2018-10-12 13:58:06 - [TEST_STEP][PASSED] - selectOptionByValue: All options with value 'test' are selected in object 'Object Repository/Backoffice/Clients/Registration/select_operatorcode' 

2018-10-12 13:58:06 - [MESSAGE][PASSED] - All options with value 'test' are selected in object 'Object Repository/Backoffice/Clients/Registration/select_operatorcode' 

2018-10-12 13:58:06 - [TEST_STEP][PASSED] - selectOptionByValue: All options with value '1' are selected in object 'Object Repository/Backoffice/Clients/Registration/select_status' 

2018-10-12 13:58:06 - [MESSAGE][PASSED] - All options with value '1' are selected in object 'Object Repository/Backoffice/Clients/Registration/select_status' 

2018-10-12 13:58:06 - [TEST_STEP][PASSED] - delay: Delayed 2 second(s)

2018-10-12 13:58:08 - [MESSAGE][PASSED] - Delayed 2 second(s)

2018-10-12 13:58:08 - [TEST_STEP][PASSED] - click: Object: 'Object Repository/Backoffice/Clients/Registration/button_Submit' is clicked on

2018-10-12 13:58:09 - [MESSAGE][PASSED] - Object: 'Object Repository/Backoffice/Clients/Registration/button_Submit' is clicked on

2018-10-12 13:58:09 - [TEST_STEP][PASSED] - delay: Delayed 2 second(s)

2018-10-12 13:58:11 - [MESSAGE][PASSED] - Delayed 2 second(s)]]></system-out>
         <system-err><![CDATA[]]></system-err>
      </testcase>
      <testcase name="Test Cases/Backoffice/RegisterAccount" classname="Test Cases/Backoffice/RegisterAccount" status="PASSED">
         <system-out><![CDATA[2018-10-12 13:58:11 - [TEST_CASE][PASSED] - Test Cases/Backoffice/RegisterAccount: Test Cases/Backoffice/RegisterAccount

2018-10-12 13:58:11 - [TEST_STEP][PASSED] - focus: Object: 'Object Repository/Backoffice/Clients/Clients' is focused

2018-10-12 13:58:11 - [MESSAGE][PASSED] - Object: 'Object Repository/Backoffice/Clients/Clients' is focused

2018-10-12 13:58:11 - [TEST_STEP][PASSED] - verifyElementPresent: Object 'Object Repository/Backoffice/Clients/Client Registration' is present

2018-10-12 13:58:11 - [MESSAGE][PASSED] - Object 'Object Repository/Backoffice/Clients/Client Registration' is present

2018-10-12 13:58:11 - [TEST_STEP][PASSED] - click: Object: 'Object Repository/Backoffice/Clients/Client Registration' is clicked on

2018-10-12 13:58:12 - [MESSAGE][PASSED] - Object: 'Object Repository/Backoffice/Clients/Client Registration' is clicked on

2018-10-12 13:58:12 - [TEST_STEP][PASSED] - setText: Text 'ropesratline' is set on object 'Object Repository/Backoffice/Clients/Registration/input_username'

2018-10-12 13:58:12 - [MESSAGE][PASSED] - Text 'ropesratline' is set on object 'Object Repository/Backoffice/Clients/Registration/input_username'

2018-10-12 13:58:12 - [TEST_STEP][PASSED] - setText: Text '123123' is set on object 'Object Repository/Backoffice/Clients/Registration/input_password'

2018-10-12 13:58:12 - [MESSAGE][PASSED] - Text '123123' is set on object 'Object Repository/Backoffice/Clients/Registration/input_password'

2018-10-12 13:58:12 - [TEST_STEP][PASSED] - setText: Text '123123' is set on object 'Object Repository/Backoffice/Clients/Registration/input_confirmp'

2018-10-12 13:58:12 - [MESSAGE][PASSED] - Text '123123' is set on object 'Object Repository/Backoffice/Clients/Registration/input_confirmp'

2018-10-12 13:58:12 - [TEST_STEP][PASSED] - selectOptionByValue: All options with value 'test' are selected in object 'Object Repository/Backoffice/Clients/Registration/select_operatorcode' 

2018-10-12 13:58:13 - [MESSAGE][PASSED] - All options with value 'test' are selected in object 'Object Repository/Backoffice/Clients/Registration/select_operatorcode' 

2018-10-12 13:58:13 - [TEST_STEP][PASSED] - selectOptionByValue: All options with value '1' are selected in object 'Object Repository/Backoffice/Clients/Registration/select_status' 

2018-10-12 13:58:13 - [MESSAGE][PASSED] - All options with value '1' are selected in object 'Object Repository/Backoffice/Clients/Registration/select_status' 

2018-10-12 13:58:13 - [TEST_STEP][PASSED] - delay: Delayed 2 second(s)

2018-10-12 13:58:15 - [MESSAGE][PASSED] - Delayed 2 second(s)

2018-10-12 13:58:15 - [TEST_STEP][PASSED] - click: Object: 'Object Repository/Backoffice/Clients/Registration/button_Submit' is clicked on

2018-10-12 13:58:16 - [MESSAGE][PASSED] - Object: 'Object Repository/Backoffice/Clients/Registration/button_Submit' is clicked on

2018-10-12 13:58:16 - [TEST_STEP][PASSED] - delay: Delayed 2 second(s)

2018-10-12 13:58:18 - [MESSAGE][PASSED] - Delayed 2 second(s)]]></system-out>
         <system-err><![CDATA[]]></system-err>
      </testcase>
      <testcase name="Test Cases/Backoffice/RegisterAccount" classname="Test Cases/Backoffice/RegisterAccount" status="PASSED">
         <system-out><![CDATA[2018-10-12 13:58:18 - [TEST_CASE][PASSED] - Test Cases/Backoffice/RegisterAccount: Test Cases/Backoffice/RegisterAccount

2018-10-12 13:58:18 - [TEST_STEP][PASSED] - focus: Object: 'Object Repository/Backoffice/Clients/Clients' is focused

2018-10-12 13:58:18 - [MESSAGE][PASSED] - Object: 'Object Repository/Backoffice/Clients/Clients' is focused

2018-10-12 13:58:18 - [TEST_STEP][PASSED] - verifyElementPresent: Object 'Object Repository/Backoffice/Clients/Client Registration' is present

2018-10-12 13:58:18 - [MESSAGE][PASSED] - Object 'Object Repository/Backoffice/Clients/Client Registration' is present

2018-10-12 13:58:18 - [TEST_STEP][PASSED] - click: Object: 'Object Repository/Backoffice/Clients/Client Registration' is clicked on

2018-10-12 13:58:19 - [MESSAGE][PASSED] - Object: 'Object Repository/Backoffice/Clients/Client Registration' is clicked on

2018-10-12 13:58:19 - [TEST_STEP][PASSED] - setText: Text 'reallyrecommend' is set on object 'Object Repository/Backoffice/Clients/Registration/input_username'

2018-10-12 13:58:19 - [MESSAGE][PASSED] - Text 'reallyrecommend' is set on object 'Object Repository/Backoffice/Clients/Registration/input_username'

2018-10-12 13:58:19 - [TEST_STEP][PASSED] - setText: Text '123123' is set on object 'Object Repository/Backoffice/Clients/Registration/input_password'

2018-10-12 13:58:19 - [MESSAGE][PASSED] - Text '123123' is set on object 'Object Repository/Backoffice/Clients/Registration/input_password'

2018-10-12 13:58:19 - [TEST_STEP][PASSED] - setText: Text '123123' is set on object 'Object Repository/Backoffice/Clients/Registration/input_confirmp'

2018-10-12 13:58:20 - [MESSAGE][PASSED] - Text '123123' is set on object 'Object Repository/Backoffice/Clients/Registration/input_confirmp'

2018-10-12 13:58:20 - [TEST_STEP][PASSED] - selectOptionByValue: All options with value 'test' are selected in object 'Object Repository/Backoffice/Clients/Registration/select_operatorcode' 

2018-10-12 13:58:20 - [MESSAGE][PASSED] - All options with value 'test' are selected in object 'Object Repository/Backoffice/Clients/Registration/select_operatorcode' 

2018-10-12 13:58:20 - [TEST_STEP][PASSED] - selectOptionByValue: All options with value '1' are selected in object 'Object Repository/Backoffice/Clients/Registration/select_status' 

2018-10-12 13:58:20 - [MESSAGE][PASSED] - All options with value '1' are selected in object 'Object Repository/Backoffice/Clients/Registration/select_status' 

2018-10-12 13:58:20 - [TEST_STEP][PASSED] - delay: Delayed 2 second(s)

2018-10-12 13:58:22 - [MESSAGE][PASSED] - Delayed 2 second(s)

2018-10-12 13:58:22 - [TEST_STEP][PASSED] - click: Object: 'Object Repository/Backoffice/Clients/Registration/button_Submit' is clicked on

2018-10-12 13:58:23 - [MESSAGE][PASSED] - Object: 'Object Repository/Backoffice/Clients/Registration/button_Submit' is clicked on

2018-10-12 13:58:23 - [TEST_STEP][PASSED] - delay: Delayed 2 second(s)

2018-10-12 13:58:25 - [MESSAGE][PASSED] - Delayed 2 second(s)]]></system-out>
         <system-err><![CDATA[]]></system-err>
      </testcase>
      <testcase name="Test Cases/Backoffice/RegisterAccount" classname="Test Cases/Backoffice/RegisterAccount" status="PASSED">
         <system-out><![CDATA[2018-10-12 13:58:25 - [TEST_CASE][PASSED] - Test Cases/Backoffice/RegisterAccount: Test Cases/Backoffice/RegisterAccount

2018-10-12 13:58:25 - [TEST_STEP][PASSED] - focus: Object: 'Object Repository/Backoffice/Clients/Clients' is focused

2018-10-12 13:58:25 - [MESSAGE][PASSED] - Object: 'Object Repository/Backoffice/Clients/Clients' is focused

2018-10-12 13:58:25 - [TEST_STEP][PASSED] - verifyElementPresent: Object 'Object Repository/Backoffice/Clients/Client Registration' is present

2018-10-12 13:58:25 - [MESSAGE][PASSED] - Object 'Object Repository/Backoffice/Clients/Client Registration' is present

2018-10-12 13:58:25 - [TEST_STEP][PASSED] - click: Object: 'Object Repository/Backoffice/Clients/Client Registration' is clicked on

2018-10-12 13:58:26 - [MESSAGE][PASSED] - Object: 'Object Repository/Backoffice/Clients/Client Registration' is clicked on

2018-10-12 13:58:26 - [TEST_STEP][PASSED] - setText: Text 'rearingresidue' is set on object 'Object Repository/Backoffice/Clients/Registration/input_username'

2018-10-12 13:58:26 - [MESSAGE][PASSED] - Text 'rearingresidue' is set on object 'Object Repository/Backoffice/Clients/Registration/input_username'

2018-10-12 13:58:26 - [TEST_STEP][PASSED] - setText: Text '123123' is set on object 'Object Repository/Backoffice/Clients/Registration/input_password'

2018-10-12 13:58:27 - [MESSAGE][PASSED] - Text '123123' is set on object 'Object Repository/Backoffice/Clients/Registration/input_password'

2018-10-12 13:58:27 - [TEST_STEP][PASSED] - setText: Text '123123' is set on object 'Object Repository/Backoffice/Clients/Registration/input_confirmp'

2018-10-12 13:58:27 - [MESSAGE][PASSED] - Text '123123' is set on object 'Object Repository/Backoffice/Clients/Registration/input_confirmp'

2018-10-12 13:58:27 - [TEST_STEP][PASSED] - selectOptionByValue: All options with value 'test' are selected in object 'Object Repository/Backoffice/Clients/Registration/select_operatorcode' 

2018-10-12 13:58:27 - [MESSAGE][PASSED] - All options with value 'test' are selected in object 'Object Repository/Backoffice/Clients/Registration/select_operatorcode' 

2018-10-12 13:58:27 - [TEST_STEP][PASSED] - selectOptionByValue: All options with value '1' are selected in object 'Object Repository/Backoffice/Clients/Registration/select_status' 

2018-10-12 13:58:28 - [MESSAGE][PASSED] - All options with value '1' are selected in object 'Object Repository/Backoffice/Clients/Registration/select_status' 

2018-10-12 13:58:28 - [TEST_STEP][PASSED] - delay: Delayed 2 second(s)

2018-10-12 13:58:30 - [MESSAGE][PASSED] - Delayed 2 second(s)

2018-10-12 13:58:30 - [TEST_STEP][PASSED] - click: Object: 'Object Repository/Backoffice/Clients/Registration/button_Submit' is clicked on

2018-10-12 13:58:31 - [MESSAGE][PASSED] - Object: 'Object Repository/Backoffice/Clients/Registration/button_Submit' is clicked on

2018-10-12 13:58:31 - [TEST_STEP][PASSED] - delay: Delayed 2 second(s)

2018-10-12 13:58:33 - [MESSAGE][PASSED] - Delayed 2 second(s)]]></system-out>
         <system-err><![CDATA[]]></system-err>
      </testcase>
      <testcase name="Test Cases/Backoffice/RegisterAccount" classname="Test Cases/Backoffice/RegisterAccount" status="PASSED">
         <system-out><![CDATA[2018-10-12 13:58:33 - [TEST_CASE][PASSED] - Test Cases/Backoffice/RegisterAccount: Test Cases/Backoffice/RegisterAccount

2018-10-12 13:58:33 - [TEST_STEP][PASSED] - focus: Object: 'Object Repository/Backoffice/Clients/Clients' is focused

2018-10-12 13:58:33 - [MESSAGE][PASSED] - Object: 'Object Repository/Backoffice/Clients/Clients' is focused

2018-10-12 13:58:33 - [TEST_STEP][PASSED] - verifyElementPresent: Object 'Object Repository/Backoffice/Clients/Client Registration' is present

2018-10-12 13:58:33 - [MESSAGE][PASSED] - Object 'Object Repository/Backoffice/Clients/Client Registration' is present

2018-10-12 13:58:33 - [TEST_STEP][PASSED] - click: Object: 'Object Repository/Backoffice/Clients/Client Registration' is clicked on

2018-10-12 13:58:34 - [MESSAGE][PASSED] - Object: 'Object Repository/Backoffice/Clients/Client Registration' is clicked on

2018-10-12 13:58:34 - [TEST_STEP][PASSED] - setText: Text 'railrude' is set on object 'Object Repository/Backoffice/Clients/Registration/input_username'

2018-10-12 13:58:35 - [MESSAGE][PASSED] - Text 'railrude' is set on object 'Object Repository/Backoffice/Clients/Registration/input_username'

2018-10-12 13:58:35 - [TEST_STEP][PASSED] - setText: Text '123123' is set on object 'Object Repository/Backoffice/Clients/Registration/input_password'

2018-10-12 13:58:35 - [MESSAGE][PASSED] - Text '123123' is set on object 'Object Repository/Backoffice/Clients/Registration/input_password'

2018-10-12 13:58:35 - [TEST_STEP][PASSED] - setText: Text '123123' is set on object 'Object Repository/Backoffice/Clients/Registration/input_confirmp'

2018-10-12 13:58:36 - [MESSAGE][PASSED] - Text '123123' is set on object 'Object Repository/Backoffice/Clients/Registration/input_confirmp'

2018-10-12 13:58:36 - [TEST_STEP][PASSED] - selectOptionByValue: All options with value 'test' are selected in object 'Object Repository/Backoffice/Clients/Registration/select_operatorcode' 

2018-10-12 13:58:36 - [MESSAGE][PASSED] - All options with value 'test' are selected in object 'Object Repository/Backoffice/Clients/Registration/select_operatorcode' 

2018-10-12 13:58:36 - [TEST_STEP][PASSED] - selectOptionByValue: All options with value '1' are selected in object 'Object Repository/Backoffice/Clients/Registration/select_status' 

2018-10-12 13:58:37 - [MESSAGE][PASSED] - All options with value '1' are selected in object 'Object Repository/Backoffice/Clients/Registration/select_status' 

2018-10-12 13:58:37 - [TEST_STEP][PASSED] - delay: Delayed 2 second(s)

2018-10-12 13:58:39 - [MESSAGE][PASSED] - Delayed 2 second(s)

2018-10-12 13:58:39 - [TEST_STEP][PASSED] - click: Object: 'Object Repository/Backoffice/Clients/Registration/button_Submit' is clicked on

2018-10-12 13:58:40 - [MESSAGE][PASSED] - Object: 'Object Repository/Backoffice/Clients/Registration/button_Submit' is clicked on

2018-10-12 13:58:40 - [TEST_STEP][PASSED] - delay: Delayed 2 second(s)

2018-10-12 13:58:42 - [MESSAGE][PASSED] - Delayed 2 second(s)]]></system-out>
         <system-err><![CDATA[]]></system-err>
      </testcase>
      <testcase name="Test Cases/Backoffice/RegisterAccount" classname="Test Cases/Backoffice/RegisterAccount" status="PASSED">
         <system-out><![CDATA[2018-10-12 13:58:42 - [TEST_CASE][PASSED] - Test Cases/Backoffice/RegisterAccount: Test Cases/Backoffice/RegisterAccount

2018-10-12 13:58:42 - [TEST_STEP][PASSED] - focus: Object: 'Object Repository/Backoffice/Clients/Clients' is focused

2018-10-12 13:58:42 - [MESSAGE][PASSED] - Object: 'Object Repository/Backoffice/Clients/Clients' is focused

2018-10-12 13:58:42 - [TEST_STEP][PASSED] - verifyElementPresent: Object 'Object Repository/Backoffice/Clients/Client Registration' is present

2018-10-12 13:58:42 - [MESSAGE][PASSED] - Object 'Object Repository/Backoffice/Clients/Client Registration' is present

2018-10-12 13:58:42 - [TEST_STEP][PASSED] - click: Object: 'Object Repository/Backoffice/Clients/Client Registration' is clicked on

2018-10-12 13:58:43 - [MESSAGE][PASSED] - Object: 'Object Repository/Backoffice/Clients/Client Registration' is clicked on

2018-10-12 13:58:43 - [TEST_STEP][PASSED] - setText: Text 'ragingred' is set on object 'Object Repository/Backoffice/Clients/Registration/input_username'

2018-10-12 13:58:43 - [MESSAGE][PASSED] - Text 'ragingred' is set on object 'Object Repository/Backoffice/Clients/Registration/input_username'

2018-10-12 13:58:43 - [TEST_STEP][PASSED] - setText: Text '123123' is set on object 'Object Repository/Backoffice/Clients/Registration/input_password'

2018-10-12 13:58:44 - [MESSAGE][PASSED] - Text '123123' is set on object 'Object Repository/Backoffice/Clients/Registration/input_password'

2018-10-12 13:58:44 - [TEST_STEP][PASSED] - setText: Text '123123' is set on object 'Object Repository/Backoffice/Clients/Registration/input_confirmp'

2018-10-12 13:58:44 - [MESSAGE][PASSED] - Text '123123' is set on object 'Object Repository/Backoffice/Clients/Registration/input_confirmp'

2018-10-12 13:58:44 - [TEST_STEP][PASSED] - selectOptionByValue: All options with value 'test' are selected in object 'Object Repository/Backoffice/Clients/Registration/select_operatorcode' 

2018-10-12 13:58:44 - [MESSAGE][PASSED] - All options with value 'test' are selected in object 'Object Repository/Backoffice/Clients/Registration/select_operatorcode' 

2018-10-12 13:58:44 - [TEST_STEP][PASSED] - selectOptionByValue: All options with value '1' are selected in object 'Object Repository/Backoffice/Clients/Registration/select_status' 

2018-10-12 13:58:45 - [MESSAGE][PASSED] - All options with value '1' are selected in object 'Object Repository/Backoffice/Clients/Registration/select_status' 

2018-10-12 13:58:45 - [TEST_STEP][PASSED] - delay: Delayed 2 second(s)

2018-10-12 13:58:47 - [MESSAGE][PASSED] - Delayed 2 second(s)

2018-10-12 13:58:47 - [TEST_STEP][PASSED] - click: Object: 'Object Repository/Backoffice/Clients/Registration/button_Submit' is clicked on

2018-10-12 13:58:48 - [MESSAGE][PASSED] - Object: 'Object Repository/Backoffice/Clients/Registration/button_Submit' is clicked on

2018-10-12 13:58:48 - [TEST_STEP][PASSED] - delay: Delayed 2 second(s)

2018-10-12 13:58:50 - [MESSAGE][PASSED] - Delayed 2 second(s)]]></system-out>
         <system-err><![CDATA[]]></system-err>
      </testcase>
      <testcase name="Test Cases/Backoffice/RegisterAccount" classname="Test Cases/Backoffice/RegisterAccount" status="PASSED">
         <system-out><![CDATA[2018-10-12 13:58:50 - [TEST_CASE][PASSED] - Test Cases/Backoffice/RegisterAccount: Test Cases/Backoffice/RegisterAccount

2018-10-12 13:58:50 - [TEST_STEP][PASSED] - focus: Object: 'Object Repository/Backoffice/Clients/Clients' is focused

2018-10-12 13:58:50 - [MESSAGE][PASSED] - Object: 'Object Repository/Backoffice/Clients/Clients' is focused

2018-10-12 13:58:50 - [TEST_STEP][PASSED] - verifyElementPresent: Object 'Object Repository/Backoffice/Clients/Client Registration' is present

2018-10-12 13:58:50 - [MESSAGE][PASSED] - Object 'Object Repository/Backoffice/Clients/Client Registration' is present

2018-10-12 13:58:50 - [TEST_STEP][PASSED] - click: Object: 'Object Repository/Backoffice/Clients/Client Registration' is clicked on

2018-10-12 13:58:50 - [MESSAGE][PASSED] - Object: 'Object Repository/Backoffice/Clients/Client Registration' is clicked on

2018-10-12 13:58:50 - [TEST_STEP][PASSED] - setText: Text 'reinringtone' is set on object 'Object Repository/Backoffice/Clients/Registration/input_username'

2018-10-12 13:58:51 - [MESSAGE][PASSED] - Text 'reinringtone' is set on object 'Object Repository/Backoffice/Clients/Registration/input_username'

2018-10-12 13:58:51 - [TEST_STEP][PASSED] - setText: Text '123123' is set on object 'Object Repository/Backoffice/Clients/Registration/input_password'

2018-10-12 13:58:51 - [MESSAGE][PASSED] - Text '123123' is set on object 'Object Repository/Backoffice/Clients/Registration/input_password'

2018-10-12 13:58:51 - [TEST_STEP][PASSED] - setText: Text '123123' is set on object 'Object Repository/Backoffice/Clients/Registration/input_confirmp'

2018-10-12 13:58:51 - [MESSAGE][PASSED] - Text '123123' is set on object 'Object Repository/Backoffice/Clients/Registration/input_confirmp'

2018-10-12 13:58:51 - [TEST_STEP][PASSED] - selectOptionByValue: All options with value 'test' are selected in object 'Object Repository/Backoffice/Clients/Registration/select_operatorcode' 

2018-10-12 13:58:51 - [MESSAGE][PASSED] - All options with value 'test' are selected in object 'Object Repository/Backoffice/Clients/Registration/select_operatorcode' 

2018-10-12 13:58:51 - [TEST_STEP][PASSED] - selectOptionByValue: All options with value '1' are selected in object 'Object Repository/Backoffice/Clients/Registration/select_status' 

2018-10-12 13:58:51 - [MESSAGE][PASSED] - All options with value '1' are selected in object 'Object Repository/Backoffice/Clients/Registration/select_status' 

2018-10-12 13:58:51 - [TEST_STEP][PASSED] - delay: Delayed 2 second(s)

2018-10-12 13:58:53 - [MESSAGE][PASSED] - Delayed 2 second(s)

2018-10-12 13:58:53 - [TEST_STEP][PASSED] - click: Object: 'Object Repository/Backoffice/Clients/Registration/button_Submit' is clicked on

2018-10-12 13:58:54 - [MESSAGE][PASSED] - Object: 'Object Repository/Backoffice/Clients/Registration/button_Submit' is clicked on

2018-10-12 13:58:54 - [TEST_STEP][PASSED] - delay: Delayed 2 second(s)

2018-10-12 13:58:56 - [MESSAGE][PASSED] - Delayed 2 second(s)]]></system-out>
         <system-err><![CDATA[]]></system-err>
      </testcase>
      <testcase name="Test Cases/Backoffice/RegisterAccount" classname="Test Cases/Backoffice/RegisterAccount" status="PASSED">
         <system-out><![CDATA[2018-10-12 13:58:56 - [TEST_CASE][PASSED] - Test Cases/Backoffice/RegisterAccount: Test Cases/Backoffice/RegisterAccount

2018-10-12 13:58:56 - [TEST_STEP][PASSED] - focus: Object: 'Object Repository/Backoffice/Clients/Clients' is focused

2018-10-12 13:58:57 - [MESSAGE][PASSED] - Object: 'Object Repository/Backoffice/Clients/Clients' is focused

2018-10-12 13:58:57 - [TEST_STEP][PASSED] - verifyElementPresent: Object 'Object Repository/Backoffice/Clients/Client Registration' is present

2018-10-12 13:58:57 - [MESSAGE][PASSED] - Object 'Object Repository/Backoffice/Clients/Client Registration' is present

2018-10-12 13:58:57 - [TEST_STEP][PASSED] - click: Object: 'Object Repository/Backoffice/Clients/Client Registration' is clicked on

2018-10-12 13:58:57 - [MESSAGE][PASSED] - Object: 'Object Repository/Backoffice/Clients/Client Registration' is clicked on

2018-10-12 13:58:57 - [TEST_STEP][PASSED] - setText: Text 'receiptingroach' is set on object 'Object Repository/Backoffice/Clients/Registration/input_username'

2018-10-12 13:58:57 - [MESSAGE][PASSED] - Text 'receiptingroach' is set on object 'Object Repository/Backoffice/Clients/Registration/input_username'

2018-10-12 13:58:57 - [TEST_STEP][PASSED] - setText: Text '123123' is set on object 'Object Repository/Backoffice/Clients/Registration/input_password'

2018-10-12 13:58:58 - [MESSAGE][PASSED] - Text '123123' is set on object 'Object Repository/Backoffice/Clients/Registration/input_password'

2018-10-12 13:58:58 - [TEST_STEP][PASSED] - setText: Text '123123' is set on object 'Object Repository/Backoffice/Clients/Registration/input_confirmp'

2018-10-12 13:58:58 - [MESSAGE][PASSED] - Text '123123' is set on object 'Object Repository/Backoffice/Clients/Registration/input_confirmp'

2018-10-12 13:58:58 - [TEST_STEP][PASSED] - selectOptionByValue: All options with value 'test' are selected in object 'Object Repository/Backoffice/Clients/Registration/select_operatorcode' 

2018-10-12 13:58:58 - [MESSAGE][PASSED] - All options with value 'test' are selected in object 'Object Repository/Backoffice/Clients/Registration/select_operatorcode' 

2018-10-12 13:58:58 - [TEST_STEP][PASSED] - selectOptionByValue: All options with value '1' are selected in object 'Object Repository/Backoffice/Clients/Registration/select_status' 

2018-10-12 13:58:58 - [MESSAGE][PASSED] - All options with value '1' are selected in object 'Object Repository/Backoffice/Clients/Registration/select_status' 

2018-10-12 13:58:58 - [TEST_STEP][PASSED] - delay: Delayed 2 second(s)

2018-10-12 13:59:00 - [MESSAGE][PASSED] - Delayed 2 second(s)

2018-10-12 13:59:00 - [TEST_STEP][PASSED] - click: Object: 'Object Repository/Backoffice/Clients/Registration/button_Submit' is clicked on

2018-10-12 13:59:01 - [MESSAGE][PASSED] - Object: 'Object Repository/Backoffice/Clients/Registration/button_Submit' is clicked on

2018-10-12 13:59:01 - [TEST_STEP][PASSED] - delay: Delayed 2 second(s)

2018-10-12 13:59:03 - [MESSAGE][PASSED] - Delayed 2 second(s)]]></system-out>
         <system-err><![CDATA[]]></system-err>
      </testcase>
      <testcase name="Test Cases/Backoffice/RegisterAccount" classname="Test Cases/Backoffice/RegisterAccount" status="PASSED">
         <system-out><![CDATA[2018-10-12 13:59:03 - [TEST_CASE][PASSED] - Test Cases/Backoffice/RegisterAccount: Test Cases/Backoffice/RegisterAccount

2018-10-12 13:59:03 - [TEST_STEP][PASSED] - focus: Object: 'Object Repository/Backoffice/Clients/Clients' is focused

2018-10-12 13:59:03 - [MESSAGE][PASSED] - Object: 'Object Repository/Backoffice/Clients/Clients' is focused

2018-10-12 13:59:03 - [TEST_STEP][PASSED] - verifyElementPresent: Object 'Object Repository/Backoffice/Clients/Client Registration' is present

2018-10-12 13:59:03 - [MESSAGE][PASSED] - Object 'Object Repository/Backoffice/Clients/Client Registration' is present

2018-10-12 13:59:03 - [TEST_STEP][PASSED] - click: Object: 'Object Repository/Backoffice/Clients/Client Registration' is clicked on

2018-10-12 13:59:04 - [MESSAGE][PASSED] - Object: 'Object Repository/Backoffice/Clients/Client Registration' is clicked on

2018-10-12 13:59:04 - [TEST_STEP][PASSED] - setText: Text 'radiaterur' is set on object 'Object Repository/Backoffice/Clients/Registration/input_username'

2018-10-12 13:59:04 - [MESSAGE][PASSED] - Text 'radiaterur' is set on object 'Object Repository/Backoffice/Clients/Registration/input_username'

2018-10-12 13:59:04 - [TEST_STEP][PASSED] - setText: Text '123123' is set on object 'Object Repository/Backoffice/Clients/Registration/input_password'

2018-10-12 13:59:05 - [MESSAGE][PASSED] - Text '123123' is set on object 'Object Repository/Backoffice/Clients/Registration/input_password'

2018-10-12 13:59:05 - [TEST_STEP][PASSED] - setText: Text '123123' is set on object 'Object Repository/Backoffice/Clients/Registration/input_confirmp'

2018-10-12 13:59:05 - [MESSAGE][PASSED] - Text '123123' is set on object 'Object Repository/Backoffice/Clients/Registration/input_confirmp'

2018-10-12 13:59:05 - [TEST_STEP][PASSED] - selectOptionByValue: All options with value 'test' are selected in object 'Object Repository/Backoffice/Clients/Registration/select_operatorcode' 

2018-10-12 13:59:05 - [MESSAGE][PASSED] - All options with value 'test' are selected in object 'Object Repository/Backoffice/Clients/Registration/select_operatorcode' 

2018-10-12 13:59:05 - [TEST_STEP][PASSED] - selectOptionByValue: All options with value '1' are selected in object 'Object Repository/Backoffice/Clients/Registration/select_status' 

2018-10-12 13:59:05 - [MESSAGE][PASSED] - All options with value '1' are selected in object 'Object Repository/Backoffice/Clients/Registration/select_status' 

2018-10-12 13:59:05 - [TEST_STEP][PASSED] - delay: Delayed 2 second(s)

2018-10-12 13:59:07 - [MESSAGE][PASSED] - Delayed 2 second(s)

2018-10-12 13:59:07 - [TEST_STEP][PASSED] - click: Object: 'Object Repository/Backoffice/Clients/Registration/button_Submit' is clicked on

2018-10-12 13:59:08 - [MESSAGE][PASSED] - Object: 'Object Repository/Backoffice/Clients/Registration/button_Submit' is clicked on

2018-10-12 13:59:08 - [TEST_STEP][PASSED] - delay: Delayed 2 second(s)

2018-10-12 13:59:10 - [MESSAGE][PASSED] - Delayed 2 second(s)]]></system-out>
         <system-err><![CDATA[]]></system-err>
      </testcase>
      <testcase name="Test Cases/Backoffice/RegisterAccount" classname="Test Cases/Backoffice/RegisterAccount" status="PASSED">
         <system-out><![CDATA[2018-10-12 13:59:10 - [TEST_CASE][PASSED] - Test Cases/Backoffice/RegisterAccount: Test Cases/Backoffice/RegisterAccount

2018-10-12 13:59:10 - [TEST_STEP][PASSED] - focus: Object: 'Object Repository/Backoffice/Clients/Clients' is focused

2018-10-12 13:59:10 - [MESSAGE][PASSED] - Object: 'Object Repository/Backoffice/Clients/Clients' is focused

2018-10-12 13:59:10 - [TEST_STEP][PASSED] - verifyElementPresent: Object 'Object Repository/Backoffice/Clients/Client Registration' is present

2018-10-12 13:59:10 - [MESSAGE][PASSED] - Object 'Object Repository/Backoffice/Clients/Client Registration' is present

2018-10-12 13:59:10 - [TEST_STEP][PASSED] - click: Object: 'Object Repository/Backoffice/Clients/Client Registration' is clicked on

2018-10-12 13:59:11 - [MESSAGE][PASSED] - Object: 'Object Repository/Backoffice/Clients/Client Registration' is clicked on

2018-10-12 13:59:11 - [TEST_STEP][PASSED] - setText: Text 'ricereporting' is set on object 'Object Repository/Backoffice/Clients/Registration/input_username'

2018-10-12 13:59:11 - [MESSAGE][PASSED] - Text 'ricereporting' is set on object 'Object Repository/Backoffice/Clients/Registration/input_username'

2018-10-12 13:59:11 - [TEST_STEP][PASSED] - setText: Text '123123' is set on object 'Object Repository/Backoffice/Clients/Registration/input_password'

2018-10-12 13:59:11 - [MESSAGE][PASSED] - Text '123123' is set on object 'Object Repository/Backoffice/Clients/Registration/input_password'

2018-10-12 13:59:11 - [TEST_STEP][PASSED] - setText: Text '123123' is set on object 'Object Repository/Backoffice/Clients/Registration/input_confirmp'

2018-10-12 13:59:11 - [MESSAGE][PASSED] - Text '123123' is set on object 'Object Repository/Backoffice/Clients/Registration/input_confirmp'

2018-10-12 13:59:11 - [TEST_STEP][PASSED] - selectOptionByValue: All options with value 'test' are selected in object 'Object Repository/Backoffice/Clients/Registration/select_operatorcode' 

2018-10-12 13:59:12 - [MESSAGE][PASSED] - All options with value 'test' are selected in object 'Object Repository/Backoffice/Clients/Registration/select_operatorcode' 

2018-10-12 13:59:12 - [TEST_STEP][PASSED] - selectOptionByValue: All options with value '1' are selected in object 'Object Repository/Backoffice/Clients/Registration/select_status' 

2018-10-12 13:59:12 - [MESSAGE][PASSED] - All options with value '1' are selected in object 'Object Repository/Backoffice/Clients/Registration/select_status' 

2018-10-12 13:59:12 - [TEST_STEP][PASSED] - delay: Delayed 2 second(s)

2018-10-12 13:59:14 - [MESSAGE][PASSED] - Delayed 2 second(s)

2018-10-12 13:59:14 - [TEST_STEP][PASSED] - click: Object: 'Object Repository/Backoffice/Clients/Registration/button_Submit' is clicked on

2018-10-12 13:59:15 - [MESSAGE][PASSED] - Object: 'Object Repository/Backoffice/Clients/Registration/button_Submit' is clicked on

2018-10-12 13:59:15 - [TEST_STEP][PASSED] - delay: Delayed 2 second(s)

2018-10-12 13:59:17 - [MESSAGE][PASSED] - Delayed 2 second(s)]]></system-out>
         <system-err><![CDATA[]]></system-err>
      </testcase>
      <testcase name="Test Cases/Backoffice/RegisterAccount" classname="Test Cases/Backoffice/RegisterAccount" status="PASSED">
         <system-out><![CDATA[2018-10-12 13:59:17 - [TEST_CASE][PASSED] - Test Cases/Backoffice/RegisterAccount: Test Cases/Backoffice/RegisterAccount

2018-10-12 13:59:17 - [TEST_STEP][PASSED] - focus: Object: 'Object Repository/Backoffice/Clients/Clients' is focused

2018-10-12 13:59:17 - [MESSAGE][PASSED] - Object: 'Object Repository/Backoffice/Clients/Clients' is focused

2018-10-12 13:59:17 - [TEST_STEP][PASSED] - verifyElementPresent: Object 'Object Repository/Backoffice/Clients/Client Registration' is present

2018-10-12 13:59:17 - [MESSAGE][PASSED] - Object 'Object Repository/Backoffice/Clients/Client Registration' is present

2018-10-12 13:59:17 - [TEST_STEP][PASSED] - click: Object: 'Object Repository/Backoffice/Clients/Client Registration' is clicked on

2018-10-12 13:59:18 - [MESSAGE][PASSED] - Object: 'Object Repository/Backoffice/Clients/Client Registration' is clicked on

2018-10-12 13:59:18 - [TEST_STEP][PASSED] - setText: Text 'referruby' is set on object 'Object Repository/Backoffice/Clients/Registration/input_username'

2018-10-12 13:59:18 - [MESSAGE][PASSED] - Text 'referruby' is set on object 'Object Repository/Backoffice/Clients/Registration/input_username'

2018-10-12 13:59:18 - [TEST_STEP][PASSED] - setText: Text '123123' is set on object 'Object Repository/Backoffice/Clients/Registration/input_password'

2018-10-12 13:59:18 - [MESSAGE][PASSED] - Text '123123' is set on object 'Object Repository/Backoffice/Clients/Registration/input_password'

2018-10-12 13:59:18 - [TEST_STEP][PASSED] - setText: Text '123123' is set on object 'Object Repository/Backoffice/Clients/Registration/input_confirmp'

2018-10-12 13:59:19 - [MESSAGE][PASSED] - Text '123123' is set on object 'Object Repository/Backoffice/Clients/Registration/input_confirmp'

2018-10-12 13:59:19 - [TEST_STEP][PASSED] - selectOptionByValue: All options with value 'test' are selected in object 'Object Repository/Backoffice/Clients/Registration/select_operatorcode' 

2018-10-12 13:59:19 - [MESSAGE][PASSED] - All options with value 'test' are selected in object 'Object Repository/Backoffice/Clients/Registration/select_operatorcode' 

2018-10-12 13:59:19 - [TEST_STEP][PASSED] - selectOptionByValue: All options with value '1' are selected in object 'Object Repository/Backoffice/Clients/Registration/select_status' 

2018-10-12 13:59:19 - [MESSAGE][PASSED] - All options with value '1' are selected in object 'Object Repository/Backoffice/Clients/Registration/select_status' 

2018-10-12 13:59:19 - [TEST_STEP][PASSED] - delay: Delayed 2 second(s)

2018-10-12 13:59:21 - [MESSAGE][PASSED] - Delayed 2 second(s)

2018-10-12 13:59:21 - [TEST_STEP][PASSED] - click: Object: 'Object Repository/Backoffice/Clients/Registration/button_Submit' is clicked on

2018-10-12 13:59:22 - [MESSAGE][PASSED] - Object: 'Object Repository/Backoffice/Clients/Registration/button_Submit' is clicked on

2018-10-12 13:59:22 - [TEST_STEP][PASSED] - delay: Delayed 2 second(s)

2018-10-12 13:59:24 - [MESSAGE][PASSED] - Delayed 2 second(s)]]></system-out>
         <system-err><![CDATA[]]></system-err>
      </testcase>
      <testcase name="Test Cases/Backoffice/RegisterAccount" classname="Test Cases/Backoffice/RegisterAccount" status="PASSED">
         <system-out><![CDATA[2018-10-12 13:59:24 - [TEST_CASE][PASSED] - Test Cases/Backoffice/RegisterAccount: Test Cases/Backoffice/RegisterAccount

2018-10-12 13:59:24 - [TEST_STEP][PASSED] - focus: Object: 'Object Repository/Backoffice/Clients/Clients' is focused

2018-10-12 13:59:24 - [MESSAGE][PASSED] - Object: 'Object Repository/Backoffice/Clients/Clients' is focused

2018-10-12 13:59:24 - [TEST_STEP][PASSED] - verifyElementPresent: Object 'Object Repository/Backoffice/Clients/Client Registration' is present

2018-10-12 13:59:24 - [MESSAGE][PASSED] - Object 'Object Repository/Backoffice/Clients/Client Registration' is present

2018-10-12 13:59:24 - [TEST_STEP][PASSED] - click: Object: 'Object Repository/Backoffice/Clients/Client Registration' is clicked on

2018-10-12 13:59:25 - [MESSAGE][PASSED] - Object: 'Object Repository/Backoffice/Clients/Client Registration' is clicked on

2018-10-12 13:59:25 - [TEST_STEP][PASSED] - setText: Text 'revokerorse' is set on object 'Object Repository/Backoffice/Clients/Registration/input_username'

2018-10-12 13:59:25 - [MESSAGE][PASSED] - Text 'revokerorse' is set on object 'Object Repository/Backoffice/Clients/Registration/input_username'

2018-10-12 13:59:25 - [TEST_STEP][PASSED] - setText: Text '123123' is set on object 'Object Repository/Backoffice/Clients/Registration/input_password'

2018-10-12 13:59:25 - [MESSAGE][PASSED] - Text '123123' is set on object 'Object Repository/Backoffice/Clients/Registration/input_password'

2018-10-12 13:59:25 - [TEST_STEP][PASSED] - setText: Text '123123' is set on object 'Object Repository/Backoffice/Clients/Registration/input_confirmp'

2018-10-12 13:59:26 - [MESSAGE][PASSED] - Text '123123' is set on object 'Object Repository/Backoffice/Clients/Registration/input_confirmp'

2018-10-12 13:59:26 - [TEST_STEP][PASSED] - selectOptionByValue: All options with value 'test' are selected in object 'Object Repository/Backoffice/Clients/Registration/select_operatorcode' 

2018-10-12 13:59:26 - [MESSAGE][PASSED] - All options with value 'test' are selected in object 'Object Repository/Backoffice/Clients/Registration/select_operatorcode' 

2018-10-12 13:59:26 - [TEST_STEP][PASSED] - selectOptionByValue: All options with value '1' are selected in object 'Object Repository/Backoffice/Clients/Registration/select_status' 

2018-10-12 13:59:26 - [MESSAGE][PASSED] - All options with value '1' are selected in object 'Object Repository/Backoffice/Clients/Registration/select_status' 

2018-10-12 13:59:26 - [TEST_STEP][PASSED] - delay: Delayed 2 second(s)

2018-10-12 13:59:28 - [MESSAGE][PASSED] - Delayed 2 second(s)

2018-10-12 13:59:28 - [TEST_STEP][PASSED] - click: Object: 'Object Repository/Backoffice/Clients/Registration/button_Submit' is clicked on

2018-10-12 13:59:29 - [MESSAGE][PASSED] - Object: 'Object Repository/Backoffice/Clients/Registration/button_Submit' is clicked on

2018-10-12 13:59:29 - [TEST_STEP][PASSED] - delay: Delayed 2 second(s)

2018-10-12 13:59:31 - [MESSAGE][PASSED] - Delayed 2 second(s)]]></system-out>
         <system-err><![CDATA[]]></system-err>
      </testcase>
      <testcase name="Test Cases/Backoffice/RegisterAccount" classname="Test Cases/Backoffice/RegisterAccount" status="PASSED">
         <system-out><![CDATA[2018-10-12 13:59:31 - [TEST_CASE][PASSED] - Test Cases/Backoffice/RegisterAccount: Test Cases/Backoffice/RegisterAccount

2018-10-12 13:59:31 - [TEST_STEP][PASSED] - focus: Object: 'Object Repository/Backoffice/Clients/Clients' is focused

2018-10-12 13:59:31 - [MESSAGE][PASSED] - Object: 'Object Repository/Backoffice/Clients/Clients' is focused

2018-10-12 13:59:31 - [TEST_STEP][PASSED] - verifyElementPresent: Object 'Object Repository/Backoffice/Clients/Client Registration' is present

2018-10-12 13:59:31 - [MESSAGE][PASSED] - Object 'Object Repository/Backoffice/Clients/Client Registration' is present

2018-10-12 13:59:31 - [TEST_STEP][PASSED] - click: Object: 'Object Repository/Backoffice/Clients/Client Registration' is clicked on

2018-10-12 13:59:32 - [MESSAGE][PASSED] - Object: 'Object Repository/Backoffice/Clients/Client Registration' is clicked on

2018-10-12 13:59:32 - [TEST_STEP][PASSED] - setText: Text 'rawriges' is set on object 'Object Repository/Backoffice/Clients/Registration/input_username'

2018-10-12 13:59:32 - [MESSAGE][PASSED] - Text 'rawriges' is set on object 'Object Repository/Backoffice/Clients/Registration/input_username'

2018-10-12 13:59:32 - [TEST_STEP][PASSED] - setText: Text '123123' is set on object 'Object Repository/Backoffice/Clients/Registration/input_password'

2018-10-12 13:59:32 - [MESSAGE][PASSED] - Text '123123' is set on object 'Object Repository/Backoffice/Clients/Registration/input_password'

2018-10-12 13:59:32 - [TEST_STEP][PASSED] - setText: Text '123123' is set on object 'Object Repository/Backoffice/Clients/Registration/input_confirmp'

2018-10-12 13:59:33 - [MESSAGE][PASSED] - Text '123123' is set on object 'Object Repository/Backoffice/Clients/Registration/input_confirmp'

2018-10-12 13:59:33 - [TEST_STEP][PASSED] - selectOptionByValue: All options with value 'test' are selected in object 'Object Repository/Backoffice/Clients/Registration/select_operatorcode' 

2018-10-12 13:59:33 - [MESSAGE][PASSED] - All options with value 'test' are selected in object 'Object Repository/Backoffice/Clients/Registration/select_operatorcode' 

2018-10-12 13:59:33 - [TEST_STEP][PASSED] - selectOptionByValue: All options with value '1' are selected in object 'Object Repository/Backoffice/Clients/Registration/select_status' 

2018-10-12 13:59:33 - [MESSAGE][PASSED] - All options with value '1' are selected in object 'Object Repository/Backoffice/Clients/Registration/select_status' 

2018-10-12 13:59:33 - [TEST_STEP][PASSED] - delay: Delayed 2 second(s)

2018-10-12 13:59:35 - [MESSAGE][PASSED] - Delayed 2 second(s)

2018-10-12 13:59:35 - [TEST_STEP][PASSED] - click: Object: 'Object Repository/Backoffice/Clients/Registration/button_Submit' is clicked on

2018-10-12 13:59:36 - [MESSAGE][PASSED] - Object: 'Object Repository/Backoffice/Clients/Registration/button_Submit' is clicked on

2018-10-12 13:59:36 - [TEST_STEP][PASSED] - delay: Delayed 2 second(s)

2018-10-12 13:59:38 - [MESSAGE][PASSED] - Delayed 2 second(s)]]></system-out>
         <system-err><![CDATA[]]></system-err>
      </testcase>
      <testcase name="Test Cases/Backoffice/RegisterAccount" classname="Test Cases/Backoffice/RegisterAccount" status="PASSED">
         <system-out><![CDATA[2018-10-12 13:59:38 - [TEST_CASE][PASSED] - Test Cases/Backoffice/RegisterAccount: Test Cases/Backoffice/RegisterAccount

2018-10-12 13:59:38 - [TEST_STEP][PASSED] - focus: Object: 'Object Repository/Backoffice/Clients/Clients' is focused

2018-10-12 13:59:38 - [MESSAGE][PASSED] - Object: 'Object Repository/Backoffice/Clients/Clients' is focused

2018-10-12 13:59:38 - [TEST_STEP][PASSED] - verifyElementPresent: Object 'Object Repository/Backoffice/Clients/Client Registration' is present

2018-10-12 13:59:38 - [MESSAGE][PASSED] - Object 'Object Repository/Backoffice/Clients/Client Registration' is present

2018-10-12 13:59:38 - [TEST_STEP][PASSED] - click: Object: 'Object Repository/Backoffice/Clients/Client Registration' is clicked on

2018-10-12 13:59:38 - [MESSAGE][PASSED] - Object: 'Object Repository/Backoffice/Clients/Client Registration' is clicked on

2018-10-12 13:59:38 - [TEST_STEP][PASSED] - setText: Text 'repeatrirst' is set on object 'Object Repository/Backoffice/Clients/Registration/input_username'

2018-10-12 13:59:39 - [MESSAGE][PASSED] - Text 'repeatrirst' is set on object 'Object Repository/Backoffice/Clients/Registration/input_username'

2018-10-12 13:59:39 - [TEST_STEP][PASSED] - setText: Text '123123' is set on object 'Object Repository/Backoffice/Clients/Registration/input_password'

2018-10-12 13:59:39 - [MESSAGE][PASSED] - Text '123123' is set on object 'Object Repository/Backoffice/Clients/Registration/input_password'

2018-10-12 13:59:39 - [TEST_STEP][PASSED] - setText: Text '123123' is set on object 'Object Repository/Backoffice/Clients/Registration/input_confirmp'

2018-10-12 13:59:39 - [MESSAGE][PASSED] - Text '123123' is set on object 'Object Repository/Backoffice/Clients/Registration/input_confirmp'

2018-10-12 13:59:39 - [TEST_STEP][PASSED] - selectOptionByValue: All options with value 'test' are selected in object 'Object Repository/Backoffice/Clients/Registration/select_operatorcode' 

2018-10-12 13:59:39 - [MESSAGE][PASSED] - All options with value 'test' are selected in object 'Object Repository/Backoffice/Clients/Registration/select_operatorcode' 

2018-10-12 13:59:39 - [TEST_STEP][PASSED] - selectOptionByValue: All options with value '1' are selected in object 'Object Repository/Backoffice/Clients/Registration/select_status' 

2018-10-12 13:59:39 - [MESSAGE][PASSED] - All options with value '1' are selected in object 'Object Repository/Backoffice/Clients/Registration/select_status' 

2018-10-12 13:59:39 - [TEST_STEP][PASSED] - delay: Delayed 2 second(s)

2018-10-12 13:59:41 - [MESSAGE][PASSED] - Delayed 2 second(s)

2018-10-12 13:59:41 - [TEST_STEP][PASSED] - click: Object: 'Object Repository/Backoffice/Clients/Registration/button_Submit' is clicked on

2018-10-12 13:59:42 - [MESSAGE][PASSED] - Object: 'Object Repository/Backoffice/Clients/Registration/button_Submit' is clicked on

2018-10-12 13:59:42 - [TEST_STEP][PASSED] - delay: Delayed 2 second(s)

2018-10-12 13:59:44 - [MESSAGE][PASSED] - Delayed 2 second(s)]]></system-out>
         <system-err><![CDATA[]]></system-err>
      </testcase>
      <testcase name="Test Cases/Backoffice/RegisterAccount" classname="Test Cases/Backoffice/RegisterAccount" status="PASSED">
         <system-out><![CDATA[2018-10-12 13:59:44 - [TEST_CASE][PASSED] - Test Cases/Backoffice/RegisterAccount: Test Cases/Backoffice/RegisterAccount

2018-10-12 13:59:44 - [TEST_STEP][PASSED] - focus: Object: 'Object Repository/Backoffice/Clients/Clients' is focused

2018-10-12 13:59:44 - [MESSAGE][PASSED] - Object: 'Object Repository/Backoffice/Clients/Clients' is focused

2018-10-12 13:59:44 - [TEST_STEP][PASSED] - verifyElementPresent: Object 'Object Repository/Backoffice/Clients/Client Registration' is present

2018-10-12 13:59:44 - [MESSAGE][PASSED] - Object 'Object Repository/Backoffice/Clients/Client Registration' is present

2018-10-12 13:59:44 - [TEST_STEP][PASSED] - click: Object: 'Object Repository/Backoffice/Clients/Client Registration' is clicked on

2018-10-12 13:59:45 - [MESSAGE][PASSED] - Object: 'Object Repository/Backoffice/Clients/Client Registration' is clicked on

2018-10-12 13:59:45 - [TEST_STEP][PASSED] - setText: Text 'roastedroyal' is set on object 'Object Repository/Backoffice/Clients/Registration/input_username'

2018-10-12 13:59:45 - [MESSAGE][PASSED] - Text 'roastedroyal' is set on object 'Object Repository/Backoffice/Clients/Registration/input_username'

2018-10-12 13:59:45 - [TEST_STEP][PASSED] - setText: Text '123123' is set on object 'Object Repository/Backoffice/Clients/Registration/input_password'

2018-10-12 13:59:45 - [MESSAGE][PASSED] - Text '123123' is set on object 'Object Repository/Backoffice/Clients/Registration/input_password'

2018-10-12 13:59:45 - [TEST_STEP][PASSED] - setText: Text '123123' is set on object 'Object Repository/Backoffice/Clients/Registration/input_confirmp'

2018-10-12 13:59:45 - [MESSAGE][PASSED] - Text '123123' is set on object 'Object Repository/Backoffice/Clients/Registration/input_confirmp'

2018-10-12 13:59:45 - [TEST_STEP][PASSED] - selectOptionByValue: All options with value 'test' are selected in object 'Object Repository/Backoffice/Clients/Registration/select_operatorcode' 

2018-10-12 13:59:45 - [MESSAGE][PASSED] - All options with value 'test' are selected in object 'Object Repository/Backoffice/Clients/Registration/select_operatorcode' 

2018-10-12 13:59:45 - [TEST_STEP][PASSED] - selectOptionByValue: All options with value '1' are selected in object 'Object Repository/Backoffice/Clients/Registration/select_status' 

2018-10-12 13:59:46 - [MESSAGE][PASSED] - All options with value '1' are selected in object 'Object Repository/Backoffice/Clients/Registration/select_status' 

2018-10-12 13:59:46 - [TEST_STEP][PASSED] - delay: Delayed 2 second(s)

2018-10-12 13:59:48 - [MESSAGE][PASSED] - Delayed 2 second(s)

2018-10-12 13:59:48 - [TEST_STEP][PASSED] - click: Object: 'Object Repository/Backoffice/Clients/Registration/button_Submit' is clicked on

2018-10-12 13:59:48 - [MESSAGE][PASSED] - Object: 'Object Repository/Backoffice/Clients/Registration/button_Submit' is clicked on

2018-10-12 13:59:48 - [TEST_STEP][PASSED] - delay: Delayed 2 second(s)

2018-10-12 13:59:50 - [MESSAGE][PASSED] - Delayed 2 second(s)]]></system-out>
         <system-err><![CDATA[]]></system-err>
      </testcase>
      <testcase name="Test Cases/Backoffice/RegisterAccount" classname="Test Cases/Backoffice/RegisterAccount" status="PASSED">
         <system-out><![CDATA[2018-10-12 13:59:50 - [TEST_CASE][PASSED] - Test Cases/Backoffice/RegisterAccount: Test Cases/Backoffice/RegisterAccount

2018-10-12 13:59:50 - [TEST_STEP][PASSED] - focus: Object: 'Object Repository/Backoffice/Clients/Clients' is focused

2018-10-12 13:59:51 - [MESSAGE][PASSED] - Object: 'Object Repository/Backoffice/Clients/Clients' is focused

2018-10-12 13:59:51 - [TEST_STEP][PASSED] - verifyElementPresent: Object 'Object Repository/Backoffice/Clients/Client Registration' is present

2018-10-12 13:59:51 - [MESSAGE][PASSED] - Object 'Object Repository/Backoffice/Clients/Client Registration' is present

2018-10-12 13:59:51 - [TEST_STEP][PASSED] - click: Object: 'Object Repository/Backoffice/Clients/Client Registration' is clicked on

2018-10-12 13:59:51 - [MESSAGE][PASSED] - Object: 'Object Repository/Backoffice/Clients/Client Registration' is clicked on

2018-10-12 13:59:51 - [TEST_STEP][PASSED] - setText: Text 'ridingrings' is set on object 'Object Repository/Backoffice/Clients/Registration/input_username'

2018-10-12 13:59:51 - [MESSAGE][PASSED] - Text 'ridingrings' is set on object 'Object Repository/Backoffice/Clients/Registration/input_username'

2018-10-12 13:59:51 - [TEST_STEP][PASSED] - setText: Text '123123' is set on object 'Object Repository/Backoffice/Clients/Registration/input_password'

2018-10-12 13:59:51 - [MESSAGE][PASSED] - Text '123123' is set on object 'Object Repository/Backoffice/Clients/Registration/input_password'

2018-10-12 13:59:51 - [TEST_STEP][PASSED] - setText: Text '123123' is set on object 'Object Repository/Backoffice/Clients/Registration/input_confirmp'

2018-10-12 13:59:51 - [MESSAGE][PASSED] - Text '123123' is set on object 'Object Repository/Backoffice/Clients/Registration/input_confirmp'

2018-10-12 13:59:51 - [TEST_STEP][PASSED] - selectOptionByValue: All options with value 'test' are selected in object 'Object Repository/Backoffice/Clients/Registration/select_operatorcode' 

2018-10-12 13:59:52 - [MESSAGE][PASSED] - All options with value 'test' are selected in object 'Object Repository/Backoffice/Clients/Registration/select_operatorcode' 

2018-10-12 13:59:52 - [TEST_STEP][PASSED] - selectOptionByValue: All options with value '1' are selected in object 'Object Repository/Backoffice/Clients/Registration/select_status' 

2018-10-12 13:59:52 - [MESSAGE][PASSED] - All options with value '1' are selected in object 'Object Repository/Backoffice/Clients/Registration/select_status' 

2018-10-12 13:59:52 - [TEST_STEP][PASSED] - delay: Delayed 2 second(s)

2018-10-12 13:59:54 - [MESSAGE][PASSED] - Delayed 2 second(s)

2018-10-12 13:59:54 - [TEST_STEP][PASSED] - click: Object: 'Object Repository/Backoffice/Clients/Registration/button_Submit' is clicked on

2018-10-12 13:59:55 - [MESSAGE][PASSED] - Object: 'Object Repository/Backoffice/Clients/Registration/button_Submit' is clicked on

2018-10-12 13:59:55 - [TEST_STEP][PASSED] - delay: Delayed 2 second(s)

2018-10-12 13:59:57 - [MESSAGE][PASSED] - Delayed 2 second(s)]]></system-out>
         <system-err><![CDATA[]]></system-err>
      </testcase>
      <testcase name="Test Cases/Backoffice/RegisterAccount" classname="Test Cases/Backoffice/RegisterAccount" status="PASSED">
         <system-out><![CDATA[2018-10-12 13:59:57 - [TEST_CASE][PASSED] - Test Cases/Backoffice/RegisterAccount: Test Cases/Backoffice/RegisterAccount

2018-10-12 13:59:57 - [TEST_STEP][PASSED] - focus: Object: 'Object Repository/Backoffice/Clients/Clients' is focused

2018-10-12 13:59:57 - [MESSAGE][PASSED] - Object: 'Object Repository/Backoffice/Clients/Clients' is focused

2018-10-12 13:59:57 - [TEST_STEP][PASSED] - verifyElementPresent: Object 'Object Repository/Backoffice/Clients/Client Registration' is present

2018-10-12 13:59:57 - [MESSAGE][PASSED] - Object 'Object Repository/Backoffice/Clients/Client Registration' is present

2018-10-12 13:59:57 - [TEST_STEP][PASSED] - click: Object: 'Object Repository/Backoffice/Clients/Client Registration' is clicked on

2018-10-12 13:59:57 - [MESSAGE][PASSED] - Object: 'Object Repository/Backoffice/Clients/Client Registration' is clicked on

2018-10-12 13:59:57 - [TEST_STEP][PASSED] - setText: Text 'relayreliable' is set on object 'Object Repository/Backoffice/Clients/Registration/input_username'

2018-10-12 13:59:57 - [MESSAGE][PASSED] - Text 'relayreliable' is set on object 'Object Repository/Backoffice/Clients/Registration/input_username'

2018-10-12 13:59:57 - [TEST_STEP][PASSED] - setText: Text '123123' is set on object 'Object Repository/Backoffice/Clients/Registration/input_password'

2018-10-12 13:59:58 - [MESSAGE][PASSED] - Text '123123' is set on object 'Object Repository/Backoffice/Clients/Registration/input_password'

2018-10-12 13:59:58 - [TEST_STEP][PASSED] - setText: Text '123123' is set on object 'Object Repository/Backoffice/Clients/Registration/input_confirmp'

2018-10-12 13:59:58 - [MESSAGE][PASSED] - Text '123123' is set on object 'Object Repository/Backoffice/Clients/Registration/input_confirmp'

2018-10-12 13:59:58 - [TEST_STEP][PASSED] - selectOptionByValue: All options with value 'test' are selected in object 'Object Repository/Backoffice/Clients/Registration/select_operatorcode' 

2018-10-12 13:59:58 - [MESSAGE][PASSED] - All options with value 'test' are selected in object 'Object Repository/Backoffice/Clients/Registration/select_operatorcode' 

2018-10-12 13:59:58 - [TEST_STEP][PASSED] - selectOptionByValue: All options with value '1' are selected in object 'Object Repository/Backoffice/Clients/Registration/select_status' 

2018-10-12 13:59:58 - [MESSAGE][PASSED] - All options with value '1' are selected in object 'Object Repository/Backoffice/Clients/Registration/select_status' 

2018-10-12 13:59:58 - [TEST_STEP][PASSED] - delay: Delayed 2 second(s)

2018-10-12 14:00:00 - [MESSAGE][PASSED] - Delayed 2 second(s)

2018-10-12 14:00:00 - [TEST_STEP][PASSED] - click: Object: 'Object Repository/Backoffice/Clients/Registration/button_Submit' is clicked on

2018-10-12 14:00:01 - [MESSAGE][PASSED] - Object: 'Object Repository/Backoffice/Clients/Registration/button_Submit' is clicked on

2018-10-12 14:00:01 - [TEST_STEP][PASSED] - delay: Delayed 2 second(s)

2018-10-12 14:00:03 - [MESSAGE][PASSED] - Delayed 2 second(s)]]></system-out>
         <system-err><![CDATA[]]></system-err>
      </testcase>
      <testcase name="Test Cases/Backoffice/RegisterAccount" classname="Test Cases/Backoffice/RegisterAccount" status="PASSED">
         <system-out><![CDATA[2018-10-12 14:00:03 - [TEST_CASE][PASSED] - Test Cases/Backoffice/RegisterAccount: Test Cases/Backoffice/RegisterAccount

2018-10-12 14:00:03 - [TEST_STEP][PASSED] - focus: Object: 'Object Repository/Backoffice/Clients/Clients' is focused

2018-10-12 14:00:03 - [MESSAGE][PASSED] - Object: 'Object Repository/Backoffice/Clients/Clients' is focused

2018-10-12 14:00:03 - [TEST_STEP][PASSED] - verifyElementPresent: Object 'Object Repository/Backoffice/Clients/Client Registration' is present

2018-10-12 14:00:03 - [MESSAGE][PASSED] - Object 'Object Repository/Backoffice/Clients/Client Registration' is present

2018-10-12 14:00:03 - [TEST_STEP][PASSED] - click: Object: 'Object Repository/Backoffice/Clients/Client Registration' is clicked on

2018-10-12 14:00:04 - [MESSAGE][PASSED] - Object: 'Object Repository/Backoffice/Clients/Client Registration' is clicked on

2018-10-12 14:00:04 - [TEST_STEP][PASSED] - setText: Text 'ristonrealm' is set on object 'Object Repository/Backoffice/Clients/Registration/input_username'

2018-10-12 14:00:04 - [MESSAGE][PASSED] - Text 'ristonrealm' is set on object 'Object Repository/Backoffice/Clients/Registration/input_username'

2018-10-12 14:00:04 - [TEST_STEP][PASSED] - setText: Text '123123' is set on object 'Object Repository/Backoffice/Clients/Registration/input_password'

2018-10-12 14:00:04 - [MESSAGE][PASSED] - Text '123123' is set on object 'Object Repository/Backoffice/Clients/Registration/input_password'

2018-10-12 14:00:04 - [TEST_STEP][PASSED] - setText: Text '123123' is set on object 'Object Repository/Backoffice/Clients/Registration/input_confirmp'

2018-10-12 14:00:05 - [MESSAGE][PASSED] - Text '123123' is set on object 'Object Repository/Backoffice/Clients/Registration/input_confirmp'

2018-10-12 14:00:05 - [TEST_STEP][PASSED] - selectOptionByValue: All options with value 'test' are selected in object 'Object Repository/Backoffice/Clients/Registration/select_operatorcode' 

2018-10-12 14:00:05 - [MESSAGE][PASSED] - All options with value 'test' are selected in object 'Object Repository/Backoffice/Clients/Registration/select_operatorcode' 

2018-10-12 14:00:05 - [TEST_STEP][PASSED] - selectOptionByValue: All options with value '1' are selected in object 'Object Repository/Backoffice/Clients/Registration/select_status' 

2018-10-12 14:00:05 - [MESSAGE][PASSED] - All options with value '1' are selected in object 'Object Repository/Backoffice/Clients/Registration/select_status' 

2018-10-12 14:00:05 - [TEST_STEP][PASSED] - delay: Delayed 2 second(s)

2018-10-12 14:00:07 - [MESSAGE][PASSED] - Delayed 2 second(s)

2018-10-12 14:00:07 - [TEST_STEP][PASSED] - click: Object: 'Object Repository/Backoffice/Clients/Registration/button_Submit' is clicked on

2018-10-12 14:00:08 - [MESSAGE][PASSED] - Object: 'Object Repository/Backoffice/Clients/Registration/button_Submit' is clicked on

2018-10-12 14:00:08 - [TEST_STEP][PASSED] - delay: Delayed 2 second(s)

2018-10-12 14:00:10 - [MESSAGE][PASSED] - Delayed 2 second(s)]]></system-out>
         <system-err><![CDATA[]]></system-err>
      </testcase>
      <testcase name="Test Cases/Backoffice/RegisterAccount" classname="Test Cases/Backoffice/RegisterAccount" status="PASSED">
         <system-out><![CDATA[2018-10-12 14:00:10 - [TEST_CASE][PASSED] - Test Cases/Backoffice/RegisterAccount: Test Cases/Backoffice/RegisterAccount

2018-10-12 14:00:10 - [TEST_STEP][PASSED] - focus: Object: 'Object Repository/Backoffice/Clients/Clients' is focused

2018-10-12 14:00:11 - [MESSAGE][PASSED] - Object: 'Object Repository/Backoffice/Clients/Clients' is focused

2018-10-12 14:00:11 - [TEST_STEP][PASSED] - verifyElementPresent: Object 'Object Repository/Backoffice/Clients/Client Registration' is present

2018-10-12 14:00:11 - [MESSAGE][PASSED] - Object 'Object Repository/Backoffice/Clients/Client Registration' is present

2018-10-12 14:00:11 - [TEST_STEP][PASSED] - click: Object: 'Object Repository/Backoffice/Clients/Client Registration' is clicked on

2018-10-12 14:00:11 - [MESSAGE][PASSED] - Object: 'Object Repository/Backoffice/Clients/Client Registration' is clicked on

2018-10-12 14:00:11 - [TEST_STEP][PASSED] - setText: Text 'ribbonremove' is set on object 'Object Repository/Backoffice/Clients/Registration/input_username'

2018-10-12 14:00:12 - [MESSAGE][PASSED] - Text 'ribbonremove' is set on object 'Object Repository/Backoffice/Clients/Registration/input_username'

2018-10-12 14:00:12 - [TEST_STEP][PASSED] - setText: Text '123123' is set on object 'Object Repository/Backoffice/Clients/Registration/input_password'

2018-10-12 14:00:12 - [MESSAGE][PASSED] - Text '123123' is set on object 'Object Repository/Backoffice/Clients/Registration/input_password'

2018-10-12 14:00:12 - [TEST_STEP][PASSED] - setText: Text '123123' is set on object 'Object Repository/Backoffice/Clients/Registration/input_confirmp'

2018-10-12 14:00:12 - [MESSAGE][PASSED] - Text '123123' is set on object 'Object Repository/Backoffice/Clients/Registration/input_confirmp'

2018-10-12 14:00:12 - [TEST_STEP][PASSED] - selectOptionByValue: All options with value 'test' are selected in object 'Object Repository/Backoffice/Clients/Registration/select_operatorcode' 

2018-10-12 14:00:12 - [MESSAGE][PASSED] - All options with value 'test' are selected in object 'Object Repository/Backoffice/Clients/Registration/select_operatorcode' 

2018-10-12 14:00:12 - [TEST_STEP][PASSED] - selectOptionByValue: All options with value '1' are selected in object 'Object Repository/Backoffice/Clients/Registration/select_status' 

2018-10-12 14:00:12 - [MESSAGE][PASSED] - All options with value '1' are selected in object 'Object Repository/Backoffice/Clients/Registration/select_status' 

2018-10-12 14:00:12 - [TEST_STEP][PASSED] - delay: Delayed 2 second(s)

2018-10-12 14:00:14 - [MESSAGE][PASSED] - Delayed 2 second(s)

2018-10-12 14:00:14 - [TEST_STEP][PASSED] - click: Object: 'Object Repository/Backoffice/Clients/Registration/button_Submit' is clicked on

2018-10-12 14:00:15 - [MESSAGE][PASSED] - Object: 'Object Repository/Backoffice/Clients/Registration/button_Submit' is clicked on

2018-10-12 14:00:15 - [TEST_STEP][PASSED] - delay: Delayed 2 second(s)

2018-10-12 14:00:17 - [MESSAGE][PASSED] - Delayed 2 second(s)]]></system-out>
         <system-err><![CDATA[]]></system-err>
      </testcase>
      <testcase name="Test Cases/Backoffice/RegisterAccount" classname="Test Cases/Backoffice/RegisterAccount" status="PASSED">
         <system-out><![CDATA[2018-10-12 14:00:17 - [TEST_CASE][PASSED] - Test Cases/Backoffice/RegisterAccount: Test Cases/Backoffice/RegisterAccount

2018-10-12 14:00:17 - [TEST_STEP][PASSED] - focus: Object: 'Object Repository/Backoffice/Clients/Clients' is focused

2018-10-12 14:00:17 - [MESSAGE][PASSED] - Object: 'Object Repository/Backoffice/Clients/Clients' is focused

2018-10-12 14:00:17 - [TEST_STEP][PASSED] - verifyElementPresent: Object 'Object Repository/Backoffice/Clients/Client Registration' is present

2018-10-12 14:00:17 - [MESSAGE][PASSED] - Object 'Object Repository/Backoffice/Clients/Client Registration' is present

2018-10-12 14:00:17 - [TEST_STEP][PASSED] - click: Object: 'Object Repository/Backoffice/Clients/Client Registration' is clicked on

2018-10-12 14:00:18 - [MESSAGE][PASSED] - Object: 'Object Repository/Backoffice/Clients/Client Registration' is clicked on

2018-10-12 14:00:18 - [TEST_STEP][PASSED] - setText: Text 'redstartrufous' is set on object 'Object Repository/Backoffice/Clients/Registration/input_username'

2018-10-12 14:00:18 - [MESSAGE][PASSED] - Text 'redstartrufous' is set on object 'Object Repository/Backoffice/Clients/Registration/input_username'

2018-10-12 14:00:18 - [TEST_STEP][PASSED] - setText: Text '123123' is set on object 'Object Repository/Backoffice/Clients/Registration/input_password'

2018-10-12 14:00:18 - [MESSAGE][PASSED] - Text '123123' is set on object 'Object Repository/Backoffice/Clients/Registration/input_password'

2018-10-12 14:00:18 - [TEST_STEP][PASSED] - setText: Text '123123' is set on object 'Object Repository/Backoffice/Clients/Registration/input_confirmp'

2018-10-12 14:00:19 - [MESSAGE][PASSED] - Text '123123' is set on object 'Object Repository/Backoffice/Clients/Registration/input_confirmp'

2018-10-12 14:00:19 - [TEST_STEP][PASSED] - selectOptionByValue: All options with value 'test' are selected in object 'Object Repository/Backoffice/Clients/Registration/select_operatorcode' 

2018-10-12 14:00:19 - [MESSAGE][PASSED] - All options with value 'test' are selected in object 'Object Repository/Backoffice/Clients/Registration/select_operatorcode' 

2018-10-12 14:00:19 - [TEST_STEP][PASSED] - selectOptionByValue: All options with value '1' are selected in object 'Object Repository/Backoffice/Clients/Registration/select_status' 

2018-10-12 14:00:19 - [MESSAGE][PASSED] - All options with value '1' are selected in object 'Object Repository/Backoffice/Clients/Registration/select_status' 

2018-10-12 14:00:19 - [TEST_STEP][PASSED] - delay: Delayed 2 second(s)

2018-10-12 14:00:21 - [MESSAGE][PASSED] - Delayed 2 second(s)

2018-10-12 14:00:21 - [TEST_STEP][PASSED] - click: Object: 'Object Repository/Backoffice/Clients/Registration/button_Submit' is clicked on

2018-10-12 14:00:22 - [MESSAGE][PASSED] - Object: 'Object Repository/Backoffice/Clients/Registration/button_Submit' is clicked on

2018-10-12 14:00:22 - [TEST_STEP][PASSED] - delay: Delayed 2 second(s)

2018-10-12 14:00:24 - [MESSAGE][PASSED] - Delayed 2 second(s)]]></system-out>
         <system-err><![CDATA[]]></system-err>
      </testcase>
      <testcase name="Test Cases/Backoffice/RegisterAccount" classname="Test Cases/Backoffice/RegisterAccount" status="PASSED">
         <system-out><![CDATA[2018-10-12 14:00:24 - [TEST_CASE][PASSED] - Test Cases/Backoffice/RegisterAccount: Test Cases/Backoffice/RegisterAccount

2018-10-12 14:00:24 - [TEST_STEP][PASSED] - focus: Object: 'Object Repository/Backoffice/Clients/Clients' is focused

2018-10-12 14:00:24 - [MESSAGE][PASSED] - Object: 'Object Repository/Backoffice/Clients/Clients' is focused

2018-10-12 14:00:24 - [TEST_STEP][PASSED] - verifyElementPresent: Object 'Object Repository/Backoffice/Clients/Client Registration' is present

2018-10-12 14:00:24 - [MESSAGE][PASSED] - Object 'Object Repository/Backoffice/Clients/Client Registration' is present

2018-10-12 14:00:24 - [TEST_STEP][PASSED] - click: Object: 'Object Repository/Backoffice/Clients/Client Registration' is clicked on

2018-10-12 14:00:25 - [MESSAGE][PASSED] - Object: 'Object Repository/Backoffice/Clients/Client Registration' is clicked on

2018-10-12 14:00:25 - [TEST_STEP][PASSED] - setText: Text 'raffleraw' is set on object 'Object Repository/Backoffice/Clients/Registration/input_username'

2018-10-12 14:00:25 - [MESSAGE][PASSED] - Text 'raffleraw' is set on object 'Object Repository/Backoffice/Clients/Registration/input_username'

2018-10-12 14:00:25 - [TEST_STEP][PASSED] - setText: Text '123123' is set on object 'Object Repository/Backoffice/Clients/Registration/input_password'

2018-10-12 14:00:25 - [MESSAGE][PASSED] - Text '123123' is set on object 'Object Repository/Backoffice/Clients/Registration/input_password'

2018-10-12 14:00:25 - [TEST_STEP][PASSED] - setText: Text '123123' is set on object 'Object Repository/Backoffice/Clients/Registration/input_confirmp'

2018-10-12 14:00:25 - [MESSAGE][PASSED] - Text '123123' is set on object 'Object Repository/Backoffice/Clients/Registration/input_confirmp'

2018-10-12 14:00:25 - [TEST_STEP][PASSED] - selectOptionByValue: All options with value 'test' are selected in object 'Object Repository/Backoffice/Clients/Registration/select_operatorcode' 

2018-10-12 14:00:26 - [MESSAGE][PASSED] - All options with value 'test' are selected in object 'Object Repository/Backoffice/Clients/Registration/select_operatorcode' 

2018-10-12 14:00:26 - [TEST_STEP][PASSED] - selectOptionByValue: All options with value '1' are selected in object 'Object Repository/Backoffice/Clients/Registration/select_status' 

2018-10-12 14:00:26 - [MESSAGE][PASSED] - All options with value '1' are selected in object 'Object Repository/Backoffice/Clients/Registration/select_status' 

2018-10-12 14:00:26 - [TEST_STEP][PASSED] - delay: Delayed 2 second(s)

2018-10-12 14:00:28 - [MESSAGE][PASSED] - Delayed 2 second(s)

2018-10-12 14:00:28 - [TEST_STEP][PASSED] - click: Object: 'Object Repository/Backoffice/Clients/Registration/button_Submit' is clicked on

2018-10-12 14:00:29 - [MESSAGE][PASSED] - Object: 'Object Repository/Backoffice/Clients/Registration/button_Submit' is clicked on

2018-10-12 14:00:29 - [TEST_STEP][PASSED] - delay: Delayed 2 second(s)

2018-10-12 14:00:31 - [MESSAGE][PASSED] - Delayed 2 second(s)]]></system-out>
         <system-err><![CDATA[]]></system-err>
      </testcase>
      <testcase name="Test Cases/Backoffice/RegisterAccount" classname="Test Cases/Backoffice/RegisterAccount" status="PASSED">
         <system-out><![CDATA[2018-10-12 14:00:31 - [TEST_CASE][PASSED] - Test Cases/Backoffice/RegisterAccount: Test Cases/Backoffice/RegisterAccount

2018-10-12 14:00:31 - [TEST_STEP][PASSED] - focus: Object: 'Object Repository/Backoffice/Clients/Clients' is focused

2018-10-12 14:00:31 - [MESSAGE][PASSED] - Object: 'Object Repository/Backoffice/Clients/Clients' is focused

2018-10-12 14:00:31 - [TEST_STEP][PASSED] - verifyElementPresent: Object 'Object Repository/Backoffice/Clients/Client Registration' is present

2018-10-12 14:00:31 - [MESSAGE][PASSED] - Object 'Object Repository/Backoffice/Clients/Client Registration' is present

2018-10-12 14:00:31 - [TEST_STEP][PASSED] - click: Object: 'Object Repository/Backoffice/Clients/Client Registration' is clicked on

2018-10-12 14:00:32 - [MESSAGE][PASSED] - Object: 'Object Repository/Backoffice/Clients/Client Registration' is clicked on

2018-10-12 14:00:32 - [TEST_STEP][PASSED] - setText: Text 'refuseregret' is set on object 'Object Repository/Backoffice/Clients/Registration/input_username'

2018-10-12 14:00:32 - [MESSAGE][PASSED] - Text 'refuseregret' is set on object 'Object Repository/Backoffice/Clients/Registration/input_username'

2018-10-12 14:00:32 - [TEST_STEP][PASSED] - setText: Text '123123' is set on object 'Object Repository/Backoffice/Clients/Registration/input_password'

2018-10-12 14:00:33 - [MESSAGE][PASSED] - Text '123123' is set on object 'Object Repository/Backoffice/Clients/Registration/input_password'

2018-10-12 14:00:33 - [TEST_STEP][PASSED] - setText: Text '123123' is set on object 'Object Repository/Backoffice/Clients/Registration/input_confirmp'

2018-10-12 14:00:33 - [MESSAGE][PASSED] - Text '123123' is set on object 'Object Repository/Backoffice/Clients/Registration/input_confirmp'

2018-10-12 14:00:33 - [TEST_STEP][PASSED] - selectOptionByValue: All options with value 'test' are selected in object 'Object Repository/Backoffice/Clients/Registration/select_operatorcode' 

2018-10-12 14:00:34 - [MESSAGE][PASSED] - All options with value 'test' are selected in object 'Object Repository/Backoffice/Clients/Registration/select_operatorcode' 

2018-10-12 14:00:34 - [TEST_STEP][PASSED] - selectOptionByValue: All options with value '1' are selected in object 'Object Repository/Backoffice/Clients/Registration/select_status' 

2018-10-12 14:00:34 - [MESSAGE][PASSED] - All options with value '1' are selected in object 'Object Repository/Backoffice/Clients/Registration/select_status' 

2018-10-12 14:00:34 - [TEST_STEP][PASSED] - delay: Delayed 2 second(s)

2018-10-12 14:00:36 - [MESSAGE][PASSED] - Delayed 2 second(s)

2018-10-12 14:00:36 - [TEST_STEP][PASSED] - click: Object: 'Object Repository/Backoffice/Clients/Registration/button_Submit' is clicked on

2018-10-12 14:00:37 - [MESSAGE][PASSED] - Object: 'Object Repository/Backoffice/Clients/Registration/button_Submit' is clicked on

2018-10-12 14:00:37 - [TEST_STEP][PASSED] - delay: Delayed 2 second(s)

2018-10-12 14:00:39 - [MESSAGE][PASSED] - Delayed 2 second(s)]]></system-out>
         <system-err><![CDATA[]]></system-err>
      </testcase>
      <testcase name="Test Cases/Backoffice/RegisterAccount" classname="Test Cases/Backoffice/RegisterAccount" status="PASSED">
         <system-out><![CDATA[2018-10-12 14:00:39 - [TEST_CASE][PASSED] - Test Cases/Backoffice/RegisterAccount: Test Cases/Backoffice/RegisterAccount

2018-10-12 14:00:39 - [TEST_STEP][PASSED] - focus: Object: 'Object Repository/Backoffice/Clients/Clients' is focused

2018-10-12 14:00:39 - [MESSAGE][PASSED] - Object: 'Object Repository/Backoffice/Clients/Clients' is focused

2018-10-12 14:00:39 - [TEST_STEP][PASSED] - verifyElementPresent: Object 'Object Repository/Backoffice/Clients/Client Registration' is present

2018-10-12 14:00:39 - [MESSAGE][PASSED] - Object 'Object Repository/Backoffice/Clients/Client Registration' is present

2018-10-12 14:00:39 - [TEST_STEP][PASSED] - click: Object: 'Object Repository/Backoffice/Clients/Client Registration' is clicked on

2018-10-12 14:00:40 - [MESSAGE][PASSED] - Object: 'Object Repository/Backoffice/Clients/Client Registration' is clicked on

2018-10-12 14:00:40 - [TEST_STEP][PASSED] - setText: Text 'rowlockrearend' is set on object 'Object Repository/Backoffice/Clients/Registration/input_username'

2018-10-12 14:00:41 - [MESSAGE][PASSED] - Text 'rowlockrearend' is set on object 'Object Repository/Backoffice/Clients/Registration/input_username'

2018-10-12 14:00:41 - [TEST_STEP][PASSED] - setText: Text '123123' is set on object 'Object Repository/Backoffice/Clients/Registration/input_password'

2018-10-12 14:00:41 - [MESSAGE][PASSED] - Text '123123' is set on object 'Object Repository/Backoffice/Clients/Registration/input_password'

2018-10-12 14:00:41 - [TEST_STEP][PASSED] - setText: Text '123123' is set on object 'Object Repository/Backoffice/Clients/Registration/input_confirmp'

2018-10-12 14:00:41 - [MESSAGE][PASSED] - Text '123123' is set on object 'Object Repository/Backoffice/Clients/Registration/input_confirmp'

2018-10-12 14:00:41 - [TEST_STEP][PASSED] - selectOptionByValue: All options with value 'test' are selected in object 'Object Repository/Backoffice/Clients/Registration/select_operatorcode' 

2018-10-12 14:00:42 - [MESSAGE][PASSED] - All options with value 'test' are selected in object 'Object Repository/Backoffice/Clients/Registration/select_operatorcode' 

2018-10-12 14:00:42 - [TEST_STEP][PASSED] - selectOptionByValue: All options with value '1' are selected in object 'Object Repository/Backoffice/Clients/Registration/select_status' 

2018-10-12 14:00:42 - [MESSAGE][PASSED] - All options with value '1' are selected in object 'Object Repository/Backoffice/Clients/Registration/select_status' 

2018-10-12 14:00:42 - [TEST_STEP][PASSED] - delay: Delayed 2 second(s)

2018-10-12 14:00:44 - [MESSAGE][PASSED] - Delayed 2 second(s)

2018-10-12 14:00:44 - [TEST_STEP][PASSED] - click: Object: 'Object Repository/Backoffice/Clients/Registration/button_Submit' is clicked on

2018-10-12 14:00:45 - [MESSAGE][PASSED] - Object: 'Object Repository/Backoffice/Clients/Registration/button_Submit' is clicked on

2018-10-12 14:00:45 - [TEST_STEP][PASSED] - delay: Delayed 2 second(s)

2018-10-12 14:00:47 - [MESSAGE][PASSED] - Delayed 2 second(s)]]></system-out>
         <system-err><![CDATA[]]></system-err>
      </testcase>
      <testcase name="Test Cases/Backoffice/RegisterAccount" classname="Test Cases/Backoffice/RegisterAccount" status="PASSED">
         <system-out><![CDATA[2018-10-12 14:00:47 - [TEST_CASE][PASSED] - Test Cases/Backoffice/RegisterAccount: Test Cases/Backoffice/RegisterAccount

2018-10-12 14:00:47 - [TEST_STEP][PASSED] - focus: Object: 'Object Repository/Backoffice/Clients/Clients' is focused

2018-10-12 14:00:47 - [MESSAGE][PASSED] - Object: 'Object Repository/Backoffice/Clients/Clients' is focused

2018-10-12 14:00:47 - [TEST_STEP][PASSED] - verifyElementPresent: Object 'Object Repository/Backoffice/Clients/Client Registration' is present

2018-10-12 14:00:47 - [MESSAGE][PASSED] - Object 'Object Repository/Backoffice/Clients/Client Registration' is present

2018-10-12 14:00:47 - [TEST_STEP][PASSED] - click: Object: 'Object Repository/Backoffice/Clients/Client Registration' is clicked on

2018-10-12 14:00:48 - [MESSAGE][PASSED] - Object: 'Object Repository/Backoffice/Clients/Client Registration' is clicked on

2018-10-12 14:00:48 - [TEST_STEP][PASSED] - setText: Text 'repressrashes' is set on object 'Object Repository/Backoffice/Clients/Registration/input_username'

2018-10-12 14:00:48 - [MESSAGE][PASSED] - Text 'repressrashes' is set on object 'Object Repository/Backoffice/Clients/Registration/input_username'

2018-10-12 14:00:48 - [TEST_STEP][PASSED] - setText: Text '123123' is set on object 'Object Repository/Backoffice/Clients/Registration/input_password'

2018-10-12 14:00:48 - [MESSAGE][PASSED] - Text '123123' is set on object 'Object Repository/Backoffice/Clients/Registration/input_password'

2018-10-12 14:00:48 - [TEST_STEP][PASSED] - setText: Text '123123' is set on object 'Object Repository/Backoffice/Clients/Registration/input_confirmp'

2018-10-12 14:00:49 - [MESSAGE][PASSED] - Text '123123' is set on object 'Object Repository/Backoffice/Clients/Registration/input_confirmp'

2018-10-12 14:00:49 - [TEST_STEP][PASSED] - selectOptionByValue: All options with value 'test' are selected in object 'Object Repository/Backoffice/Clients/Registration/select_operatorcode' 

2018-10-12 14:00:49 - [MESSAGE][PASSED] - All options with value 'test' are selected in object 'Object Repository/Backoffice/Clients/Registration/select_operatorcode' 

2018-10-12 14:00:49 - [TEST_STEP][PASSED] - selectOptionByValue: All options with value '1' are selected in object 'Object Repository/Backoffice/Clients/Registration/select_status' 

2018-10-12 14:00:49 - [MESSAGE][PASSED] - All options with value '1' are selected in object 'Object Repository/Backoffice/Clients/Registration/select_status' 

2018-10-12 14:00:49 - [TEST_STEP][PASSED] - delay: Delayed 2 second(s)

2018-10-12 14:00:51 - [MESSAGE][PASSED] - Delayed 2 second(s)

2018-10-12 14:00:51 - [TEST_STEP][PASSED] - click: Object: 'Object Repository/Backoffice/Clients/Registration/button_Submit' is clicked on

2018-10-12 14:00:52 - [MESSAGE][PASSED] - Object: 'Object Repository/Backoffice/Clients/Registration/button_Submit' is clicked on

2018-10-12 14:00:52 - [TEST_STEP][PASSED] - delay: Delayed 2 second(s)

2018-10-12 14:00:54 - [MESSAGE][PASSED] - Delayed 2 second(s)]]></system-out>
         <system-err><![CDATA[]]></system-err>
      </testcase>
      <testcase name="Test Cases/Backoffice/RegisterAccount" classname="Test Cases/Backoffice/RegisterAccount" status="PASSED">
         <system-out><![CDATA[2018-10-12 14:00:54 - [TEST_CASE][PASSED] - Test Cases/Backoffice/RegisterAccount: Test Cases/Backoffice/RegisterAccount

2018-10-12 14:00:54 - [TEST_STEP][PASSED] - focus: Object: 'Object Repository/Backoffice/Clients/Clients' is focused

2018-10-12 14:00:54 - [MESSAGE][PASSED] - Object: 'Object Repository/Backoffice/Clients/Clients' is focused

2018-10-12 14:00:54 - [TEST_STEP][PASSED] - verifyElementPresent: Object 'Object Repository/Backoffice/Clients/Client Registration' is present

2018-10-12 14:00:54 - [MESSAGE][PASSED] - Object 'Object Repository/Backoffice/Clients/Client Registration' is present

2018-10-12 14:00:54 - [TEST_STEP][PASSED] - click: Object: 'Object Repository/Backoffice/Clients/Client Registration' is clicked on

2018-10-12 14:00:55 - [MESSAGE][PASSED] - Object: 'Object Repository/Backoffice/Clients/Client Registration' is clicked on

2018-10-12 14:00:55 - [TEST_STEP][PASSED] - setText: Text 'reportrightful' is set on object 'Object Repository/Backoffice/Clients/Registration/input_username'

2018-10-12 14:00:55 - [MESSAGE][PASSED] - Text 'reportrightful' is set on object 'Object Repository/Backoffice/Clients/Registration/input_username'

2018-10-12 14:00:55 - [TEST_STEP][PASSED] - setText: Text '123123' is set on object 'Object Repository/Backoffice/Clients/Registration/input_password'

2018-10-12 14:00:55 - [MESSAGE][PASSED] - Text '123123' is set on object 'Object Repository/Backoffice/Clients/Registration/input_password'

2018-10-12 14:00:55 - [TEST_STEP][PASSED] - setText: Text '123123' is set on object 'Object Repository/Backoffice/Clients/Registration/input_confirmp'

2018-10-12 14:00:55 - [MESSAGE][PASSED] - Text '123123' is set on object 'Object Repository/Backoffice/Clients/Registration/input_confirmp'

2018-10-12 14:00:55 - [TEST_STEP][PASSED] - selectOptionByValue: All options with value 'test' are selected in object 'Object Repository/Backoffice/Clients/Registration/select_operatorcode' 

2018-10-12 14:00:56 - [MESSAGE][PASSED] - All options with value 'test' are selected in object 'Object Repository/Backoffice/Clients/Registration/select_operatorcode' 

2018-10-12 14:00:56 - [TEST_STEP][PASSED] - selectOptionByValue: All options with value '1' are selected in object 'Object Repository/Backoffice/Clients/Registration/select_status' 

2018-10-12 14:00:56 - [MESSAGE][PASSED] - All options with value '1' are selected in object 'Object Repository/Backoffice/Clients/Registration/select_status' 

2018-10-12 14:00:56 - [TEST_STEP][PASSED] - delay: Delayed 2 second(s)

2018-10-12 14:00:58 - [MESSAGE][PASSED] - Delayed 2 second(s)

2018-10-12 14:00:58 - [TEST_STEP][PASSED] - click: Object: 'Object Repository/Backoffice/Clients/Registration/button_Submit' is clicked on

2018-10-12 14:00:59 - [MESSAGE][PASSED] - Object: 'Object Repository/Backoffice/Clients/Registration/button_Submit' is clicked on

2018-10-12 14:00:59 - [TEST_STEP][PASSED] - delay: Delayed 2 second(s)

2018-10-12 14:01:01 - [MESSAGE][PASSED] - Delayed 2 second(s)]]></system-out>
         <system-err><![CDATA[]]></system-err>
      </testcase>
      <testcase name="Test Cases/Backoffice/RegisterAccount" classname="Test Cases/Backoffice/RegisterAccount" status="PASSED">
         <system-out><![CDATA[2018-10-12 14:01:01 - [TEST_CASE][PASSED] - Test Cases/Backoffice/RegisterAccount: Test Cases/Backoffice/RegisterAccount

2018-10-12 14:01:01 - [TEST_STEP][PASSED] - focus: Object: 'Object Repository/Backoffice/Clients/Clients' is focused

2018-10-12 14:01:01 - [MESSAGE][PASSED] - Object: 'Object Repository/Backoffice/Clients/Clients' is focused

2018-10-12 14:01:01 - [TEST_STEP][PASSED] - verifyElementPresent: Object 'Object Repository/Backoffice/Clients/Client Registration' is present

2018-10-12 14:01:01 - [MESSAGE][PASSED] - Object 'Object Repository/Backoffice/Clients/Client Registration' is present

2018-10-12 14:01:01 - [TEST_STEP][PASSED] - click: Object: 'Object Repository/Backoffice/Clients/Client Registration' is clicked on

2018-10-12 14:01:01 - [MESSAGE][PASSED] - Object: 'Object Repository/Backoffice/Clients/Client Registration' is clicked on

2018-10-12 14:01:01 - [TEST_STEP][PASSED] - setText: Text 'racerroute' is set on object 'Object Repository/Backoffice/Clients/Registration/input_username'

2018-10-12 14:01:02 - [MESSAGE][PASSED] - Text 'racerroute' is set on object 'Object Repository/Backoffice/Clients/Registration/input_username'

2018-10-12 14:01:02 - [TEST_STEP][PASSED] - setText: Text '123123' is set on object 'Object Repository/Backoffice/Clients/Registration/input_password'

2018-10-12 14:01:02 - [MESSAGE][PASSED] - Text '123123' is set on object 'Object Repository/Backoffice/Clients/Registration/input_password'

2018-10-12 14:01:02 - [TEST_STEP][PASSED] - setText: Text '123123' is set on object 'Object Repository/Backoffice/Clients/Registration/input_confirmp'

2018-10-12 14:01:03 - [MESSAGE][PASSED] - Text '123123' is set on object 'Object Repository/Backoffice/Clients/Registration/input_confirmp'

2018-10-12 14:01:03 - [TEST_STEP][PASSED] - selectOptionByValue: All options with value 'test' are selected in object 'Object Repository/Backoffice/Clients/Registration/select_operatorcode' 

2018-10-12 14:01:03 - [MESSAGE][PASSED] - All options with value 'test' are selected in object 'Object Repository/Backoffice/Clients/Registration/select_operatorcode' 

2018-10-12 14:01:03 - [TEST_STEP][PASSED] - selectOptionByValue: All options with value '1' are selected in object 'Object Repository/Backoffice/Clients/Registration/select_status' 

2018-10-12 14:01:03 - [MESSAGE][PASSED] - All options with value '1' are selected in object 'Object Repository/Backoffice/Clients/Registration/select_status' 

2018-10-12 14:01:03 - [TEST_STEP][PASSED] - delay: Delayed 2 second(s)

2018-10-12 14:01:05 - [MESSAGE][PASSED] - Delayed 2 second(s)

2018-10-12 14:01:05 - [TEST_STEP][PASSED] - click: Object: 'Object Repository/Backoffice/Clients/Registration/button_Submit' is clicked on

2018-10-12 14:01:06 - [MESSAGE][PASSED] - Object: 'Object Repository/Backoffice/Clients/Registration/button_Submit' is clicked on

2018-10-12 14:01:06 - [TEST_STEP][PASSED] - delay: Delayed 2 second(s)

2018-10-12 14:01:08 - [MESSAGE][PASSED] - Delayed 2 second(s)]]></system-out>
         <system-err><![CDATA[]]></system-err>
      </testcase>
      <testcase name="Test Cases/Backoffice/RegisterAccount" classname="Test Cases/Backoffice/RegisterAccount" status="PASSED">
         <system-out><![CDATA[2018-10-12 14:01:08 - [TEST_CASE][PASSED] - Test Cases/Backoffice/RegisterAccount: Test Cases/Backoffice/RegisterAccount

2018-10-12 14:01:08 - [TEST_STEP][PASSED] - focus: Object: 'Object Repository/Backoffice/Clients/Clients' is focused

2018-10-12 14:01:09 - [MESSAGE][PASSED] - Object: 'Object Repository/Backoffice/Clients/Clients' is focused

2018-10-12 14:01:09 - [TEST_STEP][PASSED] - verifyElementPresent: Object 'Object Repository/Backoffice/Clients/Client Registration' is present

2018-10-12 14:01:09 - [MESSAGE][PASSED] - Object 'Object Repository/Backoffice/Clients/Client Registration' is present

2018-10-12 14:01:09 - [TEST_STEP][PASSED] - click: Object: 'Object Repository/Backoffice/Clients/Client Registration' is clicked on

2018-10-12 14:01:09 - [MESSAGE][PASSED] - Object: 'Object Repository/Backoffice/Clients/Client Registration' is clicked on

2018-10-12 14:01:09 - [TEST_STEP][PASSED] - setText: Text 'reputationrecycle' is set on object 'Object Repository/Backoffice/Clients/Registration/input_username'

2018-10-12 14:01:09 - [MESSAGE][PASSED] - Text 'reputationrecycle' is set on object 'Object Repository/Backoffice/Clients/Registration/input_username'

2018-10-12 14:01:09 - [TEST_STEP][PASSED] - setText: Text '123123' is set on object 'Object Repository/Backoffice/Clients/Registration/input_password'

2018-10-12 14:01:09 - [MESSAGE][PASSED] - Text '123123' is set on object 'Object Repository/Backoffice/Clients/Registration/input_password'

2018-10-12 14:01:09 - [TEST_STEP][PASSED] - setText: Text '123123' is set on object 'Object Repository/Backoffice/Clients/Registration/input_confirmp'

2018-10-12 14:01:09 - [MESSAGE][PASSED] - Text '123123' is set on object 'Object Repository/Backoffice/Clients/Registration/input_confirmp'

2018-10-12 14:01:09 - [TEST_STEP][PASSED] - selectOptionByValue: All options with value 'test' are selected in object 'Object Repository/Backoffice/Clients/Registration/select_operatorcode' 

2018-10-12 14:01:10 - [MESSAGE][PASSED] - All options with value 'test' are selected in object 'Object Repository/Backoffice/Clients/Registration/select_operatorcode' 

2018-10-12 14:01:10 - [TEST_STEP][PASSED] - selectOptionByValue: All options with value '1' are selected in object 'Object Repository/Backoffice/Clients/Registration/select_status' 

2018-10-12 14:01:10 - [MESSAGE][PASSED] - All options with value '1' are selected in object 'Object Repository/Backoffice/Clients/Registration/select_status' 

2018-10-12 14:01:10 - [TEST_STEP][PASSED] - delay: Delayed 2 second(s)

2018-10-12 14:01:12 - [MESSAGE][PASSED] - Delayed 2 second(s)

2018-10-12 14:01:12 - [TEST_STEP][PASSED] - click: Object: 'Object Repository/Backoffice/Clients/Registration/button_Submit' is clicked on

2018-10-12 14:01:13 - [MESSAGE][PASSED] - Object: 'Object Repository/Backoffice/Clients/Registration/button_Submit' is clicked on

2018-10-12 14:01:13 - [TEST_STEP][PASSED] - delay: Delayed 2 second(s)

2018-10-12 14:01:15 - [MESSAGE][PASSED] - Delayed 2 second(s)]]></system-out>
         <system-err><![CDATA[]]></system-err>
      </testcase>
      <testcase name="Test Cases/Backoffice/RegisterAccount" classname="Test Cases/Backoffice/RegisterAccount" status="PASSED">
         <system-out><![CDATA[2018-10-12 14:01:15 - [TEST_CASE][PASSED] - Test Cases/Backoffice/RegisterAccount: Test Cases/Backoffice/RegisterAccount

2018-10-12 14:01:15 - [TEST_STEP][PASSED] - focus: Object: 'Object Repository/Backoffice/Clients/Clients' is focused

2018-10-12 14:01:15 - [MESSAGE][PASSED] - Object: 'Object Repository/Backoffice/Clients/Clients' is focused

2018-10-12 14:01:15 - [TEST_STEP][PASSED] - verifyElementPresent: Object 'Object Repository/Backoffice/Clients/Client Registration' is present

2018-10-12 14:01:15 - [MESSAGE][PASSED] - Object 'Object Repository/Backoffice/Clients/Client Registration' is present

2018-10-12 14:01:15 - [TEST_STEP][PASSED] - click: Object: 'Object Repository/Backoffice/Clients/Client Registration' is clicked on

2018-10-12 14:01:15 - [MESSAGE][PASSED] - Object: 'Object Repository/Backoffice/Clients/Client Registration' is clicked on

2018-10-12 14:01:15 - [TEST_STEP][PASSED] - setText: Text 'racialrichesse' is set on object 'Object Repository/Backoffice/Clients/Registration/input_username'

2018-10-12 14:01:15 - [MESSAGE][PASSED] - Text 'racialrichesse' is set on object 'Object Repository/Backoffice/Clients/Registration/input_username'

2018-10-12 14:01:15 - [TEST_STEP][PASSED] - setText: Text '123123' is set on object 'Object Repository/Backoffice/Clients/Registration/input_password'

2018-10-12 14:01:16 - [MESSAGE][PASSED] - Text '123123' is set on object 'Object Repository/Backoffice/Clients/Registration/input_password'

2018-10-12 14:01:16 - [TEST_STEP][PASSED] - setText: Text '123123' is set on object 'Object Repository/Backoffice/Clients/Registration/input_confirmp'

2018-10-12 14:01:16 - [MESSAGE][PASSED] - Text '123123' is set on object 'Object Repository/Backoffice/Clients/Registration/input_confirmp'

2018-10-12 14:01:16 - [TEST_STEP][PASSED] - selectOptionByValue: All options with value 'test' are selected in object 'Object Repository/Backoffice/Clients/Registration/select_operatorcode' 

2018-10-12 14:01:16 - [MESSAGE][PASSED] - All options with value 'test' are selected in object 'Object Repository/Backoffice/Clients/Registration/select_operatorcode' 

2018-10-12 14:01:16 - [TEST_STEP][PASSED] - selectOptionByValue: All options with value '1' are selected in object 'Object Repository/Backoffice/Clients/Registration/select_status' 

2018-10-12 14:01:16 - [MESSAGE][PASSED] - All options with value '1' are selected in object 'Object Repository/Backoffice/Clients/Registration/select_status' 

2018-10-12 14:01:16 - [TEST_STEP][PASSED] - delay: Delayed 2 second(s)

2018-10-12 14:01:18 - [MESSAGE][PASSED] - Delayed 2 second(s)

2018-10-12 14:01:18 - [TEST_STEP][PASSED] - click: Object: 'Object Repository/Backoffice/Clients/Registration/button_Submit' is clicked on

2018-10-12 14:01:19 - [MESSAGE][PASSED] - Object: 'Object Repository/Backoffice/Clients/Registration/button_Submit' is clicked on

2018-10-12 14:01:19 - [TEST_STEP][PASSED] - delay: Delayed 2 second(s)

2018-10-12 14:01:21 - [MESSAGE][PASSED] - Delayed 2 second(s)]]></system-out>
         <system-err><![CDATA[]]></system-err>
      </testcase>
      <testcase name="Test Cases/Backoffice/RegisterAccount" classname="Test Cases/Backoffice/RegisterAccount" status="PASSED">
         <system-out><![CDATA[2018-10-12 14:01:21 - [TEST_CASE][PASSED] - Test Cases/Backoffice/RegisterAccount: Test Cases/Backoffice/RegisterAccount

2018-10-12 14:01:21 - [TEST_STEP][PASSED] - focus: Object: 'Object Repository/Backoffice/Clients/Clients' is focused

2018-10-12 14:01:21 - [MESSAGE][PASSED] - Object: 'Object Repository/Backoffice/Clients/Clients' is focused

2018-10-12 14:01:21 - [TEST_STEP][PASSED] - verifyElementPresent: Object 'Object Repository/Backoffice/Clients/Client Registration' is present

2018-10-12 14:01:21 - [MESSAGE][PASSED] - Object 'Object Repository/Backoffice/Clients/Client Registration' is present

2018-10-12 14:01:21 - [TEST_STEP][PASSED] - click: Object: 'Object Repository/Backoffice/Clients/Client Registration' is clicked on

2018-10-12 14:01:21 - [MESSAGE][PASSED] - Object: 'Object Repository/Backoffice/Clients/Client Registration' is clicked on

2018-10-12 14:01:21 - [TEST_STEP][PASSED] - setText: Text 'radianrenren' is set on object 'Object Repository/Backoffice/Clients/Registration/input_username'

2018-10-12 14:01:22 - [MESSAGE][PASSED] - Text 'radianrenren' is set on object 'Object Repository/Backoffice/Clients/Registration/input_username'

2018-10-12 14:01:22 - [TEST_STEP][PASSED] - setText: Text '123123' is set on object 'Object Repository/Backoffice/Clients/Registration/input_password'

2018-10-12 14:01:22 - [MESSAGE][PASSED] - Text '123123' is set on object 'Object Repository/Backoffice/Clients/Registration/input_password'

2018-10-12 14:01:22 - [TEST_STEP][PASSED] - setText: Text '123123' is set on object 'Object Repository/Backoffice/Clients/Registration/input_confirmp'

2018-10-12 14:01:22 - [MESSAGE][PASSED] - Text '123123' is set on object 'Object Repository/Backoffice/Clients/Registration/input_confirmp'

2018-10-12 14:01:22 - [TEST_STEP][PASSED] - selectOptionByValue: All options with value 'test' are selected in object 'Object Repository/Backoffice/Clients/Registration/select_operatorcode' 

2018-10-12 14:01:22 - [MESSAGE][PASSED] - All options with value 'test' are selected in object 'Object Repository/Backoffice/Clients/Registration/select_operatorcode' 

2018-10-12 14:01:22 - [TEST_STEP][PASSED] - selectOptionByValue: All options with value '1' are selected in object 'Object Repository/Backoffice/Clients/Registration/select_status' 

2018-10-12 14:01:22 - [MESSAGE][PASSED] - All options with value '1' are selected in object 'Object Repository/Backoffice/Clients/Registration/select_status' 

2018-10-12 14:01:22 - [TEST_STEP][PASSED] - delay: Delayed 2 second(s)

2018-10-12 14:01:24 - [MESSAGE][PASSED] - Delayed 2 second(s)

2018-10-12 14:01:24 - [TEST_STEP][PASSED] - click: Object: 'Object Repository/Backoffice/Clients/Registration/button_Submit' is clicked on

2018-10-12 14:01:25 - [MESSAGE][PASSED] - Object: 'Object Repository/Backoffice/Clients/Registration/button_Submit' is clicked on

2018-10-12 14:01:25 - [TEST_STEP][PASSED] - delay: Delayed 2 second(s)

2018-10-12 14:01:27 - [MESSAGE][PASSED] - Delayed 2 second(s)]]></system-out>
         <system-err><![CDATA[]]></system-err>
      </testcase>
      <testcase name="Test Cases/Backoffice/RegisterAccount" classname="Test Cases/Backoffice/RegisterAccount" status="PASSED">
         <system-out><![CDATA[2018-10-12 14:01:27 - [TEST_CASE][PASSED] - Test Cases/Backoffice/RegisterAccount: Test Cases/Backoffice/RegisterAccount

2018-10-12 14:01:27 - [TEST_STEP][PASSED] - focus: Object: 'Object Repository/Backoffice/Clients/Clients' is focused

2018-10-12 14:01:27 - [MESSAGE][PASSED] - Object: 'Object Repository/Backoffice/Clients/Clients' is focused

2018-10-12 14:01:27 - [TEST_STEP][PASSED] - verifyElementPresent: Object 'Object Repository/Backoffice/Clients/Client Registration' is present

2018-10-12 14:01:27 - [MESSAGE][PASSED] - Object 'Object Repository/Backoffice/Clients/Client Registration' is present

2018-10-12 14:01:27 - [TEST_STEP][PASSED] - click: Object: 'Object Repository/Backoffice/Clients/Client Registration' is clicked on

2018-10-12 14:01:28 - [MESSAGE][PASSED] - Object: 'Object Repository/Backoffice/Clients/Client Registration' is clicked on

2018-10-12 14:01:28 - [TEST_STEP][PASSED] - setText: Text 'reservedradian' is set on object 'Object Repository/Backoffice/Clients/Registration/input_username'

2018-10-12 14:01:28 - [MESSAGE][PASSED] - Text 'reservedradian' is set on object 'Object Repository/Backoffice/Clients/Registration/input_username'

2018-10-12 14:01:28 - [TEST_STEP][PASSED] - setText: Text '123123' is set on object 'Object Repository/Backoffice/Clients/Registration/input_password'

2018-10-12 14:01:28 - [MESSAGE][PASSED] - Text '123123' is set on object 'Object Repository/Backoffice/Clients/Registration/input_password'

2018-10-12 14:01:28 - [TEST_STEP][PASSED] - setText: Text '123123' is set on object 'Object Repository/Backoffice/Clients/Registration/input_confirmp'

2018-10-12 14:01:29 - [MESSAGE][PASSED] - Text '123123' is set on object 'Object Repository/Backoffice/Clients/Registration/input_confirmp'

2018-10-12 14:01:29 - [TEST_STEP][PASSED] - selectOptionByValue: All options with value 'test' are selected in object 'Object Repository/Backoffice/Clients/Registration/select_operatorcode' 

2018-10-12 14:01:29 - [MESSAGE][PASSED] - All options with value 'test' are selected in object 'Object Repository/Backoffice/Clients/Registration/select_operatorcode' 

2018-10-12 14:01:29 - [TEST_STEP][PASSED] - selectOptionByValue: All options with value '1' are selected in object 'Object Repository/Backoffice/Clients/Registration/select_status' 

2018-10-12 14:01:29 - [MESSAGE][PASSED] - All options with value '1' are selected in object 'Object Repository/Backoffice/Clients/Registration/select_status' 

2018-10-12 14:01:29 - [TEST_STEP][PASSED] - delay: Delayed 2 second(s)

2018-10-12 14:01:31 - [MESSAGE][PASSED] - Delayed 2 second(s)

2018-10-12 14:01:31 - [TEST_STEP][PASSED] - click: Object: 'Object Repository/Backoffice/Clients/Registration/button_Submit' is clicked on

2018-10-12 14:01:32 - [MESSAGE][PASSED] - Object: 'Object Repository/Backoffice/Clients/Registration/button_Submit' is clicked on

2018-10-12 14:01:32 - [TEST_STEP][PASSED] - delay: Delayed 2 second(s)

2018-10-12 14:01:34 - [MESSAGE][PASSED] - Delayed 2 second(s)]]></system-out>
         <system-err><![CDATA[]]></system-err>
      </testcase>
      <testcase name="Test Cases/Backoffice/RegisterAccount" classname="Test Cases/Backoffice/RegisterAccount" status="PASSED">
         <system-out><![CDATA[2018-10-12 14:01:34 - [TEST_CASE][PASSED] - Test Cases/Backoffice/RegisterAccount: Test Cases/Backoffice/RegisterAccount

2018-10-12 14:01:34 - [TEST_STEP][PASSED] - focus: Object: 'Object Repository/Backoffice/Clients/Clients' is focused

2018-10-12 14:01:34 - [MESSAGE][PASSED] - Object: 'Object Repository/Backoffice/Clients/Clients' is focused

2018-10-12 14:01:34 - [TEST_STEP][PASSED] - verifyElementPresent: Object 'Object Repository/Backoffice/Clients/Client Registration' is present

2018-10-12 14:01:34 - [MESSAGE][PASSED] - Object 'Object Repository/Backoffice/Clients/Client Registration' is present

2018-10-12 14:01:34 - [TEST_STEP][PASSED] - click: Object: 'Object Repository/Backoffice/Clients/Client Registration' is clicked on

2018-10-12 14:01:35 - [MESSAGE][PASSED] - Object: 'Object Repository/Backoffice/Clients/Client Registration' is clicked on

2018-10-12 14:01:35 - [TEST_STEP][PASSED] - setText: Text 'radiosrosy' is set on object 'Object Repository/Backoffice/Clients/Registration/input_username'

2018-10-12 14:01:35 - [MESSAGE][PASSED] - Text 'radiosrosy' is set on object 'Object Repository/Backoffice/Clients/Registration/input_username'

2018-10-12 14:01:35 - [TEST_STEP][PASSED] - setText: Text '123123' is set on object 'Object Repository/Backoffice/Clients/Registration/input_password'

2018-10-12 14:01:35 - [MESSAGE][PASSED] - Text '123123' is set on object 'Object Repository/Backoffice/Clients/Registration/input_password'

2018-10-12 14:01:35 - [TEST_STEP][PASSED] - setText: Text '123123' is set on object 'Object Repository/Backoffice/Clients/Registration/input_confirmp'

2018-10-12 14:01:35 - [MESSAGE][PASSED] - Text '123123' is set on object 'Object Repository/Backoffice/Clients/Registration/input_confirmp'

2018-10-12 14:01:35 - [TEST_STEP][PASSED] - selectOptionByValue: All options with value 'test' are selected in object 'Object Repository/Backoffice/Clients/Registration/select_operatorcode' 

2018-10-12 14:01:35 - [MESSAGE][PASSED] - All options with value 'test' are selected in object 'Object Repository/Backoffice/Clients/Registration/select_operatorcode' 

2018-10-12 14:01:35 - [TEST_STEP][PASSED] - selectOptionByValue: All options with value '1' are selected in object 'Object Repository/Backoffice/Clients/Registration/select_status' 

2018-10-12 14:01:35 - [MESSAGE][PASSED] - All options with value '1' are selected in object 'Object Repository/Backoffice/Clients/Registration/select_status' 

2018-10-12 14:01:35 - [TEST_STEP][PASSED] - delay: Delayed 2 second(s)

2018-10-12 14:01:37 - [MESSAGE][PASSED] - Delayed 2 second(s)

2018-10-12 14:01:37 - [TEST_STEP][PASSED] - click: Object: 'Object Repository/Backoffice/Clients/Registration/button_Submit' is clicked on

2018-10-12 14:01:39 - [MESSAGE][PASSED] - Object: 'Object Repository/Backoffice/Clients/Registration/button_Submit' is clicked on

2018-10-12 14:01:39 - [TEST_STEP][PASSED] - delay: Delayed 2 second(s)

2018-10-12 14:01:41 - [MESSAGE][PASSED] - Delayed 2 second(s)]]></system-out>
         <system-err><![CDATA[]]></system-err>
      </testcase>
      <testcase name="Test Cases/Backoffice/RegisterAccount" classname="Test Cases/Backoffice/RegisterAccount" status="PASSED">
         <system-out><![CDATA[2018-10-12 14:01:41 - [TEST_CASE][PASSED] - Test Cases/Backoffice/RegisterAccount: Test Cases/Backoffice/RegisterAccount

2018-10-12 14:01:41 - [TEST_STEP][PASSED] - focus: Object: 'Object Repository/Backoffice/Clients/Clients' is focused

2018-10-12 14:01:41 - [MESSAGE][PASSED] - Object: 'Object Repository/Backoffice/Clients/Clients' is focused

2018-10-12 14:01:41 - [TEST_STEP][PASSED] - verifyElementPresent: Object 'Object Repository/Backoffice/Clients/Client Registration' is present

2018-10-12 14:01:41 - [MESSAGE][PASSED] - Object 'Object Repository/Backoffice/Clients/Client Registration' is present

2018-10-12 14:01:41 - [TEST_STEP][PASSED] - click: Object: 'Object Repository/Backoffice/Clients/Client Registration' is clicked on

2018-10-12 14:01:41 - [MESSAGE][PASSED] - Object: 'Object Repository/Backoffice/Clients/Client Registration' is clicked on

2018-10-12 14:01:41 - [TEST_STEP][PASSED] - setText: Text 'restrunner' is set on object 'Object Repository/Backoffice/Clients/Registration/input_username'

2018-10-12 14:01:41 - [MESSAGE][PASSED] - Text 'restrunner' is set on object 'Object Repository/Backoffice/Clients/Registration/input_username'

2018-10-12 14:01:41 - [TEST_STEP][PASSED] - setText: Text '123123' is set on object 'Object Repository/Backoffice/Clients/Registration/input_password'

2018-10-12 14:01:42 - [MESSAGE][PASSED] - Text '123123' is set on object 'Object Repository/Backoffice/Clients/Registration/input_password'

2018-10-12 14:01:42 - [TEST_STEP][PASSED] - setText: Text '123123' is set on object 'Object Repository/Backoffice/Clients/Registration/input_confirmp'

2018-10-12 14:01:42 - [MESSAGE][PASSED] - Text '123123' is set on object 'Object Repository/Backoffice/Clients/Registration/input_confirmp'

2018-10-12 14:01:42 - [TEST_STEP][PASSED] - selectOptionByValue: All options with value 'test' are selected in object 'Object Repository/Backoffice/Clients/Registration/select_operatorcode' 

2018-10-12 14:01:42 - [MESSAGE][PASSED] - All options with value 'test' are selected in object 'Object Repository/Backoffice/Clients/Registration/select_operatorcode' 

2018-10-12 14:01:42 - [TEST_STEP][PASSED] - selectOptionByValue: All options with value '1' are selected in object 'Object Repository/Backoffice/Clients/Registration/select_status' 

2018-10-12 14:01:42 - [MESSAGE][PASSED] - All options with value '1' are selected in object 'Object Repository/Backoffice/Clients/Registration/select_status' 

2018-10-12 14:01:42 - [TEST_STEP][PASSED] - delay: Delayed 2 second(s)

2018-10-12 14:01:44 - [MESSAGE][PASSED] - Delayed 2 second(s)

2018-10-12 14:01:44 - [TEST_STEP][PASSED] - click: Object: 'Object Repository/Backoffice/Clients/Registration/button_Submit' is clicked on

2018-10-12 14:01:45 - [MESSAGE][PASSED] - Object: 'Object Repository/Backoffice/Clients/Registration/button_Submit' is clicked on

2018-10-12 14:01:45 - [TEST_STEP][PASSED] - delay: Delayed 2 second(s)

2018-10-12 14:01:47 - [MESSAGE][PASSED] - Delayed 2 second(s)]]></system-out>
         <system-err><![CDATA[]]></system-err>
      </testcase>
      <testcase name="Test Cases/Backoffice/RegisterAccount" classname="Test Cases/Backoffice/RegisterAccount" status="PASSED">
         <system-out><![CDATA[2018-10-12 14:01:47 - [TEST_CASE][PASSED] - Test Cases/Backoffice/RegisterAccount: Test Cases/Backoffice/RegisterAccount

2018-10-12 14:01:47 - [TEST_STEP][PASSED] - focus: Object: 'Object Repository/Backoffice/Clients/Clients' is focused

2018-10-12 14:01:47 - [MESSAGE][PASSED] - Object: 'Object Repository/Backoffice/Clients/Clients' is focused

2018-10-12 14:01:47 - [TEST_STEP][PASSED] - verifyElementPresent: Object 'Object Repository/Backoffice/Clients/Client Registration' is present

2018-10-12 14:01:47 - [MESSAGE][PASSED] - Object 'Object Repository/Backoffice/Clients/Client Registration' is present

2018-10-12 14:01:47 - [TEST_STEP][PASSED] - click: Object: 'Object Repository/Backoffice/Clients/Client Registration' is clicked on

2018-10-12 14:01:48 - [MESSAGE][PASSED] - Object: 'Object Repository/Backoffice/Clients/Client Registration' is clicked on

2018-10-12 14:01:48 - [TEST_STEP][PASSED] - setText: Text 'rescuerampant' is set on object 'Object Repository/Backoffice/Clients/Registration/input_username'

2018-10-12 14:01:48 - [MESSAGE][PASSED] - Text 'rescuerampant' is set on object 'Object Repository/Backoffice/Clients/Registration/input_username'

2018-10-12 14:01:48 - [TEST_STEP][PASSED] - setText: Text '123123' is set on object 'Object Repository/Backoffice/Clients/Registration/input_password'

2018-10-12 14:01:48 - [MESSAGE][PASSED] - Text '123123' is set on object 'Object Repository/Backoffice/Clients/Registration/input_password'

2018-10-12 14:01:48 - [TEST_STEP][PASSED] - setText: Text '123123' is set on object 'Object Repository/Backoffice/Clients/Registration/input_confirmp'

2018-10-12 14:01:48 - [MESSAGE][PASSED] - Text '123123' is set on object 'Object Repository/Backoffice/Clients/Registration/input_confirmp'

2018-10-12 14:01:48 - [TEST_STEP][PASSED] - selectOptionByValue: All options with value 'test' are selected in object 'Object Repository/Backoffice/Clients/Registration/select_operatorcode' 

2018-10-12 14:01:49 - [MESSAGE][PASSED] - All options with value 'test' are selected in object 'Object Repository/Backoffice/Clients/Registration/select_operatorcode' 

2018-10-12 14:01:49 - [TEST_STEP][PASSED] - selectOptionByValue: All options with value '1' are selected in object 'Object Repository/Backoffice/Clients/Registration/select_status' 

2018-10-12 14:01:49 - [MESSAGE][PASSED] - All options with value '1' are selected in object 'Object Repository/Backoffice/Clients/Registration/select_status' 

2018-10-12 14:01:49 - [TEST_STEP][PASSED] - delay: Delayed 2 second(s)

2018-10-12 14:01:51 - [MESSAGE][PASSED] - Delayed 2 second(s)

2018-10-12 14:01:51 - [TEST_STEP][PASSED] - click: Object: 'Object Repository/Backoffice/Clients/Registration/button_Submit' is clicked on

2018-10-12 14:01:52 - [MESSAGE][PASSED] - Object: 'Object Repository/Backoffice/Clients/Registration/button_Submit' is clicked on

2018-10-12 14:01:52 - [TEST_STEP][PASSED] - delay: Delayed 2 second(s)

2018-10-12 14:01:54 - [MESSAGE][PASSED] - Delayed 2 second(s)]]></system-out>
         <system-err><![CDATA[]]></system-err>
      </testcase>
      <testcase name="Test Cases/Backoffice/RegisterAccount" classname="Test Cases/Backoffice/RegisterAccount" status="PASSED">
         <system-out><![CDATA[2018-10-12 14:01:54 - [TEST_CASE][PASSED] - Test Cases/Backoffice/RegisterAccount: Test Cases/Backoffice/RegisterAccount

2018-10-12 14:01:54 - [TEST_STEP][PASSED] - focus: Object: 'Object Repository/Backoffice/Clients/Clients' is focused

2018-10-12 14:01:55 - [MESSAGE][PASSED] - Object: 'Object Repository/Backoffice/Clients/Clients' is focused

2018-10-12 14:01:55 - [TEST_STEP][PASSED] - verifyElementPresent: Object 'Object Repository/Backoffice/Clients/Client Registration' is present

2018-10-12 14:01:55 - [MESSAGE][PASSED] - Object 'Object Repository/Backoffice/Clients/Client Registration' is present

2018-10-12 14:01:55 - [TEST_STEP][PASSED] - click: Object: 'Object Repository/Backoffice/Clients/Client Registration' is clicked on

2018-10-12 14:01:55 - [MESSAGE][PASSED] - Object: 'Object Repository/Backoffice/Clients/Client Registration' is clicked on

2018-10-12 14:01:55 - [TEST_STEP][PASSED] - setText: Text 'remudaregulus' is set on object 'Object Repository/Backoffice/Clients/Registration/input_username'

2018-10-12 14:01:55 - [MESSAGE][PASSED] - Text 'remudaregulus' is set on object 'Object Repository/Backoffice/Clients/Registration/input_username'

2018-10-12 14:01:55 - [TEST_STEP][PASSED] - setText: Text '123123' is set on object 'Object Repository/Backoffice/Clients/Registration/input_password'

2018-10-12 14:01:55 - [MESSAGE][PASSED] - Text '123123' is set on object 'Object Repository/Backoffice/Clients/Registration/input_password'

2018-10-12 14:01:55 - [TEST_STEP][PASSED] - setText: Text '123123' is set on object 'Object Repository/Backoffice/Clients/Registration/input_confirmp'

2018-10-12 14:01:56 - [MESSAGE][PASSED] - Text '123123' is set on object 'Object Repository/Backoffice/Clients/Registration/input_confirmp'

2018-10-12 14:01:56 - [TEST_STEP][PASSED] - selectOptionByValue: All options with value 'test' are selected in object 'Object Repository/Backoffice/Clients/Registration/select_operatorcode' 

2018-10-12 14:01:56 - [MESSAGE][PASSED] - All options with value 'test' are selected in object 'Object Repository/Backoffice/Clients/Registration/select_operatorcode' 

2018-10-12 14:01:56 - [TEST_STEP][PASSED] - selectOptionByValue: All options with value '1' are selected in object 'Object Repository/Backoffice/Clients/Registration/select_status' 

2018-10-12 14:01:56 - [MESSAGE][PASSED] - All options with value '1' are selected in object 'Object Repository/Backoffice/Clients/Registration/select_status' 

2018-10-12 14:01:56 - [TEST_STEP][PASSED] - delay: Delayed 2 second(s)

2018-10-12 14:01:58 - [MESSAGE][PASSED] - Delayed 2 second(s)

2018-10-12 14:01:58 - [TEST_STEP][PASSED] - click: Object: 'Object Repository/Backoffice/Clients/Registration/button_Submit' is clicked on

2018-10-12 14:01:59 - [MESSAGE][PASSED] - Object: 'Object Repository/Backoffice/Clients/Registration/button_Submit' is clicked on

2018-10-12 14:01:59 - [TEST_STEP][PASSED] - delay: Delayed 2 second(s)

2018-10-12 14:02:01 - [MESSAGE][PASSED] - Delayed 2 second(s)]]></system-out>
         <system-err><![CDATA[]]></system-err>
      </testcase>
      <testcase name="Test Cases/Backoffice/RegisterAccount" classname="Test Cases/Backoffice/RegisterAccount" status="PASSED">
         <system-out><![CDATA[2018-10-12 14:02:01 - [TEST_CASE][PASSED] - Test Cases/Backoffice/RegisterAccount: Test Cases/Backoffice/RegisterAccount

2018-10-12 14:02:01 - [TEST_STEP][PASSED] - focus: Object: 'Object Repository/Backoffice/Clients/Clients' is focused

2018-10-12 14:02:01 - [MESSAGE][PASSED] - Object: 'Object Repository/Backoffice/Clients/Clients' is focused

2018-10-12 14:02:01 - [TEST_STEP][PASSED] - verifyElementPresent: Object 'Object Repository/Backoffice/Clients/Client Registration' is present

2018-10-12 14:02:01 - [MESSAGE][PASSED] - Object 'Object Repository/Backoffice/Clients/Client Registration' is present

2018-10-12 14:02:01 - [TEST_STEP][PASSED] - click: Object: 'Object Repository/Backoffice/Clients/Client Registration' is clicked on

2018-10-12 14:02:02 - [MESSAGE][PASSED] - Object: 'Object Repository/Backoffice/Clients/Client Registration' is clicked on

2018-10-12 14:02:02 - [TEST_STEP][PASSED] - setText: Text 'rovelyring' is set on object 'Object Repository/Backoffice/Clients/Registration/input_username'

2018-10-12 14:02:02 - [MESSAGE][PASSED] - Text 'rovelyring' is set on object 'Object Repository/Backoffice/Clients/Registration/input_username'

2018-10-12 14:02:02 - [TEST_STEP][PASSED] - setText: Text '123123' is set on object 'Object Repository/Backoffice/Clients/Registration/input_password'

2018-10-12 14:02:02 - [MESSAGE][PASSED] - Text '123123' is set on object 'Object Repository/Backoffice/Clients/Registration/input_password'

2018-10-12 14:02:02 - [TEST_STEP][PASSED] - setText: Text '123123' is set on object 'Object Repository/Backoffice/Clients/Registration/input_confirmp'

2018-10-12 14:02:02 - [MESSAGE][PASSED] - Text '123123' is set on object 'Object Repository/Backoffice/Clients/Registration/input_confirmp'

2018-10-12 14:02:02 - [TEST_STEP][PASSED] - selectOptionByValue: All options with value 'test' are selected in object 'Object Repository/Backoffice/Clients/Registration/select_operatorcode' 

2018-10-12 14:02:02 - [MESSAGE][PASSED] - All options with value 'test' are selected in object 'Object Repository/Backoffice/Clients/Registration/select_operatorcode' 

2018-10-12 14:02:02 - [TEST_STEP][PASSED] - selectOptionByValue: All options with value '1' are selected in object 'Object Repository/Backoffice/Clients/Registration/select_status' 

2018-10-12 14:02:03 - [MESSAGE][PASSED] - All options with value '1' are selected in object 'Object Repository/Backoffice/Clients/Registration/select_status' 

2018-10-12 14:02:03 - [TEST_STEP][PASSED] - delay: Delayed 2 second(s)

2018-10-12 14:02:05 - [MESSAGE][PASSED] - Delayed 2 second(s)

2018-10-12 14:02:05 - [TEST_STEP][PASSED] - click: Object: 'Object Repository/Backoffice/Clients/Registration/button_Submit' is clicked on

2018-10-12 14:02:06 - [MESSAGE][PASSED] - Object: 'Object Repository/Backoffice/Clients/Registration/button_Submit' is clicked on

2018-10-12 14:02:06 - [TEST_STEP][PASSED] - delay: Delayed 2 second(s)

2018-10-12 14:02:08 - [MESSAGE][PASSED] - Delayed 2 second(s)]]></system-out>
         <system-err><![CDATA[]]></system-err>
      </testcase>
      <testcase name="Test Cases/Backoffice/RegisterAccount" classname="Test Cases/Backoffice/RegisterAccount" status="PASSED">
         <system-out><![CDATA[2018-10-12 14:02:08 - [TEST_CASE][PASSED] - Test Cases/Backoffice/RegisterAccount: Test Cases/Backoffice/RegisterAccount

2018-10-12 14:02:08 - [TEST_STEP][PASSED] - focus: Object: 'Object Repository/Backoffice/Clients/Clients' is focused

2018-10-12 14:02:09 - [MESSAGE][PASSED] - Object: 'Object Repository/Backoffice/Clients/Clients' is focused

2018-10-12 14:02:09 - [TEST_STEP][PASSED] - verifyElementPresent: Object 'Object Repository/Backoffice/Clients/Client Registration' is present

2018-10-12 14:02:09 - [MESSAGE][PASSED] - Object 'Object Repository/Backoffice/Clients/Client Registration' is present

2018-10-12 14:02:09 - [TEST_STEP][PASSED] - click: Object: 'Object Repository/Backoffice/Clients/Client Registration' is clicked on

2018-10-12 14:02:09 - [MESSAGE][PASSED] - Object: 'Object Repository/Backoffice/Clients/Client Registration' is clicked on

2018-10-12 14:02:09 - [TEST_STEP][PASSED] - setText: Text 'redwingrosin' is set on object 'Object Repository/Backoffice/Clients/Registration/input_username'

2018-10-12 14:02:09 - [MESSAGE][PASSED] - Text 'redwingrosin' is set on object 'Object Repository/Backoffice/Clients/Registration/input_username'

2018-10-12 14:02:09 - [TEST_STEP][PASSED] - setText: Text '123123' is set on object 'Object Repository/Backoffice/Clients/Registration/input_password'

2018-10-12 14:02:09 - [MESSAGE][PASSED] - Text '123123' is set on object 'Object Repository/Backoffice/Clients/Registration/input_password'

2018-10-12 14:02:09 - [TEST_STEP][PASSED] - setText: Text '123123' is set on object 'Object Repository/Backoffice/Clients/Registration/input_confirmp'

2018-10-12 14:02:09 - [MESSAGE][PASSED] - Text '123123' is set on object 'Object Repository/Backoffice/Clients/Registration/input_confirmp'

2018-10-12 14:02:09 - [TEST_STEP][PASSED] - selectOptionByValue: All options with value 'test' are selected in object 'Object Repository/Backoffice/Clients/Registration/select_operatorcode' 

2018-10-12 14:02:10 - [MESSAGE][PASSED] - All options with value 'test' are selected in object 'Object Repository/Backoffice/Clients/Registration/select_operatorcode' 

2018-10-12 14:02:10 - [TEST_STEP][PASSED] - selectOptionByValue: All options with value '1' are selected in object 'Object Repository/Backoffice/Clients/Registration/select_status' 

2018-10-12 14:02:10 - [MESSAGE][PASSED] - All options with value '1' are selected in object 'Object Repository/Backoffice/Clients/Registration/select_status' 

2018-10-12 14:02:10 - [TEST_STEP][PASSED] - delay: Delayed 2 second(s)

2018-10-12 14:02:12 - [MESSAGE][PASSED] - Delayed 2 second(s)

2018-10-12 14:02:12 - [TEST_STEP][PASSED] - click: Object: 'Object Repository/Backoffice/Clients/Registration/button_Submit' is clicked on

2018-10-12 14:02:13 - [MESSAGE][PASSED] - Object: 'Object Repository/Backoffice/Clients/Registration/button_Submit' is clicked on

2018-10-12 14:02:13 - [TEST_STEP][PASSED] - delay: Delayed 2 second(s)

2018-10-12 14:02:15 - [MESSAGE][PASSED] - Delayed 2 second(s)]]></system-out>
         <system-err><![CDATA[]]></system-err>
      </testcase>
      <testcase name="Test Cases/Backoffice/RegisterAccount" classname="Test Cases/Backoffice/RegisterAccount" status="PASSED">
         <system-out><![CDATA[2018-10-12 14:02:15 - [TEST_CASE][PASSED] - Test Cases/Backoffice/RegisterAccount: Test Cases/Backoffice/RegisterAccount

2018-10-12 14:02:15 - [TEST_STEP][PASSED] - focus: Object: 'Object Repository/Backoffice/Clients/Clients' is focused

2018-10-12 14:02:15 - [MESSAGE][PASSED] - Object: 'Object Repository/Backoffice/Clients/Clients' is focused

2018-10-12 14:02:15 - [TEST_STEP][PASSED] - verifyElementPresent: Object 'Object Repository/Backoffice/Clients/Client Registration' is present

2018-10-12 14:02:15 - [MESSAGE][PASSED] - Object 'Object Repository/Backoffice/Clients/Client Registration' is present

2018-10-12 14:02:15 - [TEST_STEP][PASSED] - click: Object: 'Object Repository/Backoffice/Clients/Client Registration' is clicked on

2018-10-12 14:02:16 - [MESSAGE][PASSED] - Object: 'Object Repository/Backoffice/Clients/Client Registration' is clicked on

2018-10-12 14:02:16 - [TEST_STEP][PASSED] - setText: Text 'repeatratsbane' is set on object 'Object Repository/Backoffice/Clients/Registration/input_username'

2018-10-12 14:02:16 - [MESSAGE][PASSED] - Text 'repeatratsbane' is set on object 'Object Repository/Backoffice/Clients/Registration/input_username'

2018-10-12 14:02:16 - [TEST_STEP][PASSED] - setText: Text '123123' is set on object 'Object Repository/Backoffice/Clients/Registration/input_password'

2018-10-12 14:02:16 - [MESSAGE][PASSED] - Text '123123' is set on object 'Object Repository/Backoffice/Clients/Registration/input_password'

2018-10-12 14:02:16 - [TEST_STEP][PASSED] - setText: Text '123123' is set on object 'Object Repository/Backoffice/Clients/Registration/input_confirmp'

2018-10-12 14:02:16 - [MESSAGE][PASSED] - Text '123123' is set on object 'Object Repository/Backoffice/Clients/Registration/input_confirmp'

2018-10-12 14:02:16 - [TEST_STEP][PASSED] - selectOptionByValue: All options with value 'test' are selected in object 'Object Repository/Backoffice/Clients/Registration/select_operatorcode' 

2018-10-12 14:02:16 - [MESSAGE][PASSED] - All options with value 'test' are selected in object 'Object Repository/Backoffice/Clients/Registration/select_operatorcode' 

2018-10-12 14:02:16 - [TEST_STEP][PASSED] - selectOptionByValue: All options with value '1' are selected in object 'Object Repository/Backoffice/Clients/Registration/select_status' 

2018-10-12 14:02:16 - [MESSAGE][PASSED] - All options with value '1' are selected in object 'Object Repository/Backoffice/Clients/Registration/select_status' 

2018-10-12 14:02:16 - [TEST_STEP][PASSED] - delay: Delayed 2 second(s)

2018-10-12 14:02:18 - [MESSAGE][PASSED] - Delayed 2 second(s)

2018-10-12 14:02:18 - [TEST_STEP][PASSED] - click: Object: 'Object Repository/Backoffice/Clients/Registration/button_Submit' is clicked on

2018-10-12 14:02:19 - [MESSAGE][PASSED] - Object: 'Object Repository/Backoffice/Clients/Registration/button_Submit' is clicked on

2018-10-12 14:02:19 - [TEST_STEP][PASSED] - delay: Delayed 2 second(s)

2018-10-12 14:02:21 - [MESSAGE][PASSED] - Delayed 2 second(s)]]></system-out>
         <system-err><![CDATA[]]></system-err>
      </testcase>
      <testcase name="Test Cases/Backoffice/RegisterAccount" classname="Test Cases/Backoffice/RegisterAccount" status="PASSED">
         <system-out><![CDATA[2018-10-12 14:02:21 - [TEST_CASE][PASSED] - Test Cases/Backoffice/RegisterAccount: Test Cases/Backoffice/RegisterAccount

2018-10-12 14:02:21 - [TEST_STEP][PASSED] - focus: Object: 'Object Repository/Backoffice/Clients/Clients' is focused

2018-10-12 14:02:21 - [MESSAGE][PASSED] - Object: 'Object Repository/Backoffice/Clients/Clients' is focused

2018-10-12 14:02:21 - [TEST_STEP][PASSED] - verifyElementPresent: Object 'Object Repository/Backoffice/Clients/Client Registration' is present

2018-10-12 14:02:21 - [MESSAGE][PASSED] - Object 'Object Repository/Backoffice/Clients/Client Registration' is present

2018-10-12 14:02:21 - [TEST_STEP][PASSED] - click: Object: 'Object Repository/Backoffice/Clients/Client Registration' is clicked on

2018-10-12 14:02:22 - [MESSAGE][PASSED] - Object: 'Object Repository/Backoffice/Clients/Client Registration' is clicked on

2018-10-12 14:02:22 - [TEST_STEP][PASSED] - setText: Text 'sodiumstupid' is set on object 'Object Repository/Backoffice/Clients/Registration/input_username'

2018-10-12 14:02:22 - [MESSAGE][PASSED] - Text 'sodiumstupid' is set on object 'Object Repository/Backoffice/Clients/Registration/input_username'

2018-10-12 14:02:22 - [TEST_STEP][PASSED] - setText: Text '123123' is set on object 'Object Repository/Backoffice/Clients/Registration/input_password'

2018-10-12 14:02:22 - [MESSAGE][PASSED] - Text '123123' is set on object 'Object Repository/Backoffice/Clients/Registration/input_password'

2018-10-12 14:02:22 - [TEST_STEP][PASSED] - setText: Text '123123' is set on object 'Object Repository/Backoffice/Clients/Registration/input_confirmp'

2018-10-12 14:02:22 - [MESSAGE][PASSED] - Text '123123' is set on object 'Object Repository/Backoffice/Clients/Registration/input_confirmp'

2018-10-12 14:02:22 - [TEST_STEP][PASSED] - selectOptionByValue: All options with value 'test' are selected in object 'Object Repository/Backoffice/Clients/Registration/select_operatorcode' 

2018-10-12 14:02:23 - [MESSAGE][PASSED] - All options with value 'test' are selected in object 'Object Repository/Backoffice/Clients/Registration/select_operatorcode' 

2018-10-12 14:02:23 - [TEST_STEP][PASSED] - selectOptionByValue: All options with value '1' are selected in object 'Object Repository/Backoffice/Clients/Registration/select_status' 

2018-10-12 14:02:23 - [MESSAGE][PASSED] - All options with value '1' are selected in object 'Object Repository/Backoffice/Clients/Registration/select_status' 

2018-10-12 14:02:23 - [TEST_STEP][PASSED] - delay: Delayed 2 second(s)

2018-10-12 14:02:25 - [MESSAGE][PASSED] - Delayed 2 second(s)

2018-10-12 14:02:25 - [TEST_STEP][PASSED] - click: Object: 'Object Repository/Backoffice/Clients/Registration/button_Submit' is clicked on

2018-10-12 14:02:26 - [MESSAGE][PASSED] - Object: 'Object Repository/Backoffice/Clients/Registration/button_Submit' is clicked on

2018-10-12 14:02:26 - [TEST_STEP][PASSED] - delay: Delayed 2 second(s)

2018-10-12 14:02:28 - [MESSAGE][PASSED] - Delayed 2 second(s)]]></system-out>
         <system-err><![CDATA[]]></system-err>
      </testcase>
      <testcase name="Test Cases/Backoffice/RegisterAccount" classname="Test Cases/Backoffice/RegisterAccount" status="PASSED">
         <system-out><![CDATA[2018-10-12 14:02:28 - [TEST_CASE][PASSED] - Test Cases/Backoffice/RegisterAccount: Test Cases/Backoffice/RegisterAccount

2018-10-12 14:02:28 - [TEST_STEP][PASSED] - focus: Object: 'Object Repository/Backoffice/Clients/Clients' is focused

2018-10-12 14:02:28 - [MESSAGE][PASSED] - Object: 'Object Repository/Backoffice/Clients/Clients' is focused

2018-10-12 14:02:28 - [TEST_STEP][PASSED] - verifyElementPresent: Object 'Object Repository/Backoffice/Clients/Client Registration' is present

2018-10-12 14:02:28 - [MESSAGE][PASSED] - Object 'Object Repository/Backoffice/Clients/Client Registration' is present

2018-10-12 14:02:28 - [TEST_STEP][PASSED] - click: Object: 'Object Repository/Backoffice/Clients/Client Registration' is clicked on

2018-10-12 14:02:29 - [MESSAGE][PASSED] - Object: 'Object Repository/Backoffice/Clients/Client Registration' is clicked on

2018-10-12 14:02:29 - [TEST_STEP][PASSED] - setText: Text 'skinnedslapped' is set on object 'Object Repository/Backoffice/Clients/Registration/input_username'

2018-10-12 14:02:29 - [MESSAGE][PASSED] - Text 'skinnedslapped' is set on object 'Object Repository/Backoffice/Clients/Registration/input_username'

2018-10-12 14:02:29 - [TEST_STEP][PASSED] - setText: Text '123123' is set on object 'Object Repository/Backoffice/Clients/Registration/input_password'

2018-10-12 14:02:29 - [MESSAGE][PASSED] - Text '123123' is set on object 'Object Repository/Backoffice/Clients/Registration/input_password'

2018-10-12 14:02:29 - [TEST_STEP][PASSED] - setText: Text '123123' is set on object 'Object Repository/Backoffice/Clients/Registration/input_confirmp'

2018-10-12 14:02:29 - [MESSAGE][PASSED] - Text '123123' is set on object 'Object Repository/Backoffice/Clients/Registration/input_confirmp'

2018-10-12 14:02:29 - [TEST_STEP][PASSED] - selectOptionByValue: All options with value 'test' are selected in object 'Object Repository/Backoffice/Clients/Registration/select_operatorcode' 

2018-10-12 14:02:29 - [MESSAGE][PASSED] - All options with value 'test' are selected in object 'Object Repository/Backoffice/Clients/Registration/select_operatorcode' 

2018-10-12 14:02:29 - [TEST_STEP][PASSED] - selectOptionByValue: All options with value '1' are selected in object 'Object Repository/Backoffice/Clients/Registration/select_status' 

2018-10-12 14:02:29 - [MESSAGE][PASSED] - All options with value '1' are selected in object 'Object Repository/Backoffice/Clients/Registration/select_status' 

2018-10-12 14:02:29 - [TEST_STEP][PASSED] - delay: Delayed 2 second(s)

2018-10-12 14:02:31 - [MESSAGE][PASSED] - Delayed 2 second(s)

2018-10-12 14:02:31 - [TEST_STEP][PASSED] - click: Object: 'Object Repository/Backoffice/Clients/Registration/button_Submit' is clicked on

2018-10-12 14:02:32 - [MESSAGE][PASSED] - Object: 'Object Repository/Backoffice/Clients/Registration/button_Submit' is clicked on

2018-10-12 14:02:32 - [TEST_STEP][PASSED] - delay: Delayed 2 second(s)

2018-10-12 14:02:34 - [MESSAGE][PASSED] - Delayed 2 second(s)]]></system-out>
         <system-err><![CDATA[]]></system-err>
      </testcase>
      <testcase name="Test Cases/Backoffice/RegisterAccount" classname="Test Cases/Backoffice/RegisterAccount" status="PASSED">
         <system-out><![CDATA[2018-10-12 14:02:34 - [TEST_CASE][PASSED] - Test Cases/Backoffice/RegisterAccount: Test Cases/Backoffice/RegisterAccount

2018-10-12 14:02:34 - [TEST_STEP][PASSED] - focus: Object: 'Object Repository/Backoffice/Clients/Clients' is focused

2018-10-12 14:02:35 - [MESSAGE][PASSED] - Object: 'Object Repository/Backoffice/Clients/Clients' is focused

2018-10-12 14:02:35 - [TEST_STEP][PASSED] - verifyElementPresent: Object 'Object Repository/Backoffice/Clients/Client Registration' is present

2018-10-12 14:02:35 - [MESSAGE][PASSED] - Object 'Object Repository/Backoffice/Clients/Client Registration' is present

2018-10-12 14:02:35 - [TEST_STEP][PASSED] - click: Object: 'Object Repository/Backoffice/Clients/Client Registration' is clicked on

2018-10-12 14:02:36 - [MESSAGE][PASSED] - Object: 'Object Repository/Backoffice/Clients/Client Registration' is clicked on

2018-10-12 14:02:36 - [TEST_STEP][PASSED] - setText: Text 'swacketsolids' is set on object 'Object Repository/Backoffice/Clients/Registration/input_username'

2018-10-12 14:02:36 - [MESSAGE][PASSED] - Text 'swacketsolids' is set on object 'Object Repository/Backoffice/Clients/Registration/input_username'

2018-10-12 14:02:36 - [TEST_STEP][PASSED] - setText: Text '123123' is set on object 'Object Repository/Backoffice/Clients/Registration/input_password'

2018-10-12 14:02:36 - [MESSAGE][PASSED] - Text '123123' is set on object 'Object Repository/Backoffice/Clients/Registration/input_password'

2018-10-12 14:02:36 - [TEST_STEP][PASSED] - setText: Text '123123' is set on object 'Object Repository/Backoffice/Clients/Registration/input_confirmp'

2018-10-12 14:02:36 - [MESSAGE][PASSED] - Text '123123' is set on object 'Object Repository/Backoffice/Clients/Registration/input_confirmp'

2018-10-12 14:02:36 - [TEST_STEP][PASSED] - selectOptionByValue: All options with value 'test' are selected in object 'Object Repository/Backoffice/Clients/Registration/select_operatorcode' 

2018-10-12 14:02:36 - [MESSAGE][PASSED] - All options with value 'test' are selected in object 'Object Repository/Backoffice/Clients/Registration/select_operatorcode' 

2018-10-12 14:02:36 - [TEST_STEP][PASSED] - selectOptionByValue: All options with value '1' are selected in object 'Object Repository/Backoffice/Clients/Registration/select_status' 

2018-10-12 14:02:36 - [MESSAGE][PASSED] - All options with value '1' are selected in object 'Object Repository/Backoffice/Clients/Registration/select_status' 

2018-10-12 14:02:36 - [TEST_STEP][PASSED] - delay: Delayed 2 second(s)

2018-10-12 14:02:38 - [MESSAGE][PASSED] - Delayed 2 second(s)

2018-10-12 14:02:38 - [TEST_STEP][PASSED] - click: Object: 'Object Repository/Backoffice/Clients/Registration/button_Submit' is clicked on

2018-10-12 14:02:39 - [MESSAGE][PASSED] - Object: 'Object Repository/Backoffice/Clients/Registration/button_Submit' is clicked on

2018-10-12 14:02:39 - [TEST_STEP][PASSED] - delay: Delayed 2 second(s)

2018-10-12 14:02:41 - [MESSAGE][PASSED] - Delayed 2 second(s)]]></system-out>
         <system-err><![CDATA[]]></system-err>
      </testcase>
      <testcase name="Test Cases/Backoffice/RegisterAccount" classname="Test Cases/Backoffice/RegisterAccount" status="PASSED">
         <system-out><![CDATA[2018-10-12 14:02:41 - [TEST_CASE][PASSED] - Test Cases/Backoffice/RegisterAccount: Test Cases/Backoffice/RegisterAccount

2018-10-12 14:02:41 - [TEST_STEP][PASSED] - focus: Object: 'Object Repository/Backoffice/Clients/Clients' is focused

2018-10-12 14:02:41 - [MESSAGE][PASSED] - Object: 'Object Repository/Backoffice/Clients/Clients' is focused

2018-10-12 14:02:41 - [TEST_STEP][PASSED] - verifyElementPresent: Object 'Object Repository/Backoffice/Clients/Client Registration' is present

2018-10-12 14:02:41 - [MESSAGE][PASSED] - Object 'Object Repository/Backoffice/Clients/Client Registration' is present

2018-10-12 14:02:41 - [TEST_STEP][PASSED] - click: Object: 'Object Repository/Backoffice/Clients/Client Registration' is clicked on

2018-10-12 14:02:42 - [MESSAGE][PASSED] - Object: 'Object Repository/Backoffice/Clients/Client Registration' is clicked on

2018-10-12 14:02:42 - [TEST_STEP][PASSED] - setText: Text 'shirtsave' is set on object 'Object Repository/Backoffice/Clients/Registration/input_username'

2018-10-12 14:02:43 - [MESSAGE][PASSED] - Text 'shirtsave' is set on object 'Object Repository/Backoffice/Clients/Registration/input_username'

2018-10-12 14:02:43 - [TEST_STEP][PASSED] - setText: Text '123123' is set on object 'Object Repository/Backoffice/Clients/Registration/input_password'

2018-10-12 14:02:43 - [MESSAGE][PASSED] - Text '123123' is set on object 'Object Repository/Backoffice/Clients/Registration/input_password'

2018-10-12 14:02:43 - [TEST_STEP][PASSED] - setText: Text '123123' is set on object 'Object Repository/Backoffice/Clients/Registration/input_confirmp'

2018-10-12 14:02:43 - [MESSAGE][PASSED] - Text '123123' is set on object 'Object Repository/Backoffice/Clients/Registration/input_confirmp'

2018-10-12 14:02:43 - [TEST_STEP][PASSED] - selectOptionByValue: All options with value 'test' are selected in object 'Object Repository/Backoffice/Clients/Registration/select_operatorcode' 

2018-10-12 14:02:43 - [MESSAGE][PASSED] - All options with value 'test' are selected in object 'Object Repository/Backoffice/Clients/Registration/select_operatorcode' 

2018-10-12 14:02:43 - [TEST_STEP][PASSED] - selectOptionByValue: All options with value '1' are selected in object 'Object Repository/Backoffice/Clients/Registration/select_status' 

2018-10-12 14:02:44 - [MESSAGE][PASSED] - All options with value '1' are selected in object 'Object Repository/Backoffice/Clients/Registration/select_status' 

2018-10-12 14:02:44 - [TEST_STEP][PASSED] - delay: Delayed 2 second(s)

2018-10-12 14:02:46 - [MESSAGE][PASSED] - Delayed 2 second(s)

2018-10-12 14:02:46 - [TEST_STEP][PASSED] - click: Object: 'Object Repository/Backoffice/Clients/Registration/button_Submit' is clicked on

2018-10-12 14:02:47 - [MESSAGE][PASSED] - Object: 'Object Repository/Backoffice/Clients/Registration/button_Submit' is clicked on

2018-10-12 14:02:47 - [TEST_STEP][PASSED] - delay: Delayed 2 second(s)

2018-10-12 14:02:49 - [MESSAGE][PASSED] - Delayed 2 second(s)]]></system-out>
         <system-err><![CDATA[]]></system-err>
      </testcase>
      <testcase name="Test Cases/Backoffice/RegisterAccount" classname="Test Cases/Backoffice/RegisterAccount" status="PASSED">
         <system-out><![CDATA[2018-10-12 14:02:49 - [TEST_CASE][PASSED] - Test Cases/Backoffice/RegisterAccount: Test Cases/Backoffice/RegisterAccount

2018-10-12 14:02:49 - [TEST_STEP][PASSED] - focus: Object: 'Object Repository/Backoffice/Clients/Clients' is focused

2018-10-12 14:02:49 - [MESSAGE][PASSED] - Object: 'Object Repository/Backoffice/Clients/Clients' is focused

2018-10-12 14:02:49 - [TEST_STEP][PASSED] - verifyElementPresent: Object 'Object Repository/Backoffice/Clients/Client Registration' is present

2018-10-12 14:02:49 - [MESSAGE][PASSED] - Object 'Object Repository/Backoffice/Clients/Client Registration' is present

2018-10-12 14:02:49 - [TEST_STEP][PASSED] - click: Object: 'Object Repository/Backoffice/Clients/Client Registration' is clicked on

2018-10-12 14:02:50 - [MESSAGE][PASSED] - Object: 'Object Repository/Backoffice/Clients/Client Registration' is clicked on

2018-10-12 14:02:50 - [TEST_STEP][PASSED] - setText: Text 'steamskein' is set on object 'Object Repository/Backoffice/Clients/Registration/input_username'

2018-10-12 14:02:50 - [MESSAGE][PASSED] - Text 'steamskein' is set on object 'Object Repository/Backoffice/Clients/Registration/input_username'

2018-10-12 14:02:50 - [TEST_STEP][PASSED] - setText: Text '123123' is set on object 'Object Repository/Backoffice/Clients/Registration/input_password'

2018-10-12 14:02:51 - [MESSAGE][PASSED] - Text '123123' is set on object 'Object Repository/Backoffice/Clients/Registration/input_password'

2018-10-12 14:02:51 - [TEST_STEP][PASSED] - setText: Text '123123' is set on object 'Object Repository/Backoffice/Clients/Registration/input_confirmp'

2018-10-12 14:02:51 - [MESSAGE][PASSED] - Text '123123' is set on object 'Object Repository/Backoffice/Clients/Registration/input_confirmp'

2018-10-12 14:02:51 - [TEST_STEP][PASSED] - selectOptionByValue: All options with value 'test' are selected in object 'Object Repository/Backoffice/Clients/Registration/select_operatorcode' 

2018-10-12 14:02:51 - [MESSAGE][PASSED] - All options with value 'test' are selected in object 'Object Repository/Backoffice/Clients/Registration/select_operatorcode' 

2018-10-12 14:02:51 - [TEST_STEP][PASSED] - selectOptionByValue: All options with value '1' are selected in object 'Object Repository/Backoffice/Clients/Registration/select_status' 

2018-10-12 14:02:51 - [MESSAGE][PASSED] - All options with value '1' are selected in object 'Object Repository/Backoffice/Clients/Registration/select_status' 

2018-10-12 14:02:51 - [TEST_STEP][PASSED] - delay: Delayed 2 second(s)

2018-10-12 14:02:53 - [MESSAGE][PASSED] - Delayed 2 second(s)

2018-10-12 14:02:53 - [TEST_STEP][PASSED] - click: Object: 'Object Repository/Backoffice/Clients/Registration/button_Submit' is clicked on

2018-10-12 14:02:54 - [MESSAGE][PASSED] - Object: 'Object Repository/Backoffice/Clients/Registration/button_Submit' is clicked on

2018-10-12 14:02:54 - [TEST_STEP][PASSED] - delay: Delayed 2 second(s)

2018-10-12 14:02:56 - [MESSAGE][PASSED] - Delayed 2 second(s)]]></system-out>
         <system-err><![CDATA[]]></system-err>
      </testcase>
      <testcase name="Test Cases/Backoffice/RegisterAccount" classname="Test Cases/Backoffice/RegisterAccount" status="PASSED">
         <system-out><![CDATA[2018-10-12 14:02:56 - [TEST_CASE][PASSED] - Test Cases/Backoffice/RegisterAccount: Test Cases/Backoffice/RegisterAccount

2018-10-12 14:02:56 - [TEST_STEP][PASSED] - focus: Object: 'Object Repository/Backoffice/Clients/Clients' is focused

2018-10-12 14:02:56 - [MESSAGE][PASSED] - Object: 'Object Repository/Backoffice/Clients/Clients' is focused

2018-10-12 14:02:56 - [TEST_STEP][PASSED] - verifyElementPresent: Object 'Object Repository/Backoffice/Clients/Client Registration' is present

2018-10-12 14:02:56 - [MESSAGE][PASSED] - Object 'Object Repository/Backoffice/Clients/Client Registration' is present

2018-10-12 14:02:56 - [TEST_STEP][PASSED] - click: Object: 'Object Repository/Backoffice/Clients/Client Registration' is clicked on

2018-10-12 14:02:57 - [MESSAGE][PASSED] - Object: 'Object Repository/Backoffice/Clients/Client Registration' is clicked on

2018-10-12 14:02:57 - [TEST_STEP][PASSED] - setText: Text 'sneerspiffy' is set on object 'Object Repository/Backoffice/Clients/Registration/input_username'

2018-10-12 14:02:57 - [MESSAGE][PASSED] - Text 'sneerspiffy' is set on object 'Object Repository/Backoffice/Clients/Registration/input_username'

2018-10-12 14:02:57 - [TEST_STEP][PASSED] - setText: Text '123123' is set on object 'Object Repository/Backoffice/Clients/Registration/input_password'

2018-10-12 14:02:57 - [MESSAGE][PASSED] - Text '123123' is set on object 'Object Repository/Backoffice/Clients/Registration/input_password'

2018-10-12 14:02:57 - [TEST_STEP][PASSED] - setText: Text '123123' is set on object 'Object Repository/Backoffice/Clients/Registration/input_confirmp'

2018-10-12 14:02:57 - [MESSAGE][PASSED] - Text '123123' is set on object 'Object Repository/Backoffice/Clients/Registration/input_confirmp'

2018-10-12 14:02:57 - [TEST_STEP][PASSED] - selectOptionByValue: All options with value 'test' are selected in object 'Object Repository/Backoffice/Clients/Registration/select_operatorcode' 

2018-10-12 14:02:57 - [MESSAGE][PASSED] - All options with value 'test' are selected in object 'Object Repository/Backoffice/Clients/Registration/select_operatorcode' 

2018-10-12 14:02:57 - [TEST_STEP][PASSED] - selectOptionByValue: All options with value '1' are selected in object 'Object Repository/Backoffice/Clients/Registration/select_status' 

2018-10-12 14:02:57 - [MESSAGE][PASSED] - All options with value '1' are selected in object 'Object Repository/Backoffice/Clients/Registration/select_status' 

2018-10-12 14:02:57 - [TEST_STEP][PASSED] - delay: Delayed 2 second(s)

2018-10-12 14:02:59 - [MESSAGE][PASSED] - Delayed 2 second(s)

2018-10-12 14:02:59 - [TEST_STEP][PASSED] - click: Object: 'Object Repository/Backoffice/Clients/Registration/button_Submit' is clicked on

2018-10-12 14:03:00 - [MESSAGE][PASSED] - Object: 'Object Repository/Backoffice/Clients/Registration/button_Submit' is clicked on

2018-10-12 14:03:00 - [TEST_STEP][PASSED] - delay: Delayed 2 second(s)

2018-10-12 14:03:02 - [MESSAGE][PASSED] - Delayed 2 second(s)]]></system-out>
         <system-err><![CDATA[]]></system-err>
      </testcase>
      <testcase name="Test Cases/Backoffice/RegisterAccount" classname="Test Cases/Backoffice/RegisterAccount" status="PASSED">
         <system-out><![CDATA[2018-10-12 14:03:02 - [TEST_CASE][PASSED] - Test Cases/Backoffice/RegisterAccount: Test Cases/Backoffice/RegisterAccount

2018-10-12 14:03:02 - [TEST_STEP][PASSED] - focus: Object: 'Object Repository/Backoffice/Clients/Clients' is focused

2018-10-12 14:03:03 - [MESSAGE][PASSED] - Object: 'Object Repository/Backoffice/Clients/Clients' is focused

2018-10-12 14:03:03 - [TEST_STEP][PASSED] - verifyElementPresent: Object 'Object Repository/Backoffice/Clients/Client Registration' is present

2018-10-12 14:03:03 - [MESSAGE][PASSED] - Object 'Object Repository/Backoffice/Clients/Client Registration' is present

2018-10-12 14:03:03 - [TEST_STEP][PASSED] - click: Object: 'Object Repository/Backoffice/Clients/Client Registration' is clicked on

2018-10-12 14:03:04 - [MESSAGE][PASSED] - Object: 'Object Repository/Backoffice/Clients/Client Registration' is clicked on

2018-10-12 14:03:04 - [TEST_STEP][PASSED] - setText: Text 'samsungsenior' is set on object 'Object Repository/Backoffice/Clients/Registration/input_username'

2018-10-12 14:03:04 - [MESSAGE][PASSED] - Text 'samsungsenior' is set on object 'Object Repository/Backoffice/Clients/Registration/input_username'

2018-10-12 14:03:04 - [TEST_STEP][PASSED] - setText: Text '123123' is set on object 'Object Repository/Backoffice/Clients/Registration/input_password'

2018-10-12 14:03:04 - [MESSAGE][PASSED] - Text '123123' is set on object 'Object Repository/Backoffice/Clients/Registration/input_password'

2018-10-12 14:03:04 - [TEST_STEP][PASSED] - setText: Text '123123' is set on object 'Object Repository/Backoffice/Clients/Registration/input_confirmp'

2018-10-12 14:03:04 - [MESSAGE][PASSED] - Text '123123' is set on object 'Object Repository/Backoffice/Clients/Registration/input_confirmp'

2018-10-12 14:03:04 - [TEST_STEP][PASSED] - selectOptionByValue: All options with value 'test' are selected in object 'Object Repository/Backoffice/Clients/Registration/select_operatorcode' 

2018-10-12 14:03:04 - [MESSAGE][PASSED] - All options with value 'test' are selected in object 'Object Repository/Backoffice/Clients/Registration/select_operatorcode' 

2018-10-12 14:03:04 - [TEST_STEP][PASSED] - selectOptionByValue: All options with value '1' are selected in object 'Object Repository/Backoffice/Clients/Registration/select_status' 

2018-10-12 14:03:04 - [MESSAGE][PASSED] - All options with value '1' are selected in object 'Object Repository/Backoffice/Clients/Registration/select_status' 

2018-10-12 14:03:04 - [TEST_STEP][PASSED] - delay: Delayed 2 second(s)

2018-10-12 14:03:06 - [MESSAGE][PASSED] - Delayed 2 second(s)

2018-10-12 14:03:06 - [TEST_STEP][PASSED] - click: Object: 'Object Repository/Backoffice/Clients/Registration/button_Submit' is clicked on

2018-10-12 14:03:07 - [MESSAGE][PASSED] - Object: 'Object Repository/Backoffice/Clients/Registration/button_Submit' is clicked on

2018-10-12 14:03:07 - [TEST_STEP][PASSED] - delay: Delayed 2 second(s)

2018-10-12 14:03:09 - [MESSAGE][PASSED] - Delayed 2 second(s)]]></system-out>
         <system-err><![CDATA[]]></system-err>
      </testcase>
      <testcase name="Test Cases/Backoffice/RegisterAccount" classname="Test Cases/Backoffice/RegisterAccount" status="PASSED">
         <system-out><![CDATA[2018-10-12 14:03:09 - [TEST_CASE][PASSED] - Test Cases/Backoffice/RegisterAccount: Test Cases/Backoffice/RegisterAccount

2018-10-12 14:03:09 - [TEST_STEP][PASSED] - focus: Object: 'Object Repository/Backoffice/Clients/Clients' is focused

2018-10-12 14:03:09 - [MESSAGE][PASSED] - Object: 'Object Repository/Backoffice/Clients/Clients' is focused

2018-10-12 14:03:09 - [TEST_STEP][PASSED] - verifyElementPresent: Object 'Object Repository/Backoffice/Clients/Client Registration' is present

2018-10-12 14:03:09 - [MESSAGE][PASSED] - Object 'Object Repository/Backoffice/Clients/Client Registration' is present

2018-10-12 14:03:09 - [TEST_STEP][PASSED] - click: Object: 'Object Repository/Backoffice/Clients/Client Registration' is clicked on

2018-10-12 14:03:10 - [MESSAGE][PASSED] - Object: 'Object Repository/Backoffice/Clients/Client Registration' is clicked on

2018-10-12 14:03:10 - [TEST_STEP][PASSED] - setText: Text 'scramblesownder' is set on object 'Object Repository/Backoffice/Clients/Registration/input_username'

2018-10-12 14:03:10 - [MESSAGE][PASSED] - Text 'scramblesownder' is set on object 'Object Repository/Backoffice/Clients/Registration/input_username'

2018-10-12 14:03:10 - [TEST_STEP][PASSED] - setText: Text '123123' is set on object 'Object Repository/Backoffice/Clients/Registration/input_password'

2018-10-12 14:03:10 - [MESSAGE][PASSED] - Text '123123' is set on object 'Object Repository/Backoffice/Clients/Registration/input_password'

2018-10-12 14:03:10 - [TEST_STEP][PASSED] - setText: Text '123123' is set on object 'Object Repository/Backoffice/Clients/Registration/input_confirmp'

2018-10-12 14:03:11 - [MESSAGE][PASSED] - Text '123123' is set on object 'Object Repository/Backoffice/Clients/Registration/input_confirmp'

2018-10-12 14:03:11 - [TEST_STEP][PASSED] - selectOptionByValue: All options with value 'test' are selected in object 'Object Repository/Backoffice/Clients/Registration/select_operatorcode' 

2018-10-12 14:03:11 - [MESSAGE][PASSED] - All options with value 'test' are selected in object 'Object Repository/Backoffice/Clients/Registration/select_operatorcode' 

2018-10-12 14:03:11 - [TEST_STEP][PASSED] - selectOptionByValue: All options with value '1' are selected in object 'Object Repository/Backoffice/Clients/Registration/select_status' 

2018-10-12 14:03:11 - [MESSAGE][PASSED] - All options with value '1' are selected in object 'Object Repository/Backoffice/Clients/Registration/select_status' 

2018-10-12 14:03:11 - [TEST_STEP][PASSED] - delay: Delayed 2 second(s)

2018-10-12 14:03:13 - [MESSAGE][PASSED] - Delayed 2 second(s)

2018-10-12 14:03:13 - [TEST_STEP][PASSED] - click: Object: 'Object Repository/Backoffice/Clients/Registration/button_Submit' is clicked on

2018-10-12 14:03:14 - [MESSAGE][PASSED] - Object: 'Object Repository/Backoffice/Clients/Registration/button_Submit' is clicked on

2018-10-12 14:03:14 - [TEST_STEP][PASSED] - delay: Delayed 2 second(s)

2018-10-12 14:03:16 - [MESSAGE][PASSED] - Delayed 2 second(s)]]></system-out>
         <system-err><![CDATA[]]></system-err>
      </testcase>
      <system-out><![CDATA[2018-10-12 13:40:25 - [TEST_SUITE][PASSED] - LoginAndRegister1: Test Cases/Backoffice/RegisterAccount]]></system-out>
      <system-err><![CDATA[]]></system-err>
   </testsuite>
</testsuites>
