<?xml version="1.0" encoding="UTF-8"?>
<testsuites name="MonitorAllMatches" time="30" tests="2" failures="0" errors="0">
   <testsuite name="MonitorAllMatches" tests="2" failures="0" errors="0" time="30" timestamp="2018-10-23 10:53:16" hostname="Richard Sanchez - DESKTOP-A1HL9OG" id="Test Suites/Dev/MatchMonitorSettlement/MonitorAllMatches">
      <properties>
         <property name="deviceName" value=""/>
         <property name="devicePlatform" value=""/>
         <property name="logFolder" value="C:\\Users\\Richard Sanchez\\Katalon Studio\\ucf88\\Reports\\Dev\\MatchMonitorSettlement\\MonitorAllMatches\\20181023_105314"/>
         <property name="logFiles" value="C:\\Users\\Richard Sanchez\\Katalon Studio\\ucf88\\Reports\\Dev\\MatchMonitorSettlement\\MonitorAllMatches\\20181023_105314\\execution0.log"/>
         <property name="attachments" value=""/>
         <property name="hostName" value="Richard Sanchez - DESKTOP-A1HL9OG"/>
         <property name="os" value="Windows 10 64bit"/>
         <property name="katalonVersion" value="5.8.0.1"/>
         <property name="browser" value="Chrome 70.0.3538.67"/>
         <property name="hostAddress" value="172.16.8.122"/>
         <property name="sessionId" value="b139cd1e1257914989f2bf46c928f8a3"/>
         <property name="seleniumVersion" value="3.7.1"/>
         <property name="proxyInformation" value="ProxyInformation{proxyOption=NO_PROXY, proxyServerType=HTTP, password=, proxyServerAddress=, proxyServerPort=0}"/>
         <property name="platform" value="Windows 10"/>
      </properties>
      <testcase name="Test Cases/Dev/Backoffice/Betting/Matches/MonitorAllMatches" classname="Test Cases/Dev/Backoffice/Betting/Matches/MonitorAllMatches" status="PASSED">
         <system-out><![CDATA[2018-10-23 10:53:16 - [TEST_CASE][PASSED] - Test Cases/Dev/Backoffice/Betting/Matches/MonitorAllMatches: Test Cases/Dev/Backoffice/Betting/Matches/MonitorAllMatches

2018-10-23 10:53:17 - [TEST_STEP][PASSED] - openBrowser: Browser is opened with url: ''

2018-10-23 10:53:20 - [MESSAGE][PASSED] - Browser is opened with url: ''

2018-10-23 10:53:20 - [TEST_STEP][PASSED] - maximizeWindow: Current window maximized

2018-10-23 10:53:21 - [MESSAGE][PASSED] - Current window maximized

2018-10-23 10:53:21 - [TEST_STEP][PASSED] - navigateToUrl: Navigate to 'http://dev-admin.ucf88.com' successfully

2018-10-23 10:53:22 - [MESSAGE][PASSED] - Navigate to 'http://dev-admin.ucf88.com' successfully

2018-10-23 10:53:22 - [TEST_STEP][PASSED] - setText: Text 'admin' is set on object 'Object Repository/Backoffice/Login/input_Username'

2018-10-23 10:53:22 - [MESSAGE][PASSED] - Text 'admin' is set on object 'Object Repository/Backoffice/Login/input_Username'

2018-10-23 10:53:22 - [TEST_STEP][PASSED] - setEncryptedText: Text ****** has been set on object 'Object Repository/Backoffice/Login/input_Password'

2018-10-23 10:53:23 - [MESSAGE][PASSED] - Text ****** has been set on object 'Object Repository/Backoffice/Login/input_Password'

2018-10-23 10:53:23 - [TEST_STEP][PASSED] - click: Object: 'Object Repository/Backoffice/Login/button_Login' is clicked on

2018-10-23 10:53:25 - [MESSAGE][PASSED] - Object: 'Object Repository/Backoffice/Login/button_Login' is clicked on

2018-10-23 10:53:25 - [TEST_STEP][PASSED] - waitForElementVisible: Object 'Object Repository/Backoffice/Login/adminuser' is visible

2018-10-23 10:53:25 - [MESSAGE][PASSED] - Object 'Object Repository/Backoffice/Login/adminuser' is visible

2018-10-23 10:53:25 - [TEST_STEP][PASSED] - focus: Object: 'Object Repository/Backoffice/Betting/Betting_header' is focused

2018-10-23 10:53:25 - [MESSAGE][PASSED] - Object: 'Object Repository/Backoffice/Betting/Betting_header' is focused

2018-10-23 10:53:25 - [TEST_STEP][PASSED] - click: Object: 'Object Repository/Backoffice/Betting/Arena_header' is clicked on

2018-10-23 10:53:26 - [MESSAGE][PASSED] - Object: 'Object Repository/Backoffice/Betting/Arena_header' is clicked on

2018-10-23 10:53:26 - [TEST_STEP][PASSED] - delay: Delayed 1 second(s)

2018-10-23 10:53:27 - [MESSAGE][PASSED] - Delayed 1 second(s)

2018-10-23 10:53:27 - [TEST_STEP][PASSED] - Statement - myMatchObject = new com.kms.katalon.core.testobject.TestObject(customObject2): null

2018-10-23 10:53:27 - [TEST_STEP][PASSED] - Statement - properties = new java.util.ArrayList(): null

2018-10-23 10:53:27 - [TEST_STEP][PASSED] - Statement - properties.add(new com.kms.katalon.core.testobject.TestObjectProperty(tag, com.kms.katalon.core.testobject.ConditionType.EQUALS, a)): null

2018-10-23 10:53:27 - [TEST_STEP][PASSED] - Statement - properties.add(new com.kms.katalon.core.testobject.TestObjectProperty(text, com.kms.katalon.core.testobject.ConditionType.CONTAINS, SAN ROQUE COCKPIT(CAMARINES NORTE))): null

2018-10-23 10:53:27 - [TEST_STEP][PASSED] - Statement - myMatchObject.setProperties(properties): null

2018-10-23 10:53:27 - [TEST_STEP][PASSED] - click: Object: 'customObject2' is clicked on

2018-10-23 10:53:27 - [MESSAGE][PASSED] - Object: 'customObject2' is clicked on

2018-10-23 10:53:27 - [TEST_STEP][PASSED] - click: Object: 'Object Repository/Backoffice/Betting/Arena/Match1' is clicked on

2018-10-23 10:53:28 - [MESSAGE][PASSED] - Object: 'Object Repository/Backoffice/Betting/Arena/Match1' is clicked on

2018-10-23 10:53:28 - [TEST_STEP][PASSED] - switchToWindowIndex: Switched to window with index: '1'

2018-10-23 10:53:28 - [MESSAGE][PASSED] - Switched to window with index: '1']]></system-out>
         <system-err><![CDATA[]]></system-err>
      </testcase>
      <testcase name="Test Cases/Dev/Backoffice/Betting/Matches/MatchSettlement" classname="Test Cases/Dev/Backoffice/Betting/Matches/MatchSettlement" status="PASSED">
         <system-out><![CDATA[2018-10-23 10:53:28 - [TEST_CASE][PASSED] - Test Cases/Dev/Backoffice/Betting/Matches/MatchSettlement: Test Cases/Dev/Backoffice/Betting/Matches/MatchSettlement

2018-10-23 10:53:28 - [TEST_STEP][PASSED] - waitForElementVisible: Object 'Object Repository/Backoffice/Betting/Match/button_OpenMatch' is visible

2018-10-23 10:53:29 - [MESSAGE][PASSED] - Object 'Object Repository/Backoffice/Betting/Match/button_OpenMatch' is visible

2018-10-23 10:53:29 - [TEST_STEP][PASSED] - click: Object: 'Object Repository/Backoffice/Betting/Match/button_OpenMatch' is clicked on

2018-10-23 10:53:29 - [MESSAGE][PASSED] - Object: 'Object Repository/Backoffice/Betting/Match/button_OpenMatch' is clicked on

2018-10-23 10:53:29 - [TEST_STEP][PASSED] - delay: Delayed 1 second(s)

2018-10-23 10:53:30 - [MESSAGE][PASSED] - Delayed 1 second(s)

2018-10-23 10:53:30 - [TEST_STEP][PASSED] - waitForElementPresent: Object 'Object Repository/Backoffice/Betting/Match/Riskmanagement/button_Yes I agree' is present

2018-10-23 10:53:30 - [MESSAGE][PASSED] - Object 'Object Repository/Backoffice/Betting/Match/Riskmanagement/button_Yes I agree' is present

2018-10-23 10:53:30 - [TEST_STEP][PASSED] - click: Object: 'Object Repository/Backoffice/Betting/Match/Riskmanagement/button_Yes I agree' is clicked on

2018-10-23 10:53:30 - [MESSAGE][PASSED] - Object: 'Object Repository/Backoffice/Betting/Match/Riskmanagement/button_Yes I agree' is clicked on

2018-10-23 10:53:30 - [TEST_STEP][PASSED] - delay: Delayed 10 second(s)

2018-10-23 10:53:40 - [MESSAGE][PASSED] - Delayed 10 second(s)

2018-10-23 10:53:40 - [TEST_STEP][PASSED] - click: Object: 'Object Repository/Backoffice/Betting/Match/Riskmanagement/button_Finished' is clicked on

2018-10-23 10:53:41 - [MESSAGE][PASSED] - Object: 'Object Repository/Backoffice/Betting/Match/Riskmanagement/button_Finished' is clicked on

2018-10-23 10:53:41 - [TEST_STEP][PASSED] - delay: Delayed 1 second(s)

2018-10-23 10:53:42 - [MESSAGE][PASSED] - Delayed 1 second(s)

2018-10-23 10:53:42 - [TEST_STEP][PASSED] - waitForElementPresent: Object 'Object Repository/Backoffice/Betting/Match/Riskmanagement/button_Yes I agree' is present

2018-10-23 10:53:42 - [MESSAGE][PASSED] - Object 'Object Repository/Backoffice/Betting/Match/Riskmanagement/button_Yes I agree' is present

2018-10-23 10:53:42 - [TEST_STEP][PASSED] - click: Object: 'Object Repository/Backoffice/Betting/Match/Riskmanagement/button_Yes I agree' is clicked on

2018-10-23 10:53:42 - [MESSAGE][PASSED] - Object: 'Object Repository/Backoffice/Betting/Match/Riskmanagement/button_Yes I agree' is clicked on

2018-10-23 10:53:42 - [TEST_STEP][PASSED] - delay: Delayed 1 second(s)

2018-10-23 10:53:43 - [MESSAGE][PASSED] - Delayed 1 second(s)

2018-10-23 10:53:43 - [TEST_STEP][PASSED] - waitForElementPresent: Object 'Object Repository/Backoffice/Betting/Match/Riskmanagement/button_Meron' is present

2018-10-23 10:53:43 - [MESSAGE][PASSED] - Object 'Object Repository/Backoffice/Betting/Match/Riskmanagement/button_Meron' is present

2018-10-23 10:53:43 - [TEST_STEP][PASSED] - click: Object: 'Object Repository/Backoffice/Betting/Match/Riskmanagement/button_Meron' is clicked on

2018-10-23 10:53:43 - [MESSAGE][PASSED] - Object: 'Object Repository/Backoffice/Betting/Match/Riskmanagement/button_Meron' is clicked on

2018-10-23 10:53:43 - [TEST_STEP][PASSED] - delay: Delayed 1 second(s)

2018-10-23 10:53:44 - [MESSAGE][PASSED] - Delayed 1 second(s)

2018-10-23 10:53:44 - [TEST_STEP][PASSED] - waitForElementPresent: Object 'Object Repository/Backoffice/Betting/Match/Riskmanagement/button_Yes I agree' is present

2018-10-23 10:53:44 - [MESSAGE][PASSED] - Object 'Object Repository/Backoffice/Betting/Match/Riskmanagement/button_Yes I agree' is present

2018-10-23 10:53:44 - [TEST_STEP][PASSED] - click: Object: 'Object Repository/Backoffice/Betting/Match/Riskmanagement/button_Yes I agree' is clicked on

2018-10-23 10:53:44 - [MESSAGE][PASSED] - Object: 'Object Repository/Backoffice/Betting/Match/Riskmanagement/button_Yes I agree' is clicked on

2018-10-23 10:53:44 - [TEST_STEP][PASSED] - delay: Delayed 1 second(s)

2018-10-23 10:53:45 - [MESSAGE][PASSED] - Delayed 1 second(s)

2018-10-23 10:53:45 - [TEST_STEP][PASSED] - waitForElementPresent: Object 'Object Repository/Backoffice/Betting/Match/Riskmanagement/button_Approve' is present

2018-10-23 10:53:45 - [MESSAGE][PASSED] - Object 'Object Repository/Backoffice/Betting/Match/Riskmanagement/button_Approve' is present

2018-10-23 10:53:45 - [TEST_STEP][PASSED] - click: Object: 'Object Repository/Backoffice/Betting/Match/Riskmanagement/button_Approve' is clicked on

2018-10-23 10:53:45 - [MESSAGE][PASSED] - Object: 'Object Repository/Backoffice/Betting/Match/Riskmanagement/button_Approve' is clicked on

2018-10-23 10:53:45 - [TEST_STEP][PASSED] - delay: Delayed 1 second(s)

2018-10-23 10:53:46 - [MESSAGE][PASSED] - Delayed 1 second(s)

2018-10-23 10:53:46 - [TEST_STEP][PASSED] - waitForElementPresent: Object 'Object Repository/Backoffice/Betting/Match/Riskmanagement/button_Yes I agree' is present

2018-10-23 10:53:46 - [MESSAGE][PASSED] - Object 'Object Repository/Backoffice/Betting/Match/Riskmanagement/button_Yes I agree' is present

2018-10-23 10:53:46 - [TEST_STEP][PASSED] - click: Object: 'Object Repository/Backoffice/Betting/Match/Riskmanagement/button_Yes I agree' is clicked on

2018-10-23 10:53:46 - [MESSAGE][PASSED] - Object: 'Object Repository/Backoffice/Betting/Match/Riskmanagement/button_Yes I agree' is clicked on]]></system-out>
         <system-err><![CDATA[]]></system-err>
      </testcase>
      <system-out><![CDATA[2018-10-23 10:53:16 - [TEST_SUITE][PASSED] - MonitorAllMatches: Test Cases/Dev/Backoffice/Betting/Matches/MatchSettlement]]></system-out>
      <system-err><![CDATA[]]></system-err>
   </testsuite>
</testsuites>
