<?xml version="1.0" encoding="UTF-8"?>
<testsuites name="testing" time="36" tests="1" failures="4" errors="0">
   <testsuite name="testing" tests="1" failures="4" errors="0" time="36" timestamp="2018-11-09 13:59:16" hostname="ops.02 - NXT-OPS02.nxtgame.local" id="Test Suites/dailyTesting/betting/testing">
      <properties>
         <property name="deviceName" value=""/>
         <property name="devicePlatform" value=""/>
         <property name="logFolder" value="C:\\Users\\ops.02\\git\\UCF\\Reports\\dailyTesting\\betting\\testing\\20181109_135915"/>
         <property name="logFiles" value="C:\\Users\\ops.02\\git\\UCF\\Reports\\dailyTesting\\betting\\testing\\20181109_135915\\execution0.log"/>
         <property name="attachments" value="C:\\Users\\ops.02\\git\\UCF\\Reports\\dailyTesting\\betting\\testing\\20181109_135915\\1541743172176.png, C:\\Users\\ops.02\\git\\UCF\\Reports\\dailyTesting\\betting\\testing\\20181109_135915\\1541743172501.png, C:\\Users\\ops.02\\git\\UCF\\Reports\\dailyTesting\\betting\\testing\\20181109_135915\\1541743178736.png, C:\\Users\\ops.02\\git\\UCF\\Reports\\dailyTesting\\betting\\testing\\20181109_135915\\1541743179088.png, C:\\Users\\ops.02\\git\\UCF\\Reports\\dailyTesting\\betting\\testing\\20181109_135915\\1541743185181.png, C:\\Users\\ops.02\\git\\UCF\\Reports\\dailyTesting\\betting\\testing\\20181109_135915\\1541743185500.png, C:\\Users\\ops.02\\git\\UCF\\Reports\\dailyTesting\\betting\\testing\\20181109_135915\\1541743191669.png, C:\\Users\\ops.02\\git\\UCF\\Reports\\dailyTesting\\betting\\testing\\20181109_135915\\1541743191979.png"/>
         <property name="hostName" value="ops.02 - NXT-OPS02.nxtgame.local"/>
         <property name="os" value="Windows 10 64bit"/>
         <property name="katalonVersion" value="5.8.6.1"/>
         <property name="browser" value="Chrome 70.0.3538.77"/>
         <property name="hostAddress" value="172.16.8.115"/>
         <property name="sessionId" value="de42a0747c4c5f08a766e74325894084"/>
         <property name="seleniumVersion" value="3.7.1"/>
         <property name="proxyInformation" value="ProxyInformation{proxyOption=NO_PROXY, proxyServerType=HTTP, password=, proxyServerAddress=, proxyServerPort=0}"/>
         <property name="platform" value="Windows 10"/>
      </properties>
      <testcase name="Test Cases/dailyTesting/login/backofficeLogin" classname="Test Cases/dailyTesting/login/backofficeLogin" status="PASSED">
         <system-out><![CDATA[2018-11-09 13:59:17 - [TEST_CASE][PASSED] - Test Cases/dailyTesting/login/backofficeLogin: Test Cases/dailyTesting/login/backofficeLogin

2018-11-09 13:59:17 - [TEST_STEP][PASSED] - backoffice.openBrowserBackoffice.openbrowserBackoffice: backoffice.openBrowserBackoffice.openbrowserBackoffice is PASSED

2018-11-09 13:59:20 - [MESSAGE][PASSED] - Browser is opened with url: ''

2018-11-09 13:59:21 - [MESSAGE][PASSED] - Current window maximized

2018-11-09 13:59:23 - [MESSAGE][PASSED] - Navigate to 'http://dev-admin.ucf88.com' successfully

2018-11-09 13:59:23 - [MESSAGE][PASSED] - backoffice.openBrowserBackoffice.openbrowserBackoffice is PASSED

2018-11-09 13:59:23 - [TEST_STEP][PASSED] - setText: Text 'admin' is set on object 'Object Repository/Backoffice/Login/input_Username'

2018-11-09 13:59:23 - [MESSAGE][PASSED] - Text 'admin' is set on object 'Object Repository/Backoffice/Login/input_Username'

2018-11-09 13:59:23 - [TEST_STEP][PASSED] - setEncryptedText: Text ****** has been set on object 'Object Repository/Backoffice/Login/input_Password'

2018-11-09 13:59:23 - [MESSAGE][PASSED] - Text ****** has been set on object 'Object Repository/Backoffice/Login/input_Password'

2018-11-09 13:59:23 - [TEST_STEP][PASSED] - click: Object: 'Object Repository/Backoffice/Login/button_Login' is clicked on

2018-11-09 13:59:25 - [MESSAGE][PASSED] - Object: 'Object Repository/Backoffice/Login/button_Login' is clicked on

2018-11-09 13:59:25 - [TEST_STEP][PASSED] - waitForElementVisible: Object 'Object Repository/Backoffice/Login/adminuser' is visible

2018-11-09 13:59:25 - [MESSAGE][PASSED] - Object 'Object Repository/Backoffice/Login/adminuser' is visible]]></system-out>
         <system-err><![CDATA[]]></system-err>
      </testcase>
      <testcase name="Test Cases/dailyTesting/arenaCreation/createArena" classname="Test Cases/dailyTesting/arenaCreation/createArena" status="FAILED">
         <failure type="FAILED" message="(Stack trace: com.kms.katalon.core.exception.StepFailedException: Verify element text of test object 'Object Repository/dailyTesting/Backoffice/arenaCreation/arenaManagement/Page_Arena Management - ucf88/td_Testing' FAILED. (Root cause: Actual text 'SAN ROQUE COCKPIT (CAMARINES NORTE)' and expected text 'Quezon' of test object 'Object Repository/dailyTesting/Backoffice/arenaCreation/arenaManagement/Page_Arena Management - ucf88/td_Testing' are NOT matched.)
	at com.kms.katalon.core.keyword.internal.KeywordMain.stepFailed(KeywordMain.groovy:36)
	at com.kms.katalon.core.webui.keyword.internal.WebUIKeywordMain.stepFailed(WebUIKeywordMain.groovy:65)
	at com.kms.katalon.core.webui.keyword.internal.WebUIKeywordMain.runKeyword(WebUIKeywordMain.groovy:27)
	at com.kms.katalon.core.webui.keyword.builtin.VerifyElementTextKeyword.verifyElementText(VerifyElementTextKeyword.groovy:72)
	at com.kms.katalon.core.webui.keyword.builtin.VerifyElementTextKeyword.execute(VerifyElementTextKeyword.groovy:40)
	at com.kms.katalon.core.keyword.internal.KeywordExecutor.executeKeywordForPlatform(KeywordExecutor.groovy:53)
	at com.kms.katalon.core.webui.keyword.WebUiBuiltInKeywords.verifyElementText(WebUiBuiltInKeywords.groovy:3663)
	at com.kms.katalon.core.webui.keyword.WebUiBuiltInKeywords$verifyElementText$9.call(Unknown Source)
	at org.codehaus.groovy.runtime.callsite.CallSiteArray.defaultCall(CallSiteArray.java:48)
	at org.codehaus.groovy.runtime.callsite.AbstractCallSite.call(AbstractCallSite.java:113)
	at org.codehaus.groovy.runtime.callsite.AbstractCallSite.call(AbstractCallSite.java:133)
	at Script1540958848508.run(Script1540958848508.groovy:34)
	at com.kms.katalon.core.main.ScriptEngine.run(ScriptEngine.java:183)
	at com.kms.katalon.core.main.ScriptEngine.runScriptAsRawText(ScriptEngine.java:108)
	at com.kms.katalon.core.main.TestCaseExecutor.runScript(TestCaseExecutor.java:294)
	at com.kms.katalon.core.main.TestCaseExecutor.doExecute(TestCaseExecutor.java:285)
	at com.kms.katalon.core.main.TestCaseExecutor.processExecutionPhase(TestCaseExecutor.java:264)
	at com.kms.katalon.core.main.TestCaseExecutor.accessMainPhase(TestCaseExecutor.java:256)
	at com.kms.katalon.core.main.TestCaseExecutor.execute(TestCaseExecutor.java:200)
	at com.kms.katalon.core.main.TestSuiteExecutor.accessTestCaseMainPhase(TestSuiteExecutor.java:129)
	at com.kms.katalon.core.main.TestSuiteExecutor.accessTestSuiteMainPhase(TestSuiteExecutor.java:112)
	at com.kms.katalon.core.main.TestSuiteExecutor.execute(TestSuiteExecutor.java:81)
	at com.kms.katalon.core.main.TestCaseMain.startTestSuite(TestCaseMain.java:142)
	at com.kms.katalon.core.main.TestCaseMain$startTestSuite$0.call(Unknown Source)
	at org.codehaus.groovy.runtime.callsite.CallSiteArray.defaultCall(CallSiteArray.java:48)
	at org.codehaus.groovy.runtime.callsite.AbstractCallSite.call(AbstractCallSite.java:113)
	at org.codehaus.groovy.runtime.callsite.AbstractCallSite.call(AbstractCallSite.java:141)
	at TempTestSuite1541743155218.run(TempTestSuite1541743155218.groovy:36)
	at groovy.lang.GroovyShell.runScriptOrMainOrTestOrRunnable(GroovyShell.java:263)
	at groovy.lang.GroovyShell.run(GroovyShell.java:518)
	at groovy.lang.GroovyShell.run(GroovyShell.java:507)
	at groovy.ui.GroovyMain.processOnce(GroovyMain.java:653)
	at groovy.ui.GroovyMain.run(GroovyMain.java:384)
	at groovy.ui.GroovyMain.process(GroovyMain.java:370)
	at groovy.ui.GroovyMain.processArgs(GroovyMain.java:129)
	at groovy.ui.GroovyMain.main(GroovyMain.java:109)
	at sun.reflect.NativeMethodAccessorImpl.invoke0(Native Method)
	at sun.reflect.NativeMethodAccessorImpl.invoke(NativeMethodAccessorImpl.java:62)
	at sun.reflect.DelegatingMethodAccessorImpl.invoke(DelegatingMethodAccessorImpl.java:43)
	at java.lang.reflect.Method.invoke(Method.java:498)
	at org.codehaus.groovy.tools.GroovyStarter.rootLoader(GroovyStarter.java:109)
	at org.codehaus.groovy.tools.GroovyStarter.main(GroovyStarter.java:131)
)"/>
         <system-out><![CDATA[2018-11-09 13:59:25 - [TEST_CASE][FAILED] - Test Cases/dailyTesting/arenaCreation/createArena: Test Cases/dailyTesting/arenaCreation/createArena FAILED because (of) (Stack trace: com.kms.katalon.core.exception.StepFailedException: Verify element text of test object 'Object Repository/dailyTesting/Backoffice/arenaCreation/arenaManagement/Page_Arena Management - ucf88/td_Testing' FAILED. (Root cause: Actual text 'SAN ROQUE COCKPIT (CAMARINES NORTE)' and expected text 'Quezon' of test object 'Object Repository/dailyTesting/Backoffice/arenaCreation/arenaManagement/Page_Arena Management - ucf88/td_Testing' are NOT matched.)
	at com.kms.katalon.core.keyword.internal.KeywordMain.stepFailed(KeywordMain.groovy:36)
	at com.kms.katalon.core.webui.keyword.internal.WebUIKeywordMain.stepFailed(WebUIKeywordMain.groovy:65)
	at com.kms.katalon.core.webui.keyword.internal.WebUIKeywordMain.runKeyword(WebUIKeywordMain.groovy:27)
	at com.kms.katalon.core.webui.keyword.builtin.VerifyElementTextKeyword.verifyElementText(VerifyElementTextKeyword.groovy:72)
	at com.kms.katalon.core.webui.keyword.builtin.VerifyElementTextKeyword.execute(VerifyElementTextKeyword.groovy:40)
	at com.kms.katalon.core.keyword.internal.KeywordExecutor.executeKeywordForPlatform(KeywordExecutor.groovy:53)
	at com.kms.katalon.core.webui.keyword.WebUiBuiltInKeywords.verifyElementText(WebUiBuiltInKeywords.groovy:3663)
	at com.kms.katalon.core.webui.keyword.WebUiBuiltInKeywords$verifyElementText$9.call(Unknown Source)
	at org.codehaus.groovy.runtime.callsite.CallSiteArray.defaultCall(CallSiteArray.java:48)
	at org.codehaus.groovy.runtime.callsite.AbstractCallSite.call(AbstractCallSite.java:113)
	at org.codehaus.groovy.runtime.callsite.AbstractCallSite.call(AbstractCallSite.java:133)
	at Script1540958848508.run(Script1540958848508.groovy:34)
	at com.kms.katalon.core.main.ScriptEngine.run(ScriptEngine.java:183)
	at com.kms.katalon.core.main.ScriptEngine.runScriptAsRawText(ScriptEngine.java:108)
	at com.kms.katalon.core.main.TestCaseExecutor.runScript(TestCaseExecutor.java:294)
	at com.kms.katalon.core.main.TestCaseExecutor.doExecute(TestCaseExecutor.java:285)
	at com.kms.katalon.core.main.TestCaseExecutor.processExecutionPhase(TestCaseExecutor.java:264)
	at com.kms.katalon.core.main.TestCaseExecutor.accessMainPhase(TestCaseExecutor.java:256)
	at com.kms.katalon.core.main.TestCaseExecutor.execute(TestCaseExecutor.java:200)
	at com.kms.katalon.core.main.TestSuiteExecutor.accessTestCaseMainPhase(TestSuiteExecutor.java:129)
	at com.kms.katalon.core.main.TestSuiteExecutor.accessTestSuiteMainPhase(TestSuiteExecutor.java:112)
	at com.kms.katalon.core.main.TestSuiteExecutor.execute(TestSuiteExecutor.java:81)
	at com.kms.katalon.core.main.TestCaseMain.startTestSuite(TestCaseMain.java:142)
	at com.kms.katalon.core.main.TestCaseMain$startTestSuite$0.call(Unknown Source)
	at org.codehaus.groovy.runtime.callsite.CallSiteArray.defaultCall(CallSiteArray.java:48)
	at org.codehaus.groovy.runtime.callsite.AbstractCallSite.call(AbstractCallSite.java:113)
	at org.codehaus.groovy.runtime.callsite.AbstractCallSite.call(AbstractCallSite.java:141)
	at TempTestSuite1541743155218.run(TempTestSuite1541743155218.groovy:36)
	at groovy.lang.GroovyShell.runScriptOrMainOrTestOrRunnable(GroovyShell.java:263)
	at groovy.lang.GroovyShell.run(GroovyShell.java:518)
	at groovy.lang.GroovyShell.run(GroovyShell.java:507)
	at groovy.ui.GroovyMain.processOnce(GroovyMain.java:653)
	at groovy.ui.GroovyMain.run(GroovyMain.java:384)
	at groovy.ui.GroovyMain.process(GroovyMain.java:370)
	at groovy.ui.GroovyMain.processArgs(GroovyMain.java:129)
	at groovy.ui.GroovyMain.main(GroovyMain.java:109)
	at sun.reflect.NativeMethodAccessorImpl.invoke0(Native Method)
	at sun.reflect.NativeMethodAccessorImpl.invoke(NativeMethodAccessorImpl.java:62)
	at sun.reflect.DelegatingMethodAccessorImpl.invoke(DelegatingMethodAccessorImpl.java:43)
	at java.lang.reflect.Method.invoke(Method.java:498)
	at org.codehaus.groovy.tools.GroovyStarter.rootLoader(GroovyStarter.java:109)
	at org.codehaus.groovy.tools.GroovyStarter.main(GroovyStarter.java:131)
)

2018-11-09 13:59:25 - [TEST_STEP][PASSED] - focus: Object: 'Object Repository/dailyTesting/Backoffice/arenaCreation/Header/bettingHeader' is focused

2018-11-09 13:59:26 - [MESSAGE][PASSED] - Object: 'Object Repository/dailyTesting/Backoffice/arenaCreation/Header/bettingHeader' is focused

2018-11-09 13:59:26 - [TEST_STEP][PASSED] - verifyElementPresent: Object 'Object Repository/dailyTesting/Backoffice/arenaCreation/Header/arenaHeader' is present

2018-11-09 13:59:26 - [MESSAGE][PASSED] - Object 'Object Repository/dailyTesting/Backoffice/arenaCreation/Header/arenaHeader' is present

2018-11-09 13:59:26 - [TEST_STEP][PASSED] - click: Object: 'Object Repository/dailyTesting/Backoffice/arenaCreation/Header/arenaHeader' is clicked on

2018-11-09 13:59:27 - [MESSAGE][PASSED] - Object: 'Object Repository/dailyTesting/Backoffice/arenaCreation/Header/arenaHeader' is clicked on

2018-11-09 13:59:27 - [TEST_STEP][PASSED] - delay: Delayed 2 second(s)

2018-11-09 13:59:29 - [MESSAGE][PASSED] - Delayed 2 second(s)

2018-11-09 13:59:29 - [TEST_STEP][PASSED] - refresh: Refresh successfully

2018-11-09 13:59:29 - [MESSAGE][PASSED] - Refresh successfully

2018-11-09 13:59:29 - [TEST_STEP][PASSED] - click: Object: 'Object Repository/dailyTesting/Backoffice/arenaCreation/arenaManagement/dropdownArenaName' is clicked on

2018-11-09 13:59:29 - [MESSAGE][PASSED] - Object: 'Object Repository/dailyTesting/Backoffice/arenaCreation/arenaManagement/dropdownArenaName' is clicked on

2018-11-09 13:59:29 - [TEST_STEP][PASSED] - setText: Text 'Quezon' is set on object 'Object Repository/dailyTesting/Backoffice/arenaCreation/arenaManagement/inputArenaName'

2018-11-09 13:59:29 - [MESSAGE][PASSED] - Text 'Quezon' is set on object 'Object Repository/dailyTesting/Backoffice/arenaCreation/arenaManagement/inputArenaName'

2018-11-09 13:59:29 - [TEST_STEP][PASSED] - click: Object: 'Object Repository/dailyTesting/Backoffice/arenaCreation/arenaManagement/buttonSearch' is clicked on

2018-11-09 13:59:30 - [MESSAGE][PASSED] - Object: 'Object Repository/dailyTesting/Backoffice/arenaCreation/arenaManagement/buttonSearch' is clicked on

2018-11-09 13:59:30 - [TEST_STEP][PASSED] - delay: Delayed 2 second(s)

2018-11-09 13:59:32 - [MESSAGE][PASSED] - Delayed 2 second(s)

2018-11-09 13:59:32 - [TEST_STEP][FAILED] - verifyElementText: Verify element text of test object 'Object Repository/dailyTesting/Backoffice/arenaCreation/arenaManagement/Page_Arena Management - ucf88/td_Testing' FAILED. (Root cause: Actual text 'SAN ROQUE COCKPIT (CAMARINES NORTE)' and expected text 'Quezon' of test object 'Object Repository/dailyTesting/Backoffice/arenaCreation/arenaManagement/Page_Arena Management - ucf88/td_Testing' are NOT matched.)

2018-11-09 13:59:32 - [MESSAGE][FAILED] - Actual text 'SAN ROQUE COCKPIT (CAMARINES NORTE)' and expected text 'Quezon' of test object 'Object Repository/dailyTesting/Backoffice/arenaCreation/arenaManagement/Page_Arena Management - ucf88/td_Testing' are NOT matched.
[[ATTACHMENT|C:\\Users\\ops.02\\git\\UCF\\Reports\\dailyTesting\\betting\\testing\\20181109_135915\\1541743172176.png]]

2018-11-09 13:59:32 - [MESSAGE][FAILED] - Verify element text of test object 'Object Repository/dailyTesting/Backoffice/arenaCreation/arenaManagement/Page_Arena Management - ucf88/td_Testing' FAILED. (Root cause: Actual text 'SAN ROQUE COCKPIT (CAMARINES NORTE)' and expected text 'Quezon' of test object 'Object Repository/dailyTesting/Backoffice/arenaCreation/arenaManagement/Page_Arena Management - ucf88/td_Testing' are NOT matched.)
[[ATTACHMENT|C:\\Users\\ops.02\\git\\UCF\\Reports\\dailyTesting\\betting\\testing\\20181109_135915\\1541743172501.png]]]]></system-out>
         <system-err><![CDATA[2018-11-09 13:59:25 - [TEST_CASE][FAILED] - Test Cases/dailyTesting/arenaCreation/createArena: Test Cases/dailyTesting/arenaCreation/createArena FAILED because (of) (Stack trace: com.kms.katalon.core.exception.StepFailedException: Verify element text of test object 'Object Repository/dailyTesting/Backoffice/arenaCreation/arenaManagement/Page_Arena Management - ucf88/td_Testing' FAILED. (Root cause: Actual text 'SAN ROQUE COCKPIT (CAMARINES NORTE)' and expected text 'Quezon' of test object 'Object Repository/dailyTesting/Backoffice/arenaCreation/arenaManagement/Page_Arena Management - ucf88/td_Testing' are NOT matched.)
	at com.kms.katalon.core.keyword.internal.KeywordMain.stepFailed(KeywordMain.groovy:36)
	at com.kms.katalon.core.webui.keyword.internal.WebUIKeywordMain.stepFailed(WebUIKeywordMain.groovy:65)
	at com.kms.katalon.core.webui.keyword.internal.WebUIKeywordMain.runKeyword(WebUIKeywordMain.groovy:27)
	at com.kms.katalon.core.webui.keyword.builtin.VerifyElementTextKeyword.verifyElementText(VerifyElementTextKeyword.groovy:72)
	at com.kms.katalon.core.webui.keyword.builtin.VerifyElementTextKeyword.execute(VerifyElementTextKeyword.groovy:40)
	at com.kms.katalon.core.keyword.internal.KeywordExecutor.executeKeywordForPlatform(KeywordExecutor.groovy:53)
	at com.kms.katalon.core.webui.keyword.WebUiBuiltInKeywords.verifyElementText(WebUiBuiltInKeywords.groovy:3663)
	at com.kms.katalon.core.webui.keyword.WebUiBuiltInKeywords$verifyElementText$9.call(Unknown Source)
	at org.codehaus.groovy.runtime.callsite.CallSiteArray.defaultCall(CallSiteArray.java:48)
	at org.codehaus.groovy.runtime.callsite.AbstractCallSite.call(AbstractCallSite.java:113)
	at org.codehaus.groovy.runtime.callsite.AbstractCallSite.call(AbstractCallSite.java:133)
	at Script1540958848508.run(Script1540958848508.groovy:34)
	at com.kms.katalon.core.main.ScriptEngine.run(ScriptEngine.java:183)
	at com.kms.katalon.core.main.ScriptEngine.runScriptAsRawText(ScriptEngine.java:108)
	at com.kms.katalon.core.main.TestCaseExecutor.runScript(TestCaseExecutor.java:294)
	at com.kms.katalon.core.main.TestCaseExecutor.doExecute(TestCaseExecutor.java:285)
	at com.kms.katalon.core.main.TestCaseExecutor.processExecutionPhase(TestCaseExecutor.java:264)
	at com.kms.katalon.core.main.TestCaseExecutor.accessMainPhase(TestCaseExecutor.java:256)
	at com.kms.katalon.core.main.TestCaseExecutor.execute(TestCaseExecutor.java:200)
	at com.kms.katalon.core.main.TestSuiteExecutor.accessTestCaseMainPhase(TestSuiteExecutor.java:129)
	at com.kms.katalon.core.main.TestSuiteExecutor.accessTestSuiteMainPhase(TestSuiteExecutor.java:112)
	at com.kms.katalon.core.main.TestSuiteExecutor.execute(TestSuiteExecutor.java:81)
	at com.kms.katalon.core.main.TestCaseMain.startTestSuite(TestCaseMain.java:142)
	at com.kms.katalon.core.main.TestCaseMain$startTestSuite$0.call(Unknown Source)
	at org.codehaus.groovy.runtime.callsite.CallSiteArray.defaultCall(CallSiteArray.java:48)
	at org.codehaus.groovy.runtime.callsite.AbstractCallSite.call(AbstractCallSite.java:113)
	at org.codehaus.groovy.runtime.callsite.AbstractCallSite.call(AbstractCallSite.java:141)
	at TempTestSuite1541743155218.run(TempTestSuite1541743155218.groovy:36)
	at groovy.lang.GroovyShell.runScriptOrMainOrTestOrRunnable(GroovyShell.java:263)
	at groovy.lang.GroovyShell.run(GroovyShell.java:518)
	at groovy.lang.GroovyShell.run(GroovyShell.java:507)
	at groovy.ui.GroovyMain.processOnce(GroovyMain.java:653)
	at groovy.ui.GroovyMain.run(GroovyMain.java:384)
	at groovy.ui.GroovyMain.process(GroovyMain.java:370)
	at groovy.ui.GroovyMain.processArgs(GroovyMain.java:129)
	at groovy.ui.GroovyMain.main(GroovyMain.java:109)
	at sun.reflect.NativeMethodAccessorImpl.invoke0(Native Method)
	at sun.reflect.NativeMethodAccessorImpl.invoke(NativeMethodAccessorImpl.java:62)
	at sun.reflect.DelegatingMethodAccessorImpl.invoke(DelegatingMethodAccessorImpl.java:43)
	at java.lang.reflect.Method.invoke(Method.java:498)
	at org.codehaus.groovy.tools.GroovyStarter.rootLoader(GroovyStarter.java:109)
	at org.codehaus.groovy.tools.GroovyStarter.main(GroovyStarter.java:131)
)]]></system-err>
      </testcase>
      <testcase name="Test Cases/dailyTesting/arenaCreation/createArena" classname="Test Cases/dailyTesting/arenaCreation/createArena" status="FAILED">
         <failure type="FAILED" message="(Stack trace: com.kms.katalon.core.exception.StepFailedException: Verify element text of test object 'Object Repository/dailyTesting/Backoffice/arenaCreation/arenaManagement/Page_Arena Management - ucf88/td_Testing' FAILED. (Root cause: Actual text 'SAN ROQUE COCKPIT (CAMARINES NORTE)' and expected text 'Pasay' of test object 'Object Repository/dailyTesting/Backoffice/arenaCreation/arenaManagement/Page_Arena Management - ucf88/td_Testing' are NOT matched.)
	at com.kms.katalon.core.keyword.internal.KeywordMain.stepFailed(KeywordMain.groovy:36)
	at com.kms.katalon.core.webui.keyword.internal.WebUIKeywordMain.stepFailed(WebUIKeywordMain.groovy:65)
	at com.kms.katalon.core.webui.keyword.internal.WebUIKeywordMain.runKeyword(WebUIKeywordMain.groovy:27)
	at com.kms.katalon.core.webui.keyword.builtin.VerifyElementTextKeyword.verifyElementText(VerifyElementTextKeyword.groovy:72)
	at com.kms.katalon.core.webui.keyword.builtin.VerifyElementTextKeyword.execute(VerifyElementTextKeyword.groovy:40)
	at com.kms.katalon.core.keyword.internal.KeywordExecutor.executeKeywordForPlatform(KeywordExecutor.groovy:53)
	at com.kms.katalon.core.webui.keyword.WebUiBuiltInKeywords.verifyElementText(WebUiBuiltInKeywords.groovy:3663)
	at com.kms.katalon.core.webui.keyword.WebUiBuiltInKeywords$verifyElementText$9.call(Unknown Source)
	at Script1540958848508.run(Script1540958848508.groovy:34)
	at com.kms.katalon.core.main.ScriptEngine.run(ScriptEngine.java:183)
	at com.kms.katalon.core.main.ScriptEngine.runScriptAsRawText(ScriptEngine.java:108)
	at com.kms.katalon.core.main.TestCaseExecutor.runScript(TestCaseExecutor.java:294)
	at com.kms.katalon.core.main.TestCaseExecutor.doExecute(TestCaseExecutor.java:285)
	at com.kms.katalon.core.main.TestCaseExecutor.processExecutionPhase(TestCaseExecutor.java:264)
	at com.kms.katalon.core.main.TestCaseExecutor.accessMainPhase(TestCaseExecutor.java:256)
	at com.kms.katalon.core.main.TestCaseExecutor.execute(TestCaseExecutor.java:200)
	at com.kms.katalon.core.main.TestSuiteExecutor.accessTestCaseMainPhase(TestSuiteExecutor.java:129)
	at com.kms.katalon.core.main.TestSuiteExecutor.accessTestSuiteMainPhase(TestSuiteExecutor.java:112)
	at com.kms.katalon.core.main.TestSuiteExecutor.execute(TestSuiteExecutor.java:81)
	at com.kms.katalon.core.main.TestCaseMain.startTestSuite(TestCaseMain.java:142)
	at com.kms.katalon.core.main.TestCaseMain$startTestSuite$0.call(Unknown Source)
	at org.codehaus.groovy.runtime.callsite.CallSiteArray.defaultCall(CallSiteArray.java:48)
	at org.codehaus.groovy.runtime.callsite.AbstractCallSite.call(AbstractCallSite.java:113)
	at org.codehaus.groovy.runtime.callsite.AbstractCallSite.call(AbstractCallSite.java:141)
	at TempTestSuite1541743155218.run(TempTestSuite1541743155218.groovy:36)
	at groovy.lang.GroovyShell.runScriptOrMainOrTestOrRunnable(GroovyShell.java:263)
	at groovy.lang.GroovyShell.run(GroovyShell.java:518)
	at groovy.lang.GroovyShell.run(GroovyShell.java:507)
	at groovy.ui.GroovyMain.processOnce(GroovyMain.java:653)
	at groovy.ui.GroovyMain.run(GroovyMain.java:384)
	at groovy.ui.GroovyMain.process(GroovyMain.java:370)
	at groovy.ui.GroovyMain.processArgs(GroovyMain.java:129)
	at groovy.ui.GroovyMain.main(GroovyMain.java:109)
	at sun.reflect.NativeMethodAccessorImpl.invoke0(Native Method)
	at sun.reflect.NativeMethodAccessorImpl.invoke(NativeMethodAccessorImpl.java:62)
	at sun.reflect.DelegatingMethodAccessorImpl.invoke(DelegatingMethodAccessorImpl.java:43)
	at java.lang.reflect.Method.invoke(Method.java:498)
	at org.codehaus.groovy.tools.GroovyStarter.rootLoader(GroovyStarter.java:109)
	at org.codehaus.groovy.tools.GroovyStarter.main(GroovyStarter.java:131)
)"/>
         <system-out><![CDATA[2018-11-09 13:59:32 - [TEST_CASE][FAILED] - Test Cases/dailyTesting/arenaCreation/createArena: Test Cases/dailyTesting/arenaCreation/createArena FAILED because (of) (Stack trace: com.kms.katalon.core.exception.StepFailedException: Verify element text of test object 'Object Repository/dailyTesting/Backoffice/arenaCreation/arenaManagement/Page_Arena Management - ucf88/td_Testing' FAILED. (Root cause: Actual text 'SAN ROQUE COCKPIT (CAMARINES NORTE)' and expected text 'Pasay' of test object 'Object Repository/dailyTesting/Backoffice/arenaCreation/arenaManagement/Page_Arena Management - ucf88/td_Testing' are NOT matched.)
	at com.kms.katalon.core.keyword.internal.KeywordMain.stepFailed(KeywordMain.groovy:36)
	at com.kms.katalon.core.webui.keyword.internal.WebUIKeywordMain.stepFailed(WebUIKeywordMain.groovy:65)
	at com.kms.katalon.core.webui.keyword.internal.WebUIKeywordMain.runKeyword(WebUIKeywordMain.groovy:27)
	at com.kms.katalon.core.webui.keyword.builtin.VerifyElementTextKeyword.verifyElementText(VerifyElementTextKeyword.groovy:72)
	at com.kms.katalon.core.webui.keyword.builtin.VerifyElementTextKeyword.execute(VerifyElementTextKeyword.groovy:40)
	at com.kms.katalon.core.keyword.internal.KeywordExecutor.executeKeywordForPlatform(KeywordExecutor.groovy:53)
	at com.kms.katalon.core.webui.keyword.WebUiBuiltInKeywords.verifyElementText(WebUiBuiltInKeywords.groovy:3663)
	at com.kms.katalon.core.webui.keyword.WebUiBuiltInKeywords$verifyElementText$9.call(Unknown Source)
	at Script1540958848508.run(Script1540958848508.groovy:34)
	at com.kms.katalon.core.main.ScriptEngine.run(ScriptEngine.java:183)
	at com.kms.katalon.core.main.ScriptEngine.runScriptAsRawText(ScriptEngine.java:108)
	at com.kms.katalon.core.main.TestCaseExecutor.runScript(TestCaseExecutor.java:294)
	at com.kms.katalon.core.main.TestCaseExecutor.doExecute(TestCaseExecutor.java:285)
	at com.kms.katalon.core.main.TestCaseExecutor.processExecutionPhase(TestCaseExecutor.java:264)
	at com.kms.katalon.core.main.TestCaseExecutor.accessMainPhase(TestCaseExecutor.java:256)
	at com.kms.katalon.core.main.TestCaseExecutor.execute(TestCaseExecutor.java:200)
	at com.kms.katalon.core.main.TestSuiteExecutor.accessTestCaseMainPhase(TestSuiteExecutor.java:129)
	at com.kms.katalon.core.main.TestSuiteExecutor.accessTestSuiteMainPhase(TestSuiteExecutor.java:112)
	at com.kms.katalon.core.main.TestSuiteExecutor.execute(TestSuiteExecutor.java:81)
	at com.kms.katalon.core.main.TestCaseMain.startTestSuite(TestCaseMain.java:142)
	at com.kms.katalon.core.main.TestCaseMain$startTestSuite$0.call(Unknown Source)
	at org.codehaus.groovy.runtime.callsite.CallSiteArray.defaultCall(CallSiteArray.java:48)
	at org.codehaus.groovy.runtime.callsite.AbstractCallSite.call(AbstractCallSite.java:113)
	at org.codehaus.groovy.runtime.callsite.AbstractCallSite.call(AbstractCallSite.java:141)
	at TempTestSuite1541743155218.run(TempTestSuite1541743155218.groovy:36)
	at groovy.lang.GroovyShell.runScriptOrMainOrTestOrRunnable(GroovyShell.java:263)
	at groovy.lang.GroovyShell.run(GroovyShell.java:518)
	at groovy.lang.GroovyShell.run(GroovyShell.java:507)
	at groovy.ui.GroovyMain.processOnce(GroovyMain.java:653)
	at groovy.ui.GroovyMain.run(GroovyMain.java:384)
	at groovy.ui.GroovyMain.process(GroovyMain.java:370)
	at groovy.ui.GroovyMain.processArgs(GroovyMain.java:129)
	at groovy.ui.GroovyMain.main(GroovyMain.java:109)
	at sun.reflect.NativeMethodAccessorImpl.invoke0(Native Method)
	at sun.reflect.NativeMethodAccessorImpl.invoke(NativeMethodAccessorImpl.java:62)
	at sun.reflect.DelegatingMethodAccessorImpl.invoke(DelegatingMethodAccessorImpl.java:43)
	at java.lang.reflect.Method.invoke(Method.java:498)
	at org.codehaus.groovy.tools.GroovyStarter.rootLoader(GroovyStarter.java:109)
	at org.codehaus.groovy.tools.GroovyStarter.main(GroovyStarter.java:131)
)

2018-11-09 13:59:32 - [TEST_STEP][PASSED] - focus: Object: 'Object Repository/dailyTesting/Backoffice/arenaCreation/Header/bettingHeader' is focused

2018-11-09 13:59:32 - [MESSAGE][PASSED] - Object: 'Object Repository/dailyTesting/Backoffice/arenaCreation/Header/bettingHeader' is focused

2018-11-09 13:59:32 - [TEST_STEP][PASSED] - verifyElementPresent: Object 'Object Repository/dailyTesting/Backoffice/arenaCreation/Header/arenaHeader' is present

2018-11-09 13:59:32 - [MESSAGE][PASSED] - Object 'Object Repository/dailyTesting/Backoffice/arenaCreation/Header/arenaHeader' is present

2018-11-09 13:59:32 - [TEST_STEP][PASSED] - click: Object: 'Object Repository/dailyTesting/Backoffice/arenaCreation/Header/arenaHeader' is clicked on

2018-11-09 13:59:33 - [MESSAGE][PASSED] - Object: 'Object Repository/dailyTesting/Backoffice/arenaCreation/Header/arenaHeader' is clicked on

2018-11-09 13:59:33 - [TEST_STEP][PASSED] - delay: Delayed 2 second(s)

2018-11-09 13:59:35 - [MESSAGE][PASSED] - Delayed 2 second(s)

2018-11-09 13:59:35 - [TEST_STEP][PASSED] - refresh: Refresh successfully

2018-11-09 13:59:36 - [MESSAGE][PASSED] - Refresh successfully

2018-11-09 13:59:36 - [TEST_STEP][PASSED] - click: Object: 'Object Repository/dailyTesting/Backoffice/arenaCreation/arenaManagement/dropdownArenaName' is clicked on

2018-11-09 13:59:36 - [MESSAGE][PASSED] - Object: 'Object Repository/dailyTesting/Backoffice/arenaCreation/arenaManagement/dropdownArenaName' is clicked on

2018-11-09 13:59:36 - [TEST_STEP][PASSED] - setText: Text 'Pasay' is set on object 'Object Repository/dailyTesting/Backoffice/arenaCreation/arenaManagement/inputArenaName'

2018-11-09 13:59:36 - [MESSAGE][PASSED] - Text 'Pasay' is set on object 'Object Repository/dailyTesting/Backoffice/arenaCreation/arenaManagement/inputArenaName'

2018-11-09 13:59:36 - [TEST_STEP][PASSED] - click: Object: 'Object Repository/dailyTesting/Backoffice/arenaCreation/arenaManagement/buttonSearch' is clicked on

2018-11-09 13:59:36 - [MESSAGE][PASSED] - Object: 'Object Repository/dailyTesting/Backoffice/arenaCreation/arenaManagement/buttonSearch' is clicked on

2018-11-09 13:59:36 - [TEST_STEP][PASSED] - delay: Delayed 2 second(s)

2018-11-09 13:59:38 - [MESSAGE][PASSED] - Delayed 2 second(s)

2018-11-09 13:59:38 - [TEST_STEP][FAILED] - verifyElementText: Verify element text of test object 'Object Repository/dailyTesting/Backoffice/arenaCreation/arenaManagement/Page_Arena Management - ucf88/td_Testing' FAILED. (Root cause: Actual text 'SAN ROQUE COCKPIT (CAMARINES NORTE)' and expected text 'Pasay' of test object 'Object Repository/dailyTesting/Backoffice/arenaCreation/arenaManagement/Page_Arena Management - ucf88/td_Testing' are NOT matched.)

2018-11-09 13:59:39 - [MESSAGE][FAILED] - Actual text 'SAN ROQUE COCKPIT (CAMARINES NORTE)' and expected text 'Pasay' of test object 'Object Repository/dailyTesting/Backoffice/arenaCreation/arenaManagement/Page_Arena Management - ucf88/td_Testing' are NOT matched.
[[ATTACHMENT|C:\\Users\\ops.02\\git\\UCF\\Reports\\dailyTesting\\betting\\testing\\20181109_135915\\1541743178736.png]]

2018-11-09 13:59:39 - [MESSAGE][FAILED] - Verify element text of test object 'Object Repository/dailyTesting/Backoffice/arenaCreation/arenaManagement/Page_Arena Management - ucf88/td_Testing' FAILED. (Root cause: Actual text 'SAN ROQUE COCKPIT (CAMARINES NORTE)' and expected text 'Pasay' of test object 'Object Repository/dailyTesting/Backoffice/arenaCreation/arenaManagement/Page_Arena Management - ucf88/td_Testing' are NOT matched.)
[[ATTACHMENT|C:\\Users\\ops.02\\git\\UCF\\Reports\\dailyTesting\\betting\\testing\\20181109_135915\\1541743179088.png]]]]></system-out>
         <system-err><![CDATA[2018-11-09 13:59:32 - [TEST_CASE][FAILED] - Test Cases/dailyTesting/arenaCreation/createArena: Test Cases/dailyTesting/arenaCreation/createArena FAILED because (of) (Stack trace: com.kms.katalon.core.exception.StepFailedException: Verify element text of test object 'Object Repository/dailyTesting/Backoffice/arenaCreation/arenaManagement/Page_Arena Management - ucf88/td_Testing' FAILED. (Root cause: Actual text 'SAN ROQUE COCKPIT (CAMARINES NORTE)' and expected text 'Pasay' of test object 'Object Repository/dailyTesting/Backoffice/arenaCreation/arenaManagement/Page_Arena Management - ucf88/td_Testing' are NOT matched.)
	at com.kms.katalon.core.keyword.internal.KeywordMain.stepFailed(KeywordMain.groovy:36)
	at com.kms.katalon.core.webui.keyword.internal.WebUIKeywordMain.stepFailed(WebUIKeywordMain.groovy:65)
	at com.kms.katalon.core.webui.keyword.internal.WebUIKeywordMain.runKeyword(WebUIKeywordMain.groovy:27)
	at com.kms.katalon.core.webui.keyword.builtin.VerifyElementTextKeyword.verifyElementText(VerifyElementTextKeyword.groovy:72)
	at com.kms.katalon.core.webui.keyword.builtin.VerifyElementTextKeyword.execute(VerifyElementTextKeyword.groovy:40)
	at com.kms.katalon.core.keyword.internal.KeywordExecutor.executeKeywordForPlatform(KeywordExecutor.groovy:53)
	at com.kms.katalon.core.webui.keyword.WebUiBuiltInKeywords.verifyElementText(WebUiBuiltInKeywords.groovy:3663)
	at com.kms.katalon.core.webui.keyword.WebUiBuiltInKeywords$verifyElementText$9.call(Unknown Source)
	at Script1540958848508.run(Script1540958848508.groovy:34)
	at com.kms.katalon.core.main.ScriptEngine.run(ScriptEngine.java:183)
	at com.kms.katalon.core.main.ScriptEngine.runScriptAsRawText(ScriptEngine.java:108)
	at com.kms.katalon.core.main.TestCaseExecutor.runScript(TestCaseExecutor.java:294)
	at com.kms.katalon.core.main.TestCaseExecutor.doExecute(TestCaseExecutor.java:285)
	at com.kms.katalon.core.main.TestCaseExecutor.processExecutionPhase(TestCaseExecutor.java:264)
	at com.kms.katalon.core.main.TestCaseExecutor.accessMainPhase(TestCaseExecutor.java:256)
	at com.kms.katalon.core.main.TestCaseExecutor.execute(TestCaseExecutor.java:200)
	at com.kms.katalon.core.main.TestSuiteExecutor.accessTestCaseMainPhase(TestSuiteExecutor.java:129)
	at com.kms.katalon.core.main.TestSuiteExecutor.accessTestSuiteMainPhase(TestSuiteExecutor.java:112)
	at com.kms.katalon.core.main.TestSuiteExecutor.execute(TestSuiteExecutor.java:81)
	at com.kms.katalon.core.main.TestCaseMain.startTestSuite(TestCaseMain.java:142)
	at com.kms.katalon.core.main.TestCaseMain$startTestSuite$0.call(Unknown Source)
	at org.codehaus.groovy.runtime.callsite.CallSiteArray.defaultCall(CallSiteArray.java:48)
	at org.codehaus.groovy.runtime.callsite.AbstractCallSite.call(AbstractCallSite.java:113)
	at org.codehaus.groovy.runtime.callsite.AbstractCallSite.call(AbstractCallSite.java:141)
	at TempTestSuite1541743155218.run(TempTestSuite1541743155218.groovy:36)
	at groovy.lang.GroovyShell.runScriptOrMainOrTestOrRunnable(GroovyShell.java:263)
	at groovy.lang.GroovyShell.run(GroovyShell.java:518)
	at groovy.lang.GroovyShell.run(GroovyShell.java:507)
	at groovy.ui.GroovyMain.processOnce(GroovyMain.java:653)
	at groovy.ui.GroovyMain.run(GroovyMain.java:384)
	at groovy.ui.GroovyMain.process(GroovyMain.java:370)
	at groovy.ui.GroovyMain.processArgs(GroovyMain.java:129)
	at groovy.ui.GroovyMain.main(GroovyMain.java:109)
	at sun.reflect.NativeMethodAccessorImpl.invoke0(Native Method)
	at sun.reflect.NativeMethodAccessorImpl.invoke(NativeMethodAccessorImpl.java:62)
	at sun.reflect.DelegatingMethodAccessorImpl.invoke(DelegatingMethodAccessorImpl.java:43)
	at java.lang.reflect.Method.invoke(Method.java:498)
	at org.codehaus.groovy.tools.GroovyStarter.rootLoader(GroovyStarter.java:109)
	at org.codehaus.groovy.tools.GroovyStarter.main(GroovyStarter.java:131)
)]]></system-err>
      </testcase>
      <testcase name="Test Cases/dailyTesting/arenaCreation/createArena" classname="Test Cases/dailyTesting/arenaCreation/createArena" status="FAILED">
         <failure type="FAILED" message="(Stack trace: com.kms.katalon.core.exception.StepFailedException: Verify element text of test object 'Object Repository/dailyTesting/Backoffice/arenaCreation/arenaManagement/Page_Arena Management - ucf88/td_Testing' FAILED. (Root cause: Actual text 'SAN ROQUE COCKPIT (CAMARINES NORTE)' and expected text 'Pasig' of test object 'Object Repository/dailyTesting/Backoffice/arenaCreation/arenaManagement/Page_Arena Management - ucf88/td_Testing' are NOT matched.)
	at com.kms.katalon.core.keyword.internal.KeywordMain.stepFailed(KeywordMain.groovy:36)
	at com.kms.katalon.core.webui.keyword.internal.WebUIKeywordMain.stepFailed(WebUIKeywordMain.groovy:65)
	at com.kms.katalon.core.webui.keyword.internal.WebUIKeywordMain.runKeyword(WebUIKeywordMain.groovy:27)
	at com.kms.katalon.core.webui.keyword.builtin.VerifyElementTextKeyword.verifyElementText(VerifyElementTextKeyword.groovy:72)
	at com.kms.katalon.core.webui.keyword.builtin.VerifyElementTextKeyword.execute(VerifyElementTextKeyword.groovy:40)
	at com.kms.katalon.core.keyword.internal.KeywordExecutor.executeKeywordForPlatform(KeywordExecutor.groovy:53)
	at com.kms.katalon.core.webui.keyword.WebUiBuiltInKeywords.verifyElementText(WebUiBuiltInKeywords.groovy:3663)
	at com.kms.katalon.core.webui.keyword.WebUiBuiltInKeywords$verifyElementText$9.call(Unknown Source)
	at Script1540958848508.run(Script1540958848508.groovy:34)
	at com.kms.katalon.core.main.ScriptEngine.run(ScriptEngine.java:183)
	at com.kms.katalon.core.main.ScriptEngine.runScriptAsRawText(ScriptEngine.java:108)
	at com.kms.katalon.core.main.TestCaseExecutor.runScript(TestCaseExecutor.java:294)
	at com.kms.katalon.core.main.TestCaseExecutor.doExecute(TestCaseExecutor.java:285)
	at com.kms.katalon.core.main.TestCaseExecutor.processExecutionPhase(TestCaseExecutor.java:264)
	at com.kms.katalon.core.main.TestCaseExecutor.accessMainPhase(TestCaseExecutor.java:256)
	at com.kms.katalon.core.main.TestCaseExecutor.execute(TestCaseExecutor.java:200)
	at com.kms.katalon.core.main.TestSuiteExecutor.accessTestCaseMainPhase(TestSuiteExecutor.java:129)
	at com.kms.katalon.core.main.TestSuiteExecutor.accessTestSuiteMainPhase(TestSuiteExecutor.java:112)
	at com.kms.katalon.core.main.TestSuiteExecutor.execute(TestSuiteExecutor.java:81)
	at com.kms.katalon.core.main.TestCaseMain.startTestSuite(TestCaseMain.java:142)
	at com.kms.katalon.core.main.TestCaseMain$startTestSuite$0.call(Unknown Source)
	at org.codehaus.groovy.runtime.callsite.CallSiteArray.defaultCall(CallSiteArray.java:48)
	at org.codehaus.groovy.runtime.callsite.AbstractCallSite.call(AbstractCallSite.java:113)
	at org.codehaus.groovy.runtime.callsite.AbstractCallSite.call(AbstractCallSite.java:141)
	at TempTestSuite1541743155218.run(TempTestSuite1541743155218.groovy:36)
	at groovy.lang.GroovyShell.runScriptOrMainOrTestOrRunnable(GroovyShell.java:263)
	at groovy.lang.GroovyShell.run(GroovyShell.java:518)
	at groovy.lang.GroovyShell.run(GroovyShell.java:507)
	at groovy.ui.GroovyMain.processOnce(GroovyMain.java:653)
	at groovy.ui.GroovyMain.run(GroovyMain.java:384)
	at groovy.ui.GroovyMain.process(GroovyMain.java:370)
	at groovy.ui.GroovyMain.processArgs(GroovyMain.java:129)
	at groovy.ui.GroovyMain.main(GroovyMain.java:109)
	at sun.reflect.NativeMethodAccessorImpl.invoke0(Native Method)
	at sun.reflect.NativeMethodAccessorImpl.invoke(NativeMethodAccessorImpl.java:62)
	at sun.reflect.DelegatingMethodAccessorImpl.invoke(DelegatingMethodAccessorImpl.java:43)
	at java.lang.reflect.Method.invoke(Method.java:498)
	at org.codehaus.groovy.tools.GroovyStarter.rootLoader(GroovyStarter.java:109)
	at org.codehaus.groovy.tools.GroovyStarter.main(GroovyStarter.java:131)
)"/>
         <system-out><![CDATA[2018-11-09 13:59:39 - [TEST_CASE][FAILED] - Test Cases/dailyTesting/arenaCreation/createArena: Test Cases/dailyTesting/arenaCreation/createArena FAILED because (of) (Stack trace: com.kms.katalon.core.exception.StepFailedException: Verify element text of test object 'Object Repository/dailyTesting/Backoffice/arenaCreation/arenaManagement/Page_Arena Management - ucf88/td_Testing' FAILED. (Root cause: Actual text 'SAN ROQUE COCKPIT (CAMARINES NORTE)' and expected text 'Pasig' of test object 'Object Repository/dailyTesting/Backoffice/arenaCreation/arenaManagement/Page_Arena Management - ucf88/td_Testing' are NOT matched.)
	at com.kms.katalon.core.keyword.internal.KeywordMain.stepFailed(KeywordMain.groovy:36)
	at com.kms.katalon.core.webui.keyword.internal.WebUIKeywordMain.stepFailed(WebUIKeywordMain.groovy:65)
	at com.kms.katalon.core.webui.keyword.internal.WebUIKeywordMain.runKeyword(WebUIKeywordMain.groovy:27)
	at com.kms.katalon.core.webui.keyword.builtin.VerifyElementTextKeyword.verifyElementText(VerifyElementTextKeyword.groovy:72)
	at com.kms.katalon.core.webui.keyword.builtin.VerifyElementTextKeyword.execute(VerifyElementTextKeyword.groovy:40)
	at com.kms.katalon.core.keyword.internal.KeywordExecutor.executeKeywordForPlatform(KeywordExecutor.groovy:53)
	at com.kms.katalon.core.webui.keyword.WebUiBuiltInKeywords.verifyElementText(WebUiBuiltInKeywords.groovy:3663)
	at com.kms.katalon.core.webui.keyword.WebUiBuiltInKeywords$verifyElementText$9.call(Unknown Source)
	at Script1540958848508.run(Script1540958848508.groovy:34)
	at com.kms.katalon.core.main.ScriptEngine.run(ScriptEngine.java:183)
	at com.kms.katalon.core.main.ScriptEngine.runScriptAsRawText(ScriptEngine.java:108)
	at com.kms.katalon.core.main.TestCaseExecutor.runScript(TestCaseExecutor.java:294)
	at com.kms.katalon.core.main.TestCaseExecutor.doExecute(TestCaseExecutor.java:285)
	at com.kms.katalon.core.main.TestCaseExecutor.processExecutionPhase(TestCaseExecutor.java:264)
	at com.kms.katalon.core.main.TestCaseExecutor.accessMainPhase(TestCaseExecutor.java:256)
	at com.kms.katalon.core.main.TestCaseExecutor.execute(TestCaseExecutor.java:200)
	at com.kms.katalon.core.main.TestSuiteExecutor.accessTestCaseMainPhase(TestSuiteExecutor.java:129)
	at com.kms.katalon.core.main.TestSuiteExecutor.accessTestSuiteMainPhase(TestSuiteExecutor.java:112)
	at com.kms.katalon.core.main.TestSuiteExecutor.execute(TestSuiteExecutor.java:81)
	at com.kms.katalon.core.main.TestCaseMain.startTestSuite(TestCaseMain.java:142)
	at com.kms.katalon.core.main.TestCaseMain$startTestSuite$0.call(Unknown Source)
	at org.codehaus.groovy.runtime.callsite.CallSiteArray.defaultCall(CallSiteArray.java:48)
	at org.codehaus.groovy.runtime.callsite.AbstractCallSite.call(AbstractCallSite.java:113)
	at org.codehaus.groovy.runtime.callsite.AbstractCallSite.call(AbstractCallSite.java:141)
	at TempTestSuite1541743155218.run(TempTestSuite1541743155218.groovy:36)
	at groovy.lang.GroovyShell.runScriptOrMainOrTestOrRunnable(GroovyShell.java:263)
	at groovy.lang.GroovyShell.run(GroovyShell.java:518)
	at groovy.lang.GroovyShell.run(GroovyShell.java:507)
	at groovy.ui.GroovyMain.processOnce(GroovyMain.java:653)
	at groovy.ui.GroovyMain.run(GroovyMain.java:384)
	at groovy.ui.GroovyMain.process(GroovyMain.java:370)
	at groovy.ui.GroovyMain.processArgs(GroovyMain.java:129)
	at groovy.ui.GroovyMain.main(GroovyMain.java:109)
	at sun.reflect.NativeMethodAccessorImpl.invoke0(Native Method)
	at sun.reflect.NativeMethodAccessorImpl.invoke(NativeMethodAccessorImpl.java:62)
	at sun.reflect.DelegatingMethodAccessorImpl.invoke(DelegatingMethodAccessorImpl.java:43)
	at java.lang.reflect.Method.invoke(Method.java:498)
	at org.codehaus.groovy.tools.GroovyStarter.rootLoader(GroovyStarter.java:109)
	at org.codehaus.groovy.tools.GroovyStarter.main(GroovyStarter.java:131)
)

2018-11-09 13:59:39 - [TEST_STEP][PASSED] - focus: Object: 'Object Repository/dailyTesting/Backoffice/arenaCreation/Header/bettingHeader' is focused

2018-11-09 13:59:39 - [MESSAGE][PASSED] - Object: 'Object Repository/dailyTesting/Backoffice/arenaCreation/Header/bettingHeader' is focused

2018-11-09 13:59:39 - [TEST_STEP][PASSED] - verifyElementPresent: Object 'Object Repository/dailyTesting/Backoffice/arenaCreation/Header/arenaHeader' is present

2018-11-09 13:59:39 - [MESSAGE][PASSED] - Object 'Object Repository/dailyTesting/Backoffice/arenaCreation/Header/arenaHeader' is present

2018-11-09 13:59:39 - [TEST_STEP][PASSED] - click: Object: 'Object Repository/dailyTesting/Backoffice/arenaCreation/Header/arenaHeader' is clicked on

2018-11-09 13:59:40 - [MESSAGE][PASSED] - Object: 'Object Repository/dailyTesting/Backoffice/arenaCreation/Header/arenaHeader' is clicked on

2018-11-09 13:59:40 - [TEST_STEP][PASSED] - delay: Delayed 2 second(s)

2018-11-09 13:59:42 - [MESSAGE][PASSED] - Delayed 2 second(s)

2018-11-09 13:59:42 - [TEST_STEP][PASSED] - refresh: Refresh successfully

2018-11-09 13:59:42 - [MESSAGE][PASSED] - Refresh successfully

2018-11-09 13:59:42 - [TEST_STEP][PASSED] - click: Object: 'Object Repository/dailyTesting/Backoffice/arenaCreation/arenaManagement/dropdownArenaName' is clicked on

2018-11-09 13:59:42 - [MESSAGE][PASSED] - Object: 'Object Repository/dailyTesting/Backoffice/arenaCreation/arenaManagement/dropdownArenaName' is clicked on

2018-11-09 13:59:42 - [TEST_STEP][PASSED] - setText: Text 'Pasig' is set on object 'Object Repository/dailyTesting/Backoffice/arenaCreation/arenaManagement/inputArenaName'

2018-11-09 13:59:42 - [MESSAGE][PASSED] - Text 'Pasig' is set on object 'Object Repository/dailyTesting/Backoffice/arenaCreation/arenaManagement/inputArenaName'

2018-11-09 13:59:42 - [TEST_STEP][PASSED] - click: Object: 'Object Repository/dailyTesting/Backoffice/arenaCreation/arenaManagement/buttonSearch' is clicked on

2018-11-09 13:59:43 - [MESSAGE][PASSED] - Object: 'Object Repository/dailyTesting/Backoffice/arenaCreation/arenaManagement/buttonSearch' is clicked on

2018-11-09 13:59:43 - [TEST_STEP][PASSED] - delay: Delayed 2 second(s)

2018-11-09 13:59:45 - [MESSAGE][PASSED] - Delayed 2 second(s)

2018-11-09 13:59:45 - [TEST_STEP][FAILED] - verifyElementText: Verify element text of test object 'Object Repository/dailyTesting/Backoffice/arenaCreation/arenaManagement/Page_Arena Management - ucf88/td_Testing' FAILED. (Root cause: Actual text 'SAN ROQUE COCKPIT (CAMARINES NORTE)' and expected text 'Pasig' of test object 'Object Repository/dailyTesting/Backoffice/arenaCreation/arenaManagement/Page_Arena Management - ucf88/td_Testing' are NOT matched.)

2018-11-09 13:59:45 - [MESSAGE][FAILED] - Actual text 'SAN ROQUE COCKPIT (CAMARINES NORTE)' and expected text 'Pasig' of test object 'Object Repository/dailyTesting/Backoffice/arenaCreation/arenaManagement/Page_Arena Management - ucf88/td_Testing' are NOT matched.
[[ATTACHMENT|C:\\Users\\ops.02\\git\\UCF\\Reports\\dailyTesting\\betting\\testing\\20181109_135915\\1541743185181.png]]

2018-11-09 13:59:45 - [MESSAGE][FAILED] - Verify element text of test object 'Object Repository/dailyTesting/Backoffice/arenaCreation/arenaManagement/Page_Arena Management - ucf88/td_Testing' FAILED. (Root cause: Actual text 'SAN ROQUE COCKPIT (CAMARINES NORTE)' and expected text 'Pasig' of test object 'Object Repository/dailyTesting/Backoffice/arenaCreation/arenaManagement/Page_Arena Management - ucf88/td_Testing' are NOT matched.)
[[ATTACHMENT|C:\\Users\\ops.02\\git\\UCF\\Reports\\dailyTesting\\betting\\testing\\20181109_135915\\1541743185500.png]]]]></system-out>
         <system-err><![CDATA[2018-11-09 13:59:39 - [TEST_CASE][FAILED] - Test Cases/dailyTesting/arenaCreation/createArena: Test Cases/dailyTesting/arenaCreation/createArena FAILED because (of) (Stack trace: com.kms.katalon.core.exception.StepFailedException: Verify element text of test object 'Object Repository/dailyTesting/Backoffice/arenaCreation/arenaManagement/Page_Arena Management - ucf88/td_Testing' FAILED. (Root cause: Actual text 'SAN ROQUE COCKPIT (CAMARINES NORTE)' and expected text 'Pasig' of test object 'Object Repository/dailyTesting/Backoffice/arenaCreation/arenaManagement/Page_Arena Management - ucf88/td_Testing' are NOT matched.)
	at com.kms.katalon.core.keyword.internal.KeywordMain.stepFailed(KeywordMain.groovy:36)
	at com.kms.katalon.core.webui.keyword.internal.WebUIKeywordMain.stepFailed(WebUIKeywordMain.groovy:65)
	at com.kms.katalon.core.webui.keyword.internal.WebUIKeywordMain.runKeyword(WebUIKeywordMain.groovy:27)
	at com.kms.katalon.core.webui.keyword.builtin.VerifyElementTextKeyword.verifyElementText(VerifyElementTextKeyword.groovy:72)
	at com.kms.katalon.core.webui.keyword.builtin.VerifyElementTextKeyword.execute(VerifyElementTextKeyword.groovy:40)
	at com.kms.katalon.core.keyword.internal.KeywordExecutor.executeKeywordForPlatform(KeywordExecutor.groovy:53)
	at com.kms.katalon.core.webui.keyword.WebUiBuiltInKeywords.verifyElementText(WebUiBuiltInKeywords.groovy:3663)
	at com.kms.katalon.core.webui.keyword.WebUiBuiltInKeywords$verifyElementText$9.call(Unknown Source)
	at Script1540958848508.run(Script1540958848508.groovy:34)
	at com.kms.katalon.core.main.ScriptEngine.run(ScriptEngine.java:183)
	at com.kms.katalon.core.main.ScriptEngine.runScriptAsRawText(ScriptEngine.java:108)
	at com.kms.katalon.core.main.TestCaseExecutor.runScript(TestCaseExecutor.java:294)
	at com.kms.katalon.core.main.TestCaseExecutor.doExecute(TestCaseExecutor.java:285)
	at com.kms.katalon.core.main.TestCaseExecutor.processExecutionPhase(TestCaseExecutor.java:264)
	at com.kms.katalon.core.main.TestCaseExecutor.accessMainPhase(TestCaseExecutor.java:256)
	at com.kms.katalon.core.main.TestCaseExecutor.execute(TestCaseExecutor.java:200)
	at com.kms.katalon.core.main.TestSuiteExecutor.accessTestCaseMainPhase(TestSuiteExecutor.java:129)
	at com.kms.katalon.core.main.TestSuiteExecutor.accessTestSuiteMainPhase(TestSuiteExecutor.java:112)
	at com.kms.katalon.core.main.TestSuiteExecutor.execute(TestSuiteExecutor.java:81)
	at com.kms.katalon.core.main.TestCaseMain.startTestSuite(TestCaseMain.java:142)
	at com.kms.katalon.core.main.TestCaseMain$startTestSuite$0.call(Unknown Source)
	at org.codehaus.groovy.runtime.callsite.CallSiteArray.defaultCall(CallSiteArray.java:48)
	at org.codehaus.groovy.runtime.callsite.AbstractCallSite.call(AbstractCallSite.java:113)
	at org.codehaus.groovy.runtime.callsite.AbstractCallSite.call(AbstractCallSite.java:141)
	at TempTestSuite1541743155218.run(TempTestSuite1541743155218.groovy:36)
	at groovy.lang.GroovyShell.runScriptOrMainOrTestOrRunnable(GroovyShell.java:263)
	at groovy.lang.GroovyShell.run(GroovyShell.java:518)
	at groovy.lang.GroovyShell.run(GroovyShell.java:507)
	at groovy.ui.GroovyMain.processOnce(GroovyMain.java:653)
	at groovy.ui.GroovyMain.run(GroovyMain.java:384)
	at groovy.ui.GroovyMain.process(GroovyMain.java:370)
	at groovy.ui.GroovyMain.processArgs(GroovyMain.java:129)
	at groovy.ui.GroovyMain.main(GroovyMain.java:109)
	at sun.reflect.NativeMethodAccessorImpl.invoke0(Native Method)
	at sun.reflect.NativeMethodAccessorImpl.invoke(NativeMethodAccessorImpl.java:62)
	at sun.reflect.DelegatingMethodAccessorImpl.invoke(DelegatingMethodAccessorImpl.java:43)
	at java.lang.reflect.Method.invoke(Method.java:498)
	at org.codehaus.groovy.tools.GroovyStarter.rootLoader(GroovyStarter.java:109)
	at org.codehaus.groovy.tools.GroovyStarter.main(GroovyStarter.java:131)
)]]></system-err>
      </testcase>
      <testcase name="Test Cases/dailyTesting/arenaCreation/createArena" classname="Test Cases/dailyTesting/arenaCreation/createArena" status="FAILED">
         <failure type="FAILED" message="(Stack trace: com.kms.katalon.core.exception.StepFailedException: Verify element text of test object 'Object Repository/dailyTesting/Backoffice/arenaCreation/arenaManagement/Page_Arena Management - ucf88/td_Testing' FAILED. (Root cause: Actual text 'SAN ROQUE COCKPIT (CAMARINES NORTE)' and expected text 'San Juan' of test object 'Object Repository/dailyTesting/Backoffice/arenaCreation/arenaManagement/Page_Arena Management - ucf88/td_Testing' are NOT matched.)
	at com.kms.katalon.core.keyword.internal.KeywordMain.stepFailed(KeywordMain.groovy:36)
	at com.kms.katalon.core.webui.keyword.internal.WebUIKeywordMain.stepFailed(WebUIKeywordMain.groovy:65)
	at com.kms.katalon.core.webui.keyword.internal.WebUIKeywordMain.runKeyword(WebUIKeywordMain.groovy:27)
	at com.kms.katalon.core.webui.keyword.builtin.VerifyElementTextKeyword.verifyElementText(VerifyElementTextKeyword.groovy:72)
	at com.kms.katalon.core.webui.keyword.builtin.VerifyElementTextKeyword.execute(VerifyElementTextKeyword.groovy:40)
	at com.kms.katalon.core.keyword.internal.KeywordExecutor.executeKeywordForPlatform(KeywordExecutor.groovy:53)
	at com.kms.katalon.core.webui.keyword.WebUiBuiltInKeywords.verifyElementText(WebUiBuiltInKeywords.groovy:3663)
	at com.kms.katalon.core.webui.keyword.WebUiBuiltInKeywords$verifyElementText$9.call(Unknown Source)
	at Script1540958848508.run(Script1540958848508.groovy:34)
	at com.kms.katalon.core.main.ScriptEngine.run(ScriptEngine.java:183)
	at com.kms.katalon.core.main.ScriptEngine.runScriptAsRawText(ScriptEngine.java:108)
	at com.kms.katalon.core.main.TestCaseExecutor.runScript(TestCaseExecutor.java:294)
	at com.kms.katalon.core.main.TestCaseExecutor.doExecute(TestCaseExecutor.java:285)
	at com.kms.katalon.core.main.TestCaseExecutor.processExecutionPhase(TestCaseExecutor.java:264)
	at com.kms.katalon.core.main.TestCaseExecutor.accessMainPhase(TestCaseExecutor.java:256)
	at com.kms.katalon.core.main.TestCaseExecutor.execute(TestCaseExecutor.java:200)
	at com.kms.katalon.core.main.TestSuiteExecutor.accessTestCaseMainPhase(TestSuiteExecutor.java:129)
	at com.kms.katalon.core.main.TestSuiteExecutor.accessTestSuiteMainPhase(TestSuiteExecutor.java:112)
	at com.kms.katalon.core.main.TestSuiteExecutor.execute(TestSuiteExecutor.java:81)
	at com.kms.katalon.core.main.TestCaseMain.startTestSuite(TestCaseMain.java:142)
	at com.kms.katalon.core.main.TestCaseMain$startTestSuite$0.call(Unknown Source)
	at org.codehaus.groovy.runtime.callsite.CallSiteArray.defaultCall(CallSiteArray.java:48)
	at org.codehaus.groovy.runtime.callsite.AbstractCallSite.call(AbstractCallSite.java:113)
	at org.codehaus.groovy.runtime.callsite.AbstractCallSite.call(AbstractCallSite.java:141)
	at TempTestSuite1541743155218.run(TempTestSuite1541743155218.groovy:36)
	at groovy.lang.GroovyShell.runScriptOrMainOrTestOrRunnable(GroovyShell.java:263)
	at groovy.lang.GroovyShell.run(GroovyShell.java:518)
	at groovy.lang.GroovyShell.run(GroovyShell.java:507)
	at groovy.ui.GroovyMain.processOnce(GroovyMain.java:653)
	at groovy.ui.GroovyMain.run(GroovyMain.java:384)
	at groovy.ui.GroovyMain.process(GroovyMain.java:370)
	at groovy.ui.GroovyMain.processArgs(GroovyMain.java:129)
	at groovy.ui.GroovyMain.main(GroovyMain.java:109)
	at sun.reflect.NativeMethodAccessorImpl.invoke0(Native Method)
	at sun.reflect.NativeMethodAccessorImpl.invoke(NativeMethodAccessorImpl.java:62)
	at sun.reflect.DelegatingMethodAccessorImpl.invoke(DelegatingMethodAccessorImpl.java:43)
	at java.lang.reflect.Method.invoke(Method.java:498)
	at org.codehaus.groovy.tools.GroovyStarter.rootLoader(GroovyStarter.java:109)
	at org.codehaus.groovy.tools.GroovyStarter.main(GroovyStarter.java:131)
)"/>
         <system-out><![CDATA[2018-11-09 13:59:45 - [TEST_CASE][FAILED] - Test Cases/dailyTesting/arenaCreation/createArena: Test Cases/dailyTesting/arenaCreation/createArena FAILED because (of) (Stack trace: com.kms.katalon.core.exception.StepFailedException: Verify element text of test object 'Object Repository/dailyTesting/Backoffice/arenaCreation/arenaManagement/Page_Arena Management - ucf88/td_Testing' FAILED. (Root cause: Actual text 'SAN ROQUE COCKPIT (CAMARINES NORTE)' and expected text 'San Juan' of test object 'Object Repository/dailyTesting/Backoffice/arenaCreation/arenaManagement/Page_Arena Management - ucf88/td_Testing' are NOT matched.)
	at com.kms.katalon.core.keyword.internal.KeywordMain.stepFailed(KeywordMain.groovy:36)
	at com.kms.katalon.core.webui.keyword.internal.WebUIKeywordMain.stepFailed(WebUIKeywordMain.groovy:65)
	at com.kms.katalon.core.webui.keyword.internal.WebUIKeywordMain.runKeyword(WebUIKeywordMain.groovy:27)
	at com.kms.katalon.core.webui.keyword.builtin.VerifyElementTextKeyword.verifyElementText(VerifyElementTextKeyword.groovy:72)
	at com.kms.katalon.core.webui.keyword.builtin.VerifyElementTextKeyword.execute(VerifyElementTextKeyword.groovy:40)
	at com.kms.katalon.core.keyword.internal.KeywordExecutor.executeKeywordForPlatform(KeywordExecutor.groovy:53)
	at com.kms.katalon.core.webui.keyword.WebUiBuiltInKeywords.verifyElementText(WebUiBuiltInKeywords.groovy:3663)
	at com.kms.katalon.core.webui.keyword.WebUiBuiltInKeywords$verifyElementText$9.call(Unknown Source)
	at Script1540958848508.run(Script1540958848508.groovy:34)
	at com.kms.katalon.core.main.ScriptEngine.run(ScriptEngine.java:183)
	at com.kms.katalon.core.main.ScriptEngine.runScriptAsRawText(ScriptEngine.java:108)
	at com.kms.katalon.core.main.TestCaseExecutor.runScript(TestCaseExecutor.java:294)
	at com.kms.katalon.core.main.TestCaseExecutor.doExecute(TestCaseExecutor.java:285)
	at com.kms.katalon.core.main.TestCaseExecutor.processExecutionPhase(TestCaseExecutor.java:264)
	at com.kms.katalon.core.main.TestCaseExecutor.accessMainPhase(TestCaseExecutor.java:256)
	at com.kms.katalon.core.main.TestCaseExecutor.execute(TestCaseExecutor.java:200)
	at com.kms.katalon.core.main.TestSuiteExecutor.accessTestCaseMainPhase(TestSuiteExecutor.java:129)
	at com.kms.katalon.core.main.TestSuiteExecutor.accessTestSuiteMainPhase(TestSuiteExecutor.java:112)
	at com.kms.katalon.core.main.TestSuiteExecutor.execute(TestSuiteExecutor.java:81)
	at com.kms.katalon.core.main.TestCaseMain.startTestSuite(TestCaseMain.java:142)
	at com.kms.katalon.core.main.TestCaseMain$startTestSuite$0.call(Unknown Source)
	at org.codehaus.groovy.runtime.callsite.CallSiteArray.defaultCall(CallSiteArray.java:48)
	at org.codehaus.groovy.runtime.callsite.AbstractCallSite.call(AbstractCallSite.java:113)
	at org.codehaus.groovy.runtime.callsite.AbstractCallSite.call(AbstractCallSite.java:141)
	at TempTestSuite1541743155218.run(TempTestSuite1541743155218.groovy:36)
	at groovy.lang.GroovyShell.runScriptOrMainOrTestOrRunnable(GroovyShell.java:263)
	at groovy.lang.GroovyShell.run(GroovyShell.java:518)
	at groovy.lang.GroovyShell.run(GroovyShell.java:507)
	at groovy.ui.GroovyMain.processOnce(GroovyMain.java:653)
	at groovy.ui.GroovyMain.run(GroovyMain.java:384)
	at groovy.ui.GroovyMain.process(GroovyMain.java:370)
	at groovy.ui.GroovyMain.processArgs(GroovyMain.java:129)
	at groovy.ui.GroovyMain.main(GroovyMain.java:109)
	at sun.reflect.NativeMethodAccessorImpl.invoke0(Native Method)
	at sun.reflect.NativeMethodAccessorImpl.invoke(NativeMethodAccessorImpl.java:62)
	at sun.reflect.DelegatingMethodAccessorImpl.invoke(DelegatingMethodAccessorImpl.java:43)
	at java.lang.reflect.Method.invoke(Method.java:498)
	at org.codehaus.groovy.tools.GroovyStarter.rootLoader(GroovyStarter.java:109)
	at org.codehaus.groovy.tools.GroovyStarter.main(GroovyStarter.java:131)
)

2018-11-09 13:59:45 - [TEST_STEP][PASSED] - focus: Object: 'Object Repository/dailyTesting/Backoffice/arenaCreation/Header/bettingHeader' is focused

2018-11-09 13:59:45 - [MESSAGE][PASSED] - Object: 'Object Repository/dailyTesting/Backoffice/arenaCreation/Header/bettingHeader' is focused

2018-11-09 13:59:45 - [TEST_STEP][PASSED] - verifyElementPresent: Object 'Object Repository/dailyTesting/Backoffice/arenaCreation/Header/arenaHeader' is present

2018-11-09 13:59:45 - [MESSAGE][PASSED] - Object 'Object Repository/dailyTesting/Backoffice/arenaCreation/Header/arenaHeader' is present

2018-11-09 13:59:45 - [TEST_STEP][PASSED] - click: Object: 'Object Repository/dailyTesting/Backoffice/arenaCreation/Header/arenaHeader' is clicked on

2018-11-09 13:59:46 - [MESSAGE][PASSED] - Object: 'Object Repository/dailyTesting/Backoffice/arenaCreation/Header/arenaHeader' is clicked on

2018-11-09 13:59:46 - [TEST_STEP][PASSED] - delay: Delayed 2 second(s)

2018-11-09 13:59:48 - [MESSAGE][PASSED] - Delayed 2 second(s)

2018-11-09 13:59:48 - [TEST_STEP][PASSED] - refresh: Refresh successfully

2018-11-09 13:59:49 - [MESSAGE][PASSED] - Refresh successfully

2018-11-09 13:59:49 - [TEST_STEP][PASSED] - click: Object: 'Object Repository/dailyTesting/Backoffice/arenaCreation/arenaManagement/dropdownArenaName' is clicked on

2018-11-09 13:59:49 - [MESSAGE][PASSED] - Object: 'Object Repository/dailyTesting/Backoffice/arenaCreation/arenaManagement/dropdownArenaName' is clicked on

2018-11-09 13:59:49 - [TEST_STEP][PASSED] - setText: Text 'San Juan' is set on object 'Object Repository/dailyTesting/Backoffice/arenaCreation/arenaManagement/inputArenaName'

2018-11-09 13:59:49 - [MESSAGE][PASSED] - Text 'San Juan' is set on object 'Object Repository/dailyTesting/Backoffice/arenaCreation/arenaManagement/inputArenaName'

2018-11-09 13:59:49 - [TEST_STEP][PASSED] - click: Object: 'Object Repository/dailyTesting/Backoffice/arenaCreation/arenaManagement/buttonSearch' is clicked on

2018-11-09 13:59:49 - [MESSAGE][PASSED] - Object: 'Object Repository/dailyTesting/Backoffice/arenaCreation/arenaManagement/buttonSearch' is clicked on

2018-11-09 13:59:49 - [TEST_STEP][PASSED] - delay: Delayed 2 second(s)

2018-11-09 13:59:51 - [MESSAGE][PASSED] - Delayed 2 second(s)

2018-11-09 13:59:51 - [TEST_STEP][FAILED] - verifyElementText: Verify element text of test object 'Object Repository/dailyTesting/Backoffice/arenaCreation/arenaManagement/Page_Arena Management - ucf88/td_Testing' FAILED. (Root cause: Actual text 'SAN ROQUE COCKPIT (CAMARINES NORTE)' and expected text 'San Juan' of test object 'Object Repository/dailyTesting/Backoffice/arenaCreation/arenaManagement/Page_Arena Management - ucf88/td_Testing' are NOT matched.)

2018-11-09 13:59:51 - [MESSAGE][FAILED] - Actual text 'SAN ROQUE COCKPIT (CAMARINES NORTE)' and expected text 'San Juan' of test object 'Object Repository/dailyTesting/Backoffice/arenaCreation/arenaManagement/Page_Arena Management - ucf88/td_Testing' are NOT matched.
[[ATTACHMENT|C:\\Users\\ops.02\\git\\UCF\\Reports\\dailyTesting\\betting\\testing\\20181109_135915\\1541743191669.png]]

2018-11-09 13:59:52 - [MESSAGE][FAILED] - Verify element text of test object 'Object Repository/dailyTesting/Backoffice/arenaCreation/arenaManagement/Page_Arena Management - ucf88/td_Testing' FAILED. (Root cause: Actual text 'SAN ROQUE COCKPIT (CAMARINES NORTE)' and expected text 'San Juan' of test object 'Object Repository/dailyTesting/Backoffice/arenaCreation/arenaManagement/Page_Arena Management - ucf88/td_Testing' are NOT matched.)
[[ATTACHMENT|C:\\Users\\ops.02\\git\\UCF\\Reports\\dailyTesting\\betting\\testing\\20181109_135915\\1541743191979.png]]]]></system-out>
         <system-err><![CDATA[2018-11-09 13:59:45 - [TEST_CASE][FAILED] - Test Cases/dailyTesting/arenaCreation/createArena: Test Cases/dailyTesting/arenaCreation/createArena FAILED because (of) (Stack trace: com.kms.katalon.core.exception.StepFailedException: Verify element text of test object 'Object Repository/dailyTesting/Backoffice/arenaCreation/arenaManagement/Page_Arena Management - ucf88/td_Testing' FAILED. (Root cause: Actual text 'SAN ROQUE COCKPIT (CAMARINES NORTE)' and expected text 'San Juan' of test object 'Object Repository/dailyTesting/Backoffice/arenaCreation/arenaManagement/Page_Arena Management - ucf88/td_Testing' are NOT matched.)
	at com.kms.katalon.core.keyword.internal.KeywordMain.stepFailed(KeywordMain.groovy:36)
	at com.kms.katalon.core.webui.keyword.internal.WebUIKeywordMain.stepFailed(WebUIKeywordMain.groovy:65)
	at com.kms.katalon.core.webui.keyword.internal.WebUIKeywordMain.runKeyword(WebUIKeywordMain.groovy:27)
	at com.kms.katalon.core.webui.keyword.builtin.VerifyElementTextKeyword.verifyElementText(VerifyElementTextKeyword.groovy:72)
	at com.kms.katalon.core.webui.keyword.builtin.VerifyElementTextKeyword.execute(VerifyElementTextKeyword.groovy:40)
	at com.kms.katalon.core.keyword.internal.KeywordExecutor.executeKeywordForPlatform(KeywordExecutor.groovy:53)
	at com.kms.katalon.core.webui.keyword.WebUiBuiltInKeywords.verifyElementText(WebUiBuiltInKeywords.groovy:3663)
	at com.kms.katalon.core.webui.keyword.WebUiBuiltInKeywords$verifyElementText$9.call(Unknown Source)
	at Script1540958848508.run(Script1540958848508.groovy:34)
	at com.kms.katalon.core.main.ScriptEngine.run(ScriptEngine.java:183)
	at com.kms.katalon.core.main.ScriptEngine.runScriptAsRawText(ScriptEngine.java:108)
	at com.kms.katalon.core.main.TestCaseExecutor.runScript(TestCaseExecutor.java:294)
	at com.kms.katalon.core.main.TestCaseExecutor.doExecute(TestCaseExecutor.java:285)
	at com.kms.katalon.core.main.TestCaseExecutor.processExecutionPhase(TestCaseExecutor.java:264)
	at com.kms.katalon.core.main.TestCaseExecutor.accessMainPhase(TestCaseExecutor.java:256)
	at com.kms.katalon.core.main.TestCaseExecutor.execute(TestCaseExecutor.java:200)
	at com.kms.katalon.core.main.TestSuiteExecutor.accessTestCaseMainPhase(TestSuiteExecutor.java:129)
	at com.kms.katalon.core.main.TestSuiteExecutor.accessTestSuiteMainPhase(TestSuiteExecutor.java:112)
	at com.kms.katalon.core.main.TestSuiteExecutor.execute(TestSuiteExecutor.java:81)
	at com.kms.katalon.core.main.TestCaseMain.startTestSuite(TestCaseMain.java:142)
	at com.kms.katalon.core.main.TestCaseMain$startTestSuite$0.call(Unknown Source)
	at org.codehaus.groovy.runtime.callsite.CallSiteArray.defaultCall(CallSiteArray.java:48)
	at org.codehaus.groovy.runtime.callsite.AbstractCallSite.call(AbstractCallSite.java:113)
	at org.codehaus.groovy.runtime.callsite.AbstractCallSite.call(AbstractCallSite.java:141)
	at TempTestSuite1541743155218.run(TempTestSuite1541743155218.groovy:36)
	at groovy.lang.GroovyShell.runScriptOrMainOrTestOrRunnable(GroovyShell.java:263)
	at groovy.lang.GroovyShell.run(GroovyShell.java:518)
	at groovy.lang.GroovyShell.run(GroovyShell.java:507)
	at groovy.ui.GroovyMain.processOnce(GroovyMain.java:653)
	at groovy.ui.GroovyMain.run(GroovyMain.java:384)
	at groovy.ui.GroovyMain.process(GroovyMain.java:370)
	at groovy.ui.GroovyMain.processArgs(GroovyMain.java:129)
	at groovy.ui.GroovyMain.main(GroovyMain.java:109)
	at sun.reflect.NativeMethodAccessorImpl.invoke0(Native Method)
	at sun.reflect.NativeMethodAccessorImpl.invoke(NativeMethodAccessorImpl.java:62)
	at sun.reflect.DelegatingMethodAccessorImpl.invoke(DelegatingMethodAccessorImpl.java:43)
	at java.lang.reflect.Method.invoke(Method.java:498)
	at org.codehaus.groovy.tools.GroovyStarter.rootLoader(GroovyStarter.java:109)
	at org.codehaus.groovy.tools.GroovyStarter.main(GroovyStarter.java:131)
)]]></system-err>
      </testcase>
      <system-out><![CDATA[2018-11-09 13:59:16 - [TEST_SUITE][FAILED] - testing: Test Cases/dailyTesting/arenaCreation/createArena FAILED because (of) (Stack trace: com.kms.katalon.core.exception.StepFailedException: Verify element text of test object 'Object Repository/dailyTesting/Backoffice/arenaCreation/arenaManagement/Page_Arena Management - ucf88/td_Testing' FAILED. (Root cause: Actual text 'SAN ROQUE COCKPIT (CAMARINES NORTE)' and expected text 'Quezon' of test object 'Object Repository/dailyTesting/Backoffice/arenaCreation/arenaManagement/Page_Arena Management - ucf88/td_Testing' are NOT matched.)
	at com.kms.katalon.core.keyword.internal.KeywordMain.stepFailed(KeywordMain.groovy:36)
	at com.kms.katalon.core.webui.keyword.internal.WebUIKeywordMain.stepFailed(WebUIKeywordMain.groovy:65)
	at com.kms.katalon.core.webui.keyword.internal.WebUIKeywordMain.runKeyword(WebUIKeywordMain.groovy:27)
	at com.kms.katalon.core.webui.keyword.builtin.VerifyElementTextKeyword.verifyElementText(VerifyElementTextKeyword.groovy:72)
	at com.kms.katalon.core.webui.keyword.builtin.VerifyElementTextKeyword.execute(VerifyElementTextKeyword.groovy:40)
	at com.kms.katalon.core.keyword.internal.KeywordExecutor.executeKeywordForPlatform(KeywordExecutor.groovy:53)
	at com.kms.katalon.core.webui.keyword.WebUiBuiltInKeywords.verifyElementText(WebUiBuiltInKeywords.groovy:3663)
	at com.kms.katalon.core.webui.keyword.WebUiBuiltInKeywords$verifyElementText$9.call(Unknown Source)
	at org.codehaus.groovy.runtime.callsite.CallSiteArray.defaultCall(CallSiteArray.java:48)
	at org.codehaus.groovy.runtime.callsite.AbstractCallSite.call(AbstractCallSite.java:113)
	at org.codehaus.groovy.runtime.callsite.AbstractCallSite.call(AbstractCallSite.java:133)
	at Script1540958848508.run(Script1540958848508.groovy:34)
	at com.kms.katalon.core.main.ScriptEngine.run(ScriptEngine.java:183)
	at com.kms.katalon.core.main.ScriptEngine.runScriptAsRawText(ScriptEngine.java:108)
	at com.kms.katalon.core.main.TestCaseExecutor.runScript(TestCaseExecutor.java:294)
	at com.kms.katalon.core.main.TestCaseExecutor.doExecute(TestCaseExecutor.java:285)
	at com.kms.katalon.core.main.TestCaseExecutor.processExecutionPhase(TestCaseExecutor.java:264)
	at com.kms.katalon.core.main.TestCaseExecutor.accessMainPhase(TestCaseExecutor.java:256)
	at com.kms.katalon.core.main.TestCaseExecutor.execute(TestCaseExecutor.java:200)
	at com.kms.katalon.core.main.TestSuiteExecutor.accessTestCaseMainPhase(TestSuiteExecutor.java:129)
	at com.kms.katalon.core.main.TestSuiteExecutor.accessTestSuiteMainPhase(TestSuiteExecutor.java:112)
	at com.kms.katalon.core.main.TestSuiteExecutor.execute(TestSuiteExecutor.java:81)
	at com.kms.katalon.core.main.TestCaseMain.startTestSuite(TestCaseMain.java:142)
	at com.kms.katalon.core.main.TestCaseMain$startTestSuite$0.call(Unknown Source)
	at org.codehaus.groovy.runtime.callsite.CallSiteArray.defaultCall(CallSiteArray.java:48)
	at org.codehaus.groovy.runtime.callsite.AbstractCallSite.call(AbstractCallSite.java:113)
	at org.codehaus.groovy.runtime.callsite.AbstractCallSite.call(AbstractCallSite.java:141)
	at TempTestSuite1541743155218.run(TempTestSuite1541743155218.groovy:36)
	at groovy.lang.GroovyShell.runScriptOrMainOrTestOrRunnable(GroovyShell.java:263)
	at groovy.lang.GroovyShell.run(GroovyShell.java:518)
	at groovy.lang.GroovyShell.run(GroovyShell.java:507)
	at groovy.ui.GroovyMain.processOnce(GroovyMain.java:653)
	at groovy.ui.GroovyMain.run(GroovyMain.java:384)
	at groovy.ui.GroovyMain.process(GroovyMain.java:370)
	at groovy.ui.GroovyMain.processArgs(GroovyMain.java:129)
	at groovy.ui.GroovyMain.main(GroovyMain.java:109)
	at sun.reflect.NativeMethodAccessorImpl.invoke0(Native Method)
	at sun.reflect.NativeMethodAccessorImpl.invoke(NativeMethodAccessorImpl.java:62)
	at sun.reflect.DelegatingMethodAccessorImpl.invoke(DelegatingMethodAccessorImpl.java:43)
	at java.lang.reflect.Method.invoke(Method.java:498)
	at org.codehaus.groovy.tools.GroovyStarter.rootLoader(GroovyStarter.java:109)
	at org.codehaus.groovy.tools.GroovyStarter.main(GroovyStarter.java:131)
)]]></system-out>
      <system-err><![CDATA[2018-11-09 13:59:16 - [TEST_SUITE][FAILED] - testing: Test Cases/dailyTesting/arenaCreation/createArena FAILED because (of) (Stack trace: com.kms.katalon.core.exception.StepFailedException: Verify element text of test object 'Object Repository/dailyTesting/Backoffice/arenaCreation/arenaManagement/Page_Arena Management - ucf88/td_Testing' FAILED. (Root cause: Actual text 'SAN ROQUE COCKPIT (CAMARINES NORTE)' and expected text 'Quezon' of test object 'Object Repository/dailyTesting/Backoffice/arenaCreation/arenaManagement/Page_Arena Management - ucf88/td_Testing' are NOT matched.)
	at com.kms.katalon.core.keyword.internal.KeywordMain.stepFailed(KeywordMain.groovy:36)
	at com.kms.katalon.core.webui.keyword.internal.WebUIKeywordMain.stepFailed(WebUIKeywordMain.groovy:65)
	at com.kms.katalon.core.webui.keyword.internal.WebUIKeywordMain.runKeyword(WebUIKeywordMain.groovy:27)
	at com.kms.katalon.core.webui.keyword.builtin.VerifyElementTextKeyword.verifyElementText(VerifyElementTextKeyword.groovy:72)
	at com.kms.katalon.core.webui.keyword.builtin.VerifyElementTextKeyword.execute(VerifyElementTextKeyword.groovy:40)
	at com.kms.katalon.core.keyword.internal.KeywordExecutor.executeKeywordForPlatform(KeywordExecutor.groovy:53)
	at com.kms.katalon.core.webui.keyword.WebUiBuiltInKeywords.verifyElementText(WebUiBuiltInKeywords.groovy:3663)
	at com.kms.katalon.core.webui.keyword.WebUiBuiltInKeywords$verifyElementText$9.call(Unknown Source)
	at org.codehaus.groovy.runtime.callsite.CallSiteArray.defaultCall(CallSiteArray.java:48)
	at org.codehaus.groovy.runtime.callsite.AbstractCallSite.call(AbstractCallSite.java:113)
	at org.codehaus.groovy.runtime.callsite.AbstractCallSite.call(AbstractCallSite.java:133)
	at Script1540958848508.run(Script1540958848508.groovy:34)
	at com.kms.katalon.core.main.ScriptEngine.run(ScriptEngine.java:183)
	at com.kms.katalon.core.main.ScriptEngine.runScriptAsRawText(ScriptEngine.java:108)
	at com.kms.katalon.core.main.TestCaseExecutor.runScript(TestCaseExecutor.java:294)
	at com.kms.katalon.core.main.TestCaseExecutor.doExecute(TestCaseExecutor.java:285)
	at com.kms.katalon.core.main.TestCaseExecutor.processExecutionPhase(TestCaseExecutor.java:264)
	at com.kms.katalon.core.main.TestCaseExecutor.accessMainPhase(TestCaseExecutor.java:256)
	at com.kms.katalon.core.main.TestCaseExecutor.execute(TestCaseExecutor.java:200)
	at com.kms.katalon.core.main.TestSuiteExecutor.accessTestCaseMainPhase(TestSuiteExecutor.java:129)
	at com.kms.katalon.core.main.TestSuiteExecutor.accessTestSuiteMainPhase(TestSuiteExecutor.java:112)
	at com.kms.katalon.core.main.TestSuiteExecutor.execute(TestSuiteExecutor.java:81)
	at com.kms.katalon.core.main.TestCaseMain.startTestSuite(TestCaseMain.java:142)
	at com.kms.katalon.core.main.TestCaseMain$startTestSuite$0.call(Unknown Source)
	at org.codehaus.groovy.runtime.callsite.CallSiteArray.defaultCall(CallSiteArray.java:48)
	at org.codehaus.groovy.runtime.callsite.AbstractCallSite.call(AbstractCallSite.java:113)
	at org.codehaus.groovy.runtime.callsite.AbstractCallSite.call(AbstractCallSite.java:141)
	at TempTestSuite1541743155218.run(TempTestSuite1541743155218.groovy:36)
	at groovy.lang.GroovyShell.runScriptOrMainOrTestOrRunnable(GroovyShell.java:263)
	at groovy.lang.GroovyShell.run(GroovyShell.java:518)
	at groovy.lang.GroovyShell.run(GroovyShell.java:507)
	at groovy.ui.GroovyMain.processOnce(GroovyMain.java:653)
	at groovy.ui.GroovyMain.run(GroovyMain.java:384)
	at groovy.ui.GroovyMain.process(GroovyMain.java:370)
	at groovy.ui.GroovyMain.processArgs(GroovyMain.java:129)
	at groovy.ui.GroovyMain.main(GroovyMain.java:109)
	at sun.reflect.NativeMethodAccessorImpl.invoke0(Native Method)
	at sun.reflect.NativeMethodAccessorImpl.invoke(NativeMethodAccessorImpl.java:62)
	at sun.reflect.DelegatingMethodAccessorImpl.invoke(DelegatingMethodAccessorImpl.java:43)
	at java.lang.reflect.Method.invoke(Method.java:498)
	at org.codehaus.groovy.tools.GroovyStarter.rootLoader(GroovyStarter.java:109)
	at org.codehaus.groovy.tools.GroovyStarter.main(GroovyStarter.java:131)
)]]></system-err>
   </testsuite>
</testsuites>
