<?xml version="1.0" encoding="UTF-8"?>
<testsuites name="1Arenawith100Match" time="746" tests="101" failures="0" errors="0">
   <testsuite name="1Arenawith100Match" tests="101" failures="0" errors="0" time="746" timestamp="2018-10-19 18:05:01" hostname="Richard Sanchez - DESKTOP-A1HL9OG" id="Test Suites/Staging/Arenacreation/1Arenawith100Match">
      <properties>
         <property name="deviceName" value=""/>
         <property name="devicePlatform" value=""/>
         <property name="logFolder" value="C:\\Users\\Richard Sanchez\\Katalon Studio\\ucf88\\Reports\\Staging\\Arenacreation\\1Arenawith100Match\\20181019_180459"/>
         <property name="logFiles" value="C:\\Users\\Richard Sanchez\\Katalon Studio\\ucf88\\Reports\\Staging\\Arenacreation\\1Arenawith100Match\\20181019_180459\\execution0.log"/>
         <property name="attachments" value=""/>
         <property name="hostName" value="Richard Sanchez - DESKTOP-A1HL9OG"/>
         <property name="os" value="Windows 10 64bit"/>
         <property name="katalonVersion" value="5.8.0.1"/>
         <property name="browser" value="Chrome 69.0.3497.100"/>
         <property name="hostAddress" value="172.16.8.122"/>
         <property name="sessionId" value="06e93e507d112388ef39f2665881cf35"/>
         <property name="seleniumVersion" value="3.7.1"/>
         <property name="proxyInformation" value="ProxyInformation{proxyOption=NO_PROXY, proxyServerType=HTTP, password=, proxyServerAddress=, proxyServerPort=0}"/>
         <property name="platform" value="Windows 10"/>
      </properties>
      <testcase name="Test Cases/Staging/Backoffice/Login/LoginAdmin" classname="Test Cases/Staging/Backoffice/Login/LoginAdmin" status="PASSED">
         <system-out><![CDATA[2018-10-19 18:05:02 - [TEST_CASE][PASSED] - Test Cases/Staging/Backoffice/Login/LoginAdmin: Test Cases/Staging/Backoffice/Login/LoginAdmin

2018-10-19 18:05:02 - [TEST_STEP][PASSED] - openBrowser: Browser is opened with url: ''

2018-10-19 18:05:05 - [MESSAGE][PASSED] - Browser is opened with url: ''

2018-10-19 18:05:05 - [TEST_STEP][PASSED] - maximizeWindow: Current window maximized

2018-10-19 18:05:06 - [MESSAGE][PASSED] - Current window maximized

2018-10-19 18:05:06 - [TEST_STEP][PASSED] - navigateToUrl: Navigate to 'http://staging-admin.ucf88.com' successfully

2018-10-19 18:05:07 - [MESSAGE][PASSED] - Navigate to 'http://staging-admin.ucf88.com' successfully

2018-10-19 18:05:07 - [TEST_STEP][PASSED] - setText: Text 'admin' is set on object 'Object Repository/Backoffice/Login/input_Username'

2018-10-19 18:05:08 - [MESSAGE][PASSED] - Text 'admin' is set on object 'Object Repository/Backoffice/Login/input_Username'

2018-10-19 18:05:08 - [TEST_STEP][PASSED] - setEncryptedText: Text ****** has been set on object 'Object Repository/Backoffice/Login/input_Password'

2018-10-19 18:05:08 - [MESSAGE][PASSED] - Text ****** has been set on object 'Object Repository/Backoffice/Login/input_Password'

2018-10-19 18:05:08 - [TEST_STEP][PASSED] - click: Object: 'Object Repository/Backoffice/Login/button_Login' is clicked on

2018-10-19 18:05:10 - [MESSAGE][PASSED] - Object: 'Object Repository/Backoffice/Login/button_Login' is clicked on

2018-10-19 18:05:10 - [TEST_STEP][PASSED] - waitForElementVisible: Object 'Object Repository/Backoffice/Login/adminuser' is visible

2018-10-19 18:05:10 - [MESSAGE][PASSED] - Object 'Object Repository/Backoffice/Login/adminuser' is visible]]></system-out>
         <system-err><![CDATA[]]></system-err>
      </testcase>
      <testcase name="Test Cases/Staging/Backoffice/Betting/Create_match" classname="Test Cases/Staging/Backoffice/Betting/Create_match" status="PASSED">
         <system-out><![CDATA[2018-10-19 18:05:10 - [TEST_CASE][PASSED] - Test Cases/Staging/Backoffice/Betting/Create_match: Test Cases/Staging/Backoffice/Betting/Create_match

2018-10-19 18:05:10 - [TEST_STEP][PASSED] - focus: Object: 'Object Repository/Backoffice/Betting/Betting_header' is focused

2018-10-19 18:05:10 - [MESSAGE][PASSED] - Object: 'Object Repository/Backoffice/Betting/Betting_header' is focused

2018-10-19 18:05:10 - [TEST_STEP][PASSED] - click: Object: 'Object Repository/Backoffice/Betting/Match_header' is clicked on

2018-10-19 18:05:11 - [MESSAGE][PASSED] - Object: 'Object Repository/Backoffice/Betting/Match_header' is clicked on

2018-10-19 18:05:11 - [TEST_STEP][PASSED] - click: Object: 'Object Repository/Backoffice/Betting/Match/Create_match/button_Create Match' is clicked on

2018-10-19 18:05:11 - [MESSAGE][PASSED] - Object: 'Object Repository/Backoffice/Betting/Match/Create_match/button_Create Match' is clicked on

2018-10-19 18:05:11 - [TEST_STEP][PASSED] - delay: Delayed 2 second(s)

2018-10-19 18:05:13 - [MESSAGE][PASSED] - Delayed 2 second(s)

2018-10-19 18:05:13 - [TEST_STEP][PASSED] - waitForElementVisible: Object 'Object Repository/Backoffice/Betting/Match/Create_match/Pop up Add match/select_arena' is visible

2018-10-19 18:05:13 - [MESSAGE][PASSED] - Object 'Object Repository/Backoffice/Betting/Match/Create_match/Pop up Add match/select_arena' is visible

2018-10-19 18:05:13 - [TEST_STEP][PASSED] - selectOptionByLabel: All options with label 'CVCC3 - 10' are selected in object 'Object Repository/Backoffice/Betting/Match/Create_match/Pop up Add match/select_arena' 

2018-10-19 18:05:13 - [MESSAGE][PASSED] - All options with label 'CVCC3 - 10' are selected in object 'Object Repository/Backoffice/Betting/Match/Create_match/Pop up Add match/select_arena' 

2018-10-19 18:05:13 - [TEST_STEP][PASSED] - sendKeys: Keys '' sent to object: 'Object Repository/Backoffice/Betting/Match/Create_match/Pop up Add match/input_Event Name_match_name'

2018-10-19 18:05:13 - [MESSAGE][PASSED] - Keys '' sent to object: 'Object Repository/Backoffice/Betting/Match/Create_match/Pop up Add match/input_Event Name_match_name'

2018-10-19 18:05:13 - [TEST_STEP][PASSED] - sendKeys: Keys '' sent to object: 'Object Repository/Backoffice/Betting/Match/Create_match/Pop up Add match/input_Profit Margin ()_match_p'

2018-10-19 18:05:13 - [MESSAGE][PASSED] - Keys '' sent to object: 'Object Repository/Backoffice/Betting/Match/Create_match/Pop up Add match/input_Profit Margin ()_match_p'

2018-10-19 18:05:13 - [TEST_STEP][PASSED] - sendKeys: Keys 'testteamA1' sent to object: 'Object Repository/Backoffice/Betting/Match/Create_match/Pop up Add match/input_Name_banker_name'

2018-10-19 18:05:13 - [MESSAGE][PASSED] - Keys 'testteamA1' sent to object: 'Object Repository/Backoffice/Betting/Match/Create_match/Pop up Add match/input_Name_banker_name'

2018-10-19 18:05:13 - [TEST_STEP][PASSED] - sendKeys: Keys 'testteamB1' sent to object: 'Object Repository/Backoffice/Betting/Match/Create_match/Pop up Add match/input_Name_player_name'

2018-10-19 18:05:14 - [MESSAGE][PASSED] - Keys 'testteamB1' sent to object: 'Object Repository/Backoffice/Betting/Match/Create_match/Pop up Add match/input_Name_player_name'

2018-10-19 18:05:14 - [TEST_STEP][PASSED] - delay: Delayed 3 second(s)

2018-10-19 18:05:17 - [MESSAGE][PASSED] - Delayed 3 second(s)

2018-10-19 18:05:17 - [TEST_STEP][PASSED] - click: Object: 'Object Repository/Backoffice/Betting/Match/Create_match/Pop up Add match/input_Close_add_match' is clicked on

2018-10-19 18:05:18 - [MESSAGE][PASSED] - Object: 'Object Repository/Backoffice/Betting/Match/Create_match/Pop up Add match/input_Close_add_match' is clicked on

2018-10-19 18:05:18 - [TEST_STEP][PASSED] - waitForElementVisible: Object 'Object Repository/Backoffice/Betting/Match/span_Clickmatch' is visible

2018-10-19 18:05:18 - [MESSAGE][PASSED] - Object 'Object Repository/Backoffice/Betting/Match/span_Clickmatch' is visible]]></system-out>
         <system-err><![CDATA[]]></system-err>
      </testcase>
      <testcase name="Test Cases/Staging/Backoffice/Betting/Create_match" classname="Test Cases/Staging/Backoffice/Betting/Create_match" status="PASSED">
         <system-out><![CDATA[2018-10-19 18:05:18 - [TEST_CASE][PASSED] - Test Cases/Staging/Backoffice/Betting/Create_match: Test Cases/Staging/Backoffice/Betting/Create_match

2018-10-19 18:05:18 - [TEST_STEP][PASSED] - focus: Object: 'Object Repository/Backoffice/Betting/Betting_header' is focused

2018-10-19 18:05:18 - [MESSAGE][PASSED] - Object: 'Object Repository/Backoffice/Betting/Betting_header' is focused

2018-10-19 18:05:18 - [TEST_STEP][PASSED] - click: Object: 'Object Repository/Backoffice/Betting/Match_header' is clicked on

2018-10-19 18:05:18 - [MESSAGE][PASSED] - Object: 'Object Repository/Backoffice/Betting/Match_header' is clicked on

2018-10-19 18:05:18 - [TEST_STEP][PASSED] - click: Object: 'Object Repository/Backoffice/Betting/Match/Create_match/button_Create Match' is clicked on

2018-10-19 18:05:18 - [MESSAGE][PASSED] - Object: 'Object Repository/Backoffice/Betting/Match/Create_match/button_Create Match' is clicked on

2018-10-19 18:05:18 - [TEST_STEP][PASSED] - delay: Delayed 2 second(s)

2018-10-19 18:05:20 - [MESSAGE][PASSED] - Delayed 2 second(s)

2018-10-19 18:05:20 - [TEST_STEP][PASSED] - waitForElementVisible: Object 'Object Repository/Backoffice/Betting/Match/Create_match/Pop up Add match/select_arena' is visible

2018-10-19 18:05:20 - [MESSAGE][PASSED] - Object 'Object Repository/Backoffice/Betting/Match/Create_match/Pop up Add match/select_arena' is visible

2018-10-19 18:05:20 - [TEST_STEP][PASSED] - selectOptionByLabel: All options with label 'CVCC3 - 10' are selected in object 'Object Repository/Backoffice/Betting/Match/Create_match/Pop up Add match/select_arena' 

2018-10-19 18:05:21 - [MESSAGE][PASSED] - All options with label 'CVCC3 - 10' are selected in object 'Object Repository/Backoffice/Betting/Match/Create_match/Pop up Add match/select_arena' 

2018-10-19 18:05:21 - [TEST_STEP][PASSED] - sendKeys: Keys '' sent to object: 'Object Repository/Backoffice/Betting/Match/Create_match/Pop up Add match/input_Event Name_match_name'

2018-10-19 18:05:21 - [MESSAGE][PASSED] - Keys '' sent to object: 'Object Repository/Backoffice/Betting/Match/Create_match/Pop up Add match/input_Event Name_match_name'

2018-10-19 18:05:21 - [TEST_STEP][PASSED] - sendKeys: Keys '' sent to object: 'Object Repository/Backoffice/Betting/Match/Create_match/Pop up Add match/input_Profit Margin ()_match_p'

2018-10-19 18:05:21 - [MESSAGE][PASSED] - Keys '' sent to object: 'Object Repository/Backoffice/Betting/Match/Create_match/Pop up Add match/input_Profit Margin ()_match_p'

2018-10-19 18:05:21 - [TEST_STEP][PASSED] - sendKeys: Keys 'testteamA2' sent to object: 'Object Repository/Backoffice/Betting/Match/Create_match/Pop up Add match/input_Name_banker_name'

2018-10-19 18:05:21 - [MESSAGE][PASSED] - Keys 'testteamA2' sent to object: 'Object Repository/Backoffice/Betting/Match/Create_match/Pop up Add match/input_Name_banker_name'

2018-10-19 18:05:21 - [TEST_STEP][PASSED] - sendKeys: Keys 'testteamB2' sent to object: 'Object Repository/Backoffice/Betting/Match/Create_match/Pop up Add match/input_Name_player_name'

2018-10-19 18:05:21 - [MESSAGE][PASSED] - Keys 'testteamB2' sent to object: 'Object Repository/Backoffice/Betting/Match/Create_match/Pop up Add match/input_Name_player_name'

2018-10-19 18:05:21 - [TEST_STEP][PASSED] - delay: Delayed 3 second(s)

2018-10-19 18:05:24 - [MESSAGE][PASSED] - Delayed 3 second(s)

2018-10-19 18:05:24 - [TEST_STEP][PASSED] - click: Object: 'Object Repository/Backoffice/Betting/Match/Create_match/Pop up Add match/input_Close_add_match' is clicked on

2018-10-19 18:05:25 - [MESSAGE][PASSED] - Object: 'Object Repository/Backoffice/Betting/Match/Create_match/Pop up Add match/input_Close_add_match' is clicked on

2018-10-19 18:05:25 - [TEST_STEP][PASSED] - waitForElementVisible: Object 'Object Repository/Backoffice/Betting/Match/span_Clickmatch' is visible

2018-10-19 18:05:25 - [MESSAGE][PASSED] - Object 'Object Repository/Backoffice/Betting/Match/span_Clickmatch' is visible]]></system-out>
         <system-err><![CDATA[]]></system-err>
      </testcase>
      <testcase name="Test Cases/Staging/Backoffice/Betting/Create_match" classname="Test Cases/Staging/Backoffice/Betting/Create_match" status="PASSED">
         <system-out><![CDATA[2018-10-19 18:05:25 - [TEST_CASE][PASSED] - Test Cases/Staging/Backoffice/Betting/Create_match: Test Cases/Staging/Backoffice/Betting/Create_match

2018-10-19 18:05:25 - [TEST_STEP][PASSED] - focus: Object: 'Object Repository/Backoffice/Betting/Betting_header' is focused

2018-10-19 18:05:25 - [MESSAGE][PASSED] - Object: 'Object Repository/Backoffice/Betting/Betting_header' is focused

2018-10-19 18:05:25 - [TEST_STEP][PASSED] - click: Object: 'Object Repository/Backoffice/Betting/Match_header' is clicked on

2018-10-19 18:05:26 - [MESSAGE][PASSED] - Object: 'Object Repository/Backoffice/Betting/Match_header' is clicked on

2018-10-19 18:05:26 - [TEST_STEP][PASSED] - click: Object: 'Object Repository/Backoffice/Betting/Match/Create_match/button_Create Match' is clicked on

2018-10-19 18:05:26 - [MESSAGE][PASSED] - Object: 'Object Repository/Backoffice/Betting/Match/Create_match/button_Create Match' is clicked on

2018-10-19 18:05:26 - [TEST_STEP][PASSED] - delay: Delayed 2 second(s)

2018-10-19 18:05:28 - [MESSAGE][PASSED] - Delayed 2 second(s)

2018-10-19 18:05:28 - [TEST_STEP][PASSED] - waitForElementVisible: Object 'Object Repository/Backoffice/Betting/Match/Create_match/Pop up Add match/select_arena' is visible

2018-10-19 18:05:28 - [MESSAGE][PASSED] - Object 'Object Repository/Backoffice/Betting/Match/Create_match/Pop up Add match/select_arena' is visible

2018-10-19 18:05:28 - [TEST_STEP][PASSED] - selectOptionByLabel: All options with label 'CVCC3 - 10' are selected in object 'Object Repository/Backoffice/Betting/Match/Create_match/Pop up Add match/select_arena' 

2018-10-19 18:05:28 - [MESSAGE][PASSED] - All options with label 'CVCC3 - 10' are selected in object 'Object Repository/Backoffice/Betting/Match/Create_match/Pop up Add match/select_arena' 

2018-10-19 18:05:28 - [TEST_STEP][PASSED] - sendKeys: Keys '' sent to object: 'Object Repository/Backoffice/Betting/Match/Create_match/Pop up Add match/input_Event Name_match_name'

2018-10-19 18:05:28 - [MESSAGE][PASSED] - Keys '' sent to object: 'Object Repository/Backoffice/Betting/Match/Create_match/Pop up Add match/input_Event Name_match_name'

2018-10-19 18:05:28 - [TEST_STEP][PASSED] - sendKeys: Keys '' sent to object: 'Object Repository/Backoffice/Betting/Match/Create_match/Pop up Add match/input_Profit Margin ()_match_p'

2018-10-19 18:05:28 - [MESSAGE][PASSED] - Keys '' sent to object: 'Object Repository/Backoffice/Betting/Match/Create_match/Pop up Add match/input_Profit Margin ()_match_p'

2018-10-19 18:05:28 - [TEST_STEP][PASSED] - sendKeys: Keys 'testteamA3' sent to object: 'Object Repository/Backoffice/Betting/Match/Create_match/Pop up Add match/input_Name_banker_name'

2018-10-19 18:05:28 - [MESSAGE][PASSED] - Keys 'testteamA3' sent to object: 'Object Repository/Backoffice/Betting/Match/Create_match/Pop up Add match/input_Name_banker_name'

2018-10-19 18:05:28 - [TEST_STEP][PASSED] - sendKeys: Keys 'testteamB3' sent to object: 'Object Repository/Backoffice/Betting/Match/Create_match/Pop up Add match/input_Name_player_name'

2018-10-19 18:05:28 - [MESSAGE][PASSED] - Keys 'testteamB3' sent to object: 'Object Repository/Backoffice/Betting/Match/Create_match/Pop up Add match/input_Name_player_name'

2018-10-19 18:05:28 - [TEST_STEP][PASSED] - delay: Delayed 3 second(s)

2018-10-19 18:05:31 - [MESSAGE][PASSED] - Delayed 3 second(s)

2018-10-19 18:05:31 - [TEST_STEP][PASSED] - click: Object: 'Object Repository/Backoffice/Betting/Match/Create_match/Pop up Add match/input_Close_add_match' is clicked on

2018-10-19 18:05:32 - [MESSAGE][PASSED] - Object: 'Object Repository/Backoffice/Betting/Match/Create_match/Pop up Add match/input_Close_add_match' is clicked on

2018-10-19 18:05:32 - [TEST_STEP][PASSED] - waitForElementVisible: Object 'Object Repository/Backoffice/Betting/Match/span_Clickmatch' is visible

2018-10-19 18:05:32 - [MESSAGE][PASSED] - Object 'Object Repository/Backoffice/Betting/Match/span_Clickmatch' is visible]]></system-out>
         <system-err><![CDATA[]]></system-err>
      </testcase>
      <testcase name="Test Cases/Staging/Backoffice/Betting/Create_match" classname="Test Cases/Staging/Backoffice/Betting/Create_match" status="PASSED">
         <system-out><![CDATA[2018-10-19 18:05:32 - [TEST_CASE][PASSED] - Test Cases/Staging/Backoffice/Betting/Create_match: Test Cases/Staging/Backoffice/Betting/Create_match

2018-10-19 18:05:32 - [TEST_STEP][PASSED] - focus: Object: 'Object Repository/Backoffice/Betting/Betting_header' is focused

2018-10-19 18:05:32 - [MESSAGE][PASSED] - Object: 'Object Repository/Backoffice/Betting/Betting_header' is focused

2018-10-19 18:05:32 - [TEST_STEP][PASSED] - click: Object: 'Object Repository/Backoffice/Betting/Match_header' is clicked on

2018-10-19 18:05:33 - [MESSAGE][PASSED] - Object: 'Object Repository/Backoffice/Betting/Match_header' is clicked on

2018-10-19 18:05:33 - [TEST_STEP][PASSED] - click: Object: 'Object Repository/Backoffice/Betting/Match/Create_match/button_Create Match' is clicked on

2018-10-19 18:05:33 - [MESSAGE][PASSED] - Object: 'Object Repository/Backoffice/Betting/Match/Create_match/button_Create Match' is clicked on

2018-10-19 18:05:33 - [TEST_STEP][PASSED] - delay: Delayed 2 second(s)

2018-10-19 18:05:35 - [MESSAGE][PASSED] - Delayed 2 second(s)

2018-10-19 18:05:35 - [TEST_STEP][PASSED] - waitForElementVisible: Object 'Object Repository/Backoffice/Betting/Match/Create_match/Pop up Add match/select_arena' is visible

2018-10-19 18:05:35 - [MESSAGE][PASSED] - Object 'Object Repository/Backoffice/Betting/Match/Create_match/Pop up Add match/select_arena' is visible

2018-10-19 18:05:35 - [TEST_STEP][PASSED] - selectOptionByLabel: All options with label 'CVCC3 - 10' are selected in object 'Object Repository/Backoffice/Betting/Match/Create_match/Pop up Add match/select_arena' 

2018-10-19 18:05:35 - [MESSAGE][PASSED] - All options with label 'CVCC3 - 10' are selected in object 'Object Repository/Backoffice/Betting/Match/Create_match/Pop up Add match/select_arena' 

2018-10-19 18:05:35 - [TEST_STEP][PASSED] - sendKeys: Keys '' sent to object: 'Object Repository/Backoffice/Betting/Match/Create_match/Pop up Add match/input_Event Name_match_name'

2018-10-19 18:05:35 - [MESSAGE][PASSED] - Keys '' sent to object: 'Object Repository/Backoffice/Betting/Match/Create_match/Pop up Add match/input_Event Name_match_name'

2018-10-19 18:05:35 - [TEST_STEP][PASSED] - sendKeys: Keys '' sent to object: 'Object Repository/Backoffice/Betting/Match/Create_match/Pop up Add match/input_Profit Margin ()_match_p'

2018-10-19 18:05:35 - [MESSAGE][PASSED] - Keys '' sent to object: 'Object Repository/Backoffice/Betting/Match/Create_match/Pop up Add match/input_Profit Margin ()_match_p'

2018-10-19 18:05:35 - [TEST_STEP][PASSED] - sendKeys: Keys 'testteamA4' sent to object: 'Object Repository/Backoffice/Betting/Match/Create_match/Pop up Add match/input_Name_banker_name'

2018-10-19 18:05:35 - [MESSAGE][PASSED] - Keys 'testteamA4' sent to object: 'Object Repository/Backoffice/Betting/Match/Create_match/Pop up Add match/input_Name_banker_name'

2018-10-19 18:05:35 - [TEST_STEP][PASSED] - sendKeys: Keys 'testteamB4' sent to object: 'Object Repository/Backoffice/Betting/Match/Create_match/Pop up Add match/input_Name_player_name'

2018-10-19 18:05:35 - [MESSAGE][PASSED] - Keys 'testteamB4' sent to object: 'Object Repository/Backoffice/Betting/Match/Create_match/Pop up Add match/input_Name_player_name'

2018-10-19 18:05:35 - [TEST_STEP][PASSED] - delay: Delayed 3 second(s)

2018-10-19 18:05:38 - [MESSAGE][PASSED] - Delayed 3 second(s)

2018-10-19 18:05:38 - [TEST_STEP][PASSED] - click: Object: 'Object Repository/Backoffice/Betting/Match/Create_match/Pop up Add match/input_Close_add_match' is clicked on

2018-10-19 18:05:39 - [MESSAGE][PASSED] - Object: 'Object Repository/Backoffice/Betting/Match/Create_match/Pop up Add match/input_Close_add_match' is clicked on

2018-10-19 18:05:39 - [TEST_STEP][PASSED] - waitForElementVisible: Object 'Object Repository/Backoffice/Betting/Match/span_Clickmatch' is visible

2018-10-19 18:05:39 - [MESSAGE][PASSED] - Object 'Object Repository/Backoffice/Betting/Match/span_Clickmatch' is visible]]></system-out>
         <system-err><![CDATA[]]></system-err>
      </testcase>
      <testcase name="Test Cases/Staging/Backoffice/Betting/Create_match" classname="Test Cases/Staging/Backoffice/Betting/Create_match" status="PASSED">
         <system-out><![CDATA[2018-10-19 18:05:39 - [TEST_CASE][PASSED] - Test Cases/Staging/Backoffice/Betting/Create_match: Test Cases/Staging/Backoffice/Betting/Create_match

2018-10-19 18:05:39 - [TEST_STEP][PASSED] - focus: Object: 'Object Repository/Backoffice/Betting/Betting_header' is focused

2018-10-19 18:05:39 - [MESSAGE][PASSED] - Object: 'Object Repository/Backoffice/Betting/Betting_header' is focused

2018-10-19 18:05:39 - [TEST_STEP][PASSED] - click: Object: 'Object Repository/Backoffice/Betting/Match_header' is clicked on

2018-10-19 18:05:40 - [MESSAGE][PASSED] - Object: 'Object Repository/Backoffice/Betting/Match_header' is clicked on

2018-10-19 18:05:40 - [TEST_STEP][PASSED] - click: Object: 'Object Repository/Backoffice/Betting/Match/Create_match/button_Create Match' is clicked on

2018-10-19 18:05:40 - [MESSAGE][PASSED] - Object: 'Object Repository/Backoffice/Betting/Match/Create_match/button_Create Match' is clicked on

2018-10-19 18:05:40 - [TEST_STEP][PASSED] - delay: Delayed 2 second(s)

2018-10-19 18:05:42 - [MESSAGE][PASSED] - Delayed 2 second(s)

2018-10-19 18:05:42 - [TEST_STEP][PASSED] - waitForElementVisible: Object 'Object Repository/Backoffice/Betting/Match/Create_match/Pop up Add match/select_arena' is visible

2018-10-19 18:05:42 - [MESSAGE][PASSED] - Object 'Object Repository/Backoffice/Betting/Match/Create_match/Pop up Add match/select_arena' is visible

2018-10-19 18:05:42 - [TEST_STEP][PASSED] - selectOptionByLabel: All options with label 'CVCC3 - 10' are selected in object 'Object Repository/Backoffice/Betting/Match/Create_match/Pop up Add match/select_arena' 

2018-10-19 18:05:42 - [MESSAGE][PASSED] - All options with label 'CVCC3 - 10' are selected in object 'Object Repository/Backoffice/Betting/Match/Create_match/Pop up Add match/select_arena' 

2018-10-19 18:05:42 - [TEST_STEP][PASSED] - sendKeys: Keys '' sent to object: 'Object Repository/Backoffice/Betting/Match/Create_match/Pop up Add match/input_Event Name_match_name'

2018-10-19 18:05:42 - [MESSAGE][PASSED] - Keys '' sent to object: 'Object Repository/Backoffice/Betting/Match/Create_match/Pop up Add match/input_Event Name_match_name'

2018-10-19 18:05:42 - [TEST_STEP][PASSED] - sendKeys: Keys '' sent to object: 'Object Repository/Backoffice/Betting/Match/Create_match/Pop up Add match/input_Profit Margin ()_match_p'

2018-10-19 18:05:42 - [MESSAGE][PASSED] - Keys '' sent to object: 'Object Repository/Backoffice/Betting/Match/Create_match/Pop up Add match/input_Profit Margin ()_match_p'

2018-10-19 18:05:42 - [TEST_STEP][PASSED] - sendKeys: Keys 'testteamA5' sent to object: 'Object Repository/Backoffice/Betting/Match/Create_match/Pop up Add match/input_Name_banker_name'

2018-10-19 18:05:43 - [MESSAGE][PASSED] - Keys 'testteamA5' sent to object: 'Object Repository/Backoffice/Betting/Match/Create_match/Pop up Add match/input_Name_banker_name'

2018-10-19 18:05:43 - [TEST_STEP][PASSED] - sendKeys: Keys 'testteamB5' sent to object: 'Object Repository/Backoffice/Betting/Match/Create_match/Pop up Add match/input_Name_player_name'

2018-10-19 18:05:43 - [MESSAGE][PASSED] - Keys 'testteamB5' sent to object: 'Object Repository/Backoffice/Betting/Match/Create_match/Pop up Add match/input_Name_player_name'

2018-10-19 18:05:43 - [TEST_STEP][PASSED] - delay: Delayed 3 second(s)

2018-10-19 18:05:46 - [MESSAGE][PASSED] - Delayed 3 second(s)

2018-10-19 18:05:46 - [TEST_STEP][PASSED] - click: Object: 'Object Repository/Backoffice/Betting/Match/Create_match/Pop up Add match/input_Close_add_match' is clicked on

2018-10-19 18:05:47 - [MESSAGE][PASSED] - Object: 'Object Repository/Backoffice/Betting/Match/Create_match/Pop up Add match/input_Close_add_match' is clicked on

2018-10-19 18:05:47 - [TEST_STEP][PASSED] - waitForElementVisible: Object 'Object Repository/Backoffice/Betting/Match/span_Clickmatch' is visible

2018-10-19 18:05:47 - [MESSAGE][PASSED] - Object 'Object Repository/Backoffice/Betting/Match/span_Clickmatch' is visible]]></system-out>
         <system-err><![CDATA[]]></system-err>
      </testcase>
      <testcase name="Test Cases/Staging/Backoffice/Betting/Create_match" classname="Test Cases/Staging/Backoffice/Betting/Create_match" status="PASSED">
         <system-out><![CDATA[2018-10-19 18:05:47 - [TEST_CASE][PASSED] - Test Cases/Staging/Backoffice/Betting/Create_match: Test Cases/Staging/Backoffice/Betting/Create_match

2018-10-19 18:05:47 - [TEST_STEP][PASSED] - focus: Object: 'Object Repository/Backoffice/Betting/Betting_header' is focused

2018-10-19 18:05:47 - [MESSAGE][PASSED] - Object: 'Object Repository/Backoffice/Betting/Betting_header' is focused

2018-10-19 18:05:47 - [TEST_STEP][PASSED] - click: Object: 'Object Repository/Backoffice/Betting/Match_header' is clicked on

2018-10-19 18:05:47 - [MESSAGE][PASSED] - Object: 'Object Repository/Backoffice/Betting/Match_header' is clicked on

2018-10-19 18:05:47 - [TEST_STEP][PASSED] - click: Object: 'Object Repository/Backoffice/Betting/Match/Create_match/button_Create Match' is clicked on

2018-10-19 18:05:47 - [MESSAGE][PASSED] - Object: 'Object Repository/Backoffice/Betting/Match/Create_match/button_Create Match' is clicked on

2018-10-19 18:05:47 - [TEST_STEP][PASSED] - delay: Delayed 2 second(s)

2018-10-19 18:05:49 - [MESSAGE][PASSED] - Delayed 2 second(s)

2018-10-19 18:05:49 - [TEST_STEP][PASSED] - waitForElementVisible: Object 'Object Repository/Backoffice/Betting/Match/Create_match/Pop up Add match/select_arena' is visible

2018-10-19 18:05:49 - [MESSAGE][PASSED] - Object 'Object Repository/Backoffice/Betting/Match/Create_match/Pop up Add match/select_arena' is visible

2018-10-19 18:05:49 - [TEST_STEP][PASSED] - selectOptionByLabel: All options with label 'CVCC3 - 10' are selected in object 'Object Repository/Backoffice/Betting/Match/Create_match/Pop up Add match/select_arena' 

2018-10-19 18:05:50 - [MESSAGE][PASSED] - All options with label 'CVCC3 - 10' are selected in object 'Object Repository/Backoffice/Betting/Match/Create_match/Pop up Add match/select_arena' 

2018-10-19 18:05:50 - [TEST_STEP][PASSED] - sendKeys: Keys '' sent to object: 'Object Repository/Backoffice/Betting/Match/Create_match/Pop up Add match/input_Event Name_match_name'

2018-10-19 18:05:50 - [MESSAGE][PASSED] - Keys '' sent to object: 'Object Repository/Backoffice/Betting/Match/Create_match/Pop up Add match/input_Event Name_match_name'

2018-10-19 18:05:50 - [TEST_STEP][PASSED] - sendKeys: Keys '' sent to object: 'Object Repository/Backoffice/Betting/Match/Create_match/Pop up Add match/input_Profit Margin ()_match_p'

2018-10-19 18:05:50 - [MESSAGE][PASSED] - Keys '' sent to object: 'Object Repository/Backoffice/Betting/Match/Create_match/Pop up Add match/input_Profit Margin ()_match_p'

2018-10-19 18:05:50 - [TEST_STEP][PASSED] - sendKeys: Keys 'testteamA6' sent to object: 'Object Repository/Backoffice/Betting/Match/Create_match/Pop up Add match/input_Name_banker_name'

2018-10-19 18:05:50 - [MESSAGE][PASSED] - Keys 'testteamA6' sent to object: 'Object Repository/Backoffice/Betting/Match/Create_match/Pop up Add match/input_Name_banker_name'

2018-10-19 18:05:50 - [TEST_STEP][PASSED] - sendKeys: Keys 'testteamB6' sent to object: 'Object Repository/Backoffice/Betting/Match/Create_match/Pop up Add match/input_Name_player_name'

2018-10-19 18:05:50 - [MESSAGE][PASSED] - Keys 'testteamB6' sent to object: 'Object Repository/Backoffice/Betting/Match/Create_match/Pop up Add match/input_Name_player_name'

2018-10-19 18:05:50 - [TEST_STEP][PASSED] - delay: Delayed 3 second(s)

2018-10-19 18:05:53 - [MESSAGE][PASSED] - Delayed 3 second(s)

2018-10-19 18:05:53 - [TEST_STEP][PASSED] - click: Object: 'Object Repository/Backoffice/Betting/Match/Create_match/Pop up Add match/input_Close_add_match' is clicked on

2018-10-19 18:05:54 - [MESSAGE][PASSED] - Object: 'Object Repository/Backoffice/Betting/Match/Create_match/Pop up Add match/input_Close_add_match' is clicked on

2018-10-19 18:05:54 - [TEST_STEP][PASSED] - waitForElementVisible: Object 'Object Repository/Backoffice/Betting/Match/span_Clickmatch' is visible

2018-10-19 18:05:54 - [MESSAGE][PASSED] - Object 'Object Repository/Backoffice/Betting/Match/span_Clickmatch' is visible]]></system-out>
         <system-err><![CDATA[]]></system-err>
      </testcase>
      <testcase name="Test Cases/Staging/Backoffice/Betting/Create_match" classname="Test Cases/Staging/Backoffice/Betting/Create_match" status="PASSED">
         <system-out><![CDATA[2018-10-19 18:05:54 - [TEST_CASE][PASSED] - Test Cases/Staging/Backoffice/Betting/Create_match: Test Cases/Staging/Backoffice/Betting/Create_match

2018-10-19 18:05:54 - [TEST_STEP][PASSED] - focus: Object: 'Object Repository/Backoffice/Betting/Betting_header' is focused

2018-10-19 18:05:54 - [MESSAGE][PASSED] - Object: 'Object Repository/Backoffice/Betting/Betting_header' is focused

2018-10-19 18:05:54 - [TEST_STEP][PASSED] - click: Object: 'Object Repository/Backoffice/Betting/Match_header' is clicked on

2018-10-19 18:05:55 - [MESSAGE][PASSED] - Object: 'Object Repository/Backoffice/Betting/Match_header' is clicked on

2018-10-19 18:05:55 - [TEST_STEP][PASSED] - click: Object: 'Object Repository/Backoffice/Betting/Match/Create_match/button_Create Match' is clicked on

2018-10-19 18:05:55 - [MESSAGE][PASSED] - Object: 'Object Repository/Backoffice/Betting/Match/Create_match/button_Create Match' is clicked on

2018-10-19 18:05:55 - [TEST_STEP][PASSED] - delay: Delayed 2 second(s)

2018-10-19 18:05:57 - [MESSAGE][PASSED] - Delayed 2 second(s)

2018-10-19 18:05:57 - [TEST_STEP][PASSED] - waitForElementVisible: Object 'Object Repository/Backoffice/Betting/Match/Create_match/Pop up Add match/select_arena' is visible

2018-10-19 18:05:57 - [MESSAGE][PASSED] - Object 'Object Repository/Backoffice/Betting/Match/Create_match/Pop up Add match/select_arena' is visible

2018-10-19 18:05:57 - [TEST_STEP][PASSED] - selectOptionByLabel: All options with label 'CVCC3 - 10' are selected in object 'Object Repository/Backoffice/Betting/Match/Create_match/Pop up Add match/select_arena' 

2018-10-19 18:05:57 - [MESSAGE][PASSED] - All options with label 'CVCC3 - 10' are selected in object 'Object Repository/Backoffice/Betting/Match/Create_match/Pop up Add match/select_arena' 

2018-10-19 18:05:57 - [TEST_STEP][PASSED] - sendKeys: Keys '' sent to object: 'Object Repository/Backoffice/Betting/Match/Create_match/Pop up Add match/input_Event Name_match_name'

2018-10-19 18:05:57 - [MESSAGE][PASSED] - Keys '' sent to object: 'Object Repository/Backoffice/Betting/Match/Create_match/Pop up Add match/input_Event Name_match_name'

2018-10-19 18:05:57 - [TEST_STEP][PASSED] - sendKeys: Keys '' sent to object: 'Object Repository/Backoffice/Betting/Match/Create_match/Pop up Add match/input_Profit Margin ()_match_p'

2018-10-19 18:05:57 - [MESSAGE][PASSED] - Keys '' sent to object: 'Object Repository/Backoffice/Betting/Match/Create_match/Pop up Add match/input_Profit Margin ()_match_p'

2018-10-19 18:05:57 - [TEST_STEP][PASSED] - sendKeys: Keys 'testteamA7' sent to object: 'Object Repository/Backoffice/Betting/Match/Create_match/Pop up Add match/input_Name_banker_name'

2018-10-19 18:05:57 - [MESSAGE][PASSED] - Keys 'testteamA7' sent to object: 'Object Repository/Backoffice/Betting/Match/Create_match/Pop up Add match/input_Name_banker_name'

2018-10-19 18:05:57 - [TEST_STEP][PASSED] - sendKeys: Keys 'testteamB7' sent to object: 'Object Repository/Backoffice/Betting/Match/Create_match/Pop up Add match/input_Name_player_name'

2018-10-19 18:05:57 - [MESSAGE][PASSED] - Keys 'testteamB7' sent to object: 'Object Repository/Backoffice/Betting/Match/Create_match/Pop up Add match/input_Name_player_name'

2018-10-19 18:05:57 - [TEST_STEP][PASSED] - delay: Delayed 3 second(s)

2018-10-19 18:06:00 - [MESSAGE][PASSED] - Delayed 3 second(s)

2018-10-19 18:06:00 - [TEST_STEP][PASSED] - click: Object: 'Object Repository/Backoffice/Betting/Match/Create_match/Pop up Add match/input_Close_add_match' is clicked on

2018-10-19 18:06:01 - [MESSAGE][PASSED] - Object: 'Object Repository/Backoffice/Betting/Match/Create_match/Pop up Add match/input_Close_add_match' is clicked on

2018-10-19 18:06:01 - [TEST_STEP][PASSED] - waitForElementVisible: Object 'Object Repository/Backoffice/Betting/Match/span_Clickmatch' is visible

2018-10-19 18:06:01 - [MESSAGE][PASSED] - Object 'Object Repository/Backoffice/Betting/Match/span_Clickmatch' is visible]]></system-out>
         <system-err><![CDATA[]]></system-err>
      </testcase>
      <testcase name="Test Cases/Staging/Backoffice/Betting/Create_match" classname="Test Cases/Staging/Backoffice/Betting/Create_match" status="PASSED">
         <system-out><![CDATA[2018-10-19 18:06:01 - [TEST_CASE][PASSED] - Test Cases/Staging/Backoffice/Betting/Create_match: Test Cases/Staging/Backoffice/Betting/Create_match

2018-10-19 18:06:01 - [TEST_STEP][PASSED] - focus: Object: 'Object Repository/Backoffice/Betting/Betting_header' is focused

2018-10-19 18:06:01 - [MESSAGE][PASSED] - Object: 'Object Repository/Backoffice/Betting/Betting_header' is focused

2018-10-19 18:06:01 - [TEST_STEP][PASSED] - click: Object: 'Object Repository/Backoffice/Betting/Match_header' is clicked on

2018-10-19 18:06:02 - [MESSAGE][PASSED] - Object: 'Object Repository/Backoffice/Betting/Match_header' is clicked on

2018-10-19 18:06:02 - [TEST_STEP][PASSED] - click: Object: 'Object Repository/Backoffice/Betting/Match/Create_match/button_Create Match' is clicked on

2018-10-19 18:06:02 - [MESSAGE][PASSED] - Object: 'Object Repository/Backoffice/Betting/Match/Create_match/button_Create Match' is clicked on

2018-10-19 18:06:02 - [TEST_STEP][PASSED] - delay: Delayed 2 second(s)

2018-10-19 18:06:04 - [MESSAGE][PASSED] - Delayed 2 second(s)

2018-10-19 18:06:04 - [TEST_STEP][PASSED] - waitForElementVisible: Object 'Object Repository/Backoffice/Betting/Match/Create_match/Pop up Add match/select_arena' is visible

2018-10-19 18:06:04 - [MESSAGE][PASSED] - Object 'Object Repository/Backoffice/Betting/Match/Create_match/Pop up Add match/select_arena' is visible

2018-10-19 18:06:04 - [TEST_STEP][PASSED] - selectOptionByLabel: All options with label 'CVCC3 - 10' are selected in object 'Object Repository/Backoffice/Betting/Match/Create_match/Pop up Add match/select_arena' 

2018-10-19 18:06:04 - [MESSAGE][PASSED] - All options with label 'CVCC3 - 10' are selected in object 'Object Repository/Backoffice/Betting/Match/Create_match/Pop up Add match/select_arena' 

2018-10-19 18:06:04 - [TEST_STEP][PASSED] - sendKeys: Keys '' sent to object: 'Object Repository/Backoffice/Betting/Match/Create_match/Pop up Add match/input_Event Name_match_name'

2018-10-19 18:06:04 - [MESSAGE][PASSED] - Keys '' sent to object: 'Object Repository/Backoffice/Betting/Match/Create_match/Pop up Add match/input_Event Name_match_name'

2018-10-19 18:06:04 - [TEST_STEP][PASSED] - sendKeys: Keys '' sent to object: 'Object Repository/Backoffice/Betting/Match/Create_match/Pop up Add match/input_Profit Margin ()_match_p'

2018-10-19 18:06:04 - [MESSAGE][PASSED] - Keys '' sent to object: 'Object Repository/Backoffice/Betting/Match/Create_match/Pop up Add match/input_Profit Margin ()_match_p'

2018-10-19 18:06:04 - [TEST_STEP][PASSED] - sendKeys: Keys 'testteamA8' sent to object: 'Object Repository/Backoffice/Betting/Match/Create_match/Pop up Add match/input_Name_banker_name'

2018-10-19 18:06:04 - [MESSAGE][PASSED] - Keys 'testteamA8' sent to object: 'Object Repository/Backoffice/Betting/Match/Create_match/Pop up Add match/input_Name_banker_name'

2018-10-19 18:06:04 - [TEST_STEP][PASSED] - sendKeys: Keys 'testteamB8' sent to object: 'Object Repository/Backoffice/Betting/Match/Create_match/Pop up Add match/input_Name_player_name'

2018-10-19 18:06:04 - [MESSAGE][PASSED] - Keys 'testteamB8' sent to object: 'Object Repository/Backoffice/Betting/Match/Create_match/Pop up Add match/input_Name_player_name'

2018-10-19 18:06:04 - [TEST_STEP][PASSED] - delay: Delayed 3 second(s)

2018-10-19 18:06:07 - [MESSAGE][PASSED] - Delayed 3 second(s)

2018-10-19 18:06:07 - [TEST_STEP][PASSED] - click: Object: 'Object Repository/Backoffice/Betting/Match/Create_match/Pop up Add match/input_Close_add_match' is clicked on

2018-10-19 18:06:08 - [MESSAGE][PASSED] - Object: 'Object Repository/Backoffice/Betting/Match/Create_match/Pop up Add match/input_Close_add_match' is clicked on

2018-10-19 18:06:08 - [TEST_STEP][PASSED] - waitForElementVisible: Object 'Object Repository/Backoffice/Betting/Match/span_Clickmatch' is visible

2018-10-19 18:06:08 - [MESSAGE][PASSED] - Object 'Object Repository/Backoffice/Betting/Match/span_Clickmatch' is visible]]></system-out>
         <system-err><![CDATA[]]></system-err>
      </testcase>
      <testcase name="Test Cases/Staging/Backoffice/Betting/Create_match" classname="Test Cases/Staging/Backoffice/Betting/Create_match" status="PASSED">
         <system-out><![CDATA[2018-10-19 18:06:08 - [TEST_CASE][PASSED] - Test Cases/Staging/Backoffice/Betting/Create_match: Test Cases/Staging/Backoffice/Betting/Create_match

2018-10-19 18:06:08 - [TEST_STEP][PASSED] - focus: Object: 'Object Repository/Backoffice/Betting/Betting_header' is focused

2018-10-19 18:06:08 - [MESSAGE][PASSED] - Object: 'Object Repository/Backoffice/Betting/Betting_header' is focused

2018-10-19 18:06:08 - [TEST_STEP][PASSED] - click: Object: 'Object Repository/Backoffice/Betting/Match_header' is clicked on

2018-10-19 18:06:09 - [MESSAGE][PASSED] - Object: 'Object Repository/Backoffice/Betting/Match_header' is clicked on

2018-10-19 18:06:09 - [TEST_STEP][PASSED] - click: Object: 'Object Repository/Backoffice/Betting/Match/Create_match/button_Create Match' is clicked on

2018-10-19 18:06:09 - [MESSAGE][PASSED] - Object: 'Object Repository/Backoffice/Betting/Match/Create_match/button_Create Match' is clicked on

2018-10-19 18:06:09 - [TEST_STEP][PASSED] - delay: Delayed 2 second(s)

2018-10-19 18:06:11 - [MESSAGE][PASSED] - Delayed 2 second(s)

2018-10-19 18:06:11 - [TEST_STEP][PASSED] - waitForElementVisible: Object 'Object Repository/Backoffice/Betting/Match/Create_match/Pop up Add match/select_arena' is visible

2018-10-19 18:06:11 - [MESSAGE][PASSED] - Object 'Object Repository/Backoffice/Betting/Match/Create_match/Pop up Add match/select_arena' is visible

2018-10-19 18:06:11 - [TEST_STEP][PASSED] - selectOptionByLabel: All options with label 'CVCC3 - 10' are selected in object 'Object Repository/Backoffice/Betting/Match/Create_match/Pop up Add match/select_arena' 

2018-10-19 18:06:11 - [MESSAGE][PASSED] - All options with label 'CVCC3 - 10' are selected in object 'Object Repository/Backoffice/Betting/Match/Create_match/Pop up Add match/select_arena' 

2018-10-19 18:06:11 - [TEST_STEP][PASSED] - sendKeys: Keys '' sent to object: 'Object Repository/Backoffice/Betting/Match/Create_match/Pop up Add match/input_Event Name_match_name'

2018-10-19 18:06:11 - [MESSAGE][PASSED] - Keys '' sent to object: 'Object Repository/Backoffice/Betting/Match/Create_match/Pop up Add match/input_Event Name_match_name'

2018-10-19 18:06:11 - [TEST_STEP][PASSED] - sendKeys: Keys '' sent to object: 'Object Repository/Backoffice/Betting/Match/Create_match/Pop up Add match/input_Profit Margin ()_match_p'

2018-10-19 18:06:11 - [MESSAGE][PASSED] - Keys '' sent to object: 'Object Repository/Backoffice/Betting/Match/Create_match/Pop up Add match/input_Profit Margin ()_match_p'

2018-10-19 18:06:11 - [TEST_STEP][PASSED] - sendKeys: Keys 'testteamA9' sent to object: 'Object Repository/Backoffice/Betting/Match/Create_match/Pop up Add match/input_Name_banker_name'

2018-10-19 18:06:12 - [MESSAGE][PASSED] - Keys 'testteamA9' sent to object: 'Object Repository/Backoffice/Betting/Match/Create_match/Pop up Add match/input_Name_banker_name'

2018-10-19 18:06:12 - [TEST_STEP][PASSED] - sendKeys: Keys 'testteamB9' sent to object: 'Object Repository/Backoffice/Betting/Match/Create_match/Pop up Add match/input_Name_player_name'

2018-10-19 18:06:12 - [MESSAGE][PASSED] - Keys 'testteamB9' sent to object: 'Object Repository/Backoffice/Betting/Match/Create_match/Pop up Add match/input_Name_player_name'

2018-10-19 18:06:12 - [TEST_STEP][PASSED] - delay: Delayed 3 second(s)

2018-10-19 18:06:15 - [MESSAGE][PASSED] - Delayed 3 second(s)

2018-10-19 18:06:15 - [TEST_STEP][PASSED] - click: Object: 'Object Repository/Backoffice/Betting/Match/Create_match/Pop up Add match/input_Close_add_match' is clicked on

2018-10-19 18:06:16 - [MESSAGE][PASSED] - Object: 'Object Repository/Backoffice/Betting/Match/Create_match/Pop up Add match/input_Close_add_match' is clicked on

2018-10-19 18:06:16 - [TEST_STEP][PASSED] - waitForElementVisible: Object 'Object Repository/Backoffice/Betting/Match/span_Clickmatch' is visible

2018-10-19 18:06:16 - [MESSAGE][PASSED] - Object 'Object Repository/Backoffice/Betting/Match/span_Clickmatch' is visible]]></system-out>
         <system-err><![CDATA[]]></system-err>
      </testcase>
      <testcase name="Test Cases/Staging/Backoffice/Betting/Create_match" classname="Test Cases/Staging/Backoffice/Betting/Create_match" status="PASSED">
         <system-out><![CDATA[2018-10-19 18:06:16 - [TEST_CASE][PASSED] - Test Cases/Staging/Backoffice/Betting/Create_match: Test Cases/Staging/Backoffice/Betting/Create_match

2018-10-19 18:06:16 - [TEST_STEP][PASSED] - focus: Object: 'Object Repository/Backoffice/Betting/Betting_header' is focused

2018-10-19 18:06:16 - [MESSAGE][PASSED] - Object: 'Object Repository/Backoffice/Betting/Betting_header' is focused

2018-10-19 18:06:16 - [TEST_STEP][PASSED] - click: Object: 'Object Repository/Backoffice/Betting/Match_header' is clicked on

2018-10-19 18:06:16 - [MESSAGE][PASSED] - Object: 'Object Repository/Backoffice/Betting/Match_header' is clicked on

2018-10-19 18:06:16 - [TEST_STEP][PASSED] - click: Object: 'Object Repository/Backoffice/Betting/Match/Create_match/button_Create Match' is clicked on

2018-10-19 18:06:16 - [MESSAGE][PASSED] - Object: 'Object Repository/Backoffice/Betting/Match/Create_match/button_Create Match' is clicked on

2018-10-19 18:06:16 - [TEST_STEP][PASSED] - delay: Delayed 2 second(s)

2018-10-19 18:06:18 - [MESSAGE][PASSED] - Delayed 2 second(s)

2018-10-19 18:06:18 - [TEST_STEP][PASSED] - waitForElementVisible: Object 'Object Repository/Backoffice/Betting/Match/Create_match/Pop up Add match/select_arena' is visible

2018-10-19 18:06:18 - [MESSAGE][PASSED] - Object 'Object Repository/Backoffice/Betting/Match/Create_match/Pop up Add match/select_arena' is visible

2018-10-19 18:06:18 - [TEST_STEP][PASSED] - selectOptionByLabel: All options with label 'CVCC3 - 10' are selected in object 'Object Repository/Backoffice/Betting/Match/Create_match/Pop up Add match/select_arena' 

2018-10-19 18:06:19 - [MESSAGE][PASSED] - All options with label 'CVCC3 - 10' are selected in object 'Object Repository/Backoffice/Betting/Match/Create_match/Pop up Add match/select_arena' 

2018-10-19 18:06:19 - [TEST_STEP][PASSED] - sendKeys: Keys '' sent to object: 'Object Repository/Backoffice/Betting/Match/Create_match/Pop up Add match/input_Event Name_match_name'

2018-10-19 18:06:19 - [MESSAGE][PASSED] - Keys '' sent to object: 'Object Repository/Backoffice/Betting/Match/Create_match/Pop up Add match/input_Event Name_match_name'

2018-10-19 18:06:19 - [TEST_STEP][PASSED] - sendKeys: Keys '' sent to object: 'Object Repository/Backoffice/Betting/Match/Create_match/Pop up Add match/input_Profit Margin ()_match_p'

2018-10-19 18:06:19 - [MESSAGE][PASSED] - Keys '' sent to object: 'Object Repository/Backoffice/Betting/Match/Create_match/Pop up Add match/input_Profit Margin ()_match_p'

2018-10-19 18:06:19 - [TEST_STEP][PASSED] - sendKeys: Keys 'testteamA10' sent to object: 'Object Repository/Backoffice/Betting/Match/Create_match/Pop up Add match/input_Name_banker_name'

2018-10-19 18:06:19 - [MESSAGE][PASSED] - Keys 'testteamA10' sent to object: 'Object Repository/Backoffice/Betting/Match/Create_match/Pop up Add match/input_Name_banker_name'

2018-10-19 18:06:19 - [TEST_STEP][PASSED] - sendKeys: Keys 'testteamB10' sent to object: 'Object Repository/Backoffice/Betting/Match/Create_match/Pop up Add match/input_Name_player_name'

2018-10-19 18:06:19 - [MESSAGE][PASSED] - Keys 'testteamB10' sent to object: 'Object Repository/Backoffice/Betting/Match/Create_match/Pop up Add match/input_Name_player_name'

2018-10-19 18:06:19 - [TEST_STEP][PASSED] - delay: Delayed 3 second(s)

2018-10-19 18:06:22 - [MESSAGE][PASSED] - Delayed 3 second(s)

2018-10-19 18:06:22 - [TEST_STEP][PASSED] - click: Object: 'Object Repository/Backoffice/Betting/Match/Create_match/Pop up Add match/input_Close_add_match' is clicked on

2018-10-19 18:06:23 - [MESSAGE][PASSED] - Object: 'Object Repository/Backoffice/Betting/Match/Create_match/Pop up Add match/input_Close_add_match' is clicked on

2018-10-19 18:06:23 - [TEST_STEP][PASSED] - waitForElementVisible: Object 'Object Repository/Backoffice/Betting/Match/span_Clickmatch' is visible

2018-10-19 18:06:23 - [MESSAGE][PASSED] - Object 'Object Repository/Backoffice/Betting/Match/span_Clickmatch' is visible]]></system-out>
         <system-err><![CDATA[]]></system-err>
      </testcase>
      <testcase name="Test Cases/Staging/Backoffice/Betting/Create_match" classname="Test Cases/Staging/Backoffice/Betting/Create_match" status="PASSED">
         <system-out><![CDATA[2018-10-19 18:06:23 - [TEST_CASE][PASSED] - Test Cases/Staging/Backoffice/Betting/Create_match: Test Cases/Staging/Backoffice/Betting/Create_match

2018-10-19 18:06:23 - [TEST_STEP][PASSED] - focus: Object: 'Object Repository/Backoffice/Betting/Betting_header' is focused

2018-10-19 18:06:23 - [MESSAGE][PASSED] - Object: 'Object Repository/Backoffice/Betting/Betting_header' is focused

2018-10-19 18:06:23 - [TEST_STEP][PASSED] - click: Object: 'Object Repository/Backoffice/Betting/Match_header' is clicked on

2018-10-19 18:06:24 - [MESSAGE][PASSED] - Object: 'Object Repository/Backoffice/Betting/Match_header' is clicked on

2018-10-19 18:06:24 - [TEST_STEP][PASSED] - click: Object: 'Object Repository/Backoffice/Betting/Match/Create_match/button_Create Match' is clicked on

2018-10-19 18:06:24 - [MESSAGE][PASSED] - Object: 'Object Repository/Backoffice/Betting/Match/Create_match/button_Create Match' is clicked on

2018-10-19 18:06:24 - [TEST_STEP][PASSED] - delay: Delayed 2 second(s)

2018-10-19 18:06:26 - [MESSAGE][PASSED] - Delayed 2 second(s)

2018-10-19 18:06:26 - [TEST_STEP][PASSED] - waitForElementVisible: Object 'Object Repository/Backoffice/Betting/Match/Create_match/Pop up Add match/select_arena' is visible

2018-10-19 18:06:26 - [MESSAGE][PASSED] - Object 'Object Repository/Backoffice/Betting/Match/Create_match/Pop up Add match/select_arena' is visible

2018-10-19 18:06:26 - [TEST_STEP][PASSED] - selectOptionByLabel: All options with label 'CVCC3 - 10' are selected in object 'Object Repository/Backoffice/Betting/Match/Create_match/Pop up Add match/select_arena' 

2018-10-19 18:06:26 - [MESSAGE][PASSED] - All options with label 'CVCC3 - 10' are selected in object 'Object Repository/Backoffice/Betting/Match/Create_match/Pop up Add match/select_arena' 

2018-10-19 18:06:26 - [TEST_STEP][PASSED] - sendKeys: Keys '' sent to object: 'Object Repository/Backoffice/Betting/Match/Create_match/Pop up Add match/input_Event Name_match_name'

2018-10-19 18:06:26 - [MESSAGE][PASSED] - Keys '' sent to object: 'Object Repository/Backoffice/Betting/Match/Create_match/Pop up Add match/input_Event Name_match_name'

2018-10-19 18:06:26 - [TEST_STEP][PASSED] - sendKeys: Keys '' sent to object: 'Object Repository/Backoffice/Betting/Match/Create_match/Pop up Add match/input_Profit Margin ()_match_p'

2018-10-19 18:06:26 - [MESSAGE][PASSED] - Keys '' sent to object: 'Object Repository/Backoffice/Betting/Match/Create_match/Pop up Add match/input_Profit Margin ()_match_p'

2018-10-19 18:06:26 - [TEST_STEP][PASSED] - sendKeys: Keys 'testteamA11' sent to object: 'Object Repository/Backoffice/Betting/Match/Create_match/Pop up Add match/input_Name_banker_name'

2018-10-19 18:06:26 - [MESSAGE][PASSED] - Keys 'testteamA11' sent to object: 'Object Repository/Backoffice/Betting/Match/Create_match/Pop up Add match/input_Name_banker_name'

2018-10-19 18:06:26 - [TEST_STEP][PASSED] - sendKeys: Keys 'testteamB11' sent to object: 'Object Repository/Backoffice/Betting/Match/Create_match/Pop up Add match/input_Name_player_name'

2018-10-19 18:06:26 - [MESSAGE][PASSED] - Keys 'testteamB11' sent to object: 'Object Repository/Backoffice/Betting/Match/Create_match/Pop up Add match/input_Name_player_name'

2018-10-19 18:06:26 - [TEST_STEP][PASSED] - delay: Delayed 3 second(s)

2018-10-19 18:06:29 - [MESSAGE][PASSED] - Delayed 3 second(s)

2018-10-19 18:06:29 - [TEST_STEP][PASSED] - click: Object: 'Object Repository/Backoffice/Betting/Match/Create_match/Pop up Add match/input_Close_add_match' is clicked on

2018-10-19 18:06:30 - [MESSAGE][PASSED] - Object: 'Object Repository/Backoffice/Betting/Match/Create_match/Pop up Add match/input_Close_add_match' is clicked on

2018-10-19 18:06:30 - [TEST_STEP][PASSED] - waitForElementVisible: Object 'Object Repository/Backoffice/Betting/Match/span_Clickmatch' is visible

2018-10-19 18:06:30 - [MESSAGE][PASSED] - Object 'Object Repository/Backoffice/Betting/Match/span_Clickmatch' is visible]]></system-out>
         <system-err><![CDATA[]]></system-err>
      </testcase>
      <testcase name="Test Cases/Staging/Backoffice/Betting/Create_match" classname="Test Cases/Staging/Backoffice/Betting/Create_match" status="PASSED">
         <system-out><![CDATA[2018-10-19 18:06:30 - [TEST_CASE][PASSED] - Test Cases/Staging/Backoffice/Betting/Create_match: Test Cases/Staging/Backoffice/Betting/Create_match

2018-10-19 18:06:30 - [TEST_STEP][PASSED] - focus: Object: 'Object Repository/Backoffice/Betting/Betting_header' is focused

2018-10-19 18:06:30 - [MESSAGE][PASSED] - Object: 'Object Repository/Backoffice/Betting/Betting_header' is focused

2018-10-19 18:06:30 - [TEST_STEP][PASSED] - click: Object: 'Object Repository/Backoffice/Betting/Match_header' is clicked on

2018-10-19 18:06:31 - [MESSAGE][PASSED] - Object: 'Object Repository/Backoffice/Betting/Match_header' is clicked on

2018-10-19 18:06:31 - [TEST_STEP][PASSED] - click: Object: 'Object Repository/Backoffice/Betting/Match/Create_match/button_Create Match' is clicked on

2018-10-19 18:06:31 - [MESSAGE][PASSED] - Object: 'Object Repository/Backoffice/Betting/Match/Create_match/button_Create Match' is clicked on

2018-10-19 18:06:31 - [TEST_STEP][PASSED] - delay: Delayed 2 second(s)

2018-10-19 18:06:33 - [MESSAGE][PASSED] - Delayed 2 second(s)

2018-10-19 18:06:33 - [TEST_STEP][PASSED] - waitForElementVisible: Object 'Object Repository/Backoffice/Betting/Match/Create_match/Pop up Add match/select_arena' is visible

2018-10-19 18:06:33 - [MESSAGE][PASSED] - Object 'Object Repository/Backoffice/Betting/Match/Create_match/Pop up Add match/select_arena' is visible

2018-10-19 18:06:33 - [TEST_STEP][PASSED] - selectOptionByLabel: All options with label 'CVCC3 - 10' are selected in object 'Object Repository/Backoffice/Betting/Match/Create_match/Pop up Add match/select_arena' 

2018-10-19 18:06:33 - [MESSAGE][PASSED] - All options with label 'CVCC3 - 10' are selected in object 'Object Repository/Backoffice/Betting/Match/Create_match/Pop up Add match/select_arena' 

2018-10-19 18:06:33 - [TEST_STEP][PASSED] - sendKeys: Keys '' sent to object: 'Object Repository/Backoffice/Betting/Match/Create_match/Pop up Add match/input_Event Name_match_name'

2018-10-19 18:06:33 - [MESSAGE][PASSED] - Keys '' sent to object: 'Object Repository/Backoffice/Betting/Match/Create_match/Pop up Add match/input_Event Name_match_name'

2018-10-19 18:06:33 - [TEST_STEP][PASSED] - sendKeys: Keys '' sent to object: 'Object Repository/Backoffice/Betting/Match/Create_match/Pop up Add match/input_Profit Margin ()_match_p'

2018-10-19 18:06:33 - [MESSAGE][PASSED] - Keys '' sent to object: 'Object Repository/Backoffice/Betting/Match/Create_match/Pop up Add match/input_Profit Margin ()_match_p'

2018-10-19 18:06:33 - [TEST_STEP][PASSED] - sendKeys: Keys 'testteamA12' sent to object: 'Object Repository/Backoffice/Betting/Match/Create_match/Pop up Add match/input_Name_banker_name'

2018-10-19 18:06:33 - [MESSAGE][PASSED] - Keys 'testteamA12' sent to object: 'Object Repository/Backoffice/Betting/Match/Create_match/Pop up Add match/input_Name_banker_name'

2018-10-19 18:06:33 - [TEST_STEP][PASSED] - sendKeys: Keys 'testteamB12' sent to object: 'Object Repository/Backoffice/Betting/Match/Create_match/Pop up Add match/input_Name_player_name'

2018-10-19 18:06:33 - [MESSAGE][PASSED] - Keys 'testteamB12' sent to object: 'Object Repository/Backoffice/Betting/Match/Create_match/Pop up Add match/input_Name_player_name'

2018-10-19 18:06:33 - [TEST_STEP][PASSED] - delay: Delayed 3 second(s)

2018-10-19 18:06:36 - [MESSAGE][PASSED] - Delayed 3 second(s)

2018-10-19 18:06:36 - [TEST_STEP][PASSED] - click: Object: 'Object Repository/Backoffice/Betting/Match/Create_match/Pop up Add match/input_Close_add_match' is clicked on

2018-10-19 18:06:37 - [MESSAGE][PASSED] - Object: 'Object Repository/Backoffice/Betting/Match/Create_match/Pop up Add match/input_Close_add_match' is clicked on

2018-10-19 18:06:37 - [TEST_STEP][PASSED] - waitForElementVisible: Object 'Object Repository/Backoffice/Betting/Match/span_Clickmatch' is visible

2018-10-19 18:06:37 - [MESSAGE][PASSED] - Object 'Object Repository/Backoffice/Betting/Match/span_Clickmatch' is visible]]></system-out>
         <system-err><![CDATA[]]></system-err>
      </testcase>
      <testcase name="Test Cases/Staging/Backoffice/Betting/Create_match" classname="Test Cases/Staging/Backoffice/Betting/Create_match" status="PASSED">
         <system-out><![CDATA[2018-10-19 18:06:37 - [TEST_CASE][PASSED] - Test Cases/Staging/Backoffice/Betting/Create_match: Test Cases/Staging/Backoffice/Betting/Create_match

2018-10-19 18:06:37 - [TEST_STEP][PASSED] - focus: Object: 'Object Repository/Backoffice/Betting/Betting_header' is focused

2018-10-19 18:06:37 - [MESSAGE][PASSED] - Object: 'Object Repository/Backoffice/Betting/Betting_header' is focused

2018-10-19 18:06:37 - [TEST_STEP][PASSED] - click: Object: 'Object Repository/Backoffice/Betting/Match_header' is clicked on

2018-10-19 18:06:38 - [MESSAGE][PASSED] - Object: 'Object Repository/Backoffice/Betting/Match_header' is clicked on

2018-10-19 18:06:38 - [TEST_STEP][PASSED] - click: Object: 'Object Repository/Backoffice/Betting/Match/Create_match/button_Create Match' is clicked on

2018-10-19 18:06:38 - [MESSAGE][PASSED] - Object: 'Object Repository/Backoffice/Betting/Match/Create_match/button_Create Match' is clicked on

2018-10-19 18:06:38 - [TEST_STEP][PASSED] - delay: Delayed 2 second(s)

2018-10-19 18:06:40 - [MESSAGE][PASSED] - Delayed 2 second(s)

2018-10-19 18:06:40 - [TEST_STEP][PASSED] - waitForElementVisible: Object 'Object Repository/Backoffice/Betting/Match/Create_match/Pop up Add match/select_arena' is visible

2018-10-19 18:06:40 - [MESSAGE][PASSED] - Object 'Object Repository/Backoffice/Betting/Match/Create_match/Pop up Add match/select_arena' is visible

2018-10-19 18:06:40 - [TEST_STEP][PASSED] - selectOptionByLabel: All options with label 'CVCC3 - 10' are selected in object 'Object Repository/Backoffice/Betting/Match/Create_match/Pop up Add match/select_arena' 

2018-10-19 18:06:40 - [MESSAGE][PASSED] - All options with label 'CVCC3 - 10' are selected in object 'Object Repository/Backoffice/Betting/Match/Create_match/Pop up Add match/select_arena' 

2018-10-19 18:06:40 - [TEST_STEP][PASSED] - sendKeys: Keys '' sent to object: 'Object Repository/Backoffice/Betting/Match/Create_match/Pop up Add match/input_Event Name_match_name'

2018-10-19 18:06:41 - [MESSAGE][PASSED] - Keys '' sent to object: 'Object Repository/Backoffice/Betting/Match/Create_match/Pop up Add match/input_Event Name_match_name'

2018-10-19 18:06:41 - [TEST_STEP][PASSED] - sendKeys: Keys '' sent to object: 'Object Repository/Backoffice/Betting/Match/Create_match/Pop up Add match/input_Profit Margin ()_match_p'

2018-10-19 18:06:41 - [MESSAGE][PASSED] - Keys '' sent to object: 'Object Repository/Backoffice/Betting/Match/Create_match/Pop up Add match/input_Profit Margin ()_match_p'

2018-10-19 18:06:41 - [TEST_STEP][PASSED] - sendKeys: Keys 'testteamA13' sent to object: 'Object Repository/Backoffice/Betting/Match/Create_match/Pop up Add match/input_Name_banker_name'

2018-10-19 18:06:41 - [MESSAGE][PASSED] - Keys 'testteamA13' sent to object: 'Object Repository/Backoffice/Betting/Match/Create_match/Pop up Add match/input_Name_banker_name'

2018-10-19 18:06:41 - [TEST_STEP][PASSED] - sendKeys: Keys 'testteamB13' sent to object: 'Object Repository/Backoffice/Betting/Match/Create_match/Pop up Add match/input_Name_player_name'

2018-10-19 18:06:41 - [MESSAGE][PASSED] - Keys 'testteamB13' sent to object: 'Object Repository/Backoffice/Betting/Match/Create_match/Pop up Add match/input_Name_player_name'

2018-10-19 18:06:41 - [TEST_STEP][PASSED] - delay: Delayed 3 second(s)

2018-10-19 18:06:44 - [MESSAGE][PASSED] - Delayed 3 second(s)

2018-10-19 18:06:44 - [TEST_STEP][PASSED] - click: Object: 'Object Repository/Backoffice/Betting/Match/Create_match/Pop up Add match/input_Close_add_match' is clicked on

2018-10-19 18:06:45 - [MESSAGE][PASSED] - Object: 'Object Repository/Backoffice/Betting/Match/Create_match/Pop up Add match/input_Close_add_match' is clicked on

2018-10-19 18:06:45 - [TEST_STEP][PASSED] - waitForElementVisible: Object 'Object Repository/Backoffice/Betting/Match/span_Clickmatch' is visible

2018-10-19 18:06:45 - [MESSAGE][PASSED] - Object 'Object Repository/Backoffice/Betting/Match/span_Clickmatch' is visible]]></system-out>
         <system-err><![CDATA[]]></system-err>
      </testcase>
      <testcase name="Test Cases/Staging/Backoffice/Betting/Create_match" classname="Test Cases/Staging/Backoffice/Betting/Create_match" status="PASSED">
         <system-out><![CDATA[2018-10-19 18:06:45 - [TEST_CASE][PASSED] - Test Cases/Staging/Backoffice/Betting/Create_match: Test Cases/Staging/Backoffice/Betting/Create_match

2018-10-19 18:06:45 - [TEST_STEP][PASSED] - focus: Object: 'Object Repository/Backoffice/Betting/Betting_header' is focused

2018-10-19 18:06:45 - [MESSAGE][PASSED] - Object: 'Object Repository/Backoffice/Betting/Betting_header' is focused

2018-10-19 18:06:45 - [TEST_STEP][PASSED] - click: Object: 'Object Repository/Backoffice/Betting/Match_header' is clicked on

2018-10-19 18:06:46 - [MESSAGE][PASSED] - Object: 'Object Repository/Backoffice/Betting/Match_header' is clicked on

2018-10-19 18:06:46 - [TEST_STEP][PASSED] - click: Object: 'Object Repository/Backoffice/Betting/Match/Create_match/button_Create Match' is clicked on

2018-10-19 18:06:46 - [MESSAGE][PASSED] - Object: 'Object Repository/Backoffice/Betting/Match/Create_match/button_Create Match' is clicked on

2018-10-19 18:06:46 - [TEST_STEP][PASSED] - delay: Delayed 2 second(s)

2018-10-19 18:06:48 - [MESSAGE][PASSED] - Delayed 2 second(s)

2018-10-19 18:06:48 - [TEST_STEP][PASSED] - waitForElementVisible: Object 'Object Repository/Backoffice/Betting/Match/Create_match/Pop up Add match/select_arena' is visible

2018-10-19 18:06:48 - [MESSAGE][PASSED] - Object 'Object Repository/Backoffice/Betting/Match/Create_match/Pop up Add match/select_arena' is visible

2018-10-19 18:06:48 - [TEST_STEP][PASSED] - selectOptionByLabel: All options with label 'CVCC3 - 10' are selected in object 'Object Repository/Backoffice/Betting/Match/Create_match/Pop up Add match/select_arena' 

2018-10-19 18:06:48 - [MESSAGE][PASSED] - All options with label 'CVCC3 - 10' are selected in object 'Object Repository/Backoffice/Betting/Match/Create_match/Pop up Add match/select_arena' 

2018-10-19 18:06:48 - [TEST_STEP][PASSED] - sendKeys: Keys '' sent to object: 'Object Repository/Backoffice/Betting/Match/Create_match/Pop up Add match/input_Event Name_match_name'

2018-10-19 18:06:48 - [MESSAGE][PASSED] - Keys '' sent to object: 'Object Repository/Backoffice/Betting/Match/Create_match/Pop up Add match/input_Event Name_match_name'

2018-10-19 18:06:48 - [TEST_STEP][PASSED] - sendKeys: Keys '' sent to object: 'Object Repository/Backoffice/Betting/Match/Create_match/Pop up Add match/input_Profit Margin ()_match_p'

2018-10-19 18:06:48 - [MESSAGE][PASSED] - Keys '' sent to object: 'Object Repository/Backoffice/Betting/Match/Create_match/Pop up Add match/input_Profit Margin ()_match_p'

2018-10-19 18:06:48 - [TEST_STEP][PASSED] - sendKeys: Keys 'testteamA14' sent to object: 'Object Repository/Backoffice/Betting/Match/Create_match/Pop up Add match/input_Name_banker_name'

2018-10-19 18:06:48 - [MESSAGE][PASSED] - Keys 'testteamA14' sent to object: 'Object Repository/Backoffice/Betting/Match/Create_match/Pop up Add match/input_Name_banker_name'

2018-10-19 18:06:48 - [TEST_STEP][PASSED] - sendKeys: Keys 'testteamB14' sent to object: 'Object Repository/Backoffice/Betting/Match/Create_match/Pop up Add match/input_Name_player_name'

2018-10-19 18:06:48 - [MESSAGE][PASSED] - Keys 'testteamB14' sent to object: 'Object Repository/Backoffice/Betting/Match/Create_match/Pop up Add match/input_Name_player_name'

2018-10-19 18:06:48 - [TEST_STEP][PASSED] - delay: Delayed 3 second(s)

2018-10-19 18:06:51 - [MESSAGE][PASSED] - Delayed 3 second(s)

2018-10-19 18:06:51 - [TEST_STEP][PASSED] - click: Object: 'Object Repository/Backoffice/Betting/Match/Create_match/Pop up Add match/input_Close_add_match' is clicked on

2018-10-19 18:06:52 - [MESSAGE][PASSED] - Object: 'Object Repository/Backoffice/Betting/Match/Create_match/Pop up Add match/input_Close_add_match' is clicked on

2018-10-19 18:06:52 - [TEST_STEP][PASSED] - waitForElementVisible: Object 'Object Repository/Backoffice/Betting/Match/span_Clickmatch' is visible

2018-10-19 18:06:52 - [MESSAGE][PASSED] - Object 'Object Repository/Backoffice/Betting/Match/span_Clickmatch' is visible]]></system-out>
         <system-err><![CDATA[]]></system-err>
      </testcase>
      <testcase name="Test Cases/Staging/Backoffice/Betting/Create_match" classname="Test Cases/Staging/Backoffice/Betting/Create_match" status="PASSED">
         <system-out><![CDATA[2018-10-19 18:06:52 - [TEST_CASE][PASSED] - Test Cases/Staging/Backoffice/Betting/Create_match: Test Cases/Staging/Backoffice/Betting/Create_match

2018-10-19 18:06:52 - [TEST_STEP][PASSED] - focus: Object: 'Object Repository/Backoffice/Betting/Betting_header' is focused

2018-10-19 18:06:52 - [MESSAGE][PASSED] - Object: 'Object Repository/Backoffice/Betting/Betting_header' is focused

2018-10-19 18:06:52 - [TEST_STEP][PASSED] - click: Object: 'Object Repository/Backoffice/Betting/Match_header' is clicked on

2018-10-19 18:06:53 - [MESSAGE][PASSED] - Object: 'Object Repository/Backoffice/Betting/Match_header' is clicked on

2018-10-19 18:06:53 - [TEST_STEP][PASSED] - click: Object: 'Object Repository/Backoffice/Betting/Match/Create_match/button_Create Match' is clicked on

2018-10-19 18:06:53 - [MESSAGE][PASSED] - Object: 'Object Repository/Backoffice/Betting/Match/Create_match/button_Create Match' is clicked on

2018-10-19 18:06:53 - [TEST_STEP][PASSED] - delay: Delayed 2 second(s)

2018-10-19 18:06:55 - [MESSAGE][PASSED] - Delayed 2 second(s)

2018-10-19 18:06:55 - [TEST_STEP][PASSED] - waitForElementVisible: Object 'Object Repository/Backoffice/Betting/Match/Create_match/Pop up Add match/select_arena' is visible

2018-10-19 18:06:55 - [MESSAGE][PASSED] - Object 'Object Repository/Backoffice/Betting/Match/Create_match/Pop up Add match/select_arena' is visible

2018-10-19 18:06:55 - [TEST_STEP][PASSED] - selectOptionByLabel: All options with label 'CVCC3 - 10' are selected in object 'Object Repository/Backoffice/Betting/Match/Create_match/Pop up Add match/select_arena' 

2018-10-19 18:06:55 - [MESSAGE][PASSED] - All options with label 'CVCC3 - 10' are selected in object 'Object Repository/Backoffice/Betting/Match/Create_match/Pop up Add match/select_arena' 

2018-10-19 18:06:55 - [TEST_STEP][PASSED] - sendKeys: Keys '' sent to object: 'Object Repository/Backoffice/Betting/Match/Create_match/Pop up Add match/input_Event Name_match_name'

2018-10-19 18:06:55 - [MESSAGE][PASSED] - Keys '' sent to object: 'Object Repository/Backoffice/Betting/Match/Create_match/Pop up Add match/input_Event Name_match_name'

2018-10-19 18:06:55 - [TEST_STEP][PASSED] - sendKeys: Keys '' sent to object: 'Object Repository/Backoffice/Betting/Match/Create_match/Pop up Add match/input_Profit Margin ()_match_p'

2018-10-19 18:06:55 - [MESSAGE][PASSED] - Keys '' sent to object: 'Object Repository/Backoffice/Betting/Match/Create_match/Pop up Add match/input_Profit Margin ()_match_p'

2018-10-19 18:06:55 - [TEST_STEP][PASSED] - sendKeys: Keys 'testteamA15' sent to object: 'Object Repository/Backoffice/Betting/Match/Create_match/Pop up Add match/input_Name_banker_name'

2018-10-19 18:06:55 - [MESSAGE][PASSED] - Keys 'testteamA15' sent to object: 'Object Repository/Backoffice/Betting/Match/Create_match/Pop up Add match/input_Name_banker_name'

2018-10-19 18:06:55 - [TEST_STEP][PASSED] - sendKeys: Keys 'testteamB15' sent to object: 'Object Repository/Backoffice/Betting/Match/Create_match/Pop up Add match/input_Name_player_name'

2018-10-19 18:06:55 - [MESSAGE][PASSED] - Keys 'testteamB15' sent to object: 'Object Repository/Backoffice/Betting/Match/Create_match/Pop up Add match/input_Name_player_name'

2018-10-19 18:06:55 - [TEST_STEP][PASSED] - delay: Delayed 3 second(s)

2018-10-19 18:06:58 - [MESSAGE][PASSED] - Delayed 3 second(s)

2018-10-19 18:06:58 - [TEST_STEP][PASSED] - click: Object: 'Object Repository/Backoffice/Betting/Match/Create_match/Pop up Add match/input_Close_add_match' is clicked on

2018-10-19 18:06:59 - [MESSAGE][PASSED] - Object: 'Object Repository/Backoffice/Betting/Match/Create_match/Pop up Add match/input_Close_add_match' is clicked on

2018-10-19 18:06:59 - [TEST_STEP][PASSED] - waitForElementVisible: Object 'Object Repository/Backoffice/Betting/Match/span_Clickmatch' is visible

2018-10-19 18:06:59 - [MESSAGE][PASSED] - Object 'Object Repository/Backoffice/Betting/Match/span_Clickmatch' is visible]]></system-out>
         <system-err><![CDATA[]]></system-err>
      </testcase>
      <testcase name="Test Cases/Staging/Backoffice/Betting/Create_match" classname="Test Cases/Staging/Backoffice/Betting/Create_match" status="PASSED">
         <system-out><![CDATA[2018-10-19 18:06:59 - [TEST_CASE][PASSED] - Test Cases/Staging/Backoffice/Betting/Create_match: Test Cases/Staging/Backoffice/Betting/Create_match

2018-10-19 18:06:59 - [TEST_STEP][PASSED] - focus: Object: 'Object Repository/Backoffice/Betting/Betting_header' is focused

2018-10-19 18:06:59 - [MESSAGE][PASSED] - Object: 'Object Repository/Backoffice/Betting/Betting_header' is focused

2018-10-19 18:06:59 - [TEST_STEP][PASSED] - click: Object: 'Object Repository/Backoffice/Betting/Match_header' is clicked on

2018-10-19 18:07:00 - [MESSAGE][PASSED] - Object: 'Object Repository/Backoffice/Betting/Match_header' is clicked on

2018-10-19 18:07:00 - [TEST_STEP][PASSED] - click: Object: 'Object Repository/Backoffice/Betting/Match/Create_match/button_Create Match' is clicked on

2018-10-19 18:07:00 - [MESSAGE][PASSED] - Object: 'Object Repository/Backoffice/Betting/Match/Create_match/button_Create Match' is clicked on

2018-10-19 18:07:00 - [TEST_STEP][PASSED] - delay: Delayed 2 second(s)

2018-10-19 18:07:02 - [MESSAGE][PASSED] - Delayed 2 second(s)

2018-10-19 18:07:02 - [TEST_STEP][PASSED] - waitForElementVisible: Object 'Object Repository/Backoffice/Betting/Match/Create_match/Pop up Add match/select_arena' is visible

2018-10-19 18:07:02 - [MESSAGE][PASSED] - Object 'Object Repository/Backoffice/Betting/Match/Create_match/Pop up Add match/select_arena' is visible

2018-10-19 18:07:02 - [TEST_STEP][PASSED] - selectOptionByLabel: All options with label 'CVCC3 - 10' are selected in object 'Object Repository/Backoffice/Betting/Match/Create_match/Pop up Add match/select_arena' 

2018-10-19 18:07:02 - [MESSAGE][PASSED] - All options with label 'CVCC3 - 10' are selected in object 'Object Repository/Backoffice/Betting/Match/Create_match/Pop up Add match/select_arena' 

2018-10-19 18:07:02 - [TEST_STEP][PASSED] - sendKeys: Keys '' sent to object: 'Object Repository/Backoffice/Betting/Match/Create_match/Pop up Add match/input_Event Name_match_name'

2018-10-19 18:07:02 - [MESSAGE][PASSED] - Keys '' sent to object: 'Object Repository/Backoffice/Betting/Match/Create_match/Pop up Add match/input_Event Name_match_name'

2018-10-19 18:07:02 - [TEST_STEP][PASSED] - sendKeys: Keys '' sent to object: 'Object Repository/Backoffice/Betting/Match/Create_match/Pop up Add match/input_Profit Margin ()_match_p'

2018-10-19 18:07:03 - [MESSAGE][PASSED] - Keys '' sent to object: 'Object Repository/Backoffice/Betting/Match/Create_match/Pop up Add match/input_Profit Margin ()_match_p'

2018-10-19 18:07:03 - [TEST_STEP][PASSED] - sendKeys: Keys 'testteamA16' sent to object: 'Object Repository/Backoffice/Betting/Match/Create_match/Pop up Add match/input_Name_banker_name'

2018-10-19 18:07:03 - [MESSAGE][PASSED] - Keys 'testteamA16' sent to object: 'Object Repository/Backoffice/Betting/Match/Create_match/Pop up Add match/input_Name_banker_name'

2018-10-19 18:07:03 - [TEST_STEP][PASSED] - sendKeys: Keys 'testteamB16' sent to object: 'Object Repository/Backoffice/Betting/Match/Create_match/Pop up Add match/input_Name_player_name'

2018-10-19 18:07:03 - [MESSAGE][PASSED] - Keys 'testteamB16' sent to object: 'Object Repository/Backoffice/Betting/Match/Create_match/Pop up Add match/input_Name_player_name'

2018-10-19 18:07:03 - [TEST_STEP][PASSED] - delay: Delayed 3 second(s)

2018-10-19 18:07:06 - [MESSAGE][PASSED] - Delayed 3 second(s)

2018-10-19 18:07:06 - [TEST_STEP][PASSED] - click: Object: 'Object Repository/Backoffice/Betting/Match/Create_match/Pop up Add match/input_Close_add_match' is clicked on

2018-10-19 18:07:07 - [MESSAGE][PASSED] - Object: 'Object Repository/Backoffice/Betting/Match/Create_match/Pop up Add match/input_Close_add_match' is clicked on

2018-10-19 18:07:07 - [TEST_STEP][PASSED] - waitForElementVisible: Object 'Object Repository/Backoffice/Betting/Match/span_Clickmatch' is visible

2018-10-19 18:07:07 - [MESSAGE][PASSED] - Object 'Object Repository/Backoffice/Betting/Match/span_Clickmatch' is visible]]></system-out>
         <system-err><![CDATA[]]></system-err>
      </testcase>
      <testcase name="Test Cases/Staging/Backoffice/Betting/Create_match" classname="Test Cases/Staging/Backoffice/Betting/Create_match" status="PASSED">
         <system-out><![CDATA[2018-10-19 18:07:07 - [TEST_CASE][PASSED] - Test Cases/Staging/Backoffice/Betting/Create_match: Test Cases/Staging/Backoffice/Betting/Create_match

2018-10-19 18:07:07 - [TEST_STEP][PASSED] - focus: Object: 'Object Repository/Backoffice/Betting/Betting_header' is focused

2018-10-19 18:07:07 - [MESSAGE][PASSED] - Object: 'Object Repository/Backoffice/Betting/Betting_header' is focused

2018-10-19 18:07:07 - [TEST_STEP][PASSED] - click: Object: 'Object Repository/Backoffice/Betting/Match_header' is clicked on

2018-10-19 18:07:08 - [MESSAGE][PASSED] - Object: 'Object Repository/Backoffice/Betting/Match_header' is clicked on

2018-10-19 18:07:08 - [TEST_STEP][PASSED] - click: Object: 'Object Repository/Backoffice/Betting/Match/Create_match/button_Create Match' is clicked on

2018-10-19 18:07:08 - [MESSAGE][PASSED] - Object: 'Object Repository/Backoffice/Betting/Match/Create_match/button_Create Match' is clicked on

2018-10-19 18:07:08 - [TEST_STEP][PASSED] - delay: Delayed 2 second(s)

2018-10-19 18:07:10 - [MESSAGE][PASSED] - Delayed 2 second(s)

2018-10-19 18:07:10 - [TEST_STEP][PASSED] - waitForElementVisible: Object 'Object Repository/Backoffice/Betting/Match/Create_match/Pop up Add match/select_arena' is visible

2018-10-19 18:07:10 - [MESSAGE][PASSED] - Object 'Object Repository/Backoffice/Betting/Match/Create_match/Pop up Add match/select_arena' is visible

2018-10-19 18:07:10 - [TEST_STEP][PASSED] - selectOptionByLabel: All options with label 'CVCC3 - 10' are selected in object 'Object Repository/Backoffice/Betting/Match/Create_match/Pop up Add match/select_arena' 

2018-10-19 18:07:10 - [MESSAGE][PASSED] - All options with label 'CVCC3 - 10' are selected in object 'Object Repository/Backoffice/Betting/Match/Create_match/Pop up Add match/select_arena' 

2018-10-19 18:07:10 - [TEST_STEP][PASSED] - sendKeys: Keys '' sent to object: 'Object Repository/Backoffice/Betting/Match/Create_match/Pop up Add match/input_Event Name_match_name'

2018-10-19 18:07:10 - [MESSAGE][PASSED] - Keys '' sent to object: 'Object Repository/Backoffice/Betting/Match/Create_match/Pop up Add match/input_Event Name_match_name'

2018-10-19 18:07:10 - [TEST_STEP][PASSED] - sendKeys: Keys '' sent to object: 'Object Repository/Backoffice/Betting/Match/Create_match/Pop up Add match/input_Profit Margin ()_match_p'

2018-10-19 18:07:10 - [MESSAGE][PASSED] - Keys '' sent to object: 'Object Repository/Backoffice/Betting/Match/Create_match/Pop up Add match/input_Profit Margin ()_match_p'

2018-10-19 18:07:10 - [TEST_STEP][PASSED] - sendKeys: Keys 'testteamA17' sent to object: 'Object Repository/Backoffice/Betting/Match/Create_match/Pop up Add match/input_Name_banker_name'

2018-10-19 18:07:10 - [MESSAGE][PASSED] - Keys 'testteamA17' sent to object: 'Object Repository/Backoffice/Betting/Match/Create_match/Pop up Add match/input_Name_banker_name'

2018-10-19 18:07:10 - [TEST_STEP][PASSED] - sendKeys: Keys 'testteamB17' sent to object: 'Object Repository/Backoffice/Betting/Match/Create_match/Pop up Add match/input_Name_player_name'

2018-10-19 18:07:10 - [MESSAGE][PASSED] - Keys 'testteamB17' sent to object: 'Object Repository/Backoffice/Betting/Match/Create_match/Pop up Add match/input_Name_player_name'

2018-10-19 18:07:10 - [TEST_STEP][PASSED] - delay: Delayed 3 second(s)

2018-10-19 18:07:13 - [MESSAGE][PASSED] - Delayed 3 second(s)

2018-10-19 18:07:13 - [TEST_STEP][PASSED] - click: Object: 'Object Repository/Backoffice/Betting/Match/Create_match/Pop up Add match/input_Close_add_match' is clicked on

2018-10-19 18:07:14 - [MESSAGE][PASSED] - Object: 'Object Repository/Backoffice/Betting/Match/Create_match/Pop up Add match/input_Close_add_match' is clicked on

2018-10-19 18:07:14 - [TEST_STEP][PASSED] - waitForElementVisible: Object 'Object Repository/Backoffice/Betting/Match/span_Clickmatch' is visible

2018-10-19 18:07:14 - [MESSAGE][PASSED] - Object 'Object Repository/Backoffice/Betting/Match/span_Clickmatch' is visible]]></system-out>
         <system-err><![CDATA[]]></system-err>
      </testcase>
      <testcase name="Test Cases/Staging/Backoffice/Betting/Create_match" classname="Test Cases/Staging/Backoffice/Betting/Create_match" status="PASSED">
         <system-out><![CDATA[2018-10-19 18:07:14 - [TEST_CASE][PASSED] - Test Cases/Staging/Backoffice/Betting/Create_match: Test Cases/Staging/Backoffice/Betting/Create_match

2018-10-19 18:07:14 - [TEST_STEP][PASSED] - focus: Object: 'Object Repository/Backoffice/Betting/Betting_header' is focused

2018-10-19 18:07:14 - [MESSAGE][PASSED] - Object: 'Object Repository/Backoffice/Betting/Betting_header' is focused

2018-10-19 18:07:14 - [TEST_STEP][PASSED] - click: Object: 'Object Repository/Backoffice/Betting/Match_header' is clicked on

2018-10-19 18:07:15 - [MESSAGE][PASSED] - Object: 'Object Repository/Backoffice/Betting/Match_header' is clicked on

2018-10-19 18:07:15 - [TEST_STEP][PASSED] - click: Object: 'Object Repository/Backoffice/Betting/Match/Create_match/button_Create Match' is clicked on

2018-10-19 18:07:15 - [MESSAGE][PASSED] - Object: 'Object Repository/Backoffice/Betting/Match/Create_match/button_Create Match' is clicked on

2018-10-19 18:07:15 - [TEST_STEP][PASSED] - delay: Delayed 2 second(s)

2018-10-19 18:07:17 - [MESSAGE][PASSED] - Delayed 2 second(s)

2018-10-19 18:07:17 - [TEST_STEP][PASSED] - waitForElementVisible: Object 'Object Repository/Backoffice/Betting/Match/Create_match/Pop up Add match/select_arena' is visible

2018-10-19 18:07:17 - [MESSAGE][PASSED] - Object 'Object Repository/Backoffice/Betting/Match/Create_match/Pop up Add match/select_arena' is visible

2018-10-19 18:07:17 - [TEST_STEP][PASSED] - selectOptionByLabel: All options with label 'CVCC3 - 10' are selected in object 'Object Repository/Backoffice/Betting/Match/Create_match/Pop up Add match/select_arena' 

2018-10-19 18:07:17 - [MESSAGE][PASSED] - All options with label 'CVCC3 - 10' are selected in object 'Object Repository/Backoffice/Betting/Match/Create_match/Pop up Add match/select_arena' 

2018-10-19 18:07:17 - [TEST_STEP][PASSED] - sendKeys: Keys '' sent to object: 'Object Repository/Backoffice/Betting/Match/Create_match/Pop up Add match/input_Event Name_match_name'

2018-10-19 18:07:17 - [MESSAGE][PASSED] - Keys '' sent to object: 'Object Repository/Backoffice/Betting/Match/Create_match/Pop up Add match/input_Event Name_match_name'

2018-10-19 18:07:17 - [TEST_STEP][PASSED] - sendKeys: Keys '' sent to object: 'Object Repository/Backoffice/Betting/Match/Create_match/Pop up Add match/input_Profit Margin ()_match_p'

2018-10-19 18:07:17 - [MESSAGE][PASSED] - Keys '' sent to object: 'Object Repository/Backoffice/Betting/Match/Create_match/Pop up Add match/input_Profit Margin ()_match_p'

2018-10-19 18:07:17 - [TEST_STEP][PASSED] - sendKeys: Keys 'testteamA18' sent to object: 'Object Repository/Backoffice/Betting/Match/Create_match/Pop up Add match/input_Name_banker_name'

2018-10-19 18:07:17 - [MESSAGE][PASSED] - Keys 'testteamA18' sent to object: 'Object Repository/Backoffice/Betting/Match/Create_match/Pop up Add match/input_Name_banker_name'

2018-10-19 18:07:17 - [TEST_STEP][PASSED] - sendKeys: Keys 'testteamB18' sent to object: 'Object Repository/Backoffice/Betting/Match/Create_match/Pop up Add match/input_Name_player_name'

2018-10-19 18:07:17 - [MESSAGE][PASSED] - Keys 'testteamB18' sent to object: 'Object Repository/Backoffice/Betting/Match/Create_match/Pop up Add match/input_Name_player_name'

2018-10-19 18:07:17 - [TEST_STEP][PASSED] - delay: Delayed 3 second(s)

2018-10-19 18:07:20 - [MESSAGE][PASSED] - Delayed 3 second(s)

2018-10-19 18:07:20 - [TEST_STEP][PASSED] - click: Object: 'Object Repository/Backoffice/Betting/Match/Create_match/Pop up Add match/input_Close_add_match' is clicked on

2018-10-19 18:07:21 - [MESSAGE][PASSED] - Object: 'Object Repository/Backoffice/Betting/Match/Create_match/Pop up Add match/input_Close_add_match' is clicked on

2018-10-19 18:07:21 - [TEST_STEP][PASSED] - waitForElementVisible: Object 'Object Repository/Backoffice/Betting/Match/span_Clickmatch' is visible

2018-10-19 18:07:21 - [MESSAGE][PASSED] - Object 'Object Repository/Backoffice/Betting/Match/span_Clickmatch' is visible]]></system-out>
         <system-err><![CDATA[]]></system-err>
      </testcase>
      <testcase name="Test Cases/Staging/Backoffice/Betting/Create_match" classname="Test Cases/Staging/Backoffice/Betting/Create_match" status="PASSED">
         <system-out><![CDATA[2018-10-19 18:07:21 - [TEST_CASE][PASSED] - Test Cases/Staging/Backoffice/Betting/Create_match: Test Cases/Staging/Backoffice/Betting/Create_match

2018-10-19 18:07:21 - [TEST_STEP][PASSED] - focus: Object: 'Object Repository/Backoffice/Betting/Betting_header' is focused

2018-10-19 18:07:21 - [MESSAGE][PASSED] - Object: 'Object Repository/Backoffice/Betting/Betting_header' is focused

2018-10-19 18:07:21 - [TEST_STEP][PASSED] - click: Object: 'Object Repository/Backoffice/Betting/Match_header' is clicked on

2018-10-19 18:07:22 - [MESSAGE][PASSED] - Object: 'Object Repository/Backoffice/Betting/Match_header' is clicked on

2018-10-19 18:07:22 - [TEST_STEP][PASSED] - click: Object: 'Object Repository/Backoffice/Betting/Match/Create_match/button_Create Match' is clicked on

2018-10-19 18:07:22 - [MESSAGE][PASSED] - Object: 'Object Repository/Backoffice/Betting/Match/Create_match/button_Create Match' is clicked on

2018-10-19 18:07:22 - [TEST_STEP][PASSED] - delay: Delayed 2 second(s)

2018-10-19 18:07:24 - [MESSAGE][PASSED] - Delayed 2 second(s)

2018-10-19 18:07:24 - [TEST_STEP][PASSED] - waitForElementVisible: Object 'Object Repository/Backoffice/Betting/Match/Create_match/Pop up Add match/select_arena' is visible

2018-10-19 18:07:24 - [MESSAGE][PASSED] - Object 'Object Repository/Backoffice/Betting/Match/Create_match/Pop up Add match/select_arena' is visible

2018-10-19 18:07:24 - [TEST_STEP][PASSED] - selectOptionByLabel: All options with label 'CVCC3 - 10' are selected in object 'Object Repository/Backoffice/Betting/Match/Create_match/Pop up Add match/select_arena' 

2018-10-19 18:07:24 - [MESSAGE][PASSED] - All options with label 'CVCC3 - 10' are selected in object 'Object Repository/Backoffice/Betting/Match/Create_match/Pop up Add match/select_arena' 

2018-10-19 18:07:24 - [TEST_STEP][PASSED] - sendKeys: Keys '' sent to object: 'Object Repository/Backoffice/Betting/Match/Create_match/Pop up Add match/input_Event Name_match_name'

2018-10-19 18:07:25 - [MESSAGE][PASSED] - Keys '' sent to object: 'Object Repository/Backoffice/Betting/Match/Create_match/Pop up Add match/input_Event Name_match_name'

2018-10-19 18:07:25 - [TEST_STEP][PASSED] - sendKeys: Keys '' sent to object: 'Object Repository/Backoffice/Betting/Match/Create_match/Pop up Add match/input_Profit Margin ()_match_p'

2018-10-19 18:07:25 - [MESSAGE][PASSED] - Keys '' sent to object: 'Object Repository/Backoffice/Betting/Match/Create_match/Pop up Add match/input_Profit Margin ()_match_p'

2018-10-19 18:07:25 - [TEST_STEP][PASSED] - sendKeys: Keys 'testteamA19' sent to object: 'Object Repository/Backoffice/Betting/Match/Create_match/Pop up Add match/input_Name_banker_name'

2018-10-19 18:07:25 - [MESSAGE][PASSED] - Keys 'testteamA19' sent to object: 'Object Repository/Backoffice/Betting/Match/Create_match/Pop up Add match/input_Name_banker_name'

2018-10-19 18:07:25 - [TEST_STEP][PASSED] - sendKeys: Keys 'testteamB19' sent to object: 'Object Repository/Backoffice/Betting/Match/Create_match/Pop up Add match/input_Name_player_name'

2018-10-19 18:07:25 - [MESSAGE][PASSED] - Keys 'testteamB19' sent to object: 'Object Repository/Backoffice/Betting/Match/Create_match/Pop up Add match/input_Name_player_name'

2018-10-19 18:07:25 - [TEST_STEP][PASSED] - delay: Delayed 3 second(s)

2018-10-19 18:07:28 - [MESSAGE][PASSED] - Delayed 3 second(s)

2018-10-19 18:07:28 - [TEST_STEP][PASSED] - click: Object: 'Object Repository/Backoffice/Betting/Match/Create_match/Pop up Add match/input_Close_add_match' is clicked on

2018-10-19 18:07:29 - [MESSAGE][PASSED] - Object: 'Object Repository/Backoffice/Betting/Match/Create_match/Pop up Add match/input_Close_add_match' is clicked on

2018-10-19 18:07:29 - [TEST_STEP][PASSED] - waitForElementVisible: Object 'Object Repository/Backoffice/Betting/Match/span_Clickmatch' is visible

2018-10-19 18:07:29 - [MESSAGE][PASSED] - Object 'Object Repository/Backoffice/Betting/Match/span_Clickmatch' is visible]]></system-out>
         <system-err><![CDATA[]]></system-err>
      </testcase>
      <testcase name="Test Cases/Staging/Backoffice/Betting/Create_match" classname="Test Cases/Staging/Backoffice/Betting/Create_match" status="PASSED">
         <system-out><![CDATA[2018-10-19 18:07:29 - [TEST_CASE][PASSED] - Test Cases/Staging/Backoffice/Betting/Create_match: Test Cases/Staging/Backoffice/Betting/Create_match

2018-10-19 18:07:29 - [TEST_STEP][PASSED] - focus: Object: 'Object Repository/Backoffice/Betting/Betting_header' is focused

2018-10-19 18:07:29 - [MESSAGE][PASSED] - Object: 'Object Repository/Backoffice/Betting/Betting_header' is focused

2018-10-19 18:07:29 - [TEST_STEP][PASSED] - click: Object: 'Object Repository/Backoffice/Betting/Match_header' is clicked on

2018-10-19 18:07:30 - [MESSAGE][PASSED] - Object: 'Object Repository/Backoffice/Betting/Match_header' is clicked on

2018-10-19 18:07:30 - [TEST_STEP][PASSED] - click: Object: 'Object Repository/Backoffice/Betting/Match/Create_match/button_Create Match' is clicked on

2018-10-19 18:07:30 - [MESSAGE][PASSED] - Object: 'Object Repository/Backoffice/Betting/Match/Create_match/button_Create Match' is clicked on

2018-10-19 18:07:30 - [TEST_STEP][PASSED] - delay: Delayed 2 second(s)

2018-10-19 18:07:32 - [MESSAGE][PASSED] - Delayed 2 second(s)

2018-10-19 18:07:32 - [TEST_STEP][PASSED] - waitForElementVisible: Object 'Object Repository/Backoffice/Betting/Match/Create_match/Pop up Add match/select_arena' is visible

2018-10-19 18:07:32 - [MESSAGE][PASSED] - Object 'Object Repository/Backoffice/Betting/Match/Create_match/Pop up Add match/select_arena' is visible

2018-10-19 18:07:32 - [TEST_STEP][PASSED] - selectOptionByLabel: All options with label 'CVCC3 - 10' are selected in object 'Object Repository/Backoffice/Betting/Match/Create_match/Pop up Add match/select_arena' 

2018-10-19 18:07:32 - [MESSAGE][PASSED] - All options with label 'CVCC3 - 10' are selected in object 'Object Repository/Backoffice/Betting/Match/Create_match/Pop up Add match/select_arena' 

2018-10-19 18:07:32 - [TEST_STEP][PASSED] - sendKeys: Keys '' sent to object: 'Object Repository/Backoffice/Betting/Match/Create_match/Pop up Add match/input_Event Name_match_name'

2018-10-19 18:07:32 - [MESSAGE][PASSED] - Keys '' sent to object: 'Object Repository/Backoffice/Betting/Match/Create_match/Pop up Add match/input_Event Name_match_name'

2018-10-19 18:07:32 - [TEST_STEP][PASSED] - sendKeys: Keys '' sent to object: 'Object Repository/Backoffice/Betting/Match/Create_match/Pop up Add match/input_Profit Margin ()_match_p'

2018-10-19 18:07:32 - [MESSAGE][PASSED] - Keys '' sent to object: 'Object Repository/Backoffice/Betting/Match/Create_match/Pop up Add match/input_Profit Margin ()_match_p'

2018-10-19 18:07:32 - [TEST_STEP][PASSED] - sendKeys: Keys 'testteamA20' sent to object: 'Object Repository/Backoffice/Betting/Match/Create_match/Pop up Add match/input_Name_banker_name'

2018-10-19 18:07:32 - [MESSAGE][PASSED] - Keys 'testteamA20' sent to object: 'Object Repository/Backoffice/Betting/Match/Create_match/Pop up Add match/input_Name_banker_name'

2018-10-19 18:07:32 - [TEST_STEP][PASSED] - sendKeys: Keys 'testteamB20' sent to object: 'Object Repository/Backoffice/Betting/Match/Create_match/Pop up Add match/input_Name_player_name'

2018-10-19 18:07:32 - [MESSAGE][PASSED] - Keys 'testteamB20' sent to object: 'Object Repository/Backoffice/Betting/Match/Create_match/Pop up Add match/input_Name_player_name'

2018-10-19 18:07:32 - [TEST_STEP][PASSED] - delay: Delayed 3 second(s)

2018-10-19 18:07:35 - [MESSAGE][PASSED] - Delayed 3 second(s)

2018-10-19 18:07:35 - [TEST_STEP][PASSED] - click: Object: 'Object Repository/Backoffice/Betting/Match/Create_match/Pop up Add match/input_Close_add_match' is clicked on

2018-10-19 18:07:36 - [MESSAGE][PASSED] - Object: 'Object Repository/Backoffice/Betting/Match/Create_match/Pop up Add match/input_Close_add_match' is clicked on

2018-10-19 18:07:36 - [TEST_STEP][PASSED] - waitForElementVisible: Object 'Object Repository/Backoffice/Betting/Match/span_Clickmatch' is visible

2018-10-19 18:07:36 - [MESSAGE][PASSED] - Object 'Object Repository/Backoffice/Betting/Match/span_Clickmatch' is visible]]></system-out>
         <system-err><![CDATA[]]></system-err>
      </testcase>
      <testcase name="Test Cases/Staging/Backoffice/Betting/Create_match" classname="Test Cases/Staging/Backoffice/Betting/Create_match" status="PASSED">
         <system-out><![CDATA[2018-10-19 18:07:36 - [TEST_CASE][PASSED] - Test Cases/Staging/Backoffice/Betting/Create_match: Test Cases/Staging/Backoffice/Betting/Create_match

2018-10-19 18:07:36 - [TEST_STEP][PASSED] - focus: Object: 'Object Repository/Backoffice/Betting/Betting_header' is focused

2018-10-19 18:07:36 - [MESSAGE][PASSED] - Object: 'Object Repository/Backoffice/Betting/Betting_header' is focused

2018-10-19 18:07:36 - [TEST_STEP][PASSED] - click: Object: 'Object Repository/Backoffice/Betting/Match_header' is clicked on

2018-10-19 18:07:37 - [MESSAGE][PASSED] - Object: 'Object Repository/Backoffice/Betting/Match_header' is clicked on

2018-10-19 18:07:37 - [TEST_STEP][PASSED] - click: Object: 'Object Repository/Backoffice/Betting/Match/Create_match/button_Create Match' is clicked on

2018-10-19 18:07:37 - [MESSAGE][PASSED] - Object: 'Object Repository/Backoffice/Betting/Match/Create_match/button_Create Match' is clicked on

2018-10-19 18:07:37 - [TEST_STEP][PASSED] - delay: Delayed 2 second(s)

2018-10-19 18:07:39 - [MESSAGE][PASSED] - Delayed 2 second(s)

2018-10-19 18:07:39 - [TEST_STEP][PASSED] - waitForElementVisible: Object 'Object Repository/Backoffice/Betting/Match/Create_match/Pop up Add match/select_arena' is visible

2018-10-19 18:07:39 - [MESSAGE][PASSED] - Object 'Object Repository/Backoffice/Betting/Match/Create_match/Pop up Add match/select_arena' is visible

2018-10-19 18:07:39 - [TEST_STEP][PASSED] - selectOptionByLabel: All options with label 'CVCC3 - 10' are selected in object 'Object Repository/Backoffice/Betting/Match/Create_match/Pop up Add match/select_arena' 

2018-10-19 18:07:39 - [MESSAGE][PASSED] - All options with label 'CVCC3 - 10' are selected in object 'Object Repository/Backoffice/Betting/Match/Create_match/Pop up Add match/select_arena' 

2018-10-19 18:07:39 - [TEST_STEP][PASSED] - sendKeys: Keys '' sent to object: 'Object Repository/Backoffice/Betting/Match/Create_match/Pop up Add match/input_Event Name_match_name'

2018-10-19 18:07:39 - [MESSAGE][PASSED] - Keys '' sent to object: 'Object Repository/Backoffice/Betting/Match/Create_match/Pop up Add match/input_Event Name_match_name'

2018-10-19 18:07:39 - [TEST_STEP][PASSED] - sendKeys: Keys '' sent to object: 'Object Repository/Backoffice/Betting/Match/Create_match/Pop up Add match/input_Profit Margin ()_match_p'

2018-10-19 18:07:39 - [MESSAGE][PASSED] - Keys '' sent to object: 'Object Repository/Backoffice/Betting/Match/Create_match/Pop up Add match/input_Profit Margin ()_match_p'

2018-10-19 18:07:39 - [TEST_STEP][PASSED] - sendKeys: Keys 'testteamA21' sent to object: 'Object Repository/Backoffice/Betting/Match/Create_match/Pop up Add match/input_Name_banker_name'

2018-10-19 18:07:39 - [MESSAGE][PASSED] - Keys 'testteamA21' sent to object: 'Object Repository/Backoffice/Betting/Match/Create_match/Pop up Add match/input_Name_banker_name'

2018-10-19 18:07:39 - [TEST_STEP][PASSED] - sendKeys: Keys 'testteamB21' sent to object: 'Object Repository/Backoffice/Betting/Match/Create_match/Pop up Add match/input_Name_player_name'

2018-10-19 18:07:39 - [MESSAGE][PASSED] - Keys 'testteamB21' sent to object: 'Object Repository/Backoffice/Betting/Match/Create_match/Pop up Add match/input_Name_player_name'

2018-10-19 18:07:39 - [TEST_STEP][PASSED] - delay: Delayed 3 second(s)

2018-10-19 18:07:42 - [MESSAGE][PASSED] - Delayed 3 second(s)

2018-10-19 18:07:42 - [TEST_STEP][PASSED] - click: Object: 'Object Repository/Backoffice/Betting/Match/Create_match/Pop up Add match/input_Close_add_match' is clicked on

2018-10-19 18:07:43 - [MESSAGE][PASSED] - Object: 'Object Repository/Backoffice/Betting/Match/Create_match/Pop up Add match/input_Close_add_match' is clicked on

2018-10-19 18:07:43 - [TEST_STEP][PASSED] - waitForElementVisible: Object 'Object Repository/Backoffice/Betting/Match/span_Clickmatch' is visible

2018-10-19 18:07:43 - [MESSAGE][PASSED] - Object 'Object Repository/Backoffice/Betting/Match/span_Clickmatch' is visible]]></system-out>
         <system-err><![CDATA[]]></system-err>
      </testcase>
      <testcase name="Test Cases/Staging/Backoffice/Betting/Create_match" classname="Test Cases/Staging/Backoffice/Betting/Create_match" status="PASSED">
         <system-out><![CDATA[2018-10-19 18:07:43 - [TEST_CASE][PASSED] - Test Cases/Staging/Backoffice/Betting/Create_match: Test Cases/Staging/Backoffice/Betting/Create_match

2018-10-19 18:07:43 - [TEST_STEP][PASSED] - focus: Object: 'Object Repository/Backoffice/Betting/Betting_header' is focused

2018-10-19 18:07:44 - [MESSAGE][PASSED] - Object: 'Object Repository/Backoffice/Betting/Betting_header' is focused

2018-10-19 18:07:44 - [TEST_STEP][PASSED] - click: Object: 'Object Repository/Backoffice/Betting/Match_header' is clicked on

2018-10-19 18:07:44 - [MESSAGE][PASSED] - Object: 'Object Repository/Backoffice/Betting/Match_header' is clicked on

2018-10-19 18:07:44 - [TEST_STEP][PASSED] - click: Object: 'Object Repository/Backoffice/Betting/Match/Create_match/button_Create Match' is clicked on

2018-10-19 18:07:44 - [MESSAGE][PASSED] - Object: 'Object Repository/Backoffice/Betting/Match/Create_match/button_Create Match' is clicked on

2018-10-19 18:07:44 - [TEST_STEP][PASSED] - delay: Delayed 2 second(s)

2018-10-19 18:07:46 - [MESSAGE][PASSED] - Delayed 2 second(s)

2018-10-19 18:07:46 - [TEST_STEP][PASSED] - waitForElementVisible: Object 'Object Repository/Backoffice/Betting/Match/Create_match/Pop up Add match/select_arena' is visible

2018-10-19 18:07:46 - [MESSAGE][PASSED] - Object 'Object Repository/Backoffice/Betting/Match/Create_match/Pop up Add match/select_arena' is visible

2018-10-19 18:07:46 - [TEST_STEP][PASSED] - selectOptionByLabel: All options with label 'CVCC3 - 10' are selected in object 'Object Repository/Backoffice/Betting/Match/Create_match/Pop up Add match/select_arena' 

2018-10-19 18:07:47 - [MESSAGE][PASSED] - All options with label 'CVCC3 - 10' are selected in object 'Object Repository/Backoffice/Betting/Match/Create_match/Pop up Add match/select_arena' 

2018-10-19 18:07:47 - [TEST_STEP][PASSED] - sendKeys: Keys '' sent to object: 'Object Repository/Backoffice/Betting/Match/Create_match/Pop up Add match/input_Event Name_match_name'

2018-10-19 18:07:47 - [MESSAGE][PASSED] - Keys '' sent to object: 'Object Repository/Backoffice/Betting/Match/Create_match/Pop up Add match/input_Event Name_match_name'

2018-10-19 18:07:47 - [TEST_STEP][PASSED] - sendKeys: Keys '' sent to object: 'Object Repository/Backoffice/Betting/Match/Create_match/Pop up Add match/input_Profit Margin ()_match_p'

2018-10-19 18:07:47 - [MESSAGE][PASSED] - Keys '' sent to object: 'Object Repository/Backoffice/Betting/Match/Create_match/Pop up Add match/input_Profit Margin ()_match_p'

2018-10-19 18:07:47 - [TEST_STEP][PASSED] - sendKeys: Keys 'testteamA22' sent to object: 'Object Repository/Backoffice/Betting/Match/Create_match/Pop up Add match/input_Name_banker_name'

2018-10-19 18:07:47 - [MESSAGE][PASSED] - Keys 'testteamA22' sent to object: 'Object Repository/Backoffice/Betting/Match/Create_match/Pop up Add match/input_Name_banker_name'

2018-10-19 18:07:47 - [TEST_STEP][PASSED] - sendKeys: Keys 'testteamB22' sent to object: 'Object Repository/Backoffice/Betting/Match/Create_match/Pop up Add match/input_Name_player_name'

2018-10-19 18:07:47 - [MESSAGE][PASSED] - Keys 'testteamB22' sent to object: 'Object Repository/Backoffice/Betting/Match/Create_match/Pop up Add match/input_Name_player_name'

2018-10-19 18:07:47 - [TEST_STEP][PASSED] - delay: Delayed 3 second(s)

2018-10-19 18:07:50 - [MESSAGE][PASSED] - Delayed 3 second(s)

2018-10-19 18:07:50 - [TEST_STEP][PASSED] - click: Object: 'Object Repository/Backoffice/Betting/Match/Create_match/Pop up Add match/input_Close_add_match' is clicked on

2018-10-19 18:07:51 - [MESSAGE][PASSED] - Object: 'Object Repository/Backoffice/Betting/Match/Create_match/Pop up Add match/input_Close_add_match' is clicked on

2018-10-19 18:07:51 - [TEST_STEP][PASSED] - waitForElementVisible: Object 'Object Repository/Backoffice/Betting/Match/span_Clickmatch' is visible

2018-10-19 18:07:51 - [MESSAGE][PASSED] - Object 'Object Repository/Backoffice/Betting/Match/span_Clickmatch' is visible]]></system-out>
         <system-err><![CDATA[]]></system-err>
      </testcase>
      <testcase name="Test Cases/Staging/Backoffice/Betting/Create_match" classname="Test Cases/Staging/Backoffice/Betting/Create_match" status="PASSED">
         <system-out><![CDATA[2018-10-19 18:07:51 - [TEST_CASE][PASSED] - Test Cases/Staging/Backoffice/Betting/Create_match: Test Cases/Staging/Backoffice/Betting/Create_match

2018-10-19 18:07:51 - [TEST_STEP][PASSED] - focus: Object: 'Object Repository/Backoffice/Betting/Betting_header' is focused

2018-10-19 18:07:51 - [MESSAGE][PASSED] - Object: 'Object Repository/Backoffice/Betting/Betting_header' is focused

2018-10-19 18:07:51 - [TEST_STEP][PASSED] - click: Object: 'Object Repository/Backoffice/Betting/Match_header' is clicked on

2018-10-19 18:07:52 - [MESSAGE][PASSED] - Object: 'Object Repository/Backoffice/Betting/Match_header' is clicked on

2018-10-19 18:07:52 - [TEST_STEP][PASSED] - click: Object: 'Object Repository/Backoffice/Betting/Match/Create_match/button_Create Match' is clicked on

2018-10-19 18:07:52 - [MESSAGE][PASSED] - Object: 'Object Repository/Backoffice/Betting/Match/Create_match/button_Create Match' is clicked on

2018-10-19 18:07:52 - [TEST_STEP][PASSED] - delay: Delayed 2 second(s)

2018-10-19 18:07:54 - [MESSAGE][PASSED] - Delayed 2 second(s)

2018-10-19 18:07:54 - [TEST_STEP][PASSED] - waitForElementVisible: Object 'Object Repository/Backoffice/Betting/Match/Create_match/Pop up Add match/select_arena' is visible

2018-10-19 18:07:54 - [MESSAGE][PASSED] - Object 'Object Repository/Backoffice/Betting/Match/Create_match/Pop up Add match/select_arena' is visible

2018-10-19 18:07:54 - [TEST_STEP][PASSED] - selectOptionByLabel: All options with label 'CVCC3 - 10' are selected in object 'Object Repository/Backoffice/Betting/Match/Create_match/Pop up Add match/select_arena' 

2018-10-19 18:07:54 - [MESSAGE][PASSED] - All options with label 'CVCC3 - 10' are selected in object 'Object Repository/Backoffice/Betting/Match/Create_match/Pop up Add match/select_arena' 

2018-10-19 18:07:54 - [TEST_STEP][PASSED] - sendKeys: Keys '' sent to object: 'Object Repository/Backoffice/Betting/Match/Create_match/Pop up Add match/input_Event Name_match_name'

2018-10-19 18:07:54 - [MESSAGE][PASSED] - Keys '' sent to object: 'Object Repository/Backoffice/Betting/Match/Create_match/Pop up Add match/input_Event Name_match_name'

2018-10-19 18:07:54 - [TEST_STEP][PASSED] - sendKeys: Keys '' sent to object: 'Object Repository/Backoffice/Betting/Match/Create_match/Pop up Add match/input_Profit Margin ()_match_p'

2018-10-19 18:07:54 - [MESSAGE][PASSED] - Keys '' sent to object: 'Object Repository/Backoffice/Betting/Match/Create_match/Pop up Add match/input_Profit Margin ()_match_p'

2018-10-19 18:07:54 - [TEST_STEP][PASSED] - sendKeys: Keys 'testteamA23' sent to object: 'Object Repository/Backoffice/Betting/Match/Create_match/Pop up Add match/input_Name_banker_name'

2018-10-19 18:07:54 - [MESSAGE][PASSED] - Keys 'testteamA23' sent to object: 'Object Repository/Backoffice/Betting/Match/Create_match/Pop up Add match/input_Name_banker_name'

2018-10-19 18:07:54 - [TEST_STEP][PASSED] - sendKeys: Keys 'testteamB23' sent to object: 'Object Repository/Backoffice/Betting/Match/Create_match/Pop up Add match/input_Name_player_name'

2018-10-19 18:07:54 - [MESSAGE][PASSED] - Keys 'testteamB23' sent to object: 'Object Repository/Backoffice/Betting/Match/Create_match/Pop up Add match/input_Name_player_name'

2018-10-19 18:07:54 - [TEST_STEP][PASSED] - delay: Delayed 3 second(s)

2018-10-19 18:07:57 - [MESSAGE][PASSED] - Delayed 3 second(s)

2018-10-19 18:07:57 - [TEST_STEP][PASSED] - click: Object: 'Object Repository/Backoffice/Betting/Match/Create_match/Pop up Add match/input_Close_add_match' is clicked on

2018-10-19 18:07:58 - [MESSAGE][PASSED] - Object: 'Object Repository/Backoffice/Betting/Match/Create_match/Pop up Add match/input_Close_add_match' is clicked on

2018-10-19 18:07:58 - [TEST_STEP][PASSED] - waitForElementVisible: Object 'Object Repository/Backoffice/Betting/Match/span_Clickmatch' is visible

2018-10-19 18:07:58 - [MESSAGE][PASSED] - Object 'Object Repository/Backoffice/Betting/Match/span_Clickmatch' is visible]]></system-out>
         <system-err><![CDATA[]]></system-err>
      </testcase>
      <testcase name="Test Cases/Staging/Backoffice/Betting/Create_match" classname="Test Cases/Staging/Backoffice/Betting/Create_match" status="PASSED">
         <system-out><![CDATA[2018-10-19 18:07:58 - [TEST_CASE][PASSED] - Test Cases/Staging/Backoffice/Betting/Create_match: Test Cases/Staging/Backoffice/Betting/Create_match

2018-10-19 18:07:58 - [TEST_STEP][PASSED] - focus: Object: 'Object Repository/Backoffice/Betting/Betting_header' is focused

2018-10-19 18:07:58 - [MESSAGE][PASSED] - Object: 'Object Repository/Backoffice/Betting/Betting_header' is focused

2018-10-19 18:07:58 - [TEST_STEP][PASSED] - click: Object: 'Object Repository/Backoffice/Betting/Match_header' is clicked on

2018-10-19 18:07:59 - [MESSAGE][PASSED] - Object: 'Object Repository/Backoffice/Betting/Match_header' is clicked on

2018-10-19 18:07:59 - [TEST_STEP][PASSED] - click: Object: 'Object Repository/Backoffice/Betting/Match/Create_match/button_Create Match' is clicked on

2018-10-19 18:07:59 - [MESSAGE][PASSED] - Object: 'Object Repository/Backoffice/Betting/Match/Create_match/button_Create Match' is clicked on

2018-10-19 18:07:59 - [TEST_STEP][PASSED] - delay: Delayed 2 second(s)

2018-10-19 18:08:01 - [MESSAGE][PASSED] - Delayed 2 second(s)

2018-10-19 18:08:01 - [TEST_STEP][PASSED] - waitForElementVisible: Object 'Object Repository/Backoffice/Betting/Match/Create_match/Pop up Add match/select_arena' is visible

2018-10-19 18:08:01 - [MESSAGE][PASSED] - Object 'Object Repository/Backoffice/Betting/Match/Create_match/Pop up Add match/select_arena' is visible

2018-10-19 18:08:01 - [TEST_STEP][PASSED] - selectOptionByLabel: All options with label 'CVCC3 - 10' are selected in object 'Object Repository/Backoffice/Betting/Match/Create_match/Pop up Add match/select_arena' 

2018-10-19 18:08:01 - [MESSAGE][PASSED] - All options with label 'CVCC3 - 10' are selected in object 'Object Repository/Backoffice/Betting/Match/Create_match/Pop up Add match/select_arena' 

2018-10-19 18:08:01 - [TEST_STEP][PASSED] - sendKeys: Keys '' sent to object: 'Object Repository/Backoffice/Betting/Match/Create_match/Pop up Add match/input_Event Name_match_name'

2018-10-19 18:08:01 - [MESSAGE][PASSED] - Keys '' sent to object: 'Object Repository/Backoffice/Betting/Match/Create_match/Pop up Add match/input_Event Name_match_name'

2018-10-19 18:08:01 - [TEST_STEP][PASSED] - sendKeys: Keys '' sent to object: 'Object Repository/Backoffice/Betting/Match/Create_match/Pop up Add match/input_Profit Margin ()_match_p'

2018-10-19 18:08:01 - [MESSAGE][PASSED] - Keys '' sent to object: 'Object Repository/Backoffice/Betting/Match/Create_match/Pop up Add match/input_Profit Margin ()_match_p'

2018-10-19 18:08:01 - [TEST_STEP][PASSED] - sendKeys: Keys 'testteamA24' sent to object: 'Object Repository/Backoffice/Betting/Match/Create_match/Pop up Add match/input_Name_banker_name'

2018-10-19 18:08:01 - [MESSAGE][PASSED] - Keys 'testteamA24' sent to object: 'Object Repository/Backoffice/Betting/Match/Create_match/Pop up Add match/input_Name_banker_name'

2018-10-19 18:08:01 - [TEST_STEP][PASSED] - sendKeys: Keys 'testteamB24' sent to object: 'Object Repository/Backoffice/Betting/Match/Create_match/Pop up Add match/input_Name_player_name'

2018-10-19 18:08:02 - [MESSAGE][PASSED] - Keys 'testteamB24' sent to object: 'Object Repository/Backoffice/Betting/Match/Create_match/Pop up Add match/input_Name_player_name'

2018-10-19 18:08:02 - [TEST_STEP][PASSED] - delay: Delayed 3 second(s)

2018-10-19 18:08:05 - [MESSAGE][PASSED] - Delayed 3 second(s)

2018-10-19 18:08:05 - [TEST_STEP][PASSED] - click: Object: 'Object Repository/Backoffice/Betting/Match/Create_match/Pop up Add match/input_Close_add_match' is clicked on

2018-10-19 18:08:06 - [MESSAGE][PASSED] - Object: 'Object Repository/Backoffice/Betting/Match/Create_match/Pop up Add match/input_Close_add_match' is clicked on

2018-10-19 18:08:06 - [TEST_STEP][PASSED] - waitForElementVisible: Object 'Object Repository/Backoffice/Betting/Match/span_Clickmatch' is visible

2018-10-19 18:08:06 - [MESSAGE][PASSED] - Object 'Object Repository/Backoffice/Betting/Match/span_Clickmatch' is visible]]></system-out>
         <system-err><![CDATA[]]></system-err>
      </testcase>
      <testcase name="Test Cases/Staging/Backoffice/Betting/Create_match" classname="Test Cases/Staging/Backoffice/Betting/Create_match" status="PASSED">
         <system-out><![CDATA[2018-10-19 18:08:06 - [TEST_CASE][PASSED] - Test Cases/Staging/Backoffice/Betting/Create_match: Test Cases/Staging/Backoffice/Betting/Create_match

2018-10-19 18:08:06 - [TEST_STEP][PASSED] - focus: Object: 'Object Repository/Backoffice/Betting/Betting_header' is focused

2018-10-19 18:08:06 - [MESSAGE][PASSED] - Object: 'Object Repository/Backoffice/Betting/Betting_header' is focused

2018-10-19 18:08:06 - [TEST_STEP][PASSED] - click: Object: 'Object Repository/Backoffice/Betting/Match_header' is clicked on

2018-10-19 18:08:06 - [MESSAGE][PASSED] - Object: 'Object Repository/Backoffice/Betting/Match_header' is clicked on

2018-10-19 18:08:06 - [TEST_STEP][PASSED] - click: Object: 'Object Repository/Backoffice/Betting/Match/Create_match/button_Create Match' is clicked on

2018-10-19 18:08:07 - [MESSAGE][PASSED] - Object: 'Object Repository/Backoffice/Betting/Match/Create_match/button_Create Match' is clicked on

2018-10-19 18:08:07 - [TEST_STEP][PASSED] - delay: Delayed 2 second(s)

2018-10-19 18:08:09 - [MESSAGE][PASSED] - Delayed 2 second(s)

2018-10-19 18:08:09 - [TEST_STEP][PASSED] - waitForElementVisible: Object 'Object Repository/Backoffice/Betting/Match/Create_match/Pop up Add match/select_arena' is visible

2018-10-19 18:08:09 - [MESSAGE][PASSED] - Object 'Object Repository/Backoffice/Betting/Match/Create_match/Pop up Add match/select_arena' is visible

2018-10-19 18:08:09 - [TEST_STEP][PASSED] - selectOptionByLabel: All options with label 'CVCC3 - 10' are selected in object 'Object Repository/Backoffice/Betting/Match/Create_match/Pop up Add match/select_arena' 

2018-10-19 18:08:09 - [MESSAGE][PASSED] - All options with label 'CVCC3 - 10' are selected in object 'Object Repository/Backoffice/Betting/Match/Create_match/Pop up Add match/select_arena' 

2018-10-19 18:08:09 - [TEST_STEP][PASSED] - sendKeys: Keys '' sent to object: 'Object Repository/Backoffice/Betting/Match/Create_match/Pop up Add match/input_Event Name_match_name'

2018-10-19 18:08:09 - [MESSAGE][PASSED] - Keys '' sent to object: 'Object Repository/Backoffice/Betting/Match/Create_match/Pop up Add match/input_Event Name_match_name'

2018-10-19 18:08:09 - [TEST_STEP][PASSED] - sendKeys: Keys '' sent to object: 'Object Repository/Backoffice/Betting/Match/Create_match/Pop up Add match/input_Profit Margin ()_match_p'

2018-10-19 18:08:09 - [MESSAGE][PASSED] - Keys '' sent to object: 'Object Repository/Backoffice/Betting/Match/Create_match/Pop up Add match/input_Profit Margin ()_match_p'

2018-10-19 18:08:09 - [TEST_STEP][PASSED] - sendKeys: Keys 'testteamA25' sent to object: 'Object Repository/Backoffice/Betting/Match/Create_match/Pop up Add match/input_Name_banker_name'

2018-10-19 18:08:09 - [MESSAGE][PASSED] - Keys 'testteamA25' sent to object: 'Object Repository/Backoffice/Betting/Match/Create_match/Pop up Add match/input_Name_banker_name'

2018-10-19 18:08:09 - [TEST_STEP][PASSED] - sendKeys: Keys 'testteamB25' sent to object: 'Object Repository/Backoffice/Betting/Match/Create_match/Pop up Add match/input_Name_player_name'

2018-10-19 18:08:09 - [MESSAGE][PASSED] - Keys 'testteamB25' sent to object: 'Object Repository/Backoffice/Betting/Match/Create_match/Pop up Add match/input_Name_player_name'

2018-10-19 18:08:09 - [TEST_STEP][PASSED] - delay: Delayed 3 second(s)

2018-10-19 18:08:12 - [MESSAGE][PASSED] - Delayed 3 second(s)

2018-10-19 18:08:12 - [TEST_STEP][PASSED] - click: Object: 'Object Repository/Backoffice/Betting/Match/Create_match/Pop up Add match/input_Close_add_match' is clicked on

2018-10-19 18:08:13 - [MESSAGE][PASSED] - Object: 'Object Repository/Backoffice/Betting/Match/Create_match/Pop up Add match/input_Close_add_match' is clicked on

2018-10-19 18:08:13 - [TEST_STEP][PASSED] - waitForElementVisible: Object 'Object Repository/Backoffice/Betting/Match/span_Clickmatch' is visible

2018-10-19 18:08:13 - [MESSAGE][PASSED] - Object 'Object Repository/Backoffice/Betting/Match/span_Clickmatch' is visible]]></system-out>
         <system-err><![CDATA[]]></system-err>
      </testcase>
      <testcase name="Test Cases/Staging/Backoffice/Betting/Create_match" classname="Test Cases/Staging/Backoffice/Betting/Create_match" status="PASSED">
         <system-out><![CDATA[2018-10-19 18:08:13 - [TEST_CASE][PASSED] - Test Cases/Staging/Backoffice/Betting/Create_match: Test Cases/Staging/Backoffice/Betting/Create_match

2018-10-19 18:08:13 - [TEST_STEP][PASSED] - focus: Object: 'Object Repository/Backoffice/Betting/Betting_header' is focused

2018-10-19 18:08:13 - [MESSAGE][PASSED] - Object: 'Object Repository/Backoffice/Betting/Betting_header' is focused

2018-10-19 18:08:13 - [TEST_STEP][PASSED] - click: Object: 'Object Repository/Backoffice/Betting/Match_header' is clicked on

2018-10-19 18:08:14 - [MESSAGE][PASSED] - Object: 'Object Repository/Backoffice/Betting/Match_header' is clicked on

2018-10-19 18:08:14 - [TEST_STEP][PASSED] - click: Object: 'Object Repository/Backoffice/Betting/Match/Create_match/button_Create Match' is clicked on

2018-10-19 18:08:14 - [MESSAGE][PASSED] - Object: 'Object Repository/Backoffice/Betting/Match/Create_match/button_Create Match' is clicked on

2018-10-19 18:08:14 - [TEST_STEP][PASSED] - delay: Delayed 2 second(s)

2018-10-19 18:08:16 - [MESSAGE][PASSED] - Delayed 2 second(s)

2018-10-19 18:08:16 - [TEST_STEP][PASSED] - waitForElementVisible: Object 'Object Repository/Backoffice/Betting/Match/Create_match/Pop up Add match/select_arena' is visible

2018-10-19 18:08:16 - [MESSAGE][PASSED] - Object 'Object Repository/Backoffice/Betting/Match/Create_match/Pop up Add match/select_arena' is visible

2018-10-19 18:08:16 - [TEST_STEP][PASSED] - selectOptionByLabel: All options with label 'CVCC3 - 10' are selected in object 'Object Repository/Backoffice/Betting/Match/Create_match/Pop up Add match/select_arena' 

2018-10-19 18:08:16 - [MESSAGE][PASSED] - All options with label 'CVCC3 - 10' are selected in object 'Object Repository/Backoffice/Betting/Match/Create_match/Pop up Add match/select_arena' 

2018-10-19 18:08:16 - [TEST_STEP][PASSED] - sendKeys: Keys '' sent to object: 'Object Repository/Backoffice/Betting/Match/Create_match/Pop up Add match/input_Event Name_match_name'

2018-10-19 18:08:16 - [MESSAGE][PASSED] - Keys '' sent to object: 'Object Repository/Backoffice/Betting/Match/Create_match/Pop up Add match/input_Event Name_match_name'

2018-10-19 18:08:16 - [TEST_STEP][PASSED] - sendKeys: Keys '' sent to object: 'Object Repository/Backoffice/Betting/Match/Create_match/Pop up Add match/input_Profit Margin ()_match_p'

2018-10-19 18:08:16 - [MESSAGE][PASSED] - Keys '' sent to object: 'Object Repository/Backoffice/Betting/Match/Create_match/Pop up Add match/input_Profit Margin ()_match_p'

2018-10-19 18:08:16 - [TEST_STEP][PASSED] - sendKeys: Keys 'testteamA26' sent to object: 'Object Repository/Backoffice/Betting/Match/Create_match/Pop up Add match/input_Name_banker_name'

2018-10-19 18:08:16 - [MESSAGE][PASSED] - Keys 'testteamA26' sent to object: 'Object Repository/Backoffice/Betting/Match/Create_match/Pop up Add match/input_Name_banker_name'

2018-10-19 18:08:16 - [TEST_STEP][PASSED] - sendKeys: Keys 'testteamB26' sent to object: 'Object Repository/Backoffice/Betting/Match/Create_match/Pop up Add match/input_Name_player_name'

2018-10-19 18:08:16 - [MESSAGE][PASSED] - Keys 'testteamB26' sent to object: 'Object Repository/Backoffice/Betting/Match/Create_match/Pop up Add match/input_Name_player_name'

2018-10-19 18:08:16 - [TEST_STEP][PASSED] - delay: Delayed 3 second(s)

2018-10-19 18:08:19 - [MESSAGE][PASSED] - Delayed 3 second(s)

2018-10-19 18:08:19 - [TEST_STEP][PASSED] - click: Object: 'Object Repository/Backoffice/Betting/Match/Create_match/Pop up Add match/input_Close_add_match' is clicked on

2018-10-19 18:08:20 - [MESSAGE][PASSED] - Object: 'Object Repository/Backoffice/Betting/Match/Create_match/Pop up Add match/input_Close_add_match' is clicked on

2018-10-19 18:08:20 - [TEST_STEP][PASSED] - waitForElementVisible: Object 'Object Repository/Backoffice/Betting/Match/span_Clickmatch' is visible

2018-10-19 18:08:20 - [MESSAGE][PASSED] - Object 'Object Repository/Backoffice/Betting/Match/span_Clickmatch' is visible]]></system-out>
         <system-err><![CDATA[]]></system-err>
      </testcase>
      <testcase name="Test Cases/Staging/Backoffice/Betting/Create_match" classname="Test Cases/Staging/Backoffice/Betting/Create_match" status="PASSED">
         <system-out><![CDATA[2018-10-19 18:08:20 - [TEST_CASE][PASSED] - Test Cases/Staging/Backoffice/Betting/Create_match: Test Cases/Staging/Backoffice/Betting/Create_match

2018-10-19 18:08:20 - [TEST_STEP][PASSED] - focus: Object: 'Object Repository/Backoffice/Betting/Betting_header' is focused

2018-10-19 18:08:20 - [MESSAGE][PASSED] - Object: 'Object Repository/Backoffice/Betting/Betting_header' is focused

2018-10-19 18:08:20 - [TEST_STEP][PASSED] - click: Object: 'Object Repository/Backoffice/Betting/Match_header' is clicked on

2018-10-19 18:08:21 - [MESSAGE][PASSED] - Object: 'Object Repository/Backoffice/Betting/Match_header' is clicked on

2018-10-19 18:08:21 - [TEST_STEP][PASSED] - click: Object: 'Object Repository/Backoffice/Betting/Match/Create_match/button_Create Match' is clicked on

2018-10-19 18:08:21 - [MESSAGE][PASSED] - Object: 'Object Repository/Backoffice/Betting/Match/Create_match/button_Create Match' is clicked on

2018-10-19 18:08:21 - [TEST_STEP][PASSED] - delay: Delayed 2 second(s)

2018-10-19 18:08:23 - [MESSAGE][PASSED] - Delayed 2 second(s)

2018-10-19 18:08:23 - [TEST_STEP][PASSED] - waitForElementVisible: Object 'Object Repository/Backoffice/Betting/Match/Create_match/Pop up Add match/select_arena' is visible

2018-10-19 18:08:23 - [MESSAGE][PASSED] - Object 'Object Repository/Backoffice/Betting/Match/Create_match/Pop up Add match/select_arena' is visible

2018-10-19 18:08:23 - [TEST_STEP][PASSED] - selectOptionByLabel: All options with label 'CVCC3 - 10' are selected in object 'Object Repository/Backoffice/Betting/Match/Create_match/Pop up Add match/select_arena' 

2018-10-19 18:08:23 - [MESSAGE][PASSED] - All options with label 'CVCC3 - 10' are selected in object 'Object Repository/Backoffice/Betting/Match/Create_match/Pop up Add match/select_arena' 

2018-10-19 18:08:23 - [TEST_STEP][PASSED] - sendKeys: Keys '' sent to object: 'Object Repository/Backoffice/Betting/Match/Create_match/Pop up Add match/input_Event Name_match_name'

2018-10-19 18:08:23 - [MESSAGE][PASSED] - Keys '' sent to object: 'Object Repository/Backoffice/Betting/Match/Create_match/Pop up Add match/input_Event Name_match_name'

2018-10-19 18:08:23 - [TEST_STEP][PASSED] - sendKeys: Keys '' sent to object: 'Object Repository/Backoffice/Betting/Match/Create_match/Pop up Add match/input_Profit Margin ()_match_p'

2018-10-19 18:08:23 - [MESSAGE][PASSED] - Keys '' sent to object: 'Object Repository/Backoffice/Betting/Match/Create_match/Pop up Add match/input_Profit Margin ()_match_p'

2018-10-19 18:08:23 - [TEST_STEP][PASSED] - sendKeys: Keys 'testteamA27' sent to object: 'Object Repository/Backoffice/Betting/Match/Create_match/Pop up Add match/input_Name_banker_name'

2018-10-19 18:08:23 - [MESSAGE][PASSED] - Keys 'testteamA27' sent to object: 'Object Repository/Backoffice/Betting/Match/Create_match/Pop up Add match/input_Name_banker_name'

2018-10-19 18:08:23 - [TEST_STEP][PASSED] - sendKeys: Keys 'testteamB27' sent to object: 'Object Repository/Backoffice/Betting/Match/Create_match/Pop up Add match/input_Name_player_name'

2018-10-19 18:08:24 - [MESSAGE][PASSED] - Keys 'testteamB27' sent to object: 'Object Repository/Backoffice/Betting/Match/Create_match/Pop up Add match/input_Name_player_name'

2018-10-19 18:08:24 - [TEST_STEP][PASSED] - delay: Delayed 3 second(s)

2018-10-19 18:08:27 - [MESSAGE][PASSED] - Delayed 3 second(s)

2018-10-19 18:08:27 - [TEST_STEP][PASSED] - click: Object: 'Object Repository/Backoffice/Betting/Match/Create_match/Pop up Add match/input_Close_add_match' is clicked on

2018-10-19 18:08:28 - [MESSAGE][PASSED] - Object: 'Object Repository/Backoffice/Betting/Match/Create_match/Pop up Add match/input_Close_add_match' is clicked on

2018-10-19 18:08:28 - [TEST_STEP][PASSED] - waitForElementVisible: Object 'Object Repository/Backoffice/Betting/Match/span_Clickmatch' is visible

2018-10-19 18:08:28 - [MESSAGE][PASSED] - Object 'Object Repository/Backoffice/Betting/Match/span_Clickmatch' is visible]]></system-out>
         <system-err><![CDATA[]]></system-err>
      </testcase>
      <testcase name="Test Cases/Staging/Backoffice/Betting/Create_match" classname="Test Cases/Staging/Backoffice/Betting/Create_match" status="PASSED">
         <system-out><![CDATA[2018-10-19 18:08:28 - [TEST_CASE][PASSED] - Test Cases/Staging/Backoffice/Betting/Create_match: Test Cases/Staging/Backoffice/Betting/Create_match

2018-10-19 18:08:28 - [TEST_STEP][PASSED] - focus: Object: 'Object Repository/Backoffice/Betting/Betting_header' is focused

2018-10-19 18:08:28 - [MESSAGE][PASSED] - Object: 'Object Repository/Backoffice/Betting/Betting_header' is focused

2018-10-19 18:08:28 - [TEST_STEP][PASSED] - click: Object: 'Object Repository/Backoffice/Betting/Match_header' is clicked on

2018-10-19 18:08:28 - [MESSAGE][PASSED] - Object: 'Object Repository/Backoffice/Betting/Match_header' is clicked on

2018-10-19 18:08:28 - [TEST_STEP][PASSED] - click: Object: 'Object Repository/Backoffice/Betting/Match/Create_match/button_Create Match' is clicked on

2018-10-19 18:08:28 - [MESSAGE][PASSED] - Object: 'Object Repository/Backoffice/Betting/Match/Create_match/button_Create Match' is clicked on

2018-10-19 18:08:28 - [TEST_STEP][PASSED] - delay: Delayed 2 second(s)

2018-10-19 18:08:30 - [MESSAGE][PASSED] - Delayed 2 second(s)

2018-10-19 18:08:30 - [TEST_STEP][PASSED] - waitForElementVisible: Object 'Object Repository/Backoffice/Betting/Match/Create_match/Pop up Add match/select_arena' is visible

2018-10-19 18:08:31 - [MESSAGE][PASSED] - Object 'Object Repository/Backoffice/Betting/Match/Create_match/Pop up Add match/select_arena' is visible

2018-10-19 18:08:31 - [TEST_STEP][PASSED] - selectOptionByLabel: All options with label 'CVCC3 - 10' are selected in object 'Object Repository/Backoffice/Betting/Match/Create_match/Pop up Add match/select_arena' 

2018-10-19 18:08:31 - [MESSAGE][PASSED] - All options with label 'CVCC3 - 10' are selected in object 'Object Repository/Backoffice/Betting/Match/Create_match/Pop up Add match/select_arena' 

2018-10-19 18:08:31 - [TEST_STEP][PASSED] - sendKeys: Keys '' sent to object: 'Object Repository/Backoffice/Betting/Match/Create_match/Pop up Add match/input_Event Name_match_name'

2018-10-19 18:08:31 - [MESSAGE][PASSED] - Keys '' sent to object: 'Object Repository/Backoffice/Betting/Match/Create_match/Pop up Add match/input_Event Name_match_name'

2018-10-19 18:08:31 - [TEST_STEP][PASSED] - sendKeys: Keys '' sent to object: 'Object Repository/Backoffice/Betting/Match/Create_match/Pop up Add match/input_Profit Margin ()_match_p'

2018-10-19 18:08:31 - [MESSAGE][PASSED] - Keys '' sent to object: 'Object Repository/Backoffice/Betting/Match/Create_match/Pop up Add match/input_Profit Margin ()_match_p'

2018-10-19 18:08:31 - [TEST_STEP][PASSED] - sendKeys: Keys 'testteamA28' sent to object: 'Object Repository/Backoffice/Betting/Match/Create_match/Pop up Add match/input_Name_banker_name'

2018-10-19 18:08:31 - [MESSAGE][PASSED] - Keys 'testteamA28' sent to object: 'Object Repository/Backoffice/Betting/Match/Create_match/Pop up Add match/input_Name_banker_name'

2018-10-19 18:08:31 - [TEST_STEP][PASSED] - sendKeys: Keys 'testteamB28' sent to object: 'Object Repository/Backoffice/Betting/Match/Create_match/Pop up Add match/input_Name_player_name'

2018-10-19 18:08:31 - [MESSAGE][PASSED] - Keys 'testteamB28' sent to object: 'Object Repository/Backoffice/Betting/Match/Create_match/Pop up Add match/input_Name_player_name'

2018-10-19 18:08:31 - [TEST_STEP][PASSED] - delay: Delayed 3 second(s)

2018-10-19 18:08:34 - [MESSAGE][PASSED] - Delayed 3 second(s)

2018-10-19 18:08:34 - [TEST_STEP][PASSED] - click: Object: 'Object Repository/Backoffice/Betting/Match/Create_match/Pop up Add match/input_Close_add_match' is clicked on

2018-10-19 18:08:35 - [MESSAGE][PASSED] - Object: 'Object Repository/Backoffice/Betting/Match/Create_match/Pop up Add match/input_Close_add_match' is clicked on

2018-10-19 18:08:35 - [TEST_STEP][PASSED] - waitForElementVisible: Object 'Object Repository/Backoffice/Betting/Match/span_Clickmatch' is visible

2018-10-19 18:08:35 - [MESSAGE][PASSED] - Object 'Object Repository/Backoffice/Betting/Match/span_Clickmatch' is visible]]></system-out>
         <system-err><![CDATA[]]></system-err>
      </testcase>
      <testcase name="Test Cases/Staging/Backoffice/Betting/Create_match" classname="Test Cases/Staging/Backoffice/Betting/Create_match" status="PASSED">
         <system-out><![CDATA[2018-10-19 18:08:35 - [TEST_CASE][PASSED] - Test Cases/Staging/Backoffice/Betting/Create_match: Test Cases/Staging/Backoffice/Betting/Create_match

2018-10-19 18:08:35 - [TEST_STEP][PASSED] - focus: Object: 'Object Repository/Backoffice/Betting/Betting_header' is focused

2018-10-19 18:08:35 - [MESSAGE][PASSED] - Object: 'Object Repository/Backoffice/Betting/Betting_header' is focused

2018-10-19 18:08:35 - [TEST_STEP][PASSED] - click: Object: 'Object Repository/Backoffice/Betting/Match_header' is clicked on

2018-10-19 18:08:36 - [MESSAGE][PASSED] - Object: 'Object Repository/Backoffice/Betting/Match_header' is clicked on

2018-10-19 18:08:36 - [TEST_STEP][PASSED] - click: Object: 'Object Repository/Backoffice/Betting/Match/Create_match/button_Create Match' is clicked on

2018-10-19 18:08:36 - [MESSAGE][PASSED] - Object: 'Object Repository/Backoffice/Betting/Match/Create_match/button_Create Match' is clicked on

2018-10-19 18:08:36 - [TEST_STEP][PASSED] - delay: Delayed 2 second(s)

2018-10-19 18:08:38 - [MESSAGE][PASSED] - Delayed 2 second(s)

2018-10-19 18:08:38 - [TEST_STEP][PASSED] - waitForElementVisible: Object 'Object Repository/Backoffice/Betting/Match/Create_match/Pop up Add match/select_arena' is visible

2018-10-19 18:08:38 - [MESSAGE][PASSED] - Object 'Object Repository/Backoffice/Betting/Match/Create_match/Pop up Add match/select_arena' is visible

2018-10-19 18:08:38 - [TEST_STEP][PASSED] - selectOptionByLabel: All options with label 'CVCC3 - 10' are selected in object 'Object Repository/Backoffice/Betting/Match/Create_match/Pop up Add match/select_arena' 

2018-10-19 18:08:38 - [MESSAGE][PASSED] - All options with label 'CVCC3 - 10' are selected in object 'Object Repository/Backoffice/Betting/Match/Create_match/Pop up Add match/select_arena' 

2018-10-19 18:08:38 - [TEST_STEP][PASSED] - sendKeys: Keys '' sent to object: 'Object Repository/Backoffice/Betting/Match/Create_match/Pop up Add match/input_Event Name_match_name'

2018-10-19 18:08:38 - [MESSAGE][PASSED] - Keys '' sent to object: 'Object Repository/Backoffice/Betting/Match/Create_match/Pop up Add match/input_Event Name_match_name'

2018-10-19 18:08:38 - [TEST_STEP][PASSED] - sendKeys: Keys '' sent to object: 'Object Repository/Backoffice/Betting/Match/Create_match/Pop up Add match/input_Profit Margin ()_match_p'

2018-10-19 18:08:38 - [MESSAGE][PASSED] - Keys '' sent to object: 'Object Repository/Backoffice/Betting/Match/Create_match/Pop up Add match/input_Profit Margin ()_match_p'

2018-10-19 18:08:38 - [TEST_STEP][PASSED] - sendKeys: Keys 'testteamA29' sent to object: 'Object Repository/Backoffice/Betting/Match/Create_match/Pop up Add match/input_Name_banker_name'

2018-10-19 18:08:38 - [MESSAGE][PASSED] - Keys 'testteamA29' sent to object: 'Object Repository/Backoffice/Betting/Match/Create_match/Pop up Add match/input_Name_banker_name'

2018-10-19 18:08:38 - [TEST_STEP][PASSED] - sendKeys: Keys 'testteamB29' sent to object: 'Object Repository/Backoffice/Betting/Match/Create_match/Pop up Add match/input_Name_player_name'

2018-10-19 18:08:38 - [MESSAGE][PASSED] - Keys 'testteamB29' sent to object: 'Object Repository/Backoffice/Betting/Match/Create_match/Pop up Add match/input_Name_player_name'

2018-10-19 18:08:38 - [TEST_STEP][PASSED] - delay: Delayed 3 second(s)

2018-10-19 18:08:41 - [MESSAGE][PASSED] - Delayed 3 second(s)

2018-10-19 18:08:41 - [TEST_STEP][PASSED] - click: Object: 'Object Repository/Backoffice/Betting/Match/Create_match/Pop up Add match/input_Close_add_match' is clicked on

2018-10-19 18:08:42 - [MESSAGE][PASSED] - Object: 'Object Repository/Backoffice/Betting/Match/Create_match/Pop up Add match/input_Close_add_match' is clicked on

2018-10-19 18:08:42 - [TEST_STEP][PASSED] - waitForElementVisible: Object 'Object Repository/Backoffice/Betting/Match/span_Clickmatch' is visible

2018-10-19 18:08:42 - [MESSAGE][PASSED] - Object 'Object Repository/Backoffice/Betting/Match/span_Clickmatch' is visible]]></system-out>
         <system-err><![CDATA[]]></system-err>
      </testcase>
      <testcase name="Test Cases/Staging/Backoffice/Betting/Create_match" classname="Test Cases/Staging/Backoffice/Betting/Create_match" status="PASSED">
         <system-out><![CDATA[2018-10-19 18:08:42 - [TEST_CASE][PASSED] - Test Cases/Staging/Backoffice/Betting/Create_match: Test Cases/Staging/Backoffice/Betting/Create_match

2018-10-19 18:08:42 - [TEST_STEP][PASSED] - focus: Object: 'Object Repository/Backoffice/Betting/Betting_header' is focused

2018-10-19 18:08:42 - [MESSAGE][PASSED] - Object: 'Object Repository/Backoffice/Betting/Betting_header' is focused

2018-10-19 18:08:42 - [TEST_STEP][PASSED] - click: Object: 'Object Repository/Backoffice/Betting/Match_header' is clicked on

2018-10-19 18:08:43 - [MESSAGE][PASSED] - Object: 'Object Repository/Backoffice/Betting/Match_header' is clicked on

2018-10-19 18:08:43 - [TEST_STEP][PASSED] - click: Object: 'Object Repository/Backoffice/Betting/Match/Create_match/button_Create Match' is clicked on

2018-10-19 18:08:43 - [MESSAGE][PASSED] - Object: 'Object Repository/Backoffice/Betting/Match/Create_match/button_Create Match' is clicked on

2018-10-19 18:08:43 - [TEST_STEP][PASSED] - delay: Delayed 2 second(s)

2018-10-19 18:08:45 - [MESSAGE][PASSED] - Delayed 2 second(s)

2018-10-19 18:08:45 - [TEST_STEP][PASSED] - waitForElementVisible: Object 'Object Repository/Backoffice/Betting/Match/Create_match/Pop up Add match/select_arena' is visible

2018-10-19 18:08:45 - [MESSAGE][PASSED] - Object 'Object Repository/Backoffice/Betting/Match/Create_match/Pop up Add match/select_arena' is visible

2018-10-19 18:08:45 - [TEST_STEP][PASSED] - selectOptionByLabel: All options with label 'CVCC3 - 10' are selected in object 'Object Repository/Backoffice/Betting/Match/Create_match/Pop up Add match/select_arena' 

2018-10-19 18:08:45 - [MESSAGE][PASSED] - All options with label 'CVCC3 - 10' are selected in object 'Object Repository/Backoffice/Betting/Match/Create_match/Pop up Add match/select_arena' 

2018-10-19 18:08:45 - [TEST_STEP][PASSED] - sendKeys: Keys '' sent to object: 'Object Repository/Backoffice/Betting/Match/Create_match/Pop up Add match/input_Event Name_match_name'

2018-10-19 18:08:46 - [MESSAGE][PASSED] - Keys '' sent to object: 'Object Repository/Backoffice/Betting/Match/Create_match/Pop up Add match/input_Event Name_match_name'

2018-10-19 18:08:46 - [TEST_STEP][PASSED] - sendKeys: Keys '' sent to object: 'Object Repository/Backoffice/Betting/Match/Create_match/Pop up Add match/input_Profit Margin ()_match_p'

2018-10-19 18:08:46 - [MESSAGE][PASSED] - Keys '' sent to object: 'Object Repository/Backoffice/Betting/Match/Create_match/Pop up Add match/input_Profit Margin ()_match_p'

2018-10-19 18:08:46 - [TEST_STEP][PASSED] - sendKeys: Keys 'testteamA30' sent to object: 'Object Repository/Backoffice/Betting/Match/Create_match/Pop up Add match/input_Name_banker_name'

2018-10-19 18:08:46 - [MESSAGE][PASSED] - Keys 'testteamA30' sent to object: 'Object Repository/Backoffice/Betting/Match/Create_match/Pop up Add match/input_Name_banker_name'

2018-10-19 18:08:46 - [TEST_STEP][PASSED] - sendKeys: Keys 'testteamB30' sent to object: 'Object Repository/Backoffice/Betting/Match/Create_match/Pop up Add match/input_Name_player_name'

2018-10-19 18:08:46 - [MESSAGE][PASSED] - Keys 'testteamB30' sent to object: 'Object Repository/Backoffice/Betting/Match/Create_match/Pop up Add match/input_Name_player_name'

2018-10-19 18:08:46 - [TEST_STEP][PASSED] - delay: Delayed 3 second(s)

2018-10-19 18:08:49 - [MESSAGE][PASSED] - Delayed 3 second(s)

2018-10-19 18:08:49 - [TEST_STEP][PASSED] - click: Object: 'Object Repository/Backoffice/Betting/Match/Create_match/Pop up Add match/input_Close_add_match' is clicked on

2018-10-19 18:08:50 - [MESSAGE][PASSED] - Object: 'Object Repository/Backoffice/Betting/Match/Create_match/Pop up Add match/input_Close_add_match' is clicked on

2018-10-19 18:08:50 - [TEST_STEP][PASSED] - waitForElementVisible: Object 'Object Repository/Backoffice/Betting/Match/span_Clickmatch' is visible

2018-10-19 18:08:50 - [MESSAGE][PASSED] - Object 'Object Repository/Backoffice/Betting/Match/span_Clickmatch' is visible]]></system-out>
         <system-err><![CDATA[]]></system-err>
      </testcase>
      <testcase name="Test Cases/Staging/Backoffice/Betting/Create_match" classname="Test Cases/Staging/Backoffice/Betting/Create_match" status="PASSED">
         <system-out><![CDATA[2018-10-19 18:08:50 - [TEST_CASE][PASSED] - Test Cases/Staging/Backoffice/Betting/Create_match: Test Cases/Staging/Backoffice/Betting/Create_match

2018-10-19 18:08:50 - [TEST_STEP][PASSED] - focus: Object: 'Object Repository/Backoffice/Betting/Betting_header' is focused

2018-10-19 18:08:50 - [MESSAGE][PASSED] - Object: 'Object Repository/Backoffice/Betting/Betting_header' is focused

2018-10-19 18:08:50 - [TEST_STEP][PASSED] - click: Object: 'Object Repository/Backoffice/Betting/Match_header' is clicked on

2018-10-19 18:08:51 - [MESSAGE][PASSED] - Object: 'Object Repository/Backoffice/Betting/Match_header' is clicked on

2018-10-19 18:08:51 - [TEST_STEP][PASSED] - click: Object: 'Object Repository/Backoffice/Betting/Match/Create_match/button_Create Match' is clicked on

2018-10-19 18:08:51 - [MESSAGE][PASSED] - Object: 'Object Repository/Backoffice/Betting/Match/Create_match/button_Create Match' is clicked on

2018-10-19 18:08:51 - [TEST_STEP][PASSED] - delay: Delayed 2 second(s)

2018-10-19 18:08:53 - [MESSAGE][PASSED] - Delayed 2 second(s)

2018-10-19 18:08:53 - [TEST_STEP][PASSED] - waitForElementVisible: Object 'Object Repository/Backoffice/Betting/Match/Create_match/Pop up Add match/select_arena' is visible

2018-10-19 18:08:53 - [MESSAGE][PASSED] - Object 'Object Repository/Backoffice/Betting/Match/Create_match/Pop up Add match/select_arena' is visible

2018-10-19 18:08:53 - [TEST_STEP][PASSED] - selectOptionByLabel: All options with label 'CVCC3 - 10' are selected in object 'Object Repository/Backoffice/Betting/Match/Create_match/Pop up Add match/select_arena' 

2018-10-19 18:08:53 - [MESSAGE][PASSED] - All options with label 'CVCC3 - 10' are selected in object 'Object Repository/Backoffice/Betting/Match/Create_match/Pop up Add match/select_arena' 

2018-10-19 18:08:53 - [TEST_STEP][PASSED] - sendKeys: Keys '' sent to object: 'Object Repository/Backoffice/Betting/Match/Create_match/Pop up Add match/input_Event Name_match_name'

2018-10-19 18:08:53 - [MESSAGE][PASSED] - Keys '' sent to object: 'Object Repository/Backoffice/Betting/Match/Create_match/Pop up Add match/input_Event Name_match_name'

2018-10-19 18:08:53 - [TEST_STEP][PASSED] - sendKeys: Keys '' sent to object: 'Object Repository/Backoffice/Betting/Match/Create_match/Pop up Add match/input_Profit Margin ()_match_p'

2018-10-19 18:08:53 - [MESSAGE][PASSED] - Keys '' sent to object: 'Object Repository/Backoffice/Betting/Match/Create_match/Pop up Add match/input_Profit Margin ()_match_p'

2018-10-19 18:08:53 - [TEST_STEP][PASSED] - sendKeys: Keys 'testteamA31' sent to object: 'Object Repository/Backoffice/Betting/Match/Create_match/Pop up Add match/input_Name_banker_name'

2018-10-19 18:08:53 - [MESSAGE][PASSED] - Keys 'testteamA31' sent to object: 'Object Repository/Backoffice/Betting/Match/Create_match/Pop up Add match/input_Name_banker_name'

2018-10-19 18:08:53 - [TEST_STEP][PASSED] - sendKeys: Keys 'testteamB31' sent to object: 'Object Repository/Backoffice/Betting/Match/Create_match/Pop up Add match/input_Name_player_name'

2018-10-19 18:08:53 - [MESSAGE][PASSED] - Keys 'testteamB31' sent to object: 'Object Repository/Backoffice/Betting/Match/Create_match/Pop up Add match/input_Name_player_name'

2018-10-19 18:08:53 - [TEST_STEP][PASSED] - delay: Delayed 3 second(s)

2018-10-19 18:08:56 - [MESSAGE][PASSED] - Delayed 3 second(s)

2018-10-19 18:08:56 - [TEST_STEP][PASSED] - click: Object: 'Object Repository/Backoffice/Betting/Match/Create_match/Pop up Add match/input_Close_add_match' is clicked on

2018-10-19 18:08:57 - [MESSAGE][PASSED] - Object: 'Object Repository/Backoffice/Betting/Match/Create_match/Pop up Add match/input_Close_add_match' is clicked on

2018-10-19 18:08:57 - [TEST_STEP][PASSED] - waitForElementVisible: Object 'Object Repository/Backoffice/Betting/Match/span_Clickmatch' is visible

2018-10-19 18:08:57 - [MESSAGE][PASSED] - Object 'Object Repository/Backoffice/Betting/Match/span_Clickmatch' is visible]]></system-out>
         <system-err><![CDATA[]]></system-err>
      </testcase>
      <testcase name="Test Cases/Staging/Backoffice/Betting/Create_match" classname="Test Cases/Staging/Backoffice/Betting/Create_match" status="PASSED">
         <system-out><![CDATA[2018-10-19 18:08:57 - [TEST_CASE][PASSED] - Test Cases/Staging/Backoffice/Betting/Create_match: Test Cases/Staging/Backoffice/Betting/Create_match

2018-10-19 18:08:57 - [TEST_STEP][PASSED] - focus: Object: 'Object Repository/Backoffice/Betting/Betting_header' is focused

2018-10-19 18:08:57 - [MESSAGE][PASSED] - Object: 'Object Repository/Backoffice/Betting/Betting_header' is focused

2018-10-19 18:08:57 - [TEST_STEP][PASSED] - click: Object: 'Object Repository/Backoffice/Betting/Match_header' is clicked on

2018-10-19 18:08:58 - [MESSAGE][PASSED] - Object: 'Object Repository/Backoffice/Betting/Match_header' is clicked on

2018-10-19 18:08:58 - [TEST_STEP][PASSED] - click: Object: 'Object Repository/Backoffice/Betting/Match/Create_match/button_Create Match' is clicked on

2018-10-19 18:08:58 - [MESSAGE][PASSED] - Object: 'Object Repository/Backoffice/Betting/Match/Create_match/button_Create Match' is clicked on

2018-10-19 18:08:58 - [TEST_STEP][PASSED] - delay: Delayed 2 second(s)

2018-10-19 18:09:00 - [MESSAGE][PASSED] - Delayed 2 second(s)

2018-10-19 18:09:00 - [TEST_STEP][PASSED] - waitForElementVisible: Object 'Object Repository/Backoffice/Betting/Match/Create_match/Pop up Add match/select_arena' is visible

2018-10-19 18:09:00 - [MESSAGE][PASSED] - Object 'Object Repository/Backoffice/Betting/Match/Create_match/Pop up Add match/select_arena' is visible

2018-10-19 18:09:00 - [TEST_STEP][PASSED] - selectOptionByLabel: All options with label 'CVCC3 - 10' are selected in object 'Object Repository/Backoffice/Betting/Match/Create_match/Pop up Add match/select_arena' 

2018-10-19 18:09:00 - [MESSAGE][PASSED] - All options with label 'CVCC3 - 10' are selected in object 'Object Repository/Backoffice/Betting/Match/Create_match/Pop up Add match/select_arena' 

2018-10-19 18:09:00 - [TEST_STEP][PASSED] - sendKeys: Keys '' sent to object: 'Object Repository/Backoffice/Betting/Match/Create_match/Pop up Add match/input_Event Name_match_name'

2018-10-19 18:09:00 - [MESSAGE][PASSED] - Keys '' sent to object: 'Object Repository/Backoffice/Betting/Match/Create_match/Pop up Add match/input_Event Name_match_name'

2018-10-19 18:09:00 - [TEST_STEP][PASSED] - sendKeys: Keys '' sent to object: 'Object Repository/Backoffice/Betting/Match/Create_match/Pop up Add match/input_Profit Margin ()_match_p'

2018-10-19 18:09:00 - [MESSAGE][PASSED] - Keys '' sent to object: 'Object Repository/Backoffice/Betting/Match/Create_match/Pop up Add match/input_Profit Margin ()_match_p'

2018-10-19 18:09:00 - [TEST_STEP][PASSED] - sendKeys: Keys 'testteamA32' sent to object: 'Object Repository/Backoffice/Betting/Match/Create_match/Pop up Add match/input_Name_banker_name'

2018-10-19 18:09:00 - [MESSAGE][PASSED] - Keys 'testteamA32' sent to object: 'Object Repository/Backoffice/Betting/Match/Create_match/Pop up Add match/input_Name_banker_name'

2018-10-19 18:09:00 - [TEST_STEP][PASSED] - sendKeys: Keys 'testteamB32' sent to object: 'Object Repository/Backoffice/Betting/Match/Create_match/Pop up Add match/input_Name_player_name'

2018-10-19 18:09:01 - [MESSAGE][PASSED] - Keys 'testteamB32' sent to object: 'Object Repository/Backoffice/Betting/Match/Create_match/Pop up Add match/input_Name_player_name'

2018-10-19 18:09:01 - [TEST_STEP][PASSED] - delay: Delayed 3 second(s)

2018-10-19 18:09:04 - [MESSAGE][PASSED] - Delayed 3 second(s)

2018-10-19 18:09:04 - [TEST_STEP][PASSED] - click: Object: 'Object Repository/Backoffice/Betting/Match/Create_match/Pop up Add match/input_Close_add_match' is clicked on

2018-10-19 18:09:05 - [MESSAGE][PASSED] - Object: 'Object Repository/Backoffice/Betting/Match/Create_match/Pop up Add match/input_Close_add_match' is clicked on

2018-10-19 18:09:05 - [TEST_STEP][PASSED] - waitForElementVisible: Object 'Object Repository/Backoffice/Betting/Match/span_Clickmatch' is visible

2018-10-19 18:09:05 - [MESSAGE][PASSED] - Object 'Object Repository/Backoffice/Betting/Match/span_Clickmatch' is visible]]></system-out>
         <system-err><![CDATA[]]></system-err>
      </testcase>
      <testcase name="Test Cases/Staging/Backoffice/Betting/Create_match" classname="Test Cases/Staging/Backoffice/Betting/Create_match" status="PASSED">
         <system-out><![CDATA[2018-10-19 18:09:05 - [TEST_CASE][PASSED] - Test Cases/Staging/Backoffice/Betting/Create_match: Test Cases/Staging/Backoffice/Betting/Create_match

2018-10-19 18:09:05 - [TEST_STEP][PASSED] - focus: Object: 'Object Repository/Backoffice/Betting/Betting_header' is focused

2018-10-19 18:09:05 - [MESSAGE][PASSED] - Object: 'Object Repository/Backoffice/Betting/Betting_header' is focused

2018-10-19 18:09:05 - [TEST_STEP][PASSED] - click: Object: 'Object Repository/Backoffice/Betting/Match_header' is clicked on

2018-10-19 18:09:05 - [MESSAGE][PASSED] - Object: 'Object Repository/Backoffice/Betting/Match_header' is clicked on

2018-10-19 18:09:05 - [TEST_STEP][PASSED] - click: Object: 'Object Repository/Backoffice/Betting/Match/Create_match/button_Create Match' is clicked on

2018-10-19 18:09:05 - [MESSAGE][PASSED] - Object: 'Object Repository/Backoffice/Betting/Match/Create_match/button_Create Match' is clicked on

2018-10-19 18:09:05 - [TEST_STEP][PASSED] - delay: Delayed 2 second(s)

2018-10-19 18:09:07 - [MESSAGE][PASSED] - Delayed 2 second(s)

2018-10-19 18:09:07 - [TEST_STEP][PASSED] - waitForElementVisible: Object 'Object Repository/Backoffice/Betting/Match/Create_match/Pop up Add match/select_arena' is visible

2018-10-19 18:09:08 - [MESSAGE][PASSED] - Object 'Object Repository/Backoffice/Betting/Match/Create_match/Pop up Add match/select_arena' is visible

2018-10-19 18:09:08 - [TEST_STEP][PASSED] - selectOptionByLabel: All options with label 'CVCC3 - 10' are selected in object 'Object Repository/Backoffice/Betting/Match/Create_match/Pop up Add match/select_arena' 

2018-10-19 18:09:08 - [MESSAGE][PASSED] - All options with label 'CVCC3 - 10' are selected in object 'Object Repository/Backoffice/Betting/Match/Create_match/Pop up Add match/select_arena' 

2018-10-19 18:09:08 - [TEST_STEP][PASSED] - sendKeys: Keys '' sent to object: 'Object Repository/Backoffice/Betting/Match/Create_match/Pop up Add match/input_Event Name_match_name'

2018-10-19 18:09:08 - [MESSAGE][PASSED] - Keys '' sent to object: 'Object Repository/Backoffice/Betting/Match/Create_match/Pop up Add match/input_Event Name_match_name'

2018-10-19 18:09:08 - [TEST_STEP][PASSED] - sendKeys: Keys '' sent to object: 'Object Repository/Backoffice/Betting/Match/Create_match/Pop up Add match/input_Profit Margin ()_match_p'

2018-10-19 18:09:08 - [MESSAGE][PASSED] - Keys '' sent to object: 'Object Repository/Backoffice/Betting/Match/Create_match/Pop up Add match/input_Profit Margin ()_match_p'

2018-10-19 18:09:08 - [TEST_STEP][PASSED] - sendKeys: Keys 'testteamA33' sent to object: 'Object Repository/Backoffice/Betting/Match/Create_match/Pop up Add match/input_Name_banker_name'

2018-10-19 18:09:08 - [MESSAGE][PASSED] - Keys 'testteamA33' sent to object: 'Object Repository/Backoffice/Betting/Match/Create_match/Pop up Add match/input_Name_banker_name'

2018-10-19 18:09:08 - [TEST_STEP][PASSED] - sendKeys: Keys 'testteamB33' sent to object: 'Object Repository/Backoffice/Betting/Match/Create_match/Pop up Add match/input_Name_player_name'

2018-10-19 18:09:08 - [MESSAGE][PASSED] - Keys 'testteamB33' sent to object: 'Object Repository/Backoffice/Betting/Match/Create_match/Pop up Add match/input_Name_player_name'

2018-10-19 18:09:08 - [TEST_STEP][PASSED] - delay: Delayed 3 second(s)

2018-10-19 18:09:11 - [MESSAGE][PASSED] - Delayed 3 second(s)

2018-10-19 18:09:11 - [TEST_STEP][PASSED] - click: Object: 'Object Repository/Backoffice/Betting/Match/Create_match/Pop up Add match/input_Close_add_match' is clicked on

2018-10-19 18:09:12 - [MESSAGE][PASSED] - Object: 'Object Repository/Backoffice/Betting/Match/Create_match/Pop up Add match/input_Close_add_match' is clicked on

2018-10-19 18:09:12 - [TEST_STEP][PASSED] - waitForElementVisible: Object 'Object Repository/Backoffice/Betting/Match/span_Clickmatch' is visible

2018-10-19 18:09:12 - [MESSAGE][PASSED] - Object 'Object Repository/Backoffice/Betting/Match/span_Clickmatch' is visible]]></system-out>
         <system-err><![CDATA[]]></system-err>
      </testcase>
      <testcase name="Test Cases/Staging/Backoffice/Betting/Create_match" classname="Test Cases/Staging/Backoffice/Betting/Create_match" status="PASSED">
         <system-out><![CDATA[2018-10-19 18:09:12 - [TEST_CASE][PASSED] - Test Cases/Staging/Backoffice/Betting/Create_match: Test Cases/Staging/Backoffice/Betting/Create_match

2018-10-19 18:09:12 - [TEST_STEP][PASSED] - focus: Object: 'Object Repository/Backoffice/Betting/Betting_header' is focused

2018-10-19 18:09:12 - [MESSAGE][PASSED] - Object: 'Object Repository/Backoffice/Betting/Betting_header' is focused

2018-10-19 18:09:12 - [TEST_STEP][PASSED] - click: Object: 'Object Repository/Backoffice/Betting/Match_header' is clicked on

2018-10-19 18:09:13 - [MESSAGE][PASSED] - Object: 'Object Repository/Backoffice/Betting/Match_header' is clicked on

2018-10-19 18:09:13 - [TEST_STEP][PASSED] - click: Object: 'Object Repository/Backoffice/Betting/Match/Create_match/button_Create Match' is clicked on

2018-10-19 18:09:13 - [MESSAGE][PASSED] - Object: 'Object Repository/Backoffice/Betting/Match/Create_match/button_Create Match' is clicked on

2018-10-19 18:09:13 - [TEST_STEP][PASSED] - delay: Delayed 2 second(s)

2018-10-19 18:09:15 - [MESSAGE][PASSED] - Delayed 2 second(s)

2018-10-19 18:09:15 - [TEST_STEP][PASSED] - waitForElementVisible: Object 'Object Repository/Backoffice/Betting/Match/Create_match/Pop up Add match/select_arena' is visible

2018-10-19 18:09:15 - [MESSAGE][PASSED] - Object 'Object Repository/Backoffice/Betting/Match/Create_match/Pop up Add match/select_arena' is visible

2018-10-19 18:09:15 - [TEST_STEP][PASSED] - selectOptionByLabel: All options with label 'CVCC3 - 10' are selected in object 'Object Repository/Backoffice/Betting/Match/Create_match/Pop up Add match/select_arena' 

2018-10-19 18:09:15 - [MESSAGE][PASSED] - All options with label 'CVCC3 - 10' are selected in object 'Object Repository/Backoffice/Betting/Match/Create_match/Pop up Add match/select_arena' 

2018-10-19 18:09:15 - [TEST_STEP][PASSED] - sendKeys: Keys '' sent to object: 'Object Repository/Backoffice/Betting/Match/Create_match/Pop up Add match/input_Event Name_match_name'

2018-10-19 18:09:15 - [MESSAGE][PASSED] - Keys '' sent to object: 'Object Repository/Backoffice/Betting/Match/Create_match/Pop up Add match/input_Event Name_match_name'

2018-10-19 18:09:15 - [TEST_STEP][PASSED] - sendKeys: Keys '' sent to object: 'Object Repository/Backoffice/Betting/Match/Create_match/Pop up Add match/input_Profit Margin ()_match_p'

2018-10-19 18:09:15 - [MESSAGE][PASSED] - Keys '' sent to object: 'Object Repository/Backoffice/Betting/Match/Create_match/Pop up Add match/input_Profit Margin ()_match_p'

2018-10-19 18:09:15 - [TEST_STEP][PASSED] - sendKeys: Keys 'testteamA34' sent to object: 'Object Repository/Backoffice/Betting/Match/Create_match/Pop up Add match/input_Name_banker_name'

2018-10-19 18:09:15 - [MESSAGE][PASSED] - Keys 'testteamA34' sent to object: 'Object Repository/Backoffice/Betting/Match/Create_match/Pop up Add match/input_Name_banker_name'

2018-10-19 18:09:15 - [TEST_STEP][PASSED] - sendKeys: Keys 'testteamB34' sent to object: 'Object Repository/Backoffice/Betting/Match/Create_match/Pop up Add match/input_Name_player_name'

2018-10-19 18:09:15 - [MESSAGE][PASSED] - Keys 'testteamB34' sent to object: 'Object Repository/Backoffice/Betting/Match/Create_match/Pop up Add match/input_Name_player_name'

2018-10-19 18:09:15 - [TEST_STEP][PASSED] - delay: Delayed 3 second(s)

2018-10-19 18:09:18 - [MESSAGE][PASSED] - Delayed 3 second(s)

2018-10-19 18:09:18 - [TEST_STEP][PASSED] - click: Object: 'Object Repository/Backoffice/Betting/Match/Create_match/Pop up Add match/input_Close_add_match' is clicked on

2018-10-19 18:09:19 - [MESSAGE][PASSED] - Object: 'Object Repository/Backoffice/Betting/Match/Create_match/Pop up Add match/input_Close_add_match' is clicked on

2018-10-19 18:09:19 - [TEST_STEP][PASSED] - waitForElementVisible: Object 'Object Repository/Backoffice/Betting/Match/span_Clickmatch' is visible

2018-10-19 18:09:19 - [MESSAGE][PASSED] - Object 'Object Repository/Backoffice/Betting/Match/span_Clickmatch' is visible]]></system-out>
         <system-err><![CDATA[]]></system-err>
      </testcase>
      <testcase name="Test Cases/Staging/Backoffice/Betting/Create_match" classname="Test Cases/Staging/Backoffice/Betting/Create_match" status="PASSED">
         <system-out><![CDATA[2018-10-19 18:09:19 - [TEST_CASE][PASSED] - Test Cases/Staging/Backoffice/Betting/Create_match: Test Cases/Staging/Backoffice/Betting/Create_match

2018-10-19 18:09:19 - [TEST_STEP][PASSED] - focus: Object: 'Object Repository/Backoffice/Betting/Betting_header' is focused

2018-10-19 18:09:19 - [MESSAGE][PASSED] - Object: 'Object Repository/Backoffice/Betting/Betting_header' is focused

2018-10-19 18:09:19 - [TEST_STEP][PASSED] - click: Object: 'Object Repository/Backoffice/Betting/Match_header' is clicked on

2018-10-19 18:09:20 - [MESSAGE][PASSED] - Object: 'Object Repository/Backoffice/Betting/Match_header' is clicked on

2018-10-19 18:09:20 - [TEST_STEP][PASSED] - click: Object: 'Object Repository/Backoffice/Betting/Match/Create_match/button_Create Match' is clicked on

2018-10-19 18:09:20 - [MESSAGE][PASSED] - Object: 'Object Repository/Backoffice/Betting/Match/Create_match/button_Create Match' is clicked on

2018-10-19 18:09:20 - [TEST_STEP][PASSED] - delay: Delayed 2 second(s)

2018-10-19 18:09:22 - [MESSAGE][PASSED] - Delayed 2 second(s)

2018-10-19 18:09:22 - [TEST_STEP][PASSED] - waitForElementVisible: Object 'Object Repository/Backoffice/Betting/Match/Create_match/Pop up Add match/select_arena' is visible

2018-10-19 18:09:22 - [MESSAGE][PASSED] - Object 'Object Repository/Backoffice/Betting/Match/Create_match/Pop up Add match/select_arena' is visible

2018-10-19 18:09:22 - [TEST_STEP][PASSED] - selectOptionByLabel: All options with label 'CVCC3 - 10' are selected in object 'Object Repository/Backoffice/Betting/Match/Create_match/Pop up Add match/select_arena' 

2018-10-19 18:09:22 - [MESSAGE][PASSED] - All options with label 'CVCC3 - 10' are selected in object 'Object Repository/Backoffice/Betting/Match/Create_match/Pop up Add match/select_arena' 

2018-10-19 18:09:22 - [TEST_STEP][PASSED] - sendKeys: Keys '' sent to object: 'Object Repository/Backoffice/Betting/Match/Create_match/Pop up Add match/input_Event Name_match_name'

2018-10-19 18:09:22 - [MESSAGE][PASSED] - Keys '' sent to object: 'Object Repository/Backoffice/Betting/Match/Create_match/Pop up Add match/input_Event Name_match_name'

2018-10-19 18:09:22 - [TEST_STEP][PASSED] - sendKeys: Keys '' sent to object: 'Object Repository/Backoffice/Betting/Match/Create_match/Pop up Add match/input_Profit Margin ()_match_p'

2018-10-19 18:09:22 - [MESSAGE][PASSED] - Keys '' sent to object: 'Object Repository/Backoffice/Betting/Match/Create_match/Pop up Add match/input_Profit Margin ()_match_p'

2018-10-19 18:09:22 - [TEST_STEP][PASSED] - sendKeys: Keys 'testteamA35' sent to object: 'Object Repository/Backoffice/Betting/Match/Create_match/Pop up Add match/input_Name_banker_name'

2018-10-19 18:09:22 - [MESSAGE][PASSED] - Keys 'testteamA35' sent to object: 'Object Repository/Backoffice/Betting/Match/Create_match/Pop up Add match/input_Name_banker_name'

2018-10-19 18:09:22 - [TEST_STEP][PASSED] - sendKeys: Keys 'testteamB35' sent to object: 'Object Repository/Backoffice/Betting/Match/Create_match/Pop up Add match/input_Name_player_name'

2018-10-19 18:09:23 - [MESSAGE][PASSED] - Keys 'testteamB35' sent to object: 'Object Repository/Backoffice/Betting/Match/Create_match/Pop up Add match/input_Name_player_name'

2018-10-19 18:09:23 - [TEST_STEP][PASSED] - delay: Delayed 3 second(s)

2018-10-19 18:09:26 - [MESSAGE][PASSED] - Delayed 3 second(s)

2018-10-19 18:09:26 - [TEST_STEP][PASSED] - click: Object: 'Object Repository/Backoffice/Betting/Match/Create_match/Pop up Add match/input_Close_add_match' is clicked on

2018-10-19 18:09:26 - [MESSAGE][PASSED] - Object: 'Object Repository/Backoffice/Betting/Match/Create_match/Pop up Add match/input_Close_add_match' is clicked on

2018-10-19 18:09:26 - [TEST_STEP][PASSED] - waitForElementVisible: Object 'Object Repository/Backoffice/Betting/Match/span_Clickmatch' is visible

2018-10-19 18:09:27 - [MESSAGE][PASSED] - Object 'Object Repository/Backoffice/Betting/Match/span_Clickmatch' is visible]]></system-out>
         <system-err><![CDATA[]]></system-err>
      </testcase>
      <testcase name="Test Cases/Staging/Backoffice/Betting/Create_match" classname="Test Cases/Staging/Backoffice/Betting/Create_match" status="PASSED">
         <system-out><![CDATA[2018-10-19 18:09:27 - [TEST_CASE][PASSED] - Test Cases/Staging/Backoffice/Betting/Create_match: Test Cases/Staging/Backoffice/Betting/Create_match

2018-10-19 18:09:27 - [TEST_STEP][PASSED] - focus: Object: 'Object Repository/Backoffice/Betting/Betting_header' is focused

2018-10-19 18:09:27 - [MESSAGE][PASSED] - Object: 'Object Repository/Backoffice/Betting/Betting_header' is focused

2018-10-19 18:09:27 - [TEST_STEP][PASSED] - click: Object: 'Object Repository/Backoffice/Betting/Match_header' is clicked on

2018-10-19 18:09:27 - [MESSAGE][PASSED] - Object: 'Object Repository/Backoffice/Betting/Match_header' is clicked on

2018-10-19 18:09:27 - [TEST_STEP][PASSED] - click: Object: 'Object Repository/Backoffice/Betting/Match/Create_match/button_Create Match' is clicked on

2018-10-19 18:09:28 - [MESSAGE][PASSED] - Object: 'Object Repository/Backoffice/Betting/Match/Create_match/button_Create Match' is clicked on

2018-10-19 18:09:28 - [TEST_STEP][PASSED] - delay: Delayed 2 second(s)

2018-10-19 18:09:30 - [MESSAGE][PASSED] - Delayed 2 second(s)

2018-10-19 18:09:30 - [TEST_STEP][PASSED] - waitForElementVisible: Object 'Object Repository/Backoffice/Betting/Match/Create_match/Pop up Add match/select_arena' is visible

2018-10-19 18:09:30 - [MESSAGE][PASSED] - Object 'Object Repository/Backoffice/Betting/Match/Create_match/Pop up Add match/select_arena' is visible

2018-10-19 18:09:30 - [TEST_STEP][PASSED] - selectOptionByLabel: All options with label 'CVCC3 - 10' are selected in object 'Object Repository/Backoffice/Betting/Match/Create_match/Pop up Add match/select_arena' 

2018-10-19 18:09:30 - [MESSAGE][PASSED] - All options with label 'CVCC3 - 10' are selected in object 'Object Repository/Backoffice/Betting/Match/Create_match/Pop up Add match/select_arena' 

2018-10-19 18:09:30 - [TEST_STEP][PASSED] - sendKeys: Keys '' sent to object: 'Object Repository/Backoffice/Betting/Match/Create_match/Pop up Add match/input_Event Name_match_name'

2018-10-19 18:09:30 - [MESSAGE][PASSED] - Keys '' sent to object: 'Object Repository/Backoffice/Betting/Match/Create_match/Pop up Add match/input_Event Name_match_name'

2018-10-19 18:09:30 - [TEST_STEP][PASSED] - sendKeys: Keys '' sent to object: 'Object Repository/Backoffice/Betting/Match/Create_match/Pop up Add match/input_Profit Margin ()_match_p'

2018-10-19 18:09:30 - [MESSAGE][PASSED] - Keys '' sent to object: 'Object Repository/Backoffice/Betting/Match/Create_match/Pop up Add match/input_Profit Margin ()_match_p'

2018-10-19 18:09:30 - [TEST_STEP][PASSED] - sendKeys: Keys 'testteamA36' sent to object: 'Object Repository/Backoffice/Betting/Match/Create_match/Pop up Add match/input_Name_banker_name'

2018-10-19 18:09:30 - [MESSAGE][PASSED] - Keys 'testteamA36' sent to object: 'Object Repository/Backoffice/Betting/Match/Create_match/Pop up Add match/input_Name_banker_name'

2018-10-19 18:09:30 - [TEST_STEP][PASSED] - sendKeys: Keys 'testteamB36' sent to object: 'Object Repository/Backoffice/Betting/Match/Create_match/Pop up Add match/input_Name_player_name'

2018-10-19 18:09:30 - [MESSAGE][PASSED] - Keys 'testteamB36' sent to object: 'Object Repository/Backoffice/Betting/Match/Create_match/Pop up Add match/input_Name_player_name'

2018-10-19 18:09:30 - [TEST_STEP][PASSED] - delay: Delayed 3 second(s)

2018-10-19 18:09:33 - [MESSAGE][PASSED] - Delayed 3 second(s)

2018-10-19 18:09:33 - [TEST_STEP][PASSED] - click: Object: 'Object Repository/Backoffice/Betting/Match/Create_match/Pop up Add match/input_Close_add_match' is clicked on

2018-10-19 18:09:34 - [MESSAGE][PASSED] - Object: 'Object Repository/Backoffice/Betting/Match/Create_match/Pop up Add match/input_Close_add_match' is clicked on

2018-10-19 18:09:34 - [TEST_STEP][PASSED] - waitForElementVisible: Object 'Object Repository/Backoffice/Betting/Match/span_Clickmatch' is visible

2018-10-19 18:09:34 - [MESSAGE][PASSED] - Object 'Object Repository/Backoffice/Betting/Match/span_Clickmatch' is visible]]></system-out>
         <system-err><![CDATA[]]></system-err>
      </testcase>
      <testcase name="Test Cases/Staging/Backoffice/Betting/Create_match" classname="Test Cases/Staging/Backoffice/Betting/Create_match" status="PASSED">
         <system-out><![CDATA[2018-10-19 18:09:34 - [TEST_CASE][PASSED] - Test Cases/Staging/Backoffice/Betting/Create_match: Test Cases/Staging/Backoffice/Betting/Create_match

2018-10-19 18:09:34 - [TEST_STEP][PASSED] - focus: Object: 'Object Repository/Backoffice/Betting/Betting_header' is focused

2018-10-19 18:09:34 - [MESSAGE][PASSED] - Object: 'Object Repository/Backoffice/Betting/Betting_header' is focused

2018-10-19 18:09:34 - [TEST_STEP][PASSED] - click: Object: 'Object Repository/Backoffice/Betting/Match_header' is clicked on

2018-10-19 18:09:35 - [MESSAGE][PASSED] - Object: 'Object Repository/Backoffice/Betting/Match_header' is clicked on

2018-10-19 18:09:35 - [TEST_STEP][PASSED] - click: Object: 'Object Repository/Backoffice/Betting/Match/Create_match/button_Create Match' is clicked on

2018-10-19 18:09:35 - [MESSAGE][PASSED] - Object: 'Object Repository/Backoffice/Betting/Match/Create_match/button_Create Match' is clicked on

2018-10-19 18:09:35 - [TEST_STEP][PASSED] - delay: Delayed 2 second(s)

2018-10-19 18:09:37 - [MESSAGE][PASSED] - Delayed 2 second(s)

2018-10-19 18:09:37 - [TEST_STEP][PASSED] - waitForElementVisible: Object 'Object Repository/Backoffice/Betting/Match/Create_match/Pop up Add match/select_arena' is visible

2018-10-19 18:09:37 - [MESSAGE][PASSED] - Object 'Object Repository/Backoffice/Betting/Match/Create_match/Pop up Add match/select_arena' is visible

2018-10-19 18:09:37 - [TEST_STEP][PASSED] - selectOptionByLabel: All options with label 'CVCC3 - 10' are selected in object 'Object Repository/Backoffice/Betting/Match/Create_match/Pop up Add match/select_arena' 

2018-10-19 18:09:37 - [MESSAGE][PASSED] - All options with label 'CVCC3 - 10' are selected in object 'Object Repository/Backoffice/Betting/Match/Create_match/Pop up Add match/select_arena' 

2018-10-19 18:09:37 - [TEST_STEP][PASSED] - sendKeys: Keys '' sent to object: 'Object Repository/Backoffice/Betting/Match/Create_match/Pop up Add match/input_Event Name_match_name'

2018-10-19 18:09:37 - [MESSAGE][PASSED] - Keys '' sent to object: 'Object Repository/Backoffice/Betting/Match/Create_match/Pop up Add match/input_Event Name_match_name'

2018-10-19 18:09:37 - [TEST_STEP][PASSED] - sendKeys: Keys '' sent to object: 'Object Repository/Backoffice/Betting/Match/Create_match/Pop up Add match/input_Profit Margin ()_match_p'

2018-10-19 18:09:37 - [MESSAGE][PASSED] - Keys '' sent to object: 'Object Repository/Backoffice/Betting/Match/Create_match/Pop up Add match/input_Profit Margin ()_match_p'

2018-10-19 18:09:37 - [TEST_STEP][PASSED] - sendKeys: Keys 'testteamA37' sent to object: 'Object Repository/Backoffice/Betting/Match/Create_match/Pop up Add match/input_Name_banker_name'

2018-10-19 18:09:37 - [MESSAGE][PASSED] - Keys 'testteamA37' sent to object: 'Object Repository/Backoffice/Betting/Match/Create_match/Pop up Add match/input_Name_banker_name'

2018-10-19 18:09:37 - [TEST_STEP][PASSED] - sendKeys: Keys 'testteamB37' sent to object: 'Object Repository/Backoffice/Betting/Match/Create_match/Pop up Add match/input_Name_player_name'

2018-10-19 18:09:37 - [MESSAGE][PASSED] - Keys 'testteamB37' sent to object: 'Object Repository/Backoffice/Betting/Match/Create_match/Pop up Add match/input_Name_player_name'

2018-10-19 18:09:37 - [TEST_STEP][PASSED] - delay: Delayed 3 second(s)

2018-10-19 18:09:40 - [MESSAGE][PASSED] - Delayed 3 second(s)

2018-10-19 18:09:40 - [TEST_STEP][PASSED] - click: Object: 'Object Repository/Backoffice/Betting/Match/Create_match/Pop up Add match/input_Close_add_match' is clicked on

2018-10-19 18:09:41 - [MESSAGE][PASSED] - Object: 'Object Repository/Backoffice/Betting/Match/Create_match/Pop up Add match/input_Close_add_match' is clicked on

2018-10-19 18:09:41 - [TEST_STEP][PASSED] - waitForElementVisible: Object 'Object Repository/Backoffice/Betting/Match/span_Clickmatch' is visible

2018-10-19 18:09:41 - [MESSAGE][PASSED] - Object 'Object Repository/Backoffice/Betting/Match/span_Clickmatch' is visible]]></system-out>
         <system-err><![CDATA[]]></system-err>
      </testcase>
      <testcase name="Test Cases/Staging/Backoffice/Betting/Create_match" classname="Test Cases/Staging/Backoffice/Betting/Create_match" status="PASSED">
         <system-out><![CDATA[2018-10-19 18:09:41 - [TEST_CASE][PASSED] - Test Cases/Staging/Backoffice/Betting/Create_match: Test Cases/Staging/Backoffice/Betting/Create_match

2018-10-19 18:09:41 - [TEST_STEP][PASSED] - focus: Object: 'Object Repository/Backoffice/Betting/Betting_header' is focused

2018-10-19 18:09:41 - [MESSAGE][PASSED] - Object: 'Object Repository/Backoffice/Betting/Betting_header' is focused

2018-10-19 18:09:41 - [TEST_STEP][PASSED] - click: Object: 'Object Repository/Backoffice/Betting/Match_header' is clicked on

2018-10-19 18:09:42 - [MESSAGE][PASSED] - Object: 'Object Repository/Backoffice/Betting/Match_header' is clicked on

2018-10-19 18:09:42 - [TEST_STEP][PASSED] - click: Object: 'Object Repository/Backoffice/Betting/Match/Create_match/button_Create Match' is clicked on

2018-10-19 18:09:42 - [MESSAGE][PASSED] - Object: 'Object Repository/Backoffice/Betting/Match/Create_match/button_Create Match' is clicked on

2018-10-19 18:09:42 - [TEST_STEP][PASSED] - delay: Delayed 2 second(s)

2018-10-19 18:09:44 - [MESSAGE][PASSED] - Delayed 2 second(s)

2018-10-19 18:09:44 - [TEST_STEP][PASSED] - waitForElementVisible: Object 'Object Repository/Backoffice/Betting/Match/Create_match/Pop up Add match/select_arena' is visible

2018-10-19 18:09:44 - [MESSAGE][PASSED] - Object 'Object Repository/Backoffice/Betting/Match/Create_match/Pop up Add match/select_arena' is visible

2018-10-19 18:09:44 - [TEST_STEP][PASSED] - selectOptionByLabel: All options with label 'CVCC3 - 10' are selected in object 'Object Repository/Backoffice/Betting/Match/Create_match/Pop up Add match/select_arena' 

2018-10-19 18:09:44 - [MESSAGE][PASSED] - All options with label 'CVCC3 - 10' are selected in object 'Object Repository/Backoffice/Betting/Match/Create_match/Pop up Add match/select_arena' 

2018-10-19 18:09:44 - [TEST_STEP][PASSED] - sendKeys: Keys '' sent to object: 'Object Repository/Backoffice/Betting/Match/Create_match/Pop up Add match/input_Event Name_match_name'

2018-10-19 18:09:44 - [MESSAGE][PASSED] - Keys '' sent to object: 'Object Repository/Backoffice/Betting/Match/Create_match/Pop up Add match/input_Event Name_match_name'

2018-10-19 18:09:44 - [TEST_STEP][PASSED] - sendKeys: Keys '' sent to object: 'Object Repository/Backoffice/Betting/Match/Create_match/Pop up Add match/input_Profit Margin ()_match_p'

2018-10-19 18:09:45 - [MESSAGE][PASSED] - Keys '' sent to object: 'Object Repository/Backoffice/Betting/Match/Create_match/Pop up Add match/input_Profit Margin ()_match_p'

2018-10-19 18:09:45 - [TEST_STEP][PASSED] - sendKeys: Keys 'testteamA38' sent to object: 'Object Repository/Backoffice/Betting/Match/Create_match/Pop up Add match/input_Name_banker_name'

2018-10-19 18:09:45 - [MESSAGE][PASSED] - Keys 'testteamA38' sent to object: 'Object Repository/Backoffice/Betting/Match/Create_match/Pop up Add match/input_Name_banker_name'

2018-10-19 18:09:45 - [TEST_STEP][PASSED] - sendKeys: Keys 'testteamB38' sent to object: 'Object Repository/Backoffice/Betting/Match/Create_match/Pop up Add match/input_Name_player_name'

2018-10-19 18:09:45 - [MESSAGE][PASSED] - Keys 'testteamB38' sent to object: 'Object Repository/Backoffice/Betting/Match/Create_match/Pop up Add match/input_Name_player_name'

2018-10-19 18:09:45 - [TEST_STEP][PASSED] - delay: Delayed 3 second(s)

2018-10-19 18:09:48 - [MESSAGE][PASSED] - Delayed 3 second(s)

2018-10-19 18:09:48 - [TEST_STEP][PASSED] - click: Object: 'Object Repository/Backoffice/Betting/Match/Create_match/Pop up Add match/input_Close_add_match' is clicked on

2018-10-19 18:09:49 - [MESSAGE][PASSED] - Object: 'Object Repository/Backoffice/Betting/Match/Create_match/Pop up Add match/input_Close_add_match' is clicked on

2018-10-19 18:09:49 - [TEST_STEP][PASSED] - waitForElementVisible: Object 'Object Repository/Backoffice/Betting/Match/span_Clickmatch' is visible

2018-10-19 18:09:49 - [MESSAGE][PASSED] - Object 'Object Repository/Backoffice/Betting/Match/span_Clickmatch' is visible]]></system-out>
         <system-err><![CDATA[]]></system-err>
      </testcase>
      <testcase name="Test Cases/Staging/Backoffice/Betting/Create_match" classname="Test Cases/Staging/Backoffice/Betting/Create_match" status="PASSED">
         <system-out><![CDATA[2018-10-19 18:09:49 - [TEST_CASE][PASSED] - Test Cases/Staging/Backoffice/Betting/Create_match: Test Cases/Staging/Backoffice/Betting/Create_match

2018-10-19 18:09:49 - [TEST_STEP][PASSED] - focus: Object: 'Object Repository/Backoffice/Betting/Betting_header' is focused

2018-10-19 18:09:49 - [MESSAGE][PASSED] - Object: 'Object Repository/Backoffice/Betting/Betting_header' is focused

2018-10-19 18:09:49 - [TEST_STEP][PASSED] - click: Object: 'Object Repository/Backoffice/Betting/Match_header' is clicked on

2018-10-19 18:09:50 - [MESSAGE][PASSED] - Object: 'Object Repository/Backoffice/Betting/Match_header' is clicked on

2018-10-19 18:09:50 - [TEST_STEP][PASSED] - click: Object: 'Object Repository/Backoffice/Betting/Match/Create_match/button_Create Match' is clicked on

2018-10-19 18:09:50 - [MESSAGE][PASSED] - Object: 'Object Repository/Backoffice/Betting/Match/Create_match/button_Create Match' is clicked on

2018-10-19 18:09:50 - [TEST_STEP][PASSED] - delay: Delayed 2 second(s)

2018-10-19 18:09:52 - [MESSAGE][PASSED] - Delayed 2 second(s)

2018-10-19 18:09:52 - [TEST_STEP][PASSED] - waitForElementVisible: Object 'Object Repository/Backoffice/Betting/Match/Create_match/Pop up Add match/select_arena' is visible

2018-10-19 18:09:52 - [MESSAGE][PASSED] - Object 'Object Repository/Backoffice/Betting/Match/Create_match/Pop up Add match/select_arena' is visible

2018-10-19 18:09:52 - [TEST_STEP][PASSED] - selectOptionByLabel: All options with label 'CVCC3 - 10' are selected in object 'Object Repository/Backoffice/Betting/Match/Create_match/Pop up Add match/select_arena' 

2018-10-19 18:09:52 - [MESSAGE][PASSED] - All options with label 'CVCC3 - 10' are selected in object 'Object Repository/Backoffice/Betting/Match/Create_match/Pop up Add match/select_arena' 

2018-10-19 18:09:52 - [TEST_STEP][PASSED] - sendKeys: Keys '' sent to object: 'Object Repository/Backoffice/Betting/Match/Create_match/Pop up Add match/input_Event Name_match_name'

2018-10-19 18:09:52 - [MESSAGE][PASSED] - Keys '' sent to object: 'Object Repository/Backoffice/Betting/Match/Create_match/Pop up Add match/input_Event Name_match_name'

2018-10-19 18:09:52 - [TEST_STEP][PASSED] - sendKeys: Keys '' sent to object: 'Object Repository/Backoffice/Betting/Match/Create_match/Pop up Add match/input_Profit Margin ()_match_p'

2018-10-19 18:09:52 - [MESSAGE][PASSED] - Keys '' sent to object: 'Object Repository/Backoffice/Betting/Match/Create_match/Pop up Add match/input_Profit Margin ()_match_p'

2018-10-19 18:09:52 - [TEST_STEP][PASSED] - sendKeys: Keys 'testteamA39' sent to object: 'Object Repository/Backoffice/Betting/Match/Create_match/Pop up Add match/input_Name_banker_name'

2018-10-19 18:09:52 - [MESSAGE][PASSED] - Keys 'testteamA39' sent to object: 'Object Repository/Backoffice/Betting/Match/Create_match/Pop up Add match/input_Name_banker_name'

2018-10-19 18:09:52 - [TEST_STEP][PASSED] - sendKeys: Keys 'testteamB39' sent to object: 'Object Repository/Backoffice/Betting/Match/Create_match/Pop up Add match/input_Name_player_name'

2018-10-19 18:09:52 - [MESSAGE][PASSED] - Keys 'testteamB39' sent to object: 'Object Repository/Backoffice/Betting/Match/Create_match/Pop up Add match/input_Name_player_name'

2018-10-19 18:09:52 - [TEST_STEP][PASSED] - delay: Delayed 3 second(s)

2018-10-19 18:09:55 - [MESSAGE][PASSED] - Delayed 3 second(s)

2018-10-19 18:09:55 - [TEST_STEP][PASSED] - click: Object: 'Object Repository/Backoffice/Betting/Match/Create_match/Pop up Add match/input_Close_add_match' is clicked on

2018-10-19 18:09:56 - [MESSAGE][PASSED] - Object: 'Object Repository/Backoffice/Betting/Match/Create_match/Pop up Add match/input_Close_add_match' is clicked on

2018-10-19 18:09:56 - [TEST_STEP][PASSED] - waitForElementVisible: Object 'Object Repository/Backoffice/Betting/Match/span_Clickmatch' is visible

2018-10-19 18:09:56 - [MESSAGE][PASSED] - Object 'Object Repository/Backoffice/Betting/Match/span_Clickmatch' is visible]]></system-out>
         <system-err><![CDATA[]]></system-err>
      </testcase>
      <testcase name="Test Cases/Staging/Backoffice/Betting/Create_match" classname="Test Cases/Staging/Backoffice/Betting/Create_match" status="PASSED">
         <system-out><![CDATA[2018-10-19 18:09:56 - [TEST_CASE][PASSED] - Test Cases/Staging/Backoffice/Betting/Create_match: Test Cases/Staging/Backoffice/Betting/Create_match

2018-10-19 18:09:56 - [TEST_STEP][PASSED] - focus: Object: 'Object Repository/Backoffice/Betting/Betting_header' is focused

2018-10-19 18:09:56 - [MESSAGE][PASSED] - Object: 'Object Repository/Backoffice/Betting/Betting_header' is focused

2018-10-19 18:09:56 - [TEST_STEP][PASSED] - click: Object: 'Object Repository/Backoffice/Betting/Match_header' is clicked on

2018-10-19 18:09:57 - [MESSAGE][PASSED] - Object: 'Object Repository/Backoffice/Betting/Match_header' is clicked on

2018-10-19 18:09:57 - [TEST_STEP][PASSED] - click: Object: 'Object Repository/Backoffice/Betting/Match/Create_match/button_Create Match' is clicked on

2018-10-19 18:09:57 - [MESSAGE][PASSED] - Object: 'Object Repository/Backoffice/Betting/Match/Create_match/button_Create Match' is clicked on

2018-10-19 18:09:57 - [TEST_STEP][PASSED] - delay: Delayed 2 second(s)

2018-10-19 18:09:59 - [MESSAGE][PASSED] - Delayed 2 second(s)

2018-10-19 18:09:59 - [TEST_STEP][PASSED] - waitForElementVisible: Object 'Object Repository/Backoffice/Betting/Match/Create_match/Pop up Add match/select_arena' is visible

2018-10-19 18:09:59 - [MESSAGE][PASSED] - Object 'Object Repository/Backoffice/Betting/Match/Create_match/Pop up Add match/select_arena' is visible

2018-10-19 18:09:59 - [TEST_STEP][PASSED] - selectOptionByLabel: All options with label 'CVCC3 - 10' are selected in object 'Object Repository/Backoffice/Betting/Match/Create_match/Pop up Add match/select_arena' 

2018-10-19 18:09:59 - [MESSAGE][PASSED] - All options with label 'CVCC3 - 10' are selected in object 'Object Repository/Backoffice/Betting/Match/Create_match/Pop up Add match/select_arena' 

2018-10-19 18:09:59 - [TEST_STEP][PASSED] - sendKeys: Keys '' sent to object: 'Object Repository/Backoffice/Betting/Match/Create_match/Pop up Add match/input_Event Name_match_name'

2018-10-19 18:09:59 - [MESSAGE][PASSED] - Keys '' sent to object: 'Object Repository/Backoffice/Betting/Match/Create_match/Pop up Add match/input_Event Name_match_name'

2018-10-19 18:09:59 - [TEST_STEP][PASSED] - sendKeys: Keys '' sent to object: 'Object Repository/Backoffice/Betting/Match/Create_match/Pop up Add match/input_Profit Margin ()_match_p'

2018-10-19 18:09:59 - [MESSAGE][PASSED] - Keys '' sent to object: 'Object Repository/Backoffice/Betting/Match/Create_match/Pop up Add match/input_Profit Margin ()_match_p'

2018-10-19 18:09:59 - [TEST_STEP][PASSED] - sendKeys: Keys 'testteamA40' sent to object: 'Object Repository/Backoffice/Betting/Match/Create_match/Pop up Add match/input_Name_banker_name'

2018-10-19 18:09:59 - [MESSAGE][PASSED] - Keys 'testteamA40' sent to object: 'Object Repository/Backoffice/Betting/Match/Create_match/Pop up Add match/input_Name_banker_name'

2018-10-19 18:09:59 - [TEST_STEP][PASSED] - sendKeys: Keys 'testteamB40' sent to object: 'Object Repository/Backoffice/Betting/Match/Create_match/Pop up Add match/input_Name_player_name'

2018-10-19 18:09:59 - [MESSAGE][PASSED] - Keys 'testteamB40' sent to object: 'Object Repository/Backoffice/Betting/Match/Create_match/Pop up Add match/input_Name_player_name'

2018-10-19 18:09:59 - [TEST_STEP][PASSED] - delay: Delayed 3 second(s)

2018-10-19 18:10:02 - [MESSAGE][PASSED] - Delayed 3 second(s)

2018-10-19 18:10:02 - [TEST_STEP][PASSED] - click: Object: 'Object Repository/Backoffice/Betting/Match/Create_match/Pop up Add match/input_Close_add_match' is clicked on

2018-10-19 18:10:03 - [MESSAGE][PASSED] - Object: 'Object Repository/Backoffice/Betting/Match/Create_match/Pop up Add match/input_Close_add_match' is clicked on

2018-10-19 18:10:03 - [TEST_STEP][PASSED] - waitForElementVisible: Object 'Object Repository/Backoffice/Betting/Match/span_Clickmatch' is visible

2018-10-19 18:10:03 - [MESSAGE][PASSED] - Object 'Object Repository/Backoffice/Betting/Match/span_Clickmatch' is visible]]></system-out>
         <system-err><![CDATA[]]></system-err>
      </testcase>
      <testcase name="Test Cases/Staging/Backoffice/Betting/Create_match" classname="Test Cases/Staging/Backoffice/Betting/Create_match" status="PASSED">
         <system-out><![CDATA[2018-10-19 18:10:03 - [TEST_CASE][PASSED] - Test Cases/Staging/Backoffice/Betting/Create_match: Test Cases/Staging/Backoffice/Betting/Create_match

2018-10-19 18:10:03 - [TEST_STEP][PASSED] - focus: Object: 'Object Repository/Backoffice/Betting/Betting_header' is focused

2018-10-19 18:10:03 - [MESSAGE][PASSED] - Object: 'Object Repository/Backoffice/Betting/Betting_header' is focused

2018-10-19 18:10:03 - [TEST_STEP][PASSED] - click: Object: 'Object Repository/Backoffice/Betting/Match_header' is clicked on

2018-10-19 18:10:04 - [MESSAGE][PASSED] - Object: 'Object Repository/Backoffice/Betting/Match_header' is clicked on

2018-10-19 18:10:04 - [TEST_STEP][PASSED] - click: Object: 'Object Repository/Backoffice/Betting/Match/Create_match/button_Create Match' is clicked on

2018-10-19 18:10:04 - [MESSAGE][PASSED] - Object: 'Object Repository/Backoffice/Betting/Match/Create_match/button_Create Match' is clicked on

2018-10-19 18:10:04 - [TEST_STEP][PASSED] - delay: Delayed 2 second(s)

2018-10-19 18:10:06 - [MESSAGE][PASSED] - Delayed 2 second(s)

2018-10-19 18:10:06 - [TEST_STEP][PASSED] - waitForElementVisible: Object 'Object Repository/Backoffice/Betting/Match/Create_match/Pop up Add match/select_arena' is visible

2018-10-19 18:10:06 - [MESSAGE][PASSED] - Object 'Object Repository/Backoffice/Betting/Match/Create_match/Pop up Add match/select_arena' is visible

2018-10-19 18:10:06 - [TEST_STEP][PASSED] - selectOptionByLabel: All options with label 'CVCC3 - 10' are selected in object 'Object Repository/Backoffice/Betting/Match/Create_match/Pop up Add match/select_arena' 

2018-10-19 18:10:06 - [MESSAGE][PASSED] - All options with label 'CVCC3 - 10' are selected in object 'Object Repository/Backoffice/Betting/Match/Create_match/Pop up Add match/select_arena' 

2018-10-19 18:10:06 - [TEST_STEP][PASSED] - sendKeys: Keys '' sent to object: 'Object Repository/Backoffice/Betting/Match/Create_match/Pop up Add match/input_Event Name_match_name'

2018-10-19 18:10:07 - [MESSAGE][PASSED] - Keys '' sent to object: 'Object Repository/Backoffice/Betting/Match/Create_match/Pop up Add match/input_Event Name_match_name'

2018-10-19 18:10:07 - [TEST_STEP][PASSED] - sendKeys: Keys '' sent to object: 'Object Repository/Backoffice/Betting/Match/Create_match/Pop up Add match/input_Profit Margin ()_match_p'

2018-10-19 18:10:07 - [MESSAGE][PASSED] - Keys '' sent to object: 'Object Repository/Backoffice/Betting/Match/Create_match/Pop up Add match/input_Profit Margin ()_match_p'

2018-10-19 18:10:07 - [TEST_STEP][PASSED] - sendKeys: Keys 'testteamA41' sent to object: 'Object Repository/Backoffice/Betting/Match/Create_match/Pop up Add match/input_Name_banker_name'

2018-10-19 18:10:07 - [MESSAGE][PASSED] - Keys 'testteamA41' sent to object: 'Object Repository/Backoffice/Betting/Match/Create_match/Pop up Add match/input_Name_banker_name'

2018-10-19 18:10:07 - [TEST_STEP][PASSED] - sendKeys: Keys 'testteamB41' sent to object: 'Object Repository/Backoffice/Betting/Match/Create_match/Pop up Add match/input_Name_player_name'

2018-10-19 18:10:07 - [MESSAGE][PASSED] - Keys 'testteamB41' sent to object: 'Object Repository/Backoffice/Betting/Match/Create_match/Pop up Add match/input_Name_player_name'

2018-10-19 18:10:07 - [TEST_STEP][PASSED] - delay: Delayed 3 second(s)

2018-10-19 18:10:10 - [MESSAGE][PASSED] - Delayed 3 second(s)

2018-10-19 18:10:10 - [TEST_STEP][PASSED] - click: Object: 'Object Repository/Backoffice/Betting/Match/Create_match/Pop up Add match/input_Close_add_match' is clicked on

2018-10-19 18:10:11 - [MESSAGE][PASSED] - Object: 'Object Repository/Backoffice/Betting/Match/Create_match/Pop up Add match/input_Close_add_match' is clicked on

2018-10-19 18:10:11 - [TEST_STEP][PASSED] - waitForElementVisible: Object 'Object Repository/Backoffice/Betting/Match/span_Clickmatch' is visible

2018-10-19 18:10:11 - [MESSAGE][PASSED] - Object 'Object Repository/Backoffice/Betting/Match/span_Clickmatch' is visible]]></system-out>
         <system-err><![CDATA[]]></system-err>
      </testcase>
      <testcase name="Test Cases/Staging/Backoffice/Betting/Create_match" classname="Test Cases/Staging/Backoffice/Betting/Create_match" status="PASSED">
         <system-out><![CDATA[2018-10-19 18:10:11 - [TEST_CASE][PASSED] - Test Cases/Staging/Backoffice/Betting/Create_match: Test Cases/Staging/Backoffice/Betting/Create_match

2018-10-19 18:10:11 - [TEST_STEP][PASSED] - focus: Object: 'Object Repository/Backoffice/Betting/Betting_header' is focused

2018-10-19 18:10:11 - [MESSAGE][PASSED] - Object: 'Object Repository/Backoffice/Betting/Betting_header' is focused

2018-10-19 18:10:11 - [TEST_STEP][PASSED] - click: Object: 'Object Repository/Backoffice/Betting/Match_header' is clicked on

2018-10-19 18:10:12 - [MESSAGE][PASSED] - Object: 'Object Repository/Backoffice/Betting/Match_header' is clicked on

2018-10-19 18:10:12 - [TEST_STEP][PASSED] - click: Object: 'Object Repository/Backoffice/Betting/Match/Create_match/button_Create Match' is clicked on

2018-10-19 18:10:12 - [MESSAGE][PASSED] - Object: 'Object Repository/Backoffice/Betting/Match/Create_match/button_Create Match' is clicked on

2018-10-19 18:10:12 - [TEST_STEP][PASSED] - delay: Delayed 2 second(s)

2018-10-19 18:10:14 - [MESSAGE][PASSED] - Delayed 2 second(s)

2018-10-19 18:10:14 - [TEST_STEP][PASSED] - waitForElementVisible: Object 'Object Repository/Backoffice/Betting/Match/Create_match/Pop up Add match/select_arena' is visible

2018-10-19 18:10:14 - [MESSAGE][PASSED] - Object 'Object Repository/Backoffice/Betting/Match/Create_match/Pop up Add match/select_arena' is visible

2018-10-19 18:10:14 - [TEST_STEP][PASSED] - selectOptionByLabel: All options with label 'CVCC3 - 10' are selected in object 'Object Repository/Backoffice/Betting/Match/Create_match/Pop up Add match/select_arena' 

2018-10-19 18:10:14 - [MESSAGE][PASSED] - All options with label 'CVCC3 - 10' are selected in object 'Object Repository/Backoffice/Betting/Match/Create_match/Pop up Add match/select_arena' 

2018-10-19 18:10:14 - [TEST_STEP][PASSED] - sendKeys: Keys '' sent to object: 'Object Repository/Backoffice/Betting/Match/Create_match/Pop up Add match/input_Event Name_match_name'

2018-10-19 18:10:14 - [MESSAGE][PASSED] - Keys '' sent to object: 'Object Repository/Backoffice/Betting/Match/Create_match/Pop up Add match/input_Event Name_match_name'

2018-10-19 18:10:14 - [TEST_STEP][PASSED] - sendKeys: Keys '' sent to object: 'Object Repository/Backoffice/Betting/Match/Create_match/Pop up Add match/input_Profit Margin ()_match_p'

2018-10-19 18:10:14 - [MESSAGE][PASSED] - Keys '' sent to object: 'Object Repository/Backoffice/Betting/Match/Create_match/Pop up Add match/input_Profit Margin ()_match_p'

2018-10-19 18:10:14 - [TEST_STEP][PASSED] - sendKeys: Keys 'testteamA42' sent to object: 'Object Repository/Backoffice/Betting/Match/Create_match/Pop up Add match/input_Name_banker_name'

2018-10-19 18:10:14 - [MESSAGE][PASSED] - Keys 'testteamA42' sent to object: 'Object Repository/Backoffice/Betting/Match/Create_match/Pop up Add match/input_Name_banker_name'

2018-10-19 18:10:14 - [TEST_STEP][PASSED] - sendKeys: Keys 'testteamB42' sent to object: 'Object Repository/Backoffice/Betting/Match/Create_match/Pop up Add match/input_Name_player_name'

2018-10-19 18:10:14 - [MESSAGE][PASSED] - Keys 'testteamB42' sent to object: 'Object Repository/Backoffice/Betting/Match/Create_match/Pop up Add match/input_Name_player_name'

2018-10-19 18:10:14 - [TEST_STEP][PASSED] - delay: Delayed 3 second(s)

2018-10-19 18:10:17 - [MESSAGE][PASSED] - Delayed 3 second(s)

2018-10-19 18:10:17 - [TEST_STEP][PASSED] - click: Object: 'Object Repository/Backoffice/Betting/Match/Create_match/Pop up Add match/input_Close_add_match' is clicked on

2018-10-19 18:10:18 - [MESSAGE][PASSED] - Object: 'Object Repository/Backoffice/Betting/Match/Create_match/Pop up Add match/input_Close_add_match' is clicked on

2018-10-19 18:10:18 - [TEST_STEP][PASSED] - waitForElementVisible: Object 'Object Repository/Backoffice/Betting/Match/span_Clickmatch' is visible

2018-10-19 18:10:18 - [MESSAGE][PASSED] - Object 'Object Repository/Backoffice/Betting/Match/span_Clickmatch' is visible]]></system-out>
         <system-err><![CDATA[]]></system-err>
      </testcase>
      <testcase name="Test Cases/Staging/Backoffice/Betting/Create_match" classname="Test Cases/Staging/Backoffice/Betting/Create_match" status="PASSED">
         <system-out><![CDATA[2018-10-19 18:10:18 - [TEST_CASE][PASSED] - Test Cases/Staging/Backoffice/Betting/Create_match: Test Cases/Staging/Backoffice/Betting/Create_match

2018-10-19 18:10:18 - [TEST_STEP][PASSED] - focus: Object: 'Object Repository/Backoffice/Betting/Betting_header' is focused

2018-10-19 18:10:18 - [MESSAGE][PASSED] - Object: 'Object Repository/Backoffice/Betting/Betting_header' is focused

2018-10-19 18:10:18 - [TEST_STEP][PASSED] - click: Object: 'Object Repository/Backoffice/Betting/Match_header' is clicked on

2018-10-19 18:10:19 - [MESSAGE][PASSED] - Object: 'Object Repository/Backoffice/Betting/Match_header' is clicked on

2018-10-19 18:10:19 - [TEST_STEP][PASSED] - click: Object: 'Object Repository/Backoffice/Betting/Match/Create_match/button_Create Match' is clicked on

2018-10-19 18:10:19 - [MESSAGE][PASSED] - Object: 'Object Repository/Backoffice/Betting/Match/Create_match/button_Create Match' is clicked on

2018-10-19 18:10:19 - [TEST_STEP][PASSED] - delay: Delayed 2 second(s)

2018-10-19 18:10:21 - [MESSAGE][PASSED] - Delayed 2 second(s)

2018-10-19 18:10:21 - [TEST_STEP][PASSED] - waitForElementVisible: Object 'Object Repository/Backoffice/Betting/Match/Create_match/Pop up Add match/select_arena' is visible

2018-10-19 18:10:21 - [MESSAGE][PASSED] - Object 'Object Repository/Backoffice/Betting/Match/Create_match/Pop up Add match/select_arena' is visible

2018-10-19 18:10:21 - [TEST_STEP][PASSED] - selectOptionByLabel: All options with label 'CVCC3 - 10' are selected in object 'Object Repository/Backoffice/Betting/Match/Create_match/Pop up Add match/select_arena' 

2018-10-19 18:10:21 - [MESSAGE][PASSED] - All options with label 'CVCC3 - 10' are selected in object 'Object Repository/Backoffice/Betting/Match/Create_match/Pop up Add match/select_arena' 

2018-10-19 18:10:21 - [TEST_STEP][PASSED] - sendKeys: Keys '' sent to object: 'Object Repository/Backoffice/Betting/Match/Create_match/Pop up Add match/input_Event Name_match_name'

2018-10-19 18:10:21 - [MESSAGE][PASSED] - Keys '' sent to object: 'Object Repository/Backoffice/Betting/Match/Create_match/Pop up Add match/input_Event Name_match_name'

2018-10-19 18:10:21 - [TEST_STEP][PASSED] - sendKeys: Keys '' sent to object: 'Object Repository/Backoffice/Betting/Match/Create_match/Pop up Add match/input_Profit Margin ()_match_p'

2018-10-19 18:10:21 - [MESSAGE][PASSED] - Keys '' sent to object: 'Object Repository/Backoffice/Betting/Match/Create_match/Pop up Add match/input_Profit Margin ()_match_p'

2018-10-19 18:10:21 - [TEST_STEP][PASSED] - sendKeys: Keys 'testteamA43' sent to object: 'Object Repository/Backoffice/Betting/Match/Create_match/Pop up Add match/input_Name_banker_name'

2018-10-19 18:10:21 - [MESSAGE][PASSED] - Keys 'testteamA43' sent to object: 'Object Repository/Backoffice/Betting/Match/Create_match/Pop up Add match/input_Name_banker_name'

2018-10-19 18:10:21 - [TEST_STEP][PASSED] - sendKeys: Keys 'testteamB43' sent to object: 'Object Repository/Backoffice/Betting/Match/Create_match/Pop up Add match/input_Name_player_name'

2018-10-19 18:10:22 - [MESSAGE][PASSED] - Keys 'testteamB43' sent to object: 'Object Repository/Backoffice/Betting/Match/Create_match/Pop up Add match/input_Name_player_name'

2018-10-19 18:10:22 - [TEST_STEP][PASSED] - delay: Delayed 3 second(s)

2018-10-19 18:10:25 - [MESSAGE][PASSED] - Delayed 3 second(s)

2018-10-19 18:10:25 - [TEST_STEP][PASSED] - click: Object: 'Object Repository/Backoffice/Betting/Match/Create_match/Pop up Add match/input_Close_add_match' is clicked on

2018-10-19 18:10:25 - [MESSAGE][PASSED] - Object: 'Object Repository/Backoffice/Betting/Match/Create_match/Pop up Add match/input_Close_add_match' is clicked on

2018-10-19 18:10:25 - [TEST_STEP][PASSED] - waitForElementVisible: Object 'Object Repository/Backoffice/Betting/Match/span_Clickmatch' is visible

2018-10-19 18:10:26 - [MESSAGE][PASSED] - Object 'Object Repository/Backoffice/Betting/Match/span_Clickmatch' is visible]]></system-out>
         <system-err><![CDATA[]]></system-err>
      </testcase>
      <testcase name="Test Cases/Staging/Backoffice/Betting/Create_match" classname="Test Cases/Staging/Backoffice/Betting/Create_match" status="PASSED">
         <system-out><![CDATA[2018-10-19 18:10:26 - [TEST_CASE][PASSED] - Test Cases/Staging/Backoffice/Betting/Create_match: Test Cases/Staging/Backoffice/Betting/Create_match

2018-10-19 18:10:26 - [TEST_STEP][PASSED] - focus: Object: 'Object Repository/Backoffice/Betting/Betting_header' is focused

2018-10-19 18:10:26 - [MESSAGE][PASSED] - Object: 'Object Repository/Backoffice/Betting/Betting_header' is focused

2018-10-19 18:10:26 - [TEST_STEP][PASSED] - click: Object: 'Object Repository/Backoffice/Betting/Match_header' is clicked on

2018-10-19 18:10:26 - [MESSAGE][PASSED] - Object: 'Object Repository/Backoffice/Betting/Match_header' is clicked on

2018-10-19 18:10:26 - [TEST_STEP][PASSED] - click: Object: 'Object Repository/Backoffice/Betting/Match/Create_match/button_Create Match' is clicked on

2018-10-19 18:10:27 - [MESSAGE][PASSED] - Object: 'Object Repository/Backoffice/Betting/Match/Create_match/button_Create Match' is clicked on

2018-10-19 18:10:27 - [TEST_STEP][PASSED] - delay: Delayed 2 second(s)

2018-10-19 18:10:29 - [MESSAGE][PASSED] - Delayed 2 second(s)

2018-10-19 18:10:29 - [TEST_STEP][PASSED] - waitForElementVisible: Object 'Object Repository/Backoffice/Betting/Match/Create_match/Pop up Add match/select_arena' is visible

2018-10-19 18:10:29 - [MESSAGE][PASSED] - Object 'Object Repository/Backoffice/Betting/Match/Create_match/Pop up Add match/select_arena' is visible

2018-10-19 18:10:29 - [TEST_STEP][PASSED] - selectOptionByLabel: All options with label 'CVCC3 - 10' are selected in object 'Object Repository/Backoffice/Betting/Match/Create_match/Pop up Add match/select_arena' 

2018-10-19 18:10:29 - [MESSAGE][PASSED] - All options with label 'CVCC3 - 10' are selected in object 'Object Repository/Backoffice/Betting/Match/Create_match/Pop up Add match/select_arena' 

2018-10-19 18:10:29 - [TEST_STEP][PASSED] - sendKeys: Keys '' sent to object: 'Object Repository/Backoffice/Betting/Match/Create_match/Pop up Add match/input_Event Name_match_name'

2018-10-19 18:10:29 - [MESSAGE][PASSED] - Keys '' sent to object: 'Object Repository/Backoffice/Betting/Match/Create_match/Pop up Add match/input_Event Name_match_name'

2018-10-19 18:10:29 - [TEST_STEP][PASSED] - sendKeys: Keys '' sent to object: 'Object Repository/Backoffice/Betting/Match/Create_match/Pop up Add match/input_Profit Margin ()_match_p'

2018-10-19 18:10:29 - [MESSAGE][PASSED] - Keys '' sent to object: 'Object Repository/Backoffice/Betting/Match/Create_match/Pop up Add match/input_Profit Margin ()_match_p'

2018-10-19 18:10:29 - [TEST_STEP][PASSED] - sendKeys: Keys 'testteamA44' sent to object: 'Object Repository/Backoffice/Betting/Match/Create_match/Pop up Add match/input_Name_banker_name'

2018-10-19 18:10:29 - [MESSAGE][PASSED] - Keys 'testteamA44' sent to object: 'Object Repository/Backoffice/Betting/Match/Create_match/Pop up Add match/input_Name_banker_name'

2018-10-19 18:10:29 - [TEST_STEP][PASSED] - sendKeys: Keys 'testteamB44' sent to object: 'Object Repository/Backoffice/Betting/Match/Create_match/Pop up Add match/input_Name_player_name'

2018-10-19 18:10:29 - [MESSAGE][PASSED] - Keys 'testteamB44' sent to object: 'Object Repository/Backoffice/Betting/Match/Create_match/Pop up Add match/input_Name_player_name'

2018-10-19 18:10:29 - [TEST_STEP][PASSED] - delay: Delayed 3 second(s)

2018-10-19 18:10:32 - [MESSAGE][PASSED] - Delayed 3 second(s)

2018-10-19 18:10:32 - [TEST_STEP][PASSED] - click: Object: 'Object Repository/Backoffice/Betting/Match/Create_match/Pop up Add match/input_Close_add_match' is clicked on

2018-10-19 18:10:33 - [MESSAGE][PASSED] - Object: 'Object Repository/Backoffice/Betting/Match/Create_match/Pop up Add match/input_Close_add_match' is clicked on

2018-10-19 18:10:33 - [TEST_STEP][PASSED] - waitForElementVisible: Object 'Object Repository/Backoffice/Betting/Match/span_Clickmatch' is visible

2018-10-19 18:10:33 - [MESSAGE][PASSED] - Object 'Object Repository/Backoffice/Betting/Match/span_Clickmatch' is visible]]></system-out>
         <system-err><![CDATA[]]></system-err>
      </testcase>
      <testcase name="Test Cases/Staging/Backoffice/Betting/Create_match" classname="Test Cases/Staging/Backoffice/Betting/Create_match" status="PASSED">
         <system-out><![CDATA[2018-10-19 18:10:33 - [TEST_CASE][PASSED] - Test Cases/Staging/Backoffice/Betting/Create_match: Test Cases/Staging/Backoffice/Betting/Create_match

2018-10-19 18:10:33 - [TEST_STEP][PASSED] - focus: Object: 'Object Repository/Backoffice/Betting/Betting_header' is focused

2018-10-19 18:10:33 - [MESSAGE][PASSED] - Object: 'Object Repository/Backoffice/Betting/Betting_header' is focused

2018-10-19 18:10:33 - [TEST_STEP][PASSED] - click: Object: 'Object Repository/Backoffice/Betting/Match_header' is clicked on

2018-10-19 18:10:34 - [MESSAGE][PASSED] - Object: 'Object Repository/Backoffice/Betting/Match_header' is clicked on

2018-10-19 18:10:34 - [TEST_STEP][PASSED] - click: Object: 'Object Repository/Backoffice/Betting/Match/Create_match/button_Create Match' is clicked on

2018-10-19 18:10:34 - [MESSAGE][PASSED] - Object: 'Object Repository/Backoffice/Betting/Match/Create_match/button_Create Match' is clicked on

2018-10-19 18:10:34 - [TEST_STEP][PASSED] - delay: Delayed 2 second(s)

2018-10-19 18:10:36 - [MESSAGE][PASSED] - Delayed 2 second(s)

2018-10-19 18:10:36 - [TEST_STEP][PASSED] - waitForElementVisible: Object 'Object Repository/Backoffice/Betting/Match/Create_match/Pop up Add match/select_arena' is visible

2018-10-19 18:10:36 - [MESSAGE][PASSED] - Object 'Object Repository/Backoffice/Betting/Match/Create_match/Pop up Add match/select_arena' is visible

2018-10-19 18:10:36 - [TEST_STEP][PASSED] - selectOptionByLabel: All options with label 'CVCC3 - 10' are selected in object 'Object Repository/Backoffice/Betting/Match/Create_match/Pop up Add match/select_arena' 

2018-10-19 18:10:36 - [MESSAGE][PASSED] - All options with label 'CVCC3 - 10' are selected in object 'Object Repository/Backoffice/Betting/Match/Create_match/Pop up Add match/select_arena' 

2018-10-19 18:10:36 - [TEST_STEP][PASSED] - sendKeys: Keys '' sent to object: 'Object Repository/Backoffice/Betting/Match/Create_match/Pop up Add match/input_Event Name_match_name'

2018-10-19 18:10:36 - [MESSAGE][PASSED] - Keys '' sent to object: 'Object Repository/Backoffice/Betting/Match/Create_match/Pop up Add match/input_Event Name_match_name'

2018-10-19 18:10:36 - [TEST_STEP][PASSED] - sendKeys: Keys '' sent to object: 'Object Repository/Backoffice/Betting/Match/Create_match/Pop up Add match/input_Profit Margin ()_match_p'

2018-10-19 18:10:36 - [MESSAGE][PASSED] - Keys '' sent to object: 'Object Repository/Backoffice/Betting/Match/Create_match/Pop up Add match/input_Profit Margin ()_match_p'

2018-10-19 18:10:36 - [TEST_STEP][PASSED] - sendKeys: Keys 'testteamA45' sent to object: 'Object Repository/Backoffice/Betting/Match/Create_match/Pop up Add match/input_Name_banker_name'

2018-10-19 18:10:36 - [MESSAGE][PASSED] - Keys 'testteamA45' sent to object: 'Object Repository/Backoffice/Betting/Match/Create_match/Pop up Add match/input_Name_banker_name'

2018-10-19 18:10:36 - [TEST_STEP][PASSED] - sendKeys: Keys 'testteamB45' sent to object: 'Object Repository/Backoffice/Betting/Match/Create_match/Pop up Add match/input_Name_player_name'

2018-10-19 18:10:36 - [MESSAGE][PASSED] - Keys 'testteamB45' sent to object: 'Object Repository/Backoffice/Betting/Match/Create_match/Pop up Add match/input_Name_player_name'

2018-10-19 18:10:36 - [TEST_STEP][PASSED] - delay: Delayed 3 second(s)

2018-10-19 18:10:39 - [MESSAGE][PASSED] - Delayed 3 second(s)

2018-10-19 18:10:39 - [TEST_STEP][PASSED] - click: Object: 'Object Repository/Backoffice/Betting/Match/Create_match/Pop up Add match/input_Close_add_match' is clicked on

2018-10-19 18:10:40 - [MESSAGE][PASSED] - Object: 'Object Repository/Backoffice/Betting/Match/Create_match/Pop up Add match/input_Close_add_match' is clicked on

2018-10-19 18:10:40 - [TEST_STEP][PASSED] - waitForElementVisible: Object 'Object Repository/Backoffice/Betting/Match/span_Clickmatch' is visible

2018-10-19 18:10:40 - [MESSAGE][PASSED] - Object 'Object Repository/Backoffice/Betting/Match/span_Clickmatch' is visible]]></system-out>
         <system-err><![CDATA[]]></system-err>
      </testcase>
      <testcase name="Test Cases/Staging/Backoffice/Betting/Create_match" classname="Test Cases/Staging/Backoffice/Betting/Create_match" status="PASSED">
         <system-out><![CDATA[2018-10-19 18:10:40 - [TEST_CASE][PASSED] - Test Cases/Staging/Backoffice/Betting/Create_match: Test Cases/Staging/Backoffice/Betting/Create_match

2018-10-19 18:10:40 - [TEST_STEP][PASSED] - focus: Object: 'Object Repository/Backoffice/Betting/Betting_header' is focused

2018-10-19 18:10:40 - [MESSAGE][PASSED] - Object: 'Object Repository/Backoffice/Betting/Betting_header' is focused

2018-10-19 18:10:40 - [TEST_STEP][PASSED] - click: Object: 'Object Repository/Backoffice/Betting/Match_header' is clicked on

2018-10-19 18:10:41 - [MESSAGE][PASSED] - Object: 'Object Repository/Backoffice/Betting/Match_header' is clicked on

2018-10-19 18:10:41 - [TEST_STEP][PASSED] - click: Object: 'Object Repository/Backoffice/Betting/Match/Create_match/button_Create Match' is clicked on

2018-10-19 18:10:41 - [MESSAGE][PASSED] - Object: 'Object Repository/Backoffice/Betting/Match/Create_match/button_Create Match' is clicked on

2018-10-19 18:10:41 - [TEST_STEP][PASSED] - delay: Delayed 2 second(s)

2018-10-19 18:10:43 - [MESSAGE][PASSED] - Delayed 2 second(s)

2018-10-19 18:10:43 - [TEST_STEP][PASSED] - waitForElementVisible: Object 'Object Repository/Backoffice/Betting/Match/Create_match/Pop up Add match/select_arena' is visible

2018-10-19 18:10:43 - [MESSAGE][PASSED] - Object 'Object Repository/Backoffice/Betting/Match/Create_match/Pop up Add match/select_arena' is visible

2018-10-19 18:10:43 - [TEST_STEP][PASSED] - selectOptionByLabel: All options with label 'CVCC3 - 10' are selected in object 'Object Repository/Backoffice/Betting/Match/Create_match/Pop up Add match/select_arena' 

2018-10-19 18:10:43 - [MESSAGE][PASSED] - All options with label 'CVCC3 - 10' are selected in object 'Object Repository/Backoffice/Betting/Match/Create_match/Pop up Add match/select_arena' 

2018-10-19 18:10:43 - [TEST_STEP][PASSED] - sendKeys: Keys '' sent to object: 'Object Repository/Backoffice/Betting/Match/Create_match/Pop up Add match/input_Event Name_match_name'

2018-10-19 18:10:43 - [MESSAGE][PASSED] - Keys '' sent to object: 'Object Repository/Backoffice/Betting/Match/Create_match/Pop up Add match/input_Event Name_match_name'

2018-10-19 18:10:43 - [TEST_STEP][PASSED] - sendKeys: Keys '' sent to object: 'Object Repository/Backoffice/Betting/Match/Create_match/Pop up Add match/input_Profit Margin ()_match_p'

2018-10-19 18:10:44 - [MESSAGE][PASSED] - Keys '' sent to object: 'Object Repository/Backoffice/Betting/Match/Create_match/Pop up Add match/input_Profit Margin ()_match_p'

2018-10-19 18:10:44 - [TEST_STEP][PASSED] - sendKeys: Keys 'testteamA46' sent to object: 'Object Repository/Backoffice/Betting/Match/Create_match/Pop up Add match/input_Name_banker_name'

2018-10-19 18:10:44 - [MESSAGE][PASSED] - Keys 'testteamA46' sent to object: 'Object Repository/Backoffice/Betting/Match/Create_match/Pop up Add match/input_Name_banker_name'

2018-10-19 18:10:44 - [TEST_STEP][PASSED] - sendKeys: Keys 'testteamB46' sent to object: 'Object Repository/Backoffice/Betting/Match/Create_match/Pop up Add match/input_Name_player_name'

2018-10-19 18:10:44 - [MESSAGE][PASSED] - Keys 'testteamB46' sent to object: 'Object Repository/Backoffice/Betting/Match/Create_match/Pop up Add match/input_Name_player_name'

2018-10-19 18:10:44 - [TEST_STEP][PASSED] - delay: Delayed 3 second(s)

2018-10-19 18:10:47 - [MESSAGE][PASSED] - Delayed 3 second(s)

2018-10-19 18:10:47 - [TEST_STEP][PASSED] - click: Object: 'Object Repository/Backoffice/Betting/Match/Create_match/Pop up Add match/input_Close_add_match' is clicked on

2018-10-19 18:10:48 - [MESSAGE][PASSED] - Object: 'Object Repository/Backoffice/Betting/Match/Create_match/Pop up Add match/input_Close_add_match' is clicked on

2018-10-19 18:10:48 - [TEST_STEP][PASSED] - waitForElementVisible: Object 'Object Repository/Backoffice/Betting/Match/span_Clickmatch' is visible

2018-10-19 18:10:48 - [MESSAGE][PASSED] - Object 'Object Repository/Backoffice/Betting/Match/span_Clickmatch' is visible]]></system-out>
         <system-err><![CDATA[]]></system-err>
      </testcase>
      <testcase name="Test Cases/Staging/Backoffice/Betting/Create_match" classname="Test Cases/Staging/Backoffice/Betting/Create_match" status="PASSED">
         <system-out><![CDATA[2018-10-19 18:10:48 - [TEST_CASE][PASSED] - Test Cases/Staging/Backoffice/Betting/Create_match: Test Cases/Staging/Backoffice/Betting/Create_match

2018-10-19 18:10:48 - [TEST_STEP][PASSED] - focus: Object: 'Object Repository/Backoffice/Betting/Betting_header' is focused

2018-10-19 18:10:48 - [MESSAGE][PASSED] - Object: 'Object Repository/Backoffice/Betting/Betting_header' is focused

2018-10-19 18:10:48 - [TEST_STEP][PASSED] - click: Object: 'Object Repository/Backoffice/Betting/Match_header' is clicked on

2018-10-19 18:10:49 - [MESSAGE][PASSED] - Object: 'Object Repository/Backoffice/Betting/Match_header' is clicked on

2018-10-19 18:10:49 - [TEST_STEP][PASSED] - click: Object: 'Object Repository/Backoffice/Betting/Match/Create_match/button_Create Match' is clicked on

2018-10-19 18:10:49 - [MESSAGE][PASSED] - Object: 'Object Repository/Backoffice/Betting/Match/Create_match/button_Create Match' is clicked on

2018-10-19 18:10:49 - [TEST_STEP][PASSED] - delay: Delayed 2 second(s)

2018-10-19 18:10:51 - [MESSAGE][PASSED] - Delayed 2 second(s)

2018-10-19 18:10:51 - [TEST_STEP][PASSED] - waitForElementVisible: Object 'Object Repository/Backoffice/Betting/Match/Create_match/Pop up Add match/select_arena' is visible

2018-10-19 18:10:51 - [MESSAGE][PASSED] - Object 'Object Repository/Backoffice/Betting/Match/Create_match/Pop up Add match/select_arena' is visible

2018-10-19 18:10:51 - [TEST_STEP][PASSED] - selectOptionByLabel: All options with label 'CVCC3 - 10' are selected in object 'Object Repository/Backoffice/Betting/Match/Create_match/Pop up Add match/select_arena' 

2018-10-19 18:10:51 - [MESSAGE][PASSED] - All options with label 'CVCC3 - 10' are selected in object 'Object Repository/Backoffice/Betting/Match/Create_match/Pop up Add match/select_arena' 

2018-10-19 18:10:51 - [TEST_STEP][PASSED] - sendKeys: Keys '' sent to object: 'Object Repository/Backoffice/Betting/Match/Create_match/Pop up Add match/input_Event Name_match_name'

2018-10-19 18:10:51 - [MESSAGE][PASSED] - Keys '' sent to object: 'Object Repository/Backoffice/Betting/Match/Create_match/Pop up Add match/input_Event Name_match_name'

2018-10-19 18:10:51 - [TEST_STEP][PASSED] - sendKeys: Keys '' sent to object: 'Object Repository/Backoffice/Betting/Match/Create_match/Pop up Add match/input_Profit Margin ()_match_p'

2018-10-19 18:10:51 - [MESSAGE][PASSED] - Keys '' sent to object: 'Object Repository/Backoffice/Betting/Match/Create_match/Pop up Add match/input_Profit Margin ()_match_p'

2018-10-19 18:10:51 - [TEST_STEP][PASSED] - sendKeys: Keys 'testteamA47' sent to object: 'Object Repository/Backoffice/Betting/Match/Create_match/Pop up Add match/input_Name_banker_name'

2018-10-19 18:10:51 - [MESSAGE][PASSED] - Keys 'testteamA47' sent to object: 'Object Repository/Backoffice/Betting/Match/Create_match/Pop up Add match/input_Name_banker_name'

2018-10-19 18:10:51 - [TEST_STEP][PASSED] - sendKeys: Keys 'testteamB47' sent to object: 'Object Repository/Backoffice/Betting/Match/Create_match/Pop up Add match/input_Name_player_name'

2018-10-19 18:10:51 - [MESSAGE][PASSED] - Keys 'testteamB47' sent to object: 'Object Repository/Backoffice/Betting/Match/Create_match/Pop up Add match/input_Name_player_name'

2018-10-19 18:10:51 - [TEST_STEP][PASSED] - delay: Delayed 3 second(s)

2018-10-19 18:10:54 - [MESSAGE][PASSED] - Delayed 3 second(s)

2018-10-19 18:10:54 - [TEST_STEP][PASSED] - click: Object: 'Object Repository/Backoffice/Betting/Match/Create_match/Pop up Add match/input_Close_add_match' is clicked on

2018-10-19 18:10:55 - [MESSAGE][PASSED] - Object: 'Object Repository/Backoffice/Betting/Match/Create_match/Pop up Add match/input_Close_add_match' is clicked on

2018-10-19 18:10:55 - [TEST_STEP][PASSED] - waitForElementVisible: Object 'Object Repository/Backoffice/Betting/Match/span_Clickmatch' is visible

2018-10-19 18:10:55 - [MESSAGE][PASSED] - Object 'Object Repository/Backoffice/Betting/Match/span_Clickmatch' is visible]]></system-out>
         <system-err><![CDATA[]]></system-err>
      </testcase>
      <testcase name="Test Cases/Staging/Backoffice/Betting/Create_match" classname="Test Cases/Staging/Backoffice/Betting/Create_match" status="PASSED">
         <system-out><![CDATA[2018-10-19 18:10:55 - [TEST_CASE][PASSED] - Test Cases/Staging/Backoffice/Betting/Create_match: Test Cases/Staging/Backoffice/Betting/Create_match

2018-10-19 18:10:55 - [TEST_STEP][PASSED] - focus: Object: 'Object Repository/Backoffice/Betting/Betting_header' is focused

2018-10-19 18:10:55 - [MESSAGE][PASSED] - Object: 'Object Repository/Backoffice/Betting/Betting_header' is focused

2018-10-19 18:10:55 - [TEST_STEP][PASSED] - click: Object: 'Object Repository/Backoffice/Betting/Match_header' is clicked on

2018-10-19 18:10:56 - [MESSAGE][PASSED] - Object: 'Object Repository/Backoffice/Betting/Match_header' is clicked on

2018-10-19 18:10:56 - [TEST_STEP][PASSED] - click: Object: 'Object Repository/Backoffice/Betting/Match/Create_match/button_Create Match' is clicked on

2018-10-19 18:10:56 - [MESSAGE][PASSED] - Object: 'Object Repository/Backoffice/Betting/Match/Create_match/button_Create Match' is clicked on

2018-10-19 18:10:56 - [TEST_STEP][PASSED] - delay: Delayed 2 second(s)

2018-10-19 18:10:58 - [MESSAGE][PASSED] - Delayed 2 second(s)

2018-10-19 18:10:58 - [TEST_STEP][PASSED] - waitForElementVisible: Object 'Object Repository/Backoffice/Betting/Match/Create_match/Pop up Add match/select_arena' is visible

2018-10-19 18:10:58 - [MESSAGE][PASSED] - Object 'Object Repository/Backoffice/Betting/Match/Create_match/Pop up Add match/select_arena' is visible

2018-10-19 18:10:58 - [TEST_STEP][PASSED] - selectOptionByLabel: All options with label 'CVCC3 - 10' are selected in object 'Object Repository/Backoffice/Betting/Match/Create_match/Pop up Add match/select_arena' 

2018-10-19 18:10:58 - [MESSAGE][PASSED] - All options with label 'CVCC3 - 10' are selected in object 'Object Repository/Backoffice/Betting/Match/Create_match/Pop up Add match/select_arena' 

2018-10-19 18:10:58 - [TEST_STEP][PASSED] - sendKeys: Keys '' sent to object: 'Object Repository/Backoffice/Betting/Match/Create_match/Pop up Add match/input_Event Name_match_name'

2018-10-19 18:10:58 - [MESSAGE][PASSED] - Keys '' sent to object: 'Object Repository/Backoffice/Betting/Match/Create_match/Pop up Add match/input_Event Name_match_name'

2018-10-19 18:10:58 - [TEST_STEP][PASSED] - sendKeys: Keys '' sent to object: 'Object Repository/Backoffice/Betting/Match/Create_match/Pop up Add match/input_Profit Margin ()_match_p'

2018-10-19 18:10:58 - [MESSAGE][PASSED] - Keys '' sent to object: 'Object Repository/Backoffice/Betting/Match/Create_match/Pop up Add match/input_Profit Margin ()_match_p'

2018-10-19 18:10:58 - [TEST_STEP][PASSED] - sendKeys: Keys 'testteamA48' sent to object: 'Object Repository/Backoffice/Betting/Match/Create_match/Pop up Add match/input_Name_banker_name'

2018-10-19 18:10:58 - [MESSAGE][PASSED] - Keys 'testteamA48' sent to object: 'Object Repository/Backoffice/Betting/Match/Create_match/Pop up Add match/input_Name_banker_name'

2018-10-19 18:10:58 - [TEST_STEP][PASSED] - sendKeys: Keys 'testteamB48' sent to object: 'Object Repository/Backoffice/Betting/Match/Create_match/Pop up Add match/input_Name_player_name'

2018-10-19 18:10:58 - [MESSAGE][PASSED] - Keys 'testteamB48' sent to object: 'Object Repository/Backoffice/Betting/Match/Create_match/Pop up Add match/input_Name_player_name'

2018-10-19 18:10:58 - [TEST_STEP][PASSED] - delay: Delayed 3 second(s)

2018-10-19 18:11:01 - [MESSAGE][PASSED] - Delayed 3 second(s)

2018-10-19 18:11:01 - [TEST_STEP][PASSED] - click: Object: 'Object Repository/Backoffice/Betting/Match/Create_match/Pop up Add match/input_Close_add_match' is clicked on

2018-10-19 18:11:02 - [MESSAGE][PASSED] - Object: 'Object Repository/Backoffice/Betting/Match/Create_match/Pop up Add match/input_Close_add_match' is clicked on

2018-10-19 18:11:02 - [TEST_STEP][PASSED] - waitForElementVisible: Object 'Object Repository/Backoffice/Betting/Match/span_Clickmatch' is visible

2018-10-19 18:11:03 - [MESSAGE][PASSED] - Object 'Object Repository/Backoffice/Betting/Match/span_Clickmatch' is visible]]></system-out>
         <system-err><![CDATA[]]></system-err>
      </testcase>
      <testcase name="Test Cases/Staging/Backoffice/Betting/Create_match" classname="Test Cases/Staging/Backoffice/Betting/Create_match" status="PASSED">
         <system-out><![CDATA[2018-10-19 18:11:03 - [TEST_CASE][PASSED] - Test Cases/Staging/Backoffice/Betting/Create_match: Test Cases/Staging/Backoffice/Betting/Create_match

2018-10-19 18:11:03 - [TEST_STEP][PASSED] - focus: Object: 'Object Repository/Backoffice/Betting/Betting_header' is focused

2018-10-19 18:11:03 - [MESSAGE][PASSED] - Object: 'Object Repository/Backoffice/Betting/Betting_header' is focused

2018-10-19 18:11:03 - [TEST_STEP][PASSED] - click: Object: 'Object Repository/Backoffice/Betting/Match_header' is clicked on

2018-10-19 18:11:03 - [MESSAGE][PASSED] - Object: 'Object Repository/Backoffice/Betting/Match_header' is clicked on

2018-10-19 18:11:03 - [TEST_STEP][PASSED] - click: Object: 'Object Repository/Backoffice/Betting/Match/Create_match/button_Create Match' is clicked on

2018-10-19 18:11:03 - [MESSAGE][PASSED] - Object: 'Object Repository/Backoffice/Betting/Match/Create_match/button_Create Match' is clicked on

2018-10-19 18:11:03 - [TEST_STEP][PASSED] - delay: Delayed 2 second(s)

2018-10-19 18:11:05 - [MESSAGE][PASSED] - Delayed 2 second(s)

2018-10-19 18:11:05 - [TEST_STEP][PASSED] - waitForElementVisible: Object 'Object Repository/Backoffice/Betting/Match/Create_match/Pop up Add match/select_arena' is visible

2018-10-19 18:11:05 - [MESSAGE][PASSED] - Object 'Object Repository/Backoffice/Betting/Match/Create_match/Pop up Add match/select_arena' is visible

2018-10-19 18:11:05 - [TEST_STEP][PASSED] - selectOptionByLabel: All options with label 'CVCC3 - 10' are selected in object 'Object Repository/Backoffice/Betting/Match/Create_match/Pop up Add match/select_arena' 

2018-10-19 18:11:06 - [MESSAGE][PASSED] - All options with label 'CVCC3 - 10' are selected in object 'Object Repository/Backoffice/Betting/Match/Create_match/Pop up Add match/select_arena' 

2018-10-19 18:11:06 - [TEST_STEP][PASSED] - sendKeys: Keys '' sent to object: 'Object Repository/Backoffice/Betting/Match/Create_match/Pop up Add match/input_Event Name_match_name'

2018-10-19 18:11:06 - [MESSAGE][PASSED] - Keys '' sent to object: 'Object Repository/Backoffice/Betting/Match/Create_match/Pop up Add match/input_Event Name_match_name'

2018-10-19 18:11:06 - [TEST_STEP][PASSED] - sendKeys: Keys '' sent to object: 'Object Repository/Backoffice/Betting/Match/Create_match/Pop up Add match/input_Profit Margin ()_match_p'

2018-10-19 18:11:06 - [MESSAGE][PASSED] - Keys '' sent to object: 'Object Repository/Backoffice/Betting/Match/Create_match/Pop up Add match/input_Profit Margin ()_match_p'

2018-10-19 18:11:06 - [TEST_STEP][PASSED] - sendKeys: Keys 'testteamA49' sent to object: 'Object Repository/Backoffice/Betting/Match/Create_match/Pop up Add match/input_Name_banker_name'

2018-10-19 18:11:06 - [MESSAGE][PASSED] - Keys 'testteamA49' sent to object: 'Object Repository/Backoffice/Betting/Match/Create_match/Pop up Add match/input_Name_banker_name'

2018-10-19 18:11:06 - [TEST_STEP][PASSED] - sendKeys: Keys 'testteamB49' sent to object: 'Object Repository/Backoffice/Betting/Match/Create_match/Pop up Add match/input_Name_player_name'

2018-10-19 18:11:06 - [MESSAGE][PASSED] - Keys 'testteamB49' sent to object: 'Object Repository/Backoffice/Betting/Match/Create_match/Pop up Add match/input_Name_player_name'

2018-10-19 18:11:06 - [TEST_STEP][PASSED] - delay: Delayed 3 second(s)

2018-10-19 18:11:09 - [MESSAGE][PASSED] - Delayed 3 second(s)

2018-10-19 18:11:09 - [TEST_STEP][PASSED] - click: Object: 'Object Repository/Backoffice/Betting/Match/Create_match/Pop up Add match/input_Close_add_match' is clicked on

2018-10-19 18:11:10 - [MESSAGE][PASSED] - Object: 'Object Repository/Backoffice/Betting/Match/Create_match/Pop up Add match/input_Close_add_match' is clicked on

2018-10-19 18:11:10 - [TEST_STEP][PASSED] - waitForElementVisible: Object 'Object Repository/Backoffice/Betting/Match/span_Clickmatch' is visible

2018-10-19 18:11:10 - [MESSAGE][PASSED] - Object 'Object Repository/Backoffice/Betting/Match/span_Clickmatch' is visible]]></system-out>
         <system-err><![CDATA[]]></system-err>
      </testcase>
      <testcase name="Test Cases/Staging/Backoffice/Betting/Create_match" classname="Test Cases/Staging/Backoffice/Betting/Create_match" status="PASSED">
         <system-out><![CDATA[2018-10-19 18:11:10 - [TEST_CASE][PASSED] - Test Cases/Staging/Backoffice/Betting/Create_match: Test Cases/Staging/Backoffice/Betting/Create_match

2018-10-19 18:11:10 - [TEST_STEP][PASSED] - focus: Object: 'Object Repository/Backoffice/Betting/Betting_header' is focused

2018-10-19 18:11:10 - [MESSAGE][PASSED] - Object: 'Object Repository/Backoffice/Betting/Betting_header' is focused

2018-10-19 18:11:10 - [TEST_STEP][PASSED] - click: Object: 'Object Repository/Backoffice/Betting/Match_header' is clicked on

2018-10-19 18:11:11 - [MESSAGE][PASSED] - Object: 'Object Repository/Backoffice/Betting/Match_header' is clicked on

2018-10-19 18:11:11 - [TEST_STEP][PASSED] - click: Object: 'Object Repository/Backoffice/Betting/Match/Create_match/button_Create Match' is clicked on

2018-10-19 18:11:11 - [MESSAGE][PASSED] - Object: 'Object Repository/Backoffice/Betting/Match/Create_match/button_Create Match' is clicked on

2018-10-19 18:11:11 - [TEST_STEP][PASSED] - delay: Delayed 2 second(s)

2018-10-19 18:11:13 - [MESSAGE][PASSED] - Delayed 2 second(s)

2018-10-19 18:11:13 - [TEST_STEP][PASSED] - waitForElementVisible: Object 'Object Repository/Backoffice/Betting/Match/Create_match/Pop up Add match/select_arena' is visible

2018-10-19 18:11:13 - [MESSAGE][PASSED] - Object 'Object Repository/Backoffice/Betting/Match/Create_match/Pop up Add match/select_arena' is visible

2018-10-19 18:11:13 - [TEST_STEP][PASSED] - selectOptionByLabel: All options with label 'CVCC3 - 10' are selected in object 'Object Repository/Backoffice/Betting/Match/Create_match/Pop up Add match/select_arena' 

2018-10-19 18:11:13 - [MESSAGE][PASSED] - All options with label 'CVCC3 - 10' are selected in object 'Object Repository/Backoffice/Betting/Match/Create_match/Pop up Add match/select_arena' 

2018-10-19 18:11:13 - [TEST_STEP][PASSED] - sendKeys: Keys '' sent to object: 'Object Repository/Backoffice/Betting/Match/Create_match/Pop up Add match/input_Event Name_match_name'

2018-10-19 18:11:13 - [MESSAGE][PASSED] - Keys '' sent to object: 'Object Repository/Backoffice/Betting/Match/Create_match/Pop up Add match/input_Event Name_match_name'

2018-10-19 18:11:13 - [TEST_STEP][PASSED] - sendKeys: Keys '' sent to object: 'Object Repository/Backoffice/Betting/Match/Create_match/Pop up Add match/input_Profit Margin ()_match_p'

2018-10-19 18:11:13 - [MESSAGE][PASSED] - Keys '' sent to object: 'Object Repository/Backoffice/Betting/Match/Create_match/Pop up Add match/input_Profit Margin ()_match_p'

2018-10-19 18:11:13 - [TEST_STEP][PASSED] - sendKeys: Keys 'testteamA50' sent to object: 'Object Repository/Backoffice/Betting/Match/Create_match/Pop up Add match/input_Name_banker_name'

2018-10-19 18:11:13 - [MESSAGE][PASSED] - Keys 'testteamA50' sent to object: 'Object Repository/Backoffice/Betting/Match/Create_match/Pop up Add match/input_Name_banker_name'

2018-10-19 18:11:13 - [TEST_STEP][PASSED] - sendKeys: Keys 'testteamB50' sent to object: 'Object Repository/Backoffice/Betting/Match/Create_match/Pop up Add match/input_Name_player_name'

2018-10-19 18:11:13 - [MESSAGE][PASSED] - Keys 'testteamB50' sent to object: 'Object Repository/Backoffice/Betting/Match/Create_match/Pop up Add match/input_Name_player_name'

2018-10-19 18:11:13 - [TEST_STEP][PASSED] - delay: Delayed 3 second(s)

2018-10-19 18:11:16 - [MESSAGE][PASSED] - Delayed 3 second(s)

2018-10-19 18:11:16 - [TEST_STEP][PASSED] - click: Object: 'Object Repository/Backoffice/Betting/Match/Create_match/Pop up Add match/input_Close_add_match' is clicked on

2018-10-19 18:11:17 - [MESSAGE][PASSED] - Object: 'Object Repository/Backoffice/Betting/Match/Create_match/Pop up Add match/input_Close_add_match' is clicked on

2018-10-19 18:11:17 - [TEST_STEP][PASSED] - waitForElementVisible: Object 'Object Repository/Backoffice/Betting/Match/span_Clickmatch' is visible

2018-10-19 18:11:17 - [MESSAGE][PASSED] - Object 'Object Repository/Backoffice/Betting/Match/span_Clickmatch' is visible]]></system-out>
         <system-err><![CDATA[]]></system-err>
      </testcase>
      <testcase name="Test Cases/Staging/Backoffice/Betting/Create_match" classname="Test Cases/Staging/Backoffice/Betting/Create_match" status="PASSED">
         <system-out><![CDATA[2018-10-19 18:11:17 - [TEST_CASE][PASSED] - Test Cases/Staging/Backoffice/Betting/Create_match: Test Cases/Staging/Backoffice/Betting/Create_match

2018-10-19 18:11:17 - [TEST_STEP][PASSED] - focus: Object: 'Object Repository/Backoffice/Betting/Betting_header' is focused

2018-10-19 18:11:17 - [MESSAGE][PASSED] - Object: 'Object Repository/Backoffice/Betting/Betting_header' is focused

2018-10-19 18:11:17 - [TEST_STEP][PASSED] - click: Object: 'Object Repository/Backoffice/Betting/Match_header' is clicked on

2018-10-19 18:11:18 - [MESSAGE][PASSED] - Object: 'Object Repository/Backoffice/Betting/Match_header' is clicked on

2018-10-19 18:11:18 - [TEST_STEP][PASSED] - click: Object: 'Object Repository/Backoffice/Betting/Match/Create_match/button_Create Match' is clicked on

2018-10-19 18:11:18 - [MESSAGE][PASSED] - Object: 'Object Repository/Backoffice/Betting/Match/Create_match/button_Create Match' is clicked on

2018-10-19 18:11:18 - [TEST_STEP][PASSED] - delay: Delayed 2 second(s)

2018-10-19 18:11:20 - [MESSAGE][PASSED] - Delayed 2 second(s)

2018-10-19 18:11:20 - [TEST_STEP][PASSED] - waitForElementVisible: Object 'Object Repository/Backoffice/Betting/Match/Create_match/Pop up Add match/select_arena' is visible

2018-10-19 18:11:20 - [MESSAGE][PASSED] - Object 'Object Repository/Backoffice/Betting/Match/Create_match/Pop up Add match/select_arena' is visible

2018-10-19 18:11:20 - [TEST_STEP][PASSED] - selectOptionByLabel: All options with label 'CVCC3 - 10' are selected in object 'Object Repository/Backoffice/Betting/Match/Create_match/Pop up Add match/select_arena' 

2018-10-19 18:11:20 - [MESSAGE][PASSED] - All options with label 'CVCC3 - 10' are selected in object 'Object Repository/Backoffice/Betting/Match/Create_match/Pop up Add match/select_arena' 

2018-10-19 18:11:20 - [TEST_STEP][PASSED] - sendKeys: Keys '' sent to object: 'Object Repository/Backoffice/Betting/Match/Create_match/Pop up Add match/input_Event Name_match_name'

2018-10-19 18:11:20 - [MESSAGE][PASSED] - Keys '' sent to object: 'Object Repository/Backoffice/Betting/Match/Create_match/Pop up Add match/input_Event Name_match_name'

2018-10-19 18:11:20 - [TEST_STEP][PASSED] - sendKeys: Keys '' sent to object: 'Object Repository/Backoffice/Betting/Match/Create_match/Pop up Add match/input_Profit Margin ()_match_p'

2018-10-19 18:11:20 - [MESSAGE][PASSED] - Keys '' sent to object: 'Object Repository/Backoffice/Betting/Match/Create_match/Pop up Add match/input_Profit Margin ()_match_p'

2018-10-19 18:11:20 - [TEST_STEP][PASSED] - sendKeys: Keys 'testteamA51' sent to object: 'Object Repository/Backoffice/Betting/Match/Create_match/Pop up Add match/input_Name_banker_name'

2018-10-19 18:11:20 - [MESSAGE][PASSED] - Keys 'testteamA51' sent to object: 'Object Repository/Backoffice/Betting/Match/Create_match/Pop up Add match/input_Name_banker_name'

2018-10-19 18:11:20 - [TEST_STEP][PASSED] - sendKeys: Keys 'testteamB51' sent to object: 'Object Repository/Backoffice/Betting/Match/Create_match/Pop up Add match/input_Name_player_name'

2018-10-19 18:11:21 - [MESSAGE][PASSED] - Keys 'testteamB51' sent to object: 'Object Repository/Backoffice/Betting/Match/Create_match/Pop up Add match/input_Name_player_name'

2018-10-19 18:11:21 - [TEST_STEP][PASSED] - delay: Delayed 3 second(s)

2018-10-19 18:11:24 - [MESSAGE][PASSED] - Delayed 3 second(s)

2018-10-19 18:11:24 - [TEST_STEP][PASSED] - click: Object: 'Object Repository/Backoffice/Betting/Match/Create_match/Pop up Add match/input_Close_add_match' is clicked on

2018-10-19 18:11:25 - [MESSAGE][PASSED] - Object: 'Object Repository/Backoffice/Betting/Match/Create_match/Pop up Add match/input_Close_add_match' is clicked on

2018-10-19 18:11:25 - [TEST_STEP][PASSED] - waitForElementVisible: Object 'Object Repository/Backoffice/Betting/Match/span_Clickmatch' is visible

2018-10-19 18:11:25 - [MESSAGE][PASSED] - Object 'Object Repository/Backoffice/Betting/Match/span_Clickmatch' is visible]]></system-out>
         <system-err><![CDATA[]]></system-err>
      </testcase>
      <testcase name="Test Cases/Staging/Backoffice/Betting/Create_match" classname="Test Cases/Staging/Backoffice/Betting/Create_match" status="PASSED">
         <system-out><![CDATA[2018-10-19 18:11:25 - [TEST_CASE][PASSED] - Test Cases/Staging/Backoffice/Betting/Create_match: Test Cases/Staging/Backoffice/Betting/Create_match

2018-10-19 18:11:25 - [TEST_STEP][PASSED] - focus: Object: 'Object Repository/Backoffice/Betting/Betting_header' is focused

2018-10-19 18:11:25 - [MESSAGE][PASSED] - Object: 'Object Repository/Backoffice/Betting/Betting_header' is focused

2018-10-19 18:11:25 - [TEST_STEP][PASSED] - click: Object: 'Object Repository/Backoffice/Betting/Match_header' is clicked on

2018-10-19 18:11:25 - [MESSAGE][PASSED] - Object: 'Object Repository/Backoffice/Betting/Match_header' is clicked on

2018-10-19 18:11:25 - [TEST_STEP][PASSED] - click: Object: 'Object Repository/Backoffice/Betting/Match/Create_match/button_Create Match' is clicked on

2018-10-19 18:11:26 - [MESSAGE][PASSED] - Object: 'Object Repository/Backoffice/Betting/Match/Create_match/button_Create Match' is clicked on

2018-10-19 18:11:26 - [TEST_STEP][PASSED] - delay: Delayed 2 second(s)

2018-10-19 18:11:28 - [MESSAGE][PASSED] - Delayed 2 second(s)

2018-10-19 18:11:28 - [TEST_STEP][PASSED] - waitForElementVisible: Object 'Object Repository/Backoffice/Betting/Match/Create_match/Pop up Add match/select_arena' is visible

2018-10-19 18:11:28 - [MESSAGE][PASSED] - Object 'Object Repository/Backoffice/Betting/Match/Create_match/Pop up Add match/select_arena' is visible

2018-10-19 18:11:28 - [TEST_STEP][PASSED] - selectOptionByLabel: All options with label 'CVCC3 - 10' are selected in object 'Object Repository/Backoffice/Betting/Match/Create_match/Pop up Add match/select_arena' 

2018-10-19 18:11:28 - [MESSAGE][PASSED] - All options with label 'CVCC3 - 10' are selected in object 'Object Repository/Backoffice/Betting/Match/Create_match/Pop up Add match/select_arena' 

2018-10-19 18:11:28 - [TEST_STEP][PASSED] - sendKeys: Keys '' sent to object: 'Object Repository/Backoffice/Betting/Match/Create_match/Pop up Add match/input_Event Name_match_name'

2018-10-19 18:11:28 - [MESSAGE][PASSED] - Keys '' sent to object: 'Object Repository/Backoffice/Betting/Match/Create_match/Pop up Add match/input_Event Name_match_name'

2018-10-19 18:11:28 - [TEST_STEP][PASSED] - sendKeys: Keys '' sent to object: 'Object Repository/Backoffice/Betting/Match/Create_match/Pop up Add match/input_Profit Margin ()_match_p'

2018-10-19 18:11:28 - [MESSAGE][PASSED] - Keys '' sent to object: 'Object Repository/Backoffice/Betting/Match/Create_match/Pop up Add match/input_Profit Margin ()_match_p'

2018-10-19 18:11:28 - [TEST_STEP][PASSED] - sendKeys: Keys 'testteamA52' sent to object: 'Object Repository/Backoffice/Betting/Match/Create_match/Pop up Add match/input_Name_banker_name'

2018-10-19 18:11:28 - [MESSAGE][PASSED] - Keys 'testteamA52' sent to object: 'Object Repository/Backoffice/Betting/Match/Create_match/Pop up Add match/input_Name_banker_name'

2018-10-19 18:11:28 - [TEST_STEP][PASSED] - sendKeys: Keys 'testteamB52' sent to object: 'Object Repository/Backoffice/Betting/Match/Create_match/Pop up Add match/input_Name_player_name'

2018-10-19 18:11:28 - [MESSAGE][PASSED] - Keys 'testteamB52' sent to object: 'Object Repository/Backoffice/Betting/Match/Create_match/Pop up Add match/input_Name_player_name'

2018-10-19 18:11:28 - [TEST_STEP][PASSED] - delay: Delayed 3 second(s)

2018-10-19 18:11:31 - [MESSAGE][PASSED] - Delayed 3 second(s)

2018-10-19 18:11:31 - [TEST_STEP][PASSED] - click: Object: 'Object Repository/Backoffice/Betting/Match/Create_match/Pop up Add match/input_Close_add_match' is clicked on

2018-10-19 18:11:32 - [MESSAGE][PASSED] - Object: 'Object Repository/Backoffice/Betting/Match/Create_match/Pop up Add match/input_Close_add_match' is clicked on

2018-10-19 18:11:32 - [TEST_STEP][PASSED] - waitForElementVisible: Object 'Object Repository/Backoffice/Betting/Match/span_Clickmatch' is visible

2018-10-19 18:11:32 - [MESSAGE][PASSED] - Object 'Object Repository/Backoffice/Betting/Match/span_Clickmatch' is visible]]></system-out>
         <system-err><![CDATA[]]></system-err>
      </testcase>
      <testcase name="Test Cases/Staging/Backoffice/Betting/Create_match" classname="Test Cases/Staging/Backoffice/Betting/Create_match" status="PASSED">
         <system-out><![CDATA[2018-10-19 18:11:32 - [TEST_CASE][PASSED] - Test Cases/Staging/Backoffice/Betting/Create_match: Test Cases/Staging/Backoffice/Betting/Create_match

2018-10-19 18:11:32 - [TEST_STEP][PASSED] - focus: Object: 'Object Repository/Backoffice/Betting/Betting_header' is focused

2018-10-19 18:11:32 - [MESSAGE][PASSED] - Object: 'Object Repository/Backoffice/Betting/Betting_header' is focused

2018-10-19 18:11:32 - [TEST_STEP][PASSED] - click: Object: 'Object Repository/Backoffice/Betting/Match_header' is clicked on

2018-10-19 18:11:33 - [MESSAGE][PASSED] - Object: 'Object Repository/Backoffice/Betting/Match_header' is clicked on

2018-10-19 18:11:33 - [TEST_STEP][PASSED] - click: Object: 'Object Repository/Backoffice/Betting/Match/Create_match/button_Create Match' is clicked on

2018-10-19 18:11:33 - [MESSAGE][PASSED] - Object: 'Object Repository/Backoffice/Betting/Match/Create_match/button_Create Match' is clicked on

2018-10-19 18:11:33 - [TEST_STEP][PASSED] - delay: Delayed 2 second(s)

2018-10-19 18:11:35 - [MESSAGE][PASSED] - Delayed 2 second(s)

2018-10-19 18:11:35 - [TEST_STEP][PASSED] - waitForElementVisible: Object 'Object Repository/Backoffice/Betting/Match/Create_match/Pop up Add match/select_arena' is visible

2018-10-19 18:11:35 - [MESSAGE][PASSED] - Object 'Object Repository/Backoffice/Betting/Match/Create_match/Pop up Add match/select_arena' is visible

2018-10-19 18:11:35 - [TEST_STEP][PASSED] - selectOptionByLabel: All options with label 'CVCC3 - 10' are selected in object 'Object Repository/Backoffice/Betting/Match/Create_match/Pop up Add match/select_arena' 

2018-10-19 18:11:35 - [MESSAGE][PASSED] - All options with label 'CVCC3 - 10' are selected in object 'Object Repository/Backoffice/Betting/Match/Create_match/Pop up Add match/select_arena' 

2018-10-19 18:11:35 - [TEST_STEP][PASSED] - sendKeys: Keys '' sent to object: 'Object Repository/Backoffice/Betting/Match/Create_match/Pop up Add match/input_Event Name_match_name'

2018-10-19 18:11:35 - [MESSAGE][PASSED] - Keys '' sent to object: 'Object Repository/Backoffice/Betting/Match/Create_match/Pop up Add match/input_Event Name_match_name'

2018-10-19 18:11:35 - [TEST_STEP][PASSED] - sendKeys: Keys '' sent to object: 'Object Repository/Backoffice/Betting/Match/Create_match/Pop up Add match/input_Profit Margin ()_match_p'

2018-10-19 18:11:35 - [MESSAGE][PASSED] - Keys '' sent to object: 'Object Repository/Backoffice/Betting/Match/Create_match/Pop up Add match/input_Profit Margin ()_match_p'

2018-10-19 18:11:35 - [TEST_STEP][PASSED] - sendKeys: Keys 'testteamA53' sent to object: 'Object Repository/Backoffice/Betting/Match/Create_match/Pop up Add match/input_Name_banker_name'

2018-10-19 18:11:35 - [MESSAGE][PASSED] - Keys 'testteamA53' sent to object: 'Object Repository/Backoffice/Betting/Match/Create_match/Pop up Add match/input_Name_banker_name'

2018-10-19 18:11:35 - [TEST_STEP][PASSED] - sendKeys: Keys 'testteamB53' sent to object: 'Object Repository/Backoffice/Betting/Match/Create_match/Pop up Add match/input_Name_player_name'

2018-10-19 18:11:35 - [MESSAGE][PASSED] - Keys 'testteamB53' sent to object: 'Object Repository/Backoffice/Betting/Match/Create_match/Pop up Add match/input_Name_player_name'

2018-10-19 18:11:35 - [TEST_STEP][PASSED] - delay: Delayed 3 second(s)

2018-10-19 18:11:38 - [MESSAGE][PASSED] - Delayed 3 second(s)

2018-10-19 18:11:38 - [TEST_STEP][PASSED] - click: Object: 'Object Repository/Backoffice/Betting/Match/Create_match/Pop up Add match/input_Close_add_match' is clicked on

2018-10-19 18:11:39 - [MESSAGE][PASSED] - Object: 'Object Repository/Backoffice/Betting/Match/Create_match/Pop up Add match/input_Close_add_match' is clicked on

2018-10-19 18:11:39 - [TEST_STEP][PASSED] - waitForElementVisible: Object 'Object Repository/Backoffice/Betting/Match/span_Clickmatch' is visible

2018-10-19 18:11:39 - [MESSAGE][PASSED] - Object 'Object Repository/Backoffice/Betting/Match/span_Clickmatch' is visible]]></system-out>
         <system-err><![CDATA[]]></system-err>
      </testcase>
      <testcase name="Test Cases/Staging/Backoffice/Betting/Create_match" classname="Test Cases/Staging/Backoffice/Betting/Create_match" status="PASSED">
         <system-out><![CDATA[2018-10-19 18:11:39 - [TEST_CASE][PASSED] - Test Cases/Staging/Backoffice/Betting/Create_match: Test Cases/Staging/Backoffice/Betting/Create_match

2018-10-19 18:11:39 - [TEST_STEP][PASSED] - focus: Object: 'Object Repository/Backoffice/Betting/Betting_header' is focused

2018-10-19 18:11:39 - [MESSAGE][PASSED] - Object: 'Object Repository/Backoffice/Betting/Betting_header' is focused

2018-10-19 18:11:39 - [TEST_STEP][PASSED] - click: Object: 'Object Repository/Backoffice/Betting/Match_header' is clicked on

2018-10-19 18:11:40 - [MESSAGE][PASSED] - Object: 'Object Repository/Backoffice/Betting/Match_header' is clicked on

2018-10-19 18:11:40 - [TEST_STEP][PASSED] - click: Object: 'Object Repository/Backoffice/Betting/Match/Create_match/button_Create Match' is clicked on

2018-10-19 18:11:40 - [MESSAGE][PASSED] - Object: 'Object Repository/Backoffice/Betting/Match/Create_match/button_Create Match' is clicked on

2018-10-19 18:11:40 - [TEST_STEP][PASSED] - delay: Delayed 2 second(s)

2018-10-19 18:11:42 - [MESSAGE][PASSED] - Delayed 2 second(s)

2018-10-19 18:11:42 - [TEST_STEP][PASSED] - waitForElementVisible: Object 'Object Repository/Backoffice/Betting/Match/Create_match/Pop up Add match/select_arena' is visible

2018-10-19 18:11:42 - [MESSAGE][PASSED] - Object 'Object Repository/Backoffice/Betting/Match/Create_match/Pop up Add match/select_arena' is visible

2018-10-19 18:11:42 - [TEST_STEP][PASSED] - selectOptionByLabel: All options with label 'CVCC3 - 10' are selected in object 'Object Repository/Backoffice/Betting/Match/Create_match/Pop up Add match/select_arena' 

2018-10-19 18:11:42 - [MESSAGE][PASSED] - All options with label 'CVCC3 - 10' are selected in object 'Object Repository/Backoffice/Betting/Match/Create_match/Pop up Add match/select_arena' 

2018-10-19 18:11:42 - [TEST_STEP][PASSED] - sendKeys: Keys '' sent to object: 'Object Repository/Backoffice/Betting/Match/Create_match/Pop up Add match/input_Event Name_match_name'

2018-10-19 18:11:42 - [MESSAGE][PASSED] - Keys '' sent to object: 'Object Repository/Backoffice/Betting/Match/Create_match/Pop up Add match/input_Event Name_match_name'

2018-10-19 18:11:42 - [TEST_STEP][PASSED] - sendKeys: Keys '' sent to object: 'Object Repository/Backoffice/Betting/Match/Create_match/Pop up Add match/input_Profit Margin ()_match_p'

2018-10-19 18:11:43 - [MESSAGE][PASSED] - Keys '' sent to object: 'Object Repository/Backoffice/Betting/Match/Create_match/Pop up Add match/input_Profit Margin ()_match_p'

2018-10-19 18:11:43 - [TEST_STEP][PASSED] - sendKeys: Keys 'testteamA54' sent to object: 'Object Repository/Backoffice/Betting/Match/Create_match/Pop up Add match/input_Name_banker_name'

2018-10-19 18:11:43 - [MESSAGE][PASSED] - Keys 'testteamA54' sent to object: 'Object Repository/Backoffice/Betting/Match/Create_match/Pop up Add match/input_Name_banker_name'

2018-10-19 18:11:43 - [TEST_STEP][PASSED] - sendKeys: Keys 'testteamB54' sent to object: 'Object Repository/Backoffice/Betting/Match/Create_match/Pop up Add match/input_Name_player_name'

2018-10-19 18:11:43 - [MESSAGE][PASSED] - Keys 'testteamB54' sent to object: 'Object Repository/Backoffice/Betting/Match/Create_match/Pop up Add match/input_Name_player_name'

2018-10-19 18:11:43 - [TEST_STEP][PASSED] - delay: Delayed 3 second(s)

2018-10-19 18:11:46 - [MESSAGE][PASSED] - Delayed 3 second(s)

2018-10-19 18:11:46 - [TEST_STEP][PASSED] - click: Object: 'Object Repository/Backoffice/Betting/Match/Create_match/Pop up Add match/input_Close_add_match' is clicked on

2018-10-19 18:11:47 - [MESSAGE][PASSED] - Object: 'Object Repository/Backoffice/Betting/Match/Create_match/Pop up Add match/input_Close_add_match' is clicked on

2018-10-19 18:11:47 - [TEST_STEP][PASSED] - waitForElementVisible: Object 'Object Repository/Backoffice/Betting/Match/span_Clickmatch' is visible

2018-10-19 18:11:47 - [MESSAGE][PASSED] - Object 'Object Repository/Backoffice/Betting/Match/span_Clickmatch' is visible]]></system-out>
         <system-err><![CDATA[]]></system-err>
      </testcase>
      <testcase name="Test Cases/Staging/Backoffice/Betting/Create_match" classname="Test Cases/Staging/Backoffice/Betting/Create_match" status="PASSED">
         <system-out><![CDATA[2018-10-19 18:11:47 - [TEST_CASE][PASSED] - Test Cases/Staging/Backoffice/Betting/Create_match: Test Cases/Staging/Backoffice/Betting/Create_match

2018-10-19 18:11:47 - [TEST_STEP][PASSED] - focus: Object: 'Object Repository/Backoffice/Betting/Betting_header' is focused

2018-10-19 18:11:47 - [MESSAGE][PASSED] - Object: 'Object Repository/Backoffice/Betting/Betting_header' is focused

2018-10-19 18:11:47 - [TEST_STEP][PASSED] - click: Object: 'Object Repository/Backoffice/Betting/Match_header' is clicked on

2018-10-19 18:11:48 - [MESSAGE][PASSED] - Object: 'Object Repository/Backoffice/Betting/Match_header' is clicked on

2018-10-19 18:11:48 - [TEST_STEP][PASSED] - click: Object: 'Object Repository/Backoffice/Betting/Match/Create_match/button_Create Match' is clicked on

2018-10-19 18:11:48 - [MESSAGE][PASSED] - Object: 'Object Repository/Backoffice/Betting/Match/Create_match/button_Create Match' is clicked on

2018-10-19 18:11:48 - [TEST_STEP][PASSED] - delay: Delayed 2 second(s)

2018-10-19 18:11:50 - [MESSAGE][PASSED] - Delayed 2 second(s)

2018-10-19 18:11:50 - [TEST_STEP][PASSED] - waitForElementVisible: Object 'Object Repository/Backoffice/Betting/Match/Create_match/Pop up Add match/select_arena' is visible

2018-10-19 18:11:50 - [MESSAGE][PASSED] - Object 'Object Repository/Backoffice/Betting/Match/Create_match/Pop up Add match/select_arena' is visible

2018-10-19 18:11:50 - [TEST_STEP][PASSED] - selectOptionByLabel: All options with label 'CVCC3 - 10' are selected in object 'Object Repository/Backoffice/Betting/Match/Create_match/Pop up Add match/select_arena' 

2018-10-19 18:11:50 - [MESSAGE][PASSED] - All options with label 'CVCC3 - 10' are selected in object 'Object Repository/Backoffice/Betting/Match/Create_match/Pop up Add match/select_arena' 

2018-10-19 18:11:50 - [TEST_STEP][PASSED] - sendKeys: Keys '' sent to object: 'Object Repository/Backoffice/Betting/Match/Create_match/Pop up Add match/input_Event Name_match_name'

2018-10-19 18:11:50 - [MESSAGE][PASSED] - Keys '' sent to object: 'Object Repository/Backoffice/Betting/Match/Create_match/Pop up Add match/input_Event Name_match_name'

2018-10-19 18:11:50 - [TEST_STEP][PASSED] - sendKeys: Keys '' sent to object: 'Object Repository/Backoffice/Betting/Match/Create_match/Pop up Add match/input_Profit Margin ()_match_p'

2018-10-19 18:11:50 - [MESSAGE][PASSED] - Keys '' sent to object: 'Object Repository/Backoffice/Betting/Match/Create_match/Pop up Add match/input_Profit Margin ()_match_p'

2018-10-19 18:11:50 - [TEST_STEP][PASSED] - sendKeys: Keys 'testteamA55' sent to object: 'Object Repository/Backoffice/Betting/Match/Create_match/Pop up Add match/input_Name_banker_name'

2018-10-19 18:11:50 - [MESSAGE][PASSED] - Keys 'testteamA55' sent to object: 'Object Repository/Backoffice/Betting/Match/Create_match/Pop up Add match/input_Name_banker_name'

2018-10-19 18:11:50 - [TEST_STEP][PASSED] - sendKeys: Keys 'testteamB55' sent to object: 'Object Repository/Backoffice/Betting/Match/Create_match/Pop up Add match/input_Name_player_name'

2018-10-19 18:11:50 - [MESSAGE][PASSED] - Keys 'testteamB55' sent to object: 'Object Repository/Backoffice/Betting/Match/Create_match/Pop up Add match/input_Name_player_name'

2018-10-19 18:11:50 - [TEST_STEP][PASSED] - delay: Delayed 3 second(s)

2018-10-19 18:11:53 - [MESSAGE][PASSED] - Delayed 3 second(s)

2018-10-19 18:11:53 - [TEST_STEP][PASSED] - click: Object: 'Object Repository/Backoffice/Betting/Match/Create_match/Pop up Add match/input_Close_add_match' is clicked on

2018-10-19 18:11:54 - [MESSAGE][PASSED] - Object: 'Object Repository/Backoffice/Betting/Match/Create_match/Pop up Add match/input_Close_add_match' is clicked on

2018-10-19 18:11:54 - [TEST_STEP][PASSED] - waitForElementVisible: Object 'Object Repository/Backoffice/Betting/Match/span_Clickmatch' is visible

2018-10-19 18:11:54 - [MESSAGE][PASSED] - Object 'Object Repository/Backoffice/Betting/Match/span_Clickmatch' is visible]]></system-out>
         <system-err><![CDATA[]]></system-err>
      </testcase>
      <testcase name="Test Cases/Staging/Backoffice/Betting/Create_match" classname="Test Cases/Staging/Backoffice/Betting/Create_match" status="PASSED">
         <system-out><![CDATA[2018-10-19 18:11:54 - [TEST_CASE][PASSED] - Test Cases/Staging/Backoffice/Betting/Create_match: Test Cases/Staging/Backoffice/Betting/Create_match

2018-10-19 18:11:54 - [TEST_STEP][PASSED] - focus: Object: 'Object Repository/Backoffice/Betting/Betting_header' is focused

2018-10-19 18:11:54 - [MESSAGE][PASSED] - Object: 'Object Repository/Backoffice/Betting/Betting_header' is focused

2018-10-19 18:11:54 - [TEST_STEP][PASSED] - click: Object: 'Object Repository/Backoffice/Betting/Match_header' is clicked on

2018-10-19 18:11:55 - [MESSAGE][PASSED] - Object: 'Object Repository/Backoffice/Betting/Match_header' is clicked on

2018-10-19 18:11:55 - [TEST_STEP][PASSED] - click: Object: 'Object Repository/Backoffice/Betting/Match/Create_match/button_Create Match' is clicked on

2018-10-19 18:11:55 - [MESSAGE][PASSED] - Object: 'Object Repository/Backoffice/Betting/Match/Create_match/button_Create Match' is clicked on

2018-10-19 18:11:55 - [TEST_STEP][PASSED] - delay: Delayed 2 second(s)

2018-10-19 18:11:57 - [MESSAGE][PASSED] - Delayed 2 second(s)

2018-10-19 18:11:57 - [TEST_STEP][PASSED] - waitForElementVisible: Object 'Object Repository/Backoffice/Betting/Match/Create_match/Pop up Add match/select_arena' is visible

2018-10-19 18:11:57 - [MESSAGE][PASSED] - Object 'Object Repository/Backoffice/Betting/Match/Create_match/Pop up Add match/select_arena' is visible

2018-10-19 18:11:57 - [TEST_STEP][PASSED] - selectOptionByLabel: All options with label 'CVCC3 - 10' are selected in object 'Object Repository/Backoffice/Betting/Match/Create_match/Pop up Add match/select_arena' 

2018-10-19 18:11:57 - [MESSAGE][PASSED] - All options with label 'CVCC3 - 10' are selected in object 'Object Repository/Backoffice/Betting/Match/Create_match/Pop up Add match/select_arena' 

2018-10-19 18:11:57 - [TEST_STEP][PASSED] - sendKeys: Keys '' sent to object: 'Object Repository/Backoffice/Betting/Match/Create_match/Pop up Add match/input_Event Name_match_name'

2018-10-19 18:11:57 - [MESSAGE][PASSED] - Keys '' sent to object: 'Object Repository/Backoffice/Betting/Match/Create_match/Pop up Add match/input_Event Name_match_name'

2018-10-19 18:11:57 - [TEST_STEP][PASSED] - sendKeys: Keys '' sent to object: 'Object Repository/Backoffice/Betting/Match/Create_match/Pop up Add match/input_Profit Margin ()_match_p'

2018-10-19 18:11:57 - [MESSAGE][PASSED] - Keys '' sent to object: 'Object Repository/Backoffice/Betting/Match/Create_match/Pop up Add match/input_Profit Margin ()_match_p'

2018-10-19 18:11:57 - [TEST_STEP][PASSED] - sendKeys: Keys 'testteamA56' sent to object: 'Object Repository/Backoffice/Betting/Match/Create_match/Pop up Add match/input_Name_banker_name'

2018-10-19 18:11:58 - [MESSAGE][PASSED] - Keys 'testteamA56' sent to object: 'Object Repository/Backoffice/Betting/Match/Create_match/Pop up Add match/input_Name_banker_name'

2018-10-19 18:11:58 - [TEST_STEP][PASSED] - sendKeys: Keys 'testteamB56' sent to object: 'Object Repository/Backoffice/Betting/Match/Create_match/Pop up Add match/input_Name_player_name'

2018-10-19 18:11:58 - [MESSAGE][PASSED] - Keys 'testteamB56' sent to object: 'Object Repository/Backoffice/Betting/Match/Create_match/Pop up Add match/input_Name_player_name'

2018-10-19 18:11:58 - [TEST_STEP][PASSED] - delay: Delayed 3 second(s)

2018-10-19 18:12:01 - [MESSAGE][PASSED] - Delayed 3 second(s)

2018-10-19 18:12:01 - [TEST_STEP][PASSED] - click: Object: 'Object Repository/Backoffice/Betting/Match/Create_match/Pop up Add match/input_Close_add_match' is clicked on

2018-10-19 18:12:02 - [MESSAGE][PASSED] - Object: 'Object Repository/Backoffice/Betting/Match/Create_match/Pop up Add match/input_Close_add_match' is clicked on

2018-10-19 18:12:02 - [TEST_STEP][PASSED] - waitForElementVisible: Object 'Object Repository/Backoffice/Betting/Match/span_Clickmatch' is visible

2018-10-19 18:12:02 - [MESSAGE][PASSED] - Object 'Object Repository/Backoffice/Betting/Match/span_Clickmatch' is visible]]></system-out>
         <system-err><![CDATA[]]></system-err>
      </testcase>
      <testcase name="Test Cases/Staging/Backoffice/Betting/Create_match" classname="Test Cases/Staging/Backoffice/Betting/Create_match" status="PASSED">
         <system-out><![CDATA[2018-10-19 18:12:02 - [TEST_CASE][PASSED] - Test Cases/Staging/Backoffice/Betting/Create_match: Test Cases/Staging/Backoffice/Betting/Create_match

2018-10-19 18:12:02 - [TEST_STEP][PASSED] - focus: Object: 'Object Repository/Backoffice/Betting/Betting_header' is focused

2018-10-19 18:12:02 - [MESSAGE][PASSED] - Object: 'Object Repository/Backoffice/Betting/Betting_header' is focused

2018-10-19 18:12:02 - [TEST_STEP][PASSED] - click: Object: 'Object Repository/Backoffice/Betting/Match_header' is clicked on

2018-10-19 18:12:02 - [MESSAGE][PASSED] - Object: 'Object Repository/Backoffice/Betting/Match_header' is clicked on

2018-10-19 18:12:02 - [TEST_STEP][PASSED] - click: Object: 'Object Repository/Backoffice/Betting/Match/Create_match/button_Create Match' is clicked on

2018-10-19 18:12:02 - [MESSAGE][PASSED] - Object: 'Object Repository/Backoffice/Betting/Match/Create_match/button_Create Match' is clicked on

2018-10-19 18:12:02 - [TEST_STEP][PASSED] - delay: Delayed 2 second(s)

2018-10-19 18:12:04 - [MESSAGE][PASSED] - Delayed 2 second(s)

2018-10-19 18:12:04 - [TEST_STEP][PASSED] - waitForElementVisible: Object 'Object Repository/Backoffice/Betting/Match/Create_match/Pop up Add match/select_arena' is visible

2018-10-19 18:12:04 - [MESSAGE][PASSED] - Object 'Object Repository/Backoffice/Betting/Match/Create_match/Pop up Add match/select_arena' is visible

2018-10-19 18:12:04 - [TEST_STEP][PASSED] - selectOptionByLabel: All options with label 'CVCC3 - 10' are selected in object 'Object Repository/Backoffice/Betting/Match/Create_match/Pop up Add match/select_arena' 

2018-10-19 18:12:05 - [MESSAGE][PASSED] - All options with label 'CVCC3 - 10' are selected in object 'Object Repository/Backoffice/Betting/Match/Create_match/Pop up Add match/select_arena' 

2018-10-19 18:12:05 - [TEST_STEP][PASSED] - sendKeys: Keys '' sent to object: 'Object Repository/Backoffice/Betting/Match/Create_match/Pop up Add match/input_Event Name_match_name'

2018-10-19 18:12:05 - [MESSAGE][PASSED] - Keys '' sent to object: 'Object Repository/Backoffice/Betting/Match/Create_match/Pop up Add match/input_Event Name_match_name'

2018-10-19 18:12:05 - [TEST_STEP][PASSED] - sendKeys: Keys '' sent to object: 'Object Repository/Backoffice/Betting/Match/Create_match/Pop up Add match/input_Profit Margin ()_match_p'

2018-10-19 18:12:05 - [MESSAGE][PASSED] - Keys '' sent to object: 'Object Repository/Backoffice/Betting/Match/Create_match/Pop up Add match/input_Profit Margin ()_match_p'

2018-10-19 18:12:05 - [TEST_STEP][PASSED] - sendKeys: Keys 'testteamA57' sent to object: 'Object Repository/Backoffice/Betting/Match/Create_match/Pop up Add match/input_Name_banker_name'

2018-10-19 18:12:05 - [MESSAGE][PASSED] - Keys 'testteamA57' sent to object: 'Object Repository/Backoffice/Betting/Match/Create_match/Pop up Add match/input_Name_banker_name'

2018-10-19 18:12:05 - [TEST_STEP][PASSED] - sendKeys: Keys 'testteamB57' sent to object: 'Object Repository/Backoffice/Betting/Match/Create_match/Pop up Add match/input_Name_player_name'

2018-10-19 18:12:05 - [MESSAGE][PASSED] - Keys 'testteamB57' sent to object: 'Object Repository/Backoffice/Betting/Match/Create_match/Pop up Add match/input_Name_player_name'

2018-10-19 18:12:05 - [TEST_STEP][PASSED] - delay: Delayed 3 second(s)

2018-10-19 18:12:08 - [MESSAGE][PASSED] - Delayed 3 second(s)

2018-10-19 18:12:08 - [TEST_STEP][PASSED] - click: Object: 'Object Repository/Backoffice/Betting/Match/Create_match/Pop up Add match/input_Close_add_match' is clicked on

2018-10-19 18:12:09 - [MESSAGE][PASSED] - Object: 'Object Repository/Backoffice/Betting/Match/Create_match/Pop up Add match/input_Close_add_match' is clicked on

2018-10-19 18:12:09 - [TEST_STEP][PASSED] - waitForElementVisible: Object 'Object Repository/Backoffice/Betting/Match/span_Clickmatch' is visible

2018-10-19 18:12:09 - [MESSAGE][PASSED] - Object 'Object Repository/Backoffice/Betting/Match/span_Clickmatch' is visible]]></system-out>
         <system-err><![CDATA[]]></system-err>
      </testcase>
      <testcase name="Test Cases/Staging/Backoffice/Betting/Create_match" classname="Test Cases/Staging/Backoffice/Betting/Create_match" status="PASSED">
         <system-out><![CDATA[2018-10-19 18:12:09 - [TEST_CASE][PASSED] - Test Cases/Staging/Backoffice/Betting/Create_match: Test Cases/Staging/Backoffice/Betting/Create_match

2018-10-19 18:12:09 - [TEST_STEP][PASSED] - focus: Object: 'Object Repository/Backoffice/Betting/Betting_header' is focused

2018-10-19 18:12:09 - [MESSAGE][PASSED] - Object: 'Object Repository/Backoffice/Betting/Betting_header' is focused

2018-10-19 18:12:09 - [TEST_STEP][PASSED] - click: Object: 'Object Repository/Backoffice/Betting/Match_header' is clicked on

2018-10-19 18:12:10 - [MESSAGE][PASSED] - Object: 'Object Repository/Backoffice/Betting/Match_header' is clicked on

2018-10-19 18:12:10 - [TEST_STEP][PASSED] - click: Object: 'Object Repository/Backoffice/Betting/Match/Create_match/button_Create Match' is clicked on

2018-10-19 18:12:10 - [MESSAGE][PASSED] - Object: 'Object Repository/Backoffice/Betting/Match/Create_match/button_Create Match' is clicked on

2018-10-19 18:12:10 - [TEST_STEP][PASSED] - delay: Delayed 2 second(s)

2018-10-19 18:12:12 - [MESSAGE][PASSED] - Delayed 2 second(s)

2018-10-19 18:12:12 - [TEST_STEP][PASSED] - waitForElementVisible: Object 'Object Repository/Backoffice/Betting/Match/Create_match/Pop up Add match/select_arena' is visible

2018-10-19 18:12:12 - [MESSAGE][PASSED] - Object 'Object Repository/Backoffice/Betting/Match/Create_match/Pop up Add match/select_arena' is visible

2018-10-19 18:12:12 - [TEST_STEP][PASSED] - selectOptionByLabel: All options with label 'CVCC3 - 10' are selected in object 'Object Repository/Backoffice/Betting/Match/Create_match/Pop up Add match/select_arena' 

2018-10-19 18:12:12 - [MESSAGE][PASSED] - All options with label 'CVCC3 - 10' are selected in object 'Object Repository/Backoffice/Betting/Match/Create_match/Pop up Add match/select_arena' 

2018-10-19 18:12:12 - [TEST_STEP][PASSED] - sendKeys: Keys '' sent to object: 'Object Repository/Backoffice/Betting/Match/Create_match/Pop up Add match/input_Event Name_match_name'

2018-10-19 18:12:12 - [MESSAGE][PASSED] - Keys '' sent to object: 'Object Repository/Backoffice/Betting/Match/Create_match/Pop up Add match/input_Event Name_match_name'

2018-10-19 18:12:12 - [TEST_STEP][PASSED] - sendKeys: Keys '' sent to object: 'Object Repository/Backoffice/Betting/Match/Create_match/Pop up Add match/input_Profit Margin ()_match_p'

2018-10-19 18:12:12 - [MESSAGE][PASSED] - Keys '' sent to object: 'Object Repository/Backoffice/Betting/Match/Create_match/Pop up Add match/input_Profit Margin ()_match_p'

2018-10-19 18:12:12 - [TEST_STEP][PASSED] - sendKeys: Keys 'testteamA58' sent to object: 'Object Repository/Backoffice/Betting/Match/Create_match/Pop up Add match/input_Name_banker_name'

2018-10-19 18:12:12 - [MESSAGE][PASSED] - Keys 'testteamA58' sent to object: 'Object Repository/Backoffice/Betting/Match/Create_match/Pop up Add match/input_Name_banker_name'

2018-10-19 18:12:12 - [TEST_STEP][PASSED] - sendKeys: Keys 'testteamB58' sent to object: 'Object Repository/Backoffice/Betting/Match/Create_match/Pop up Add match/input_Name_player_name'

2018-10-19 18:12:12 - [MESSAGE][PASSED] - Keys 'testteamB58' sent to object: 'Object Repository/Backoffice/Betting/Match/Create_match/Pop up Add match/input_Name_player_name'

2018-10-19 18:12:12 - [TEST_STEP][PASSED] - delay: Delayed 3 second(s)

2018-10-19 18:12:15 - [MESSAGE][PASSED] - Delayed 3 second(s)

2018-10-19 18:12:15 - [TEST_STEP][PASSED] - click: Object: 'Object Repository/Backoffice/Betting/Match/Create_match/Pop up Add match/input_Close_add_match' is clicked on

2018-10-19 18:12:16 - [MESSAGE][PASSED] - Object: 'Object Repository/Backoffice/Betting/Match/Create_match/Pop up Add match/input_Close_add_match' is clicked on

2018-10-19 18:12:16 - [TEST_STEP][PASSED] - waitForElementVisible: Object 'Object Repository/Backoffice/Betting/Match/span_Clickmatch' is visible

2018-10-19 18:12:16 - [MESSAGE][PASSED] - Object 'Object Repository/Backoffice/Betting/Match/span_Clickmatch' is visible]]></system-out>
         <system-err><![CDATA[]]></system-err>
      </testcase>
      <testcase name="Test Cases/Staging/Backoffice/Betting/Create_match" classname="Test Cases/Staging/Backoffice/Betting/Create_match" status="PASSED">
         <system-out><![CDATA[2018-10-19 18:12:16 - [TEST_CASE][PASSED] - Test Cases/Staging/Backoffice/Betting/Create_match: Test Cases/Staging/Backoffice/Betting/Create_match

2018-10-19 18:12:16 - [TEST_STEP][PASSED] - focus: Object: 'Object Repository/Backoffice/Betting/Betting_header' is focused

2018-10-19 18:12:16 - [MESSAGE][PASSED] - Object: 'Object Repository/Backoffice/Betting/Betting_header' is focused

2018-10-19 18:12:16 - [TEST_STEP][PASSED] - click: Object: 'Object Repository/Backoffice/Betting/Match_header' is clicked on

2018-10-19 18:12:17 - [MESSAGE][PASSED] - Object: 'Object Repository/Backoffice/Betting/Match_header' is clicked on

2018-10-19 18:12:17 - [TEST_STEP][PASSED] - click: Object: 'Object Repository/Backoffice/Betting/Match/Create_match/button_Create Match' is clicked on

2018-10-19 18:12:17 - [MESSAGE][PASSED] - Object: 'Object Repository/Backoffice/Betting/Match/Create_match/button_Create Match' is clicked on

2018-10-19 18:12:17 - [TEST_STEP][PASSED] - delay: Delayed 2 second(s)

2018-10-19 18:12:19 - [MESSAGE][PASSED] - Delayed 2 second(s)

2018-10-19 18:12:19 - [TEST_STEP][PASSED] - waitForElementVisible: Object 'Object Repository/Backoffice/Betting/Match/Create_match/Pop up Add match/select_arena' is visible

2018-10-19 18:12:19 - [MESSAGE][PASSED] - Object 'Object Repository/Backoffice/Betting/Match/Create_match/Pop up Add match/select_arena' is visible

2018-10-19 18:12:19 - [TEST_STEP][PASSED] - selectOptionByLabel: All options with label 'CVCC3 - 10' are selected in object 'Object Repository/Backoffice/Betting/Match/Create_match/Pop up Add match/select_arena' 

2018-10-19 18:12:19 - [MESSAGE][PASSED] - All options with label 'CVCC3 - 10' are selected in object 'Object Repository/Backoffice/Betting/Match/Create_match/Pop up Add match/select_arena' 

2018-10-19 18:12:19 - [TEST_STEP][PASSED] - sendKeys: Keys '' sent to object: 'Object Repository/Backoffice/Betting/Match/Create_match/Pop up Add match/input_Event Name_match_name'

2018-10-19 18:12:19 - [MESSAGE][PASSED] - Keys '' sent to object: 'Object Repository/Backoffice/Betting/Match/Create_match/Pop up Add match/input_Event Name_match_name'

2018-10-19 18:12:19 - [TEST_STEP][PASSED] - sendKeys: Keys '' sent to object: 'Object Repository/Backoffice/Betting/Match/Create_match/Pop up Add match/input_Profit Margin ()_match_p'

2018-10-19 18:12:19 - [MESSAGE][PASSED] - Keys '' sent to object: 'Object Repository/Backoffice/Betting/Match/Create_match/Pop up Add match/input_Profit Margin ()_match_p'

2018-10-19 18:12:19 - [TEST_STEP][PASSED] - sendKeys: Keys 'testteamA59' sent to object: 'Object Repository/Backoffice/Betting/Match/Create_match/Pop up Add match/input_Name_banker_name'

2018-10-19 18:12:19 - [MESSAGE][PASSED] - Keys 'testteamA59' sent to object: 'Object Repository/Backoffice/Betting/Match/Create_match/Pop up Add match/input_Name_banker_name'

2018-10-19 18:12:19 - [TEST_STEP][PASSED] - sendKeys: Keys 'testteamB59' sent to object: 'Object Repository/Backoffice/Betting/Match/Create_match/Pop up Add match/input_Name_player_name'

2018-10-19 18:12:19 - [MESSAGE][PASSED] - Keys 'testteamB59' sent to object: 'Object Repository/Backoffice/Betting/Match/Create_match/Pop up Add match/input_Name_player_name'

2018-10-19 18:12:19 - [TEST_STEP][PASSED] - delay: Delayed 3 second(s)

2018-10-19 18:12:22 - [MESSAGE][PASSED] - Delayed 3 second(s)

2018-10-19 18:12:22 - [TEST_STEP][PASSED] - click: Object: 'Object Repository/Backoffice/Betting/Match/Create_match/Pop up Add match/input_Close_add_match' is clicked on

2018-10-19 18:12:23 - [MESSAGE][PASSED] - Object: 'Object Repository/Backoffice/Betting/Match/Create_match/Pop up Add match/input_Close_add_match' is clicked on

2018-10-19 18:12:23 - [TEST_STEP][PASSED] - waitForElementVisible: Object 'Object Repository/Backoffice/Betting/Match/span_Clickmatch' is visible

2018-10-19 18:12:23 - [MESSAGE][PASSED] - Object 'Object Repository/Backoffice/Betting/Match/span_Clickmatch' is visible]]></system-out>
         <system-err><![CDATA[]]></system-err>
      </testcase>
      <testcase name="Test Cases/Staging/Backoffice/Betting/Create_match" classname="Test Cases/Staging/Backoffice/Betting/Create_match" status="PASSED">
         <system-out><![CDATA[2018-10-19 18:12:23 - [TEST_CASE][PASSED] - Test Cases/Staging/Backoffice/Betting/Create_match: Test Cases/Staging/Backoffice/Betting/Create_match

2018-10-19 18:12:23 - [TEST_STEP][PASSED] - focus: Object: 'Object Repository/Backoffice/Betting/Betting_header' is focused

2018-10-19 18:12:23 - [MESSAGE][PASSED] - Object: 'Object Repository/Backoffice/Betting/Betting_header' is focused

2018-10-19 18:12:23 - [TEST_STEP][PASSED] - click: Object: 'Object Repository/Backoffice/Betting/Match_header' is clicked on

2018-10-19 18:12:24 - [MESSAGE][PASSED] - Object: 'Object Repository/Backoffice/Betting/Match_header' is clicked on

2018-10-19 18:12:24 - [TEST_STEP][PASSED] - click: Object: 'Object Repository/Backoffice/Betting/Match/Create_match/button_Create Match' is clicked on

2018-10-19 18:12:24 - [MESSAGE][PASSED] - Object: 'Object Repository/Backoffice/Betting/Match/Create_match/button_Create Match' is clicked on

2018-10-19 18:12:24 - [TEST_STEP][PASSED] - delay: Delayed 2 second(s)

2018-10-19 18:12:26 - [MESSAGE][PASSED] - Delayed 2 second(s)

2018-10-19 18:12:26 - [TEST_STEP][PASSED] - waitForElementVisible: Object 'Object Repository/Backoffice/Betting/Match/Create_match/Pop up Add match/select_arena' is visible

2018-10-19 18:12:26 - [MESSAGE][PASSED] - Object 'Object Repository/Backoffice/Betting/Match/Create_match/Pop up Add match/select_arena' is visible

2018-10-19 18:12:26 - [TEST_STEP][PASSED] - selectOptionByLabel: All options with label 'CVCC3 - 10' are selected in object 'Object Repository/Backoffice/Betting/Match/Create_match/Pop up Add match/select_arena' 

2018-10-19 18:12:26 - [MESSAGE][PASSED] - All options with label 'CVCC3 - 10' are selected in object 'Object Repository/Backoffice/Betting/Match/Create_match/Pop up Add match/select_arena' 

2018-10-19 18:12:26 - [TEST_STEP][PASSED] - sendKeys: Keys '' sent to object: 'Object Repository/Backoffice/Betting/Match/Create_match/Pop up Add match/input_Event Name_match_name'

2018-10-19 18:12:26 - [MESSAGE][PASSED] - Keys '' sent to object: 'Object Repository/Backoffice/Betting/Match/Create_match/Pop up Add match/input_Event Name_match_name'

2018-10-19 18:12:26 - [TEST_STEP][PASSED] - sendKeys: Keys '' sent to object: 'Object Repository/Backoffice/Betting/Match/Create_match/Pop up Add match/input_Profit Margin ()_match_p'

2018-10-19 18:12:27 - [MESSAGE][PASSED] - Keys '' sent to object: 'Object Repository/Backoffice/Betting/Match/Create_match/Pop up Add match/input_Profit Margin ()_match_p'

2018-10-19 18:12:27 - [TEST_STEP][PASSED] - sendKeys: Keys 'testteamA60' sent to object: 'Object Repository/Backoffice/Betting/Match/Create_match/Pop up Add match/input_Name_banker_name'

2018-10-19 18:12:27 - [MESSAGE][PASSED] - Keys 'testteamA60' sent to object: 'Object Repository/Backoffice/Betting/Match/Create_match/Pop up Add match/input_Name_banker_name'

2018-10-19 18:12:27 - [TEST_STEP][PASSED] - sendKeys: Keys 'testteamB60' sent to object: 'Object Repository/Backoffice/Betting/Match/Create_match/Pop up Add match/input_Name_player_name'

2018-10-19 18:12:27 - [MESSAGE][PASSED] - Keys 'testteamB60' sent to object: 'Object Repository/Backoffice/Betting/Match/Create_match/Pop up Add match/input_Name_player_name'

2018-10-19 18:12:27 - [TEST_STEP][PASSED] - delay: Delayed 3 second(s)

2018-10-19 18:12:30 - [MESSAGE][PASSED] - Delayed 3 second(s)

2018-10-19 18:12:30 - [TEST_STEP][PASSED] - click: Object: 'Object Repository/Backoffice/Betting/Match/Create_match/Pop up Add match/input_Close_add_match' is clicked on

2018-10-19 18:12:31 - [MESSAGE][PASSED] - Object: 'Object Repository/Backoffice/Betting/Match/Create_match/Pop up Add match/input_Close_add_match' is clicked on

2018-10-19 18:12:31 - [TEST_STEP][PASSED] - waitForElementVisible: Object 'Object Repository/Backoffice/Betting/Match/span_Clickmatch' is visible

2018-10-19 18:12:31 - [MESSAGE][PASSED] - Object 'Object Repository/Backoffice/Betting/Match/span_Clickmatch' is visible]]></system-out>
         <system-err><![CDATA[]]></system-err>
      </testcase>
      <testcase name="Test Cases/Staging/Backoffice/Betting/Create_match" classname="Test Cases/Staging/Backoffice/Betting/Create_match" status="PASSED">
         <system-out><![CDATA[2018-10-19 18:12:31 - [TEST_CASE][PASSED] - Test Cases/Staging/Backoffice/Betting/Create_match: Test Cases/Staging/Backoffice/Betting/Create_match

2018-10-19 18:12:31 - [TEST_STEP][PASSED] - focus: Object: 'Object Repository/Backoffice/Betting/Betting_header' is focused

2018-10-19 18:12:31 - [MESSAGE][PASSED] - Object: 'Object Repository/Backoffice/Betting/Betting_header' is focused

2018-10-19 18:12:31 - [TEST_STEP][PASSED] - click: Object: 'Object Repository/Backoffice/Betting/Match_header' is clicked on

2018-10-19 18:12:32 - [MESSAGE][PASSED] - Object: 'Object Repository/Backoffice/Betting/Match_header' is clicked on

2018-10-19 18:12:32 - [TEST_STEP][PASSED] - click: Object: 'Object Repository/Backoffice/Betting/Match/Create_match/button_Create Match' is clicked on

2018-10-19 18:12:32 - [MESSAGE][PASSED] - Object: 'Object Repository/Backoffice/Betting/Match/Create_match/button_Create Match' is clicked on

2018-10-19 18:12:32 - [TEST_STEP][PASSED] - delay: Delayed 2 second(s)

2018-10-19 18:12:34 - [MESSAGE][PASSED] - Delayed 2 second(s)

2018-10-19 18:12:34 - [TEST_STEP][PASSED] - waitForElementVisible: Object 'Object Repository/Backoffice/Betting/Match/Create_match/Pop up Add match/select_arena' is visible

2018-10-19 18:12:34 - [MESSAGE][PASSED] - Object 'Object Repository/Backoffice/Betting/Match/Create_match/Pop up Add match/select_arena' is visible

2018-10-19 18:12:34 - [TEST_STEP][PASSED] - selectOptionByLabel: All options with label 'CVCC3 - 10' are selected in object 'Object Repository/Backoffice/Betting/Match/Create_match/Pop up Add match/select_arena' 

2018-10-19 18:12:34 - [MESSAGE][PASSED] - All options with label 'CVCC3 - 10' are selected in object 'Object Repository/Backoffice/Betting/Match/Create_match/Pop up Add match/select_arena' 

2018-10-19 18:12:34 - [TEST_STEP][PASSED] - sendKeys: Keys '' sent to object: 'Object Repository/Backoffice/Betting/Match/Create_match/Pop up Add match/input_Event Name_match_name'

2018-10-19 18:12:34 - [MESSAGE][PASSED] - Keys '' sent to object: 'Object Repository/Backoffice/Betting/Match/Create_match/Pop up Add match/input_Event Name_match_name'

2018-10-19 18:12:34 - [TEST_STEP][PASSED] - sendKeys: Keys '' sent to object: 'Object Repository/Backoffice/Betting/Match/Create_match/Pop up Add match/input_Profit Margin ()_match_p'

2018-10-19 18:12:34 - [MESSAGE][PASSED] - Keys '' sent to object: 'Object Repository/Backoffice/Betting/Match/Create_match/Pop up Add match/input_Profit Margin ()_match_p'

2018-10-19 18:12:34 - [TEST_STEP][PASSED] - sendKeys: Keys 'testteamA61' sent to object: 'Object Repository/Backoffice/Betting/Match/Create_match/Pop up Add match/input_Name_banker_name'

2018-10-19 18:12:34 - [MESSAGE][PASSED] - Keys 'testteamA61' sent to object: 'Object Repository/Backoffice/Betting/Match/Create_match/Pop up Add match/input_Name_banker_name'

2018-10-19 18:12:34 - [TEST_STEP][PASSED] - sendKeys: Keys 'testteamB61' sent to object: 'Object Repository/Backoffice/Betting/Match/Create_match/Pop up Add match/input_Name_player_name'

2018-10-19 18:12:34 - [MESSAGE][PASSED] - Keys 'testteamB61' sent to object: 'Object Repository/Backoffice/Betting/Match/Create_match/Pop up Add match/input_Name_player_name'

2018-10-19 18:12:34 - [TEST_STEP][PASSED] - delay: Delayed 3 second(s)

2018-10-19 18:12:37 - [MESSAGE][PASSED] - Delayed 3 second(s)

2018-10-19 18:12:37 - [TEST_STEP][PASSED] - click: Object: 'Object Repository/Backoffice/Betting/Match/Create_match/Pop up Add match/input_Close_add_match' is clicked on

2018-10-19 18:12:38 - [MESSAGE][PASSED] - Object: 'Object Repository/Backoffice/Betting/Match/Create_match/Pop up Add match/input_Close_add_match' is clicked on

2018-10-19 18:12:38 - [TEST_STEP][PASSED] - waitForElementVisible: Object 'Object Repository/Backoffice/Betting/Match/span_Clickmatch' is visible

2018-10-19 18:12:38 - [MESSAGE][PASSED] - Object 'Object Repository/Backoffice/Betting/Match/span_Clickmatch' is visible]]></system-out>
         <system-err><![CDATA[]]></system-err>
      </testcase>
      <testcase name="Test Cases/Staging/Backoffice/Betting/Create_match" classname="Test Cases/Staging/Backoffice/Betting/Create_match" status="PASSED">
         <system-out><![CDATA[2018-10-19 18:12:38 - [TEST_CASE][PASSED] - Test Cases/Staging/Backoffice/Betting/Create_match: Test Cases/Staging/Backoffice/Betting/Create_match

2018-10-19 18:12:38 - [TEST_STEP][PASSED] - focus: Object: 'Object Repository/Backoffice/Betting/Betting_header' is focused

2018-10-19 18:12:38 - [MESSAGE][PASSED] - Object: 'Object Repository/Backoffice/Betting/Betting_header' is focused

2018-10-19 18:12:38 - [TEST_STEP][PASSED] - click: Object: 'Object Repository/Backoffice/Betting/Match_header' is clicked on

2018-10-19 18:12:39 - [MESSAGE][PASSED] - Object: 'Object Repository/Backoffice/Betting/Match_header' is clicked on

2018-10-19 18:12:39 - [TEST_STEP][PASSED] - click: Object: 'Object Repository/Backoffice/Betting/Match/Create_match/button_Create Match' is clicked on

2018-10-19 18:12:39 - [MESSAGE][PASSED] - Object: 'Object Repository/Backoffice/Betting/Match/Create_match/button_Create Match' is clicked on

2018-10-19 18:12:39 - [TEST_STEP][PASSED] - delay: Delayed 2 second(s)

2018-10-19 18:12:41 - [MESSAGE][PASSED] - Delayed 2 second(s)

2018-10-19 18:12:41 - [TEST_STEP][PASSED] - waitForElementVisible: Object 'Object Repository/Backoffice/Betting/Match/Create_match/Pop up Add match/select_arena' is visible

2018-10-19 18:12:41 - [MESSAGE][PASSED] - Object 'Object Repository/Backoffice/Betting/Match/Create_match/Pop up Add match/select_arena' is visible

2018-10-19 18:12:41 - [TEST_STEP][PASSED] - selectOptionByLabel: All options with label 'CVCC3 - 10' are selected in object 'Object Repository/Backoffice/Betting/Match/Create_match/Pop up Add match/select_arena' 

2018-10-19 18:12:41 - [MESSAGE][PASSED] - All options with label 'CVCC3 - 10' are selected in object 'Object Repository/Backoffice/Betting/Match/Create_match/Pop up Add match/select_arena' 

2018-10-19 18:12:41 - [TEST_STEP][PASSED] - sendKeys: Keys '' sent to object: 'Object Repository/Backoffice/Betting/Match/Create_match/Pop up Add match/input_Event Name_match_name'

2018-10-19 18:12:41 - [MESSAGE][PASSED] - Keys '' sent to object: 'Object Repository/Backoffice/Betting/Match/Create_match/Pop up Add match/input_Event Name_match_name'

2018-10-19 18:12:41 - [TEST_STEP][PASSED] - sendKeys: Keys '' sent to object: 'Object Repository/Backoffice/Betting/Match/Create_match/Pop up Add match/input_Profit Margin ()_match_p'

2018-10-19 18:12:41 - [MESSAGE][PASSED] - Keys '' sent to object: 'Object Repository/Backoffice/Betting/Match/Create_match/Pop up Add match/input_Profit Margin ()_match_p'

2018-10-19 18:12:41 - [TEST_STEP][PASSED] - sendKeys: Keys 'testteamA62' sent to object: 'Object Repository/Backoffice/Betting/Match/Create_match/Pop up Add match/input_Name_banker_name'

2018-10-19 18:12:41 - [MESSAGE][PASSED] - Keys 'testteamA62' sent to object: 'Object Repository/Backoffice/Betting/Match/Create_match/Pop up Add match/input_Name_banker_name'

2018-10-19 18:12:41 - [TEST_STEP][PASSED] - sendKeys: Keys 'testteamB62' sent to object: 'Object Repository/Backoffice/Betting/Match/Create_match/Pop up Add match/input_Name_player_name'

2018-10-19 18:12:42 - [MESSAGE][PASSED] - Keys 'testteamB62' sent to object: 'Object Repository/Backoffice/Betting/Match/Create_match/Pop up Add match/input_Name_player_name'

2018-10-19 18:12:42 - [TEST_STEP][PASSED] - delay: Delayed 3 second(s)

2018-10-19 18:12:45 - [MESSAGE][PASSED] - Delayed 3 second(s)

2018-10-19 18:12:45 - [TEST_STEP][PASSED] - click: Object: 'Object Repository/Backoffice/Betting/Match/Create_match/Pop up Add match/input_Close_add_match' is clicked on

2018-10-19 18:12:46 - [MESSAGE][PASSED] - Object: 'Object Repository/Backoffice/Betting/Match/Create_match/Pop up Add match/input_Close_add_match' is clicked on

2018-10-19 18:12:46 - [TEST_STEP][PASSED] - waitForElementVisible: Object 'Object Repository/Backoffice/Betting/Match/span_Clickmatch' is visible

2018-10-19 18:12:46 - [MESSAGE][PASSED] - Object 'Object Repository/Backoffice/Betting/Match/span_Clickmatch' is visible]]></system-out>
         <system-err><![CDATA[]]></system-err>
      </testcase>
      <testcase name="Test Cases/Staging/Backoffice/Betting/Create_match" classname="Test Cases/Staging/Backoffice/Betting/Create_match" status="PASSED">
         <system-out><![CDATA[2018-10-19 18:12:46 - [TEST_CASE][PASSED] - Test Cases/Staging/Backoffice/Betting/Create_match: Test Cases/Staging/Backoffice/Betting/Create_match

2018-10-19 18:12:46 - [TEST_STEP][PASSED] - focus: Object: 'Object Repository/Backoffice/Betting/Betting_header' is focused

2018-10-19 18:12:46 - [MESSAGE][PASSED] - Object: 'Object Repository/Backoffice/Betting/Betting_header' is focused

2018-10-19 18:12:46 - [TEST_STEP][PASSED] - click: Object: 'Object Repository/Backoffice/Betting/Match_header' is clicked on

2018-10-19 18:12:46 - [MESSAGE][PASSED] - Object: 'Object Repository/Backoffice/Betting/Match_header' is clicked on

2018-10-19 18:12:46 - [TEST_STEP][PASSED] - click: Object: 'Object Repository/Backoffice/Betting/Match/Create_match/button_Create Match' is clicked on

2018-10-19 18:12:46 - [MESSAGE][PASSED] - Object: 'Object Repository/Backoffice/Betting/Match/Create_match/button_Create Match' is clicked on

2018-10-19 18:12:46 - [TEST_STEP][PASSED] - delay: Delayed 2 second(s)

2018-10-19 18:12:48 - [MESSAGE][PASSED] - Delayed 2 second(s)

2018-10-19 18:12:48 - [TEST_STEP][PASSED] - waitForElementVisible: Object 'Object Repository/Backoffice/Betting/Match/Create_match/Pop up Add match/select_arena' is visible

2018-10-19 18:12:49 - [MESSAGE][PASSED] - Object 'Object Repository/Backoffice/Betting/Match/Create_match/Pop up Add match/select_arena' is visible

2018-10-19 18:12:49 - [TEST_STEP][PASSED] - selectOptionByLabel: All options with label 'CVCC3 - 10' are selected in object 'Object Repository/Backoffice/Betting/Match/Create_match/Pop up Add match/select_arena' 

2018-10-19 18:12:49 - [MESSAGE][PASSED] - All options with label 'CVCC3 - 10' are selected in object 'Object Repository/Backoffice/Betting/Match/Create_match/Pop up Add match/select_arena' 

2018-10-19 18:12:49 - [TEST_STEP][PASSED] - sendKeys: Keys '' sent to object: 'Object Repository/Backoffice/Betting/Match/Create_match/Pop up Add match/input_Event Name_match_name'

2018-10-19 18:12:49 - [MESSAGE][PASSED] - Keys '' sent to object: 'Object Repository/Backoffice/Betting/Match/Create_match/Pop up Add match/input_Event Name_match_name'

2018-10-19 18:12:49 - [TEST_STEP][PASSED] - sendKeys: Keys '' sent to object: 'Object Repository/Backoffice/Betting/Match/Create_match/Pop up Add match/input_Profit Margin ()_match_p'

2018-10-19 18:12:49 - [MESSAGE][PASSED] - Keys '' sent to object: 'Object Repository/Backoffice/Betting/Match/Create_match/Pop up Add match/input_Profit Margin ()_match_p'

2018-10-19 18:12:49 - [TEST_STEP][PASSED] - sendKeys: Keys 'testteamA63' sent to object: 'Object Repository/Backoffice/Betting/Match/Create_match/Pop up Add match/input_Name_banker_name'

2018-10-19 18:12:49 - [MESSAGE][PASSED] - Keys 'testteamA63' sent to object: 'Object Repository/Backoffice/Betting/Match/Create_match/Pop up Add match/input_Name_banker_name'

2018-10-19 18:12:49 - [TEST_STEP][PASSED] - sendKeys: Keys 'testteamB63' sent to object: 'Object Repository/Backoffice/Betting/Match/Create_match/Pop up Add match/input_Name_player_name'

2018-10-19 18:12:49 - [MESSAGE][PASSED] - Keys 'testteamB63' sent to object: 'Object Repository/Backoffice/Betting/Match/Create_match/Pop up Add match/input_Name_player_name'

2018-10-19 18:12:49 - [TEST_STEP][PASSED] - delay: Delayed 3 second(s)

2018-10-19 18:12:52 - [MESSAGE][PASSED] - Delayed 3 second(s)

2018-10-19 18:12:52 - [TEST_STEP][PASSED] - click: Object: 'Object Repository/Backoffice/Betting/Match/Create_match/Pop up Add match/input_Close_add_match' is clicked on

2018-10-19 18:12:53 - [MESSAGE][PASSED] - Object: 'Object Repository/Backoffice/Betting/Match/Create_match/Pop up Add match/input_Close_add_match' is clicked on

2018-10-19 18:12:53 - [TEST_STEP][PASSED] - waitForElementVisible: Object 'Object Repository/Backoffice/Betting/Match/span_Clickmatch' is visible

2018-10-19 18:12:53 - [MESSAGE][PASSED] - Object 'Object Repository/Backoffice/Betting/Match/span_Clickmatch' is visible]]></system-out>
         <system-err><![CDATA[]]></system-err>
      </testcase>
      <testcase name="Test Cases/Staging/Backoffice/Betting/Create_match" classname="Test Cases/Staging/Backoffice/Betting/Create_match" status="PASSED">
         <system-out><![CDATA[2018-10-19 18:12:53 - [TEST_CASE][PASSED] - Test Cases/Staging/Backoffice/Betting/Create_match: Test Cases/Staging/Backoffice/Betting/Create_match

2018-10-19 18:12:53 - [TEST_STEP][PASSED] - focus: Object: 'Object Repository/Backoffice/Betting/Betting_header' is focused

2018-10-19 18:12:53 - [MESSAGE][PASSED] - Object: 'Object Repository/Backoffice/Betting/Betting_header' is focused

2018-10-19 18:12:53 - [TEST_STEP][PASSED] - click: Object: 'Object Repository/Backoffice/Betting/Match_header' is clicked on

2018-10-19 18:12:54 - [MESSAGE][PASSED] - Object: 'Object Repository/Backoffice/Betting/Match_header' is clicked on

2018-10-19 18:12:54 - [TEST_STEP][PASSED] - click: Object: 'Object Repository/Backoffice/Betting/Match/Create_match/button_Create Match' is clicked on

2018-10-19 18:12:54 - [MESSAGE][PASSED] - Object: 'Object Repository/Backoffice/Betting/Match/Create_match/button_Create Match' is clicked on

2018-10-19 18:12:54 - [TEST_STEP][PASSED] - delay: Delayed 2 second(s)

2018-10-19 18:12:56 - [MESSAGE][PASSED] - Delayed 2 second(s)

2018-10-19 18:12:56 - [TEST_STEP][PASSED] - waitForElementVisible: Object 'Object Repository/Backoffice/Betting/Match/Create_match/Pop up Add match/select_arena' is visible

2018-10-19 18:12:56 - [MESSAGE][PASSED] - Object 'Object Repository/Backoffice/Betting/Match/Create_match/Pop up Add match/select_arena' is visible

2018-10-19 18:12:56 - [TEST_STEP][PASSED] - selectOptionByLabel: All options with label 'CVCC3 - 10' are selected in object 'Object Repository/Backoffice/Betting/Match/Create_match/Pop up Add match/select_arena' 

2018-10-19 18:12:56 - [MESSAGE][PASSED] - All options with label 'CVCC3 - 10' are selected in object 'Object Repository/Backoffice/Betting/Match/Create_match/Pop up Add match/select_arena' 

2018-10-19 18:12:56 - [TEST_STEP][PASSED] - sendKeys: Keys '' sent to object: 'Object Repository/Backoffice/Betting/Match/Create_match/Pop up Add match/input_Event Name_match_name'

2018-10-19 18:12:56 - [MESSAGE][PASSED] - Keys '' sent to object: 'Object Repository/Backoffice/Betting/Match/Create_match/Pop up Add match/input_Event Name_match_name'

2018-10-19 18:12:56 - [TEST_STEP][PASSED] - sendKeys: Keys '' sent to object: 'Object Repository/Backoffice/Betting/Match/Create_match/Pop up Add match/input_Profit Margin ()_match_p'

2018-10-19 18:12:56 - [MESSAGE][PASSED] - Keys '' sent to object: 'Object Repository/Backoffice/Betting/Match/Create_match/Pop up Add match/input_Profit Margin ()_match_p'

2018-10-19 18:12:56 - [TEST_STEP][PASSED] - sendKeys: Keys 'testteamA64' sent to object: 'Object Repository/Backoffice/Betting/Match/Create_match/Pop up Add match/input_Name_banker_name'

2018-10-19 18:12:56 - [MESSAGE][PASSED] - Keys 'testteamA64' sent to object: 'Object Repository/Backoffice/Betting/Match/Create_match/Pop up Add match/input_Name_banker_name'

2018-10-19 18:12:56 - [TEST_STEP][PASSED] - sendKeys: Keys 'testteamB64' sent to object: 'Object Repository/Backoffice/Betting/Match/Create_match/Pop up Add match/input_Name_player_name'

2018-10-19 18:12:56 - [MESSAGE][PASSED] - Keys 'testteamB64' sent to object: 'Object Repository/Backoffice/Betting/Match/Create_match/Pop up Add match/input_Name_player_name'

2018-10-19 18:12:56 - [TEST_STEP][PASSED] - delay: Delayed 3 second(s)

2018-10-19 18:12:59 - [MESSAGE][PASSED] - Delayed 3 second(s)

2018-10-19 18:12:59 - [TEST_STEP][PASSED] - click: Object: 'Object Repository/Backoffice/Betting/Match/Create_match/Pop up Add match/input_Close_add_match' is clicked on

2018-10-19 18:13:00 - [MESSAGE][PASSED] - Object: 'Object Repository/Backoffice/Betting/Match/Create_match/Pop up Add match/input_Close_add_match' is clicked on

2018-10-19 18:13:00 - [TEST_STEP][PASSED] - waitForElementVisible: Object 'Object Repository/Backoffice/Betting/Match/span_Clickmatch' is visible

2018-10-19 18:13:00 - [MESSAGE][PASSED] - Object 'Object Repository/Backoffice/Betting/Match/span_Clickmatch' is visible]]></system-out>
         <system-err><![CDATA[]]></system-err>
      </testcase>
      <testcase name="Test Cases/Staging/Backoffice/Betting/Create_match" classname="Test Cases/Staging/Backoffice/Betting/Create_match" status="PASSED">
         <system-out><![CDATA[2018-10-19 18:13:00 - [TEST_CASE][PASSED] - Test Cases/Staging/Backoffice/Betting/Create_match: Test Cases/Staging/Backoffice/Betting/Create_match

2018-10-19 18:13:00 - [TEST_STEP][PASSED] - focus: Object: 'Object Repository/Backoffice/Betting/Betting_header' is focused

2018-10-19 18:13:00 - [MESSAGE][PASSED] - Object: 'Object Repository/Backoffice/Betting/Betting_header' is focused

2018-10-19 18:13:00 - [TEST_STEP][PASSED] - click: Object: 'Object Repository/Backoffice/Betting/Match_header' is clicked on

2018-10-19 18:13:01 - [MESSAGE][PASSED] - Object: 'Object Repository/Backoffice/Betting/Match_header' is clicked on

2018-10-19 18:13:01 - [TEST_STEP][PASSED] - click: Object: 'Object Repository/Backoffice/Betting/Match/Create_match/button_Create Match' is clicked on

2018-10-19 18:13:01 - [MESSAGE][PASSED] - Object: 'Object Repository/Backoffice/Betting/Match/Create_match/button_Create Match' is clicked on

2018-10-19 18:13:01 - [TEST_STEP][PASSED] - delay: Delayed 2 second(s)

2018-10-19 18:13:03 - [MESSAGE][PASSED] - Delayed 2 second(s)

2018-10-19 18:13:03 - [TEST_STEP][PASSED] - waitForElementVisible: Object 'Object Repository/Backoffice/Betting/Match/Create_match/Pop up Add match/select_arena' is visible

2018-10-19 18:13:03 - [MESSAGE][PASSED] - Object 'Object Repository/Backoffice/Betting/Match/Create_match/Pop up Add match/select_arena' is visible

2018-10-19 18:13:03 - [TEST_STEP][PASSED] - selectOptionByLabel: All options with label 'CVCC3 - 10' are selected in object 'Object Repository/Backoffice/Betting/Match/Create_match/Pop up Add match/select_arena' 

2018-10-19 18:13:03 - [MESSAGE][PASSED] - All options with label 'CVCC3 - 10' are selected in object 'Object Repository/Backoffice/Betting/Match/Create_match/Pop up Add match/select_arena' 

2018-10-19 18:13:03 - [TEST_STEP][PASSED] - sendKeys: Keys '' sent to object: 'Object Repository/Backoffice/Betting/Match/Create_match/Pop up Add match/input_Event Name_match_name'

2018-10-19 18:13:03 - [MESSAGE][PASSED] - Keys '' sent to object: 'Object Repository/Backoffice/Betting/Match/Create_match/Pop up Add match/input_Event Name_match_name'

2018-10-19 18:13:03 - [TEST_STEP][PASSED] - sendKeys: Keys '' sent to object: 'Object Repository/Backoffice/Betting/Match/Create_match/Pop up Add match/input_Profit Margin ()_match_p'

2018-10-19 18:13:03 - [MESSAGE][PASSED] - Keys '' sent to object: 'Object Repository/Backoffice/Betting/Match/Create_match/Pop up Add match/input_Profit Margin ()_match_p'

2018-10-19 18:13:03 - [TEST_STEP][PASSED] - sendKeys: Keys 'testteamA65' sent to object: 'Object Repository/Backoffice/Betting/Match/Create_match/Pop up Add match/input_Name_banker_name'

2018-10-19 18:13:03 - [MESSAGE][PASSED] - Keys 'testteamA65' sent to object: 'Object Repository/Backoffice/Betting/Match/Create_match/Pop up Add match/input_Name_banker_name'

2018-10-19 18:13:03 - [TEST_STEP][PASSED] - sendKeys: Keys 'testteamB65' sent to object: 'Object Repository/Backoffice/Betting/Match/Create_match/Pop up Add match/input_Name_player_name'

2018-10-19 18:13:04 - [MESSAGE][PASSED] - Keys 'testteamB65' sent to object: 'Object Repository/Backoffice/Betting/Match/Create_match/Pop up Add match/input_Name_player_name'

2018-10-19 18:13:04 - [TEST_STEP][PASSED] - delay: Delayed 3 second(s)

2018-10-19 18:13:07 - [MESSAGE][PASSED] - Delayed 3 second(s)

2018-10-19 18:13:07 - [TEST_STEP][PASSED] - click: Object: 'Object Repository/Backoffice/Betting/Match/Create_match/Pop up Add match/input_Close_add_match' is clicked on

2018-10-19 18:13:08 - [MESSAGE][PASSED] - Object: 'Object Repository/Backoffice/Betting/Match/Create_match/Pop up Add match/input_Close_add_match' is clicked on

2018-10-19 18:13:08 - [TEST_STEP][PASSED] - waitForElementVisible: Object 'Object Repository/Backoffice/Betting/Match/span_Clickmatch' is visible

2018-10-19 18:13:08 - [MESSAGE][PASSED] - Object 'Object Repository/Backoffice/Betting/Match/span_Clickmatch' is visible]]></system-out>
         <system-err><![CDATA[]]></system-err>
      </testcase>
      <testcase name="Test Cases/Staging/Backoffice/Betting/Create_match" classname="Test Cases/Staging/Backoffice/Betting/Create_match" status="PASSED">
         <system-out><![CDATA[2018-10-19 18:13:08 - [TEST_CASE][PASSED] - Test Cases/Staging/Backoffice/Betting/Create_match: Test Cases/Staging/Backoffice/Betting/Create_match

2018-10-19 18:13:08 - [TEST_STEP][PASSED] - focus: Object: 'Object Repository/Backoffice/Betting/Betting_header' is focused

2018-10-19 18:13:08 - [MESSAGE][PASSED] - Object: 'Object Repository/Backoffice/Betting/Betting_header' is focused

2018-10-19 18:13:08 - [TEST_STEP][PASSED] - click: Object: 'Object Repository/Backoffice/Betting/Match_header' is clicked on

2018-10-19 18:13:08 - [MESSAGE][PASSED] - Object: 'Object Repository/Backoffice/Betting/Match_header' is clicked on

2018-10-19 18:13:08 - [TEST_STEP][PASSED] - click: Object: 'Object Repository/Backoffice/Betting/Match/Create_match/button_Create Match' is clicked on

2018-10-19 18:13:08 - [MESSAGE][PASSED] - Object: 'Object Repository/Backoffice/Betting/Match/Create_match/button_Create Match' is clicked on

2018-10-19 18:13:08 - [TEST_STEP][PASSED] - delay: Delayed 2 second(s)

2018-10-19 18:13:10 - [MESSAGE][PASSED] - Delayed 2 second(s)

2018-10-19 18:13:10 - [TEST_STEP][PASSED] - waitForElementVisible: Object 'Object Repository/Backoffice/Betting/Match/Create_match/Pop up Add match/select_arena' is visible

2018-10-19 18:13:10 - [MESSAGE][PASSED] - Object 'Object Repository/Backoffice/Betting/Match/Create_match/Pop up Add match/select_arena' is visible

2018-10-19 18:13:10 - [TEST_STEP][PASSED] - selectOptionByLabel: All options with label 'CVCC3 - 10' are selected in object 'Object Repository/Backoffice/Betting/Match/Create_match/Pop up Add match/select_arena' 

2018-10-19 18:13:11 - [MESSAGE][PASSED] - All options with label 'CVCC3 - 10' are selected in object 'Object Repository/Backoffice/Betting/Match/Create_match/Pop up Add match/select_arena' 

2018-10-19 18:13:11 - [TEST_STEP][PASSED] - sendKeys: Keys '' sent to object: 'Object Repository/Backoffice/Betting/Match/Create_match/Pop up Add match/input_Event Name_match_name'

2018-10-19 18:13:11 - [MESSAGE][PASSED] - Keys '' sent to object: 'Object Repository/Backoffice/Betting/Match/Create_match/Pop up Add match/input_Event Name_match_name'

2018-10-19 18:13:11 - [TEST_STEP][PASSED] - sendKeys: Keys '' sent to object: 'Object Repository/Backoffice/Betting/Match/Create_match/Pop up Add match/input_Profit Margin ()_match_p'

2018-10-19 18:13:11 - [MESSAGE][PASSED] - Keys '' sent to object: 'Object Repository/Backoffice/Betting/Match/Create_match/Pop up Add match/input_Profit Margin ()_match_p'

2018-10-19 18:13:11 - [TEST_STEP][PASSED] - sendKeys: Keys 'testteamA66' sent to object: 'Object Repository/Backoffice/Betting/Match/Create_match/Pop up Add match/input_Name_banker_name'

2018-10-19 18:13:11 - [MESSAGE][PASSED] - Keys 'testteamA66' sent to object: 'Object Repository/Backoffice/Betting/Match/Create_match/Pop up Add match/input_Name_banker_name'

2018-10-19 18:13:11 - [TEST_STEP][PASSED] - sendKeys: Keys 'testteamB66' sent to object: 'Object Repository/Backoffice/Betting/Match/Create_match/Pop up Add match/input_Name_player_name'

2018-10-19 18:13:11 - [MESSAGE][PASSED] - Keys 'testteamB66' sent to object: 'Object Repository/Backoffice/Betting/Match/Create_match/Pop up Add match/input_Name_player_name'

2018-10-19 18:13:11 - [TEST_STEP][PASSED] - delay: Delayed 3 second(s)

2018-10-19 18:13:14 - [MESSAGE][PASSED] - Delayed 3 second(s)

2018-10-19 18:13:14 - [TEST_STEP][PASSED] - click: Object: 'Object Repository/Backoffice/Betting/Match/Create_match/Pop up Add match/input_Close_add_match' is clicked on

2018-10-19 18:13:15 - [MESSAGE][PASSED] - Object: 'Object Repository/Backoffice/Betting/Match/Create_match/Pop up Add match/input_Close_add_match' is clicked on

2018-10-19 18:13:15 - [TEST_STEP][PASSED] - waitForElementVisible: Object 'Object Repository/Backoffice/Betting/Match/span_Clickmatch' is visible

2018-10-19 18:13:15 - [MESSAGE][PASSED] - Object 'Object Repository/Backoffice/Betting/Match/span_Clickmatch' is visible]]></system-out>
         <system-err><![CDATA[]]></system-err>
      </testcase>
      <testcase name="Test Cases/Staging/Backoffice/Betting/Create_match" classname="Test Cases/Staging/Backoffice/Betting/Create_match" status="PASSED">
         <system-out><![CDATA[2018-10-19 18:13:15 - [TEST_CASE][PASSED] - Test Cases/Staging/Backoffice/Betting/Create_match: Test Cases/Staging/Backoffice/Betting/Create_match

2018-10-19 18:13:15 - [TEST_STEP][PASSED] - focus: Object: 'Object Repository/Backoffice/Betting/Betting_header' is focused

2018-10-19 18:13:15 - [MESSAGE][PASSED] - Object: 'Object Repository/Backoffice/Betting/Betting_header' is focused

2018-10-19 18:13:15 - [TEST_STEP][PASSED] - click: Object: 'Object Repository/Backoffice/Betting/Match_header' is clicked on

2018-10-19 18:13:16 - [MESSAGE][PASSED] - Object: 'Object Repository/Backoffice/Betting/Match_header' is clicked on

2018-10-19 18:13:16 - [TEST_STEP][PASSED] - click: Object: 'Object Repository/Backoffice/Betting/Match/Create_match/button_Create Match' is clicked on

2018-10-19 18:13:16 - [MESSAGE][PASSED] - Object: 'Object Repository/Backoffice/Betting/Match/Create_match/button_Create Match' is clicked on

2018-10-19 18:13:16 - [TEST_STEP][PASSED] - delay: Delayed 2 second(s)

2018-10-19 18:13:18 - [MESSAGE][PASSED] - Delayed 2 second(s)

2018-10-19 18:13:18 - [TEST_STEP][PASSED] - waitForElementVisible: Object 'Object Repository/Backoffice/Betting/Match/Create_match/Pop up Add match/select_arena' is visible

2018-10-19 18:13:18 - [MESSAGE][PASSED] - Object 'Object Repository/Backoffice/Betting/Match/Create_match/Pop up Add match/select_arena' is visible

2018-10-19 18:13:18 - [TEST_STEP][PASSED] - selectOptionByLabel: All options with label 'CVCC3 - 10' are selected in object 'Object Repository/Backoffice/Betting/Match/Create_match/Pop up Add match/select_arena' 

2018-10-19 18:13:18 - [MESSAGE][PASSED] - All options with label 'CVCC3 - 10' are selected in object 'Object Repository/Backoffice/Betting/Match/Create_match/Pop up Add match/select_arena' 

2018-10-19 18:13:18 - [TEST_STEP][PASSED] - sendKeys: Keys '' sent to object: 'Object Repository/Backoffice/Betting/Match/Create_match/Pop up Add match/input_Event Name_match_name'

2018-10-19 18:13:18 - [MESSAGE][PASSED] - Keys '' sent to object: 'Object Repository/Backoffice/Betting/Match/Create_match/Pop up Add match/input_Event Name_match_name'

2018-10-19 18:13:18 - [TEST_STEP][PASSED] - sendKeys: Keys '' sent to object: 'Object Repository/Backoffice/Betting/Match/Create_match/Pop up Add match/input_Profit Margin ()_match_p'

2018-10-19 18:13:18 - [MESSAGE][PASSED] - Keys '' sent to object: 'Object Repository/Backoffice/Betting/Match/Create_match/Pop up Add match/input_Profit Margin ()_match_p'

2018-10-19 18:13:18 - [TEST_STEP][PASSED] - sendKeys: Keys 'testteamA67' sent to object: 'Object Repository/Backoffice/Betting/Match/Create_match/Pop up Add match/input_Name_banker_name'

2018-10-19 18:13:18 - [MESSAGE][PASSED] - Keys 'testteamA67' sent to object: 'Object Repository/Backoffice/Betting/Match/Create_match/Pop up Add match/input_Name_banker_name'

2018-10-19 18:13:18 - [TEST_STEP][PASSED] - sendKeys: Keys 'testteamB67' sent to object: 'Object Repository/Backoffice/Betting/Match/Create_match/Pop up Add match/input_Name_player_name'

2018-10-19 18:13:18 - [MESSAGE][PASSED] - Keys 'testteamB67' sent to object: 'Object Repository/Backoffice/Betting/Match/Create_match/Pop up Add match/input_Name_player_name'

2018-10-19 18:13:18 - [TEST_STEP][PASSED] - delay: Delayed 3 second(s)

2018-10-19 18:13:21 - [MESSAGE][PASSED] - Delayed 3 second(s)

2018-10-19 18:13:21 - [TEST_STEP][PASSED] - click: Object: 'Object Repository/Backoffice/Betting/Match/Create_match/Pop up Add match/input_Close_add_match' is clicked on

2018-10-19 18:13:22 - [MESSAGE][PASSED] - Object: 'Object Repository/Backoffice/Betting/Match/Create_match/Pop up Add match/input_Close_add_match' is clicked on

2018-10-19 18:13:22 - [TEST_STEP][PASSED] - waitForElementVisible: Object 'Object Repository/Backoffice/Betting/Match/span_Clickmatch' is visible

2018-10-19 18:13:22 - [MESSAGE][PASSED] - Object 'Object Repository/Backoffice/Betting/Match/span_Clickmatch' is visible]]></system-out>
         <system-err><![CDATA[]]></system-err>
      </testcase>
      <testcase name="Test Cases/Staging/Backoffice/Betting/Create_match" classname="Test Cases/Staging/Backoffice/Betting/Create_match" status="PASSED">
         <system-out><![CDATA[2018-10-19 18:13:22 - [TEST_CASE][PASSED] - Test Cases/Staging/Backoffice/Betting/Create_match: Test Cases/Staging/Backoffice/Betting/Create_match

2018-10-19 18:13:22 - [TEST_STEP][PASSED] - focus: Object: 'Object Repository/Backoffice/Betting/Betting_header' is focused

2018-10-19 18:13:22 - [MESSAGE][PASSED] - Object: 'Object Repository/Backoffice/Betting/Betting_header' is focused

2018-10-19 18:13:22 - [TEST_STEP][PASSED] - click: Object: 'Object Repository/Backoffice/Betting/Match_header' is clicked on

2018-10-19 18:13:23 - [MESSAGE][PASSED] - Object: 'Object Repository/Backoffice/Betting/Match_header' is clicked on

2018-10-19 18:13:23 - [TEST_STEP][PASSED] - click: Object: 'Object Repository/Backoffice/Betting/Match/Create_match/button_Create Match' is clicked on

2018-10-19 18:13:23 - [MESSAGE][PASSED] - Object: 'Object Repository/Backoffice/Betting/Match/Create_match/button_Create Match' is clicked on

2018-10-19 18:13:23 - [TEST_STEP][PASSED] - delay: Delayed 2 second(s)

2018-10-19 18:13:25 - [MESSAGE][PASSED] - Delayed 2 second(s)

2018-10-19 18:13:25 - [TEST_STEP][PASSED] - waitForElementVisible: Object 'Object Repository/Backoffice/Betting/Match/Create_match/Pop up Add match/select_arena' is visible

2018-10-19 18:13:25 - [MESSAGE][PASSED] - Object 'Object Repository/Backoffice/Betting/Match/Create_match/Pop up Add match/select_arena' is visible

2018-10-19 18:13:25 - [TEST_STEP][PASSED] - selectOptionByLabel: All options with label 'CVCC3 - 10' are selected in object 'Object Repository/Backoffice/Betting/Match/Create_match/Pop up Add match/select_arena' 

2018-10-19 18:13:25 - [MESSAGE][PASSED] - All options with label 'CVCC3 - 10' are selected in object 'Object Repository/Backoffice/Betting/Match/Create_match/Pop up Add match/select_arena' 

2018-10-19 18:13:25 - [TEST_STEP][PASSED] - sendKeys: Keys '' sent to object: 'Object Repository/Backoffice/Betting/Match/Create_match/Pop up Add match/input_Event Name_match_name'

2018-10-19 18:13:25 - [MESSAGE][PASSED] - Keys '' sent to object: 'Object Repository/Backoffice/Betting/Match/Create_match/Pop up Add match/input_Event Name_match_name'

2018-10-19 18:13:25 - [TEST_STEP][PASSED] - sendKeys: Keys '' sent to object: 'Object Repository/Backoffice/Betting/Match/Create_match/Pop up Add match/input_Profit Margin ()_match_p'

2018-10-19 18:13:25 - [MESSAGE][PASSED] - Keys '' sent to object: 'Object Repository/Backoffice/Betting/Match/Create_match/Pop up Add match/input_Profit Margin ()_match_p'

2018-10-19 18:13:25 - [TEST_STEP][PASSED] - sendKeys: Keys 'testteamA68' sent to object: 'Object Repository/Backoffice/Betting/Match/Create_match/Pop up Add match/input_Name_banker_name'

2018-10-19 18:13:25 - [MESSAGE][PASSED] - Keys 'testteamA68' sent to object: 'Object Repository/Backoffice/Betting/Match/Create_match/Pop up Add match/input_Name_banker_name'

2018-10-19 18:13:25 - [TEST_STEP][PASSED] - sendKeys: Keys 'testteamB68' sent to object: 'Object Repository/Backoffice/Betting/Match/Create_match/Pop up Add match/input_Name_player_name'

2018-10-19 18:13:25 - [MESSAGE][PASSED] - Keys 'testteamB68' sent to object: 'Object Repository/Backoffice/Betting/Match/Create_match/Pop up Add match/input_Name_player_name'

2018-10-19 18:13:25 - [TEST_STEP][PASSED] - delay: Delayed 3 second(s)

2018-10-19 18:13:28 - [MESSAGE][PASSED] - Delayed 3 second(s)

2018-10-19 18:13:28 - [TEST_STEP][PASSED] - click: Object: 'Object Repository/Backoffice/Betting/Match/Create_match/Pop up Add match/input_Close_add_match' is clicked on

2018-10-19 18:13:29 - [MESSAGE][PASSED] - Object: 'Object Repository/Backoffice/Betting/Match/Create_match/Pop up Add match/input_Close_add_match' is clicked on

2018-10-19 18:13:29 - [TEST_STEP][PASSED] - waitForElementVisible: Object 'Object Repository/Backoffice/Betting/Match/span_Clickmatch' is visible

2018-10-19 18:13:29 - [MESSAGE][PASSED] - Object 'Object Repository/Backoffice/Betting/Match/span_Clickmatch' is visible]]></system-out>
         <system-err><![CDATA[]]></system-err>
      </testcase>
      <testcase name="Test Cases/Staging/Backoffice/Betting/Create_match" classname="Test Cases/Staging/Backoffice/Betting/Create_match" status="PASSED">
         <system-out><![CDATA[2018-10-19 18:13:29 - [TEST_CASE][PASSED] - Test Cases/Staging/Backoffice/Betting/Create_match: Test Cases/Staging/Backoffice/Betting/Create_match

2018-10-19 18:13:29 - [TEST_STEP][PASSED] - focus: Object: 'Object Repository/Backoffice/Betting/Betting_header' is focused

2018-10-19 18:13:30 - [MESSAGE][PASSED] - Object: 'Object Repository/Backoffice/Betting/Betting_header' is focused

2018-10-19 18:13:30 - [TEST_STEP][PASSED] - click: Object: 'Object Repository/Backoffice/Betting/Match_header' is clicked on

2018-10-19 18:13:30 - [MESSAGE][PASSED] - Object: 'Object Repository/Backoffice/Betting/Match_header' is clicked on

2018-10-19 18:13:30 - [TEST_STEP][PASSED] - click: Object: 'Object Repository/Backoffice/Betting/Match/Create_match/button_Create Match' is clicked on

2018-10-19 18:13:30 - [MESSAGE][PASSED] - Object: 'Object Repository/Backoffice/Betting/Match/Create_match/button_Create Match' is clicked on

2018-10-19 18:13:30 - [TEST_STEP][PASSED] - delay: Delayed 2 second(s)

2018-10-19 18:13:32 - [MESSAGE][PASSED] - Delayed 2 second(s)

2018-10-19 18:13:32 - [TEST_STEP][PASSED] - waitForElementVisible: Object 'Object Repository/Backoffice/Betting/Match/Create_match/Pop up Add match/select_arena' is visible

2018-10-19 18:13:32 - [MESSAGE][PASSED] - Object 'Object Repository/Backoffice/Betting/Match/Create_match/Pop up Add match/select_arena' is visible

2018-10-19 18:13:32 - [TEST_STEP][PASSED] - selectOptionByLabel: All options with label 'CVCC3 - 10' are selected in object 'Object Repository/Backoffice/Betting/Match/Create_match/Pop up Add match/select_arena' 

2018-10-19 18:13:33 - [MESSAGE][PASSED] - All options with label 'CVCC3 - 10' are selected in object 'Object Repository/Backoffice/Betting/Match/Create_match/Pop up Add match/select_arena' 

2018-10-19 18:13:33 - [TEST_STEP][PASSED] - sendKeys: Keys '' sent to object: 'Object Repository/Backoffice/Betting/Match/Create_match/Pop up Add match/input_Event Name_match_name'

2018-10-19 18:13:33 - [MESSAGE][PASSED] - Keys '' sent to object: 'Object Repository/Backoffice/Betting/Match/Create_match/Pop up Add match/input_Event Name_match_name'

2018-10-19 18:13:33 - [TEST_STEP][PASSED] - sendKeys: Keys '' sent to object: 'Object Repository/Backoffice/Betting/Match/Create_match/Pop up Add match/input_Profit Margin ()_match_p'

2018-10-19 18:13:33 - [MESSAGE][PASSED] - Keys '' sent to object: 'Object Repository/Backoffice/Betting/Match/Create_match/Pop up Add match/input_Profit Margin ()_match_p'

2018-10-19 18:13:33 - [TEST_STEP][PASSED] - sendKeys: Keys 'testteamA69' sent to object: 'Object Repository/Backoffice/Betting/Match/Create_match/Pop up Add match/input_Name_banker_name'

2018-10-19 18:13:33 - [MESSAGE][PASSED] - Keys 'testteamA69' sent to object: 'Object Repository/Backoffice/Betting/Match/Create_match/Pop up Add match/input_Name_banker_name'

2018-10-19 18:13:33 - [TEST_STEP][PASSED] - sendKeys: Keys 'testteamB69' sent to object: 'Object Repository/Backoffice/Betting/Match/Create_match/Pop up Add match/input_Name_player_name'

2018-10-19 18:13:33 - [MESSAGE][PASSED] - Keys 'testteamB69' sent to object: 'Object Repository/Backoffice/Betting/Match/Create_match/Pop up Add match/input_Name_player_name'

2018-10-19 18:13:33 - [TEST_STEP][PASSED] - delay: Delayed 3 second(s)

2018-10-19 18:13:36 - [MESSAGE][PASSED] - Delayed 3 second(s)

2018-10-19 18:13:36 - [TEST_STEP][PASSED] - click: Object: 'Object Repository/Backoffice/Betting/Match/Create_match/Pop up Add match/input_Close_add_match' is clicked on

2018-10-19 18:13:37 - [MESSAGE][PASSED] - Object: 'Object Repository/Backoffice/Betting/Match/Create_match/Pop up Add match/input_Close_add_match' is clicked on

2018-10-19 18:13:37 - [TEST_STEP][PASSED] - waitForElementVisible: Object 'Object Repository/Backoffice/Betting/Match/span_Clickmatch' is visible

2018-10-19 18:13:37 - [MESSAGE][PASSED] - Object 'Object Repository/Backoffice/Betting/Match/span_Clickmatch' is visible]]></system-out>
         <system-err><![CDATA[]]></system-err>
      </testcase>
      <testcase name="Test Cases/Staging/Backoffice/Betting/Create_match" classname="Test Cases/Staging/Backoffice/Betting/Create_match" status="PASSED">
         <system-out><![CDATA[2018-10-19 18:13:37 - [TEST_CASE][PASSED] - Test Cases/Staging/Backoffice/Betting/Create_match: Test Cases/Staging/Backoffice/Betting/Create_match

2018-10-19 18:13:37 - [TEST_STEP][PASSED] - focus: Object: 'Object Repository/Backoffice/Betting/Betting_header' is focused

2018-10-19 18:13:37 - [MESSAGE][PASSED] - Object: 'Object Repository/Backoffice/Betting/Betting_header' is focused

2018-10-19 18:13:37 - [TEST_STEP][PASSED] - click: Object: 'Object Repository/Backoffice/Betting/Match_header' is clicked on

2018-10-19 18:13:38 - [MESSAGE][PASSED] - Object: 'Object Repository/Backoffice/Betting/Match_header' is clicked on

2018-10-19 18:13:38 - [TEST_STEP][PASSED] - click: Object: 'Object Repository/Backoffice/Betting/Match/Create_match/button_Create Match' is clicked on

2018-10-19 18:13:38 - [MESSAGE][PASSED] - Object: 'Object Repository/Backoffice/Betting/Match/Create_match/button_Create Match' is clicked on

2018-10-19 18:13:38 - [TEST_STEP][PASSED] - delay: Delayed 2 second(s)

2018-10-19 18:13:40 - [MESSAGE][PASSED] - Delayed 2 second(s)

2018-10-19 18:13:40 - [TEST_STEP][PASSED] - waitForElementVisible: Object 'Object Repository/Backoffice/Betting/Match/Create_match/Pop up Add match/select_arena' is visible

2018-10-19 18:13:40 - [MESSAGE][PASSED] - Object 'Object Repository/Backoffice/Betting/Match/Create_match/Pop up Add match/select_arena' is visible

2018-10-19 18:13:40 - [TEST_STEP][PASSED] - selectOptionByLabel: All options with label 'CVCC3 - 10' are selected in object 'Object Repository/Backoffice/Betting/Match/Create_match/Pop up Add match/select_arena' 

2018-10-19 18:13:40 - [MESSAGE][PASSED] - All options with label 'CVCC3 - 10' are selected in object 'Object Repository/Backoffice/Betting/Match/Create_match/Pop up Add match/select_arena' 

2018-10-19 18:13:40 - [TEST_STEP][PASSED] - sendKeys: Keys '' sent to object: 'Object Repository/Backoffice/Betting/Match/Create_match/Pop up Add match/input_Event Name_match_name'

2018-10-19 18:13:40 - [MESSAGE][PASSED] - Keys '' sent to object: 'Object Repository/Backoffice/Betting/Match/Create_match/Pop up Add match/input_Event Name_match_name'

2018-10-19 18:13:40 - [TEST_STEP][PASSED] - sendKeys: Keys '' sent to object: 'Object Repository/Backoffice/Betting/Match/Create_match/Pop up Add match/input_Profit Margin ()_match_p'

2018-10-19 18:13:40 - [MESSAGE][PASSED] - Keys '' sent to object: 'Object Repository/Backoffice/Betting/Match/Create_match/Pop up Add match/input_Profit Margin ()_match_p'

2018-10-19 18:13:40 - [TEST_STEP][PASSED] - sendKeys: Keys 'testteamA70' sent to object: 'Object Repository/Backoffice/Betting/Match/Create_match/Pop up Add match/input_Name_banker_name'

2018-10-19 18:13:40 - [MESSAGE][PASSED] - Keys 'testteamA70' sent to object: 'Object Repository/Backoffice/Betting/Match/Create_match/Pop up Add match/input_Name_banker_name'

2018-10-19 18:13:40 - [TEST_STEP][PASSED] - sendKeys: Keys 'testteamB70' sent to object: 'Object Repository/Backoffice/Betting/Match/Create_match/Pop up Add match/input_Name_player_name'

2018-10-19 18:13:40 - [MESSAGE][PASSED] - Keys 'testteamB70' sent to object: 'Object Repository/Backoffice/Betting/Match/Create_match/Pop up Add match/input_Name_player_name'

2018-10-19 18:13:40 - [TEST_STEP][PASSED] - delay: Delayed 3 second(s)

2018-10-19 18:13:43 - [MESSAGE][PASSED] - Delayed 3 second(s)

2018-10-19 18:13:43 - [TEST_STEP][PASSED] - click: Object: 'Object Repository/Backoffice/Betting/Match/Create_match/Pop up Add match/input_Close_add_match' is clicked on

2018-10-19 18:13:44 - [MESSAGE][PASSED] - Object: 'Object Repository/Backoffice/Betting/Match/Create_match/Pop up Add match/input_Close_add_match' is clicked on

2018-10-19 18:13:44 - [TEST_STEP][PASSED] - waitForElementVisible: Object 'Object Repository/Backoffice/Betting/Match/span_Clickmatch' is visible

2018-10-19 18:13:44 - [MESSAGE][PASSED] - Object 'Object Repository/Backoffice/Betting/Match/span_Clickmatch' is visible]]></system-out>
         <system-err><![CDATA[]]></system-err>
      </testcase>
      <testcase name="Test Cases/Staging/Backoffice/Betting/Create_match" classname="Test Cases/Staging/Backoffice/Betting/Create_match" status="PASSED">
         <system-out><![CDATA[2018-10-19 18:13:44 - [TEST_CASE][PASSED] - Test Cases/Staging/Backoffice/Betting/Create_match: Test Cases/Staging/Backoffice/Betting/Create_match

2018-10-19 18:13:44 - [TEST_STEP][PASSED] - focus: Object: 'Object Repository/Backoffice/Betting/Betting_header' is focused

2018-10-19 18:13:44 - [MESSAGE][PASSED] - Object: 'Object Repository/Backoffice/Betting/Betting_header' is focused

2018-10-19 18:13:44 - [TEST_STEP][PASSED] - click: Object: 'Object Repository/Backoffice/Betting/Match_header' is clicked on

2018-10-19 18:13:45 - [MESSAGE][PASSED] - Object: 'Object Repository/Backoffice/Betting/Match_header' is clicked on

2018-10-19 18:13:45 - [TEST_STEP][PASSED] - click: Object: 'Object Repository/Backoffice/Betting/Match/Create_match/button_Create Match' is clicked on

2018-10-19 18:13:45 - [MESSAGE][PASSED] - Object: 'Object Repository/Backoffice/Betting/Match/Create_match/button_Create Match' is clicked on

2018-10-19 18:13:45 - [TEST_STEP][PASSED] - delay: Delayed 2 second(s)

2018-10-19 18:13:47 - [MESSAGE][PASSED] - Delayed 2 second(s)

2018-10-19 18:13:47 - [TEST_STEP][PASSED] - waitForElementVisible: Object 'Object Repository/Backoffice/Betting/Match/Create_match/Pop up Add match/select_arena' is visible

2018-10-19 18:13:47 - [MESSAGE][PASSED] - Object 'Object Repository/Backoffice/Betting/Match/Create_match/Pop up Add match/select_arena' is visible

2018-10-19 18:13:47 - [TEST_STEP][PASSED] - selectOptionByLabel: All options with label 'CVCC3 - 10' are selected in object 'Object Repository/Backoffice/Betting/Match/Create_match/Pop up Add match/select_arena' 

2018-10-19 18:13:47 - [MESSAGE][PASSED] - All options with label 'CVCC3 - 10' are selected in object 'Object Repository/Backoffice/Betting/Match/Create_match/Pop up Add match/select_arena' 

2018-10-19 18:13:47 - [TEST_STEP][PASSED] - sendKeys: Keys '' sent to object: 'Object Repository/Backoffice/Betting/Match/Create_match/Pop up Add match/input_Event Name_match_name'

2018-10-19 18:13:47 - [MESSAGE][PASSED] - Keys '' sent to object: 'Object Repository/Backoffice/Betting/Match/Create_match/Pop up Add match/input_Event Name_match_name'

2018-10-19 18:13:47 - [TEST_STEP][PASSED] - sendKeys: Keys '' sent to object: 'Object Repository/Backoffice/Betting/Match/Create_match/Pop up Add match/input_Profit Margin ()_match_p'

2018-10-19 18:13:47 - [MESSAGE][PASSED] - Keys '' sent to object: 'Object Repository/Backoffice/Betting/Match/Create_match/Pop up Add match/input_Profit Margin ()_match_p'

2018-10-19 18:13:47 - [TEST_STEP][PASSED] - sendKeys: Keys 'testteamA71' sent to object: 'Object Repository/Backoffice/Betting/Match/Create_match/Pop up Add match/input_Name_banker_name'

2018-10-19 18:13:47 - [MESSAGE][PASSED] - Keys 'testteamA71' sent to object: 'Object Repository/Backoffice/Betting/Match/Create_match/Pop up Add match/input_Name_banker_name'

2018-10-19 18:13:47 - [TEST_STEP][PASSED] - sendKeys: Keys 'testteamB71' sent to object: 'Object Repository/Backoffice/Betting/Match/Create_match/Pop up Add match/input_Name_player_name'

2018-10-19 18:13:48 - [MESSAGE][PASSED] - Keys 'testteamB71' sent to object: 'Object Repository/Backoffice/Betting/Match/Create_match/Pop up Add match/input_Name_player_name'

2018-10-19 18:13:48 - [TEST_STEP][PASSED] - delay: Delayed 3 second(s)

2018-10-19 18:13:51 - [MESSAGE][PASSED] - Delayed 3 second(s)

2018-10-19 18:13:51 - [TEST_STEP][PASSED] - click: Object: 'Object Repository/Backoffice/Betting/Match/Create_match/Pop up Add match/input_Close_add_match' is clicked on

2018-10-19 18:13:52 - [MESSAGE][PASSED] - Object: 'Object Repository/Backoffice/Betting/Match/Create_match/Pop up Add match/input_Close_add_match' is clicked on

2018-10-19 18:13:52 - [TEST_STEP][PASSED] - waitForElementVisible: Object 'Object Repository/Backoffice/Betting/Match/span_Clickmatch' is visible

2018-10-19 18:13:52 - [MESSAGE][PASSED] - Object 'Object Repository/Backoffice/Betting/Match/span_Clickmatch' is visible]]></system-out>
         <system-err><![CDATA[]]></system-err>
      </testcase>
      <testcase name="Test Cases/Staging/Backoffice/Betting/Create_match" classname="Test Cases/Staging/Backoffice/Betting/Create_match" status="PASSED">
         <system-out><![CDATA[2018-10-19 18:13:52 - [TEST_CASE][PASSED] - Test Cases/Staging/Backoffice/Betting/Create_match: Test Cases/Staging/Backoffice/Betting/Create_match

2018-10-19 18:13:52 - [TEST_STEP][PASSED] - focus: Object: 'Object Repository/Backoffice/Betting/Betting_header' is focused

2018-10-19 18:13:52 - [MESSAGE][PASSED] - Object: 'Object Repository/Backoffice/Betting/Betting_header' is focused

2018-10-19 18:13:52 - [TEST_STEP][PASSED] - click: Object: 'Object Repository/Backoffice/Betting/Match_header' is clicked on

2018-10-19 18:13:52 - [MESSAGE][PASSED] - Object: 'Object Repository/Backoffice/Betting/Match_header' is clicked on

2018-10-19 18:13:52 - [TEST_STEP][PASSED] - click: Object: 'Object Repository/Backoffice/Betting/Match/Create_match/button_Create Match' is clicked on

2018-10-19 18:13:52 - [MESSAGE][PASSED] - Object: 'Object Repository/Backoffice/Betting/Match/Create_match/button_Create Match' is clicked on

2018-10-19 18:13:52 - [TEST_STEP][PASSED] - delay: Delayed 2 second(s)

2018-10-19 18:13:54 - [MESSAGE][PASSED] - Delayed 2 second(s)

2018-10-19 18:13:55 - [TEST_STEP][PASSED] - waitForElementVisible: Object 'Object Repository/Backoffice/Betting/Match/Create_match/Pop up Add match/select_arena' is visible

2018-10-19 18:13:55 - [MESSAGE][PASSED] - Object 'Object Repository/Backoffice/Betting/Match/Create_match/Pop up Add match/select_arena' is visible

2018-10-19 18:13:55 - [TEST_STEP][PASSED] - selectOptionByLabel: All options with label 'CVCC3 - 10' are selected in object 'Object Repository/Backoffice/Betting/Match/Create_match/Pop up Add match/select_arena' 

2018-10-19 18:13:55 - [MESSAGE][PASSED] - All options with label 'CVCC3 - 10' are selected in object 'Object Repository/Backoffice/Betting/Match/Create_match/Pop up Add match/select_arena' 

2018-10-19 18:13:55 - [TEST_STEP][PASSED] - sendKeys: Keys '' sent to object: 'Object Repository/Backoffice/Betting/Match/Create_match/Pop up Add match/input_Event Name_match_name'

2018-10-19 18:13:55 - [MESSAGE][PASSED] - Keys '' sent to object: 'Object Repository/Backoffice/Betting/Match/Create_match/Pop up Add match/input_Event Name_match_name'

2018-10-19 18:13:55 - [TEST_STEP][PASSED] - sendKeys: Keys '' sent to object: 'Object Repository/Backoffice/Betting/Match/Create_match/Pop up Add match/input_Profit Margin ()_match_p'

2018-10-19 18:13:55 - [MESSAGE][PASSED] - Keys '' sent to object: 'Object Repository/Backoffice/Betting/Match/Create_match/Pop up Add match/input_Profit Margin ()_match_p'

2018-10-19 18:13:55 - [TEST_STEP][PASSED] - sendKeys: Keys 'testteamA72' sent to object: 'Object Repository/Backoffice/Betting/Match/Create_match/Pop up Add match/input_Name_banker_name'

2018-10-19 18:13:55 - [MESSAGE][PASSED] - Keys 'testteamA72' sent to object: 'Object Repository/Backoffice/Betting/Match/Create_match/Pop up Add match/input_Name_banker_name'

2018-10-19 18:13:55 - [TEST_STEP][PASSED] - sendKeys: Keys 'testteamB72' sent to object: 'Object Repository/Backoffice/Betting/Match/Create_match/Pop up Add match/input_Name_player_name'

2018-10-19 18:13:55 - [MESSAGE][PASSED] - Keys 'testteamB72' sent to object: 'Object Repository/Backoffice/Betting/Match/Create_match/Pop up Add match/input_Name_player_name'

2018-10-19 18:13:55 - [TEST_STEP][PASSED] - delay: Delayed 3 second(s)

2018-10-19 18:13:58 - [MESSAGE][PASSED] - Delayed 3 second(s)

2018-10-19 18:13:58 - [TEST_STEP][PASSED] - click: Object: 'Object Repository/Backoffice/Betting/Match/Create_match/Pop up Add match/input_Close_add_match' is clicked on

2018-10-19 18:13:59 - [MESSAGE][PASSED] - Object: 'Object Repository/Backoffice/Betting/Match/Create_match/Pop up Add match/input_Close_add_match' is clicked on

2018-10-19 18:13:59 - [TEST_STEP][PASSED] - waitForElementVisible: Object 'Object Repository/Backoffice/Betting/Match/span_Clickmatch' is visible

2018-10-19 18:13:59 - [MESSAGE][PASSED] - Object 'Object Repository/Backoffice/Betting/Match/span_Clickmatch' is visible]]></system-out>
         <system-err><![CDATA[]]></system-err>
      </testcase>
      <testcase name="Test Cases/Staging/Backoffice/Betting/Create_match" classname="Test Cases/Staging/Backoffice/Betting/Create_match" status="PASSED">
         <system-out><![CDATA[2018-10-19 18:13:59 - [TEST_CASE][PASSED] - Test Cases/Staging/Backoffice/Betting/Create_match: Test Cases/Staging/Backoffice/Betting/Create_match

2018-10-19 18:13:59 - [TEST_STEP][PASSED] - focus: Object: 'Object Repository/Backoffice/Betting/Betting_header' is focused

2018-10-19 18:13:59 - [MESSAGE][PASSED] - Object: 'Object Repository/Backoffice/Betting/Betting_header' is focused

2018-10-19 18:13:59 - [TEST_STEP][PASSED] - click: Object: 'Object Repository/Backoffice/Betting/Match_header' is clicked on

2018-10-19 18:14:00 - [MESSAGE][PASSED] - Object: 'Object Repository/Backoffice/Betting/Match_header' is clicked on

2018-10-19 18:14:00 - [TEST_STEP][PASSED] - click: Object: 'Object Repository/Backoffice/Betting/Match/Create_match/button_Create Match' is clicked on

2018-10-19 18:14:00 - [MESSAGE][PASSED] - Object: 'Object Repository/Backoffice/Betting/Match/Create_match/button_Create Match' is clicked on

2018-10-19 18:14:00 - [TEST_STEP][PASSED] - delay: Delayed 2 second(s)

2018-10-19 18:14:02 - [MESSAGE][PASSED] - Delayed 2 second(s)

2018-10-19 18:14:02 - [TEST_STEP][PASSED] - waitForElementVisible: Object 'Object Repository/Backoffice/Betting/Match/Create_match/Pop up Add match/select_arena' is visible

2018-10-19 18:14:02 - [MESSAGE][PASSED] - Object 'Object Repository/Backoffice/Betting/Match/Create_match/Pop up Add match/select_arena' is visible

2018-10-19 18:14:02 - [TEST_STEP][PASSED] - selectOptionByLabel: All options with label 'CVCC3 - 10' are selected in object 'Object Repository/Backoffice/Betting/Match/Create_match/Pop up Add match/select_arena' 

2018-10-19 18:14:02 - [MESSAGE][PASSED] - All options with label 'CVCC3 - 10' are selected in object 'Object Repository/Backoffice/Betting/Match/Create_match/Pop up Add match/select_arena' 

2018-10-19 18:14:02 - [TEST_STEP][PASSED] - sendKeys: Keys '' sent to object: 'Object Repository/Backoffice/Betting/Match/Create_match/Pop up Add match/input_Event Name_match_name'

2018-10-19 18:14:02 - [MESSAGE][PASSED] - Keys '' sent to object: 'Object Repository/Backoffice/Betting/Match/Create_match/Pop up Add match/input_Event Name_match_name'

2018-10-19 18:14:02 - [TEST_STEP][PASSED] - sendKeys: Keys '' sent to object: 'Object Repository/Backoffice/Betting/Match/Create_match/Pop up Add match/input_Profit Margin ()_match_p'

2018-10-19 18:14:02 - [MESSAGE][PASSED] - Keys '' sent to object: 'Object Repository/Backoffice/Betting/Match/Create_match/Pop up Add match/input_Profit Margin ()_match_p'

2018-10-19 18:14:02 - [TEST_STEP][PASSED] - sendKeys: Keys 'testteamA73' sent to object: 'Object Repository/Backoffice/Betting/Match/Create_match/Pop up Add match/input_Name_banker_name'

2018-10-19 18:14:02 - [MESSAGE][PASSED] - Keys 'testteamA73' sent to object: 'Object Repository/Backoffice/Betting/Match/Create_match/Pop up Add match/input_Name_banker_name'

2018-10-19 18:14:02 - [TEST_STEP][PASSED] - sendKeys: Keys 'testteamB73' sent to object: 'Object Repository/Backoffice/Betting/Match/Create_match/Pop up Add match/input_Name_player_name'

2018-10-19 18:14:02 - [MESSAGE][PASSED] - Keys 'testteamB73' sent to object: 'Object Repository/Backoffice/Betting/Match/Create_match/Pop up Add match/input_Name_player_name'

2018-10-19 18:14:02 - [TEST_STEP][PASSED] - delay: Delayed 3 second(s)

2018-10-19 18:14:05 - [MESSAGE][PASSED] - Delayed 3 second(s)

2018-10-19 18:14:05 - [TEST_STEP][PASSED] - click: Object: 'Object Repository/Backoffice/Betting/Match/Create_match/Pop up Add match/input_Close_add_match' is clicked on

2018-10-19 18:14:06 - [MESSAGE][PASSED] - Object: 'Object Repository/Backoffice/Betting/Match/Create_match/Pop up Add match/input_Close_add_match' is clicked on

2018-10-19 18:14:06 - [TEST_STEP][PASSED] - waitForElementVisible: Object 'Object Repository/Backoffice/Betting/Match/span_Clickmatch' is visible

2018-10-19 18:14:06 - [MESSAGE][PASSED] - Object 'Object Repository/Backoffice/Betting/Match/span_Clickmatch' is visible]]></system-out>
         <system-err><![CDATA[]]></system-err>
      </testcase>
      <testcase name="Test Cases/Staging/Backoffice/Betting/Create_match" classname="Test Cases/Staging/Backoffice/Betting/Create_match" status="PASSED">
         <system-out><![CDATA[2018-10-19 18:14:06 - [TEST_CASE][PASSED] - Test Cases/Staging/Backoffice/Betting/Create_match: Test Cases/Staging/Backoffice/Betting/Create_match

2018-10-19 18:14:06 - [TEST_STEP][PASSED] - focus: Object: 'Object Repository/Backoffice/Betting/Betting_header' is focused

2018-10-19 18:14:06 - [MESSAGE][PASSED] - Object: 'Object Repository/Backoffice/Betting/Betting_header' is focused

2018-10-19 18:14:06 - [TEST_STEP][PASSED] - click: Object: 'Object Repository/Backoffice/Betting/Match_header' is clicked on

2018-10-19 18:14:07 - [MESSAGE][PASSED] - Object: 'Object Repository/Backoffice/Betting/Match_header' is clicked on

2018-10-19 18:14:07 - [TEST_STEP][PASSED] - click: Object: 'Object Repository/Backoffice/Betting/Match/Create_match/button_Create Match' is clicked on

2018-10-19 18:14:07 - [MESSAGE][PASSED] - Object: 'Object Repository/Backoffice/Betting/Match/Create_match/button_Create Match' is clicked on

2018-10-19 18:14:07 - [TEST_STEP][PASSED] - delay: Delayed 2 second(s)

2018-10-19 18:14:09 - [MESSAGE][PASSED] - Delayed 2 second(s)

2018-10-19 18:14:09 - [TEST_STEP][PASSED] - waitForElementVisible: Object 'Object Repository/Backoffice/Betting/Match/Create_match/Pop up Add match/select_arena' is visible

2018-10-19 18:14:09 - [MESSAGE][PASSED] - Object 'Object Repository/Backoffice/Betting/Match/Create_match/Pop up Add match/select_arena' is visible

2018-10-19 18:14:09 - [TEST_STEP][PASSED] - selectOptionByLabel: All options with label 'CVCC3 - 10' are selected in object 'Object Repository/Backoffice/Betting/Match/Create_match/Pop up Add match/select_arena' 

2018-10-19 18:14:09 - [MESSAGE][PASSED] - All options with label 'CVCC3 - 10' are selected in object 'Object Repository/Backoffice/Betting/Match/Create_match/Pop up Add match/select_arena' 

2018-10-19 18:14:09 - [TEST_STEP][PASSED] - sendKeys: Keys '' sent to object: 'Object Repository/Backoffice/Betting/Match/Create_match/Pop up Add match/input_Event Name_match_name'

2018-10-19 18:14:09 - [MESSAGE][PASSED] - Keys '' sent to object: 'Object Repository/Backoffice/Betting/Match/Create_match/Pop up Add match/input_Event Name_match_name'

2018-10-19 18:14:09 - [TEST_STEP][PASSED] - sendKeys: Keys '' sent to object: 'Object Repository/Backoffice/Betting/Match/Create_match/Pop up Add match/input_Profit Margin ()_match_p'

2018-10-19 18:14:09 - [MESSAGE][PASSED] - Keys '' sent to object: 'Object Repository/Backoffice/Betting/Match/Create_match/Pop up Add match/input_Profit Margin ()_match_p'

2018-10-19 18:14:09 - [TEST_STEP][PASSED] - sendKeys: Keys 'testteamA74' sent to object: 'Object Repository/Backoffice/Betting/Match/Create_match/Pop up Add match/input_Name_banker_name'

2018-10-19 18:14:09 - [MESSAGE][PASSED] - Keys 'testteamA74' sent to object: 'Object Repository/Backoffice/Betting/Match/Create_match/Pop up Add match/input_Name_banker_name'

2018-10-19 18:14:09 - [TEST_STEP][PASSED] - sendKeys: Keys 'testteamB74' sent to object: 'Object Repository/Backoffice/Betting/Match/Create_match/Pop up Add match/input_Name_player_name'

2018-10-19 18:14:10 - [MESSAGE][PASSED] - Keys 'testteamB74' sent to object: 'Object Repository/Backoffice/Betting/Match/Create_match/Pop up Add match/input_Name_player_name'

2018-10-19 18:14:10 - [TEST_STEP][PASSED] - delay: Delayed 3 second(s)

2018-10-19 18:14:13 - [MESSAGE][PASSED] - Delayed 3 second(s)

2018-10-19 18:14:13 - [TEST_STEP][PASSED] - click: Object: 'Object Repository/Backoffice/Betting/Match/Create_match/Pop up Add match/input_Close_add_match' is clicked on

2018-10-19 18:14:13 - [MESSAGE][PASSED] - Object: 'Object Repository/Backoffice/Betting/Match/Create_match/Pop up Add match/input_Close_add_match' is clicked on

2018-10-19 18:14:13 - [TEST_STEP][PASSED] - waitForElementVisible: Object 'Object Repository/Backoffice/Betting/Match/span_Clickmatch' is visible

2018-10-19 18:14:13 - [MESSAGE][PASSED] - Object 'Object Repository/Backoffice/Betting/Match/span_Clickmatch' is visible]]></system-out>
         <system-err><![CDATA[]]></system-err>
      </testcase>
      <testcase name="Test Cases/Staging/Backoffice/Betting/Create_match" classname="Test Cases/Staging/Backoffice/Betting/Create_match" status="PASSED">
         <system-out><![CDATA[2018-10-19 18:14:13 - [TEST_CASE][PASSED] - Test Cases/Staging/Backoffice/Betting/Create_match: Test Cases/Staging/Backoffice/Betting/Create_match

2018-10-19 18:14:13 - [TEST_STEP][PASSED] - focus: Object: 'Object Repository/Backoffice/Betting/Betting_header' is focused

2018-10-19 18:14:14 - [MESSAGE][PASSED] - Object: 'Object Repository/Backoffice/Betting/Betting_header' is focused

2018-10-19 18:14:14 - [TEST_STEP][PASSED] - click: Object: 'Object Repository/Backoffice/Betting/Match_header' is clicked on

2018-10-19 18:14:14 - [MESSAGE][PASSED] - Object: 'Object Repository/Backoffice/Betting/Match_header' is clicked on

2018-10-19 18:14:14 - [TEST_STEP][PASSED] - click: Object: 'Object Repository/Backoffice/Betting/Match/Create_match/button_Create Match' is clicked on

2018-10-19 18:14:14 - [MESSAGE][PASSED] - Object: 'Object Repository/Backoffice/Betting/Match/Create_match/button_Create Match' is clicked on

2018-10-19 18:14:14 - [TEST_STEP][PASSED] - delay: Delayed 2 second(s)

2018-10-19 18:14:16 - [MESSAGE][PASSED] - Delayed 2 second(s)

2018-10-19 18:14:16 - [TEST_STEP][PASSED] - waitForElementVisible: Object 'Object Repository/Backoffice/Betting/Match/Create_match/Pop up Add match/select_arena' is visible

2018-10-19 18:14:16 - [MESSAGE][PASSED] - Object 'Object Repository/Backoffice/Betting/Match/Create_match/Pop up Add match/select_arena' is visible

2018-10-19 18:14:16 - [TEST_STEP][PASSED] - selectOptionByLabel: All options with label 'CVCC3 - 10' are selected in object 'Object Repository/Backoffice/Betting/Match/Create_match/Pop up Add match/select_arena' 

2018-10-19 18:14:17 - [MESSAGE][PASSED] - All options with label 'CVCC3 - 10' are selected in object 'Object Repository/Backoffice/Betting/Match/Create_match/Pop up Add match/select_arena' 

2018-10-19 18:14:17 - [TEST_STEP][PASSED] - sendKeys: Keys '' sent to object: 'Object Repository/Backoffice/Betting/Match/Create_match/Pop up Add match/input_Event Name_match_name'

2018-10-19 18:14:17 - [MESSAGE][PASSED] - Keys '' sent to object: 'Object Repository/Backoffice/Betting/Match/Create_match/Pop up Add match/input_Event Name_match_name'

2018-10-19 18:14:17 - [TEST_STEP][PASSED] - sendKeys: Keys '' sent to object: 'Object Repository/Backoffice/Betting/Match/Create_match/Pop up Add match/input_Profit Margin ()_match_p'

2018-10-19 18:14:17 - [MESSAGE][PASSED] - Keys '' sent to object: 'Object Repository/Backoffice/Betting/Match/Create_match/Pop up Add match/input_Profit Margin ()_match_p'

2018-10-19 18:14:17 - [TEST_STEP][PASSED] - sendKeys: Keys 'testteamA75' sent to object: 'Object Repository/Backoffice/Betting/Match/Create_match/Pop up Add match/input_Name_banker_name'

2018-10-19 18:14:17 - [MESSAGE][PASSED] - Keys 'testteamA75' sent to object: 'Object Repository/Backoffice/Betting/Match/Create_match/Pop up Add match/input_Name_banker_name'

2018-10-19 18:14:17 - [TEST_STEP][PASSED] - sendKeys: Keys 'testteamB75' sent to object: 'Object Repository/Backoffice/Betting/Match/Create_match/Pop up Add match/input_Name_player_name'

2018-10-19 18:14:17 - [MESSAGE][PASSED] - Keys 'testteamB75' sent to object: 'Object Repository/Backoffice/Betting/Match/Create_match/Pop up Add match/input_Name_player_name'

2018-10-19 18:14:17 - [TEST_STEP][PASSED] - delay: Delayed 3 second(s)

2018-10-19 18:14:20 - [MESSAGE][PASSED] - Delayed 3 second(s)

2018-10-19 18:14:20 - [TEST_STEP][PASSED] - click: Object: 'Object Repository/Backoffice/Betting/Match/Create_match/Pop up Add match/input_Close_add_match' is clicked on

2018-10-19 18:14:21 - [MESSAGE][PASSED] - Object: 'Object Repository/Backoffice/Betting/Match/Create_match/Pop up Add match/input_Close_add_match' is clicked on

2018-10-19 18:14:21 - [TEST_STEP][PASSED] - waitForElementVisible: Object 'Object Repository/Backoffice/Betting/Match/span_Clickmatch' is visible

2018-10-19 18:14:21 - [MESSAGE][PASSED] - Object 'Object Repository/Backoffice/Betting/Match/span_Clickmatch' is visible]]></system-out>
         <system-err><![CDATA[]]></system-err>
      </testcase>
      <testcase name="Test Cases/Staging/Backoffice/Betting/Create_match" classname="Test Cases/Staging/Backoffice/Betting/Create_match" status="PASSED">
         <system-out><![CDATA[2018-10-19 18:14:21 - [TEST_CASE][PASSED] - Test Cases/Staging/Backoffice/Betting/Create_match: Test Cases/Staging/Backoffice/Betting/Create_match

2018-10-19 18:14:21 - [TEST_STEP][PASSED] - focus: Object: 'Object Repository/Backoffice/Betting/Betting_header' is focused

2018-10-19 18:14:21 - [MESSAGE][PASSED] - Object: 'Object Repository/Backoffice/Betting/Betting_header' is focused

2018-10-19 18:14:21 - [TEST_STEP][PASSED] - click: Object: 'Object Repository/Backoffice/Betting/Match_header' is clicked on

2018-10-19 18:14:22 - [MESSAGE][PASSED] - Object: 'Object Repository/Backoffice/Betting/Match_header' is clicked on

2018-10-19 18:14:22 - [TEST_STEP][PASSED] - click: Object: 'Object Repository/Backoffice/Betting/Match/Create_match/button_Create Match' is clicked on

2018-10-19 18:14:22 - [MESSAGE][PASSED] - Object: 'Object Repository/Backoffice/Betting/Match/Create_match/button_Create Match' is clicked on

2018-10-19 18:14:22 - [TEST_STEP][PASSED] - delay: Delayed 2 second(s)

2018-10-19 18:14:24 - [MESSAGE][PASSED] - Delayed 2 second(s)

2018-10-19 18:14:24 - [TEST_STEP][PASSED] - waitForElementVisible: Object 'Object Repository/Backoffice/Betting/Match/Create_match/Pop up Add match/select_arena' is visible

2018-10-19 18:14:24 - [MESSAGE][PASSED] - Object 'Object Repository/Backoffice/Betting/Match/Create_match/Pop up Add match/select_arena' is visible

2018-10-19 18:14:24 - [TEST_STEP][PASSED] - selectOptionByLabel: All options with label 'CVCC3 - 10' are selected in object 'Object Repository/Backoffice/Betting/Match/Create_match/Pop up Add match/select_arena' 

2018-10-19 18:14:24 - [MESSAGE][PASSED] - All options with label 'CVCC3 - 10' are selected in object 'Object Repository/Backoffice/Betting/Match/Create_match/Pop up Add match/select_arena' 

2018-10-19 18:14:24 - [TEST_STEP][PASSED] - sendKeys: Keys '' sent to object: 'Object Repository/Backoffice/Betting/Match/Create_match/Pop up Add match/input_Event Name_match_name'

2018-10-19 18:14:24 - [MESSAGE][PASSED] - Keys '' sent to object: 'Object Repository/Backoffice/Betting/Match/Create_match/Pop up Add match/input_Event Name_match_name'

2018-10-19 18:14:24 - [TEST_STEP][PASSED] - sendKeys: Keys '' sent to object: 'Object Repository/Backoffice/Betting/Match/Create_match/Pop up Add match/input_Profit Margin ()_match_p'

2018-10-19 18:14:24 - [MESSAGE][PASSED] - Keys '' sent to object: 'Object Repository/Backoffice/Betting/Match/Create_match/Pop up Add match/input_Profit Margin ()_match_p'

2018-10-19 18:14:24 - [TEST_STEP][PASSED] - sendKeys: Keys 'testteamA76' sent to object: 'Object Repository/Backoffice/Betting/Match/Create_match/Pop up Add match/input_Name_banker_name'

2018-10-19 18:14:24 - [MESSAGE][PASSED] - Keys 'testteamA76' sent to object: 'Object Repository/Backoffice/Betting/Match/Create_match/Pop up Add match/input_Name_banker_name'

2018-10-19 18:14:24 - [TEST_STEP][PASSED] - sendKeys: Keys 'testteamB76' sent to object: 'Object Repository/Backoffice/Betting/Match/Create_match/Pop up Add match/input_Name_player_name'

2018-10-19 18:14:24 - [MESSAGE][PASSED] - Keys 'testteamB76' sent to object: 'Object Repository/Backoffice/Betting/Match/Create_match/Pop up Add match/input_Name_player_name'

2018-10-19 18:14:24 - [TEST_STEP][PASSED] - delay: Delayed 3 second(s)

2018-10-19 18:14:27 - [MESSAGE][PASSED] - Delayed 3 second(s)

2018-10-19 18:14:27 - [TEST_STEP][PASSED] - click: Object: 'Object Repository/Backoffice/Betting/Match/Create_match/Pop up Add match/input_Close_add_match' is clicked on

2018-10-19 18:14:28 - [MESSAGE][PASSED] - Object: 'Object Repository/Backoffice/Betting/Match/Create_match/Pop up Add match/input_Close_add_match' is clicked on

2018-10-19 18:14:28 - [TEST_STEP][PASSED] - waitForElementVisible: Object 'Object Repository/Backoffice/Betting/Match/span_Clickmatch' is visible

2018-10-19 18:14:28 - [MESSAGE][PASSED] - Object 'Object Repository/Backoffice/Betting/Match/span_Clickmatch' is visible]]></system-out>
         <system-err><![CDATA[]]></system-err>
      </testcase>
      <testcase name="Test Cases/Staging/Backoffice/Betting/Create_match" classname="Test Cases/Staging/Backoffice/Betting/Create_match" status="PASSED">
         <system-out><![CDATA[2018-10-19 18:14:28 - [TEST_CASE][PASSED] - Test Cases/Staging/Backoffice/Betting/Create_match: Test Cases/Staging/Backoffice/Betting/Create_match

2018-10-19 18:14:28 - [TEST_STEP][PASSED] - focus: Object: 'Object Repository/Backoffice/Betting/Betting_header' is focused

2018-10-19 18:14:28 - [MESSAGE][PASSED] - Object: 'Object Repository/Backoffice/Betting/Betting_header' is focused

2018-10-19 18:14:28 - [TEST_STEP][PASSED] - click: Object: 'Object Repository/Backoffice/Betting/Match_header' is clicked on

2018-10-19 18:14:29 - [MESSAGE][PASSED] - Object: 'Object Repository/Backoffice/Betting/Match_header' is clicked on

2018-10-19 18:14:29 - [TEST_STEP][PASSED] - click: Object: 'Object Repository/Backoffice/Betting/Match/Create_match/button_Create Match' is clicked on

2018-10-19 18:14:29 - [MESSAGE][PASSED] - Object: 'Object Repository/Backoffice/Betting/Match/Create_match/button_Create Match' is clicked on

2018-10-19 18:14:29 - [TEST_STEP][PASSED] - delay: Delayed 2 second(s)

2018-10-19 18:14:31 - [MESSAGE][PASSED] - Delayed 2 second(s)

2018-10-19 18:14:31 - [TEST_STEP][PASSED] - waitForElementVisible: Object 'Object Repository/Backoffice/Betting/Match/Create_match/Pop up Add match/select_arena' is visible

2018-10-19 18:14:31 - [MESSAGE][PASSED] - Object 'Object Repository/Backoffice/Betting/Match/Create_match/Pop up Add match/select_arena' is visible

2018-10-19 18:14:31 - [TEST_STEP][PASSED] - selectOptionByLabel: All options with label 'CVCC3 - 10' are selected in object 'Object Repository/Backoffice/Betting/Match/Create_match/Pop up Add match/select_arena' 

2018-10-19 18:14:31 - [MESSAGE][PASSED] - All options with label 'CVCC3 - 10' are selected in object 'Object Repository/Backoffice/Betting/Match/Create_match/Pop up Add match/select_arena' 

2018-10-19 18:14:31 - [TEST_STEP][PASSED] - sendKeys: Keys '' sent to object: 'Object Repository/Backoffice/Betting/Match/Create_match/Pop up Add match/input_Event Name_match_name'

2018-10-19 18:14:31 - [MESSAGE][PASSED] - Keys '' sent to object: 'Object Repository/Backoffice/Betting/Match/Create_match/Pop up Add match/input_Event Name_match_name'

2018-10-19 18:14:31 - [TEST_STEP][PASSED] - sendKeys: Keys '' sent to object: 'Object Repository/Backoffice/Betting/Match/Create_match/Pop up Add match/input_Profit Margin ()_match_p'

2018-10-19 18:14:31 - [MESSAGE][PASSED] - Keys '' sent to object: 'Object Repository/Backoffice/Betting/Match/Create_match/Pop up Add match/input_Profit Margin ()_match_p'

2018-10-19 18:14:31 - [TEST_STEP][PASSED] - sendKeys: Keys 'testteamA77' sent to object: 'Object Repository/Backoffice/Betting/Match/Create_match/Pop up Add match/input_Name_banker_name'

2018-10-19 18:14:32 - [MESSAGE][PASSED] - Keys 'testteamA77' sent to object: 'Object Repository/Backoffice/Betting/Match/Create_match/Pop up Add match/input_Name_banker_name'

2018-10-19 18:14:32 - [TEST_STEP][PASSED] - sendKeys: Keys 'testteamB77' sent to object: 'Object Repository/Backoffice/Betting/Match/Create_match/Pop up Add match/input_Name_player_name'

2018-10-19 18:14:32 - [MESSAGE][PASSED] - Keys 'testteamB77' sent to object: 'Object Repository/Backoffice/Betting/Match/Create_match/Pop up Add match/input_Name_player_name'

2018-10-19 18:14:32 - [TEST_STEP][PASSED] - delay: Delayed 3 second(s)

2018-10-19 18:14:35 - [MESSAGE][PASSED] - Delayed 3 second(s)

2018-10-19 18:14:35 - [TEST_STEP][PASSED] - click: Object: 'Object Repository/Backoffice/Betting/Match/Create_match/Pop up Add match/input_Close_add_match' is clicked on

2018-10-19 18:14:36 - [MESSAGE][PASSED] - Object: 'Object Repository/Backoffice/Betting/Match/Create_match/Pop up Add match/input_Close_add_match' is clicked on

2018-10-19 18:14:36 - [TEST_STEP][PASSED] - waitForElementVisible: Object 'Object Repository/Backoffice/Betting/Match/span_Clickmatch' is visible

2018-10-19 18:14:36 - [MESSAGE][PASSED] - Object 'Object Repository/Backoffice/Betting/Match/span_Clickmatch' is visible]]></system-out>
         <system-err><![CDATA[]]></system-err>
      </testcase>
      <testcase name="Test Cases/Staging/Backoffice/Betting/Create_match" classname="Test Cases/Staging/Backoffice/Betting/Create_match" status="PASSED">
         <system-out><![CDATA[2018-10-19 18:14:36 - [TEST_CASE][PASSED] - Test Cases/Staging/Backoffice/Betting/Create_match: Test Cases/Staging/Backoffice/Betting/Create_match

2018-10-19 18:14:36 - [TEST_STEP][PASSED] - focus: Object: 'Object Repository/Backoffice/Betting/Betting_header' is focused

2018-10-19 18:14:36 - [MESSAGE][PASSED] - Object: 'Object Repository/Backoffice/Betting/Betting_header' is focused

2018-10-19 18:14:36 - [TEST_STEP][PASSED] - click: Object: 'Object Repository/Backoffice/Betting/Match_header' is clicked on

2018-10-19 18:14:37 - [MESSAGE][PASSED] - Object: 'Object Repository/Backoffice/Betting/Match_header' is clicked on

2018-10-19 18:14:37 - [TEST_STEP][PASSED] - click: Object: 'Object Repository/Backoffice/Betting/Match/Create_match/button_Create Match' is clicked on

2018-10-19 18:14:37 - [MESSAGE][PASSED] - Object: 'Object Repository/Backoffice/Betting/Match/Create_match/button_Create Match' is clicked on

2018-10-19 18:14:37 - [TEST_STEP][PASSED] - delay: Delayed 2 second(s)

2018-10-19 18:14:39 - [MESSAGE][PASSED] - Delayed 2 second(s)

2018-10-19 18:14:39 - [TEST_STEP][PASSED] - waitForElementVisible: Object 'Object Repository/Backoffice/Betting/Match/Create_match/Pop up Add match/select_arena' is visible

2018-10-19 18:14:39 - [MESSAGE][PASSED] - Object 'Object Repository/Backoffice/Betting/Match/Create_match/Pop up Add match/select_arena' is visible

2018-10-19 18:14:39 - [TEST_STEP][PASSED] - selectOptionByLabel: All options with label 'CVCC3 - 10' are selected in object 'Object Repository/Backoffice/Betting/Match/Create_match/Pop up Add match/select_arena' 

2018-10-19 18:14:39 - [MESSAGE][PASSED] - All options with label 'CVCC3 - 10' are selected in object 'Object Repository/Backoffice/Betting/Match/Create_match/Pop up Add match/select_arena' 

2018-10-19 18:14:39 - [TEST_STEP][PASSED] - sendKeys: Keys '' sent to object: 'Object Repository/Backoffice/Betting/Match/Create_match/Pop up Add match/input_Event Name_match_name'

2018-10-19 18:14:39 - [MESSAGE][PASSED] - Keys '' sent to object: 'Object Repository/Backoffice/Betting/Match/Create_match/Pop up Add match/input_Event Name_match_name'

2018-10-19 18:14:39 - [TEST_STEP][PASSED] - sendKeys: Keys '' sent to object: 'Object Repository/Backoffice/Betting/Match/Create_match/Pop up Add match/input_Profit Margin ()_match_p'

2018-10-19 18:14:39 - [MESSAGE][PASSED] - Keys '' sent to object: 'Object Repository/Backoffice/Betting/Match/Create_match/Pop up Add match/input_Profit Margin ()_match_p'

2018-10-19 18:14:39 - [TEST_STEP][PASSED] - sendKeys: Keys 'testteamA78' sent to object: 'Object Repository/Backoffice/Betting/Match/Create_match/Pop up Add match/input_Name_banker_name'

2018-10-19 18:14:39 - [MESSAGE][PASSED] - Keys 'testteamA78' sent to object: 'Object Repository/Backoffice/Betting/Match/Create_match/Pop up Add match/input_Name_banker_name'

2018-10-19 18:14:39 - [TEST_STEP][PASSED] - sendKeys: Keys 'testteamB78' sent to object: 'Object Repository/Backoffice/Betting/Match/Create_match/Pop up Add match/input_Name_player_name'

2018-10-19 18:14:39 - [MESSAGE][PASSED] - Keys 'testteamB78' sent to object: 'Object Repository/Backoffice/Betting/Match/Create_match/Pop up Add match/input_Name_player_name'

2018-10-19 18:14:39 - [TEST_STEP][PASSED] - delay: Delayed 3 second(s)

2018-10-19 18:14:42 - [MESSAGE][PASSED] - Delayed 3 second(s)

2018-10-19 18:14:42 - [TEST_STEP][PASSED] - click: Object: 'Object Repository/Backoffice/Betting/Match/Create_match/Pop up Add match/input_Close_add_match' is clicked on

2018-10-19 18:14:43 - [MESSAGE][PASSED] - Object: 'Object Repository/Backoffice/Betting/Match/Create_match/Pop up Add match/input_Close_add_match' is clicked on

2018-10-19 18:14:43 - [TEST_STEP][PASSED] - waitForElementVisible: Object 'Object Repository/Backoffice/Betting/Match/span_Clickmatch' is visible

2018-10-19 18:14:43 - [MESSAGE][PASSED] - Object 'Object Repository/Backoffice/Betting/Match/span_Clickmatch' is visible]]></system-out>
         <system-err><![CDATA[]]></system-err>
      </testcase>
      <testcase name="Test Cases/Staging/Backoffice/Betting/Create_match" classname="Test Cases/Staging/Backoffice/Betting/Create_match" status="PASSED">
         <system-out><![CDATA[2018-10-19 18:14:43 - [TEST_CASE][PASSED] - Test Cases/Staging/Backoffice/Betting/Create_match: Test Cases/Staging/Backoffice/Betting/Create_match

2018-10-19 18:14:43 - [TEST_STEP][PASSED] - focus: Object: 'Object Repository/Backoffice/Betting/Betting_header' is focused

2018-10-19 18:14:43 - [MESSAGE][PASSED] - Object: 'Object Repository/Backoffice/Betting/Betting_header' is focused

2018-10-19 18:14:43 - [TEST_STEP][PASSED] - click: Object: 'Object Repository/Backoffice/Betting/Match_header' is clicked on

2018-10-19 18:14:44 - [MESSAGE][PASSED] - Object: 'Object Repository/Backoffice/Betting/Match_header' is clicked on

2018-10-19 18:14:44 - [TEST_STEP][PASSED] - click: Object: 'Object Repository/Backoffice/Betting/Match/Create_match/button_Create Match' is clicked on

2018-10-19 18:14:44 - [MESSAGE][PASSED] - Object: 'Object Repository/Backoffice/Betting/Match/Create_match/button_Create Match' is clicked on

2018-10-19 18:14:44 - [TEST_STEP][PASSED] - delay: Delayed 2 second(s)

2018-10-19 18:14:46 - [MESSAGE][PASSED] - Delayed 2 second(s)

2018-10-19 18:14:46 - [TEST_STEP][PASSED] - waitForElementVisible: Object 'Object Repository/Backoffice/Betting/Match/Create_match/Pop up Add match/select_arena' is visible

2018-10-19 18:14:46 - [MESSAGE][PASSED] - Object 'Object Repository/Backoffice/Betting/Match/Create_match/Pop up Add match/select_arena' is visible

2018-10-19 18:14:46 - [TEST_STEP][PASSED] - selectOptionByLabel: All options with label 'CVCC3 - 10' are selected in object 'Object Repository/Backoffice/Betting/Match/Create_match/Pop up Add match/select_arena' 

2018-10-19 18:14:46 - [MESSAGE][PASSED] - All options with label 'CVCC3 - 10' are selected in object 'Object Repository/Backoffice/Betting/Match/Create_match/Pop up Add match/select_arena' 

2018-10-19 18:14:46 - [TEST_STEP][PASSED] - sendKeys: Keys '' sent to object: 'Object Repository/Backoffice/Betting/Match/Create_match/Pop up Add match/input_Event Name_match_name'

2018-10-19 18:14:46 - [MESSAGE][PASSED] - Keys '' sent to object: 'Object Repository/Backoffice/Betting/Match/Create_match/Pop up Add match/input_Event Name_match_name'

2018-10-19 18:14:46 - [TEST_STEP][PASSED] - sendKeys: Keys '' sent to object: 'Object Repository/Backoffice/Betting/Match/Create_match/Pop up Add match/input_Profit Margin ()_match_p'

2018-10-19 18:14:46 - [MESSAGE][PASSED] - Keys '' sent to object: 'Object Repository/Backoffice/Betting/Match/Create_match/Pop up Add match/input_Profit Margin ()_match_p'

2018-10-19 18:14:46 - [TEST_STEP][PASSED] - sendKeys: Keys 'testteamA79' sent to object: 'Object Repository/Backoffice/Betting/Match/Create_match/Pop up Add match/input_Name_banker_name'

2018-10-19 18:14:46 - [MESSAGE][PASSED] - Keys 'testteamA79' sent to object: 'Object Repository/Backoffice/Betting/Match/Create_match/Pop up Add match/input_Name_banker_name'

2018-10-19 18:14:46 - [TEST_STEP][PASSED] - sendKeys: Keys 'testteamB79' sent to object: 'Object Repository/Backoffice/Betting/Match/Create_match/Pop up Add match/input_Name_player_name'

2018-10-19 18:14:46 - [MESSAGE][PASSED] - Keys 'testteamB79' sent to object: 'Object Repository/Backoffice/Betting/Match/Create_match/Pop up Add match/input_Name_player_name'

2018-10-19 18:14:46 - [TEST_STEP][PASSED] - delay: Delayed 3 second(s)

2018-10-19 18:14:49 - [MESSAGE][PASSED] - Delayed 3 second(s)

2018-10-19 18:14:49 - [TEST_STEP][PASSED] - click: Object: 'Object Repository/Backoffice/Betting/Match/Create_match/Pop up Add match/input_Close_add_match' is clicked on

2018-10-19 18:14:50 - [MESSAGE][PASSED] - Object: 'Object Repository/Backoffice/Betting/Match/Create_match/Pop up Add match/input_Close_add_match' is clicked on

2018-10-19 18:14:50 - [TEST_STEP][PASSED] - waitForElementVisible: Object 'Object Repository/Backoffice/Betting/Match/span_Clickmatch' is visible

2018-10-19 18:14:50 - [MESSAGE][PASSED] - Object 'Object Repository/Backoffice/Betting/Match/span_Clickmatch' is visible]]></system-out>
         <system-err><![CDATA[]]></system-err>
      </testcase>
      <testcase name="Test Cases/Staging/Backoffice/Betting/Create_match" classname="Test Cases/Staging/Backoffice/Betting/Create_match" status="PASSED">
         <system-out><![CDATA[2018-10-19 18:14:50 - [TEST_CASE][PASSED] - Test Cases/Staging/Backoffice/Betting/Create_match: Test Cases/Staging/Backoffice/Betting/Create_match

2018-10-19 18:14:50 - [TEST_STEP][PASSED] - focus: Object: 'Object Repository/Backoffice/Betting/Betting_header' is focused

2018-10-19 18:14:50 - [MESSAGE][PASSED] - Object: 'Object Repository/Backoffice/Betting/Betting_header' is focused

2018-10-19 18:14:50 - [TEST_STEP][PASSED] - click: Object: 'Object Repository/Backoffice/Betting/Match_header' is clicked on

2018-10-19 18:14:51 - [MESSAGE][PASSED] - Object: 'Object Repository/Backoffice/Betting/Match_header' is clicked on

2018-10-19 18:14:51 - [TEST_STEP][PASSED] - click: Object: 'Object Repository/Backoffice/Betting/Match/Create_match/button_Create Match' is clicked on

2018-10-19 18:14:51 - [MESSAGE][PASSED] - Object: 'Object Repository/Backoffice/Betting/Match/Create_match/button_Create Match' is clicked on

2018-10-19 18:14:51 - [TEST_STEP][PASSED] - delay: Delayed 2 second(s)

2018-10-19 18:14:53 - [MESSAGE][PASSED] - Delayed 2 second(s)

2018-10-19 18:14:53 - [TEST_STEP][PASSED] - waitForElementVisible: Object 'Object Repository/Backoffice/Betting/Match/Create_match/Pop up Add match/select_arena' is visible

2018-10-19 18:14:53 - [MESSAGE][PASSED] - Object 'Object Repository/Backoffice/Betting/Match/Create_match/Pop up Add match/select_arena' is visible

2018-10-19 18:14:53 - [TEST_STEP][PASSED] - selectOptionByLabel: All options with label 'CVCC3 - 10' are selected in object 'Object Repository/Backoffice/Betting/Match/Create_match/Pop up Add match/select_arena' 

2018-10-19 18:14:54 - [MESSAGE][PASSED] - All options with label 'CVCC3 - 10' are selected in object 'Object Repository/Backoffice/Betting/Match/Create_match/Pop up Add match/select_arena' 

2018-10-19 18:14:54 - [TEST_STEP][PASSED] - sendKeys: Keys '' sent to object: 'Object Repository/Backoffice/Betting/Match/Create_match/Pop up Add match/input_Event Name_match_name'

2018-10-19 18:14:54 - [MESSAGE][PASSED] - Keys '' sent to object: 'Object Repository/Backoffice/Betting/Match/Create_match/Pop up Add match/input_Event Name_match_name'

2018-10-19 18:14:54 - [TEST_STEP][PASSED] - sendKeys: Keys '' sent to object: 'Object Repository/Backoffice/Betting/Match/Create_match/Pop up Add match/input_Profit Margin ()_match_p'

2018-10-19 18:14:54 - [MESSAGE][PASSED] - Keys '' sent to object: 'Object Repository/Backoffice/Betting/Match/Create_match/Pop up Add match/input_Profit Margin ()_match_p'

2018-10-19 18:14:54 - [TEST_STEP][PASSED] - sendKeys: Keys 'testteamA80' sent to object: 'Object Repository/Backoffice/Betting/Match/Create_match/Pop up Add match/input_Name_banker_name'

2018-10-19 18:14:54 - [MESSAGE][PASSED] - Keys 'testteamA80' sent to object: 'Object Repository/Backoffice/Betting/Match/Create_match/Pop up Add match/input_Name_banker_name'

2018-10-19 18:14:54 - [TEST_STEP][PASSED] - sendKeys: Keys 'testteamB80' sent to object: 'Object Repository/Backoffice/Betting/Match/Create_match/Pop up Add match/input_Name_player_name'

2018-10-19 18:14:54 - [MESSAGE][PASSED] - Keys 'testteamB80' sent to object: 'Object Repository/Backoffice/Betting/Match/Create_match/Pop up Add match/input_Name_player_name'

2018-10-19 18:14:54 - [TEST_STEP][PASSED] - delay: Delayed 3 second(s)

2018-10-19 18:14:57 - [MESSAGE][PASSED] - Delayed 3 second(s)

2018-10-19 18:14:57 - [TEST_STEP][PASSED] - click: Object: 'Object Repository/Backoffice/Betting/Match/Create_match/Pop up Add match/input_Close_add_match' is clicked on

2018-10-19 18:14:58 - [MESSAGE][PASSED] - Object: 'Object Repository/Backoffice/Betting/Match/Create_match/Pop up Add match/input_Close_add_match' is clicked on

2018-10-19 18:14:58 - [TEST_STEP][PASSED] - waitForElementVisible: Object 'Object Repository/Backoffice/Betting/Match/span_Clickmatch' is visible

2018-10-19 18:14:58 - [MESSAGE][PASSED] - Object 'Object Repository/Backoffice/Betting/Match/span_Clickmatch' is visible]]></system-out>
         <system-err><![CDATA[]]></system-err>
      </testcase>
      <testcase name="Test Cases/Staging/Backoffice/Betting/Create_match" classname="Test Cases/Staging/Backoffice/Betting/Create_match" status="PASSED">
         <system-out><![CDATA[2018-10-19 18:14:58 - [TEST_CASE][PASSED] - Test Cases/Staging/Backoffice/Betting/Create_match: Test Cases/Staging/Backoffice/Betting/Create_match

2018-10-19 18:14:58 - [TEST_STEP][PASSED] - focus: Object: 'Object Repository/Backoffice/Betting/Betting_header' is focused

2018-10-19 18:14:58 - [MESSAGE][PASSED] - Object: 'Object Repository/Backoffice/Betting/Betting_header' is focused

2018-10-19 18:14:58 - [TEST_STEP][PASSED] - click: Object: 'Object Repository/Backoffice/Betting/Match_header' is clicked on

2018-10-19 18:14:59 - [MESSAGE][PASSED] - Object: 'Object Repository/Backoffice/Betting/Match_header' is clicked on

2018-10-19 18:14:59 - [TEST_STEP][PASSED] - click: Object: 'Object Repository/Backoffice/Betting/Match/Create_match/button_Create Match' is clicked on

2018-10-19 18:14:59 - [MESSAGE][PASSED] - Object: 'Object Repository/Backoffice/Betting/Match/Create_match/button_Create Match' is clicked on

2018-10-19 18:14:59 - [TEST_STEP][PASSED] - delay: Delayed 2 second(s)

2018-10-19 18:15:01 - [MESSAGE][PASSED] - Delayed 2 second(s)

2018-10-19 18:15:01 - [TEST_STEP][PASSED] - waitForElementVisible: Object 'Object Repository/Backoffice/Betting/Match/Create_match/Pop up Add match/select_arena' is visible

2018-10-19 18:15:01 - [MESSAGE][PASSED] - Object 'Object Repository/Backoffice/Betting/Match/Create_match/Pop up Add match/select_arena' is visible

2018-10-19 18:15:01 - [TEST_STEP][PASSED] - selectOptionByLabel: All options with label 'CVCC3 - 10' are selected in object 'Object Repository/Backoffice/Betting/Match/Create_match/Pop up Add match/select_arena' 

2018-10-19 18:15:01 - [MESSAGE][PASSED] - All options with label 'CVCC3 - 10' are selected in object 'Object Repository/Backoffice/Betting/Match/Create_match/Pop up Add match/select_arena' 

2018-10-19 18:15:01 - [TEST_STEP][PASSED] - sendKeys: Keys '' sent to object: 'Object Repository/Backoffice/Betting/Match/Create_match/Pop up Add match/input_Event Name_match_name'

2018-10-19 18:15:01 - [MESSAGE][PASSED] - Keys '' sent to object: 'Object Repository/Backoffice/Betting/Match/Create_match/Pop up Add match/input_Event Name_match_name'

2018-10-19 18:15:01 - [TEST_STEP][PASSED] - sendKeys: Keys '' sent to object: 'Object Repository/Backoffice/Betting/Match/Create_match/Pop up Add match/input_Profit Margin ()_match_p'

2018-10-19 18:15:01 - [MESSAGE][PASSED] - Keys '' sent to object: 'Object Repository/Backoffice/Betting/Match/Create_match/Pop up Add match/input_Profit Margin ()_match_p'

2018-10-19 18:15:01 - [TEST_STEP][PASSED] - sendKeys: Keys 'testteamA81' sent to object: 'Object Repository/Backoffice/Betting/Match/Create_match/Pop up Add match/input_Name_banker_name'

2018-10-19 18:15:01 - [MESSAGE][PASSED] - Keys 'testteamA81' sent to object: 'Object Repository/Backoffice/Betting/Match/Create_match/Pop up Add match/input_Name_banker_name'

2018-10-19 18:15:01 - [TEST_STEP][PASSED] - sendKeys: Keys 'testteamB81' sent to object: 'Object Repository/Backoffice/Betting/Match/Create_match/Pop up Add match/input_Name_player_name'

2018-10-19 18:15:01 - [MESSAGE][PASSED] - Keys 'testteamB81' sent to object: 'Object Repository/Backoffice/Betting/Match/Create_match/Pop up Add match/input_Name_player_name'

2018-10-19 18:15:01 - [TEST_STEP][PASSED] - delay: Delayed 3 second(s)

2018-10-19 18:15:04 - [MESSAGE][PASSED] - Delayed 3 second(s)

2018-10-19 18:15:04 - [TEST_STEP][PASSED] - click: Object: 'Object Repository/Backoffice/Betting/Match/Create_match/Pop up Add match/input_Close_add_match' is clicked on

2018-10-19 18:15:05 - [MESSAGE][PASSED] - Object: 'Object Repository/Backoffice/Betting/Match/Create_match/Pop up Add match/input_Close_add_match' is clicked on

2018-10-19 18:15:05 - [TEST_STEP][PASSED] - waitForElementVisible: Object 'Object Repository/Backoffice/Betting/Match/span_Clickmatch' is visible

2018-10-19 18:15:05 - [MESSAGE][PASSED] - Object 'Object Repository/Backoffice/Betting/Match/span_Clickmatch' is visible]]></system-out>
         <system-err><![CDATA[]]></system-err>
      </testcase>
      <testcase name="Test Cases/Staging/Backoffice/Betting/Create_match" classname="Test Cases/Staging/Backoffice/Betting/Create_match" status="PASSED">
         <system-out><![CDATA[2018-10-19 18:15:05 - [TEST_CASE][PASSED] - Test Cases/Staging/Backoffice/Betting/Create_match: Test Cases/Staging/Backoffice/Betting/Create_match

2018-10-19 18:15:05 - [TEST_STEP][PASSED] - focus: Object: 'Object Repository/Backoffice/Betting/Betting_header' is focused

2018-10-19 18:15:05 - [MESSAGE][PASSED] - Object: 'Object Repository/Backoffice/Betting/Betting_header' is focused

2018-10-19 18:15:05 - [TEST_STEP][PASSED] - click: Object: 'Object Repository/Backoffice/Betting/Match_header' is clicked on

2018-10-19 18:15:06 - [MESSAGE][PASSED] - Object: 'Object Repository/Backoffice/Betting/Match_header' is clicked on

2018-10-19 18:15:06 - [TEST_STEP][PASSED] - click: Object: 'Object Repository/Backoffice/Betting/Match/Create_match/button_Create Match' is clicked on

2018-10-19 18:15:06 - [MESSAGE][PASSED] - Object: 'Object Repository/Backoffice/Betting/Match/Create_match/button_Create Match' is clicked on

2018-10-19 18:15:06 - [TEST_STEP][PASSED] - delay: Delayed 2 second(s)

2018-10-19 18:15:08 - [MESSAGE][PASSED] - Delayed 2 second(s)

2018-10-19 18:15:08 - [TEST_STEP][PASSED] - waitForElementVisible: Object 'Object Repository/Backoffice/Betting/Match/Create_match/Pop up Add match/select_arena' is visible

2018-10-19 18:15:08 - [MESSAGE][PASSED] - Object 'Object Repository/Backoffice/Betting/Match/Create_match/Pop up Add match/select_arena' is visible

2018-10-19 18:15:08 - [TEST_STEP][PASSED] - selectOptionByLabel: All options with label 'CVCC3 - 10' are selected in object 'Object Repository/Backoffice/Betting/Match/Create_match/Pop up Add match/select_arena' 

2018-10-19 18:15:08 - [MESSAGE][PASSED] - All options with label 'CVCC3 - 10' are selected in object 'Object Repository/Backoffice/Betting/Match/Create_match/Pop up Add match/select_arena' 

2018-10-19 18:15:08 - [TEST_STEP][PASSED] - sendKeys: Keys '' sent to object: 'Object Repository/Backoffice/Betting/Match/Create_match/Pop up Add match/input_Event Name_match_name'

2018-10-19 18:15:08 - [MESSAGE][PASSED] - Keys '' sent to object: 'Object Repository/Backoffice/Betting/Match/Create_match/Pop up Add match/input_Event Name_match_name'

2018-10-19 18:15:08 - [TEST_STEP][PASSED] - sendKeys: Keys '' sent to object: 'Object Repository/Backoffice/Betting/Match/Create_match/Pop up Add match/input_Profit Margin ()_match_p'

2018-10-19 18:15:08 - [MESSAGE][PASSED] - Keys '' sent to object: 'Object Repository/Backoffice/Betting/Match/Create_match/Pop up Add match/input_Profit Margin ()_match_p'

2018-10-19 18:15:08 - [TEST_STEP][PASSED] - sendKeys: Keys 'testteamA82' sent to object: 'Object Repository/Backoffice/Betting/Match/Create_match/Pop up Add match/input_Name_banker_name'

2018-10-19 18:15:08 - [MESSAGE][PASSED] - Keys 'testteamA82' sent to object: 'Object Repository/Backoffice/Betting/Match/Create_match/Pop up Add match/input_Name_banker_name'

2018-10-19 18:15:08 - [TEST_STEP][PASSED] - sendKeys: Keys 'testteamB82' sent to object: 'Object Repository/Backoffice/Betting/Match/Create_match/Pop up Add match/input_Name_player_name'

2018-10-19 18:15:08 - [MESSAGE][PASSED] - Keys 'testteamB82' sent to object: 'Object Repository/Backoffice/Betting/Match/Create_match/Pop up Add match/input_Name_player_name'

2018-10-19 18:15:08 - [TEST_STEP][PASSED] - delay: Delayed 3 second(s)

2018-10-19 18:15:11 - [MESSAGE][PASSED] - Delayed 3 second(s)

2018-10-19 18:15:11 - [TEST_STEP][PASSED] - click: Object: 'Object Repository/Backoffice/Betting/Match/Create_match/Pop up Add match/input_Close_add_match' is clicked on

2018-10-19 18:15:12 - [MESSAGE][PASSED] - Object: 'Object Repository/Backoffice/Betting/Match/Create_match/Pop up Add match/input_Close_add_match' is clicked on

2018-10-19 18:15:12 - [TEST_STEP][PASSED] - waitForElementVisible: Object 'Object Repository/Backoffice/Betting/Match/span_Clickmatch' is visible

2018-10-19 18:15:12 - [MESSAGE][PASSED] - Object 'Object Repository/Backoffice/Betting/Match/span_Clickmatch' is visible]]></system-out>
         <system-err><![CDATA[]]></system-err>
      </testcase>
      <testcase name="Test Cases/Staging/Backoffice/Betting/Create_match" classname="Test Cases/Staging/Backoffice/Betting/Create_match" status="PASSED">
         <system-out><![CDATA[2018-10-19 18:15:12 - [TEST_CASE][PASSED] - Test Cases/Staging/Backoffice/Betting/Create_match: Test Cases/Staging/Backoffice/Betting/Create_match

2018-10-19 18:15:12 - [TEST_STEP][PASSED] - focus: Object: 'Object Repository/Backoffice/Betting/Betting_header' is focused

2018-10-19 18:15:13 - [MESSAGE][PASSED] - Object: 'Object Repository/Backoffice/Betting/Betting_header' is focused

2018-10-19 18:15:13 - [TEST_STEP][PASSED] - click: Object: 'Object Repository/Backoffice/Betting/Match_header' is clicked on

2018-10-19 18:15:13 - [MESSAGE][PASSED] - Object: 'Object Repository/Backoffice/Betting/Match_header' is clicked on

2018-10-19 18:15:13 - [TEST_STEP][PASSED] - click: Object: 'Object Repository/Backoffice/Betting/Match/Create_match/button_Create Match' is clicked on

2018-10-19 18:15:13 - [MESSAGE][PASSED] - Object: 'Object Repository/Backoffice/Betting/Match/Create_match/button_Create Match' is clicked on

2018-10-19 18:15:13 - [TEST_STEP][PASSED] - delay: Delayed 2 second(s)

2018-10-19 18:15:15 - [MESSAGE][PASSED] - Delayed 2 second(s)

2018-10-19 18:15:15 - [TEST_STEP][PASSED] - waitForElementVisible: Object 'Object Repository/Backoffice/Betting/Match/Create_match/Pop up Add match/select_arena' is visible

2018-10-19 18:15:15 - [MESSAGE][PASSED] - Object 'Object Repository/Backoffice/Betting/Match/Create_match/Pop up Add match/select_arena' is visible

2018-10-19 18:15:15 - [TEST_STEP][PASSED] - selectOptionByLabel: All options with label 'CVCC3 - 10' are selected in object 'Object Repository/Backoffice/Betting/Match/Create_match/Pop up Add match/select_arena' 

2018-10-19 18:15:16 - [MESSAGE][PASSED] - All options with label 'CVCC3 - 10' are selected in object 'Object Repository/Backoffice/Betting/Match/Create_match/Pop up Add match/select_arena' 

2018-10-19 18:15:16 - [TEST_STEP][PASSED] - sendKeys: Keys '' sent to object: 'Object Repository/Backoffice/Betting/Match/Create_match/Pop up Add match/input_Event Name_match_name'

2018-10-19 18:15:16 - [MESSAGE][PASSED] - Keys '' sent to object: 'Object Repository/Backoffice/Betting/Match/Create_match/Pop up Add match/input_Event Name_match_name'

2018-10-19 18:15:16 - [TEST_STEP][PASSED] - sendKeys: Keys '' sent to object: 'Object Repository/Backoffice/Betting/Match/Create_match/Pop up Add match/input_Profit Margin ()_match_p'

2018-10-19 18:15:16 - [MESSAGE][PASSED] - Keys '' sent to object: 'Object Repository/Backoffice/Betting/Match/Create_match/Pop up Add match/input_Profit Margin ()_match_p'

2018-10-19 18:15:16 - [TEST_STEP][PASSED] - sendKeys: Keys 'testteamA83' sent to object: 'Object Repository/Backoffice/Betting/Match/Create_match/Pop up Add match/input_Name_banker_name'

2018-10-19 18:15:16 - [MESSAGE][PASSED] - Keys 'testteamA83' sent to object: 'Object Repository/Backoffice/Betting/Match/Create_match/Pop up Add match/input_Name_banker_name'

2018-10-19 18:15:16 - [TEST_STEP][PASSED] - sendKeys: Keys 'testteamB83' sent to object: 'Object Repository/Backoffice/Betting/Match/Create_match/Pop up Add match/input_Name_player_name'

2018-10-19 18:15:16 - [MESSAGE][PASSED] - Keys 'testteamB83' sent to object: 'Object Repository/Backoffice/Betting/Match/Create_match/Pop up Add match/input_Name_player_name'

2018-10-19 18:15:16 - [TEST_STEP][PASSED] - delay: Delayed 3 second(s)

2018-10-19 18:15:19 - [MESSAGE][PASSED] - Delayed 3 second(s)

2018-10-19 18:15:19 - [TEST_STEP][PASSED] - click: Object: 'Object Repository/Backoffice/Betting/Match/Create_match/Pop up Add match/input_Close_add_match' is clicked on

2018-10-19 18:15:20 - [MESSAGE][PASSED] - Object: 'Object Repository/Backoffice/Betting/Match/Create_match/Pop up Add match/input_Close_add_match' is clicked on

2018-10-19 18:15:20 - [TEST_STEP][PASSED] - waitForElementVisible: Object 'Object Repository/Backoffice/Betting/Match/span_Clickmatch' is visible

2018-10-19 18:15:20 - [MESSAGE][PASSED] - Object 'Object Repository/Backoffice/Betting/Match/span_Clickmatch' is visible]]></system-out>
         <system-err><![CDATA[]]></system-err>
      </testcase>
      <testcase name="Test Cases/Staging/Backoffice/Betting/Create_match" classname="Test Cases/Staging/Backoffice/Betting/Create_match" status="PASSED">
         <system-out><![CDATA[2018-10-19 18:15:20 - [TEST_CASE][PASSED] - Test Cases/Staging/Backoffice/Betting/Create_match: Test Cases/Staging/Backoffice/Betting/Create_match

2018-10-19 18:15:20 - [TEST_STEP][PASSED] - focus: Object: 'Object Repository/Backoffice/Betting/Betting_header' is focused

2018-10-19 18:15:20 - [MESSAGE][PASSED] - Object: 'Object Repository/Backoffice/Betting/Betting_header' is focused

2018-10-19 18:15:20 - [TEST_STEP][PASSED] - click: Object: 'Object Repository/Backoffice/Betting/Match_header' is clicked on

2018-10-19 18:15:21 - [MESSAGE][PASSED] - Object: 'Object Repository/Backoffice/Betting/Match_header' is clicked on

2018-10-19 18:15:21 - [TEST_STEP][PASSED] - click: Object: 'Object Repository/Backoffice/Betting/Match/Create_match/button_Create Match' is clicked on

2018-10-19 18:15:21 - [MESSAGE][PASSED] - Object: 'Object Repository/Backoffice/Betting/Match/Create_match/button_Create Match' is clicked on

2018-10-19 18:15:21 - [TEST_STEP][PASSED] - delay: Delayed 2 second(s)

2018-10-19 18:15:23 - [MESSAGE][PASSED] - Delayed 2 second(s)

2018-10-19 18:15:23 - [TEST_STEP][PASSED] - waitForElementVisible: Object 'Object Repository/Backoffice/Betting/Match/Create_match/Pop up Add match/select_arena' is visible

2018-10-19 18:15:23 - [MESSAGE][PASSED] - Object 'Object Repository/Backoffice/Betting/Match/Create_match/Pop up Add match/select_arena' is visible

2018-10-19 18:15:23 - [TEST_STEP][PASSED] - selectOptionByLabel: All options with label 'CVCC3 - 10' are selected in object 'Object Repository/Backoffice/Betting/Match/Create_match/Pop up Add match/select_arena' 

2018-10-19 18:15:23 - [MESSAGE][PASSED] - All options with label 'CVCC3 - 10' are selected in object 'Object Repository/Backoffice/Betting/Match/Create_match/Pop up Add match/select_arena' 

2018-10-19 18:15:23 - [TEST_STEP][PASSED] - sendKeys: Keys '' sent to object: 'Object Repository/Backoffice/Betting/Match/Create_match/Pop up Add match/input_Event Name_match_name'

2018-10-19 18:15:23 - [MESSAGE][PASSED] - Keys '' sent to object: 'Object Repository/Backoffice/Betting/Match/Create_match/Pop up Add match/input_Event Name_match_name'

2018-10-19 18:15:23 - [TEST_STEP][PASSED] - sendKeys: Keys '' sent to object: 'Object Repository/Backoffice/Betting/Match/Create_match/Pop up Add match/input_Profit Margin ()_match_p'

2018-10-19 18:15:23 - [MESSAGE][PASSED] - Keys '' sent to object: 'Object Repository/Backoffice/Betting/Match/Create_match/Pop up Add match/input_Profit Margin ()_match_p'

2018-10-19 18:15:23 - [TEST_STEP][PASSED] - sendKeys: Keys 'testteamA84' sent to object: 'Object Repository/Backoffice/Betting/Match/Create_match/Pop up Add match/input_Name_banker_name'

2018-10-19 18:15:23 - [MESSAGE][PASSED] - Keys 'testteamA84' sent to object: 'Object Repository/Backoffice/Betting/Match/Create_match/Pop up Add match/input_Name_banker_name'

2018-10-19 18:15:23 - [TEST_STEP][PASSED] - sendKeys: Keys 'testteamB84' sent to object: 'Object Repository/Backoffice/Betting/Match/Create_match/Pop up Add match/input_Name_player_name'

2018-10-19 18:15:23 - [MESSAGE][PASSED] - Keys 'testteamB84' sent to object: 'Object Repository/Backoffice/Betting/Match/Create_match/Pop up Add match/input_Name_player_name'

2018-10-19 18:15:23 - [TEST_STEP][PASSED] - delay: Delayed 3 second(s)

2018-10-19 18:15:26 - [MESSAGE][PASSED] - Delayed 3 second(s)

2018-10-19 18:15:26 - [TEST_STEP][PASSED] - click: Object: 'Object Repository/Backoffice/Betting/Match/Create_match/Pop up Add match/input_Close_add_match' is clicked on

2018-10-19 18:15:27 - [MESSAGE][PASSED] - Object: 'Object Repository/Backoffice/Betting/Match/Create_match/Pop up Add match/input_Close_add_match' is clicked on

2018-10-19 18:15:27 - [TEST_STEP][PASSED] - waitForElementVisible: Object 'Object Repository/Backoffice/Betting/Match/span_Clickmatch' is visible

2018-10-19 18:15:27 - [MESSAGE][PASSED] - Object 'Object Repository/Backoffice/Betting/Match/span_Clickmatch' is visible]]></system-out>
         <system-err><![CDATA[]]></system-err>
      </testcase>
      <testcase name="Test Cases/Staging/Backoffice/Betting/Create_match" classname="Test Cases/Staging/Backoffice/Betting/Create_match" status="PASSED">
         <system-out><![CDATA[2018-10-19 18:15:27 - [TEST_CASE][PASSED] - Test Cases/Staging/Backoffice/Betting/Create_match: Test Cases/Staging/Backoffice/Betting/Create_match

2018-10-19 18:15:27 - [TEST_STEP][PASSED] - focus: Object: 'Object Repository/Backoffice/Betting/Betting_header' is focused

2018-10-19 18:15:27 - [MESSAGE][PASSED] - Object: 'Object Repository/Backoffice/Betting/Betting_header' is focused

2018-10-19 18:15:27 - [TEST_STEP][PASSED] - click: Object: 'Object Repository/Backoffice/Betting/Match_header' is clicked on

2018-10-19 18:15:28 - [MESSAGE][PASSED] - Object: 'Object Repository/Backoffice/Betting/Match_header' is clicked on

2018-10-19 18:15:28 - [TEST_STEP][PASSED] - click: Object: 'Object Repository/Backoffice/Betting/Match/Create_match/button_Create Match' is clicked on

2018-10-19 18:15:28 - [MESSAGE][PASSED] - Object: 'Object Repository/Backoffice/Betting/Match/Create_match/button_Create Match' is clicked on

2018-10-19 18:15:28 - [TEST_STEP][PASSED] - delay: Delayed 2 second(s)

2018-10-19 18:15:30 - [MESSAGE][PASSED] - Delayed 2 second(s)

2018-10-19 18:15:30 - [TEST_STEP][PASSED] - waitForElementVisible: Object 'Object Repository/Backoffice/Betting/Match/Create_match/Pop up Add match/select_arena' is visible

2018-10-19 18:15:30 - [MESSAGE][PASSED] - Object 'Object Repository/Backoffice/Betting/Match/Create_match/Pop up Add match/select_arena' is visible

2018-10-19 18:15:30 - [TEST_STEP][PASSED] - selectOptionByLabel: All options with label 'CVCC3 - 10' are selected in object 'Object Repository/Backoffice/Betting/Match/Create_match/Pop up Add match/select_arena' 

2018-10-19 18:15:30 - [MESSAGE][PASSED] - All options with label 'CVCC3 - 10' are selected in object 'Object Repository/Backoffice/Betting/Match/Create_match/Pop up Add match/select_arena' 

2018-10-19 18:15:30 - [TEST_STEP][PASSED] - sendKeys: Keys '' sent to object: 'Object Repository/Backoffice/Betting/Match/Create_match/Pop up Add match/input_Event Name_match_name'

2018-10-19 18:15:30 - [MESSAGE][PASSED] - Keys '' sent to object: 'Object Repository/Backoffice/Betting/Match/Create_match/Pop up Add match/input_Event Name_match_name'

2018-10-19 18:15:30 - [TEST_STEP][PASSED] - sendKeys: Keys '' sent to object: 'Object Repository/Backoffice/Betting/Match/Create_match/Pop up Add match/input_Profit Margin ()_match_p'

2018-10-19 18:15:30 - [MESSAGE][PASSED] - Keys '' sent to object: 'Object Repository/Backoffice/Betting/Match/Create_match/Pop up Add match/input_Profit Margin ()_match_p'

2018-10-19 18:15:30 - [TEST_STEP][PASSED] - sendKeys: Keys 'testteamA85' sent to object: 'Object Repository/Backoffice/Betting/Match/Create_match/Pop up Add match/input_Name_banker_name'

2018-10-19 18:15:30 - [MESSAGE][PASSED] - Keys 'testteamA85' sent to object: 'Object Repository/Backoffice/Betting/Match/Create_match/Pop up Add match/input_Name_banker_name'

2018-10-19 18:15:30 - [TEST_STEP][PASSED] - sendKeys: Keys 'testteamB85' sent to object: 'Object Repository/Backoffice/Betting/Match/Create_match/Pop up Add match/input_Name_player_name'

2018-10-19 18:15:31 - [MESSAGE][PASSED] - Keys 'testteamB85' sent to object: 'Object Repository/Backoffice/Betting/Match/Create_match/Pop up Add match/input_Name_player_name'

2018-10-19 18:15:31 - [TEST_STEP][PASSED] - delay: Delayed 3 second(s)

2018-10-19 18:15:34 - [MESSAGE][PASSED] - Delayed 3 second(s)

2018-10-19 18:15:34 - [TEST_STEP][PASSED] - click: Object: 'Object Repository/Backoffice/Betting/Match/Create_match/Pop up Add match/input_Close_add_match' is clicked on

2018-10-19 18:15:34 - [MESSAGE][PASSED] - Object: 'Object Repository/Backoffice/Betting/Match/Create_match/Pop up Add match/input_Close_add_match' is clicked on

2018-10-19 18:15:34 - [TEST_STEP][PASSED] - waitForElementVisible: Object 'Object Repository/Backoffice/Betting/Match/span_Clickmatch' is visible

2018-10-19 18:15:34 - [MESSAGE][PASSED] - Object 'Object Repository/Backoffice/Betting/Match/span_Clickmatch' is visible]]></system-out>
         <system-err><![CDATA[]]></system-err>
      </testcase>
      <testcase name="Test Cases/Staging/Backoffice/Betting/Create_match" classname="Test Cases/Staging/Backoffice/Betting/Create_match" status="PASSED">
         <system-out><![CDATA[2018-10-19 18:15:34 - [TEST_CASE][PASSED] - Test Cases/Staging/Backoffice/Betting/Create_match: Test Cases/Staging/Backoffice/Betting/Create_match

2018-10-19 18:15:34 - [TEST_STEP][PASSED] - focus: Object: 'Object Repository/Backoffice/Betting/Betting_header' is focused

2018-10-19 18:15:35 - [MESSAGE][PASSED] - Object: 'Object Repository/Backoffice/Betting/Betting_header' is focused

2018-10-19 18:15:35 - [TEST_STEP][PASSED] - click: Object: 'Object Repository/Backoffice/Betting/Match_header' is clicked on

2018-10-19 18:15:36 - [MESSAGE][PASSED] - Object: 'Object Repository/Backoffice/Betting/Match_header' is clicked on

2018-10-19 18:15:36 - [TEST_STEP][PASSED] - click: Object: 'Object Repository/Backoffice/Betting/Match/Create_match/button_Create Match' is clicked on

2018-10-19 18:15:36 - [MESSAGE][PASSED] - Object: 'Object Repository/Backoffice/Betting/Match/Create_match/button_Create Match' is clicked on

2018-10-19 18:15:36 - [TEST_STEP][PASSED] - delay: Delayed 2 second(s)

2018-10-19 18:15:38 - [MESSAGE][PASSED] - Delayed 2 second(s)

2018-10-19 18:15:38 - [TEST_STEP][PASSED] - waitForElementVisible: Object 'Object Repository/Backoffice/Betting/Match/Create_match/Pop up Add match/select_arena' is visible

2018-10-19 18:15:38 - [MESSAGE][PASSED] - Object 'Object Repository/Backoffice/Betting/Match/Create_match/Pop up Add match/select_arena' is visible

2018-10-19 18:15:38 - [TEST_STEP][PASSED] - selectOptionByLabel: All options with label 'CVCC3 - 10' are selected in object 'Object Repository/Backoffice/Betting/Match/Create_match/Pop up Add match/select_arena' 

2018-10-19 18:15:38 - [MESSAGE][PASSED] - All options with label 'CVCC3 - 10' are selected in object 'Object Repository/Backoffice/Betting/Match/Create_match/Pop up Add match/select_arena' 

2018-10-19 18:15:38 - [TEST_STEP][PASSED] - sendKeys: Keys '' sent to object: 'Object Repository/Backoffice/Betting/Match/Create_match/Pop up Add match/input_Event Name_match_name'

2018-10-19 18:15:38 - [MESSAGE][PASSED] - Keys '' sent to object: 'Object Repository/Backoffice/Betting/Match/Create_match/Pop up Add match/input_Event Name_match_name'

2018-10-19 18:15:38 - [TEST_STEP][PASSED] - sendKeys: Keys '' sent to object: 'Object Repository/Backoffice/Betting/Match/Create_match/Pop up Add match/input_Profit Margin ()_match_p'

2018-10-19 18:15:38 - [MESSAGE][PASSED] - Keys '' sent to object: 'Object Repository/Backoffice/Betting/Match/Create_match/Pop up Add match/input_Profit Margin ()_match_p'

2018-10-19 18:15:38 - [TEST_STEP][PASSED] - sendKeys: Keys 'testteamA86' sent to object: 'Object Repository/Backoffice/Betting/Match/Create_match/Pop up Add match/input_Name_banker_name'

2018-10-19 18:15:38 - [MESSAGE][PASSED] - Keys 'testteamA86' sent to object: 'Object Repository/Backoffice/Betting/Match/Create_match/Pop up Add match/input_Name_banker_name'

2018-10-19 18:15:38 - [TEST_STEP][PASSED] - sendKeys: Keys 'testteamB86' sent to object: 'Object Repository/Backoffice/Betting/Match/Create_match/Pop up Add match/input_Name_player_name'

2018-10-19 18:15:38 - [MESSAGE][PASSED] - Keys 'testteamB86' sent to object: 'Object Repository/Backoffice/Betting/Match/Create_match/Pop up Add match/input_Name_player_name'

2018-10-19 18:15:38 - [TEST_STEP][PASSED] - delay: Delayed 3 second(s)

2018-10-19 18:15:41 - [MESSAGE][PASSED] - Delayed 3 second(s)

2018-10-19 18:15:41 - [TEST_STEP][PASSED] - click: Object: 'Object Repository/Backoffice/Betting/Match/Create_match/Pop up Add match/input_Close_add_match' is clicked on

2018-10-19 18:15:42 - [MESSAGE][PASSED] - Object: 'Object Repository/Backoffice/Betting/Match/Create_match/Pop up Add match/input_Close_add_match' is clicked on

2018-10-19 18:15:42 - [TEST_STEP][PASSED] - waitForElementVisible: Object 'Object Repository/Backoffice/Betting/Match/span_Clickmatch' is visible

2018-10-19 18:15:42 - [MESSAGE][PASSED] - Object 'Object Repository/Backoffice/Betting/Match/span_Clickmatch' is visible]]></system-out>
         <system-err><![CDATA[]]></system-err>
      </testcase>
      <testcase name="Test Cases/Staging/Backoffice/Betting/Create_match" classname="Test Cases/Staging/Backoffice/Betting/Create_match" status="PASSED">
         <system-out><![CDATA[2018-10-19 18:15:42 - [TEST_CASE][PASSED] - Test Cases/Staging/Backoffice/Betting/Create_match: Test Cases/Staging/Backoffice/Betting/Create_match

2018-10-19 18:15:42 - [TEST_STEP][PASSED] - focus: Object: 'Object Repository/Backoffice/Betting/Betting_header' is focused

2018-10-19 18:15:42 - [MESSAGE][PASSED] - Object: 'Object Repository/Backoffice/Betting/Betting_header' is focused

2018-10-19 18:15:42 - [TEST_STEP][PASSED] - click: Object: 'Object Repository/Backoffice/Betting/Match_header' is clicked on

2018-10-19 18:15:43 - [MESSAGE][PASSED] - Object: 'Object Repository/Backoffice/Betting/Match_header' is clicked on

2018-10-19 18:15:43 - [TEST_STEP][PASSED] - click: Object: 'Object Repository/Backoffice/Betting/Match/Create_match/button_Create Match' is clicked on

2018-10-19 18:15:43 - [MESSAGE][PASSED] - Object: 'Object Repository/Backoffice/Betting/Match/Create_match/button_Create Match' is clicked on

2018-10-19 18:15:43 - [TEST_STEP][PASSED] - delay: Delayed 2 second(s)

2018-10-19 18:15:45 - [MESSAGE][PASSED] - Delayed 2 second(s)

2018-10-19 18:15:45 - [TEST_STEP][PASSED] - waitForElementVisible: Object 'Object Repository/Backoffice/Betting/Match/Create_match/Pop up Add match/select_arena' is visible

2018-10-19 18:15:45 - [MESSAGE][PASSED] - Object 'Object Repository/Backoffice/Betting/Match/Create_match/Pop up Add match/select_arena' is visible

2018-10-19 18:15:45 - [TEST_STEP][PASSED] - selectOptionByLabel: All options with label 'CVCC3 - 10' are selected in object 'Object Repository/Backoffice/Betting/Match/Create_match/Pop up Add match/select_arena' 

2018-10-19 18:15:45 - [MESSAGE][PASSED] - All options with label 'CVCC3 - 10' are selected in object 'Object Repository/Backoffice/Betting/Match/Create_match/Pop up Add match/select_arena' 

2018-10-19 18:15:45 - [TEST_STEP][PASSED] - sendKeys: Keys '' sent to object: 'Object Repository/Backoffice/Betting/Match/Create_match/Pop up Add match/input_Event Name_match_name'

2018-10-19 18:15:45 - [MESSAGE][PASSED] - Keys '' sent to object: 'Object Repository/Backoffice/Betting/Match/Create_match/Pop up Add match/input_Event Name_match_name'

2018-10-19 18:15:45 - [TEST_STEP][PASSED] - sendKeys: Keys '' sent to object: 'Object Repository/Backoffice/Betting/Match/Create_match/Pop up Add match/input_Profit Margin ()_match_p'

2018-10-19 18:15:45 - [MESSAGE][PASSED] - Keys '' sent to object: 'Object Repository/Backoffice/Betting/Match/Create_match/Pop up Add match/input_Profit Margin ()_match_p'

2018-10-19 18:15:45 - [TEST_STEP][PASSED] - sendKeys: Keys 'testteamA87' sent to object: 'Object Repository/Backoffice/Betting/Match/Create_match/Pop up Add match/input_Name_banker_name'

2018-10-19 18:15:45 - [MESSAGE][PASSED] - Keys 'testteamA87' sent to object: 'Object Repository/Backoffice/Betting/Match/Create_match/Pop up Add match/input_Name_banker_name'

2018-10-19 18:15:45 - [TEST_STEP][PASSED] - sendKeys: Keys 'testteamB87' sent to object: 'Object Repository/Backoffice/Betting/Match/Create_match/Pop up Add match/input_Name_player_name'

2018-10-19 18:15:46 - [MESSAGE][PASSED] - Keys 'testteamB87' sent to object: 'Object Repository/Backoffice/Betting/Match/Create_match/Pop up Add match/input_Name_player_name'

2018-10-19 18:15:46 - [TEST_STEP][PASSED] - delay: Delayed 3 second(s)

2018-10-19 18:15:49 - [MESSAGE][PASSED] - Delayed 3 second(s)

2018-10-19 18:15:49 - [TEST_STEP][PASSED] - click: Object: 'Object Repository/Backoffice/Betting/Match/Create_match/Pop up Add match/input_Close_add_match' is clicked on

2018-10-19 18:15:49 - [MESSAGE][PASSED] - Object: 'Object Repository/Backoffice/Betting/Match/Create_match/Pop up Add match/input_Close_add_match' is clicked on

2018-10-19 18:15:49 - [TEST_STEP][PASSED] - waitForElementVisible: Object 'Object Repository/Backoffice/Betting/Match/span_Clickmatch' is visible

2018-10-19 18:15:49 - [MESSAGE][PASSED] - Object 'Object Repository/Backoffice/Betting/Match/span_Clickmatch' is visible]]></system-out>
         <system-err><![CDATA[]]></system-err>
      </testcase>
      <testcase name="Test Cases/Staging/Backoffice/Betting/Create_match" classname="Test Cases/Staging/Backoffice/Betting/Create_match" status="PASSED">
         <system-out><![CDATA[2018-10-19 18:15:49 - [TEST_CASE][PASSED] - Test Cases/Staging/Backoffice/Betting/Create_match: Test Cases/Staging/Backoffice/Betting/Create_match

2018-10-19 18:15:49 - [TEST_STEP][PASSED] - focus: Object: 'Object Repository/Backoffice/Betting/Betting_header' is focused

2018-10-19 18:15:50 - [MESSAGE][PASSED] - Object: 'Object Repository/Backoffice/Betting/Betting_header' is focused

2018-10-19 18:15:50 - [TEST_STEP][PASSED] - click: Object: 'Object Repository/Backoffice/Betting/Match_header' is clicked on

2018-10-19 18:15:50 - [MESSAGE][PASSED] - Object: 'Object Repository/Backoffice/Betting/Match_header' is clicked on

2018-10-19 18:15:50 - [TEST_STEP][PASSED] - click: Object: 'Object Repository/Backoffice/Betting/Match/Create_match/button_Create Match' is clicked on

2018-10-19 18:15:50 - [MESSAGE][PASSED] - Object: 'Object Repository/Backoffice/Betting/Match/Create_match/button_Create Match' is clicked on

2018-10-19 18:15:50 - [TEST_STEP][PASSED] - delay: Delayed 2 second(s)

2018-10-19 18:15:55 - [MESSAGE][PASSED] - Delayed 2 second(s)

2018-10-19 18:15:55 - [TEST_STEP][PASSED] - waitForElementVisible: Object 'Object Repository/Backoffice/Betting/Match/Create_match/Pop up Add match/select_arena' is visible

2018-10-19 18:15:55 - [MESSAGE][PASSED] - Object 'Object Repository/Backoffice/Betting/Match/Create_match/Pop up Add match/select_arena' is visible

2018-10-19 18:15:55 - [TEST_STEP][PASSED] - selectOptionByLabel: All options with label 'CVCC3 - 10' are selected in object 'Object Repository/Backoffice/Betting/Match/Create_match/Pop up Add match/select_arena' 

2018-10-19 18:15:55 - [MESSAGE][PASSED] - All options with label 'CVCC3 - 10' are selected in object 'Object Repository/Backoffice/Betting/Match/Create_match/Pop up Add match/select_arena' 

2018-10-19 18:15:55 - [TEST_STEP][PASSED] - sendKeys: Keys '' sent to object: 'Object Repository/Backoffice/Betting/Match/Create_match/Pop up Add match/input_Event Name_match_name'

2018-10-19 18:15:55 - [MESSAGE][PASSED] - Keys '' sent to object: 'Object Repository/Backoffice/Betting/Match/Create_match/Pop up Add match/input_Event Name_match_name'

2018-10-19 18:15:55 - [TEST_STEP][PASSED] - sendKeys: Keys '' sent to object: 'Object Repository/Backoffice/Betting/Match/Create_match/Pop up Add match/input_Profit Margin ()_match_p'

2018-10-19 18:15:55 - [MESSAGE][PASSED] - Keys '' sent to object: 'Object Repository/Backoffice/Betting/Match/Create_match/Pop up Add match/input_Profit Margin ()_match_p'

2018-10-19 18:15:55 - [TEST_STEP][PASSED] - sendKeys: Keys 'testteamA88' sent to object: 'Object Repository/Backoffice/Betting/Match/Create_match/Pop up Add match/input_Name_banker_name'

2018-10-19 18:15:55 - [MESSAGE][PASSED] - Keys 'testteamA88' sent to object: 'Object Repository/Backoffice/Betting/Match/Create_match/Pop up Add match/input_Name_banker_name'

2018-10-19 18:15:55 - [TEST_STEP][PASSED] - sendKeys: Keys 'testteamB88' sent to object: 'Object Repository/Backoffice/Betting/Match/Create_match/Pop up Add match/input_Name_player_name'

2018-10-19 18:15:55 - [MESSAGE][PASSED] - Keys 'testteamB88' sent to object: 'Object Repository/Backoffice/Betting/Match/Create_match/Pop up Add match/input_Name_player_name'

2018-10-19 18:15:55 - [TEST_STEP][PASSED] - delay: Delayed 3 second(s)

2018-10-19 18:15:58 - [MESSAGE][PASSED] - Delayed 3 second(s)

2018-10-19 18:15:58 - [TEST_STEP][PASSED] - click: Object: 'Object Repository/Backoffice/Betting/Match/Create_match/Pop up Add match/input_Close_add_match' is clicked on

2018-10-19 18:15:59 - [MESSAGE][PASSED] - Object: 'Object Repository/Backoffice/Betting/Match/Create_match/Pop up Add match/input_Close_add_match' is clicked on

2018-10-19 18:15:59 - [TEST_STEP][PASSED] - waitForElementVisible: Object 'Object Repository/Backoffice/Betting/Match/span_Clickmatch' is visible

2018-10-19 18:15:59 - [MESSAGE][PASSED] - Object 'Object Repository/Backoffice/Betting/Match/span_Clickmatch' is visible]]></system-out>
         <system-err><![CDATA[]]></system-err>
      </testcase>
      <testcase name="Test Cases/Staging/Backoffice/Betting/Create_match" classname="Test Cases/Staging/Backoffice/Betting/Create_match" status="PASSED">
         <system-out><![CDATA[2018-10-19 18:15:59 - [TEST_CASE][PASSED] - Test Cases/Staging/Backoffice/Betting/Create_match: Test Cases/Staging/Backoffice/Betting/Create_match

2018-10-19 18:15:59 - [TEST_STEP][PASSED] - focus: Object: 'Object Repository/Backoffice/Betting/Betting_header' is focused

2018-10-19 18:15:59 - [MESSAGE][PASSED] - Object: 'Object Repository/Backoffice/Betting/Betting_header' is focused

2018-10-19 18:15:59 - [TEST_STEP][PASSED] - click: Object: 'Object Repository/Backoffice/Betting/Match_header' is clicked on

2018-10-19 18:16:00 - [MESSAGE][PASSED] - Object: 'Object Repository/Backoffice/Betting/Match_header' is clicked on

2018-10-19 18:16:00 - [TEST_STEP][PASSED] - click: Object: 'Object Repository/Backoffice/Betting/Match/Create_match/button_Create Match' is clicked on

2018-10-19 18:16:00 - [MESSAGE][PASSED] - Object: 'Object Repository/Backoffice/Betting/Match/Create_match/button_Create Match' is clicked on

2018-10-19 18:16:00 - [TEST_STEP][PASSED] - delay: Delayed 2 second(s)

2018-10-19 18:16:02 - [MESSAGE][PASSED] - Delayed 2 second(s)

2018-10-19 18:16:02 - [TEST_STEP][PASSED] - waitForElementVisible: Object 'Object Repository/Backoffice/Betting/Match/Create_match/Pop up Add match/select_arena' is visible

2018-10-19 18:16:02 - [MESSAGE][PASSED] - Object 'Object Repository/Backoffice/Betting/Match/Create_match/Pop up Add match/select_arena' is visible

2018-10-19 18:16:02 - [TEST_STEP][PASSED] - selectOptionByLabel: All options with label 'CVCC3 - 10' are selected in object 'Object Repository/Backoffice/Betting/Match/Create_match/Pop up Add match/select_arena' 

2018-10-19 18:16:02 - [MESSAGE][PASSED] - All options with label 'CVCC3 - 10' are selected in object 'Object Repository/Backoffice/Betting/Match/Create_match/Pop up Add match/select_arena' 

2018-10-19 18:16:02 - [TEST_STEP][PASSED] - sendKeys: Keys '' sent to object: 'Object Repository/Backoffice/Betting/Match/Create_match/Pop up Add match/input_Event Name_match_name'

2018-10-19 18:16:02 - [MESSAGE][PASSED] - Keys '' sent to object: 'Object Repository/Backoffice/Betting/Match/Create_match/Pop up Add match/input_Event Name_match_name'

2018-10-19 18:16:02 - [TEST_STEP][PASSED] - sendKeys: Keys '' sent to object: 'Object Repository/Backoffice/Betting/Match/Create_match/Pop up Add match/input_Profit Margin ()_match_p'

2018-10-19 18:16:02 - [MESSAGE][PASSED] - Keys '' sent to object: 'Object Repository/Backoffice/Betting/Match/Create_match/Pop up Add match/input_Profit Margin ()_match_p'

2018-10-19 18:16:02 - [TEST_STEP][PASSED] - sendKeys: Keys 'testteamA89' sent to object: 'Object Repository/Backoffice/Betting/Match/Create_match/Pop up Add match/input_Name_banker_name'

2018-10-19 18:16:02 - [MESSAGE][PASSED] - Keys 'testteamA89' sent to object: 'Object Repository/Backoffice/Betting/Match/Create_match/Pop up Add match/input_Name_banker_name'

2018-10-19 18:16:02 - [TEST_STEP][PASSED] - sendKeys: Keys 'testteamB89' sent to object: 'Object Repository/Backoffice/Betting/Match/Create_match/Pop up Add match/input_Name_player_name'

2018-10-19 18:16:02 - [MESSAGE][PASSED] - Keys 'testteamB89' sent to object: 'Object Repository/Backoffice/Betting/Match/Create_match/Pop up Add match/input_Name_player_name'

2018-10-19 18:16:02 - [TEST_STEP][PASSED] - delay: Delayed 3 second(s)

2018-10-19 18:16:05 - [MESSAGE][PASSED] - Delayed 3 second(s)

2018-10-19 18:16:05 - [TEST_STEP][PASSED] - click: Object: 'Object Repository/Backoffice/Betting/Match/Create_match/Pop up Add match/input_Close_add_match' is clicked on

2018-10-19 18:16:06 - [MESSAGE][PASSED] - Object: 'Object Repository/Backoffice/Betting/Match/Create_match/Pop up Add match/input_Close_add_match' is clicked on

2018-10-19 18:16:06 - [TEST_STEP][PASSED] - waitForElementVisible: Object 'Object Repository/Backoffice/Betting/Match/span_Clickmatch' is visible

2018-10-19 18:16:06 - [MESSAGE][PASSED] - Object 'Object Repository/Backoffice/Betting/Match/span_Clickmatch' is visible]]></system-out>
         <system-err><![CDATA[]]></system-err>
      </testcase>
      <testcase name="Test Cases/Staging/Backoffice/Betting/Create_match" classname="Test Cases/Staging/Backoffice/Betting/Create_match" status="PASSED">
         <system-out><![CDATA[2018-10-19 18:16:06 - [TEST_CASE][PASSED] - Test Cases/Staging/Backoffice/Betting/Create_match: Test Cases/Staging/Backoffice/Betting/Create_match

2018-10-19 18:16:06 - [TEST_STEP][PASSED] - focus: Object: 'Object Repository/Backoffice/Betting/Betting_header' is focused

2018-10-19 18:16:06 - [MESSAGE][PASSED] - Object: 'Object Repository/Backoffice/Betting/Betting_header' is focused

2018-10-19 18:16:06 - [TEST_STEP][PASSED] - click: Object: 'Object Repository/Backoffice/Betting/Match_header' is clicked on

2018-10-19 18:16:07 - [MESSAGE][PASSED] - Object: 'Object Repository/Backoffice/Betting/Match_header' is clicked on

2018-10-19 18:16:07 - [TEST_STEP][PASSED] - click: Object: 'Object Repository/Backoffice/Betting/Match/Create_match/button_Create Match' is clicked on

2018-10-19 18:16:07 - [MESSAGE][PASSED] - Object: 'Object Repository/Backoffice/Betting/Match/Create_match/button_Create Match' is clicked on

2018-10-19 18:16:07 - [TEST_STEP][PASSED] - delay: Delayed 2 second(s)

2018-10-19 18:16:09 - [MESSAGE][PASSED] - Delayed 2 second(s)

2018-10-19 18:16:09 - [TEST_STEP][PASSED] - waitForElementVisible: Object 'Object Repository/Backoffice/Betting/Match/Create_match/Pop up Add match/select_arena' is visible

2018-10-19 18:16:09 - [MESSAGE][PASSED] - Object 'Object Repository/Backoffice/Betting/Match/Create_match/Pop up Add match/select_arena' is visible

2018-10-19 18:16:09 - [TEST_STEP][PASSED] - selectOptionByLabel: All options with label 'CVCC3 - 10' are selected in object 'Object Repository/Backoffice/Betting/Match/Create_match/Pop up Add match/select_arena' 

2018-10-19 18:16:09 - [MESSAGE][PASSED] - All options with label 'CVCC3 - 10' are selected in object 'Object Repository/Backoffice/Betting/Match/Create_match/Pop up Add match/select_arena' 

2018-10-19 18:16:09 - [TEST_STEP][PASSED] - sendKeys: Keys '' sent to object: 'Object Repository/Backoffice/Betting/Match/Create_match/Pop up Add match/input_Event Name_match_name'

2018-10-19 18:16:09 - [MESSAGE][PASSED] - Keys '' sent to object: 'Object Repository/Backoffice/Betting/Match/Create_match/Pop up Add match/input_Event Name_match_name'

2018-10-19 18:16:09 - [TEST_STEP][PASSED] - sendKeys: Keys '' sent to object: 'Object Repository/Backoffice/Betting/Match/Create_match/Pop up Add match/input_Profit Margin ()_match_p'

2018-10-19 18:16:09 - [MESSAGE][PASSED] - Keys '' sent to object: 'Object Repository/Backoffice/Betting/Match/Create_match/Pop up Add match/input_Profit Margin ()_match_p'

2018-10-19 18:16:09 - [TEST_STEP][PASSED] - sendKeys: Keys 'testteamA90' sent to object: 'Object Repository/Backoffice/Betting/Match/Create_match/Pop up Add match/input_Name_banker_name'

2018-10-19 18:16:09 - [MESSAGE][PASSED] - Keys 'testteamA90' sent to object: 'Object Repository/Backoffice/Betting/Match/Create_match/Pop up Add match/input_Name_banker_name'

2018-10-19 18:16:09 - [TEST_STEP][PASSED] - sendKeys: Keys 'testteamB90' sent to object: 'Object Repository/Backoffice/Betting/Match/Create_match/Pop up Add match/input_Name_player_name'

2018-10-19 18:16:10 - [MESSAGE][PASSED] - Keys 'testteamB90' sent to object: 'Object Repository/Backoffice/Betting/Match/Create_match/Pop up Add match/input_Name_player_name'

2018-10-19 18:16:10 - [TEST_STEP][PASSED] - delay: Delayed 3 second(s)

2018-10-19 18:16:13 - [MESSAGE][PASSED] - Delayed 3 second(s)

2018-10-19 18:16:13 - [TEST_STEP][PASSED] - click: Object: 'Object Repository/Backoffice/Betting/Match/Create_match/Pop up Add match/input_Close_add_match' is clicked on

2018-10-19 18:16:14 - [MESSAGE][PASSED] - Object: 'Object Repository/Backoffice/Betting/Match/Create_match/Pop up Add match/input_Close_add_match' is clicked on

2018-10-19 18:16:14 - [TEST_STEP][PASSED] - waitForElementVisible: Object 'Object Repository/Backoffice/Betting/Match/span_Clickmatch' is visible

2018-10-19 18:16:14 - [MESSAGE][PASSED] - Object 'Object Repository/Backoffice/Betting/Match/span_Clickmatch' is visible]]></system-out>
         <system-err><![CDATA[]]></system-err>
      </testcase>
      <testcase name="Test Cases/Staging/Backoffice/Betting/Create_match" classname="Test Cases/Staging/Backoffice/Betting/Create_match" status="PASSED">
         <system-out><![CDATA[2018-10-19 18:16:14 - [TEST_CASE][PASSED] - Test Cases/Staging/Backoffice/Betting/Create_match: Test Cases/Staging/Backoffice/Betting/Create_match

2018-10-19 18:16:14 - [TEST_STEP][PASSED] - focus: Object: 'Object Repository/Backoffice/Betting/Betting_header' is focused

2018-10-19 18:16:14 - [MESSAGE][PASSED] - Object: 'Object Repository/Backoffice/Betting/Betting_header' is focused

2018-10-19 18:16:14 - [TEST_STEP][PASSED] - click: Object: 'Object Repository/Backoffice/Betting/Match_header' is clicked on

2018-10-19 18:16:14 - [MESSAGE][PASSED] - Object: 'Object Repository/Backoffice/Betting/Match_header' is clicked on

2018-10-19 18:16:14 - [TEST_STEP][PASSED] - click: Object: 'Object Repository/Backoffice/Betting/Match/Create_match/button_Create Match' is clicked on

2018-10-19 18:16:14 - [MESSAGE][PASSED] - Object: 'Object Repository/Backoffice/Betting/Match/Create_match/button_Create Match' is clicked on

2018-10-19 18:16:14 - [TEST_STEP][PASSED] - delay: Delayed 2 second(s)

2018-10-19 18:16:16 - [MESSAGE][PASSED] - Delayed 2 second(s)

2018-10-19 18:16:16 - [TEST_STEP][PASSED] - waitForElementVisible: Object 'Object Repository/Backoffice/Betting/Match/Create_match/Pop up Add match/select_arena' is visible

2018-10-19 18:16:17 - [MESSAGE][PASSED] - Object 'Object Repository/Backoffice/Betting/Match/Create_match/Pop up Add match/select_arena' is visible

2018-10-19 18:16:17 - [TEST_STEP][PASSED] - selectOptionByLabel: All options with label 'CVCC3 - 10' are selected in object 'Object Repository/Backoffice/Betting/Match/Create_match/Pop up Add match/select_arena' 

2018-10-19 18:16:17 - [MESSAGE][PASSED] - All options with label 'CVCC3 - 10' are selected in object 'Object Repository/Backoffice/Betting/Match/Create_match/Pop up Add match/select_arena' 

2018-10-19 18:16:17 - [TEST_STEP][PASSED] - sendKeys: Keys '' sent to object: 'Object Repository/Backoffice/Betting/Match/Create_match/Pop up Add match/input_Event Name_match_name'

2018-10-19 18:16:17 - [MESSAGE][PASSED] - Keys '' sent to object: 'Object Repository/Backoffice/Betting/Match/Create_match/Pop up Add match/input_Event Name_match_name'

2018-10-19 18:16:17 - [TEST_STEP][PASSED] - sendKeys: Keys '' sent to object: 'Object Repository/Backoffice/Betting/Match/Create_match/Pop up Add match/input_Profit Margin ()_match_p'

2018-10-19 18:16:17 - [MESSAGE][PASSED] - Keys '' sent to object: 'Object Repository/Backoffice/Betting/Match/Create_match/Pop up Add match/input_Profit Margin ()_match_p'

2018-10-19 18:16:17 - [TEST_STEP][PASSED] - sendKeys: Keys 'testteamA91' sent to object: 'Object Repository/Backoffice/Betting/Match/Create_match/Pop up Add match/input_Name_banker_name'

2018-10-19 18:16:17 - [MESSAGE][PASSED] - Keys 'testteamA91' sent to object: 'Object Repository/Backoffice/Betting/Match/Create_match/Pop up Add match/input_Name_banker_name'

2018-10-19 18:16:17 - [TEST_STEP][PASSED] - sendKeys: Keys 'testteamB91' sent to object: 'Object Repository/Backoffice/Betting/Match/Create_match/Pop up Add match/input_Name_player_name'

2018-10-19 18:16:17 - [MESSAGE][PASSED] - Keys 'testteamB91' sent to object: 'Object Repository/Backoffice/Betting/Match/Create_match/Pop up Add match/input_Name_player_name'

2018-10-19 18:16:17 - [TEST_STEP][PASSED] - delay: Delayed 3 second(s)

2018-10-19 18:16:20 - [MESSAGE][PASSED] - Delayed 3 second(s)

2018-10-19 18:16:20 - [TEST_STEP][PASSED] - click: Object: 'Object Repository/Backoffice/Betting/Match/Create_match/Pop up Add match/input_Close_add_match' is clicked on

2018-10-19 18:16:21 - [MESSAGE][PASSED] - Object: 'Object Repository/Backoffice/Betting/Match/Create_match/Pop up Add match/input_Close_add_match' is clicked on

2018-10-19 18:16:21 - [TEST_STEP][PASSED] - waitForElementVisible: Object 'Object Repository/Backoffice/Betting/Match/span_Clickmatch' is visible

2018-10-19 18:16:21 - [MESSAGE][PASSED] - Object 'Object Repository/Backoffice/Betting/Match/span_Clickmatch' is visible]]></system-out>
         <system-err><![CDATA[]]></system-err>
      </testcase>
      <testcase name="Test Cases/Staging/Backoffice/Betting/Create_match" classname="Test Cases/Staging/Backoffice/Betting/Create_match" status="PASSED">
         <system-out><![CDATA[2018-10-19 18:16:21 - [TEST_CASE][PASSED] - Test Cases/Staging/Backoffice/Betting/Create_match: Test Cases/Staging/Backoffice/Betting/Create_match

2018-10-19 18:16:21 - [TEST_STEP][PASSED] - focus: Object: 'Object Repository/Backoffice/Betting/Betting_header' is focused

2018-10-19 18:16:21 - [MESSAGE][PASSED] - Object: 'Object Repository/Backoffice/Betting/Betting_header' is focused

2018-10-19 18:16:21 - [TEST_STEP][PASSED] - click: Object: 'Object Repository/Backoffice/Betting/Match_header' is clicked on

2018-10-19 18:16:22 - [MESSAGE][PASSED] - Object: 'Object Repository/Backoffice/Betting/Match_header' is clicked on

2018-10-19 18:16:22 - [TEST_STEP][PASSED] - click: Object: 'Object Repository/Backoffice/Betting/Match/Create_match/button_Create Match' is clicked on

2018-10-19 18:16:22 - [MESSAGE][PASSED] - Object: 'Object Repository/Backoffice/Betting/Match/Create_match/button_Create Match' is clicked on

2018-10-19 18:16:22 - [TEST_STEP][PASSED] - delay: Delayed 2 second(s)

2018-10-19 18:16:24 - [MESSAGE][PASSED] - Delayed 2 second(s)

2018-10-19 18:16:24 - [TEST_STEP][PASSED] - waitForElementVisible: Object 'Object Repository/Backoffice/Betting/Match/Create_match/Pop up Add match/select_arena' is visible

2018-10-19 18:16:24 - [MESSAGE][PASSED] - Object 'Object Repository/Backoffice/Betting/Match/Create_match/Pop up Add match/select_arena' is visible

2018-10-19 18:16:24 - [TEST_STEP][PASSED] - selectOptionByLabel: All options with label 'CVCC3 - 10' are selected in object 'Object Repository/Backoffice/Betting/Match/Create_match/Pop up Add match/select_arena' 

2018-10-19 18:16:24 - [MESSAGE][PASSED] - All options with label 'CVCC3 - 10' are selected in object 'Object Repository/Backoffice/Betting/Match/Create_match/Pop up Add match/select_arena' 

2018-10-19 18:16:24 - [TEST_STEP][PASSED] - sendKeys: Keys '' sent to object: 'Object Repository/Backoffice/Betting/Match/Create_match/Pop up Add match/input_Event Name_match_name'

2018-10-19 18:16:24 - [MESSAGE][PASSED] - Keys '' sent to object: 'Object Repository/Backoffice/Betting/Match/Create_match/Pop up Add match/input_Event Name_match_name'

2018-10-19 18:16:24 - [TEST_STEP][PASSED] - sendKeys: Keys '' sent to object: 'Object Repository/Backoffice/Betting/Match/Create_match/Pop up Add match/input_Profit Margin ()_match_p'

2018-10-19 18:16:24 - [MESSAGE][PASSED] - Keys '' sent to object: 'Object Repository/Backoffice/Betting/Match/Create_match/Pop up Add match/input_Profit Margin ()_match_p'

2018-10-19 18:16:24 - [TEST_STEP][PASSED] - sendKeys: Keys 'testteamA92' sent to object: 'Object Repository/Backoffice/Betting/Match/Create_match/Pop up Add match/input_Name_banker_name'

2018-10-19 18:16:24 - [MESSAGE][PASSED] - Keys 'testteamA92' sent to object: 'Object Repository/Backoffice/Betting/Match/Create_match/Pop up Add match/input_Name_banker_name'

2018-10-19 18:16:24 - [TEST_STEP][PASSED] - sendKeys: Keys 'testteamB92' sent to object: 'Object Repository/Backoffice/Betting/Match/Create_match/Pop up Add match/input_Name_player_name'

2018-10-19 18:16:24 - [MESSAGE][PASSED] - Keys 'testteamB92' sent to object: 'Object Repository/Backoffice/Betting/Match/Create_match/Pop up Add match/input_Name_player_name'

2018-10-19 18:16:24 - [TEST_STEP][PASSED] - delay: Delayed 3 second(s)

2018-10-19 18:16:27 - [MESSAGE][PASSED] - Delayed 3 second(s)

2018-10-19 18:16:27 - [TEST_STEP][PASSED] - click: Object: 'Object Repository/Backoffice/Betting/Match/Create_match/Pop up Add match/input_Close_add_match' is clicked on

2018-10-19 18:16:28 - [MESSAGE][PASSED] - Object: 'Object Repository/Backoffice/Betting/Match/Create_match/Pop up Add match/input_Close_add_match' is clicked on

2018-10-19 18:16:28 - [TEST_STEP][PASSED] - waitForElementVisible: Object 'Object Repository/Backoffice/Betting/Match/span_Clickmatch' is visible

2018-10-19 18:16:28 - [MESSAGE][PASSED] - Object 'Object Repository/Backoffice/Betting/Match/span_Clickmatch' is visible]]></system-out>
         <system-err><![CDATA[]]></system-err>
      </testcase>
      <testcase name="Test Cases/Staging/Backoffice/Betting/Create_match" classname="Test Cases/Staging/Backoffice/Betting/Create_match" status="PASSED">
         <system-out><![CDATA[2018-10-19 18:16:28 - [TEST_CASE][PASSED] - Test Cases/Staging/Backoffice/Betting/Create_match: Test Cases/Staging/Backoffice/Betting/Create_match

2018-10-19 18:16:28 - [TEST_STEP][PASSED] - focus: Object: 'Object Repository/Backoffice/Betting/Betting_header' is focused

2018-10-19 18:16:28 - [MESSAGE][PASSED] - Object: 'Object Repository/Backoffice/Betting/Betting_header' is focused

2018-10-19 18:16:28 - [TEST_STEP][PASSED] - click: Object: 'Object Repository/Backoffice/Betting/Match_header' is clicked on

2018-10-19 18:16:29 - [MESSAGE][PASSED] - Object: 'Object Repository/Backoffice/Betting/Match_header' is clicked on

2018-10-19 18:16:29 - [TEST_STEP][PASSED] - click: Object: 'Object Repository/Backoffice/Betting/Match/Create_match/button_Create Match' is clicked on

2018-10-19 18:16:29 - [MESSAGE][PASSED] - Object: 'Object Repository/Backoffice/Betting/Match/Create_match/button_Create Match' is clicked on

2018-10-19 18:16:29 - [TEST_STEP][PASSED] - delay: Delayed 2 second(s)

2018-10-19 18:16:31 - [MESSAGE][PASSED] - Delayed 2 second(s)

2018-10-19 18:16:31 - [TEST_STEP][PASSED] - waitForElementVisible: Object 'Object Repository/Backoffice/Betting/Match/Create_match/Pop up Add match/select_arena' is visible

2018-10-19 18:16:31 - [MESSAGE][PASSED] - Object 'Object Repository/Backoffice/Betting/Match/Create_match/Pop up Add match/select_arena' is visible

2018-10-19 18:16:31 - [TEST_STEP][PASSED] - selectOptionByLabel: All options with label 'CVCC3 - 10' are selected in object 'Object Repository/Backoffice/Betting/Match/Create_match/Pop up Add match/select_arena' 

2018-10-19 18:16:31 - [MESSAGE][PASSED] - All options with label 'CVCC3 - 10' are selected in object 'Object Repository/Backoffice/Betting/Match/Create_match/Pop up Add match/select_arena' 

2018-10-19 18:16:31 - [TEST_STEP][PASSED] - sendKeys: Keys '' sent to object: 'Object Repository/Backoffice/Betting/Match/Create_match/Pop up Add match/input_Event Name_match_name'

2018-10-19 18:16:31 - [MESSAGE][PASSED] - Keys '' sent to object: 'Object Repository/Backoffice/Betting/Match/Create_match/Pop up Add match/input_Event Name_match_name'

2018-10-19 18:16:31 - [TEST_STEP][PASSED] - sendKeys: Keys '' sent to object: 'Object Repository/Backoffice/Betting/Match/Create_match/Pop up Add match/input_Profit Margin ()_match_p'

2018-10-19 18:16:31 - [MESSAGE][PASSED] - Keys '' sent to object: 'Object Repository/Backoffice/Betting/Match/Create_match/Pop up Add match/input_Profit Margin ()_match_p'

2018-10-19 18:16:31 - [TEST_STEP][PASSED] - sendKeys: Keys 'testteamA93' sent to object: 'Object Repository/Backoffice/Betting/Match/Create_match/Pop up Add match/input_Name_banker_name'

2018-10-19 18:16:31 - [MESSAGE][PASSED] - Keys 'testteamA93' sent to object: 'Object Repository/Backoffice/Betting/Match/Create_match/Pop up Add match/input_Name_banker_name'

2018-10-19 18:16:31 - [TEST_STEP][PASSED] - sendKeys: Keys 'testteamB93' sent to object: 'Object Repository/Backoffice/Betting/Match/Create_match/Pop up Add match/input_Name_player_name'

2018-10-19 18:16:32 - [MESSAGE][PASSED] - Keys 'testteamB93' sent to object: 'Object Repository/Backoffice/Betting/Match/Create_match/Pop up Add match/input_Name_player_name'

2018-10-19 18:16:32 - [TEST_STEP][PASSED] - delay: Delayed 3 second(s)

2018-10-19 18:16:35 - [MESSAGE][PASSED] - Delayed 3 second(s)

2018-10-19 18:16:35 - [TEST_STEP][PASSED] - click: Object: 'Object Repository/Backoffice/Betting/Match/Create_match/Pop up Add match/input_Close_add_match' is clicked on

2018-10-19 18:16:36 - [MESSAGE][PASSED] - Object: 'Object Repository/Backoffice/Betting/Match/Create_match/Pop up Add match/input_Close_add_match' is clicked on

2018-10-19 18:16:36 - [TEST_STEP][PASSED] - waitForElementVisible: Object 'Object Repository/Backoffice/Betting/Match/span_Clickmatch' is visible

2018-10-19 18:16:36 - [MESSAGE][PASSED] - Object 'Object Repository/Backoffice/Betting/Match/span_Clickmatch' is visible]]></system-out>
         <system-err><![CDATA[]]></system-err>
      </testcase>
      <testcase name="Test Cases/Staging/Backoffice/Betting/Create_match" classname="Test Cases/Staging/Backoffice/Betting/Create_match" status="PASSED">
         <system-out><![CDATA[2018-10-19 18:16:36 - [TEST_CASE][PASSED] - Test Cases/Staging/Backoffice/Betting/Create_match: Test Cases/Staging/Backoffice/Betting/Create_match

2018-10-19 18:16:36 - [TEST_STEP][PASSED] - focus: Object: 'Object Repository/Backoffice/Betting/Betting_header' is focused

2018-10-19 18:16:36 - [MESSAGE][PASSED] - Object: 'Object Repository/Backoffice/Betting/Betting_header' is focused

2018-10-19 18:16:36 - [TEST_STEP][PASSED] - click: Object: 'Object Repository/Backoffice/Betting/Match_header' is clicked on

2018-10-19 18:16:36 - [MESSAGE][PASSED] - Object: 'Object Repository/Backoffice/Betting/Match_header' is clicked on

2018-10-19 18:16:36 - [TEST_STEP][PASSED] - click: Object: 'Object Repository/Backoffice/Betting/Match/Create_match/button_Create Match' is clicked on

2018-10-19 18:16:37 - [MESSAGE][PASSED] - Object: 'Object Repository/Backoffice/Betting/Match/Create_match/button_Create Match' is clicked on

2018-10-19 18:16:37 - [TEST_STEP][PASSED] - delay: Delayed 2 second(s)

2018-10-19 18:16:39 - [MESSAGE][PASSED] - Delayed 2 second(s)

2018-10-19 18:16:39 - [TEST_STEP][PASSED] - waitForElementVisible: Object 'Object Repository/Backoffice/Betting/Match/Create_match/Pop up Add match/select_arena' is visible

2018-10-19 18:16:39 - [MESSAGE][PASSED] - Object 'Object Repository/Backoffice/Betting/Match/Create_match/Pop up Add match/select_arena' is visible

2018-10-19 18:16:39 - [TEST_STEP][PASSED] - selectOptionByLabel: All options with label 'CVCC3 - 10' are selected in object 'Object Repository/Backoffice/Betting/Match/Create_match/Pop up Add match/select_arena' 

2018-10-19 18:16:39 - [MESSAGE][PASSED] - All options with label 'CVCC3 - 10' are selected in object 'Object Repository/Backoffice/Betting/Match/Create_match/Pop up Add match/select_arena' 

2018-10-19 18:16:39 - [TEST_STEP][PASSED] - sendKeys: Keys '' sent to object: 'Object Repository/Backoffice/Betting/Match/Create_match/Pop up Add match/input_Event Name_match_name'

2018-10-19 18:16:39 - [MESSAGE][PASSED] - Keys '' sent to object: 'Object Repository/Backoffice/Betting/Match/Create_match/Pop up Add match/input_Event Name_match_name'

2018-10-19 18:16:39 - [TEST_STEP][PASSED] - sendKeys: Keys '' sent to object: 'Object Repository/Backoffice/Betting/Match/Create_match/Pop up Add match/input_Profit Margin ()_match_p'

2018-10-19 18:16:39 - [MESSAGE][PASSED] - Keys '' sent to object: 'Object Repository/Backoffice/Betting/Match/Create_match/Pop up Add match/input_Profit Margin ()_match_p'

2018-10-19 18:16:39 - [TEST_STEP][PASSED] - sendKeys: Keys 'testteamA94' sent to object: 'Object Repository/Backoffice/Betting/Match/Create_match/Pop up Add match/input_Name_banker_name'

2018-10-19 18:16:39 - [MESSAGE][PASSED] - Keys 'testteamA94' sent to object: 'Object Repository/Backoffice/Betting/Match/Create_match/Pop up Add match/input_Name_banker_name'

2018-10-19 18:16:39 - [TEST_STEP][PASSED] - sendKeys: Keys 'testteamB94' sent to object: 'Object Repository/Backoffice/Betting/Match/Create_match/Pop up Add match/input_Name_player_name'

2018-10-19 18:16:39 - [MESSAGE][PASSED] - Keys 'testteamB94' sent to object: 'Object Repository/Backoffice/Betting/Match/Create_match/Pop up Add match/input_Name_player_name'

2018-10-19 18:16:39 - [TEST_STEP][PASSED] - delay: Delayed 3 second(s)

2018-10-19 18:16:42 - [MESSAGE][PASSED] - Delayed 3 second(s)

2018-10-19 18:16:42 - [TEST_STEP][PASSED] - click: Object: 'Object Repository/Backoffice/Betting/Match/Create_match/Pop up Add match/input_Close_add_match' is clicked on

2018-10-19 18:16:43 - [MESSAGE][PASSED] - Object: 'Object Repository/Backoffice/Betting/Match/Create_match/Pop up Add match/input_Close_add_match' is clicked on

2018-10-19 18:16:43 - [TEST_STEP][PASSED] - waitForElementVisible: Object 'Object Repository/Backoffice/Betting/Match/span_Clickmatch' is visible

2018-10-19 18:16:43 - [MESSAGE][PASSED] - Object 'Object Repository/Backoffice/Betting/Match/span_Clickmatch' is visible]]></system-out>
         <system-err><![CDATA[]]></system-err>
      </testcase>
      <testcase name="Test Cases/Staging/Backoffice/Betting/Create_match" classname="Test Cases/Staging/Backoffice/Betting/Create_match" status="PASSED">
         <system-out><![CDATA[2018-10-19 18:16:43 - [TEST_CASE][PASSED] - Test Cases/Staging/Backoffice/Betting/Create_match: Test Cases/Staging/Backoffice/Betting/Create_match

2018-10-19 18:16:43 - [TEST_STEP][PASSED] - focus: Object: 'Object Repository/Backoffice/Betting/Betting_header' is focused

2018-10-19 18:16:43 - [MESSAGE][PASSED] - Object: 'Object Repository/Backoffice/Betting/Betting_header' is focused

2018-10-19 18:16:43 - [TEST_STEP][PASSED] - click: Object: 'Object Repository/Backoffice/Betting/Match_header' is clicked on

2018-10-19 18:16:44 - [MESSAGE][PASSED] - Object: 'Object Repository/Backoffice/Betting/Match_header' is clicked on

2018-10-19 18:16:44 - [TEST_STEP][PASSED] - click: Object: 'Object Repository/Backoffice/Betting/Match/Create_match/button_Create Match' is clicked on

2018-10-19 18:16:44 - [MESSAGE][PASSED] - Object: 'Object Repository/Backoffice/Betting/Match/Create_match/button_Create Match' is clicked on

2018-10-19 18:16:44 - [TEST_STEP][PASSED] - delay: Delayed 2 second(s)

2018-10-19 18:16:46 - [MESSAGE][PASSED] - Delayed 2 second(s)

2018-10-19 18:16:46 - [TEST_STEP][PASSED] - waitForElementVisible: Object 'Object Repository/Backoffice/Betting/Match/Create_match/Pop up Add match/select_arena' is visible

2018-10-19 18:16:46 - [MESSAGE][PASSED] - Object 'Object Repository/Backoffice/Betting/Match/Create_match/Pop up Add match/select_arena' is visible

2018-10-19 18:16:46 - [TEST_STEP][PASSED] - selectOptionByLabel: All options with label 'CVCC3 - 10' are selected in object 'Object Repository/Backoffice/Betting/Match/Create_match/Pop up Add match/select_arena' 

2018-10-19 18:16:46 - [MESSAGE][PASSED] - All options with label 'CVCC3 - 10' are selected in object 'Object Repository/Backoffice/Betting/Match/Create_match/Pop up Add match/select_arena' 

2018-10-19 18:16:46 - [TEST_STEP][PASSED] - sendKeys: Keys '' sent to object: 'Object Repository/Backoffice/Betting/Match/Create_match/Pop up Add match/input_Event Name_match_name'

2018-10-19 18:16:46 - [MESSAGE][PASSED] - Keys '' sent to object: 'Object Repository/Backoffice/Betting/Match/Create_match/Pop up Add match/input_Event Name_match_name'

2018-10-19 18:16:46 - [TEST_STEP][PASSED] - sendKeys: Keys '' sent to object: 'Object Repository/Backoffice/Betting/Match/Create_match/Pop up Add match/input_Profit Margin ()_match_p'

2018-10-19 18:16:46 - [MESSAGE][PASSED] - Keys '' sent to object: 'Object Repository/Backoffice/Betting/Match/Create_match/Pop up Add match/input_Profit Margin ()_match_p'

2018-10-19 18:16:46 - [TEST_STEP][PASSED] - sendKeys: Keys 'testteamA95' sent to object: 'Object Repository/Backoffice/Betting/Match/Create_match/Pop up Add match/input_Name_banker_name'

2018-10-19 18:16:46 - [MESSAGE][PASSED] - Keys 'testteamA95' sent to object: 'Object Repository/Backoffice/Betting/Match/Create_match/Pop up Add match/input_Name_banker_name'

2018-10-19 18:16:46 - [TEST_STEP][PASSED] - sendKeys: Keys 'testteamB95' sent to object: 'Object Repository/Backoffice/Betting/Match/Create_match/Pop up Add match/input_Name_player_name'

2018-10-19 18:16:46 - [MESSAGE][PASSED] - Keys 'testteamB95' sent to object: 'Object Repository/Backoffice/Betting/Match/Create_match/Pop up Add match/input_Name_player_name'

2018-10-19 18:16:46 - [TEST_STEP][PASSED] - delay: Delayed 3 second(s)

2018-10-19 18:16:49 - [MESSAGE][PASSED] - Delayed 3 second(s)

2018-10-19 18:16:49 - [TEST_STEP][PASSED] - click: Object: 'Object Repository/Backoffice/Betting/Match/Create_match/Pop up Add match/input_Close_add_match' is clicked on

2018-10-19 18:16:50 - [MESSAGE][PASSED] - Object: 'Object Repository/Backoffice/Betting/Match/Create_match/Pop up Add match/input_Close_add_match' is clicked on

2018-10-19 18:16:50 - [TEST_STEP][PASSED] - waitForElementVisible: Object 'Object Repository/Backoffice/Betting/Match/span_Clickmatch' is visible

2018-10-19 18:16:50 - [MESSAGE][PASSED] - Object 'Object Repository/Backoffice/Betting/Match/span_Clickmatch' is visible]]></system-out>
         <system-err><![CDATA[]]></system-err>
      </testcase>
      <testcase name="Test Cases/Staging/Backoffice/Betting/Create_match" classname="Test Cases/Staging/Backoffice/Betting/Create_match" status="PASSED">
         <system-out><![CDATA[2018-10-19 18:16:50 - [TEST_CASE][PASSED] - Test Cases/Staging/Backoffice/Betting/Create_match: Test Cases/Staging/Backoffice/Betting/Create_match

2018-10-19 18:16:50 - [TEST_STEP][PASSED] - focus: Object: 'Object Repository/Backoffice/Betting/Betting_header' is focused

2018-10-19 18:16:50 - [MESSAGE][PASSED] - Object: 'Object Repository/Backoffice/Betting/Betting_header' is focused

2018-10-19 18:16:50 - [TEST_STEP][PASSED] - click: Object: 'Object Repository/Backoffice/Betting/Match_header' is clicked on

2018-10-19 18:16:51 - [MESSAGE][PASSED] - Object: 'Object Repository/Backoffice/Betting/Match_header' is clicked on

2018-10-19 18:16:51 - [TEST_STEP][PASSED] - click: Object: 'Object Repository/Backoffice/Betting/Match/Create_match/button_Create Match' is clicked on

2018-10-19 18:16:51 - [MESSAGE][PASSED] - Object: 'Object Repository/Backoffice/Betting/Match/Create_match/button_Create Match' is clicked on

2018-10-19 18:16:51 - [TEST_STEP][PASSED] - delay: Delayed 2 second(s)

2018-10-19 18:16:53 - [MESSAGE][PASSED] - Delayed 2 second(s)

2018-10-19 18:16:53 - [TEST_STEP][PASSED] - waitForElementVisible: Object 'Object Repository/Backoffice/Betting/Match/Create_match/Pop up Add match/select_arena' is visible

2018-10-19 18:16:53 - [MESSAGE][PASSED] - Object 'Object Repository/Backoffice/Betting/Match/Create_match/Pop up Add match/select_arena' is visible

2018-10-19 18:16:53 - [TEST_STEP][PASSED] - selectOptionByLabel: All options with label 'CVCC3 - 10' are selected in object 'Object Repository/Backoffice/Betting/Match/Create_match/Pop up Add match/select_arena' 

2018-10-19 18:16:53 - [MESSAGE][PASSED] - All options with label 'CVCC3 - 10' are selected in object 'Object Repository/Backoffice/Betting/Match/Create_match/Pop up Add match/select_arena' 

2018-10-19 18:16:53 - [TEST_STEP][PASSED] - sendKeys: Keys '' sent to object: 'Object Repository/Backoffice/Betting/Match/Create_match/Pop up Add match/input_Event Name_match_name'

2018-10-19 18:16:54 - [MESSAGE][PASSED] - Keys '' sent to object: 'Object Repository/Backoffice/Betting/Match/Create_match/Pop up Add match/input_Event Name_match_name'

2018-10-19 18:16:54 - [TEST_STEP][PASSED] - sendKeys: Keys '' sent to object: 'Object Repository/Backoffice/Betting/Match/Create_match/Pop up Add match/input_Profit Margin ()_match_p'

2018-10-19 18:16:54 - [MESSAGE][PASSED] - Keys '' sent to object: 'Object Repository/Backoffice/Betting/Match/Create_match/Pop up Add match/input_Profit Margin ()_match_p'

2018-10-19 18:16:54 - [TEST_STEP][PASSED] - sendKeys: Keys 'testteamA96' sent to object: 'Object Repository/Backoffice/Betting/Match/Create_match/Pop up Add match/input_Name_banker_name'

2018-10-19 18:16:54 - [MESSAGE][PASSED] - Keys 'testteamA96' sent to object: 'Object Repository/Backoffice/Betting/Match/Create_match/Pop up Add match/input_Name_banker_name'

2018-10-19 18:16:54 - [TEST_STEP][PASSED] - sendKeys: Keys 'testteamB96' sent to object: 'Object Repository/Backoffice/Betting/Match/Create_match/Pop up Add match/input_Name_player_name'

2018-10-19 18:16:54 - [MESSAGE][PASSED] - Keys 'testteamB96' sent to object: 'Object Repository/Backoffice/Betting/Match/Create_match/Pop up Add match/input_Name_player_name'

2018-10-19 18:16:54 - [TEST_STEP][PASSED] - delay: Delayed 3 second(s)

2018-10-19 18:16:57 - [MESSAGE][PASSED] - Delayed 3 second(s)

2018-10-19 18:16:57 - [TEST_STEP][PASSED] - click: Object: 'Object Repository/Backoffice/Betting/Match/Create_match/Pop up Add match/input_Close_add_match' is clicked on

2018-10-19 18:16:58 - [MESSAGE][PASSED] - Object: 'Object Repository/Backoffice/Betting/Match/Create_match/Pop up Add match/input_Close_add_match' is clicked on

2018-10-19 18:16:58 - [TEST_STEP][PASSED] - waitForElementVisible: Object 'Object Repository/Backoffice/Betting/Match/span_Clickmatch' is visible

2018-10-19 18:16:58 - [MESSAGE][PASSED] - Object 'Object Repository/Backoffice/Betting/Match/span_Clickmatch' is visible]]></system-out>
         <system-err><![CDATA[]]></system-err>
      </testcase>
      <testcase name="Test Cases/Staging/Backoffice/Betting/Create_match" classname="Test Cases/Staging/Backoffice/Betting/Create_match" status="PASSED">
         <system-out><![CDATA[2018-10-19 18:16:58 - [TEST_CASE][PASSED] - Test Cases/Staging/Backoffice/Betting/Create_match: Test Cases/Staging/Backoffice/Betting/Create_match

2018-10-19 18:16:58 - [TEST_STEP][PASSED] - focus: Object: 'Object Repository/Backoffice/Betting/Betting_header' is focused

2018-10-19 18:16:58 - [MESSAGE][PASSED] - Object: 'Object Repository/Backoffice/Betting/Betting_header' is focused

2018-10-19 18:16:58 - [TEST_STEP][PASSED] - click: Object: 'Object Repository/Backoffice/Betting/Match_header' is clicked on

2018-10-19 18:16:59 - [MESSAGE][PASSED] - Object: 'Object Repository/Backoffice/Betting/Match_header' is clicked on

2018-10-19 18:16:59 - [TEST_STEP][PASSED] - click: Object: 'Object Repository/Backoffice/Betting/Match/Create_match/button_Create Match' is clicked on

2018-10-19 18:16:59 - [MESSAGE][PASSED] - Object: 'Object Repository/Backoffice/Betting/Match/Create_match/button_Create Match' is clicked on

2018-10-19 18:16:59 - [TEST_STEP][PASSED] - delay: Delayed 2 second(s)

2018-10-19 18:17:01 - [MESSAGE][PASSED] - Delayed 2 second(s)

2018-10-19 18:17:01 - [TEST_STEP][PASSED] - waitForElementVisible: Object 'Object Repository/Backoffice/Betting/Match/Create_match/Pop up Add match/select_arena' is visible

2018-10-19 18:17:01 - [MESSAGE][PASSED] - Object 'Object Repository/Backoffice/Betting/Match/Create_match/Pop up Add match/select_arena' is visible

2018-10-19 18:17:01 - [TEST_STEP][PASSED] - selectOptionByLabel: All options with label 'CVCC3 - 10' are selected in object 'Object Repository/Backoffice/Betting/Match/Create_match/Pop up Add match/select_arena' 

2018-10-19 18:17:01 - [MESSAGE][PASSED] - All options with label 'CVCC3 - 10' are selected in object 'Object Repository/Backoffice/Betting/Match/Create_match/Pop up Add match/select_arena' 

2018-10-19 18:17:01 - [TEST_STEP][PASSED] - sendKeys: Keys '' sent to object: 'Object Repository/Backoffice/Betting/Match/Create_match/Pop up Add match/input_Event Name_match_name'

2018-10-19 18:17:01 - [MESSAGE][PASSED] - Keys '' sent to object: 'Object Repository/Backoffice/Betting/Match/Create_match/Pop up Add match/input_Event Name_match_name'

2018-10-19 18:17:01 - [TEST_STEP][PASSED] - sendKeys: Keys '' sent to object: 'Object Repository/Backoffice/Betting/Match/Create_match/Pop up Add match/input_Profit Margin ()_match_p'

2018-10-19 18:17:01 - [MESSAGE][PASSED] - Keys '' sent to object: 'Object Repository/Backoffice/Betting/Match/Create_match/Pop up Add match/input_Profit Margin ()_match_p'

2018-10-19 18:17:01 - [TEST_STEP][PASSED] - sendKeys: Keys 'testteamA97' sent to object: 'Object Repository/Backoffice/Betting/Match/Create_match/Pop up Add match/input_Name_banker_name'

2018-10-19 18:17:01 - [MESSAGE][PASSED] - Keys 'testteamA97' sent to object: 'Object Repository/Backoffice/Betting/Match/Create_match/Pop up Add match/input_Name_banker_name'

2018-10-19 18:17:01 - [TEST_STEP][PASSED] - sendKeys: Keys 'testteamB97' sent to object: 'Object Repository/Backoffice/Betting/Match/Create_match/Pop up Add match/input_Name_player_name'

2018-10-19 18:17:01 - [MESSAGE][PASSED] - Keys 'testteamB97' sent to object: 'Object Repository/Backoffice/Betting/Match/Create_match/Pop up Add match/input_Name_player_name'

2018-10-19 18:17:01 - [TEST_STEP][PASSED] - delay: Delayed 3 second(s)

2018-10-19 18:17:04 - [MESSAGE][PASSED] - Delayed 3 second(s)

2018-10-19 18:17:04 - [TEST_STEP][PASSED] - click: Object: 'Object Repository/Backoffice/Betting/Match/Create_match/Pop up Add match/input_Close_add_match' is clicked on

2018-10-19 18:17:05 - [MESSAGE][PASSED] - Object: 'Object Repository/Backoffice/Betting/Match/Create_match/Pop up Add match/input_Close_add_match' is clicked on

2018-10-19 18:17:05 - [TEST_STEP][PASSED] - waitForElementVisible: Object 'Object Repository/Backoffice/Betting/Match/span_Clickmatch' is visible

2018-10-19 18:17:05 - [MESSAGE][PASSED] - Object 'Object Repository/Backoffice/Betting/Match/span_Clickmatch' is visible]]></system-out>
         <system-err><![CDATA[]]></system-err>
      </testcase>
      <testcase name="Test Cases/Staging/Backoffice/Betting/Create_match" classname="Test Cases/Staging/Backoffice/Betting/Create_match" status="PASSED">
         <system-out><![CDATA[2018-10-19 18:17:05 - [TEST_CASE][PASSED] - Test Cases/Staging/Backoffice/Betting/Create_match: Test Cases/Staging/Backoffice/Betting/Create_match

2018-10-19 18:17:05 - [TEST_STEP][PASSED] - focus: Object: 'Object Repository/Backoffice/Betting/Betting_header' is focused

2018-10-19 18:17:05 - [MESSAGE][PASSED] - Object: 'Object Repository/Backoffice/Betting/Betting_header' is focused

2018-10-19 18:17:05 - [TEST_STEP][PASSED] - click: Object: 'Object Repository/Backoffice/Betting/Match_header' is clicked on

2018-10-19 18:17:06 - [MESSAGE][PASSED] - Object: 'Object Repository/Backoffice/Betting/Match_header' is clicked on

2018-10-19 18:17:06 - [TEST_STEP][PASSED] - click: Object: 'Object Repository/Backoffice/Betting/Match/Create_match/button_Create Match' is clicked on

2018-10-19 18:17:06 - [MESSAGE][PASSED] - Object: 'Object Repository/Backoffice/Betting/Match/Create_match/button_Create Match' is clicked on

2018-10-19 18:17:06 - [TEST_STEP][PASSED] - delay: Delayed 2 second(s)

2018-10-19 18:17:08 - [MESSAGE][PASSED] - Delayed 2 second(s)

2018-10-19 18:17:08 - [TEST_STEP][PASSED] - waitForElementVisible: Object 'Object Repository/Backoffice/Betting/Match/Create_match/Pop up Add match/select_arena' is visible

2018-10-19 18:17:08 - [MESSAGE][PASSED] - Object 'Object Repository/Backoffice/Betting/Match/Create_match/Pop up Add match/select_arena' is visible

2018-10-19 18:17:08 - [TEST_STEP][PASSED] - selectOptionByLabel: All options with label 'CVCC3 - 10' are selected in object 'Object Repository/Backoffice/Betting/Match/Create_match/Pop up Add match/select_arena' 

2018-10-19 18:17:08 - [MESSAGE][PASSED] - All options with label 'CVCC3 - 10' are selected in object 'Object Repository/Backoffice/Betting/Match/Create_match/Pop up Add match/select_arena' 

2018-10-19 18:17:08 - [TEST_STEP][PASSED] - sendKeys: Keys '' sent to object: 'Object Repository/Backoffice/Betting/Match/Create_match/Pop up Add match/input_Event Name_match_name'

2018-10-19 18:17:08 - [MESSAGE][PASSED] - Keys '' sent to object: 'Object Repository/Backoffice/Betting/Match/Create_match/Pop up Add match/input_Event Name_match_name'

2018-10-19 18:17:08 - [TEST_STEP][PASSED] - sendKeys: Keys '' sent to object: 'Object Repository/Backoffice/Betting/Match/Create_match/Pop up Add match/input_Profit Margin ()_match_p'

2018-10-19 18:17:08 - [MESSAGE][PASSED] - Keys '' sent to object: 'Object Repository/Backoffice/Betting/Match/Create_match/Pop up Add match/input_Profit Margin ()_match_p'

2018-10-19 18:17:08 - [TEST_STEP][PASSED] - sendKeys: Keys 'testteamA98' sent to object: 'Object Repository/Backoffice/Betting/Match/Create_match/Pop up Add match/input_Name_banker_name'

2018-10-19 18:17:08 - [MESSAGE][PASSED] - Keys 'testteamA98' sent to object: 'Object Repository/Backoffice/Betting/Match/Create_match/Pop up Add match/input_Name_banker_name'

2018-10-19 18:17:08 - [TEST_STEP][PASSED] - sendKeys: Keys 'testteamB98' sent to object: 'Object Repository/Backoffice/Betting/Match/Create_match/Pop up Add match/input_Name_player_name'

2018-10-19 18:17:08 - [MESSAGE][PASSED] - Keys 'testteamB98' sent to object: 'Object Repository/Backoffice/Betting/Match/Create_match/Pop up Add match/input_Name_player_name'

2018-10-19 18:17:08 - [TEST_STEP][PASSED] - delay: Delayed 3 second(s)

2018-10-19 18:17:11 - [MESSAGE][PASSED] - Delayed 3 second(s)

2018-10-19 18:17:11 - [TEST_STEP][PASSED] - click: Object: 'Object Repository/Backoffice/Betting/Match/Create_match/Pop up Add match/input_Close_add_match' is clicked on

2018-10-19 18:17:12 - [MESSAGE][PASSED] - Object: 'Object Repository/Backoffice/Betting/Match/Create_match/Pop up Add match/input_Close_add_match' is clicked on

2018-10-19 18:17:12 - [TEST_STEP][PASSED] - waitForElementVisible: Object 'Object Repository/Backoffice/Betting/Match/span_Clickmatch' is visible

2018-10-19 18:17:12 - [MESSAGE][PASSED] - Object 'Object Repository/Backoffice/Betting/Match/span_Clickmatch' is visible]]></system-out>
         <system-err><![CDATA[]]></system-err>
      </testcase>
      <testcase name="Test Cases/Staging/Backoffice/Betting/Create_match" classname="Test Cases/Staging/Backoffice/Betting/Create_match" status="PASSED">
         <system-out><![CDATA[2018-10-19 18:17:12 - [TEST_CASE][PASSED] - Test Cases/Staging/Backoffice/Betting/Create_match: Test Cases/Staging/Backoffice/Betting/Create_match

2018-10-19 18:17:12 - [TEST_STEP][PASSED] - focus: Object: 'Object Repository/Backoffice/Betting/Betting_header' is focused

2018-10-19 18:17:12 - [MESSAGE][PASSED] - Object: 'Object Repository/Backoffice/Betting/Betting_header' is focused

2018-10-19 18:17:12 - [TEST_STEP][PASSED] - click: Object: 'Object Repository/Backoffice/Betting/Match_header' is clicked on

2018-10-19 18:17:13 - [MESSAGE][PASSED] - Object: 'Object Repository/Backoffice/Betting/Match_header' is clicked on

2018-10-19 18:17:13 - [TEST_STEP][PASSED] - click: Object: 'Object Repository/Backoffice/Betting/Match/Create_match/button_Create Match' is clicked on

2018-10-19 18:17:13 - [MESSAGE][PASSED] - Object: 'Object Repository/Backoffice/Betting/Match/Create_match/button_Create Match' is clicked on

2018-10-19 18:17:13 - [TEST_STEP][PASSED] - delay: Delayed 2 second(s)

2018-10-19 18:17:15 - [MESSAGE][PASSED] - Delayed 2 second(s)

2018-10-19 18:17:15 - [TEST_STEP][PASSED] - waitForElementVisible: Object 'Object Repository/Backoffice/Betting/Match/Create_match/Pop up Add match/select_arena' is visible

2018-10-19 18:17:15 - [MESSAGE][PASSED] - Object 'Object Repository/Backoffice/Betting/Match/Create_match/Pop up Add match/select_arena' is visible

2018-10-19 18:17:15 - [TEST_STEP][PASSED] - selectOptionByLabel: All options with label 'CVCC3 - 10' are selected in object 'Object Repository/Backoffice/Betting/Match/Create_match/Pop up Add match/select_arena' 

2018-10-19 18:17:15 - [MESSAGE][PASSED] - All options with label 'CVCC3 - 10' are selected in object 'Object Repository/Backoffice/Betting/Match/Create_match/Pop up Add match/select_arena' 

2018-10-19 18:17:15 - [TEST_STEP][PASSED] - sendKeys: Keys '' sent to object: 'Object Repository/Backoffice/Betting/Match/Create_match/Pop up Add match/input_Event Name_match_name'

2018-10-19 18:17:15 - [MESSAGE][PASSED] - Keys '' sent to object: 'Object Repository/Backoffice/Betting/Match/Create_match/Pop up Add match/input_Event Name_match_name'

2018-10-19 18:17:15 - [TEST_STEP][PASSED] - sendKeys: Keys '' sent to object: 'Object Repository/Backoffice/Betting/Match/Create_match/Pop up Add match/input_Profit Margin ()_match_p'

2018-10-19 18:17:16 - [MESSAGE][PASSED] - Keys '' sent to object: 'Object Repository/Backoffice/Betting/Match/Create_match/Pop up Add match/input_Profit Margin ()_match_p'

2018-10-19 18:17:16 - [TEST_STEP][PASSED] - sendKeys: Keys 'testteamA99' sent to object: 'Object Repository/Backoffice/Betting/Match/Create_match/Pop up Add match/input_Name_banker_name'

2018-10-19 18:17:16 - [MESSAGE][PASSED] - Keys 'testteamA99' sent to object: 'Object Repository/Backoffice/Betting/Match/Create_match/Pop up Add match/input_Name_banker_name'

2018-10-19 18:17:16 - [TEST_STEP][PASSED] - sendKeys: Keys 'testteamB99' sent to object: 'Object Repository/Backoffice/Betting/Match/Create_match/Pop up Add match/input_Name_player_name'

2018-10-19 18:17:16 - [MESSAGE][PASSED] - Keys 'testteamB99' sent to object: 'Object Repository/Backoffice/Betting/Match/Create_match/Pop up Add match/input_Name_player_name'

2018-10-19 18:17:16 - [TEST_STEP][PASSED] - delay: Delayed 3 second(s)

2018-10-19 18:17:19 - [MESSAGE][PASSED] - Delayed 3 second(s)

2018-10-19 18:17:19 - [TEST_STEP][PASSED] - click: Object: 'Object Repository/Backoffice/Betting/Match/Create_match/Pop up Add match/input_Close_add_match' is clicked on

2018-10-19 18:17:20 - [MESSAGE][PASSED] - Object: 'Object Repository/Backoffice/Betting/Match/Create_match/Pop up Add match/input_Close_add_match' is clicked on

2018-10-19 18:17:20 - [TEST_STEP][PASSED] - waitForElementVisible: Object 'Object Repository/Backoffice/Betting/Match/span_Clickmatch' is visible

2018-10-19 18:17:20 - [MESSAGE][PASSED] - Object 'Object Repository/Backoffice/Betting/Match/span_Clickmatch' is visible]]></system-out>
         <system-err><![CDATA[]]></system-err>
      </testcase>
      <testcase name="Test Cases/Staging/Backoffice/Betting/Create_match" classname="Test Cases/Staging/Backoffice/Betting/Create_match" status="PASSED">
         <system-out><![CDATA[2018-10-19 18:17:20 - [TEST_CASE][PASSED] - Test Cases/Staging/Backoffice/Betting/Create_match: Test Cases/Staging/Backoffice/Betting/Create_match

2018-10-19 18:17:20 - [TEST_STEP][PASSED] - focus: Object: 'Object Repository/Backoffice/Betting/Betting_header' is focused

2018-10-19 18:17:20 - [MESSAGE][PASSED] - Object: 'Object Repository/Backoffice/Betting/Betting_header' is focused

2018-10-19 18:17:20 - [TEST_STEP][PASSED] - click: Object: 'Object Repository/Backoffice/Betting/Match_header' is clicked on

2018-10-19 18:17:21 - [MESSAGE][PASSED] - Object: 'Object Repository/Backoffice/Betting/Match_header' is clicked on

2018-10-19 18:17:21 - [TEST_STEP][PASSED] - click: Object: 'Object Repository/Backoffice/Betting/Match/Create_match/button_Create Match' is clicked on

2018-10-19 18:17:21 - [MESSAGE][PASSED] - Object: 'Object Repository/Backoffice/Betting/Match/Create_match/button_Create Match' is clicked on

2018-10-19 18:17:21 - [TEST_STEP][PASSED] - delay: Delayed 2 second(s)

2018-10-19 18:17:23 - [MESSAGE][PASSED] - Delayed 2 second(s)

2018-10-19 18:17:23 - [TEST_STEP][PASSED] - waitForElementVisible: Object 'Object Repository/Backoffice/Betting/Match/Create_match/Pop up Add match/select_arena' is visible

2018-10-19 18:17:23 - [MESSAGE][PASSED] - Object 'Object Repository/Backoffice/Betting/Match/Create_match/Pop up Add match/select_arena' is visible

2018-10-19 18:17:23 - [TEST_STEP][PASSED] - selectOptionByLabel: All options with label 'CVCC3 - 10' are selected in object 'Object Repository/Backoffice/Betting/Match/Create_match/Pop up Add match/select_arena' 

2018-10-19 18:17:23 - [MESSAGE][PASSED] - All options with label 'CVCC3 - 10' are selected in object 'Object Repository/Backoffice/Betting/Match/Create_match/Pop up Add match/select_arena' 

2018-10-19 18:17:23 - [TEST_STEP][PASSED] - sendKeys: Keys '' sent to object: 'Object Repository/Backoffice/Betting/Match/Create_match/Pop up Add match/input_Event Name_match_name'

2018-10-19 18:17:23 - [MESSAGE][PASSED] - Keys '' sent to object: 'Object Repository/Backoffice/Betting/Match/Create_match/Pop up Add match/input_Event Name_match_name'

2018-10-19 18:17:23 - [TEST_STEP][PASSED] - sendKeys: Keys '' sent to object: 'Object Repository/Backoffice/Betting/Match/Create_match/Pop up Add match/input_Profit Margin ()_match_p'

2018-10-19 18:17:23 - [MESSAGE][PASSED] - Keys '' sent to object: 'Object Repository/Backoffice/Betting/Match/Create_match/Pop up Add match/input_Profit Margin ()_match_p'

2018-10-19 18:17:23 - [TEST_STEP][PASSED] - sendKeys: Keys 'testteamA100' sent to object: 'Object Repository/Backoffice/Betting/Match/Create_match/Pop up Add match/input_Name_banker_name'

2018-10-19 18:17:23 - [MESSAGE][PASSED] - Keys 'testteamA100' sent to object: 'Object Repository/Backoffice/Betting/Match/Create_match/Pop up Add match/input_Name_banker_name'

2018-10-19 18:17:23 - [TEST_STEP][PASSED] - sendKeys: Keys 'testteamB100' sent to object: 'Object Repository/Backoffice/Betting/Match/Create_match/Pop up Add match/input_Name_player_name'

2018-10-19 18:17:23 - [MESSAGE][PASSED] - Keys 'testteamB100' sent to object: 'Object Repository/Backoffice/Betting/Match/Create_match/Pop up Add match/input_Name_player_name'

2018-10-19 18:17:23 - [TEST_STEP][PASSED] - delay: Delayed 3 second(s)

2018-10-19 18:17:26 - [MESSAGE][PASSED] - Delayed 3 second(s)

2018-10-19 18:17:26 - [TEST_STEP][PASSED] - click: Object: 'Object Repository/Backoffice/Betting/Match/Create_match/Pop up Add match/input_Close_add_match' is clicked on

2018-10-19 18:17:27 - [MESSAGE][PASSED] - Object: 'Object Repository/Backoffice/Betting/Match/Create_match/Pop up Add match/input_Close_add_match' is clicked on

2018-10-19 18:17:27 - [TEST_STEP][PASSED] - waitForElementVisible: Object 'Object Repository/Backoffice/Betting/Match/span_Clickmatch' is visible

2018-10-19 18:17:27 - [MESSAGE][PASSED] - Object 'Object Repository/Backoffice/Betting/Match/span_Clickmatch' is visible]]></system-out>
         <system-err><![CDATA[]]></system-err>
      </testcase>
      <system-out><![CDATA[2018-10-19 18:05:01 - [TEST_SUITE][PASSED] - 1Arenawith100Match: Test Cases/Staging/Backoffice/Betting/Create_match]]></system-out>
      <system-err><![CDATA[]]></system-err>
   </testsuite>
</testsuites>
