<?xml version="1.0" encoding="UTF-8"?>
<testsuites name="1Arenawith100Match" time="22" tests="3" failures="0" errors="0">
   <testsuite name="1Arenawith100Match" tests="3" failures="0" errors="0" time="22" timestamp="2018-10-22 16:27:50" hostname="Richard Sanchez - DESKTOP-A1HL9OG" id="Test Suites/Dev/Arenacreation/1Arenawith100Match">
      <properties>
         <property name="deviceName" value=""/>
         <property name="devicePlatform" value=""/>
         <property name="logFolder" value="C:\\Users\\Richard Sanchez\\Katalon Studio\\ucf88\\Reports\\Dev\\Arenacreation\\1Arenawith100Match\\20181022_162749"/>
         <property name="logFiles" value="C:\\Users\\Richard Sanchez\\Katalon Studio\\ucf88\\Reports\\Dev\\Arenacreation\\1Arenawith100Match\\20181022_162749\\execution0.log"/>
         <property name="attachments" value=""/>
         <property name="hostName" value="Richard Sanchez - DESKTOP-A1HL9OG"/>
         <property name="os" value="Windows 10 64bit"/>
         <property name="katalonVersion" value="5.8.0.1"/>
         <property name="browser" value="Chrome 70.0.3538.67"/>
         <property name="hostAddress" value="172.16.8.122"/>
         <property name="sessionId" value="8ffcdcf5a35c8b49c7945cba7ed896c2"/>
         <property name="seleniumVersion" value="3.7.1"/>
         <property name="proxyInformation" value="ProxyInformation{proxyOption=NO_PROXY, proxyServerType=HTTP, password=, proxyServerAddress=, proxyServerPort=0}"/>
         <property name="platform" value="Windows 10"/>
      </properties>
      <testcase name="Test Cases/Dev/Backoffice/Login/LoginAdmin" classname="Test Cases/Dev/Backoffice/Login/LoginAdmin" status="PASSED">
         <system-out><![CDATA[2018-10-22 16:27:50 - [TEST_CASE][PASSED] - Test Cases/Dev/Backoffice/Login/LoginAdmin: Test Cases/Dev/Backoffice/Login/LoginAdmin

2018-10-22 16:27:51 - [TEST_STEP][PASSED] - openBrowser: Browser is opened with url: ''

2018-10-22 16:27:54 - [MESSAGE][PASSED] - Browser is opened with url: ''

2018-10-22 16:27:54 - [TEST_STEP][PASSED] - maximizeWindow: Current window maximized

2018-10-22 16:27:55 - [MESSAGE][PASSED] - Current window maximized

2018-10-22 16:27:55 - [TEST_STEP][PASSED] - navigateToUrl: Navigate to 'http://dev-admin.ucf88.com' successfully

2018-10-22 16:27:56 - [MESSAGE][PASSED] - Navigate to 'http://dev-admin.ucf88.com' successfully

2018-10-22 16:27:56 - [TEST_STEP][PASSED] - setText: Text 'admin' is set on object 'Object Repository/Backoffice/Login/input_Username'

2018-10-22 16:27:56 - [MESSAGE][PASSED] - Text 'admin' is set on object 'Object Repository/Backoffice/Login/input_Username'

2018-10-22 16:27:56 - [TEST_STEP][PASSED] - setEncryptedText: Text ****** has been set on object 'Object Repository/Backoffice/Login/input_Password'

2018-10-22 16:27:57 - [MESSAGE][PASSED] - Text ****** has been set on object 'Object Repository/Backoffice/Login/input_Password'

2018-10-22 16:27:57 - [TEST_STEP][PASSED] - click: Object: 'Object Repository/Backoffice/Login/button_Login' is clicked on

2018-10-22 16:27:59 - [MESSAGE][PASSED] - Object: 'Object Repository/Backoffice/Login/button_Login' is clicked on

2018-10-22 16:27:59 - [TEST_STEP][PASSED] - waitForElementVisible: Object 'Object Repository/Backoffice/Login/adminuser' is visible

2018-10-22 16:27:59 - [MESSAGE][PASSED] - Object 'Object Repository/Backoffice/Login/adminuser' is visible]]></system-out>
         <system-err><![CDATA[]]></system-err>
      </testcase>
      <testcase name="Test Cases/Dev/Backoffice/Betting/Arena/Create_arena" classname="Test Cases/Dev/Backoffice/Betting/Arena/Create_arena" status="PASSED">
         <system-out><![CDATA[2018-10-22 16:27:59 - [TEST_CASE][PASSED] - Test Cases/Dev/Backoffice/Betting/Arena/Create_arena: Test Cases/Dev/Backoffice/Betting/Arena/Create_arena

2018-10-22 16:27:59 - [TEST_STEP][PASSED] - focus: Object: 'Object Repository/Backoffice/Betting/Betting_header' is focused

2018-10-22 16:27:59 - [MESSAGE][PASSED] - Object: 'Object Repository/Backoffice/Betting/Betting_header' is focused

2018-10-22 16:27:59 - [TEST_STEP][PASSED] - verifyElementPresent: Object 'Object Repository/Backoffice/Betting/Arena_header' is present

2018-10-22 16:27:59 - [MESSAGE][PASSED] - Object 'Object Repository/Backoffice/Betting/Arena_header' is present

2018-10-22 16:27:59 - [TEST_STEP][PASSED] - click: Object: 'Object Repository/Backoffice/Betting/Arena_header' is clicked on

2018-10-22 16:28:00 - [MESSAGE][PASSED] - Object: 'Object Repository/Backoffice/Betting/Arena_header' is clicked on

2018-10-22 16:28:00 - [TEST_STEP][PASSED] - click: Object: 'Object Repository/Backoffice/Betting/Arena/button_Create_arena' is clicked on

2018-10-22 16:28:00 - [MESSAGE][PASSED] - Object: 'Object Repository/Backoffice/Betting/Arena/button_Create_arena' is clicked on

2018-10-22 16:28:00 - [TEST_STEP][PASSED] - getWindowIndex: Current window's index is: 0

2018-10-22 16:28:00 - [MESSAGE][PASSED] - Current window's index is: 0

2018-10-22 16:28:00 - [TEST_STEP][PASSED] - waitForElementVisible: Object 'Object Repository/Backoffice/Betting/Arena/Create_arena/input_event_name' is visible

2018-10-22 16:28:00 - [MESSAGE][PASSED] - Object 'Object Repository/Backoffice/Betting/Arena/Create_arena/input_event_name' is visible

2018-10-22 16:28:00 - [TEST_STEP][PASSED] - switchToWindowIndex: Switched to window with index: '0'

2018-10-22 16:28:00 - [MESSAGE][PASSED] - Switched to window with index: '0'

2018-10-22 16:28:00 - [TEST_STEP][PASSED] - setText: Text 'ARENA WITH 100 MATCHES TEST' is set on object 'Object Repository/Backoffice/Betting/Arena/Create_arena/input_name'

2018-10-22 16:28:01 - [MESSAGE][PASSED] - Text 'ARENA WITH 100 MATCHES TEST' is set on object 'Object Repository/Backoffice/Betting/Arena/Create_arena/input_name'

2018-10-22 16:28:01 - [TEST_STEP][PASSED] - setText: Text 'UVGBF 100 STAG DERBY3' is set on object 'Object Repository/Backoffice/Betting/Arena/Create_arena/input_event_name'

2018-10-22 16:28:01 - [MESSAGE][PASSED] - Text 'UVGBF 100 STAG DERBY3' is set on object 'Object Repository/Backoffice/Betting/Arena/Create_arena/input_event_name'

2018-10-22 16:28:01 - [TEST_STEP][PASSED] - setText: Text '100HITS' is set on object 'Object Repository/Backoffice/Betting/Arena/Create_arena/input_acronym'

2018-10-22 16:28:01 - [MESSAGE][PASSED] - Text '100HITS' is set on object 'Object Repository/Backoffice/Betting/Arena/Create_arena/input_acronym'

2018-10-22 16:28:01 - [TEST_STEP][PASSED] - setText: Text 'https://www.youtube.com/watch?v=0VHhoNg9KvQ' is set on object 'Object Repository/Backoffice/Betting/Arena/Create_arena/input_arena_vid'

2018-10-22 16:28:01 - [MESSAGE][PASSED] - Text 'https://www.youtube.com/watch?v=0VHhoNg9KvQ' is set on object 'Object Repository/Backoffice/Betting/Arena/Create_arena/input_arena_vid'

2018-10-22 16:28:01 - [TEST_STEP][PASSED] - setText: Text '10.00' is set on object 'Object Repository/Backoffice/Betting/Arena/Create_arena/input_profit_margin'

2018-10-22 16:28:01 - [MESSAGE][PASSED] - Text '10.00' is set on object 'Object Repository/Backoffice/Betting/Arena/Create_arena/input_profit_margin'

2018-10-22 16:28:01 - [TEST_STEP][PASSED] - sendKeys: Keys '' sent to object: 'Object Repository/Backoffice/Betting/Arena/Create_arena/input_min_single'

2018-10-22 16:28:01 - [MESSAGE][PASSED] - Keys '' sent to object: 'Object Repository/Backoffice/Betting/Arena/Create_arena/input_min_single'

2018-10-22 16:28:01 - [TEST_STEP][PASSED] - sendKeys: Keys '' sent to object: 'Object Repository/Backoffice/Betting/Arena/Create_arena/input_max_single'

2018-10-22 16:28:01 - [MESSAGE][PASSED] - Keys '' sent to object: 'Object Repository/Backoffice/Betting/Arena/Create_arena/input_max_single'

2018-10-22 16:28:01 - [TEST_STEP][PASSED] - sendKeys: Keys '' sent to object: 'Object Repository/Backoffice/Betting/Arena/Create_arena/input_pending_bet_delay'

2018-10-22 16:28:01 - [MESSAGE][PASSED] - Keys '' sent to object: 'Object Repository/Backoffice/Betting/Arena/Create_arena/input_pending_bet_delay'

2018-10-22 16:28:01 - [TEST_STEP][PASSED] - click: Object: 'Object Repository/Backoffice/Betting/Arena/Create_arena/add_arena' is clicked on

2018-10-22 16:28:02 - [MESSAGE][PASSED] - Object: 'Object Repository/Backoffice/Betting/Arena/Create_arena/add_arena' is clicked on

2018-10-22 16:28:02 - [TEST_STEP][PASSED] - delay: Delayed 2 second(s)

2018-10-22 16:28:04 - [MESSAGE][PASSED] - Delayed 2 second(s)]]></system-out>
         <system-err><![CDATA[]]></system-err>
      </testcase>
      <testcase name="Test Cases/Dev/Backoffice/Betting/Matches/Create_match" classname="Test Cases/Dev/Backoffice/Betting/Matches/Create_match" status="PASSED">
         <system-out><![CDATA[2018-10-22 16:28:04 - [TEST_CASE][PASSED] - Test Cases/Dev/Backoffice/Betting/Matches/Create_match: Test Cases/Dev/Backoffice/Betting/Matches/Create_match

2018-10-22 16:28:05 - [TEST_STEP][PASSED] - focus: Object: 'Object Repository/Backoffice/Betting/Betting_header' is focused

2018-10-22 16:28:05 - [MESSAGE][PASSED] - Object: 'Object Repository/Backoffice/Betting/Betting_header' is focused

2018-10-22 16:28:05 - [TEST_STEP][PASSED] - click: Object: 'Object Repository/Backoffice/Betting/Match_header' is clicked on

2018-10-22 16:28:05 - [MESSAGE][PASSED] - Object: 'Object Repository/Backoffice/Betting/Match_header' is clicked on

2018-10-22 16:28:05 - [TEST_STEP][PASSED] - click: Object: 'Object Repository/Backoffice/Betting/Match/Create_match/button_Create Match' is clicked on

2018-10-22 16:28:05 - [MESSAGE][PASSED] - Object: 'Object Repository/Backoffice/Betting/Match/Create_match/button_Create Match' is clicked on

2018-10-22 16:28:05 - [TEST_STEP][PASSED] - delay: Delayed 2 second(s)

2018-10-22 16:28:07 - [MESSAGE][PASSED] - Delayed 2 second(s)

2018-10-22 16:28:07 - [TEST_STEP][PASSED] - waitForElementVisible: Object 'Object Repository/Backoffice/Betting/Match/Create_match/Pop up Add match/select_arena' is visible

2018-10-22 16:28:07 - [MESSAGE][PASSED] - Object 'Object Repository/Backoffice/Betting/Match/Create_match/Pop up Add match/select_arena' is visible

2018-10-22 16:28:07 - [TEST_STEP][PASSED] - selectOptionByLabel: All options with label '100HITS' are selected in object 'Object Repository/Backoffice/Betting/Match/Create_match/Pop up Add match/select_arena' 

2018-10-22 16:28:08 - [MESSAGE][PASSED] - All options with label '100HITS' are selected in object 'Object Repository/Backoffice/Betting/Match/Create_match/Pop up Add match/select_arena' 

2018-10-22 16:28:08 - [TEST_STEP][PASSED] - sendKeys: Keys '' sent to object: 'Object Repository/Backoffice/Betting/Match/Create_match/Pop up Add match/input_Event Name_match_name'

2018-10-22 16:28:08 - [MESSAGE][PASSED] - Keys '' sent to object: 'Object Repository/Backoffice/Betting/Match/Create_match/Pop up Add match/input_Event Name_match_name'

2018-10-22 16:28:08 - [TEST_STEP][PASSED] - sendKeys: Keys '' sent to object: 'Object Repository/Backoffice/Betting/Match/Create_match/Pop up Add match/input_Profit Margin ()_match_p'

2018-10-22 16:28:08 - [MESSAGE][PASSED] - Keys '' sent to object: 'Object Repository/Backoffice/Betting/Match/Create_match/Pop up Add match/input_Profit Margin ()_match_p'

2018-10-22 16:28:08 - [TEST_STEP][PASSED] - sendKeys: Keys 'testteamA1' sent to object: 'Object Repository/Backoffice/Betting/Match/Create_match/Pop up Add match/input_Name_banker_name'

2018-10-22 16:28:08 - [MESSAGE][PASSED] - Keys 'testteamA1' sent to object: 'Object Repository/Backoffice/Betting/Match/Create_match/Pop up Add match/input_Name_banker_name'

2018-10-22 16:28:08 - [TEST_STEP][PASSED] - sendKeys: Keys 'testteamB1' sent to object: 'Object Repository/Backoffice/Betting/Match/Create_match/Pop up Add match/input_Name_player_name'

2018-10-22 16:28:08 - [MESSAGE][PASSED] - Keys 'testteamB1' sent to object: 'Object Repository/Backoffice/Betting/Match/Create_match/Pop up Add match/input_Name_player_name'

2018-10-22 16:28:08 - [TEST_STEP][PASSED] - delay: Delayed 3 second(s)

2018-10-22 16:28:11 - [MESSAGE][PASSED] - Delayed 3 second(s)

2018-10-22 16:28:11 - [TEST_STEP][PASSED] - click: Object: 'Object Repository/Backoffice/Betting/Match/Create_match/Pop up Add match/input_Close_add_match' is clicked on

2018-10-22 16:28:12 - [MESSAGE][PASSED] - Object: 'Object Repository/Backoffice/Betting/Match/Create_match/Pop up Add match/input_Close_add_match' is clicked on

2018-10-22 16:28:12 - [TEST_STEP][PASSED] - waitForElementVisible: Object 'Object Repository/Backoffice/Betting/Match/span_Clickmatch' is visible

2018-10-22 16:28:12 - [MESSAGE][PASSED] - Object 'Object Repository/Backoffice/Betting/Match/span_Clickmatch' is visible]]></system-out>
         <system-err><![CDATA[]]></system-err>
      </testcase>
      <system-out><![CDATA[2018-10-22 16:27:50 - [TEST_SUITE][PASSED] - 1Arenawith100Match: Test Cases/Dev/Backoffice/Betting/Matches/Create_match]]></system-out>
      <system-err><![CDATA[]]></system-err>
   </testsuite>
</testsuites>
