<?xml version="1.0" encoding="UTF-8"?>
<testsuites name="createAccount" time="14" tests="2" failures="0" errors="0">
   <testsuite name="createAccount" tests="2" failures="0" errors="0" time="14" timestamp="2018-11-14 11:29:08" hostname="ops.02 - NXT-OPS02.nxtgame.local" id="Test Suites/dailyTesting/accountCreation/createAccount">
      <properties>
         <property name="deviceName" value=""/>
         <property name="devicePlatform" value=""/>
         <property name="logFolder" value="C:\\Users\\ops.02\\git\\UCF\\Reports\\dailyTesting\\accountCreation\\createAccount\\20181114_112906"/>
         <property name="logFiles" value="C:\\Users\\ops.02\\git\\UCF\\Reports\\dailyTesting\\accountCreation\\createAccount\\20181114_112906\\execution0.log"/>
         <property name="attachments" value=""/>
         <property name="hostName" value="ops.02 - NXT-OPS02.nxtgame.local"/>
         <property name="os" value="Windows 10 64bit"/>
         <property name="katalonVersion" value="5.8.6.1"/>
         <property name="browser" value="Chrome 70.0.3538.102"/>
         <property name="hostAddress" value="172.16.8.115"/>
         <property name="sessionId" value="18bd283fd7b73c529ba53f3d60b66290"/>
         <property name="seleniumVersion" value="3.7.1"/>
         <property name="proxyInformation" value="ProxyInformation{proxyOption=NO_PROXY, proxyServerType=HTTP, password=, proxyServerAddress=, proxyServerPort=0}"/>
         <property name="platform" value="Windows 10"/>
      </properties>
      <testcase name="Test Cases/dailyTesting/login/backofficeLogin" classname="Test Cases/dailyTesting/login/backofficeLogin" status="PASSED">
         <system-out><![CDATA[2018-11-14 11:29:08 - [TEST_CASE][PASSED] - Test Cases/dailyTesting/login/backofficeLogin: Test Cases/dailyTesting/login/backofficeLogin

2018-11-14 11:29:08 - [TEST_STEP][PASSED] - backoffice.openBrowserBackoffice.openbrowserBackoffice: backoffice.openBrowserBackoffice.openbrowserBackoffice is PASSED

2018-11-14 11:29:12 - [MESSAGE][PASSED] - Browser is opened with url: ''

2018-11-14 11:29:13 - [MESSAGE][PASSED] - Current window maximized

2018-11-14 11:29:14 - [MESSAGE][PASSED] - Navigate to 'http://dev-admin.ucf88.com' successfully

2018-11-14 11:29:14 - [MESSAGE][PASSED] - backoffice.openBrowserBackoffice.openbrowserBackoffice is PASSED

2018-11-14 11:29:14 - [TEST_STEP][PASSED] - setText: Text 'admin' is set on object 'Object Repository/Backoffice/Login/input_Username'

2018-11-14 11:29:15 - [MESSAGE][PASSED] - Text 'admin' is set on object 'Object Repository/Backoffice/Login/input_Username'

2018-11-14 11:29:15 - [TEST_STEP][PASSED] - setEncryptedText: Text ****** has been set on object 'Object Repository/Backoffice/Login/input_Password'

2018-11-14 11:29:15 - [MESSAGE][PASSED] - Text ****** has been set on object 'Object Repository/Backoffice/Login/input_Password'

2018-11-14 11:29:15 - [TEST_STEP][PASSED] - click: Object: 'Object Repository/Backoffice/Login/button_Login' is clicked on

2018-11-14 11:29:17 - [MESSAGE][PASSED] - Object: 'Object Repository/Backoffice/Login/button_Login' is clicked on

2018-11-14 11:29:17 - [TEST_STEP][PASSED] - waitForElementVisible: Object 'Object Repository/Backoffice/Login/adminuser' is visible

2018-11-14 11:29:17 - [MESSAGE][PASSED] - Object 'Object Repository/Backoffice/Login/adminuser' is visible]]></system-out>
         <system-err><![CDATA[]]></system-err>
      </testcase>
      <testcase name="Test Cases/dailyTesting/accountCreation/playerList" classname="Test Cases/dailyTesting/accountCreation/playerList" status="PASSED">
         <system-out><![CDATA[2018-11-14 11:29:17 - [TEST_CASE][PASSED] - Test Cases/dailyTesting/accountCreation/playerList: Test Cases/dailyTesting/accountCreation/playerList

2018-11-14 11:29:17 - [TEST_STEP][PASSED] - focus: Object: 'Object Repository/dailyTesting/Backoffice/playerList/headerPlayers' is focused

2018-11-14 11:29:17 - [MESSAGE][PASSED] - Object: 'Object Repository/dailyTesting/Backoffice/playerList/headerPlayers' is focused

2018-11-14 11:29:17 - [TEST_STEP][PASSED] - click: Object: 'Object Repository/dailyTesting/Backoffice/playerList/headerPlayerList' is clicked on

2018-11-14 11:29:18 - [MESSAGE][PASSED] - Object: 'Object Repository/dailyTesting/Backoffice/playerList/headerPlayerList' is clicked on

2018-11-14 11:29:18 - [TEST_STEP][PASSED] - setText: Text 'dailyTest' is set on object 'Object Repository/dailyTesting/Backoffice/playerList/inputPlayerName'

2018-11-14 11:29:18 - [MESSAGE][PASSED] - Text 'dailyTest' is set on object 'Object Repository/dailyTesting/Backoffice/playerList/inputPlayerName'

2018-11-14 11:29:18 - [TEST_STEP][PASSED] - click: Object: 'Object Repository/dailyTesting/Backoffice/playerList/button_Search' is clicked on

2018-11-14 11:29:18 - [MESSAGE][PASSED] - Object: 'Object Repository/dailyTesting/Backoffice/playerList/button_Search' is clicked on

2018-11-14 11:29:18 - [TEST_STEP][PASSED] - delay: Delayed 3 second(s)

2018-11-14 11:29:21 - [MESSAGE][PASSED] - Delayed 3 second(s)

2018-11-14 11:29:21 - [TEST_STEP][PASSED] - verifyElementText: Actual text and expected text of test object 'Object Repository/dailyTesting/Backoffice/playerList/labelPlayerName' are matched.

2018-11-14 11:29:21 - [MESSAGE][PASSED] - Actual text and expected text of test object 'Object Repository/dailyTesting/Backoffice/playerList/labelPlayerName' are matched.]]></system-out>
         <system-err><![CDATA[]]></system-err>
      </testcase>
      <system-out><![CDATA[2018-11-14 11:29:08 - [TEST_SUITE][PASSED] - createAccount: Test Cases/dailyTesting/accountCreation/playerList]]></system-out>
      <system-err><![CDATA[]]></system-err>
   </testsuite>
</testsuites>
