<?xml version="1.0" encoding="UTF-8"?>
<testsuites name="autoTriggerBet" time="42" tests="3" failures="0" errors="0">
   <testsuite name="autoTriggerBet" tests="3" failures="0" errors="0" time="42" timestamp="2018-11-28 15:41:05" hostname="ops.02 - NXT-OPS02.nxtgame.local" id="Test Suites/dailyTesting/6.betting/autoTriggerBet">
      <properties>
         <property name="deviceName" value=""/>
         <property name="devicePlatform" value=""/>
         <property name="logFolder" value="C:\\Users\\ops.02\\git\\UCF\\Reports\\dailyTesting\\6.betting\\autoTriggerBet\\20181128_154020"/>
         <property name="logFiles" value="C:\\Users\\ops.02\\git\\UCF\\Reports\\dailyTesting\\6.betting\\autoTriggerBet\\20181128_154020\\execution0.log"/>
         <property name="attachments" value="C:\\Users\\ops.02\\git\\UCF\\Reports\\dailyTesting\\6.betting\\autoTriggerBet\\20181128_154020\\1543390897722.png"/>
         <property name="hostName" value="ops.02 - NXT-OPS02.nxtgame.local"/>
         <property name="os" value="Windows 10 64bit"/>
         <property name="katalonVersion" value="5.8.6.1"/>
         <property name="browser" value="Chrome 70.0.3538.110"/>
         <property name="hostAddress" value="172.16.8.115"/>
         <property name="sessionId" value="789f566c2b7937eb8c499e07452ea81e"/>
         <property name="seleniumVersion" value="3.7.1"/>
         <property name="proxyInformation" value="ProxyInformation{proxyOption=NO_PROXY, proxyServerType=HTTP, password=, proxyServerAddress=, proxyServerPort=0}"/>
         <property name="platform" value="Windows 10"/>
      </properties>
      <testcase name="Test Cases/dailyTesting/Frontend/Login/openBrowserFrontend" classname="Test Cases/dailyTesting/Frontend/Login/openBrowserFrontend" status="PASSED">
         <system-out><![CDATA[2018-11-28 15:41:05 - [TEST_CASE][PASSED] - Test Cases/dailyTesting/Frontend/Login/openBrowserFrontend: Test Cases/dailyTesting/Frontend/Login/openBrowserFrontend

2018-11-28 15:41:05 - [TEST_STEP][PASSED] - frontend.openBrowserFrontend.openbrowserFrontend: frontend.openBrowserFrontend.openbrowserFrontend is PASSED

2018-11-28 15:41:09 - [MESSAGE][PASSED] - Browser is opened with url: ''

2018-11-28 15:41:10 - [MESSAGE][PASSED] - Current window maximized

2018-11-28 15:41:16 - [MESSAGE][PASSED] - Navigate to 'http://dev-operator.ucf88.com/#/' successfully

2018-11-28 15:41:16 - [MESSAGE][PASSED] - frontend.openBrowserFrontend.openbrowserFrontend is PASSED]]></system-out>
         <system-err><![CDATA[]]></system-err>
      </testcase>
      <testcase name="Test Cases/dailyTesting/Frontend/Login/frontendLogin" classname="Test Cases/dailyTesting/Frontend/Login/frontendLogin" status="PASSED">
         <system-out><![CDATA[2018-11-28 15:41:16 - [TEST_CASE][PASSED] - Test Cases/dailyTesting/Frontend/Login/frontendLogin: Test Cases/dailyTesting/Frontend/Login/frontendLogin

2018-11-28 15:41:16 - [TEST_STEP][PASSED] - setText: Text 'testDaily' is set on object 'Object Repository/Frontend/Login/OperatorFrontendLogin/input_Login_username'

2018-11-28 15:41:17 - [MESSAGE][PASSED] - Text 'testDaily' is set on object 'Object Repository/Frontend/Login/OperatorFrontendLogin/input_Login_username'

2018-11-28 15:41:17 - [TEST_STEP][PASSED] - setText: Text '123123' is set on object 'Object Repository/Frontend/Login/OperatorFrontendLogin/input_Login_password'

2018-11-28 15:41:17 - [MESSAGE][PASSED] - Text '123123' is set on object 'Object Repository/Frontend/Login/OperatorFrontendLogin/input_Login_password'

2018-11-28 15:41:17 - [TEST_STEP][PASSED] - delay: Delayed 2 second(s)

2018-11-28 15:41:19 - [MESSAGE][PASSED] - Delayed 2 second(s)

2018-11-28 15:41:19 - [TEST_STEP][PASSED] - click: Object: 'Object Repository/Frontend/Login/OperatorFrontendLogin/button_Login' is clicked on

2018-11-28 15:41:19 - [MESSAGE][PASSED] - Object: 'Object Repository/Frontend/Login/OperatorFrontendLogin/button_Login' is clicked on

2018-11-28 15:41:19 - [TEST_STEP][PASSED] - waitForElementPresent: Object 'Object Repository/dailyTesting/Frontend/Login/span_Logout' is not present after 3 second(s)

2018-11-28 15:41:22 - [MESSAGE][WARNING] - Object 'Object Repository/dailyTesting/Frontend/Login/span_Logout' is not present after 3 second(s)

2018-11-28 15:41:22 - [TEST_STEP][PASSED] - delay: Delayed 5 second(s)

2018-11-28 15:41:27 - [MESSAGE][PASSED] - Delayed 5 second(s)]]></system-out>
         <system-err><![CDATA[]]></system-err>
      </testcase>
      <testcase name="Test Cases/dailyTesting/Frontend/Betting/autoTrigger" classname="Test Cases/dailyTesting/Frontend/Betting/autoTrigger" status="PASSED">
         <system-out><![CDATA[2018-11-28 15:41:27 - [TEST_CASE][PASSED] - Test Cases/dailyTesting/Frontend/Betting/autoTrigger: Test Cases/dailyTesting/Frontend/Betting/autoTrigger

2018-11-28 15:41:27 - [TEST_STEP][PASSED] - Statement - presentArena = com.kms.katalon.core.webui.keyword.WebUiBuiltInKeywords.verifyElementPresent(com.kms.katalon.core.testobject.ObjectRepository.findTestObject(dailyTesting/Frontend/Betting/button_DAY), 3): Object 'Object Repository/dailyTesting/Frontend/Betting/button_DAY' is present

2018-11-28 15:41:33 - [MESSAGE][PASSED] - Object 'Object Repository/dailyTesting/Frontend/Betting/button_DAY' is present

2018-11-28 15:41:33 - [TEST_STEP][PASSED] - Statement - presentMatch = com.kms.katalon.core.webui.keyword.WebUiBuiltInKeywords.verifyElementPresent(com.kms.katalon.core.testobject.ObjectRepository.findTestObject(dailyTesting/Frontend/Betting/button_Place Odd), 3, OPTIONAL): com.kms.katalon.core.webui.exception.WebElementNotFoundException: Web element with id: 'Object Repository/dailyTesting/Frontend/Betting/button_Place Odd' located by 'By.xpath: //button[@id='Daymeron']' not found

2018-11-28 15:41:38 - [MESSAGE][WARNING] - com.kms.katalon.core.webui.exception.WebElementNotFoundException: Web element with id: 'Object Repository/dailyTesting/Frontend/Betting/button_Place Odd' located by 'By.xpath: //button[@id='Daymeron']' not found
[[ATTACHMENT|C:\\Users\\ops.02\\git\\UCF\\Reports\\dailyTesting\\6.betting\\autoTriggerBet\\20181128_154020\\1543390897722.png]]

2018-11-28 15:41:38 - [TEST_STEP][PASSED] - Statement - If (presentArena && presentMatch): null

2018-11-28 15:41:38 - [TEST_STEP][PASSED] - Statement - Else: Delayed 4 second(s)

2018-11-28 15:41:38 - [TEST_STEP][PASSED] - click: Object: 'Object Repository/dailyTesting/Frontend/Betting/button_DAY' is clicked on

2018-11-28 15:41:38 - [MESSAGE][PASSED] - Object: 'Object Repository/dailyTesting/Frontend/Betting/button_DAY' is clicked on

2018-11-28 15:41:38 - [TEST_STEP][PASSED] - click: Object: 'Object Repository/dailyTesting/Frontend/Betting/button_Place Odd' is clicked on

2018-11-28 15:41:39 - [MESSAGE][PASSED] - Object: 'Object Repository/dailyTesting/Frontend/Betting/button_Place Odd' is clicked on

2018-11-28 15:41:39 - [TEST_STEP][PASSED] - delay: Delayed 3 second(s)

2018-11-28 15:41:42 - [MESSAGE][PASSED] - Delayed 3 second(s)

2018-11-28 15:41:42 - [TEST_STEP][PASSED] - verifyElementPresent: Object 'Object Repository/dailyTesting/Frontend/Betting/input_-_match-384-input' is present

2018-11-28 15:41:42 - [MESSAGE][PASSED] - Object 'Object Repository/dailyTesting/Frontend/Betting/input_-_match-384-input' is present

2018-11-28 15:41:42 - [TEST_STEP][PASSED] - setText: Text '6000' is set on object 'Object Repository/dailyTesting/Frontend/Betting/input_-_match-384-input'

2018-11-28 15:41:42 - [MESSAGE][PASSED] - Text '6000' is set on object 'Object Repository/dailyTesting/Frontend/Betting/input_-_match-384-input'

2018-11-28 15:41:42 - [TEST_STEP][PASSED] - click: Object: 'Object Repository/dailyTesting/Frontend/Betting/button_Bet' is clicked on

2018-11-28 15:41:43 - [MESSAGE][PASSED] - Object: 'Object Repository/dailyTesting/Frontend/Betting/button_Bet' is clicked on

2018-11-28 15:41:43 - [TEST_STEP][PASSED] - delay: Delayed 4 second(s)

2018-11-28 15:41:47 - [MESSAGE][PASSED] - Delayed 4 second(s)]]></system-out>
         <system-err><![CDATA[]]></system-err>
      </testcase>
      <system-out><![CDATA[2018-11-28 15:41:05 - [TEST_SUITE][PASSED] - autoTriggerBet: Test Cases/dailyTesting/Frontend/Betting/autoTrigger]]></system-out>
      <system-err><![CDATA[]]></system-err>
   </testsuite>
</testsuites>
