<?xml version="1.0" encoding="UTF-8"?>
<testsuites name="add10kbalance" time="21" tests="3" failures="0" errors="0">
   <testsuite name="add10kbalance" tests="3" failures="0" errors="0" time="21" timestamp="2018-11-14 14:40:53" hostname="ops.02 - NXT-OPS02.nxtgame.local" id="Test Suites/dailyTesting/2.fundingAccount/add10kbalance">
      <properties>
         <property name="deviceName" value=""/>
         <property name="devicePlatform" value=""/>
         <property name="logFolder" value="C:\\Users\\ops.02\\git\\UCF\\Reports\\dailyTesting\\2.fundingAccount\\add10kbalance\\20181114_144052"/>
         <property name="logFiles" value="C:\\Users\\ops.02\\git\\UCF\\Reports\\dailyTesting\\2.fundingAccount\\add10kbalance\\20181114_144052\\execution0.log"/>
         <property name="attachments" value=""/>
         <property name="hostName" value="ops.02 - NXT-OPS02.nxtgame.local"/>
         <property name="os" value="Windows 10 64bit"/>
         <property name="katalonVersion" value="5.8.6.1"/>
         <property name="browser" value="Chrome 70.0.3538.102"/>
         <property name="hostAddress" value="172.16.8.115"/>
         <property name="sessionId" value="31fb9209c15486850b3b3a8325e39a9c"/>
         <property name="seleniumVersion" value="3.7.1"/>
         <property name="proxyInformation" value="ProxyInformation{proxyOption=NO_PROXY, proxyServerType=HTTP, password=, proxyServerAddress=, proxyServerPort=0}"/>
         <property name="platform" value="Windows 10"/>
      </properties>
      <testcase name="Test Cases/dailyTesting/2.login/openBrowserFrontend" classname="Test Cases/dailyTesting/2.login/openBrowserFrontend" status="PASSED">
         <system-out><![CDATA[2018-11-14 14:40:54 - [TEST_CASE][PASSED] - Test Cases/dailyTesting/2.login/openBrowserFrontend: Test Cases/dailyTesting/2.login/openBrowserFrontend

2018-11-14 14:40:54 - [TEST_STEP][PASSED] - frontend.openBrowserFrontend.openbrowserFrontend: frontend.openBrowserFrontend.openbrowserFrontend is PASSED

2018-11-14 14:40:57 - [MESSAGE][PASSED] - Browser is opened with url: ''

2018-11-14 14:40:58 - [MESSAGE][PASSED] - Current window maximized

2018-11-14 14:41:00 - [MESSAGE][PASSED] - Navigate to 'http://dev-operator.ucf88.com/#/' successfully

2018-11-14 14:41:00 - [MESSAGE][PASSED] - frontend.openBrowserFrontend.openbrowserFrontend is PASSED]]></system-out>
         <system-err><![CDATA[]]></system-err>
      </testcase>
      <testcase name="Test Cases/dailyTesting/2.login/frontendLogin" classname="Test Cases/dailyTesting/2.login/frontendLogin" status="PASSED">
         <system-out><![CDATA[2018-11-14 14:41:00 - [TEST_CASE][PASSED] - Test Cases/dailyTesting/2.login/frontendLogin: Test Cases/dailyTesting/2.login/frontendLogin

2018-11-14 14:41:00 - [TEST_STEP][PASSED] - setText: Text 'dailyTest' is set on object 'Object Repository/Frontend/Login/OperatorFrontendLogin/input_Login_username'

2018-11-14 14:41:01 - [MESSAGE][PASSED] - Text 'dailyTest' is set on object 'Object Repository/Frontend/Login/OperatorFrontendLogin/input_Login_username'

2018-11-14 14:41:01 - [TEST_STEP][PASSED] - setText: Text '123123' is set on object 'Object Repository/Frontend/Login/OperatorFrontendLogin/input_Login_password'

2018-11-14 14:41:01 - [MESSAGE][PASSED] - Text '123123' is set on object 'Object Repository/Frontend/Login/OperatorFrontendLogin/input_Login_password'

2018-11-14 14:41:01 - [TEST_STEP][PASSED] - delay: Delayed 2 second(s)

2018-11-14 14:41:03 - [MESSAGE][PASSED] - Delayed 2 second(s)

2018-11-14 14:41:03 - [TEST_STEP][PASSED] - click: Object: 'Object Repository/Frontend/Login/OperatorFrontendLogin/button_Login' is clicked on

2018-11-14 14:41:03 - [MESSAGE][PASSED] - Object: 'Object Repository/Frontend/Login/OperatorFrontendLogin/button_Login' is clicked on

2018-11-14 14:41:03 - [TEST_STEP][PASSED] - waitForElementPresent: Object 'Object Repository/dailyTesting/Frontend/login/span_Logout' is present

2018-11-14 14:41:04 - [MESSAGE][PASSED] - Object 'Object Repository/dailyTesting/Frontend/login/span_Logout' is present

2018-11-14 14:41:04 - [TEST_STEP][PASSED] - delay: Delayed 5 second(s)

2018-11-14 14:41:09 - [MESSAGE][PASSED] - Delayed 5 second(s)]]></system-out>
         <system-err><![CDATA[]]></system-err>
      </testcase>
      <testcase name="Test Cases/dailyTesting/3.fundingAccount/fundingAccount" classname="Test Cases/dailyTesting/3.fundingAccount/fundingAccount" status="PASSED">
         <system-out><![CDATA[2018-11-14 14:41:09 - [TEST_CASE][PASSED] - Test Cases/dailyTesting/3.fundingAccount/fundingAccount: Test Cases/dailyTesting/3.fundingAccount/fundingAccount

2018-11-14 14:41:09 - [TEST_STEP][PASSED] - Statement - log = new com.kms.katalon.core.logging.KeywordLogger(): null

2018-11-14 14:41:09 - [TEST_STEP][PASSED] - verifyElementPresent: Object 'Object Repository/dailyTesting/Frontend/fundingAccount/buttonTransferBalance' is present

2018-11-14 14:41:09 - [MESSAGE][PASSED] - Object 'Object Repository/dailyTesting/Frontend/fundingAccount/buttonTransferBalance' is present

2018-11-14 14:41:09 - [TEST_STEP][PASSED] - click: Object: 'Object Repository/dailyTesting/Frontend/fundingAccount/buttonTransferBalance' is clicked on

2018-11-14 14:41:10 - [MESSAGE][PASSED] - Object: 'Object Repository/dailyTesting/Frontend/fundingAccount/buttonTransferBalance' is clicked on

2018-11-14 14:41:10 - [TEST_STEP][PASSED] - setText: Text '10000' is set on object 'Object Repository/dailyTesting/Frontend/fundingAccount/inputBalance'

2018-11-14 14:41:10 - [MESSAGE][PASSED] - Text '10000' is set on object 'Object Repository/dailyTesting/Frontend/fundingAccount/inputBalance'

2018-11-14 14:41:10 - [TEST_STEP][PASSED] - delay: Delayed 3 second(s)

2018-11-14 14:41:13 - [MESSAGE][PASSED] - Delayed 3 second(s)

2018-11-14 14:41:13 - [TEST_STEP][PASSED] - Statement - balance = transferBalance: null

2018-11-14 14:41:13 - [TEST_STEP][PASSED] - Statement - log.logInfo("USERS BALANCE " + balance): USERS BALANCE 10000

2018-11-14 14:41:13 - [TEST_STEP][PASSED] - Statement - balance = <not implemented yet for class: org.codehaus.groovy.ast.expr.EmptyExpression>: null

2018-11-14 14:41:13 - [TEST_STEP][PASSED] - Statement - If (balance <= 10000): Object: 'Object Repository/dailyTesting/Frontend/fundingAccount/buttonClose' is clicked on

2018-11-14 14:41:13 - [TEST_STEP][PASSED] - click: Object: 'Object Repository/dailyTesting/Frontend/fundingAccount/buttonTransfer' is clicked on

2018-11-14 14:41:13 - [MESSAGE][PASSED] - Object: 'Object Repository/dailyTesting/Frontend/fundingAccount/buttonTransfer' is clicked on

2018-11-14 14:41:13 - [TEST_STEP][PASSED] - verifyElementPresent: Object 'Object Repository/dailyTesting/Frontend/fundingAccount/labelAlertSuccess' is present

2018-11-14 14:41:14 - [MESSAGE][PASSED] - Object 'Object Repository/dailyTesting/Frontend/fundingAccount/labelAlertSuccess' is present

2018-11-14 14:41:14 - [TEST_STEP][PASSED] - click: Object: 'Object Repository/dailyTesting/Frontend/fundingAccount/buttonClose' is clicked on

2018-11-14 14:41:14 - [MESSAGE][PASSED] - Object: 'Object Repository/dailyTesting/Frontend/fundingAccount/buttonClose' is clicked on]]></system-out>
         <system-err><![CDATA[]]></system-err>
      </testcase>
      <system-out><![CDATA[2018-11-14 14:40:53 - [TEST_SUITE][PASSED] - add10kbalance: Test Cases/dailyTesting/3.fundingAccount/fundingAccount]]></system-out>
      <system-err><![CDATA[]]></system-err>
   </testsuite>
</testsuites>
