<?xml version="1.0" encoding="UTF-8"?>
<testsuites name="submitOneBet" time="21" tests="2" failures="0" errors="0">
   <testsuite name="submitOneBet" tests="2" failures="0" errors="0" time="21" timestamp="2018-11-14 17:10:07" hostname="ops.02 - NXT-OPS02.nxtgame.local" id="Test Suites/dailyTesting/5.betting/submitOneBet">
      <properties>
         <property name="deviceName" value=""/>
         <property name="devicePlatform" value=""/>
         <property name="logFolder" value="C:\\Users\\ops.02\\git\\UCF\\Reports\\dailyTesting\\5.betting\\submitOneBet\\20181114_171006"/>
         <property name="logFiles" value="C:\\Users\\ops.02\\git\\UCF\\Reports\\dailyTesting\\5.betting\\submitOneBet\\20181114_171006\\execution0.log"/>
         <property name="attachments" value=""/>
         <property name="hostName" value="ops.02 - NXT-OPS02.nxtgame.local"/>
         <property name="os" value="Windows 10 64bit"/>
         <property name="katalonVersion" value="5.8.6.1"/>
         <property name="browser" value="Chrome 70.0.3538.102"/>
         <property name="hostAddress" value="172.16.8.115"/>
         <property name="sessionId" value="ba1b1112a1f41006a8959cf4d7875649"/>
         <property name="seleniumVersion" value="3.7.1"/>
         <property name="proxyInformation" value="ProxyInformation{proxyOption=NO_PROXY, proxyServerType=HTTP, password=, proxyServerAddress=, proxyServerPort=0}"/>
         <property name="platform" value="Windows 10"/>
      </properties>
      <testcase name="Test Cases/dailyTesting/2.login/backofficeLogin" classname="Test Cases/dailyTesting/2.login/backofficeLogin" status="PASSED">
         <system-out><![CDATA[2018-11-14 17:10:08 - [TEST_CASE][PASSED] - Test Cases/dailyTesting/2.login/backofficeLogin: Test Cases/dailyTesting/2.login/backofficeLogin

2018-11-14 17:10:08 - [TEST_STEP][PASSED] - backoffice.openBrowserBackoffice.openbrowserBackoffice: backoffice.openBrowserBackoffice.openbrowserBackoffice is PASSED

2018-11-14 17:10:12 - [MESSAGE][PASSED] - Browser is opened with url: ''

2018-11-14 17:10:13 - [MESSAGE][PASSED] - Current window maximized

2018-11-14 17:10:14 - [MESSAGE][PASSED] - Navigate to 'http://dev-admin.ucf88.com' successfully

2018-11-14 17:10:14 - [MESSAGE][PASSED] - backoffice.openBrowserBackoffice.openbrowserBackoffice is PASSED

2018-11-14 17:10:14 - [TEST_STEP][PASSED] - setText: Text 'admin' is set on object 'Object Repository/Backoffice/Login/input_Username'

2018-11-14 17:10:14 - [MESSAGE][PASSED] - Text 'admin' is set on object 'Object Repository/Backoffice/Login/input_Username'

2018-11-14 17:10:14 - [TEST_STEP][PASSED] - setEncryptedText: Text ****** has been set on object 'Object Repository/Backoffice/Login/input_Password'

2018-11-14 17:10:15 - [MESSAGE][PASSED] - Text ****** has been set on object 'Object Repository/Backoffice/Login/input_Password'

2018-11-14 17:10:15 - [TEST_STEP][PASSED] - click: Object: 'Object Repository/Backoffice/Login/button_Login' is clicked on

2018-11-14 17:10:17 - [MESSAGE][PASSED] - Object: 'Object Repository/Backoffice/Login/button_Login' is clicked on

2018-11-14 17:10:17 - [TEST_STEP][PASSED] - waitForElementVisible: Object 'Object Repository/Backoffice/Login/adminuser' is visible

2018-11-14 17:10:17 - [MESSAGE][PASSED] - Object 'Object Repository/Backoffice/Login/adminuser' is visible]]></system-out>
         <system-err><![CDATA[]]></system-err>
      </testcase>
      <testcase name="Test Cases/dailyTesting/6.betting/openBetting" classname="Test Cases/dailyTesting/6.betting/openBetting" status="PASSED">
         <system-out><![CDATA[2018-11-14 17:10:17 - [TEST_CASE][PASSED] - Test Cases/dailyTesting/6.betting/openBetting: Test Cases/dailyTesting/6.betting/openBetting

2018-11-14 17:10:17 - [TEST_STEP][PASSED] - backoffice.bettingMatch.match: backoffice.bettingMatch.match is PASSED

2018-11-14 17:10:17 - [MESSAGE][PASSED] - Object: 'Object Repository/dailyTesting/Backoffice/arenaCreation/Header/bettingHeader' is focused

2018-11-14 17:10:17 - [MESSAGE][PASSED] - Object 'Object Repository/dailyTesting/Backoffice/matchCreation/Header/matchHeader' is present

2018-11-14 17:10:18 - [MESSAGE][PASSED] - Object: 'Object Repository/dailyTesting/Backoffice/matchCreation/Header/matchHeader' is clicked on

2018-11-14 17:10:18 - [MESSAGE][PASSED] - backoffice.bettingMatch.match is PASSED

2018-11-14 17:10:18 - [TEST_STEP][PASSED] - click: Object: 'Object Repository/dailyTesting/Backoffice/matchCreation/matchManagement/span_Select Arena' is clicked on

2018-11-14 17:10:19 - [MESSAGE][PASSED] - Object: 'Object Repository/dailyTesting/Backoffice/matchCreation/matchManagement/span_Select Arena' is clicked on

2018-11-14 17:10:19 - [TEST_STEP][PASSED] - setText: Text 'DailyTest' is set on object 'Object Repository/dailyTesting/Backoffice/matchCreation/matchCreation/inputArenaName'

2018-11-14 17:10:19 - [MESSAGE][PASSED] - Text 'DailyTest' is set on object 'Object Repository/dailyTesting/Backoffice/matchCreation/matchCreation/inputArenaName'

2018-11-14 17:10:19 - [TEST_STEP][PASSED] - sendKeys: Keys 'ENTER + ' sent to object: 'Object Repository/dailyTesting/Backoffice/matchCreation/matchCreation/inputArenaName'

2018-11-14 17:10:19 - [MESSAGE][PASSED] - Keys 'ENTER + ' sent to object: 'Object Repository/dailyTesting/Backoffice/matchCreation/matchCreation/inputArenaName'

2018-11-14 17:10:19 - [TEST_STEP][PASSED] - delay: Delayed 3 second(s)

2018-11-14 17:10:22 - [MESSAGE][PASSED] - Delayed 3 second(s)

2018-11-14 17:10:22 - [TEST_STEP][PASSED] - verifyElementPresent: Object 'Object Repository/dailyTesting/Backoffice/matchCreation/matchManagement/buttonMatchDetails' is present

2018-11-14 17:10:22 - [MESSAGE][PASSED] - Object 'Object Repository/dailyTesting/Backoffice/matchCreation/matchManagement/buttonMatchDetails' is present

2018-11-14 17:10:22 - [TEST_STEP][PASSED] - click: Object: 'Object Repository/dailyTesting/Backoffice/matchCreation/matchManagement/buttonMatchDetails' is clicked on

2018-11-14 17:10:23 - [MESSAGE][PASSED] - Object: 'Object Repository/dailyTesting/Backoffice/matchCreation/matchManagement/buttonMatchDetails' is clicked on

2018-11-14 17:10:23 - [TEST_STEP][PASSED] - switchToWindowTitle: Switched to window with title: 'ucf88'

2018-11-14 17:10:24 - [MESSAGE][PASSED] - Switched to window with title: 'ucf88'

2018-11-14 17:10:24 - [TEST_STEP][PASSED] - verifyElementPresent: Object 'Object Repository/dailyTesting/Backoffice/matchCreation/matchManagement/matchStatus/button_Open' is present

2018-11-14 17:10:24 - [MESSAGE][PASSED] - Object 'Object Repository/dailyTesting/Backoffice/matchCreation/matchManagement/matchStatus/button_Open' is present

2018-11-14 17:10:24 - [TEST_STEP][PASSED] - click: Object: 'Object Repository/dailyTesting/Backoffice/matchCreation/matchManagement/matchStatus/button_Open' is clicked on

2018-11-14 17:10:24 - [MESSAGE][PASSED] - Object: 'Object Repository/dailyTesting/Backoffice/matchCreation/matchManagement/matchStatus/button_Open' is clicked on

2018-11-14 17:10:24 - [TEST_STEP][PASSED] - delay: Delayed 2 second(s)

2018-11-14 17:10:26 - [MESSAGE][PASSED] - Delayed 2 second(s)

2018-11-14 17:10:26 - [TEST_STEP][PASSED] - click: Object: 'Object Repository/dailyTesting/Backoffice/matchCreation/matchManagement/matchStatus/buttonYes' is clicked on

2018-11-14 17:10:26 - [MESSAGE][PASSED] - Object: 'Object Repository/dailyTesting/Backoffice/matchCreation/matchManagement/matchStatus/buttonYes' is clicked on

2018-11-14 17:10:26 - [TEST_STEP][PASSED] - delay: Delayed 2 second(s)

2018-11-14 17:10:28 - [MESSAGE][PASSED] - Delayed 2 second(s)]]></system-out>
         <system-err><![CDATA[]]></system-err>
      </testcase>
      <system-out><![CDATA[2018-11-14 17:10:07 - [TEST_SUITE][PASSED] - submitOneBet: Test Cases/dailyTesting/6.betting/openBetting]]></system-out>
      <system-err><![CDATA[]]></system-err>
   </testsuite>
</testsuites>
