<?xml version="1.0" encoding="UTF-8"?>
<testsuites name="testing" time="20" tests="2" failures="0" errors="0">
   <testsuite name="testing" tests="2" failures="0" errors="0" time="20" timestamp="2018-11-08 15:53:21" hostname="ops.02 - NXT-OPS02.nxtgame.local" id="Test Suites/dailyTesting/betting/testing">
      <properties>
         <property name="deviceName" value=""/>
         <property name="devicePlatform" value=""/>
         <property name="logFolder" value="C:\\Users\\ops.02\\git\\UCF\\Reports\\dailyTesting\\betting\\testing\\20181108_155319"/>
         <property name="logFiles" value="C:\\Users\\ops.02\\git\\UCF\\Reports\\dailyTesting\\betting\\testing\\20181108_155319\\execution0.log"/>
         <property name="attachments" value=""/>
         <property name="hostName" value="ops.02 - NXT-OPS02.nxtgame.local"/>
         <property name="os" value="Windows 10 64bit"/>
         <property name="katalonVersion" value="5.8.5.1"/>
         <property name="browser" value="Chrome 70.0.3538.77"/>
         <property name="hostAddress" value="172.16.8.115"/>
         <property name="sessionId" value="f26b51e92f05359f70a55cc91824ca05"/>
         <property name="seleniumVersion" value="3.7.1"/>
         <property name="proxyInformation" value="ProxyInformation{proxyOption=NO_PROXY, proxyServerType=HTTP, password=, proxyServerAddress=, proxyServerPort=0}"/>
         <property name="platform" value="Windows 10"/>
      </properties>
      <testcase name="Test Cases/dailyTesting/login/frontendLogin" classname="Test Cases/dailyTesting/login/frontendLogin" status="PASSED">
         <system-out><![CDATA[2018-11-08 15:53:21 - [TEST_CASE][PASSED] - Test Cases/dailyTesting/login/frontendLogin: Test Cases/dailyTesting/login/frontendLogin

2018-11-08 15:53:22 - [TEST_STEP][PASSED] - openBrowser: Browser is opened with url: ''

2018-11-08 15:53:24 - [MESSAGE][PASSED] - Browser is opened with url: ''

2018-11-08 15:53:24 - [TEST_STEP][PASSED] - maximizeWindow: Current window maximized

2018-11-08 15:53:26 - [MESSAGE][PASSED] - Current window maximized

2018-11-08 15:53:26 - [TEST_STEP][PASSED] - navigateToUrl: Navigate to 'http://dev-operator.ucf88.com/#/' successfully

2018-11-08 15:53:28 - [MESSAGE][PASSED] - Navigate to 'http://dev-operator.ucf88.com/#/' successfully

2018-11-08 15:53:28 - [TEST_STEP][PASSED] - setText: Text 'blaze06' is set on object 'Object Repository/Frontend/Login/OperatorFrontendLogin/input_Login_username'

2018-11-08 15:53:28 - [MESSAGE][PASSED] - Text 'blaze06' is set on object 'Object Repository/Frontend/Login/OperatorFrontendLogin/input_Login_username'

2018-11-08 15:53:28 - [TEST_STEP][PASSED] - setText: Text '123123' is set on object 'Object Repository/Frontend/Login/OperatorFrontendLogin/input_Login_password'

2018-11-08 15:53:28 - [MESSAGE][PASSED] - Text '123123' is set on object 'Object Repository/Frontend/Login/OperatorFrontendLogin/input_Login_password'

2018-11-08 15:53:28 - [TEST_STEP][PASSED] - delay: Delayed 2 second(s)

2018-11-08 15:53:30 - [MESSAGE][PASSED] - Delayed 2 second(s)

2018-11-08 15:53:30 - [TEST_STEP][PASSED] - click: Object: 'Object Repository/Frontend/Login/OperatorFrontendLogin/button_Login' is clicked on

2018-11-08 15:53:30 - [MESSAGE][PASSED] - Object: 'Object Repository/Frontend/Login/OperatorFrontendLogin/button_Login' is clicked on

2018-11-08 15:53:30 - [TEST_STEP][PASSED] - waitForElementPresent: Object 'Object Repository/Frontend/Login/OperatorFrontendLogin/username' is present

2018-11-08 15:53:31 - [MESSAGE][PASSED] - Object 'Object Repository/Frontend/Login/OperatorFrontendLogin/username' is present

2018-11-08 15:53:31 - [TEST_STEP][PASSED] - delay: Delayed 5 second(s)

2018-11-08 15:53:36 - [MESSAGE][PASSED] - Delayed 5 second(s)]]></system-out>
         <system-err><![CDATA[]]></system-err>
      </testcase>
      <testcase name="Test Cases/dailyTesting/betting/autoTriggerBet" classname="Test Cases/dailyTesting/betting/autoTriggerBet" status="PASSED">
         <system-out><![CDATA[2018-11-08 15:53:36 - [TEST_CASE][PASSED] - Test Cases/dailyTesting/betting/autoTriggerBet: Test Cases/dailyTesting/betting/autoTriggerBet

2018-11-08 15:53:36 - [TEST_STEP][PASSED] - waitForElementPresent: Object 'Object Repository/dailyTesting/Frontend/betting/Page_UCF/button_Place Odd' is present

2018-11-08 15:53:36 - [MESSAGE][PASSED] - Object 'Object Repository/dailyTesting/Frontend/betting/Page_UCF/button_Place Odd' is present

2018-11-08 15:53:36 - [TEST_STEP][PASSED] - click: Object: 'Object Repository/dailyTesting/Frontend/betting/Page_UCF/button_Place Odd' is clicked on

2018-11-08 15:53:36 - [MESSAGE][PASSED] - Object: 'Object Repository/dailyTesting/Frontend/betting/Page_UCF/button_Place Odd' is clicked on

2018-11-08 15:53:36 - [TEST_STEP][PASSED] - delay: Delayed 3 second(s)

2018-11-08 15:53:39 - [MESSAGE][PASSED] - Delayed 3 second(s)

2018-11-08 15:53:39 - [TEST_STEP][PASSED] - verifyElementPresent: Object 'Object Repository/dailyTesting/Frontend/betting/Page_UCF/input_-_match-223-input' is present

2018-11-08 15:53:39 - [MESSAGE][PASSED] - Object 'Object Repository/dailyTesting/Frontend/betting/Page_UCF/input_-_match-223-input' is present

2018-11-08 15:53:40 - [TEST_STEP][PASSED] - setText: Text '150' is set on object 'Object Repository/dailyTesting/Frontend/betting/Page_UCF/input_-_match-223-input'

2018-11-08 15:53:40 - [MESSAGE][PASSED] - Text '150' is set on object 'Object Repository/dailyTesting/Frontend/betting/Page_UCF/input_-_match-223-input'

2018-11-08 15:53:40 - [TEST_STEP][PASSED] - click: Object: 'Object Repository/dailyTesting/Frontend/betting/Page_UCF/button_Bet' is clicked on

2018-11-08 15:53:40 - [MESSAGE][PASSED] - Object: 'Object Repository/dailyTesting/Frontend/betting/Page_UCF/button_Bet' is clicked on

2018-11-08 15:53:40 - [TEST_STEP][PASSED] - waitForElementPresent: Object 'Object Repository/dailyTesting/Frontend/betting/Page_UCF/div_Meron0.88X216  christest10' is present

2018-11-08 15:53:41 - [MESSAGE][PASSED] - Object 'Object Repository/dailyTesting/Frontend/betting/Page_UCF/div_Meron0.88X216  christest10' is present]]></system-out>
         <system-err><![CDATA[]]></system-err>
      </testcase>
      <system-out><![CDATA[2018-11-08 15:53:21 - [TEST_SUITE][PASSED] - testing: Test Cases/dailyTesting/betting/autoTriggerBet]]></system-out>
      <system-err><![CDATA[]]></system-err>
   </testsuite>
</testsuites>
