<?xml version="1.0" encoding="UTF-8"?>
<testsuites name="LoginAndRegister5" time="1277" tests="201" failures="0" errors="0">
   <testsuite name="LoginAndRegister5" tests="201" failures="0" errors="0" time="1277" timestamp="2018-10-12 12:51:10" hostname="Richard Sanchez - DESKTOP-A1HL9OG" id="Test Suites/LoginAndRegister5">
      <properties>
         <property name="deviceName" value=""/>
         <property name="devicePlatform" value=""/>
         <property name="logFolder" value="C:\\Users\\Richard Sanchez\\Katalon Studio\\ucf88\\Reports\\LoginAndRegister5\\20181012_125107"/>
         <property name="logFiles" value="C:\\Users\\Richard Sanchez\\Katalon Studio\\ucf88\\Reports\\LoginAndRegister5\\20181012_125107\\execution0.log"/>
         <property name="attachments" value=""/>
         <property name="hostName" value="Richard Sanchez - DESKTOP-A1HL9OG"/>
         <property name="os" value="Windows 10 64bit"/>
         <property name="katalonVersion" value="5.8.0.1"/>
         <property name="browser" value="Chrome 69.0.3497.100"/>
         <property name="hostAddress" value="172.16.8.122"/>
         <property name="sessionId" value="2c22b117375d3948b99488473aa069b2"/>
         <property name="seleniumVersion" value="3.7.1"/>
         <property name="proxyInformation" value="ProxyInformation{proxyOption=NO_PROXY, proxyServerType=HTTP, password=, proxyServerAddress=, proxyServerPort=0}"/>
         <property name="platform" value="Windows 10"/>
      </properties>
      <testcase name="Test Cases/Backoffice/Login" classname="Test Cases/Backoffice/Login" status="PASSED">
         <system-out><![CDATA[2018-10-12 12:51:11 - [TEST_CASE][PASSED] - Test Cases/Backoffice/Login: Test Cases/Backoffice/Login

2018-10-12 12:51:11 - [TEST_STEP][PASSED] - openBrowser: Browser is opened with url: ''

2018-10-12 12:51:16 - [MESSAGE][PASSED] - Browser is opened with url: ''

2018-10-12 12:51:16 - [TEST_STEP][PASSED] - maximizeWindow: Current window maximized

2018-10-12 12:51:17 - [MESSAGE][PASSED] - Current window maximized

2018-10-12 12:51:17 - [TEST_STEP][PASSED] - navigateToUrl: Navigate to 'http://dev-admin.ucf88.com/login' successfully

2018-10-12 12:51:18 - [MESSAGE][PASSED] - Navigate to 'http://dev-admin.ucf88.com/login' successfully

2018-10-12 12:51:18 - [TEST_STEP][PASSED] - setText: Text 'admin' is set on object 'Object Repository/Backoffice/Login/input_Username'

2018-10-12 12:51:18 - [MESSAGE][PASSED] - Text 'admin' is set on object 'Object Repository/Backoffice/Login/input_Username'

2018-10-12 12:51:18 - [TEST_STEP][PASSED] - setEncryptedText: Text ****** has been set on object 'Object Repository/Backoffice/Login/input_Password'

2018-10-12 12:51:18 - [MESSAGE][PASSED] - Text ****** has been set on object 'Object Repository/Backoffice/Login/input_Password'

2018-10-12 12:51:18 - [TEST_STEP][PASSED] - click: Object: 'Object Repository/Backoffice/Login/button_Login' is clicked on

2018-10-12 12:51:21 - [MESSAGE][PASSED] - Object: 'Object Repository/Backoffice/Login/button_Login' is clicked on

2018-10-12 12:51:21 - [TEST_STEP][PASSED] - waitForElementVisible: Object 'Object Repository/Backoffice/Login/adminuser' is visible

2018-10-12 12:51:22 - [MESSAGE][PASSED] - Object 'Object Repository/Backoffice/Login/adminuser' is visible]]></system-out>
         <system-err><![CDATA[]]></system-err>
      </testcase>
      <testcase name="Test Cases/Backoffice/RegisterAccount" classname="Test Cases/Backoffice/RegisterAccount" status="PASSED">
         <system-out><![CDATA[2018-10-12 12:51:22 - [TEST_CASE][PASSED] - Test Cases/Backoffice/RegisterAccount: Test Cases/Backoffice/RegisterAccount

2018-10-12 12:51:22 - [TEST_STEP][PASSED] - focus: Object: 'Object Repository/Backoffice/Clients/Clients' is focused

2018-10-12 12:51:22 - [MESSAGE][PASSED] - Object: 'Object Repository/Backoffice/Clients/Clients' is focused

2018-10-12 12:51:22 - [TEST_STEP][PASSED] - verifyElementPresent: Object 'Object Repository/Backoffice/Clients/Client Registration' is present

2018-10-12 12:51:22 - [MESSAGE][PASSED] - Object 'Object Repository/Backoffice/Clients/Client Registration' is present

2018-10-12 12:51:22 - [TEST_STEP][PASSED] - click: Object: 'Object Repository/Backoffice/Clients/Client Registration' is clicked on

2018-10-12 12:51:23 - [MESSAGE][PASSED] - Object: 'Object Repository/Backoffice/Clients/Client Registration' is clicked on

2018-10-12 12:51:23 - [TEST_STEP][PASSED] - setText: Text 'Playboyize    ' is set on object 'Object Repository/Backoffice/Clients/Registration/input_username'

2018-10-12 12:51:23 - [MESSAGE][PASSED] - Text 'Playboyize    ' is set on object 'Object Repository/Backoffice/Clients/Registration/input_username'

2018-10-12 12:51:23 - [TEST_STEP][PASSED] - setText: Text '123123' is set on object 'Object Repository/Backoffice/Clients/Registration/input_password'

2018-10-12 12:51:23 - [MESSAGE][PASSED] - Text '123123' is set on object 'Object Repository/Backoffice/Clients/Registration/input_password'

2018-10-12 12:51:23 - [TEST_STEP][PASSED] - setText: Text '123123' is set on object 'Object Repository/Backoffice/Clients/Registration/input_confirmp'

2018-10-12 12:51:23 - [MESSAGE][PASSED] - Text '123123' is set on object 'Object Repository/Backoffice/Clients/Registration/input_confirmp'

2018-10-12 12:51:23 - [TEST_STEP][PASSED] - selectOptionByValue: All options with value 'test' are selected in object 'Object Repository/Backoffice/Clients/Registration/select_operatorcode' 

2018-10-12 12:51:24 - [MESSAGE][PASSED] - All options with value 'test' are selected in object 'Object Repository/Backoffice/Clients/Registration/select_operatorcode' 

2018-10-12 12:51:24 - [TEST_STEP][PASSED] - selectOptionByValue: All options with value '1' are selected in object 'Object Repository/Backoffice/Clients/Registration/select_status' 

2018-10-12 12:51:24 - [MESSAGE][PASSED] - All options with value '1' are selected in object 'Object Repository/Backoffice/Clients/Registration/select_status' 

2018-10-12 12:51:24 - [TEST_STEP][PASSED] - delay: Delayed 2 second(s)

2018-10-12 12:51:26 - [MESSAGE][PASSED] - Delayed 2 second(s)

2018-10-12 12:51:26 - [TEST_STEP][PASSED] - click: Object: 'Object Repository/Backoffice/Clients/Registration/button_Submit' is clicked on

2018-10-12 12:51:27 - [MESSAGE][PASSED] - Object: 'Object Repository/Backoffice/Clients/Registration/button_Submit' is clicked on

2018-10-12 12:51:27 - [TEST_STEP][PASSED] - delay: Delayed 2 second(s)

2018-10-12 12:51:29 - [MESSAGE][PASSED] - Delayed 2 second(s)]]></system-out>
         <system-err><![CDATA[]]></system-err>
      </testcase>
      <testcase name="Test Cases/Backoffice/RegisterAccount" classname="Test Cases/Backoffice/RegisterAccount" status="PASSED">
         <system-out><![CDATA[2018-10-12 12:51:29 - [TEST_CASE][PASSED] - Test Cases/Backoffice/RegisterAccount: Test Cases/Backoffice/RegisterAccount

2018-10-12 12:51:29 - [TEST_STEP][PASSED] - focus: Object: 'Object Repository/Backoffice/Clients/Clients' is focused

2018-10-12 12:51:29 - [MESSAGE][PASSED] - Object: 'Object Repository/Backoffice/Clients/Clients' is focused

2018-10-12 12:51:29 - [TEST_STEP][PASSED] - verifyElementPresent: Object 'Object Repository/Backoffice/Clients/Client Registration' is present

2018-10-12 12:51:29 - [MESSAGE][PASSED] - Object 'Object Repository/Backoffice/Clients/Client Registration' is present

2018-10-12 12:51:29 - [TEST_STEP][PASSED] - click: Object: 'Object Repository/Backoffice/Clients/Client Registration' is clicked on

2018-10-12 12:51:29 - [MESSAGE][PASSED] - Object: 'Object Repository/Backoffice/Clients/Client Registration' is clicked on

2018-10-12 12:51:29 - [TEST_STEP][PASSED] - setText: Text 'Gigastrength' is set on object 'Object Repository/Backoffice/Clients/Registration/input_username'

2018-10-12 12:51:30 - [MESSAGE][PASSED] - Text 'Gigastrength' is set on object 'Object Repository/Backoffice/Clients/Registration/input_username'

2018-10-12 12:51:30 - [TEST_STEP][PASSED] - setText: Text '123123' is set on object 'Object Repository/Backoffice/Clients/Registration/input_password'

2018-10-12 12:51:30 - [MESSAGE][PASSED] - Text '123123' is set on object 'Object Repository/Backoffice/Clients/Registration/input_password'

2018-10-12 12:51:30 - [TEST_STEP][PASSED] - setText: Text '123123' is set on object 'Object Repository/Backoffice/Clients/Registration/input_confirmp'

2018-10-12 12:51:30 - [MESSAGE][PASSED] - Text '123123' is set on object 'Object Repository/Backoffice/Clients/Registration/input_confirmp'

2018-10-12 12:51:30 - [TEST_STEP][PASSED] - selectOptionByValue: All options with value 'test' are selected in object 'Object Repository/Backoffice/Clients/Registration/select_operatorcode' 

2018-10-12 12:51:30 - [MESSAGE][PASSED] - All options with value 'test' are selected in object 'Object Repository/Backoffice/Clients/Registration/select_operatorcode' 

2018-10-12 12:51:30 - [TEST_STEP][PASSED] - selectOptionByValue: All options with value '1' are selected in object 'Object Repository/Backoffice/Clients/Registration/select_status' 

2018-10-12 12:51:30 - [MESSAGE][PASSED] - All options with value '1' are selected in object 'Object Repository/Backoffice/Clients/Registration/select_status' 

2018-10-12 12:51:30 - [TEST_STEP][PASSED] - delay: Delayed 2 second(s)

2018-10-12 12:51:32 - [MESSAGE][PASSED] - Delayed 2 second(s)

2018-10-12 12:51:32 - [TEST_STEP][PASSED] - click: Object: 'Object Repository/Backoffice/Clients/Registration/button_Submit' is clicked on

2018-10-12 12:51:33 - [MESSAGE][PASSED] - Object: 'Object Repository/Backoffice/Clients/Registration/button_Submit' is clicked on

2018-10-12 12:51:33 - [TEST_STEP][PASSED] - delay: Delayed 2 second(s)

2018-10-12 12:51:35 - [MESSAGE][PASSED] - Delayed 2 second(s)]]></system-out>
         <system-err><![CDATA[]]></system-err>
      </testcase>
      <testcase name="Test Cases/Backoffice/RegisterAccount" classname="Test Cases/Backoffice/RegisterAccount" status="PASSED">
         <system-out><![CDATA[2018-10-12 12:51:35 - [TEST_CASE][PASSED] - Test Cases/Backoffice/RegisterAccount: Test Cases/Backoffice/RegisterAccount

2018-10-12 12:51:35 - [TEST_STEP][PASSED] - focus: Object: 'Object Repository/Backoffice/Clients/Clients' is focused

2018-10-12 12:51:35 - [MESSAGE][PASSED] - Object: 'Object Repository/Backoffice/Clients/Clients' is focused

2018-10-12 12:51:35 - [TEST_STEP][PASSED] - verifyElementPresent: Object 'Object Repository/Backoffice/Clients/Client Registration' is present

2018-10-12 12:51:35 - [MESSAGE][PASSED] - Object 'Object Repository/Backoffice/Clients/Client Registration' is present

2018-10-12 12:51:35 - [TEST_STEP][PASSED] - click: Object: 'Object Repository/Backoffice/Clients/Client Registration' is clicked on

2018-10-12 12:51:36 - [MESSAGE][PASSED] - Object: 'Object Repository/Backoffice/Clients/Client Registration' is clicked on

2018-10-12 12:51:36 - [TEST_STEP][PASSED] - setText: Text 'Deadlyinx' is set on object 'Object Repository/Backoffice/Clients/Registration/input_username'

2018-10-12 12:51:36 - [MESSAGE][PASSED] - Text 'Deadlyinx' is set on object 'Object Repository/Backoffice/Clients/Registration/input_username'

2018-10-12 12:51:36 - [TEST_STEP][PASSED] - setText: Text '123123' is set on object 'Object Repository/Backoffice/Clients/Registration/input_password'

2018-10-12 12:51:36 - [MESSAGE][PASSED] - Text '123123' is set on object 'Object Repository/Backoffice/Clients/Registration/input_password'

2018-10-12 12:51:36 - [TEST_STEP][PASSED] - setText: Text '123123' is set on object 'Object Repository/Backoffice/Clients/Registration/input_confirmp'

2018-10-12 12:51:36 - [MESSAGE][PASSED] - Text '123123' is set on object 'Object Repository/Backoffice/Clients/Registration/input_confirmp'

2018-10-12 12:51:36 - [TEST_STEP][PASSED] - selectOptionByValue: All options with value 'test' are selected in object 'Object Repository/Backoffice/Clients/Registration/select_operatorcode' 

2018-10-12 12:51:36 - [MESSAGE][PASSED] - All options with value 'test' are selected in object 'Object Repository/Backoffice/Clients/Registration/select_operatorcode' 

2018-10-12 12:51:36 - [TEST_STEP][PASSED] - selectOptionByValue: All options with value '1' are selected in object 'Object Repository/Backoffice/Clients/Registration/select_status' 

2018-10-12 12:51:37 - [MESSAGE][PASSED] - All options with value '1' are selected in object 'Object Repository/Backoffice/Clients/Registration/select_status' 

2018-10-12 12:51:37 - [TEST_STEP][PASSED] - delay: Delayed 2 second(s)

2018-10-12 12:51:39 - [MESSAGE][PASSED] - Delayed 2 second(s)

2018-10-12 12:51:39 - [TEST_STEP][PASSED] - click: Object: 'Object Repository/Backoffice/Clients/Registration/button_Submit' is clicked on

2018-10-12 12:51:39 - [MESSAGE][PASSED] - Object: 'Object Repository/Backoffice/Clients/Registration/button_Submit' is clicked on

2018-10-12 12:51:39 - [TEST_STEP][PASSED] - delay: Delayed 2 second(s)

2018-10-12 12:51:41 - [MESSAGE][PASSED] - Delayed 2 second(s)]]></system-out>
         <system-err><![CDATA[]]></system-err>
      </testcase>
      <testcase name="Test Cases/Backoffice/RegisterAccount" classname="Test Cases/Backoffice/RegisterAccount" status="PASSED">
         <system-out><![CDATA[2018-10-12 12:51:41 - [TEST_CASE][PASSED] - Test Cases/Backoffice/RegisterAccount: Test Cases/Backoffice/RegisterAccount

2018-10-12 12:51:42 - [TEST_STEP][PASSED] - focus: Object: 'Object Repository/Backoffice/Clients/Clients' is focused

2018-10-12 12:51:42 - [MESSAGE][PASSED] - Object: 'Object Repository/Backoffice/Clients/Clients' is focused

2018-10-12 12:51:42 - [TEST_STEP][PASSED] - verifyElementPresent: Object 'Object Repository/Backoffice/Clients/Client Registration' is present

2018-10-12 12:51:42 - [MESSAGE][PASSED] - Object 'Object Repository/Backoffice/Clients/Client Registration' is present

2018-10-12 12:51:42 - [TEST_STEP][PASSED] - click: Object: 'Object Repository/Backoffice/Clients/Client Registration' is clicked on

2018-10-12 12:51:42 - [MESSAGE][PASSED] - Object: 'Object Repository/Backoffice/Clients/Client Registration' is clicked on

2018-10-12 12:51:42 - [TEST_STEP][PASSED] - setText: Text 'Techpill' is set on object 'Object Repository/Backoffice/Clients/Registration/input_username'

2018-10-12 12:51:42 - [MESSAGE][PASSED] - Text 'Techpill' is set on object 'Object Repository/Backoffice/Clients/Registration/input_username'

2018-10-12 12:51:42 - [TEST_STEP][PASSED] - setText: Text '123123' is set on object 'Object Repository/Backoffice/Clients/Registration/input_password'

2018-10-12 12:51:42 - [MESSAGE][PASSED] - Text '123123' is set on object 'Object Repository/Backoffice/Clients/Registration/input_password'

2018-10-12 12:51:42 - [TEST_STEP][PASSED] - setText: Text '123123' is set on object 'Object Repository/Backoffice/Clients/Registration/input_confirmp'

2018-10-12 12:51:43 - [MESSAGE][PASSED] - Text '123123' is set on object 'Object Repository/Backoffice/Clients/Registration/input_confirmp'

2018-10-12 12:51:43 - [TEST_STEP][PASSED] - selectOptionByValue: All options with value 'test' are selected in object 'Object Repository/Backoffice/Clients/Registration/select_operatorcode' 

2018-10-12 12:51:43 - [MESSAGE][PASSED] - All options with value 'test' are selected in object 'Object Repository/Backoffice/Clients/Registration/select_operatorcode' 

2018-10-12 12:51:43 - [TEST_STEP][PASSED] - selectOptionByValue: All options with value '1' are selected in object 'Object Repository/Backoffice/Clients/Registration/select_status' 

2018-10-12 12:51:43 - [MESSAGE][PASSED] - All options with value '1' are selected in object 'Object Repository/Backoffice/Clients/Registration/select_status' 

2018-10-12 12:51:43 - [TEST_STEP][PASSED] - delay: Delayed 2 second(s)

2018-10-12 12:51:45 - [MESSAGE][PASSED] - Delayed 2 second(s)

2018-10-12 12:51:45 - [TEST_STEP][PASSED] - click: Object: 'Object Repository/Backoffice/Clients/Registration/button_Submit' is clicked on

2018-10-12 12:51:46 - [MESSAGE][PASSED] - Object: 'Object Repository/Backoffice/Clients/Registration/button_Submit' is clicked on

2018-10-12 12:51:46 - [TEST_STEP][PASSED] - delay: Delayed 2 second(s)

2018-10-12 12:51:48 - [MESSAGE][PASSED] - Delayed 2 second(s)]]></system-out>
         <system-err><![CDATA[]]></system-err>
      </testcase>
      <testcase name="Test Cases/Backoffice/RegisterAccount" classname="Test Cases/Backoffice/RegisterAccount" status="PASSED">
         <system-out><![CDATA[2018-10-12 12:51:48 - [TEST_CASE][PASSED] - Test Cases/Backoffice/RegisterAccount: Test Cases/Backoffice/RegisterAccount

2018-10-12 12:51:48 - [TEST_STEP][PASSED] - focus: Object: 'Object Repository/Backoffice/Clients/Clients' is focused

2018-10-12 12:51:48 - [MESSAGE][PASSED] - Object: 'Object Repository/Backoffice/Clients/Clients' is focused

2018-10-12 12:51:48 - [TEST_STEP][PASSED] - verifyElementPresent: Object 'Object Repository/Backoffice/Clients/Client Registration' is present

2018-10-12 12:51:48 - [MESSAGE][PASSED] - Object 'Object Repository/Backoffice/Clients/Client Registration' is present

2018-10-12 12:51:48 - [TEST_STEP][PASSED] - click: Object: 'Object Repository/Backoffice/Clients/Client Registration' is clicked on

2018-10-12 12:51:48 - [MESSAGE][PASSED] - Object: 'Object Repository/Backoffice/Clients/Client Registration' is clicked on

2018-10-12 12:51:48 - [TEST_STEP][PASSED] - setText: Text 'Methshot' is set on object 'Object Repository/Backoffice/Clients/Registration/input_username'

2018-10-12 12:51:48 - [MESSAGE][PASSED] - Text 'Methshot' is set on object 'Object Repository/Backoffice/Clients/Registration/input_username'

2018-10-12 12:51:48 - [TEST_STEP][PASSED] - setText: Text '123123' is set on object 'Object Repository/Backoffice/Clients/Registration/input_password'

2018-10-12 12:51:49 - [MESSAGE][PASSED] - Text '123123' is set on object 'Object Repository/Backoffice/Clients/Registration/input_password'

2018-10-12 12:51:49 - [TEST_STEP][PASSED] - setText: Text '123123' is set on object 'Object Repository/Backoffice/Clients/Registration/input_confirmp'

2018-10-12 12:51:49 - [MESSAGE][PASSED] - Text '123123' is set on object 'Object Repository/Backoffice/Clients/Registration/input_confirmp'

2018-10-12 12:51:49 - [TEST_STEP][PASSED] - selectOptionByValue: All options with value 'test' are selected in object 'Object Repository/Backoffice/Clients/Registration/select_operatorcode' 

2018-10-12 12:51:49 - [MESSAGE][PASSED] - All options with value 'test' are selected in object 'Object Repository/Backoffice/Clients/Registration/select_operatorcode' 

2018-10-12 12:51:49 - [TEST_STEP][PASSED] - selectOptionByValue: All options with value '1' are selected in object 'Object Repository/Backoffice/Clients/Registration/select_status' 

2018-10-12 12:51:49 - [MESSAGE][PASSED] - All options with value '1' are selected in object 'Object Repository/Backoffice/Clients/Registration/select_status' 

2018-10-12 12:51:49 - [TEST_STEP][PASSED] - delay: Delayed 2 second(s)

2018-10-12 12:51:51 - [MESSAGE][PASSED] - Delayed 2 second(s)

2018-10-12 12:51:51 - [TEST_STEP][PASSED] - click: Object: 'Object Repository/Backoffice/Clients/Registration/button_Submit' is clicked on

2018-10-12 12:51:52 - [MESSAGE][PASSED] - Object: 'Object Repository/Backoffice/Clients/Registration/button_Submit' is clicked on

2018-10-12 12:51:52 - [TEST_STEP][PASSED] - delay: Delayed 2 second(s)

2018-10-12 12:51:54 - [MESSAGE][PASSED] - Delayed 2 second(s)]]></system-out>
         <system-err><![CDATA[]]></system-err>
      </testcase>
      <testcase name="Test Cases/Backoffice/RegisterAccount" classname="Test Cases/Backoffice/RegisterAccount" status="PASSED">
         <system-out><![CDATA[2018-10-12 12:51:54 - [TEST_CASE][PASSED] - Test Cases/Backoffice/RegisterAccount: Test Cases/Backoffice/RegisterAccount

2018-10-12 12:51:54 - [TEST_STEP][PASSED] - focus: Object: 'Object Repository/Backoffice/Clients/Clients' is focused

2018-10-12 12:51:54 - [MESSAGE][PASSED] - Object: 'Object Repository/Backoffice/Clients/Clients' is focused

2018-10-12 12:51:54 - [TEST_STEP][PASSED] - verifyElementPresent: Object 'Object Repository/Backoffice/Clients/Client Registration' is present

2018-10-12 12:51:54 - [MESSAGE][PASSED] - Object 'Object Repository/Backoffice/Clients/Client Registration' is present

2018-10-12 12:51:54 - [TEST_STEP][PASSED] - click: Object: 'Object Repository/Backoffice/Clients/Client Registration' is clicked on

2018-10-12 12:51:55 - [MESSAGE][PASSED] - Object: 'Object Repository/Backoffice/Clients/Client Registration' is clicked on

2018-10-12 12:51:55 - [TEST_STEP][PASSED] - setText: Text 'Methnerd' is set on object 'Object Repository/Backoffice/Clients/Registration/input_username'

2018-10-12 12:51:55 - [MESSAGE][PASSED] - Text 'Methnerd' is set on object 'Object Repository/Backoffice/Clients/Registration/input_username'

2018-10-12 12:51:55 - [TEST_STEP][PASSED] - setText: Text '123123' is set on object 'Object Repository/Backoffice/Clients/Registration/input_password'

2018-10-12 12:51:55 - [MESSAGE][PASSED] - Text '123123' is set on object 'Object Repository/Backoffice/Clients/Registration/input_password'

2018-10-12 12:51:55 - [TEST_STEP][PASSED] - setText: Text '123123' is set on object 'Object Repository/Backoffice/Clients/Registration/input_confirmp'

2018-10-12 12:51:55 - [MESSAGE][PASSED] - Text '123123' is set on object 'Object Repository/Backoffice/Clients/Registration/input_confirmp'

2018-10-12 12:51:55 - [TEST_STEP][PASSED] - selectOptionByValue: All options with value 'test' are selected in object 'Object Repository/Backoffice/Clients/Registration/select_operatorcode' 

2018-10-12 12:51:55 - [MESSAGE][PASSED] - All options with value 'test' are selected in object 'Object Repository/Backoffice/Clients/Registration/select_operatorcode' 

2018-10-12 12:51:55 - [TEST_STEP][PASSED] - selectOptionByValue: All options with value '1' are selected in object 'Object Repository/Backoffice/Clients/Registration/select_status' 

2018-10-12 12:51:55 - [MESSAGE][PASSED] - All options with value '1' are selected in object 'Object Repository/Backoffice/Clients/Registration/select_status' 

2018-10-12 12:51:55 - [TEST_STEP][PASSED] - delay: Delayed 2 second(s)

2018-10-12 12:51:57 - [MESSAGE][PASSED] - Delayed 2 second(s)

2018-10-12 12:51:57 - [TEST_STEP][PASSED] - click: Object: 'Object Repository/Backoffice/Clients/Registration/button_Submit' is clicked on

2018-10-12 12:51:58 - [MESSAGE][PASSED] - Object: 'Object Repository/Backoffice/Clients/Registration/button_Submit' is clicked on

2018-10-12 12:51:58 - [TEST_STEP][PASSED] - delay: Delayed 2 second(s)

2018-10-12 12:52:00 - [MESSAGE][PASSED] - Delayed 2 second(s)]]></system-out>
         <system-err><![CDATA[]]></system-err>
      </testcase>
      <testcase name="Test Cases/Backoffice/RegisterAccount" classname="Test Cases/Backoffice/RegisterAccount" status="PASSED">
         <system-out><![CDATA[2018-10-12 12:52:00 - [TEST_CASE][PASSED] - Test Cases/Backoffice/RegisterAccount: Test Cases/Backoffice/RegisterAccount

2018-10-12 12:52:00 - [TEST_STEP][PASSED] - focus: Object: 'Object Repository/Backoffice/Clients/Clients' is focused

2018-10-12 12:52:00 - [MESSAGE][PASSED] - Object: 'Object Repository/Backoffice/Clients/Clients' is focused

2018-10-12 12:52:00 - [TEST_STEP][PASSED] - verifyElementPresent: Object 'Object Repository/Backoffice/Clients/Client Registration' is present

2018-10-12 12:52:00 - [MESSAGE][PASSED] - Object 'Object Repository/Backoffice/Clients/Client Registration' is present

2018-10-12 12:52:00 - [TEST_STEP][PASSED] - click: Object: 'Object Repository/Backoffice/Clients/Client Registration' is clicked on

2018-10-12 12:52:01 - [MESSAGE][PASSED] - Object: 'Object Repository/Backoffice/Clients/Client Registration' is clicked on

2018-10-12 12:52:01 - [TEST_STEP][PASSED] - setText: Text 'TreeEater' is set on object 'Object Repository/Backoffice/Clients/Registration/input_username'

2018-10-12 12:52:01 - [MESSAGE][PASSED] - Text 'TreeEater' is set on object 'Object Repository/Backoffice/Clients/Registration/input_username'

2018-10-12 12:52:01 - [TEST_STEP][PASSED] - setText: Text '123123' is set on object 'Object Repository/Backoffice/Clients/Registration/input_password'

2018-10-12 12:52:01 - [MESSAGE][PASSED] - Text '123123' is set on object 'Object Repository/Backoffice/Clients/Registration/input_password'

2018-10-12 12:52:01 - [TEST_STEP][PASSED] - setText: Text '123123' is set on object 'Object Repository/Backoffice/Clients/Registration/input_confirmp'

2018-10-12 12:52:01 - [MESSAGE][PASSED] - Text '123123' is set on object 'Object Repository/Backoffice/Clients/Registration/input_confirmp'

2018-10-12 12:52:01 - [TEST_STEP][PASSED] - selectOptionByValue: All options with value 'test' are selected in object 'Object Repository/Backoffice/Clients/Registration/select_operatorcode' 

2018-10-12 12:52:01 - [MESSAGE][PASSED] - All options with value 'test' are selected in object 'Object Repository/Backoffice/Clients/Registration/select_operatorcode' 

2018-10-12 12:52:01 - [TEST_STEP][PASSED] - selectOptionByValue: All options with value '1' are selected in object 'Object Repository/Backoffice/Clients/Registration/select_status' 

2018-10-12 12:52:02 - [MESSAGE][PASSED] - All options with value '1' are selected in object 'Object Repository/Backoffice/Clients/Registration/select_status' 

2018-10-12 12:52:02 - [TEST_STEP][PASSED] - delay: Delayed 2 second(s)

2018-10-12 12:52:04 - [MESSAGE][PASSED] - Delayed 2 second(s)

2018-10-12 12:52:04 - [TEST_STEP][PASSED] - click: Object: 'Object Repository/Backoffice/Clients/Registration/button_Submit' is clicked on

2018-10-12 12:52:04 - [MESSAGE][PASSED] - Object: 'Object Repository/Backoffice/Clients/Registration/button_Submit' is clicked on

2018-10-12 12:52:04 - [TEST_STEP][PASSED] - delay: Delayed 2 second(s)

2018-10-12 12:52:06 - [MESSAGE][PASSED] - Delayed 2 second(s)]]></system-out>
         <system-err><![CDATA[]]></system-err>
      </testcase>
      <testcase name="Test Cases/Backoffice/RegisterAccount" classname="Test Cases/Backoffice/RegisterAccount" status="PASSED">
         <system-out><![CDATA[2018-10-12 12:52:06 - [TEST_CASE][PASSED] - Test Cases/Backoffice/RegisterAccount: Test Cases/Backoffice/RegisterAccount

2018-10-12 12:52:07 - [TEST_STEP][PASSED] - focus: Object: 'Object Repository/Backoffice/Clients/Clients' is focused

2018-10-12 12:52:07 - [MESSAGE][PASSED] - Object: 'Object Repository/Backoffice/Clients/Clients' is focused

2018-10-12 12:52:07 - [TEST_STEP][PASSED] - verifyElementPresent: Object 'Object Repository/Backoffice/Clients/Client Registration' is present

2018-10-12 12:52:07 - [MESSAGE][PASSED] - Object 'Object Repository/Backoffice/Clients/Client Registration' is present

2018-10-12 12:52:07 - [TEST_STEP][PASSED] - click: Object: 'Object Repository/Backoffice/Clients/Client Registration' is clicked on

2018-10-12 12:52:07 - [MESSAGE][PASSED] - Object: 'Object Repository/Backoffice/Clients/Client Registration' is clicked on

2018-10-12 12:52:07 - [TEST_STEP][PASSED] - setText: Text 'PackManBrainlure' is set on object 'Object Repository/Backoffice/Clients/Registration/input_username'

2018-10-12 12:52:07 - [MESSAGE][PASSED] - Text 'PackManBrainlure' is set on object 'Object Repository/Backoffice/Clients/Registration/input_username'

2018-10-12 12:52:07 - [TEST_STEP][PASSED] - setText: Text '123123' is set on object 'Object Repository/Backoffice/Clients/Registration/input_password'

2018-10-12 12:52:07 - [MESSAGE][PASSED] - Text '123123' is set on object 'Object Repository/Backoffice/Clients/Registration/input_password'

2018-10-12 12:52:07 - [TEST_STEP][PASSED] - setText: Text '123123' is set on object 'Object Repository/Backoffice/Clients/Registration/input_confirmp'

2018-10-12 12:52:07 - [MESSAGE][PASSED] - Text '123123' is set on object 'Object Repository/Backoffice/Clients/Registration/input_confirmp'

2018-10-12 12:52:07 - [TEST_STEP][PASSED] - selectOptionByValue: All options with value 'test' are selected in object 'Object Repository/Backoffice/Clients/Registration/select_operatorcode' 

2018-10-12 12:52:08 - [MESSAGE][PASSED] - All options with value 'test' are selected in object 'Object Repository/Backoffice/Clients/Registration/select_operatorcode' 

2018-10-12 12:52:08 - [TEST_STEP][PASSED] - selectOptionByValue: All options with value '1' are selected in object 'Object Repository/Backoffice/Clients/Registration/select_status' 

2018-10-12 12:52:08 - [MESSAGE][PASSED] - All options with value '1' are selected in object 'Object Repository/Backoffice/Clients/Registration/select_status' 

2018-10-12 12:52:08 - [TEST_STEP][PASSED] - delay: Delayed 2 second(s)

2018-10-12 12:52:10 - [MESSAGE][PASSED] - Delayed 2 second(s)

2018-10-12 12:52:10 - [TEST_STEP][PASSED] - click: Object: 'Object Repository/Backoffice/Clients/Registration/button_Submit' is clicked on

2018-10-12 12:52:11 - [MESSAGE][PASSED] - Object: 'Object Repository/Backoffice/Clients/Registration/button_Submit' is clicked on

2018-10-12 12:52:11 - [TEST_STEP][PASSED] - delay: Delayed 2 second(s)

2018-10-12 12:52:13 - [MESSAGE][PASSED] - Delayed 2 second(s)]]></system-out>
         <system-err><![CDATA[]]></system-err>
      </testcase>
      <testcase name="Test Cases/Backoffice/RegisterAccount" classname="Test Cases/Backoffice/RegisterAccount" status="PASSED">
         <system-out><![CDATA[2018-10-12 12:52:13 - [TEST_CASE][PASSED] - Test Cases/Backoffice/RegisterAccount: Test Cases/Backoffice/RegisterAccount

2018-10-12 12:52:13 - [TEST_STEP][PASSED] - focus: Object: 'Object Repository/Backoffice/Clients/Clients' is focused

2018-10-12 12:52:13 - [MESSAGE][PASSED] - Object: 'Object Repository/Backoffice/Clients/Clients' is focused

2018-10-12 12:52:13 - [TEST_STEP][PASSED] - verifyElementPresent: Object 'Object Repository/Backoffice/Clients/Client Registration' is present

2018-10-12 12:52:13 - [MESSAGE][PASSED] - Object 'Object Repository/Backoffice/Clients/Client Registration' is present

2018-10-12 12:52:13 - [TEST_STEP][PASSED] - click: Object: 'Object Repository/Backoffice/Clients/Client Registration' is clicked on

2018-10-12 12:52:13 - [MESSAGE][PASSED] - Object: 'Object Repository/Backoffice/Clients/Client Registration' is clicked on

2018-10-12 12:52:13 - [TEST_STEP][PASSED] - setText: Text 'Carnalpleasure' is set on object 'Object Repository/Backoffice/Clients/Registration/input_username'

2018-10-12 12:52:13 - [MESSAGE][PASSED] - Text 'Carnalpleasure' is set on object 'Object Repository/Backoffice/Clients/Registration/input_username'

2018-10-12 12:52:13 - [TEST_STEP][PASSED] - setText: Text '123123' is set on object 'Object Repository/Backoffice/Clients/Registration/input_password'

2018-10-12 12:52:14 - [MESSAGE][PASSED] - Text '123123' is set on object 'Object Repository/Backoffice/Clients/Registration/input_password'

2018-10-12 12:52:14 - [TEST_STEP][PASSED] - setText: Text '123123' is set on object 'Object Repository/Backoffice/Clients/Registration/input_confirmp'

2018-10-12 12:52:14 - [MESSAGE][PASSED] - Text '123123' is set on object 'Object Repository/Backoffice/Clients/Registration/input_confirmp'

2018-10-12 12:52:14 - [TEST_STEP][PASSED] - selectOptionByValue: All options with value 'test' are selected in object 'Object Repository/Backoffice/Clients/Registration/select_operatorcode' 

2018-10-12 12:52:14 - [MESSAGE][PASSED] - All options with value 'test' are selected in object 'Object Repository/Backoffice/Clients/Registration/select_operatorcode' 

2018-10-12 12:52:14 - [TEST_STEP][PASSED] - selectOptionByValue: All options with value '1' are selected in object 'Object Repository/Backoffice/Clients/Registration/select_status' 

2018-10-12 12:52:14 - [MESSAGE][PASSED] - All options with value '1' are selected in object 'Object Repository/Backoffice/Clients/Registration/select_status' 

2018-10-12 12:52:14 - [TEST_STEP][PASSED] - delay: Delayed 2 second(s)

2018-10-12 12:52:16 - [MESSAGE][PASSED] - Delayed 2 second(s)

2018-10-12 12:52:16 - [TEST_STEP][PASSED] - click: Object: 'Object Repository/Backoffice/Clients/Registration/button_Submit' is clicked on

2018-10-12 12:52:17 - [MESSAGE][PASSED] - Object: 'Object Repository/Backoffice/Clients/Registration/button_Submit' is clicked on

2018-10-12 12:52:17 - [TEST_STEP][PASSED] - delay: Delayed 2 second(s)

2018-10-12 12:52:19 - [MESSAGE][PASSED] - Delayed 2 second(s)]]></system-out>
         <system-err><![CDATA[]]></system-err>
      </testcase>
      <testcase name="Test Cases/Backoffice/RegisterAccount" classname="Test Cases/Backoffice/RegisterAccount" status="PASSED">
         <system-out><![CDATA[2018-10-12 12:52:19 - [TEST_CASE][PASSED] - Test Cases/Backoffice/RegisterAccount: Test Cases/Backoffice/RegisterAccount

2018-10-12 12:52:19 - [TEST_STEP][PASSED] - focus: Object: 'Object Repository/Backoffice/Clients/Clients' is focused

2018-10-12 12:52:19 - [MESSAGE][PASSED] - Object: 'Object Repository/Backoffice/Clients/Clients' is focused

2018-10-12 12:52:19 - [TEST_STEP][PASSED] - verifyElementPresent: Object 'Object Repository/Backoffice/Clients/Client Registration' is present

2018-10-12 12:52:19 - [MESSAGE][PASSED] - Object 'Object Repository/Backoffice/Clients/Client Registration' is present

2018-10-12 12:52:19 - [TEST_STEP][PASSED] - click: Object: 'Object Repository/Backoffice/Clients/Client Registration' is clicked on

2018-10-12 12:52:19 - [MESSAGE][PASSED] - Object: 'Object Repository/Backoffice/Clients/Client Registration' is clicked on

2018-10-12 12:52:19 - [TEST_STEP][PASSED] - setText: Text 'Sharpcharm' is set on object 'Object Repository/Backoffice/Clients/Registration/input_username'

2018-10-12 12:52:19 - [MESSAGE][PASSED] - Text 'Sharpcharm' is set on object 'Object Repository/Backoffice/Clients/Registration/input_username'

2018-10-12 12:52:19 - [TEST_STEP][PASSED] - setText: Text '123123' is set on object 'Object Repository/Backoffice/Clients/Registration/input_password'

2018-10-12 12:52:20 - [MESSAGE][PASSED] - Text '123123' is set on object 'Object Repository/Backoffice/Clients/Registration/input_password'

2018-10-12 12:52:20 - [TEST_STEP][PASSED] - setText: Text '123123' is set on object 'Object Repository/Backoffice/Clients/Registration/input_confirmp'

2018-10-12 12:52:20 - [MESSAGE][PASSED] - Text '123123' is set on object 'Object Repository/Backoffice/Clients/Registration/input_confirmp'

2018-10-12 12:52:20 - [TEST_STEP][PASSED] - selectOptionByValue: All options with value 'test' are selected in object 'Object Repository/Backoffice/Clients/Registration/select_operatorcode' 

2018-10-12 12:52:20 - [MESSAGE][PASSED] - All options with value 'test' are selected in object 'Object Repository/Backoffice/Clients/Registration/select_operatorcode' 

2018-10-12 12:52:20 - [TEST_STEP][PASSED] - selectOptionByValue: All options with value '1' are selected in object 'Object Repository/Backoffice/Clients/Registration/select_status' 

2018-10-12 12:52:20 - [MESSAGE][PASSED] - All options with value '1' are selected in object 'Object Repository/Backoffice/Clients/Registration/select_status' 

2018-10-12 12:52:20 - [TEST_STEP][PASSED] - delay: Delayed 2 second(s)

2018-10-12 12:52:22 - [MESSAGE][PASSED] - Delayed 2 second(s)

2018-10-12 12:52:22 - [TEST_STEP][PASSED] - click: Object: 'Object Repository/Backoffice/Clients/Registration/button_Submit' is clicked on

2018-10-12 12:52:23 - [MESSAGE][PASSED] - Object: 'Object Repository/Backoffice/Clients/Registration/button_Submit' is clicked on

2018-10-12 12:52:23 - [TEST_STEP][PASSED] - delay: Delayed 2 second(s)

2018-10-12 12:52:25 - [MESSAGE][PASSED] - Delayed 2 second(s)]]></system-out>
         <system-err><![CDATA[]]></system-err>
      </testcase>
      <testcase name="Test Cases/Backoffice/RegisterAccount" classname="Test Cases/Backoffice/RegisterAccount" status="PASSED">
         <system-out><![CDATA[2018-10-12 12:52:25 - [TEST_CASE][PASSED] - Test Cases/Backoffice/RegisterAccount: Test Cases/Backoffice/RegisterAccount

2018-10-12 12:52:25 - [TEST_STEP][PASSED] - focus: Object: 'Object Repository/Backoffice/Clients/Clients' is focused

2018-10-12 12:52:25 - [MESSAGE][PASSED] - Object: 'Object Repository/Backoffice/Clients/Clients' is focused

2018-10-12 12:52:25 - [TEST_STEP][PASSED] - verifyElementPresent: Object 'Object Repository/Backoffice/Clients/Client Registration' is present

2018-10-12 12:52:25 - [MESSAGE][PASSED] - Object 'Object Repository/Backoffice/Clients/Client Registration' is present

2018-10-12 12:52:25 - [TEST_STEP][PASSED] - click: Object: 'Object Repository/Backoffice/Clients/Client Registration' is clicked on

2018-10-12 12:52:26 - [MESSAGE][PASSED] - Object: 'Object Repository/Backoffice/Clients/Client Registration' is clicked on

2018-10-12 12:52:26 - [TEST_STEP][PASSED] - setText: Text 'Snarelure' is set on object 'Object Repository/Backoffice/Clients/Registration/input_username'

2018-10-12 12:52:26 - [MESSAGE][PASSED] - Text 'Snarelure' is set on object 'Object Repository/Backoffice/Clients/Registration/input_username'

2018-10-12 12:52:26 - [TEST_STEP][PASSED] - setText: Text '123123' is set on object 'Object Repository/Backoffice/Clients/Registration/input_password'

2018-10-12 12:52:26 - [MESSAGE][PASSED] - Text '123123' is set on object 'Object Repository/Backoffice/Clients/Registration/input_password'

2018-10-12 12:52:26 - [TEST_STEP][PASSED] - setText: Text '123123' is set on object 'Object Repository/Backoffice/Clients/Registration/input_confirmp'

2018-10-12 12:52:26 - [MESSAGE][PASSED] - Text '123123' is set on object 'Object Repository/Backoffice/Clients/Registration/input_confirmp'

2018-10-12 12:52:26 - [TEST_STEP][PASSED] - selectOptionByValue: All options with value 'test' are selected in object 'Object Repository/Backoffice/Clients/Registration/select_operatorcode' 

2018-10-12 12:52:26 - [MESSAGE][PASSED] - All options with value 'test' are selected in object 'Object Repository/Backoffice/Clients/Registration/select_operatorcode' 

2018-10-12 12:52:26 - [TEST_STEP][PASSED] - selectOptionByValue: All options with value '1' are selected in object 'Object Repository/Backoffice/Clients/Registration/select_status' 

2018-10-12 12:52:26 - [MESSAGE][PASSED] - All options with value '1' are selected in object 'Object Repository/Backoffice/Clients/Registration/select_status' 

2018-10-12 12:52:26 - [TEST_STEP][PASSED] - delay: Delayed 2 second(s)

2018-10-12 12:52:28 - [MESSAGE][PASSED] - Delayed 2 second(s)

2018-10-12 12:52:28 - [TEST_STEP][PASSED] - click: Object: 'Object Repository/Backoffice/Clients/Registration/button_Submit' is clicked on

2018-10-12 12:52:29 - [MESSAGE][PASSED] - Object: 'Object Repository/Backoffice/Clients/Registration/button_Submit' is clicked on

2018-10-12 12:52:29 - [TEST_STEP][PASSED] - delay: Delayed 2 second(s)

2018-10-12 12:52:31 - [MESSAGE][PASSED] - Delayed 2 second(s)]]></system-out>
         <system-err><![CDATA[]]></system-err>
      </testcase>
      <testcase name="Test Cases/Backoffice/RegisterAccount" classname="Test Cases/Backoffice/RegisterAccount" status="PASSED">
         <system-out><![CDATA[2018-10-12 12:52:31 - [TEST_CASE][PASSED] - Test Cases/Backoffice/RegisterAccount: Test Cases/Backoffice/RegisterAccount

2018-10-12 12:52:31 - [TEST_STEP][PASSED] - focus: Object: 'Object Repository/Backoffice/Clients/Clients' is focused

2018-10-12 12:52:31 - [MESSAGE][PASSED] - Object: 'Object Repository/Backoffice/Clients/Clients' is focused

2018-10-12 12:52:31 - [TEST_STEP][PASSED] - verifyElementPresent: Object 'Object Repository/Backoffice/Clients/Client Registration' is present

2018-10-12 12:52:31 - [MESSAGE][PASSED] - Object 'Object Repository/Backoffice/Clients/Client Registration' is present

2018-10-12 12:52:31 - [TEST_STEP][PASSED] - click: Object: 'Object Repository/Backoffice/Clients/Client Registration' is clicked on

2018-10-12 12:52:32 - [MESSAGE][PASSED] - Object: 'Object Repository/Backoffice/Clients/Client Registration' is clicked on

2018-10-12 12:52:32 - [TEST_STEP][PASSED] - setText: Text 'Skullbone' is set on object 'Object Repository/Backoffice/Clients/Registration/input_username'

2018-10-12 12:52:32 - [MESSAGE][PASSED] - Text 'Skullbone' is set on object 'Object Repository/Backoffice/Clients/Registration/input_username'

2018-10-12 12:52:32 - [TEST_STEP][PASSED] - setText: Text '123123' is set on object 'Object Repository/Backoffice/Clients/Registration/input_password'

2018-10-12 12:52:32 - [MESSAGE][PASSED] - Text '123123' is set on object 'Object Repository/Backoffice/Clients/Registration/input_password'

2018-10-12 12:52:32 - [TEST_STEP][PASSED] - setText: Text '123123' is set on object 'Object Repository/Backoffice/Clients/Registration/input_confirmp'

2018-10-12 12:52:32 - [MESSAGE][PASSED] - Text '123123' is set on object 'Object Repository/Backoffice/Clients/Registration/input_confirmp'

2018-10-12 12:52:32 - [TEST_STEP][PASSED] - selectOptionByValue: All options with value 'test' are selected in object 'Object Repository/Backoffice/Clients/Registration/select_operatorcode' 

2018-10-12 12:52:32 - [MESSAGE][PASSED] - All options with value 'test' are selected in object 'Object Repository/Backoffice/Clients/Registration/select_operatorcode' 

2018-10-12 12:52:32 - [TEST_STEP][PASSED] - selectOptionByValue: All options with value '1' are selected in object 'Object Repository/Backoffice/Clients/Registration/select_status' 

2018-10-12 12:52:32 - [MESSAGE][PASSED] - All options with value '1' are selected in object 'Object Repository/Backoffice/Clients/Registration/select_status' 

2018-10-12 12:52:32 - [TEST_STEP][PASSED] - delay: Delayed 2 second(s)

2018-10-12 12:52:34 - [MESSAGE][PASSED] - Delayed 2 second(s)

2018-10-12 12:52:34 - [TEST_STEP][PASSED] - click: Object: 'Object Repository/Backoffice/Clients/Registration/button_Submit' is clicked on

2018-10-12 12:52:35 - [MESSAGE][PASSED] - Object: 'Object Repository/Backoffice/Clients/Registration/button_Submit' is clicked on

2018-10-12 12:52:35 - [TEST_STEP][PASSED] - delay: Delayed 2 second(s)

2018-10-12 12:52:37 - [MESSAGE][PASSED] - Delayed 2 second(s)]]></system-out>
         <system-err><![CDATA[]]></system-err>
      </testcase>
      <testcase name="Test Cases/Backoffice/RegisterAccount" classname="Test Cases/Backoffice/RegisterAccount" status="PASSED">
         <system-out><![CDATA[2018-10-12 12:52:37 - [TEST_CASE][PASSED] - Test Cases/Backoffice/RegisterAccount: Test Cases/Backoffice/RegisterAccount

2018-10-12 12:52:38 - [TEST_STEP][PASSED] - focus: Object: 'Object Repository/Backoffice/Clients/Clients' is focused

2018-10-12 12:52:38 - [MESSAGE][PASSED] - Object: 'Object Repository/Backoffice/Clients/Clients' is focused

2018-10-12 12:52:38 - [TEST_STEP][PASSED] - verifyElementPresent: Object 'Object Repository/Backoffice/Clients/Client Registration' is present

2018-10-12 12:52:38 - [MESSAGE][PASSED] - Object 'Object Repository/Backoffice/Clients/Client Registration' is present

2018-10-12 12:52:38 - [TEST_STEP][PASSED] - click: Object: 'Object Repository/Backoffice/Clients/Client Registration' is clicked on

2018-10-12 12:52:38 - [MESSAGE][PASSED] - Object: 'Object Repository/Backoffice/Clients/Client Registration' is clicked on

2018-10-12 12:52:38 - [TEST_STEP][PASSED] - setText: Text 'Burnblaze' is set on object 'Object Repository/Backoffice/Clients/Registration/input_username'

2018-10-12 12:52:38 - [MESSAGE][PASSED] - Text 'Burnblaze' is set on object 'Object Repository/Backoffice/Clients/Registration/input_username'

2018-10-12 12:52:38 - [TEST_STEP][PASSED] - setText: Text '123123' is set on object 'Object Repository/Backoffice/Clients/Registration/input_password'

2018-10-12 12:52:38 - [MESSAGE][PASSED] - Text '123123' is set on object 'Object Repository/Backoffice/Clients/Registration/input_password'

2018-10-12 12:52:38 - [TEST_STEP][PASSED] - setText: Text '123123' is set on object 'Object Repository/Backoffice/Clients/Registration/input_confirmp'

2018-10-12 12:52:38 - [MESSAGE][PASSED] - Text '123123' is set on object 'Object Repository/Backoffice/Clients/Registration/input_confirmp'

2018-10-12 12:52:38 - [TEST_STEP][PASSED] - selectOptionByValue: All options with value 'test' are selected in object 'Object Repository/Backoffice/Clients/Registration/select_operatorcode' 

2018-10-12 12:52:39 - [MESSAGE][PASSED] - All options with value 'test' are selected in object 'Object Repository/Backoffice/Clients/Registration/select_operatorcode' 

2018-10-12 12:52:39 - [TEST_STEP][PASSED] - selectOptionByValue: All options with value '1' are selected in object 'Object Repository/Backoffice/Clients/Registration/select_status' 

2018-10-12 12:52:39 - [MESSAGE][PASSED] - All options with value '1' are selected in object 'Object Repository/Backoffice/Clients/Registration/select_status' 

2018-10-12 12:52:39 - [TEST_STEP][PASSED] - delay: Delayed 2 second(s)

2018-10-12 12:52:41 - [MESSAGE][PASSED] - Delayed 2 second(s)

2018-10-12 12:52:41 - [TEST_STEP][PASSED] - click: Object: 'Object Repository/Backoffice/Clients/Registration/button_Submit' is clicked on

2018-10-12 12:52:42 - [MESSAGE][PASSED] - Object: 'Object Repository/Backoffice/Clients/Registration/button_Submit' is clicked on

2018-10-12 12:52:42 - [TEST_STEP][PASSED] - delay: Delayed 2 second(s)

2018-10-12 12:52:44 - [MESSAGE][PASSED] - Delayed 2 second(s)]]></system-out>
         <system-err><![CDATA[]]></system-err>
      </testcase>
      <testcase name="Test Cases/Backoffice/RegisterAccount" classname="Test Cases/Backoffice/RegisterAccount" status="PASSED">
         <system-out><![CDATA[2018-10-12 12:52:44 - [TEST_CASE][PASSED] - Test Cases/Backoffice/RegisterAccount: Test Cases/Backoffice/RegisterAccount

2018-10-12 12:52:44 - [TEST_STEP][PASSED] - focus: Object: 'Object Repository/Backoffice/Clients/Clients' is focused

2018-10-12 12:52:44 - [MESSAGE][PASSED] - Object: 'Object Repository/Backoffice/Clients/Clients' is focused

2018-10-12 12:52:44 - [TEST_STEP][PASSED] - verifyElementPresent: Object 'Object Repository/Backoffice/Clients/Client Registration' is present

2018-10-12 12:52:44 - [MESSAGE][PASSED] - Object 'Object Repository/Backoffice/Clients/Client Registration' is present

2018-10-12 12:52:44 - [TEST_STEP][PASSED] - click: Object: 'Object Repository/Backoffice/Clients/Client Registration' is clicked on

2018-10-12 12:52:44 - [MESSAGE][PASSED] - Object: 'Object Repository/Backoffice/Clients/Client Registration' is clicked on

2018-10-12 12:52:44 - [TEST_STEP][PASSED] - setText: Text 'Emberburn' is set on object 'Object Repository/Backoffice/Clients/Registration/input_username'

2018-10-12 12:52:44 - [MESSAGE][PASSED] - Text 'Emberburn' is set on object 'Object Repository/Backoffice/Clients/Registration/input_username'

2018-10-12 12:52:44 - [TEST_STEP][PASSED] - setText: Text '123123' is set on object 'Object Repository/Backoffice/Clients/Registration/input_password'

2018-10-12 12:52:44 - [MESSAGE][PASSED] - Text '123123' is set on object 'Object Repository/Backoffice/Clients/Registration/input_password'

2018-10-12 12:52:44 - [TEST_STEP][PASSED] - setText: Text '123123' is set on object 'Object Repository/Backoffice/Clients/Registration/input_confirmp'

2018-10-12 12:52:45 - [MESSAGE][PASSED] - Text '123123' is set on object 'Object Repository/Backoffice/Clients/Registration/input_confirmp'

2018-10-12 12:52:45 - [TEST_STEP][PASSED] - selectOptionByValue: All options with value 'test' are selected in object 'Object Repository/Backoffice/Clients/Registration/select_operatorcode' 

2018-10-12 12:52:45 - [MESSAGE][PASSED] - All options with value 'test' are selected in object 'Object Repository/Backoffice/Clients/Registration/select_operatorcode' 

2018-10-12 12:52:45 - [TEST_STEP][PASSED] - selectOptionByValue: All options with value '1' are selected in object 'Object Repository/Backoffice/Clients/Registration/select_status' 

2018-10-12 12:52:45 - [MESSAGE][PASSED] - All options with value '1' are selected in object 'Object Repository/Backoffice/Clients/Registration/select_status' 

2018-10-12 12:52:45 - [TEST_STEP][PASSED] - delay: Delayed 2 second(s)

2018-10-12 12:52:47 - [MESSAGE][PASSED] - Delayed 2 second(s)

2018-10-12 12:52:47 - [TEST_STEP][PASSED] - click: Object: 'Object Repository/Backoffice/Clients/Registration/button_Submit' is clicked on

2018-10-12 12:52:48 - [MESSAGE][PASSED] - Object: 'Object Repository/Backoffice/Clients/Registration/button_Submit' is clicked on

2018-10-12 12:52:48 - [TEST_STEP][PASSED] - delay: Delayed 2 second(s)

2018-10-12 12:52:50 - [MESSAGE][PASSED] - Delayed 2 second(s)]]></system-out>
         <system-err><![CDATA[]]></system-err>
      </testcase>
      <testcase name="Test Cases/Backoffice/RegisterAccount" classname="Test Cases/Backoffice/RegisterAccount" status="PASSED">
         <system-out><![CDATA[2018-10-12 12:52:50 - [TEST_CASE][PASSED] - Test Cases/Backoffice/RegisterAccount: Test Cases/Backoffice/RegisterAccount

2018-10-12 12:52:50 - [TEST_STEP][PASSED] - focus: Object: 'Object Repository/Backoffice/Clients/Clients' is focused

2018-10-12 12:52:50 - [MESSAGE][PASSED] - Object: 'Object Repository/Backoffice/Clients/Clients' is focused

2018-10-12 12:52:50 - [TEST_STEP][PASSED] - verifyElementPresent: Object 'Object Repository/Backoffice/Clients/Client Registration' is present

2018-10-12 12:52:50 - [MESSAGE][PASSED] - Object 'Object Repository/Backoffice/Clients/Client Registration' is present

2018-10-12 12:52:50 - [TEST_STEP][PASSED] - click: Object: 'Object Repository/Backoffice/Clients/Client Registration' is clicked on

2018-10-12 12:52:50 - [MESSAGE][PASSED] - Object: 'Object Repository/Backoffice/Clients/Client Registration' is clicked on

2018-10-12 12:52:50 - [TEST_STEP][PASSED] - setText: Text 'Emberfire' is set on object 'Object Repository/Backoffice/Clients/Registration/input_username'

2018-10-12 12:52:50 - [MESSAGE][PASSED] - Text 'Emberfire' is set on object 'Object Repository/Backoffice/Clients/Registration/input_username'

2018-10-12 12:52:50 - [TEST_STEP][PASSED] - setText: Text '123123' is set on object 'Object Repository/Backoffice/Clients/Registration/input_password'

2018-10-12 12:52:50 - [MESSAGE][PASSED] - Text '123123' is set on object 'Object Repository/Backoffice/Clients/Registration/input_password'

2018-10-12 12:52:50 - [TEST_STEP][PASSED] - setText: Text '123123' is set on object 'Object Repository/Backoffice/Clients/Registration/input_confirmp'

2018-10-12 12:52:50 - [MESSAGE][PASSED] - Text '123123' is set on object 'Object Repository/Backoffice/Clients/Registration/input_confirmp'

2018-10-12 12:52:50 - [TEST_STEP][PASSED] - selectOptionByValue: All options with value 'test' are selected in object 'Object Repository/Backoffice/Clients/Registration/select_operatorcode' 

2018-10-12 12:52:51 - [MESSAGE][PASSED] - All options with value 'test' are selected in object 'Object Repository/Backoffice/Clients/Registration/select_operatorcode' 

2018-10-12 12:52:51 - [TEST_STEP][PASSED] - selectOptionByValue: All options with value '1' are selected in object 'Object Repository/Backoffice/Clients/Registration/select_status' 

2018-10-12 12:52:51 - [MESSAGE][PASSED] - All options with value '1' are selected in object 'Object Repository/Backoffice/Clients/Registration/select_status' 

2018-10-12 12:52:51 - [TEST_STEP][PASSED] - delay: Delayed 2 second(s)

2018-10-12 12:52:53 - [MESSAGE][PASSED] - Delayed 2 second(s)

2018-10-12 12:52:53 - [TEST_STEP][PASSED] - click: Object: 'Object Repository/Backoffice/Clients/Registration/button_Submit' is clicked on

2018-10-12 12:52:54 - [MESSAGE][PASSED] - Object: 'Object Repository/Backoffice/Clients/Registration/button_Submit' is clicked on

2018-10-12 12:52:54 - [TEST_STEP][PASSED] - delay: Delayed 2 second(s)

2018-10-12 12:52:56 - [MESSAGE][PASSED] - Delayed 2 second(s)]]></system-out>
         <system-err><![CDATA[]]></system-err>
      </testcase>
      <testcase name="Test Cases/Backoffice/RegisterAccount" classname="Test Cases/Backoffice/RegisterAccount" status="PASSED">
         <system-out><![CDATA[2018-10-12 12:52:56 - [TEST_CASE][PASSED] - Test Cases/Backoffice/RegisterAccount: Test Cases/Backoffice/RegisterAccount

2018-10-12 12:52:56 - [TEST_STEP][PASSED] - focus: Object: 'Object Repository/Backoffice/Clients/Clients' is focused

2018-10-12 12:52:56 - [MESSAGE][PASSED] - Object: 'Object Repository/Backoffice/Clients/Clients' is focused

2018-10-12 12:52:56 - [TEST_STEP][PASSED] - verifyElementPresent: Object 'Object Repository/Backoffice/Clients/Client Registration' is present

2018-10-12 12:52:56 - [MESSAGE][PASSED] - Object 'Object Repository/Backoffice/Clients/Client Registration' is present

2018-10-12 12:52:56 - [TEST_STEP][PASSED] - click: Object: 'Object Repository/Backoffice/Clients/Client Registration' is clicked on

2018-10-12 12:52:56 - [MESSAGE][PASSED] - Object: 'Object Repository/Backoffice/Clients/Client Registration' is clicked on

2018-10-12 12:52:56 - [TEST_STEP][PASSED] - setText: Text 'Evilember' is set on object 'Object Repository/Backoffice/Clients/Registration/input_username'

2018-10-12 12:52:56 - [MESSAGE][PASSED] - Text 'Evilember' is set on object 'Object Repository/Backoffice/Clients/Registration/input_username'

2018-10-12 12:52:56 - [TEST_STEP][PASSED] - setText: Text '123123' is set on object 'Object Repository/Backoffice/Clients/Registration/input_password'

2018-10-12 12:52:57 - [MESSAGE][PASSED] - Text '123123' is set on object 'Object Repository/Backoffice/Clients/Registration/input_password'

2018-10-12 12:52:57 - [TEST_STEP][PASSED] - setText: Text '123123' is set on object 'Object Repository/Backoffice/Clients/Registration/input_confirmp'

2018-10-12 12:52:57 - [MESSAGE][PASSED] - Text '123123' is set on object 'Object Repository/Backoffice/Clients/Registration/input_confirmp'

2018-10-12 12:52:57 - [TEST_STEP][PASSED] - selectOptionByValue: All options with value 'test' are selected in object 'Object Repository/Backoffice/Clients/Registration/select_operatorcode' 

2018-10-12 12:52:57 - [MESSAGE][PASSED] - All options with value 'test' are selected in object 'Object Repository/Backoffice/Clients/Registration/select_operatorcode' 

2018-10-12 12:52:57 - [TEST_STEP][PASSED] - selectOptionByValue: All options with value '1' are selected in object 'Object Repository/Backoffice/Clients/Registration/select_status' 

2018-10-12 12:52:57 - [MESSAGE][PASSED] - All options with value '1' are selected in object 'Object Repository/Backoffice/Clients/Registration/select_status' 

2018-10-12 12:52:57 - [TEST_STEP][PASSED] - delay: Delayed 2 second(s)

2018-10-12 12:52:59 - [MESSAGE][PASSED] - Delayed 2 second(s)

2018-10-12 12:52:59 - [TEST_STEP][PASSED] - click: Object: 'Object Repository/Backoffice/Clients/Registration/button_Submit' is clicked on

2018-10-12 12:53:00 - [MESSAGE][PASSED] - Object: 'Object Repository/Backoffice/Clients/Registration/button_Submit' is clicked on

2018-10-12 12:53:00 - [TEST_STEP][PASSED] - delay: Delayed 2 second(s)

2018-10-12 12:53:02 - [MESSAGE][PASSED] - Delayed 2 second(s)]]></system-out>
         <system-err><![CDATA[]]></system-err>
      </testcase>
      <testcase name="Test Cases/Backoffice/RegisterAccount" classname="Test Cases/Backoffice/RegisterAccount" status="PASSED">
         <system-out><![CDATA[2018-10-12 12:53:02 - [TEST_CASE][PASSED] - Test Cases/Backoffice/RegisterAccount: Test Cases/Backoffice/RegisterAccount

2018-10-12 12:53:02 - [TEST_STEP][PASSED] - focus: Object: 'Object Repository/Backoffice/Clients/Clients' is focused

2018-10-12 12:53:02 - [MESSAGE][PASSED] - Object: 'Object Repository/Backoffice/Clients/Clients' is focused

2018-10-12 12:53:02 - [TEST_STEP][PASSED] - verifyElementPresent: Object 'Object Repository/Backoffice/Clients/Client Registration' is present

2018-10-12 12:53:02 - [MESSAGE][PASSED] - Object 'Object Repository/Backoffice/Clients/Client Registration' is present

2018-10-12 12:53:02 - [TEST_STEP][PASSED] - click: Object: 'Object Repository/Backoffice/Clients/Client Registration' is clicked on

2018-10-12 12:53:02 - [MESSAGE][PASSED] - Object: 'Object Repository/Backoffice/Clients/Client Registration' is clicked on

2018-10-12 12:53:02 - [TEST_STEP][PASSED] - setText: Text 'Firespawn' is set on object 'Object Repository/Backoffice/Clients/Registration/input_username'

2018-10-12 12:53:03 - [MESSAGE][PASSED] - Text 'Firespawn' is set on object 'Object Repository/Backoffice/Clients/Registration/input_username'

2018-10-12 12:53:03 - [TEST_STEP][PASSED] - setText: Text '123123' is set on object 'Object Repository/Backoffice/Clients/Registration/input_password'

2018-10-12 12:53:03 - [MESSAGE][PASSED] - Text '123123' is set on object 'Object Repository/Backoffice/Clients/Registration/input_password'

2018-10-12 12:53:03 - [TEST_STEP][PASSED] - setText: Text '123123' is set on object 'Object Repository/Backoffice/Clients/Registration/input_confirmp'

2018-10-12 12:53:03 - [MESSAGE][PASSED] - Text '123123' is set on object 'Object Repository/Backoffice/Clients/Registration/input_confirmp'

2018-10-12 12:53:03 - [TEST_STEP][PASSED] - selectOptionByValue: All options with value 'test' are selected in object 'Object Repository/Backoffice/Clients/Registration/select_operatorcode' 

2018-10-12 12:53:03 - [MESSAGE][PASSED] - All options with value 'test' are selected in object 'Object Repository/Backoffice/Clients/Registration/select_operatorcode' 

2018-10-12 12:53:03 - [TEST_STEP][PASSED] - selectOptionByValue: All options with value '1' are selected in object 'Object Repository/Backoffice/Clients/Registration/select_status' 

2018-10-12 12:53:03 - [MESSAGE][PASSED] - All options with value '1' are selected in object 'Object Repository/Backoffice/Clients/Registration/select_status' 

2018-10-12 12:53:03 - [TEST_STEP][PASSED] - delay: Delayed 2 second(s)

2018-10-12 12:53:05 - [MESSAGE][PASSED] - Delayed 2 second(s)

2018-10-12 12:53:05 - [TEST_STEP][PASSED] - click: Object: 'Object Repository/Backoffice/Clients/Registration/button_Submit' is clicked on

2018-10-12 12:53:06 - [MESSAGE][PASSED] - Object: 'Object Repository/Backoffice/Clients/Registration/button_Submit' is clicked on

2018-10-12 12:53:06 - [TEST_STEP][PASSED] - delay: Delayed 2 second(s)

2018-10-12 12:53:08 - [MESSAGE][PASSED] - Delayed 2 second(s)]]></system-out>
         <system-err><![CDATA[]]></system-err>
      </testcase>
      <testcase name="Test Cases/Backoffice/RegisterAccount" classname="Test Cases/Backoffice/RegisterAccount" status="PASSED">
         <system-out><![CDATA[2018-10-12 12:53:08 - [TEST_CASE][PASSED] - Test Cases/Backoffice/RegisterAccount: Test Cases/Backoffice/RegisterAccount

2018-10-12 12:53:08 - [TEST_STEP][PASSED] - focus: Object: 'Object Repository/Backoffice/Clients/Clients' is focused

2018-10-12 12:53:08 - [MESSAGE][PASSED] - Object: 'Object Repository/Backoffice/Clients/Clients' is focused

2018-10-12 12:53:08 - [TEST_STEP][PASSED] - verifyElementPresent: Object 'Object Repository/Backoffice/Clients/Client Registration' is present

2018-10-12 12:53:08 - [MESSAGE][PASSED] - Object 'Object Repository/Backoffice/Clients/Client Registration' is present

2018-10-12 12:53:08 - [TEST_STEP][PASSED] - click: Object: 'Object Repository/Backoffice/Clients/Client Registration' is clicked on

2018-10-12 12:53:09 - [MESSAGE][PASSED] - Object: 'Object Repository/Backoffice/Clients/Client Registration' is clicked on

2018-10-12 12:53:09 - [TEST_STEP][PASSED] - setText: Text 'Flameblow' is set on object 'Object Repository/Backoffice/Clients/Registration/input_username'

2018-10-12 12:53:09 - [MESSAGE][PASSED] - Text 'Flameblow' is set on object 'Object Repository/Backoffice/Clients/Registration/input_username'

2018-10-12 12:53:09 - [TEST_STEP][PASSED] - setText: Text '123123' is set on object 'Object Repository/Backoffice/Clients/Registration/input_password'

2018-10-12 12:53:09 - [MESSAGE][PASSED] - Text '123123' is set on object 'Object Repository/Backoffice/Clients/Registration/input_password'

2018-10-12 12:53:09 - [TEST_STEP][PASSED] - setText: Text '123123' is set on object 'Object Repository/Backoffice/Clients/Registration/input_confirmp'

2018-10-12 12:53:09 - [MESSAGE][PASSED] - Text '123123' is set on object 'Object Repository/Backoffice/Clients/Registration/input_confirmp'

2018-10-12 12:53:09 - [TEST_STEP][PASSED] - selectOptionByValue: All options with value 'test' are selected in object 'Object Repository/Backoffice/Clients/Registration/select_operatorcode' 

2018-10-12 12:53:09 - [MESSAGE][PASSED] - All options with value 'test' are selected in object 'Object Repository/Backoffice/Clients/Registration/select_operatorcode' 

2018-10-12 12:53:09 - [TEST_STEP][PASSED] - selectOptionByValue: All options with value '1' are selected in object 'Object Repository/Backoffice/Clients/Registration/select_status' 

2018-10-12 12:53:09 - [MESSAGE][PASSED] - All options with value '1' are selected in object 'Object Repository/Backoffice/Clients/Registration/select_status' 

2018-10-12 12:53:09 - [TEST_STEP][PASSED] - delay: Delayed 2 second(s)

2018-10-12 12:53:11 - [MESSAGE][PASSED] - Delayed 2 second(s)

2018-10-12 12:53:11 - [TEST_STEP][PASSED] - click: Object: 'Object Repository/Backoffice/Clients/Registration/button_Submit' is clicked on

2018-10-12 12:53:12 - [MESSAGE][PASSED] - Object: 'Object Repository/Backoffice/Clients/Registration/button_Submit' is clicked on

2018-10-12 12:53:12 - [TEST_STEP][PASSED] - delay: Delayed 2 second(s)

2018-10-12 12:53:14 - [MESSAGE][PASSED] - Delayed 2 second(s)]]></system-out>
         <system-err><![CDATA[]]></system-err>
      </testcase>
      <testcase name="Test Cases/Backoffice/RegisterAccount" classname="Test Cases/Backoffice/RegisterAccount" status="PASSED">
         <system-out><![CDATA[2018-10-12 12:53:14 - [TEST_CASE][PASSED] - Test Cases/Backoffice/RegisterAccount: Test Cases/Backoffice/RegisterAccount

2018-10-12 12:53:14 - [TEST_STEP][PASSED] - focus: Object: 'Object Repository/Backoffice/Clients/Clients' is focused

2018-10-12 12:53:14 - [MESSAGE][PASSED] - Object: 'Object Repository/Backoffice/Clients/Clients' is focused

2018-10-12 12:53:14 - [TEST_STEP][PASSED] - verifyElementPresent: Object 'Object Repository/Backoffice/Clients/Client Registration' is present

2018-10-12 12:53:14 - [MESSAGE][PASSED] - Object 'Object Repository/Backoffice/Clients/Client Registration' is present

2018-10-12 12:53:14 - [TEST_STEP][PASSED] - click: Object: 'Object Repository/Backoffice/Clients/Client Registration' is clicked on

2018-10-12 12:53:15 - [MESSAGE][PASSED] - Object: 'Object Repository/Backoffice/Clients/Client Registration' is clicked on

2018-10-12 12:53:15 - [TEST_STEP][PASSED] - setText: Text 'SniperGod   ' is set on object 'Object Repository/Backoffice/Clients/Registration/input_username'

2018-10-12 12:53:15 - [MESSAGE][PASSED] - Text 'SniperGod   ' is set on object 'Object Repository/Backoffice/Clients/Registration/input_username'

2018-10-12 12:53:15 - [TEST_STEP][PASSED] - setText: Text '123123' is set on object 'Object Repository/Backoffice/Clients/Registration/input_password'

2018-10-12 12:53:15 - [MESSAGE][PASSED] - Text '123123' is set on object 'Object Repository/Backoffice/Clients/Registration/input_password'

2018-10-12 12:53:15 - [TEST_STEP][PASSED] - setText: Text '123123' is set on object 'Object Repository/Backoffice/Clients/Registration/input_confirmp'

2018-10-12 12:53:15 - [MESSAGE][PASSED] - Text '123123' is set on object 'Object Repository/Backoffice/Clients/Registration/input_confirmp'

2018-10-12 12:53:15 - [TEST_STEP][PASSED] - selectOptionByValue: All options with value 'test' are selected in object 'Object Repository/Backoffice/Clients/Registration/select_operatorcode' 

2018-10-12 12:53:16 - [MESSAGE][PASSED] - All options with value 'test' are selected in object 'Object Repository/Backoffice/Clients/Registration/select_operatorcode' 

2018-10-12 12:53:16 - [TEST_STEP][PASSED] - selectOptionByValue: All options with value '1' are selected in object 'Object Repository/Backoffice/Clients/Registration/select_status' 

2018-10-12 12:53:16 - [MESSAGE][PASSED] - All options with value '1' are selected in object 'Object Repository/Backoffice/Clients/Registration/select_status' 

2018-10-12 12:53:16 - [TEST_STEP][PASSED] - delay: Delayed 2 second(s)

2018-10-12 12:53:18 - [MESSAGE][PASSED] - Delayed 2 second(s)

2018-10-12 12:53:18 - [TEST_STEP][PASSED] - click: Object: 'Object Repository/Backoffice/Clients/Registration/button_Submit' is clicked on

2018-10-12 12:53:19 - [MESSAGE][PASSED] - Object: 'Object Repository/Backoffice/Clients/Registration/button_Submit' is clicked on

2018-10-12 12:53:19 - [TEST_STEP][PASSED] - delay: Delayed 2 second(s)

2018-10-12 12:53:21 - [MESSAGE][PASSED] - Delayed 2 second(s)]]></system-out>
         <system-err><![CDATA[]]></system-err>
      </testcase>
      <testcase name="Test Cases/Backoffice/RegisterAccount" classname="Test Cases/Backoffice/RegisterAccount" status="PASSED">
         <system-out><![CDATA[2018-10-12 12:53:21 - [TEST_CASE][PASSED] - Test Cases/Backoffice/RegisterAccount: Test Cases/Backoffice/RegisterAccount

2018-10-12 12:53:21 - [TEST_STEP][PASSED] - focus: Object: 'Object Repository/Backoffice/Clients/Clients' is focused

2018-10-12 12:53:21 - [MESSAGE][PASSED] - Object: 'Object Repository/Backoffice/Clients/Clients' is focused

2018-10-12 12:53:21 - [TEST_STEP][PASSED] - verifyElementPresent: Object 'Object Repository/Backoffice/Clients/Client Registration' is present

2018-10-12 12:53:21 - [MESSAGE][PASSED] - Object 'Object Repository/Backoffice/Clients/Client Registration' is present

2018-10-12 12:53:21 - [TEST_STEP][PASSED] - click: Object: 'Object Repository/Backoffice/Clients/Client Registration' is clicked on

2018-10-12 12:53:21 - [MESSAGE][PASSED] - Object: 'Object Repository/Backoffice/Clients/Client Registration' is clicked on

2018-10-12 12:53:21 - [TEST_STEP][PASSED] - setText: Text 'TalkBomber   ' is set on object 'Object Repository/Backoffice/Clients/Registration/input_username'

2018-10-12 12:53:22 - [MESSAGE][PASSED] - Text 'TalkBomber   ' is set on object 'Object Repository/Backoffice/Clients/Registration/input_username'

2018-10-12 12:53:22 - [TEST_STEP][PASSED] - setText: Text '123123' is set on object 'Object Repository/Backoffice/Clients/Registration/input_password'

2018-10-12 12:53:22 - [MESSAGE][PASSED] - Text '123123' is set on object 'Object Repository/Backoffice/Clients/Registration/input_password'

2018-10-12 12:53:22 - [TEST_STEP][PASSED] - setText: Text '123123' is set on object 'Object Repository/Backoffice/Clients/Registration/input_confirmp'

2018-10-12 12:53:22 - [MESSAGE][PASSED] - Text '123123' is set on object 'Object Repository/Backoffice/Clients/Registration/input_confirmp'

2018-10-12 12:53:22 - [TEST_STEP][PASSED] - selectOptionByValue: All options with value 'test' are selected in object 'Object Repository/Backoffice/Clients/Registration/select_operatorcode' 

2018-10-12 12:53:22 - [MESSAGE][PASSED] - All options with value 'test' are selected in object 'Object Repository/Backoffice/Clients/Registration/select_operatorcode' 

2018-10-12 12:53:22 - [TEST_STEP][PASSED] - selectOptionByValue: All options with value '1' are selected in object 'Object Repository/Backoffice/Clients/Registration/select_status' 

2018-10-12 12:53:22 - [MESSAGE][PASSED] - All options with value '1' are selected in object 'Object Repository/Backoffice/Clients/Registration/select_status' 

2018-10-12 12:53:22 - [TEST_STEP][PASSED] - delay: Delayed 2 second(s)

2018-10-12 12:53:24 - [MESSAGE][PASSED] - Delayed 2 second(s)

2018-10-12 12:53:24 - [TEST_STEP][PASSED] - click: Object: 'Object Repository/Backoffice/Clients/Registration/button_Submit' is clicked on

2018-10-12 12:53:25 - [MESSAGE][PASSED] - Object: 'Object Repository/Backoffice/Clients/Registration/button_Submit' is clicked on

2018-10-12 12:53:25 - [TEST_STEP][PASSED] - delay: Delayed 2 second(s)

2018-10-12 12:53:27 - [MESSAGE][PASSED] - Delayed 2 second(s)]]></system-out>
         <system-err><![CDATA[]]></system-err>
      </testcase>
      <testcase name="Test Cases/Backoffice/RegisterAccount" classname="Test Cases/Backoffice/RegisterAccount" status="PASSED">
         <system-out><![CDATA[2018-10-12 12:53:27 - [TEST_CASE][PASSED] - Test Cases/Backoffice/RegisterAccount: Test Cases/Backoffice/RegisterAccount

2018-10-12 12:53:27 - [TEST_STEP][PASSED] - focus: Object: 'Object Repository/Backoffice/Clients/Clients' is focused

2018-10-12 12:53:27 - [MESSAGE][PASSED] - Object: 'Object Repository/Backoffice/Clients/Clients' is focused

2018-10-12 12:53:27 - [TEST_STEP][PASSED] - verifyElementPresent: Object 'Object Repository/Backoffice/Clients/Client Registration' is present

2018-10-12 12:53:27 - [MESSAGE][PASSED] - Object 'Object Repository/Backoffice/Clients/Client Registration' is present

2018-10-12 12:53:27 - [TEST_STEP][PASSED] - click: Object: 'Object Repository/Backoffice/Clients/Client Registration' is clicked on

2018-10-12 12:53:28 - [MESSAGE][PASSED] - Object: 'Object Repository/Backoffice/Clients/Client Registration' is clicked on

2018-10-12 12:53:28 - [TEST_STEP][PASSED] - setText: Text 'SniperWish' is set on object 'Object Repository/Backoffice/Clients/Registration/input_username'

2018-10-12 12:53:28 - [MESSAGE][PASSED] - Text 'SniperWish' is set on object 'Object Repository/Backoffice/Clients/Registration/input_username'

2018-10-12 12:53:28 - [TEST_STEP][PASSED] - setText: Text '123123' is set on object 'Object Repository/Backoffice/Clients/Registration/input_password'

2018-10-12 12:53:28 - [MESSAGE][PASSED] - Text '123123' is set on object 'Object Repository/Backoffice/Clients/Registration/input_password'

2018-10-12 12:53:28 - [TEST_STEP][PASSED] - setText: Text '123123' is set on object 'Object Repository/Backoffice/Clients/Registration/input_confirmp'

2018-10-12 12:53:28 - [MESSAGE][PASSED] - Text '123123' is set on object 'Object Repository/Backoffice/Clients/Registration/input_confirmp'

2018-10-12 12:53:28 - [TEST_STEP][PASSED] - selectOptionByValue: All options with value 'test' are selected in object 'Object Repository/Backoffice/Clients/Registration/select_operatorcode' 

2018-10-12 12:53:28 - [MESSAGE][PASSED] - All options with value 'test' are selected in object 'Object Repository/Backoffice/Clients/Registration/select_operatorcode' 

2018-10-12 12:53:28 - [TEST_STEP][PASSED] - selectOptionByValue: All options with value '1' are selected in object 'Object Repository/Backoffice/Clients/Registration/select_status' 

2018-10-12 12:53:29 - [MESSAGE][PASSED] - All options with value '1' are selected in object 'Object Repository/Backoffice/Clients/Registration/select_status' 

2018-10-12 12:53:29 - [TEST_STEP][PASSED] - delay: Delayed 2 second(s)

2018-10-12 12:53:31 - [MESSAGE][PASSED] - Delayed 2 second(s)

2018-10-12 12:53:31 - [TEST_STEP][PASSED] - click: Object: 'Object Repository/Backoffice/Clients/Registration/button_Submit' is clicked on

2018-10-12 12:53:31 - [MESSAGE][PASSED] - Object: 'Object Repository/Backoffice/Clients/Registration/button_Submit' is clicked on

2018-10-12 12:53:31 - [TEST_STEP][PASSED] - delay: Delayed 2 second(s)

2018-10-12 12:53:33 - [MESSAGE][PASSED] - Delayed 2 second(s)]]></system-out>
         <system-err><![CDATA[]]></system-err>
      </testcase>
      <testcase name="Test Cases/Backoffice/RegisterAccount" classname="Test Cases/Backoffice/RegisterAccount" status="PASSED">
         <system-out><![CDATA[2018-10-12 12:53:33 - [TEST_CASE][PASSED] - Test Cases/Backoffice/RegisterAccount: Test Cases/Backoffice/RegisterAccount

2018-10-12 12:53:33 - [TEST_STEP][PASSED] - focus: Object: 'Object Repository/Backoffice/Clients/Clients' is focused

2018-10-12 12:53:34 - [MESSAGE][PASSED] - Object: 'Object Repository/Backoffice/Clients/Clients' is focused

2018-10-12 12:53:34 - [TEST_STEP][PASSED] - verifyElementPresent: Object 'Object Repository/Backoffice/Clients/Client Registration' is present

2018-10-12 12:53:34 - [MESSAGE][PASSED] - Object 'Object Repository/Backoffice/Clients/Client Registration' is present

2018-10-12 12:53:34 - [TEST_STEP][PASSED] - click: Object: 'Object Repository/Backoffice/Clients/Client Registration' is clicked on

2018-10-12 12:53:34 - [MESSAGE][PASSED] - Object: 'Object Repository/Backoffice/Clients/Client Registration' is clicked on

2018-10-12 12:53:34 - [TEST_STEP][PASSED] - setText: Text 'RavySnake   ' is set on object 'Object Repository/Backoffice/Clients/Registration/input_username'

2018-10-12 12:53:34 - [MESSAGE][PASSED] - Text 'RavySnake   ' is set on object 'Object Repository/Backoffice/Clients/Registration/input_username'

2018-10-12 12:53:34 - [TEST_STEP][PASSED] - setText: Text '123123' is set on object 'Object Repository/Backoffice/Clients/Registration/input_password'

2018-10-12 12:53:34 - [MESSAGE][PASSED] - Text '123123' is set on object 'Object Repository/Backoffice/Clients/Registration/input_password'

2018-10-12 12:53:34 - [TEST_STEP][PASSED] - setText: Text '123123' is set on object 'Object Repository/Backoffice/Clients/Registration/input_confirmp'

2018-10-12 12:53:34 - [MESSAGE][PASSED] - Text '123123' is set on object 'Object Repository/Backoffice/Clients/Registration/input_confirmp'

2018-10-12 12:53:34 - [TEST_STEP][PASSED] - selectOptionByValue: All options with value 'test' are selected in object 'Object Repository/Backoffice/Clients/Registration/select_operatorcode' 

2018-10-12 12:53:35 - [MESSAGE][PASSED] - All options with value 'test' are selected in object 'Object Repository/Backoffice/Clients/Registration/select_operatorcode' 

2018-10-12 12:53:35 - [TEST_STEP][PASSED] - selectOptionByValue: All options with value '1' are selected in object 'Object Repository/Backoffice/Clients/Registration/select_status' 

2018-10-12 12:53:35 - [MESSAGE][PASSED] - All options with value '1' are selected in object 'Object Repository/Backoffice/Clients/Registration/select_status' 

2018-10-12 12:53:35 - [TEST_STEP][PASSED] - delay: Delayed 2 second(s)

2018-10-12 12:53:37 - [MESSAGE][PASSED] - Delayed 2 second(s)

2018-10-12 12:53:37 - [TEST_STEP][PASSED] - click: Object: 'Object Repository/Backoffice/Clients/Registration/button_Submit' is clicked on

2018-10-12 12:53:38 - [MESSAGE][PASSED] - Object: 'Object Repository/Backoffice/Clients/Registration/button_Submit' is clicked on

2018-10-12 12:53:38 - [TEST_STEP][PASSED] - delay: Delayed 2 second(s)

2018-10-12 12:53:40 - [MESSAGE][PASSED] - Delayed 2 second(s)]]></system-out>
         <system-err><![CDATA[]]></system-err>
      </testcase>
      <testcase name="Test Cases/Backoffice/RegisterAccount" classname="Test Cases/Backoffice/RegisterAccount" status="PASSED">
         <system-out><![CDATA[2018-10-12 12:53:40 - [TEST_CASE][PASSED] - Test Cases/Backoffice/RegisterAccount: Test Cases/Backoffice/RegisterAccount

2018-10-12 12:53:40 - [TEST_STEP][PASSED] - focus: Object: 'Object Repository/Backoffice/Clients/Clients' is focused

2018-10-12 12:53:40 - [MESSAGE][PASSED] - Object: 'Object Repository/Backoffice/Clients/Clients' is focused

2018-10-12 12:53:40 - [TEST_STEP][PASSED] - verifyElementPresent: Object 'Object Repository/Backoffice/Clients/Client Registration' is present

2018-10-12 12:53:40 - [MESSAGE][PASSED] - Object 'Object Repository/Backoffice/Clients/Client Registration' is present

2018-10-12 12:53:40 - [TEST_STEP][PASSED] - click: Object: 'Object Repository/Backoffice/Clients/Client Registration' is clicked on

2018-10-12 12:53:40 - [MESSAGE][PASSED] - Object: 'Object Repository/Backoffice/Clients/Client Registration' is clicked on

2018-10-12 12:53:40 - [TEST_STEP][PASSED] - setText: Text 'WebTool   ' is set on object 'Object Repository/Backoffice/Clients/Registration/input_username'

2018-10-12 12:53:41 - [MESSAGE][PASSED] - Text 'WebTool   ' is set on object 'Object Repository/Backoffice/Clients/Registration/input_username'

2018-10-12 12:53:41 - [TEST_STEP][PASSED] - setText: Text '123123' is set on object 'Object Repository/Backoffice/Clients/Registration/input_password'

2018-10-12 12:53:41 - [MESSAGE][PASSED] - Text '123123' is set on object 'Object Repository/Backoffice/Clients/Registration/input_password'

2018-10-12 12:53:41 - [TEST_STEP][PASSED] - setText: Text '123123' is set on object 'Object Repository/Backoffice/Clients/Registration/input_confirmp'

2018-10-12 12:53:41 - [MESSAGE][PASSED] - Text '123123' is set on object 'Object Repository/Backoffice/Clients/Registration/input_confirmp'

2018-10-12 12:53:41 - [TEST_STEP][PASSED] - selectOptionByValue: All options with value 'test' are selected in object 'Object Repository/Backoffice/Clients/Registration/select_operatorcode' 

2018-10-12 12:53:41 - [MESSAGE][PASSED] - All options with value 'test' are selected in object 'Object Repository/Backoffice/Clients/Registration/select_operatorcode' 

2018-10-12 12:53:41 - [TEST_STEP][PASSED] - selectOptionByValue: All options with value '1' are selected in object 'Object Repository/Backoffice/Clients/Registration/select_status' 

2018-10-12 12:53:41 - [MESSAGE][PASSED] - All options with value '1' are selected in object 'Object Repository/Backoffice/Clients/Registration/select_status' 

2018-10-12 12:53:41 - [TEST_STEP][PASSED] - delay: Delayed 2 second(s)

2018-10-12 12:53:43 - [MESSAGE][PASSED] - Delayed 2 second(s)

2018-10-12 12:53:43 - [TEST_STEP][PASSED] - click: Object: 'Object Repository/Backoffice/Clients/Registration/button_Submit' is clicked on

2018-10-12 12:53:44 - [MESSAGE][PASSED] - Object: 'Object Repository/Backoffice/Clients/Registration/button_Submit' is clicked on

2018-10-12 12:53:44 - [TEST_STEP][PASSED] - delay: Delayed 2 second(s)

2018-10-12 12:53:46 - [MESSAGE][PASSED] - Delayed 2 second(s)]]></system-out>
         <system-err><![CDATA[]]></system-err>
      </testcase>
      <testcase name="Test Cases/Backoffice/RegisterAccount" classname="Test Cases/Backoffice/RegisterAccount" status="PASSED">
         <system-out><![CDATA[2018-10-12 12:53:46 - [TEST_CASE][PASSED] - Test Cases/Backoffice/RegisterAccount: Test Cases/Backoffice/RegisterAccount

2018-10-12 12:53:46 - [TEST_STEP][PASSED] - focus: Object: 'Object Repository/Backoffice/Clients/Clients' is focused

2018-10-12 12:53:46 - [MESSAGE][PASSED] - Object: 'Object Repository/Backoffice/Clients/Clients' is focused

2018-10-12 12:53:46 - [TEST_STEP][PASSED] - verifyElementPresent: Object 'Object Repository/Backoffice/Clients/Client Registration' is present

2018-10-12 12:53:46 - [MESSAGE][PASSED] - Object 'Object Repository/Backoffice/Clients/Client Registration' is present

2018-10-12 12:53:46 - [TEST_STEP][PASSED] - click: Object: 'Object Repository/Backoffice/Clients/Client Registration' is clicked on

2018-10-12 12:53:47 - [MESSAGE][PASSED] - Object: 'Object Repository/Backoffice/Clients/Client Registration' is clicked on

2018-10-12 12:53:47 - [TEST_STEP][PASSED] - setText: Text 'TurtleCat   ' is set on object 'Object Repository/Backoffice/Clients/Registration/input_username'

2018-10-12 12:53:47 - [MESSAGE][PASSED] - Text 'TurtleCat   ' is set on object 'Object Repository/Backoffice/Clients/Registration/input_username'

2018-10-12 12:53:47 - [TEST_STEP][PASSED] - setText: Text '123123' is set on object 'Object Repository/Backoffice/Clients/Registration/input_password'

2018-10-12 12:53:47 - [MESSAGE][PASSED] - Text '123123' is set on object 'Object Repository/Backoffice/Clients/Registration/input_password'

2018-10-12 12:53:47 - [TEST_STEP][PASSED] - setText: Text '123123' is set on object 'Object Repository/Backoffice/Clients/Registration/input_confirmp'

2018-10-12 12:53:47 - [MESSAGE][PASSED] - Text '123123' is set on object 'Object Repository/Backoffice/Clients/Registration/input_confirmp'

2018-10-12 12:53:47 - [TEST_STEP][PASSED] - selectOptionByValue: All options with value 'test' are selected in object 'Object Repository/Backoffice/Clients/Registration/select_operatorcode' 

2018-10-12 12:53:47 - [MESSAGE][PASSED] - All options with value 'test' are selected in object 'Object Repository/Backoffice/Clients/Registration/select_operatorcode' 

2018-10-12 12:53:47 - [TEST_STEP][PASSED] - selectOptionByValue: All options with value '1' are selected in object 'Object Repository/Backoffice/Clients/Registration/select_status' 

2018-10-12 12:53:47 - [MESSAGE][PASSED] - All options with value '1' are selected in object 'Object Repository/Backoffice/Clients/Registration/select_status' 

2018-10-12 12:53:47 - [TEST_STEP][PASSED] - delay: Delayed 2 second(s)

2018-10-12 12:53:49 - [MESSAGE][PASSED] - Delayed 2 second(s)

2018-10-12 12:53:49 - [TEST_STEP][PASSED] - click: Object: 'Object Repository/Backoffice/Clients/Registration/button_Submit' is clicked on

2018-10-12 12:53:50 - [MESSAGE][PASSED] - Object: 'Object Repository/Backoffice/Clients/Registration/button_Submit' is clicked on

2018-10-12 12:53:50 - [TEST_STEP][PASSED] - delay: Delayed 2 second(s)

2018-10-12 12:53:52 - [MESSAGE][PASSED] - Delayed 2 second(s)]]></system-out>
         <system-err><![CDATA[]]></system-err>
      </testcase>
      <testcase name="Test Cases/Backoffice/RegisterAccount" classname="Test Cases/Backoffice/RegisterAccount" status="PASSED">
         <system-out><![CDATA[2018-10-12 12:53:52 - [TEST_CASE][PASSED] - Test Cases/Backoffice/RegisterAccount: Test Cases/Backoffice/RegisterAccount

2018-10-12 12:53:52 - [TEST_STEP][PASSED] - focus: Object: 'Object Repository/Backoffice/Clients/Clients' is focused

2018-10-12 12:53:53 - [MESSAGE][PASSED] - Object: 'Object Repository/Backoffice/Clients/Clients' is focused

2018-10-12 12:53:53 - [TEST_STEP][PASSED] - verifyElementPresent: Object 'Object Repository/Backoffice/Clients/Client Registration' is present

2018-10-12 12:53:53 - [MESSAGE][PASSED] - Object 'Object Repository/Backoffice/Clients/Client Registration' is present

2018-10-12 12:53:53 - [TEST_STEP][PASSED] - click: Object: 'Object Repository/Backoffice/Clients/Client Registration' is clicked on

2018-10-12 12:53:54 - [MESSAGE][PASSED] - Object: 'Object Repository/Backoffice/Clients/Client Registration' is clicked on

2018-10-12 12:53:54 - [TEST_STEP][PASSED] - setText: Text 'BlogWobbles   ' is set on object 'Object Repository/Backoffice/Clients/Registration/input_username'

2018-10-12 12:53:54 - [MESSAGE][PASSED] - Text 'BlogWobbles   ' is set on object 'Object Repository/Backoffice/Clients/Registration/input_username'

2018-10-12 12:53:54 - [TEST_STEP][PASSED] - setText: Text '123123' is set on object 'Object Repository/Backoffice/Clients/Registration/input_password'

2018-10-12 12:53:54 - [MESSAGE][PASSED] - Text '123123' is set on object 'Object Repository/Backoffice/Clients/Registration/input_password'

2018-10-12 12:53:54 - [TEST_STEP][PASSED] - setText: Text '123123' is set on object 'Object Repository/Backoffice/Clients/Registration/input_confirmp'

2018-10-12 12:53:54 - [MESSAGE][PASSED] - Text '123123' is set on object 'Object Repository/Backoffice/Clients/Registration/input_confirmp'

2018-10-12 12:53:54 - [TEST_STEP][PASSED] - selectOptionByValue: All options with value 'test' are selected in object 'Object Repository/Backoffice/Clients/Registration/select_operatorcode' 

2018-10-12 12:53:54 - [MESSAGE][PASSED] - All options with value 'test' are selected in object 'Object Repository/Backoffice/Clients/Registration/select_operatorcode' 

2018-10-12 12:53:54 - [TEST_STEP][PASSED] - selectOptionByValue: All options with value '1' are selected in object 'Object Repository/Backoffice/Clients/Registration/select_status' 

2018-10-12 12:53:54 - [MESSAGE][PASSED] - All options with value '1' are selected in object 'Object Repository/Backoffice/Clients/Registration/select_status' 

2018-10-12 12:53:54 - [TEST_STEP][PASSED] - delay: Delayed 2 second(s)

2018-10-12 12:53:56 - [MESSAGE][PASSED] - Delayed 2 second(s)

2018-10-12 12:53:56 - [TEST_STEP][PASSED] - click: Object: 'Object Repository/Backoffice/Clients/Registration/button_Submit' is clicked on

2018-10-12 12:53:57 - [MESSAGE][PASSED] - Object: 'Object Repository/Backoffice/Clients/Registration/button_Submit' is clicked on

2018-10-12 12:53:57 - [TEST_STEP][PASSED] - delay: Delayed 2 second(s)

2018-10-12 12:53:59 - [MESSAGE][PASSED] - Delayed 2 second(s)]]></system-out>
         <system-err><![CDATA[]]></system-err>
      </testcase>
      <testcase name="Test Cases/Backoffice/RegisterAccount" classname="Test Cases/Backoffice/RegisterAccount" status="PASSED">
         <system-out><![CDATA[2018-10-12 12:53:59 - [TEST_CASE][PASSED] - Test Cases/Backoffice/RegisterAccount: Test Cases/Backoffice/RegisterAccount

2018-10-12 12:53:59 - [TEST_STEP][PASSED] - focus: Object: 'Object Repository/Backoffice/Clients/Clients' is focused

2018-10-12 12:53:59 - [MESSAGE][PASSED] - Object: 'Object Repository/Backoffice/Clients/Clients' is focused

2018-10-12 12:53:59 - [TEST_STEP][PASSED] - verifyElementPresent: Object 'Object Repository/Backoffice/Clients/Client Registration' is present

2018-10-12 12:53:59 - [MESSAGE][PASSED] - Object 'Object Repository/Backoffice/Clients/Client Registration' is present

2018-10-12 12:53:59 - [TEST_STEP][PASSED] - click: Object: 'Object Repository/Backoffice/Clients/Client Registration' is clicked on

2018-10-12 12:54:00 - [MESSAGE][PASSED] - Object: 'Object Repository/Backoffice/Clients/Client Registration' is clicked on

2018-10-12 12:54:00 - [TEST_STEP][PASSED] - setText: Text 'LuckyDusty' is set on object 'Object Repository/Backoffice/Clients/Registration/input_username'

2018-10-12 12:54:00 - [MESSAGE][PASSED] - Text 'LuckyDusty' is set on object 'Object Repository/Backoffice/Clients/Registration/input_username'

2018-10-12 12:54:00 - [TEST_STEP][PASSED] - setText: Text '123123' is set on object 'Object Repository/Backoffice/Clients/Registration/input_password'

2018-10-12 12:54:00 - [MESSAGE][PASSED] - Text '123123' is set on object 'Object Repository/Backoffice/Clients/Registration/input_password'

2018-10-12 12:54:00 - [TEST_STEP][PASSED] - setText: Text '123123' is set on object 'Object Repository/Backoffice/Clients/Registration/input_confirmp'

2018-10-12 12:54:01 - [MESSAGE][PASSED] - Text '123123' is set on object 'Object Repository/Backoffice/Clients/Registration/input_confirmp'

2018-10-12 12:54:01 - [TEST_STEP][PASSED] - selectOptionByValue: All options with value 'test' are selected in object 'Object Repository/Backoffice/Clients/Registration/select_operatorcode' 

2018-10-12 12:54:01 - [MESSAGE][PASSED] - All options with value 'test' are selected in object 'Object Repository/Backoffice/Clients/Registration/select_operatorcode' 

2018-10-12 12:54:01 - [TEST_STEP][PASSED] - selectOptionByValue: All options with value '1' are selected in object 'Object Repository/Backoffice/Clients/Registration/select_status' 

2018-10-12 12:54:01 - [MESSAGE][PASSED] - All options with value '1' are selected in object 'Object Repository/Backoffice/Clients/Registration/select_status' 

2018-10-12 12:54:01 - [TEST_STEP][PASSED] - delay: Delayed 2 second(s)

2018-10-12 12:54:03 - [MESSAGE][PASSED] - Delayed 2 second(s)

2018-10-12 12:54:03 - [TEST_STEP][PASSED] - click: Object: 'Object Repository/Backoffice/Clients/Registration/button_Submit' is clicked on

2018-10-12 12:54:04 - [MESSAGE][PASSED] - Object: 'Object Repository/Backoffice/Clients/Registration/button_Submit' is clicked on

2018-10-12 12:54:04 - [TEST_STEP][PASSED] - delay: Delayed 2 second(s)

2018-10-12 12:54:06 - [MESSAGE][PASSED] - Delayed 2 second(s)]]></system-out>
         <system-err><![CDATA[]]></system-err>
      </testcase>
      <testcase name="Test Cases/Backoffice/RegisterAccount" classname="Test Cases/Backoffice/RegisterAccount" status="PASSED">
         <system-out><![CDATA[2018-10-12 12:54:06 - [TEST_CASE][PASSED] - Test Cases/Backoffice/RegisterAccount: Test Cases/Backoffice/RegisterAccount

2018-10-12 12:54:06 - [TEST_STEP][PASSED] - focus: Object: 'Object Repository/Backoffice/Clients/Clients' is focused

2018-10-12 12:54:06 - [MESSAGE][PASSED] - Object: 'Object Repository/Backoffice/Clients/Clients' is focused

2018-10-12 12:54:06 - [TEST_STEP][PASSED] - verifyElementPresent: Object 'Object Repository/Backoffice/Clients/Client Registration' is present

2018-10-12 12:54:06 - [MESSAGE][PASSED] - Object 'Object Repository/Backoffice/Clients/Client Registration' is present

2018-10-12 12:54:06 - [TEST_STEP][PASSED] - click: Object: 'Object Repository/Backoffice/Clients/Client Registration' is clicked on

2018-10-12 12:54:07 - [MESSAGE][PASSED] - Object: 'Object Repository/Backoffice/Clients/Client Registration' is clicked on

2018-10-12 12:54:07 - [TEST_STEP][PASSED] - setText: Text 'RumChicken   ' is set on object 'Object Repository/Backoffice/Clients/Registration/input_username'

2018-10-12 12:54:07 - [MESSAGE][PASSED] - Text 'RumChicken   ' is set on object 'Object Repository/Backoffice/Clients/Registration/input_username'

2018-10-12 12:54:07 - [TEST_STEP][PASSED] - setText: Text '123123' is set on object 'Object Repository/Backoffice/Clients/Registration/input_password'

2018-10-12 12:54:07 - [MESSAGE][PASSED] - Text '123123' is set on object 'Object Repository/Backoffice/Clients/Registration/input_password'

2018-10-12 12:54:07 - [TEST_STEP][PASSED] - setText: Text '123123' is set on object 'Object Repository/Backoffice/Clients/Registration/input_confirmp'

2018-10-12 12:54:07 - [MESSAGE][PASSED] - Text '123123' is set on object 'Object Repository/Backoffice/Clients/Registration/input_confirmp'

2018-10-12 12:54:07 - [TEST_STEP][PASSED] - selectOptionByValue: All options with value 'test' are selected in object 'Object Repository/Backoffice/Clients/Registration/select_operatorcode' 

2018-10-12 12:54:07 - [MESSAGE][PASSED] - All options with value 'test' are selected in object 'Object Repository/Backoffice/Clients/Registration/select_operatorcode' 

2018-10-12 12:54:07 - [TEST_STEP][PASSED] - selectOptionByValue: All options with value '1' are selected in object 'Object Repository/Backoffice/Clients/Registration/select_status' 

2018-10-12 12:54:07 - [MESSAGE][PASSED] - All options with value '1' are selected in object 'Object Repository/Backoffice/Clients/Registration/select_status' 

2018-10-12 12:54:07 - [TEST_STEP][PASSED] - delay: Delayed 2 second(s)

2018-10-12 12:54:09 - [MESSAGE][PASSED] - Delayed 2 second(s)

2018-10-12 12:54:09 - [TEST_STEP][PASSED] - click: Object: 'Object Repository/Backoffice/Clients/Registration/button_Submit' is clicked on

2018-10-12 12:54:10 - [MESSAGE][PASSED] - Object: 'Object Repository/Backoffice/Clients/Registration/button_Submit' is clicked on

2018-10-12 12:54:10 - [TEST_STEP][PASSED] - delay: Delayed 2 second(s)

2018-10-12 12:54:12 - [MESSAGE][PASSED] - Delayed 2 second(s)]]></system-out>
         <system-err><![CDATA[]]></system-err>
      </testcase>
      <testcase name="Test Cases/Backoffice/RegisterAccount" classname="Test Cases/Backoffice/RegisterAccount" status="PASSED">
         <system-out><![CDATA[2018-10-12 12:54:12 - [TEST_CASE][PASSED] - Test Cases/Backoffice/RegisterAccount: Test Cases/Backoffice/RegisterAccount

2018-10-12 12:54:12 - [TEST_STEP][PASSED] - focus: Object: 'Object Repository/Backoffice/Clients/Clients' is focused

2018-10-12 12:54:12 - [MESSAGE][PASSED] - Object: 'Object Repository/Backoffice/Clients/Clients' is focused

2018-10-12 12:54:12 - [TEST_STEP][PASSED] - verifyElementPresent: Object 'Object Repository/Backoffice/Clients/Client Registration' is present

2018-10-12 12:54:12 - [MESSAGE][PASSED] - Object 'Object Repository/Backoffice/Clients/Client Registration' is present

2018-10-12 12:54:12 - [TEST_STEP][PASSED] - click: Object: 'Object Repository/Backoffice/Clients/Client Registration' is clicked on

2018-10-12 12:54:13 - [MESSAGE][PASSED] - Object: 'Object Repository/Backoffice/Clients/Client Registration' is clicked on

2018-10-12 12:54:13 - [TEST_STEP][PASSED] - setText: Text 'StonedTime       ' is set on object 'Object Repository/Backoffice/Clients/Registration/input_username'

2018-10-12 12:54:13 - [MESSAGE][PASSED] - Text 'StonedTime       ' is set on object 'Object Repository/Backoffice/Clients/Registration/input_username'

2018-10-12 12:54:13 - [TEST_STEP][PASSED] - setText: Text '123123' is set on object 'Object Repository/Backoffice/Clients/Registration/input_password'

2018-10-12 12:54:13 - [MESSAGE][PASSED] - Text '123123' is set on object 'Object Repository/Backoffice/Clients/Registration/input_password'

2018-10-12 12:54:13 - [TEST_STEP][PASSED] - setText: Text '123123' is set on object 'Object Repository/Backoffice/Clients/Registration/input_confirmp'

2018-10-12 12:54:13 - [MESSAGE][PASSED] - Text '123123' is set on object 'Object Repository/Backoffice/Clients/Registration/input_confirmp'

2018-10-12 12:54:13 - [TEST_STEP][PASSED] - selectOptionByValue: All options with value 'test' are selected in object 'Object Repository/Backoffice/Clients/Registration/select_operatorcode' 

2018-10-12 12:54:14 - [MESSAGE][PASSED] - All options with value 'test' are selected in object 'Object Repository/Backoffice/Clients/Registration/select_operatorcode' 

2018-10-12 12:54:14 - [TEST_STEP][PASSED] - selectOptionByValue: All options with value '1' are selected in object 'Object Repository/Backoffice/Clients/Registration/select_status' 

2018-10-12 12:54:14 - [MESSAGE][PASSED] - All options with value '1' are selected in object 'Object Repository/Backoffice/Clients/Registration/select_status' 

2018-10-12 12:54:14 - [TEST_STEP][PASSED] - delay: Delayed 2 second(s)

2018-10-12 12:54:16 - [MESSAGE][PASSED] - Delayed 2 second(s)

2018-10-12 12:54:16 - [TEST_STEP][PASSED] - click: Object: 'Object Repository/Backoffice/Clients/Registration/button_Submit' is clicked on

2018-10-12 12:54:17 - [MESSAGE][PASSED] - Object: 'Object Repository/Backoffice/Clients/Registration/button_Submit' is clicked on

2018-10-12 12:54:17 - [TEST_STEP][PASSED] - delay: Delayed 2 second(s)

2018-10-12 12:54:19 - [MESSAGE][PASSED] - Delayed 2 second(s)]]></system-out>
         <system-err><![CDATA[]]></system-err>
      </testcase>
      <testcase name="Test Cases/Backoffice/RegisterAccount" classname="Test Cases/Backoffice/RegisterAccount" status="PASSED">
         <system-out><![CDATA[2018-10-12 12:54:19 - [TEST_CASE][PASSED] - Test Cases/Backoffice/RegisterAccount: Test Cases/Backoffice/RegisterAccount

2018-10-12 12:54:19 - [TEST_STEP][PASSED] - focus: Object: 'Object Repository/Backoffice/Clients/Clients' is focused

2018-10-12 12:54:19 - [MESSAGE][PASSED] - Object: 'Object Repository/Backoffice/Clients/Clients' is focused

2018-10-12 12:54:19 - [TEST_STEP][PASSED] - verifyElementPresent: Object 'Object Repository/Backoffice/Clients/Client Registration' is present

2018-10-12 12:54:19 - [MESSAGE][PASSED] - Object 'Object Repository/Backoffice/Clients/Client Registration' is present

2018-10-12 12:54:19 - [TEST_STEP][PASSED] - click: Object: 'Object Repository/Backoffice/Clients/Client Registration' is clicked on

2018-10-12 12:54:19 - [MESSAGE][PASSED] - Object: 'Object Repository/Backoffice/Clients/Client Registration' is clicked on

2018-10-12 12:54:19 - [TEST_STEP][PASSED] - setText: Text 'CouchChiller           ' is set on object 'Object Repository/Backoffice/Clients/Registration/input_username'

2018-10-12 12:54:19 - [MESSAGE][PASSED] - Text 'CouchChiller           ' is set on object 'Object Repository/Backoffice/Clients/Registration/input_username'

2018-10-12 12:54:19 - [TEST_STEP][PASSED] - setText: Text '123123' is set on object 'Object Repository/Backoffice/Clients/Registration/input_password'

2018-10-12 12:54:19 - [MESSAGE][PASSED] - Text '123123' is set on object 'Object Repository/Backoffice/Clients/Registration/input_password'

2018-10-12 12:54:19 - [TEST_STEP][PASSED] - setText: Text '123123' is set on object 'Object Repository/Backoffice/Clients/Registration/input_confirmp'

2018-10-12 12:54:20 - [MESSAGE][PASSED] - Text '123123' is set on object 'Object Repository/Backoffice/Clients/Registration/input_confirmp'

2018-10-12 12:54:20 - [TEST_STEP][PASSED] - selectOptionByValue: All options with value 'test' are selected in object 'Object Repository/Backoffice/Clients/Registration/select_operatorcode' 

2018-10-12 12:54:20 - [MESSAGE][PASSED] - All options with value 'test' are selected in object 'Object Repository/Backoffice/Clients/Registration/select_operatorcode' 

2018-10-12 12:54:20 - [TEST_STEP][PASSED] - selectOptionByValue: All options with value '1' are selected in object 'Object Repository/Backoffice/Clients/Registration/select_status' 

2018-10-12 12:54:20 - [MESSAGE][PASSED] - All options with value '1' are selected in object 'Object Repository/Backoffice/Clients/Registration/select_status' 

2018-10-12 12:54:20 - [TEST_STEP][PASSED] - delay: Delayed 2 second(s)

2018-10-12 12:54:22 - [MESSAGE][PASSED] - Delayed 2 second(s)

2018-10-12 12:54:22 - [TEST_STEP][PASSED] - click: Object: 'Object Repository/Backoffice/Clients/Registration/button_Submit' is clicked on

2018-10-12 12:54:23 - [MESSAGE][PASSED] - Object: 'Object Repository/Backoffice/Clients/Registration/button_Submit' is clicked on

2018-10-12 12:54:23 - [TEST_STEP][PASSED] - delay: Delayed 2 second(s)

2018-10-12 12:54:25 - [MESSAGE][PASSED] - Delayed 2 second(s)]]></system-out>
         <system-err><![CDATA[]]></system-err>
      </testcase>
      <testcase name="Test Cases/Backoffice/RegisterAccount" classname="Test Cases/Backoffice/RegisterAccount" status="PASSED">
         <system-out><![CDATA[2018-10-12 12:54:25 - [TEST_CASE][PASSED] - Test Cases/Backoffice/RegisterAccount: Test Cases/Backoffice/RegisterAccount

2018-10-12 12:54:25 - [TEST_STEP][PASSED] - focus: Object: 'Object Repository/Backoffice/Clients/Clients' is focused

2018-10-12 12:54:25 - [MESSAGE][PASSED] - Object: 'Object Repository/Backoffice/Clients/Clients' is focused

2018-10-12 12:54:25 - [TEST_STEP][PASSED] - verifyElementPresent: Object 'Object Repository/Backoffice/Clients/Client Registration' is present

2018-10-12 12:54:25 - [MESSAGE][PASSED] - Object 'Object Repository/Backoffice/Clients/Client Registration' is present

2018-10-12 12:54:25 - [TEST_STEP][PASSED] - click: Object: 'Object Repository/Backoffice/Clients/Client Registration' is clicked on

2018-10-12 12:54:26 - [MESSAGE][PASSED] - Object: 'Object Repository/Backoffice/Clients/Client Registration' is clicked on

2018-10-12 12:54:26 - [TEST_STEP][PASSED] - setText: Text 'VisualMaster           ' is set on object 'Object Repository/Backoffice/Clients/Registration/input_username'

2018-10-12 12:54:26 - [MESSAGE][PASSED] - Text 'VisualMaster           ' is set on object 'Object Repository/Backoffice/Clients/Registration/input_username'

2018-10-12 12:54:26 - [TEST_STEP][PASSED] - setText: Text '123123' is set on object 'Object Repository/Backoffice/Clients/Registration/input_password'

2018-10-12 12:54:26 - [MESSAGE][PASSED] - Text '123123' is set on object 'Object Repository/Backoffice/Clients/Registration/input_password'

2018-10-12 12:54:26 - [TEST_STEP][PASSED] - setText: Text '123123' is set on object 'Object Repository/Backoffice/Clients/Registration/input_confirmp'

2018-10-12 12:54:26 - [MESSAGE][PASSED] - Text '123123' is set on object 'Object Repository/Backoffice/Clients/Registration/input_confirmp'

2018-10-12 12:54:26 - [TEST_STEP][PASSED] - selectOptionByValue: All options with value 'test' are selected in object 'Object Repository/Backoffice/Clients/Registration/select_operatorcode' 

2018-10-12 12:54:26 - [MESSAGE][PASSED] - All options with value 'test' are selected in object 'Object Repository/Backoffice/Clients/Registration/select_operatorcode' 

2018-10-12 12:54:26 - [TEST_STEP][PASSED] - selectOptionByValue: All options with value '1' are selected in object 'Object Repository/Backoffice/Clients/Registration/select_status' 

2018-10-12 12:54:27 - [MESSAGE][PASSED] - All options with value '1' are selected in object 'Object Repository/Backoffice/Clients/Registration/select_status' 

2018-10-12 12:54:27 - [TEST_STEP][PASSED] - delay: Delayed 2 second(s)

2018-10-12 12:54:29 - [MESSAGE][PASSED] - Delayed 2 second(s)

2018-10-12 12:54:29 - [TEST_STEP][PASSED] - click: Object: 'Object Repository/Backoffice/Clients/Registration/button_Submit' is clicked on

2018-10-12 12:54:29 - [MESSAGE][PASSED] - Object: 'Object Repository/Backoffice/Clients/Registration/button_Submit' is clicked on

2018-10-12 12:54:29 - [TEST_STEP][PASSED] - delay: Delayed 2 second(s)

2018-10-12 12:54:31 - [MESSAGE][PASSED] - Delayed 2 second(s)]]></system-out>
         <system-err><![CDATA[]]></system-err>
      </testcase>
      <testcase name="Test Cases/Backoffice/RegisterAccount" classname="Test Cases/Backoffice/RegisterAccount" status="PASSED">
         <system-out><![CDATA[2018-10-12 12:54:31 - [TEST_CASE][PASSED] - Test Cases/Backoffice/RegisterAccount: Test Cases/Backoffice/RegisterAccount

2018-10-12 12:54:31 - [TEST_STEP][PASSED] - focus: Object: 'Object Repository/Backoffice/Clients/Clients' is focused

2018-10-12 12:54:31 - [MESSAGE][PASSED] - Object: 'Object Repository/Backoffice/Clients/Clients' is focused

2018-10-12 12:54:31 - [TEST_STEP][PASSED] - verifyElementPresent: Object 'Object Repository/Backoffice/Clients/Client Registration' is present

2018-10-12 12:54:31 - [MESSAGE][PASSED] - Object 'Object Repository/Backoffice/Clients/Client Registration' is present

2018-10-12 12:54:31 - [TEST_STEP][PASSED] - click: Object: 'Object Repository/Backoffice/Clients/Client Registration' is clicked on

2018-10-12 12:54:32 - [MESSAGE][PASSED] - Object: 'Object Repository/Backoffice/Clients/Client Registration' is clicked on

2018-10-12 12:54:32 - [TEST_STEP][PASSED] - setText: Text 'DeathDog   ' is set on object 'Object Repository/Backoffice/Clients/Registration/input_username'

2018-10-12 12:54:32 - [MESSAGE][PASSED] - Text 'DeathDog   ' is set on object 'Object Repository/Backoffice/Clients/Registration/input_username'

2018-10-12 12:54:32 - [TEST_STEP][PASSED] - setText: Text '123123' is set on object 'Object Repository/Backoffice/Clients/Registration/input_password'

2018-10-12 12:54:32 - [MESSAGE][PASSED] - Text '123123' is set on object 'Object Repository/Backoffice/Clients/Registration/input_password'

2018-10-12 12:54:32 - [TEST_STEP][PASSED] - setText: Text '123123' is set on object 'Object Repository/Backoffice/Clients/Registration/input_confirmp'

2018-10-12 12:54:33 - [MESSAGE][PASSED] - Text '123123' is set on object 'Object Repository/Backoffice/Clients/Registration/input_confirmp'

2018-10-12 12:54:33 - [TEST_STEP][PASSED] - selectOptionByValue: All options with value 'test' are selected in object 'Object Repository/Backoffice/Clients/Registration/select_operatorcode' 

2018-10-12 12:54:33 - [MESSAGE][PASSED] - All options with value 'test' are selected in object 'Object Repository/Backoffice/Clients/Registration/select_operatorcode' 

2018-10-12 12:54:33 - [TEST_STEP][PASSED] - selectOptionByValue: All options with value '1' are selected in object 'Object Repository/Backoffice/Clients/Registration/select_status' 

2018-10-12 12:54:33 - [MESSAGE][PASSED] - All options with value '1' are selected in object 'Object Repository/Backoffice/Clients/Registration/select_status' 

2018-10-12 12:54:33 - [TEST_STEP][PASSED] - delay: Delayed 2 second(s)

2018-10-12 12:54:35 - [MESSAGE][PASSED] - Delayed 2 second(s)

2018-10-12 12:54:35 - [TEST_STEP][PASSED] - click: Object: 'Object Repository/Backoffice/Clients/Registration/button_Submit' is clicked on

2018-10-12 12:54:36 - [MESSAGE][PASSED] - Object: 'Object Repository/Backoffice/Clients/Registration/button_Submit' is clicked on

2018-10-12 12:54:36 - [TEST_STEP][PASSED] - delay: Delayed 2 second(s)

2018-10-12 12:54:38 - [MESSAGE][PASSED] - Delayed 2 second(s)]]></system-out>
         <system-err><![CDATA[]]></system-err>
      </testcase>
      <testcase name="Test Cases/Backoffice/RegisterAccount" classname="Test Cases/Backoffice/RegisterAccount" status="PASSED">
         <system-out><![CDATA[2018-10-12 12:54:38 - [TEST_CASE][PASSED] - Test Cases/Backoffice/RegisterAccount: Test Cases/Backoffice/RegisterAccount

2018-10-12 12:54:38 - [TEST_STEP][PASSED] - focus: Object: 'Object Repository/Backoffice/Clients/Clients' is focused

2018-10-12 12:54:38 - [MESSAGE][PASSED] - Object: 'Object Repository/Backoffice/Clients/Clients' is focused

2018-10-12 12:54:38 - [TEST_STEP][PASSED] - verifyElementPresent: Object 'Object Repository/Backoffice/Clients/Client Registration' is present

2018-10-12 12:54:38 - [MESSAGE][PASSED] - Object 'Object Repository/Backoffice/Clients/Client Registration' is present

2018-10-12 12:54:38 - [TEST_STEP][PASSED] - click: Object: 'Object Repository/Backoffice/Clients/Client Registration' is clicked on

2018-10-12 12:54:39 - [MESSAGE][PASSED] - Object: 'Object Repository/Backoffice/Clients/Client Registration' is clicked on

2018-10-12 12:54:39 - [TEST_STEP][PASSED] - setText: Text 'ZeroReborn                   ' is set on object 'Object Repository/Backoffice/Clients/Registration/input_username'

2018-10-12 12:54:39 - [MESSAGE][PASSED] - Text 'ZeroReborn                   ' is set on object 'Object Repository/Backoffice/Clients/Registration/input_username'

2018-10-12 12:54:39 - [TEST_STEP][PASSED] - setText: Text '123123' is set on object 'Object Repository/Backoffice/Clients/Registration/input_password'

2018-10-12 12:54:39 - [MESSAGE][PASSED] - Text '123123' is set on object 'Object Repository/Backoffice/Clients/Registration/input_password'

2018-10-12 12:54:39 - [TEST_STEP][PASSED] - setText: Text '123123' is set on object 'Object Repository/Backoffice/Clients/Registration/input_confirmp'

2018-10-12 12:54:40 - [MESSAGE][PASSED] - Text '123123' is set on object 'Object Repository/Backoffice/Clients/Registration/input_confirmp'

2018-10-12 12:54:40 - [TEST_STEP][PASSED] - selectOptionByValue: All options with value 'test' are selected in object 'Object Repository/Backoffice/Clients/Registration/select_operatorcode' 

2018-10-12 12:54:40 - [MESSAGE][PASSED] - All options with value 'test' are selected in object 'Object Repository/Backoffice/Clients/Registration/select_operatorcode' 

2018-10-12 12:54:40 - [TEST_STEP][PASSED] - selectOptionByValue: All options with value '1' are selected in object 'Object Repository/Backoffice/Clients/Registration/select_status' 

2018-10-12 12:54:40 - [MESSAGE][PASSED] - All options with value '1' are selected in object 'Object Repository/Backoffice/Clients/Registration/select_status' 

2018-10-12 12:54:40 - [TEST_STEP][PASSED] - delay: Delayed 2 second(s)

2018-10-12 12:54:42 - [MESSAGE][PASSED] - Delayed 2 second(s)

2018-10-12 12:54:42 - [TEST_STEP][PASSED] - click: Object: 'Object Repository/Backoffice/Clients/Registration/button_Submit' is clicked on

2018-10-12 12:54:43 - [MESSAGE][PASSED] - Object: 'Object Repository/Backoffice/Clients/Registration/button_Submit' is clicked on

2018-10-12 12:54:43 - [TEST_STEP][PASSED] - delay: Delayed 2 second(s)

2018-10-12 12:54:45 - [MESSAGE][PASSED] - Delayed 2 second(s)]]></system-out>
         <system-err><![CDATA[]]></system-err>
      </testcase>
      <testcase name="Test Cases/Backoffice/RegisterAccount" classname="Test Cases/Backoffice/RegisterAccount" status="PASSED">
         <system-out><![CDATA[2018-10-12 12:54:45 - [TEST_CASE][PASSED] - Test Cases/Backoffice/RegisterAccount: Test Cases/Backoffice/RegisterAccount

2018-10-12 12:54:45 - [TEST_STEP][PASSED] - focus: Object: 'Object Repository/Backoffice/Clients/Clients' is focused

2018-10-12 12:54:45 - [MESSAGE][PASSED] - Object: 'Object Repository/Backoffice/Clients/Clients' is focused

2018-10-12 12:54:45 - [TEST_STEP][PASSED] - verifyElementPresent: Object 'Object Repository/Backoffice/Clients/Client Registration' is present

2018-10-12 12:54:45 - [MESSAGE][PASSED] - Object 'Object Repository/Backoffice/Clients/Client Registration' is present

2018-10-12 12:54:45 - [TEST_STEP][PASSED] - click: Object: 'Object Repository/Backoffice/Clients/Client Registration' is clicked on

2018-10-12 12:54:46 - [MESSAGE][PASSED] - Object: 'Object Repository/Backoffice/Clients/Client Registration' is clicked on

2018-10-12 12:54:46 - [TEST_STEP][PASSED] - setText: Text 'TechHater               ' is set on object 'Object Repository/Backoffice/Clients/Registration/input_username'

2018-10-12 12:54:46 - [MESSAGE][PASSED] - Text 'TechHater               ' is set on object 'Object Repository/Backoffice/Clients/Registration/input_username'

2018-10-12 12:54:46 - [TEST_STEP][PASSED] - setText: Text '123123' is set on object 'Object Repository/Backoffice/Clients/Registration/input_password'

2018-10-12 12:54:46 - [MESSAGE][PASSED] - Text '123123' is set on object 'Object Repository/Backoffice/Clients/Registration/input_password'

2018-10-12 12:54:46 - [TEST_STEP][PASSED] - setText: Text '123123' is set on object 'Object Repository/Backoffice/Clients/Registration/input_confirmp'

2018-10-12 12:54:46 - [MESSAGE][PASSED] - Text '123123' is set on object 'Object Repository/Backoffice/Clients/Registration/input_confirmp'

2018-10-12 12:54:46 - [TEST_STEP][PASSED] - selectOptionByValue: All options with value 'test' are selected in object 'Object Repository/Backoffice/Clients/Registration/select_operatorcode' 

2018-10-12 12:54:46 - [MESSAGE][PASSED] - All options with value 'test' are selected in object 'Object Repository/Backoffice/Clients/Registration/select_operatorcode' 

2018-10-12 12:54:46 - [TEST_STEP][PASSED] - selectOptionByValue: All options with value '1' are selected in object 'Object Repository/Backoffice/Clients/Registration/select_status' 

2018-10-12 12:54:46 - [MESSAGE][PASSED] - All options with value '1' are selected in object 'Object Repository/Backoffice/Clients/Registration/select_status' 

2018-10-12 12:54:46 - [TEST_STEP][PASSED] - delay: Delayed 2 second(s)

2018-10-12 12:54:48 - [MESSAGE][PASSED] - Delayed 2 second(s)

2018-10-12 12:54:48 - [TEST_STEP][PASSED] - click: Object: 'Object Repository/Backoffice/Clients/Registration/button_Submit' is clicked on

2018-10-12 12:54:49 - [MESSAGE][PASSED] - Object: 'Object Repository/Backoffice/Clients/Registration/button_Submit' is clicked on

2018-10-12 12:54:49 - [TEST_STEP][PASSED] - delay: Delayed 2 second(s)

2018-10-12 12:54:51 - [MESSAGE][PASSED] - Delayed 2 second(s)]]></system-out>
         <system-err><![CDATA[]]></system-err>
      </testcase>
      <testcase name="Test Cases/Backoffice/RegisterAccount" classname="Test Cases/Backoffice/RegisterAccount" status="PASSED">
         <system-out><![CDATA[2018-10-12 12:54:51 - [TEST_CASE][PASSED] - Test Cases/Backoffice/RegisterAccount: Test Cases/Backoffice/RegisterAccount

2018-10-12 12:54:51 - [TEST_STEP][PASSED] - focus: Object: 'Object Repository/Backoffice/Clients/Clients' is focused

2018-10-12 12:54:51 - [MESSAGE][PASSED] - Object: 'Object Repository/Backoffice/Clients/Clients' is focused

2018-10-12 12:54:51 - [TEST_STEP][PASSED] - verifyElementPresent: Object 'Object Repository/Backoffice/Clients/Client Registration' is present

2018-10-12 12:54:51 - [MESSAGE][PASSED] - Object 'Object Repository/Backoffice/Clients/Client Registration' is present

2018-10-12 12:54:51 - [TEST_STEP][PASSED] - click: Object: 'Object Repository/Backoffice/Clients/Client Registration' is clicked on

2018-10-12 12:54:52 - [MESSAGE][PASSED] - Object: 'Object Repository/Backoffice/Clients/Client Registration' is clicked on

2018-10-12 12:54:52 - [TEST_STEP][PASSED] - setText: Text 'eGremlin           ' is set on object 'Object Repository/Backoffice/Clients/Registration/input_username'

2018-10-12 12:54:52 - [MESSAGE][PASSED] - Text 'eGremlin           ' is set on object 'Object Repository/Backoffice/Clients/Registration/input_username'

2018-10-12 12:54:52 - [TEST_STEP][PASSED] - setText: Text '123123' is set on object 'Object Repository/Backoffice/Clients/Registration/input_password'

2018-10-12 12:54:52 - [MESSAGE][PASSED] - Text '123123' is set on object 'Object Repository/Backoffice/Clients/Registration/input_password'

2018-10-12 12:54:52 - [TEST_STEP][PASSED] - setText: Text '123123' is set on object 'Object Repository/Backoffice/Clients/Registration/input_confirmp'

2018-10-12 12:54:52 - [MESSAGE][PASSED] - Text '123123' is set on object 'Object Repository/Backoffice/Clients/Registration/input_confirmp'

2018-10-12 12:54:52 - [TEST_STEP][PASSED] - selectOptionByValue: All options with value 'test' are selected in object 'Object Repository/Backoffice/Clients/Registration/select_operatorcode' 

2018-10-12 12:54:52 - [MESSAGE][PASSED] - All options with value 'test' are selected in object 'Object Repository/Backoffice/Clients/Registration/select_operatorcode' 

2018-10-12 12:54:52 - [TEST_STEP][PASSED] - selectOptionByValue: All options with value '1' are selected in object 'Object Repository/Backoffice/Clients/Registration/select_status' 

2018-10-12 12:54:52 - [MESSAGE][PASSED] - All options with value '1' are selected in object 'Object Repository/Backoffice/Clients/Registration/select_status' 

2018-10-12 12:54:52 - [TEST_STEP][PASSED] - delay: Delayed 2 second(s)

2018-10-12 12:54:54 - [MESSAGE][PASSED] - Delayed 2 second(s)

2018-10-12 12:54:54 - [TEST_STEP][PASSED] - click: Object: 'Object Repository/Backoffice/Clients/Registration/button_Submit' is clicked on

2018-10-12 12:54:55 - [MESSAGE][PASSED] - Object: 'Object Repository/Backoffice/Clients/Registration/button_Submit' is clicked on

2018-10-12 12:54:55 - [TEST_STEP][PASSED] - delay: Delayed 2 second(s)

2018-10-12 12:54:57 - [MESSAGE][PASSED] - Delayed 2 second(s)]]></system-out>
         <system-err><![CDATA[]]></system-err>
      </testcase>
      <testcase name="Test Cases/Backoffice/RegisterAccount" classname="Test Cases/Backoffice/RegisterAccount" status="PASSED">
         <system-out><![CDATA[2018-10-12 12:54:57 - [TEST_CASE][PASSED] - Test Cases/Backoffice/RegisterAccount: Test Cases/Backoffice/RegisterAccount

2018-10-12 12:54:57 - [TEST_STEP][PASSED] - focus: Object: 'Object Repository/Backoffice/Clients/Clients' is focused

2018-10-12 12:54:57 - [MESSAGE][PASSED] - Object: 'Object Repository/Backoffice/Clients/Clients' is focused

2018-10-12 12:54:57 - [TEST_STEP][PASSED] - verifyElementPresent: Object 'Object Repository/Backoffice/Clients/Client Registration' is present

2018-10-12 12:54:57 - [MESSAGE][PASSED] - Object 'Object Repository/Backoffice/Clients/Client Registration' is present

2018-10-12 12:54:57 - [TEST_STEP][PASSED] - click: Object: 'Object Repository/Backoffice/Clients/Client Registration' is clicked on

2018-10-12 12:54:58 - [MESSAGE][PASSED] - Object: 'Object Repository/Backoffice/Clients/Client Registration' is clicked on

2018-10-12 12:54:58 - [TEST_STEP][PASSED] - setText: Text 'BinaryMan' is set on object 'Object Repository/Backoffice/Clients/Registration/input_username'

2018-10-12 12:54:58 - [MESSAGE][PASSED] - Text 'BinaryMan' is set on object 'Object Repository/Backoffice/Clients/Registration/input_username'

2018-10-12 12:54:58 - [TEST_STEP][PASSED] - setText: Text '123123' is set on object 'Object Repository/Backoffice/Clients/Registration/input_password'

2018-10-12 12:54:58 - [MESSAGE][PASSED] - Text '123123' is set on object 'Object Repository/Backoffice/Clients/Registration/input_password'

2018-10-12 12:54:58 - [TEST_STEP][PASSED] - setText: Text '123123' is set on object 'Object Repository/Backoffice/Clients/Registration/input_confirmp'

2018-10-12 12:54:59 - [MESSAGE][PASSED] - Text '123123' is set on object 'Object Repository/Backoffice/Clients/Registration/input_confirmp'

2018-10-12 12:54:59 - [TEST_STEP][PASSED] - selectOptionByValue: All options with value 'test' are selected in object 'Object Repository/Backoffice/Clients/Registration/select_operatorcode' 

2018-10-12 12:54:59 - [MESSAGE][PASSED] - All options with value 'test' are selected in object 'Object Repository/Backoffice/Clients/Registration/select_operatorcode' 

2018-10-12 12:54:59 - [TEST_STEP][PASSED] - selectOptionByValue: All options with value '1' are selected in object 'Object Repository/Backoffice/Clients/Registration/select_status' 

2018-10-12 12:54:59 - [MESSAGE][PASSED] - All options with value '1' are selected in object 'Object Repository/Backoffice/Clients/Registration/select_status' 

2018-10-12 12:54:59 - [TEST_STEP][PASSED] - delay: Delayed 2 second(s)

2018-10-12 12:55:01 - [MESSAGE][PASSED] - Delayed 2 second(s)

2018-10-12 12:55:01 - [TEST_STEP][PASSED] - click: Object: 'Object Repository/Backoffice/Clients/Registration/button_Submit' is clicked on

2018-10-12 12:55:02 - [MESSAGE][PASSED] - Object: 'Object Repository/Backoffice/Clients/Registration/button_Submit' is clicked on

2018-10-12 12:55:02 - [TEST_STEP][PASSED] - delay: Delayed 2 second(s)

2018-10-12 12:55:04 - [MESSAGE][PASSED] - Delayed 2 second(s)]]></system-out>
         <system-err><![CDATA[]]></system-err>
      </testcase>
      <testcase name="Test Cases/Backoffice/RegisterAccount" classname="Test Cases/Backoffice/RegisterAccount" status="PASSED">
         <system-out><![CDATA[2018-10-12 12:55:04 - [TEST_CASE][PASSED] - Test Cases/Backoffice/RegisterAccount: Test Cases/Backoffice/RegisterAccount

2018-10-12 12:55:04 - [TEST_STEP][PASSED] - focus: Object: 'Object Repository/Backoffice/Clients/Clients' is focused

2018-10-12 12:55:04 - [MESSAGE][PASSED] - Object: 'Object Repository/Backoffice/Clients/Clients' is focused

2018-10-12 12:55:04 - [TEST_STEP][PASSED] - verifyElementPresent: Object 'Object Repository/Backoffice/Clients/Client Registration' is present

2018-10-12 12:55:04 - [MESSAGE][PASSED] - Object 'Object Repository/Backoffice/Clients/Client Registration' is present

2018-10-12 12:55:04 - [TEST_STEP][PASSED] - click: Object: 'Object Repository/Backoffice/Clients/Client Registration' is clicked on

2018-10-12 12:55:04 - [MESSAGE][PASSED] - Object: 'Object Repository/Backoffice/Clients/Client Registration' is clicked on

2018-10-12 12:55:04 - [TEST_STEP][PASSED] - setText: Text 'AwesomeTucker   ' is set on object 'Object Repository/Backoffice/Clients/Registration/input_username'

2018-10-12 12:55:04 - [MESSAGE][PASSED] - Text 'AwesomeTucker   ' is set on object 'Object Repository/Backoffice/Clients/Registration/input_username'

2018-10-12 12:55:04 - [TEST_STEP][PASSED] - setText: Text '123123' is set on object 'Object Repository/Backoffice/Clients/Registration/input_password'

2018-10-12 12:55:05 - [MESSAGE][PASSED] - Text '123123' is set on object 'Object Repository/Backoffice/Clients/Registration/input_password'

2018-10-12 12:55:05 - [TEST_STEP][PASSED] - setText: Text '123123' is set on object 'Object Repository/Backoffice/Clients/Registration/input_confirmp'

2018-10-12 12:55:05 - [MESSAGE][PASSED] - Text '123123' is set on object 'Object Repository/Backoffice/Clients/Registration/input_confirmp'

2018-10-12 12:55:05 - [TEST_STEP][PASSED] - selectOptionByValue: All options with value 'test' are selected in object 'Object Repository/Backoffice/Clients/Registration/select_operatorcode' 

2018-10-12 12:55:05 - [MESSAGE][PASSED] - All options with value 'test' are selected in object 'Object Repository/Backoffice/Clients/Registration/select_operatorcode' 

2018-10-12 12:55:05 - [TEST_STEP][PASSED] - selectOptionByValue: All options with value '1' are selected in object 'Object Repository/Backoffice/Clients/Registration/select_status' 

2018-10-12 12:55:05 - [MESSAGE][PASSED] - All options with value '1' are selected in object 'Object Repository/Backoffice/Clients/Registration/select_status' 

2018-10-12 12:55:05 - [TEST_STEP][PASSED] - delay: Delayed 2 second(s)

2018-10-12 12:55:07 - [MESSAGE][PASSED] - Delayed 2 second(s)

2018-10-12 12:55:07 - [TEST_STEP][PASSED] - click: Object: 'Object Repository/Backoffice/Clients/Registration/button_Submit' is clicked on

2018-10-12 12:55:08 - [MESSAGE][PASSED] - Object: 'Object Repository/Backoffice/Clients/Registration/button_Submit' is clicked on

2018-10-12 12:55:08 - [TEST_STEP][PASSED] - delay: Delayed 2 second(s)

2018-10-12 12:55:10 - [MESSAGE][PASSED] - Delayed 2 second(s)]]></system-out>
         <system-err><![CDATA[]]></system-err>
      </testcase>
      <testcase name="Test Cases/Backoffice/RegisterAccount" classname="Test Cases/Backoffice/RegisterAccount" status="PASSED">
         <system-out><![CDATA[2018-10-12 12:55:10 - [TEST_CASE][PASSED] - Test Cases/Backoffice/RegisterAccount: Test Cases/Backoffice/RegisterAccount

2018-10-12 12:55:10 - [TEST_STEP][PASSED] - focus: Object: 'Object Repository/Backoffice/Clients/Clients' is focused

2018-10-12 12:55:10 - [MESSAGE][PASSED] - Object: 'Object Repository/Backoffice/Clients/Clients' is focused

2018-10-12 12:55:10 - [TEST_STEP][PASSED] - verifyElementPresent: Object 'Object Repository/Backoffice/Clients/Client Registration' is present

2018-10-12 12:55:10 - [MESSAGE][PASSED] - Object 'Object Repository/Backoffice/Clients/Client Registration' is present

2018-10-12 12:55:10 - [TEST_STEP][PASSED] - click: Object: 'Object Repository/Backoffice/Clients/Client Registration' is clicked on

2018-10-12 12:55:11 - [MESSAGE][PASSED] - Object: 'Object Repository/Backoffice/Clients/Client Registration' is clicked on

2018-10-12 12:55:11 - [TEST_STEP][PASSED] - setText: Text 'FastChef   ' is set on object 'Object Repository/Backoffice/Clients/Registration/input_username'

2018-10-12 12:55:11 - [MESSAGE][PASSED] - Text 'FastChef   ' is set on object 'Object Repository/Backoffice/Clients/Registration/input_username'

2018-10-12 12:55:11 - [TEST_STEP][PASSED] - setText: Text '123123' is set on object 'Object Repository/Backoffice/Clients/Registration/input_password'

2018-10-12 12:55:11 - [MESSAGE][PASSED] - Text '123123' is set on object 'Object Repository/Backoffice/Clients/Registration/input_password'

2018-10-12 12:55:11 - [TEST_STEP][PASSED] - setText: Text '123123' is set on object 'Object Repository/Backoffice/Clients/Registration/input_confirmp'

2018-10-12 12:55:11 - [MESSAGE][PASSED] - Text '123123' is set on object 'Object Repository/Backoffice/Clients/Registration/input_confirmp'

2018-10-12 12:55:11 - [TEST_STEP][PASSED] - selectOptionByValue: All options with value 'test' are selected in object 'Object Repository/Backoffice/Clients/Registration/select_operatorcode' 

2018-10-12 12:55:11 - [MESSAGE][PASSED] - All options with value 'test' are selected in object 'Object Repository/Backoffice/Clients/Registration/select_operatorcode' 

2018-10-12 12:55:11 - [TEST_STEP][PASSED] - selectOptionByValue: All options with value '1' are selected in object 'Object Repository/Backoffice/Clients/Registration/select_status' 

2018-10-12 12:55:12 - [MESSAGE][PASSED] - All options with value '1' are selected in object 'Object Repository/Backoffice/Clients/Registration/select_status' 

2018-10-12 12:55:12 - [TEST_STEP][PASSED] - delay: Delayed 2 second(s)

2018-10-12 12:55:14 - [MESSAGE][PASSED] - Delayed 2 second(s)

2018-10-12 12:55:14 - [TEST_STEP][PASSED] - click: Object: 'Object Repository/Backoffice/Clients/Registration/button_Submit' is clicked on

2018-10-12 12:55:14 - [MESSAGE][PASSED] - Object: 'Object Repository/Backoffice/Clients/Registration/button_Submit' is clicked on

2018-10-12 12:55:14 - [TEST_STEP][PASSED] - delay: Delayed 2 second(s)

2018-10-12 12:55:16 - [MESSAGE][PASSED] - Delayed 2 second(s)]]></system-out>
         <system-err><![CDATA[]]></system-err>
      </testcase>
      <testcase name="Test Cases/Backoffice/RegisterAccount" classname="Test Cases/Backoffice/RegisterAccount" status="PASSED">
         <system-out><![CDATA[2018-10-12 12:55:16 - [TEST_CASE][PASSED] - Test Cases/Backoffice/RegisterAccount: Test Cases/Backoffice/RegisterAccount

2018-10-12 12:55:16 - [TEST_STEP][PASSED] - focus: Object: 'Object Repository/Backoffice/Clients/Clients' is focused

2018-10-12 12:55:16 - [MESSAGE][PASSED] - Object: 'Object Repository/Backoffice/Clients/Clients' is focused

2018-10-12 12:55:16 - [TEST_STEP][PASSED] - verifyElementPresent: Object 'Object Repository/Backoffice/Clients/Client Registration' is present

2018-10-12 12:55:17 - [MESSAGE][PASSED] - Object 'Object Repository/Backoffice/Clients/Client Registration' is present

2018-10-12 12:55:17 - [TEST_STEP][PASSED] - click: Object: 'Object Repository/Backoffice/Clients/Client Registration' is clicked on

2018-10-12 12:55:17 - [MESSAGE][PASSED] - Object: 'Object Repository/Backoffice/Clients/Client Registration' is clicked on

2018-10-12 12:55:17 - [TEST_STEP][PASSED] - setText: Text 'JunkTop' is set on object 'Object Repository/Backoffice/Clients/Registration/input_username'

2018-10-12 12:55:17 - [MESSAGE][PASSED] - Text 'JunkTop' is set on object 'Object Repository/Backoffice/Clients/Registration/input_username'

2018-10-12 12:55:17 - [TEST_STEP][PASSED] - setText: Text '123123' is set on object 'Object Repository/Backoffice/Clients/Registration/input_password'

2018-10-12 12:55:17 - [MESSAGE][PASSED] - Text '123123' is set on object 'Object Repository/Backoffice/Clients/Registration/input_password'

2018-10-12 12:55:17 - [TEST_STEP][PASSED] - setText: Text '123123' is set on object 'Object Repository/Backoffice/Clients/Registration/input_confirmp'

2018-10-12 12:55:18 - [MESSAGE][PASSED] - Text '123123' is set on object 'Object Repository/Backoffice/Clients/Registration/input_confirmp'

2018-10-12 12:55:18 - [TEST_STEP][PASSED] - selectOptionByValue: All options with value 'test' are selected in object 'Object Repository/Backoffice/Clients/Registration/select_operatorcode' 

2018-10-12 12:55:18 - [MESSAGE][PASSED] - All options with value 'test' are selected in object 'Object Repository/Backoffice/Clients/Registration/select_operatorcode' 

2018-10-12 12:55:18 - [TEST_STEP][PASSED] - selectOptionByValue: All options with value '1' are selected in object 'Object Repository/Backoffice/Clients/Registration/select_status' 

2018-10-12 12:55:18 - [MESSAGE][PASSED] - All options with value '1' are selected in object 'Object Repository/Backoffice/Clients/Registration/select_status' 

2018-10-12 12:55:18 - [TEST_STEP][PASSED] - delay: Delayed 2 second(s)

2018-10-12 12:55:20 - [MESSAGE][PASSED] - Delayed 2 second(s)

2018-10-12 12:55:20 - [TEST_STEP][PASSED] - click: Object: 'Object Repository/Backoffice/Clients/Registration/button_Submit' is clicked on

2018-10-12 12:55:21 - [MESSAGE][PASSED] - Object: 'Object Repository/Backoffice/Clients/Registration/button_Submit' is clicked on

2018-10-12 12:55:21 - [TEST_STEP][PASSED] - delay: Delayed 2 second(s)

2018-10-12 12:55:23 - [MESSAGE][PASSED] - Delayed 2 second(s)]]></system-out>
         <system-err><![CDATA[]]></system-err>
      </testcase>
      <testcase name="Test Cases/Backoffice/RegisterAccount" classname="Test Cases/Backoffice/RegisterAccount" status="PASSED">
         <system-out><![CDATA[2018-10-12 12:55:23 - [TEST_CASE][PASSED] - Test Cases/Backoffice/RegisterAccount: Test Cases/Backoffice/RegisterAccount

2018-10-12 12:55:23 - [TEST_STEP][PASSED] - focus: Object: 'Object Repository/Backoffice/Clients/Clients' is focused

2018-10-12 12:55:23 - [MESSAGE][PASSED] - Object: 'Object Repository/Backoffice/Clients/Clients' is focused

2018-10-12 12:55:23 - [TEST_STEP][PASSED] - verifyElementPresent: Object 'Object Repository/Backoffice/Clients/Client Registration' is present

2018-10-12 12:55:23 - [MESSAGE][PASSED] - Object 'Object Repository/Backoffice/Clients/Client Registration' is present

2018-10-12 12:55:23 - [TEST_STEP][PASSED] - click: Object: 'Object Repository/Backoffice/Clients/Client Registration' is clicked on

2018-10-12 12:55:24 - [MESSAGE][PASSED] - Object: 'Object Repository/Backoffice/Clients/Client Registration' is clicked on

2018-10-12 12:55:24 - [TEST_STEP][PASSED] - setText: Text 'PurpleCharger   ' is set on object 'Object Repository/Backoffice/Clients/Registration/input_username'

2018-10-12 12:55:24 - [MESSAGE][PASSED] - Text 'PurpleCharger   ' is set on object 'Object Repository/Backoffice/Clients/Registration/input_username'

2018-10-12 12:55:24 - [TEST_STEP][PASSED] - setText: Text '123123' is set on object 'Object Repository/Backoffice/Clients/Registration/input_password'

2018-10-12 12:55:24 - [MESSAGE][PASSED] - Text '123123' is set on object 'Object Repository/Backoffice/Clients/Registration/input_password'

2018-10-12 12:55:24 - [TEST_STEP][PASSED] - setText: Text '123123' is set on object 'Object Repository/Backoffice/Clients/Registration/input_confirmp'

2018-10-12 12:55:24 - [MESSAGE][PASSED] - Text '123123' is set on object 'Object Repository/Backoffice/Clients/Registration/input_confirmp'

2018-10-12 12:55:24 - [TEST_STEP][PASSED] - selectOptionByValue: All options with value 'test' are selected in object 'Object Repository/Backoffice/Clients/Registration/select_operatorcode' 

2018-10-12 12:55:24 - [MESSAGE][PASSED] - All options with value 'test' are selected in object 'Object Repository/Backoffice/Clients/Registration/select_operatorcode' 

2018-10-12 12:55:24 - [TEST_STEP][PASSED] - selectOptionByValue: All options with value '1' are selected in object 'Object Repository/Backoffice/Clients/Registration/select_status' 

2018-10-12 12:55:25 - [MESSAGE][PASSED] - All options with value '1' are selected in object 'Object Repository/Backoffice/Clients/Registration/select_status' 

2018-10-12 12:55:25 - [TEST_STEP][PASSED] - delay: Delayed 2 second(s)

2018-10-12 12:55:27 - [MESSAGE][PASSED] - Delayed 2 second(s)

2018-10-12 12:55:27 - [TEST_STEP][PASSED] - click: Object: 'Object Repository/Backoffice/Clients/Registration/button_Submit' is clicked on

2018-10-12 12:55:28 - [MESSAGE][PASSED] - Object: 'Object Repository/Backoffice/Clients/Registration/button_Submit' is clicked on

2018-10-12 12:55:28 - [TEST_STEP][PASSED] - delay: Delayed 2 second(s)

2018-10-12 12:55:30 - [MESSAGE][PASSED] - Delayed 2 second(s)]]></system-out>
         <system-err><![CDATA[]]></system-err>
      </testcase>
      <testcase name="Test Cases/Backoffice/RegisterAccount" classname="Test Cases/Backoffice/RegisterAccount" status="PASSED">
         <system-out><![CDATA[2018-10-12 12:55:30 - [TEST_CASE][PASSED] - Test Cases/Backoffice/RegisterAccount: Test Cases/Backoffice/RegisterAccount

2018-10-12 12:55:30 - [TEST_STEP][PASSED] - focus: Object: 'Object Repository/Backoffice/Clients/Clients' is focused

2018-10-12 12:55:30 - [MESSAGE][PASSED] - Object: 'Object Repository/Backoffice/Clients/Clients' is focused

2018-10-12 12:55:30 - [TEST_STEP][PASSED] - verifyElementPresent: Object 'Object Repository/Backoffice/Clients/Client Registration' is present

2018-10-12 12:55:30 - [MESSAGE][PASSED] - Object 'Object Repository/Backoffice/Clients/Client Registration' is present

2018-10-12 12:55:30 - [TEST_STEP][PASSED] - click: Object: 'Object Repository/Backoffice/Clients/Client Registration' is clicked on

2018-10-12 12:55:30 - [MESSAGE][PASSED] - Object: 'Object Repository/Backoffice/Clients/Client Registration' is clicked on

2018-10-12 12:55:30 - [TEST_STEP][PASSED] - setText: Text 'CodeBuns   ' is set on object 'Object Repository/Backoffice/Clients/Registration/input_username'

2018-10-12 12:55:31 - [MESSAGE][PASSED] - Text 'CodeBuns   ' is set on object 'Object Repository/Backoffice/Clients/Registration/input_username'

2018-10-12 12:55:31 - [TEST_STEP][PASSED] - setText: Text '123123' is set on object 'Object Repository/Backoffice/Clients/Registration/input_password'

2018-10-12 12:55:31 - [MESSAGE][PASSED] - Text '123123' is set on object 'Object Repository/Backoffice/Clients/Registration/input_password'

2018-10-12 12:55:31 - [TEST_STEP][PASSED] - setText: Text '123123' is set on object 'Object Repository/Backoffice/Clients/Registration/input_confirmp'

2018-10-12 12:55:31 - [MESSAGE][PASSED] - Text '123123' is set on object 'Object Repository/Backoffice/Clients/Registration/input_confirmp'

2018-10-12 12:55:31 - [TEST_STEP][PASSED] - selectOptionByValue: All options with value 'test' are selected in object 'Object Repository/Backoffice/Clients/Registration/select_operatorcode' 

2018-10-12 12:55:31 - [MESSAGE][PASSED] - All options with value 'test' are selected in object 'Object Repository/Backoffice/Clients/Registration/select_operatorcode' 

2018-10-12 12:55:31 - [TEST_STEP][PASSED] - selectOptionByValue: All options with value '1' are selected in object 'Object Repository/Backoffice/Clients/Registration/select_status' 

2018-10-12 12:55:31 - [MESSAGE][PASSED] - All options with value '1' are selected in object 'Object Repository/Backoffice/Clients/Registration/select_status' 

2018-10-12 12:55:31 - [TEST_STEP][PASSED] - delay: Delayed 2 second(s)

2018-10-12 12:55:33 - [MESSAGE][PASSED] - Delayed 2 second(s)

2018-10-12 12:55:33 - [TEST_STEP][PASSED] - click: Object: 'Object Repository/Backoffice/Clients/Registration/button_Submit' is clicked on

2018-10-12 12:55:34 - [MESSAGE][PASSED] - Object: 'Object Repository/Backoffice/Clients/Registration/button_Submit' is clicked on

2018-10-12 12:55:34 - [TEST_STEP][PASSED] - delay: Delayed 2 second(s)

2018-10-12 12:55:36 - [MESSAGE][PASSED] - Delayed 2 second(s)]]></system-out>
         <system-err><![CDATA[]]></system-err>
      </testcase>
      <testcase name="Test Cases/Backoffice/RegisterAccount" classname="Test Cases/Backoffice/RegisterAccount" status="PASSED">
         <system-out><![CDATA[2018-10-12 12:55:36 - [TEST_CASE][PASSED] - Test Cases/Backoffice/RegisterAccount: Test Cases/Backoffice/RegisterAccount

2018-10-12 12:55:36 - [TEST_STEP][PASSED] - focus: Object: 'Object Repository/Backoffice/Clients/Clients' is focused

2018-10-12 12:55:36 - [MESSAGE][PASSED] - Object: 'Object Repository/Backoffice/Clients/Clients' is focused

2018-10-12 12:55:36 - [TEST_STEP][PASSED] - verifyElementPresent: Object 'Object Repository/Backoffice/Clients/Client Registration' is present

2018-10-12 12:55:36 - [MESSAGE][PASSED] - Object 'Object Repository/Backoffice/Clients/Client Registration' is present

2018-10-12 12:55:36 - [TEST_STEP][PASSED] - click: Object: 'Object Repository/Backoffice/Clients/Client Registration' is clicked on

2018-10-12 12:55:37 - [MESSAGE][PASSED] - Object: 'Object Repository/Backoffice/Clients/Client Registration' is clicked on

2018-10-12 12:55:37 - [TEST_STEP][PASSED] - setText: Text 'BunnyJinx   ' is set on object 'Object Repository/Backoffice/Clients/Registration/input_username'

2018-10-12 12:55:37 - [MESSAGE][PASSED] - Text 'BunnyJinx   ' is set on object 'Object Repository/Backoffice/Clients/Registration/input_username'

2018-10-12 12:55:37 - [TEST_STEP][PASSED] - setText: Text '123123' is set on object 'Object Repository/Backoffice/Clients/Registration/input_password'

2018-10-12 12:55:37 - [MESSAGE][PASSED] - Text '123123' is set on object 'Object Repository/Backoffice/Clients/Registration/input_password'

2018-10-12 12:55:37 - [TEST_STEP][PASSED] - setText: Text '123123' is set on object 'Object Repository/Backoffice/Clients/Registration/input_confirmp'

2018-10-12 12:55:37 - [MESSAGE][PASSED] - Text '123123' is set on object 'Object Repository/Backoffice/Clients/Registration/input_confirmp'

2018-10-12 12:55:37 - [TEST_STEP][PASSED] - selectOptionByValue: All options with value 'test' are selected in object 'Object Repository/Backoffice/Clients/Registration/select_operatorcode' 

2018-10-12 12:55:37 - [MESSAGE][PASSED] - All options with value 'test' are selected in object 'Object Repository/Backoffice/Clients/Registration/select_operatorcode' 

2018-10-12 12:55:37 - [TEST_STEP][PASSED] - selectOptionByValue: All options with value '1' are selected in object 'Object Repository/Backoffice/Clients/Registration/select_status' 

2018-10-12 12:55:37 - [MESSAGE][PASSED] - All options with value '1' are selected in object 'Object Repository/Backoffice/Clients/Registration/select_status' 

2018-10-12 12:55:37 - [TEST_STEP][PASSED] - delay: Delayed 2 second(s)

2018-10-12 12:55:39 - [MESSAGE][PASSED] - Delayed 2 second(s)

2018-10-12 12:55:39 - [TEST_STEP][PASSED] - click: Object: 'Object Repository/Backoffice/Clients/Registration/button_Submit' is clicked on

2018-10-12 12:55:40 - [MESSAGE][PASSED] - Object: 'Object Repository/Backoffice/Clients/Registration/button_Submit' is clicked on

2018-10-12 12:55:40 - [TEST_STEP][PASSED] - delay: Delayed 2 second(s)

2018-10-12 12:55:42 - [MESSAGE][PASSED] - Delayed 2 second(s)]]></system-out>
         <system-err><![CDATA[]]></system-err>
      </testcase>
      <testcase name="Test Cases/Backoffice/RegisterAccount" classname="Test Cases/Backoffice/RegisterAccount" status="PASSED">
         <system-out><![CDATA[2018-10-12 12:55:42 - [TEST_CASE][PASSED] - Test Cases/Backoffice/RegisterAccount: Test Cases/Backoffice/RegisterAccount

2018-10-12 12:55:42 - [TEST_STEP][PASSED] - focus: Object: 'Object Repository/Backoffice/Clients/Clients' is focused

2018-10-12 12:55:42 - [MESSAGE][PASSED] - Object: 'Object Repository/Backoffice/Clients/Clients' is focused

2018-10-12 12:55:42 - [TEST_STEP][PASSED] - verifyElementPresent: Object 'Object Repository/Backoffice/Clients/Client Registration' is present

2018-10-12 12:55:42 - [MESSAGE][PASSED] - Object 'Object Repository/Backoffice/Clients/Client Registration' is present

2018-10-12 12:55:42 - [TEST_STEP][PASSED] - click: Object: 'Object Repository/Backoffice/Clients/Client Registration' is clicked on

2018-10-12 12:55:43 - [MESSAGE][PASSED] - Object: 'Object Repository/Backoffice/Clients/Client Registration' is clicked on

2018-10-12 12:55:43 - [TEST_STEP][PASSED] - setText: Text 'GoogleCat   ' is set on object 'Object Repository/Backoffice/Clients/Registration/input_username'

2018-10-12 12:55:43 - [MESSAGE][PASSED] - Text 'GoogleCat   ' is set on object 'Object Repository/Backoffice/Clients/Registration/input_username'

2018-10-12 12:55:43 - [TEST_STEP][PASSED] - setText: Text '123123' is set on object 'Object Repository/Backoffice/Clients/Registration/input_password'

2018-10-12 12:55:43 - [MESSAGE][PASSED] - Text '123123' is set on object 'Object Repository/Backoffice/Clients/Registration/input_password'

2018-10-12 12:55:43 - [TEST_STEP][PASSED] - setText: Text '123123' is set on object 'Object Repository/Backoffice/Clients/Registration/input_confirmp'

2018-10-12 12:55:43 - [MESSAGE][PASSED] - Text '123123' is set on object 'Object Repository/Backoffice/Clients/Registration/input_confirmp'

2018-10-12 12:55:43 - [TEST_STEP][PASSED] - selectOptionByValue: All options with value 'test' are selected in object 'Object Repository/Backoffice/Clients/Registration/select_operatorcode' 

2018-10-12 12:55:44 - [MESSAGE][PASSED] - All options with value 'test' are selected in object 'Object Repository/Backoffice/Clients/Registration/select_operatorcode' 

2018-10-12 12:55:44 - [TEST_STEP][PASSED] - selectOptionByValue: All options with value '1' are selected in object 'Object Repository/Backoffice/Clients/Registration/select_status' 

2018-10-12 12:55:44 - [MESSAGE][PASSED] - All options with value '1' are selected in object 'Object Repository/Backoffice/Clients/Registration/select_status' 

2018-10-12 12:55:44 - [TEST_STEP][PASSED] - delay: Delayed 2 second(s)

2018-10-12 12:55:46 - [MESSAGE][PASSED] - Delayed 2 second(s)

2018-10-12 12:55:46 - [TEST_STEP][PASSED] - click: Object: 'Object Repository/Backoffice/Clients/Registration/button_Submit' is clicked on

2018-10-12 12:55:47 - [MESSAGE][PASSED] - Object: 'Object Repository/Backoffice/Clients/Registration/button_Submit' is clicked on

2018-10-12 12:55:47 - [TEST_STEP][PASSED] - delay: Delayed 2 second(s)

2018-10-12 12:55:49 - [MESSAGE][PASSED] - Delayed 2 second(s)]]></system-out>
         <system-err><![CDATA[]]></system-err>
      </testcase>
      <testcase name="Test Cases/Backoffice/RegisterAccount" classname="Test Cases/Backoffice/RegisterAccount" status="PASSED">
         <system-out><![CDATA[2018-10-12 12:55:49 - [TEST_CASE][PASSED] - Test Cases/Backoffice/RegisterAccount: Test Cases/Backoffice/RegisterAccount

2018-10-12 12:55:49 - [TEST_STEP][PASSED] - focus: Object: 'Object Repository/Backoffice/Clients/Clients' is focused

2018-10-12 12:55:49 - [MESSAGE][PASSED] - Object: 'Object Repository/Backoffice/Clients/Clients' is focused

2018-10-12 12:55:49 - [TEST_STEP][PASSED] - verifyElementPresent: Object 'Object Repository/Backoffice/Clients/Client Registration' is present

2018-10-12 12:55:49 - [MESSAGE][PASSED] - Object 'Object Repository/Backoffice/Clients/Client Registration' is present

2018-10-12 12:55:49 - [TEST_STEP][PASSED] - click: Object: 'Object Repository/Backoffice/Clients/Client Registration' is clicked on

2018-10-12 12:55:49 - [MESSAGE][PASSED] - Object: 'Object Repository/Backoffice/Clients/Client Registration' is clicked on

2018-10-12 12:55:49 - [TEST_STEP][PASSED] - setText: Text 'StrangeWizard' is set on object 'Object Repository/Backoffice/Clients/Registration/input_username'

2018-10-12 12:55:49 - [MESSAGE][PASSED] - Text 'StrangeWizard' is set on object 'Object Repository/Backoffice/Clients/Registration/input_username'

2018-10-12 12:55:49 - [TEST_STEP][PASSED] - setText: Text '123123' is set on object 'Object Repository/Backoffice/Clients/Registration/input_password'

2018-10-12 12:55:49 - [MESSAGE][PASSED] - Text '123123' is set on object 'Object Repository/Backoffice/Clients/Registration/input_password'

2018-10-12 12:55:49 - [TEST_STEP][PASSED] - setText: Text '123123' is set on object 'Object Repository/Backoffice/Clients/Registration/input_confirmp'

2018-10-12 12:55:50 - [MESSAGE][PASSED] - Text '123123' is set on object 'Object Repository/Backoffice/Clients/Registration/input_confirmp'

2018-10-12 12:55:50 - [TEST_STEP][PASSED] - selectOptionByValue: All options with value 'test' are selected in object 'Object Repository/Backoffice/Clients/Registration/select_operatorcode' 

2018-10-12 12:55:50 - [MESSAGE][PASSED] - All options with value 'test' are selected in object 'Object Repository/Backoffice/Clients/Registration/select_operatorcode' 

2018-10-12 12:55:50 - [TEST_STEP][PASSED] - selectOptionByValue: All options with value '1' are selected in object 'Object Repository/Backoffice/Clients/Registration/select_status' 

2018-10-12 12:55:50 - [MESSAGE][PASSED] - All options with value '1' are selected in object 'Object Repository/Backoffice/Clients/Registration/select_status' 

2018-10-12 12:55:50 - [TEST_STEP][PASSED] - delay: Delayed 2 second(s)

2018-10-12 12:55:52 - [MESSAGE][PASSED] - Delayed 2 second(s)

2018-10-12 12:55:52 - [TEST_STEP][PASSED] - click: Object: 'Object Repository/Backoffice/Clients/Registration/button_Submit' is clicked on

2018-10-12 12:55:53 - [MESSAGE][PASSED] - Object: 'Object Repository/Backoffice/Clients/Registration/button_Submit' is clicked on

2018-10-12 12:55:53 - [TEST_STEP][PASSED] - delay: Delayed 2 second(s)

2018-10-12 12:55:55 - [MESSAGE][PASSED] - Delayed 2 second(s)]]></system-out>
         <system-err><![CDATA[]]></system-err>
      </testcase>
      <testcase name="Test Cases/Backoffice/RegisterAccount" classname="Test Cases/Backoffice/RegisterAccount" status="PASSED">
         <system-out><![CDATA[2018-10-12 12:55:55 - [TEST_CASE][PASSED] - Test Cases/Backoffice/RegisterAccount: Test Cases/Backoffice/RegisterAccount

2018-10-12 12:55:55 - [TEST_STEP][PASSED] - focus: Object: 'Object Repository/Backoffice/Clients/Clients' is focused

2018-10-12 12:55:55 - [MESSAGE][PASSED] - Object: 'Object Repository/Backoffice/Clients/Clients' is focused

2018-10-12 12:55:55 - [TEST_STEP][PASSED] - verifyElementPresent: Object 'Object Repository/Backoffice/Clients/Client Registration' is present

2018-10-12 12:55:55 - [MESSAGE][PASSED] - Object 'Object Repository/Backoffice/Clients/Client Registration' is present

2018-10-12 12:55:55 - [TEST_STEP][PASSED] - click: Object: 'Object Repository/Backoffice/Clients/Client Registration' is clicked on

2018-10-12 12:55:55 - [MESSAGE][PASSED] - Object: 'Object Repository/Backoffice/Clients/Client Registration' is clicked on

2018-10-12 12:55:55 - [TEST_STEP][PASSED] - setText: Text 'Fuzzy_Logic' is set on object 'Object Repository/Backoffice/Clients/Registration/input_username'

2018-10-12 12:55:56 - [MESSAGE][PASSED] - Text 'Fuzzy_Logic' is set on object 'Object Repository/Backoffice/Clients/Registration/input_username'

2018-10-12 12:55:56 - [TEST_STEP][PASSED] - setText: Text '123123' is set on object 'Object Repository/Backoffice/Clients/Registration/input_password'

2018-10-12 12:55:56 - [MESSAGE][PASSED] - Text '123123' is set on object 'Object Repository/Backoffice/Clients/Registration/input_password'

2018-10-12 12:55:56 - [TEST_STEP][PASSED] - setText: Text '123123' is set on object 'Object Repository/Backoffice/Clients/Registration/input_confirmp'

2018-10-12 12:55:56 - [MESSAGE][PASSED] - Text '123123' is set on object 'Object Repository/Backoffice/Clients/Registration/input_confirmp'

2018-10-12 12:55:56 - [TEST_STEP][PASSED] - selectOptionByValue: All options with value 'test' are selected in object 'Object Repository/Backoffice/Clients/Registration/select_operatorcode' 

2018-10-12 12:55:56 - [MESSAGE][PASSED] - All options with value 'test' are selected in object 'Object Repository/Backoffice/Clients/Registration/select_operatorcode' 

2018-10-12 12:55:56 - [TEST_STEP][PASSED] - selectOptionByValue: All options with value '1' are selected in object 'Object Repository/Backoffice/Clients/Registration/select_status' 

2018-10-12 12:55:56 - [MESSAGE][PASSED] - All options with value '1' are selected in object 'Object Repository/Backoffice/Clients/Registration/select_status' 

2018-10-12 12:55:56 - [TEST_STEP][PASSED] - delay: Delayed 2 second(s)

2018-10-12 12:55:58 - [MESSAGE][PASSED] - Delayed 2 second(s)

2018-10-12 12:55:58 - [TEST_STEP][PASSED] - click: Object: 'Object Repository/Backoffice/Clients/Registration/button_Submit' is clicked on

2018-10-12 12:55:59 - [MESSAGE][PASSED] - Object: 'Object Repository/Backoffice/Clients/Registration/button_Submit' is clicked on

2018-10-12 12:55:59 - [TEST_STEP][PASSED] - delay: Delayed 2 second(s)

2018-10-12 12:56:01 - [MESSAGE][PASSED] - Delayed 2 second(s)]]></system-out>
         <system-err><![CDATA[]]></system-err>
      </testcase>
      <testcase name="Test Cases/Backoffice/RegisterAccount" classname="Test Cases/Backoffice/RegisterAccount" status="PASSED">
         <system-out><![CDATA[2018-10-12 12:56:01 - [TEST_CASE][PASSED] - Test Cases/Backoffice/RegisterAccount: Test Cases/Backoffice/RegisterAccount

2018-10-12 12:56:01 - [TEST_STEP][PASSED] - focus: Object: 'Object Repository/Backoffice/Clients/Clients' is focused

2018-10-12 12:56:01 - [MESSAGE][PASSED] - Object: 'Object Repository/Backoffice/Clients/Clients' is focused

2018-10-12 12:56:01 - [TEST_STEP][PASSED] - verifyElementPresent: Object 'Object Repository/Backoffice/Clients/Client Registration' is present

2018-10-12 12:56:01 - [MESSAGE][PASSED] - Object 'Object Repository/Backoffice/Clients/Client Registration' is present

2018-10-12 12:56:01 - [TEST_STEP][PASSED] - click: Object: 'Object Repository/Backoffice/Clients/Client Registration' is clicked on

2018-10-12 12:56:01 - [MESSAGE][PASSED] - Object: 'Object Repository/Backoffice/Clients/Client Registration' is clicked on

2018-10-12 12:56:01 - [TEST_STEP][PASSED] - setText: Text 'New_Cliche' is set on object 'Object Repository/Backoffice/Clients/Registration/input_username'

2018-10-12 12:56:02 - [MESSAGE][PASSED] - Text 'New_Cliche' is set on object 'Object Repository/Backoffice/Clients/Registration/input_username'

2018-10-12 12:56:02 - [TEST_STEP][PASSED] - setText: Text '123123' is set on object 'Object Repository/Backoffice/Clients/Registration/input_password'

2018-10-12 12:56:02 - [MESSAGE][PASSED] - Text '123123' is set on object 'Object Repository/Backoffice/Clients/Registration/input_password'

2018-10-12 12:56:02 - [TEST_STEP][PASSED] - setText: Text '123123' is set on object 'Object Repository/Backoffice/Clients/Registration/input_confirmp'

2018-10-12 12:56:02 - [MESSAGE][PASSED] - Text '123123' is set on object 'Object Repository/Backoffice/Clients/Registration/input_confirmp'

2018-10-12 12:56:02 - [TEST_STEP][PASSED] - selectOptionByValue: All options with value 'test' are selected in object 'Object Repository/Backoffice/Clients/Registration/select_operatorcode' 

2018-10-12 12:56:02 - [MESSAGE][PASSED] - All options with value 'test' are selected in object 'Object Repository/Backoffice/Clients/Registration/select_operatorcode' 

2018-10-12 12:56:02 - [TEST_STEP][PASSED] - selectOptionByValue: All options with value '1' are selected in object 'Object Repository/Backoffice/Clients/Registration/select_status' 

2018-10-12 12:56:02 - [MESSAGE][PASSED] - All options with value '1' are selected in object 'Object Repository/Backoffice/Clients/Registration/select_status' 

2018-10-12 12:56:02 - [TEST_STEP][PASSED] - delay: Delayed 2 second(s)

2018-10-12 12:56:04 - [MESSAGE][PASSED] - Delayed 2 second(s)

2018-10-12 12:56:04 - [TEST_STEP][PASSED] - click: Object: 'Object Repository/Backoffice/Clients/Registration/button_Submit' is clicked on

2018-10-12 12:56:05 - [MESSAGE][PASSED] - Object: 'Object Repository/Backoffice/Clients/Registration/button_Submit' is clicked on

2018-10-12 12:56:05 - [TEST_STEP][PASSED] - delay: Delayed 2 second(s)

2018-10-12 12:56:07 - [MESSAGE][PASSED] - Delayed 2 second(s)]]></system-out>
         <system-err><![CDATA[]]></system-err>
      </testcase>
      <testcase name="Test Cases/Backoffice/RegisterAccount" classname="Test Cases/Backoffice/RegisterAccount" status="PASSED">
         <system-out><![CDATA[2018-10-12 12:56:07 - [TEST_CASE][PASSED] - Test Cases/Backoffice/RegisterAccount: Test Cases/Backoffice/RegisterAccount

2018-10-12 12:56:07 - [TEST_STEP][PASSED] - focus: Object: 'Object Repository/Backoffice/Clients/Clients' is focused

2018-10-12 12:56:07 - [MESSAGE][PASSED] - Object: 'Object Repository/Backoffice/Clients/Clients' is focused

2018-10-12 12:56:07 - [TEST_STEP][PASSED] - verifyElementPresent: Object 'Object Repository/Backoffice/Clients/Client Registration' is present

2018-10-12 12:56:07 - [MESSAGE][PASSED] - Object 'Object Repository/Backoffice/Clients/Client Registration' is present

2018-10-12 12:56:07 - [TEST_STEP][PASSED] - click: Object: 'Object Repository/Backoffice/Clients/Client Registration' is clicked on

2018-10-12 12:56:08 - [MESSAGE][PASSED] - Object: 'Object Repository/Backoffice/Clients/Client Registration' is clicked on

2018-10-12 12:56:08 - [TEST_STEP][PASSED] - setText: Text 'Ignoramus' is set on object 'Object Repository/Backoffice/Clients/Registration/input_username'

2018-10-12 12:56:08 - [MESSAGE][PASSED] - Text 'Ignoramus' is set on object 'Object Repository/Backoffice/Clients/Registration/input_username'

2018-10-12 12:56:08 - [TEST_STEP][PASSED] - setText: Text '123123' is set on object 'Object Repository/Backoffice/Clients/Registration/input_password'

2018-10-12 12:56:08 - [MESSAGE][PASSED] - Text '123123' is set on object 'Object Repository/Backoffice/Clients/Registration/input_password'

2018-10-12 12:56:08 - [TEST_STEP][PASSED] - setText: Text '123123' is set on object 'Object Repository/Backoffice/Clients/Registration/input_confirmp'

2018-10-12 12:56:08 - [MESSAGE][PASSED] - Text '123123' is set on object 'Object Repository/Backoffice/Clients/Registration/input_confirmp'

2018-10-12 12:56:08 - [TEST_STEP][PASSED] - selectOptionByValue: All options with value 'test' are selected in object 'Object Repository/Backoffice/Clients/Registration/select_operatorcode' 

2018-10-12 12:56:08 - [MESSAGE][PASSED] - All options with value 'test' are selected in object 'Object Repository/Backoffice/Clients/Registration/select_operatorcode' 

2018-10-12 12:56:08 - [TEST_STEP][PASSED] - selectOptionByValue: All options with value '1' are selected in object 'Object Repository/Backoffice/Clients/Registration/select_status' 

2018-10-12 12:56:08 - [MESSAGE][PASSED] - All options with value '1' are selected in object 'Object Repository/Backoffice/Clients/Registration/select_status' 

2018-10-12 12:56:08 - [TEST_STEP][PASSED] - delay: Delayed 2 second(s)

2018-10-12 12:56:10 - [MESSAGE][PASSED] - Delayed 2 second(s)

2018-10-12 12:56:10 - [TEST_STEP][PASSED] - click: Object: 'Object Repository/Backoffice/Clients/Registration/button_Submit' is clicked on

2018-10-12 12:56:11 - [MESSAGE][PASSED] - Object: 'Object Repository/Backoffice/Clients/Registration/button_Submit' is clicked on

2018-10-12 12:56:11 - [TEST_STEP][PASSED] - delay: Delayed 2 second(s)

2018-10-12 12:56:13 - [MESSAGE][PASSED] - Delayed 2 second(s)]]></system-out>
         <system-err><![CDATA[]]></system-err>
      </testcase>
      <testcase name="Test Cases/Backoffice/RegisterAccount" classname="Test Cases/Backoffice/RegisterAccount" status="PASSED">
         <system-out><![CDATA[2018-10-12 12:56:13 - [TEST_CASE][PASSED] - Test Cases/Backoffice/RegisterAccount: Test Cases/Backoffice/RegisterAccount

2018-10-12 12:56:13 - [TEST_STEP][PASSED] - focus: Object: 'Object Repository/Backoffice/Clients/Clients' is focused

2018-10-12 12:56:13 - [MESSAGE][PASSED] - Object: 'Object Repository/Backoffice/Clients/Clients' is focused

2018-10-12 12:56:13 - [TEST_STEP][PASSED] - verifyElementPresent: Object 'Object Repository/Backoffice/Clients/Client Registration' is present

2018-10-12 12:56:13 - [MESSAGE][PASSED] - Object 'Object Repository/Backoffice/Clients/Client Registration' is present

2018-10-12 12:56:13 - [TEST_STEP][PASSED] - click: Object: 'Object Repository/Backoffice/Clients/Client Registration' is clicked on

2018-10-12 12:56:14 - [MESSAGE][PASSED] - Object: 'Object Repository/Backoffice/Clients/Client Registration' is clicked on

2018-10-12 12:56:14 - [TEST_STEP][PASSED] - setText: Text 'Stupidasole' is set on object 'Object Repository/Backoffice/Clients/Registration/input_username'

2018-10-12 12:56:14 - [MESSAGE][PASSED] - Text 'Stupidasole' is set on object 'Object Repository/Backoffice/Clients/Registration/input_username'

2018-10-12 12:56:14 - [TEST_STEP][PASSED] - setText: Text '123123' is set on object 'Object Repository/Backoffice/Clients/Registration/input_password'

2018-10-12 12:56:14 - [MESSAGE][PASSED] - Text '123123' is set on object 'Object Repository/Backoffice/Clients/Registration/input_password'

2018-10-12 12:56:14 - [TEST_STEP][PASSED] - setText: Text '123123' is set on object 'Object Repository/Backoffice/Clients/Registration/input_confirmp'

2018-10-12 12:56:14 - [MESSAGE][PASSED] - Text '123123' is set on object 'Object Repository/Backoffice/Clients/Registration/input_confirmp'

2018-10-12 12:56:14 - [TEST_STEP][PASSED] - selectOptionByValue: All options with value 'test' are selected in object 'Object Repository/Backoffice/Clients/Registration/select_operatorcode' 

2018-10-12 12:56:14 - [MESSAGE][PASSED] - All options with value 'test' are selected in object 'Object Repository/Backoffice/Clients/Registration/select_operatorcode' 

2018-10-12 12:56:14 - [TEST_STEP][PASSED] - selectOptionByValue: All options with value '1' are selected in object 'Object Repository/Backoffice/Clients/Registration/select_status' 

2018-10-12 12:56:15 - [MESSAGE][PASSED] - All options with value '1' are selected in object 'Object Repository/Backoffice/Clients/Registration/select_status' 

2018-10-12 12:56:15 - [TEST_STEP][PASSED] - delay: Delayed 2 second(s)

2018-10-12 12:56:17 - [MESSAGE][PASSED] - Delayed 2 second(s)

2018-10-12 12:56:17 - [TEST_STEP][PASSED] - click: Object: 'Object Repository/Backoffice/Clients/Registration/button_Submit' is clicked on

2018-10-12 12:56:18 - [MESSAGE][PASSED] - Object: 'Object Repository/Backoffice/Clients/Registration/button_Submit' is clicked on

2018-10-12 12:56:18 - [TEST_STEP][PASSED] - delay: Delayed 2 second(s)

2018-10-12 12:56:20 - [MESSAGE][PASSED] - Delayed 2 second(s)]]></system-out>
         <system-err><![CDATA[]]></system-err>
      </testcase>
      <testcase name="Test Cases/Backoffice/RegisterAccount" classname="Test Cases/Backoffice/RegisterAccount" status="PASSED">
         <system-out><![CDATA[2018-10-12 12:56:20 - [TEST_CASE][PASSED] - Test Cases/Backoffice/RegisterAccount: Test Cases/Backoffice/RegisterAccount

2018-10-12 12:56:20 - [TEST_STEP][PASSED] - focus: Object: 'Object Repository/Backoffice/Clients/Clients' is focused

2018-10-12 12:56:20 - [MESSAGE][PASSED] - Object: 'Object Repository/Backoffice/Clients/Clients' is focused

2018-10-12 12:56:20 - [TEST_STEP][PASSED] - verifyElementPresent: Object 'Object Repository/Backoffice/Clients/Client Registration' is present

2018-10-12 12:56:20 - [MESSAGE][PASSED] - Object 'Object Repository/Backoffice/Clients/Client Registration' is present

2018-10-12 12:56:20 - [TEST_STEP][PASSED] - click: Object: 'Object Repository/Backoffice/Clients/Client Registration' is clicked on

2018-10-12 12:56:21 - [MESSAGE][PASSED] - Object: 'Object Repository/Backoffice/Clients/Client Registration' is clicked on

2018-10-12 12:56:21 - [TEST_STEP][PASSED] - setText: Text 'whereismyname' is set on object 'Object Repository/Backoffice/Clients/Registration/input_username'

2018-10-12 12:56:21 - [MESSAGE][PASSED] - Text 'whereismyname' is set on object 'Object Repository/Backoffice/Clients/Registration/input_username'

2018-10-12 12:56:21 - [TEST_STEP][PASSED] - setText: Text '123123' is set on object 'Object Repository/Backoffice/Clients/Registration/input_password'

2018-10-12 12:56:21 - [MESSAGE][PASSED] - Text '123123' is set on object 'Object Repository/Backoffice/Clients/Registration/input_password'

2018-10-12 12:56:21 - [TEST_STEP][PASSED] - setText: Text '123123' is set on object 'Object Repository/Backoffice/Clients/Registration/input_confirmp'

2018-10-12 12:56:21 - [MESSAGE][PASSED] - Text '123123' is set on object 'Object Repository/Backoffice/Clients/Registration/input_confirmp'

2018-10-12 12:56:21 - [TEST_STEP][PASSED] - selectOptionByValue: All options with value 'test' are selected in object 'Object Repository/Backoffice/Clients/Registration/select_operatorcode' 

2018-10-12 12:56:21 - [MESSAGE][PASSED] - All options with value 'test' are selected in object 'Object Repository/Backoffice/Clients/Registration/select_operatorcode' 

2018-10-12 12:56:21 - [TEST_STEP][PASSED] - selectOptionByValue: All options with value '1' are selected in object 'Object Repository/Backoffice/Clients/Registration/select_status' 

2018-10-12 12:56:21 - [MESSAGE][PASSED] - All options with value '1' are selected in object 'Object Repository/Backoffice/Clients/Registration/select_status' 

2018-10-12 12:56:21 - [TEST_STEP][PASSED] - delay: Delayed 2 second(s)

2018-10-12 12:56:23 - [MESSAGE][PASSED] - Delayed 2 second(s)

2018-10-12 12:56:23 - [TEST_STEP][PASSED] - click: Object: 'Object Repository/Backoffice/Clients/Registration/button_Submit' is clicked on

2018-10-12 12:56:24 - [MESSAGE][PASSED] - Object: 'Object Repository/Backoffice/Clients/Registration/button_Submit' is clicked on

2018-10-12 12:56:24 - [TEST_STEP][PASSED] - delay: Delayed 2 second(s)

2018-10-12 12:56:26 - [MESSAGE][PASSED] - Delayed 2 second(s)]]></system-out>
         <system-err><![CDATA[]]></system-err>
      </testcase>
      <testcase name="Test Cases/Backoffice/RegisterAccount" classname="Test Cases/Backoffice/RegisterAccount" status="PASSED">
         <system-out><![CDATA[2018-10-12 12:56:26 - [TEST_CASE][PASSED] - Test Cases/Backoffice/RegisterAccount: Test Cases/Backoffice/RegisterAccount

2018-10-12 12:56:26 - [TEST_STEP][PASSED] - focus: Object: 'Object Repository/Backoffice/Clients/Clients' is focused

2018-10-12 12:56:26 - [MESSAGE][PASSED] - Object: 'Object Repository/Backoffice/Clients/Clients' is focused

2018-10-12 12:56:26 - [TEST_STEP][PASSED] - verifyElementPresent: Object 'Object Repository/Backoffice/Clients/Client Registration' is present

2018-10-12 12:56:26 - [MESSAGE][PASSED] - Object 'Object Repository/Backoffice/Clients/Client Registration' is present

2018-10-12 12:56:26 - [TEST_STEP][PASSED] - click: Object: 'Object Repository/Backoffice/Clients/Client Registration' is clicked on

2018-10-12 12:56:27 - [MESSAGE][PASSED] - Object: 'Object Repository/Backoffice/Clients/Client Registration' is clicked on

2018-10-12 12:56:27 - [TEST_STEP][PASSED] - setText: Text 'Nojokur' is set on object 'Object Repository/Backoffice/Clients/Registration/input_username'

2018-10-12 12:56:27 - [MESSAGE][PASSED] - Text 'Nojokur' is set on object 'Object Repository/Backoffice/Clients/Registration/input_username'

2018-10-12 12:56:27 - [TEST_STEP][PASSED] - setText: Text '123123' is set on object 'Object Repository/Backoffice/Clients/Registration/input_password'

2018-10-12 12:56:27 - [MESSAGE][PASSED] - Text '123123' is set on object 'Object Repository/Backoffice/Clients/Registration/input_password'

2018-10-12 12:56:27 - [TEST_STEP][PASSED] - setText: Text '123123' is set on object 'Object Repository/Backoffice/Clients/Registration/input_confirmp'

2018-10-12 12:56:27 - [MESSAGE][PASSED] - Text '123123' is set on object 'Object Repository/Backoffice/Clients/Registration/input_confirmp'

2018-10-12 12:56:27 - [TEST_STEP][PASSED] - selectOptionByValue: All options with value 'test' are selected in object 'Object Repository/Backoffice/Clients/Registration/select_operatorcode' 

2018-10-12 12:56:27 - [MESSAGE][PASSED] - All options with value 'test' are selected in object 'Object Repository/Backoffice/Clients/Registration/select_operatorcode' 

2018-10-12 12:56:27 - [TEST_STEP][PASSED] - selectOptionByValue: All options with value '1' are selected in object 'Object Repository/Backoffice/Clients/Registration/select_status' 

2018-10-12 12:56:27 - [MESSAGE][PASSED] - All options with value '1' are selected in object 'Object Repository/Backoffice/Clients/Registration/select_status' 

2018-10-12 12:56:27 - [TEST_STEP][PASSED] - delay: Delayed 2 second(s)

2018-10-12 12:56:29 - [MESSAGE][PASSED] - Delayed 2 second(s)

2018-10-12 12:56:29 - [TEST_STEP][PASSED] - click: Object: 'Object Repository/Backoffice/Clients/Registration/button_Submit' is clicked on

2018-10-12 12:56:30 - [MESSAGE][PASSED] - Object: 'Object Repository/Backoffice/Clients/Registration/button_Submit' is clicked on

2018-10-12 12:56:30 - [TEST_STEP][PASSED] - delay: Delayed 2 second(s)

2018-10-12 12:56:32 - [MESSAGE][PASSED] - Delayed 2 second(s)]]></system-out>
         <system-err><![CDATA[]]></system-err>
      </testcase>
      <testcase name="Test Cases/Backoffice/RegisterAccount" classname="Test Cases/Backoffice/RegisterAccount" status="PASSED">
         <system-out><![CDATA[2018-10-12 12:56:32 - [TEST_CASE][PASSED] - Test Cases/Backoffice/RegisterAccount: Test Cases/Backoffice/RegisterAccount

2018-10-12 12:56:32 - [TEST_STEP][PASSED] - focus: Object: 'Object Repository/Backoffice/Clients/Clients' is focused

2018-10-12 12:56:32 - [MESSAGE][PASSED] - Object: 'Object Repository/Backoffice/Clients/Clients' is focused

2018-10-12 12:56:32 - [TEST_STEP][PASSED] - verifyElementPresent: Object 'Object Repository/Backoffice/Clients/Client Registration' is present

2018-10-12 12:56:32 - [MESSAGE][PASSED] - Object 'Object Repository/Backoffice/Clients/Client Registration' is present

2018-10-12 12:56:32 - [TEST_STEP][PASSED] - click: Object: 'Object Repository/Backoffice/Clients/Client Registration' is clicked on

2018-10-12 12:56:33 - [MESSAGE][PASSED] - Object: 'Object Repository/Backoffice/Clients/Client Registration' is clicked on

2018-10-12 12:56:33 - [TEST_STEP][PASSED] - setText: Text 'Illusionz' is set on object 'Object Repository/Backoffice/Clients/Registration/input_username'

2018-10-12 12:56:33 - [MESSAGE][PASSED] - Text 'Illusionz' is set on object 'Object Repository/Backoffice/Clients/Registration/input_username'

2018-10-12 12:56:33 - [TEST_STEP][PASSED] - setText: Text '123123' is set on object 'Object Repository/Backoffice/Clients/Registration/input_password'

2018-10-12 12:56:33 - [MESSAGE][PASSED] - Text '123123' is set on object 'Object Repository/Backoffice/Clients/Registration/input_password'

2018-10-12 12:56:33 - [TEST_STEP][PASSED] - setText: Text '123123' is set on object 'Object Repository/Backoffice/Clients/Registration/input_confirmp'

2018-10-12 12:56:33 - [MESSAGE][PASSED] - Text '123123' is set on object 'Object Repository/Backoffice/Clients/Registration/input_confirmp'

2018-10-12 12:56:33 - [TEST_STEP][PASSED] - selectOptionByValue: All options with value 'test' are selected in object 'Object Repository/Backoffice/Clients/Registration/select_operatorcode' 

2018-10-12 12:56:33 - [MESSAGE][PASSED] - All options with value 'test' are selected in object 'Object Repository/Backoffice/Clients/Registration/select_operatorcode' 

2018-10-12 12:56:33 - [TEST_STEP][PASSED] - selectOptionByValue: All options with value '1' are selected in object 'Object Repository/Backoffice/Clients/Registration/select_status' 

2018-10-12 12:56:33 - [MESSAGE][PASSED] - All options with value '1' are selected in object 'Object Repository/Backoffice/Clients/Registration/select_status' 

2018-10-12 12:56:33 - [TEST_STEP][PASSED] - delay: Delayed 2 second(s)

2018-10-12 12:56:35 - [MESSAGE][PASSED] - Delayed 2 second(s)

2018-10-12 12:56:35 - [TEST_STEP][PASSED] - click: Object: 'Object Repository/Backoffice/Clients/Registration/button_Submit' is clicked on

2018-10-12 12:56:36 - [MESSAGE][PASSED] - Object: 'Object Repository/Backoffice/Clients/Registration/button_Submit' is clicked on

2018-10-12 12:56:36 - [TEST_STEP][PASSED] - delay: Delayed 2 second(s)

2018-10-12 12:56:38 - [MESSAGE][PASSED] - Delayed 2 second(s)]]></system-out>
         <system-err><![CDATA[]]></system-err>
      </testcase>
      <testcase name="Test Cases/Backoffice/RegisterAccount" classname="Test Cases/Backoffice/RegisterAccount" status="PASSED">
         <system-out><![CDATA[2018-10-12 12:56:38 - [TEST_CASE][PASSED] - Test Cases/Backoffice/RegisterAccount: Test Cases/Backoffice/RegisterAccount

2018-10-12 12:56:38 - [TEST_STEP][PASSED] - focus: Object: 'Object Repository/Backoffice/Clients/Clients' is focused

2018-10-12 12:56:38 - [MESSAGE][PASSED] - Object: 'Object Repository/Backoffice/Clients/Clients' is focused

2018-10-12 12:56:38 - [TEST_STEP][PASSED] - verifyElementPresent: Object 'Object Repository/Backoffice/Clients/Client Registration' is present

2018-10-12 12:56:38 - [MESSAGE][PASSED] - Object 'Object Repository/Backoffice/Clients/Client Registration' is present

2018-10-12 12:56:38 - [TEST_STEP][PASSED] - click: Object: 'Object Repository/Backoffice/Clients/Client Registration' is clicked on

2018-10-12 12:56:39 - [MESSAGE][PASSED] - Object: 'Object Repository/Backoffice/Clients/Client Registration' is clicked on

2018-10-12 12:56:39 - [TEST_STEP][PASSED] - setText: Text 'Spazyfool' is set on object 'Object Repository/Backoffice/Clients/Registration/input_username'

2018-10-12 12:56:39 - [MESSAGE][PASSED] - Text 'Spazyfool' is set on object 'Object Repository/Backoffice/Clients/Registration/input_username'

2018-10-12 12:56:39 - [TEST_STEP][PASSED] - setText: Text '123123' is set on object 'Object Repository/Backoffice/Clients/Registration/input_password'

2018-10-12 12:56:39 - [MESSAGE][PASSED] - Text '123123' is set on object 'Object Repository/Backoffice/Clients/Registration/input_password'

2018-10-12 12:56:39 - [TEST_STEP][PASSED] - setText: Text '123123' is set on object 'Object Repository/Backoffice/Clients/Registration/input_confirmp'

2018-10-12 12:56:39 - [MESSAGE][PASSED] - Text '123123' is set on object 'Object Repository/Backoffice/Clients/Registration/input_confirmp'

2018-10-12 12:56:39 - [TEST_STEP][PASSED] - selectOptionByValue: All options with value 'test' are selected in object 'Object Repository/Backoffice/Clients/Registration/select_operatorcode' 

2018-10-12 12:56:40 - [MESSAGE][PASSED] - All options with value 'test' are selected in object 'Object Repository/Backoffice/Clients/Registration/select_operatorcode' 

2018-10-12 12:56:40 - [TEST_STEP][PASSED] - selectOptionByValue: All options with value '1' are selected in object 'Object Repository/Backoffice/Clients/Registration/select_status' 

2018-10-12 12:56:40 - [MESSAGE][PASSED] - All options with value '1' are selected in object 'Object Repository/Backoffice/Clients/Registration/select_status' 

2018-10-12 12:56:40 - [TEST_STEP][PASSED] - delay: Delayed 2 second(s)

2018-10-12 12:56:42 - [MESSAGE][PASSED] - Delayed 2 second(s)

2018-10-12 12:56:42 - [TEST_STEP][PASSED] - click: Object: 'Object Repository/Backoffice/Clients/Registration/button_Submit' is clicked on

2018-10-12 12:56:43 - [MESSAGE][PASSED] - Object: 'Object Repository/Backoffice/Clients/Registration/button_Submit' is clicked on

2018-10-12 12:56:43 - [TEST_STEP][PASSED] - delay: Delayed 2 second(s)

2018-10-12 12:56:45 - [MESSAGE][PASSED] - Delayed 2 second(s)]]></system-out>
         <system-err><![CDATA[]]></system-err>
      </testcase>
      <testcase name="Test Cases/Backoffice/RegisterAccount" classname="Test Cases/Backoffice/RegisterAccount" status="PASSED">
         <system-out><![CDATA[2018-10-12 12:56:45 - [TEST_CASE][PASSED] - Test Cases/Backoffice/RegisterAccount: Test Cases/Backoffice/RegisterAccount

2018-10-12 12:56:45 - [TEST_STEP][PASSED] - focus: Object: 'Object Repository/Backoffice/Clients/Clients' is focused

2018-10-12 12:56:45 - [MESSAGE][PASSED] - Object: 'Object Repository/Backoffice/Clients/Clients' is focused

2018-10-12 12:56:45 - [TEST_STEP][PASSED] - verifyElementPresent: Object 'Object Repository/Backoffice/Clients/Client Registration' is present

2018-10-12 12:56:45 - [MESSAGE][PASSED] - Object 'Object Repository/Backoffice/Clients/Client Registration' is present

2018-10-12 12:56:45 - [TEST_STEP][PASSED] - click: Object: 'Object Repository/Backoffice/Clients/Client Registration' is clicked on

2018-10-12 12:56:45 - [MESSAGE][PASSED] - Object: 'Object Repository/Backoffice/Clients/Client Registration' is clicked on

2018-10-12 12:56:45 - [TEST_STEP][PASSED] - setText: Text 'Supergrass' is set on object 'Object Repository/Backoffice/Clients/Registration/input_username'

2018-10-12 12:56:45 - [MESSAGE][PASSED] - Text 'Supergrass' is set on object 'Object Repository/Backoffice/Clients/Registration/input_username'

2018-10-12 12:56:45 - [TEST_STEP][PASSED] - setText: Text '123123' is set on object 'Object Repository/Backoffice/Clients/Registration/input_password'

2018-10-12 12:56:45 - [MESSAGE][PASSED] - Text '123123' is set on object 'Object Repository/Backoffice/Clients/Registration/input_password'

2018-10-12 12:56:45 - [TEST_STEP][PASSED] - setText: Text '123123' is set on object 'Object Repository/Backoffice/Clients/Registration/input_confirmp'

2018-10-12 12:56:45 - [MESSAGE][PASSED] - Text '123123' is set on object 'Object Repository/Backoffice/Clients/Registration/input_confirmp'

2018-10-12 12:56:45 - [TEST_STEP][PASSED] - selectOptionByValue: All options with value 'test' are selected in object 'Object Repository/Backoffice/Clients/Registration/select_operatorcode' 

2018-10-12 12:56:46 - [MESSAGE][PASSED] - All options with value 'test' are selected in object 'Object Repository/Backoffice/Clients/Registration/select_operatorcode' 

2018-10-12 12:56:46 - [TEST_STEP][PASSED] - selectOptionByValue: All options with value '1' are selected in object 'Object Repository/Backoffice/Clients/Registration/select_status' 

2018-10-12 12:56:46 - [MESSAGE][PASSED] - All options with value '1' are selected in object 'Object Repository/Backoffice/Clients/Registration/select_status' 

2018-10-12 12:56:46 - [TEST_STEP][PASSED] - delay: Delayed 2 second(s)

2018-10-12 12:56:48 - [MESSAGE][PASSED] - Delayed 2 second(s)

2018-10-12 12:56:48 - [TEST_STEP][PASSED] - click: Object: 'Object Repository/Backoffice/Clients/Registration/button_Submit' is clicked on

2018-10-12 12:56:49 - [MESSAGE][PASSED] - Object: 'Object Repository/Backoffice/Clients/Registration/button_Submit' is clicked on

2018-10-12 12:56:49 - [TEST_STEP][PASSED] - delay: Delayed 2 second(s)

2018-10-12 12:56:51 - [MESSAGE][PASSED] - Delayed 2 second(s)]]></system-out>
         <system-err><![CDATA[]]></system-err>
      </testcase>
      <testcase name="Test Cases/Backoffice/RegisterAccount" classname="Test Cases/Backoffice/RegisterAccount" status="PASSED">
         <system-out><![CDATA[2018-10-12 12:56:51 - [TEST_CASE][PASSED] - Test Cases/Backoffice/RegisterAccount: Test Cases/Backoffice/RegisterAccount

2018-10-12 12:56:51 - [TEST_STEP][PASSED] - focus: Object: 'Object Repository/Backoffice/Clients/Clients' is focused

2018-10-12 12:56:51 - [MESSAGE][PASSED] - Object: 'Object Repository/Backoffice/Clients/Clients' is focused

2018-10-12 12:56:51 - [TEST_STEP][PASSED] - verifyElementPresent: Object 'Object Repository/Backoffice/Clients/Client Registration' is present

2018-10-12 12:56:51 - [MESSAGE][PASSED] - Object 'Object Repository/Backoffice/Clients/Client Registration' is present

2018-10-12 12:56:51 - [TEST_STEP][PASSED] - click: Object: 'Object Repository/Backoffice/Clients/Client Registration' is clicked on

2018-10-12 12:56:51 - [MESSAGE][PASSED] - Object: 'Object Repository/Backoffice/Clients/Client Registration' is clicked on

2018-10-12 12:56:51 - [TEST_STEP][PASSED] - setText: Text 'Dreamworx' is set on object 'Object Repository/Backoffice/Clients/Registration/input_username'

2018-10-12 12:56:51 - [MESSAGE][PASSED] - Text 'Dreamworx' is set on object 'Object Repository/Backoffice/Clients/Registration/input_username'

2018-10-12 12:56:51 - [TEST_STEP][PASSED] - setText: Text '123123' is set on object 'Object Repository/Backoffice/Clients/Registration/input_password'

2018-10-12 12:56:51 - [MESSAGE][PASSED] - Text '123123' is set on object 'Object Repository/Backoffice/Clients/Registration/input_password'

2018-10-12 12:56:51 - [TEST_STEP][PASSED] - setText: Text '123123' is set on object 'Object Repository/Backoffice/Clients/Registration/input_confirmp'

2018-10-12 12:56:52 - [MESSAGE][PASSED] - Text '123123' is set on object 'Object Repository/Backoffice/Clients/Registration/input_confirmp'

2018-10-12 12:56:52 - [TEST_STEP][PASSED] - selectOptionByValue: All options with value 'test' are selected in object 'Object Repository/Backoffice/Clients/Registration/select_operatorcode' 

2018-10-12 12:56:52 - [MESSAGE][PASSED] - All options with value 'test' are selected in object 'Object Repository/Backoffice/Clients/Registration/select_operatorcode' 

2018-10-12 12:56:52 - [TEST_STEP][PASSED] - selectOptionByValue: All options with value '1' are selected in object 'Object Repository/Backoffice/Clients/Registration/select_status' 

2018-10-12 12:56:52 - [MESSAGE][PASSED] - All options with value '1' are selected in object 'Object Repository/Backoffice/Clients/Registration/select_status' 

2018-10-12 12:56:52 - [TEST_STEP][PASSED] - delay: Delayed 2 second(s)

2018-10-12 12:56:54 - [MESSAGE][PASSED] - Delayed 2 second(s)

2018-10-12 12:56:54 - [TEST_STEP][PASSED] - click: Object: 'Object Repository/Backoffice/Clients/Registration/button_Submit' is clicked on

2018-10-12 12:56:55 - [MESSAGE][PASSED] - Object: 'Object Repository/Backoffice/Clients/Registration/button_Submit' is clicked on

2018-10-12 12:56:55 - [TEST_STEP][PASSED] - delay: Delayed 2 second(s)

2018-10-12 12:56:57 - [MESSAGE][PASSED] - Delayed 2 second(s)]]></system-out>
         <system-err><![CDATA[]]></system-err>
      </testcase>
      <testcase name="Test Cases/Backoffice/RegisterAccount" classname="Test Cases/Backoffice/RegisterAccount" status="PASSED">
         <system-out><![CDATA[2018-10-12 12:56:57 - [TEST_CASE][PASSED] - Test Cases/Backoffice/RegisterAccount: Test Cases/Backoffice/RegisterAccount

2018-10-12 12:56:57 - [TEST_STEP][PASSED] - focus: Object: 'Object Repository/Backoffice/Clients/Clients' is focused

2018-10-12 12:56:57 - [MESSAGE][PASSED] - Object: 'Object Repository/Backoffice/Clients/Clients' is focused

2018-10-12 12:56:57 - [TEST_STEP][PASSED] - verifyElementPresent: Object 'Object Repository/Backoffice/Clients/Client Registration' is present

2018-10-12 12:56:57 - [MESSAGE][PASSED] - Object 'Object Repository/Backoffice/Clients/Client Registration' is present

2018-10-12 12:56:57 - [TEST_STEP][PASSED] - click: Object: 'Object Repository/Backoffice/Clients/Client Registration' is clicked on

2018-10-12 12:56:57 - [MESSAGE][PASSED] - Object: 'Object Repository/Backoffice/Clients/Client Registration' is clicked on

2018-10-12 12:56:57 - [TEST_STEP][PASSED] - setText: Text 'Fried_Sushi' is set on object 'Object Repository/Backoffice/Clients/Registration/input_username'

2018-10-12 12:56:57 - [MESSAGE][PASSED] - Text 'Fried_Sushi' is set on object 'Object Repository/Backoffice/Clients/Registration/input_username'

2018-10-12 12:56:57 - [TEST_STEP][PASSED] - setText: Text '123123' is set on object 'Object Repository/Backoffice/Clients/Registration/input_password'

2018-10-12 12:56:57 - [MESSAGE][PASSED] - Text '123123' is set on object 'Object Repository/Backoffice/Clients/Registration/input_password'

2018-10-12 12:56:57 - [TEST_STEP][PASSED] - setText: Text '123123' is set on object 'Object Repository/Backoffice/Clients/Registration/input_confirmp'

2018-10-12 12:56:58 - [MESSAGE][PASSED] - Text '123123' is set on object 'Object Repository/Backoffice/Clients/Registration/input_confirmp'

2018-10-12 12:56:58 - [TEST_STEP][PASSED] - selectOptionByValue: All options with value 'test' are selected in object 'Object Repository/Backoffice/Clients/Registration/select_operatorcode' 

2018-10-12 12:56:58 - [MESSAGE][PASSED] - All options with value 'test' are selected in object 'Object Repository/Backoffice/Clients/Registration/select_operatorcode' 

2018-10-12 12:56:58 - [TEST_STEP][PASSED] - selectOptionByValue: All options with value '1' are selected in object 'Object Repository/Backoffice/Clients/Registration/select_status' 

2018-10-12 12:56:58 - [MESSAGE][PASSED] - All options with value '1' are selected in object 'Object Repository/Backoffice/Clients/Registration/select_status' 

2018-10-12 12:56:58 - [TEST_STEP][PASSED] - delay: Delayed 2 second(s)

2018-10-12 12:57:00 - [MESSAGE][PASSED] - Delayed 2 second(s)

2018-10-12 12:57:00 - [TEST_STEP][PASSED] - click: Object: 'Object Repository/Backoffice/Clients/Registration/button_Submit' is clicked on

2018-10-12 12:57:01 - [MESSAGE][PASSED] - Object: 'Object Repository/Backoffice/Clients/Registration/button_Submit' is clicked on

2018-10-12 12:57:01 - [TEST_STEP][PASSED] - delay: Delayed 2 second(s)

2018-10-12 12:57:03 - [MESSAGE][PASSED] - Delayed 2 second(s)]]></system-out>
         <system-err><![CDATA[]]></system-err>
      </testcase>
      <testcase name="Test Cases/Backoffice/RegisterAccount" classname="Test Cases/Backoffice/RegisterAccount" status="PASSED">
         <system-out><![CDATA[2018-10-12 12:57:03 - [TEST_CASE][PASSED] - Test Cases/Backoffice/RegisterAccount: Test Cases/Backoffice/RegisterAccount

2018-10-12 12:57:03 - [TEST_STEP][PASSED] - focus: Object: 'Object Repository/Backoffice/Clients/Clients' is focused

2018-10-12 12:57:03 - [MESSAGE][PASSED] - Object: 'Object Repository/Backoffice/Clients/Clients' is focused

2018-10-12 12:57:03 - [TEST_STEP][PASSED] - verifyElementPresent: Object 'Object Repository/Backoffice/Clients/Client Registration' is present

2018-10-12 12:57:03 - [MESSAGE][PASSED] - Object 'Object Repository/Backoffice/Clients/Client Registration' is present

2018-10-12 12:57:03 - [TEST_STEP][PASSED] - click: Object: 'Object Repository/Backoffice/Clients/Client Registration' is clicked on

2018-10-12 12:57:03 - [MESSAGE][PASSED] - Object: 'Object Repository/Backoffice/Clients/Client Registration' is clicked on

2018-10-12 12:57:03 - [TEST_STEP][PASSED] - setText: Text 'Stark_Naked' is set on object 'Object Repository/Backoffice/Clients/Registration/input_username'

2018-10-12 12:57:04 - [MESSAGE][PASSED] - Text 'Stark_Naked' is set on object 'Object Repository/Backoffice/Clients/Registration/input_username'

2018-10-12 12:57:04 - [TEST_STEP][PASSED] - setText: Text '123123' is set on object 'Object Repository/Backoffice/Clients/Registration/input_password'

2018-10-12 12:57:04 - [MESSAGE][PASSED] - Text '123123' is set on object 'Object Repository/Backoffice/Clients/Registration/input_password'

2018-10-12 12:57:04 - [TEST_STEP][PASSED] - setText: Text '123123' is set on object 'Object Repository/Backoffice/Clients/Registration/input_confirmp'

2018-10-12 12:57:04 - [MESSAGE][PASSED] - Text '123123' is set on object 'Object Repository/Backoffice/Clients/Registration/input_confirmp'

2018-10-12 12:57:04 - [TEST_STEP][PASSED] - selectOptionByValue: All options with value 'test' are selected in object 'Object Repository/Backoffice/Clients/Registration/select_operatorcode' 

2018-10-12 12:57:04 - [MESSAGE][PASSED] - All options with value 'test' are selected in object 'Object Repository/Backoffice/Clients/Registration/select_operatorcode' 

2018-10-12 12:57:04 - [TEST_STEP][PASSED] - selectOptionByValue: All options with value '1' are selected in object 'Object Repository/Backoffice/Clients/Registration/select_status' 

2018-10-12 12:57:04 - [MESSAGE][PASSED] - All options with value '1' are selected in object 'Object Repository/Backoffice/Clients/Registration/select_status' 

2018-10-12 12:57:04 - [TEST_STEP][PASSED] - delay: Delayed 2 second(s)

2018-10-12 12:57:06 - [MESSAGE][PASSED] - Delayed 2 second(s)

2018-10-12 12:57:06 - [TEST_STEP][PASSED] - click: Object: 'Object Repository/Backoffice/Clients/Registration/button_Submit' is clicked on

2018-10-12 12:57:07 - [MESSAGE][PASSED] - Object: 'Object Repository/Backoffice/Clients/Registration/button_Submit' is clicked on

2018-10-12 12:57:07 - [TEST_STEP][PASSED] - delay: Delayed 2 second(s)

2018-10-12 12:57:09 - [MESSAGE][PASSED] - Delayed 2 second(s)]]></system-out>
         <system-err><![CDATA[]]></system-err>
      </testcase>
      <testcase name="Test Cases/Backoffice/RegisterAccount" classname="Test Cases/Backoffice/RegisterAccount" status="PASSED">
         <system-out><![CDATA[2018-10-12 12:57:09 - [TEST_CASE][PASSED] - Test Cases/Backoffice/RegisterAccount: Test Cases/Backoffice/RegisterAccount

2018-10-12 12:57:09 - [TEST_STEP][PASSED] - focus: Object: 'Object Repository/Backoffice/Clients/Clients' is focused

2018-10-12 12:57:09 - [MESSAGE][PASSED] - Object: 'Object Repository/Backoffice/Clients/Clients' is focused

2018-10-12 12:57:09 - [TEST_STEP][PASSED] - verifyElementPresent: Object 'Object Repository/Backoffice/Clients/Client Registration' is present

2018-10-12 12:57:09 - [MESSAGE][PASSED] - Object 'Object Repository/Backoffice/Clients/Client Registration' is present

2018-10-12 12:57:09 - [TEST_STEP][PASSED] - click: Object: 'Object Repository/Backoffice/Clients/Client Registration' is clicked on

2018-10-12 12:57:10 - [MESSAGE][PASSED] - Object: 'Object Repository/Backoffice/Clients/Client Registration' is clicked on

2018-10-12 12:57:10 - [TEST_STEP][PASSED] - setText: Text 'Need_TLC' is set on object 'Object Repository/Backoffice/Clients/Registration/input_username'

2018-10-12 12:57:10 - [MESSAGE][PASSED] - Text 'Need_TLC' is set on object 'Object Repository/Backoffice/Clients/Registration/input_username'

2018-10-12 12:57:10 - [TEST_STEP][PASSED] - setText: Text '123123' is set on object 'Object Repository/Backoffice/Clients/Registration/input_password'

2018-10-12 12:57:10 - [MESSAGE][PASSED] - Text '123123' is set on object 'Object Repository/Backoffice/Clients/Registration/input_password'

2018-10-12 12:57:10 - [TEST_STEP][PASSED] - setText: Text '123123' is set on object 'Object Repository/Backoffice/Clients/Registration/input_confirmp'

2018-10-12 12:57:10 - [MESSAGE][PASSED] - Text '123123' is set on object 'Object Repository/Backoffice/Clients/Registration/input_confirmp'

2018-10-12 12:57:10 - [TEST_STEP][PASSED] - selectOptionByValue: All options with value 'test' are selected in object 'Object Repository/Backoffice/Clients/Registration/select_operatorcode' 

2018-10-12 12:57:10 - [MESSAGE][PASSED] - All options with value 'test' are selected in object 'Object Repository/Backoffice/Clients/Registration/select_operatorcode' 

2018-10-12 12:57:10 - [TEST_STEP][PASSED] - selectOptionByValue: All options with value '1' are selected in object 'Object Repository/Backoffice/Clients/Registration/select_status' 

2018-10-12 12:57:10 - [MESSAGE][PASSED] - All options with value '1' are selected in object 'Object Repository/Backoffice/Clients/Registration/select_status' 

2018-10-12 12:57:10 - [TEST_STEP][PASSED] - delay: Delayed 2 second(s)

2018-10-12 12:57:12 - [MESSAGE][PASSED] - Delayed 2 second(s)

2018-10-12 12:57:12 - [TEST_STEP][PASSED] - click: Object: 'Object Repository/Backoffice/Clients/Registration/button_Submit' is clicked on

2018-10-12 12:57:14 - [MESSAGE][PASSED] - Object: 'Object Repository/Backoffice/Clients/Registration/button_Submit' is clicked on

2018-10-12 12:57:14 - [TEST_STEP][PASSED] - delay: Delayed 2 second(s)

2018-10-12 12:57:16 - [MESSAGE][PASSED] - Delayed 2 second(s)]]></system-out>
         <system-err><![CDATA[]]></system-err>
      </testcase>
      <testcase name="Test Cases/Backoffice/RegisterAccount" classname="Test Cases/Backoffice/RegisterAccount" status="PASSED">
         <system-out><![CDATA[2018-10-12 12:57:16 - [TEST_CASE][PASSED] - Test Cases/Backoffice/RegisterAccount: Test Cases/Backoffice/RegisterAccount

2018-10-12 12:57:16 - [TEST_STEP][PASSED] - focus: Object: 'Object Repository/Backoffice/Clients/Clients' is focused

2018-10-12 12:57:16 - [MESSAGE][PASSED] - Object: 'Object Repository/Backoffice/Clients/Clients' is focused

2018-10-12 12:57:16 - [TEST_STEP][PASSED] - verifyElementPresent: Object 'Object Repository/Backoffice/Clients/Client Registration' is present

2018-10-12 12:57:16 - [MESSAGE][PASSED] - Object 'Object Repository/Backoffice/Clients/Client Registration' is present

2018-10-12 12:57:16 - [TEST_STEP][PASSED] - click: Object: 'Object Repository/Backoffice/Clients/Client Registration' is clicked on

2018-10-12 12:57:16 - [MESSAGE][PASSED] - Object: 'Object Repository/Backoffice/Clients/Client Registration' is clicked on

2018-10-12 12:57:16 - [TEST_STEP][PASSED] - setText: Text 'Raving_Cute' is set on object 'Object Repository/Backoffice/Clients/Registration/input_username'

2018-10-12 12:57:16 - [MESSAGE][PASSED] - Text 'Raving_Cute' is set on object 'Object Repository/Backoffice/Clients/Registration/input_username'

2018-10-12 12:57:16 - [TEST_STEP][PASSED] - setText: Text '123123' is set on object 'Object Repository/Backoffice/Clients/Registration/input_password'

2018-10-12 12:57:17 - [MESSAGE][PASSED] - Text '123123' is set on object 'Object Repository/Backoffice/Clients/Registration/input_password'

2018-10-12 12:57:17 - [TEST_STEP][PASSED] - setText: Text '123123' is set on object 'Object Repository/Backoffice/Clients/Registration/input_confirmp'

2018-10-12 12:57:17 - [MESSAGE][PASSED] - Text '123123' is set on object 'Object Repository/Backoffice/Clients/Registration/input_confirmp'

2018-10-12 12:57:17 - [TEST_STEP][PASSED] - selectOptionByValue: All options with value 'test' are selected in object 'Object Repository/Backoffice/Clients/Registration/select_operatorcode' 

2018-10-12 12:57:17 - [MESSAGE][PASSED] - All options with value 'test' are selected in object 'Object Repository/Backoffice/Clients/Registration/select_operatorcode' 

2018-10-12 12:57:17 - [TEST_STEP][PASSED] - selectOptionByValue: All options with value '1' are selected in object 'Object Repository/Backoffice/Clients/Registration/select_status' 

2018-10-12 12:57:17 - [MESSAGE][PASSED] - All options with value '1' are selected in object 'Object Repository/Backoffice/Clients/Registration/select_status' 

2018-10-12 12:57:17 - [TEST_STEP][PASSED] - delay: Delayed 2 second(s)

2018-10-12 12:57:19 - [MESSAGE][PASSED] - Delayed 2 second(s)

2018-10-12 12:57:19 - [TEST_STEP][PASSED] - click: Object: 'Object Repository/Backoffice/Clients/Registration/button_Submit' is clicked on

2018-10-12 12:57:20 - [MESSAGE][PASSED] - Object: 'Object Repository/Backoffice/Clients/Registration/button_Submit' is clicked on

2018-10-12 12:57:20 - [TEST_STEP][PASSED] - delay: Delayed 2 second(s)

2018-10-12 12:57:22 - [MESSAGE][PASSED] - Delayed 2 second(s)]]></system-out>
         <system-err><![CDATA[]]></system-err>
      </testcase>
      <testcase name="Test Cases/Backoffice/RegisterAccount" classname="Test Cases/Backoffice/RegisterAccount" status="PASSED">
         <system-out><![CDATA[2018-10-12 12:57:22 - [TEST_CASE][PASSED] - Test Cases/Backoffice/RegisterAccount: Test Cases/Backoffice/RegisterAccount

2018-10-12 12:57:22 - [TEST_STEP][PASSED] - focus: Object: 'Object Repository/Backoffice/Clients/Clients' is focused

2018-10-12 12:57:22 - [MESSAGE][PASSED] - Object: 'Object Repository/Backoffice/Clients/Clients' is focused

2018-10-12 12:57:22 - [TEST_STEP][PASSED] - verifyElementPresent: Object 'Object Repository/Backoffice/Clients/Client Registration' is present

2018-10-12 12:57:22 - [MESSAGE][PASSED] - Object 'Object Repository/Backoffice/Clients/Client Registration' is present

2018-10-12 12:57:22 - [TEST_STEP][PASSED] - click: Object: 'Object Repository/Backoffice/Clients/Client Registration' is clicked on

2018-10-12 12:57:22 - [MESSAGE][PASSED] - Object: 'Object Repository/Backoffice/Clients/Client Registration' is clicked on

2018-10-12 12:57:22 - [TEST_STEP][PASSED] - setText: Text 'Nude_Bikergirl' is set on object 'Object Repository/Backoffice/Clients/Registration/input_username'

2018-10-12 12:57:23 - [MESSAGE][PASSED] - Text 'Nude_Bikergirl' is set on object 'Object Repository/Backoffice/Clients/Registration/input_username'

2018-10-12 12:57:23 - [TEST_STEP][PASSED] - setText: Text '123123' is set on object 'Object Repository/Backoffice/Clients/Registration/input_password'

2018-10-12 12:57:23 - [MESSAGE][PASSED] - Text '123123' is set on object 'Object Repository/Backoffice/Clients/Registration/input_password'

2018-10-12 12:57:23 - [TEST_STEP][PASSED] - setText: Text '123123' is set on object 'Object Repository/Backoffice/Clients/Registration/input_confirmp'

2018-10-12 12:57:23 - [MESSAGE][PASSED] - Text '123123' is set on object 'Object Repository/Backoffice/Clients/Registration/input_confirmp'

2018-10-12 12:57:23 - [TEST_STEP][PASSED] - selectOptionByValue: All options with value 'test' are selected in object 'Object Repository/Backoffice/Clients/Registration/select_operatorcode' 

2018-10-12 12:57:23 - [MESSAGE][PASSED] - All options with value 'test' are selected in object 'Object Repository/Backoffice/Clients/Registration/select_operatorcode' 

2018-10-12 12:57:23 - [TEST_STEP][PASSED] - selectOptionByValue: All options with value '1' are selected in object 'Object Repository/Backoffice/Clients/Registration/select_status' 

2018-10-12 12:57:23 - [MESSAGE][PASSED] - All options with value '1' are selected in object 'Object Repository/Backoffice/Clients/Registration/select_status' 

2018-10-12 12:57:23 - [TEST_STEP][PASSED] - delay: Delayed 2 second(s)

2018-10-12 12:57:25 - [MESSAGE][PASSED] - Delayed 2 second(s)

2018-10-12 12:57:25 - [TEST_STEP][PASSED] - click: Object: 'Object Repository/Backoffice/Clients/Registration/button_Submit' is clicked on

2018-10-12 12:57:26 - [MESSAGE][PASSED] - Object: 'Object Repository/Backoffice/Clients/Registration/button_Submit' is clicked on

2018-10-12 12:57:26 - [TEST_STEP][PASSED] - delay: Delayed 2 second(s)

2018-10-12 12:57:28 - [MESSAGE][PASSED] - Delayed 2 second(s)]]></system-out>
         <system-err><![CDATA[]]></system-err>
      </testcase>
      <testcase name="Test Cases/Backoffice/RegisterAccount" classname="Test Cases/Backoffice/RegisterAccount" status="PASSED">
         <system-out><![CDATA[2018-10-12 12:57:28 - [TEST_CASE][PASSED] - Test Cases/Backoffice/RegisterAccount: Test Cases/Backoffice/RegisterAccount

2018-10-12 12:57:28 - [TEST_STEP][PASSED] - focus: Object: 'Object Repository/Backoffice/Clients/Clients' is focused

2018-10-12 12:57:28 - [MESSAGE][PASSED] - Object: 'Object Repository/Backoffice/Clients/Clients' is focused

2018-10-12 12:57:28 - [TEST_STEP][PASSED] - verifyElementPresent: Object 'Object Repository/Backoffice/Clients/Client Registration' is present

2018-10-12 12:57:28 - [MESSAGE][PASSED] - Object 'Object Repository/Backoffice/Clients/Client Registration' is present

2018-10-12 12:57:28 - [TEST_STEP][PASSED] - click: Object: 'Object Repository/Backoffice/Clients/Client Registration' is clicked on

2018-10-12 12:57:29 - [MESSAGE][PASSED] - Object: 'Object Repository/Backoffice/Clients/Client Registration' is clicked on

2018-10-12 12:57:29 - [TEST_STEP][PASSED] - setText: Text 'Lunatick' is set on object 'Object Repository/Backoffice/Clients/Registration/input_username'

2018-10-12 12:57:29 - [MESSAGE][PASSED] - Text 'Lunatick' is set on object 'Object Repository/Backoffice/Clients/Registration/input_username'

2018-10-12 12:57:29 - [TEST_STEP][PASSED] - setText: Text '123123' is set on object 'Object Repository/Backoffice/Clients/Registration/input_password'

2018-10-12 12:57:29 - [MESSAGE][PASSED] - Text '123123' is set on object 'Object Repository/Backoffice/Clients/Registration/input_password'

2018-10-12 12:57:29 - [TEST_STEP][PASSED] - setText: Text '123123' is set on object 'Object Repository/Backoffice/Clients/Registration/input_confirmp'

2018-10-12 12:57:29 - [MESSAGE][PASSED] - Text '123123' is set on object 'Object Repository/Backoffice/Clients/Registration/input_confirmp'

2018-10-12 12:57:29 - [TEST_STEP][PASSED] - selectOptionByValue: All options with value 'test' are selected in object 'Object Repository/Backoffice/Clients/Registration/select_operatorcode' 

2018-10-12 12:57:30 - [MESSAGE][PASSED] - All options with value 'test' are selected in object 'Object Repository/Backoffice/Clients/Registration/select_operatorcode' 

2018-10-12 12:57:30 - [TEST_STEP][PASSED] - selectOptionByValue: All options with value '1' are selected in object 'Object Repository/Backoffice/Clients/Registration/select_status' 

2018-10-12 12:57:30 - [MESSAGE][PASSED] - All options with value '1' are selected in object 'Object Repository/Backoffice/Clients/Registration/select_status' 

2018-10-12 12:57:30 - [TEST_STEP][PASSED] - delay: Delayed 2 second(s)

2018-10-12 12:57:32 - [MESSAGE][PASSED] - Delayed 2 second(s)

2018-10-12 12:57:32 - [TEST_STEP][PASSED] - click: Object: 'Object Repository/Backoffice/Clients/Registration/button_Submit' is clicked on

2018-10-12 12:57:32 - [MESSAGE][PASSED] - Object: 'Object Repository/Backoffice/Clients/Registration/button_Submit' is clicked on

2018-10-12 12:57:32 - [TEST_STEP][PASSED] - delay: Delayed 2 second(s)

2018-10-12 12:57:34 - [MESSAGE][PASSED] - Delayed 2 second(s)]]></system-out>
         <system-err><![CDATA[]]></system-err>
      </testcase>
      <testcase name="Test Cases/Backoffice/RegisterAccount" classname="Test Cases/Backoffice/RegisterAccount" status="PASSED">
         <system-out><![CDATA[2018-10-12 12:57:34 - [TEST_CASE][PASSED] - Test Cases/Backoffice/RegisterAccount: Test Cases/Backoffice/RegisterAccount

2018-10-12 12:57:34 - [TEST_STEP][PASSED] - focus: Object: 'Object Repository/Backoffice/Clients/Clients' is focused

2018-10-12 12:57:35 - [MESSAGE][PASSED] - Object: 'Object Repository/Backoffice/Clients/Clients' is focused

2018-10-12 12:57:35 - [TEST_STEP][PASSED] - verifyElementPresent: Object 'Object Repository/Backoffice/Clients/Client Registration' is present

2018-10-12 12:57:35 - [MESSAGE][PASSED] - Object 'Object Repository/Backoffice/Clients/Client Registration' is present

2018-10-12 12:57:35 - [TEST_STEP][PASSED] - click: Object: 'Object Repository/Backoffice/Clients/Client Registration' is clicked on

2018-10-12 12:57:35 - [MESSAGE][PASSED] - Object: 'Object Repository/Backoffice/Clients/Client Registration' is clicked on

2018-10-12 12:57:35 - [TEST_STEP][PASSED] - setText: Text 'Garbage Can Lid' is set on object 'Object Repository/Backoffice/Clients/Registration/input_username'

2018-10-12 12:57:35 - [MESSAGE][PASSED] - Text 'Garbage Can Lid' is set on object 'Object Repository/Backoffice/Clients/Registration/input_username'

2018-10-12 12:57:35 - [TEST_STEP][PASSED] - setText: Text '123123' is set on object 'Object Repository/Backoffice/Clients/Registration/input_password'

2018-10-12 12:57:35 - [MESSAGE][PASSED] - Text '123123' is set on object 'Object Repository/Backoffice/Clients/Registration/input_password'

2018-10-12 12:57:35 - [TEST_STEP][PASSED] - setText: Text '123123' is set on object 'Object Repository/Backoffice/Clients/Registration/input_confirmp'

2018-10-12 12:57:35 - [MESSAGE][PASSED] - Text '123123' is set on object 'Object Repository/Backoffice/Clients/Registration/input_confirmp'

2018-10-12 12:57:35 - [TEST_STEP][PASSED] - selectOptionByValue: All options with value 'test' are selected in object 'Object Repository/Backoffice/Clients/Registration/select_operatorcode' 

2018-10-12 12:57:36 - [MESSAGE][PASSED] - All options with value 'test' are selected in object 'Object Repository/Backoffice/Clients/Registration/select_operatorcode' 

2018-10-12 12:57:36 - [TEST_STEP][PASSED] - selectOptionByValue: All options with value '1' are selected in object 'Object Repository/Backoffice/Clients/Registration/select_status' 

2018-10-12 12:57:36 - [MESSAGE][PASSED] - All options with value '1' are selected in object 'Object Repository/Backoffice/Clients/Registration/select_status' 

2018-10-12 12:57:36 - [TEST_STEP][PASSED] - delay: Delayed 2 second(s)

2018-10-12 12:57:38 - [MESSAGE][PASSED] - Delayed 2 second(s)

2018-10-12 12:57:38 - [TEST_STEP][PASSED] - click: Object: 'Object Repository/Backoffice/Clients/Registration/button_Submit' is clicked on

2018-10-12 12:57:39 - [MESSAGE][PASSED] - Object: 'Object Repository/Backoffice/Clients/Registration/button_Submit' is clicked on

2018-10-12 12:57:39 - [TEST_STEP][PASSED] - delay: Delayed 2 second(s)

2018-10-12 12:57:41 - [MESSAGE][PASSED] - Delayed 2 second(s)]]></system-out>
         <system-err><![CDATA[]]></system-err>
      </testcase>
      <testcase name="Test Cases/Backoffice/RegisterAccount" classname="Test Cases/Backoffice/RegisterAccount" status="PASSED">
         <system-out><![CDATA[2018-10-12 12:57:41 - [TEST_CASE][PASSED] - Test Cases/Backoffice/RegisterAccount: Test Cases/Backoffice/RegisterAccount

2018-10-12 12:57:41 - [TEST_STEP][PASSED] - focus: Object: 'Object Repository/Backoffice/Clients/Clients' is focused

2018-10-12 12:57:41 - [MESSAGE][PASSED] - Object: 'Object Repository/Backoffice/Clients/Clients' is focused

2018-10-12 12:57:41 - [TEST_STEP][PASSED] - verifyElementPresent: Object 'Object Repository/Backoffice/Clients/Client Registration' is present

2018-10-12 12:57:41 - [MESSAGE][PASSED] - Object 'Object Repository/Backoffice/Clients/Client Registration' is present

2018-10-12 12:57:41 - [TEST_STEP][PASSED] - click: Object: 'Object Repository/Backoffice/Clients/Client Registration' is clicked on

2018-10-12 12:57:41 - [MESSAGE][PASSED] - Object: 'Object Repository/Backoffice/Clients/Client Registration' is clicked on

2018-10-12 12:57:41 - [TEST_STEP][PASSED] - setText: Text 'Crazy_Nice' is set on object 'Object Repository/Backoffice/Clients/Registration/input_username'

2018-10-12 12:57:42 - [MESSAGE][PASSED] - Text 'Crazy_Nice' is set on object 'Object Repository/Backoffice/Clients/Registration/input_username'

2018-10-12 12:57:42 - [TEST_STEP][PASSED] - setText: Text '123123' is set on object 'Object Repository/Backoffice/Clients/Registration/input_password'

2018-10-12 12:57:42 - [MESSAGE][PASSED] - Text '123123' is set on object 'Object Repository/Backoffice/Clients/Registration/input_password'

2018-10-12 12:57:42 - [TEST_STEP][PASSED] - setText: Text '123123' is set on object 'Object Repository/Backoffice/Clients/Registration/input_confirmp'

2018-10-12 12:57:42 - [MESSAGE][PASSED] - Text '123123' is set on object 'Object Repository/Backoffice/Clients/Registration/input_confirmp'

2018-10-12 12:57:42 - [TEST_STEP][PASSED] - selectOptionByValue: All options with value 'test' are selected in object 'Object Repository/Backoffice/Clients/Registration/select_operatorcode' 

2018-10-12 12:57:42 - [MESSAGE][PASSED] - All options with value 'test' are selected in object 'Object Repository/Backoffice/Clients/Registration/select_operatorcode' 

2018-10-12 12:57:42 - [TEST_STEP][PASSED] - selectOptionByValue: All options with value '1' are selected in object 'Object Repository/Backoffice/Clients/Registration/select_status' 

2018-10-12 12:57:42 - [MESSAGE][PASSED] - All options with value '1' are selected in object 'Object Repository/Backoffice/Clients/Registration/select_status' 

2018-10-12 12:57:42 - [TEST_STEP][PASSED] - delay: Delayed 2 second(s)

2018-10-12 12:57:44 - [MESSAGE][PASSED] - Delayed 2 second(s)

2018-10-12 12:57:44 - [TEST_STEP][PASSED] - click: Object: 'Object Repository/Backoffice/Clients/Registration/button_Submit' is clicked on

2018-10-12 12:57:45 - [MESSAGE][PASSED] - Object: 'Object Repository/Backoffice/Clients/Registration/button_Submit' is clicked on

2018-10-12 12:57:45 - [TEST_STEP][PASSED] - delay: Delayed 2 second(s)

2018-10-12 12:57:47 - [MESSAGE][PASSED] - Delayed 2 second(s)]]></system-out>
         <system-err><![CDATA[]]></system-err>
      </testcase>
      <testcase name="Test Cases/Backoffice/RegisterAccount" classname="Test Cases/Backoffice/RegisterAccount" status="PASSED">
         <system-out><![CDATA[2018-10-12 12:57:47 - [TEST_CASE][PASSED] - Test Cases/Backoffice/RegisterAccount: Test Cases/Backoffice/RegisterAccount

2018-10-12 12:57:47 - [TEST_STEP][PASSED] - focus: Object: 'Object Repository/Backoffice/Clients/Clients' is focused

2018-10-12 12:57:47 - [MESSAGE][PASSED] - Object: 'Object Repository/Backoffice/Clients/Clients' is focused

2018-10-12 12:57:47 - [TEST_STEP][PASSED] - verifyElementPresent: Object 'Object Repository/Backoffice/Clients/Client Registration' is present

2018-10-12 12:57:47 - [MESSAGE][PASSED] - Object 'Object Repository/Backoffice/Clients/Client Registration' is present

2018-10-12 12:57:47 - [TEST_STEP][PASSED] - click: Object: 'Object Repository/Backoffice/Clients/Client Registration' is clicked on

2018-10-12 12:57:48 - [MESSAGE][PASSED] - Object: 'Object Repository/Backoffice/Clients/Client Registration' is clicked on

2018-10-12 12:57:48 - [TEST_STEP][PASSED] - setText: Text 'Booteefool' is set on object 'Object Repository/Backoffice/Clients/Registration/input_username'

2018-10-12 12:57:48 - [MESSAGE][PASSED] - Text 'Booteefool' is set on object 'Object Repository/Backoffice/Clients/Registration/input_username'

2018-10-12 12:57:48 - [TEST_STEP][PASSED] - setText: Text '123123' is set on object 'Object Repository/Backoffice/Clients/Registration/input_password'

2018-10-12 12:57:48 - [MESSAGE][PASSED] - Text '123123' is set on object 'Object Repository/Backoffice/Clients/Registration/input_password'

2018-10-12 12:57:48 - [TEST_STEP][PASSED] - setText: Text '123123' is set on object 'Object Repository/Backoffice/Clients/Registration/input_confirmp'

2018-10-12 12:57:48 - [MESSAGE][PASSED] - Text '123123' is set on object 'Object Repository/Backoffice/Clients/Registration/input_confirmp'

2018-10-12 12:57:48 - [TEST_STEP][PASSED] - selectOptionByValue: All options with value 'test' are selected in object 'Object Repository/Backoffice/Clients/Registration/select_operatorcode' 

2018-10-12 12:57:48 - [MESSAGE][PASSED] - All options with value 'test' are selected in object 'Object Repository/Backoffice/Clients/Registration/select_operatorcode' 

2018-10-12 12:57:48 - [TEST_STEP][PASSED] - selectOptionByValue: All options with value '1' are selected in object 'Object Repository/Backoffice/Clients/Registration/select_status' 

2018-10-12 12:57:48 - [MESSAGE][PASSED] - All options with value '1' are selected in object 'Object Repository/Backoffice/Clients/Registration/select_status' 

2018-10-12 12:57:48 - [TEST_STEP][PASSED] - delay: Delayed 2 second(s)

2018-10-12 12:57:50 - [MESSAGE][PASSED] - Delayed 2 second(s)

2018-10-12 12:57:50 - [TEST_STEP][PASSED] - click: Object: 'Object Repository/Backoffice/Clients/Registration/button_Submit' is clicked on

2018-10-12 12:57:51 - [MESSAGE][PASSED] - Object: 'Object Repository/Backoffice/Clients/Registration/button_Submit' is clicked on

2018-10-12 12:57:51 - [TEST_STEP][PASSED] - delay: Delayed 2 second(s)

2018-10-12 12:57:53 - [MESSAGE][PASSED] - Delayed 2 second(s)]]></system-out>
         <system-err><![CDATA[]]></system-err>
      </testcase>
      <testcase name="Test Cases/Backoffice/RegisterAccount" classname="Test Cases/Backoffice/RegisterAccount" status="PASSED">
         <system-out><![CDATA[2018-10-12 12:57:53 - [TEST_CASE][PASSED] - Test Cases/Backoffice/RegisterAccount: Test Cases/Backoffice/RegisterAccount

2018-10-12 12:57:53 - [TEST_STEP][PASSED] - focus: Object: 'Object Repository/Backoffice/Clients/Clients' is focused

2018-10-12 12:57:53 - [MESSAGE][PASSED] - Object: 'Object Repository/Backoffice/Clients/Clients' is focused

2018-10-12 12:57:53 - [TEST_STEP][PASSED] - verifyElementPresent: Object 'Object Repository/Backoffice/Clients/Client Registration' is present

2018-10-12 12:57:53 - [MESSAGE][PASSED] - Object 'Object Repository/Backoffice/Clients/Client Registration' is present

2018-10-12 12:57:53 - [TEST_STEP][PASSED] - click: Object: 'Object Repository/Backoffice/Clients/Client Registration' is clicked on

2018-10-12 12:57:54 - [MESSAGE][PASSED] - Object: 'Object Repository/Backoffice/Clients/Client Registration' is clicked on

2018-10-12 12:57:54 - [TEST_STEP][PASSED] - setText: Text 'Harmless_Venom' is set on object 'Object Repository/Backoffice/Clients/Registration/input_username'

2018-10-12 12:57:54 - [MESSAGE][PASSED] - Text 'Harmless_Venom' is set on object 'Object Repository/Backoffice/Clients/Registration/input_username'

2018-10-12 12:57:54 - [TEST_STEP][PASSED] - setText: Text '123123' is set on object 'Object Repository/Backoffice/Clients/Registration/input_password'

2018-10-12 12:57:54 - [MESSAGE][PASSED] - Text '123123' is set on object 'Object Repository/Backoffice/Clients/Registration/input_password'

2018-10-12 12:57:54 - [TEST_STEP][PASSED] - setText: Text '123123' is set on object 'Object Repository/Backoffice/Clients/Registration/input_confirmp'

2018-10-12 12:57:54 - [MESSAGE][PASSED] - Text '123123' is set on object 'Object Repository/Backoffice/Clients/Registration/input_confirmp'

2018-10-12 12:57:54 - [TEST_STEP][PASSED] - selectOptionByValue: All options with value 'test' are selected in object 'Object Repository/Backoffice/Clients/Registration/select_operatorcode' 

2018-10-12 12:57:54 - [MESSAGE][PASSED] - All options with value 'test' are selected in object 'Object Repository/Backoffice/Clients/Registration/select_operatorcode' 

2018-10-12 12:57:54 - [TEST_STEP][PASSED] - selectOptionByValue: All options with value '1' are selected in object 'Object Repository/Backoffice/Clients/Registration/select_status' 

2018-10-12 12:57:54 - [MESSAGE][PASSED] - All options with value '1' are selected in object 'Object Repository/Backoffice/Clients/Registration/select_status' 

2018-10-12 12:57:54 - [TEST_STEP][PASSED] - delay: Delayed 2 second(s)

2018-10-12 12:57:56 - [MESSAGE][PASSED] - Delayed 2 second(s)

2018-10-12 12:57:56 - [TEST_STEP][PASSED] - click: Object: 'Object Repository/Backoffice/Clients/Registration/button_Submit' is clicked on

2018-10-12 12:57:57 - [MESSAGE][PASSED] - Object: 'Object Repository/Backoffice/Clients/Registration/button_Submit' is clicked on

2018-10-12 12:57:57 - [TEST_STEP][PASSED] - delay: Delayed 2 second(s)

2018-10-12 12:57:59 - [MESSAGE][PASSED] - Delayed 2 second(s)]]></system-out>
         <system-err><![CDATA[]]></system-err>
      </testcase>
      <testcase name="Test Cases/Backoffice/RegisterAccount" classname="Test Cases/Backoffice/RegisterAccount" status="PASSED">
         <system-out><![CDATA[2018-10-12 12:57:59 - [TEST_CASE][PASSED] - Test Cases/Backoffice/RegisterAccount: Test Cases/Backoffice/RegisterAccount

2018-10-12 12:57:59 - [TEST_STEP][PASSED] - focus: Object: 'Object Repository/Backoffice/Clients/Clients' is focused

2018-10-12 12:57:59 - [MESSAGE][PASSED] - Object: 'Object Repository/Backoffice/Clients/Clients' is focused

2018-10-12 12:57:59 - [TEST_STEP][PASSED] - verifyElementPresent: Object 'Object Repository/Backoffice/Clients/Client Registration' is present

2018-10-12 12:57:59 - [MESSAGE][PASSED] - Object 'Object Repository/Backoffice/Clients/Client Registration' is present

2018-10-12 12:57:59 - [TEST_STEP][PASSED] - click: Object: 'Object Repository/Backoffice/Clients/Client Registration' is clicked on

2018-10-12 12:58:00 - [MESSAGE][PASSED] - Object: 'Object Repository/Backoffice/Clients/Client Registration' is clicked on

2018-10-12 12:58:00 - [TEST_STEP][PASSED] - setText: Text 'Lord_Tryzalot' is set on object 'Object Repository/Backoffice/Clients/Registration/input_username'

2018-10-12 12:58:00 - [MESSAGE][PASSED] - Text 'Lord_Tryzalot' is set on object 'Object Repository/Backoffice/Clients/Registration/input_username'

2018-10-12 12:58:00 - [TEST_STEP][PASSED] - setText: Text '123123' is set on object 'Object Repository/Backoffice/Clients/Registration/input_password'

2018-10-12 12:58:00 - [MESSAGE][PASSED] - Text '123123' is set on object 'Object Repository/Backoffice/Clients/Registration/input_password'

2018-10-12 12:58:00 - [TEST_STEP][PASSED] - setText: Text '123123' is set on object 'Object Repository/Backoffice/Clients/Registration/input_confirmp'

2018-10-12 12:58:00 - [MESSAGE][PASSED] - Text '123123' is set on object 'Object Repository/Backoffice/Clients/Registration/input_confirmp'

2018-10-12 12:58:00 - [TEST_STEP][PASSED] - selectOptionByValue: All options with value 'test' are selected in object 'Object Repository/Backoffice/Clients/Registration/select_operatorcode' 

2018-10-12 12:58:00 - [MESSAGE][PASSED] - All options with value 'test' are selected in object 'Object Repository/Backoffice/Clients/Registration/select_operatorcode' 

2018-10-12 12:58:00 - [TEST_STEP][PASSED] - selectOptionByValue: All options with value '1' are selected in object 'Object Repository/Backoffice/Clients/Registration/select_status' 

2018-10-12 12:58:00 - [MESSAGE][PASSED] - All options with value '1' are selected in object 'Object Repository/Backoffice/Clients/Registration/select_status' 

2018-10-12 12:58:00 - [TEST_STEP][PASSED] - delay: Delayed 2 second(s)

2018-10-12 12:58:02 - [MESSAGE][PASSED] - Delayed 2 second(s)

2018-10-12 12:58:02 - [TEST_STEP][PASSED] - click: Object: 'Object Repository/Backoffice/Clients/Registration/button_Submit' is clicked on

2018-10-12 12:58:03 - [MESSAGE][PASSED] - Object: 'Object Repository/Backoffice/Clients/Registration/button_Submit' is clicked on

2018-10-12 12:58:03 - [TEST_STEP][PASSED] - delay: Delayed 2 second(s)

2018-10-12 12:58:05 - [MESSAGE][PASSED] - Delayed 2 second(s)]]></system-out>
         <system-err><![CDATA[]]></system-err>
      </testcase>
      <testcase name="Test Cases/Backoffice/RegisterAccount" classname="Test Cases/Backoffice/RegisterAccount" status="PASSED">
         <system-out><![CDATA[2018-10-12 12:58:05 - [TEST_CASE][PASSED] - Test Cases/Backoffice/RegisterAccount: Test Cases/Backoffice/RegisterAccount

2018-10-12 12:58:05 - [TEST_STEP][PASSED] - focus: Object: 'Object Repository/Backoffice/Clients/Clients' is focused

2018-10-12 12:58:05 - [MESSAGE][PASSED] - Object: 'Object Repository/Backoffice/Clients/Clients' is focused

2018-10-12 12:58:05 - [TEST_STEP][PASSED] - verifyElementPresent: Object 'Object Repository/Backoffice/Clients/Client Registration' is present

2018-10-12 12:58:05 - [MESSAGE][PASSED] - Object 'Object Repository/Backoffice/Clients/Client Registration' is present

2018-10-12 12:58:05 - [TEST_STEP][PASSED] - click: Object: 'Object Repository/Backoffice/Clients/Client Registration' is clicked on

2018-10-12 12:58:06 - [MESSAGE][PASSED] - Object: 'Object Repository/Backoffice/Clients/Client Registration' is clicked on

2018-10-12 12:58:06 - [TEST_STEP][PASSED] - setText: Text 'Sir_Gallonhead' is set on object 'Object Repository/Backoffice/Clients/Registration/input_username'

2018-10-12 12:58:06 - [MESSAGE][PASSED] - Text 'Sir_Gallonhead' is set on object 'Object Repository/Backoffice/Clients/Registration/input_username'

2018-10-12 12:58:06 - [TEST_STEP][PASSED] - setText: Text '123123' is set on object 'Object Repository/Backoffice/Clients/Registration/input_password'

2018-10-12 12:58:06 - [MESSAGE][PASSED] - Text '123123' is set on object 'Object Repository/Backoffice/Clients/Registration/input_password'

2018-10-12 12:58:06 - [TEST_STEP][PASSED] - setText: Text '123123' is set on object 'Object Repository/Backoffice/Clients/Registration/input_confirmp'

2018-10-12 12:58:06 - [MESSAGE][PASSED] - Text '123123' is set on object 'Object Repository/Backoffice/Clients/Registration/input_confirmp'

2018-10-12 12:58:06 - [TEST_STEP][PASSED] - selectOptionByValue: All options with value 'test' are selected in object 'Object Repository/Backoffice/Clients/Registration/select_operatorcode' 

2018-10-12 12:58:06 - [MESSAGE][PASSED] - All options with value 'test' are selected in object 'Object Repository/Backoffice/Clients/Registration/select_operatorcode' 

2018-10-12 12:58:06 - [TEST_STEP][PASSED] - selectOptionByValue: All options with value '1' are selected in object 'Object Repository/Backoffice/Clients/Registration/select_status' 

2018-10-12 12:58:07 - [MESSAGE][PASSED] - All options with value '1' are selected in object 'Object Repository/Backoffice/Clients/Registration/select_status' 

2018-10-12 12:58:07 - [TEST_STEP][PASSED] - delay: Delayed 2 second(s)

2018-10-12 12:58:09 - [MESSAGE][PASSED] - Delayed 2 second(s)

2018-10-12 12:58:09 - [TEST_STEP][PASSED] - click: Object: 'Object Repository/Backoffice/Clients/Registration/button_Submit' is clicked on

2018-10-12 12:58:09 - [MESSAGE][PASSED] - Object: 'Object Repository/Backoffice/Clients/Registration/button_Submit' is clicked on

2018-10-12 12:58:09 - [TEST_STEP][PASSED] - delay: Delayed 2 second(s)

2018-10-12 12:58:11 - [MESSAGE][PASSED] - Delayed 2 second(s)]]></system-out>
         <system-err><![CDATA[]]></system-err>
      </testcase>
      <testcase name="Test Cases/Backoffice/RegisterAccount" classname="Test Cases/Backoffice/RegisterAccount" status="PASSED">
         <system-out><![CDATA[2018-10-12 12:58:11 - [TEST_CASE][PASSED] - Test Cases/Backoffice/RegisterAccount: Test Cases/Backoffice/RegisterAccount

2018-10-12 12:58:11 - [TEST_STEP][PASSED] - focus: Object: 'Object Repository/Backoffice/Clients/Clients' is focused

2018-10-12 12:58:11 - [MESSAGE][PASSED] - Object: 'Object Repository/Backoffice/Clients/Clients' is focused

2018-10-12 12:58:11 - [TEST_STEP][PASSED] - verifyElementPresent: Object 'Object Repository/Backoffice/Clients/Client Registration' is present

2018-10-12 12:58:11 - [MESSAGE][PASSED] - Object 'Object Repository/Backoffice/Clients/Client Registration' is present

2018-10-12 12:58:11 - [TEST_STEP][PASSED] - click: Object: 'Object Repository/Backoffice/Clients/Client Registration' is clicked on

2018-10-12 12:58:12 - [MESSAGE][PASSED] - Object: 'Object Repository/Backoffice/Clients/Client Registration' is clicked on

2018-10-12 12:58:12 - [TEST_STEP][PASSED] - setText: Text 'Boy_vs_Girl' is set on object 'Object Repository/Backoffice/Clients/Registration/input_username'

2018-10-12 12:58:12 - [MESSAGE][PASSED] - Text 'Boy_vs_Girl' is set on object 'Object Repository/Backoffice/Clients/Registration/input_username'

2018-10-12 12:58:12 - [TEST_STEP][PASSED] - setText: Text '123123' is set on object 'Object Repository/Backoffice/Clients/Registration/input_password'

2018-10-12 12:58:12 - [MESSAGE][PASSED] - Text '123123' is set on object 'Object Repository/Backoffice/Clients/Registration/input_password'

2018-10-12 12:58:12 - [TEST_STEP][PASSED] - setText: Text '123123' is set on object 'Object Repository/Backoffice/Clients/Registration/input_confirmp'

2018-10-12 12:58:12 - [MESSAGE][PASSED] - Text '123123' is set on object 'Object Repository/Backoffice/Clients/Registration/input_confirmp'

2018-10-12 12:58:12 - [TEST_STEP][PASSED] - selectOptionByValue: All options with value 'test' are selected in object 'Object Repository/Backoffice/Clients/Registration/select_operatorcode' 

2018-10-12 12:58:13 - [MESSAGE][PASSED] - All options with value 'test' are selected in object 'Object Repository/Backoffice/Clients/Registration/select_operatorcode' 

2018-10-12 12:58:13 - [TEST_STEP][PASSED] - selectOptionByValue: All options with value '1' are selected in object 'Object Repository/Backoffice/Clients/Registration/select_status' 

2018-10-12 12:58:13 - [MESSAGE][PASSED] - All options with value '1' are selected in object 'Object Repository/Backoffice/Clients/Registration/select_status' 

2018-10-12 12:58:13 - [TEST_STEP][PASSED] - delay: Delayed 2 second(s)

2018-10-12 12:58:15 - [MESSAGE][PASSED] - Delayed 2 second(s)

2018-10-12 12:58:15 - [TEST_STEP][PASSED] - click: Object: 'Object Repository/Backoffice/Clients/Registration/button_Submit' is clicked on

2018-10-12 12:58:16 - [MESSAGE][PASSED] - Object: 'Object Repository/Backoffice/Clients/Registration/button_Submit' is clicked on

2018-10-12 12:58:16 - [TEST_STEP][PASSED] - delay: Delayed 2 second(s)

2018-10-12 12:58:18 - [MESSAGE][PASSED] - Delayed 2 second(s)]]></system-out>
         <system-err><![CDATA[]]></system-err>
      </testcase>
      <testcase name="Test Cases/Backoffice/RegisterAccount" classname="Test Cases/Backoffice/RegisterAccount" status="PASSED">
         <system-out><![CDATA[2018-10-12 12:58:18 - [TEST_CASE][PASSED] - Test Cases/Backoffice/RegisterAccount: Test Cases/Backoffice/RegisterAccount

2018-10-12 12:58:18 - [TEST_STEP][PASSED] - focus: Object: 'Object Repository/Backoffice/Clients/Clients' is focused

2018-10-12 12:58:18 - [MESSAGE][PASSED] - Object: 'Object Repository/Backoffice/Clients/Clients' is focused

2018-10-12 12:58:18 - [TEST_STEP][PASSED] - verifyElementPresent: Object 'Object Repository/Backoffice/Clients/Client Registration' is present

2018-10-12 12:58:18 - [MESSAGE][PASSED] - Object 'Object Repository/Backoffice/Clients/Client Registration' is present

2018-10-12 12:58:18 - [TEST_STEP][PASSED] - click: Object: 'Object Repository/Backoffice/Clients/Client Registration' is clicked on

2018-10-12 12:58:18 - [MESSAGE][PASSED] - Object: 'Object Repository/Backoffice/Clients/Client Registration' is clicked on

2018-10-12 12:58:18 - [TEST_STEP][PASSED] - setText: Text 'MPmaster' is set on object 'Object Repository/Backoffice/Clients/Registration/input_username'

2018-10-12 12:58:18 - [MESSAGE][PASSED] - Text 'MPmaster' is set on object 'Object Repository/Backoffice/Clients/Registration/input_username'

2018-10-12 12:58:18 - [TEST_STEP][PASSED] - setText: Text '123123' is set on object 'Object Repository/Backoffice/Clients/Registration/input_password'

2018-10-12 12:58:18 - [MESSAGE][PASSED] - Text '123123' is set on object 'Object Repository/Backoffice/Clients/Registration/input_password'

2018-10-12 12:58:18 - [TEST_STEP][PASSED] - setText: Text '123123' is set on object 'Object Repository/Backoffice/Clients/Registration/input_confirmp'

2018-10-12 12:58:19 - [MESSAGE][PASSED] - Text '123123' is set on object 'Object Repository/Backoffice/Clients/Registration/input_confirmp'

2018-10-12 12:58:19 - [TEST_STEP][PASSED] - selectOptionByValue: All options with value 'test' are selected in object 'Object Repository/Backoffice/Clients/Registration/select_operatorcode' 

2018-10-12 12:58:19 - [MESSAGE][PASSED] - All options with value 'test' are selected in object 'Object Repository/Backoffice/Clients/Registration/select_operatorcode' 

2018-10-12 12:58:19 - [TEST_STEP][PASSED] - selectOptionByValue: All options with value '1' are selected in object 'Object Repository/Backoffice/Clients/Registration/select_status' 

2018-10-12 12:58:19 - [MESSAGE][PASSED] - All options with value '1' are selected in object 'Object Repository/Backoffice/Clients/Registration/select_status' 

2018-10-12 12:58:19 - [TEST_STEP][PASSED] - delay: Delayed 2 second(s)

2018-10-12 12:58:21 - [MESSAGE][PASSED] - Delayed 2 second(s)

2018-10-12 12:58:21 - [TEST_STEP][PASSED] - click: Object: 'Object Repository/Backoffice/Clients/Registration/button_Submit' is clicked on

2018-10-12 12:58:22 - [MESSAGE][PASSED] - Object: 'Object Repository/Backoffice/Clients/Registration/button_Submit' is clicked on

2018-10-12 12:58:22 - [TEST_STEP][PASSED] - delay: Delayed 2 second(s)

2018-10-12 12:58:24 - [MESSAGE][PASSED] - Delayed 2 second(s)]]></system-out>
         <system-err><![CDATA[]]></system-err>
      </testcase>
      <testcase name="Test Cases/Backoffice/RegisterAccount" classname="Test Cases/Backoffice/RegisterAccount" status="PASSED">
         <system-out><![CDATA[2018-10-12 12:58:24 - [TEST_CASE][PASSED] - Test Cases/Backoffice/RegisterAccount: Test Cases/Backoffice/RegisterAccount

2018-10-12 12:58:24 - [TEST_STEP][PASSED] - focus: Object: 'Object Repository/Backoffice/Clients/Clients' is focused

2018-10-12 12:58:24 - [MESSAGE][PASSED] - Object: 'Object Repository/Backoffice/Clients/Clients' is focused

2018-10-12 12:58:24 - [TEST_STEP][PASSED] - verifyElementPresent: Object 'Object Repository/Backoffice/Clients/Client Registration' is present

2018-10-12 12:58:24 - [MESSAGE][PASSED] - Object 'Object Repository/Backoffice/Clients/Client Registration' is present

2018-10-12 12:58:24 - [TEST_STEP][PASSED] - click: Object: 'Object Repository/Backoffice/Clients/Client Registration' is clicked on

2018-10-12 12:58:25 - [MESSAGE][PASSED] - Object: 'Object Repository/Backoffice/Clients/Client Registration' is clicked on

2018-10-12 12:58:25 - [TEST_STEP][PASSED] - setText: Text 'King_Martha' is set on object 'Object Repository/Backoffice/Clients/Registration/input_username'

2018-10-12 12:58:25 - [MESSAGE][PASSED] - Text 'King_Martha' is set on object 'Object Repository/Backoffice/Clients/Registration/input_username'

2018-10-12 12:58:25 - [TEST_STEP][PASSED] - setText: Text '123123' is set on object 'Object Repository/Backoffice/Clients/Registration/input_password'

2018-10-12 12:58:25 - [MESSAGE][PASSED] - Text '123123' is set on object 'Object Repository/Backoffice/Clients/Registration/input_password'

2018-10-12 12:58:25 - [TEST_STEP][PASSED] - setText: Text '123123' is set on object 'Object Repository/Backoffice/Clients/Registration/input_confirmp'

2018-10-12 12:58:25 - [MESSAGE][PASSED] - Text '123123' is set on object 'Object Repository/Backoffice/Clients/Registration/input_confirmp'

2018-10-12 12:58:25 - [TEST_STEP][PASSED] - selectOptionByValue: All options with value 'test' are selected in object 'Object Repository/Backoffice/Clients/Registration/select_operatorcode' 

2018-10-12 12:58:25 - [MESSAGE][PASSED] - All options with value 'test' are selected in object 'Object Repository/Backoffice/Clients/Registration/select_operatorcode' 

2018-10-12 12:58:25 - [TEST_STEP][PASSED] - selectOptionByValue: All options with value '1' are selected in object 'Object Repository/Backoffice/Clients/Registration/select_status' 

2018-10-12 12:58:25 - [MESSAGE][PASSED] - All options with value '1' are selected in object 'Object Repository/Backoffice/Clients/Registration/select_status' 

2018-10-12 12:58:25 - [TEST_STEP][PASSED] - delay: Delayed 2 second(s)

2018-10-12 12:58:27 - [MESSAGE][PASSED] - Delayed 2 second(s)

2018-10-12 12:58:27 - [TEST_STEP][PASSED] - click: Object: 'Object Repository/Backoffice/Clients/Registration/button_Submit' is clicked on

2018-10-12 12:58:28 - [MESSAGE][PASSED] - Object: 'Object Repository/Backoffice/Clients/Registration/button_Submit' is clicked on

2018-10-12 12:58:28 - [TEST_STEP][PASSED] - delay: Delayed 2 second(s)

2018-10-12 12:58:30 - [MESSAGE][PASSED] - Delayed 2 second(s)]]></system-out>
         <system-err><![CDATA[]]></system-err>
      </testcase>
      <testcase name="Test Cases/Backoffice/RegisterAccount" classname="Test Cases/Backoffice/RegisterAccount" status="PASSED">
         <system-out><![CDATA[2018-10-12 12:58:30 - [TEST_CASE][PASSED] - Test Cases/Backoffice/RegisterAccount: Test Cases/Backoffice/RegisterAccount

2018-10-12 12:58:30 - [TEST_STEP][PASSED] - focus: Object: 'Object Repository/Backoffice/Clients/Clients' is focused

2018-10-12 12:58:30 - [MESSAGE][PASSED] - Object: 'Object Repository/Backoffice/Clients/Clients' is focused

2018-10-12 12:58:30 - [TEST_STEP][PASSED] - verifyElementPresent: Object 'Object Repository/Backoffice/Clients/Client Registration' is present

2018-10-12 12:58:30 - [MESSAGE][PASSED] - Object 'Object Repository/Backoffice/Clients/Client Registration' is present

2018-10-12 12:58:30 - [TEST_STEP][PASSED] - click: Object: 'Object Repository/Backoffice/Clients/Client Registration' is clicked on

2018-10-12 12:58:31 - [MESSAGE][PASSED] - Object: 'Object Repository/Backoffice/Clients/Client Registration' is clicked on

2018-10-12 12:58:31 - [TEST_STEP][PASSED] - setText: Text 'Spamalot' is set on object 'Object Repository/Backoffice/Clients/Registration/input_username'

2018-10-12 12:58:31 - [MESSAGE][PASSED] - Text 'Spamalot' is set on object 'Object Repository/Backoffice/Clients/Registration/input_username'

2018-10-12 12:58:31 - [TEST_STEP][PASSED] - setText: Text '123123' is set on object 'Object Repository/Backoffice/Clients/Registration/input_password'

2018-10-12 12:58:31 - [MESSAGE][PASSED] - Text '123123' is set on object 'Object Repository/Backoffice/Clients/Registration/input_password'

2018-10-12 12:58:31 - [TEST_STEP][PASSED] - setText: Text '123123' is set on object 'Object Repository/Backoffice/Clients/Registration/input_confirmp'

2018-10-12 12:58:31 - [MESSAGE][PASSED] - Text '123123' is set on object 'Object Repository/Backoffice/Clients/Registration/input_confirmp'

2018-10-12 12:58:31 - [TEST_STEP][PASSED] - selectOptionByValue: All options with value 'test' are selected in object 'Object Repository/Backoffice/Clients/Registration/select_operatorcode' 

2018-10-12 12:58:31 - [MESSAGE][PASSED] - All options with value 'test' are selected in object 'Object Repository/Backoffice/Clients/Registration/select_operatorcode' 

2018-10-12 12:58:31 - [TEST_STEP][PASSED] - selectOptionByValue: All options with value '1' are selected in object 'Object Repository/Backoffice/Clients/Registration/select_status' 

2018-10-12 12:58:32 - [MESSAGE][PASSED] - All options with value '1' are selected in object 'Object Repository/Backoffice/Clients/Registration/select_status' 

2018-10-12 12:58:32 - [TEST_STEP][PASSED] - delay: Delayed 2 second(s)

2018-10-12 12:58:34 - [MESSAGE][PASSED] - Delayed 2 second(s)

2018-10-12 12:58:34 - [TEST_STEP][PASSED] - click: Object: 'Object Repository/Backoffice/Clients/Registration/button_Submit' is clicked on

2018-10-12 12:58:34 - [MESSAGE][PASSED] - Object: 'Object Repository/Backoffice/Clients/Registration/button_Submit' is clicked on

2018-10-12 12:58:34 - [TEST_STEP][PASSED] - delay: Delayed 2 second(s)

2018-10-12 12:58:36 - [MESSAGE][PASSED] - Delayed 2 second(s)]]></system-out>
         <system-err><![CDATA[]]></system-err>
      </testcase>
      <testcase name="Test Cases/Backoffice/RegisterAccount" classname="Test Cases/Backoffice/RegisterAccount" status="PASSED">
         <system-out><![CDATA[2018-10-12 12:58:36 - [TEST_CASE][PASSED] - Test Cases/Backoffice/RegisterAccount: Test Cases/Backoffice/RegisterAccount

2018-10-12 12:58:37 - [TEST_STEP][PASSED] - focus: Object: 'Object Repository/Backoffice/Clients/Clients' is focused

2018-10-12 12:58:37 - [MESSAGE][PASSED] - Object: 'Object Repository/Backoffice/Clients/Clients' is focused

2018-10-12 12:58:37 - [TEST_STEP][PASSED] - verifyElementPresent: Object 'Object Repository/Backoffice/Clients/Client Registration' is present

2018-10-12 12:58:37 - [MESSAGE][PASSED] - Object 'Object Repository/Backoffice/Clients/Client Registration' is present

2018-10-12 12:58:37 - [TEST_STEP][PASSED] - click: Object: 'Object Repository/Backoffice/Clients/Client Registration' is clicked on

2018-10-12 12:58:37 - [MESSAGE][PASSED] - Object: 'Object Repository/Backoffice/Clients/Client Registration' is clicked on

2018-10-12 12:58:37 - [TEST_STEP][PASSED] - setText: Text 'Soft_member' is set on object 'Object Repository/Backoffice/Clients/Registration/input_username'

2018-10-12 12:58:37 - [MESSAGE][PASSED] - Text 'Soft_member' is set on object 'Object Repository/Backoffice/Clients/Registration/input_username'

2018-10-12 12:58:37 - [TEST_STEP][PASSED] - setText: Text '123123' is set on object 'Object Repository/Backoffice/Clients/Registration/input_password'

2018-10-12 12:58:37 - [MESSAGE][PASSED] - Text '123123' is set on object 'Object Repository/Backoffice/Clients/Registration/input_password'

2018-10-12 12:58:37 - [TEST_STEP][PASSED] - setText: Text '123123' is set on object 'Object Repository/Backoffice/Clients/Registration/input_confirmp'

2018-10-12 12:58:38 - [MESSAGE][PASSED] - Text '123123' is set on object 'Object Repository/Backoffice/Clients/Registration/input_confirmp'

2018-10-12 12:58:38 - [TEST_STEP][PASSED] - selectOptionByValue: All options with value 'test' are selected in object 'Object Repository/Backoffice/Clients/Registration/select_operatorcode' 

2018-10-12 12:58:38 - [MESSAGE][PASSED] - All options with value 'test' are selected in object 'Object Repository/Backoffice/Clients/Registration/select_operatorcode' 

2018-10-12 12:58:38 - [TEST_STEP][PASSED] - selectOptionByValue: All options with value '1' are selected in object 'Object Repository/Backoffice/Clients/Registration/select_status' 

2018-10-12 12:58:38 - [MESSAGE][PASSED] - All options with value '1' are selected in object 'Object Repository/Backoffice/Clients/Registration/select_status' 

2018-10-12 12:58:38 - [TEST_STEP][PASSED] - delay: Delayed 2 second(s)

2018-10-12 12:58:40 - [MESSAGE][PASSED] - Delayed 2 second(s)

2018-10-12 12:58:40 - [TEST_STEP][PASSED] - click: Object: 'Object Repository/Backoffice/Clients/Registration/button_Submit' is clicked on

2018-10-12 12:58:41 - [MESSAGE][PASSED] - Object: 'Object Repository/Backoffice/Clients/Registration/button_Submit' is clicked on

2018-10-12 12:58:41 - [TEST_STEP][PASSED] - delay: Delayed 2 second(s)

2018-10-12 12:58:43 - [MESSAGE][PASSED] - Delayed 2 second(s)]]></system-out>
         <system-err><![CDATA[]]></system-err>
      </testcase>
      <testcase name="Test Cases/Backoffice/RegisterAccount" classname="Test Cases/Backoffice/RegisterAccount" status="PASSED">
         <system-out><![CDATA[2018-10-12 12:58:43 - [TEST_CASE][PASSED] - Test Cases/Backoffice/RegisterAccount: Test Cases/Backoffice/RegisterAccount

2018-10-12 12:58:43 - [TEST_STEP][PASSED] - focus: Object: 'Object Repository/Backoffice/Clients/Clients' is focused

2018-10-12 12:58:43 - [MESSAGE][PASSED] - Object: 'Object Repository/Backoffice/Clients/Clients' is focused

2018-10-12 12:58:43 - [TEST_STEP][PASSED] - verifyElementPresent: Object 'Object Repository/Backoffice/Clients/Client Registration' is present

2018-10-12 12:58:43 - [MESSAGE][PASSED] - Object 'Object Repository/Backoffice/Clients/Client Registration' is present

2018-10-12 12:58:43 - [TEST_STEP][PASSED] - click: Object: 'Object Repository/Backoffice/Clients/Client Registration' is clicked on

2018-10-12 12:58:43 - [MESSAGE][PASSED] - Object: 'Object Repository/Backoffice/Clients/Client Registration' is clicked on

2018-10-12 12:58:43 - [TEST_STEP][PASSED] - setText: Text 'girlDog' is set on object 'Object Repository/Backoffice/Clients/Registration/input_username'

2018-10-12 12:58:44 - [MESSAGE][PASSED] - Text 'girlDog' is set on object 'Object Repository/Backoffice/Clients/Registration/input_username'

2018-10-12 12:58:44 - [TEST_STEP][PASSED] - setText: Text '123123' is set on object 'Object Repository/Backoffice/Clients/Registration/input_password'

2018-10-12 12:58:44 - [MESSAGE][PASSED] - Text '123123' is set on object 'Object Repository/Backoffice/Clients/Registration/input_password'

2018-10-12 12:58:44 - [TEST_STEP][PASSED] - setText: Text '123123' is set on object 'Object Repository/Backoffice/Clients/Registration/input_confirmp'

2018-10-12 12:58:44 - [MESSAGE][PASSED] - Text '123123' is set on object 'Object Repository/Backoffice/Clients/Registration/input_confirmp'

2018-10-12 12:58:44 - [TEST_STEP][PASSED] - selectOptionByValue: All options with value 'test' are selected in object 'Object Repository/Backoffice/Clients/Registration/select_operatorcode' 

2018-10-12 12:58:44 - [MESSAGE][PASSED] - All options with value 'test' are selected in object 'Object Repository/Backoffice/Clients/Registration/select_operatorcode' 

2018-10-12 12:58:44 - [TEST_STEP][PASSED] - selectOptionByValue: All options with value '1' are selected in object 'Object Repository/Backoffice/Clients/Registration/select_status' 

2018-10-12 12:58:44 - [MESSAGE][PASSED] - All options with value '1' are selected in object 'Object Repository/Backoffice/Clients/Registration/select_status' 

2018-10-12 12:58:44 - [TEST_STEP][PASSED] - delay: Delayed 2 second(s)

2018-10-12 12:58:46 - [MESSAGE][PASSED] - Delayed 2 second(s)

2018-10-12 12:58:46 - [TEST_STEP][PASSED] - click: Object: 'Object Repository/Backoffice/Clients/Registration/button_Submit' is clicked on

2018-10-12 12:58:47 - [MESSAGE][PASSED] - Object: 'Object Repository/Backoffice/Clients/Registration/button_Submit' is clicked on

2018-10-12 12:58:47 - [TEST_STEP][PASSED] - delay: Delayed 2 second(s)

2018-10-12 12:58:49 - [MESSAGE][PASSED] - Delayed 2 second(s)]]></system-out>
         <system-err><![CDATA[]]></system-err>
      </testcase>
      <testcase name="Test Cases/Backoffice/RegisterAccount" classname="Test Cases/Backoffice/RegisterAccount" status="PASSED">
         <system-out><![CDATA[2018-10-12 12:58:49 - [TEST_CASE][PASSED] - Test Cases/Backoffice/RegisterAccount: Test Cases/Backoffice/RegisterAccount

2018-10-12 12:58:49 - [TEST_STEP][PASSED] - focus: Object: 'Object Repository/Backoffice/Clients/Clients' is focused

2018-10-12 12:58:49 - [MESSAGE][PASSED] - Object: 'Object Repository/Backoffice/Clients/Clients' is focused

2018-10-12 12:58:49 - [TEST_STEP][PASSED] - verifyElementPresent: Object 'Object Repository/Backoffice/Clients/Client Registration' is present

2018-10-12 12:58:49 - [MESSAGE][PASSED] - Object 'Object Repository/Backoffice/Clients/Client Registration' is present

2018-10-12 12:58:49 - [TEST_STEP][PASSED] - click: Object: 'Object Repository/Backoffice/Clients/Client Registration' is clicked on

2018-10-12 12:58:50 - [MESSAGE][PASSED] - Object: 'Object Repository/Backoffice/Clients/Client Registration' is clicked on

2018-10-12 12:58:50 - [TEST_STEP][PASSED] - setText: Text 'Evil_kitten' is set on object 'Object Repository/Backoffice/Clients/Registration/input_username'

2018-10-12 12:58:50 - [MESSAGE][PASSED] - Text 'Evil_kitten' is set on object 'Object Repository/Backoffice/Clients/Registration/input_username'

2018-10-12 12:58:50 - [TEST_STEP][PASSED] - setText: Text '123123' is set on object 'Object Repository/Backoffice/Clients/Registration/input_password'

2018-10-12 12:58:51 - [MESSAGE][PASSED] - Text '123123' is set on object 'Object Repository/Backoffice/Clients/Registration/input_password'

2018-10-12 12:58:51 - [TEST_STEP][PASSED] - setText: Text '123123' is set on object 'Object Repository/Backoffice/Clients/Registration/input_confirmp'

2018-10-12 12:58:51 - [MESSAGE][PASSED] - Text '123123' is set on object 'Object Repository/Backoffice/Clients/Registration/input_confirmp'

2018-10-12 12:58:51 - [TEST_STEP][PASSED] - selectOptionByValue: All options with value 'test' are selected in object 'Object Repository/Backoffice/Clients/Registration/select_operatorcode' 

2018-10-12 12:58:51 - [MESSAGE][PASSED] - All options with value 'test' are selected in object 'Object Repository/Backoffice/Clients/Registration/select_operatorcode' 

2018-10-12 12:58:51 - [TEST_STEP][PASSED] - selectOptionByValue: All options with value '1' are selected in object 'Object Repository/Backoffice/Clients/Registration/select_status' 

2018-10-12 12:58:51 - [MESSAGE][PASSED] - All options with value '1' are selected in object 'Object Repository/Backoffice/Clients/Registration/select_status' 

2018-10-12 12:58:51 - [TEST_STEP][PASSED] - delay: Delayed 2 second(s)

2018-10-12 12:58:53 - [MESSAGE][PASSED] - Delayed 2 second(s)

2018-10-12 12:58:53 - [TEST_STEP][PASSED] - click: Object: 'Object Repository/Backoffice/Clients/Registration/button_Submit' is clicked on

2018-10-12 12:58:54 - [MESSAGE][PASSED] - Object: 'Object Repository/Backoffice/Clients/Registration/button_Submit' is clicked on

2018-10-12 12:58:54 - [TEST_STEP][PASSED] - delay: Delayed 2 second(s)

2018-10-12 12:58:56 - [MESSAGE][PASSED] - Delayed 2 second(s)]]></system-out>
         <system-err><![CDATA[]]></system-err>
      </testcase>
      <testcase name="Test Cases/Backoffice/RegisterAccount" classname="Test Cases/Backoffice/RegisterAccount" status="PASSED">
         <system-out><![CDATA[2018-10-12 12:58:56 - [TEST_CASE][PASSED] - Test Cases/Backoffice/RegisterAccount: Test Cases/Backoffice/RegisterAccount

2018-10-12 12:58:56 - [TEST_STEP][PASSED] - focus: Object: 'Object Repository/Backoffice/Clients/Clients' is focused

2018-10-12 12:58:56 - [MESSAGE][PASSED] - Object: 'Object Repository/Backoffice/Clients/Clients' is focused

2018-10-12 12:58:56 - [TEST_STEP][PASSED] - verifyElementPresent: Object 'Object Repository/Backoffice/Clients/Client Registration' is present

2018-10-12 12:58:56 - [MESSAGE][PASSED] - Object 'Object Repository/Backoffice/Clients/Client Registration' is present

2018-10-12 12:58:56 - [TEST_STEP][PASSED] - click: Object: 'Object Repository/Backoffice/Clients/Client Registration' is clicked on

2018-10-12 12:58:57 - [MESSAGE][PASSED] - Object: 'Object Repository/Backoffice/Clients/Client Registration' is clicked on

2018-10-12 12:58:57 - [TEST_STEP][PASSED] - setText: Text 'farquit' is set on object 'Object Repository/Backoffice/Clients/Registration/input_username'

2018-10-12 12:58:57 - [MESSAGE][PASSED] - Text 'farquit' is set on object 'Object Repository/Backoffice/Clients/Registration/input_username'

2018-10-12 12:58:57 - [TEST_STEP][PASSED] - setText: Text '123123' is set on object 'Object Repository/Backoffice/Clients/Registration/input_password'

2018-10-12 12:58:57 - [MESSAGE][PASSED] - Text '123123' is set on object 'Object Repository/Backoffice/Clients/Registration/input_password'

2018-10-12 12:58:57 - [TEST_STEP][PASSED] - setText: Text '123123' is set on object 'Object Repository/Backoffice/Clients/Registration/input_confirmp'

2018-10-12 12:58:57 - [MESSAGE][PASSED] - Text '123123' is set on object 'Object Repository/Backoffice/Clients/Registration/input_confirmp'

2018-10-12 12:58:57 - [TEST_STEP][PASSED] - selectOptionByValue: All options with value 'test' are selected in object 'Object Repository/Backoffice/Clients/Registration/select_operatorcode' 

2018-10-12 12:58:58 - [MESSAGE][PASSED] - All options with value 'test' are selected in object 'Object Repository/Backoffice/Clients/Registration/select_operatorcode' 

2018-10-12 12:58:58 - [TEST_STEP][PASSED] - selectOptionByValue: All options with value '1' are selected in object 'Object Repository/Backoffice/Clients/Registration/select_status' 

2018-10-12 12:58:58 - [MESSAGE][PASSED] - All options with value '1' are selected in object 'Object Repository/Backoffice/Clients/Registration/select_status' 

2018-10-12 12:58:58 - [TEST_STEP][PASSED] - delay: Delayed 2 second(s)

2018-10-12 12:59:00 - [MESSAGE][PASSED] - Delayed 2 second(s)

2018-10-12 12:59:00 - [TEST_STEP][PASSED] - click: Object: 'Object Repository/Backoffice/Clients/Registration/button_Submit' is clicked on

2018-10-12 12:59:01 - [MESSAGE][PASSED] - Object: 'Object Repository/Backoffice/Clients/Registration/button_Submit' is clicked on

2018-10-12 12:59:01 - [TEST_STEP][PASSED] - delay: Delayed 2 second(s)

2018-10-12 12:59:03 - [MESSAGE][PASSED] - Delayed 2 second(s)]]></system-out>
         <system-err><![CDATA[]]></system-err>
      </testcase>
      <testcase name="Test Cases/Backoffice/RegisterAccount" classname="Test Cases/Backoffice/RegisterAccount" status="PASSED">
         <system-out><![CDATA[2018-10-12 12:59:03 - [TEST_CASE][PASSED] - Test Cases/Backoffice/RegisterAccount: Test Cases/Backoffice/RegisterAccount

2018-10-12 12:59:03 - [TEST_STEP][PASSED] - focus: Object: 'Object Repository/Backoffice/Clients/Clients' is focused

2018-10-12 12:59:03 - [MESSAGE][PASSED] - Object: 'Object Repository/Backoffice/Clients/Clients' is focused

2018-10-12 12:59:03 - [TEST_STEP][PASSED] - verifyElementPresent: Object 'Object Repository/Backoffice/Clients/Client Registration' is present

2018-10-12 12:59:03 - [MESSAGE][PASSED] - Object 'Object Repository/Backoffice/Clients/Client Registration' is present

2018-10-12 12:59:03 - [TEST_STEP][PASSED] - click: Object: 'Object Repository/Backoffice/Clients/Client Registration' is clicked on

2018-10-12 12:59:04 - [MESSAGE][PASSED] - Object: 'Object Repository/Backoffice/Clients/Client Registration' is clicked on

2018-10-12 12:59:04 - [TEST_STEP][PASSED] - setText: Text 'viagrandad' is set on object 'Object Repository/Backoffice/Clients/Registration/input_username'

2018-10-12 12:59:04 - [MESSAGE][PASSED] - Text 'viagrandad' is set on object 'Object Repository/Backoffice/Clients/Registration/input_username'

2018-10-12 12:59:04 - [TEST_STEP][PASSED] - setText: Text '123123' is set on object 'Object Repository/Backoffice/Clients/Registration/input_password'

2018-10-12 12:59:04 - [MESSAGE][PASSED] - Text '123123' is set on object 'Object Repository/Backoffice/Clients/Registration/input_password'

2018-10-12 12:59:04 - [TEST_STEP][PASSED] - setText: Text '123123' is set on object 'Object Repository/Backoffice/Clients/Registration/input_confirmp'

2018-10-12 12:59:04 - [MESSAGE][PASSED] - Text '123123' is set on object 'Object Repository/Backoffice/Clients/Registration/input_confirmp'

2018-10-12 12:59:04 - [TEST_STEP][PASSED] - selectOptionByValue: All options with value 'test' are selected in object 'Object Repository/Backoffice/Clients/Registration/select_operatorcode' 

2018-10-12 12:59:05 - [MESSAGE][PASSED] - All options with value 'test' are selected in object 'Object Repository/Backoffice/Clients/Registration/select_operatorcode' 

2018-10-12 12:59:05 - [TEST_STEP][PASSED] - selectOptionByValue: All options with value '1' are selected in object 'Object Repository/Backoffice/Clients/Registration/select_status' 

2018-10-12 12:59:05 - [MESSAGE][PASSED] - All options with value '1' are selected in object 'Object Repository/Backoffice/Clients/Registration/select_status' 

2018-10-12 12:59:05 - [TEST_STEP][PASSED] - delay: Delayed 2 second(s)

2018-10-12 12:59:07 - [MESSAGE][PASSED] - Delayed 2 second(s)

2018-10-12 12:59:07 - [TEST_STEP][PASSED] - click: Object: 'Object Repository/Backoffice/Clients/Registration/button_Submit' is clicked on

2018-10-12 12:59:08 - [MESSAGE][PASSED] - Object: 'Object Repository/Backoffice/Clients/Registration/button_Submit' is clicked on

2018-10-12 12:59:08 - [TEST_STEP][PASSED] - delay: Delayed 2 second(s)

2018-10-12 12:59:10 - [MESSAGE][PASSED] - Delayed 2 second(s)]]></system-out>
         <system-err><![CDATA[]]></system-err>
      </testcase>
      <testcase name="Test Cases/Backoffice/RegisterAccount" classname="Test Cases/Backoffice/RegisterAccount" status="PASSED">
         <system-out><![CDATA[2018-10-12 12:59:10 - [TEST_CASE][PASSED] - Test Cases/Backoffice/RegisterAccount: Test Cases/Backoffice/RegisterAccount

2018-10-12 12:59:10 - [TEST_STEP][PASSED] - focus: Object: 'Object Repository/Backoffice/Clients/Clients' is focused

2018-10-12 12:59:10 - [MESSAGE][PASSED] - Object: 'Object Repository/Backoffice/Clients/Clients' is focused

2018-10-12 12:59:10 - [TEST_STEP][PASSED] - verifyElementPresent: Object 'Object Repository/Backoffice/Clients/Client Registration' is present

2018-10-12 12:59:10 - [MESSAGE][PASSED] - Object 'Object Repository/Backoffice/Clients/Client Registration' is present

2018-10-12 12:59:10 - [TEST_STEP][PASSED] - click: Object: 'Object Repository/Backoffice/Clients/Client Registration' is clicked on

2018-10-12 12:59:11 - [MESSAGE][PASSED] - Object: 'Object Repository/Backoffice/Clients/Client Registration' is clicked on

2018-10-12 12:59:11 - [TEST_STEP][PASSED] - setText: Text 'happy_sad' is set on object 'Object Repository/Backoffice/Clients/Registration/input_username'

2018-10-12 12:59:11 - [MESSAGE][PASSED] - Text 'happy_sad' is set on object 'Object Repository/Backoffice/Clients/Registration/input_username'

2018-10-12 12:59:11 - [TEST_STEP][PASSED] - setText: Text '123123' is set on object 'Object Repository/Backoffice/Clients/Registration/input_password'

2018-10-12 12:59:11 - [MESSAGE][PASSED] - Text '123123' is set on object 'Object Repository/Backoffice/Clients/Registration/input_password'

2018-10-12 12:59:11 - [TEST_STEP][PASSED] - setText: Text '123123' is set on object 'Object Repository/Backoffice/Clients/Registration/input_confirmp'

2018-10-12 12:59:11 - [MESSAGE][PASSED] - Text '123123' is set on object 'Object Repository/Backoffice/Clients/Registration/input_confirmp'

2018-10-12 12:59:11 - [TEST_STEP][PASSED] - selectOptionByValue: All options with value 'test' are selected in object 'Object Repository/Backoffice/Clients/Registration/select_operatorcode' 

2018-10-12 12:59:12 - [MESSAGE][PASSED] - All options with value 'test' are selected in object 'Object Repository/Backoffice/Clients/Registration/select_operatorcode' 

2018-10-12 12:59:12 - [TEST_STEP][PASSED] - selectOptionByValue: All options with value '1' are selected in object 'Object Repository/Backoffice/Clients/Registration/select_status' 

2018-10-12 12:59:12 - [MESSAGE][PASSED] - All options with value '1' are selected in object 'Object Repository/Backoffice/Clients/Registration/select_status' 

2018-10-12 12:59:12 - [TEST_STEP][PASSED] - delay: Delayed 2 second(s)

2018-10-12 12:59:14 - [MESSAGE][PASSED] - Delayed 2 second(s)

2018-10-12 12:59:14 - [TEST_STEP][PASSED] - click: Object: 'Object Repository/Backoffice/Clients/Registration/button_Submit' is clicked on

2018-10-12 12:59:15 - [MESSAGE][PASSED] - Object: 'Object Repository/Backoffice/Clients/Registration/button_Submit' is clicked on

2018-10-12 12:59:15 - [TEST_STEP][PASSED] - delay: Delayed 2 second(s)

2018-10-12 12:59:17 - [MESSAGE][PASSED] - Delayed 2 second(s)]]></system-out>
         <system-err><![CDATA[]]></system-err>
      </testcase>
      <testcase name="Test Cases/Backoffice/RegisterAccount" classname="Test Cases/Backoffice/RegisterAccount" status="PASSED">
         <system-out><![CDATA[2018-10-12 12:59:17 - [TEST_CASE][PASSED] - Test Cases/Backoffice/RegisterAccount: Test Cases/Backoffice/RegisterAccount

2018-10-12 12:59:17 - [TEST_STEP][PASSED] - focus: Object: 'Object Repository/Backoffice/Clients/Clients' is focused

2018-10-12 12:59:17 - [MESSAGE][PASSED] - Object: 'Object Repository/Backoffice/Clients/Clients' is focused

2018-10-12 12:59:17 - [TEST_STEP][PASSED] - verifyElementPresent: Object 'Object Repository/Backoffice/Clients/Client Registration' is present

2018-10-12 12:59:17 - [MESSAGE][PASSED] - Object 'Object Repository/Backoffice/Clients/Client Registration' is present

2018-10-12 12:59:17 - [TEST_STEP][PASSED] - click: Object: 'Object Repository/Backoffice/Clients/Client Registration' is clicked on

2018-10-12 12:59:18 - [MESSAGE][PASSED] - Object: 'Object Repository/Backoffice/Clients/Client Registration' is clicked on

2018-10-12 12:59:18 - [TEST_STEP][PASSED] - setText: Text 'haveahappyday' is set on object 'Object Repository/Backoffice/Clients/Registration/input_username'

2018-10-12 12:59:18 - [MESSAGE][PASSED] - Text 'haveahappyday' is set on object 'Object Repository/Backoffice/Clients/Registration/input_username'

2018-10-12 12:59:18 - [TEST_STEP][PASSED] - setText: Text '123123' is set on object 'Object Repository/Backoffice/Clients/Registration/input_password'

2018-10-12 12:59:18 - [MESSAGE][PASSED] - Text '123123' is set on object 'Object Repository/Backoffice/Clients/Registration/input_password'

2018-10-12 12:59:18 - [TEST_STEP][PASSED] - setText: Text '123123' is set on object 'Object Repository/Backoffice/Clients/Registration/input_confirmp'

2018-10-12 12:59:18 - [MESSAGE][PASSED] - Text '123123' is set on object 'Object Repository/Backoffice/Clients/Registration/input_confirmp'

2018-10-12 12:59:18 - [TEST_STEP][PASSED] - selectOptionByValue: All options with value 'test' are selected in object 'Object Repository/Backoffice/Clients/Registration/select_operatorcode' 

2018-10-12 12:59:19 - [MESSAGE][PASSED] - All options with value 'test' are selected in object 'Object Repository/Backoffice/Clients/Registration/select_operatorcode' 

2018-10-12 12:59:19 - [TEST_STEP][PASSED] - selectOptionByValue: All options with value '1' are selected in object 'Object Repository/Backoffice/Clients/Registration/select_status' 

2018-10-12 12:59:19 - [MESSAGE][PASSED] - All options with value '1' are selected in object 'Object Repository/Backoffice/Clients/Registration/select_status' 

2018-10-12 12:59:19 - [TEST_STEP][PASSED] - delay: Delayed 2 second(s)

2018-10-12 12:59:21 - [MESSAGE][PASSED] - Delayed 2 second(s)

2018-10-12 12:59:21 - [TEST_STEP][PASSED] - click: Object: 'Object Repository/Backoffice/Clients/Registration/button_Submit' is clicked on

2018-10-12 12:59:22 - [MESSAGE][PASSED] - Object: 'Object Repository/Backoffice/Clients/Registration/button_Submit' is clicked on

2018-10-12 12:59:22 - [TEST_STEP][PASSED] - delay: Delayed 2 second(s)

2018-10-12 12:59:24 - [MESSAGE][PASSED] - Delayed 2 second(s)]]></system-out>
         <system-err><![CDATA[]]></system-err>
      </testcase>
      <testcase name="Test Cases/Backoffice/RegisterAccount" classname="Test Cases/Backoffice/RegisterAccount" status="PASSED">
         <system-out><![CDATA[2018-10-12 12:59:24 - [TEST_CASE][PASSED] - Test Cases/Backoffice/RegisterAccount: Test Cases/Backoffice/RegisterAccount

2018-10-12 12:59:24 - [TEST_STEP][PASSED] - focus: Object: 'Object Repository/Backoffice/Clients/Clients' is focused

2018-10-12 12:59:24 - [MESSAGE][PASSED] - Object: 'Object Repository/Backoffice/Clients/Clients' is focused

2018-10-12 12:59:24 - [TEST_STEP][PASSED] - verifyElementPresent: Object 'Object Repository/Backoffice/Clients/Client Registration' is present

2018-10-12 12:59:24 - [MESSAGE][PASSED] - Object 'Object Repository/Backoffice/Clients/Client Registration' is present

2018-10-12 12:59:24 - [TEST_STEP][PASSED] - click: Object: 'Object Repository/Backoffice/Clients/Client Registration' is clicked on

2018-10-12 12:59:26 - [MESSAGE][PASSED] - Object: 'Object Repository/Backoffice/Clients/Client Registration' is clicked on

2018-10-12 12:59:26 - [TEST_STEP][PASSED] - setText: Text 'SomethingNew' is set on object 'Object Repository/Backoffice/Clients/Registration/input_username'

2018-10-12 12:59:26 - [MESSAGE][PASSED] - Text 'SomethingNew' is set on object 'Object Repository/Backoffice/Clients/Registration/input_username'

2018-10-12 12:59:26 - [TEST_STEP][PASSED] - setText: Text '123123' is set on object 'Object Repository/Backoffice/Clients/Registration/input_password'

2018-10-12 12:59:27 - [MESSAGE][PASSED] - Text '123123' is set on object 'Object Repository/Backoffice/Clients/Registration/input_password'

2018-10-12 12:59:27 - [TEST_STEP][PASSED] - setText: Text '123123' is set on object 'Object Repository/Backoffice/Clients/Registration/input_confirmp'

2018-10-12 12:59:27 - [MESSAGE][PASSED] - Text '123123' is set on object 'Object Repository/Backoffice/Clients/Registration/input_confirmp'

2018-10-12 12:59:27 - [TEST_STEP][PASSED] - selectOptionByValue: All options with value 'test' are selected in object 'Object Repository/Backoffice/Clients/Registration/select_operatorcode' 

2018-10-12 12:59:27 - [MESSAGE][PASSED] - All options with value 'test' are selected in object 'Object Repository/Backoffice/Clients/Registration/select_operatorcode' 

2018-10-12 12:59:27 - [TEST_STEP][PASSED] - selectOptionByValue: All options with value '1' are selected in object 'Object Repository/Backoffice/Clients/Registration/select_status' 

2018-10-12 12:59:28 - [MESSAGE][PASSED] - All options with value '1' are selected in object 'Object Repository/Backoffice/Clients/Registration/select_status' 

2018-10-12 12:59:28 - [TEST_STEP][PASSED] - delay: Delayed 2 second(s)

2018-10-12 12:59:30 - [MESSAGE][PASSED] - Delayed 2 second(s)

2018-10-12 12:59:30 - [TEST_STEP][PASSED] - click: Object: 'Object Repository/Backoffice/Clients/Registration/button_Submit' is clicked on

2018-10-12 12:59:30 - [MESSAGE][PASSED] - Object: 'Object Repository/Backoffice/Clients/Registration/button_Submit' is clicked on

2018-10-12 12:59:30 - [TEST_STEP][PASSED] - delay: Delayed 2 second(s)

2018-10-12 12:59:32 - [MESSAGE][PASSED] - Delayed 2 second(s)]]></system-out>
         <system-err><![CDATA[]]></system-err>
      </testcase>
      <testcase name="Test Cases/Backoffice/RegisterAccount" classname="Test Cases/Backoffice/RegisterAccount" status="PASSED">
         <system-out><![CDATA[2018-10-12 12:59:32 - [TEST_CASE][PASSED] - Test Cases/Backoffice/RegisterAccount: Test Cases/Backoffice/RegisterAccount

2018-10-12 12:59:33 - [TEST_STEP][PASSED] - focus: Object: 'Object Repository/Backoffice/Clients/Clients' is focused

2018-10-12 12:59:33 - [MESSAGE][PASSED] - Object: 'Object Repository/Backoffice/Clients/Clients' is focused

2018-10-12 12:59:33 - [TEST_STEP][PASSED] - verifyElementPresent: Object 'Object Repository/Backoffice/Clients/Client Registration' is present

2018-10-12 12:59:33 - [MESSAGE][PASSED] - Object 'Object Repository/Backoffice/Clients/Client Registration' is present

2018-10-12 12:59:33 - [TEST_STEP][PASSED] - click: Object: 'Object Repository/Backoffice/Clients/Client Registration' is clicked on

2018-10-12 12:59:33 - [MESSAGE][PASSED] - Object: 'Object Repository/Backoffice/Clients/Client Registration' is clicked on

2018-10-12 12:59:33 - [TEST_STEP][PASSED] - setText: Text '5mileys' is set on object 'Object Repository/Backoffice/Clients/Registration/input_username'

2018-10-12 12:59:33 - [MESSAGE][PASSED] - Text '5mileys' is set on object 'Object Repository/Backoffice/Clients/Registration/input_username'

2018-10-12 12:59:33 - [TEST_STEP][PASSED] - setText: Text '123123' is set on object 'Object Repository/Backoffice/Clients/Registration/input_password'

2018-10-12 12:59:33 - [MESSAGE][PASSED] - Text '123123' is set on object 'Object Repository/Backoffice/Clients/Registration/input_password'

2018-10-12 12:59:33 - [TEST_STEP][PASSED] - setText: Text '123123' is set on object 'Object Repository/Backoffice/Clients/Registration/input_confirmp'

2018-10-12 12:59:34 - [MESSAGE][PASSED] - Text '123123' is set on object 'Object Repository/Backoffice/Clients/Registration/input_confirmp'

2018-10-12 12:59:34 - [TEST_STEP][PASSED] - selectOptionByValue: All options with value 'test' are selected in object 'Object Repository/Backoffice/Clients/Registration/select_operatorcode' 

2018-10-12 12:59:34 - [MESSAGE][PASSED] - All options with value 'test' are selected in object 'Object Repository/Backoffice/Clients/Registration/select_operatorcode' 

2018-10-12 12:59:34 - [TEST_STEP][PASSED] - selectOptionByValue: All options with value '1' are selected in object 'Object Repository/Backoffice/Clients/Registration/select_status' 

2018-10-12 12:59:34 - [MESSAGE][PASSED] - All options with value '1' are selected in object 'Object Repository/Backoffice/Clients/Registration/select_status' 

2018-10-12 12:59:34 - [TEST_STEP][PASSED] - delay: Delayed 2 second(s)

2018-10-12 12:59:36 - [MESSAGE][PASSED] - Delayed 2 second(s)

2018-10-12 12:59:36 - [TEST_STEP][PASSED] - click: Object: 'Object Repository/Backoffice/Clients/Registration/button_Submit' is clicked on

2018-10-12 12:59:37 - [MESSAGE][PASSED] - Object: 'Object Repository/Backoffice/Clients/Registration/button_Submit' is clicked on

2018-10-12 12:59:37 - [TEST_STEP][PASSED] - delay: Delayed 2 second(s)

2018-10-12 12:59:39 - [MESSAGE][PASSED] - Delayed 2 second(s)]]></system-out>
         <system-err><![CDATA[]]></system-err>
      </testcase>
      <testcase name="Test Cases/Backoffice/RegisterAccount" classname="Test Cases/Backoffice/RegisterAccount" status="PASSED">
         <system-out><![CDATA[2018-10-12 12:59:39 - [TEST_CASE][PASSED] - Test Cases/Backoffice/RegisterAccount: Test Cases/Backoffice/RegisterAccount

2018-10-12 12:59:39 - [TEST_STEP][PASSED] - focus: Object: 'Object Repository/Backoffice/Clients/Clients' is focused

2018-10-12 12:59:39 - [MESSAGE][PASSED] - Object: 'Object Repository/Backoffice/Clients/Clients' is focused

2018-10-12 12:59:39 - [TEST_STEP][PASSED] - verifyElementPresent: Object 'Object Repository/Backoffice/Clients/Client Registration' is present

2018-10-12 12:59:40 - [MESSAGE][PASSED] - Object 'Object Repository/Backoffice/Clients/Client Registration' is present

2018-10-12 12:59:40 - [TEST_STEP][PASSED] - click: Object: 'Object Repository/Backoffice/Clients/Client Registration' is clicked on

2018-10-12 12:59:40 - [MESSAGE][PASSED] - Object: 'Object Repository/Backoffice/Clients/Client Registration' is clicked on

2018-10-12 12:59:40 - [TEST_STEP][PASSED] - setText: Text 'cum2soon' is set on object 'Object Repository/Backoffice/Clients/Registration/input_username'

2018-10-12 12:59:40 - [MESSAGE][PASSED] - Text 'cum2soon' is set on object 'Object Repository/Backoffice/Clients/Registration/input_username'

2018-10-12 12:59:40 - [TEST_STEP][PASSED] - setText: Text '123123' is set on object 'Object Repository/Backoffice/Clients/Registration/input_password'

2018-10-12 12:59:40 - [MESSAGE][PASSED] - Text '123123' is set on object 'Object Repository/Backoffice/Clients/Registration/input_password'

2018-10-12 12:59:40 - [TEST_STEP][PASSED] - setText: Text '123123' is set on object 'Object Repository/Backoffice/Clients/Registration/input_confirmp'

2018-10-12 12:59:40 - [MESSAGE][PASSED] - Text '123123' is set on object 'Object Repository/Backoffice/Clients/Registration/input_confirmp'

2018-10-12 12:59:40 - [TEST_STEP][PASSED] - selectOptionByValue: All options with value 'test' are selected in object 'Object Repository/Backoffice/Clients/Registration/select_operatorcode' 

2018-10-12 12:59:41 - [MESSAGE][PASSED] - All options with value 'test' are selected in object 'Object Repository/Backoffice/Clients/Registration/select_operatorcode' 

2018-10-12 12:59:41 - [TEST_STEP][PASSED] - selectOptionByValue: All options with value '1' are selected in object 'Object Repository/Backoffice/Clients/Registration/select_status' 

2018-10-12 12:59:41 - [MESSAGE][PASSED] - All options with value '1' are selected in object 'Object Repository/Backoffice/Clients/Registration/select_status' 

2018-10-12 12:59:41 - [TEST_STEP][PASSED] - delay: Delayed 2 second(s)

2018-10-12 12:59:43 - [MESSAGE][PASSED] - Delayed 2 second(s)

2018-10-12 12:59:43 - [TEST_STEP][PASSED] - click: Object: 'Object Repository/Backoffice/Clients/Registration/button_Submit' is clicked on

2018-10-12 12:59:44 - [MESSAGE][PASSED] - Object: 'Object Repository/Backoffice/Clients/Registration/button_Submit' is clicked on

2018-10-12 12:59:44 - [TEST_STEP][PASSED] - delay: Delayed 2 second(s)

2018-10-12 12:59:46 - [MESSAGE][PASSED] - Delayed 2 second(s)]]></system-out>
         <system-err><![CDATA[]]></system-err>
      </testcase>
      <testcase name="Test Cases/Backoffice/RegisterAccount" classname="Test Cases/Backoffice/RegisterAccount" status="PASSED">
         <system-out><![CDATA[2018-10-12 12:59:46 - [TEST_CASE][PASSED] - Test Cases/Backoffice/RegisterAccount: Test Cases/Backoffice/RegisterAccount

2018-10-12 12:59:46 - [TEST_STEP][PASSED] - focus: Object: 'Object Repository/Backoffice/Clients/Clients' is focused

2018-10-12 12:59:46 - [MESSAGE][PASSED] - Object: 'Object Repository/Backoffice/Clients/Clients' is focused

2018-10-12 12:59:46 - [TEST_STEP][PASSED] - verifyElementPresent: Object 'Object Repository/Backoffice/Clients/Client Registration' is present

2018-10-12 12:59:46 - [MESSAGE][PASSED] - Object 'Object Repository/Backoffice/Clients/Client Registration' is present

2018-10-12 12:59:46 - [TEST_STEP][PASSED] - click: Object: 'Object Repository/Backoffice/Clients/Client Registration' is clicked on

2018-10-12 12:59:46 - [MESSAGE][PASSED] - Object: 'Object Repository/Backoffice/Clients/Client Registration' is clicked on

2018-10-12 12:59:46 - [TEST_STEP][PASSED] - setText: Text 'takes2long' is set on object 'Object Repository/Backoffice/Clients/Registration/input_username'

2018-10-12 12:59:46 - [MESSAGE][PASSED] - Text 'takes2long' is set on object 'Object Repository/Backoffice/Clients/Registration/input_username'

2018-10-12 12:59:46 - [TEST_STEP][PASSED] - setText: Text '123123' is set on object 'Object Repository/Backoffice/Clients/Registration/input_password'

2018-10-12 12:59:47 - [MESSAGE][PASSED] - Text '123123' is set on object 'Object Repository/Backoffice/Clients/Registration/input_password'

2018-10-12 12:59:47 - [TEST_STEP][PASSED] - setText: Text '123123' is set on object 'Object Repository/Backoffice/Clients/Registration/input_confirmp'

2018-10-12 12:59:47 - [MESSAGE][PASSED] - Text '123123' is set on object 'Object Repository/Backoffice/Clients/Registration/input_confirmp'

2018-10-12 12:59:47 - [TEST_STEP][PASSED] - selectOptionByValue: All options with value 'test' are selected in object 'Object Repository/Backoffice/Clients/Registration/select_operatorcode' 

2018-10-12 12:59:47 - [MESSAGE][PASSED] - All options with value 'test' are selected in object 'Object Repository/Backoffice/Clients/Registration/select_operatorcode' 

2018-10-12 12:59:47 - [TEST_STEP][PASSED] - selectOptionByValue: All options with value '1' are selected in object 'Object Repository/Backoffice/Clients/Registration/select_status' 

2018-10-12 12:59:47 - [MESSAGE][PASSED] - All options with value '1' are selected in object 'Object Repository/Backoffice/Clients/Registration/select_status' 

2018-10-12 12:59:47 - [TEST_STEP][PASSED] - delay: Delayed 2 second(s)

2018-10-12 12:59:49 - [MESSAGE][PASSED] - Delayed 2 second(s)

2018-10-12 12:59:49 - [TEST_STEP][PASSED] - click: Object: 'Object Repository/Backoffice/Clients/Registration/button_Submit' is clicked on

2018-10-12 12:59:50 - [MESSAGE][PASSED] - Object: 'Object Repository/Backoffice/Clients/Registration/button_Submit' is clicked on

2018-10-12 12:59:50 - [TEST_STEP][PASSED] - delay: Delayed 2 second(s)

2018-10-12 12:59:52 - [MESSAGE][PASSED] - Delayed 2 second(s)]]></system-out>
         <system-err><![CDATA[]]></system-err>
      </testcase>
      <testcase name="Test Cases/Backoffice/RegisterAccount" classname="Test Cases/Backoffice/RegisterAccount" status="PASSED">
         <system-out><![CDATA[2018-10-12 12:59:52 - [TEST_CASE][PASSED] - Test Cases/Backoffice/RegisterAccount: Test Cases/Backoffice/RegisterAccount

2018-10-12 12:59:52 - [TEST_STEP][PASSED] - focus: Object: 'Object Repository/Backoffice/Clients/Clients' is focused

2018-10-12 12:59:52 - [MESSAGE][PASSED] - Object: 'Object Repository/Backoffice/Clients/Clients' is focused

2018-10-12 12:59:52 - [TEST_STEP][PASSED] - verifyElementPresent: Object 'Object Repository/Backoffice/Clients/Client Registration' is present

2018-10-12 12:59:52 - [MESSAGE][PASSED] - Object 'Object Repository/Backoffice/Clients/Client Registration' is present

2018-10-12 12:59:52 - [TEST_STEP][PASSED] - click: Object: 'Object Repository/Backoffice/Clients/Client Registration' is clicked on

2018-10-12 12:59:53 - [MESSAGE][PASSED] - Object: 'Object Repository/Backoffice/Clients/Client Registration' is clicked on

2018-10-12 12:59:53 - [TEST_STEP][PASSED] - setText: Text 'w8t4u' is set on object 'Object Repository/Backoffice/Clients/Registration/input_username'

2018-10-12 12:59:53 - [MESSAGE][PASSED] - Text 'w8t4u' is set on object 'Object Repository/Backoffice/Clients/Registration/input_username'

2018-10-12 12:59:53 - [TEST_STEP][PASSED] - setText: Text '123123' is set on object 'Object Repository/Backoffice/Clients/Registration/input_password'

2018-10-12 12:59:53 - [MESSAGE][PASSED] - Text '123123' is set on object 'Object Repository/Backoffice/Clients/Registration/input_password'

2018-10-12 12:59:53 - [TEST_STEP][PASSED] - setText: Text '123123' is set on object 'Object Repository/Backoffice/Clients/Registration/input_confirmp'

2018-10-12 12:59:53 - [MESSAGE][PASSED] - Text '123123' is set on object 'Object Repository/Backoffice/Clients/Registration/input_confirmp'

2018-10-12 12:59:53 - [TEST_STEP][PASSED] - selectOptionByValue: All options with value 'test' are selected in object 'Object Repository/Backoffice/Clients/Registration/select_operatorcode' 

2018-10-12 12:59:53 - [MESSAGE][PASSED] - All options with value 'test' are selected in object 'Object Repository/Backoffice/Clients/Registration/select_operatorcode' 

2018-10-12 12:59:53 - [TEST_STEP][PASSED] - selectOptionByValue: All options with value '1' are selected in object 'Object Repository/Backoffice/Clients/Registration/select_status' 

2018-10-12 12:59:54 - [MESSAGE][PASSED] - All options with value '1' are selected in object 'Object Repository/Backoffice/Clients/Registration/select_status' 

2018-10-12 12:59:54 - [TEST_STEP][PASSED] - delay: Delayed 2 second(s)

2018-10-12 12:59:56 - [MESSAGE][PASSED] - Delayed 2 second(s)

2018-10-12 12:59:56 - [TEST_STEP][PASSED] - click: Object: 'Object Repository/Backoffice/Clients/Registration/button_Submit' is clicked on

2018-10-12 12:59:56 - [MESSAGE][PASSED] - Object: 'Object Repository/Backoffice/Clients/Registration/button_Submit' is clicked on

2018-10-12 12:59:56 - [TEST_STEP][PASSED] - delay: Delayed 2 second(s)

2018-10-12 12:59:58 - [MESSAGE][PASSED] - Delayed 2 second(s)]]></system-out>
         <system-err><![CDATA[]]></system-err>
      </testcase>
      <testcase name="Test Cases/Backoffice/RegisterAccount" classname="Test Cases/Backoffice/RegisterAccount" status="PASSED">
         <system-out><![CDATA[2018-10-12 12:59:58 - [TEST_CASE][PASSED] - Test Cases/Backoffice/RegisterAccount: Test Cases/Backoffice/RegisterAccount

2018-10-12 12:59:58 - [TEST_STEP][PASSED] - focus: Object: 'Object Repository/Backoffice/Clients/Clients' is focused

2018-10-12 12:59:58 - [MESSAGE][PASSED] - Object: 'Object Repository/Backoffice/Clients/Clients' is focused

2018-10-12 12:59:58 - [TEST_STEP][PASSED] - verifyElementPresent: Object 'Object Repository/Backoffice/Clients/Client Registration' is present

2018-10-12 12:59:58 - [MESSAGE][PASSED] - Object 'Object Repository/Backoffice/Clients/Client Registration' is present

2018-10-12 12:59:58 - [TEST_STEP][PASSED] - click: Object: 'Object Repository/Backoffice/Clients/Client Registration' is clicked on

2018-10-12 12:59:59 - [MESSAGE][PASSED] - Object: 'Object Repository/Backoffice/Clients/Client Registration' is clicked on

2018-10-12 12:59:59 - [TEST_STEP][PASSED] - setText: Text 'askme' is set on object 'Object Repository/Backoffice/Clients/Registration/input_username'

2018-10-12 12:59:59 - [MESSAGE][PASSED] - Text 'askme' is set on object 'Object Repository/Backoffice/Clients/Registration/input_username'

2018-10-12 12:59:59 - [TEST_STEP][PASSED] - setText: Text '123123' is set on object 'Object Repository/Backoffice/Clients/Registration/input_password'

2018-10-12 12:59:59 - [MESSAGE][PASSED] - Text '123123' is set on object 'Object Repository/Backoffice/Clients/Registration/input_password'

2018-10-12 12:59:59 - [TEST_STEP][PASSED] - setText: Text '123123' is set on object 'Object Repository/Backoffice/Clients/Registration/input_confirmp'

2018-10-12 12:59:59 - [MESSAGE][PASSED] - Text '123123' is set on object 'Object Repository/Backoffice/Clients/Registration/input_confirmp'

2018-10-12 12:59:59 - [TEST_STEP][PASSED] - selectOptionByValue: All options with value 'test' are selected in object 'Object Repository/Backoffice/Clients/Registration/select_operatorcode' 

2018-10-12 12:59:59 - [MESSAGE][PASSED] - All options with value 'test' are selected in object 'Object Repository/Backoffice/Clients/Registration/select_operatorcode' 

2018-10-12 12:59:59 - [TEST_STEP][PASSED] - selectOptionByValue: All options with value '1' are selected in object 'Object Repository/Backoffice/Clients/Registration/select_status' 

2018-10-12 13:00:00 - [MESSAGE][PASSED] - All options with value '1' are selected in object 'Object Repository/Backoffice/Clients/Registration/select_status' 

2018-10-12 13:00:00 - [TEST_STEP][PASSED] - delay: Delayed 2 second(s)

2018-10-12 13:00:02 - [MESSAGE][PASSED] - Delayed 2 second(s)

2018-10-12 13:00:02 - [TEST_STEP][PASSED] - click: Object: 'Object Repository/Backoffice/Clients/Registration/button_Submit' is clicked on

2018-10-12 13:00:03 - [MESSAGE][PASSED] - Object: 'Object Repository/Backoffice/Clients/Registration/button_Submit' is clicked on

2018-10-12 13:00:03 - [TEST_STEP][PASSED] - delay: Delayed 2 second(s)

2018-10-12 13:00:05 - [MESSAGE][PASSED] - Delayed 2 second(s)]]></system-out>
         <system-err><![CDATA[]]></system-err>
      </testcase>
      <testcase name="Test Cases/Backoffice/RegisterAccount" classname="Test Cases/Backoffice/RegisterAccount" status="PASSED">
         <system-out><![CDATA[2018-10-12 13:00:05 - [TEST_CASE][PASSED] - Test Cases/Backoffice/RegisterAccount: Test Cases/Backoffice/RegisterAccount

2018-10-12 13:00:05 - [TEST_STEP][PASSED] - focus: Object: 'Object Repository/Backoffice/Clients/Clients' is focused

2018-10-12 13:00:05 - [MESSAGE][PASSED] - Object: 'Object Repository/Backoffice/Clients/Clients' is focused

2018-10-12 13:00:05 - [TEST_STEP][PASSED] - verifyElementPresent: Object 'Object Repository/Backoffice/Clients/Client Registration' is present

2018-10-12 13:00:05 - [MESSAGE][PASSED] - Object 'Object Repository/Backoffice/Clients/Client Registration' is present

2018-10-12 13:00:05 - [TEST_STEP][PASSED] - click: Object: 'Object Repository/Backoffice/Clients/Client Registration' is clicked on

2018-10-12 13:00:05 - [MESSAGE][PASSED] - Object: 'Object Repository/Backoffice/Clients/Client Registration' is clicked on

2018-10-12 13:00:05 - [TEST_STEP][PASSED] - setText: Text 'Bidwell' is set on object 'Object Repository/Backoffice/Clients/Registration/input_username'

2018-10-12 13:00:05 - [MESSAGE][PASSED] - Text 'Bidwell' is set on object 'Object Repository/Backoffice/Clients/Registration/input_username'

2018-10-12 13:00:05 - [TEST_STEP][PASSED] - setText: Text '123123' is set on object 'Object Repository/Backoffice/Clients/Registration/input_password'

2018-10-12 13:00:06 - [MESSAGE][PASSED] - Text '123123' is set on object 'Object Repository/Backoffice/Clients/Registration/input_password'

2018-10-12 13:00:06 - [TEST_STEP][PASSED] - setText: Text '123123' is set on object 'Object Repository/Backoffice/Clients/Registration/input_confirmp'

2018-10-12 13:00:06 - [MESSAGE][PASSED] - Text '123123' is set on object 'Object Repository/Backoffice/Clients/Registration/input_confirmp'

2018-10-12 13:00:06 - [TEST_STEP][PASSED] - selectOptionByValue: All options with value 'test' are selected in object 'Object Repository/Backoffice/Clients/Registration/select_operatorcode' 

2018-10-12 13:00:06 - [MESSAGE][PASSED] - All options with value 'test' are selected in object 'Object Repository/Backoffice/Clients/Registration/select_operatorcode' 

2018-10-12 13:00:06 - [TEST_STEP][PASSED] - selectOptionByValue: All options with value '1' are selected in object 'Object Repository/Backoffice/Clients/Registration/select_status' 

2018-10-12 13:00:06 - [MESSAGE][PASSED] - All options with value '1' are selected in object 'Object Repository/Backoffice/Clients/Registration/select_status' 

2018-10-12 13:00:06 - [TEST_STEP][PASSED] - delay: Delayed 2 second(s)

2018-10-12 13:00:08 - [MESSAGE][PASSED] - Delayed 2 second(s)

2018-10-12 13:00:08 - [TEST_STEP][PASSED] - click: Object: 'Object Repository/Backoffice/Clients/Registration/button_Submit' is clicked on

2018-10-12 13:00:09 - [MESSAGE][PASSED] - Object: 'Object Repository/Backoffice/Clients/Registration/button_Submit' is clicked on

2018-10-12 13:00:09 - [TEST_STEP][PASSED] - delay: Delayed 2 second(s)

2018-10-12 13:00:11 - [MESSAGE][PASSED] - Delayed 2 second(s)]]></system-out>
         <system-err><![CDATA[]]></system-err>
      </testcase>
      <testcase name="Test Cases/Backoffice/RegisterAccount" classname="Test Cases/Backoffice/RegisterAccount" status="PASSED">
         <system-out><![CDATA[2018-10-12 13:00:11 - [TEST_CASE][PASSED] - Test Cases/Backoffice/RegisterAccount: Test Cases/Backoffice/RegisterAccount

2018-10-12 13:00:11 - [TEST_STEP][PASSED] - focus: Object: 'Object Repository/Backoffice/Clients/Clients' is focused

2018-10-12 13:00:11 - [MESSAGE][PASSED] - Object: 'Object Repository/Backoffice/Clients/Clients' is focused

2018-10-12 13:00:11 - [TEST_STEP][PASSED] - verifyElementPresent: Object 'Object Repository/Backoffice/Clients/Client Registration' is present

2018-10-12 13:00:11 - [MESSAGE][PASSED] - Object 'Object Repository/Backoffice/Clients/Client Registration' is present

2018-10-12 13:00:11 - [TEST_STEP][PASSED] - click: Object: 'Object Repository/Backoffice/Clients/Client Registration' is clicked on

2018-10-12 13:00:11 - [MESSAGE][PASSED] - Object: 'Object Repository/Backoffice/Clients/Client Registration' is clicked on

2018-10-12 13:00:11 - [TEST_STEP][PASSED] - setText: Text 'massdebater' is set on object 'Object Repository/Backoffice/Clients/Registration/input_username'

2018-10-12 13:00:12 - [MESSAGE][PASSED] - Text 'massdebater' is set on object 'Object Repository/Backoffice/Clients/Registration/input_username'

2018-10-12 13:00:12 - [TEST_STEP][PASSED] - setText: Text '123123' is set on object 'Object Repository/Backoffice/Clients/Registration/input_password'

2018-10-12 13:00:12 - [MESSAGE][PASSED] - Text '123123' is set on object 'Object Repository/Backoffice/Clients/Registration/input_password'

2018-10-12 13:00:12 - [TEST_STEP][PASSED] - setText: Text '123123' is set on object 'Object Repository/Backoffice/Clients/Registration/input_confirmp'

2018-10-12 13:00:12 - [MESSAGE][PASSED] - Text '123123' is set on object 'Object Repository/Backoffice/Clients/Registration/input_confirmp'

2018-10-12 13:00:12 - [TEST_STEP][PASSED] - selectOptionByValue: All options with value 'test' are selected in object 'Object Repository/Backoffice/Clients/Registration/select_operatorcode' 

2018-10-12 13:00:12 - [MESSAGE][PASSED] - All options with value 'test' are selected in object 'Object Repository/Backoffice/Clients/Registration/select_operatorcode' 

2018-10-12 13:00:12 - [TEST_STEP][PASSED] - selectOptionByValue: All options with value '1' are selected in object 'Object Repository/Backoffice/Clients/Registration/select_status' 

2018-10-12 13:00:12 - [MESSAGE][PASSED] - All options with value '1' are selected in object 'Object Repository/Backoffice/Clients/Registration/select_status' 

2018-10-12 13:00:12 - [TEST_STEP][PASSED] - delay: Delayed 2 second(s)

2018-10-12 13:00:14 - [MESSAGE][PASSED] - Delayed 2 second(s)

2018-10-12 13:00:14 - [TEST_STEP][PASSED] - click: Object: 'Object Repository/Backoffice/Clients/Registration/button_Submit' is clicked on

2018-10-12 13:00:15 - [MESSAGE][PASSED] - Object: 'Object Repository/Backoffice/Clients/Registration/button_Submit' is clicked on

2018-10-12 13:00:15 - [TEST_STEP][PASSED] - delay: Delayed 2 second(s)

2018-10-12 13:00:17 - [MESSAGE][PASSED] - Delayed 2 second(s)]]></system-out>
         <system-err><![CDATA[]]></system-err>
      </testcase>
      <testcase name="Test Cases/Backoffice/RegisterAccount" classname="Test Cases/Backoffice/RegisterAccount" status="PASSED">
         <system-out><![CDATA[2018-10-12 13:00:17 - [TEST_CASE][PASSED] - Test Cases/Backoffice/RegisterAccount: Test Cases/Backoffice/RegisterAccount

2018-10-12 13:00:17 - [TEST_STEP][PASSED] - focus: Object: 'Object Repository/Backoffice/Clients/Clients' is focused

2018-10-12 13:00:17 - [MESSAGE][PASSED] - Object: 'Object Repository/Backoffice/Clients/Clients' is focused

2018-10-12 13:00:17 - [TEST_STEP][PASSED] - verifyElementPresent: Object 'Object Repository/Backoffice/Clients/Client Registration' is present

2018-10-12 13:00:17 - [MESSAGE][PASSED] - Object 'Object Repository/Backoffice/Clients/Client Registration' is present

2018-10-12 13:00:17 - [TEST_STEP][PASSED] - click: Object: 'Object Repository/Backoffice/Clients/Client Registration' is clicked on

2018-10-12 13:00:18 - [MESSAGE][PASSED] - Object: 'Object Repository/Backoffice/Clients/Client Registration' is clicked on

2018-10-12 13:00:18 - [TEST_STEP][PASSED] - setText: Text 'iluvmen' is set on object 'Object Repository/Backoffice/Clients/Registration/input_username'

2018-10-12 13:00:18 - [MESSAGE][PASSED] - Text 'iluvmen' is set on object 'Object Repository/Backoffice/Clients/Registration/input_username'

2018-10-12 13:00:18 - [TEST_STEP][PASSED] - setText: Text '123123' is set on object 'Object Repository/Backoffice/Clients/Registration/input_password'

2018-10-12 13:00:18 - [MESSAGE][PASSED] - Text '123123' is set on object 'Object Repository/Backoffice/Clients/Registration/input_password'

2018-10-12 13:00:18 - [TEST_STEP][PASSED] - setText: Text '123123' is set on object 'Object Repository/Backoffice/Clients/Registration/input_confirmp'

2018-10-12 13:00:18 - [MESSAGE][PASSED] - Text '123123' is set on object 'Object Repository/Backoffice/Clients/Registration/input_confirmp'

2018-10-12 13:00:18 - [TEST_STEP][PASSED] - selectOptionByValue: All options with value 'test' are selected in object 'Object Repository/Backoffice/Clients/Registration/select_operatorcode' 

2018-10-12 13:00:18 - [MESSAGE][PASSED] - All options with value 'test' are selected in object 'Object Repository/Backoffice/Clients/Registration/select_operatorcode' 

2018-10-12 13:00:18 - [TEST_STEP][PASSED] - selectOptionByValue: All options with value '1' are selected in object 'Object Repository/Backoffice/Clients/Registration/select_status' 

2018-10-12 13:00:19 - [MESSAGE][PASSED] - All options with value '1' are selected in object 'Object Repository/Backoffice/Clients/Registration/select_status' 

2018-10-12 13:00:19 - [TEST_STEP][PASSED] - delay: Delayed 2 second(s)

2018-10-12 13:00:21 - [MESSAGE][PASSED] - Delayed 2 second(s)

2018-10-12 13:00:21 - [TEST_STEP][PASSED] - click: Object: 'Object Repository/Backoffice/Clients/Registration/button_Submit' is clicked on

2018-10-12 13:00:21 - [MESSAGE][PASSED] - Object: 'Object Repository/Backoffice/Clients/Registration/button_Submit' is clicked on

2018-10-12 13:00:21 - [TEST_STEP][PASSED] - delay: Delayed 2 second(s)

2018-10-12 13:00:23 - [MESSAGE][PASSED] - Delayed 2 second(s)]]></system-out>
         <system-err><![CDATA[]]></system-err>
      </testcase>
      <testcase name="Test Cases/Backoffice/RegisterAccount" classname="Test Cases/Backoffice/RegisterAccount" status="PASSED">
         <system-out><![CDATA[2018-10-12 13:00:23 - [TEST_CASE][PASSED] - Test Cases/Backoffice/RegisterAccount: Test Cases/Backoffice/RegisterAccount

2018-10-12 13:00:23 - [TEST_STEP][PASSED] - focus: Object: 'Object Repository/Backoffice/Clients/Clients' is focused

2018-10-12 13:00:23 - [MESSAGE][PASSED] - Object: 'Object Repository/Backoffice/Clients/Clients' is focused

2018-10-12 13:00:23 - [TEST_STEP][PASSED] - verifyElementPresent: Object 'Object Repository/Backoffice/Clients/Client Registration' is present

2018-10-12 13:00:24 - [MESSAGE][PASSED] - Object 'Object Repository/Backoffice/Clients/Client Registration' is present

2018-10-12 13:00:24 - [TEST_STEP][PASSED] - click: Object: 'Object Repository/Backoffice/Clients/Client Registration' is clicked on

2018-10-12 13:00:24 - [MESSAGE][PASSED] - Object: 'Object Repository/Backoffice/Clients/Client Registration' is clicked on

2018-10-12 13:00:24 - [TEST_STEP][PASSED] - setText: Text 'Inmate' is set on object 'Object Repository/Backoffice/Clients/Registration/input_username'

2018-10-12 13:00:24 - [MESSAGE][PASSED] - Text 'Inmate' is set on object 'Object Repository/Backoffice/Clients/Registration/input_username'

2018-10-12 13:00:24 - [TEST_STEP][PASSED] - setText: Text '123123' is set on object 'Object Repository/Backoffice/Clients/Registration/input_password'

2018-10-12 13:00:24 - [MESSAGE][PASSED] - Text '123123' is set on object 'Object Repository/Backoffice/Clients/Registration/input_password'

2018-10-12 13:00:24 - [TEST_STEP][PASSED] - setText: Text '123123' is set on object 'Object Repository/Backoffice/Clients/Registration/input_confirmp'

2018-10-12 13:00:24 - [MESSAGE][PASSED] - Text '123123' is set on object 'Object Repository/Backoffice/Clients/Registration/input_confirmp'

2018-10-12 13:00:24 - [TEST_STEP][PASSED] - selectOptionByValue: All options with value 'test' are selected in object 'Object Repository/Backoffice/Clients/Registration/select_operatorcode' 

2018-10-12 13:00:25 - [MESSAGE][PASSED] - All options with value 'test' are selected in object 'Object Repository/Backoffice/Clients/Registration/select_operatorcode' 

2018-10-12 13:00:25 - [TEST_STEP][PASSED] - selectOptionByValue: All options with value '1' are selected in object 'Object Repository/Backoffice/Clients/Registration/select_status' 

2018-10-12 13:00:25 - [MESSAGE][PASSED] - All options with value '1' are selected in object 'Object Repository/Backoffice/Clients/Registration/select_status' 

2018-10-12 13:00:25 - [TEST_STEP][PASSED] - delay: Delayed 2 second(s)

2018-10-12 13:00:27 - [MESSAGE][PASSED] - Delayed 2 second(s)

2018-10-12 13:00:27 - [TEST_STEP][PASSED] - click: Object: 'Object Repository/Backoffice/Clients/Registration/button_Submit' is clicked on

2018-10-12 13:00:28 - [MESSAGE][PASSED] - Object: 'Object Repository/Backoffice/Clients/Registration/button_Submit' is clicked on

2018-10-12 13:00:28 - [TEST_STEP][PASSED] - delay: Delayed 2 second(s)

2018-10-12 13:00:30 - [MESSAGE][PASSED] - Delayed 2 second(s)]]></system-out>
         <system-err><![CDATA[]]></system-err>
      </testcase>
      <testcase name="Test Cases/Backoffice/RegisterAccount" classname="Test Cases/Backoffice/RegisterAccount" status="PASSED">
         <system-out><![CDATA[2018-10-12 13:00:30 - [TEST_CASE][PASSED] - Test Cases/Backoffice/RegisterAccount: Test Cases/Backoffice/RegisterAccount

2018-10-12 13:00:30 - [TEST_STEP][PASSED] - focus: Object: 'Object Repository/Backoffice/Clients/Clients' is focused

2018-10-12 13:00:30 - [MESSAGE][PASSED] - Object: 'Object Repository/Backoffice/Clients/Clients' is focused

2018-10-12 13:00:30 - [TEST_STEP][PASSED] - verifyElementPresent: Object 'Object Repository/Backoffice/Clients/Client Registration' is present

2018-10-12 13:00:30 - [MESSAGE][PASSED] - Object 'Object Repository/Backoffice/Clients/Client Registration' is present

2018-10-12 13:00:30 - [TEST_STEP][PASSED] - click: Object: 'Object Repository/Backoffice/Clients/Client Registration' is clicked on

2018-10-12 13:00:31 - [MESSAGE][PASSED] - Object: 'Object Repository/Backoffice/Clients/Client Registration' is clicked on

2018-10-12 13:00:31 - [TEST_STEP][PASSED] - setText: Text 'idontknow' is set on object 'Object Repository/Backoffice/Clients/Registration/input_username'

2018-10-12 13:00:31 - [MESSAGE][PASSED] - Text 'idontknow' is set on object 'Object Repository/Backoffice/Clients/Registration/input_username'

2018-10-12 13:00:31 - [TEST_STEP][PASSED] - setText: Text '123123' is set on object 'Object Repository/Backoffice/Clients/Registration/input_password'

2018-10-12 13:00:31 - [MESSAGE][PASSED] - Text '123123' is set on object 'Object Repository/Backoffice/Clients/Registration/input_password'

2018-10-12 13:00:31 - [TEST_STEP][PASSED] - setText: Text '123123' is set on object 'Object Repository/Backoffice/Clients/Registration/input_confirmp'

2018-10-12 13:00:31 - [MESSAGE][PASSED] - Text '123123' is set on object 'Object Repository/Backoffice/Clients/Registration/input_confirmp'

2018-10-12 13:00:31 - [TEST_STEP][PASSED] - selectOptionByValue: All options with value 'test' are selected in object 'Object Repository/Backoffice/Clients/Registration/select_operatorcode' 

2018-10-12 13:00:31 - [MESSAGE][PASSED] - All options with value 'test' are selected in object 'Object Repository/Backoffice/Clients/Registration/select_operatorcode' 

2018-10-12 13:00:31 - [TEST_STEP][PASSED] - selectOptionByValue: All options with value '1' are selected in object 'Object Repository/Backoffice/Clients/Registration/select_status' 

2018-10-12 13:00:31 - [MESSAGE][PASSED] - All options with value '1' are selected in object 'Object Repository/Backoffice/Clients/Registration/select_status' 

2018-10-12 13:00:31 - [TEST_STEP][PASSED] - delay: Delayed 2 second(s)

2018-10-12 13:00:33 - [MESSAGE][PASSED] - Delayed 2 second(s)

2018-10-12 13:00:33 - [TEST_STEP][PASSED] - click: Object: 'Object Repository/Backoffice/Clients/Registration/button_Submit' is clicked on

2018-10-12 13:00:34 - [MESSAGE][PASSED] - Object: 'Object Repository/Backoffice/Clients/Registration/button_Submit' is clicked on

2018-10-12 13:00:34 - [TEST_STEP][PASSED] - delay: Delayed 2 second(s)

2018-10-12 13:00:36 - [MESSAGE][PASSED] - Delayed 2 second(s)]]></system-out>
         <system-err><![CDATA[]]></system-err>
      </testcase>
      <testcase name="Test Cases/Backoffice/RegisterAccount" classname="Test Cases/Backoffice/RegisterAccount" status="PASSED">
         <system-out><![CDATA[2018-10-12 13:00:36 - [TEST_CASE][PASSED] - Test Cases/Backoffice/RegisterAccount: Test Cases/Backoffice/RegisterAccount

2018-10-12 13:00:36 - [TEST_STEP][PASSED] - focus: Object: 'Object Repository/Backoffice/Clients/Clients' is focused

2018-10-12 13:00:36 - [MESSAGE][PASSED] - Object: 'Object Repository/Backoffice/Clients/Clients' is focused

2018-10-12 13:00:36 - [TEST_STEP][PASSED] - verifyElementPresent: Object 'Object Repository/Backoffice/Clients/Client Registration' is present

2018-10-12 13:00:36 - [MESSAGE][PASSED] - Object 'Object Repository/Backoffice/Clients/Client Registration' is present

2018-10-12 13:00:36 - [TEST_STEP][PASSED] - click: Object: 'Object Repository/Backoffice/Clients/Client Registration' is clicked on

2018-10-12 13:00:37 - [MESSAGE][PASSED] - Object: 'Object Repository/Backoffice/Clients/Client Registration' is clicked on

2018-10-12 13:00:37 - [TEST_STEP][PASSED] - setText: Text 'likme' is set on object 'Object Repository/Backoffice/Clients/Registration/input_username'

2018-10-12 13:00:37 - [MESSAGE][PASSED] - Text 'likme' is set on object 'Object Repository/Backoffice/Clients/Registration/input_username'

2018-10-12 13:00:37 - [TEST_STEP][PASSED] - setText: Text '123123' is set on object 'Object Repository/Backoffice/Clients/Registration/input_password'

2018-10-12 13:00:37 - [MESSAGE][PASSED] - Text '123123' is set on object 'Object Repository/Backoffice/Clients/Registration/input_password'

2018-10-12 13:00:37 - [TEST_STEP][PASSED] - setText: Text '123123' is set on object 'Object Repository/Backoffice/Clients/Registration/input_confirmp'

2018-10-12 13:00:37 - [MESSAGE][PASSED] - Text '123123' is set on object 'Object Repository/Backoffice/Clients/Registration/input_confirmp'

2018-10-12 13:00:37 - [TEST_STEP][PASSED] - selectOptionByValue: All options with value 'test' are selected in object 'Object Repository/Backoffice/Clients/Registration/select_operatorcode' 

2018-10-12 13:00:37 - [MESSAGE][PASSED] - All options with value 'test' are selected in object 'Object Repository/Backoffice/Clients/Registration/select_operatorcode' 

2018-10-12 13:00:37 - [TEST_STEP][PASSED] - selectOptionByValue: All options with value '1' are selected in object 'Object Repository/Backoffice/Clients/Registration/select_status' 

2018-10-12 13:00:37 - [MESSAGE][PASSED] - All options with value '1' are selected in object 'Object Repository/Backoffice/Clients/Registration/select_status' 

2018-10-12 13:00:37 - [TEST_STEP][PASSED] - delay: Delayed 2 second(s)

2018-10-12 13:00:39 - [MESSAGE][PASSED] - Delayed 2 second(s)

2018-10-12 13:00:39 - [TEST_STEP][PASSED] - click: Object: 'Object Repository/Backoffice/Clients/Registration/button_Submit' is clicked on

2018-10-12 13:00:40 - [MESSAGE][PASSED] - Object: 'Object Repository/Backoffice/Clients/Registration/button_Submit' is clicked on

2018-10-12 13:00:40 - [TEST_STEP][PASSED] - delay: Delayed 2 second(s)

2018-10-12 13:00:42 - [MESSAGE][PASSED] - Delayed 2 second(s)]]></system-out>
         <system-err><![CDATA[]]></system-err>
      </testcase>
      <testcase name="Test Cases/Backoffice/RegisterAccount" classname="Test Cases/Backoffice/RegisterAccount" status="PASSED">
         <system-out><![CDATA[2018-10-12 13:00:42 - [TEST_CASE][PASSED] - Test Cases/Backoffice/RegisterAccount: Test Cases/Backoffice/RegisterAccount

2018-10-12 13:00:42 - [TEST_STEP][PASSED] - focus: Object: 'Object Repository/Backoffice/Clients/Clients' is focused

2018-10-12 13:00:42 - [MESSAGE][PASSED] - Object: 'Object Repository/Backoffice/Clients/Clients' is focused

2018-10-12 13:00:42 - [TEST_STEP][PASSED] - verifyElementPresent: Object 'Object Repository/Backoffice/Clients/Client Registration' is present

2018-10-12 13:00:42 - [MESSAGE][PASSED] - Object 'Object Repository/Backoffice/Clients/Client Registration' is present

2018-10-12 13:00:42 - [TEST_STEP][PASSED] - click: Object: 'Object Repository/Backoffice/Clients/Client Registration' is clicked on

2018-10-12 13:00:43 - [MESSAGE][PASSED] - Object: 'Object Repository/Backoffice/Clients/Client Registration' is clicked on

2018-10-12 13:00:43 - [TEST_STEP][PASSED] - setText: Text 'lostmypassword' is set on object 'Object Repository/Backoffice/Clients/Registration/input_username'

2018-10-12 13:00:43 - [MESSAGE][PASSED] - Text 'lostmypassword' is set on object 'Object Repository/Backoffice/Clients/Registration/input_username'

2018-10-12 13:00:43 - [TEST_STEP][PASSED] - setText: Text '123123' is set on object 'Object Repository/Backoffice/Clients/Registration/input_password'

2018-10-12 13:00:43 - [MESSAGE][PASSED] - Text '123123' is set on object 'Object Repository/Backoffice/Clients/Registration/input_password'

2018-10-12 13:00:43 - [TEST_STEP][PASSED] - setText: Text '123123' is set on object 'Object Repository/Backoffice/Clients/Registration/input_confirmp'

2018-10-12 13:00:43 - [MESSAGE][PASSED] - Text '123123' is set on object 'Object Repository/Backoffice/Clients/Registration/input_confirmp'

2018-10-12 13:00:43 - [TEST_STEP][PASSED] - selectOptionByValue: All options with value 'test' are selected in object 'Object Repository/Backoffice/Clients/Registration/select_operatorcode' 

2018-10-12 13:00:43 - [MESSAGE][PASSED] - All options with value 'test' are selected in object 'Object Repository/Backoffice/Clients/Registration/select_operatorcode' 

2018-10-12 13:00:43 - [TEST_STEP][PASSED] - selectOptionByValue: All options with value '1' are selected in object 'Object Repository/Backoffice/Clients/Registration/select_status' 

2018-10-12 13:00:44 - [MESSAGE][PASSED] - All options with value '1' are selected in object 'Object Repository/Backoffice/Clients/Registration/select_status' 

2018-10-12 13:00:44 - [TEST_STEP][PASSED] - delay: Delayed 2 second(s)

2018-10-12 13:00:46 - [MESSAGE][PASSED] - Delayed 2 second(s)

2018-10-12 13:00:46 - [TEST_STEP][PASSED] - click: Object: 'Object Repository/Backoffice/Clients/Registration/button_Submit' is clicked on

2018-10-12 13:00:47 - [MESSAGE][PASSED] - Object: 'Object Repository/Backoffice/Clients/Registration/button_Submit' is clicked on

2018-10-12 13:00:47 - [TEST_STEP][PASSED] - delay: Delayed 2 second(s)

2018-10-12 13:00:49 - [MESSAGE][PASSED] - Delayed 2 second(s)]]></system-out>
         <system-err><![CDATA[]]></system-err>
      </testcase>
      <testcase name="Test Cases/Backoffice/RegisterAccount" classname="Test Cases/Backoffice/RegisterAccount" status="PASSED">
         <system-out><![CDATA[2018-10-12 13:00:49 - [TEST_CASE][PASSED] - Test Cases/Backoffice/RegisterAccount: Test Cases/Backoffice/RegisterAccount

2018-10-12 13:00:49 - [TEST_STEP][PASSED] - focus: Object: 'Object Repository/Backoffice/Clients/Clients' is focused

2018-10-12 13:00:49 - [MESSAGE][PASSED] - Object: 'Object Repository/Backoffice/Clients/Clients' is focused

2018-10-12 13:00:49 - [TEST_STEP][PASSED] - verifyElementPresent: Object 'Object Repository/Backoffice/Clients/Client Registration' is present

2018-10-12 13:00:49 - [MESSAGE][PASSED] - Object 'Object Repository/Backoffice/Clients/Client Registration' is present

2018-10-12 13:00:49 - [TEST_STEP][PASSED] - click: Object: 'Object Repository/Backoffice/Clients/Client Registration' is clicked on

2018-10-12 13:00:49 - [MESSAGE][PASSED] - Object: 'Object Repository/Backoffice/Clients/Client Registration' is clicked on

2018-10-12 13:00:49 - [TEST_STEP][PASSED] - setText: Text 'kizzmybutt' is set on object 'Object Repository/Backoffice/Clients/Registration/input_username'

2018-10-12 13:00:49 - [MESSAGE][PASSED] - Text 'kizzmybutt' is set on object 'Object Repository/Backoffice/Clients/Registration/input_username'

2018-10-12 13:00:49 - [TEST_STEP][PASSED] - setText: Text '123123' is set on object 'Object Repository/Backoffice/Clients/Registration/input_password'

2018-10-12 13:00:49 - [MESSAGE][PASSED] - Text '123123' is set on object 'Object Repository/Backoffice/Clients/Registration/input_password'

2018-10-12 13:00:49 - [TEST_STEP][PASSED] - setText: Text '123123' is set on object 'Object Repository/Backoffice/Clients/Registration/input_confirmp'

2018-10-12 13:00:50 - [MESSAGE][PASSED] - Text '123123' is set on object 'Object Repository/Backoffice/Clients/Registration/input_confirmp'

2018-10-12 13:00:50 - [TEST_STEP][PASSED] - selectOptionByValue: All options with value 'test' are selected in object 'Object Repository/Backoffice/Clients/Registration/select_operatorcode' 

2018-10-12 13:00:50 - [MESSAGE][PASSED] - All options with value 'test' are selected in object 'Object Repository/Backoffice/Clients/Registration/select_operatorcode' 

2018-10-12 13:00:50 - [TEST_STEP][PASSED] - selectOptionByValue: All options with value '1' are selected in object 'Object Repository/Backoffice/Clients/Registration/select_status' 

2018-10-12 13:00:50 - [MESSAGE][PASSED] - All options with value '1' are selected in object 'Object Repository/Backoffice/Clients/Registration/select_status' 

2018-10-12 13:00:50 - [TEST_STEP][PASSED] - delay: Delayed 2 second(s)

2018-10-12 13:00:52 - [MESSAGE][PASSED] - Delayed 2 second(s)

2018-10-12 13:00:52 - [TEST_STEP][PASSED] - click: Object: 'Object Repository/Backoffice/Clients/Registration/button_Submit' is clicked on

2018-10-12 13:00:53 - [MESSAGE][PASSED] - Object: 'Object Repository/Backoffice/Clients/Registration/button_Submit' is clicked on

2018-10-12 13:00:53 - [TEST_STEP][PASSED] - delay: Delayed 2 second(s)

2018-10-12 13:00:55 - [MESSAGE][PASSED] - Delayed 2 second(s)]]></system-out>
         <system-err><![CDATA[]]></system-err>
      </testcase>
      <testcase name="Test Cases/Backoffice/RegisterAccount" classname="Test Cases/Backoffice/RegisterAccount" status="PASSED">
         <system-out><![CDATA[2018-10-12 13:00:55 - [TEST_CASE][PASSED] - Test Cases/Backoffice/RegisterAccount: Test Cases/Backoffice/RegisterAccount

2018-10-12 13:00:55 - [TEST_STEP][PASSED] - focus: Object: 'Object Repository/Backoffice/Clients/Clients' is focused

2018-10-12 13:00:55 - [MESSAGE][PASSED] - Object: 'Object Repository/Backoffice/Clients/Clients' is focused

2018-10-12 13:00:55 - [TEST_STEP][PASSED] - verifyElementPresent: Object 'Object Repository/Backoffice/Clients/Client Registration' is present

2018-10-12 13:00:55 - [MESSAGE][PASSED] - Object 'Object Repository/Backoffice/Clients/Client Registration' is present

2018-10-12 13:00:55 - [TEST_STEP][PASSED] - click: Object: 'Object Repository/Backoffice/Clients/Client Registration' is clicked on

2018-10-12 13:00:55 - [MESSAGE][PASSED] - Object: 'Object Repository/Backoffice/Clients/Client Registration' is clicked on

2018-10-12 13:00:55 - [TEST_STEP][PASSED] - setText: Text 'hairygrape' is set on object 'Object Repository/Backoffice/Clients/Registration/input_username'

2018-10-12 13:00:55 - [MESSAGE][PASSED] - Text 'hairygrape' is set on object 'Object Repository/Backoffice/Clients/Registration/input_username'

2018-10-12 13:00:55 - [TEST_STEP][PASSED] - setText: Text '123123' is set on object 'Object Repository/Backoffice/Clients/Registration/input_password'

2018-10-12 13:00:56 - [MESSAGE][PASSED] - Text '123123' is set on object 'Object Repository/Backoffice/Clients/Registration/input_password'

2018-10-12 13:00:56 - [TEST_STEP][PASSED] - setText: Text '123123' is set on object 'Object Repository/Backoffice/Clients/Registration/input_confirmp'

2018-10-12 13:00:56 - [MESSAGE][PASSED] - Text '123123' is set on object 'Object Repository/Backoffice/Clients/Registration/input_confirmp'

2018-10-12 13:00:56 - [TEST_STEP][PASSED] - selectOptionByValue: All options with value 'test' are selected in object 'Object Repository/Backoffice/Clients/Registration/select_operatorcode' 

2018-10-12 13:00:56 - [MESSAGE][PASSED] - All options with value 'test' are selected in object 'Object Repository/Backoffice/Clients/Registration/select_operatorcode' 

2018-10-12 13:00:56 - [TEST_STEP][PASSED] - selectOptionByValue: All options with value '1' are selected in object 'Object Repository/Backoffice/Clients/Registration/select_status' 

2018-10-12 13:00:56 - [MESSAGE][PASSED] - All options with value '1' are selected in object 'Object Repository/Backoffice/Clients/Registration/select_status' 

2018-10-12 13:00:56 - [TEST_STEP][PASSED] - delay: Delayed 2 second(s)

2018-10-12 13:00:58 - [MESSAGE][PASSED] - Delayed 2 second(s)

2018-10-12 13:00:58 - [TEST_STEP][PASSED] - click: Object: 'Object Repository/Backoffice/Clients/Registration/button_Submit' is clicked on

2018-10-12 13:00:59 - [MESSAGE][PASSED] - Object: 'Object Repository/Backoffice/Clients/Registration/button_Submit' is clicked on

2018-10-12 13:00:59 - [TEST_STEP][PASSED] - delay: Delayed 2 second(s)

2018-10-12 13:01:01 - [MESSAGE][PASSED] - Delayed 2 second(s)]]></system-out>
         <system-err><![CDATA[]]></system-err>
      </testcase>
      <testcase name="Test Cases/Backoffice/RegisterAccount" classname="Test Cases/Backoffice/RegisterAccount" status="PASSED">
         <system-out><![CDATA[2018-10-12 13:01:01 - [TEST_CASE][PASSED] - Test Cases/Backoffice/RegisterAccount: Test Cases/Backoffice/RegisterAccount

2018-10-12 13:01:01 - [TEST_STEP][PASSED] - focus: Object: 'Object Repository/Backoffice/Clients/Clients' is focused

2018-10-12 13:01:01 - [MESSAGE][PASSED] - Object: 'Object Repository/Backoffice/Clients/Clients' is focused

2018-10-12 13:01:01 - [TEST_STEP][PASSED] - verifyElementPresent: Object 'Object Repository/Backoffice/Clients/Client Registration' is present

2018-10-12 13:01:01 - [MESSAGE][PASSED] - Object 'Object Repository/Backoffice/Clients/Client Registration' is present

2018-10-12 13:01:01 - [TEST_STEP][PASSED] - click: Object: 'Object Repository/Backoffice/Clients/Client Registration' is clicked on

2018-10-12 13:01:02 - [MESSAGE][PASSED] - Object: 'Object Repository/Backoffice/Clients/Client Registration' is clicked on

2018-10-12 13:01:02 - [TEST_STEP][PASSED] - setText: Text 'Poker_Star' is set on object 'Object Repository/Backoffice/Clients/Registration/input_username'

2018-10-12 13:01:02 - [MESSAGE][PASSED] - Text 'Poker_Star' is set on object 'Object Repository/Backoffice/Clients/Registration/input_username'

2018-10-12 13:01:02 - [TEST_STEP][PASSED] - setText: Text '123123' is set on object 'Object Repository/Backoffice/Clients/Registration/input_password'

2018-10-12 13:01:02 - [MESSAGE][PASSED] - Text '123123' is set on object 'Object Repository/Backoffice/Clients/Registration/input_password'

2018-10-12 13:01:02 - [TEST_STEP][PASSED] - setText: Text '123123' is set on object 'Object Repository/Backoffice/Clients/Registration/input_confirmp'

2018-10-12 13:01:02 - [MESSAGE][PASSED] - Text '123123' is set on object 'Object Repository/Backoffice/Clients/Registration/input_confirmp'

2018-10-12 13:01:02 - [TEST_STEP][PASSED] - selectOptionByValue: All options with value 'test' are selected in object 'Object Repository/Backoffice/Clients/Registration/select_operatorcode' 

2018-10-12 13:01:02 - [MESSAGE][PASSED] - All options with value 'test' are selected in object 'Object Repository/Backoffice/Clients/Registration/select_operatorcode' 

2018-10-12 13:01:02 - [TEST_STEP][PASSED] - selectOptionByValue: All options with value '1' are selected in object 'Object Repository/Backoffice/Clients/Registration/select_status' 

2018-10-12 13:01:02 - [MESSAGE][PASSED] - All options with value '1' are selected in object 'Object Repository/Backoffice/Clients/Registration/select_status' 

2018-10-12 13:01:02 - [TEST_STEP][PASSED] - delay: Delayed 2 second(s)

2018-10-12 13:01:04 - [MESSAGE][PASSED] - Delayed 2 second(s)

2018-10-12 13:01:04 - [TEST_STEP][PASSED] - click: Object: 'Object Repository/Backoffice/Clients/Registration/button_Submit' is clicked on

2018-10-12 13:01:05 - [MESSAGE][PASSED] - Object: 'Object Repository/Backoffice/Clients/Registration/button_Submit' is clicked on

2018-10-12 13:01:05 - [TEST_STEP][PASSED] - delay: Delayed 2 second(s)

2018-10-12 13:01:07 - [MESSAGE][PASSED] - Delayed 2 second(s)]]></system-out>
         <system-err><![CDATA[]]></system-err>
      </testcase>
      <testcase name="Test Cases/Backoffice/RegisterAccount" classname="Test Cases/Backoffice/RegisterAccount" status="PASSED">
         <system-out><![CDATA[2018-10-12 13:01:07 - [TEST_CASE][PASSED] - Test Cases/Backoffice/RegisterAccount: Test Cases/Backoffice/RegisterAccount

2018-10-12 13:01:07 - [TEST_STEP][PASSED] - focus: Object: 'Object Repository/Backoffice/Clients/Clients' is focused

2018-10-12 13:01:07 - [MESSAGE][PASSED] - Object: 'Object Repository/Backoffice/Clients/Clients' is focused

2018-10-12 13:01:07 - [TEST_STEP][PASSED] - verifyElementPresent: Object 'Object Repository/Backoffice/Clients/Client Registration' is present

2018-10-12 13:01:07 - [MESSAGE][PASSED] - Object 'Object Repository/Backoffice/Clients/Client Registration' is present

2018-10-12 13:01:07 - [TEST_STEP][PASSED] - click: Object: 'Object Repository/Backoffice/Clients/Client Registration' is clicked on

2018-10-12 13:01:08 - [MESSAGE][PASSED] - Object: 'Object Repository/Backoffice/Clients/Client Registration' is clicked on

2018-10-12 13:01:08 - [TEST_STEP][PASSED] - setText: Text 'andantearies' is set on object 'Object Repository/Backoffice/Clients/Registration/input_username'

2018-10-12 13:01:08 - [MESSAGE][PASSED] - Text 'andantearies' is set on object 'Object Repository/Backoffice/Clients/Registration/input_username'

2018-10-12 13:01:08 - [TEST_STEP][PASSED] - setText: Text '123123' is set on object 'Object Repository/Backoffice/Clients/Registration/input_password'

2018-10-12 13:01:08 - [MESSAGE][PASSED] - Text '123123' is set on object 'Object Repository/Backoffice/Clients/Registration/input_password'

2018-10-12 13:01:08 - [TEST_STEP][PASSED] - setText: Text '123123' is set on object 'Object Repository/Backoffice/Clients/Registration/input_confirmp'

2018-10-12 13:01:09 - [MESSAGE][PASSED] - Text '123123' is set on object 'Object Repository/Backoffice/Clients/Registration/input_confirmp'

2018-10-12 13:01:09 - [TEST_STEP][PASSED] - selectOptionByValue: All options with value 'test' are selected in object 'Object Repository/Backoffice/Clients/Registration/select_operatorcode' 

2018-10-12 13:01:09 - [MESSAGE][PASSED] - All options with value 'test' are selected in object 'Object Repository/Backoffice/Clients/Registration/select_operatorcode' 

2018-10-12 13:01:09 - [TEST_STEP][PASSED] - selectOptionByValue: All options with value '1' are selected in object 'Object Repository/Backoffice/Clients/Registration/select_status' 

2018-10-12 13:01:09 - [MESSAGE][PASSED] - All options with value '1' are selected in object 'Object Repository/Backoffice/Clients/Registration/select_status' 

2018-10-12 13:01:09 - [TEST_STEP][PASSED] - delay: Delayed 2 second(s)

2018-10-12 13:01:11 - [MESSAGE][PASSED] - Delayed 2 second(s)

2018-10-12 13:01:11 - [TEST_STEP][PASSED] - click: Object: 'Object Repository/Backoffice/Clients/Registration/button_Submit' is clicked on

2018-10-12 13:01:12 - [MESSAGE][PASSED] - Object: 'Object Repository/Backoffice/Clients/Registration/button_Submit' is clicked on

2018-10-12 13:01:12 - [TEST_STEP][PASSED] - delay: Delayed 2 second(s)

2018-10-12 13:01:14 - [MESSAGE][PASSED] - Delayed 2 second(s)]]></system-out>
         <system-err><![CDATA[]]></system-err>
      </testcase>
      <testcase name="Test Cases/Backoffice/RegisterAccount" classname="Test Cases/Backoffice/RegisterAccount" status="PASSED">
         <system-out><![CDATA[2018-10-12 13:01:14 - [TEST_CASE][PASSED] - Test Cases/Backoffice/RegisterAccount: Test Cases/Backoffice/RegisterAccount

2018-10-12 13:01:14 - [TEST_STEP][PASSED] - focus: Object: 'Object Repository/Backoffice/Clients/Clients' is focused

2018-10-12 13:01:14 - [MESSAGE][PASSED] - Object: 'Object Repository/Backoffice/Clients/Clients' is focused

2018-10-12 13:01:14 - [TEST_STEP][PASSED] - verifyElementPresent: Object 'Object Repository/Backoffice/Clients/Client Registration' is present

2018-10-12 13:01:14 - [MESSAGE][PASSED] - Object 'Object Repository/Backoffice/Clients/Client Registration' is present

2018-10-12 13:01:14 - [TEST_STEP][PASSED] - click: Object: 'Object Repository/Backoffice/Clients/Client Registration' is clicked on

2018-10-12 13:01:15 - [MESSAGE][PASSED] - Object: 'Object Repository/Backoffice/Clients/Client Registration' is clicked on

2018-10-12 13:01:15 - [TEST_STEP][PASSED] - setText: Text 'archeradagio' is set on object 'Object Repository/Backoffice/Clients/Registration/input_username'

2018-10-12 13:01:15 - [MESSAGE][PASSED] - Text 'archeradagio' is set on object 'Object Repository/Backoffice/Clients/Registration/input_username'

2018-10-12 13:01:15 - [TEST_STEP][PASSED] - setText: Text '123123' is set on object 'Object Repository/Backoffice/Clients/Registration/input_password'

2018-10-12 13:01:15 - [MESSAGE][PASSED] - Text '123123' is set on object 'Object Repository/Backoffice/Clients/Registration/input_password'

2018-10-12 13:01:15 - [TEST_STEP][PASSED] - setText: Text '123123' is set on object 'Object Repository/Backoffice/Clients/Registration/input_confirmp'

2018-10-12 13:01:15 - [MESSAGE][PASSED] - Text '123123' is set on object 'Object Repository/Backoffice/Clients/Registration/input_confirmp'

2018-10-12 13:01:15 - [TEST_STEP][PASSED] - selectOptionByValue: All options with value 'test' are selected in object 'Object Repository/Backoffice/Clients/Registration/select_operatorcode' 

2018-10-12 13:01:15 - [MESSAGE][PASSED] - All options with value 'test' are selected in object 'Object Repository/Backoffice/Clients/Registration/select_operatorcode' 

2018-10-12 13:01:15 - [TEST_STEP][PASSED] - selectOptionByValue: All options with value '1' are selected in object 'Object Repository/Backoffice/Clients/Registration/select_status' 

2018-10-12 13:01:16 - [MESSAGE][PASSED] - All options with value '1' are selected in object 'Object Repository/Backoffice/Clients/Registration/select_status' 

2018-10-12 13:01:16 - [TEST_STEP][PASSED] - delay: Delayed 2 second(s)

2018-10-12 13:01:18 - [MESSAGE][PASSED] - Delayed 2 second(s)

2018-10-12 13:01:18 - [TEST_STEP][PASSED] - click: Object: 'Object Repository/Backoffice/Clients/Registration/button_Submit' is clicked on

2018-10-12 13:01:19 - [MESSAGE][PASSED] - Object: 'Object Repository/Backoffice/Clients/Registration/button_Submit' is clicked on

2018-10-12 13:01:19 - [TEST_STEP][PASSED] - delay: Delayed 2 second(s)

2018-10-12 13:01:21 - [MESSAGE][PASSED] - Delayed 2 second(s)]]></system-out>
         <system-err><![CDATA[]]></system-err>
      </testcase>
      <testcase name="Test Cases/Backoffice/RegisterAccount" classname="Test Cases/Backoffice/RegisterAccount" status="PASSED">
         <system-out><![CDATA[2018-10-12 13:01:21 - [TEST_CASE][PASSED] - Test Cases/Backoffice/RegisterAccount: Test Cases/Backoffice/RegisterAccount

2018-10-12 13:01:21 - [TEST_STEP][PASSED] - focus: Object: 'Object Repository/Backoffice/Clients/Clients' is focused

2018-10-12 13:01:21 - [MESSAGE][PASSED] - Object: 'Object Repository/Backoffice/Clients/Clients' is focused

2018-10-12 13:01:21 - [TEST_STEP][PASSED] - verifyElementPresent: Object 'Object Repository/Backoffice/Clients/Client Registration' is present

2018-10-12 13:01:21 - [MESSAGE][PASSED] - Object 'Object Repository/Backoffice/Clients/Client Registration' is present

2018-10-12 13:01:21 - [TEST_STEP][PASSED] - click: Object: 'Object Repository/Backoffice/Clients/Client Registration' is clicked on

2018-10-12 13:01:21 - [MESSAGE][PASSED] - Object: 'Object Repository/Backoffice/Clients/Client Registration' is clicked on

2018-10-12 13:01:21 - [TEST_STEP][PASSED] - setText: Text 'alarmedamoeba' is set on object 'Object Repository/Backoffice/Clients/Registration/input_username'

2018-10-12 13:01:21 - [MESSAGE][PASSED] - Text 'alarmedamoeba' is set on object 'Object Repository/Backoffice/Clients/Registration/input_username'

2018-10-12 13:01:21 - [TEST_STEP][PASSED] - setText: Text '123123' is set on object 'Object Repository/Backoffice/Clients/Registration/input_password'

2018-10-12 13:01:22 - [MESSAGE][PASSED] - Text '123123' is set on object 'Object Repository/Backoffice/Clients/Registration/input_password'

2018-10-12 13:01:22 - [TEST_STEP][PASSED] - setText: Text '123123' is set on object 'Object Repository/Backoffice/Clients/Registration/input_confirmp'

2018-10-12 13:01:22 - [MESSAGE][PASSED] - Text '123123' is set on object 'Object Repository/Backoffice/Clients/Registration/input_confirmp'

2018-10-12 13:01:22 - [TEST_STEP][PASSED] - selectOptionByValue: All options with value 'test' are selected in object 'Object Repository/Backoffice/Clients/Registration/select_operatorcode' 

2018-10-12 13:01:22 - [MESSAGE][PASSED] - All options with value 'test' are selected in object 'Object Repository/Backoffice/Clients/Registration/select_operatorcode' 

2018-10-12 13:01:22 - [TEST_STEP][PASSED] - selectOptionByValue: All options with value '1' are selected in object 'Object Repository/Backoffice/Clients/Registration/select_status' 

2018-10-12 13:01:22 - [MESSAGE][PASSED] - All options with value '1' are selected in object 'Object Repository/Backoffice/Clients/Registration/select_status' 

2018-10-12 13:01:22 - [TEST_STEP][PASSED] - delay: Delayed 2 second(s)

2018-10-12 13:01:24 - [MESSAGE][PASSED] - Delayed 2 second(s)

2018-10-12 13:01:24 - [TEST_STEP][PASSED] - click: Object: 'Object Repository/Backoffice/Clients/Registration/button_Submit' is clicked on

2018-10-12 13:01:25 - [MESSAGE][PASSED] - Object: 'Object Repository/Backoffice/Clients/Registration/button_Submit' is clicked on

2018-10-12 13:01:25 - [TEST_STEP][PASSED] - delay: Delayed 2 second(s)

2018-10-12 13:01:27 - [MESSAGE][PASSED] - Delayed 2 second(s)]]></system-out>
         <system-err><![CDATA[]]></system-err>
      </testcase>
      <testcase name="Test Cases/Backoffice/RegisterAccount" classname="Test Cases/Backoffice/RegisterAccount" status="PASSED">
         <system-out><![CDATA[2018-10-12 13:01:27 - [TEST_CASE][PASSED] - Test Cases/Backoffice/RegisterAccount: Test Cases/Backoffice/RegisterAccount

2018-10-12 13:01:27 - [TEST_STEP][PASSED] - focus: Object: 'Object Repository/Backoffice/Clients/Clients' is focused

2018-10-12 13:01:27 - [MESSAGE][PASSED] - Object: 'Object Repository/Backoffice/Clients/Clients' is focused

2018-10-12 13:01:27 - [TEST_STEP][PASSED] - verifyElementPresent: Object 'Object Repository/Backoffice/Clients/Client Registration' is present

2018-10-12 13:01:27 - [MESSAGE][PASSED] - Object 'Object Repository/Backoffice/Clients/Client Registration' is present

2018-10-12 13:01:27 - [TEST_STEP][PASSED] - click: Object: 'Object Repository/Backoffice/Clients/Client Registration' is clicked on

2018-10-12 13:01:28 - [MESSAGE][PASSED] - Object: 'Object Repository/Backoffice/Clients/Client Registration' is clicked on

2018-10-12 13:01:28 - [TEST_STEP][PASSED] - setText: Text 'aspiratorascension' is set on object 'Object Repository/Backoffice/Clients/Registration/input_username'

2018-10-12 13:01:28 - [MESSAGE][PASSED] - Text 'aspiratorascension' is set on object 'Object Repository/Backoffice/Clients/Registration/input_username'

2018-10-12 13:01:28 - [TEST_STEP][PASSED] - setText: Text '123123' is set on object 'Object Repository/Backoffice/Clients/Registration/input_password'

2018-10-12 13:01:28 - [MESSAGE][PASSED] - Text '123123' is set on object 'Object Repository/Backoffice/Clients/Registration/input_password'

2018-10-12 13:01:28 - [TEST_STEP][PASSED] - setText: Text '123123' is set on object 'Object Repository/Backoffice/Clients/Registration/input_confirmp'

2018-10-12 13:01:28 - [MESSAGE][PASSED] - Text '123123' is set on object 'Object Repository/Backoffice/Clients/Registration/input_confirmp'

2018-10-12 13:01:28 - [TEST_STEP][PASSED] - selectOptionByValue: All options with value 'test' are selected in object 'Object Repository/Backoffice/Clients/Registration/select_operatorcode' 

2018-10-12 13:01:28 - [MESSAGE][PASSED] - All options with value 'test' are selected in object 'Object Repository/Backoffice/Clients/Registration/select_operatorcode' 

2018-10-12 13:01:28 - [TEST_STEP][PASSED] - selectOptionByValue: All options with value '1' are selected in object 'Object Repository/Backoffice/Clients/Registration/select_status' 

2018-10-12 13:01:29 - [MESSAGE][PASSED] - All options with value '1' are selected in object 'Object Repository/Backoffice/Clients/Registration/select_status' 

2018-10-12 13:01:29 - [TEST_STEP][PASSED] - delay: Delayed 2 second(s)

2018-10-12 13:01:31 - [MESSAGE][PASSED] - Delayed 2 second(s)

2018-10-12 13:01:31 - [TEST_STEP][PASSED] - click: Object: 'Object Repository/Backoffice/Clients/Registration/button_Submit' is clicked on

2018-10-12 13:01:32 - [MESSAGE][PASSED] - Object: 'Object Repository/Backoffice/Clients/Registration/button_Submit' is clicked on

2018-10-12 13:01:32 - [TEST_STEP][PASSED] - delay: Delayed 2 second(s)

2018-10-12 13:01:34 - [MESSAGE][PASSED] - Delayed 2 second(s)]]></system-out>
         <system-err><![CDATA[]]></system-err>
      </testcase>
      <testcase name="Test Cases/Backoffice/RegisterAccount" classname="Test Cases/Backoffice/RegisterAccount" status="PASSED">
         <system-out><![CDATA[2018-10-12 13:01:34 - [TEST_CASE][PASSED] - Test Cases/Backoffice/RegisterAccount: Test Cases/Backoffice/RegisterAccount

2018-10-12 13:01:34 - [TEST_STEP][PASSED] - focus: Object: 'Object Repository/Backoffice/Clients/Clients' is focused

2018-10-12 13:01:34 - [MESSAGE][PASSED] - Object: 'Object Repository/Backoffice/Clients/Clients' is focused

2018-10-12 13:01:34 - [TEST_STEP][PASSED] - verifyElementPresent: Object 'Object Repository/Backoffice/Clients/Client Registration' is present

2018-10-12 13:01:34 - [MESSAGE][PASSED] - Object 'Object Repository/Backoffice/Clients/Client Registration' is present

2018-10-12 13:01:34 - [TEST_STEP][PASSED] - click: Object: 'Object Repository/Backoffice/Clients/Client Registration' is clicked on

2018-10-12 13:01:34 - [MESSAGE][PASSED] - Object: 'Object Repository/Backoffice/Clients/Client Registration' is clicked on

2018-10-12 13:01:34 - [TEST_STEP][PASSED] - setText: Text 'adolescentadvanced' is set on object 'Object Repository/Backoffice/Clients/Registration/input_username'

2018-10-12 13:01:34 - [MESSAGE][PASSED] - Text 'adolescentadvanced' is set on object 'Object Repository/Backoffice/Clients/Registration/input_username'

2018-10-12 13:01:34 - [TEST_STEP][PASSED] - setText: Text '123123' is set on object 'Object Repository/Backoffice/Clients/Registration/input_password'

2018-10-12 13:01:34 - [MESSAGE][PASSED] - Text '123123' is set on object 'Object Repository/Backoffice/Clients/Registration/input_password'

2018-10-12 13:01:34 - [TEST_STEP][PASSED] - setText: Text '123123' is set on object 'Object Repository/Backoffice/Clients/Registration/input_confirmp'

2018-10-12 13:01:35 - [MESSAGE][PASSED] - Text '123123' is set on object 'Object Repository/Backoffice/Clients/Registration/input_confirmp'

2018-10-12 13:01:35 - [TEST_STEP][PASSED] - selectOptionByValue: All options with value 'test' are selected in object 'Object Repository/Backoffice/Clients/Registration/select_operatorcode' 

2018-10-12 13:01:35 - [MESSAGE][PASSED] - All options with value 'test' are selected in object 'Object Repository/Backoffice/Clients/Registration/select_operatorcode' 

2018-10-12 13:01:35 - [TEST_STEP][PASSED] - selectOptionByValue: All options with value '1' are selected in object 'Object Repository/Backoffice/Clients/Registration/select_status' 

2018-10-12 13:01:35 - [MESSAGE][PASSED] - All options with value '1' are selected in object 'Object Repository/Backoffice/Clients/Registration/select_status' 

2018-10-12 13:01:35 - [TEST_STEP][PASSED] - delay: Delayed 2 second(s)

2018-10-12 13:01:37 - [MESSAGE][PASSED] - Delayed 2 second(s)

2018-10-12 13:01:37 - [TEST_STEP][PASSED] - click: Object: 'Object Repository/Backoffice/Clients/Registration/button_Submit' is clicked on

2018-10-12 13:01:38 - [MESSAGE][PASSED] - Object: 'Object Repository/Backoffice/Clients/Registration/button_Submit' is clicked on

2018-10-12 13:01:38 - [TEST_STEP][PASSED] - delay: Delayed 2 second(s)

2018-10-12 13:01:40 - [MESSAGE][PASSED] - Delayed 2 second(s)]]></system-out>
         <system-err><![CDATA[]]></system-err>
      </testcase>
      <testcase name="Test Cases/Backoffice/RegisterAccount" classname="Test Cases/Backoffice/RegisterAccount" status="PASSED">
         <system-out><![CDATA[2018-10-12 13:01:40 - [TEST_CASE][PASSED] - Test Cases/Backoffice/RegisterAccount: Test Cases/Backoffice/RegisterAccount

2018-10-12 13:01:40 - [TEST_STEP][PASSED] - focus: Object: 'Object Repository/Backoffice/Clients/Clients' is focused

2018-10-12 13:01:40 - [MESSAGE][PASSED] - Object: 'Object Repository/Backoffice/Clients/Clients' is focused

2018-10-12 13:01:40 - [TEST_STEP][PASSED] - verifyElementPresent: Object 'Object Repository/Backoffice/Clients/Client Registration' is present

2018-10-12 13:01:40 - [MESSAGE][PASSED] - Object 'Object Repository/Backoffice/Clients/Client Registration' is present

2018-10-12 13:01:40 - [TEST_STEP][PASSED] - click: Object: 'Object Repository/Backoffice/Clients/Client Registration' is clicked on

2018-10-12 13:01:41 - [MESSAGE][PASSED] - Object: 'Object Repository/Backoffice/Clients/Client Registration' is clicked on

2018-10-12 13:01:41 - [TEST_STEP][PASSED] - setText: Text 'ammoniumanchor' is set on object 'Object Repository/Backoffice/Clients/Registration/input_username'

2018-10-12 13:01:41 - [MESSAGE][PASSED] - Text 'ammoniumanchor' is set on object 'Object Repository/Backoffice/Clients/Registration/input_username'

2018-10-12 13:01:41 - [TEST_STEP][PASSED] - setText: Text '123123' is set on object 'Object Repository/Backoffice/Clients/Registration/input_password'

2018-10-12 13:01:41 - [MESSAGE][PASSED] - Text '123123' is set on object 'Object Repository/Backoffice/Clients/Registration/input_password'

2018-10-12 13:01:41 - [TEST_STEP][PASSED] - setText: Text '123123' is set on object 'Object Repository/Backoffice/Clients/Registration/input_confirmp'

2018-10-12 13:01:41 - [MESSAGE][PASSED] - Text '123123' is set on object 'Object Repository/Backoffice/Clients/Registration/input_confirmp'

2018-10-12 13:01:41 - [TEST_STEP][PASSED] - selectOptionByValue: All options with value 'test' are selected in object 'Object Repository/Backoffice/Clients/Registration/select_operatorcode' 

2018-10-12 13:01:41 - [MESSAGE][PASSED] - All options with value 'test' are selected in object 'Object Repository/Backoffice/Clients/Registration/select_operatorcode' 

2018-10-12 13:01:41 - [TEST_STEP][PASSED] - selectOptionByValue: All options with value '1' are selected in object 'Object Repository/Backoffice/Clients/Registration/select_status' 

2018-10-12 13:01:41 - [MESSAGE][PASSED] - All options with value '1' are selected in object 'Object Repository/Backoffice/Clients/Registration/select_status' 

2018-10-12 13:01:41 - [TEST_STEP][PASSED] - delay: Delayed 2 second(s)

2018-10-12 13:01:43 - [MESSAGE][PASSED] - Delayed 2 second(s)

2018-10-12 13:01:43 - [TEST_STEP][PASSED] - click: Object: 'Object Repository/Backoffice/Clients/Registration/button_Submit' is clicked on

2018-10-12 13:01:44 - [MESSAGE][PASSED] - Object: 'Object Repository/Backoffice/Clients/Registration/button_Submit' is clicked on

2018-10-12 13:01:44 - [TEST_STEP][PASSED] - delay: Delayed 2 second(s)

2018-10-12 13:01:46 - [MESSAGE][PASSED] - Delayed 2 second(s)]]></system-out>
         <system-err><![CDATA[]]></system-err>
      </testcase>
      <testcase name="Test Cases/Backoffice/RegisterAccount" classname="Test Cases/Backoffice/RegisterAccount" status="PASSED">
         <system-out><![CDATA[2018-10-12 13:01:46 - [TEST_CASE][PASSED] - Test Cases/Backoffice/RegisterAccount: Test Cases/Backoffice/RegisterAccount

2018-10-12 13:01:46 - [TEST_STEP][PASSED] - focus: Object: 'Object Repository/Backoffice/Clients/Clients' is focused

2018-10-12 13:01:46 - [MESSAGE][PASSED] - Object: 'Object Repository/Backoffice/Clients/Clients' is focused

2018-10-12 13:01:46 - [TEST_STEP][PASSED] - verifyElementPresent: Object 'Object Repository/Backoffice/Clients/Client Registration' is present

2018-10-12 13:01:46 - [MESSAGE][PASSED] - Object 'Object Repository/Backoffice/Clients/Client Registration' is present

2018-10-12 13:01:46 - [TEST_STEP][PASSED] - click: Object: 'Object Repository/Backoffice/Clients/Client Registration' is clicked on

2018-10-12 13:01:47 - [MESSAGE][PASSED] - Object: 'Object Repository/Backoffice/Clients/Client Registration' is clicked on

2018-10-12 13:01:47 - [TEST_STEP][PASSED] - setText: Text 'arrocharalumni' is set on object 'Object Repository/Backoffice/Clients/Registration/input_username'

2018-10-12 13:01:47 - [MESSAGE][PASSED] - Text 'arrocharalumni' is set on object 'Object Repository/Backoffice/Clients/Registration/input_username'

2018-10-12 13:01:47 - [TEST_STEP][PASSED] - setText: Text '123123' is set on object 'Object Repository/Backoffice/Clients/Registration/input_password'

2018-10-12 13:01:47 - [MESSAGE][PASSED] - Text '123123' is set on object 'Object Repository/Backoffice/Clients/Registration/input_password'

2018-10-12 13:01:47 - [TEST_STEP][PASSED] - setText: Text '123123' is set on object 'Object Repository/Backoffice/Clients/Registration/input_confirmp'

2018-10-12 13:01:47 - [MESSAGE][PASSED] - Text '123123' is set on object 'Object Repository/Backoffice/Clients/Registration/input_confirmp'

2018-10-12 13:01:47 - [TEST_STEP][PASSED] - selectOptionByValue: All options with value 'test' are selected in object 'Object Repository/Backoffice/Clients/Registration/select_operatorcode' 

2018-10-12 13:01:48 - [MESSAGE][PASSED] - All options with value 'test' are selected in object 'Object Repository/Backoffice/Clients/Registration/select_operatorcode' 

2018-10-12 13:01:48 - [TEST_STEP][PASSED] - selectOptionByValue: All options with value '1' are selected in object 'Object Repository/Backoffice/Clients/Registration/select_status' 

2018-10-12 13:01:48 - [MESSAGE][PASSED] - All options with value '1' are selected in object 'Object Repository/Backoffice/Clients/Registration/select_status' 

2018-10-12 13:01:48 - [TEST_STEP][PASSED] - delay: Delayed 2 second(s)

2018-10-12 13:01:50 - [MESSAGE][PASSED] - Delayed 2 second(s)

2018-10-12 13:01:50 - [TEST_STEP][PASSED] - click: Object: 'Object Repository/Backoffice/Clients/Registration/button_Submit' is clicked on

2018-10-12 13:01:51 - [MESSAGE][PASSED] - Object: 'Object Repository/Backoffice/Clients/Registration/button_Submit' is clicked on

2018-10-12 13:01:51 - [TEST_STEP][PASSED] - delay: Delayed 2 second(s)

2018-10-12 13:01:53 - [MESSAGE][PASSED] - Delayed 2 second(s)]]></system-out>
         <system-err><![CDATA[]]></system-err>
      </testcase>
      <testcase name="Test Cases/Backoffice/RegisterAccount" classname="Test Cases/Backoffice/RegisterAccount" status="PASSED">
         <system-out><![CDATA[2018-10-12 13:01:53 - [TEST_CASE][PASSED] - Test Cases/Backoffice/RegisterAccount: Test Cases/Backoffice/RegisterAccount

2018-10-12 13:01:53 - [TEST_STEP][PASSED] - focus: Object: 'Object Repository/Backoffice/Clients/Clients' is focused

2018-10-12 13:01:53 - [MESSAGE][PASSED] - Object: 'Object Repository/Backoffice/Clients/Clients' is focused

2018-10-12 13:01:53 - [TEST_STEP][PASSED] - verifyElementPresent: Object 'Object Repository/Backoffice/Clients/Client Registration' is present

2018-10-12 13:01:53 - [MESSAGE][PASSED] - Object 'Object Repository/Backoffice/Clients/Client Registration' is present

2018-10-12 13:01:53 - [TEST_STEP][PASSED] - click: Object: 'Object Repository/Backoffice/Clients/Client Registration' is clicked on

2018-10-12 13:01:54 - [MESSAGE][PASSED] - Object: 'Object Repository/Backoffice/Clients/Client Registration' is clicked on

2018-10-12 13:01:54 - [TEST_STEP][PASSED] - setText: Text 'assertiveamerican' is set on object 'Object Repository/Backoffice/Clients/Registration/input_username'

2018-10-12 13:01:54 - [MESSAGE][PASSED] - Text 'assertiveamerican' is set on object 'Object Repository/Backoffice/Clients/Registration/input_username'

2018-10-12 13:01:54 - [TEST_STEP][PASSED] - setText: Text '123123' is set on object 'Object Repository/Backoffice/Clients/Registration/input_password'

2018-10-12 13:01:54 - [MESSAGE][PASSED] - Text '123123' is set on object 'Object Repository/Backoffice/Clients/Registration/input_password'

2018-10-12 13:01:54 - [TEST_STEP][PASSED] - setText: Text '123123' is set on object 'Object Repository/Backoffice/Clients/Registration/input_confirmp'

2018-10-12 13:01:54 - [MESSAGE][PASSED] - Text '123123' is set on object 'Object Repository/Backoffice/Clients/Registration/input_confirmp'

2018-10-12 13:01:54 - [TEST_STEP][PASSED] - selectOptionByValue: All options with value 'test' are selected in object 'Object Repository/Backoffice/Clients/Registration/select_operatorcode' 

2018-10-12 13:01:54 - [MESSAGE][PASSED] - All options with value 'test' are selected in object 'Object Repository/Backoffice/Clients/Registration/select_operatorcode' 

2018-10-12 13:01:54 - [TEST_STEP][PASSED] - selectOptionByValue: All options with value '1' are selected in object 'Object Repository/Backoffice/Clients/Registration/select_status' 

2018-10-12 13:01:54 - [MESSAGE][PASSED] - All options with value '1' are selected in object 'Object Repository/Backoffice/Clients/Registration/select_status' 

2018-10-12 13:01:54 - [TEST_STEP][PASSED] - delay: Delayed 2 second(s)

2018-10-12 13:01:56 - [MESSAGE][PASSED] - Delayed 2 second(s)

2018-10-12 13:01:56 - [TEST_STEP][PASSED] - click: Object: 'Object Repository/Backoffice/Clients/Registration/button_Submit' is clicked on

2018-10-12 13:01:57 - [MESSAGE][PASSED] - Object: 'Object Repository/Backoffice/Clients/Registration/button_Submit' is clicked on

2018-10-12 13:01:57 - [TEST_STEP][PASSED] - delay: Delayed 2 second(s)

2018-10-12 13:01:59 - [MESSAGE][PASSED] - Delayed 2 second(s)]]></system-out>
         <system-err><![CDATA[]]></system-err>
      </testcase>
      <testcase name="Test Cases/Backoffice/RegisterAccount" classname="Test Cases/Backoffice/RegisterAccount" status="PASSED">
         <system-out><![CDATA[2018-10-12 13:01:59 - [TEST_CASE][PASSED] - Test Cases/Backoffice/RegisterAccount: Test Cases/Backoffice/RegisterAccount

2018-10-12 13:01:59 - [TEST_STEP][PASSED] - focus: Object: 'Object Repository/Backoffice/Clients/Clients' is focused

2018-10-12 13:01:59 - [MESSAGE][PASSED] - Object: 'Object Repository/Backoffice/Clients/Clients' is focused

2018-10-12 13:01:59 - [TEST_STEP][PASSED] - verifyElementPresent: Object 'Object Repository/Backoffice/Clients/Client Registration' is present

2018-10-12 13:01:59 - [MESSAGE][PASSED] - Object 'Object Repository/Backoffice/Clients/Client Registration' is present

2018-10-12 13:01:59 - [TEST_STEP][PASSED] - click: Object: 'Object Repository/Backoffice/Clients/Client Registration' is clicked on

2018-10-12 13:02:00 - [MESSAGE][PASSED] - Object: 'Object Repository/Backoffice/Clients/Client Registration' is clicked on

2018-10-12 13:02:00 - [TEST_STEP][PASSED] - setText: Text 'aerobicarsonist' is set on object 'Object Repository/Backoffice/Clients/Registration/input_username'

2018-10-12 13:02:00 - [MESSAGE][PASSED] - Text 'aerobicarsonist' is set on object 'Object Repository/Backoffice/Clients/Registration/input_username'

2018-10-12 13:02:00 - [TEST_STEP][PASSED] - setText: Text '123123' is set on object 'Object Repository/Backoffice/Clients/Registration/input_password'

2018-10-12 13:02:00 - [MESSAGE][PASSED] - Text '123123' is set on object 'Object Repository/Backoffice/Clients/Registration/input_password'

2018-10-12 13:02:00 - [TEST_STEP][PASSED] - setText: Text '123123' is set on object 'Object Repository/Backoffice/Clients/Registration/input_confirmp'

2018-10-12 13:02:00 - [MESSAGE][PASSED] - Text '123123' is set on object 'Object Repository/Backoffice/Clients/Registration/input_confirmp'

2018-10-12 13:02:00 - [TEST_STEP][PASSED] - selectOptionByValue: All options with value 'test' are selected in object 'Object Repository/Backoffice/Clients/Registration/select_operatorcode' 

2018-10-12 13:02:00 - [MESSAGE][PASSED] - All options with value 'test' are selected in object 'Object Repository/Backoffice/Clients/Registration/select_operatorcode' 

2018-10-12 13:02:00 - [TEST_STEP][PASSED] - selectOptionByValue: All options with value '1' are selected in object 'Object Repository/Backoffice/Clients/Registration/select_status' 

2018-10-12 13:02:01 - [MESSAGE][PASSED] - All options with value '1' are selected in object 'Object Repository/Backoffice/Clients/Registration/select_status' 

2018-10-12 13:02:01 - [TEST_STEP][PASSED] - delay: Delayed 2 second(s)

2018-10-12 13:02:03 - [MESSAGE][PASSED] - Delayed 2 second(s)

2018-10-12 13:02:03 - [TEST_STEP][PASSED] - click: Object: 'Object Repository/Backoffice/Clients/Registration/button_Submit' is clicked on

2018-10-12 13:02:04 - [MESSAGE][PASSED] - Object: 'Object Repository/Backoffice/Clients/Registration/button_Submit' is clicked on

2018-10-12 13:02:04 - [TEST_STEP][PASSED] - delay: Delayed 2 second(s)

2018-10-12 13:02:06 - [MESSAGE][PASSED] - Delayed 2 second(s)]]></system-out>
         <system-err><![CDATA[]]></system-err>
      </testcase>
      <testcase name="Test Cases/Backoffice/RegisterAccount" classname="Test Cases/Backoffice/RegisterAccount" status="PASSED">
         <system-out><![CDATA[2018-10-12 13:02:06 - [TEST_CASE][PASSED] - Test Cases/Backoffice/RegisterAccount: Test Cases/Backoffice/RegisterAccount

2018-10-12 13:02:06 - [TEST_STEP][PASSED] - focus: Object: 'Object Repository/Backoffice/Clients/Clients' is focused

2018-10-12 13:02:06 - [MESSAGE][PASSED] - Object: 'Object Repository/Backoffice/Clients/Clients' is focused

2018-10-12 13:02:06 - [TEST_STEP][PASSED] - verifyElementPresent: Object 'Object Repository/Backoffice/Clients/Client Registration' is present

2018-10-12 13:02:06 - [MESSAGE][PASSED] - Object 'Object Repository/Backoffice/Clients/Client Registration' is present

2018-10-12 13:02:06 - [TEST_STEP][PASSED] - click: Object: 'Object Repository/Backoffice/Clients/Client Registration' is clicked on

2018-10-12 13:02:06 - [MESSAGE][PASSED] - Object: 'Object Repository/Backoffice/Clients/Client Registration' is clicked on

2018-10-12 13:02:06 - [TEST_STEP][PASSED] - setText: Text 'abortiveangry' is set on object 'Object Repository/Backoffice/Clients/Registration/input_username'

2018-10-12 13:02:07 - [MESSAGE][PASSED] - Text 'abortiveangry' is set on object 'Object Repository/Backoffice/Clients/Registration/input_username'

2018-10-12 13:02:07 - [TEST_STEP][PASSED] - setText: Text '123123' is set on object 'Object Repository/Backoffice/Clients/Registration/input_password'

2018-10-12 13:02:07 - [MESSAGE][PASSED] - Text '123123' is set on object 'Object Repository/Backoffice/Clients/Registration/input_password'

2018-10-12 13:02:07 - [TEST_STEP][PASSED] - setText: Text '123123' is set on object 'Object Repository/Backoffice/Clients/Registration/input_confirmp'

2018-10-12 13:02:07 - [MESSAGE][PASSED] - Text '123123' is set on object 'Object Repository/Backoffice/Clients/Registration/input_confirmp'

2018-10-12 13:02:07 - [TEST_STEP][PASSED] - selectOptionByValue: All options with value 'test' are selected in object 'Object Repository/Backoffice/Clients/Registration/select_operatorcode' 

2018-10-12 13:02:07 - [MESSAGE][PASSED] - All options with value 'test' are selected in object 'Object Repository/Backoffice/Clients/Registration/select_operatorcode' 

2018-10-12 13:02:07 - [TEST_STEP][PASSED] - selectOptionByValue: All options with value '1' are selected in object 'Object Repository/Backoffice/Clients/Registration/select_status' 

2018-10-12 13:02:07 - [MESSAGE][PASSED] - All options with value '1' are selected in object 'Object Repository/Backoffice/Clients/Registration/select_status' 

2018-10-12 13:02:07 - [TEST_STEP][PASSED] - delay: Delayed 2 second(s)

2018-10-12 13:02:09 - [MESSAGE][PASSED] - Delayed 2 second(s)

2018-10-12 13:02:09 - [TEST_STEP][PASSED] - click: Object: 'Object Repository/Backoffice/Clients/Registration/button_Submit' is clicked on

2018-10-12 13:02:10 - [MESSAGE][PASSED] - Object: 'Object Repository/Backoffice/Clients/Registration/button_Submit' is clicked on

2018-10-12 13:02:10 - [TEST_STEP][PASSED] - delay: Delayed 2 second(s)

2018-10-12 13:02:12 - [MESSAGE][PASSED] - Delayed 2 second(s)]]></system-out>
         <system-err><![CDATA[]]></system-err>
      </testcase>
      <testcase name="Test Cases/Backoffice/RegisterAccount" classname="Test Cases/Backoffice/RegisterAccount" status="PASSED">
         <system-out><![CDATA[2018-10-12 13:02:12 - [TEST_CASE][PASSED] - Test Cases/Backoffice/RegisterAccount: Test Cases/Backoffice/RegisterAccount

2018-10-12 13:02:12 - [TEST_STEP][PASSED] - focus: Object: 'Object Repository/Backoffice/Clients/Clients' is focused

2018-10-12 13:02:12 - [MESSAGE][PASSED] - Object: 'Object Repository/Backoffice/Clients/Clients' is focused

2018-10-12 13:02:12 - [TEST_STEP][PASSED] - verifyElementPresent: Object 'Object Repository/Backoffice/Clients/Client Registration' is present

2018-10-12 13:02:12 - [MESSAGE][PASSED] - Object 'Object Repository/Backoffice/Clients/Client Registration' is present

2018-10-12 13:02:12 - [TEST_STEP][PASSED] - click: Object: 'Object Repository/Backoffice/Clients/Client Registration' is clicked on

2018-10-12 13:02:12 - [MESSAGE][PASSED] - Object: 'Object Repository/Backoffice/Clients/Client Registration' is clicked on

2018-10-12 13:02:12 - [TEST_STEP][PASSED] - setText: Text 'apogeearcana' is set on object 'Object Repository/Backoffice/Clients/Registration/input_username'

2018-10-12 13:02:13 - [MESSAGE][PASSED] - Text 'apogeearcana' is set on object 'Object Repository/Backoffice/Clients/Registration/input_username'

2018-10-12 13:02:13 - [TEST_STEP][PASSED] - setText: Text '123123' is set on object 'Object Repository/Backoffice/Clients/Registration/input_password'

2018-10-12 13:02:13 - [MESSAGE][PASSED] - Text '123123' is set on object 'Object Repository/Backoffice/Clients/Registration/input_password'

2018-10-12 13:02:13 - [TEST_STEP][PASSED] - setText: Text '123123' is set on object 'Object Repository/Backoffice/Clients/Registration/input_confirmp'

2018-10-12 13:02:13 - [MESSAGE][PASSED] - Text '123123' is set on object 'Object Repository/Backoffice/Clients/Registration/input_confirmp'

2018-10-12 13:02:13 - [TEST_STEP][PASSED] - selectOptionByValue: All options with value 'test' are selected in object 'Object Repository/Backoffice/Clients/Registration/select_operatorcode' 

2018-10-12 13:02:13 - [MESSAGE][PASSED] - All options with value 'test' are selected in object 'Object Repository/Backoffice/Clients/Registration/select_operatorcode' 

2018-10-12 13:02:13 - [TEST_STEP][PASSED] - selectOptionByValue: All options with value '1' are selected in object 'Object Repository/Backoffice/Clients/Registration/select_status' 

2018-10-12 13:02:13 - [MESSAGE][PASSED] - All options with value '1' are selected in object 'Object Repository/Backoffice/Clients/Registration/select_status' 

2018-10-12 13:02:13 - [TEST_STEP][PASSED] - delay: Delayed 2 second(s)

2018-10-12 13:02:15 - [MESSAGE][PASSED] - Delayed 2 second(s)

2018-10-12 13:02:15 - [TEST_STEP][PASSED] - click: Object: 'Object Repository/Backoffice/Clients/Registration/button_Submit' is clicked on

2018-10-12 13:02:16 - [MESSAGE][PASSED] - Object: 'Object Repository/Backoffice/Clients/Registration/button_Submit' is clicked on

2018-10-12 13:02:16 - [TEST_STEP][PASSED] - delay: Delayed 2 second(s)

2018-10-12 13:02:18 - [MESSAGE][PASSED] - Delayed 2 second(s)]]></system-out>
         <system-err><![CDATA[]]></system-err>
      </testcase>
      <testcase name="Test Cases/Backoffice/RegisterAccount" classname="Test Cases/Backoffice/RegisterAccount" status="PASSED">
         <system-out><![CDATA[2018-10-12 13:02:18 - [TEST_CASE][PASSED] - Test Cases/Backoffice/RegisterAccount: Test Cases/Backoffice/RegisterAccount

2018-10-12 13:02:18 - [TEST_STEP][PASSED] - focus: Object: 'Object Repository/Backoffice/Clients/Clients' is focused

2018-10-12 13:02:18 - [MESSAGE][PASSED] - Object: 'Object Repository/Backoffice/Clients/Clients' is focused

2018-10-12 13:02:18 - [TEST_STEP][PASSED] - verifyElementPresent: Object 'Object Repository/Backoffice/Clients/Client Registration' is present

2018-10-12 13:02:18 - [MESSAGE][PASSED] - Object 'Object Repository/Backoffice/Clients/Client Registration' is present

2018-10-12 13:02:18 - [TEST_STEP][PASSED] - click: Object: 'Object Repository/Backoffice/Clients/Client Registration' is clicked on

2018-10-12 13:02:19 - [MESSAGE][PASSED] - Object: 'Object Repository/Backoffice/Clients/Client Registration' is clicked on

2018-10-12 13:02:19 - [TEST_STEP][PASSED] - setText: Text 'amherstandes' is set on object 'Object Repository/Backoffice/Clients/Registration/input_username'

2018-10-12 13:02:19 - [MESSAGE][PASSED] - Text 'amherstandes' is set on object 'Object Repository/Backoffice/Clients/Registration/input_username'

2018-10-12 13:02:19 - [TEST_STEP][PASSED] - setText: Text '123123' is set on object 'Object Repository/Backoffice/Clients/Registration/input_password'

2018-10-12 13:02:19 - [MESSAGE][PASSED] - Text '123123' is set on object 'Object Repository/Backoffice/Clients/Registration/input_password'

2018-10-12 13:02:19 - [TEST_STEP][PASSED] - setText: Text '123123' is set on object 'Object Repository/Backoffice/Clients/Registration/input_confirmp'

2018-10-12 13:02:19 - [MESSAGE][PASSED] - Text '123123' is set on object 'Object Repository/Backoffice/Clients/Registration/input_confirmp'

2018-10-12 13:02:19 - [TEST_STEP][PASSED] - selectOptionByValue: All options with value 'test' are selected in object 'Object Repository/Backoffice/Clients/Registration/select_operatorcode' 

2018-10-12 13:02:19 - [MESSAGE][PASSED] - All options with value 'test' are selected in object 'Object Repository/Backoffice/Clients/Registration/select_operatorcode' 

2018-10-12 13:02:19 - [TEST_STEP][PASSED] - selectOptionByValue: All options with value '1' are selected in object 'Object Repository/Backoffice/Clients/Registration/select_status' 

2018-10-12 13:02:20 - [MESSAGE][PASSED] - All options with value '1' are selected in object 'Object Repository/Backoffice/Clients/Registration/select_status' 

2018-10-12 13:02:20 - [TEST_STEP][PASSED] - delay: Delayed 2 second(s)

2018-10-12 13:02:22 - [MESSAGE][PASSED] - Delayed 2 second(s)

2018-10-12 13:02:22 - [TEST_STEP][PASSED] - click: Object: 'Object Repository/Backoffice/Clients/Registration/button_Submit' is clicked on

2018-10-12 13:02:22 - [MESSAGE][PASSED] - Object: 'Object Repository/Backoffice/Clients/Registration/button_Submit' is clicked on

2018-10-12 13:02:22 - [TEST_STEP][PASSED] - delay: Delayed 2 second(s)

2018-10-12 13:02:24 - [MESSAGE][PASSED] - Delayed 2 second(s)]]></system-out>
         <system-err><![CDATA[]]></system-err>
      </testcase>
      <testcase name="Test Cases/Backoffice/RegisterAccount" classname="Test Cases/Backoffice/RegisterAccount" status="PASSED">
         <system-out><![CDATA[2018-10-12 13:02:24 - [TEST_CASE][PASSED] - Test Cases/Backoffice/RegisterAccount: Test Cases/Backoffice/RegisterAccount

2018-10-12 13:02:24 - [TEST_STEP][PASSED] - focus: Object: 'Object Repository/Backoffice/Clients/Clients' is focused

2018-10-12 13:02:24 - [MESSAGE][PASSED] - Object: 'Object Repository/Backoffice/Clients/Clients' is focused

2018-10-12 13:02:24 - [TEST_STEP][PASSED] - verifyElementPresent: Object 'Object Repository/Backoffice/Clients/Client Registration' is present

2018-10-12 13:02:25 - [MESSAGE][PASSED] - Object 'Object Repository/Backoffice/Clients/Client Registration' is present

2018-10-12 13:02:25 - [TEST_STEP][PASSED] - click: Object: 'Object Repository/Backoffice/Clients/Client Registration' is clicked on

2018-10-12 13:02:25 - [MESSAGE][PASSED] - Object: 'Object Repository/Backoffice/Clients/Client Registration' is clicked on

2018-10-12 13:02:25 - [TEST_STEP][PASSED] - setText: Text 'audouinadvice' is set on object 'Object Repository/Backoffice/Clients/Registration/input_username'

2018-10-12 13:02:25 - [MESSAGE][PASSED] - Text 'audouinadvice' is set on object 'Object Repository/Backoffice/Clients/Registration/input_username'

2018-10-12 13:02:25 - [TEST_STEP][PASSED] - setText: Text '123123' is set on object 'Object Repository/Backoffice/Clients/Registration/input_password'

2018-10-12 13:02:25 - [MESSAGE][PASSED] - Text '123123' is set on object 'Object Repository/Backoffice/Clients/Registration/input_password'

2018-10-12 13:02:25 - [TEST_STEP][PASSED] - setText: Text '123123' is set on object 'Object Repository/Backoffice/Clients/Registration/input_confirmp'

2018-10-12 13:02:25 - [MESSAGE][PASSED] - Text '123123' is set on object 'Object Repository/Backoffice/Clients/Registration/input_confirmp'

2018-10-12 13:02:25 - [TEST_STEP][PASSED] - selectOptionByValue: All options with value 'test' are selected in object 'Object Repository/Backoffice/Clients/Registration/select_operatorcode' 

2018-10-12 13:02:26 - [MESSAGE][PASSED] - All options with value 'test' are selected in object 'Object Repository/Backoffice/Clients/Registration/select_operatorcode' 

2018-10-12 13:02:26 - [TEST_STEP][PASSED] - selectOptionByValue: All options with value '1' are selected in object 'Object Repository/Backoffice/Clients/Registration/select_status' 

2018-10-12 13:02:26 - [MESSAGE][PASSED] - All options with value '1' are selected in object 'Object Repository/Backoffice/Clients/Registration/select_status' 

2018-10-12 13:02:26 - [TEST_STEP][PASSED] - delay: Delayed 2 second(s)

2018-10-12 13:02:28 - [MESSAGE][PASSED] - Delayed 2 second(s)

2018-10-12 13:02:28 - [TEST_STEP][PASSED] - click: Object: 'Object Repository/Backoffice/Clients/Registration/button_Submit' is clicked on

2018-10-12 13:02:29 - [MESSAGE][PASSED] - Object: 'Object Repository/Backoffice/Clients/Registration/button_Submit' is clicked on

2018-10-12 13:02:29 - [TEST_STEP][PASSED] - delay: Delayed 2 second(s)

2018-10-12 13:02:31 - [MESSAGE][PASSED] - Delayed 2 second(s)]]></system-out>
         <system-err><![CDATA[]]></system-err>
      </testcase>
      <testcase name="Test Cases/Backoffice/RegisterAccount" classname="Test Cases/Backoffice/RegisterAccount" status="PASSED">
         <system-out><![CDATA[2018-10-12 13:02:31 - [TEST_CASE][PASSED] - Test Cases/Backoffice/RegisterAccount: Test Cases/Backoffice/RegisterAccount

2018-10-12 13:02:31 - [TEST_STEP][PASSED] - focus: Object: 'Object Repository/Backoffice/Clients/Clients' is focused

2018-10-12 13:02:31 - [MESSAGE][PASSED] - Object: 'Object Repository/Backoffice/Clients/Clients' is focused

2018-10-12 13:02:31 - [TEST_STEP][PASSED] - verifyElementPresent: Object 'Object Repository/Backoffice/Clients/Client Registration' is present

2018-10-12 13:02:31 - [MESSAGE][PASSED] - Object 'Object Repository/Backoffice/Clients/Client Registration' is present

2018-10-12 13:02:31 - [TEST_STEP][PASSED] - click: Object: 'Object Repository/Backoffice/Clients/Client Registration' is clicked on

2018-10-12 13:02:31 - [MESSAGE][PASSED] - Object: 'Object Repository/Backoffice/Clients/Client Registration' is clicked on

2018-10-12 13:02:31 - [TEST_STEP][PASSED] - setText: Text 'amuckargument' is set on object 'Object Repository/Backoffice/Clients/Registration/input_username'

2018-10-12 13:02:32 - [MESSAGE][PASSED] - Text 'amuckargument' is set on object 'Object Repository/Backoffice/Clients/Registration/input_username'

2018-10-12 13:02:32 - [TEST_STEP][PASSED] - setText: Text '123123' is set on object 'Object Repository/Backoffice/Clients/Registration/input_password'

2018-10-12 13:02:32 - [MESSAGE][PASSED] - Text '123123' is set on object 'Object Repository/Backoffice/Clients/Registration/input_password'

2018-10-12 13:02:32 - [TEST_STEP][PASSED] - setText: Text '123123' is set on object 'Object Repository/Backoffice/Clients/Registration/input_confirmp'

2018-10-12 13:02:32 - [MESSAGE][PASSED] - Text '123123' is set on object 'Object Repository/Backoffice/Clients/Registration/input_confirmp'

2018-10-12 13:02:32 - [TEST_STEP][PASSED] - selectOptionByValue: All options with value 'test' are selected in object 'Object Repository/Backoffice/Clients/Registration/select_operatorcode' 

2018-10-12 13:02:32 - [MESSAGE][PASSED] - All options with value 'test' are selected in object 'Object Repository/Backoffice/Clients/Registration/select_operatorcode' 

2018-10-12 13:02:32 - [TEST_STEP][PASSED] - selectOptionByValue: All options with value '1' are selected in object 'Object Repository/Backoffice/Clients/Registration/select_status' 

2018-10-12 13:02:32 - [MESSAGE][PASSED] - All options with value '1' are selected in object 'Object Repository/Backoffice/Clients/Registration/select_status' 

2018-10-12 13:02:32 - [TEST_STEP][PASSED] - delay: Delayed 2 second(s)

2018-10-12 13:02:34 - [MESSAGE][PASSED] - Delayed 2 second(s)

2018-10-12 13:02:34 - [TEST_STEP][PASSED] - click: Object: 'Object Repository/Backoffice/Clients/Registration/button_Submit' is clicked on

2018-10-12 13:02:35 - [MESSAGE][PASSED] - Object: 'Object Repository/Backoffice/Clients/Registration/button_Submit' is clicked on

2018-10-12 13:02:35 - [TEST_STEP][PASSED] - delay: Delayed 2 second(s)

2018-10-12 13:02:37 - [MESSAGE][PASSED] - Delayed 2 second(s)]]></system-out>
         <system-err><![CDATA[]]></system-err>
      </testcase>
      <testcase name="Test Cases/Backoffice/RegisterAccount" classname="Test Cases/Backoffice/RegisterAccount" status="PASSED">
         <system-out><![CDATA[2018-10-12 13:02:37 - [TEST_CASE][PASSED] - Test Cases/Backoffice/RegisterAccount: Test Cases/Backoffice/RegisterAccount

2018-10-12 13:02:37 - [TEST_STEP][PASSED] - focus: Object: 'Object Repository/Backoffice/Clients/Clients' is focused

2018-10-12 13:02:37 - [MESSAGE][PASSED] - Object: 'Object Repository/Backoffice/Clients/Clients' is focused

2018-10-12 13:02:37 - [TEST_STEP][PASSED] - verifyElementPresent: Object 'Object Repository/Backoffice/Clients/Client Registration' is present

2018-10-12 13:02:37 - [MESSAGE][PASSED] - Object 'Object Repository/Backoffice/Clients/Client Registration' is present

2018-10-12 13:02:37 - [TEST_STEP][PASSED] - click: Object: 'Object Repository/Backoffice/Clients/Client Registration' is clicked on

2018-10-12 13:02:38 - [MESSAGE][PASSED] - Object: 'Object Repository/Backoffice/Clients/Client Registration' is clicked on

2018-10-12 13:02:38 - [TEST_STEP][PASSED] - setText: Text 'azimuthasthma' is set on object 'Object Repository/Backoffice/Clients/Registration/input_username'

2018-10-12 13:02:38 - [MESSAGE][PASSED] - Text 'azimuthasthma' is set on object 'Object Repository/Backoffice/Clients/Registration/input_username'

2018-10-12 13:02:38 - [TEST_STEP][PASSED] - setText: Text '123123' is set on object 'Object Repository/Backoffice/Clients/Registration/input_password'

2018-10-12 13:02:38 - [MESSAGE][PASSED] - Text '123123' is set on object 'Object Repository/Backoffice/Clients/Registration/input_password'

2018-10-12 13:02:38 - [TEST_STEP][PASSED] - setText: Text '123123' is set on object 'Object Repository/Backoffice/Clients/Registration/input_confirmp'

2018-10-12 13:02:38 - [MESSAGE][PASSED] - Text '123123' is set on object 'Object Repository/Backoffice/Clients/Registration/input_confirmp'

2018-10-12 13:02:38 - [TEST_STEP][PASSED] - selectOptionByValue: All options with value 'test' are selected in object 'Object Repository/Backoffice/Clients/Registration/select_operatorcode' 

2018-10-12 13:02:38 - [MESSAGE][PASSED] - All options with value 'test' are selected in object 'Object Repository/Backoffice/Clients/Registration/select_operatorcode' 

2018-10-12 13:02:38 - [TEST_STEP][PASSED] - selectOptionByValue: All options with value '1' are selected in object 'Object Repository/Backoffice/Clients/Registration/select_status' 

2018-10-12 13:02:38 - [MESSAGE][PASSED] - All options with value '1' are selected in object 'Object Repository/Backoffice/Clients/Registration/select_status' 

2018-10-12 13:02:38 - [TEST_STEP][PASSED] - delay: Delayed 2 second(s)

2018-10-12 13:02:40 - [MESSAGE][PASSED] - Delayed 2 second(s)

2018-10-12 13:02:40 - [TEST_STEP][PASSED] - click: Object: 'Object Repository/Backoffice/Clients/Registration/button_Submit' is clicked on

2018-10-12 13:02:42 - [MESSAGE][PASSED] - Object: 'Object Repository/Backoffice/Clients/Registration/button_Submit' is clicked on

2018-10-12 13:02:42 - [TEST_STEP][PASSED] - delay: Delayed 2 second(s)

2018-10-12 13:02:44 - [MESSAGE][PASSED] - Delayed 2 second(s)]]></system-out>
         <system-err><![CDATA[]]></system-err>
      </testcase>
      <testcase name="Test Cases/Backoffice/RegisterAccount" classname="Test Cases/Backoffice/RegisterAccount" status="PASSED">
         <system-out><![CDATA[2018-10-12 13:02:44 - [TEST_CASE][PASSED] - Test Cases/Backoffice/RegisterAccount: Test Cases/Backoffice/RegisterAccount

2018-10-12 13:02:44 - [TEST_STEP][PASSED] - focus: Object: 'Object Repository/Backoffice/Clients/Clients' is focused

2018-10-12 13:02:44 - [MESSAGE][PASSED] - Object: 'Object Repository/Backoffice/Clients/Clients' is focused

2018-10-12 13:02:44 - [TEST_STEP][PASSED] - verifyElementPresent: Object 'Object Repository/Backoffice/Clients/Client Registration' is present

2018-10-12 13:02:44 - [MESSAGE][PASSED] - Object 'Object Repository/Backoffice/Clients/Client Registration' is present

2018-10-12 13:02:44 - [TEST_STEP][PASSED] - click: Object: 'Object Repository/Backoffice/Clients/Client Registration' is clicked on

2018-10-12 13:02:44 - [MESSAGE][PASSED] - Object: 'Object Repository/Backoffice/Clients/Client Registration' is clicked on

2018-10-12 13:02:44 - [TEST_STEP][PASSED] - setText: Text 'allegianceavoidant' is set on object 'Object Repository/Backoffice/Clients/Registration/input_username'

2018-10-12 13:02:44 - [MESSAGE][PASSED] - Text 'allegianceavoidant' is set on object 'Object Repository/Backoffice/Clients/Registration/input_username'

2018-10-12 13:02:44 - [TEST_STEP][PASSED] - setText: Text '123123' is set on object 'Object Repository/Backoffice/Clients/Registration/input_password'

2018-10-12 13:02:44 - [MESSAGE][PASSED] - Text '123123' is set on object 'Object Repository/Backoffice/Clients/Registration/input_password'

2018-10-12 13:02:44 - [TEST_STEP][PASSED] - setText: Text '123123' is set on object 'Object Repository/Backoffice/Clients/Registration/input_confirmp'

2018-10-12 13:02:45 - [MESSAGE][PASSED] - Text '123123' is set on object 'Object Repository/Backoffice/Clients/Registration/input_confirmp'

2018-10-12 13:02:45 - [TEST_STEP][PASSED] - selectOptionByValue: All options with value 'test' are selected in object 'Object Repository/Backoffice/Clients/Registration/select_operatorcode' 

2018-10-12 13:02:45 - [MESSAGE][PASSED] - All options with value 'test' are selected in object 'Object Repository/Backoffice/Clients/Registration/select_operatorcode' 

2018-10-12 13:02:45 - [TEST_STEP][PASSED] - selectOptionByValue: All options with value '1' are selected in object 'Object Repository/Backoffice/Clients/Registration/select_status' 

2018-10-12 13:02:45 - [MESSAGE][PASSED] - All options with value '1' are selected in object 'Object Repository/Backoffice/Clients/Registration/select_status' 

2018-10-12 13:02:45 - [TEST_STEP][PASSED] - delay: Delayed 2 second(s)

2018-10-12 13:02:47 - [MESSAGE][PASSED] - Delayed 2 second(s)

2018-10-12 13:02:47 - [TEST_STEP][PASSED] - click: Object: 'Object Repository/Backoffice/Clients/Registration/button_Submit' is clicked on

2018-10-12 13:02:48 - [MESSAGE][PASSED] - Object: 'Object Repository/Backoffice/Clients/Registration/button_Submit' is clicked on

2018-10-12 13:02:48 - [TEST_STEP][PASSED] - delay: Delayed 2 second(s)

2018-10-12 13:02:50 - [MESSAGE][PASSED] - Delayed 2 second(s)]]></system-out>
         <system-err><![CDATA[]]></system-err>
      </testcase>
      <testcase name="Test Cases/Backoffice/RegisterAccount" classname="Test Cases/Backoffice/RegisterAccount" status="PASSED">
         <system-out><![CDATA[2018-10-12 13:02:50 - [TEST_CASE][PASSED] - Test Cases/Backoffice/RegisterAccount: Test Cases/Backoffice/RegisterAccount

2018-10-12 13:02:50 - [TEST_STEP][PASSED] - focus: Object: 'Object Repository/Backoffice/Clients/Clients' is focused

2018-10-12 13:02:50 - [MESSAGE][PASSED] - Object: 'Object Repository/Backoffice/Clients/Clients' is focused

2018-10-12 13:02:50 - [TEST_STEP][PASSED] - verifyElementPresent: Object 'Object Repository/Backoffice/Clients/Client Registration' is present

2018-10-12 13:02:50 - [MESSAGE][PASSED] - Object 'Object Repository/Backoffice/Clients/Client Registration' is present

2018-10-12 13:02:50 - [TEST_STEP][PASSED] - click: Object: 'Object Repository/Backoffice/Clients/Client Registration' is clicked on

2018-10-12 13:02:50 - [MESSAGE][PASSED] - Object: 'Object Repository/Backoffice/Clients/Client Registration' is clicked on

2018-10-12 13:02:50 - [TEST_STEP][PASSED] - setText: Text 'ablazeangellist' is set on object 'Object Repository/Backoffice/Clients/Registration/input_username'

2018-10-12 13:02:51 - [MESSAGE][PASSED] - Text 'ablazeangellist' is set on object 'Object Repository/Backoffice/Clients/Registration/input_username'

2018-10-12 13:02:51 - [TEST_STEP][PASSED] - setText: Text '123123' is set on object 'Object Repository/Backoffice/Clients/Registration/input_password'

2018-10-12 13:02:51 - [MESSAGE][PASSED] - Text '123123' is set on object 'Object Repository/Backoffice/Clients/Registration/input_password'

2018-10-12 13:02:51 - [TEST_STEP][PASSED] - setText: Text '123123' is set on object 'Object Repository/Backoffice/Clients/Registration/input_confirmp'

2018-10-12 13:02:51 - [MESSAGE][PASSED] - Text '123123' is set on object 'Object Repository/Backoffice/Clients/Registration/input_confirmp'

2018-10-12 13:02:51 - [TEST_STEP][PASSED] - selectOptionByValue: All options with value 'test' are selected in object 'Object Repository/Backoffice/Clients/Registration/select_operatorcode' 

2018-10-12 13:02:51 - [MESSAGE][PASSED] - All options with value 'test' are selected in object 'Object Repository/Backoffice/Clients/Registration/select_operatorcode' 

2018-10-12 13:02:51 - [TEST_STEP][PASSED] - selectOptionByValue: All options with value '1' are selected in object 'Object Repository/Backoffice/Clients/Registration/select_status' 

2018-10-12 13:02:51 - [MESSAGE][PASSED] - All options with value '1' are selected in object 'Object Repository/Backoffice/Clients/Registration/select_status' 

2018-10-12 13:02:51 - [TEST_STEP][PASSED] - delay: Delayed 2 second(s)

2018-10-12 13:02:53 - [MESSAGE][PASSED] - Delayed 2 second(s)

2018-10-12 13:02:53 - [TEST_STEP][PASSED] - click: Object: 'Object Repository/Backoffice/Clients/Registration/button_Submit' is clicked on

2018-10-12 13:02:54 - [MESSAGE][PASSED] - Object: 'Object Repository/Backoffice/Clients/Registration/button_Submit' is clicked on

2018-10-12 13:02:54 - [TEST_STEP][PASSED] - delay: Delayed 2 second(s)

2018-10-12 13:02:56 - [MESSAGE][PASSED] - Delayed 2 second(s)]]></system-out>
         <system-err><![CDATA[]]></system-err>
      </testcase>
      <testcase name="Test Cases/Backoffice/RegisterAccount" classname="Test Cases/Backoffice/RegisterAccount" status="PASSED">
         <system-out><![CDATA[2018-10-12 13:02:56 - [TEST_CASE][PASSED] - Test Cases/Backoffice/RegisterAccount: Test Cases/Backoffice/RegisterAccount

2018-10-12 13:02:56 - [TEST_STEP][PASSED] - focus: Object: 'Object Repository/Backoffice/Clients/Clients' is focused

2018-10-12 13:02:56 - [MESSAGE][PASSED] - Object: 'Object Repository/Backoffice/Clients/Clients' is focused

2018-10-12 13:02:56 - [TEST_STEP][PASSED] - verifyElementPresent: Object 'Object Repository/Backoffice/Clients/Client Registration' is present

2018-10-12 13:02:56 - [MESSAGE][PASSED] - Object 'Object Repository/Backoffice/Clients/Client Registration' is present

2018-10-12 13:02:56 - [TEST_STEP][PASSED] - click: Object: 'Object Repository/Backoffice/Clients/Client Registration' is clicked on

2018-10-12 13:02:57 - [MESSAGE][PASSED] - Object: 'Object Repository/Backoffice/Clients/Client Registration' is clicked on

2018-10-12 13:02:57 - [TEST_STEP][PASSED] - setText: Text 'accessarcuate' is set on object 'Object Repository/Backoffice/Clients/Registration/input_username'

2018-10-12 13:02:57 - [MESSAGE][PASSED] - Text 'accessarcuate' is set on object 'Object Repository/Backoffice/Clients/Registration/input_username'

2018-10-12 13:02:57 - [TEST_STEP][PASSED] - setText: Text '123123' is set on object 'Object Repository/Backoffice/Clients/Registration/input_password'

2018-10-12 13:02:57 - [MESSAGE][PASSED] - Text '123123' is set on object 'Object Repository/Backoffice/Clients/Registration/input_password'

2018-10-12 13:02:57 - [TEST_STEP][PASSED] - setText: Text '123123' is set on object 'Object Repository/Backoffice/Clients/Registration/input_confirmp'

2018-10-12 13:02:57 - [MESSAGE][PASSED] - Text '123123' is set on object 'Object Repository/Backoffice/Clients/Registration/input_confirmp'

2018-10-12 13:02:57 - [TEST_STEP][PASSED] - selectOptionByValue: All options with value 'test' are selected in object 'Object Repository/Backoffice/Clients/Registration/select_operatorcode' 

2018-10-12 13:02:57 - [MESSAGE][PASSED] - All options with value 'test' are selected in object 'Object Repository/Backoffice/Clients/Registration/select_operatorcode' 

2018-10-12 13:02:57 - [TEST_STEP][PASSED] - selectOptionByValue: All options with value '1' are selected in object 'Object Repository/Backoffice/Clients/Registration/select_status' 

2018-10-12 13:02:58 - [MESSAGE][PASSED] - All options with value '1' are selected in object 'Object Repository/Backoffice/Clients/Registration/select_status' 

2018-10-12 13:02:58 - [TEST_STEP][PASSED] - delay: Delayed 2 second(s)

2018-10-12 13:03:00 - [MESSAGE][PASSED] - Delayed 2 second(s)

2018-10-12 13:03:00 - [TEST_STEP][PASSED] - click: Object: 'Object Repository/Backoffice/Clients/Registration/button_Submit' is clicked on

2018-10-12 13:03:00 - [MESSAGE][PASSED] - Object: 'Object Repository/Backoffice/Clients/Registration/button_Submit' is clicked on

2018-10-12 13:03:00 - [TEST_STEP][PASSED] - delay: Delayed 2 second(s)

2018-10-12 13:03:02 - [MESSAGE][PASSED] - Delayed 2 second(s)]]></system-out>
         <system-err><![CDATA[]]></system-err>
      </testcase>
      <testcase name="Test Cases/Backoffice/RegisterAccount" classname="Test Cases/Backoffice/RegisterAccount" status="PASSED">
         <system-out><![CDATA[2018-10-12 13:03:02 - [TEST_CASE][PASSED] - Test Cases/Backoffice/RegisterAccount: Test Cases/Backoffice/RegisterAccount

2018-10-12 13:03:02 - [TEST_STEP][PASSED] - focus: Object: 'Object Repository/Backoffice/Clients/Clients' is focused

2018-10-12 13:03:02 - [MESSAGE][PASSED] - Object: 'Object Repository/Backoffice/Clients/Clients' is focused

2018-10-12 13:03:02 - [TEST_STEP][PASSED] - verifyElementPresent: Object 'Object Repository/Backoffice/Clients/Client Registration' is present

2018-10-12 13:03:02 - [MESSAGE][PASSED] - Object 'Object Repository/Backoffice/Clients/Client Registration' is present

2018-10-12 13:03:02 - [TEST_STEP][PASSED] - click: Object: 'Object Repository/Backoffice/Clients/Client Registration' is clicked on

2018-10-12 13:03:03 - [MESSAGE][PASSED] - Object: 'Object Repository/Backoffice/Clients/Client Registration' is clicked on

2018-10-12 13:03:03 - [TEST_STEP][PASSED] - setText: Text 'anarchistafford' is set on object 'Object Repository/Backoffice/Clients/Registration/input_username'

2018-10-12 13:03:03 - [MESSAGE][PASSED] - Text 'anarchistafford' is set on object 'Object Repository/Backoffice/Clients/Registration/input_username'

2018-10-12 13:03:03 - [TEST_STEP][PASSED] - setText: Text '123123' is set on object 'Object Repository/Backoffice/Clients/Registration/input_password'

2018-10-12 13:03:03 - [MESSAGE][PASSED] - Text '123123' is set on object 'Object Repository/Backoffice/Clients/Registration/input_password'

2018-10-12 13:03:03 - [TEST_STEP][PASSED] - setText: Text '123123' is set on object 'Object Repository/Backoffice/Clients/Registration/input_confirmp'

2018-10-12 13:03:03 - [MESSAGE][PASSED] - Text '123123' is set on object 'Object Repository/Backoffice/Clients/Registration/input_confirmp'

2018-10-12 13:03:03 - [TEST_STEP][PASSED] - selectOptionByValue: All options with value 'test' are selected in object 'Object Repository/Backoffice/Clients/Registration/select_operatorcode' 

2018-10-12 13:03:04 - [MESSAGE][PASSED] - All options with value 'test' are selected in object 'Object Repository/Backoffice/Clients/Registration/select_operatorcode' 

2018-10-12 13:03:04 - [TEST_STEP][PASSED] - selectOptionByValue: All options with value '1' are selected in object 'Object Repository/Backoffice/Clients/Registration/select_status' 

2018-10-12 13:03:04 - [MESSAGE][PASSED] - All options with value '1' are selected in object 'Object Repository/Backoffice/Clients/Registration/select_status' 

2018-10-12 13:03:04 - [TEST_STEP][PASSED] - delay: Delayed 2 second(s)

2018-10-12 13:03:06 - [MESSAGE][PASSED] - Delayed 2 second(s)

2018-10-12 13:03:06 - [TEST_STEP][PASSED] - click: Object: 'Object Repository/Backoffice/Clients/Registration/button_Submit' is clicked on

2018-10-12 13:03:07 - [MESSAGE][PASSED] - Object: 'Object Repository/Backoffice/Clients/Registration/button_Submit' is clicked on

2018-10-12 13:03:07 - [TEST_STEP][PASSED] - delay: Delayed 2 second(s)

2018-10-12 13:03:09 - [MESSAGE][PASSED] - Delayed 2 second(s)]]></system-out>
         <system-err><![CDATA[]]></system-err>
      </testcase>
      <testcase name="Test Cases/Backoffice/RegisterAccount" classname="Test Cases/Backoffice/RegisterAccount" status="PASSED">
         <system-out><![CDATA[2018-10-12 13:03:09 - [TEST_CASE][PASSED] - Test Cases/Backoffice/RegisterAccount: Test Cases/Backoffice/RegisterAccount

2018-10-12 13:03:09 - [TEST_STEP][PASSED] - focus: Object: 'Object Repository/Backoffice/Clients/Clients' is focused

2018-10-12 13:03:09 - [MESSAGE][PASSED] - Object: 'Object Repository/Backoffice/Clients/Clients' is focused

2018-10-12 13:03:09 - [TEST_STEP][PASSED] - verifyElementPresent: Object 'Object Repository/Backoffice/Clients/Client Registration' is present

2018-10-12 13:03:09 - [MESSAGE][PASSED] - Object 'Object Repository/Backoffice/Clients/Client Registration' is present

2018-10-12 13:03:09 - [TEST_STEP][PASSED] - click: Object: 'Object Repository/Backoffice/Clients/Client Registration' is clicked on

2018-10-12 13:03:10 - [MESSAGE][PASSED] - Object: 'Object Repository/Backoffice/Clients/Client Registration' is clicked on

2018-10-12 13:03:10 - [TEST_STEP][PASSED] - setText: Text 'aquitaineambivalent' is set on object 'Object Repository/Backoffice/Clients/Registration/input_username'

2018-10-12 13:03:10 - [MESSAGE][PASSED] - Text 'aquitaineambivalent' is set on object 'Object Repository/Backoffice/Clients/Registration/input_username'

2018-10-12 13:03:10 - [TEST_STEP][PASSED] - setText: Text '123123' is set on object 'Object Repository/Backoffice/Clients/Registration/input_password'

2018-10-12 13:03:10 - [MESSAGE][PASSED] - Text '123123' is set on object 'Object Repository/Backoffice/Clients/Registration/input_password'

2018-10-12 13:03:10 - [TEST_STEP][PASSED] - setText: Text '123123' is set on object 'Object Repository/Backoffice/Clients/Registration/input_confirmp'

2018-10-12 13:03:11 - [MESSAGE][PASSED] - Text '123123' is set on object 'Object Repository/Backoffice/Clients/Registration/input_confirmp'

2018-10-12 13:03:11 - [TEST_STEP][PASSED] - selectOptionByValue: All options with value 'test' are selected in object 'Object Repository/Backoffice/Clients/Registration/select_operatorcode' 

2018-10-12 13:03:11 - [MESSAGE][PASSED] - All options with value 'test' are selected in object 'Object Repository/Backoffice/Clients/Registration/select_operatorcode' 

2018-10-12 13:03:11 - [TEST_STEP][PASSED] - selectOptionByValue: All options with value '1' are selected in object 'Object Repository/Backoffice/Clients/Registration/select_status' 

2018-10-12 13:03:11 - [MESSAGE][PASSED] - All options with value '1' are selected in object 'Object Repository/Backoffice/Clients/Registration/select_status' 

2018-10-12 13:03:11 - [TEST_STEP][PASSED] - delay: Delayed 2 second(s)

2018-10-12 13:03:13 - [MESSAGE][PASSED] - Delayed 2 second(s)

2018-10-12 13:03:13 - [TEST_STEP][PASSED] - click: Object: 'Object Repository/Backoffice/Clients/Registration/button_Submit' is clicked on

2018-10-12 13:03:14 - [MESSAGE][PASSED] - Object: 'Object Repository/Backoffice/Clients/Registration/button_Submit' is clicked on

2018-10-12 13:03:14 - [TEST_STEP][PASSED] - delay: Delayed 2 second(s)

2018-10-12 13:03:16 - [MESSAGE][PASSED] - Delayed 2 second(s)]]></system-out>
         <system-err><![CDATA[]]></system-err>
      </testcase>
      <testcase name="Test Cases/Backoffice/RegisterAccount" classname="Test Cases/Backoffice/RegisterAccount" status="PASSED">
         <system-out><![CDATA[2018-10-12 13:03:16 - [TEST_CASE][PASSED] - Test Cases/Backoffice/RegisterAccount: Test Cases/Backoffice/RegisterAccount

2018-10-12 13:03:16 - [TEST_STEP][PASSED] - focus: Object: 'Object Repository/Backoffice/Clients/Clients' is focused

2018-10-12 13:03:16 - [MESSAGE][PASSED] - Object: 'Object Repository/Backoffice/Clients/Clients' is focused

2018-10-12 13:03:16 - [TEST_STEP][PASSED] - verifyElementPresent: Object 'Object Repository/Backoffice/Clients/Client Registration' is present

2018-10-12 13:03:16 - [MESSAGE][PASSED] - Object 'Object Repository/Backoffice/Clients/Client Registration' is present

2018-10-12 13:03:16 - [TEST_STEP][PASSED] - click: Object: 'Object Repository/Backoffice/Clients/Client Registration' is clicked on

2018-10-12 13:03:17 - [MESSAGE][PASSED] - Object: 'Object Repository/Backoffice/Clients/Client Registration' is clicked on

2018-10-12 13:03:17 - [TEST_STEP][PASSED] - setText: Text 'aidsact' is set on object 'Object Repository/Backoffice/Clients/Registration/input_username'

2018-10-12 13:03:17 - [MESSAGE][PASSED] - Text 'aidsact' is set on object 'Object Repository/Backoffice/Clients/Registration/input_username'

2018-10-12 13:03:17 - [TEST_STEP][PASSED] - setText: Text '123123' is set on object 'Object Repository/Backoffice/Clients/Registration/input_password'

2018-10-12 13:03:17 - [MESSAGE][PASSED] - Text '123123' is set on object 'Object Repository/Backoffice/Clients/Registration/input_password'

2018-10-12 13:03:17 - [TEST_STEP][PASSED] - setText: Text '123123' is set on object 'Object Repository/Backoffice/Clients/Registration/input_confirmp'

2018-10-12 13:03:17 - [MESSAGE][PASSED] - Text '123123' is set on object 'Object Repository/Backoffice/Clients/Registration/input_confirmp'

2018-10-12 13:03:17 - [TEST_STEP][PASSED] - selectOptionByValue: All options with value 'test' are selected in object 'Object Repository/Backoffice/Clients/Registration/select_operatorcode' 

2018-10-12 13:03:17 - [MESSAGE][PASSED] - All options with value 'test' are selected in object 'Object Repository/Backoffice/Clients/Registration/select_operatorcode' 

2018-10-12 13:03:17 - [TEST_STEP][PASSED] - selectOptionByValue: All options with value '1' are selected in object 'Object Repository/Backoffice/Clients/Registration/select_status' 

2018-10-12 13:03:17 - [MESSAGE][PASSED] - All options with value '1' are selected in object 'Object Repository/Backoffice/Clients/Registration/select_status' 

2018-10-12 13:03:17 - [TEST_STEP][PASSED] - delay: Delayed 2 second(s)

2018-10-12 13:03:19 - [MESSAGE][PASSED] - Delayed 2 second(s)

2018-10-12 13:03:19 - [TEST_STEP][PASSED] - click: Object: 'Object Repository/Backoffice/Clients/Registration/button_Submit' is clicked on

2018-10-12 13:03:20 - [MESSAGE][PASSED] - Object: 'Object Repository/Backoffice/Clients/Registration/button_Submit' is clicked on

2018-10-12 13:03:20 - [TEST_STEP][PASSED] - delay: Delayed 2 second(s)

2018-10-12 13:03:22 - [MESSAGE][PASSED] - Delayed 2 second(s)]]></system-out>
         <system-err><![CDATA[]]></system-err>
      </testcase>
      <testcase name="Test Cases/Backoffice/RegisterAccount" classname="Test Cases/Backoffice/RegisterAccount" status="PASSED">
         <system-out><![CDATA[2018-10-12 13:03:22 - [TEST_CASE][PASSED] - Test Cases/Backoffice/RegisterAccount: Test Cases/Backoffice/RegisterAccount

2018-10-12 13:03:22 - [TEST_STEP][PASSED] - focus: Object: 'Object Repository/Backoffice/Clients/Clients' is focused

2018-10-12 13:03:22 - [MESSAGE][PASSED] - Object: 'Object Repository/Backoffice/Clients/Clients' is focused

2018-10-12 13:03:22 - [TEST_STEP][PASSED] - verifyElementPresent: Object 'Object Repository/Backoffice/Clients/Client Registration' is present

2018-10-12 13:03:22 - [MESSAGE][PASSED] - Object 'Object Repository/Backoffice/Clients/Client Registration' is present

2018-10-12 13:03:22 - [TEST_STEP][PASSED] - click: Object: 'Object Repository/Backoffice/Clients/Client Registration' is clicked on

2018-10-12 13:03:23 - [MESSAGE][PASSED] - Object: 'Object Repository/Backoffice/Clients/Client Registration' is clicked on

2018-10-12 13:03:23 - [TEST_STEP][PASSED] - setText: Text 'appleapogee' is set on object 'Object Repository/Backoffice/Clients/Registration/input_username'

2018-10-12 13:03:23 - [MESSAGE][PASSED] - Text 'appleapogee' is set on object 'Object Repository/Backoffice/Clients/Registration/input_username'

2018-10-12 13:03:23 - [TEST_STEP][PASSED] - setText: Text '123123' is set on object 'Object Repository/Backoffice/Clients/Registration/input_password'

2018-10-12 13:03:23 - [MESSAGE][PASSED] - Text '123123' is set on object 'Object Repository/Backoffice/Clients/Registration/input_password'

2018-10-12 13:03:23 - [TEST_STEP][PASSED] - setText: Text '123123' is set on object 'Object Repository/Backoffice/Clients/Registration/input_confirmp'

2018-10-12 13:03:24 - [MESSAGE][PASSED] - Text '123123' is set on object 'Object Repository/Backoffice/Clients/Registration/input_confirmp'

2018-10-12 13:03:24 - [TEST_STEP][PASSED] - selectOptionByValue: All options with value 'test' are selected in object 'Object Repository/Backoffice/Clients/Registration/select_operatorcode' 

2018-10-12 13:03:24 - [MESSAGE][PASSED] - All options with value 'test' are selected in object 'Object Repository/Backoffice/Clients/Registration/select_operatorcode' 

2018-10-12 13:03:24 - [TEST_STEP][PASSED] - selectOptionByValue: All options with value '1' are selected in object 'Object Repository/Backoffice/Clients/Registration/select_status' 

2018-10-12 13:03:24 - [MESSAGE][PASSED] - All options with value '1' are selected in object 'Object Repository/Backoffice/Clients/Registration/select_status' 

2018-10-12 13:03:24 - [TEST_STEP][PASSED] - delay: Delayed 2 second(s)

2018-10-12 13:03:26 - [MESSAGE][PASSED] - Delayed 2 second(s)

2018-10-12 13:03:26 - [TEST_STEP][PASSED] - click: Object: 'Object Repository/Backoffice/Clients/Registration/button_Submit' is clicked on

2018-10-12 13:03:27 - [MESSAGE][PASSED] - Object: 'Object Repository/Backoffice/Clients/Registration/button_Submit' is clicked on

2018-10-12 13:03:27 - [TEST_STEP][PASSED] - delay: Delayed 2 second(s)

2018-10-12 13:03:29 - [MESSAGE][PASSED] - Delayed 2 second(s)]]></system-out>
         <system-err><![CDATA[]]></system-err>
      </testcase>
      <testcase name="Test Cases/Backoffice/RegisterAccount" classname="Test Cases/Backoffice/RegisterAccount" status="PASSED">
         <system-out><![CDATA[2018-10-12 13:03:29 - [TEST_CASE][PASSED] - Test Cases/Backoffice/RegisterAccount: Test Cases/Backoffice/RegisterAccount

2018-10-12 13:03:29 - [TEST_STEP][PASSED] - focus: Object: 'Object Repository/Backoffice/Clients/Clients' is focused

2018-10-12 13:03:29 - [MESSAGE][PASSED] - Object: 'Object Repository/Backoffice/Clients/Clients' is focused

2018-10-12 13:03:29 - [TEST_STEP][PASSED] - verifyElementPresent: Object 'Object Repository/Backoffice/Clients/Client Registration' is present

2018-10-12 13:03:29 - [MESSAGE][PASSED] - Object 'Object Repository/Backoffice/Clients/Client Registration' is present

2018-10-12 13:03:29 - [TEST_STEP][PASSED] - click: Object: 'Object Repository/Backoffice/Clients/Client Registration' is clicked on

2018-10-12 13:03:29 - [MESSAGE][PASSED] - Object: 'Object Repository/Backoffice/Clients/Client Registration' is clicked on

2018-10-12 13:03:29 - [TEST_STEP][PASSED] - setText: Text 'anxietyaries' is set on object 'Object Repository/Backoffice/Clients/Registration/input_username'

2018-10-12 13:03:30 - [MESSAGE][PASSED] - Text 'anxietyaries' is set on object 'Object Repository/Backoffice/Clients/Registration/input_username'

2018-10-12 13:03:30 - [TEST_STEP][PASSED] - setText: Text '123123' is set on object 'Object Repository/Backoffice/Clients/Registration/input_password'

2018-10-12 13:03:30 - [MESSAGE][PASSED] - Text '123123' is set on object 'Object Repository/Backoffice/Clients/Registration/input_password'

2018-10-12 13:03:30 - [TEST_STEP][PASSED] - setText: Text '123123' is set on object 'Object Repository/Backoffice/Clients/Registration/input_confirmp'

2018-10-12 13:03:30 - [MESSAGE][PASSED] - Text '123123' is set on object 'Object Repository/Backoffice/Clients/Registration/input_confirmp'

2018-10-12 13:03:30 - [TEST_STEP][PASSED] - selectOptionByValue: All options with value 'test' are selected in object 'Object Repository/Backoffice/Clients/Registration/select_operatorcode' 

2018-10-12 13:03:30 - [MESSAGE][PASSED] - All options with value 'test' are selected in object 'Object Repository/Backoffice/Clients/Registration/select_operatorcode' 

2018-10-12 13:03:30 - [TEST_STEP][PASSED] - selectOptionByValue: All options with value '1' are selected in object 'Object Repository/Backoffice/Clients/Registration/select_status' 

2018-10-12 13:03:30 - [MESSAGE][PASSED] - All options with value '1' are selected in object 'Object Repository/Backoffice/Clients/Registration/select_status' 

2018-10-12 13:03:30 - [TEST_STEP][PASSED] - delay: Delayed 2 second(s)

2018-10-12 13:03:32 - [MESSAGE][PASSED] - Delayed 2 second(s)

2018-10-12 13:03:32 - [TEST_STEP][PASSED] - click: Object: 'Object Repository/Backoffice/Clients/Registration/button_Submit' is clicked on

2018-10-12 13:03:33 - [MESSAGE][PASSED] - Object: 'Object Repository/Backoffice/Clients/Registration/button_Submit' is clicked on

2018-10-12 13:03:33 - [TEST_STEP][PASSED] - delay: Delayed 2 second(s)

2018-10-12 13:03:35 - [MESSAGE][PASSED] - Delayed 2 second(s)]]></system-out>
         <system-err><![CDATA[]]></system-err>
      </testcase>
      <testcase name="Test Cases/Backoffice/RegisterAccount" classname="Test Cases/Backoffice/RegisterAccount" status="PASSED">
         <system-out><![CDATA[2018-10-12 13:03:35 - [TEST_CASE][PASSED] - Test Cases/Backoffice/RegisterAccount: Test Cases/Backoffice/RegisterAccount

2018-10-12 13:03:35 - [TEST_STEP][PASSED] - focus: Object: 'Object Repository/Backoffice/Clients/Clients' is focused

2018-10-12 13:03:35 - [MESSAGE][PASSED] - Object: 'Object Repository/Backoffice/Clients/Clients' is focused

2018-10-12 13:03:35 - [TEST_STEP][PASSED] - verifyElementPresent: Object 'Object Repository/Backoffice/Clients/Client Registration' is present

2018-10-12 13:03:35 - [MESSAGE][PASSED] - Object 'Object Repository/Backoffice/Clients/Client Registration' is present

2018-10-12 13:03:35 - [TEST_STEP][PASSED] - click: Object: 'Object Repository/Backoffice/Clients/Client Registration' is clicked on

2018-10-12 13:03:36 - [MESSAGE][PASSED] - Object: 'Object Repository/Backoffice/Clients/Client Registration' is clicked on

2018-10-12 13:03:36 - [TEST_STEP][PASSED] - setText: Text 'alkaliafrican' is set on object 'Object Repository/Backoffice/Clients/Registration/input_username'

2018-10-12 13:03:36 - [MESSAGE][PASSED] - Text 'alkaliafrican' is set on object 'Object Repository/Backoffice/Clients/Registration/input_username'

2018-10-12 13:03:36 - [TEST_STEP][PASSED] - setText: Text '123123' is set on object 'Object Repository/Backoffice/Clients/Registration/input_password'

2018-10-12 13:03:36 - [MESSAGE][PASSED] - Text '123123' is set on object 'Object Repository/Backoffice/Clients/Registration/input_password'

2018-10-12 13:03:36 - [TEST_STEP][PASSED] - setText: Text '123123' is set on object 'Object Repository/Backoffice/Clients/Registration/input_confirmp'

2018-10-12 13:03:36 - [MESSAGE][PASSED] - Text '123123' is set on object 'Object Repository/Backoffice/Clients/Registration/input_confirmp'

2018-10-12 13:03:36 - [TEST_STEP][PASSED] - selectOptionByValue: All options with value 'test' are selected in object 'Object Repository/Backoffice/Clients/Registration/select_operatorcode' 

2018-10-12 13:03:37 - [MESSAGE][PASSED] - All options with value 'test' are selected in object 'Object Repository/Backoffice/Clients/Registration/select_operatorcode' 

2018-10-12 13:03:37 - [TEST_STEP][PASSED] - selectOptionByValue: All options with value '1' are selected in object 'Object Repository/Backoffice/Clients/Registration/select_status' 

2018-10-12 13:03:37 - [MESSAGE][PASSED] - All options with value '1' are selected in object 'Object Repository/Backoffice/Clients/Registration/select_status' 

2018-10-12 13:03:37 - [TEST_STEP][PASSED] - delay: Delayed 2 second(s)

2018-10-12 13:03:39 - [MESSAGE][PASSED] - Delayed 2 second(s)

2018-10-12 13:03:39 - [TEST_STEP][PASSED] - click: Object: 'Object Repository/Backoffice/Clients/Registration/button_Submit' is clicked on

2018-10-12 13:03:40 - [MESSAGE][PASSED] - Object: 'Object Repository/Backoffice/Clients/Registration/button_Submit' is clicked on

2018-10-12 13:03:40 - [TEST_STEP][PASSED] - delay: Delayed 2 second(s)

2018-10-12 13:03:42 - [MESSAGE][PASSED] - Delayed 2 second(s)]]></system-out>
         <system-err><![CDATA[]]></system-err>
      </testcase>
      <testcase name="Test Cases/Backoffice/RegisterAccount" classname="Test Cases/Backoffice/RegisterAccount" status="PASSED">
         <system-out><![CDATA[2018-10-12 13:03:42 - [TEST_CASE][PASSED] - Test Cases/Backoffice/RegisterAccount: Test Cases/Backoffice/RegisterAccount

2018-10-12 13:03:42 - [TEST_STEP][PASSED] - focus: Object: 'Object Repository/Backoffice/Clients/Clients' is focused

2018-10-12 13:03:42 - [MESSAGE][PASSED] - Object: 'Object Repository/Backoffice/Clients/Clients' is focused

2018-10-12 13:03:42 - [TEST_STEP][PASSED] - verifyElementPresent: Object 'Object Repository/Backoffice/Clients/Client Registration' is present

2018-10-12 13:03:42 - [MESSAGE][PASSED] - Object 'Object Repository/Backoffice/Clients/Client Registration' is present

2018-10-12 13:03:42 - [TEST_STEP][PASSED] - click: Object: 'Object Repository/Backoffice/Clients/Client Registration' is clicked on

2018-10-12 13:03:42 - [MESSAGE][PASSED] - Object: 'Object Repository/Backoffice/Clients/Client Registration' is clicked on

2018-10-12 13:03:42 - [TEST_STEP][PASSED] - setText: Text 'adoptaxel' is set on object 'Object Repository/Backoffice/Clients/Registration/input_username'

2018-10-12 13:03:42 - [MESSAGE][PASSED] - Text 'adoptaxel' is set on object 'Object Repository/Backoffice/Clients/Registration/input_username'

2018-10-12 13:03:42 - [TEST_STEP][PASSED] - setText: Text '123123' is set on object 'Object Repository/Backoffice/Clients/Registration/input_password'

2018-10-12 13:03:43 - [MESSAGE][PASSED] - Text '123123' is set on object 'Object Repository/Backoffice/Clients/Registration/input_password'

2018-10-12 13:03:43 - [TEST_STEP][PASSED] - setText: Text '123123' is set on object 'Object Repository/Backoffice/Clients/Registration/input_confirmp'

2018-10-12 13:03:43 - [MESSAGE][PASSED] - Text '123123' is set on object 'Object Repository/Backoffice/Clients/Registration/input_confirmp'

2018-10-12 13:03:43 - [TEST_STEP][PASSED] - selectOptionByValue: All options with value 'test' are selected in object 'Object Repository/Backoffice/Clients/Registration/select_operatorcode' 

2018-10-12 13:03:43 - [MESSAGE][PASSED] - All options with value 'test' are selected in object 'Object Repository/Backoffice/Clients/Registration/select_operatorcode' 

2018-10-12 13:03:43 - [TEST_STEP][PASSED] - selectOptionByValue: All options with value '1' are selected in object 'Object Repository/Backoffice/Clients/Registration/select_status' 

2018-10-12 13:03:43 - [MESSAGE][PASSED] - All options with value '1' are selected in object 'Object Repository/Backoffice/Clients/Registration/select_status' 

2018-10-12 13:03:43 - [TEST_STEP][PASSED] - delay: Delayed 2 second(s)

2018-10-12 13:03:45 - [MESSAGE][PASSED] - Delayed 2 second(s)

2018-10-12 13:03:45 - [TEST_STEP][PASSED] - click: Object: 'Object Repository/Backoffice/Clients/Registration/button_Submit' is clicked on

2018-10-12 13:03:46 - [MESSAGE][PASSED] - Object: 'Object Repository/Backoffice/Clients/Registration/button_Submit' is clicked on

2018-10-12 13:03:46 - [TEST_STEP][PASSED] - delay: Delayed 2 second(s)

2018-10-12 13:03:48 - [MESSAGE][PASSED] - Delayed 2 second(s)]]></system-out>
         <system-err><![CDATA[]]></system-err>
      </testcase>
      <testcase name="Test Cases/Backoffice/RegisterAccount" classname="Test Cases/Backoffice/RegisterAccount" status="PASSED">
         <system-out><![CDATA[2018-10-12 13:03:48 - [TEST_CASE][PASSED] - Test Cases/Backoffice/RegisterAccount: Test Cases/Backoffice/RegisterAccount

2018-10-12 13:03:48 - [TEST_STEP][PASSED] - focus: Object: 'Object Repository/Backoffice/Clients/Clients' is focused

2018-10-12 13:03:48 - [MESSAGE][PASSED] - Object: 'Object Repository/Backoffice/Clients/Clients' is focused

2018-10-12 13:03:48 - [TEST_STEP][PASSED] - verifyElementPresent: Object 'Object Repository/Backoffice/Clients/Client Registration' is present

2018-10-12 13:03:48 - [MESSAGE][PASSED] - Object 'Object Repository/Backoffice/Clients/Client Registration' is present

2018-10-12 13:03:48 - [TEST_STEP][PASSED] - click: Object: 'Object Repository/Backoffice/Clients/Client Registration' is clicked on

2018-10-12 13:03:49 - [MESSAGE][PASSED] - Object: 'Object Repository/Backoffice/Clients/Client Registration' is clicked on

2018-10-12 13:03:49 - [TEST_STEP][PASSED] - setText: Text 'antigravityadmin' is set on object 'Object Repository/Backoffice/Clients/Registration/input_username'

2018-10-12 13:03:49 - [MESSAGE][PASSED] - Text 'antigravityadmin' is set on object 'Object Repository/Backoffice/Clients/Registration/input_username'

2018-10-12 13:03:49 - [TEST_STEP][PASSED] - setText: Text '123123' is set on object 'Object Repository/Backoffice/Clients/Registration/input_password'

2018-10-12 13:03:49 - [MESSAGE][PASSED] - Text '123123' is set on object 'Object Repository/Backoffice/Clients/Registration/input_password'

2018-10-12 13:03:49 - [TEST_STEP][PASSED] - setText: Text '123123' is set on object 'Object Repository/Backoffice/Clients/Registration/input_confirmp'

2018-10-12 13:03:49 - [MESSAGE][PASSED] - Text '123123' is set on object 'Object Repository/Backoffice/Clients/Registration/input_confirmp'

2018-10-12 13:03:49 - [TEST_STEP][PASSED] - selectOptionByValue: All options with value 'test' are selected in object 'Object Repository/Backoffice/Clients/Registration/select_operatorcode' 

2018-10-12 13:03:49 - [MESSAGE][PASSED] - All options with value 'test' are selected in object 'Object Repository/Backoffice/Clients/Registration/select_operatorcode' 

2018-10-12 13:03:49 - [TEST_STEP][PASSED] - selectOptionByValue: All options with value '1' are selected in object 'Object Repository/Backoffice/Clients/Registration/select_status' 

2018-10-12 13:03:50 - [MESSAGE][PASSED] - All options with value '1' are selected in object 'Object Repository/Backoffice/Clients/Registration/select_status' 

2018-10-12 13:03:50 - [TEST_STEP][PASSED] - delay: Delayed 2 second(s)

2018-10-12 13:03:52 - [MESSAGE][PASSED] - Delayed 2 second(s)

2018-10-12 13:03:52 - [TEST_STEP][PASSED] - click: Object: 'Object Repository/Backoffice/Clients/Registration/button_Submit' is clicked on

2018-10-12 13:03:52 - [MESSAGE][PASSED] - Object: 'Object Repository/Backoffice/Clients/Registration/button_Submit' is clicked on

2018-10-12 13:03:52 - [TEST_STEP][PASSED] - delay: Delayed 2 second(s)

2018-10-12 13:03:54 - [MESSAGE][PASSED] - Delayed 2 second(s)]]></system-out>
         <system-err><![CDATA[]]></system-err>
      </testcase>
      <testcase name="Test Cases/Backoffice/RegisterAccount" classname="Test Cases/Backoffice/RegisterAccount" status="PASSED">
         <system-out><![CDATA[2018-10-12 13:03:54 - [TEST_CASE][PASSED] - Test Cases/Backoffice/RegisterAccount: Test Cases/Backoffice/RegisterAccount

2018-10-12 13:03:54 - [TEST_STEP][PASSED] - focus: Object: 'Object Repository/Backoffice/Clients/Clients' is focused

2018-10-12 13:03:54 - [MESSAGE][PASSED] - Object: 'Object Repository/Backoffice/Clients/Clients' is focused

2018-10-12 13:03:54 - [TEST_STEP][PASSED] - verifyElementPresent: Object 'Object Repository/Backoffice/Clients/Client Registration' is present

2018-10-12 13:03:54 - [MESSAGE][PASSED] - Object 'Object Repository/Backoffice/Clients/Client Registration' is present

2018-10-12 13:03:54 - [TEST_STEP][PASSED] - click: Object: 'Object Repository/Backoffice/Clients/Client Registration' is clicked on

2018-10-12 13:03:55 - [MESSAGE][PASSED] - Object: 'Object Repository/Backoffice/Clients/Client Registration' is clicked on

2018-10-12 13:03:55 - [TEST_STEP][PASSED] - setText: Text 'ampereappear' is set on object 'Object Repository/Backoffice/Clients/Registration/input_username'

2018-10-12 13:03:55 - [MESSAGE][PASSED] - Text 'ampereappear' is set on object 'Object Repository/Backoffice/Clients/Registration/input_username'

2018-10-12 13:03:55 - [TEST_STEP][PASSED] - setText: Text '123123' is set on object 'Object Repository/Backoffice/Clients/Registration/input_password'

2018-10-12 13:03:55 - [MESSAGE][PASSED] - Text '123123' is set on object 'Object Repository/Backoffice/Clients/Registration/input_password'

2018-10-12 13:03:55 - [TEST_STEP][PASSED] - setText: Text '123123' is set on object 'Object Repository/Backoffice/Clients/Registration/input_confirmp'

2018-10-12 13:03:55 - [MESSAGE][PASSED] - Text '123123' is set on object 'Object Repository/Backoffice/Clients/Registration/input_confirmp'

2018-10-12 13:03:55 - [TEST_STEP][PASSED] - selectOptionByValue: All options with value 'test' are selected in object 'Object Repository/Backoffice/Clients/Registration/select_operatorcode' 

2018-10-12 13:03:55 - [MESSAGE][PASSED] - All options with value 'test' are selected in object 'Object Repository/Backoffice/Clients/Registration/select_operatorcode' 

2018-10-12 13:03:55 - [TEST_STEP][PASSED] - selectOptionByValue: All options with value '1' are selected in object 'Object Repository/Backoffice/Clients/Registration/select_status' 

2018-10-12 13:03:56 - [MESSAGE][PASSED] - All options with value '1' are selected in object 'Object Repository/Backoffice/Clients/Registration/select_status' 

2018-10-12 13:03:56 - [TEST_STEP][PASSED] - delay: Delayed 2 second(s)

2018-10-12 13:03:58 - [MESSAGE][PASSED] - Delayed 2 second(s)

2018-10-12 13:03:58 - [TEST_STEP][PASSED] - click: Object: 'Object Repository/Backoffice/Clients/Registration/button_Submit' is clicked on

2018-10-12 13:03:59 - [MESSAGE][PASSED] - Object: 'Object Repository/Backoffice/Clients/Registration/button_Submit' is clicked on

2018-10-12 13:03:59 - [TEST_STEP][PASSED] - delay: Delayed 2 second(s)

2018-10-12 13:04:01 - [MESSAGE][PASSED] - Delayed 2 second(s)]]></system-out>
         <system-err><![CDATA[]]></system-err>
      </testcase>
      <testcase name="Test Cases/Backoffice/RegisterAccount" classname="Test Cases/Backoffice/RegisterAccount" status="PASSED">
         <system-out><![CDATA[2018-10-12 13:04:01 - [TEST_CASE][PASSED] - Test Cases/Backoffice/RegisterAccount: Test Cases/Backoffice/RegisterAccount

2018-10-12 13:04:01 - [TEST_STEP][PASSED] - focus: Object: 'Object Repository/Backoffice/Clients/Clients' is focused

2018-10-12 13:04:01 - [MESSAGE][PASSED] - Object: 'Object Repository/Backoffice/Clients/Clients' is focused

2018-10-12 13:04:01 - [TEST_STEP][PASSED] - verifyElementPresent: Object 'Object Repository/Backoffice/Clients/Client Registration' is present

2018-10-12 13:04:01 - [MESSAGE][PASSED] - Object 'Object Repository/Backoffice/Clients/Client Registration' is present

2018-10-12 13:04:01 - [TEST_STEP][PASSED] - click: Object: 'Object Repository/Backoffice/Clients/Client Registration' is clicked on

2018-10-12 13:04:01 - [MESSAGE][PASSED] - Object: 'Object Repository/Backoffice/Clients/Client Registration' is clicked on

2018-10-12 13:04:01 - [TEST_STEP][PASSED] - setText: Text 'avowactivation' is set on object 'Object Repository/Backoffice/Clients/Registration/input_username'

2018-10-12 13:04:01 - [MESSAGE][PASSED] - Text 'avowactivation' is set on object 'Object Repository/Backoffice/Clients/Registration/input_username'

2018-10-12 13:04:01 - [TEST_STEP][PASSED] - setText: Text '123123' is set on object 'Object Repository/Backoffice/Clients/Registration/input_password'

2018-10-12 13:04:02 - [MESSAGE][PASSED] - Text '123123' is set on object 'Object Repository/Backoffice/Clients/Registration/input_password'

2018-10-12 13:04:02 - [TEST_STEP][PASSED] - setText: Text '123123' is set on object 'Object Repository/Backoffice/Clients/Registration/input_confirmp'

2018-10-12 13:04:02 - [MESSAGE][PASSED] - Text '123123' is set on object 'Object Repository/Backoffice/Clients/Registration/input_confirmp'

2018-10-12 13:04:02 - [TEST_STEP][PASSED] - selectOptionByValue: All options with value 'test' are selected in object 'Object Repository/Backoffice/Clients/Registration/select_operatorcode' 

2018-10-12 13:04:02 - [MESSAGE][PASSED] - All options with value 'test' are selected in object 'Object Repository/Backoffice/Clients/Registration/select_operatorcode' 

2018-10-12 13:04:02 - [TEST_STEP][PASSED] - selectOptionByValue: All options with value '1' are selected in object 'Object Repository/Backoffice/Clients/Registration/select_status' 

2018-10-12 13:04:02 - [MESSAGE][PASSED] - All options with value '1' are selected in object 'Object Repository/Backoffice/Clients/Registration/select_status' 

2018-10-12 13:04:02 - [TEST_STEP][PASSED] - delay: Delayed 2 second(s)

2018-10-12 13:04:04 - [MESSAGE][PASSED] - Delayed 2 second(s)

2018-10-12 13:04:04 - [TEST_STEP][PASSED] - click: Object: 'Object Repository/Backoffice/Clients/Registration/button_Submit' is clicked on

2018-10-12 13:04:05 - [MESSAGE][PASSED] - Object: 'Object Repository/Backoffice/Clients/Registration/button_Submit' is clicked on

2018-10-12 13:04:05 - [TEST_STEP][PASSED] - delay: Delayed 2 second(s)

2018-10-12 13:04:07 - [MESSAGE][PASSED] - Delayed 2 second(s)]]></system-out>
         <system-err><![CDATA[]]></system-err>
      </testcase>
      <testcase name="Test Cases/Backoffice/RegisterAccount" classname="Test Cases/Backoffice/RegisterAccount" status="PASSED">
         <system-out><![CDATA[2018-10-12 13:04:07 - [TEST_CASE][PASSED] - Test Cases/Backoffice/RegisterAccount: Test Cases/Backoffice/RegisterAccount

2018-10-12 13:04:07 - [TEST_STEP][PASSED] - focus: Object: 'Object Repository/Backoffice/Clients/Clients' is focused

2018-10-12 13:04:07 - [MESSAGE][PASSED] - Object: 'Object Repository/Backoffice/Clients/Clients' is focused

2018-10-12 13:04:07 - [TEST_STEP][PASSED] - verifyElementPresent: Object 'Object Repository/Backoffice/Clients/Client Registration' is present

2018-10-12 13:04:07 - [MESSAGE][PASSED] - Object 'Object Repository/Backoffice/Clients/Client Registration' is present

2018-10-12 13:04:07 - [TEST_STEP][PASSED] - click: Object: 'Object Repository/Backoffice/Clients/Client Registration' is clicked on

2018-10-12 13:04:08 - [MESSAGE][PASSED] - Object: 'Object Repository/Backoffice/Clients/Client Registration' is clicked on

2018-10-12 13:04:08 - [TEST_STEP][PASSED] - setText: Text 'ashacrid' is set on object 'Object Repository/Backoffice/Clients/Registration/input_username'

2018-10-12 13:04:08 - [MESSAGE][PASSED] - Text 'ashacrid' is set on object 'Object Repository/Backoffice/Clients/Registration/input_username'

2018-10-12 13:04:08 - [TEST_STEP][PASSED] - setText: Text '123123' is set on object 'Object Repository/Backoffice/Clients/Registration/input_password'

2018-10-12 13:04:08 - [MESSAGE][PASSED] - Text '123123' is set on object 'Object Repository/Backoffice/Clients/Registration/input_password'

2018-10-12 13:04:08 - [TEST_STEP][PASSED] - setText: Text '123123' is set on object 'Object Repository/Backoffice/Clients/Registration/input_confirmp'

2018-10-12 13:04:09 - [MESSAGE][PASSED] - Text '123123' is set on object 'Object Repository/Backoffice/Clients/Registration/input_confirmp'

2018-10-12 13:04:09 - [TEST_STEP][PASSED] - selectOptionByValue: All options with value 'test' are selected in object 'Object Repository/Backoffice/Clients/Registration/select_operatorcode' 

2018-10-12 13:04:09 - [MESSAGE][PASSED] - All options with value 'test' are selected in object 'Object Repository/Backoffice/Clients/Registration/select_operatorcode' 

2018-10-12 13:04:09 - [TEST_STEP][PASSED] - selectOptionByValue: All options with value '1' are selected in object 'Object Repository/Backoffice/Clients/Registration/select_status' 

2018-10-12 13:04:09 - [MESSAGE][PASSED] - All options with value '1' are selected in object 'Object Repository/Backoffice/Clients/Registration/select_status' 

2018-10-12 13:04:09 - [TEST_STEP][PASSED] - delay: Delayed 2 second(s)

2018-10-12 13:04:11 - [MESSAGE][PASSED] - Delayed 2 second(s)

2018-10-12 13:04:11 - [TEST_STEP][PASSED] - click: Object: 'Object Repository/Backoffice/Clients/Registration/button_Submit' is clicked on

2018-10-12 13:04:12 - [MESSAGE][PASSED] - Object: 'Object Repository/Backoffice/Clients/Registration/button_Submit' is clicked on

2018-10-12 13:04:12 - [TEST_STEP][PASSED] - delay: Delayed 2 second(s)

2018-10-12 13:04:14 - [MESSAGE][PASSED] - Delayed 2 second(s)]]></system-out>
         <system-err><![CDATA[]]></system-err>
      </testcase>
      <testcase name="Test Cases/Backoffice/RegisterAccount" classname="Test Cases/Backoffice/RegisterAccount" status="PASSED">
         <system-out><![CDATA[2018-10-12 13:04:14 - [TEST_CASE][PASSED] - Test Cases/Backoffice/RegisterAccount: Test Cases/Backoffice/RegisterAccount

2018-10-12 13:04:14 - [TEST_STEP][PASSED] - focus: Object: 'Object Repository/Backoffice/Clients/Clients' is focused

2018-10-12 13:04:14 - [MESSAGE][PASSED] - Object: 'Object Repository/Backoffice/Clients/Clients' is focused

2018-10-12 13:04:14 - [TEST_STEP][PASSED] - verifyElementPresent: Object 'Object Repository/Backoffice/Clients/Client Registration' is present

2018-10-12 13:04:14 - [MESSAGE][PASSED] - Object 'Object Repository/Backoffice/Clients/Client Registration' is present

2018-10-12 13:04:14 - [TEST_STEP][PASSED] - click: Object: 'Object Repository/Backoffice/Clients/Client Registration' is clicked on

2018-10-12 13:04:15 - [MESSAGE][PASSED] - Object: 'Object Repository/Backoffice/Clients/Client Registration' is clicked on

2018-10-12 13:04:15 - [TEST_STEP][PASSED] - setText: Text 'anatexisafraid' is set on object 'Object Repository/Backoffice/Clients/Registration/input_username'

2018-10-12 13:04:15 - [MESSAGE][PASSED] - Text 'anatexisafraid' is set on object 'Object Repository/Backoffice/Clients/Registration/input_username'

2018-10-12 13:04:15 - [TEST_STEP][PASSED] - setText: Text '123123' is set on object 'Object Repository/Backoffice/Clients/Registration/input_password'

2018-10-12 13:04:15 - [MESSAGE][PASSED] - Text '123123' is set on object 'Object Repository/Backoffice/Clients/Registration/input_password'

2018-10-12 13:04:15 - [TEST_STEP][PASSED] - setText: Text '123123' is set on object 'Object Repository/Backoffice/Clients/Registration/input_confirmp'

2018-10-12 13:04:16 - [MESSAGE][PASSED] - Text '123123' is set on object 'Object Repository/Backoffice/Clients/Registration/input_confirmp'

2018-10-12 13:04:16 - [TEST_STEP][PASSED] - selectOptionByValue: All options with value 'test' are selected in object 'Object Repository/Backoffice/Clients/Registration/select_operatorcode' 

2018-10-12 13:04:16 - [MESSAGE][PASSED] - All options with value 'test' are selected in object 'Object Repository/Backoffice/Clients/Registration/select_operatorcode' 

2018-10-12 13:04:16 - [TEST_STEP][PASSED] - selectOptionByValue: All options with value '1' are selected in object 'Object Repository/Backoffice/Clients/Registration/select_status' 

2018-10-12 13:04:16 - [MESSAGE][PASSED] - All options with value '1' are selected in object 'Object Repository/Backoffice/Clients/Registration/select_status' 

2018-10-12 13:04:16 - [TEST_STEP][PASSED] - delay: Delayed 2 second(s)

2018-10-12 13:04:18 - [MESSAGE][PASSED] - Delayed 2 second(s)

2018-10-12 13:04:18 - [TEST_STEP][PASSED] - click: Object: 'Object Repository/Backoffice/Clients/Registration/button_Submit' is clicked on

2018-10-12 13:04:19 - [MESSAGE][PASSED] - Object: 'Object Repository/Backoffice/Clients/Registration/button_Submit' is clicked on

2018-10-12 13:04:19 - [TEST_STEP][PASSED] - delay: Delayed 2 second(s)

2018-10-12 13:04:21 - [MESSAGE][PASSED] - Delayed 2 second(s)]]></system-out>
         <system-err><![CDATA[]]></system-err>
      </testcase>
      <testcase name="Test Cases/Backoffice/RegisterAccount" classname="Test Cases/Backoffice/RegisterAccount" status="PASSED">
         <system-out><![CDATA[2018-10-12 13:04:21 - [TEST_CASE][PASSED] - Test Cases/Backoffice/RegisterAccount: Test Cases/Backoffice/RegisterAccount

2018-10-12 13:04:21 - [TEST_STEP][PASSED] - focus: Object: 'Object Repository/Backoffice/Clients/Clients' is focused

2018-10-12 13:04:21 - [MESSAGE][PASSED] - Object: 'Object Repository/Backoffice/Clients/Clients' is focused

2018-10-12 13:04:21 - [TEST_STEP][PASSED] - verifyElementPresent: Object 'Object Repository/Backoffice/Clients/Client Registration' is present

2018-10-12 13:04:21 - [MESSAGE][PASSED] - Object 'Object Repository/Backoffice/Clients/Client Registration' is present

2018-10-12 13:04:21 - [TEST_STEP][PASSED] - click: Object: 'Object Repository/Backoffice/Clients/Client Registration' is clicked on

2018-10-12 13:04:22 - [MESSAGE][PASSED] - Object: 'Object Repository/Backoffice/Clients/Client Registration' is clicked on

2018-10-12 13:04:22 - [TEST_STEP][PASSED] - setText: Text 'agoapus' is set on object 'Object Repository/Backoffice/Clients/Registration/input_username'

2018-10-12 13:04:22 - [MESSAGE][PASSED] - Text 'agoapus' is set on object 'Object Repository/Backoffice/Clients/Registration/input_username'

2018-10-12 13:04:22 - [TEST_STEP][PASSED] - setText: Text '123123' is set on object 'Object Repository/Backoffice/Clients/Registration/input_password'

2018-10-12 13:04:22 - [MESSAGE][PASSED] - Text '123123' is set on object 'Object Repository/Backoffice/Clients/Registration/input_password'

2018-10-12 13:04:22 - [TEST_STEP][PASSED] - setText: Text '123123' is set on object 'Object Repository/Backoffice/Clients/Registration/input_confirmp'

2018-10-12 13:04:22 - [MESSAGE][PASSED] - Text '123123' is set on object 'Object Repository/Backoffice/Clients/Registration/input_confirmp'

2018-10-12 13:04:22 - [TEST_STEP][PASSED] - selectOptionByValue: All options with value 'test' are selected in object 'Object Repository/Backoffice/Clients/Registration/select_operatorcode' 

2018-10-12 13:04:22 - [MESSAGE][PASSED] - All options with value 'test' are selected in object 'Object Repository/Backoffice/Clients/Registration/select_operatorcode' 

2018-10-12 13:04:22 - [TEST_STEP][PASSED] - selectOptionByValue: All options with value '1' are selected in object 'Object Repository/Backoffice/Clients/Registration/select_status' 

2018-10-12 13:04:22 - [MESSAGE][PASSED] - All options with value '1' are selected in object 'Object Repository/Backoffice/Clients/Registration/select_status' 

2018-10-12 13:04:22 - [TEST_STEP][PASSED] - delay: Delayed 2 second(s)

2018-10-12 13:04:24 - [MESSAGE][PASSED] - Delayed 2 second(s)

2018-10-12 13:04:24 - [TEST_STEP][PASSED] - click: Object: 'Object Repository/Backoffice/Clients/Registration/button_Submit' is clicked on

2018-10-12 13:04:25 - [MESSAGE][PASSED] - Object: 'Object Repository/Backoffice/Clients/Registration/button_Submit' is clicked on

2018-10-12 13:04:25 - [TEST_STEP][PASSED] - delay: Delayed 2 second(s)

2018-10-12 13:04:27 - [MESSAGE][PASSED] - Delayed 2 second(s)]]></system-out>
         <system-err><![CDATA[]]></system-err>
      </testcase>
      <testcase name="Test Cases/Backoffice/RegisterAccount" classname="Test Cases/Backoffice/RegisterAccount" status="PASSED">
         <system-out><![CDATA[2018-10-12 13:04:27 - [TEST_CASE][PASSED] - Test Cases/Backoffice/RegisterAccount: Test Cases/Backoffice/RegisterAccount

2018-10-12 13:04:27 - [TEST_STEP][PASSED] - focus: Object: 'Object Repository/Backoffice/Clients/Clients' is focused

2018-10-12 13:04:27 - [MESSAGE][PASSED] - Object: 'Object Repository/Backoffice/Clients/Clients' is focused

2018-10-12 13:04:27 - [TEST_STEP][PASSED] - verifyElementPresent: Object 'Object Repository/Backoffice/Clients/Client Registration' is present

2018-10-12 13:04:27 - [MESSAGE][PASSED] - Object 'Object Repository/Backoffice/Clients/Client Registration' is present

2018-10-12 13:04:27 - [TEST_STEP][PASSED] - click: Object: 'Object Repository/Backoffice/Clients/Client Registration' is clicked on

2018-10-12 13:04:28 - [MESSAGE][PASSED] - Object: 'Object Repository/Backoffice/Clients/Client Registration' is clicked on

2018-10-12 13:04:28 - [TEST_STEP][PASSED] - setText: Text 'approacharrival' is set on object 'Object Repository/Backoffice/Clients/Registration/input_username'

2018-10-12 13:04:28 - [MESSAGE][PASSED] - Text 'approacharrival' is set on object 'Object Repository/Backoffice/Clients/Registration/input_username'

2018-10-12 13:04:28 - [TEST_STEP][PASSED] - setText: Text '123123' is set on object 'Object Repository/Backoffice/Clients/Registration/input_password'

2018-10-12 13:04:28 - [MESSAGE][PASSED] - Text '123123' is set on object 'Object Repository/Backoffice/Clients/Registration/input_password'

2018-10-12 13:04:28 - [TEST_STEP][PASSED] - setText: Text '123123' is set on object 'Object Repository/Backoffice/Clients/Registration/input_confirmp'

2018-10-12 13:04:28 - [MESSAGE][PASSED] - Text '123123' is set on object 'Object Repository/Backoffice/Clients/Registration/input_confirmp'

2018-10-12 13:04:28 - [TEST_STEP][PASSED] - selectOptionByValue: All options with value 'test' are selected in object 'Object Repository/Backoffice/Clients/Registration/select_operatorcode' 

2018-10-12 13:04:29 - [MESSAGE][PASSED] - All options with value 'test' are selected in object 'Object Repository/Backoffice/Clients/Registration/select_operatorcode' 

2018-10-12 13:04:29 - [TEST_STEP][PASSED] - selectOptionByValue: All options with value '1' are selected in object 'Object Repository/Backoffice/Clients/Registration/select_status' 

2018-10-12 13:04:29 - [MESSAGE][PASSED] - All options with value '1' are selected in object 'Object Repository/Backoffice/Clients/Registration/select_status' 

2018-10-12 13:04:29 - [TEST_STEP][PASSED] - delay: Delayed 2 second(s)

2018-10-12 13:04:31 - [MESSAGE][PASSED] - Delayed 2 second(s)

2018-10-12 13:04:31 - [TEST_STEP][PASSED] - click: Object: 'Object Repository/Backoffice/Clients/Registration/button_Submit' is clicked on

2018-10-12 13:04:31 - [MESSAGE][PASSED] - Object: 'Object Repository/Backoffice/Clients/Registration/button_Submit' is clicked on

2018-10-12 13:04:31 - [TEST_STEP][PASSED] - delay: Delayed 2 second(s)

2018-10-12 13:04:33 - [MESSAGE][PASSED] - Delayed 2 second(s)]]></system-out>
         <system-err><![CDATA[]]></system-err>
      </testcase>
      <testcase name="Test Cases/Backoffice/RegisterAccount" classname="Test Cases/Backoffice/RegisterAccount" status="PASSED">
         <system-out><![CDATA[2018-10-12 13:04:33 - [TEST_CASE][PASSED] - Test Cases/Backoffice/RegisterAccount: Test Cases/Backoffice/RegisterAccount

2018-10-12 13:04:34 - [TEST_STEP][PASSED] - focus: Object: 'Object Repository/Backoffice/Clients/Clients' is focused

2018-10-12 13:04:34 - [MESSAGE][PASSED] - Object: 'Object Repository/Backoffice/Clients/Clients' is focused

2018-10-12 13:04:34 - [TEST_STEP][PASSED] - verifyElementPresent: Object 'Object Repository/Backoffice/Clients/Client Registration' is present

2018-10-12 13:04:34 - [MESSAGE][PASSED] - Object 'Object Repository/Backoffice/Clients/Client Registration' is present

2018-10-12 13:04:34 - [TEST_STEP][PASSED] - click: Object: 'Object Repository/Backoffice/Clients/Client Registration' is clicked on

2018-10-12 13:04:34 - [MESSAGE][PASSED] - Object: 'Object Repository/Backoffice/Clients/Client Registration' is clicked on

2018-10-12 13:04:34 - [TEST_STEP][PASSED] - setText: Text 'abstractedatlai' is set on object 'Object Repository/Backoffice/Clients/Registration/input_username'

2018-10-12 13:04:34 - [MESSAGE][PASSED] - Text 'abstractedatlai' is set on object 'Object Repository/Backoffice/Clients/Registration/input_username'

2018-10-12 13:04:34 - [TEST_STEP][PASSED] - setText: Text '123123' is set on object 'Object Repository/Backoffice/Clients/Registration/input_password'

2018-10-12 13:04:34 - [MESSAGE][PASSED] - Text '123123' is set on object 'Object Repository/Backoffice/Clients/Registration/input_password'

2018-10-12 13:04:34 - [TEST_STEP][PASSED] - setText: Text '123123' is set on object 'Object Repository/Backoffice/Clients/Registration/input_confirmp'

2018-10-12 13:04:34 - [MESSAGE][PASSED] - Text '123123' is set on object 'Object Repository/Backoffice/Clients/Registration/input_confirmp'

2018-10-12 13:04:34 - [TEST_STEP][PASSED] - selectOptionByValue: All options with value 'test' are selected in object 'Object Repository/Backoffice/Clients/Registration/select_operatorcode' 

2018-10-12 13:04:35 - [MESSAGE][PASSED] - All options with value 'test' are selected in object 'Object Repository/Backoffice/Clients/Registration/select_operatorcode' 

2018-10-12 13:04:35 - [TEST_STEP][PASSED] - selectOptionByValue: All options with value '1' are selected in object 'Object Repository/Backoffice/Clients/Registration/select_status' 

2018-10-12 13:04:35 - [MESSAGE][PASSED] - All options with value '1' are selected in object 'Object Repository/Backoffice/Clients/Registration/select_status' 

2018-10-12 13:04:35 - [TEST_STEP][PASSED] - delay: Delayed 2 second(s)

2018-10-12 13:04:37 - [MESSAGE][PASSED] - Delayed 2 second(s)

2018-10-12 13:04:37 - [TEST_STEP][PASSED] - click: Object: 'Object Repository/Backoffice/Clients/Registration/button_Submit' is clicked on

2018-10-12 13:04:38 - [MESSAGE][PASSED] - Object: 'Object Repository/Backoffice/Clients/Registration/button_Submit' is clicked on

2018-10-12 13:04:38 - [TEST_STEP][PASSED] - delay: Delayed 2 second(s)

2018-10-12 13:04:40 - [MESSAGE][PASSED] - Delayed 2 second(s)]]></system-out>
         <system-err><![CDATA[]]></system-err>
      </testcase>
      <testcase name="Test Cases/Backoffice/RegisterAccount" classname="Test Cases/Backoffice/RegisterAccount" status="PASSED">
         <system-out><![CDATA[2018-10-12 13:04:40 - [TEST_CASE][PASSED] - Test Cases/Backoffice/RegisterAccount: Test Cases/Backoffice/RegisterAccount

2018-10-12 13:04:40 - [TEST_STEP][PASSED] - focus: Object: 'Object Repository/Backoffice/Clients/Clients' is focused

2018-10-12 13:04:40 - [MESSAGE][PASSED] - Object: 'Object Repository/Backoffice/Clients/Clients' is focused

2018-10-12 13:04:40 - [TEST_STEP][PASSED] - verifyElementPresent: Object 'Object Repository/Backoffice/Clients/Client Registration' is present

2018-10-12 13:04:40 - [MESSAGE][PASSED] - Object 'Object Repository/Backoffice/Clients/Client Registration' is present

2018-10-12 13:04:40 - [TEST_STEP][PASSED] - click: Object: 'Object Repository/Backoffice/Clients/Client Registration' is clicked on

2018-10-12 13:04:41 - [MESSAGE][PASSED] - Object: 'Object Repository/Backoffice/Clients/Client Registration' is clicked on

2018-10-12 13:04:41 - [TEST_STEP][PASSED] - setText: Text 'allianzarrochar' is set on object 'Object Repository/Backoffice/Clients/Registration/input_username'

2018-10-12 13:04:41 - [MESSAGE][PASSED] - Text 'allianzarrochar' is set on object 'Object Repository/Backoffice/Clients/Registration/input_username'

2018-10-12 13:04:41 - [TEST_STEP][PASSED] - setText: Text '123123' is set on object 'Object Repository/Backoffice/Clients/Registration/input_password'

2018-10-12 13:04:41 - [MESSAGE][PASSED] - Text '123123' is set on object 'Object Repository/Backoffice/Clients/Registration/input_password'

2018-10-12 13:04:41 - [TEST_STEP][PASSED] - setText: Text '123123' is set on object 'Object Repository/Backoffice/Clients/Registration/input_confirmp'

2018-10-12 13:04:41 - [MESSAGE][PASSED] - Text '123123' is set on object 'Object Repository/Backoffice/Clients/Registration/input_confirmp'

2018-10-12 13:04:41 - [TEST_STEP][PASSED] - selectOptionByValue: All options with value 'test' are selected in object 'Object Repository/Backoffice/Clients/Registration/select_operatorcode' 

2018-10-12 13:04:41 - [MESSAGE][PASSED] - All options with value 'test' are selected in object 'Object Repository/Backoffice/Clients/Registration/select_operatorcode' 

2018-10-12 13:04:41 - [TEST_STEP][PASSED] - selectOptionByValue: All options with value '1' are selected in object 'Object Repository/Backoffice/Clients/Registration/select_status' 

2018-10-12 13:04:41 - [MESSAGE][PASSED] - All options with value '1' are selected in object 'Object Repository/Backoffice/Clients/Registration/select_status' 

2018-10-12 13:04:41 - [TEST_STEP][PASSED] - delay: Delayed 2 second(s)

2018-10-12 13:04:43 - [MESSAGE][PASSED] - Delayed 2 second(s)

2018-10-12 13:04:43 - [TEST_STEP][PASSED] - click: Object: 'Object Repository/Backoffice/Clients/Registration/button_Submit' is clicked on

2018-10-12 13:04:44 - [MESSAGE][PASSED] - Object: 'Object Repository/Backoffice/Clients/Registration/button_Submit' is clicked on

2018-10-12 13:04:44 - [TEST_STEP][PASSED] - delay: Delayed 2 second(s)

2018-10-12 13:04:46 - [MESSAGE][PASSED] - Delayed 2 second(s)]]></system-out>
         <system-err><![CDATA[]]></system-err>
      </testcase>
      <testcase name="Test Cases/Backoffice/RegisterAccount" classname="Test Cases/Backoffice/RegisterAccount" status="PASSED">
         <system-out><![CDATA[2018-10-12 13:04:46 - [TEST_CASE][PASSED] - Test Cases/Backoffice/RegisterAccount: Test Cases/Backoffice/RegisterAccount

2018-10-12 13:04:46 - [TEST_STEP][PASSED] - focus: Object: 'Object Repository/Backoffice/Clients/Clients' is focused

2018-10-12 13:04:46 - [MESSAGE][PASSED] - Object: 'Object Repository/Backoffice/Clients/Clients' is focused

2018-10-12 13:04:46 - [TEST_STEP][PASSED] - verifyElementPresent: Object 'Object Repository/Backoffice/Clients/Client Registration' is present

2018-10-12 13:04:46 - [MESSAGE][PASSED] - Object 'Object Repository/Backoffice/Clients/Client Registration' is present

2018-10-12 13:04:46 - [TEST_STEP][PASSED] - click: Object: 'Object Repository/Backoffice/Clients/Client Registration' is clicked on

2018-10-12 13:04:47 - [MESSAGE][PASSED] - Object: 'Object Repository/Backoffice/Clients/Client Registration' is clicked on

2018-10-12 13:04:47 - [TEST_STEP][PASSED] - setText: Text 'aldabaranaphanic' is set on object 'Object Repository/Backoffice/Clients/Registration/input_username'

2018-10-12 13:04:47 - [MESSAGE][PASSED] - Text 'aldabaranaphanic' is set on object 'Object Repository/Backoffice/Clients/Registration/input_username'

2018-10-12 13:04:47 - [TEST_STEP][PASSED] - setText: Text '123123' is set on object 'Object Repository/Backoffice/Clients/Registration/input_password'

2018-10-12 13:04:47 - [MESSAGE][PASSED] - Text '123123' is set on object 'Object Repository/Backoffice/Clients/Registration/input_password'

2018-10-12 13:04:47 - [TEST_STEP][PASSED] - setText: Text '123123' is set on object 'Object Repository/Backoffice/Clients/Registration/input_confirmp'

2018-10-12 13:04:47 - [MESSAGE][PASSED] - Text '123123' is set on object 'Object Repository/Backoffice/Clients/Registration/input_confirmp'

2018-10-12 13:04:47 - [TEST_STEP][PASSED] - selectOptionByValue: All options with value 'test' are selected in object 'Object Repository/Backoffice/Clients/Registration/select_operatorcode' 

2018-10-12 13:04:47 - [MESSAGE][PASSED] - All options with value 'test' are selected in object 'Object Repository/Backoffice/Clients/Registration/select_operatorcode' 

2018-10-12 13:04:47 - [TEST_STEP][PASSED] - selectOptionByValue: All options with value '1' are selected in object 'Object Repository/Backoffice/Clients/Registration/select_status' 

2018-10-12 13:04:47 - [MESSAGE][PASSED] - All options with value '1' are selected in object 'Object Repository/Backoffice/Clients/Registration/select_status' 

2018-10-12 13:04:47 - [TEST_STEP][PASSED] - delay: Delayed 2 second(s)

2018-10-12 13:04:49 - [MESSAGE][PASSED] - Delayed 2 second(s)

2018-10-12 13:04:49 - [TEST_STEP][PASSED] - click: Object: 'Object Repository/Backoffice/Clients/Registration/button_Submit' is clicked on

2018-10-12 13:04:50 - [MESSAGE][PASSED] - Object: 'Object Repository/Backoffice/Clients/Registration/button_Submit' is clicked on

2018-10-12 13:04:50 - [TEST_STEP][PASSED] - delay: Delayed 2 second(s)

2018-10-12 13:04:52 - [MESSAGE][PASSED] - Delayed 2 second(s)]]></system-out>
         <system-err><![CDATA[]]></system-err>
      </testcase>
      <testcase name="Test Cases/Backoffice/RegisterAccount" classname="Test Cases/Backoffice/RegisterAccount" status="PASSED">
         <system-out><![CDATA[2018-10-12 13:04:52 - [TEST_CASE][PASSED] - Test Cases/Backoffice/RegisterAccount: Test Cases/Backoffice/RegisterAccount

2018-10-12 13:04:52 - [TEST_STEP][PASSED] - focus: Object: 'Object Repository/Backoffice/Clients/Clients' is focused

2018-10-12 13:04:52 - [MESSAGE][PASSED] - Object: 'Object Repository/Backoffice/Clients/Clients' is focused

2018-10-12 13:04:52 - [TEST_STEP][PASSED] - verifyElementPresent: Object 'Object Repository/Backoffice/Clients/Client Registration' is present

2018-10-12 13:04:52 - [MESSAGE][PASSED] - Object 'Object Repository/Backoffice/Clients/Client Registration' is present

2018-10-12 13:04:52 - [TEST_STEP][PASSED] - click: Object: 'Object Repository/Backoffice/Clients/Client Registration' is clicked on

2018-10-12 13:04:53 - [MESSAGE][PASSED] - Object: 'Object Repository/Backoffice/Clients/Client Registration' is clicked on

2018-10-12 13:04:53 - [TEST_STEP][PASSED] - setText: Text 'angryablaze' is set on object 'Object Repository/Backoffice/Clients/Registration/input_username'

2018-10-12 13:04:53 - [MESSAGE][PASSED] - Text 'angryablaze' is set on object 'Object Repository/Backoffice/Clients/Registration/input_username'

2018-10-12 13:04:53 - [TEST_STEP][PASSED] - setText: Text '123123' is set on object 'Object Repository/Backoffice/Clients/Registration/input_password'

2018-10-12 13:04:53 - [MESSAGE][PASSED] - Text '123123' is set on object 'Object Repository/Backoffice/Clients/Registration/input_password'

2018-10-12 13:04:53 - [TEST_STEP][PASSED] - setText: Text '123123' is set on object 'Object Repository/Backoffice/Clients/Registration/input_confirmp'

2018-10-12 13:04:53 - [MESSAGE][PASSED] - Text '123123' is set on object 'Object Repository/Backoffice/Clients/Registration/input_confirmp'

2018-10-12 13:04:53 - [TEST_STEP][PASSED] - selectOptionByValue: All options with value 'test' are selected in object 'Object Repository/Backoffice/Clients/Registration/select_operatorcode' 

2018-10-12 13:04:53 - [MESSAGE][PASSED] - All options with value 'test' are selected in object 'Object Repository/Backoffice/Clients/Registration/select_operatorcode' 

2018-10-12 13:04:53 - [TEST_STEP][PASSED] - selectOptionByValue: All options with value '1' are selected in object 'Object Repository/Backoffice/Clients/Registration/select_status' 

2018-10-12 13:04:54 - [MESSAGE][PASSED] - All options with value '1' are selected in object 'Object Repository/Backoffice/Clients/Registration/select_status' 

2018-10-12 13:04:54 - [TEST_STEP][PASSED] - delay: Delayed 2 second(s)

2018-10-12 13:04:56 - [MESSAGE][PASSED] - Delayed 2 second(s)

2018-10-12 13:04:56 - [TEST_STEP][PASSED] - click: Object: 'Object Repository/Backoffice/Clients/Registration/button_Submit' is clicked on

2018-10-12 13:04:56 - [MESSAGE][PASSED] - Object: 'Object Repository/Backoffice/Clients/Registration/button_Submit' is clicked on

2018-10-12 13:04:56 - [TEST_STEP][PASSED] - delay: Delayed 2 second(s)

2018-10-12 13:04:58 - [MESSAGE][PASSED] - Delayed 2 second(s)]]></system-out>
         <system-err><![CDATA[]]></system-err>
      </testcase>
      <testcase name="Test Cases/Backoffice/RegisterAccount" classname="Test Cases/Backoffice/RegisterAccount" status="PASSED">
         <system-out><![CDATA[2018-10-12 13:04:58 - [TEST_CASE][PASSED] - Test Cases/Backoffice/RegisterAccount: Test Cases/Backoffice/RegisterAccount

2018-10-12 13:04:58 - [TEST_STEP][PASSED] - focus: Object: 'Object Repository/Backoffice/Clients/Clients' is focused

2018-10-12 13:04:59 - [MESSAGE][PASSED] - Object: 'Object Repository/Backoffice/Clients/Clients' is focused

2018-10-12 13:04:59 - [TEST_STEP][PASSED] - verifyElementPresent: Object 'Object Repository/Backoffice/Clients/Client Registration' is present

2018-10-12 13:04:59 - [MESSAGE][PASSED] - Object 'Object Repository/Backoffice/Clients/Client Registration' is present

2018-10-12 13:04:59 - [TEST_STEP][PASSED] - click: Object: 'Object Repository/Backoffice/Clients/Client Registration' is clicked on

2018-10-12 13:04:59 - [MESSAGE][PASSED] - Object: 'Object Repository/Backoffice/Clients/Client Registration' is clicked on

2018-10-12 13:04:59 - [TEST_STEP][PASSED] - setText: Text 'anatomyandalusian' is set on object 'Object Repository/Backoffice/Clients/Registration/input_username'

2018-10-12 13:04:59 - [MESSAGE][PASSED] - Text 'anatomyandalusian' is set on object 'Object Repository/Backoffice/Clients/Registration/input_username'

2018-10-12 13:04:59 - [TEST_STEP][PASSED] - setText: Text '123123' is set on object 'Object Repository/Backoffice/Clients/Registration/input_password'

2018-10-12 13:04:59 - [MESSAGE][PASSED] - Text '123123' is set on object 'Object Repository/Backoffice/Clients/Registration/input_password'

2018-10-12 13:04:59 - [TEST_STEP][PASSED] - setText: Text '123123' is set on object 'Object Repository/Backoffice/Clients/Registration/input_confirmp'

2018-10-12 13:04:59 - [MESSAGE][PASSED] - Text '123123' is set on object 'Object Repository/Backoffice/Clients/Registration/input_confirmp'

2018-10-12 13:04:59 - [TEST_STEP][PASSED] - selectOptionByValue: All options with value 'test' are selected in object 'Object Repository/Backoffice/Clients/Registration/select_operatorcode' 

2018-10-12 13:05:00 - [MESSAGE][PASSED] - All options with value 'test' are selected in object 'Object Repository/Backoffice/Clients/Registration/select_operatorcode' 

2018-10-12 13:05:00 - [TEST_STEP][PASSED] - selectOptionByValue: All options with value '1' are selected in object 'Object Repository/Backoffice/Clients/Registration/select_status' 

2018-10-12 13:05:00 - [MESSAGE][PASSED] - All options with value '1' are selected in object 'Object Repository/Backoffice/Clients/Registration/select_status' 

2018-10-12 13:05:00 - [TEST_STEP][PASSED] - delay: Delayed 2 second(s)

2018-10-12 13:05:02 - [MESSAGE][PASSED] - Delayed 2 second(s)

2018-10-12 13:05:02 - [TEST_STEP][PASSED] - click: Object: 'Object Repository/Backoffice/Clients/Registration/button_Submit' is clicked on

2018-10-12 13:05:03 - [MESSAGE][PASSED] - Object: 'Object Repository/Backoffice/Clients/Registration/button_Submit' is clicked on

2018-10-12 13:05:03 - [TEST_STEP][PASSED] - delay: Delayed 2 second(s)

2018-10-12 13:05:05 - [MESSAGE][PASSED] - Delayed 2 second(s)]]></system-out>
         <system-err><![CDATA[]]></system-err>
      </testcase>
      <testcase name="Test Cases/Backoffice/RegisterAccount" classname="Test Cases/Backoffice/RegisterAccount" status="PASSED">
         <system-out><![CDATA[2018-10-12 13:05:05 - [TEST_CASE][PASSED] - Test Cases/Backoffice/RegisterAccount: Test Cases/Backoffice/RegisterAccount

2018-10-12 13:05:05 - [TEST_STEP][PASSED] - focus: Object: 'Object Repository/Backoffice/Clients/Clients' is focused

2018-10-12 13:05:05 - [MESSAGE][PASSED] - Object: 'Object Repository/Backoffice/Clients/Clients' is focused

2018-10-12 13:05:05 - [TEST_STEP][PASSED] - verifyElementPresent: Object 'Object Repository/Backoffice/Clients/Client Registration' is present

2018-10-12 13:05:05 - [MESSAGE][PASSED] - Object 'Object Repository/Backoffice/Clients/Client Registration' is present

2018-10-12 13:05:05 - [TEST_STEP][PASSED] - click: Object: 'Object Repository/Backoffice/Clients/Client Registration' is clicked on

2018-10-12 13:05:05 - [MESSAGE][PASSED] - Object: 'Object Repository/Backoffice/Clients/Client Registration' is clicked on

2018-10-12 13:05:05 - [TEST_STEP][PASSED] - setText: Text 'announceaonach' is set on object 'Object Repository/Backoffice/Clients/Registration/input_username'

2018-10-12 13:05:05 - [MESSAGE][PASSED] - Text 'announceaonach' is set on object 'Object Repository/Backoffice/Clients/Registration/input_username'

2018-10-12 13:05:05 - [TEST_STEP][PASSED] - setText: Text '123123' is set on object 'Object Repository/Backoffice/Clients/Registration/input_password'

2018-10-12 13:05:06 - [MESSAGE][PASSED] - Text '123123' is set on object 'Object Repository/Backoffice/Clients/Registration/input_password'

2018-10-12 13:05:06 - [TEST_STEP][PASSED] - setText: Text '123123' is set on object 'Object Repository/Backoffice/Clients/Registration/input_confirmp'

2018-10-12 13:05:06 - [MESSAGE][PASSED] - Text '123123' is set on object 'Object Repository/Backoffice/Clients/Registration/input_confirmp'

2018-10-12 13:05:06 - [TEST_STEP][PASSED] - selectOptionByValue: All options with value 'test' are selected in object 'Object Repository/Backoffice/Clients/Registration/select_operatorcode' 

2018-10-12 13:05:06 - [MESSAGE][PASSED] - All options with value 'test' are selected in object 'Object Repository/Backoffice/Clients/Registration/select_operatorcode' 

2018-10-12 13:05:06 - [TEST_STEP][PASSED] - selectOptionByValue: All options with value '1' are selected in object 'Object Repository/Backoffice/Clients/Registration/select_status' 

2018-10-12 13:05:06 - [MESSAGE][PASSED] - All options with value '1' are selected in object 'Object Repository/Backoffice/Clients/Registration/select_status' 

2018-10-12 13:05:06 - [TEST_STEP][PASSED] - delay: Delayed 2 second(s)

2018-10-12 13:05:08 - [MESSAGE][PASSED] - Delayed 2 second(s)

2018-10-12 13:05:08 - [TEST_STEP][PASSED] - click: Object: 'Object Repository/Backoffice/Clients/Registration/button_Submit' is clicked on

2018-10-12 13:05:09 - [MESSAGE][PASSED] - Object: 'Object Repository/Backoffice/Clients/Registration/button_Submit' is clicked on

2018-10-12 13:05:09 - [TEST_STEP][PASSED] - delay: Delayed 2 second(s)

2018-10-12 13:05:11 - [MESSAGE][PASSED] - Delayed 2 second(s)]]></system-out>
         <system-err><![CDATA[]]></system-err>
      </testcase>
      <testcase name="Test Cases/Backoffice/RegisterAccount" classname="Test Cases/Backoffice/RegisterAccount" status="PASSED">
         <system-out><![CDATA[2018-10-12 13:05:11 - [TEST_CASE][PASSED] - Test Cases/Backoffice/RegisterAccount: Test Cases/Backoffice/RegisterAccount

2018-10-12 13:05:11 - [TEST_STEP][PASSED] - focus: Object: 'Object Repository/Backoffice/Clients/Clients' is focused

2018-10-12 13:05:11 - [MESSAGE][PASSED] - Object: 'Object Repository/Backoffice/Clients/Clients' is focused

2018-10-12 13:05:11 - [TEST_STEP][PASSED] - verifyElementPresent: Object 'Object Repository/Backoffice/Clients/Client Registration' is present

2018-10-12 13:05:11 - [MESSAGE][PASSED] - Object 'Object Repository/Backoffice/Clients/Client Registration' is present

2018-10-12 13:05:11 - [TEST_STEP][PASSED] - click: Object: 'Object Repository/Backoffice/Clients/Client Registration' is clicked on

2018-10-12 13:05:11 - [MESSAGE][PASSED] - Object: 'Object Repository/Backoffice/Clients/Client Registration' is clicked on

2018-10-12 13:05:11 - [TEST_STEP][PASSED] - setText: Text 'ailaccurate' is set on object 'Object Repository/Backoffice/Clients/Registration/input_username'

2018-10-12 13:05:12 - [MESSAGE][PASSED] - Text 'ailaccurate' is set on object 'Object Repository/Backoffice/Clients/Registration/input_username'

2018-10-12 13:05:12 - [TEST_STEP][PASSED] - setText: Text '123123' is set on object 'Object Repository/Backoffice/Clients/Registration/input_password'

2018-10-12 13:05:12 - [MESSAGE][PASSED] - Text '123123' is set on object 'Object Repository/Backoffice/Clients/Registration/input_password'

2018-10-12 13:05:12 - [TEST_STEP][PASSED] - setText: Text '123123' is set on object 'Object Repository/Backoffice/Clients/Registration/input_confirmp'

2018-10-12 13:05:12 - [MESSAGE][PASSED] - Text '123123' is set on object 'Object Repository/Backoffice/Clients/Registration/input_confirmp'

2018-10-12 13:05:12 - [TEST_STEP][PASSED] - selectOptionByValue: All options with value 'test' are selected in object 'Object Repository/Backoffice/Clients/Registration/select_operatorcode' 

2018-10-12 13:05:12 - [MESSAGE][PASSED] - All options with value 'test' are selected in object 'Object Repository/Backoffice/Clients/Registration/select_operatorcode' 

2018-10-12 13:05:12 - [TEST_STEP][PASSED] - selectOptionByValue: All options with value '1' are selected in object 'Object Repository/Backoffice/Clients/Registration/select_status' 

2018-10-12 13:05:12 - [MESSAGE][PASSED] - All options with value '1' are selected in object 'Object Repository/Backoffice/Clients/Registration/select_status' 

2018-10-12 13:05:12 - [TEST_STEP][PASSED] - delay: Delayed 2 second(s)

2018-10-12 13:05:14 - [MESSAGE][PASSED] - Delayed 2 second(s)

2018-10-12 13:05:14 - [TEST_STEP][PASSED] - click: Object: 'Object Repository/Backoffice/Clients/Registration/button_Submit' is clicked on

2018-10-12 13:05:15 - [MESSAGE][PASSED] - Object: 'Object Repository/Backoffice/Clients/Registration/button_Submit' is clicked on

2018-10-12 13:05:15 - [TEST_STEP][PASSED] - delay: Delayed 2 second(s)

2018-10-12 13:05:17 - [MESSAGE][PASSED] - Delayed 2 second(s)]]></system-out>
         <system-err><![CDATA[]]></system-err>
      </testcase>
      <testcase name="Test Cases/Backoffice/RegisterAccount" classname="Test Cases/Backoffice/RegisterAccount" status="PASSED">
         <system-out><![CDATA[2018-10-12 13:05:17 - [TEST_CASE][PASSED] - Test Cases/Backoffice/RegisterAccount: Test Cases/Backoffice/RegisterAccount

2018-10-12 13:05:17 - [TEST_STEP][PASSED] - focus: Object: 'Object Repository/Backoffice/Clients/Clients' is focused

2018-10-12 13:05:17 - [MESSAGE][PASSED] - Object: 'Object Repository/Backoffice/Clients/Clients' is focused

2018-10-12 13:05:17 - [TEST_STEP][PASSED] - verifyElementPresent: Object 'Object Repository/Backoffice/Clients/Client Registration' is present

2018-10-12 13:05:17 - [MESSAGE][PASSED] - Object 'Object Repository/Backoffice/Clients/Client Registration' is present

2018-10-12 13:05:17 - [TEST_STEP][PASSED] - click: Object: 'Object Repository/Backoffice/Clients/Client Registration' is clicked on

2018-10-12 13:05:18 - [MESSAGE][PASSED] - Object: 'Object Repository/Backoffice/Clients/Client Registration' is clicked on

2018-10-12 13:05:18 - [TEST_STEP][PASSED] - setText: Text 'agesalkanes' is set on object 'Object Repository/Backoffice/Clients/Registration/input_username'

2018-10-12 13:05:18 - [MESSAGE][PASSED] - Text 'agesalkanes' is set on object 'Object Repository/Backoffice/Clients/Registration/input_username'

2018-10-12 13:05:18 - [TEST_STEP][PASSED] - setText: Text '123123' is set on object 'Object Repository/Backoffice/Clients/Registration/input_password'

2018-10-12 13:05:18 - [MESSAGE][PASSED] - Text '123123' is set on object 'Object Repository/Backoffice/Clients/Registration/input_password'

2018-10-12 13:05:18 - [TEST_STEP][PASSED] - setText: Text '123123' is set on object 'Object Repository/Backoffice/Clients/Registration/input_confirmp'

2018-10-12 13:05:19 - [MESSAGE][PASSED] - Text '123123' is set on object 'Object Repository/Backoffice/Clients/Registration/input_confirmp'

2018-10-12 13:05:19 - [TEST_STEP][PASSED] - selectOptionByValue: All options with value 'test' are selected in object 'Object Repository/Backoffice/Clients/Registration/select_operatorcode' 

2018-10-12 13:05:19 - [MESSAGE][PASSED] - All options with value 'test' are selected in object 'Object Repository/Backoffice/Clients/Registration/select_operatorcode' 

2018-10-12 13:05:19 - [TEST_STEP][PASSED] - selectOptionByValue: All options with value '1' are selected in object 'Object Repository/Backoffice/Clients/Registration/select_status' 

2018-10-12 13:05:19 - [MESSAGE][PASSED] - All options with value '1' are selected in object 'Object Repository/Backoffice/Clients/Registration/select_status' 

2018-10-12 13:05:19 - [TEST_STEP][PASSED] - delay: Delayed 2 second(s)

2018-10-12 13:05:21 - [MESSAGE][PASSED] - Delayed 2 second(s)

2018-10-12 13:05:21 - [TEST_STEP][PASSED] - click: Object: 'Object Repository/Backoffice/Clients/Registration/button_Submit' is clicked on

2018-10-12 13:05:22 - [MESSAGE][PASSED] - Object: 'Object Repository/Backoffice/Clients/Registration/button_Submit' is clicked on

2018-10-12 13:05:22 - [TEST_STEP][PASSED] - delay: Delayed 2 second(s)

2018-10-12 13:05:24 - [MESSAGE][PASSED] - Delayed 2 second(s)]]></system-out>
         <system-err><![CDATA[]]></system-err>
      </testcase>
      <testcase name="Test Cases/Backoffice/RegisterAccount" classname="Test Cases/Backoffice/RegisterAccount" status="PASSED">
         <system-out><![CDATA[2018-10-12 13:05:24 - [TEST_CASE][PASSED] - Test Cases/Backoffice/RegisterAccount: Test Cases/Backoffice/RegisterAccount

2018-10-12 13:05:24 - [TEST_STEP][PASSED] - focus: Object: 'Object Repository/Backoffice/Clients/Clients' is focused

2018-10-12 13:05:24 - [MESSAGE][PASSED] - Object: 'Object Repository/Backoffice/Clients/Clients' is focused

2018-10-12 13:05:24 - [TEST_STEP][PASSED] - verifyElementPresent: Object 'Object Repository/Backoffice/Clients/Client Registration' is present

2018-10-12 13:05:24 - [MESSAGE][PASSED] - Object 'Object Repository/Backoffice/Clients/Client Registration' is present

2018-10-12 13:05:24 - [TEST_STEP][PASSED] - click: Object: 'Object Repository/Backoffice/Clients/Client Registration' is clicked on

2018-10-12 13:05:24 - [MESSAGE][PASSED] - Object: 'Object Repository/Backoffice/Clients/Client Registration' is clicked on

2018-10-12 13:05:24 - [TEST_STEP][PASSED] - setText: Text 'atlasapplied' is set on object 'Object Repository/Backoffice/Clients/Registration/input_username'

2018-10-12 13:05:25 - [MESSAGE][PASSED] - Text 'atlasapplied' is set on object 'Object Repository/Backoffice/Clients/Registration/input_username'

2018-10-12 13:05:25 - [TEST_STEP][PASSED] - setText: Text '123123' is set on object 'Object Repository/Backoffice/Clients/Registration/input_password'

2018-10-12 13:05:25 - [MESSAGE][PASSED] - Text '123123' is set on object 'Object Repository/Backoffice/Clients/Registration/input_password'

2018-10-12 13:05:25 - [TEST_STEP][PASSED] - setText: Text '123123' is set on object 'Object Repository/Backoffice/Clients/Registration/input_confirmp'

2018-10-12 13:05:25 - [MESSAGE][PASSED] - Text '123123' is set on object 'Object Repository/Backoffice/Clients/Registration/input_confirmp'

2018-10-12 13:05:25 - [TEST_STEP][PASSED] - selectOptionByValue: All options with value 'test' are selected in object 'Object Repository/Backoffice/Clients/Registration/select_operatorcode' 

2018-10-12 13:05:25 - [MESSAGE][PASSED] - All options with value 'test' are selected in object 'Object Repository/Backoffice/Clients/Registration/select_operatorcode' 

2018-10-12 13:05:25 - [TEST_STEP][PASSED] - selectOptionByValue: All options with value '1' are selected in object 'Object Repository/Backoffice/Clients/Registration/select_status' 

2018-10-12 13:05:25 - [MESSAGE][PASSED] - All options with value '1' are selected in object 'Object Repository/Backoffice/Clients/Registration/select_status' 

2018-10-12 13:05:25 - [TEST_STEP][PASSED] - delay: Delayed 2 second(s)

2018-10-12 13:05:27 - [MESSAGE][PASSED] - Delayed 2 second(s)

2018-10-12 13:05:27 - [TEST_STEP][PASSED] - click: Object: 'Object Repository/Backoffice/Clients/Registration/button_Submit' is clicked on

2018-10-12 13:05:28 - [MESSAGE][PASSED] - Object: 'Object Repository/Backoffice/Clients/Registration/button_Submit' is clicked on

2018-10-12 13:05:28 - [TEST_STEP][PASSED] - delay: Delayed 2 second(s)

2018-10-12 13:05:30 - [MESSAGE][PASSED] - Delayed 2 second(s)]]></system-out>
         <system-err><![CDATA[]]></system-err>
      </testcase>
      <testcase name="Test Cases/Backoffice/RegisterAccount" classname="Test Cases/Backoffice/RegisterAccount" status="PASSED">
         <system-out><![CDATA[2018-10-12 13:05:30 - [TEST_CASE][PASSED] - Test Cases/Backoffice/RegisterAccount: Test Cases/Backoffice/RegisterAccount

2018-10-12 13:05:30 - [TEST_STEP][PASSED] - focus: Object: 'Object Repository/Backoffice/Clients/Clients' is focused

2018-10-12 13:05:30 - [MESSAGE][PASSED] - Object: 'Object Repository/Backoffice/Clients/Clients' is focused

2018-10-12 13:05:30 - [TEST_STEP][PASSED] - verifyElementPresent: Object 'Object Repository/Backoffice/Clients/Client Registration' is present

2018-10-12 13:05:30 - [MESSAGE][PASSED] - Object 'Object Repository/Backoffice/Clients/Client Registration' is present

2018-10-12 13:05:30 - [TEST_STEP][PASSED] - click: Object: 'Object Repository/Backoffice/Clients/Client Registration' is clicked on

2018-10-12 13:05:31 - [MESSAGE][PASSED] - Object: 'Object Repository/Backoffice/Clients/Client Registration' is clicked on

2018-10-12 13:05:31 - [TEST_STEP][PASSED] - setText: Text 'additiveaudit' is set on object 'Object Repository/Backoffice/Clients/Registration/input_username'

2018-10-12 13:05:31 - [MESSAGE][PASSED] - Text 'additiveaudit' is set on object 'Object Repository/Backoffice/Clients/Registration/input_username'

2018-10-12 13:05:31 - [TEST_STEP][PASSED] - setText: Text '123123' is set on object 'Object Repository/Backoffice/Clients/Registration/input_password'

2018-10-12 13:05:31 - [MESSAGE][PASSED] - Text '123123' is set on object 'Object Repository/Backoffice/Clients/Registration/input_password'

2018-10-12 13:05:31 - [TEST_STEP][PASSED] - setText: Text '123123' is set on object 'Object Repository/Backoffice/Clients/Registration/input_confirmp'

2018-10-12 13:05:31 - [MESSAGE][PASSED] - Text '123123' is set on object 'Object Repository/Backoffice/Clients/Registration/input_confirmp'

2018-10-12 13:05:31 - [TEST_STEP][PASSED] - selectOptionByValue: All options with value 'test' are selected in object 'Object Repository/Backoffice/Clients/Registration/select_operatorcode' 

2018-10-12 13:05:31 - [MESSAGE][PASSED] - All options with value 'test' are selected in object 'Object Repository/Backoffice/Clients/Registration/select_operatorcode' 

2018-10-12 13:05:31 - [TEST_STEP][PASSED] - selectOptionByValue: All options with value '1' are selected in object 'Object Repository/Backoffice/Clients/Registration/select_status' 

2018-10-12 13:05:31 - [MESSAGE][PASSED] - All options with value '1' are selected in object 'Object Repository/Backoffice/Clients/Registration/select_status' 

2018-10-12 13:05:31 - [TEST_STEP][PASSED] - delay: Delayed 2 second(s)

2018-10-12 13:05:33 - [MESSAGE][PASSED] - Delayed 2 second(s)

2018-10-12 13:05:33 - [TEST_STEP][PASSED] - click: Object: 'Object Repository/Backoffice/Clients/Registration/button_Submit' is clicked on

2018-10-12 13:05:34 - [MESSAGE][PASSED] - Object: 'Object Repository/Backoffice/Clients/Registration/button_Submit' is clicked on

2018-10-12 13:05:34 - [TEST_STEP][PASSED] - delay: Delayed 2 second(s)

2018-10-12 13:05:36 - [MESSAGE][PASSED] - Delayed 2 second(s)]]></system-out>
         <system-err><![CDATA[]]></system-err>
      </testcase>
      <testcase name="Test Cases/Backoffice/RegisterAccount" classname="Test Cases/Backoffice/RegisterAccount" status="PASSED">
         <system-out><![CDATA[2018-10-12 13:05:36 - [TEST_CASE][PASSED] - Test Cases/Backoffice/RegisterAccount: Test Cases/Backoffice/RegisterAccount

2018-10-12 13:05:36 - [TEST_STEP][PASSED] - focus: Object: 'Object Repository/Backoffice/Clients/Clients' is focused

2018-10-12 13:05:36 - [MESSAGE][PASSED] - Object: 'Object Repository/Backoffice/Clients/Clients' is focused

2018-10-12 13:05:36 - [TEST_STEP][PASSED] - verifyElementPresent: Object 'Object Repository/Backoffice/Clients/Client Registration' is present

2018-10-12 13:05:36 - [MESSAGE][PASSED] - Object 'Object Repository/Backoffice/Clients/Client Registration' is present

2018-10-12 13:05:36 - [TEST_STEP][PASSED] - click: Object: 'Object Repository/Backoffice/Clients/Client Registration' is clicked on

2018-10-12 13:05:37 - [MESSAGE][PASSED] - Object: 'Object Repository/Backoffice/Clients/Client Registration' is clicked on

2018-10-12 13:05:37 - [TEST_STEP][PASSED] - setText: Text 'answerascii' is set on object 'Object Repository/Backoffice/Clients/Registration/input_username'

2018-10-12 13:05:37 - [MESSAGE][PASSED] - Text 'answerascii' is set on object 'Object Repository/Backoffice/Clients/Registration/input_username'

2018-10-12 13:05:37 - [TEST_STEP][PASSED] - setText: Text '123123' is set on object 'Object Repository/Backoffice/Clients/Registration/input_password'

2018-10-12 13:05:37 - [MESSAGE][PASSED] - Text '123123' is set on object 'Object Repository/Backoffice/Clients/Registration/input_password'

2018-10-12 13:05:37 - [TEST_STEP][PASSED] - setText: Text '123123' is set on object 'Object Repository/Backoffice/Clients/Registration/input_confirmp'

2018-10-12 13:05:37 - [MESSAGE][PASSED] - Text '123123' is set on object 'Object Repository/Backoffice/Clients/Registration/input_confirmp'

2018-10-12 13:05:37 - [TEST_STEP][PASSED] - selectOptionByValue: All options with value 'test' are selected in object 'Object Repository/Backoffice/Clients/Registration/select_operatorcode' 

2018-10-12 13:05:37 - [MESSAGE][PASSED] - All options with value 'test' are selected in object 'Object Repository/Backoffice/Clients/Registration/select_operatorcode' 

2018-10-12 13:05:37 - [TEST_STEP][PASSED] - selectOptionByValue: All options with value '1' are selected in object 'Object Repository/Backoffice/Clients/Registration/select_status' 

2018-10-12 13:05:38 - [MESSAGE][PASSED] - All options with value '1' are selected in object 'Object Repository/Backoffice/Clients/Registration/select_status' 

2018-10-12 13:05:38 - [TEST_STEP][PASSED] - delay: Delayed 2 second(s)

2018-10-12 13:05:40 - [MESSAGE][PASSED] - Delayed 2 second(s)

2018-10-12 13:05:40 - [TEST_STEP][PASSED] - click: Object: 'Object Repository/Backoffice/Clients/Registration/button_Submit' is clicked on

2018-10-12 13:05:40 - [MESSAGE][PASSED] - Object: 'Object Repository/Backoffice/Clients/Registration/button_Submit' is clicked on

2018-10-12 13:05:40 - [TEST_STEP][PASSED] - delay: Delayed 2 second(s)

2018-10-12 13:05:42 - [MESSAGE][PASSED] - Delayed 2 second(s)]]></system-out>
         <system-err><![CDATA[]]></system-err>
      </testcase>
      <testcase name="Test Cases/Backoffice/RegisterAccount" classname="Test Cases/Backoffice/RegisterAccount" status="PASSED">
         <system-out><![CDATA[2018-10-12 13:05:42 - [TEST_CASE][PASSED] - Test Cases/Backoffice/RegisterAccount: Test Cases/Backoffice/RegisterAccount

2018-10-12 13:05:42 - [TEST_STEP][PASSED] - focus: Object: 'Object Repository/Backoffice/Clients/Clients' is focused

2018-10-12 13:05:43 - [MESSAGE][PASSED] - Object: 'Object Repository/Backoffice/Clients/Clients' is focused

2018-10-12 13:05:43 - [TEST_STEP][PASSED] - verifyElementPresent: Object 'Object Repository/Backoffice/Clients/Client Registration' is present

2018-10-12 13:05:43 - [MESSAGE][PASSED] - Object 'Object Repository/Backoffice/Clients/Client Registration' is present

2018-10-12 13:05:43 - [TEST_STEP][PASSED] - click: Object: 'Object Repository/Backoffice/Clients/Client Registration' is clicked on

2018-10-12 13:05:43 - [MESSAGE][PASSED] - Object: 'Object Repository/Backoffice/Clients/Client Registration' is clicked on

2018-10-12 13:05:43 - [TEST_STEP][PASSED] - setText: Text 'acruxannoyed' is set on object 'Object Repository/Backoffice/Clients/Registration/input_username'

2018-10-12 13:05:43 - [MESSAGE][PASSED] - Text 'acruxannoyed' is set on object 'Object Repository/Backoffice/Clients/Registration/input_username'

2018-10-12 13:05:43 - [TEST_STEP][PASSED] - setText: Text '123123' is set on object 'Object Repository/Backoffice/Clients/Registration/input_password'

2018-10-12 13:05:43 - [MESSAGE][PASSED] - Text '123123' is set on object 'Object Repository/Backoffice/Clients/Registration/input_password'

2018-10-12 13:05:43 - [TEST_STEP][PASSED] - setText: Text '123123' is set on object 'Object Repository/Backoffice/Clients/Registration/input_confirmp'

2018-10-12 13:05:44 - [MESSAGE][PASSED] - Text '123123' is set on object 'Object Repository/Backoffice/Clients/Registration/input_confirmp'

2018-10-12 13:05:44 - [TEST_STEP][PASSED] - selectOptionByValue: All options with value 'test' are selected in object 'Object Repository/Backoffice/Clients/Registration/select_operatorcode' 

2018-10-12 13:05:44 - [MESSAGE][PASSED] - All options with value 'test' are selected in object 'Object Repository/Backoffice/Clients/Registration/select_operatorcode' 

2018-10-12 13:05:44 - [TEST_STEP][PASSED] - selectOptionByValue: All options with value '1' are selected in object 'Object Repository/Backoffice/Clients/Registration/select_status' 

2018-10-12 13:05:44 - [MESSAGE][PASSED] - All options with value '1' are selected in object 'Object Repository/Backoffice/Clients/Registration/select_status' 

2018-10-12 13:05:44 - [TEST_STEP][PASSED] - delay: Delayed 2 second(s)

2018-10-12 13:05:46 - [MESSAGE][PASSED] - Delayed 2 second(s)

2018-10-12 13:05:46 - [TEST_STEP][PASSED] - click: Object: 'Object Repository/Backoffice/Clients/Registration/button_Submit' is clicked on

2018-10-12 13:05:47 - [MESSAGE][PASSED] - Object: 'Object Repository/Backoffice/Clients/Registration/button_Submit' is clicked on

2018-10-12 13:05:47 - [TEST_STEP][PASSED] - delay: Delayed 2 second(s)

2018-10-12 13:05:49 - [MESSAGE][PASSED] - Delayed 2 second(s)]]></system-out>
         <system-err><![CDATA[]]></system-err>
      </testcase>
      <testcase name="Test Cases/Backoffice/RegisterAccount" classname="Test Cases/Backoffice/RegisterAccount" status="PASSED">
         <system-out><![CDATA[2018-10-12 13:05:49 - [TEST_CASE][PASSED] - Test Cases/Backoffice/RegisterAccount: Test Cases/Backoffice/RegisterAccount

2018-10-12 13:05:49 - [TEST_STEP][PASSED] - focus: Object: 'Object Repository/Backoffice/Clients/Clients' is focused

2018-10-12 13:05:49 - [MESSAGE][PASSED] - Object: 'Object Repository/Backoffice/Clients/Clients' is focused

2018-10-12 13:05:49 - [TEST_STEP][PASSED] - verifyElementPresent: Object 'Object Repository/Backoffice/Clients/Client Registration' is present

2018-10-12 13:05:49 - [MESSAGE][PASSED] - Object 'Object Repository/Backoffice/Clients/Client Registration' is present

2018-10-12 13:05:49 - [TEST_STEP][PASSED] - click: Object: 'Object Repository/Backoffice/Clients/Client Registration' is clicked on

2018-10-12 13:05:50 - [MESSAGE][PASSED] - Object: 'Object Repository/Backoffice/Clients/Client Registration' is clicked on

2018-10-12 13:05:50 - [TEST_STEP][PASSED] - setText: Text 'aerialallude' is set on object 'Object Repository/Backoffice/Clients/Registration/input_username'

2018-10-12 13:05:50 - [MESSAGE][PASSED] - Text 'aerialallude' is set on object 'Object Repository/Backoffice/Clients/Registration/input_username'

2018-10-12 13:05:50 - [TEST_STEP][PASSED] - setText: Text '123123' is set on object 'Object Repository/Backoffice/Clients/Registration/input_password'

2018-10-12 13:05:50 - [MESSAGE][PASSED] - Text '123123' is set on object 'Object Repository/Backoffice/Clients/Registration/input_password'

2018-10-12 13:05:50 - [TEST_STEP][PASSED] - setText: Text '123123' is set on object 'Object Repository/Backoffice/Clients/Registration/input_confirmp'

2018-10-12 13:05:50 - [MESSAGE][PASSED] - Text '123123' is set on object 'Object Repository/Backoffice/Clients/Registration/input_confirmp'

2018-10-12 13:05:50 - [TEST_STEP][PASSED] - selectOptionByValue: All options with value 'test' are selected in object 'Object Repository/Backoffice/Clients/Registration/select_operatorcode' 

2018-10-12 13:05:50 - [MESSAGE][PASSED] - All options with value 'test' are selected in object 'Object Repository/Backoffice/Clients/Registration/select_operatorcode' 

2018-10-12 13:05:50 - [TEST_STEP][PASSED] - selectOptionByValue: All options with value '1' are selected in object 'Object Repository/Backoffice/Clients/Registration/select_status' 

2018-10-12 13:05:50 - [MESSAGE][PASSED] - All options with value '1' are selected in object 'Object Repository/Backoffice/Clients/Registration/select_status' 

2018-10-12 13:05:50 - [TEST_STEP][PASSED] - delay: Delayed 2 second(s)

2018-10-12 13:05:52 - [MESSAGE][PASSED] - Delayed 2 second(s)

2018-10-12 13:05:52 - [TEST_STEP][PASSED] - click: Object: 'Object Repository/Backoffice/Clients/Registration/button_Submit' is clicked on

2018-10-12 13:05:53 - [MESSAGE][PASSED] - Object: 'Object Repository/Backoffice/Clients/Registration/button_Submit' is clicked on

2018-10-12 13:05:53 - [TEST_STEP][PASSED] - delay: Delayed 2 second(s)

2018-10-12 13:05:55 - [MESSAGE][PASSED] - Delayed 2 second(s)]]></system-out>
         <system-err><![CDATA[]]></system-err>
      </testcase>
      <testcase name="Test Cases/Backoffice/RegisterAccount" classname="Test Cases/Backoffice/RegisterAccount" status="PASSED">
         <system-out><![CDATA[2018-10-12 13:05:55 - [TEST_CASE][PASSED] - Test Cases/Backoffice/RegisterAccount: Test Cases/Backoffice/RegisterAccount

2018-10-12 13:05:55 - [TEST_STEP][PASSED] - focus: Object: 'Object Repository/Backoffice/Clients/Clients' is focused

2018-10-12 13:05:55 - [MESSAGE][PASSED] - Object: 'Object Repository/Backoffice/Clients/Clients' is focused

2018-10-12 13:05:55 - [TEST_STEP][PASSED] - verifyElementPresent: Object 'Object Repository/Backoffice/Clients/Client Registration' is present

2018-10-12 13:05:55 - [MESSAGE][PASSED] - Object 'Object Repository/Backoffice/Clients/Client Registration' is present

2018-10-12 13:05:55 - [TEST_STEP][PASSED] - click: Object: 'Object Repository/Backoffice/Clients/Client Registration' is clicked on

2018-10-12 13:05:56 - [MESSAGE][PASSED] - Object: 'Object Repository/Backoffice/Clients/Client Registration' is clicked on

2018-10-12 13:05:56 - [TEST_STEP][PASSED] - setText: Text 'abackattached' is set on object 'Object Repository/Backoffice/Clients/Registration/input_username'

2018-10-12 13:05:56 - [MESSAGE][PASSED] - Text 'abackattached' is set on object 'Object Repository/Backoffice/Clients/Registration/input_username'

2018-10-12 13:05:56 - [TEST_STEP][PASSED] - setText: Text '123123' is set on object 'Object Repository/Backoffice/Clients/Registration/input_password'

2018-10-12 13:05:56 - [MESSAGE][PASSED] - Text '123123' is set on object 'Object Repository/Backoffice/Clients/Registration/input_password'

2018-10-12 13:05:56 - [TEST_STEP][PASSED] - setText: Text '123123' is set on object 'Object Repository/Backoffice/Clients/Registration/input_confirmp'

2018-10-12 13:05:56 - [MESSAGE][PASSED] - Text '123123' is set on object 'Object Repository/Backoffice/Clients/Registration/input_confirmp'

2018-10-12 13:05:56 - [TEST_STEP][PASSED] - selectOptionByValue: All options with value 'test' are selected in object 'Object Repository/Backoffice/Clients/Registration/select_operatorcode' 

2018-10-12 13:05:56 - [MESSAGE][PASSED] - All options with value 'test' are selected in object 'Object Repository/Backoffice/Clients/Registration/select_operatorcode' 

2018-10-12 13:05:56 - [TEST_STEP][PASSED] - selectOptionByValue: All options with value '1' are selected in object 'Object Repository/Backoffice/Clients/Registration/select_status' 

2018-10-12 13:05:56 - [MESSAGE][PASSED] - All options with value '1' are selected in object 'Object Repository/Backoffice/Clients/Registration/select_status' 

2018-10-12 13:05:56 - [TEST_STEP][PASSED] - delay: Delayed 2 second(s)

2018-10-12 13:05:58 - [MESSAGE][PASSED] - Delayed 2 second(s)

2018-10-12 13:05:58 - [TEST_STEP][PASSED] - click: Object: 'Object Repository/Backoffice/Clients/Registration/button_Submit' is clicked on

2018-10-12 13:05:59 - [MESSAGE][PASSED] - Object: 'Object Repository/Backoffice/Clients/Registration/button_Submit' is clicked on

2018-10-12 13:05:59 - [TEST_STEP][PASSED] - delay: Delayed 2 second(s)

2018-10-12 13:06:01 - [MESSAGE][PASSED] - Delayed 2 second(s)]]></system-out>
         <system-err><![CDATA[]]></system-err>
      </testcase>
      <testcase name="Test Cases/Backoffice/RegisterAccount" classname="Test Cases/Backoffice/RegisterAccount" status="PASSED">
         <system-out><![CDATA[2018-10-12 13:06:01 - [TEST_CASE][PASSED] - Test Cases/Backoffice/RegisterAccount: Test Cases/Backoffice/RegisterAccount

2018-10-12 13:06:01 - [TEST_STEP][PASSED] - focus: Object: 'Object Repository/Backoffice/Clients/Clients' is focused

2018-10-12 13:06:01 - [MESSAGE][PASSED] - Object: 'Object Repository/Backoffice/Clients/Clients' is focused

2018-10-12 13:06:01 - [TEST_STEP][PASSED] - verifyElementPresent: Object 'Object Repository/Backoffice/Clients/Client Registration' is present

2018-10-12 13:06:01 - [MESSAGE][PASSED] - Object 'Object Repository/Backoffice/Clients/Client Registration' is present

2018-10-12 13:06:01 - [TEST_STEP][PASSED] - click: Object: 'Object Repository/Backoffice/Clients/Client Registration' is clicked on

2018-10-12 13:06:02 - [MESSAGE][PASSED] - Object: 'Object Repository/Backoffice/Clients/Client Registration' is clicked on

2018-10-12 13:06:02 - [TEST_STEP][PASSED] - setText: Text 'alkalineabstract' is set on object 'Object Repository/Backoffice/Clients/Registration/input_username'

2018-10-12 13:06:02 - [MESSAGE][PASSED] - Text 'alkalineabstract' is set on object 'Object Repository/Backoffice/Clients/Registration/input_username'

2018-10-12 13:06:02 - [TEST_STEP][PASSED] - setText: Text '123123' is set on object 'Object Repository/Backoffice/Clients/Registration/input_password'

2018-10-12 13:06:02 - [MESSAGE][PASSED] - Text '123123' is set on object 'Object Repository/Backoffice/Clients/Registration/input_password'

2018-10-12 13:06:02 - [TEST_STEP][PASSED] - setText: Text '123123' is set on object 'Object Repository/Backoffice/Clients/Registration/input_confirmp'

2018-10-12 13:06:02 - [MESSAGE][PASSED] - Text '123123' is set on object 'Object Repository/Backoffice/Clients/Registration/input_confirmp'

2018-10-12 13:06:02 - [TEST_STEP][PASSED] - selectOptionByValue: All options with value 'test' are selected in object 'Object Repository/Backoffice/Clients/Registration/select_operatorcode' 

2018-10-12 13:06:03 - [MESSAGE][PASSED] - All options with value 'test' are selected in object 'Object Repository/Backoffice/Clients/Registration/select_operatorcode' 

2018-10-12 13:06:03 - [TEST_STEP][PASSED] - selectOptionByValue: All options with value '1' are selected in object 'Object Repository/Backoffice/Clients/Registration/select_status' 

2018-10-12 13:06:03 - [MESSAGE][PASSED] - All options with value '1' are selected in object 'Object Repository/Backoffice/Clients/Registration/select_status' 

2018-10-12 13:06:03 - [TEST_STEP][PASSED] - delay: Delayed 2 second(s)

2018-10-12 13:06:05 - [MESSAGE][PASSED] - Delayed 2 second(s)

2018-10-12 13:06:05 - [TEST_STEP][PASSED] - click: Object: 'Object Repository/Backoffice/Clients/Registration/button_Submit' is clicked on

2018-10-12 13:06:06 - [MESSAGE][PASSED] - Object: 'Object Repository/Backoffice/Clients/Registration/button_Submit' is clicked on

2018-10-12 13:06:06 - [TEST_STEP][PASSED] - delay: Delayed 2 second(s)

2018-10-12 13:06:08 - [MESSAGE][PASSED] - Delayed 2 second(s)]]></system-out>
         <system-err><![CDATA[]]></system-err>
      </testcase>
      <testcase name="Test Cases/Backoffice/RegisterAccount" classname="Test Cases/Backoffice/RegisterAccount" status="PASSED">
         <system-out><![CDATA[2018-10-12 13:06:08 - [TEST_CASE][PASSED] - Test Cases/Backoffice/RegisterAccount: Test Cases/Backoffice/RegisterAccount

2018-10-12 13:06:08 - [TEST_STEP][PASSED] - focus: Object: 'Object Repository/Backoffice/Clients/Clients' is focused

2018-10-12 13:06:08 - [MESSAGE][PASSED] - Object: 'Object Repository/Backoffice/Clients/Clients' is focused

2018-10-12 13:06:08 - [TEST_STEP][PASSED] - verifyElementPresent: Object 'Object Repository/Backoffice/Clients/Client Registration' is present

2018-10-12 13:06:08 - [MESSAGE][PASSED] - Object 'Object Repository/Backoffice/Clients/Client Registration' is present

2018-10-12 13:06:08 - [TEST_STEP][PASSED] - click: Object: 'Object Repository/Backoffice/Clients/Client Registration' is clicked on

2018-10-12 13:06:08 - [MESSAGE][PASSED] - Object: 'Object Repository/Backoffice/Clients/Client Registration' is clicked on

2018-10-12 13:06:08 - [TEST_STEP][PASSED] - setText: Text 'absorbingautoconfig' is set on object 'Object Repository/Backoffice/Clients/Registration/input_username'

2018-10-12 13:06:08 - [MESSAGE][PASSED] - Text 'absorbingautoconfig' is set on object 'Object Repository/Backoffice/Clients/Registration/input_username'

2018-10-12 13:06:08 - [TEST_STEP][PASSED] - setText: Text '123123' is set on object 'Object Repository/Backoffice/Clients/Registration/input_password'

2018-10-12 13:06:09 - [MESSAGE][PASSED] - Text '123123' is set on object 'Object Repository/Backoffice/Clients/Registration/input_password'

2018-10-12 13:06:09 - [TEST_STEP][PASSED] - setText: Text '123123' is set on object 'Object Repository/Backoffice/Clients/Registration/input_confirmp'

2018-10-12 13:06:09 - [MESSAGE][PASSED] - Text '123123' is set on object 'Object Repository/Backoffice/Clients/Registration/input_confirmp'

2018-10-12 13:06:09 - [TEST_STEP][PASSED] - selectOptionByValue: All options with value 'test' are selected in object 'Object Repository/Backoffice/Clients/Registration/select_operatorcode' 

2018-10-12 13:06:09 - [MESSAGE][PASSED] - All options with value 'test' are selected in object 'Object Repository/Backoffice/Clients/Registration/select_operatorcode' 

2018-10-12 13:06:09 - [TEST_STEP][PASSED] - selectOptionByValue: All options with value '1' are selected in object 'Object Repository/Backoffice/Clients/Registration/select_status' 

2018-10-12 13:06:09 - [MESSAGE][PASSED] - All options with value '1' are selected in object 'Object Repository/Backoffice/Clients/Registration/select_status' 

2018-10-12 13:06:09 - [TEST_STEP][PASSED] - delay: Delayed 2 second(s)

2018-10-12 13:06:11 - [MESSAGE][PASSED] - Delayed 2 second(s)

2018-10-12 13:06:11 - [TEST_STEP][PASSED] - click: Object: 'Object Repository/Backoffice/Clients/Registration/button_Submit' is clicked on

2018-10-12 13:06:12 - [MESSAGE][PASSED] - Object: 'Object Repository/Backoffice/Clients/Registration/button_Submit' is clicked on

2018-10-12 13:06:12 - [TEST_STEP][PASSED] - delay: Delayed 2 second(s)

2018-10-12 13:06:14 - [MESSAGE][PASSED] - Delayed 2 second(s)]]></system-out>
         <system-err><![CDATA[]]></system-err>
      </testcase>
      <testcase name="Test Cases/Backoffice/RegisterAccount" classname="Test Cases/Backoffice/RegisterAccount" status="PASSED">
         <system-out><![CDATA[2018-10-12 13:06:14 - [TEST_CASE][PASSED] - Test Cases/Backoffice/RegisterAccount: Test Cases/Backoffice/RegisterAccount

2018-10-12 13:06:14 - [TEST_STEP][PASSED] - focus: Object: 'Object Repository/Backoffice/Clients/Clients' is focused

2018-10-12 13:06:14 - [MESSAGE][PASSED] - Object: 'Object Repository/Backoffice/Clients/Clients' is focused

2018-10-12 13:06:14 - [TEST_STEP][PASSED] - verifyElementPresent: Object 'Object Repository/Backoffice/Clients/Client Registration' is present

2018-10-12 13:06:14 - [MESSAGE][PASSED] - Object 'Object Repository/Backoffice/Clients/Client Registration' is present

2018-10-12 13:06:14 - [TEST_STEP][PASSED] - click: Object: 'Object Repository/Backoffice/Clients/Client Registration' is clicked on

2018-10-12 13:06:14 - [MESSAGE][PASSED] - Object: 'Object Repository/Backoffice/Clients/Client Registration' is clicked on

2018-10-12 13:06:14 - [TEST_STEP][PASSED] - setText: Text 'arpeggioappraiser' is set on object 'Object Repository/Backoffice/Clients/Registration/input_username'

2018-10-12 13:06:15 - [MESSAGE][PASSED] - Text 'arpeggioappraiser' is set on object 'Object Repository/Backoffice/Clients/Registration/input_username'

2018-10-12 13:06:15 - [TEST_STEP][PASSED] - setText: Text '123123' is set on object 'Object Repository/Backoffice/Clients/Registration/input_password'

2018-10-12 13:06:15 - [MESSAGE][PASSED] - Text '123123' is set on object 'Object Repository/Backoffice/Clients/Registration/input_password'

2018-10-12 13:06:15 - [TEST_STEP][PASSED] - setText: Text '123123' is set on object 'Object Repository/Backoffice/Clients/Registration/input_confirmp'

2018-10-12 13:06:15 - [MESSAGE][PASSED] - Text '123123' is set on object 'Object Repository/Backoffice/Clients/Registration/input_confirmp'

2018-10-12 13:06:15 - [TEST_STEP][PASSED] - selectOptionByValue: All options with value 'test' are selected in object 'Object Repository/Backoffice/Clients/Registration/select_operatorcode' 

2018-10-12 13:06:15 - [MESSAGE][PASSED] - All options with value 'test' are selected in object 'Object Repository/Backoffice/Clients/Registration/select_operatorcode' 

2018-10-12 13:06:15 - [TEST_STEP][PASSED] - selectOptionByValue: All options with value '1' are selected in object 'Object Repository/Backoffice/Clients/Registration/select_status' 

2018-10-12 13:06:15 - [MESSAGE][PASSED] - All options with value '1' are selected in object 'Object Repository/Backoffice/Clients/Registration/select_status' 

2018-10-12 13:06:15 - [TEST_STEP][PASSED] - delay: Delayed 2 second(s)

2018-10-12 13:06:17 - [MESSAGE][PASSED] - Delayed 2 second(s)

2018-10-12 13:06:17 - [TEST_STEP][PASSED] - click: Object: 'Object Repository/Backoffice/Clients/Registration/button_Submit' is clicked on

2018-10-12 13:06:18 - [MESSAGE][PASSED] - Object: 'Object Repository/Backoffice/Clients/Registration/button_Submit' is clicked on

2018-10-12 13:06:18 - [TEST_STEP][PASSED] - delay: Delayed 2 second(s)

2018-10-12 13:06:20 - [MESSAGE][PASSED] - Delayed 2 second(s)]]></system-out>
         <system-err><![CDATA[]]></system-err>
      </testcase>
      <testcase name="Test Cases/Backoffice/RegisterAccount" classname="Test Cases/Backoffice/RegisterAccount" status="PASSED">
         <system-out><![CDATA[2018-10-12 13:06:20 - [TEST_CASE][PASSED] - Test Cases/Backoffice/RegisterAccount: Test Cases/Backoffice/RegisterAccount

2018-10-12 13:06:20 - [TEST_STEP][PASSED] - focus: Object: 'Object Repository/Backoffice/Clients/Clients' is focused

2018-10-12 13:06:20 - [MESSAGE][PASSED] - Object: 'Object Repository/Backoffice/Clients/Clients' is focused

2018-10-12 13:06:20 - [TEST_STEP][PASSED] - verifyElementPresent: Object 'Object Repository/Backoffice/Clients/Client Registration' is present

2018-10-12 13:06:20 - [MESSAGE][PASSED] - Object 'Object Repository/Backoffice/Clients/Client Registration' is present

2018-10-12 13:06:20 - [TEST_STEP][PASSED] - click: Object: 'Object Repository/Backoffice/Clients/Client Registration' is clicked on

2018-10-12 13:06:21 - [MESSAGE][PASSED] - Object: 'Object Repository/Backoffice/Clients/Client Registration' is clicked on

2018-10-12 13:06:21 - [TEST_STEP][PASSED] - setText: Text 'anodeamidships' is set on object 'Object Repository/Backoffice/Clients/Registration/input_username'

2018-10-12 13:06:21 - [MESSAGE][PASSED] - Text 'anodeamidships' is set on object 'Object Repository/Backoffice/Clients/Registration/input_username'

2018-10-12 13:06:21 - [TEST_STEP][PASSED] - setText: Text '123123' is set on object 'Object Repository/Backoffice/Clients/Registration/input_password'

2018-10-12 13:06:21 - [MESSAGE][PASSED] - Text '123123' is set on object 'Object Repository/Backoffice/Clients/Registration/input_password'

2018-10-12 13:06:21 - [TEST_STEP][PASSED] - setText: Text '123123' is set on object 'Object Repository/Backoffice/Clients/Registration/input_confirmp'

2018-10-12 13:06:21 - [MESSAGE][PASSED] - Text '123123' is set on object 'Object Repository/Backoffice/Clients/Registration/input_confirmp'

2018-10-12 13:06:21 - [TEST_STEP][PASSED] - selectOptionByValue: All options with value 'test' are selected in object 'Object Repository/Backoffice/Clients/Registration/select_operatorcode' 

2018-10-12 13:06:21 - [MESSAGE][PASSED] - All options with value 'test' are selected in object 'Object Repository/Backoffice/Clients/Registration/select_operatorcode' 

2018-10-12 13:06:21 - [TEST_STEP][PASSED] - selectOptionByValue: All options with value '1' are selected in object 'Object Repository/Backoffice/Clients/Registration/select_status' 

2018-10-12 13:06:21 - [MESSAGE][PASSED] - All options with value '1' are selected in object 'Object Repository/Backoffice/Clients/Registration/select_status' 

2018-10-12 13:06:21 - [TEST_STEP][PASSED] - delay: Delayed 2 second(s)

2018-10-12 13:06:23 - [MESSAGE][PASSED] - Delayed 2 second(s)

2018-10-12 13:06:23 - [TEST_STEP][PASSED] - click: Object: 'Object Repository/Backoffice/Clients/Registration/button_Submit' is clicked on

2018-10-12 13:06:24 - [MESSAGE][PASSED] - Object: 'Object Repository/Backoffice/Clients/Registration/button_Submit' is clicked on

2018-10-12 13:06:24 - [TEST_STEP][PASSED] - delay: Delayed 2 second(s)

2018-10-12 13:06:26 - [MESSAGE][PASSED] - Delayed 2 second(s)]]></system-out>
         <system-err><![CDATA[]]></system-err>
      </testcase>
      <testcase name="Test Cases/Backoffice/RegisterAccount" classname="Test Cases/Backoffice/RegisterAccount" status="PASSED">
         <system-out><![CDATA[2018-10-12 13:06:26 - [TEST_CASE][PASSED] - Test Cases/Backoffice/RegisterAccount: Test Cases/Backoffice/RegisterAccount

2018-10-12 13:06:26 - [TEST_STEP][PASSED] - focus: Object: 'Object Repository/Backoffice/Clients/Clients' is focused

2018-10-12 13:06:27 - [MESSAGE][PASSED] - Object: 'Object Repository/Backoffice/Clients/Clients' is focused

2018-10-12 13:06:27 - [TEST_STEP][PASSED] - verifyElementPresent: Object 'Object Repository/Backoffice/Clients/Client Registration' is present

2018-10-12 13:06:27 - [MESSAGE][PASSED] - Object 'Object Repository/Backoffice/Clients/Client Registration' is present

2018-10-12 13:06:27 - [TEST_STEP][PASSED] - click: Object: 'Object Repository/Backoffice/Clients/Client Registration' is clicked on

2018-10-12 13:06:27 - [MESSAGE][PASSED] - Object: 'Object Repository/Backoffice/Clients/Client Registration' is clicked on

2018-10-12 13:06:27 - [TEST_STEP][PASSED] - setText: Text 'barkbiping' is set on object 'Object Repository/Backoffice/Clients/Registration/input_username'

2018-10-12 13:06:27 - [MESSAGE][PASSED] - Text 'barkbiping' is set on object 'Object Repository/Backoffice/Clients/Registration/input_username'

2018-10-12 13:06:27 - [TEST_STEP][PASSED] - setText: Text '123123' is set on object 'Object Repository/Backoffice/Clients/Registration/input_password'

2018-10-12 13:06:27 - [MESSAGE][PASSED] - Text '123123' is set on object 'Object Repository/Backoffice/Clients/Registration/input_password'

2018-10-12 13:06:27 - [TEST_STEP][PASSED] - setText: Text '123123' is set on object 'Object Repository/Backoffice/Clients/Registration/input_confirmp'

2018-10-12 13:06:27 - [MESSAGE][PASSED] - Text '123123' is set on object 'Object Repository/Backoffice/Clients/Registration/input_confirmp'

2018-10-12 13:06:27 - [TEST_STEP][PASSED] - selectOptionByValue: All options with value 'test' are selected in object 'Object Repository/Backoffice/Clients/Registration/select_operatorcode' 

2018-10-12 13:06:27 - [MESSAGE][PASSED] - All options with value 'test' are selected in object 'Object Repository/Backoffice/Clients/Registration/select_operatorcode' 

2018-10-12 13:06:27 - [TEST_STEP][PASSED] - selectOptionByValue: All options with value '1' are selected in object 'Object Repository/Backoffice/Clients/Registration/select_status' 

2018-10-12 13:06:28 - [MESSAGE][PASSED] - All options with value '1' are selected in object 'Object Repository/Backoffice/Clients/Registration/select_status' 

2018-10-12 13:06:28 - [TEST_STEP][PASSED] - delay: Delayed 2 second(s)

2018-10-12 13:06:30 - [MESSAGE][PASSED] - Delayed 2 second(s)

2018-10-12 13:06:30 - [TEST_STEP][PASSED] - click: Object: 'Object Repository/Backoffice/Clients/Registration/button_Submit' is clicked on

2018-10-12 13:06:31 - [MESSAGE][PASSED] - Object: 'Object Repository/Backoffice/Clients/Registration/button_Submit' is clicked on

2018-10-12 13:06:31 - [TEST_STEP][PASSED] - delay: Delayed 2 second(s)

2018-10-12 13:06:33 - [MESSAGE][PASSED] - Delayed 2 second(s)]]></system-out>
         <system-err><![CDATA[]]></system-err>
      </testcase>
      <testcase name="Test Cases/Backoffice/RegisterAccount" classname="Test Cases/Backoffice/RegisterAccount" status="PASSED">
         <system-out><![CDATA[2018-10-12 13:06:33 - [TEST_CASE][PASSED] - Test Cases/Backoffice/RegisterAccount: Test Cases/Backoffice/RegisterAccount

2018-10-12 13:06:33 - [TEST_STEP][PASSED] - focus: Object: 'Object Repository/Backoffice/Clients/Clients' is focused

2018-10-12 13:06:33 - [MESSAGE][PASSED] - Object: 'Object Repository/Backoffice/Clients/Clients' is focused

2018-10-12 13:06:33 - [TEST_STEP][PASSED] - verifyElementPresent: Object 'Object Repository/Backoffice/Clients/Client Registration' is present

2018-10-12 13:06:33 - [MESSAGE][PASSED] - Object 'Object Repository/Backoffice/Clients/Client Registration' is present

2018-10-12 13:06:33 - [TEST_STEP][PASSED] - click: Object: 'Object Repository/Backoffice/Clients/Client Registration' is clicked on

2018-10-12 13:06:33 - [MESSAGE][PASSED] - Object: 'Object Repository/Backoffice/Clients/Client Registration' is clicked on

2018-10-12 13:06:33 - [TEST_STEP][PASSED] - setText: Text 'beginnerbatter' is set on object 'Object Repository/Backoffice/Clients/Registration/input_username'

2018-10-12 13:06:33 - [MESSAGE][PASSED] - Text 'beginnerbatter' is set on object 'Object Repository/Backoffice/Clients/Registration/input_username'

2018-10-12 13:06:33 - [TEST_STEP][PASSED] - setText: Text '123123' is set on object 'Object Repository/Backoffice/Clients/Registration/input_password'

2018-10-12 13:06:34 - [MESSAGE][PASSED] - Text '123123' is set on object 'Object Repository/Backoffice/Clients/Registration/input_password'

2018-10-12 13:06:34 - [TEST_STEP][PASSED] - setText: Text '123123' is set on object 'Object Repository/Backoffice/Clients/Registration/input_confirmp'

2018-10-12 13:06:34 - [MESSAGE][PASSED] - Text '123123' is set on object 'Object Repository/Backoffice/Clients/Registration/input_confirmp'

2018-10-12 13:06:34 - [TEST_STEP][PASSED] - selectOptionByValue: All options with value 'test' are selected in object 'Object Repository/Backoffice/Clients/Registration/select_operatorcode' 

2018-10-12 13:06:34 - [MESSAGE][PASSED] - All options with value 'test' are selected in object 'Object Repository/Backoffice/Clients/Registration/select_operatorcode' 

2018-10-12 13:06:34 - [TEST_STEP][PASSED] - selectOptionByValue: All options with value '1' are selected in object 'Object Repository/Backoffice/Clients/Registration/select_status' 

2018-10-12 13:06:34 - [MESSAGE][PASSED] - All options with value '1' are selected in object 'Object Repository/Backoffice/Clients/Registration/select_status' 

2018-10-12 13:06:34 - [TEST_STEP][PASSED] - delay: Delayed 2 second(s)

2018-10-12 13:06:36 - [MESSAGE][PASSED] - Delayed 2 second(s)

2018-10-12 13:06:36 - [TEST_STEP][PASSED] - click: Object: 'Object Repository/Backoffice/Clients/Registration/button_Submit' is clicked on

2018-10-12 13:06:37 - [MESSAGE][PASSED] - Object: 'Object Repository/Backoffice/Clients/Registration/button_Submit' is clicked on

2018-10-12 13:06:37 - [TEST_STEP][PASSED] - delay: Delayed 2 second(s)

2018-10-12 13:06:39 - [MESSAGE][PASSED] - Delayed 2 second(s)]]></system-out>
         <system-err><![CDATA[]]></system-err>
      </testcase>
      <testcase name="Test Cases/Backoffice/RegisterAccount" classname="Test Cases/Backoffice/RegisterAccount" status="PASSED">
         <system-out><![CDATA[2018-10-12 13:06:39 - [TEST_CASE][PASSED] - Test Cases/Backoffice/RegisterAccount: Test Cases/Backoffice/RegisterAccount

2018-10-12 13:06:39 - [TEST_STEP][PASSED] - focus: Object: 'Object Repository/Backoffice/Clients/Clients' is focused

2018-10-12 13:06:39 - [MESSAGE][PASSED] - Object: 'Object Repository/Backoffice/Clients/Clients' is focused

2018-10-12 13:06:39 - [TEST_STEP][PASSED] - verifyElementPresent: Object 'Object Repository/Backoffice/Clients/Client Registration' is present

2018-10-12 13:06:39 - [MESSAGE][PASSED] - Object 'Object Repository/Backoffice/Clients/Client Registration' is present

2018-10-12 13:06:39 - [TEST_STEP][PASSED] - click: Object: 'Object Repository/Backoffice/Clients/Client Registration' is clicked on

2018-10-12 13:06:39 - [MESSAGE][PASSED] - Object: 'Object Repository/Backoffice/Clients/Client Registration' is clicked on

2018-10-12 13:06:39 - [TEST_STEP][PASSED] - setText: Text 'bowerbessel' is set on object 'Object Repository/Backoffice/Clients/Registration/input_username'

2018-10-12 13:06:39 - [MESSAGE][PASSED] - Text 'bowerbessel' is set on object 'Object Repository/Backoffice/Clients/Registration/input_username'

2018-10-12 13:06:39 - [TEST_STEP][PASSED] - setText: Text '123123' is set on object 'Object Repository/Backoffice/Clients/Registration/input_password'

2018-10-12 13:06:40 - [MESSAGE][PASSED] - Text '123123' is set on object 'Object Repository/Backoffice/Clients/Registration/input_password'

2018-10-12 13:06:40 - [TEST_STEP][PASSED] - setText: Text '123123' is set on object 'Object Repository/Backoffice/Clients/Registration/input_confirmp'

2018-10-12 13:06:40 - [MESSAGE][PASSED] - Text '123123' is set on object 'Object Repository/Backoffice/Clients/Registration/input_confirmp'

2018-10-12 13:06:40 - [TEST_STEP][PASSED] - selectOptionByValue: All options with value 'test' are selected in object 'Object Repository/Backoffice/Clients/Registration/select_operatorcode' 

2018-10-12 13:06:40 - [MESSAGE][PASSED] - All options with value 'test' are selected in object 'Object Repository/Backoffice/Clients/Registration/select_operatorcode' 

2018-10-12 13:06:40 - [TEST_STEP][PASSED] - selectOptionByValue: All options with value '1' are selected in object 'Object Repository/Backoffice/Clients/Registration/select_status' 

2018-10-12 13:06:40 - [MESSAGE][PASSED] - All options with value '1' are selected in object 'Object Repository/Backoffice/Clients/Registration/select_status' 

2018-10-12 13:06:40 - [TEST_STEP][PASSED] - delay: Delayed 2 second(s)

2018-10-12 13:06:42 - [MESSAGE][PASSED] - Delayed 2 second(s)

2018-10-12 13:06:42 - [TEST_STEP][PASSED] - click: Object: 'Object Repository/Backoffice/Clients/Registration/button_Submit' is clicked on

2018-10-12 13:06:43 - [MESSAGE][PASSED] - Object: 'Object Repository/Backoffice/Clients/Registration/button_Submit' is clicked on

2018-10-12 13:06:43 - [TEST_STEP][PASSED] - delay: Delayed 2 second(s)

2018-10-12 13:06:45 - [MESSAGE][PASSED] - Delayed 2 second(s)]]></system-out>
         <system-err><![CDATA[]]></system-err>
      </testcase>
      <testcase name="Test Cases/Backoffice/RegisterAccount" classname="Test Cases/Backoffice/RegisterAccount" status="PASSED">
         <system-out><![CDATA[2018-10-12 13:06:45 - [TEST_CASE][PASSED] - Test Cases/Backoffice/RegisterAccount: Test Cases/Backoffice/RegisterAccount

2018-10-12 13:06:45 - [TEST_STEP][PASSED] - focus: Object: 'Object Repository/Backoffice/Clients/Clients' is focused

2018-10-12 13:06:45 - [MESSAGE][PASSED] - Object: 'Object Repository/Backoffice/Clients/Clients' is focused

2018-10-12 13:06:45 - [TEST_STEP][PASSED] - verifyElementPresent: Object 'Object Repository/Backoffice/Clients/Client Registration' is present

2018-10-12 13:06:45 - [MESSAGE][PASSED] - Object 'Object Repository/Backoffice/Clients/Client Registration' is present

2018-10-12 13:06:45 - [TEST_STEP][PASSED] - click: Object: 'Object Repository/Backoffice/Clients/Client Registration' is clicked on

2018-10-12 13:06:46 - [MESSAGE][PASSED] - Object: 'Object Repository/Backoffice/Clients/Client Registration' is clicked on

2018-10-12 13:06:46 - [TEST_STEP][PASSED] - setText: Text 'boilbaked' is set on object 'Object Repository/Backoffice/Clients/Registration/input_username'

2018-10-12 13:06:46 - [MESSAGE][PASSED] - Text 'boilbaked' is set on object 'Object Repository/Backoffice/Clients/Registration/input_username'

2018-10-12 13:06:46 - [TEST_STEP][PASSED] - setText: Text '123123' is set on object 'Object Repository/Backoffice/Clients/Registration/input_password'

2018-10-12 13:06:46 - [MESSAGE][PASSED] - Text '123123' is set on object 'Object Repository/Backoffice/Clients/Registration/input_password'

2018-10-12 13:06:46 - [TEST_STEP][PASSED] - setText: Text '123123' is set on object 'Object Repository/Backoffice/Clients/Registration/input_confirmp'

2018-10-12 13:06:46 - [MESSAGE][PASSED] - Text '123123' is set on object 'Object Repository/Backoffice/Clients/Registration/input_confirmp'

2018-10-12 13:06:46 - [TEST_STEP][PASSED] - selectOptionByValue: All options with value 'test' are selected in object 'Object Repository/Backoffice/Clients/Registration/select_operatorcode' 

2018-10-12 13:06:46 - [MESSAGE][PASSED] - All options with value 'test' are selected in object 'Object Repository/Backoffice/Clients/Registration/select_operatorcode' 

2018-10-12 13:06:46 - [TEST_STEP][PASSED] - selectOptionByValue: All options with value '1' are selected in object 'Object Repository/Backoffice/Clients/Registration/select_status' 

2018-10-12 13:06:46 - [MESSAGE][PASSED] - All options with value '1' are selected in object 'Object Repository/Backoffice/Clients/Registration/select_status' 

2018-10-12 13:06:46 - [TEST_STEP][PASSED] - delay: Delayed 2 second(s)

2018-10-12 13:06:48 - [MESSAGE][PASSED] - Delayed 2 second(s)

2018-10-12 13:06:48 - [TEST_STEP][PASSED] - click: Object: 'Object Repository/Backoffice/Clients/Registration/button_Submit' is clicked on

2018-10-12 13:06:49 - [MESSAGE][PASSED] - Object: 'Object Repository/Backoffice/Clients/Registration/button_Submit' is clicked on

2018-10-12 13:06:49 - [TEST_STEP][PASSED] - delay: Delayed 2 second(s)

2018-10-12 13:06:51 - [MESSAGE][PASSED] - Delayed 2 second(s)]]></system-out>
         <system-err><![CDATA[]]></system-err>
      </testcase>
      <testcase name="Test Cases/Backoffice/RegisterAccount" classname="Test Cases/Backoffice/RegisterAccount" status="PASSED">
         <system-out><![CDATA[2018-10-12 13:06:51 - [TEST_CASE][PASSED] - Test Cases/Backoffice/RegisterAccount: Test Cases/Backoffice/RegisterAccount

2018-10-12 13:06:51 - [TEST_STEP][PASSED] - focus: Object: 'Object Repository/Backoffice/Clients/Clients' is focused

2018-10-12 13:06:51 - [MESSAGE][PASSED] - Object: 'Object Repository/Backoffice/Clients/Clients' is focused

2018-10-12 13:06:51 - [TEST_STEP][PASSED] - verifyElementPresent: Object 'Object Repository/Backoffice/Clients/Client Registration' is present

2018-10-12 13:06:51 - [MESSAGE][PASSED] - Object 'Object Repository/Backoffice/Clients/Client Registration' is present

2018-10-12 13:06:51 - [TEST_STEP][PASSED] - click: Object: 'Object Repository/Backoffice/Clients/Client Registration' is clicked on

2018-10-12 13:06:52 - [MESSAGE][PASSED] - Object: 'Object Repository/Backoffice/Clients/Client Registration' is clicked on

2018-10-12 13:06:52 - [TEST_STEP][PASSED] - setText: Text 'broafbogeyman' is set on object 'Object Repository/Backoffice/Clients/Registration/input_username'

2018-10-12 13:06:52 - [MESSAGE][PASSED] - Text 'broafbogeyman' is set on object 'Object Repository/Backoffice/Clients/Registration/input_username'

2018-10-12 13:06:52 - [TEST_STEP][PASSED] - setText: Text '123123' is set on object 'Object Repository/Backoffice/Clients/Registration/input_password'

2018-10-12 13:06:52 - [MESSAGE][PASSED] - Text '123123' is set on object 'Object Repository/Backoffice/Clients/Registration/input_password'

2018-10-12 13:06:52 - [TEST_STEP][PASSED] - setText: Text '123123' is set on object 'Object Repository/Backoffice/Clients/Registration/input_confirmp'

2018-10-12 13:06:52 - [MESSAGE][PASSED] - Text '123123' is set on object 'Object Repository/Backoffice/Clients/Registration/input_confirmp'

2018-10-12 13:06:52 - [TEST_STEP][PASSED] - selectOptionByValue: All options with value 'test' are selected in object 'Object Repository/Backoffice/Clients/Registration/select_operatorcode' 

2018-10-12 13:06:52 - [MESSAGE][PASSED] - All options with value 'test' are selected in object 'Object Repository/Backoffice/Clients/Registration/select_operatorcode' 

2018-10-12 13:06:52 - [TEST_STEP][PASSED] - selectOptionByValue: All options with value '1' are selected in object 'Object Repository/Backoffice/Clients/Registration/select_status' 

2018-10-12 13:06:52 - [MESSAGE][PASSED] - All options with value '1' are selected in object 'Object Repository/Backoffice/Clients/Registration/select_status' 

2018-10-12 13:06:52 - [TEST_STEP][PASSED] - delay: Delayed 2 second(s)

2018-10-12 13:06:54 - [MESSAGE][PASSED] - Delayed 2 second(s)

2018-10-12 13:06:54 - [TEST_STEP][PASSED] - click: Object: 'Object Repository/Backoffice/Clients/Registration/button_Submit' is clicked on

2018-10-12 13:06:55 - [MESSAGE][PASSED] - Object: 'Object Repository/Backoffice/Clients/Registration/button_Submit' is clicked on

2018-10-12 13:06:55 - [TEST_STEP][PASSED] - delay: Delayed 2 second(s)

2018-10-12 13:06:57 - [MESSAGE][PASSED] - Delayed 2 second(s)]]></system-out>
         <system-err><![CDATA[]]></system-err>
      </testcase>
      <testcase name="Test Cases/Backoffice/RegisterAccount" classname="Test Cases/Backoffice/RegisterAccount" status="PASSED">
         <system-out><![CDATA[2018-10-12 13:06:57 - [TEST_CASE][PASSED] - Test Cases/Backoffice/RegisterAccount: Test Cases/Backoffice/RegisterAccount

2018-10-12 13:06:57 - [TEST_STEP][PASSED] - focus: Object: 'Object Repository/Backoffice/Clients/Clients' is focused

2018-10-12 13:06:57 - [MESSAGE][PASSED] - Object: 'Object Repository/Backoffice/Clients/Clients' is focused

2018-10-12 13:06:57 - [TEST_STEP][PASSED] - verifyElementPresent: Object 'Object Repository/Backoffice/Clients/Client Registration' is present

2018-10-12 13:06:57 - [MESSAGE][PASSED] - Object 'Object Repository/Backoffice/Clients/Client Registration' is present

2018-10-12 13:06:57 - [TEST_STEP][PASSED] - click: Object: 'Object Repository/Backoffice/Clients/Client Registration' is clicked on

2018-10-12 13:06:58 - [MESSAGE][PASSED] - Object: 'Object Repository/Backoffice/Clients/Client Registration' is clicked on

2018-10-12 13:06:58 - [TEST_STEP][PASSED] - setText: Text 'beatherbat' is set on object 'Object Repository/Backoffice/Clients/Registration/input_username'

2018-10-12 13:06:58 - [MESSAGE][PASSED] - Text 'beatherbat' is set on object 'Object Repository/Backoffice/Clients/Registration/input_username'

2018-10-12 13:06:58 - [TEST_STEP][PASSED] - setText: Text '123123' is set on object 'Object Repository/Backoffice/Clients/Registration/input_password'

2018-10-12 13:06:58 - [MESSAGE][PASSED] - Text '123123' is set on object 'Object Repository/Backoffice/Clients/Registration/input_password'

2018-10-12 13:06:58 - [TEST_STEP][PASSED] - setText: Text '123123' is set on object 'Object Repository/Backoffice/Clients/Registration/input_confirmp'

2018-10-12 13:06:58 - [MESSAGE][PASSED] - Text '123123' is set on object 'Object Repository/Backoffice/Clients/Registration/input_confirmp'

2018-10-12 13:06:58 - [TEST_STEP][PASSED] - selectOptionByValue: All options with value 'test' are selected in object 'Object Repository/Backoffice/Clients/Registration/select_operatorcode' 

2018-10-12 13:06:58 - [MESSAGE][PASSED] - All options with value 'test' are selected in object 'Object Repository/Backoffice/Clients/Registration/select_operatorcode' 

2018-10-12 13:06:58 - [TEST_STEP][PASSED] - selectOptionByValue: All options with value '1' are selected in object 'Object Repository/Backoffice/Clients/Registration/select_status' 

2018-10-12 13:06:59 - [MESSAGE][PASSED] - All options with value '1' are selected in object 'Object Repository/Backoffice/Clients/Registration/select_status' 

2018-10-12 13:06:59 - [TEST_STEP][PASSED] - delay: Delayed 2 second(s)

2018-10-12 13:07:01 - [MESSAGE][PASSED] - Delayed 2 second(s)

2018-10-12 13:07:01 - [TEST_STEP][PASSED] - click: Object: 'Object Repository/Backoffice/Clients/Registration/button_Submit' is clicked on

2018-10-12 13:07:01 - [MESSAGE][PASSED] - Object: 'Object Repository/Backoffice/Clients/Registration/button_Submit' is clicked on

2018-10-12 13:07:01 - [TEST_STEP][PASSED] - delay: Delayed 2 second(s)

2018-10-12 13:07:03 - [MESSAGE][PASSED] - Delayed 2 second(s)]]></system-out>
         <system-err><![CDATA[]]></system-err>
      </testcase>
      <testcase name="Test Cases/Backoffice/RegisterAccount" classname="Test Cases/Backoffice/RegisterAccount" status="PASSED">
         <system-out><![CDATA[2018-10-12 13:07:03 - [TEST_CASE][PASSED] - Test Cases/Backoffice/RegisterAccount: Test Cases/Backoffice/RegisterAccount

2018-10-12 13:07:03 - [TEST_STEP][PASSED] - focus: Object: 'Object Repository/Backoffice/Clients/Clients' is focused

2018-10-12 13:07:03 - [MESSAGE][PASSED] - Object: 'Object Repository/Backoffice/Clients/Clients' is focused

2018-10-12 13:07:03 - [TEST_STEP][PASSED] - verifyElementPresent: Object 'Object Repository/Backoffice/Clients/Client Registration' is present

2018-10-12 13:07:03 - [MESSAGE][PASSED] - Object 'Object Repository/Backoffice/Clients/Client Registration' is present

2018-10-12 13:07:03 - [TEST_STEP][PASSED] - click: Object: 'Object Repository/Backoffice/Clients/Client Registration' is clicked on

2018-10-12 13:07:04 - [MESSAGE][PASSED] - Object: 'Object Repository/Backoffice/Clients/Client Registration' is clicked on

2018-10-12 13:07:04 - [TEST_STEP][PASSED] - setText: Text 'beenbutty' is set on object 'Object Repository/Backoffice/Clients/Registration/input_username'

2018-10-12 13:07:04 - [MESSAGE][PASSED] - Text 'beenbutty' is set on object 'Object Repository/Backoffice/Clients/Registration/input_username'

2018-10-12 13:07:04 - [TEST_STEP][PASSED] - setText: Text '123123' is set on object 'Object Repository/Backoffice/Clients/Registration/input_password'

2018-10-12 13:07:04 - [MESSAGE][PASSED] - Text '123123' is set on object 'Object Repository/Backoffice/Clients/Registration/input_password'

2018-10-12 13:07:04 - [TEST_STEP][PASSED] - setText: Text '123123' is set on object 'Object Repository/Backoffice/Clients/Registration/input_confirmp'

2018-10-12 13:07:04 - [MESSAGE][PASSED] - Text '123123' is set on object 'Object Repository/Backoffice/Clients/Registration/input_confirmp'

2018-10-12 13:07:04 - [TEST_STEP][PASSED] - selectOptionByValue: All options with value 'test' are selected in object 'Object Repository/Backoffice/Clients/Registration/select_operatorcode' 

2018-10-12 13:07:05 - [MESSAGE][PASSED] - All options with value 'test' are selected in object 'Object Repository/Backoffice/Clients/Registration/select_operatorcode' 

2018-10-12 13:07:05 - [TEST_STEP][PASSED] - selectOptionByValue: All options with value '1' are selected in object 'Object Repository/Backoffice/Clients/Registration/select_status' 

2018-10-12 13:07:05 - [MESSAGE][PASSED] - All options with value '1' are selected in object 'Object Repository/Backoffice/Clients/Registration/select_status' 

2018-10-12 13:07:05 - [TEST_STEP][PASSED] - delay: Delayed 2 second(s)

2018-10-12 13:07:07 - [MESSAGE][PASSED] - Delayed 2 second(s)

2018-10-12 13:07:07 - [TEST_STEP][PASSED] - click: Object: 'Object Repository/Backoffice/Clients/Registration/button_Submit' is clicked on

2018-10-12 13:07:08 - [MESSAGE][PASSED] - Object: 'Object Repository/Backoffice/Clients/Registration/button_Submit' is clicked on

2018-10-12 13:07:08 - [TEST_STEP][PASSED] - delay: Delayed 2 second(s)

2018-10-12 13:07:10 - [MESSAGE][PASSED] - Delayed 2 second(s)]]></system-out>
         <system-err><![CDATA[]]></system-err>
      </testcase>
      <testcase name="Test Cases/Backoffice/RegisterAccount" classname="Test Cases/Backoffice/RegisterAccount" status="PASSED">
         <system-out><![CDATA[2018-10-12 13:07:10 - [TEST_CASE][PASSED] - Test Cases/Backoffice/RegisterAccount: Test Cases/Backoffice/RegisterAccount

2018-10-12 13:07:10 - [TEST_STEP][PASSED] - focus: Object: 'Object Repository/Backoffice/Clients/Clients' is focused

2018-10-12 13:07:10 - [MESSAGE][PASSED] - Object: 'Object Repository/Backoffice/Clients/Clients' is focused

2018-10-12 13:07:10 - [TEST_STEP][PASSED] - verifyElementPresent: Object 'Object Repository/Backoffice/Clients/Client Registration' is present

2018-10-12 13:07:10 - [MESSAGE][PASSED] - Object 'Object Repository/Backoffice/Clients/Client Registration' is present

2018-10-12 13:07:10 - [TEST_STEP][PASSED] - click: Object: 'Object Repository/Backoffice/Clients/Client Registration' is clicked on

2018-10-12 13:07:10 - [MESSAGE][PASSED] - Object: 'Object Repository/Backoffice/Clients/Client Registration' is clicked on

2018-10-12 13:07:10 - [TEST_STEP][PASSED] - setText: Text 'bicyclistbuy' is set on object 'Object Repository/Backoffice/Clients/Registration/input_username'

2018-10-12 13:07:10 - [MESSAGE][PASSED] - Text 'bicyclistbuy' is set on object 'Object Repository/Backoffice/Clients/Registration/input_username'

2018-10-12 13:07:10 - [TEST_STEP][PASSED] - setText: Text '123123' is set on object 'Object Repository/Backoffice/Clients/Registration/input_password'

2018-10-12 13:07:11 - [MESSAGE][PASSED] - Text '123123' is set on object 'Object Repository/Backoffice/Clients/Registration/input_password'

2018-10-12 13:07:11 - [TEST_STEP][PASSED] - setText: Text '123123' is set on object 'Object Repository/Backoffice/Clients/Registration/input_confirmp'

2018-10-12 13:07:11 - [MESSAGE][PASSED] - Text '123123' is set on object 'Object Repository/Backoffice/Clients/Registration/input_confirmp'

2018-10-12 13:07:11 - [TEST_STEP][PASSED] - selectOptionByValue: All options with value 'test' are selected in object 'Object Repository/Backoffice/Clients/Registration/select_operatorcode' 

2018-10-12 13:07:11 - [MESSAGE][PASSED] - All options with value 'test' are selected in object 'Object Repository/Backoffice/Clients/Registration/select_operatorcode' 

2018-10-12 13:07:11 - [TEST_STEP][PASSED] - selectOptionByValue: All options with value '1' are selected in object 'Object Repository/Backoffice/Clients/Registration/select_status' 

2018-10-12 13:07:11 - [MESSAGE][PASSED] - All options with value '1' are selected in object 'Object Repository/Backoffice/Clients/Registration/select_status' 

2018-10-12 13:07:11 - [TEST_STEP][PASSED] - delay: Delayed 2 second(s)

2018-10-12 13:07:13 - [MESSAGE][PASSED] - Delayed 2 second(s)

2018-10-12 13:07:13 - [TEST_STEP][PASSED] - click: Object: 'Object Repository/Backoffice/Clients/Registration/button_Submit' is clicked on

2018-10-12 13:07:14 - [MESSAGE][PASSED] - Object: 'Object Repository/Backoffice/Clients/Registration/button_Submit' is clicked on

2018-10-12 13:07:14 - [TEST_STEP][PASSED] - delay: Delayed 2 second(s)

2018-10-12 13:07:16 - [MESSAGE][PASSED] - Delayed 2 second(s)]]></system-out>
         <system-err><![CDATA[]]></system-err>
      </testcase>
      <testcase name="Test Cases/Backoffice/RegisterAccount" classname="Test Cases/Backoffice/RegisterAccount" status="PASSED">
         <system-out><![CDATA[2018-10-12 13:07:16 - [TEST_CASE][PASSED] - Test Cases/Backoffice/RegisterAccount: Test Cases/Backoffice/RegisterAccount

2018-10-12 13:07:16 - [TEST_STEP][PASSED] - focus: Object: 'Object Repository/Backoffice/Clients/Clients' is focused

2018-10-12 13:07:16 - [MESSAGE][PASSED] - Object: 'Object Repository/Backoffice/Clients/Clients' is focused

2018-10-12 13:07:16 - [TEST_STEP][PASSED] - verifyElementPresent: Object 'Object Repository/Backoffice/Clients/Client Registration' is present

2018-10-12 13:07:16 - [MESSAGE][PASSED] - Object 'Object Repository/Backoffice/Clients/Client Registration' is present

2018-10-12 13:07:16 - [TEST_STEP][PASSED] - click: Object: 'Object Repository/Backoffice/Clients/Client Registration' is clicked on

2018-10-12 13:07:17 - [MESSAGE][PASSED] - Object: 'Object Repository/Backoffice/Clients/Client Registration' is clicked on

2018-10-12 13:07:17 - [TEST_STEP][PASSED] - setText: Text 'borrowingbubbed' is set on object 'Object Repository/Backoffice/Clients/Registration/input_username'

2018-10-12 13:07:17 - [MESSAGE][PASSED] - Text 'borrowingbubbed' is set on object 'Object Repository/Backoffice/Clients/Registration/input_username'

2018-10-12 13:07:17 - [TEST_STEP][PASSED] - setText: Text '123123' is set on object 'Object Repository/Backoffice/Clients/Registration/input_password'

2018-10-12 13:07:17 - [MESSAGE][PASSED] - Text '123123' is set on object 'Object Repository/Backoffice/Clients/Registration/input_password'

2018-10-12 13:07:17 - [TEST_STEP][PASSED] - setText: Text '123123' is set on object 'Object Repository/Backoffice/Clients/Registration/input_confirmp'

2018-10-12 13:07:17 - [MESSAGE][PASSED] - Text '123123' is set on object 'Object Repository/Backoffice/Clients/Registration/input_confirmp'

2018-10-12 13:07:17 - [TEST_STEP][PASSED] - selectOptionByValue: All options with value 'test' are selected in object 'Object Repository/Backoffice/Clients/Registration/select_operatorcode' 

2018-10-12 13:07:17 - [MESSAGE][PASSED] - All options with value 'test' are selected in object 'Object Repository/Backoffice/Clients/Registration/select_operatorcode' 

2018-10-12 13:07:17 - [TEST_STEP][PASSED] - selectOptionByValue: All options with value '1' are selected in object 'Object Repository/Backoffice/Clients/Registration/select_status' 

2018-10-12 13:07:17 - [MESSAGE][PASSED] - All options with value '1' are selected in object 'Object Repository/Backoffice/Clients/Registration/select_status' 

2018-10-12 13:07:17 - [TEST_STEP][PASSED] - delay: Delayed 2 second(s)

2018-10-12 13:07:19 - [MESSAGE][PASSED] - Delayed 2 second(s)

2018-10-12 13:07:19 - [TEST_STEP][PASSED] - click: Object: 'Object Repository/Backoffice/Clients/Registration/button_Submit' is clicked on

2018-10-12 13:07:20 - [MESSAGE][PASSED] - Object: 'Object Repository/Backoffice/Clients/Registration/button_Submit' is clicked on

2018-10-12 13:07:20 - [TEST_STEP][PASSED] - delay: Delayed 2 second(s)

2018-10-12 13:07:22 - [MESSAGE][PASSED] - Delayed 2 second(s)]]></system-out>
         <system-err><![CDATA[]]></system-err>
      </testcase>
      <testcase name="Test Cases/Backoffice/RegisterAccount" classname="Test Cases/Backoffice/RegisterAccount" status="PASSED">
         <system-out><![CDATA[2018-10-12 13:07:22 - [TEST_CASE][PASSED] - Test Cases/Backoffice/RegisterAccount: Test Cases/Backoffice/RegisterAccount

2018-10-12 13:07:22 - [TEST_STEP][PASSED] - focus: Object: 'Object Repository/Backoffice/Clients/Clients' is focused

2018-10-12 13:07:22 - [MESSAGE][PASSED] - Object: 'Object Repository/Backoffice/Clients/Clients' is focused

2018-10-12 13:07:22 - [TEST_STEP][PASSED] - verifyElementPresent: Object 'Object Repository/Backoffice/Clients/Client Registration' is present

2018-10-12 13:07:22 - [MESSAGE][PASSED] - Object 'Object Repository/Backoffice/Clients/Client Registration' is present

2018-10-12 13:07:22 - [TEST_STEP][PASSED] - click: Object: 'Object Repository/Backoffice/Clients/Client Registration' is clicked on

2018-10-12 13:07:23 - [MESSAGE][PASSED] - Object: 'Object Repository/Backoffice/Clients/Client Registration' is clicked on

2018-10-12 13:07:23 - [TEST_STEP][PASSED] - setText: Text 'bunnerbitts' is set on object 'Object Repository/Backoffice/Clients/Registration/input_username'

2018-10-12 13:07:23 - [MESSAGE][PASSED] - Text 'bunnerbitts' is set on object 'Object Repository/Backoffice/Clients/Registration/input_username'

2018-10-12 13:07:23 - [TEST_STEP][PASSED] - setText: Text '123123' is set on object 'Object Repository/Backoffice/Clients/Registration/input_password'

2018-10-12 13:07:23 - [MESSAGE][PASSED] - Text '123123' is set on object 'Object Repository/Backoffice/Clients/Registration/input_password'

2018-10-12 13:07:23 - [TEST_STEP][PASSED] - setText: Text '123123' is set on object 'Object Repository/Backoffice/Clients/Registration/input_confirmp'

2018-10-12 13:07:23 - [MESSAGE][PASSED] - Text '123123' is set on object 'Object Repository/Backoffice/Clients/Registration/input_confirmp'

2018-10-12 13:07:23 - [TEST_STEP][PASSED] - selectOptionByValue: All options with value 'test' are selected in object 'Object Repository/Backoffice/Clients/Registration/select_operatorcode' 

2018-10-12 13:07:23 - [MESSAGE][PASSED] - All options with value 'test' are selected in object 'Object Repository/Backoffice/Clients/Registration/select_operatorcode' 

2018-10-12 13:07:23 - [TEST_STEP][PASSED] - selectOptionByValue: All options with value '1' are selected in object 'Object Repository/Backoffice/Clients/Registration/select_status' 

2018-10-12 13:07:24 - [MESSAGE][PASSED] - All options with value '1' are selected in object 'Object Repository/Backoffice/Clients/Registration/select_status' 

2018-10-12 13:07:24 - [TEST_STEP][PASSED] - delay: Delayed 2 second(s)

2018-10-12 13:07:26 - [MESSAGE][PASSED] - Delayed 2 second(s)

2018-10-12 13:07:26 - [TEST_STEP][PASSED] - click: Object: 'Object Repository/Backoffice/Clients/Registration/button_Submit' is clicked on

2018-10-12 13:07:27 - [MESSAGE][PASSED] - Object: 'Object Repository/Backoffice/Clients/Registration/button_Submit' is clicked on

2018-10-12 13:07:27 - [TEST_STEP][PASSED] - delay: Delayed 2 second(s)

2018-10-12 13:07:29 - [MESSAGE][PASSED] - Delayed 2 second(s)]]></system-out>
         <system-err><![CDATA[]]></system-err>
      </testcase>
      <testcase name="Test Cases/Backoffice/RegisterAccount" classname="Test Cases/Backoffice/RegisterAccount" status="PASSED">
         <system-out><![CDATA[2018-10-12 13:07:29 - [TEST_CASE][PASSED] - Test Cases/Backoffice/RegisterAccount: Test Cases/Backoffice/RegisterAccount

2018-10-12 13:07:29 - [TEST_STEP][PASSED] - focus: Object: 'Object Repository/Backoffice/Clients/Clients' is focused

2018-10-12 13:07:29 - [MESSAGE][PASSED] - Object: 'Object Repository/Backoffice/Clients/Clients' is focused

2018-10-12 13:07:29 - [TEST_STEP][PASSED] - verifyElementPresent: Object 'Object Repository/Backoffice/Clients/Client Registration' is present

2018-10-12 13:07:29 - [MESSAGE][PASSED] - Object 'Object Repository/Backoffice/Clients/Client Registration' is present

2018-10-12 13:07:29 - [TEST_STEP][PASSED] - click: Object: 'Object Repository/Backoffice/Clients/Client Registration' is clicked on

2018-10-12 13:07:29 - [MESSAGE][PASSED] - Object: 'Object Repository/Backoffice/Clients/Client Registration' is clicked on

2018-10-12 13:07:29 - [TEST_STEP][PASSED] - setText: Text 'bogbarber' is set on object 'Object Repository/Backoffice/Clients/Registration/input_username'

2018-10-12 13:07:29 - [MESSAGE][PASSED] - Text 'bogbarber' is set on object 'Object Repository/Backoffice/Clients/Registration/input_username'

2018-10-12 13:07:29 - [TEST_STEP][PASSED] - setText: Text '123123' is set on object 'Object Repository/Backoffice/Clients/Registration/input_password'

2018-10-12 13:07:29 - [MESSAGE][PASSED] - Text '123123' is set on object 'Object Repository/Backoffice/Clients/Registration/input_password'

2018-10-12 13:07:29 - [TEST_STEP][PASSED] - setText: Text '123123' is set on object 'Object Repository/Backoffice/Clients/Registration/input_confirmp'

2018-10-12 13:07:30 - [MESSAGE][PASSED] - Text '123123' is set on object 'Object Repository/Backoffice/Clients/Registration/input_confirmp'

2018-10-12 13:07:30 - [TEST_STEP][PASSED] - selectOptionByValue: All options with value 'test' are selected in object 'Object Repository/Backoffice/Clients/Registration/select_operatorcode' 

2018-10-12 13:07:30 - [MESSAGE][PASSED] - All options with value 'test' are selected in object 'Object Repository/Backoffice/Clients/Registration/select_operatorcode' 

2018-10-12 13:07:30 - [TEST_STEP][PASSED] - selectOptionByValue: All options with value '1' are selected in object 'Object Repository/Backoffice/Clients/Registration/select_status' 

2018-10-12 13:07:30 - [MESSAGE][PASSED] - All options with value '1' are selected in object 'Object Repository/Backoffice/Clients/Registration/select_status' 

2018-10-12 13:07:30 - [TEST_STEP][PASSED] - delay: Delayed 2 second(s)

2018-10-12 13:07:32 - [MESSAGE][PASSED] - Delayed 2 second(s)

2018-10-12 13:07:32 - [TEST_STEP][PASSED] - click: Object: 'Object Repository/Backoffice/Clients/Registration/button_Submit' is clicked on

2018-10-12 13:07:33 - [MESSAGE][PASSED] - Object: 'Object Repository/Backoffice/Clients/Registration/button_Submit' is clicked on

2018-10-12 13:07:33 - [TEST_STEP][PASSED] - delay: Delayed 2 second(s)

2018-10-12 13:07:35 - [MESSAGE][PASSED] - Delayed 2 second(s)]]></system-out>
         <system-err><![CDATA[]]></system-err>
      </testcase>
      <testcase name="Test Cases/Backoffice/RegisterAccount" classname="Test Cases/Backoffice/RegisterAccount" status="PASSED">
         <system-out><![CDATA[2018-10-12 13:07:35 - [TEST_CASE][PASSED] - Test Cases/Backoffice/RegisterAccount: Test Cases/Backoffice/RegisterAccount

2018-10-12 13:07:35 - [TEST_STEP][PASSED] - focus: Object: 'Object Repository/Backoffice/Clients/Clients' is focused

2018-10-12 13:07:35 - [MESSAGE][PASSED] - Object: 'Object Repository/Backoffice/Clients/Clients' is focused

2018-10-12 13:07:35 - [TEST_STEP][PASSED] - verifyElementPresent: Object 'Object Repository/Backoffice/Clients/Client Registration' is present

2018-10-12 13:07:35 - [MESSAGE][PASSED] - Object 'Object Repository/Backoffice/Clients/Client Registration' is present

2018-10-12 13:07:35 - [TEST_STEP][PASSED] - click: Object: 'Object Repository/Backoffice/Clients/Client Registration' is clicked on

2018-10-12 13:07:35 - [MESSAGE][PASSED] - Object: 'Object Repository/Backoffice/Clients/Client Registration' is clicked on

2018-10-12 13:07:35 - [TEST_STEP][PASSED] - setText: Text 'britishbearded' is set on object 'Object Repository/Backoffice/Clients/Registration/input_username'

2018-10-12 13:07:35 - [MESSAGE][PASSED] - Text 'britishbearded' is set on object 'Object Repository/Backoffice/Clients/Registration/input_username'

2018-10-12 13:07:35 - [TEST_STEP][PASSED] - setText: Text '123123' is set on object 'Object Repository/Backoffice/Clients/Registration/input_password'

2018-10-12 13:07:36 - [MESSAGE][PASSED] - Text '123123' is set on object 'Object Repository/Backoffice/Clients/Registration/input_password'

2018-10-12 13:07:36 - [TEST_STEP][PASSED] - setText: Text '123123' is set on object 'Object Repository/Backoffice/Clients/Registration/input_confirmp'

2018-10-12 13:07:36 - [MESSAGE][PASSED] - Text '123123' is set on object 'Object Repository/Backoffice/Clients/Registration/input_confirmp'

2018-10-12 13:07:36 - [TEST_STEP][PASSED] - selectOptionByValue: All options with value 'test' are selected in object 'Object Repository/Backoffice/Clients/Registration/select_operatorcode' 

2018-10-12 13:07:36 - [MESSAGE][PASSED] - All options with value 'test' are selected in object 'Object Repository/Backoffice/Clients/Registration/select_operatorcode' 

2018-10-12 13:07:36 - [TEST_STEP][PASSED] - selectOptionByValue: All options with value '1' are selected in object 'Object Repository/Backoffice/Clients/Registration/select_status' 

2018-10-12 13:07:36 - [MESSAGE][PASSED] - All options with value '1' are selected in object 'Object Repository/Backoffice/Clients/Registration/select_status' 

2018-10-12 13:07:36 - [TEST_STEP][PASSED] - delay: Delayed 2 second(s)

2018-10-12 13:07:38 - [MESSAGE][PASSED] - Delayed 2 second(s)

2018-10-12 13:07:38 - [TEST_STEP][PASSED] - click: Object: 'Object Repository/Backoffice/Clients/Registration/button_Submit' is clicked on

2018-10-12 13:07:39 - [MESSAGE][PASSED] - Object: 'Object Repository/Backoffice/Clients/Registration/button_Submit' is clicked on

2018-10-12 13:07:39 - [TEST_STEP][PASSED] - delay: Delayed 2 second(s)

2018-10-12 13:07:41 - [MESSAGE][PASSED] - Delayed 2 second(s)]]></system-out>
         <system-err><![CDATA[]]></system-err>
      </testcase>
      <testcase name="Test Cases/Backoffice/RegisterAccount" classname="Test Cases/Backoffice/RegisterAccount" status="PASSED">
         <system-out><![CDATA[2018-10-12 13:07:41 - [TEST_CASE][PASSED] - Test Cases/Backoffice/RegisterAccount: Test Cases/Backoffice/RegisterAccount

2018-10-12 13:07:41 - [TEST_STEP][PASSED] - focus: Object: 'Object Repository/Backoffice/Clients/Clients' is focused

2018-10-12 13:07:41 - [MESSAGE][PASSED] - Object: 'Object Repository/Backoffice/Clients/Clients' is focused

2018-10-12 13:07:41 - [TEST_STEP][PASSED] - verifyElementPresent: Object 'Object Repository/Backoffice/Clients/Client Registration' is present

2018-10-12 13:07:41 - [MESSAGE][PASSED] - Object 'Object Repository/Backoffice/Clients/Client Registration' is present

2018-10-12 13:07:41 - [TEST_STEP][PASSED] - click: Object: 'Object Repository/Backoffice/Clients/Client Registration' is clicked on

2018-10-12 13:07:41 - [MESSAGE][PASSED] - Object: 'Object Repository/Backoffice/Clients/Client Registration' is clicked on

2018-10-12 13:07:41 - [TEST_STEP][PASSED] - setText: Text 'bowedbased' is set on object 'Object Repository/Backoffice/Clients/Registration/input_username'

2018-10-12 13:07:42 - [MESSAGE][PASSED] - Text 'bowedbased' is set on object 'Object Repository/Backoffice/Clients/Registration/input_username'

2018-10-12 13:07:42 - [TEST_STEP][PASSED] - setText: Text '123123' is set on object 'Object Repository/Backoffice/Clients/Registration/input_password'

2018-10-12 13:07:42 - [MESSAGE][PASSED] - Text '123123' is set on object 'Object Repository/Backoffice/Clients/Registration/input_password'

2018-10-12 13:07:42 - [TEST_STEP][PASSED] - setText: Text '123123' is set on object 'Object Repository/Backoffice/Clients/Registration/input_confirmp'

2018-10-12 13:07:42 - [MESSAGE][PASSED] - Text '123123' is set on object 'Object Repository/Backoffice/Clients/Registration/input_confirmp'

2018-10-12 13:07:42 - [TEST_STEP][PASSED] - selectOptionByValue: All options with value 'test' are selected in object 'Object Repository/Backoffice/Clients/Registration/select_operatorcode' 

2018-10-12 13:07:42 - [MESSAGE][PASSED] - All options with value 'test' are selected in object 'Object Repository/Backoffice/Clients/Registration/select_operatorcode' 

2018-10-12 13:07:42 - [TEST_STEP][PASSED] - selectOptionByValue: All options with value '1' are selected in object 'Object Repository/Backoffice/Clients/Registration/select_status' 

2018-10-12 13:07:42 - [MESSAGE][PASSED] - All options with value '1' are selected in object 'Object Repository/Backoffice/Clients/Registration/select_status' 

2018-10-12 13:07:42 - [TEST_STEP][PASSED] - delay: Delayed 2 second(s)

2018-10-12 13:07:44 - [MESSAGE][PASSED] - Delayed 2 second(s)

2018-10-12 13:07:44 - [TEST_STEP][PASSED] - click: Object: 'Object Repository/Backoffice/Clients/Registration/button_Submit' is clicked on

2018-10-12 13:07:45 - [MESSAGE][PASSED] - Object: 'Object Repository/Backoffice/Clients/Registration/button_Submit' is clicked on

2018-10-12 13:07:45 - [TEST_STEP][PASSED] - delay: Delayed 2 second(s)

2018-10-12 13:07:47 - [MESSAGE][PASSED] - Delayed 2 second(s)]]></system-out>
         <system-err><![CDATA[]]></system-err>
      </testcase>
      <testcase name="Test Cases/Backoffice/RegisterAccount" classname="Test Cases/Backoffice/RegisterAccount" status="PASSED">
         <system-out><![CDATA[2018-10-12 13:07:47 - [TEST_CASE][PASSED] - Test Cases/Backoffice/RegisterAccount: Test Cases/Backoffice/RegisterAccount

2018-10-12 13:07:47 - [TEST_STEP][PASSED] - focus: Object: 'Object Repository/Backoffice/Clients/Clients' is focused

2018-10-12 13:07:47 - [MESSAGE][PASSED] - Object: 'Object Repository/Backoffice/Clients/Clients' is focused

2018-10-12 13:07:47 - [TEST_STEP][PASSED] - verifyElementPresent: Object 'Object Repository/Backoffice/Clients/Client Registration' is present

2018-10-12 13:07:47 - [MESSAGE][PASSED] - Object 'Object Repository/Backoffice/Clients/Client Registration' is present

2018-10-12 13:07:47 - [TEST_STEP][PASSED] - click: Object: 'Object Repository/Backoffice/Clients/Client Registration' is clicked on

2018-10-12 13:07:48 - [MESSAGE][PASSED] - Object: 'Object Repository/Backoffice/Clients/Client Registration' is clicked on

2018-10-12 13:07:48 - [TEST_STEP][PASSED] - setText: Text 'bliceblank' is set on object 'Object Repository/Backoffice/Clients/Registration/input_username'

2018-10-12 13:07:48 - [MESSAGE][PASSED] - Text 'bliceblank' is set on object 'Object Repository/Backoffice/Clients/Registration/input_username'

2018-10-12 13:07:48 - [TEST_STEP][PASSED] - setText: Text '123123' is set on object 'Object Repository/Backoffice/Clients/Registration/input_password'

2018-10-12 13:07:48 - [MESSAGE][PASSED] - Text '123123' is set on object 'Object Repository/Backoffice/Clients/Registration/input_password'

2018-10-12 13:07:48 - [TEST_STEP][PASSED] - setText: Text '123123' is set on object 'Object Repository/Backoffice/Clients/Registration/input_confirmp'

2018-10-12 13:07:48 - [MESSAGE][PASSED] - Text '123123' is set on object 'Object Repository/Backoffice/Clients/Registration/input_confirmp'

2018-10-12 13:07:48 - [TEST_STEP][PASSED] - selectOptionByValue: All options with value 'test' are selected in object 'Object Repository/Backoffice/Clients/Registration/select_operatorcode' 

2018-10-12 13:07:48 - [MESSAGE][PASSED] - All options with value 'test' are selected in object 'Object Repository/Backoffice/Clients/Registration/select_operatorcode' 

2018-10-12 13:07:48 - [TEST_STEP][PASSED] - selectOptionByValue: All options with value '1' are selected in object 'Object Repository/Backoffice/Clients/Registration/select_status' 

2018-10-12 13:07:48 - [MESSAGE][PASSED] - All options with value '1' are selected in object 'Object Repository/Backoffice/Clients/Registration/select_status' 

2018-10-12 13:07:48 - [TEST_STEP][PASSED] - delay: Delayed 2 second(s)

2018-10-12 13:07:50 - [MESSAGE][PASSED] - Delayed 2 second(s)

2018-10-12 13:07:50 - [TEST_STEP][PASSED] - click: Object: 'Object Repository/Backoffice/Clients/Registration/button_Submit' is clicked on

2018-10-12 13:07:51 - [MESSAGE][PASSED] - Object: 'Object Repository/Backoffice/Clients/Registration/button_Submit' is clicked on

2018-10-12 13:07:51 - [TEST_STEP][PASSED] - delay: Delayed 2 second(s)

2018-10-12 13:07:53 - [MESSAGE][PASSED] - Delayed 2 second(s)]]></system-out>
         <system-err><![CDATA[]]></system-err>
      </testcase>
      <testcase name="Test Cases/Backoffice/RegisterAccount" classname="Test Cases/Backoffice/RegisterAccount" status="PASSED">
         <system-out><![CDATA[2018-10-12 13:07:53 - [TEST_CASE][PASSED] - Test Cases/Backoffice/RegisterAccount: Test Cases/Backoffice/RegisterAccount

2018-10-12 13:07:53 - [TEST_STEP][PASSED] - focus: Object: 'Object Repository/Backoffice/Clients/Clients' is focused

2018-10-12 13:07:53 - [MESSAGE][PASSED] - Object: 'Object Repository/Backoffice/Clients/Clients' is focused

2018-10-12 13:07:53 - [TEST_STEP][PASSED] - verifyElementPresent: Object 'Object Repository/Backoffice/Clients/Client Registration' is present

2018-10-12 13:07:53 - [MESSAGE][PASSED] - Object 'Object Repository/Backoffice/Clients/Client Registration' is present

2018-10-12 13:07:53 - [TEST_STEP][PASSED] - click: Object: 'Object Repository/Backoffice/Clients/Client Registration' is clicked on

2018-10-12 13:07:54 - [MESSAGE][PASSED] - Object: 'Object Repository/Backoffice/Clients/Client Registration' is clicked on

2018-10-12 13:07:54 - [TEST_STEP][PASSED] - setText: Text 'battingboulangere' is set on object 'Object Repository/Backoffice/Clients/Registration/input_username'

2018-10-12 13:07:54 - [MESSAGE][PASSED] - Text 'battingboulangere' is set on object 'Object Repository/Backoffice/Clients/Registration/input_username'

2018-10-12 13:07:54 - [TEST_STEP][PASSED] - setText: Text '123123' is set on object 'Object Repository/Backoffice/Clients/Registration/input_password'

2018-10-12 13:07:54 - [MESSAGE][PASSED] - Text '123123' is set on object 'Object Repository/Backoffice/Clients/Registration/input_password'

2018-10-12 13:07:54 - [TEST_STEP][PASSED] - setText: Text '123123' is set on object 'Object Repository/Backoffice/Clients/Registration/input_confirmp'

2018-10-12 13:07:54 - [MESSAGE][PASSED] - Text '123123' is set on object 'Object Repository/Backoffice/Clients/Registration/input_confirmp'

2018-10-12 13:07:54 - [TEST_STEP][PASSED] - selectOptionByValue: All options with value 'test' are selected in object 'Object Repository/Backoffice/Clients/Registration/select_operatorcode' 

2018-10-12 13:07:54 - [MESSAGE][PASSED] - All options with value 'test' are selected in object 'Object Repository/Backoffice/Clients/Registration/select_operatorcode' 

2018-10-12 13:07:54 - [TEST_STEP][PASSED] - selectOptionByValue: All options with value '1' are selected in object 'Object Repository/Backoffice/Clients/Registration/select_status' 

2018-10-12 13:07:54 - [MESSAGE][PASSED] - All options with value '1' are selected in object 'Object Repository/Backoffice/Clients/Registration/select_status' 

2018-10-12 13:07:54 - [TEST_STEP][PASSED] - delay: Delayed 2 second(s)

2018-10-12 13:07:56 - [MESSAGE][PASSED] - Delayed 2 second(s)

2018-10-12 13:07:56 - [TEST_STEP][PASSED] - click: Object: 'Object Repository/Backoffice/Clients/Registration/button_Submit' is clicked on

2018-10-12 13:07:58 - [MESSAGE][PASSED] - Object: 'Object Repository/Backoffice/Clients/Registration/button_Submit' is clicked on

2018-10-12 13:07:58 - [TEST_STEP][PASSED] - delay: Delayed 2 second(s)

2018-10-12 13:08:00 - [MESSAGE][PASSED] - Delayed 2 second(s)]]></system-out>
         <system-err><![CDATA[]]></system-err>
      </testcase>
      <testcase name="Test Cases/Backoffice/RegisterAccount" classname="Test Cases/Backoffice/RegisterAccount" status="PASSED">
         <system-out><![CDATA[2018-10-12 13:08:00 - [TEST_CASE][PASSED] - Test Cases/Backoffice/RegisterAccount: Test Cases/Backoffice/RegisterAccount

2018-10-12 13:08:00 - [TEST_STEP][PASSED] - focus: Object: 'Object Repository/Backoffice/Clients/Clients' is focused

2018-10-12 13:08:00 - [MESSAGE][PASSED] - Object: 'Object Repository/Backoffice/Clients/Clients' is focused

2018-10-12 13:08:00 - [TEST_STEP][PASSED] - verifyElementPresent: Object 'Object Repository/Backoffice/Clients/Client Registration' is present

2018-10-12 13:08:00 - [MESSAGE][PASSED] - Object 'Object Repository/Backoffice/Clients/Client Registration' is present

2018-10-12 13:08:00 - [TEST_STEP][PASSED] - click: Object: 'Object Repository/Backoffice/Clients/Client Registration' is clicked on

2018-10-12 13:08:00 - [MESSAGE][PASSED] - Object: 'Object Repository/Backoffice/Clients/Client Registration' is clicked on

2018-10-12 13:08:00 - [TEST_STEP][PASSED] - setText: Text 'bawdybaseball' is set on object 'Object Repository/Backoffice/Clients/Registration/input_username'

2018-10-12 13:08:00 - [MESSAGE][PASSED] - Text 'bawdybaseball' is set on object 'Object Repository/Backoffice/Clients/Registration/input_username'

2018-10-12 13:08:00 - [TEST_STEP][PASSED] - setText: Text '123123' is set on object 'Object Repository/Backoffice/Clients/Registration/input_password'

2018-10-12 13:08:01 - [MESSAGE][PASSED] - Text '123123' is set on object 'Object Repository/Backoffice/Clients/Registration/input_password'

2018-10-12 13:08:01 - [TEST_STEP][PASSED] - setText: Text '123123' is set on object 'Object Repository/Backoffice/Clients/Registration/input_confirmp'

2018-10-12 13:08:01 - [MESSAGE][PASSED] - Text '123123' is set on object 'Object Repository/Backoffice/Clients/Registration/input_confirmp'

2018-10-12 13:08:01 - [TEST_STEP][PASSED] - selectOptionByValue: All options with value 'test' are selected in object 'Object Repository/Backoffice/Clients/Registration/select_operatorcode' 

2018-10-12 13:08:01 - [MESSAGE][PASSED] - All options with value 'test' are selected in object 'Object Repository/Backoffice/Clients/Registration/select_operatorcode' 

2018-10-12 13:08:01 - [TEST_STEP][PASSED] - selectOptionByValue: All options with value '1' are selected in object 'Object Repository/Backoffice/Clients/Registration/select_status' 

2018-10-12 13:08:01 - [MESSAGE][PASSED] - All options with value '1' are selected in object 'Object Repository/Backoffice/Clients/Registration/select_status' 

2018-10-12 13:08:01 - [TEST_STEP][PASSED] - delay: Delayed 2 second(s)

2018-10-12 13:08:03 - [MESSAGE][PASSED] - Delayed 2 second(s)

2018-10-12 13:08:03 - [TEST_STEP][PASSED] - click: Object: 'Object Repository/Backoffice/Clients/Registration/button_Submit' is clicked on

2018-10-12 13:08:04 - [MESSAGE][PASSED] - Object: 'Object Repository/Backoffice/Clients/Registration/button_Submit' is clicked on

2018-10-12 13:08:04 - [TEST_STEP][PASSED] - delay: Delayed 2 second(s)

2018-10-12 13:08:06 - [MESSAGE][PASSED] - Delayed 2 second(s)]]></system-out>
         <system-err><![CDATA[]]></system-err>
      </testcase>
      <testcase name="Test Cases/Backoffice/RegisterAccount" classname="Test Cases/Backoffice/RegisterAccount" status="PASSED">
         <system-out><![CDATA[2018-10-12 13:08:06 - [TEST_CASE][PASSED] - Test Cases/Backoffice/RegisterAccount: Test Cases/Backoffice/RegisterAccount

2018-10-12 13:08:06 - [TEST_STEP][PASSED] - focus: Object: 'Object Repository/Backoffice/Clients/Clients' is focused

2018-10-12 13:08:06 - [MESSAGE][PASSED] - Object: 'Object Repository/Backoffice/Clients/Clients' is focused

2018-10-12 13:08:06 - [TEST_STEP][PASSED] - verifyElementPresent: Object 'Object Repository/Backoffice/Clients/Client Registration' is present

2018-10-12 13:08:06 - [MESSAGE][PASSED] - Object 'Object Repository/Backoffice/Clients/Client Registration' is present

2018-10-12 13:08:06 - [TEST_STEP][PASSED] - click: Object: 'Object Repository/Backoffice/Clients/Client Registration' is clicked on

2018-10-12 13:08:07 - [MESSAGE][PASSED] - Object: 'Object Repository/Backoffice/Clients/Client Registration' is clicked on

2018-10-12 13:08:07 - [TEST_STEP][PASSED] - setText: Text 'buzzingboxing' is set on object 'Object Repository/Backoffice/Clients/Registration/input_username'

2018-10-12 13:08:07 - [MESSAGE][PASSED] - Text 'buzzingboxing' is set on object 'Object Repository/Backoffice/Clients/Registration/input_username'

2018-10-12 13:08:07 - [TEST_STEP][PASSED] - setText: Text '123123' is set on object 'Object Repository/Backoffice/Clients/Registration/input_password'

2018-10-12 13:08:07 - [MESSAGE][PASSED] - Text '123123' is set on object 'Object Repository/Backoffice/Clients/Registration/input_password'

2018-10-12 13:08:07 - [TEST_STEP][PASSED] - setText: Text '123123' is set on object 'Object Repository/Backoffice/Clients/Registration/input_confirmp'

2018-10-12 13:08:07 - [MESSAGE][PASSED] - Text '123123' is set on object 'Object Repository/Backoffice/Clients/Registration/input_confirmp'

2018-10-12 13:08:07 - [TEST_STEP][PASSED] - selectOptionByValue: All options with value 'test' are selected in object 'Object Repository/Backoffice/Clients/Registration/select_operatorcode' 

2018-10-12 13:08:07 - [MESSAGE][PASSED] - All options with value 'test' are selected in object 'Object Repository/Backoffice/Clients/Registration/select_operatorcode' 

2018-10-12 13:08:07 - [TEST_STEP][PASSED] - selectOptionByValue: All options with value '1' are selected in object 'Object Repository/Backoffice/Clients/Registration/select_status' 

2018-10-12 13:08:07 - [MESSAGE][PASSED] - All options with value '1' are selected in object 'Object Repository/Backoffice/Clients/Registration/select_status' 

2018-10-12 13:08:07 - [TEST_STEP][PASSED] - delay: Delayed 2 second(s)

2018-10-12 13:08:09 - [MESSAGE][PASSED] - Delayed 2 second(s)

2018-10-12 13:08:09 - [TEST_STEP][PASSED] - click: Object: 'Object Repository/Backoffice/Clients/Registration/button_Submit' is clicked on

2018-10-12 13:08:10 - [MESSAGE][PASSED] - Object: 'Object Repository/Backoffice/Clients/Registration/button_Submit' is clicked on

2018-10-12 13:08:10 - [TEST_STEP][PASSED] - delay: Delayed 2 second(s)

2018-10-12 13:08:12 - [MESSAGE][PASSED] - Delayed 2 second(s)]]></system-out>
         <system-err><![CDATA[]]></system-err>
      </testcase>
      <testcase name="Test Cases/Backoffice/RegisterAccount" classname="Test Cases/Backoffice/RegisterAccount" status="PASSED">
         <system-out><![CDATA[2018-10-12 13:08:12 - [TEST_CASE][PASSED] - Test Cases/Backoffice/RegisterAccount: Test Cases/Backoffice/RegisterAccount

2018-10-12 13:08:12 - [TEST_STEP][PASSED] - focus: Object: 'Object Repository/Backoffice/Clients/Clients' is focused

2018-10-12 13:08:12 - [MESSAGE][PASSED] - Object: 'Object Repository/Backoffice/Clients/Clients' is focused

2018-10-12 13:08:12 - [TEST_STEP][PASSED] - verifyElementPresent: Object 'Object Repository/Backoffice/Clients/Client Registration' is present

2018-10-12 13:08:12 - [MESSAGE][PASSED] - Object 'Object Repository/Backoffice/Clients/Client Registration' is present

2018-10-12 13:08:12 - [TEST_STEP][PASSED] - click: Object: 'Object Repository/Backoffice/Clients/Client Registration' is clicked on

2018-10-12 13:08:13 - [MESSAGE][PASSED] - Object: 'Object Repository/Backoffice/Clients/Client Registration' is clicked on

2018-10-12 13:08:13 - [TEST_STEP][PASSED] - setText: Text 'bumpsburst' is set on object 'Object Repository/Backoffice/Clients/Registration/input_username'

2018-10-12 13:08:13 - [MESSAGE][PASSED] - Text 'bumpsburst' is set on object 'Object Repository/Backoffice/Clients/Registration/input_username'

2018-10-12 13:08:13 - [TEST_STEP][PASSED] - setText: Text '123123' is set on object 'Object Repository/Backoffice/Clients/Registration/input_password'

2018-10-12 13:08:13 - [MESSAGE][PASSED] - Text '123123' is set on object 'Object Repository/Backoffice/Clients/Registration/input_password'

2018-10-12 13:08:13 - [TEST_STEP][PASSED] - setText: Text '123123' is set on object 'Object Repository/Backoffice/Clients/Registration/input_confirmp'

2018-10-12 13:08:13 - [MESSAGE][PASSED] - Text '123123' is set on object 'Object Repository/Backoffice/Clients/Registration/input_confirmp'

2018-10-12 13:08:13 - [TEST_STEP][PASSED] - selectOptionByValue: All options with value 'test' are selected in object 'Object Repository/Backoffice/Clients/Registration/select_operatorcode' 

2018-10-12 13:08:13 - [MESSAGE][PASSED] - All options with value 'test' are selected in object 'Object Repository/Backoffice/Clients/Registration/select_operatorcode' 

2018-10-12 13:08:13 - [TEST_STEP][PASSED] - selectOptionByValue: All options with value '1' are selected in object 'Object Repository/Backoffice/Clients/Registration/select_status' 

2018-10-12 13:08:13 - [MESSAGE][PASSED] - All options with value '1' are selected in object 'Object Repository/Backoffice/Clients/Registration/select_status' 

2018-10-12 13:08:13 - [TEST_STEP][PASSED] - delay: Delayed 2 second(s)

2018-10-12 13:08:15 - [MESSAGE][PASSED] - Delayed 2 second(s)

2018-10-12 13:08:15 - [TEST_STEP][PASSED] - click: Object: 'Object Repository/Backoffice/Clients/Registration/button_Submit' is clicked on

2018-10-12 13:08:16 - [MESSAGE][PASSED] - Object: 'Object Repository/Backoffice/Clients/Registration/button_Submit' is clicked on

2018-10-12 13:08:16 - [TEST_STEP][PASSED] - delay: Delayed 2 second(s)

2018-10-12 13:08:18 - [MESSAGE][PASSED] - Delayed 2 second(s)]]></system-out>
         <system-err><![CDATA[]]></system-err>
      </testcase>
      <testcase name="Test Cases/Backoffice/RegisterAccount" classname="Test Cases/Backoffice/RegisterAccount" status="PASSED">
         <system-out><![CDATA[2018-10-12 13:08:18 - [TEST_CASE][PASSED] - Test Cases/Backoffice/RegisterAccount: Test Cases/Backoffice/RegisterAccount

2018-10-12 13:08:18 - [TEST_STEP][PASSED] - focus: Object: 'Object Repository/Backoffice/Clients/Clients' is focused

2018-10-12 13:08:18 - [MESSAGE][PASSED] - Object: 'Object Repository/Backoffice/Clients/Clients' is focused

2018-10-12 13:08:18 - [TEST_STEP][PASSED] - verifyElementPresent: Object 'Object Repository/Backoffice/Clients/Client Registration' is present

2018-10-12 13:08:18 - [MESSAGE][PASSED] - Object 'Object Repository/Backoffice/Clients/Client Registration' is present

2018-10-12 13:08:18 - [TEST_STEP][PASSED] - click: Object: 'Object Repository/Backoffice/Clients/Client Registration' is clicked on

2018-10-12 13:08:20 - [MESSAGE][PASSED] - Object: 'Object Repository/Backoffice/Clients/Client Registration' is clicked on

2018-10-12 13:08:20 - [TEST_STEP][PASSED] - setText: Text 'bumperbuttery' is set on object 'Object Repository/Backoffice/Clients/Registration/input_username'

2018-10-12 13:08:20 - [MESSAGE][PASSED] - Text 'bumperbuttery' is set on object 'Object Repository/Backoffice/Clients/Registration/input_username'

2018-10-12 13:08:20 - [TEST_STEP][PASSED] - setText: Text '123123' is set on object 'Object Repository/Backoffice/Clients/Registration/input_password'

2018-10-12 13:08:20 - [MESSAGE][PASSED] - Text '123123' is set on object 'Object Repository/Backoffice/Clients/Registration/input_password'

2018-10-12 13:08:20 - [TEST_STEP][PASSED] - setText: Text '123123' is set on object 'Object Repository/Backoffice/Clients/Registration/input_confirmp'

2018-10-12 13:08:20 - [MESSAGE][PASSED] - Text '123123' is set on object 'Object Repository/Backoffice/Clients/Registration/input_confirmp'

2018-10-12 13:08:20 - [TEST_STEP][PASSED] - selectOptionByValue: All options with value 'test' are selected in object 'Object Repository/Backoffice/Clients/Registration/select_operatorcode' 

2018-10-12 13:08:21 - [MESSAGE][PASSED] - All options with value 'test' are selected in object 'Object Repository/Backoffice/Clients/Registration/select_operatorcode' 

2018-10-12 13:08:21 - [TEST_STEP][PASSED] - selectOptionByValue: All options with value '1' are selected in object 'Object Repository/Backoffice/Clients/Registration/select_status' 

2018-10-12 13:08:21 - [MESSAGE][PASSED] - All options with value '1' are selected in object 'Object Repository/Backoffice/Clients/Registration/select_status' 

2018-10-12 13:08:21 - [TEST_STEP][PASSED] - delay: Delayed 2 second(s)

2018-10-12 13:08:23 - [MESSAGE][PASSED] - Delayed 2 second(s)

2018-10-12 13:08:23 - [TEST_STEP][PASSED] - click: Object: 'Object Repository/Backoffice/Clients/Registration/button_Submit' is clicked on

2018-10-12 13:08:23 - [MESSAGE][PASSED] - Object: 'Object Repository/Backoffice/Clients/Registration/button_Submit' is clicked on

2018-10-12 13:08:23 - [TEST_STEP][PASSED] - delay: Delayed 2 second(s)

2018-10-12 13:08:25 - [MESSAGE][PASSED] - Delayed 2 second(s)]]></system-out>
         <system-err><![CDATA[]]></system-err>
      </testcase>
      <testcase name="Test Cases/Backoffice/RegisterAccount" classname="Test Cases/Backoffice/RegisterAccount" status="PASSED">
         <system-out><![CDATA[2018-10-12 13:08:25 - [TEST_CASE][PASSED] - Test Cases/Backoffice/RegisterAccount: Test Cases/Backoffice/RegisterAccount

2018-10-12 13:08:25 - [TEST_STEP][PASSED] - focus: Object: 'Object Repository/Backoffice/Clients/Clients' is focused

2018-10-12 13:08:26 - [MESSAGE][PASSED] - Object: 'Object Repository/Backoffice/Clients/Clients' is focused

2018-10-12 13:08:26 - [TEST_STEP][PASSED] - verifyElementPresent: Object 'Object Repository/Backoffice/Clients/Client Registration' is present

2018-10-12 13:08:26 - [MESSAGE][PASSED] - Object 'Object Repository/Backoffice/Clients/Client Registration' is present

2018-10-12 13:08:26 - [TEST_STEP][PASSED] - click: Object: 'Object Repository/Backoffice/Clients/Client Registration' is clicked on

2018-10-12 13:08:26 - [MESSAGE][PASSED] - Object: 'Object Repository/Backoffice/Clients/Client Registration' is clicked on

2018-10-12 13:08:26 - [TEST_STEP][PASSED] - setText: Text 'baseballbudget' is set on object 'Object Repository/Backoffice/Clients/Registration/input_username'

2018-10-12 13:08:26 - [MESSAGE][PASSED] - Text 'baseballbudget' is set on object 'Object Repository/Backoffice/Clients/Registration/input_username'

2018-10-12 13:08:26 - [TEST_STEP][PASSED] - setText: Text '123123' is set on object 'Object Repository/Backoffice/Clients/Registration/input_password'

2018-10-12 13:08:26 - [MESSAGE][PASSED] - Text '123123' is set on object 'Object Repository/Backoffice/Clients/Registration/input_password'

2018-10-12 13:08:26 - [TEST_STEP][PASSED] - setText: Text '123123' is set on object 'Object Repository/Backoffice/Clients/Registration/input_confirmp'

2018-10-12 13:08:27 - [MESSAGE][PASSED] - Text '123123' is set on object 'Object Repository/Backoffice/Clients/Registration/input_confirmp'

2018-10-12 13:08:27 - [TEST_STEP][PASSED] - selectOptionByValue: All options with value 'test' are selected in object 'Object Repository/Backoffice/Clients/Registration/select_operatorcode' 

2018-10-12 13:08:27 - [MESSAGE][PASSED] - All options with value 'test' are selected in object 'Object Repository/Backoffice/Clients/Registration/select_operatorcode' 

2018-10-12 13:08:27 - [TEST_STEP][PASSED] - selectOptionByValue: All options with value '1' are selected in object 'Object Repository/Backoffice/Clients/Registration/select_status' 

2018-10-12 13:08:27 - [MESSAGE][PASSED] - All options with value '1' are selected in object 'Object Repository/Backoffice/Clients/Registration/select_status' 

2018-10-12 13:08:27 - [TEST_STEP][PASSED] - delay: Delayed 2 second(s)

2018-10-12 13:08:29 - [MESSAGE][PASSED] - Delayed 2 second(s)

2018-10-12 13:08:29 - [TEST_STEP][PASSED] - click: Object: 'Object Repository/Backoffice/Clients/Registration/button_Submit' is clicked on

2018-10-12 13:08:30 - [MESSAGE][PASSED] - Object: 'Object Repository/Backoffice/Clients/Registration/button_Submit' is clicked on

2018-10-12 13:08:30 - [TEST_STEP][PASSED] - delay: Delayed 2 second(s)

2018-10-12 13:08:32 - [MESSAGE][PASSED] - Delayed 2 second(s)]]></system-out>
         <system-err><![CDATA[]]></system-err>
      </testcase>
      <testcase name="Test Cases/Backoffice/RegisterAccount" classname="Test Cases/Backoffice/RegisterAccount" status="PASSED">
         <system-out><![CDATA[2018-10-12 13:08:32 - [TEST_CASE][PASSED] - Test Cases/Backoffice/RegisterAccount: Test Cases/Backoffice/RegisterAccount

2018-10-12 13:08:32 - [TEST_STEP][PASSED] - focus: Object: 'Object Repository/Backoffice/Clients/Clients' is focused

2018-10-12 13:08:32 - [MESSAGE][PASSED] - Object: 'Object Repository/Backoffice/Clients/Clients' is focused

2018-10-12 13:08:32 - [TEST_STEP][PASSED] - verifyElementPresent: Object 'Object Repository/Backoffice/Clients/Client Registration' is present

2018-10-12 13:08:32 - [MESSAGE][PASSED] - Object 'Object Repository/Backoffice/Clients/Client Registration' is present

2018-10-12 13:08:32 - [TEST_STEP][PASSED] - click: Object: 'Object Repository/Backoffice/Clients/Client Registration' is clicked on

2018-10-12 13:08:33 - [MESSAGE][PASSED] - Object: 'Object Repository/Backoffice/Clients/Client Registration' is clicked on

2018-10-12 13:08:33 - [TEST_STEP][PASSED] - setText: Text 'bedroomsbounded' is set on object 'Object Repository/Backoffice/Clients/Registration/input_username'

2018-10-12 13:08:33 - [MESSAGE][PASSED] - Text 'bedroomsbounded' is set on object 'Object Repository/Backoffice/Clients/Registration/input_username'

2018-10-12 13:08:33 - [TEST_STEP][PASSED] - setText: Text '123123' is set on object 'Object Repository/Backoffice/Clients/Registration/input_password'

2018-10-12 13:08:33 - [MESSAGE][PASSED] - Text '123123' is set on object 'Object Repository/Backoffice/Clients/Registration/input_password'

2018-10-12 13:08:33 - [TEST_STEP][PASSED] - setText: Text '123123' is set on object 'Object Repository/Backoffice/Clients/Registration/input_confirmp'

2018-10-12 13:08:33 - [MESSAGE][PASSED] - Text '123123' is set on object 'Object Repository/Backoffice/Clients/Registration/input_confirmp'

2018-10-12 13:08:33 - [TEST_STEP][PASSED] - selectOptionByValue: All options with value 'test' are selected in object 'Object Repository/Backoffice/Clients/Registration/select_operatorcode' 

2018-10-12 13:08:33 - [MESSAGE][PASSED] - All options with value 'test' are selected in object 'Object Repository/Backoffice/Clients/Registration/select_operatorcode' 

2018-10-12 13:08:33 - [TEST_STEP][PASSED] - selectOptionByValue: All options with value '1' are selected in object 'Object Repository/Backoffice/Clients/Registration/select_status' 

2018-10-12 13:08:33 - [MESSAGE][PASSED] - All options with value '1' are selected in object 'Object Repository/Backoffice/Clients/Registration/select_status' 

2018-10-12 13:08:33 - [TEST_STEP][PASSED] - delay: Delayed 2 second(s)

2018-10-12 13:08:35 - [MESSAGE][PASSED] - Delayed 2 second(s)

2018-10-12 13:08:35 - [TEST_STEP][PASSED] - click: Object: 'Object Repository/Backoffice/Clients/Registration/button_Submit' is clicked on

2018-10-12 13:08:36 - [MESSAGE][PASSED] - Object: 'Object Repository/Backoffice/Clients/Registration/button_Submit' is clicked on

2018-10-12 13:08:36 - [TEST_STEP][PASSED] - delay: Delayed 2 second(s)

2018-10-12 13:08:38 - [MESSAGE][PASSED] - Delayed 2 second(s)]]></system-out>
         <system-err><![CDATA[]]></system-err>
      </testcase>
      <testcase name="Test Cases/Backoffice/RegisterAccount" classname="Test Cases/Backoffice/RegisterAccount" status="PASSED">
         <system-out><![CDATA[2018-10-12 13:08:38 - [TEST_CASE][PASSED] - Test Cases/Backoffice/RegisterAccount: Test Cases/Backoffice/RegisterAccount

2018-10-12 13:08:38 - [TEST_STEP][PASSED] - focus: Object: 'Object Repository/Backoffice/Clients/Clients' is focused

2018-10-12 13:08:38 - [MESSAGE][PASSED] - Object: 'Object Repository/Backoffice/Clients/Clients' is focused

2018-10-12 13:08:38 - [TEST_STEP][PASSED] - verifyElementPresent: Object 'Object Repository/Backoffice/Clients/Client Registration' is present

2018-10-12 13:08:38 - [MESSAGE][PASSED] - Object 'Object Repository/Backoffice/Clients/Client Registration' is present

2018-10-12 13:08:38 - [TEST_STEP][PASSED] - click: Object: 'Object Repository/Backoffice/Clients/Client Registration' is clicked on

2018-10-12 13:08:39 - [MESSAGE][PASSED] - Object: 'Object Repository/Backoffice/Clients/Client Registration' is clicked on

2018-10-12 13:08:39 - [TEST_STEP][PASSED] - setText: Text 'boarsbeasty' is set on object 'Object Repository/Backoffice/Clients/Registration/input_username'

2018-10-12 13:08:39 - [MESSAGE][PASSED] - Text 'boarsbeasty' is set on object 'Object Repository/Backoffice/Clients/Registration/input_username'

2018-10-12 13:08:39 - [TEST_STEP][PASSED] - setText: Text '123123' is set on object 'Object Repository/Backoffice/Clients/Registration/input_password'

2018-10-12 13:08:39 - [MESSAGE][PASSED] - Text '123123' is set on object 'Object Repository/Backoffice/Clients/Registration/input_password'

2018-10-12 13:08:39 - [TEST_STEP][PASSED] - setText: Text '123123' is set on object 'Object Repository/Backoffice/Clients/Registration/input_confirmp'

2018-10-12 13:08:39 - [MESSAGE][PASSED] - Text '123123' is set on object 'Object Repository/Backoffice/Clients/Registration/input_confirmp'

2018-10-12 13:08:39 - [TEST_STEP][PASSED] - selectOptionByValue: All options with value 'test' are selected in object 'Object Repository/Backoffice/Clients/Registration/select_operatorcode' 

2018-10-12 13:08:39 - [MESSAGE][PASSED] - All options with value 'test' are selected in object 'Object Repository/Backoffice/Clients/Registration/select_operatorcode' 

2018-10-12 13:08:39 - [TEST_STEP][PASSED] - selectOptionByValue: All options with value '1' are selected in object 'Object Repository/Backoffice/Clients/Registration/select_status' 

2018-10-12 13:08:39 - [MESSAGE][PASSED] - All options with value '1' are selected in object 'Object Repository/Backoffice/Clients/Registration/select_status' 

2018-10-12 13:08:39 - [TEST_STEP][PASSED] - delay: Delayed 2 second(s)

2018-10-12 13:08:41 - [MESSAGE][PASSED] - Delayed 2 second(s)

2018-10-12 13:08:41 - [TEST_STEP][PASSED] - click: Object: 'Object Repository/Backoffice/Clients/Registration/button_Submit' is clicked on

2018-10-12 13:08:42 - [MESSAGE][PASSED] - Object: 'Object Repository/Backoffice/Clients/Registration/button_Submit' is clicked on

2018-10-12 13:08:42 - [TEST_STEP][PASSED] - delay: Delayed 2 second(s)

2018-10-12 13:08:44 - [MESSAGE][PASSED] - Delayed 2 second(s)]]></system-out>
         <system-err><![CDATA[]]></system-err>
      </testcase>
      <testcase name="Test Cases/Backoffice/RegisterAccount" classname="Test Cases/Backoffice/RegisterAccount" status="PASSED">
         <system-out><![CDATA[2018-10-12 13:08:44 - [TEST_CASE][PASSED] - Test Cases/Backoffice/RegisterAccount: Test Cases/Backoffice/RegisterAccount

2018-10-12 13:08:44 - [TEST_STEP][PASSED] - focus: Object: 'Object Repository/Backoffice/Clients/Clients' is focused

2018-10-12 13:08:45 - [MESSAGE][PASSED] - Object: 'Object Repository/Backoffice/Clients/Clients' is focused

2018-10-12 13:08:45 - [TEST_STEP][PASSED] - verifyElementPresent: Object 'Object Repository/Backoffice/Clients/Client Registration' is present

2018-10-12 13:08:45 - [MESSAGE][PASSED] - Object 'Object Repository/Backoffice/Clients/Client Registration' is present

2018-10-12 13:08:45 - [TEST_STEP][PASSED] - click: Object: 'Object Repository/Backoffice/Clients/Client Registration' is clicked on

2018-10-12 13:08:45 - [MESSAGE][PASSED] - Object: 'Object Repository/Backoffice/Clients/Client Registration' is clicked on

2018-10-12 13:08:45 - [TEST_STEP][PASSED] - setText: Text 'bucketboller' is set on object 'Object Repository/Backoffice/Clients/Registration/input_username'

2018-10-12 13:08:45 - [MESSAGE][PASSED] - Text 'bucketboller' is set on object 'Object Repository/Backoffice/Clients/Registration/input_username'

2018-10-12 13:08:45 - [TEST_STEP][PASSED] - setText: Text '123123' is set on object 'Object Repository/Backoffice/Clients/Registration/input_password'

2018-10-12 13:08:45 - [MESSAGE][PASSED] - Text '123123' is set on object 'Object Repository/Backoffice/Clients/Registration/input_password'

2018-10-12 13:08:45 - [TEST_STEP][PASSED] - setText: Text '123123' is set on object 'Object Repository/Backoffice/Clients/Registration/input_confirmp'

2018-10-12 13:08:45 - [MESSAGE][PASSED] - Text '123123' is set on object 'Object Repository/Backoffice/Clients/Registration/input_confirmp'

2018-10-12 13:08:45 - [TEST_STEP][PASSED] - selectOptionByValue: All options with value 'test' are selected in object 'Object Repository/Backoffice/Clients/Registration/select_operatorcode' 

2018-10-12 13:08:46 - [MESSAGE][PASSED] - All options with value 'test' are selected in object 'Object Repository/Backoffice/Clients/Registration/select_operatorcode' 

2018-10-12 13:08:46 - [TEST_STEP][PASSED] - selectOptionByValue: All options with value '1' are selected in object 'Object Repository/Backoffice/Clients/Registration/select_status' 

2018-10-12 13:08:46 - [MESSAGE][PASSED] - All options with value '1' are selected in object 'Object Repository/Backoffice/Clients/Registration/select_status' 

2018-10-12 13:08:46 - [TEST_STEP][PASSED] - delay: Delayed 2 second(s)

2018-10-12 13:08:48 - [MESSAGE][PASSED] - Delayed 2 second(s)

2018-10-12 13:08:48 - [TEST_STEP][PASSED] - click: Object: 'Object Repository/Backoffice/Clients/Registration/button_Submit' is clicked on

2018-10-12 13:08:49 - [MESSAGE][PASSED] - Object: 'Object Repository/Backoffice/Clients/Registration/button_Submit' is clicked on

2018-10-12 13:08:49 - [TEST_STEP][PASSED] - delay: Delayed 2 second(s)

2018-10-12 13:08:51 - [MESSAGE][PASSED] - Delayed 2 second(s)]]></system-out>
         <system-err><![CDATA[]]></system-err>
      </testcase>
      <testcase name="Test Cases/Backoffice/RegisterAccount" classname="Test Cases/Backoffice/RegisterAccount" status="PASSED">
         <system-out><![CDATA[2018-10-12 13:08:51 - [TEST_CASE][PASSED] - Test Cases/Backoffice/RegisterAccount: Test Cases/Backoffice/RegisterAccount

2018-10-12 13:08:51 - [TEST_STEP][PASSED] - focus: Object: 'Object Repository/Backoffice/Clients/Clients' is focused

2018-10-12 13:08:51 - [MESSAGE][PASSED] - Object: 'Object Repository/Backoffice/Clients/Clients' is focused

2018-10-12 13:08:51 - [TEST_STEP][PASSED] - verifyElementPresent: Object 'Object Repository/Backoffice/Clients/Client Registration' is present

2018-10-12 13:08:51 - [MESSAGE][PASSED] - Object 'Object Repository/Backoffice/Clients/Client Registration' is present

2018-10-12 13:08:51 - [TEST_STEP][PASSED] - click: Object: 'Object Repository/Backoffice/Clients/Client Registration' is clicked on

2018-10-12 13:08:51 - [MESSAGE][PASSED] - Object: 'Object Repository/Backoffice/Clients/Client Registration' is clicked on

2018-10-12 13:08:51 - [TEST_STEP][PASSED] - setText: Text 'baryonbavin' is set on object 'Object Repository/Backoffice/Clients/Registration/input_username'

2018-10-12 13:08:51 - [MESSAGE][PASSED] - Text 'baryonbavin' is set on object 'Object Repository/Backoffice/Clients/Registration/input_username'

2018-10-12 13:08:51 - [TEST_STEP][PASSED] - setText: Text '123123' is set on object 'Object Repository/Backoffice/Clients/Registration/input_password'

2018-10-12 13:08:52 - [MESSAGE][PASSED] - Text '123123' is set on object 'Object Repository/Backoffice/Clients/Registration/input_password'

2018-10-12 13:08:52 - [TEST_STEP][PASSED] - setText: Text '123123' is set on object 'Object Repository/Backoffice/Clients/Registration/input_confirmp'

2018-10-12 13:08:52 - [MESSAGE][PASSED] - Text '123123' is set on object 'Object Repository/Backoffice/Clients/Registration/input_confirmp'

2018-10-12 13:08:52 - [TEST_STEP][PASSED] - selectOptionByValue: All options with value 'test' are selected in object 'Object Repository/Backoffice/Clients/Registration/select_operatorcode' 

2018-10-12 13:08:52 - [MESSAGE][PASSED] - All options with value 'test' are selected in object 'Object Repository/Backoffice/Clients/Registration/select_operatorcode' 

2018-10-12 13:08:52 - [TEST_STEP][PASSED] - selectOptionByValue: All options with value '1' are selected in object 'Object Repository/Backoffice/Clients/Registration/select_status' 

2018-10-12 13:08:52 - [MESSAGE][PASSED] - All options with value '1' are selected in object 'Object Repository/Backoffice/Clients/Registration/select_status' 

2018-10-12 13:08:52 - [TEST_STEP][PASSED] - delay: Delayed 2 second(s)

2018-10-12 13:08:54 - [MESSAGE][PASSED] - Delayed 2 second(s)

2018-10-12 13:08:54 - [TEST_STEP][PASSED] - click: Object: 'Object Repository/Backoffice/Clients/Registration/button_Submit' is clicked on

2018-10-12 13:08:55 - [MESSAGE][PASSED] - Object: 'Object Repository/Backoffice/Clients/Registration/button_Submit' is clicked on

2018-10-12 13:08:55 - [TEST_STEP][PASSED] - delay: Delayed 2 second(s)

2018-10-12 13:08:57 - [MESSAGE][PASSED] - Delayed 2 second(s)]]></system-out>
         <system-err><![CDATA[]]></system-err>
      </testcase>
      <testcase name="Test Cases/Backoffice/RegisterAccount" classname="Test Cases/Backoffice/RegisterAccount" status="PASSED">
         <system-out><![CDATA[2018-10-12 13:08:57 - [TEST_CASE][PASSED] - Test Cases/Backoffice/RegisterAccount: Test Cases/Backoffice/RegisterAccount

2018-10-12 13:08:57 - [TEST_STEP][PASSED] - focus: Object: 'Object Repository/Backoffice/Clients/Clients' is focused

2018-10-12 13:08:57 - [MESSAGE][PASSED] - Object: 'Object Repository/Backoffice/Clients/Clients' is focused

2018-10-12 13:08:57 - [TEST_STEP][PASSED] - verifyElementPresent: Object 'Object Repository/Backoffice/Clients/Client Registration' is present

2018-10-12 13:08:57 - [MESSAGE][PASSED] - Object 'Object Repository/Backoffice/Clients/Client Registration' is present

2018-10-12 13:08:57 - [TEST_STEP][PASSED] - click: Object: 'Object Repository/Backoffice/Clients/Client Registration' is clicked on

2018-10-12 13:08:57 - [MESSAGE][PASSED] - Object: 'Object Repository/Backoffice/Clients/Client Registration' is clicked on

2018-10-12 13:08:57 - [TEST_STEP][PASSED] - setText: Text 'baseballbanner' is set on object 'Object Repository/Backoffice/Clients/Registration/input_username'

2018-10-12 13:08:57 - [MESSAGE][PASSED] - Text 'baseballbanner' is set on object 'Object Repository/Backoffice/Clients/Registration/input_username'

2018-10-12 13:08:57 - [TEST_STEP][PASSED] - setText: Text '123123' is set on object 'Object Repository/Backoffice/Clients/Registration/input_password'

2018-10-12 13:08:58 - [MESSAGE][PASSED] - Text '123123' is set on object 'Object Repository/Backoffice/Clients/Registration/input_password'

2018-10-12 13:08:58 - [TEST_STEP][PASSED] - setText: Text '123123' is set on object 'Object Repository/Backoffice/Clients/Registration/input_confirmp'

2018-10-12 13:08:58 - [MESSAGE][PASSED] - Text '123123' is set on object 'Object Repository/Backoffice/Clients/Registration/input_confirmp'

2018-10-12 13:08:58 - [TEST_STEP][PASSED] - selectOptionByValue: All options with value 'test' are selected in object 'Object Repository/Backoffice/Clients/Registration/select_operatorcode' 

2018-10-12 13:08:58 - [MESSAGE][PASSED] - All options with value 'test' are selected in object 'Object Repository/Backoffice/Clients/Registration/select_operatorcode' 

2018-10-12 13:08:58 - [TEST_STEP][PASSED] - selectOptionByValue: All options with value '1' are selected in object 'Object Repository/Backoffice/Clients/Registration/select_status' 

2018-10-12 13:08:58 - [MESSAGE][PASSED] - All options with value '1' are selected in object 'Object Repository/Backoffice/Clients/Registration/select_status' 

2018-10-12 13:08:58 - [TEST_STEP][PASSED] - delay: Delayed 2 second(s)

2018-10-12 13:09:00 - [MESSAGE][PASSED] - Delayed 2 second(s)

2018-10-12 13:09:00 - [TEST_STEP][PASSED] - click: Object: 'Object Repository/Backoffice/Clients/Registration/button_Submit' is clicked on

2018-10-12 13:09:01 - [MESSAGE][PASSED] - Object: 'Object Repository/Backoffice/Clients/Registration/button_Submit' is clicked on

2018-10-12 13:09:01 - [TEST_STEP][PASSED] - delay: Delayed 2 second(s)

2018-10-12 13:09:03 - [MESSAGE][PASSED] - Delayed 2 second(s)]]></system-out>
         <system-err><![CDATA[]]></system-err>
      </testcase>
      <testcase name="Test Cases/Backoffice/RegisterAccount" classname="Test Cases/Backoffice/RegisterAccount" status="PASSED">
         <system-out><![CDATA[2018-10-12 13:09:03 - [TEST_CASE][PASSED] - Test Cases/Backoffice/RegisterAccount: Test Cases/Backoffice/RegisterAccount

2018-10-12 13:09:03 - [TEST_STEP][PASSED] - focus: Object: 'Object Repository/Backoffice/Clients/Clients' is focused

2018-10-12 13:09:03 - [MESSAGE][PASSED] - Object: 'Object Repository/Backoffice/Clients/Clients' is focused

2018-10-12 13:09:03 - [TEST_STEP][PASSED] - verifyElementPresent: Object 'Object Repository/Backoffice/Clients/Client Registration' is present

2018-10-12 13:09:03 - [MESSAGE][PASSED] - Object 'Object Repository/Backoffice/Clients/Client Registration' is present

2018-10-12 13:09:03 - [TEST_STEP][PASSED] - click: Object: 'Object Repository/Backoffice/Clients/Client Registration' is clicked on

2018-10-12 13:09:03 - [MESSAGE][PASSED] - Object: 'Object Repository/Backoffice/Clients/Client Registration' is clicked on

2018-10-12 13:09:03 - [TEST_STEP][PASSED] - setText: Text 'badelyngeboned' is set on object 'Object Repository/Backoffice/Clients/Registration/input_username'

2018-10-12 13:09:04 - [MESSAGE][PASSED] - Text 'badelyngeboned' is set on object 'Object Repository/Backoffice/Clients/Registration/input_username'

2018-10-12 13:09:04 - [TEST_STEP][PASSED] - setText: Text '123123' is set on object 'Object Repository/Backoffice/Clients/Registration/input_password'

2018-10-12 13:09:04 - [MESSAGE][PASSED] - Text '123123' is set on object 'Object Repository/Backoffice/Clients/Registration/input_password'

2018-10-12 13:09:04 - [TEST_STEP][PASSED] - setText: Text '123123' is set on object 'Object Repository/Backoffice/Clients/Registration/input_confirmp'

2018-10-12 13:09:04 - [MESSAGE][PASSED] - Text '123123' is set on object 'Object Repository/Backoffice/Clients/Registration/input_confirmp'

2018-10-12 13:09:04 - [TEST_STEP][PASSED] - selectOptionByValue: All options with value 'test' are selected in object 'Object Repository/Backoffice/Clients/Registration/select_operatorcode' 

2018-10-12 13:09:04 - [MESSAGE][PASSED] - All options with value 'test' are selected in object 'Object Repository/Backoffice/Clients/Registration/select_operatorcode' 

2018-10-12 13:09:04 - [TEST_STEP][PASSED] - selectOptionByValue: All options with value '1' are selected in object 'Object Repository/Backoffice/Clients/Registration/select_status' 

2018-10-12 13:09:04 - [MESSAGE][PASSED] - All options with value '1' are selected in object 'Object Repository/Backoffice/Clients/Registration/select_status' 

2018-10-12 13:09:04 - [TEST_STEP][PASSED] - delay: Delayed 2 second(s)

2018-10-12 13:09:06 - [MESSAGE][PASSED] - Delayed 2 second(s)

2018-10-12 13:09:06 - [TEST_STEP][PASSED] - click: Object: 'Object Repository/Backoffice/Clients/Registration/button_Submit' is clicked on

2018-10-12 13:09:07 - [MESSAGE][PASSED] - Object: 'Object Repository/Backoffice/Clients/Registration/button_Submit' is clicked on

2018-10-12 13:09:07 - [TEST_STEP][PASSED] - delay: Delayed 2 second(s)

2018-10-12 13:09:09 - [MESSAGE][PASSED] - Delayed 2 second(s)]]></system-out>
         <system-err><![CDATA[]]></system-err>
      </testcase>
      <testcase name="Test Cases/Backoffice/RegisterAccount" classname="Test Cases/Backoffice/RegisterAccount" status="PASSED">
         <system-out><![CDATA[2018-10-12 13:09:09 - [TEST_CASE][PASSED] - Test Cases/Backoffice/RegisterAccount: Test Cases/Backoffice/RegisterAccount

2018-10-12 13:09:09 - [TEST_STEP][PASSED] - focus: Object: 'Object Repository/Backoffice/Clients/Clients' is focused

2018-10-12 13:09:09 - [MESSAGE][PASSED] - Object: 'Object Repository/Backoffice/Clients/Clients' is focused

2018-10-12 13:09:09 - [TEST_STEP][PASSED] - verifyElementPresent: Object 'Object Repository/Backoffice/Clients/Client Registration' is present

2018-10-12 13:09:09 - [MESSAGE][PASSED] - Object 'Object Repository/Backoffice/Clients/Client Registration' is present

2018-10-12 13:09:09 - [TEST_STEP][PASSED] - click: Object: 'Object Repository/Backoffice/Clients/Client Registration' is clicked on

2018-10-12 13:09:10 - [MESSAGE][PASSED] - Object: 'Object Repository/Backoffice/Clients/Client Registration' is clicked on

2018-10-12 13:09:10 - [TEST_STEP][PASSED] - setText: Text 'bankboreal' is set on object 'Object Repository/Backoffice/Clients/Registration/input_username'

2018-10-12 13:09:10 - [MESSAGE][PASSED] - Text 'bankboreal' is set on object 'Object Repository/Backoffice/Clients/Registration/input_username'

2018-10-12 13:09:10 - [TEST_STEP][PASSED] - setText: Text '123123' is set on object 'Object Repository/Backoffice/Clients/Registration/input_password'

2018-10-12 13:09:10 - [MESSAGE][PASSED] - Text '123123' is set on object 'Object Repository/Backoffice/Clients/Registration/input_password'

2018-10-12 13:09:10 - [TEST_STEP][PASSED] - setText: Text '123123' is set on object 'Object Repository/Backoffice/Clients/Registration/input_confirmp'

2018-10-12 13:09:10 - [MESSAGE][PASSED] - Text '123123' is set on object 'Object Repository/Backoffice/Clients/Registration/input_confirmp'

2018-10-12 13:09:10 - [TEST_STEP][PASSED] - selectOptionByValue: All options with value 'test' are selected in object 'Object Repository/Backoffice/Clients/Registration/select_operatorcode' 

2018-10-12 13:09:10 - [MESSAGE][PASSED] - All options with value 'test' are selected in object 'Object Repository/Backoffice/Clients/Registration/select_operatorcode' 

2018-10-12 13:09:10 - [TEST_STEP][PASSED] - selectOptionByValue: All options with value '1' are selected in object 'Object Repository/Backoffice/Clients/Registration/select_status' 

2018-10-12 13:09:11 - [MESSAGE][PASSED] - All options with value '1' are selected in object 'Object Repository/Backoffice/Clients/Registration/select_status' 

2018-10-12 13:09:11 - [TEST_STEP][PASSED] - delay: Delayed 2 second(s)

2018-10-12 13:09:13 - [MESSAGE][PASSED] - Delayed 2 second(s)

2018-10-12 13:09:13 - [TEST_STEP][PASSED] - click: Object: 'Object Repository/Backoffice/Clients/Registration/button_Submit' is clicked on

2018-10-12 13:09:14 - [MESSAGE][PASSED] - Object: 'Object Repository/Backoffice/Clients/Registration/button_Submit' is clicked on

2018-10-12 13:09:14 - [TEST_STEP][PASSED] - delay: Delayed 2 second(s)

2018-10-12 13:09:16 - [MESSAGE][PASSED] - Delayed 2 second(s)]]></system-out>
         <system-err><![CDATA[]]></system-err>
      </testcase>
      <testcase name="Test Cases/Backoffice/RegisterAccount" classname="Test Cases/Backoffice/RegisterAccount" status="PASSED">
         <system-out><![CDATA[2018-10-12 13:09:16 - [TEST_CASE][PASSED] - Test Cases/Backoffice/RegisterAccount: Test Cases/Backoffice/RegisterAccount

2018-10-12 13:09:16 - [TEST_STEP][PASSED] - focus: Object: 'Object Repository/Backoffice/Clients/Clients' is focused

2018-10-12 13:09:16 - [MESSAGE][PASSED] - Object: 'Object Repository/Backoffice/Clients/Clients' is focused

2018-10-12 13:09:16 - [TEST_STEP][PASSED] - verifyElementPresent: Object 'Object Repository/Backoffice/Clients/Client Registration' is present

2018-10-12 13:09:16 - [MESSAGE][PASSED] - Object 'Object Repository/Backoffice/Clients/Client Registration' is present

2018-10-12 13:09:16 - [TEST_STEP][PASSED] - click: Object: 'Object Repository/Backoffice/Clients/Client Registration' is clicked on

2018-10-12 13:09:16 - [MESSAGE][PASSED] - Object: 'Object Repository/Backoffice/Clients/Client Registration' is clicked on

2018-10-12 13:09:16 - [TEST_STEP][PASSED] - setText: Text 'buddingbriefcase' is set on object 'Object Repository/Backoffice/Clients/Registration/input_username'

2018-10-12 13:09:17 - [MESSAGE][PASSED] - Text 'buddingbriefcase' is set on object 'Object Repository/Backoffice/Clients/Registration/input_username'

2018-10-12 13:09:17 - [TEST_STEP][PASSED] - setText: Text '123123' is set on object 'Object Repository/Backoffice/Clients/Registration/input_password'

2018-10-12 13:09:17 - [MESSAGE][PASSED] - Text '123123' is set on object 'Object Repository/Backoffice/Clients/Registration/input_password'

2018-10-12 13:09:17 - [TEST_STEP][PASSED] - setText: Text '123123' is set on object 'Object Repository/Backoffice/Clients/Registration/input_confirmp'

2018-10-12 13:09:17 - [MESSAGE][PASSED] - Text '123123' is set on object 'Object Repository/Backoffice/Clients/Registration/input_confirmp'

2018-10-12 13:09:17 - [TEST_STEP][PASSED] - selectOptionByValue: All options with value 'test' are selected in object 'Object Repository/Backoffice/Clients/Registration/select_operatorcode' 

2018-10-12 13:09:17 - [MESSAGE][PASSED] - All options with value 'test' are selected in object 'Object Repository/Backoffice/Clients/Registration/select_operatorcode' 

2018-10-12 13:09:17 - [TEST_STEP][PASSED] - selectOptionByValue: All options with value '1' are selected in object 'Object Repository/Backoffice/Clients/Registration/select_status' 

2018-10-12 13:09:17 - [MESSAGE][PASSED] - All options with value '1' are selected in object 'Object Repository/Backoffice/Clients/Registration/select_status' 

2018-10-12 13:09:17 - [TEST_STEP][PASSED] - delay: Delayed 2 second(s)

2018-10-12 13:09:19 - [MESSAGE][PASSED] - Delayed 2 second(s)

2018-10-12 13:09:19 - [TEST_STEP][PASSED] - click: Object: 'Object Repository/Backoffice/Clients/Registration/button_Submit' is clicked on

2018-10-12 13:09:20 - [MESSAGE][PASSED] - Object: 'Object Repository/Backoffice/Clients/Registration/button_Submit' is clicked on

2018-10-12 13:09:20 - [TEST_STEP][PASSED] - delay: Delayed 2 second(s)

2018-10-12 13:09:22 - [MESSAGE][PASSED] - Delayed 2 second(s)]]></system-out>
         <system-err><![CDATA[]]></system-err>
      </testcase>
      <testcase name="Test Cases/Backoffice/RegisterAccount" classname="Test Cases/Backoffice/RegisterAccount" status="PASSED">
         <system-out><![CDATA[2018-10-12 13:09:22 - [TEST_CASE][PASSED] - Test Cases/Backoffice/RegisterAccount: Test Cases/Backoffice/RegisterAccount

2018-10-12 13:09:22 - [TEST_STEP][PASSED] - focus: Object: 'Object Repository/Backoffice/Clients/Clients' is focused

2018-10-12 13:09:22 - [MESSAGE][PASSED] - Object: 'Object Repository/Backoffice/Clients/Clients' is focused

2018-10-12 13:09:22 - [TEST_STEP][PASSED] - verifyElementPresent: Object 'Object Repository/Backoffice/Clients/Client Registration' is present

2018-10-12 13:09:22 - [MESSAGE][PASSED] - Object 'Object Repository/Backoffice/Clients/Client Registration' is present

2018-10-12 13:09:22 - [TEST_STEP][PASSED] - click: Object: 'Object Repository/Backoffice/Clients/Client Registration' is clicked on

2018-10-12 13:09:23 - [MESSAGE][PASSED] - Object: 'Object Repository/Backoffice/Clients/Client Registration' is clicked on

2018-10-12 13:09:23 - [TEST_STEP][PASSED] - setText: Text 'barrowboots' is set on object 'Object Repository/Backoffice/Clients/Registration/input_username'

2018-10-12 13:09:23 - [MESSAGE][PASSED] - Text 'barrowboots' is set on object 'Object Repository/Backoffice/Clients/Registration/input_username'

2018-10-12 13:09:23 - [TEST_STEP][PASSED] - setText: Text '123123' is set on object 'Object Repository/Backoffice/Clients/Registration/input_password'

2018-10-12 13:09:23 - [MESSAGE][PASSED] - Text '123123' is set on object 'Object Repository/Backoffice/Clients/Registration/input_password'

2018-10-12 13:09:23 - [TEST_STEP][PASSED] - setText: Text '123123' is set on object 'Object Repository/Backoffice/Clients/Registration/input_confirmp'

2018-10-12 13:09:23 - [MESSAGE][PASSED] - Text '123123' is set on object 'Object Repository/Backoffice/Clients/Registration/input_confirmp'

2018-10-12 13:09:23 - [TEST_STEP][PASSED] - selectOptionByValue: All options with value 'test' are selected in object 'Object Repository/Backoffice/Clients/Registration/select_operatorcode' 

2018-10-12 13:09:23 - [MESSAGE][PASSED] - All options with value 'test' are selected in object 'Object Repository/Backoffice/Clients/Registration/select_operatorcode' 

2018-10-12 13:09:23 - [TEST_STEP][PASSED] - selectOptionByValue: All options with value '1' are selected in object 'Object Repository/Backoffice/Clients/Registration/select_status' 

2018-10-12 13:09:23 - [MESSAGE][PASSED] - All options with value '1' are selected in object 'Object Repository/Backoffice/Clients/Registration/select_status' 

2018-10-12 13:09:23 - [TEST_STEP][PASSED] - delay: Delayed 2 second(s)

2018-10-12 13:09:25 - [MESSAGE][PASSED] - Delayed 2 second(s)

2018-10-12 13:09:25 - [TEST_STEP][PASSED] - click: Object: 'Object Repository/Backoffice/Clients/Registration/button_Submit' is clicked on

2018-10-12 13:09:26 - [MESSAGE][PASSED] - Object: 'Object Repository/Backoffice/Clients/Registration/button_Submit' is clicked on

2018-10-12 13:09:26 - [TEST_STEP][PASSED] - delay: Delayed 2 second(s)

2018-10-12 13:09:28 - [MESSAGE][PASSED] - Delayed 2 second(s)]]></system-out>
         <system-err><![CDATA[]]></system-err>
      </testcase>
      <testcase name="Test Cases/Backoffice/RegisterAccount" classname="Test Cases/Backoffice/RegisterAccount" status="PASSED">
         <system-out><![CDATA[2018-10-12 13:09:28 - [TEST_CASE][PASSED] - Test Cases/Backoffice/RegisterAccount: Test Cases/Backoffice/RegisterAccount

2018-10-12 13:09:29 - [TEST_STEP][PASSED] - focus: Object: 'Object Repository/Backoffice/Clients/Clients' is focused

2018-10-12 13:09:29 - [MESSAGE][PASSED] - Object: 'Object Repository/Backoffice/Clients/Clients' is focused

2018-10-12 13:09:29 - [TEST_STEP][PASSED] - verifyElementPresent: Object 'Object Repository/Backoffice/Clients/Client Registration' is present

2018-10-12 13:09:29 - [MESSAGE][PASSED] - Object 'Object Repository/Backoffice/Clients/Client Registration' is present

2018-10-12 13:09:29 - [TEST_STEP][PASSED] - click: Object: 'Object Repository/Backoffice/Clients/Client Registration' is clicked on

2018-10-12 13:09:29 - [MESSAGE][PASSED] - Object: 'Object Repository/Backoffice/Clients/Client Registration' is clicked on

2018-10-12 13:09:29 - [TEST_STEP][PASSED] - setText: Text 'bamboppy' is set on object 'Object Repository/Backoffice/Clients/Registration/input_username'

2018-10-12 13:09:29 - [MESSAGE][PASSED] - Text 'bamboppy' is set on object 'Object Repository/Backoffice/Clients/Registration/input_username'

2018-10-12 13:09:29 - [TEST_STEP][PASSED] - setText: Text '123123' is set on object 'Object Repository/Backoffice/Clients/Registration/input_password'

2018-10-12 13:09:29 - [MESSAGE][PASSED] - Text '123123' is set on object 'Object Repository/Backoffice/Clients/Registration/input_password'

2018-10-12 13:09:29 - [TEST_STEP][PASSED] - setText: Text '123123' is set on object 'Object Repository/Backoffice/Clients/Registration/input_confirmp'

2018-10-12 13:09:29 - [MESSAGE][PASSED] - Text '123123' is set on object 'Object Repository/Backoffice/Clients/Registration/input_confirmp'

2018-10-12 13:09:29 - [TEST_STEP][PASSED] - selectOptionByValue: All options with value 'test' are selected in object 'Object Repository/Backoffice/Clients/Registration/select_operatorcode' 

2018-10-12 13:09:30 - [MESSAGE][PASSED] - All options with value 'test' are selected in object 'Object Repository/Backoffice/Clients/Registration/select_operatorcode' 

2018-10-12 13:09:30 - [TEST_STEP][PASSED] - selectOptionByValue: All options with value '1' are selected in object 'Object Repository/Backoffice/Clients/Registration/select_status' 

2018-10-12 13:09:30 - [MESSAGE][PASSED] - All options with value '1' are selected in object 'Object Repository/Backoffice/Clients/Registration/select_status' 

2018-10-12 13:09:30 - [TEST_STEP][PASSED] - delay: Delayed 2 second(s)

2018-10-12 13:09:32 - [MESSAGE][PASSED] - Delayed 2 second(s)

2018-10-12 13:09:32 - [TEST_STEP][PASSED] - click: Object: 'Object Repository/Backoffice/Clients/Registration/button_Submit' is clicked on

2018-10-12 13:09:33 - [MESSAGE][PASSED] - Object: 'Object Repository/Backoffice/Clients/Registration/button_Submit' is clicked on

2018-10-12 13:09:33 - [TEST_STEP][PASSED] - delay: Delayed 2 second(s)

2018-10-12 13:09:35 - [MESSAGE][PASSED] - Delayed 2 second(s)]]></system-out>
         <system-err><![CDATA[]]></system-err>
      </testcase>
      <testcase name="Test Cases/Backoffice/RegisterAccount" classname="Test Cases/Backoffice/RegisterAccount" status="PASSED">
         <system-out><![CDATA[2018-10-12 13:09:35 - [TEST_CASE][PASSED] - Test Cases/Backoffice/RegisterAccount: Test Cases/Backoffice/RegisterAccount

2018-10-12 13:09:35 - [TEST_STEP][PASSED] - focus: Object: 'Object Repository/Backoffice/Clients/Clients' is focused

2018-10-12 13:09:35 - [MESSAGE][PASSED] - Object: 'Object Repository/Backoffice/Clients/Clients' is focused

2018-10-12 13:09:35 - [TEST_STEP][PASSED] - verifyElementPresent: Object 'Object Repository/Backoffice/Clients/Client Registration' is present

2018-10-12 13:09:35 - [MESSAGE][PASSED] - Object 'Object Repository/Backoffice/Clients/Client Registration' is present

2018-10-12 13:09:35 - [TEST_STEP][PASSED] - click: Object: 'Object Repository/Backoffice/Clients/Client Registration' is clicked on

2018-10-12 13:09:35 - [MESSAGE][PASSED] - Object: 'Object Repository/Backoffice/Clients/Client Registration' is clicked on

2018-10-12 13:09:35 - [TEST_STEP][PASSED] - setText: Text 'balearicblixed' is set on object 'Object Repository/Backoffice/Clients/Registration/input_username'

2018-10-12 13:09:35 - [MESSAGE][PASSED] - Text 'balearicblixed' is set on object 'Object Repository/Backoffice/Clients/Registration/input_username'

2018-10-12 13:09:35 - [TEST_STEP][PASSED] - setText: Text '123123' is set on object 'Object Repository/Backoffice/Clients/Registration/input_password'

2018-10-12 13:09:36 - [MESSAGE][PASSED] - Text '123123' is set on object 'Object Repository/Backoffice/Clients/Registration/input_password'

2018-10-12 13:09:36 - [TEST_STEP][PASSED] - setText: Text '123123' is set on object 'Object Repository/Backoffice/Clients/Registration/input_confirmp'

2018-10-12 13:09:36 - [MESSAGE][PASSED] - Text '123123' is set on object 'Object Repository/Backoffice/Clients/Registration/input_confirmp'

2018-10-12 13:09:36 - [TEST_STEP][PASSED] - selectOptionByValue: All options with value 'test' are selected in object 'Object Repository/Backoffice/Clients/Registration/select_operatorcode' 

2018-10-12 13:09:36 - [MESSAGE][PASSED] - All options with value 'test' are selected in object 'Object Repository/Backoffice/Clients/Registration/select_operatorcode' 

2018-10-12 13:09:36 - [TEST_STEP][PASSED] - selectOptionByValue: All options with value '1' are selected in object 'Object Repository/Backoffice/Clients/Registration/select_status' 

2018-10-12 13:09:36 - [MESSAGE][PASSED] - All options with value '1' are selected in object 'Object Repository/Backoffice/Clients/Registration/select_status' 

2018-10-12 13:09:36 - [TEST_STEP][PASSED] - delay: Delayed 2 second(s)

2018-10-12 13:09:38 - [MESSAGE][PASSED] - Delayed 2 second(s)

2018-10-12 13:09:38 - [TEST_STEP][PASSED] - click: Object: 'Object Repository/Backoffice/Clients/Registration/button_Submit' is clicked on

2018-10-12 13:09:39 - [MESSAGE][PASSED] - Object: 'Object Repository/Backoffice/Clients/Registration/button_Submit' is clicked on

2018-10-12 13:09:39 - [TEST_STEP][PASSED] - delay: Delayed 2 second(s)

2018-10-12 13:09:41 - [MESSAGE][PASSED] - Delayed 2 second(s)]]></system-out>
         <system-err><![CDATA[]]></system-err>
      </testcase>
      <testcase name="Test Cases/Backoffice/RegisterAccount" classname="Test Cases/Backoffice/RegisterAccount" status="PASSED">
         <system-out><![CDATA[2018-10-12 13:09:41 - [TEST_CASE][PASSED] - Test Cases/Backoffice/RegisterAccount: Test Cases/Backoffice/RegisterAccount

2018-10-12 13:09:41 - [TEST_STEP][PASSED] - focus: Object: 'Object Repository/Backoffice/Clients/Clients' is focused

2018-10-12 13:09:41 - [MESSAGE][PASSED] - Object: 'Object Repository/Backoffice/Clients/Clients' is focused

2018-10-12 13:09:41 - [TEST_STEP][PASSED] - verifyElementPresent: Object 'Object Repository/Backoffice/Clients/Client Registration' is present

2018-10-12 13:09:41 - [MESSAGE][PASSED] - Object 'Object Repository/Backoffice/Clients/Client Registration' is present

2018-10-12 13:09:41 - [TEST_STEP][PASSED] - click: Object: 'Object Repository/Backoffice/Clients/Client Registration' is clicked on

2018-10-12 13:09:41 - [MESSAGE][PASSED] - Object: 'Object Repository/Backoffice/Clients/Client Registration' is clicked on

2018-10-12 13:09:41 - [TEST_STEP][PASSED] - setText: Text 'benblag' is set on object 'Object Repository/Backoffice/Clients/Registration/input_username'

2018-10-12 13:09:42 - [MESSAGE][PASSED] - Text 'benblag' is set on object 'Object Repository/Backoffice/Clients/Registration/input_username'

2018-10-12 13:09:42 - [TEST_STEP][PASSED] - setText: Text '123123' is set on object 'Object Repository/Backoffice/Clients/Registration/input_password'

2018-10-12 13:09:42 - [MESSAGE][PASSED] - Text '123123' is set on object 'Object Repository/Backoffice/Clients/Registration/input_password'

2018-10-12 13:09:42 - [TEST_STEP][PASSED] - setText: Text '123123' is set on object 'Object Repository/Backoffice/Clients/Registration/input_confirmp'

2018-10-12 13:09:42 - [MESSAGE][PASSED] - Text '123123' is set on object 'Object Repository/Backoffice/Clients/Registration/input_confirmp'

2018-10-12 13:09:42 - [TEST_STEP][PASSED] - selectOptionByValue: All options with value 'test' are selected in object 'Object Repository/Backoffice/Clients/Registration/select_operatorcode' 

2018-10-12 13:09:42 - [MESSAGE][PASSED] - All options with value 'test' are selected in object 'Object Repository/Backoffice/Clients/Registration/select_operatorcode' 

2018-10-12 13:09:42 - [TEST_STEP][PASSED] - selectOptionByValue: All options with value '1' are selected in object 'Object Repository/Backoffice/Clients/Registration/select_status' 

2018-10-12 13:09:42 - [MESSAGE][PASSED] - All options with value '1' are selected in object 'Object Repository/Backoffice/Clients/Registration/select_status' 

2018-10-12 13:09:42 - [TEST_STEP][PASSED] - delay: Delayed 2 second(s)

2018-10-12 13:09:44 - [MESSAGE][PASSED] - Delayed 2 second(s)

2018-10-12 13:09:44 - [TEST_STEP][PASSED] - click: Object: 'Object Repository/Backoffice/Clients/Registration/button_Submit' is clicked on

2018-10-12 13:09:45 - [MESSAGE][PASSED] - Object: 'Object Repository/Backoffice/Clients/Registration/button_Submit' is clicked on

2018-10-12 13:09:45 - [TEST_STEP][PASSED] - delay: Delayed 2 second(s)

2018-10-12 13:09:47 - [MESSAGE][PASSED] - Delayed 2 second(s)]]></system-out>
         <system-err><![CDATA[]]></system-err>
      </testcase>
      <testcase name="Test Cases/Backoffice/RegisterAccount" classname="Test Cases/Backoffice/RegisterAccount" status="PASSED">
         <system-out><![CDATA[2018-10-12 13:09:47 - [TEST_CASE][PASSED] - Test Cases/Backoffice/RegisterAccount: Test Cases/Backoffice/RegisterAccount

2018-10-12 13:09:47 - [TEST_STEP][PASSED] - focus: Object: 'Object Repository/Backoffice/Clients/Clients' is focused

2018-10-12 13:09:47 - [MESSAGE][PASSED] - Object: 'Object Repository/Backoffice/Clients/Clients' is focused

2018-10-12 13:09:47 - [TEST_STEP][PASSED] - verifyElementPresent: Object 'Object Repository/Backoffice/Clients/Client Registration' is present

2018-10-12 13:09:47 - [MESSAGE][PASSED] - Object 'Object Repository/Backoffice/Clients/Client Registration' is present

2018-10-12 13:09:47 - [TEST_STEP][PASSED] - click: Object: 'Object Repository/Backoffice/Clients/Client Registration' is clicked on

2018-10-12 13:09:48 - [MESSAGE][PASSED] - Object: 'Object Repository/Backoffice/Clients/Client Registration' is clicked on

2018-10-12 13:09:48 - [TEST_STEP][PASSED] - setText: Text 'bumpybapes' is set on object 'Object Repository/Backoffice/Clients/Registration/input_username'

2018-10-12 13:09:48 - [MESSAGE][PASSED] - Text 'bumpybapes' is set on object 'Object Repository/Backoffice/Clients/Registration/input_username'

2018-10-12 13:09:48 - [TEST_STEP][PASSED] - setText: Text '123123' is set on object 'Object Repository/Backoffice/Clients/Registration/input_password'

2018-10-12 13:09:48 - [MESSAGE][PASSED] - Text '123123' is set on object 'Object Repository/Backoffice/Clients/Registration/input_password'

2018-10-12 13:09:48 - [TEST_STEP][PASSED] - setText: Text '123123' is set on object 'Object Repository/Backoffice/Clients/Registration/input_confirmp'

2018-10-12 13:09:48 - [MESSAGE][PASSED] - Text '123123' is set on object 'Object Repository/Backoffice/Clients/Registration/input_confirmp'

2018-10-12 13:09:48 - [TEST_STEP][PASSED] - selectOptionByValue: All options with value 'test' are selected in object 'Object Repository/Backoffice/Clients/Registration/select_operatorcode' 

2018-10-12 13:09:48 - [MESSAGE][PASSED] - All options with value 'test' are selected in object 'Object Repository/Backoffice/Clients/Registration/select_operatorcode' 

2018-10-12 13:09:48 - [TEST_STEP][PASSED] - selectOptionByValue: All options with value '1' are selected in object 'Object Repository/Backoffice/Clients/Registration/select_status' 

2018-10-12 13:09:48 - [MESSAGE][PASSED] - All options with value '1' are selected in object 'Object Repository/Backoffice/Clients/Registration/select_status' 

2018-10-12 13:09:48 - [TEST_STEP][PASSED] - delay: Delayed 2 second(s)

2018-10-12 13:09:50 - [MESSAGE][PASSED] - Delayed 2 second(s)

2018-10-12 13:09:50 - [TEST_STEP][PASSED] - click: Object: 'Object Repository/Backoffice/Clients/Registration/button_Submit' is clicked on

2018-10-12 13:09:51 - [MESSAGE][PASSED] - Object: 'Object Repository/Backoffice/Clients/Registration/button_Submit' is clicked on

2018-10-12 13:09:51 - [TEST_STEP][PASSED] - delay: Delayed 2 second(s)

2018-10-12 13:09:53 - [MESSAGE][PASSED] - Delayed 2 second(s)]]></system-out>
         <system-err><![CDATA[]]></system-err>
      </testcase>
      <testcase name="Test Cases/Backoffice/RegisterAccount" classname="Test Cases/Backoffice/RegisterAccount" status="PASSED">
         <system-out><![CDATA[2018-10-12 13:09:53 - [TEST_CASE][PASSED] - Test Cases/Backoffice/RegisterAccount: Test Cases/Backoffice/RegisterAccount

2018-10-12 13:09:53 - [TEST_STEP][PASSED] - focus: Object: 'Object Repository/Backoffice/Clients/Clients' is focused

2018-10-12 13:09:53 - [MESSAGE][PASSED] - Object: 'Object Repository/Backoffice/Clients/Clients' is focused

2018-10-12 13:09:53 - [TEST_STEP][PASSED] - verifyElementPresent: Object 'Object Repository/Backoffice/Clients/Client Registration' is present

2018-10-12 13:09:53 - [MESSAGE][PASSED] - Object 'Object Repository/Backoffice/Clients/Client Registration' is present

2018-10-12 13:09:53 - [TEST_STEP][PASSED] - click: Object: 'Object Repository/Backoffice/Clients/Client Registration' is clicked on

2018-10-12 13:09:54 - [MESSAGE][PASSED] - Object: 'Object Repository/Backoffice/Clients/Client Registration' is clicked on

2018-10-12 13:09:54 - [TEST_STEP][PASSED] - setText: Text 'bombbiopsy' is set on object 'Object Repository/Backoffice/Clients/Registration/input_username'

2018-10-12 13:09:54 - [MESSAGE][PASSED] - Text 'bombbiopsy' is set on object 'Object Repository/Backoffice/Clients/Registration/input_username'

2018-10-12 13:09:54 - [TEST_STEP][PASSED] - setText: Text '123123' is set on object 'Object Repository/Backoffice/Clients/Registration/input_password'

2018-10-12 13:09:54 - [MESSAGE][PASSED] - Text '123123' is set on object 'Object Repository/Backoffice/Clients/Registration/input_password'

2018-10-12 13:09:54 - [TEST_STEP][PASSED] - setText: Text '123123' is set on object 'Object Repository/Backoffice/Clients/Registration/input_confirmp'

2018-10-12 13:09:54 - [MESSAGE][PASSED] - Text '123123' is set on object 'Object Repository/Backoffice/Clients/Registration/input_confirmp'

2018-10-12 13:09:54 - [TEST_STEP][PASSED] - selectOptionByValue: All options with value 'test' are selected in object 'Object Repository/Backoffice/Clients/Registration/select_operatorcode' 

2018-10-12 13:09:54 - [MESSAGE][PASSED] - All options with value 'test' are selected in object 'Object Repository/Backoffice/Clients/Registration/select_operatorcode' 

2018-10-12 13:09:54 - [TEST_STEP][PASSED] - selectOptionByValue: All options with value '1' are selected in object 'Object Repository/Backoffice/Clients/Registration/select_status' 

2018-10-12 13:09:54 - [MESSAGE][PASSED] - All options with value '1' are selected in object 'Object Repository/Backoffice/Clients/Registration/select_status' 

2018-10-12 13:09:54 - [TEST_STEP][PASSED] - delay: Delayed 2 second(s)

2018-10-12 13:09:56 - [MESSAGE][PASSED] - Delayed 2 second(s)

2018-10-12 13:09:56 - [TEST_STEP][PASSED] - click: Object: 'Object Repository/Backoffice/Clients/Registration/button_Submit' is clicked on

2018-10-12 13:09:57 - [MESSAGE][PASSED] - Object: 'Object Repository/Backoffice/Clients/Registration/button_Submit' is clicked on

2018-10-12 13:09:57 - [TEST_STEP][PASSED] - delay: Delayed 2 second(s)

2018-10-12 13:09:59 - [MESSAGE][PASSED] - Delayed 2 second(s)]]></system-out>
         <system-err><![CDATA[]]></system-err>
      </testcase>
      <testcase name="Test Cases/Backoffice/RegisterAccount" classname="Test Cases/Backoffice/RegisterAccount" status="PASSED">
         <system-out><![CDATA[2018-10-12 13:09:59 - [TEST_CASE][PASSED] - Test Cases/Backoffice/RegisterAccount: Test Cases/Backoffice/RegisterAccount

2018-10-12 13:09:59 - [TEST_STEP][PASSED] - focus: Object: 'Object Repository/Backoffice/Clients/Clients' is focused

2018-10-12 13:09:59 - [MESSAGE][PASSED] - Object: 'Object Repository/Backoffice/Clients/Clients' is focused

2018-10-12 13:09:59 - [TEST_STEP][PASSED] - verifyElementPresent: Object 'Object Repository/Backoffice/Clients/Client Registration' is present

2018-10-12 13:09:59 - [MESSAGE][PASSED] - Object 'Object Repository/Backoffice/Clients/Client Registration' is present

2018-10-12 13:09:59 - [TEST_STEP][PASSED] - click: Object: 'Object Repository/Backoffice/Clients/Client Registration' is clicked on

2018-10-12 13:10:00 - [MESSAGE][PASSED] - Object: 'Object Repository/Backoffice/Clients/Client Registration' is clicked on

2018-10-12 13:10:00 - [TEST_STEP][PASSED] - setText: Text 'bootlessbits' is set on object 'Object Repository/Backoffice/Clients/Registration/input_username'

2018-10-12 13:10:00 - [MESSAGE][PASSED] - Text 'bootlessbits' is set on object 'Object Repository/Backoffice/Clients/Registration/input_username'

2018-10-12 13:10:00 - [TEST_STEP][PASSED] - setText: Text '123123' is set on object 'Object Repository/Backoffice/Clients/Registration/input_password'

2018-10-12 13:10:00 - [MESSAGE][PASSED] - Text '123123' is set on object 'Object Repository/Backoffice/Clients/Registration/input_password'

2018-10-12 13:10:00 - [TEST_STEP][PASSED] - setText: Text '123123' is set on object 'Object Repository/Backoffice/Clients/Registration/input_confirmp'

2018-10-12 13:10:00 - [MESSAGE][PASSED] - Text '123123' is set on object 'Object Repository/Backoffice/Clients/Registration/input_confirmp'

2018-10-12 13:10:00 - [TEST_STEP][PASSED] - selectOptionByValue: All options with value 'test' are selected in object 'Object Repository/Backoffice/Clients/Registration/select_operatorcode' 

2018-10-12 13:10:00 - [MESSAGE][PASSED] - All options with value 'test' are selected in object 'Object Repository/Backoffice/Clients/Registration/select_operatorcode' 

2018-10-12 13:10:00 - [TEST_STEP][PASSED] - selectOptionByValue: All options with value '1' are selected in object 'Object Repository/Backoffice/Clients/Registration/select_status' 

2018-10-12 13:10:01 - [MESSAGE][PASSED] - All options with value '1' are selected in object 'Object Repository/Backoffice/Clients/Registration/select_status' 

2018-10-12 13:10:01 - [TEST_STEP][PASSED] - delay: Delayed 2 second(s)

2018-10-12 13:10:03 - [MESSAGE][PASSED] - Delayed 2 second(s)

2018-10-12 13:10:03 - [TEST_STEP][PASSED] - click: Object: 'Object Repository/Backoffice/Clients/Registration/button_Submit' is clicked on

2018-10-12 13:10:04 - [MESSAGE][PASSED] - Object: 'Object Repository/Backoffice/Clients/Registration/button_Submit' is clicked on

2018-10-12 13:10:04 - [TEST_STEP][PASSED] - delay: Delayed 2 second(s)

2018-10-12 13:10:06 - [MESSAGE][PASSED] - Delayed 2 second(s)]]></system-out>
         <system-err><![CDATA[]]></system-err>
      </testcase>
      <testcase name="Test Cases/Backoffice/RegisterAccount" classname="Test Cases/Backoffice/RegisterAccount" status="PASSED">
         <system-out><![CDATA[2018-10-12 13:10:06 - [TEST_CASE][PASSED] - Test Cases/Backoffice/RegisterAccount: Test Cases/Backoffice/RegisterAccount

2018-10-12 13:10:06 - [TEST_STEP][PASSED] - focus: Object: 'Object Repository/Backoffice/Clients/Clients' is focused

2018-10-12 13:10:06 - [MESSAGE][PASSED] - Object: 'Object Repository/Backoffice/Clients/Clients' is focused

2018-10-12 13:10:06 - [TEST_STEP][PASSED] - verifyElementPresent: Object 'Object Repository/Backoffice/Clients/Client Registration' is present

2018-10-12 13:10:06 - [MESSAGE][PASSED] - Object 'Object Repository/Backoffice/Clients/Client Registration' is present

2018-10-12 13:10:06 - [TEST_STEP][PASSED] - click: Object: 'Object Repository/Backoffice/Clients/Client Registration' is clicked on

2018-10-12 13:10:06 - [MESSAGE][PASSED] - Object: 'Object Repository/Backoffice/Clients/Client Registration' is clicked on

2018-10-12 13:10:06 - [TEST_STEP][PASSED] - setText: Text 'babybossche' is set on object 'Object Repository/Backoffice/Clients/Registration/input_username'

2018-10-12 13:10:06 - [MESSAGE][PASSED] - Text 'babybossche' is set on object 'Object Repository/Backoffice/Clients/Registration/input_username'

2018-10-12 13:10:06 - [TEST_STEP][PASSED] - setText: Text '123123' is set on object 'Object Repository/Backoffice/Clients/Registration/input_password'

2018-10-12 13:10:07 - [MESSAGE][PASSED] - Text '123123' is set on object 'Object Repository/Backoffice/Clients/Registration/input_password'

2018-10-12 13:10:07 - [TEST_STEP][PASSED] - setText: Text '123123' is set on object 'Object Repository/Backoffice/Clients/Registration/input_confirmp'

2018-10-12 13:10:07 - [MESSAGE][PASSED] - Text '123123' is set on object 'Object Repository/Backoffice/Clients/Registration/input_confirmp'

2018-10-12 13:10:07 - [TEST_STEP][PASSED] - selectOptionByValue: All options with value 'test' are selected in object 'Object Repository/Backoffice/Clients/Registration/select_operatorcode' 

2018-10-12 13:10:07 - [MESSAGE][PASSED] - All options with value 'test' are selected in object 'Object Repository/Backoffice/Clients/Registration/select_operatorcode' 

2018-10-12 13:10:07 - [TEST_STEP][PASSED] - selectOptionByValue: All options with value '1' are selected in object 'Object Repository/Backoffice/Clients/Registration/select_status' 

2018-10-12 13:10:07 - [MESSAGE][PASSED] - All options with value '1' are selected in object 'Object Repository/Backoffice/Clients/Registration/select_status' 

2018-10-12 13:10:07 - [TEST_STEP][PASSED] - delay: Delayed 2 second(s)

2018-10-12 13:10:09 - [MESSAGE][PASSED] - Delayed 2 second(s)

2018-10-12 13:10:09 - [TEST_STEP][PASSED] - click: Object: 'Object Repository/Backoffice/Clients/Registration/button_Submit' is clicked on

2018-10-12 13:10:10 - [MESSAGE][PASSED] - Object: 'Object Repository/Backoffice/Clients/Registration/button_Submit' is clicked on

2018-10-12 13:10:10 - [TEST_STEP][PASSED] - delay: Delayed 2 second(s)

2018-10-12 13:10:12 - [MESSAGE][PASSED] - Delayed 2 second(s)]]></system-out>
         <system-err><![CDATA[]]></system-err>
      </testcase>
      <testcase name="Test Cases/Backoffice/RegisterAccount" classname="Test Cases/Backoffice/RegisterAccount" status="PASSED">
         <system-out><![CDATA[2018-10-12 13:10:12 - [TEST_CASE][PASSED] - Test Cases/Backoffice/RegisterAccount: Test Cases/Backoffice/RegisterAccount

2018-10-12 13:10:12 - [TEST_STEP][PASSED] - focus: Object: 'Object Repository/Backoffice/Clients/Clients' is focused

2018-10-12 13:10:12 - [MESSAGE][PASSED] - Object: 'Object Repository/Backoffice/Clients/Clients' is focused

2018-10-12 13:10:12 - [TEST_STEP][PASSED] - verifyElementPresent: Object 'Object Repository/Backoffice/Clients/Client Registration' is present

2018-10-12 13:10:12 - [MESSAGE][PASSED] - Object 'Object Repository/Backoffice/Clients/Client Registration' is present

2018-10-12 13:10:12 - [TEST_STEP][PASSED] - click: Object: 'Object Repository/Backoffice/Clients/Client Registration' is clicked on

2018-10-12 13:10:12 - [MESSAGE][PASSED] - Object: 'Object Repository/Backoffice/Clients/Client Registration' is clicked on

2018-10-12 13:10:12 - [TEST_STEP][PASSED] - setText: Text 'boredbefore' is set on object 'Object Repository/Backoffice/Clients/Registration/input_username'

2018-10-12 13:10:12 - [MESSAGE][PASSED] - Text 'boredbefore' is set on object 'Object Repository/Backoffice/Clients/Registration/input_username'

2018-10-12 13:10:12 - [TEST_STEP][PASSED] - setText: Text '123123' is set on object 'Object Repository/Backoffice/Clients/Registration/input_password'

2018-10-12 13:10:13 - [MESSAGE][PASSED] - Text '123123' is set on object 'Object Repository/Backoffice/Clients/Registration/input_password'

2018-10-12 13:10:13 - [TEST_STEP][PASSED] - setText: Text '123123' is set on object 'Object Repository/Backoffice/Clients/Registration/input_confirmp'

2018-10-12 13:10:13 - [MESSAGE][PASSED] - Text '123123' is set on object 'Object Repository/Backoffice/Clients/Registration/input_confirmp'

2018-10-12 13:10:13 - [TEST_STEP][PASSED] - selectOptionByValue: All options with value 'test' are selected in object 'Object Repository/Backoffice/Clients/Registration/select_operatorcode' 

2018-10-12 13:10:13 - [MESSAGE][PASSED] - All options with value 'test' are selected in object 'Object Repository/Backoffice/Clients/Registration/select_operatorcode' 

2018-10-12 13:10:13 - [TEST_STEP][PASSED] - selectOptionByValue: All options with value '1' are selected in object 'Object Repository/Backoffice/Clients/Registration/select_status' 

2018-10-12 13:10:13 - [MESSAGE][PASSED] - All options with value '1' are selected in object 'Object Repository/Backoffice/Clients/Registration/select_status' 

2018-10-12 13:10:13 - [TEST_STEP][PASSED] - delay: Delayed 2 second(s)

2018-10-12 13:10:15 - [MESSAGE][PASSED] - Delayed 2 second(s)

2018-10-12 13:10:15 - [TEST_STEP][PASSED] - click: Object: 'Object Repository/Backoffice/Clients/Registration/button_Submit' is clicked on

2018-10-12 13:10:16 - [MESSAGE][PASSED] - Object: 'Object Repository/Backoffice/Clients/Registration/button_Submit' is clicked on

2018-10-12 13:10:16 - [TEST_STEP][PASSED] - delay: Delayed 2 second(s)

2018-10-12 13:10:18 - [MESSAGE][PASSED] - Delayed 2 second(s)]]></system-out>
         <system-err><![CDATA[]]></system-err>
      </testcase>
      <testcase name="Test Cases/Backoffice/RegisterAccount" classname="Test Cases/Backoffice/RegisterAccount" status="PASSED">
         <system-out><![CDATA[2018-10-12 13:10:18 - [TEST_CASE][PASSED] - Test Cases/Backoffice/RegisterAccount: Test Cases/Backoffice/RegisterAccount

2018-10-12 13:10:18 - [TEST_STEP][PASSED] - focus: Object: 'Object Repository/Backoffice/Clients/Clients' is focused

2018-10-12 13:10:18 - [MESSAGE][PASSED] - Object: 'Object Repository/Backoffice/Clients/Clients' is focused

2018-10-12 13:10:18 - [TEST_STEP][PASSED] - verifyElementPresent: Object 'Object Repository/Backoffice/Clients/Client Registration' is present

2018-10-12 13:10:18 - [MESSAGE][PASSED] - Object 'Object Repository/Backoffice/Clients/Client Registration' is present

2018-10-12 13:10:18 - [TEST_STEP][PASSED] - click: Object: 'Object Repository/Backoffice/Clients/Client Registration' is clicked on

2018-10-12 13:10:18 - [MESSAGE][PASSED] - Object: 'Object Repository/Backoffice/Clients/Client Registration' is clicked on

2018-10-12 13:10:18 - [TEST_STEP][PASSED] - setText: Text 'bpelbroaf' is set on object 'Object Repository/Backoffice/Clients/Registration/input_username'

2018-10-12 13:10:18 - [MESSAGE][PASSED] - Text 'bpelbroaf' is set on object 'Object Repository/Backoffice/Clients/Registration/input_username'

2018-10-12 13:10:18 - [TEST_STEP][PASSED] - setText: Text '123123' is set on object 'Object Repository/Backoffice/Clients/Registration/input_password'

2018-10-12 13:10:19 - [MESSAGE][PASSED] - Text '123123' is set on object 'Object Repository/Backoffice/Clients/Registration/input_password'

2018-10-12 13:10:19 - [TEST_STEP][PASSED] - setText: Text '123123' is set on object 'Object Repository/Backoffice/Clients/Registration/input_confirmp'

2018-10-12 13:10:19 - [MESSAGE][PASSED] - Text '123123' is set on object 'Object Repository/Backoffice/Clients/Registration/input_confirmp'

2018-10-12 13:10:19 - [TEST_STEP][PASSED] - selectOptionByValue: All options with value 'test' are selected in object 'Object Repository/Backoffice/Clients/Registration/select_operatorcode' 

2018-10-12 13:10:19 - [MESSAGE][PASSED] - All options with value 'test' are selected in object 'Object Repository/Backoffice/Clients/Registration/select_operatorcode' 

2018-10-12 13:10:19 - [TEST_STEP][PASSED] - selectOptionByValue: All options with value '1' are selected in object 'Object Repository/Backoffice/Clients/Registration/select_status' 

2018-10-12 13:10:19 - [MESSAGE][PASSED] - All options with value '1' are selected in object 'Object Repository/Backoffice/Clients/Registration/select_status' 

2018-10-12 13:10:19 - [TEST_STEP][PASSED] - delay: Delayed 2 second(s)

2018-10-12 13:10:21 - [MESSAGE][PASSED] - Delayed 2 second(s)

2018-10-12 13:10:21 - [TEST_STEP][PASSED] - click: Object: 'Object Repository/Backoffice/Clients/Registration/button_Submit' is clicked on

2018-10-12 13:10:22 - [MESSAGE][PASSED] - Object: 'Object Repository/Backoffice/Clients/Registration/button_Submit' is clicked on

2018-10-12 13:10:22 - [TEST_STEP][PASSED] - delay: Delayed 2 second(s)

2018-10-12 13:10:24 - [MESSAGE][PASSED] - Delayed 2 second(s)]]></system-out>
         <system-err><![CDATA[]]></system-err>
      </testcase>
      <testcase name="Test Cases/Backoffice/RegisterAccount" classname="Test Cases/Backoffice/RegisterAccount" status="PASSED">
         <system-out><![CDATA[2018-10-12 13:10:24 - [TEST_CASE][PASSED] - Test Cases/Backoffice/RegisterAccount: Test Cases/Backoffice/RegisterAccount

2018-10-12 13:10:24 - [TEST_STEP][PASSED] - focus: Object: 'Object Repository/Backoffice/Clients/Clients' is focused

2018-10-12 13:10:24 - [MESSAGE][PASSED] - Object: 'Object Repository/Backoffice/Clients/Clients' is focused

2018-10-12 13:10:24 - [TEST_STEP][PASSED] - verifyElementPresent: Object 'Object Repository/Backoffice/Clients/Client Registration' is present

2018-10-12 13:10:24 - [MESSAGE][PASSED] - Object 'Object Repository/Backoffice/Clients/Client Registration' is present

2018-10-12 13:10:24 - [TEST_STEP][PASSED] - click: Object: 'Object Repository/Backoffice/Clients/Client Registration' is clicked on

2018-10-12 13:10:24 - [MESSAGE][PASSED] - Object: 'Object Repository/Backoffice/Clients/Client Registration' is clicked on

2018-10-12 13:10:24 - [TEST_STEP][PASSED] - setText: Text 'billiardsbest' is set on object 'Object Repository/Backoffice/Clients/Registration/input_username'

2018-10-12 13:10:24 - [MESSAGE][PASSED] - Text 'billiardsbest' is set on object 'Object Repository/Backoffice/Clients/Registration/input_username'

2018-10-12 13:10:24 - [TEST_STEP][PASSED] - setText: Text '123123' is set on object 'Object Repository/Backoffice/Clients/Registration/input_password'

2018-10-12 13:10:25 - [MESSAGE][PASSED] - Text '123123' is set on object 'Object Repository/Backoffice/Clients/Registration/input_password'

2018-10-12 13:10:25 - [TEST_STEP][PASSED] - setText: Text '123123' is set on object 'Object Repository/Backoffice/Clients/Registration/input_confirmp'

2018-10-12 13:10:25 - [MESSAGE][PASSED] - Text '123123' is set on object 'Object Repository/Backoffice/Clients/Registration/input_confirmp'

2018-10-12 13:10:25 - [TEST_STEP][PASSED] - selectOptionByValue: All options with value 'test' are selected in object 'Object Repository/Backoffice/Clients/Registration/select_operatorcode' 

2018-10-12 13:10:25 - [MESSAGE][PASSED] - All options with value 'test' are selected in object 'Object Repository/Backoffice/Clients/Registration/select_operatorcode' 

2018-10-12 13:10:25 - [TEST_STEP][PASSED] - selectOptionByValue: All options with value '1' are selected in object 'Object Repository/Backoffice/Clients/Registration/select_status' 

2018-10-12 13:10:25 - [MESSAGE][PASSED] - All options with value '1' are selected in object 'Object Repository/Backoffice/Clients/Registration/select_status' 

2018-10-12 13:10:25 - [TEST_STEP][PASSED] - delay: Delayed 2 second(s)

2018-10-12 13:10:27 - [MESSAGE][PASSED] - Delayed 2 second(s)

2018-10-12 13:10:27 - [TEST_STEP][PASSED] - click: Object: 'Object Repository/Backoffice/Clients/Registration/button_Submit' is clicked on

2018-10-12 13:10:28 - [MESSAGE][PASSED] - Object: 'Object Repository/Backoffice/Clients/Registration/button_Submit' is clicked on

2018-10-12 13:10:28 - [TEST_STEP][PASSED] - delay: Delayed 2 second(s)

2018-10-12 13:10:30 - [MESSAGE][PASSED] - Delayed 2 second(s)]]></system-out>
         <system-err><![CDATA[]]></system-err>
      </testcase>
      <testcase name="Test Cases/Backoffice/RegisterAccount" classname="Test Cases/Backoffice/RegisterAccount" status="PASSED">
         <system-out><![CDATA[2018-10-12 13:10:30 - [TEST_CASE][PASSED] - Test Cases/Backoffice/RegisterAccount: Test Cases/Backoffice/RegisterAccount

2018-10-12 13:10:30 - [TEST_STEP][PASSED] - focus: Object: 'Object Repository/Backoffice/Clients/Clients' is focused

2018-10-12 13:10:30 - [MESSAGE][PASSED] - Object: 'Object Repository/Backoffice/Clients/Clients' is focused

2018-10-12 13:10:30 - [TEST_STEP][PASSED] - verifyElementPresent: Object 'Object Repository/Backoffice/Clients/Client Registration' is present

2018-10-12 13:10:30 - [MESSAGE][PASSED] - Object 'Object Repository/Backoffice/Clients/Client Registration' is present

2018-10-12 13:10:30 - [TEST_STEP][PASSED] - click: Object: 'Object Repository/Backoffice/Clients/Client Registration' is clicked on

2018-10-12 13:10:30 - [MESSAGE][PASSED] - Object: 'Object Repository/Backoffice/Clients/Client Registration' is clicked on

2018-10-12 13:10:30 - [TEST_STEP][PASSED] - setText: Text 'bulkbird' is set on object 'Object Repository/Backoffice/Clients/Registration/input_username'

2018-10-12 13:10:31 - [MESSAGE][PASSED] - Text 'bulkbird' is set on object 'Object Repository/Backoffice/Clients/Registration/input_username'

2018-10-12 13:10:31 - [TEST_STEP][PASSED] - setText: Text '123123' is set on object 'Object Repository/Backoffice/Clients/Registration/input_password'

2018-10-12 13:10:31 - [MESSAGE][PASSED] - Text '123123' is set on object 'Object Repository/Backoffice/Clients/Registration/input_password'

2018-10-12 13:10:31 - [TEST_STEP][PASSED] - setText: Text '123123' is set on object 'Object Repository/Backoffice/Clients/Registration/input_confirmp'

2018-10-12 13:10:31 - [MESSAGE][PASSED] - Text '123123' is set on object 'Object Repository/Backoffice/Clients/Registration/input_confirmp'

2018-10-12 13:10:31 - [TEST_STEP][PASSED] - selectOptionByValue: All options with value 'test' are selected in object 'Object Repository/Backoffice/Clients/Registration/select_operatorcode' 

2018-10-12 13:10:31 - [MESSAGE][PASSED] - All options with value 'test' are selected in object 'Object Repository/Backoffice/Clients/Registration/select_operatorcode' 

2018-10-12 13:10:31 - [TEST_STEP][PASSED] - selectOptionByValue: All options with value '1' are selected in object 'Object Repository/Backoffice/Clients/Registration/select_status' 

2018-10-12 13:10:31 - [MESSAGE][PASSED] - All options with value '1' are selected in object 'Object Repository/Backoffice/Clients/Registration/select_status' 

2018-10-12 13:10:31 - [TEST_STEP][PASSED] - delay: Delayed 2 second(s)

2018-10-12 13:10:33 - [MESSAGE][PASSED] - Delayed 2 second(s)

2018-10-12 13:10:33 - [TEST_STEP][PASSED] - click: Object: 'Object Repository/Backoffice/Clients/Registration/button_Submit' is clicked on

2018-10-12 13:10:34 - [MESSAGE][PASSED] - Object: 'Object Repository/Backoffice/Clients/Registration/button_Submit' is clicked on

2018-10-12 13:10:34 - [TEST_STEP][PASSED] - delay: Delayed 2 second(s)

2018-10-12 13:10:36 - [MESSAGE][PASSED] - Delayed 2 second(s)]]></system-out>
         <system-err><![CDATA[]]></system-err>
      </testcase>
      <testcase name="Test Cases/Backoffice/RegisterAccount" classname="Test Cases/Backoffice/RegisterAccount" status="PASSED">
         <system-out><![CDATA[2018-10-12 13:10:36 - [TEST_CASE][PASSED] - Test Cases/Backoffice/RegisterAccount: Test Cases/Backoffice/RegisterAccount

2018-10-12 13:10:36 - [TEST_STEP][PASSED] - focus: Object: 'Object Repository/Backoffice/Clients/Clients' is focused

2018-10-12 13:10:36 - [MESSAGE][PASSED] - Object: 'Object Repository/Backoffice/Clients/Clients' is focused

2018-10-12 13:10:36 - [TEST_STEP][PASSED] - verifyElementPresent: Object 'Object Repository/Backoffice/Clients/Client Registration' is present

2018-10-12 13:10:36 - [MESSAGE][PASSED] - Object 'Object Repository/Backoffice/Clients/Client Registration' is present

2018-10-12 13:10:36 - [TEST_STEP][PASSED] - click: Object: 'Object Repository/Backoffice/Clients/Client Registration' is clicked on

2018-10-12 13:10:36 - [MESSAGE][PASSED] - Object: 'Object Repository/Backoffice/Clients/Client Registration' is clicked on

2018-10-12 13:10:36 - [TEST_STEP][PASSED] - setText: Text 'beastlybitcoin' is set on object 'Object Repository/Backoffice/Clients/Registration/input_username'

2018-10-12 13:10:36 - [MESSAGE][PASSED] - Text 'beastlybitcoin' is set on object 'Object Repository/Backoffice/Clients/Registration/input_username'

2018-10-12 13:10:36 - [TEST_STEP][PASSED] - setText: Text '123123' is set on object 'Object Repository/Backoffice/Clients/Registration/input_password'

2018-10-12 13:10:37 - [MESSAGE][PASSED] - Text '123123' is set on object 'Object Repository/Backoffice/Clients/Registration/input_password'

2018-10-12 13:10:37 - [TEST_STEP][PASSED] - setText: Text '123123' is set on object 'Object Repository/Backoffice/Clients/Registration/input_confirmp'

2018-10-12 13:10:37 - [MESSAGE][PASSED] - Text '123123' is set on object 'Object Repository/Backoffice/Clients/Registration/input_confirmp'

2018-10-12 13:10:37 - [TEST_STEP][PASSED] - selectOptionByValue: All options with value 'test' are selected in object 'Object Repository/Backoffice/Clients/Registration/select_operatorcode' 

2018-10-12 13:10:37 - [MESSAGE][PASSED] - All options with value 'test' are selected in object 'Object Repository/Backoffice/Clients/Registration/select_operatorcode' 

2018-10-12 13:10:37 - [TEST_STEP][PASSED] - selectOptionByValue: All options with value '1' are selected in object 'Object Repository/Backoffice/Clients/Registration/select_status' 

2018-10-12 13:10:37 - [MESSAGE][PASSED] - All options with value '1' are selected in object 'Object Repository/Backoffice/Clients/Registration/select_status' 

2018-10-12 13:10:37 - [TEST_STEP][PASSED] - delay: Delayed 2 second(s)

2018-10-12 13:10:39 - [MESSAGE][PASSED] - Delayed 2 second(s)

2018-10-12 13:10:39 - [TEST_STEP][PASSED] - click: Object: 'Object Repository/Backoffice/Clients/Registration/button_Submit' is clicked on

2018-10-12 13:10:40 - [MESSAGE][PASSED] - Object: 'Object Repository/Backoffice/Clients/Registration/button_Submit' is clicked on

2018-10-12 13:10:40 - [TEST_STEP][PASSED] - delay: Delayed 2 second(s)

2018-10-12 13:10:42 - [MESSAGE][PASSED] - Delayed 2 second(s)]]></system-out>
         <system-err><![CDATA[]]></system-err>
      </testcase>
      <testcase name="Test Cases/Backoffice/RegisterAccount" classname="Test Cases/Backoffice/RegisterAccount" status="PASSED">
         <system-out><![CDATA[2018-10-12 13:10:42 - [TEST_CASE][PASSED] - Test Cases/Backoffice/RegisterAccount: Test Cases/Backoffice/RegisterAccount

2018-10-12 13:10:42 - [TEST_STEP][PASSED] - focus: Object: 'Object Repository/Backoffice/Clients/Clients' is focused

2018-10-12 13:10:42 - [MESSAGE][PASSED] - Object: 'Object Repository/Backoffice/Clients/Clients' is focused

2018-10-12 13:10:42 - [TEST_STEP][PASSED] - verifyElementPresent: Object 'Object Repository/Backoffice/Clients/Client Registration' is present

2018-10-12 13:10:42 - [MESSAGE][PASSED] - Object 'Object Repository/Backoffice/Clients/Client Registration' is present

2018-10-12 13:10:42 - [TEST_STEP][PASSED] - click: Object: 'Object Repository/Backoffice/Clients/Client Registration' is clicked on

2018-10-12 13:10:42 - [MESSAGE][PASSED] - Object: 'Object Repository/Backoffice/Clients/Client Registration' is clicked on

2018-10-12 13:10:42 - [TEST_STEP][PASSED] - setText: Text 'burritobandage' is set on object 'Object Repository/Backoffice/Clients/Registration/input_username'

2018-10-12 13:10:42 - [MESSAGE][PASSED] - Text 'burritobandage' is set on object 'Object Repository/Backoffice/Clients/Registration/input_username'

2018-10-12 13:10:42 - [TEST_STEP][PASSED] - setText: Text '123123' is set on object 'Object Repository/Backoffice/Clients/Registration/input_password'

2018-10-12 13:10:42 - [MESSAGE][PASSED] - Text '123123' is set on object 'Object Repository/Backoffice/Clients/Registration/input_password'

2018-10-12 13:10:42 - [TEST_STEP][PASSED] - setText: Text '123123' is set on object 'Object Repository/Backoffice/Clients/Registration/input_confirmp'

2018-10-12 13:10:43 - [MESSAGE][PASSED] - Text '123123' is set on object 'Object Repository/Backoffice/Clients/Registration/input_confirmp'

2018-10-12 13:10:43 - [TEST_STEP][PASSED] - selectOptionByValue: All options with value 'test' are selected in object 'Object Repository/Backoffice/Clients/Registration/select_operatorcode' 

2018-10-12 13:10:43 - [MESSAGE][PASSED] - All options with value 'test' are selected in object 'Object Repository/Backoffice/Clients/Registration/select_operatorcode' 

2018-10-12 13:10:43 - [TEST_STEP][PASSED] - selectOptionByValue: All options with value '1' are selected in object 'Object Repository/Backoffice/Clients/Registration/select_status' 

2018-10-12 13:10:43 - [MESSAGE][PASSED] - All options with value '1' are selected in object 'Object Repository/Backoffice/Clients/Registration/select_status' 

2018-10-12 13:10:43 - [TEST_STEP][PASSED] - delay: Delayed 2 second(s)

2018-10-12 13:10:45 - [MESSAGE][PASSED] - Delayed 2 second(s)

2018-10-12 13:10:45 - [TEST_STEP][PASSED] - click: Object: 'Object Repository/Backoffice/Clients/Registration/button_Submit' is clicked on

2018-10-12 13:10:46 - [MESSAGE][PASSED] - Object: 'Object Repository/Backoffice/Clients/Registration/button_Submit' is clicked on

2018-10-12 13:10:46 - [TEST_STEP][PASSED] - delay: Delayed 2 second(s)

2018-10-12 13:10:48 - [MESSAGE][PASSED] - Delayed 2 second(s)]]></system-out>
         <system-err><![CDATA[]]></system-err>
      </testcase>
      <testcase name="Test Cases/Backoffice/RegisterAccount" classname="Test Cases/Backoffice/RegisterAccount" status="PASSED">
         <system-out><![CDATA[2018-10-12 13:10:48 - [TEST_CASE][PASSED] - Test Cases/Backoffice/RegisterAccount: Test Cases/Backoffice/RegisterAccount

2018-10-12 13:10:48 - [TEST_STEP][PASSED] - focus: Object: 'Object Repository/Backoffice/Clients/Clients' is focused

2018-10-12 13:10:48 - [MESSAGE][PASSED] - Object: 'Object Repository/Backoffice/Clients/Clients' is focused

2018-10-12 13:10:48 - [TEST_STEP][PASSED] - verifyElementPresent: Object 'Object Repository/Backoffice/Clients/Client Registration' is present

2018-10-12 13:10:48 - [MESSAGE][PASSED] - Object 'Object Repository/Backoffice/Clients/Client Registration' is present

2018-10-12 13:10:48 - [TEST_STEP][PASSED] - click: Object: 'Object Repository/Backoffice/Clients/Client Registration' is clicked on

2018-10-12 13:10:48 - [MESSAGE][PASSED] - Object: 'Object Repository/Backoffice/Clients/Client Registration' is clicked on

2018-10-12 13:10:48 - [TEST_STEP][PASSED] - setText: Text 'bummingbonk' is set on object 'Object Repository/Backoffice/Clients/Registration/input_username'

2018-10-12 13:10:48 - [MESSAGE][PASSED] - Text 'bummingbonk' is set on object 'Object Repository/Backoffice/Clients/Registration/input_username'

2018-10-12 13:10:48 - [TEST_STEP][PASSED] - setText: Text '123123' is set on object 'Object Repository/Backoffice/Clients/Registration/input_password'

2018-10-12 13:10:48 - [MESSAGE][PASSED] - Text '123123' is set on object 'Object Repository/Backoffice/Clients/Registration/input_password'

2018-10-12 13:10:48 - [TEST_STEP][PASSED] - setText: Text '123123' is set on object 'Object Repository/Backoffice/Clients/Registration/input_confirmp'

2018-10-12 13:10:49 - [MESSAGE][PASSED] - Text '123123' is set on object 'Object Repository/Backoffice/Clients/Registration/input_confirmp'

2018-10-12 13:10:49 - [TEST_STEP][PASSED] - selectOptionByValue: All options with value 'test' are selected in object 'Object Repository/Backoffice/Clients/Registration/select_operatorcode' 

2018-10-12 13:10:49 - [MESSAGE][PASSED] - All options with value 'test' are selected in object 'Object Repository/Backoffice/Clients/Registration/select_operatorcode' 

2018-10-12 13:10:49 - [TEST_STEP][PASSED] - selectOptionByValue: All options with value '1' are selected in object 'Object Repository/Backoffice/Clients/Registration/select_status' 

2018-10-12 13:10:49 - [MESSAGE][PASSED] - All options with value '1' are selected in object 'Object Repository/Backoffice/Clients/Registration/select_status' 

2018-10-12 13:10:49 - [TEST_STEP][PASSED] - delay: Delayed 2 second(s)

2018-10-12 13:10:51 - [MESSAGE][PASSED] - Delayed 2 second(s)

2018-10-12 13:10:51 - [TEST_STEP][PASSED] - click: Object: 'Object Repository/Backoffice/Clients/Registration/button_Submit' is clicked on

2018-10-12 13:10:52 - [MESSAGE][PASSED] - Object: 'Object Repository/Backoffice/Clients/Registration/button_Submit' is clicked on

2018-10-12 13:10:52 - [TEST_STEP][PASSED] - delay: Delayed 2 second(s)

2018-10-12 13:10:54 - [MESSAGE][PASSED] - Delayed 2 second(s)]]></system-out>
         <system-err><![CDATA[]]></system-err>
      </testcase>
      <testcase name="Test Cases/Backoffice/RegisterAccount" classname="Test Cases/Backoffice/RegisterAccount" status="PASSED">
         <system-out><![CDATA[2018-10-12 13:10:54 - [TEST_CASE][PASSED] - Test Cases/Backoffice/RegisterAccount: Test Cases/Backoffice/RegisterAccount

2018-10-12 13:10:54 - [TEST_STEP][PASSED] - focus: Object: 'Object Repository/Backoffice/Clients/Clients' is focused

2018-10-12 13:10:54 - [MESSAGE][PASSED] - Object: 'Object Repository/Backoffice/Clients/Clients' is focused

2018-10-12 13:10:54 - [TEST_STEP][PASSED] - verifyElementPresent: Object 'Object Repository/Backoffice/Clients/Client Registration' is present

2018-10-12 13:10:54 - [MESSAGE][PASSED] - Object 'Object Repository/Backoffice/Clients/Client Registration' is present

2018-10-12 13:10:54 - [TEST_STEP][PASSED] - click: Object: 'Object Repository/Backoffice/Clients/Client Registration' is clicked on

2018-10-12 13:10:55 - [MESSAGE][PASSED] - Object: 'Object Repository/Backoffice/Clients/Client Registration' is clicked on

2018-10-12 13:10:55 - [TEST_STEP][PASSED] - setText: Text 'bargemasterbobbly' is set on object 'Object Repository/Backoffice/Clients/Registration/input_username'

2018-10-12 13:10:55 - [MESSAGE][PASSED] - Text 'bargemasterbobbly' is set on object 'Object Repository/Backoffice/Clients/Registration/input_username'

2018-10-12 13:10:55 - [TEST_STEP][PASSED] - setText: Text '123123' is set on object 'Object Repository/Backoffice/Clients/Registration/input_password'

2018-10-12 13:10:55 - [MESSAGE][PASSED] - Text '123123' is set on object 'Object Repository/Backoffice/Clients/Registration/input_password'

2018-10-12 13:10:55 - [TEST_STEP][PASSED] - setText: Text '123123' is set on object 'Object Repository/Backoffice/Clients/Registration/input_confirmp'

2018-10-12 13:10:55 - [MESSAGE][PASSED] - Text '123123' is set on object 'Object Repository/Backoffice/Clients/Registration/input_confirmp'

2018-10-12 13:10:55 - [TEST_STEP][PASSED] - selectOptionByValue: All options with value 'test' are selected in object 'Object Repository/Backoffice/Clients/Registration/select_operatorcode' 

2018-10-12 13:10:55 - [MESSAGE][PASSED] - All options with value 'test' are selected in object 'Object Repository/Backoffice/Clients/Registration/select_operatorcode' 

2018-10-12 13:10:55 - [TEST_STEP][PASSED] - selectOptionByValue: All options with value '1' are selected in object 'Object Repository/Backoffice/Clients/Registration/select_status' 

2018-10-12 13:10:55 - [MESSAGE][PASSED] - All options with value '1' are selected in object 'Object Repository/Backoffice/Clients/Registration/select_status' 

2018-10-12 13:10:55 - [TEST_STEP][PASSED] - delay: Delayed 2 second(s)

2018-10-12 13:10:57 - [MESSAGE][PASSED] - Delayed 2 second(s)

2018-10-12 13:10:57 - [TEST_STEP][PASSED] - click: Object: 'Object Repository/Backoffice/Clients/Registration/button_Submit' is clicked on

2018-10-12 13:10:58 - [MESSAGE][PASSED] - Object: 'Object Repository/Backoffice/Clients/Registration/button_Submit' is clicked on

2018-10-12 13:10:58 - [TEST_STEP][PASSED] - delay: Delayed 2 second(s)

2018-10-12 13:11:00 - [MESSAGE][PASSED] - Delayed 2 second(s)]]></system-out>
         <system-err><![CDATA[]]></system-err>
      </testcase>
      <testcase name="Test Cases/Backoffice/RegisterAccount" classname="Test Cases/Backoffice/RegisterAccount" status="PASSED">
         <system-out><![CDATA[2018-10-12 13:11:00 - [TEST_CASE][PASSED] - Test Cases/Backoffice/RegisterAccount: Test Cases/Backoffice/RegisterAccount

2018-10-12 13:11:00 - [TEST_STEP][PASSED] - focus: Object: 'Object Repository/Backoffice/Clients/Clients' is focused

2018-10-12 13:11:00 - [MESSAGE][PASSED] - Object: 'Object Repository/Backoffice/Clients/Clients' is focused

2018-10-12 13:11:00 - [TEST_STEP][PASSED] - verifyElementPresent: Object 'Object Repository/Backoffice/Clients/Client Registration' is present

2018-10-12 13:11:00 - [MESSAGE][PASSED] - Object 'Object Repository/Backoffice/Clients/Client Registration' is present

2018-10-12 13:11:00 - [TEST_STEP][PASSED] - click: Object: 'Object Repository/Backoffice/Clients/Client Registration' is clicked on

2018-10-12 13:11:01 - [MESSAGE][PASSED] - Object: 'Object Repository/Backoffice/Clients/Client Registration' is clicked on

2018-10-12 13:11:01 - [TEST_STEP][PASSED] - setText: Text 'bummerblot' is set on object 'Object Repository/Backoffice/Clients/Registration/input_username'

2018-10-12 13:11:01 - [MESSAGE][PASSED] - Text 'bummerblot' is set on object 'Object Repository/Backoffice/Clients/Registration/input_username'

2018-10-12 13:11:01 - [TEST_STEP][PASSED] - setText: Text '123123' is set on object 'Object Repository/Backoffice/Clients/Registration/input_password'

2018-10-12 13:11:01 - [MESSAGE][PASSED] - Text '123123' is set on object 'Object Repository/Backoffice/Clients/Registration/input_password'

2018-10-12 13:11:01 - [TEST_STEP][PASSED] - setText: Text '123123' is set on object 'Object Repository/Backoffice/Clients/Registration/input_confirmp'

2018-10-12 13:11:01 - [MESSAGE][PASSED] - Text '123123' is set on object 'Object Repository/Backoffice/Clients/Registration/input_confirmp'

2018-10-12 13:11:01 - [TEST_STEP][PASSED] - selectOptionByValue: All options with value 'test' are selected in object 'Object Repository/Backoffice/Clients/Registration/select_operatorcode' 

2018-10-12 13:11:01 - [MESSAGE][PASSED] - All options with value 'test' are selected in object 'Object Repository/Backoffice/Clients/Registration/select_operatorcode' 

2018-10-12 13:11:01 - [TEST_STEP][PASSED] - selectOptionByValue: All options with value '1' are selected in object 'Object Repository/Backoffice/Clients/Registration/select_status' 

2018-10-12 13:11:01 - [MESSAGE][PASSED] - All options with value '1' are selected in object 'Object Repository/Backoffice/Clients/Registration/select_status' 

2018-10-12 13:11:01 - [TEST_STEP][PASSED] - delay: Delayed 2 second(s)

2018-10-12 13:11:03 - [MESSAGE][PASSED] - Delayed 2 second(s)

2018-10-12 13:11:03 - [TEST_STEP][PASSED] - click: Object: 'Object Repository/Backoffice/Clients/Registration/button_Submit' is clicked on

2018-10-12 13:11:04 - [MESSAGE][PASSED] - Object: 'Object Repository/Backoffice/Clients/Registration/button_Submit' is clicked on

2018-10-12 13:11:04 - [TEST_STEP][PASSED] - delay: Delayed 2 second(s)

2018-10-12 13:11:06 - [MESSAGE][PASSED] - Delayed 2 second(s)]]></system-out>
         <system-err><![CDATA[]]></system-err>
      </testcase>
      <testcase name="Test Cases/Backoffice/RegisterAccount" classname="Test Cases/Backoffice/RegisterAccount" status="PASSED">
         <system-out><![CDATA[2018-10-12 13:11:06 - [TEST_CASE][PASSED] - Test Cases/Backoffice/RegisterAccount: Test Cases/Backoffice/RegisterAccount

2018-10-12 13:11:06 - [TEST_STEP][PASSED] - focus: Object: 'Object Repository/Backoffice/Clients/Clients' is focused

2018-10-12 13:11:06 - [MESSAGE][PASSED] - Object: 'Object Repository/Backoffice/Clients/Clients' is focused

2018-10-12 13:11:06 - [TEST_STEP][PASSED] - verifyElementPresent: Object 'Object Repository/Backoffice/Clients/Client Registration' is present

2018-10-12 13:11:06 - [MESSAGE][PASSED] - Object 'Object Repository/Backoffice/Clients/Client Registration' is present

2018-10-12 13:11:06 - [TEST_STEP][PASSED] - click: Object: 'Object Repository/Backoffice/Clients/Client Registration' is clicked on

2018-10-12 13:11:07 - [MESSAGE][PASSED] - Object: 'Object Repository/Backoffice/Clients/Client Registration' is clicked on

2018-10-12 13:11:07 - [TEST_STEP][PASSED] - setText: Text 'borealisbicycle' is set on object 'Object Repository/Backoffice/Clients/Registration/input_username'

2018-10-12 13:11:07 - [MESSAGE][PASSED] - Text 'borealisbicycle' is set on object 'Object Repository/Backoffice/Clients/Registration/input_username'

2018-10-12 13:11:07 - [TEST_STEP][PASSED] - setText: Text '123123' is set on object 'Object Repository/Backoffice/Clients/Registration/input_password'

2018-10-12 13:11:07 - [MESSAGE][PASSED] - Text '123123' is set on object 'Object Repository/Backoffice/Clients/Registration/input_password'

2018-10-12 13:11:07 - [TEST_STEP][PASSED] - setText: Text '123123' is set on object 'Object Repository/Backoffice/Clients/Registration/input_confirmp'

2018-10-12 13:11:07 - [MESSAGE][PASSED] - Text '123123' is set on object 'Object Repository/Backoffice/Clients/Registration/input_confirmp'

2018-10-12 13:11:07 - [TEST_STEP][PASSED] - selectOptionByValue: All options with value 'test' are selected in object 'Object Repository/Backoffice/Clients/Registration/select_operatorcode' 

2018-10-12 13:11:07 - [MESSAGE][PASSED] - All options with value 'test' are selected in object 'Object Repository/Backoffice/Clients/Registration/select_operatorcode' 

2018-10-12 13:11:07 - [TEST_STEP][PASSED] - selectOptionByValue: All options with value '1' are selected in object 'Object Repository/Backoffice/Clients/Registration/select_status' 

2018-10-12 13:11:07 - [MESSAGE][PASSED] - All options with value '1' are selected in object 'Object Repository/Backoffice/Clients/Registration/select_status' 

2018-10-12 13:11:07 - [TEST_STEP][PASSED] - delay: Delayed 2 second(s)

2018-10-12 13:11:09 - [MESSAGE][PASSED] - Delayed 2 second(s)

2018-10-12 13:11:09 - [TEST_STEP][PASSED] - click: Object: 'Object Repository/Backoffice/Clients/Registration/button_Submit' is clicked on

2018-10-12 13:11:10 - [MESSAGE][PASSED] - Object: 'Object Repository/Backoffice/Clients/Registration/button_Submit' is clicked on

2018-10-12 13:11:10 - [TEST_STEP][PASSED] - delay: Delayed 2 second(s)

2018-10-12 13:11:12 - [MESSAGE][PASSED] - Delayed 2 second(s)]]></system-out>
         <system-err><![CDATA[]]></system-err>
      </testcase>
      <testcase name="Test Cases/Backoffice/RegisterAccount" classname="Test Cases/Backoffice/RegisterAccount" status="PASSED">
         <system-out><![CDATA[2018-10-12 13:11:12 - [TEST_CASE][PASSED] - Test Cases/Backoffice/RegisterAccount: Test Cases/Backoffice/RegisterAccount

2018-10-12 13:11:12 - [TEST_STEP][PASSED] - focus: Object: 'Object Repository/Backoffice/Clients/Clients' is focused

2018-10-12 13:11:12 - [MESSAGE][PASSED] - Object: 'Object Repository/Backoffice/Clients/Clients' is focused

2018-10-12 13:11:12 - [TEST_STEP][PASSED] - verifyElementPresent: Object 'Object Repository/Backoffice/Clients/Client Registration' is present

2018-10-12 13:11:12 - [MESSAGE][PASSED] - Object 'Object Repository/Backoffice/Clients/Client Registration' is present

2018-10-12 13:11:12 - [TEST_STEP][PASSED] - click: Object: 'Object Repository/Backoffice/Clients/Client Registration' is clicked on

2018-10-12 13:11:13 - [MESSAGE][PASSED] - Object: 'Object Repository/Backoffice/Clients/Client Registration' is clicked on

2018-10-12 13:11:13 - [TEST_STEP][PASSED] - setText: Text 'broncobangers' is set on object 'Object Repository/Backoffice/Clients/Registration/input_username'

2018-10-12 13:11:13 - [MESSAGE][PASSED] - Text 'broncobangers' is set on object 'Object Repository/Backoffice/Clients/Registration/input_username'

2018-10-12 13:11:13 - [TEST_STEP][PASSED] - setText: Text '123123' is set on object 'Object Repository/Backoffice/Clients/Registration/input_password'

2018-10-12 13:11:13 - [MESSAGE][PASSED] - Text '123123' is set on object 'Object Repository/Backoffice/Clients/Registration/input_password'

2018-10-12 13:11:13 - [TEST_STEP][PASSED] - setText: Text '123123' is set on object 'Object Repository/Backoffice/Clients/Registration/input_confirmp'

2018-10-12 13:11:13 - [MESSAGE][PASSED] - Text '123123' is set on object 'Object Repository/Backoffice/Clients/Registration/input_confirmp'

2018-10-12 13:11:13 - [TEST_STEP][PASSED] - selectOptionByValue: All options with value 'test' are selected in object 'Object Repository/Backoffice/Clients/Registration/select_operatorcode' 

2018-10-12 13:11:13 - [MESSAGE][PASSED] - All options with value 'test' are selected in object 'Object Repository/Backoffice/Clients/Registration/select_operatorcode' 

2018-10-12 13:11:13 - [TEST_STEP][PASSED] - selectOptionByValue: All options with value '1' are selected in object 'Object Repository/Backoffice/Clients/Registration/select_status' 

2018-10-12 13:11:14 - [MESSAGE][PASSED] - All options with value '1' are selected in object 'Object Repository/Backoffice/Clients/Registration/select_status' 

2018-10-12 13:11:14 - [TEST_STEP][PASSED] - delay: Delayed 2 second(s)

2018-10-12 13:11:16 - [MESSAGE][PASSED] - Delayed 2 second(s)

2018-10-12 13:11:16 - [TEST_STEP][PASSED] - click: Object: 'Object Repository/Backoffice/Clients/Registration/button_Submit' is clicked on

2018-10-12 13:11:16 - [MESSAGE][PASSED] - Object: 'Object Repository/Backoffice/Clients/Registration/button_Submit' is clicked on

2018-10-12 13:11:16 - [TEST_STEP][PASSED] - delay: Delayed 2 second(s)

2018-10-12 13:11:18 - [MESSAGE][PASSED] - Delayed 2 second(s)]]></system-out>
         <system-err><![CDATA[]]></system-err>
      </testcase>
      <testcase name="Test Cases/Backoffice/RegisterAccount" classname="Test Cases/Backoffice/RegisterAccount" status="PASSED">
         <system-out><![CDATA[2018-10-12 13:11:18 - [TEST_CASE][PASSED] - Test Cases/Backoffice/RegisterAccount: Test Cases/Backoffice/RegisterAccount

2018-10-12 13:11:18 - [TEST_STEP][PASSED] - focus: Object: 'Object Repository/Backoffice/Clients/Clients' is focused

2018-10-12 13:11:18 - [MESSAGE][PASSED] - Object: 'Object Repository/Backoffice/Clients/Clients' is focused

2018-10-12 13:11:18 - [TEST_STEP][PASSED] - verifyElementPresent: Object 'Object Repository/Backoffice/Clients/Client Registration' is present

2018-10-12 13:11:18 - [MESSAGE][PASSED] - Object 'Object Repository/Backoffice/Clients/Client Registration' is present

2018-10-12 13:11:18 - [TEST_STEP][PASSED] - click: Object: 'Object Repository/Backoffice/Clients/Client Registration' is clicked on

2018-10-12 13:11:19 - [MESSAGE][PASSED] - Object: 'Object Repository/Backoffice/Clients/Client Registration' is clicked on

2018-10-12 13:11:19 - [TEST_STEP][PASSED] - setText: Text 'boisterousbowed' is set on object 'Object Repository/Backoffice/Clients/Registration/input_username'

2018-10-12 13:11:19 - [MESSAGE][PASSED] - Text 'boisterousbowed' is set on object 'Object Repository/Backoffice/Clients/Registration/input_username'

2018-10-12 13:11:19 - [TEST_STEP][PASSED] - setText: Text '123123' is set on object 'Object Repository/Backoffice/Clients/Registration/input_password'

2018-10-12 13:11:19 - [MESSAGE][PASSED] - Text '123123' is set on object 'Object Repository/Backoffice/Clients/Registration/input_password'

2018-10-12 13:11:19 - [TEST_STEP][PASSED] - setText: Text '123123' is set on object 'Object Repository/Backoffice/Clients/Registration/input_confirmp'

2018-10-12 13:11:19 - [MESSAGE][PASSED] - Text '123123' is set on object 'Object Repository/Backoffice/Clients/Registration/input_confirmp'

2018-10-12 13:11:19 - [TEST_STEP][PASSED] - selectOptionByValue: All options with value 'test' are selected in object 'Object Repository/Backoffice/Clients/Registration/select_operatorcode' 

2018-10-12 13:11:20 - [MESSAGE][PASSED] - All options with value 'test' are selected in object 'Object Repository/Backoffice/Clients/Registration/select_operatorcode' 

2018-10-12 13:11:20 - [TEST_STEP][PASSED] - selectOptionByValue: All options with value '1' are selected in object 'Object Repository/Backoffice/Clients/Registration/select_status' 

2018-10-12 13:11:20 - [MESSAGE][PASSED] - All options with value '1' are selected in object 'Object Repository/Backoffice/Clients/Registration/select_status' 

2018-10-12 13:11:20 - [TEST_STEP][PASSED] - delay: Delayed 2 second(s)

2018-10-12 13:11:22 - [MESSAGE][PASSED] - Delayed 2 second(s)

2018-10-12 13:11:22 - [TEST_STEP][PASSED] - click: Object: 'Object Repository/Backoffice/Clients/Registration/button_Submit' is clicked on

2018-10-12 13:11:23 - [MESSAGE][PASSED] - Object: 'Object Repository/Backoffice/Clients/Registration/button_Submit' is clicked on

2018-10-12 13:11:23 - [TEST_STEP][PASSED] - delay: Delayed 2 second(s)

2018-10-12 13:11:25 - [MESSAGE][PASSED] - Delayed 2 second(s)]]></system-out>
         <system-err><![CDATA[]]></system-err>
      </testcase>
      <testcase name="Test Cases/Backoffice/RegisterAccount" classname="Test Cases/Backoffice/RegisterAccount" status="PASSED">
         <system-out><![CDATA[2018-10-12 13:11:25 - [TEST_CASE][PASSED] - Test Cases/Backoffice/RegisterAccount: Test Cases/Backoffice/RegisterAccount

2018-10-12 13:11:25 - [TEST_STEP][PASSED] - focus: Object: 'Object Repository/Backoffice/Clients/Clients' is focused

2018-10-12 13:11:25 - [MESSAGE][PASSED] - Object: 'Object Repository/Backoffice/Clients/Clients' is focused

2018-10-12 13:11:25 - [TEST_STEP][PASSED] - verifyElementPresent: Object 'Object Repository/Backoffice/Clients/Client Registration' is present

2018-10-12 13:11:25 - [MESSAGE][PASSED] - Object 'Object Repository/Backoffice/Clients/Client Registration' is present

2018-10-12 13:11:25 - [TEST_STEP][PASSED] - click: Object: 'Object Repository/Backoffice/Clients/Client Registration' is clicked on

2018-10-12 13:11:25 - [MESSAGE][PASSED] - Object: 'Object Repository/Backoffice/Clients/Client Registration' is clicked on

2018-10-12 13:11:25 - [TEST_STEP][PASSED] - setText: Text 'burstblood' is set on object 'Object Repository/Backoffice/Clients/Registration/input_username'

2018-10-12 13:11:25 - [MESSAGE][PASSED] - Text 'burstblood' is set on object 'Object Repository/Backoffice/Clients/Registration/input_username'

2018-10-12 13:11:25 - [TEST_STEP][PASSED] - setText: Text '123123' is set on object 'Object Repository/Backoffice/Clients/Registration/input_password'

2018-10-12 13:11:26 - [MESSAGE][PASSED] - Text '123123' is set on object 'Object Repository/Backoffice/Clients/Registration/input_password'

2018-10-12 13:11:26 - [TEST_STEP][PASSED] - setText: Text '123123' is set on object 'Object Repository/Backoffice/Clients/Registration/input_confirmp'

2018-10-12 13:11:26 - [MESSAGE][PASSED] - Text '123123' is set on object 'Object Repository/Backoffice/Clients/Registration/input_confirmp'

2018-10-12 13:11:26 - [TEST_STEP][PASSED] - selectOptionByValue: All options with value 'test' are selected in object 'Object Repository/Backoffice/Clients/Registration/select_operatorcode' 

2018-10-12 13:11:26 - [MESSAGE][PASSED] - All options with value 'test' are selected in object 'Object Repository/Backoffice/Clients/Registration/select_operatorcode' 

2018-10-12 13:11:26 - [TEST_STEP][PASSED] - selectOptionByValue: All options with value '1' are selected in object 'Object Repository/Backoffice/Clients/Registration/select_status' 

2018-10-12 13:11:26 - [MESSAGE][PASSED] - All options with value '1' are selected in object 'Object Repository/Backoffice/Clients/Registration/select_status' 

2018-10-12 13:11:26 - [TEST_STEP][PASSED] - delay: Delayed 2 second(s)

2018-10-12 13:11:28 - [MESSAGE][PASSED] - Delayed 2 second(s)

2018-10-12 13:11:28 - [TEST_STEP][PASSED] - click: Object: 'Object Repository/Backoffice/Clients/Registration/button_Submit' is clicked on

2018-10-12 13:11:29 - [MESSAGE][PASSED] - Object: 'Object Repository/Backoffice/Clients/Registration/button_Submit' is clicked on

2018-10-12 13:11:29 - [TEST_STEP][PASSED] - delay: Delayed 2 second(s)

2018-10-12 13:11:31 - [MESSAGE][PASSED] - Delayed 2 second(s)]]></system-out>
         <system-err><![CDATA[]]></system-err>
      </testcase>
      <testcase name="Test Cases/Backoffice/RegisterAccount" classname="Test Cases/Backoffice/RegisterAccount" status="PASSED">
         <system-out><![CDATA[2018-10-12 13:11:31 - [TEST_CASE][PASSED] - Test Cases/Backoffice/RegisterAccount: Test Cases/Backoffice/RegisterAccount

2018-10-12 13:11:31 - [TEST_STEP][PASSED] - focus: Object: 'Object Repository/Backoffice/Clients/Clients' is focused

2018-10-12 13:11:31 - [MESSAGE][PASSED] - Object: 'Object Repository/Backoffice/Clients/Clients' is focused

2018-10-12 13:11:31 - [TEST_STEP][PASSED] - verifyElementPresent: Object 'Object Repository/Backoffice/Clients/Client Registration' is present

2018-10-12 13:11:31 - [MESSAGE][PASSED] - Object 'Object Repository/Backoffice/Clients/Client Registration' is present

2018-10-12 13:11:31 - [TEST_STEP][PASSED] - click: Object: 'Object Repository/Backoffice/Clients/Client Registration' is clicked on

2018-10-12 13:11:32 - [MESSAGE][PASSED] - Object: 'Object Repository/Backoffice/Clients/Client Registration' is clicked on

2018-10-12 13:11:32 - [TEST_STEP][PASSED] - setText: Text 'banknotesboring' is set on object 'Object Repository/Backoffice/Clients/Registration/input_username'

2018-10-12 13:11:32 - [MESSAGE][PASSED] - Text 'banknotesboring' is set on object 'Object Repository/Backoffice/Clients/Registration/input_username'

2018-10-12 13:11:32 - [TEST_STEP][PASSED] - setText: Text '123123' is set on object 'Object Repository/Backoffice/Clients/Registration/input_password'

2018-10-12 13:11:32 - [MESSAGE][PASSED] - Text '123123' is set on object 'Object Repository/Backoffice/Clients/Registration/input_password'

2018-10-12 13:11:32 - [TEST_STEP][PASSED] - setText: Text '123123' is set on object 'Object Repository/Backoffice/Clients/Registration/input_confirmp'

2018-10-12 13:11:32 - [MESSAGE][PASSED] - Text '123123' is set on object 'Object Repository/Backoffice/Clients/Registration/input_confirmp'

2018-10-12 13:11:32 - [TEST_STEP][PASSED] - selectOptionByValue: All options with value 'test' are selected in object 'Object Repository/Backoffice/Clients/Registration/select_operatorcode' 

2018-10-12 13:11:32 - [MESSAGE][PASSED] - All options with value 'test' are selected in object 'Object Repository/Backoffice/Clients/Registration/select_operatorcode' 

2018-10-12 13:11:32 - [TEST_STEP][PASSED] - selectOptionByValue: All options with value '1' are selected in object 'Object Repository/Backoffice/Clients/Registration/select_status' 

2018-10-12 13:11:32 - [MESSAGE][PASSED] - All options with value '1' are selected in object 'Object Repository/Backoffice/Clients/Registration/select_status' 

2018-10-12 13:11:32 - [TEST_STEP][PASSED] - delay: Delayed 2 second(s)

2018-10-12 13:11:34 - [MESSAGE][PASSED] - Delayed 2 second(s)

2018-10-12 13:11:34 - [TEST_STEP][PASSED] - click: Object: 'Object Repository/Backoffice/Clients/Registration/button_Submit' is clicked on

2018-10-12 13:11:35 - [MESSAGE][PASSED] - Object: 'Object Repository/Backoffice/Clients/Registration/button_Submit' is clicked on

2018-10-12 13:11:35 - [TEST_STEP][PASSED] - delay: Delayed 2 second(s)

2018-10-12 13:11:37 - [MESSAGE][PASSED] - Delayed 2 second(s)]]></system-out>
         <system-err><![CDATA[]]></system-err>
      </testcase>
      <testcase name="Test Cases/Backoffice/RegisterAccount" classname="Test Cases/Backoffice/RegisterAccount" status="PASSED">
         <system-out><![CDATA[2018-10-12 13:11:37 - [TEST_CASE][PASSED] - Test Cases/Backoffice/RegisterAccount: Test Cases/Backoffice/RegisterAccount

2018-10-12 13:11:37 - [TEST_STEP][PASSED] - focus: Object: 'Object Repository/Backoffice/Clients/Clients' is focused

2018-10-12 13:11:37 - [MESSAGE][PASSED] - Object: 'Object Repository/Backoffice/Clients/Clients' is focused

2018-10-12 13:11:37 - [TEST_STEP][PASSED] - verifyElementPresent: Object 'Object Repository/Backoffice/Clients/Client Registration' is present

2018-10-12 13:11:37 - [MESSAGE][PASSED] - Object 'Object Repository/Backoffice/Clients/Client Registration' is present

2018-10-12 13:11:37 - [TEST_STEP][PASSED] - click: Object: 'Object Repository/Backoffice/Clients/Client Registration' is clicked on

2018-10-12 13:11:38 - [MESSAGE][PASSED] - Object: 'Object Repository/Backoffice/Clients/Client Registration' is clicked on

2018-10-12 13:11:38 - [TEST_STEP][PASSED] - setText: Text 'crabcamber' is set on object 'Object Repository/Backoffice/Clients/Registration/input_username'

2018-10-12 13:11:38 - [MESSAGE][PASSED] - Text 'crabcamber' is set on object 'Object Repository/Backoffice/Clients/Registration/input_username'

2018-10-12 13:11:38 - [TEST_STEP][PASSED] - setText: Text '123123' is set on object 'Object Repository/Backoffice/Clients/Registration/input_password'

2018-10-12 13:11:38 - [MESSAGE][PASSED] - Text '123123' is set on object 'Object Repository/Backoffice/Clients/Registration/input_password'

2018-10-12 13:11:38 - [TEST_STEP][PASSED] - setText: Text '123123' is set on object 'Object Repository/Backoffice/Clients/Registration/input_confirmp'

2018-10-12 13:11:38 - [MESSAGE][PASSED] - Text '123123' is set on object 'Object Repository/Backoffice/Clients/Registration/input_confirmp'

2018-10-12 13:11:38 - [TEST_STEP][PASSED] - selectOptionByValue: All options with value 'test' are selected in object 'Object Repository/Backoffice/Clients/Registration/select_operatorcode' 

2018-10-12 13:11:38 - [MESSAGE][PASSED] - All options with value 'test' are selected in object 'Object Repository/Backoffice/Clients/Registration/select_operatorcode' 

2018-10-12 13:11:38 - [TEST_STEP][PASSED] - selectOptionByValue: All options with value '1' are selected in object 'Object Repository/Backoffice/Clients/Registration/select_status' 

2018-10-12 13:11:38 - [MESSAGE][PASSED] - All options with value '1' are selected in object 'Object Repository/Backoffice/Clients/Registration/select_status' 

2018-10-12 13:11:38 - [TEST_STEP][PASSED] - delay: Delayed 2 second(s)

2018-10-12 13:11:40 - [MESSAGE][PASSED] - Delayed 2 second(s)

2018-10-12 13:11:40 - [TEST_STEP][PASSED] - click: Object: 'Object Repository/Backoffice/Clients/Registration/button_Submit' is clicked on

2018-10-12 13:11:41 - [MESSAGE][PASSED] - Object: 'Object Repository/Backoffice/Clients/Registration/button_Submit' is clicked on

2018-10-12 13:11:41 - [TEST_STEP][PASSED] - delay: Delayed 2 second(s)

2018-10-12 13:11:43 - [MESSAGE][PASSED] - Delayed 2 second(s)]]></system-out>
         <system-err><![CDATA[]]></system-err>
      </testcase>
      <testcase name="Test Cases/Backoffice/RegisterAccount" classname="Test Cases/Backoffice/RegisterAccount" status="PASSED">
         <system-out><![CDATA[2018-10-12 13:11:43 - [TEST_CASE][PASSED] - Test Cases/Backoffice/RegisterAccount: Test Cases/Backoffice/RegisterAccount

2018-10-12 13:11:43 - [TEST_STEP][PASSED] - focus: Object: 'Object Repository/Backoffice/Clients/Clients' is focused

2018-10-12 13:11:43 - [MESSAGE][PASSED] - Object: 'Object Repository/Backoffice/Clients/Clients' is focused

2018-10-12 13:11:43 - [TEST_STEP][PASSED] - verifyElementPresent: Object 'Object Repository/Backoffice/Clients/Client Registration' is present

2018-10-12 13:11:43 - [MESSAGE][PASSED] - Object 'Object Repository/Backoffice/Clients/Client Registration' is present

2018-10-12 13:11:43 - [TEST_STEP][PASSED] - click: Object: 'Object Repository/Backoffice/Clients/Client Registration' is clicked on

2018-10-12 13:11:44 - [MESSAGE][PASSED] - Object: 'Object Repository/Backoffice/Clients/Client Registration' is clicked on

2018-10-12 13:11:44 - [TEST_STEP][PASSED] - setText: Text 'chattingclean' is set on object 'Object Repository/Backoffice/Clients/Registration/input_username'

2018-10-12 13:11:44 - [MESSAGE][PASSED] - Text 'chattingclean' is set on object 'Object Repository/Backoffice/Clients/Registration/input_username'

2018-10-12 13:11:44 - [TEST_STEP][PASSED] - setText: Text '123123' is set on object 'Object Repository/Backoffice/Clients/Registration/input_password'

2018-10-12 13:11:44 - [MESSAGE][PASSED] - Text '123123' is set on object 'Object Repository/Backoffice/Clients/Registration/input_password'

2018-10-12 13:11:44 - [TEST_STEP][PASSED] - setText: Text '123123' is set on object 'Object Repository/Backoffice/Clients/Registration/input_confirmp'

2018-10-12 13:11:44 - [MESSAGE][PASSED] - Text '123123' is set on object 'Object Repository/Backoffice/Clients/Registration/input_confirmp'

2018-10-12 13:11:44 - [TEST_STEP][PASSED] - selectOptionByValue: All options with value 'test' are selected in object 'Object Repository/Backoffice/Clients/Registration/select_operatorcode' 

2018-10-12 13:11:44 - [MESSAGE][PASSED] - All options with value 'test' are selected in object 'Object Repository/Backoffice/Clients/Registration/select_operatorcode' 

2018-10-12 13:11:44 - [TEST_STEP][PASSED] - selectOptionByValue: All options with value '1' are selected in object 'Object Repository/Backoffice/Clients/Registration/select_status' 

2018-10-12 13:11:45 - [MESSAGE][PASSED] - All options with value '1' are selected in object 'Object Repository/Backoffice/Clients/Registration/select_status' 

2018-10-12 13:11:45 - [TEST_STEP][PASSED] - delay: Delayed 2 second(s)

2018-10-12 13:11:47 - [MESSAGE][PASSED] - Delayed 2 second(s)

2018-10-12 13:11:47 - [TEST_STEP][PASSED] - click: Object: 'Object Repository/Backoffice/Clients/Registration/button_Submit' is clicked on

2018-10-12 13:11:47 - [MESSAGE][PASSED] - Object: 'Object Repository/Backoffice/Clients/Registration/button_Submit' is clicked on

2018-10-12 13:11:47 - [TEST_STEP][PASSED] - delay: Delayed 2 second(s)

2018-10-12 13:11:49 - [MESSAGE][PASSED] - Delayed 2 second(s)]]></system-out>
         <system-err><![CDATA[]]></system-err>
      </testcase>
      <testcase name="Test Cases/Backoffice/RegisterAccount" classname="Test Cases/Backoffice/RegisterAccount" status="PASSED">
         <system-out><![CDATA[2018-10-12 13:11:49 - [TEST_CASE][PASSED] - Test Cases/Backoffice/RegisterAccount: Test Cases/Backoffice/RegisterAccount

2018-10-12 13:11:50 - [TEST_STEP][PASSED] - focus: Object: 'Object Repository/Backoffice/Clients/Clients' is focused

2018-10-12 13:11:50 - [MESSAGE][PASSED] - Object: 'Object Repository/Backoffice/Clients/Clients' is focused

2018-10-12 13:11:50 - [TEST_STEP][PASSED] - verifyElementPresent: Object 'Object Repository/Backoffice/Clients/Client Registration' is present

2018-10-12 13:11:50 - [MESSAGE][PASSED] - Object 'Object Repository/Backoffice/Clients/Client Registration' is present

2018-10-12 13:11:50 - [TEST_STEP][PASSED] - click: Object: 'Object Repository/Backoffice/Clients/Client Registration' is clicked on

2018-10-12 13:11:50 - [MESSAGE][PASSED] - Object: 'Object Repository/Backoffice/Clients/Client Registration' is clicked on

2018-10-12 13:11:50 - [TEST_STEP][PASSED] - setText: Text 'corycreative' is set on object 'Object Repository/Backoffice/Clients/Registration/input_username'

2018-10-12 13:11:50 - [MESSAGE][PASSED] - Text 'corycreative' is set on object 'Object Repository/Backoffice/Clients/Registration/input_username'

2018-10-12 13:11:50 - [TEST_STEP][PASSED] - setText: Text '123123' is set on object 'Object Repository/Backoffice/Clients/Registration/input_password'

2018-10-12 13:11:50 - [MESSAGE][PASSED] - Text '123123' is set on object 'Object Repository/Backoffice/Clients/Registration/input_password'

2018-10-12 13:11:50 - [TEST_STEP][PASSED] - setText: Text '123123' is set on object 'Object Repository/Backoffice/Clients/Registration/input_confirmp'

2018-10-12 13:11:50 - [MESSAGE][PASSED] - Text '123123' is set on object 'Object Repository/Backoffice/Clients/Registration/input_confirmp'

2018-10-12 13:11:50 - [TEST_STEP][PASSED] - selectOptionByValue: All options with value 'test' are selected in object 'Object Repository/Backoffice/Clients/Registration/select_operatorcode' 

2018-10-12 13:11:51 - [MESSAGE][PASSED] - All options with value 'test' are selected in object 'Object Repository/Backoffice/Clients/Registration/select_operatorcode' 

2018-10-12 13:11:51 - [TEST_STEP][PASSED] - selectOptionByValue: All options with value '1' are selected in object 'Object Repository/Backoffice/Clients/Registration/select_status' 

2018-10-12 13:11:51 - [MESSAGE][PASSED] - All options with value '1' are selected in object 'Object Repository/Backoffice/Clients/Registration/select_status' 

2018-10-12 13:11:51 - [TEST_STEP][PASSED] - delay: Delayed 2 second(s)

2018-10-12 13:11:53 - [MESSAGE][PASSED] - Delayed 2 second(s)

2018-10-12 13:11:53 - [TEST_STEP][PASSED] - click: Object: 'Object Repository/Backoffice/Clients/Registration/button_Submit' is clicked on

2018-10-12 13:11:54 - [MESSAGE][PASSED] - Object: 'Object Repository/Backoffice/Clients/Registration/button_Submit' is clicked on

2018-10-12 13:11:54 - [TEST_STEP][PASSED] - delay: Delayed 2 second(s)

2018-10-12 13:11:56 - [MESSAGE][PASSED] - Delayed 2 second(s)]]></system-out>
         <system-err><![CDATA[]]></system-err>
      </testcase>
      <testcase name="Test Cases/Backoffice/RegisterAccount" classname="Test Cases/Backoffice/RegisterAccount" status="PASSED">
         <system-out><![CDATA[2018-10-12 13:11:56 - [TEST_CASE][PASSED] - Test Cases/Backoffice/RegisterAccount: Test Cases/Backoffice/RegisterAccount

2018-10-12 13:11:56 - [TEST_STEP][PASSED] - focus: Object: 'Object Repository/Backoffice/Clients/Clients' is focused

2018-10-12 13:11:56 - [MESSAGE][PASSED] - Object: 'Object Repository/Backoffice/Clients/Clients' is focused

2018-10-12 13:11:56 - [TEST_STEP][PASSED] - verifyElementPresent: Object 'Object Repository/Backoffice/Clients/Client Registration' is present

2018-10-12 13:11:56 - [MESSAGE][PASSED] - Object 'Object Repository/Backoffice/Clients/Client Registration' is present

2018-10-12 13:11:56 - [TEST_STEP][PASSED] - click: Object: 'Object Repository/Backoffice/Clients/Client Registration' is clicked on

2018-10-12 13:11:56 - [MESSAGE][PASSED] - Object: 'Object Repository/Backoffice/Clients/Client Registration' is clicked on

2018-10-12 13:11:56 - [TEST_STEP][PASSED] - setText: Text 'cisycesty' is set on object 'Object Repository/Backoffice/Clients/Registration/input_username'

2018-10-12 13:11:56 - [MESSAGE][PASSED] - Text 'cisycesty' is set on object 'Object Repository/Backoffice/Clients/Registration/input_username'

2018-10-12 13:11:56 - [TEST_STEP][PASSED] - setText: Text '123123' is set on object 'Object Repository/Backoffice/Clients/Registration/input_password'

2018-10-12 13:11:57 - [MESSAGE][PASSED] - Text '123123' is set on object 'Object Repository/Backoffice/Clients/Registration/input_password'

2018-10-12 13:11:57 - [TEST_STEP][PASSED] - setText: Text '123123' is set on object 'Object Repository/Backoffice/Clients/Registration/input_confirmp'

2018-10-12 13:11:57 - [MESSAGE][PASSED] - Text '123123' is set on object 'Object Repository/Backoffice/Clients/Registration/input_confirmp'

2018-10-12 13:11:57 - [TEST_STEP][PASSED] - selectOptionByValue: All options with value 'test' are selected in object 'Object Repository/Backoffice/Clients/Registration/select_operatorcode' 

2018-10-12 13:11:57 - [MESSAGE][PASSED] - All options with value 'test' are selected in object 'Object Repository/Backoffice/Clients/Registration/select_operatorcode' 

2018-10-12 13:11:57 - [TEST_STEP][PASSED] - selectOptionByValue: All options with value '1' are selected in object 'Object Repository/Backoffice/Clients/Registration/select_status' 

2018-10-12 13:11:57 - [MESSAGE][PASSED] - All options with value '1' are selected in object 'Object Repository/Backoffice/Clients/Registration/select_status' 

2018-10-12 13:11:57 - [TEST_STEP][PASSED] - delay: Delayed 2 second(s)

2018-10-12 13:11:59 - [MESSAGE][PASSED] - Delayed 2 second(s)

2018-10-12 13:11:59 - [TEST_STEP][PASSED] - click: Object: 'Object Repository/Backoffice/Clients/Registration/button_Submit' is clicked on

2018-10-12 13:12:00 - [MESSAGE][PASSED] - Object: 'Object Repository/Backoffice/Clients/Registration/button_Submit' is clicked on

2018-10-12 13:12:00 - [TEST_STEP][PASSED] - delay: Delayed 2 second(s)

2018-10-12 13:12:02 - [MESSAGE][PASSED] - Delayed 2 second(s)]]></system-out>
         <system-err><![CDATA[]]></system-err>
      </testcase>
      <testcase name="Test Cases/Backoffice/RegisterAccount" classname="Test Cases/Backoffice/RegisterAccount" status="PASSED">
         <system-out><![CDATA[2018-10-12 13:12:02 - [TEST_CASE][PASSED] - Test Cases/Backoffice/RegisterAccount: Test Cases/Backoffice/RegisterAccount

2018-10-12 13:12:02 - [TEST_STEP][PASSED] - focus: Object: 'Object Repository/Backoffice/Clients/Clients' is focused

2018-10-12 13:12:02 - [MESSAGE][PASSED] - Object: 'Object Repository/Backoffice/Clients/Clients' is focused

2018-10-12 13:12:02 - [TEST_STEP][PASSED] - verifyElementPresent: Object 'Object Repository/Backoffice/Clients/Client Registration' is present

2018-10-12 13:12:02 - [MESSAGE][PASSED] - Object 'Object Repository/Backoffice/Clients/Client Registration' is present

2018-10-12 13:12:02 - [TEST_STEP][PASSED] - click: Object: 'Object Repository/Backoffice/Clients/Client Registration' is clicked on

2018-10-12 13:12:02 - [MESSAGE][PASSED] - Object: 'Object Repository/Backoffice/Clients/Client Registration' is clicked on

2018-10-12 13:12:02 - [TEST_STEP][PASSED] - setText: Text 'choodcrochet' is set on object 'Object Repository/Backoffice/Clients/Registration/input_username'

2018-10-12 13:12:03 - [MESSAGE][PASSED] - Text 'choodcrochet' is set on object 'Object Repository/Backoffice/Clients/Registration/input_username'

2018-10-12 13:12:03 - [TEST_STEP][PASSED] - setText: Text '123123' is set on object 'Object Repository/Backoffice/Clients/Registration/input_password'

2018-10-12 13:12:03 - [MESSAGE][PASSED] - Text '123123' is set on object 'Object Repository/Backoffice/Clients/Registration/input_password'

2018-10-12 13:12:03 - [TEST_STEP][PASSED] - setText: Text '123123' is set on object 'Object Repository/Backoffice/Clients/Registration/input_confirmp'

2018-10-12 13:12:03 - [MESSAGE][PASSED] - Text '123123' is set on object 'Object Repository/Backoffice/Clients/Registration/input_confirmp'

2018-10-12 13:12:03 - [TEST_STEP][PASSED] - selectOptionByValue: All options with value 'test' are selected in object 'Object Repository/Backoffice/Clients/Registration/select_operatorcode' 

2018-10-12 13:12:03 - [MESSAGE][PASSED] - All options with value 'test' are selected in object 'Object Repository/Backoffice/Clients/Registration/select_operatorcode' 

2018-10-12 13:12:03 - [TEST_STEP][PASSED] - selectOptionByValue: All options with value '1' are selected in object 'Object Repository/Backoffice/Clients/Registration/select_status' 

2018-10-12 13:12:03 - [MESSAGE][PASSED] - All options with value '1' are selected in object 'Object Repository/Backoffice/Clients/Registration/select_status' 

2018-10-12 13:12:03 - [TEST_STEP][PASSED] - delay: Delayed 2 second(s)

2018-10-12 13:12:05 - [MESSAGE][PASSED] - Delayed 2 second(s)

2018-10-12 13:12:05 - [TEST_STEP][PASSED] - click: Object: 'Object Repository/Backoffice/Clients/Registration/button_Submit' is clicked on

2018-10-12 13:12:06 - [MESSAGE][PASSED] - Object: 'Object Repository/Backoffice/Clients/Registration/button_Submit' is clicked on

2018-10-12 13:12:06 - [TEST_STEP][PASSED] - delay: Delayed 2 second(s)

2018-10-12 13:12:08 - [MESSAGE][PASSED] - Delayed 2 second(s)]]></system-out>
         <system-err><![CDATA[]]></system-err>
      </testcase>
      <testcase name="Test Cases/Backoffice/RegisterAccount" classname="Test Cases/Backoffice/RegisterAccount" status="PASSED">
         <system-out><![CDATA[2018-10-12 13:12:08 - [TEST_CASE][PASSED] - Test Cases/Backoffice/RegisterAccount: Test Cases/Backoffice/RegisterAccount

2018-10-12 13:12:08 - [TEST_STEP][PASSED] - focus: Object: 'Object Repository/Backoffice/Clients/Clients' is focused

2018-10-12 13:12:08 - [MESSAGE][PASSED] - Object: 'Object Repository/Backoffice/Clients/Clients' is focused

2018-10-12 13:12:08 - [TEST_STEP][PASSED] - verifyElementPresent: Object 'Object Repository/Backoffice/Clients/Client Registration' is present

2018-10-12 13:12:08 - [MESSAGE][PASSED] - Object 'Object Repository/Backoffice/Clients/Client Registration' is present

2018-10-12 13:12:08 - [TEST_STEP][PASSED] - click: Object: 'Object Repository/Backoffice/Clients/Client Registration' is clicked on

2018-10-12 13:12:09 - [MESSAGE][PASSED] - Object: 'Object Repository/Backoffice/Clients/Client Registration' is clicked on

2018-10-12 13:12:09 - [TEST_STEP][PASSED] - setText: Text 'cookscheeping' is set on object 'Object Repository/Backoffice/Clients/Registration/input_username'

2018-10-12 13:12:09 - [MESSAGE][PASSED] - Text 'cookscheeping' is set on object 'Object Repository/Backoffice/Clients/Registration/input_username'

2018-10-12 13:12:09 - [TEST_STEP][PASSED] - setText: Text '123123' is set on object 'Object Repository/Backoffice/Clients/Registration/input_password'

2018-10-12 13:12:09 - [MESSAGE][PASSED] - Text '123123' is set on object 'Object Repository/Backoffice/Clients/Registration/input_password'

2018-10-12 13:12:09 - [TEST_STEP][PASSED] - setText: Text '123123' is set on object 'Object Repository/Backoffice/Clients/Registration/input_confirmp'

2018-10-12 13:12:09 - [MESSAGE][PASSED] - Text '123123' is set on object 'Object Repository/Backoffice/Clients/Registration/input_confirmp'

2018-10-12 13:12:09 - [TEST_STEP][PASSED] - selectOptionByValue: All options with value 'test' are selected in object 'Object Repository/Backoffice/Clients/Registration/select_operatorcode' 

2018-10-12 13:12:09 - [MESSAGE][PASSED] - All options with value 'test' are selected in object 'Object Repository/Backoffice/Clients/Registration/select_operatorcode' 

2018-10-12 13:12:09 - [TEST_STEP][PASSED] - selectOptionByValue: All options with value '1' are selected in object 'Object Repository/Backoffice/Clients/Registration/select_status' 

2018-10-12 13:12:09 - [MESSAGE][PASSED] - All options with value '1' are selected in object 'Object Repository/Backoffice/Clients/Registration/select_status' 

2018-10-12 13:12:09 - [TEST_STEP][PASSED] - delay: Delayed 2 second(s)

2018-10-12 13:12:11 - [MESSAGE][PASSED] - Delayed 2 second(s)

2018-10-12 13:12:11 - [TEST_STEP][PASSED] - click: Object: 'Object Repository/Backoffice/Clients/Registration/button_Submit' is clicked on

2018-10-12 13:12:12 - [MESSAGE][PASSED] - Object: 'Object Repository/Backoffice/Clients/Registration/button_Submit' is clicked on

2018-10-12 13:12:12 - [TEST_STEP][PASSED] - delay: Delayed 2 second(s)

2018-10-12 13:12:14 - [MESSAGE][PASSED] - Delayed 2 second(s)]]></system-out>
         <system-err><![CDATA[]]></system-err>
      </testcase>
      <testcase name="Test Cases/Backoffice/RegisterAccount" classname="Test Cases/Backoffice/RegisterAccount" status="PASSED">
         <system-out><![CDATA[2018-10-12 13:12:14 - [TEST_CASE][PASSED] - Test Cases/Backoffice/RegisterAccount: Test Cases/Backoffice/RegisterAccount

2018-10-12 13:12:14 - [TEST_STEP][PASSED] - focus: Object: 'Object Repository/Backoffice/Clients/Clients' is focused

2018-10-12 13:12:14 - [MESSAGE][PASSED] - Object: 'Object Repository/Backoffice/Clients/Clients' is focused

2018-10-12 13:12:14 - [TEST_STEP][PASSED] - verifyElementPresent: Object 'Object Repository/Backoffice/Clients/Client Registration' is present

2018-10-12 13:12:14 - [MESSAGE][PASSED] - Object 'Object Repository/Backoffice/Clients/Client Registration' is present

2018-10-12 13:12:14 - [TEST_STEP][PASSED] - click: Object: 'Object Repository/Backoffice/Clients/Client Registration' is clicked on

2018-10-12 13:12:15 - [MESSAGE][PASSED] - Object: 'Object Repository/Backoffice/Clients/Client Registration' is clicked on

2018-10-12 13:12:15 - [TEST_STEP][PASSED] - setText: Text 'chobblycranky' is set on object 'Object Repository/Backoffice/Clients/Registration/input_username'

2018-10-12 13:12:15 - [MESSAGE][PASSED] - Text 'chobblycranky' is set on object 'Object Repository/Backoffice/Clients/Registration/input_username'

2018-10-12 13:12:15 - [TEST_STEP][PASSED] - setText: Text '123123' is set on object 'Object Repository/Backoffice/Clients/Registration/input_password'

2018-10-12 13:12:15 - [MESSAGE][PASSED] - Text '123123' is set on object 'Object Repository/Backoffice/Clients/Registration/input_password'

2018-10-12 13:12:15 - [TEST_STEP][PASSED] - setText: Text '123123' is set on object 'Object Repository/Backoffice/Clients/Registration/input_confirmp'

2018-10-12 13:12:15 - [MESSAGE][PASSED] - Text '123123' is set on object 'Object Repository/Backoffice/Clients/Registration/input_confirmp'

2018-10-12 13:12:15 - [TEST_STEP][PASSED] - selectOptionByValue: All options with value 'test' are selected in object 'Object Repository/Backoffice/Clients/Registration/select_operatorcode' 

2018-10-12 13:12:15 - [MESSAGE][PASSED] - All options with value 'test' are selected in object 'Object Repository/Backoffice/Clients/Registration/select_operatorcode' 

2018-10-12 13:12:15 - [TEST_STEP][PASSED] - selectOptionByValue: All options with value '1' are selected in object 'Object Repository/Backoffice/Clients/Registration/select_status' 

2018-10-12 13:12:15 - [MESSAGE][PASSED] - All options with value '1' are selected in object 'Object Repository/Backoffice/Clients/Registration/select_status' 

2018-10-12 13:12:15 - [TEST_STEP][PASSED] - delay: Delayed 2 second(s)

2018-10-12 13:12:17 - [MESSAGE][PASSED] - Delayed 2 second(s)

2018-10-12 13:12:17 - [TEST_STEP][PASSED] - click: Object: 'Object Repository/Backoffice/Clients/Registration/button_Submit' is clicked on

2018-10-12 13:12:19 - [MESSAGE][PASSED] - Object: 'Object Repository/Backoffice/Clients/Registration/button_Submit' is clicked on

2018-10-12 13:12:19 - [TEST_STEP][PASSED] - delay: Delayed 2 second(s)

2018-10-12 13:12:21 - [MESSAGE][PASSED] - Delayed 2 second(s)]]></system-out>
         <system-err><![CDATA[]]></system-err>
      </testcase>
      <testcase name="Test Cases/Backoffice/RegisterAccount" classname="Test Cases/Backoffice/RegisterAccount" status="PASSED">
         <system-out><![CDATA[2018-10-12 13:12:21 - [TEST_CASE][PASSED] - Test Cases/Backoffice/RegisterAccount: Test Cases/Backoffice/RegisterAccount

2018-10-12 13:12:21 - [TEST_STEP][PASSED] - focus: Object: 'Object Repository/Backoffice/Clients/Clients' is focused

2018-10-12 13:12:21 - [MESSAGE][PASSED] - Object: 'Object Repository/Backoffice/Clients/Clients' is focused

2018-10-12 13:12:21 - [TEST_STEP][PASSED] - verifyElementPresent: Object 'Object Repository/Backoffice/Clients/Client Registration' is present

2018-10-12 13:12:21 - [MESSAGE][PASSED] - Object 'Object Repository/Backoffice/Clients/Client Registration' is present

2018-10-12 13:12:21 - [TEST_STEP][PASSED] - click: Object: 'Object Repository/Backoffice/Clients/Client Registration' is clicked on

2018-10-12 13:12:21 - [MESSAGE][PASSED] - Object: 'Object Repository/Backoffice/Clients/Client Registration' is clicked on

2018-10-12 13:12:21 - [TEST_STEP][PASSED] - setText: Text 'chartscreaky' is set on object 'Object Repository/Backoffice/Clients/Registration/input_username'

2018-10-12 13:12:21 - [MESSAGE][PASSED] - Text 'chartscreaky' is set on object 'Object Repository/Backoffice/Clients/Registration/input_username'

2018-10-12 13:12:21 - [TEST_STEP][PASSED] - setText: Text '123123' is set on object 'Object Repository/Backoffice/Clients/Registration/input_password'

2018-10-12 13:12:21 - [MESSAGE][PASSED] - Text '123123' is set on object 'Object Repository/Backoffice/Clients/Registration/input_password'

2018-10-12 13:12:21 - [TEST_STEP][PASSED] - setText: Text '123123' is set on object 'Object Repository/Backoffice/Clients/Registration/input_confirmp'

2018-10-12 13:12:21 - [MESSAGE][PASSED] - Text '123123' is set on object 'Object Repository/Backoffice/Clients/Registration/input_confirmp'

2018-10-12 13:12:21 - [TEST_STEP][PASSED] - selectOptionByValue: All options with value 'test' are selected in object 'Object Repository/Backoffice/Clients/Registration/select_operatorcode' 

2018-10-12 13:12:22 - [MESSAGE][PASSED] - All options with value 'test' are selected in object 'Object Repository/Backoffice/Clients/Registration/select_operatorcode' 

2018-10-12 13:12:22 - [TEST_STEP][PASSED] - selectOptionByValue: All options with value '1' are selected in object 'Object Repository/Backoffice/Clients/Registration/select_status' 

2018-10-12 13:12:22 - [MESSAGE][PASSED] - All options with value '1' are selected in object 'Object Repository/Backoffice/Clients/Registration/select_status' 

2018-10-12 13:12:22 - [TEST_STEP][PASSED] - delay: Delayed 2 second(s)

2018-10-12 13:12:24 - [MESSAGE][PASSED] - Delayed 2 second(s)

2018-10-12 13:12:24 - [TEST_STEP][PASSED] - click: Object: 'Object Repository/Backoffice/Clients/Registration/button_Submit' is clicked on

2018-10-12 13:12:25 - [MESSAGE][PASSED] - Object: 'Object Repository/Backoffice/Clients/Registration/button_Submit' is clicked on

2018-10-12 13:12:25 - [TEST_STEP][PASSED] - delay: Delayed 2 second(s)

2018-10-12 13:12:27 - [MESSAGE][PASSED] - Delayed 2 second(s)]]></system-out>
         <system-err><![CDATA[]]></system-err>
      </testcase>
      <system-out><![CDATA[2018-10-12 12:51:10 - [TEST_SUITE][PASSED] - LoginAndRegister5: Test Cases/Backoffice/RegisterAccount]]></system-out>
      <system-err><![CDATA[]]></system-err>
   </testsuite>
</testsuites>
