<?xml version="1.0" encoding="UTF-8"?>
<testsuites name="big3" time="255" tests="0" failures="1" errors="0">
   <testsuite name="big3" tests="0" failures="1" errors="0" time="255" timestamp="2018-10-17 13:58:43" hostname="Richard Sanchez - DESKTOP-A1HL9OG" id="Test Suites/PlayerBetting/BETTING 10 players/big3">
      <properties>
         <property name="deviceName" value=""/>
         <property name="devicePlatform" value=""/>
         <property name="logFolder" value="C:\\Users\\Richard Sanchez\\Katalon Studio\\ucf88\\Reports\\PlayerBetting\\BETTING 10 players\\big3\\20181017_135831"/>
         <property name="logFiles" value="C:\\Users\\Richard Sanchez\\Katalon Studio\\ucf88\\Reports\\PlayerBetting\\BETTING 10 players\\big3\\20181017_135831\\execution0.log"/>
         <property name="attachments" value="C:\\Users\\Richard Sanchez\\Katalon Studio\\ucf88\\Reports\\PlayerBetting\\BETTING 10 players\\big3\\20181017_135831\\1539755978957.png, C:\\Users\\Richard Sanchez\\Katalon Studio\\ucf88\\Reports\\PlayerBetting\\BETTING 10 players\\big3\\20181017_135831\\1539756174878.png"/>
         <property name="hostName" value="Richard Sanchez - DESKTOP-A1HL9OG"/>
         <property name="os" value="Windows 10 64bit"/>
         <property name="katalonVersion" value="5.8.0.1"/>
         <property name="browser" value="Chrome 69.0.3497.100"/>
         <property name="hostAddress" value="172.16.8.122"/>
         <property name="sessionId" value="ea8b0ed8a20d7c9645657aeaac52c0d4"/>
         <property name="seleniumVersion" value="3.7.1"/>
         <property name="proxyInformation" value="ProxyInformation{proxyOption=NO_PROXY, proxyServerType=HTTP, password=, proxyServerAddress=, proxyServerPort=0}"/>
         <property name="platform" value="Windows 10"/>
      </properties>
      <testcase name="Test Cases/Frontend/PlaceBet/RandomOddsAndAMount" classname="Test Cases/Frontend/PlaceBet/RandomOddsAndAMount" status="FAILED">
         <failure type="FAILED" message="(Stack trace: com.kms.katalon.core.exception.StepFailedException: Unable to set text '1300' of object 'Object Repository/Frontend/MatchBetting/input_stake' (Root cause: org.openqa.selenium.InvalidElementStateException: invalid element state: Element is not currently interactable and may not be manipulated
  (Session info: chrome=69.0.3497.100)
  (Driver info: chromedriver=2.35.528161 (5b82f2d2aae0ca24b877009200ced9065a772e73),platform=Windows NT 10.0.17134 x86_64) (WARNING: The server did not provide any stacktrace information)
Command duration or timeout: 0 milliseconds
Build info: version: '3.7.1', revision: '8a0099a', time: '2017-11-06T21:07:36.161Z'
System info: host: 'DESKTOP-A1HL9OG', ip: '172.16.8.122', os.name: 'Windows 10', os.arch: 'amd64', os.version: '10.0', java.version: '1.8.0_181'
Driver info: com.kms.katalon.selenium.driver.CChromeDriver
Capabilities {acceptInsecureCerts: false, acceptSslCerts: false, applicationCacheEnabled: false, browserConnectionEnabled: false, browserName: chrome, chrome: {chromedriverVersion: 2.35.528161 (5b82f2d2aae0ca..., userDataDir: C:\Users\RICHAR~1\AppData\L...}, cssSelectorsEnabled: true, databaseEnabled: false, handlesAlerts: true, hasTouchScreen: false, javascriptEnabled: true, locationContextEnabled: true, mobileEmulationEnabled: false, nativeEvents: true, networkConnectionEnabled: false, pageLoadStrategy: normal, platform: XP, platformName: XP, rotatable: false, setWindowRect: true, takesHeapSnapshot: true, takesScreenshot: true, unexpectedAlertBehaviour: , unhandledPromptBehavior: , version: 69.0.3497.100, webStorageEnabled: true}
Session ID: ea8b0ed8a20d7c9645657aeaac52c0d4)
	at com.kms.katalon.core.keyword.internal.KeywordMain.stepFailed(KeywordMain.groovy:32)
	at com.kms.katalon.core.webui.keyword.internal.WebUIKeywordMain.stepFailed(WebUIKeywordMain.groovy:65)
	at com.kms.katalon.core.webui.keyword.internal.WebUIKeywordMain.runKeyword(WebUIKeywordMain.groovy:27)
	at com.kms.katalon.core.webui.keyword.builtin.SetTextKeyword.setText(SetTextKeyword.groovy:65)
	at com.kms.katalon.core.webui.keyword.builtin.SetTextKeyword.execute(SetTextKeyword.groovy:37)
	at com.kms.katalon.core.keyword.internal.KeywordExecutor.executeKeywordForPlatform(KeywordExecutor.groovy:53)
	at com.kms.katalon.core.webui.keyword.WebUiBuiltInKeywords.setText(WebUiBuiltInKeywords.groovy:936)
	at com.kms.katalon.core.webui.keyword.WebUiBuiltInKeywords$setText$7.call(Unknown Source)
	at org.codehaus.groovy.runtime.callsite.CallSiteArray.defaultCall(CallSiteArray.java:48)
	at org.codehaus.groovy.runtime.callsite.AbstractCallSite.call(AbstractCallSite.java:113)
	at org.codehaus.groovy.runtime.callsite.AbstractCallSite.call(AbstractCallSite.java:141)
	at Script1539674510987.run(Script1539674510987.groovy:70)
	at com.kms.katalon.core.main.ScriptEngine.run(ScriptEngine.java:183)
	at com.kms.katalon.core.main.ScriptEngine.runScriptAsRawText(ScriptEngine.java:108)
	at com.kms.katalon.core.main.TestCaseExecutor.runScript(TestCaseExecutor.java:294)
	at com.kms.katalon.core.main.TestCaseExecutor.doExecute(TestCaseExecutor.java:285)
	at com.kms.katalon.core.main.TestCaseExecutor.processExecutionPhase(TestCaseExecutor.java:264)
	at com.kms.katalon.core.main.TestCaseExecutor.accessMainPhase(TestCaseExecutor.java:256)
	at com.kms.katalon.core.main.TestCaseExecutor.execute(TestCaseExecutor.java:200)
	at com.kms.katalon.core.main.TestSuiteExecutor.accessTestCaseMainPhase(TestSuiteExecutor.java:129)
	at com.kms.katalon.core.main.TestSuiteExecutor.accessTestSuiteMainPhase(TestSuiteExecutor.java:112)
	at com.kms.katalon.core.main.TestSuiteExecutor.execute(TestSuiteExecutor.java:81)
	at com.kms.katalon.core.main.TestCaseMain.startTestSuite(TestCaseMain.java:142)
	at com.kms.katalon.core.main.TestCaseMain$startTestSuite$0.call(Unknown Source)
	at org.codehaus.groovy.runtime.callsite.CallSiteArray.defaultCall(CallSiteArray.java:48)
	at org.codehaus.groovy.runtime.callsite.AbstractCallSite.call(AbstractCallSite.java:113)
	at org.codehaus.groovy.runtime.callsite.AbstractCallSite.call(AbstractCallSite.java:141)
	at TempTestSuite1539755911871.run(TempTestSuite1539755911871.groovy:36)
	at groovy.lang.GroovyShell.runScriptOrMainOrTestOrRunnable(GroovyShell.java:263)
	at groovy.lang.GroovyShell.run(GroovyShell.java:518)
	at groovy.lang.GroovyShell.run(GroovyShell.java:507)
	at groovy.ui.GroovyMain.processOnce(GroovyMain.java:653)
	at groovy.ui.GroovyMain.run(GroovyMain.java:384)
	at groovy.ui.GroovyMain.process(GroovyMain.java:370)
	at groovy.ui.GroovyMain.processArgs(GroovyMain.java:129)
	at groovy.ui.GroovyMain.main(GroovyMain.java:109)
	at sun.reflect.NativeMethodAccessorImpl.invoke0(Native Method)
	at sun.reflect.NativeMethodAccessorImpl.invoke(NativeMethodAccessorImpl.java:62)
	at sun.reflect.DelegatingMethodAccessorImpl.invoke(DelegatingMethodAccessorImpl.java:43)
	at java.lang.reflect.Method.invoke(Method.java:498)
	at org.codehaus.groovy.tools.GroovyStarter.rootLoader(GroovyStarter.java:109)
	at org.codehaus.groovy.tools.GroovyStarter.main(GroovyStarter.java:131)
)"/>
         <system-out><![CDATA[2018-10-17 13:58:44 - [TEST_CASE][FAILED] - Test Cases/Frontend/PlaceBet/RandomOddsAndAMount: Test Cases/Frontend/PlaceBet/RandomOddsAndAMount FAILED because (of) (Stack trace: com.kms.katalon.core.exception.StepFailedException: Unable to set text '1300' of object 'Object Repository/Frontend/MatchBetting/input_stake' (Root cause: org.openqa.selenium.InvalidElementStateException: invalid element state: Element is not currently interactable and may not be manipulated
  (Session info: chrome=69.0.3497.100)
  (Driver info: chromedriver=2.35.528161 (5b82f2d2aae0ca24b877009200ced9065a772e73),platform=Windows NT 10.0.17134 x86_64) (WARNING: The server did not provide any stacktrace information)
Command duration or timeout: 0 milliseconds
Build info: version: '3.7.1', revision: '8a0099a', time: '2017-11-06T21:07:36.161Z'
System info: host: 'DESKTOP-A1HL9OG', ip: '172.16.8.122', os.name: 'Windows 10', os.arch: 'amd64', os.version: '10.0', java.version: '1.8.0_181'
Driver info: com.kms.katalon.selenium.driver.CChromeDriver
Capabilities {acceptInsecureCerts: false, acceptSslCerts: false, applicationCacheEnabled: false, browserConnectionEnabled: false, browserName: chrome, chrome: {chromedriverVersion: 2.35.528161 (5b82f2d2aae0ca..., userDataDir: C:\Users\RICHAR~1\AppData\L...}, cssSelectorsEnabled: true, databaseEnabled: false, handlesAlerts: true, hasTouchScreen: false, javascriptEnabled: true, locationContextEnabled: true, mobileEmulationEnabled: false, nativeEvents: true, networkConnectionEnabled: false, pageLoadStrategy: normal, platform: XP, platformName: XP, rotatable: false, setWindowRect: true, takesHeapSnapshot: true, takesScreenshot: true, unexpectedAlertBehaviour: , unhandledPromptBehavior: , version: 69.0.3497.100, webStorageEnabled: true}
Session ID: ea8b0ed8a20d7c9645657aeaac52c0d4)
	at com.kms.katalon.core.keyword.internal.KeywordMain.stepFailed(KeywordMain.groovy:32)
	at com.kms.katalon.core.webui.keyword.internal.WebUIKeywordMain.stepFailed(WebUIKeywordMain.groovy:65)
	at com.kms.katalon.core.webui.keyword.internal.WebUIKeywordMain.runKeyword(WebUIKeywordMain.groovy:27)
	at com.kms.katalon.core.webui.keyword.builtin.SetTextKeyword.setText(SetTextKeyword.groovy:65)
	at com.kms.katalon.core.webui.keyword.builtin.SetTextKeyword.execute(SetTextKeyword.groovy:37)
	at com.kms.katalon.core.keyword.internal.KeywordExecutor.executeKeywordForPlatform(KeywordExecutor.groovy:53)
	at com.kms.katalon.core.webui.keyword.WebUiBuiltInKeywords.setText(WebUiBuiltInKeywords.groovy:936)
	at com.kms.katalon.core.webui.keyword.WebUiBuiltInKeywords$setText$7.call(Unknown Source)
	at org.codehaus.groovy.runtime.callsite.CallSiteArray.defaultCall(CallSiteArray.java:48)
	at org.codehaus.groovy.runtime.callsite.AbstractCallSite.call(AbstractCallSite.java:113)
	at org.codehaus.groovy.runtime.callsite.AbstractCallSite.call(AbstractCallSite.java:141)
	at Script1539674510987.run(Script1539674510987.groovy:70)
	at com.kms.katalon.core.main.ScriptEngine.run(ScriptEngine.java:183)
	at com.kms.katalon.core.main.ScriptEngine.runScriptAsRawText(ScriptEngine.java:108)
	at com.kms.katalon.core.main.TestCaseExecutor.runScript(TestCaseExecutor.java:294)
	at com.kms.katalon.core.main.TestCaseExecutor.doExecute(TestCaseExecutor.java:285)
	at com.kms.katalon.core.main.TestCaseExecutor.processExecutionPhase(TestCaseExecutor.java:264)
	at com.kms.katalon.core.main.TestCaseExecutor.accessMainPhase(TestCaseExecutor.java:256)
	at com.kms.katalon.core.main.TestCaseExecutor.execute(TestCaseExecutor.java:200)
	at com.kms.katalon.core.main.TestSuiteExecutor.accessTestCaseMainPhase(TestSuiteExecutor.java:129)
	at com.kms.katalon.core.main.TestSuiteExecutor.accessTestSuiteMainPhase(TestSuiteExecutor.java:112)
	at com.kms.katalon.core.main.TestSuiteExecutor.execute(TestSuiteExecutor.java:81)
	at com.kms.katalon.core.main.TestCaseMain.startTestSuite(TestCaseMain.java:142)
	at com.kms.katalon.core.main.TestCaseMain$startTestSuite$0.call(Unknown Source)
	at org.codehaus.groovy.runtime.callsite.CallSiteArray.defaultCall(CallSiteArray.java:48)
	at org.codehaus.groovy.runtime.callsite.AbstractCallSite.call(AbstractCallSite.java:113)
	at org.codehaus.groovy.runtime.callsite.AbstractCallSite.call(AbstractCallSite.java:141)
	at TempTestSuite1539755911871.run(TempTestSuite1539755911871.groovy:36)
	at groovy.lang.GroovyShell.runScriptOrMainOrTestOrRunnable(GroovyShell.java:263)
	at groovy.lang.GroovyShell.run(GroovyShell.java:518)
	at groovy.lang.GroovyShell.run(GroovyShell.java:507)
	at groovy.ui.GroovyMain.processOnce(GroovyMain.java:653)
	at groovy.ui.GroovyMain.run(GroovyMain.java:384)
	at groovy.ui.GroovyMain.process(GroovyMain.java:370)
	at groovy.ui.GroovyMain.processArgs(GroovyMain.java:129)
	at groovy.ui.GroovyMain.main(GroovyMain.java:109)
	at sun.reflect.NativeMethodAccessorImpl.invoke0(Native Method)
	at sun.reflect.NativeMethodAccessorImpl.invoke(NativeMethodAccessorImpl.java:62)
	at sun.reflect.DelegatingMethodAccessorImpl.invoke(DelegatingMethodAccessorImpl.java:43)
	at java.lang.reflect.Method.invoke(Method.java:498)
	at org.codehaus.groovy.tools.GroovyStarter.rootLoader(GroovyStarter.java:109)
	at org.codehaus.groovy.tools.GroovyStarter.main(GroovyStarter.java:131)
)

2018-10-17 13:58:45 - [TEST_STEP][PASSED] - Statement - log = new com.kms.katalon.core.logging.KeywordLogger(): null

2018-10-17 13:58:45 - [TEST_STEP][PASSED] - openBrowser: Browser is opened with url: ''

2018-10-17 13:58:55 - [MESSAGE][PASSED] - Browser is opened with url: ''

2018-10-17 13:58:55 - [TEST_STEP][PASSED] - maximizeWindow: Current window maximized

2018-10-17 13:58:56 - [MESSAGE][PASSED] - Current window maximized

2018-10-17 13:58:56 - [TEST_STEP][PASSED] - navigateToUrl: Navigate to 'http://dev.ucf88.com/#/' successfully

2018-10-17 13:59:08 - [MESSAGE][PASSED] - Navigate to 'http://dev.ucf88.com/#/' successfully

2018-10-17 13:59:08 - [TEST_STEP][PASSED] - setText: Text 'ornateoxbow' is set on object 'Object Repository/Frontend/Login/input_Sports_username'

2018-10-17 13:59:10 - [MESSAGE][PASSED] - Text 'ornateoxbow' is set on object 'Object Repository/Frontend/Login/input_Sports_username'

2018-10-17 13:59:10 - [TEST_STEP][PASSED] - setText: Text '123123' is set on object 'Object Repository/Frontend/Login/input_Sports_password'

2018-10-17 13:59:11 - [MESSAGE][PASSED] - Text '123123' is set on object 'Object Repository/Frontend/Login/input_Sports_password'

2018-10-17 13:59:11 - [TEST_STEP][PASSED] - click: Object: 'Object Repository/Frontend/Login/button_Login' is clicked on

2018-10-17 13:59:11 - [MESSAGE][PASSED] - Object: 'Object Repository/Frontend/Login/button_Login' is clicked on

2018-10-17 13:59:11 - [TEST_STEP][PASSED] - waitForElementPresent: Object 'Object Repository/Frontend/Login/span_Logout' is present

2018-10-17 13:59:12 - [MESSAGE][PASSED] - Object 'Object Repository/Frontend/Login/span_Logout' is present

2018-10-17 13:59:12 - [TEST_STEP][PASSED] - Statement - meron = com.kms.katalon.core.testobject.ObjectRepository.findTestObject(Frontend/MatchBetting/button_Meronodds): Finding Test Object with id 'Object Repository/Frontend/MatchBetting/button_Meronodds'

2018-10-17 13:59:12 - [TEST_STEP][PASSED] - Statement - draw = com.kms.katalon.core.testobject.ObjectRepository.findTestObject(Frontend/MatchBetting/button_Drawodds): Finding Test Object with id 'Object Repository/Frontend/MatchBetting/button_Drawodds'

2018-10-17 13:59:12 - [TEST_STEP][PASSED] - Statement - ftd = com.kms.katalon.core.testobject.ObjectRepository.findTestObject(Frontend/MatchBetting/button_FTDodds): Finding Test Object with id 'Object Repository/Frontend/MatchBetting/button_FTDodds'

2018-10-17 13:59:12 - [TEST_STEP][PASSED] - Statement - wala = com.kms.katalon.core.testobject.ObjectRepository.findTestObject(Frontend/MatchBetting/button_Walaodds): Finding Test Object with id 'Object Repository/Frontend/MatchBetting/button_Walaodds'

2018-10-17 13:59:12 - [TEST_STEP][PASSED] - Statement - balance = com.kms.katalon.core.webui.keyword.WebUiBuiltInKeywords.getText(com.kms.katalon.core.testobject.ObjectRepository.findTestObject(Frontend/MatchBetting/Balance), CONTINUE_ON_FAILURE): Text of object 'Object Repository/Frontend/MatchBetting/Balance' is: '1,000,703,351.00'

2018-10-17 13:59:12 - [MESSAGE][PASSED] - Text of object 'Object Repository/Frontend/MatchBetting/Balance' is: '1,000,703,351.00'

2018-10-17 13:59:12 - [TEST_STEP][PASSED] - Statement - log.logInfo("User balance " + balance): User balance 1,000,703,351.00

2018-10-17 13:59:12 - [TEST_STEP][FAILED] - Statement - While (balance != 0): Unable to click on object 'Object Repository/Frontend/MatchBetting/button_Drawodds' (Root cause: com.kms.katalon.core.webui.exception.WebElementNotFoundException: Web element with id: 'Object Repository/Frontend/MatchBetting/button_Drawodds' located by 'By.xpath: //button[contains(@id, 'draw') and (text() = 'Place Odd' or . = 'Place Odd')]' not found)

2018-10-17 13:59:12 - [TEST_STEP][PASSED] - Statement - log.logInfo("User balance " + balance): User balance 1,000,703,351.00

2018-10-17 13:59:12 - [TEST_STEP][PASSED] - Statement - odds = new java.util.ArrayList(): null

2018-10-17 13:59:12 - [TEST_STEP][PASSED] - Statement - odds.addAll(java.util.Arrays.asList(meron, draw, ftd, wala)): null

2018-10-17 13:59:12 - [TEST_STEP][PASSED] - Statement - rand = new java.util.Random(): null

2018-10-17 13:59:12 - [TEST_STEP][PASSED] - Statement - randodds = rand.nextInt(odds.size()): null

2018-10-17 13:59:12 - [TEST_STEP][PASSED] - Statement - log.logInfo(" meron[0] draw[1] ftd[2] wala[3] ::" + randodds):  meron[0] draw[1] ftd[2] wala[3] ::1

2018-10-17 13:59:12 - [TEST_STEP][PASSED] - Statement - log.logInfo("Odds Selected = " + odds.get(randodds)): Odds Selected = TestObject - 'Object Repository/Frontend/MatchBetting/button_Drawodds'

2018-10-17 13:59:12 - [TEST_STEP][PASSED] - click: Object: 'Object Repository/Frontend/MatchBetting/button_Drawodds' is clicked on

2018-10-17 13:59:38 - [MESSAGE][PASSED] - Object: 'Object Repository/Frontend/MatchBetting/button_Drawodds' is clicked on

2018-10-17 13:59:38 - [TEST_STEP][PASSED] - verifyElementPresent: Object 'Object Repository/Frontend/MatchBetting/span_Possiblewinning' is present

2018-10-17 13:59:38 - [MESSAGE][PASSED] - Object 'Object Repository/Frontend/MatchBetting/span_Possiblewinning' is present

2018-10-17 13:59:38 - [TEST_STEP][PASSED] - Statement - RA = <not implemented yet for class: org.codehaus.groovy.ast.expr.EmptyExpression>: null

2018-10-17 13:59:38 - [TEST_STEP][PASSED] - Statement - RA = java.lang.Math.random() * 20: null

2018-10-17 13:59:38 - [TEST_STEP][PASSED] - Statement - log.logInfo("Random amount = " + RA): Random amount = 13

2018-10-17 13:59:38 - [TEST_STEP][FAILED] - setText: Unable to set text '1300' of object 'Object Repository/Frontend/MatchBetting/input_stake' (Root cause: org.openqa.selenium.InvalidElementStateException: invalid element state: Element is not currently interactable and may not be manipulated
  (Session info: chrome=69.0.3497.100)
  (Driver info: chromedriver=2.35.528161 (5b82f2d2aae0ca24b877009200ced9065a772e73),platform=Windows NT 10.0.17134 x86_64) (WARNING: The server did not provide any stacktrace information)
Command duration or timeout: 0 milliseconds
Build info: version: '3.7.1', revision: '8a0099a', time: '2017-11-06T21:07:36.161Z'
System info: host: 'DESKTOP-A1HL9OG', ip: '172.16.8.122', os.name: 'Windows 10', os.arch: 'amd64', os.version: '10.0', java.version: '1.8.0_181'
Driver info: com.kms.katalon.selenium.driver.CChromeDriver
Capabilities {acceptInsecureCerts: false, acceptSslCerts: false, applicationCacheEnabled: false, browserConnectionEnabled: false, browserName: chrome, chrome: {chromedriverVersion: 2.35.528161 (5b82f2d2aae0ca..., userDataDir: C:\Users\RICHAR~1\AppData\L...}, cssSelectorsEnabled: true, databaseEnabled: false, handlesAlerts: true, hasTouchScreen: false, javascriptEnabled: true, locationContextEnabled: true, mobileEmulationEnabled: false, nativeEvents: true, networkConnectionEnabled: false, pageLoadStrategy: normal, platform: XP, platformName: XP, rotatable: false, setWindowRect: true, takesHeapSnapshot: true, takesScreenshot: true, unexpectedAlertBehaviour: , unhandledPromptBehavior: , version: 69.0.3497.100, webStorageEnabled: true}
Session ID: ea8b0ed8a20d7c9645657aeaac52c0d4)

2018-10-17 13:59:39 - [MESSAGE][FAILED] - Unable to set text '1300' of object 'Object Repository/Frontend/MatchBetting/input_stake' (Root cause: org.openqa.selenium.InvalidElementStateException: invalid element state: Element is not currently interactable and may not be manipulated
  (Session info: chrome=69.0.3497.100)
  (Driver info: chromedriver=2.35.528161 (5b82f2d2aae0ca24b877009200ced9065a772e73),platform=Windows NT 10.0.17134 x86_64) (WARNING: The server did not provide any stacktrace information)
Command duration or timeout: 0 milliseconds
Build info: version: '3.7.1', revision: '8a0099a', time: '2017-11-06T21:07:36.161Z'
System info: host: 'DESKTOP-A1HL9OG', ip: '172.16.8.122', os.name: 'Windows 10', os.arch: 'amd64', os.version: '10.0', java.version: '1.8.0_181'
Driver info: com.kms.katalon.selenium.driver.CChromeDriver
Capabilities {acceptInsecureCerts: false, acceptSslCerts: false, applicationCacheEnabled: false, browserConnectionEnabled: false, browserName: chrome, chrome: {chromedriverVersion: 2.35.528161 (5b82f2d2aae0ca..., userDataDir: C:\Users\RICHAR~1\AppData\L...}, cssSelectorsEnabled: true, databaseEnabled: false, handlesAlerts: true, hasTouchScreen: false, javascriptEnabled: true, locationContextEnabled: true, mobileEmulationEnabled: false, nativeEvents: true, networkConnectionEnabled: false, pageLoadStrategy: normal, platform: XP, platformName: XP, rotatable: false, setWindowRect: true, takesHeapSnapshot: true, takesScreenshot: true, unexpectedAlertBehaviour: , unhandledPromptBehavior: , version: 69.0.3497.100, webStorageEnabled: true}
Session ID: ea8b0ed8a20d7c9645657aeaac52c0d4)
[[ATTACHMENT|C:\\Users\\Richard Sanchez\\Katalon Studio\\ucf88\\Reports\\PlayerBetting\\BETTING 10 players\\big3\\20181017_135831\\1539755978957.png]]

2018-10-17 13:59:39 - [TEST_STEP][PASSED] - delay: Delayed 2 second(s)

2018-10-17 13:59:41 - [MESSAGE][PASSED] - Delayed 2 second(s)

2018-10-17 13:59:41 - [TEST_STEP][PASSED] - click: Object: 'Object Repository/Frontend/MatchBetting/button_Bet' is clicked on

2018-10-17 13:59:42 - [MESSAGE][PASSED] - Object: 'Object Repository/Frontend/MatchBetting/button_Bet' is clicked on

2018-10-17 13:59:42 - [TEST_STEP][PASSED] - waitForElementPresent: Object 'Object Repository/Frontend/MatchBetting/BetslipAdded' is not present after 5 second(s)

2018-10-17 13:59:51 - [MESSAGE][WARNING] - Object 'Object Repository/Frontend/MatchBetting/BetslipAdded' is not present after 5 second(s)

2018-10-17 13:59:51 - [TEST_STEP][PASSED] - delay: Delayed 3 second(s)

2018-10-17 13:59:54 - [MESSAGE][PASSED] - Delayed 3 second(s)

2018-10-17 13:59:54 - [TEST_STEP][PASSED] - Statement - log.logInfo("User balance " + balance): User balance 1,000,703,351.00

2018-10-17 13:59:54 - [TEST_STEP][PASSED] - Statement - odds = new java.util.ArrayList(): null

2018-10-17 13:59:54 - [TEST_STEP][PASSED] - Statement - odds.addAll(java.util.Arrays.asList(meron, draw, ftd, wala)): null

2018-10-17 13:59:54 - [TEST_STEP][PASSED] - Statement - rand = new java.util.Random(): null

2018-10-17 13:59:54 - [TEST_STEP][PASSED] - Statement - randodds = rand.nextInt(odds.size()): null

2018-10-17 13:59:54 - [TEST_STEP][PASSED] - Statement - log.logInfo(" meron[0] draw[1] ftd[2] wala[3] ::" + randodds):  meron[0] draw[1] ftd[2] wala[3] ::0

2018-10-17 13:59:54 - [TEST_STEP][PASSED] - Statement - log.logInfo("Odds Selected = " + odds.get(randodds)): Odds Selected = TestObject - 'Object Repository/Frontend/MatchBetting/button_Meronodds'

2018-10-17 13:59:54 - [TEST_STEP][PASSED] - click: Object: 'Object Repository/Frontend/MatchBetting/button_Meronodds' is clicked on

2018-10-17 13:59:54 - [MESSAGE][PASSED] - Object: 'Object Repository/Frontend/MatchBetting/button_Meronodds' is clicked on

2018-10-17 13:59:54 - [TEST_STEP][PASSED] - verifyElementPresent: Object 'Object Repository/Frontend/MatchBetting/span_Possiblewinning' is present

2018-10-17 13:59:54 - [MESSAGE][PASSED] - Object 'Object Repository/Frontend/MatchBetting/span_Possiblewinning' is present

2018-10-17 13:59:54 - [TEST_STEP][PASSED] - Statement - RA = <not implemented yet for class: org.codehaus.groovy.ast.expr.EmptyExpression>: null

2018-10-17 13:59:54 - [TEST_STEP][PASSED] - Statement - RA = java.lang.Math.random() * 20: null

2018-10-17 13:59:54 - [TEST_STEP][PASSED] - Statement - log.logInfo("Random amount = " + RA): Random amount = 8

2018-10-17 13:59:54 - [TEST_STEP][PASSED] - setText: Text '800' is set on object 'Object Repository/Frontend/MatchBetting/input_stake'

2018-10-17 13:59:54 - [MESSAGE][PASSED] - Text '800' is set on object 'Object Repository/Frontend/MatchBetting/input_stake'

2018-10-17 13:59:54 - [TEST_STEP][PASSED] - delay: Delayed 2 second(s)

2018-10-17 13:59:56 - [MESSAGE][PASSED] - Delayed 2 second(s)

2018-10-17 13:59:56 - [TEST_STEP][PASSED] - click: Object: 'Object Repository/Frontend/MatchBetting/button_Bet' is clicked on

2018-10-17 13:59:56 - [MESSAGE][PASSED] - Object: 'Object Repository/Frontend/MatchBetting/button_Bet' is clicked on

2018-10-17 13:59:56 - [TEST_STEP][PASSED] - waitForElementPresent: Object 'Object Repository/Frontend/MatchBetting/BetslipAdded' is present

2018-10-17 14:00:00 - [MESSAGE][PASSED] - Object 'Object Repository/Frontend/MatchBetting/BetslipAdded' is present

2018-10-17 14:00:00 - [TEST_STEP][PASSED] - delay: Delayed 3 second(s)

2018-10-17 14:00:03 - [MESSAGE][PASSED] - Delayed 3 second(s)

2018-10-17 14:00:03 - [TEST_STEP][PASSED] - Statement - log.logInfo("User balance " + balance): User balance 1,000,703,351.00

2018-10-17 14:00:03 - [TEST_STEP][PASSED] - Statement - odds = new java.util.ArrayList(): null

2018-10-17 14:00:03 - [TEST_STEP][PASSED] - Statement - odds.addAll(java.util.Arrays.asList(meron, draw, ftd, wala)): null

2018-10-17 14:00:03 - [TEST_STEP][PASSED] - Statement - rand = new java.util.Random(): null

2018-10-17 14:00:03 - [TEST_STEP][PASSED] - Statement - randodds = rand.nextInt(odds.size()): null

2018-10-17 14:00:03 - [TEST_STEP][PASSED] - Statement - log.logInfo(" meron[0] draw[1] ftd[2] wala[3] ::" + randodds):  meron[0] draw[1] ftd[2] wala[3] ::3

2018-10-17 14:00:03 - [TEST_STEP][PASSED] - Statement - log.logInfo("Odds Selected = " + odds.get(randodds)): Odds Selected = TestObject - 'Object Repository/Frontend/MatchBetting/button_Walaodds'

2018-10-17 14:00:03 - [TEST_STEP][PASSED] - click: Object: 'Object Repository/Frontend/MatchBetting/button_Walaodds' is clicked on

2018-10-17 14:00:08 - [MESSAGE][PASSED] - Object: 'Object Repository/Frontend/MatchBetting/button_Walaodds' is clicked on

2018-10-17 14:00:08 - [TEST_STEP][PASSED] - verifyElementPresent: Object 'Object Repository/Frontend/MatchBetting/span_Possiblewinning' is present

2018-10-17 14:00:08 - [MESSAGE][PASSED] - Object 'Object Repository/Frontend/MatchBetting/span_Possiblewinning' is present

2018-10-17 14:00:08 - [TEST_STEP][PASSED] - Statement - RA = <not implemented yet for class: org.codehaus.groovy.ast.expr.EmptyExpression>: null

2018-10-17 14:00:08 - [TEST_STEP][PASSED] - Statement - RA = java.lang.Math.random() * 20: null

2018-10-17 14:00:08 - [TEST_STEP][PASSED] - Statement - log.logInfo("Random amount = " + RA): Random amount = 11

2018-10-17 14:00:08 - [TEST_STEP][PASSED] - setText: Text '1100' is set on object 'Object Repository/Frontend/MatchBetting/input_stake'

2018-10-17 14:00:08 - [MESSAGE][PASSED] - Text '1100' is set on object 'Object Repository/Frontend/MatchBetting/input_stake'

2018-10-17 14:00:08 - [TEST_STEP][PASSED] - delay: Delayed 2 second(s)

2018-10-17 14:00:10 - [MESSAGE][PASSED] - Delayed 2 second(s)

2018-10-17 14:00:10 - [TEST_STEP][PASSED] - click: Object: 'Object Repository/Frontend/MatchBetting/button_Bet' is clicked on

2018-10-17 14:00:15 - [MESSAGE][PASSED] - Object: 'Object Repository/Frontend/MatchBetting/button_Bet' is clicked on

2018-10-17 14:00:15 - [TEST_STEP][PASSED] - waitForElementPresent: Object 'Object Repository/Frontend/MatchBetting/BetslipAdded' is present

2018-10-17 14:00:15 - [MESSAGE][PASSED] - Object 'Object Repository/Frontend/MatchBetting/BetslipAdded' is present

2018-10-17 14:00:15 - [TEST_STEP][PASSED] - delay: Delayed 3 second(s)

2018-10-17 14:00:18 - [MESSAGE][PASSED] - Delayed 3 second(s)

2018-10-17 14:00:18 - [TEST_STEP][PASSED] - Statement - log.logInfo("User balance " + balance): User balance 1,000,703,351.00

2018-10-17 14:00:18 - [TEST_STEP][PASSED] - Statement - odds = new java.util.ArrayList(): null

2018-10-17 14:00:18 - [TEST_STEP][PASSED] - Statement - odds.addAll(java.util.Arrays.asList(meron, draw, ftd, wala)): null

2018-10-17 14:00:18 - [TEST_STEP][PASSED] - Statement - rand = new java.util.Random(): null

2018-10-17 14:00:18 - [TEST_STEP][PASSED] - Statement - randodds = rand.nextInt(odds.size()): null

2018-10-17 14:00:18 - [TEST_STEP][PASSED] - Statement - log.logInfo(" meron[0] draw[1] ftd[2] wala[3] ::" + randodds):  meron[0] draw[1] ftd[2] wala[3] ::1

2018-10-17 14:00:18 - [TEST_STEP][PASSED] - Statement - log.logInfo("Odds Selected = " + odds.get(randodds)): Odds Selected = TestObject - 'Object Repository/Frontend/MatchBetting/button_Drawodds'

2018-10-17 14:00:18 - [TEST_STEP][PASSED] - click: Object: 'Object Repository/Frontend/MatchBetting/button_Drawodds' is clicked on

2018-10-17 14:00:23 - [MESSAGE][PASSED] - Object: 'Object Repository/Frontend/MatchBetting/button_Drawodds' is clicked on

2018-10-17 14:00:23 - [TEST_STEP][PASSED] - verifyElementPresent: Object 'Object Repository/Frontend/MatchBetting/span_Possiblewinning' is present

2018-10-17 14:00:23 - [MESSAGE][PASSED] - Object 'Object Repository/Frontend/MatchBetting/span_Possiblewinning' is present

2018-10-17 14:00:23 - [TEST_STEP][PASSED] - Statement - RA = <not implemented yet for class: org.codehaus.groovy.ast.expr.EmptyExpression>: null

2018-10-17 14:00:23 - [TEST_STEP][PASSED] - Statement - RA = java.lang.Math.random() * 20: null

2018-10-17 14:00:23 - [TEST_STEP][PASSED] - Statement - log.logInfo("Random amount = " + RA): Random amount = 19

2018-10-17 14:00:23 - [TEST_STEP][PASSED] - setText: Text '1900' is set on object 'Object Repository/Frontend/MatchBetting/input_stake'

2018-10-17 14:00:23 - [MESSAGE][PASSED] - Text '1900' is set on object 'Object Repository/Frontend/MatchBetting/input_stake'

2018-10-17 14:00:23 - [TEST_STEP][PASSED] - delay: Delayed 2 second(s)

2018-10-17 14:00:25 - [MESSAGE][PASSED] - Delayed 2 second(s)

2018-10-17 14:00:25 - [TEST_STEP][PASSED] - click: Object: 'Object Repository/Frontend/MatchBetting/button_Bet' is clicked on

2018-10-17 14:00:31 - [MESSAGE][PASSED] - Object: 'Object Repository/Frontend/MatchBetting/button_Bet' is clicked on

2018-10-17 14:00:31 - [TEST_STEP][PASSED] - waitForElementPresent: Object 'Object Repository/Frontend/MatchBetting/BetslipAdded' is present

2018-10-17 14:00:31 - [MESSAGE][PASSED] - Object 'Object Repository/Frontend/MatchBetting/BetslipAdded' is present

2018-10-17 14:00:31 - [TEST_STEP][PASSED] - delay: Delayed 3 second(s)

2018-10-17 14:00:34 - [MESSAGE][PASSED] - Delayed 3 second(s)

2018-10-17 14:00:34 - [TEST_STEP][PASSED] - Statement - log.logInfo("User balance " + balance): User balance 1,000,703,351.00

2018-10-17 14:00:34 - [TEST_STEP][PASSED] - Statement - odds = new java.util.ArrayList(): null

2018-10-17 14:00:34 - [TEST_STEP][PASSED] - Statement - odds.addAll(java.util.Arrays.asList(meron, draw, ftd, wala)): null

2018-10-17 14:00:34 - [TEST_STEP][PASSED] - Statement - rand = new java.util.Random(): null

2018-10-17 14:00:34 - [TEST_STEP][PASSED] - Statement - randodds = rand.nextInt(odds.size()): null

2018-10-17 14:00:34 - [TEST_STEP][PASSED] - Statement - log.logInfo(" meron[0] draw[1] ftd[2] wala[3] ::" + randodds):  meron[0] draw[1] ftd[2] wala[3] ::3

2018-10-17 14:00:34 - [TEST_STEP][PASSED] - Statement - log.logInfo("Odds Selected = " + odds.get(randodds)): Odds Selected = TestObject - 'Object Repository/Frontend/MatchBetting/button_Walaodds'

2018-10-17 14:00:34 - [TEST_STEP][PASSED] - click: Object: 'Object Repository/Frontend/MatchBetting/button_Walaodds' is clicked on

2018-10-17 14:00:39 - [MESSAGE][PASSED] - Object: 'Object Repository/Frontend/MatchBetting/button_Walaodds' is clicked on

2018-10-17 14:00:39 - [TEST_STEP][PASSED] - verifyElementPresent: Object 'Object Repository/Frontend/MatchBetting/span_Possiblewinning' is present

2018-10-17 14:00:39 - [MESSAGE][PASSED] - Object 'Object Repository/Frontend/MatchBetting/span_Possiblewinning' is present

2018-10-17 14:00:39 - [TEST_STEP][PASSED] - Statement - RA = <not implemented yet for class: org.codehaus.groovy.ast.expr.EmptyExpression>: null

2018-10-17 14:00:39 - [TEST_STEP][PASSED] - Statement - RA = java.lang.Math.random() * 20: null

2018-10-17 14:00:39 - [TEST_STEP][PASSED] - Statement - log.logInfo("Random amount = " + RA): Random amount = 16

2018-10-17 14:00:39 - [TEST_STEP][PASSED] - setText: Text '1600' is set on object 'Object Repository/Frontend/MatchBetting/input_stake'

2018-10-17 14:00:39 - [MESSAGE][PASSED] - Text '1600' is set on object 'Object Repository/Frontend/MatchBetting/input_stake'

2018-10-17 14:00:39 - [TEST_STEP][PASSED] - delay: Delayed 2 second(s)

2018-10-17 14:00:41 - [MESSAGE][PASSED] - Delayed 2 second(s)

2018-10-17 14:00:41 - [TEST_STEP][PASSED] - click: Object: 'Object Repository/Frontend/MatchBetting/button_Bet' is clicked on

2018-10-17 14:00:46 - [MESSAGE][PASSED] - Object: 'Object Repository/Frontend/MatchBetting/button_Bet' is clicked on

2018-10-17 14:00:46 - [TEST_STEP][PASSED] - waitForElementPresent: Object 'Object Repository/Frontend/MatchBetting/BetslipAdded' is present

2018-10-17 14:00:46 - [MESSAGE][PASSED] - Object 'Object Repository/Frontend/MatchBetting/BetslipAdded' is present

2018-10-17 14:00:46 - [TEST_STEP][PASSED] - delay: Delayed 3 second(s)

2018-10-17 14:00:49 - [MESSAGE][PASSED] - Delayed 3 second(s)

2018-10-17 14:00:49 - [TEST_STEP][PASSED] - Statement - log.logInfo("User balance " + balance): User balance 1,000,703,351.00

2018-10-17 14:00:49 - [TEST_STEP][PASSED] - Statement - odds = new java.util.ArrayList(): null

2018-10-17 14:00:49 - [TEST_STEP][PASSED] - Statement - odds.addAll(java.util.Arrays.asList(meron, draw, ftd, wala)): null

2018-10-17 14:00:49 - [TEST_STEP][PASSED] - Statement - rand = new java.util.Random(): null

2018-10-17 14:00:49 - [TEST_STEP][PASSED] - Statement - randodds = rand.nextInt(odds.size()): null

2018-10-17 14:00:49 - [TEST_STEP][PASSED] - Statement - log.logInfo(" meron[0] draw[1] ftd[2] wala[3] ::" + randodds):  meron[0] draw[1] ftd[2] wala[3] ::1

2018-10-17 14:00:49 - [TEST_STEP][PASSED] - Statement - log.logInfo("Odds Selected = " + odds.get(randodds)): Odds Selected = TestObject - 'Object Repository/Frontend/MatchBetting/button_Drawodds'

2018-10-17 14:00:49 - [TEST_STEP][PASSED] - click: Object: 'Object Repository/Frontend/MatchBetting/button_Drawodds' is clicked on

2018-10-17 14:00:54 - [MESSAGE][PASSED] - Object: 'Object Repository/Frontend/MatchBetting/button_Drawodds' is clicked on

2018-10-17 14:00:54 - [TEST_STEP][PASSED] - verifyElementPresent: Object 'Object Repository/Frontend/MatchBetting/span_Possiblewinning' is present

2018-10-17 14:00:54 - [MESSAGE][PASSED] - Object 'Object Repository/Frontend/MatchBetting/span_Possiblewinning' is present

2018-10-17 14:00:54 - [TEST_STEP][PASSED] - Statement - RA = <not implemented yet for class: org.codehaus.groovy.ast.expr.EmptyExpression>: null

2018-10-17 14:00:54 - [TEST_STEP][PASSED] - Statement - RA = java.lang.Math.random() * 20: null

2018-10-17 14:00:54 - [TEST_STEP][PASSED] - Statement - log.logInfo("Random amount = " + RA): Random amount = 15

2018-10-17 14:00:54 - [TEST_STEP][PASSED] - setText: Text '1500' is set on object 'Object Repository/Frontend/MatchBetting/input_stake'

2018-10-17 14:00:54 - [MESSAGE][PASSED] - Text '1500' is set on object 'Object Repository/Frontend/MatchBetting/input_stake'

2018-10-17 14:00:54 - [TEST_STEP][PASSED] - delay: Delayed 2 second(s)

2018-10-17 14:00:56 - [MESSAGE][PASSED] - Delayed 2 second(s)

2018-10-17 14:00:56 - [TEST_STEP][PASSED] - click: Object: 'Object Repository/Frontend/MatchBetting/button_Bet' is clicked on

2018-10-17 14:01:01 - [MESSAGE][PASSED] - Object: 'Object Repository/Frontend/MatchBetting/button_Bet' is clicked on

2018-10-17 14:01:01 - [TEST_STEP][PASSED] - waitForElementPresent: Object 'Object Repository/Frontend/MatchBetting/BetslipAdded' is present

2018-10-17 14:01:01 - [MESSAGE][PASSED] - Object 'Object Repository/Frontend/MatchBetting/BetslipAdded' is present

2018-10-17 14:01:01 - [TEST_STEP][PASSED] - delay: Delayed 3 second(s)

2018-10-17 14:01:04 - [MESSAGE][PASSED] - Delayed 3 second(s)

2018-10-17 14:01:04 - [TEST_STEP][PASSED] - Statement - log.logInfo("User balance " + balance): User balance 1,000,703,351.00

2018-10-17 14:01:04 - [TEST_STEP][PASSED] - Statement - odds = new java.util.ArrayList(): null

2018-10-17 14:01:04 - [TEST_STEP][PASSED] - Statement - odds.addAll(java.util.Arrays.asList(meron, draw, ftd, wala)): null

2018-10-17 14:01:04 - [TEST_STEP][PASSED] - Statement - rand = new java.util.Random(): null

2018-10-17 14:01:04 - [TEST_STEP][PASSED] - Statement - randodds = rand.nextInt(odds.size()): null

2018-10-17 14:01:04 - [TEST_STEP][PASSED] - Statement - log.logInfo(" meron[0] draw[1] ftd[2] wala[3] ::" + randodds):  meron[0] draw[1] ftd[2] wala[3] ::3

2018-10-17 14:01:04 - [TEST_STEP][PASSED] - Statement - log.logInfo("Odds Selected = " + odds.get(randodds)): Odds Selected = TestObject - 'Object Repository/Frontend/MatchBetting/button_Walaodds'

2018-10-17 14:01:04 - [TEST_STEP][PASSED] - click: Object: 'Object Repository/Frontend/MatchBetting/button_Walaodds' is clicked on

2018-10-17 14:01:09 - [MESSAGE][PASSED] - Object: 'Object Repository/Frontend/MatchBetting/button_Walaodds' is clicked on

2018-10-17 14:01:09 - [TEST_STEP][PASSED] - verifyElementPresent: Object 'Object Repository/Frontend/MatchBetting/span_Possiblewinning' is present

2018-10-17 14:01:09 - [MESSAGE][PASSED] - Object 'Object Repository/Frontend/MatchBetting/span_Possiblewinning' is present

2018-10-17 14:01:09 - [TEST_STEP][PASSED] - Statement - RA = <not implemented yet for class: org.codehaus.groovy.ast.expr.EmptyExpression>: null

2018-10-17 14:01:09 - [TEST_STEP][PASSED] - Statement - RA = java.lang.Math.random() * 20: null

2018-10-17 14:01:09 - [TEST_STEP][PASSED] - Statement - log.logInfo("Random amount = " + RA): Random amount = 8

2018-10-17 14:01:09 - [TEST_STEP][PASSED] - setText: Text '800' is set on object 'Object Repository/Frontend/MatchBetting/input_stake'

2018-10-17 14:01:10 - [MESSAGE][PASSED] - Text '800' is set on object 'Object Repository/Frontend/MatchBetting/input_stake'

2018-10-17 14:01:10 - [TEST_STEP][PASSED] - delay: Delayed 2 second(s)

2018-10-17 14:01:12 - [MESSAGE][PASSED] - Delayed 2 second(s)

2018-10-17 14:01:12 - [TEST_STEP][PASSED] - click: Object: 'Object Repository/Frontend/MatchBetting/button_Bet' is clicked on

2018-10-17 14:01:17 - [MESSAGE][PASSED] - Object: 'Object Repository/Frontend/MatchBetting/button_Bet' is clicked on

2018-10-17 14:01:17 - [TEST_STEP][PASSED] - waitForElementPresent: Object 'Object Repository/Frontend/MatchBetting/BetslipAdded' is present

2018-10-17 14:01:17 - [MESSAGE][PASSED] - Object 'Object Repository/Frontend/MatchBetting/BetslipAdded' is present

2018-10-17 14:01:17 - [TEST_STEP][PASSED] - delay: Delayed 3 second(s)

2018-10-17 14:01:20 - [MESSAGE][PASSED] - Delayed 3 second(s)

2018-10-17 14:01:20 - [TEST_STEP][PASSED] - Statement - log.logInfo("User balance " + balance): User balance 1,000,703,351.00

2018-10-17 14:01:20 - [TEST_STEP][PASSED] - Statement - odds = new java.util.ArrayList(): null

2018-10-17 14:01:20 - [TEST_STEP][PASSED] - Statement - odds.addAll(java.util.Arrays.asList(meron, draw, ftd, wala)): null

2018-10-17 14:01:20 - [TEST_STEP][PASSED] - Statement - rand = new java.util.Random(): null

2018-10-17 14:01:20 - [TEST_STEP][PASSED] - Statement - randodds = rand.nextInt(odds.size()): null

2018-10-17 14:01:20 - [TEST_STEP][PASSED] - Statement - log.logInfo(" meron[0] draw[1] ftd[2] wala[3] ::" + randodds):  meron[0] draw[1] ftd[2] wala[3] ::2

2018-10-17 14:01:20 - [TEST_STEP][PASSED] - Statement - log.logInfo("Odds Selected = " + odds.get(randodds)): Odds Selected = TestObject - 'Object Repository/Frontend/MatchBetting/button_FTDodds'

2018-10-17 14:01:20 - [TEST_STEP][PASSED] - click: Object: 'Object Repository/Frontend/MatchBetting/button_FTDodds' is clicked on

2018-10-17 14:01:25 - [MESSAGE][PASSED] - Object: 'Object Repository/Frontend/MatchBetting/button_FTDodds' is clicked on

2018-10-17 14:01:25 - [TEST_STEP][PASSED] - verifyElementPresent: Object 'Object Repository/Frontend/MatchBetting/span_Possiblewinning' is present

2018-10-17 14:01:25 - [MESSAGE][PASSED] - Object 'Object Repository/Frontend/MatchBetting/span_Possiblewinning' is present

2018-10-17 14:01:25 - [TEST_STEP][PASSED] - Statement - RA = <not implemented yet for class: org.codehaus.groovy.ast.expr.EmptyExpression>: null

2018-10-17 14:01:25 - [TEST_STEP][PASSED] - Statement - RA = java.lang.Math.random() * 20: null

2018-10-17 14:01:25 - [TEST_STEP][PASSED] - Statement - log.logInfo("Random amount = " + RA): Random amount = 9

2018-10-17 14:01:25 - [TEST_STEP][PASSED] - setText: Text '900' is set on object 'Object Repository/Frontend/MatchBetting/input_stake'

2018-10-17 14:01:25 - [MESSAGE][PASSED] - Text '900' is set on object 'Object Repository/Frontend/MatchBetting/input_stake'

2018-10-17 14:01:25 - [TEST_STEP][PASSED] - delay: Delayed 2 second(s)

2018-10-17 14:01:27 - [MESSAGE][PASSED] - Delayed 2 second(s)

2018-10-17 14:01:27 - [TEST_STEP][PASSED] - click: Object: 'Object Repository/Frontend/MatchBetting/button_Bet' is clicked on

2018-10-17 14:01:32 - [MESSAGE][PASSED] - Object: 'Object Repository/Frontend/MatchBetting/button_Bet' is clicked on

2018-10-17 14:01:32 - [TEST_STEP][PASSED] - waitForElementPresent: Object 'Object Repository/Frontend/MatchBetting/BetslipAdded' is present

2018-10-17 14:01:32 - [MESSAGE][PASSED] - Object 'Object Repository/Frontend/MatchBetting/BetslipAdded' is present

2018-10-17 14:01:32 - [TEST_STEP][PASSED] - delay: Delayed 3 second(s)

2018-10-17 14:01:35 - [MESSAGE][PASSED] - Delayed 3 second(s)

2018-10-17 14:01:35 - [TEST_STEP][PASSED] - Statement - log.logInfo("User balance " + balance): User balance 1,000,703,351.00

2018-10-17 14:01:35 - [TEST_STEP][PASSED] - Statement - odds = new java.util.ArrayList(): null

2018-10-17 14:01:35 - [TEST_STEP][PASSED] - Statement - odds.addAll(java.util.Arrays.asList(meron, draw, ftd, wala)): null

2018-10-17 14:01:35 - [TEST_STEP][PASSED] - Statement - rand = new java.util.Random(): null

2018-10-17 14:01:35 - [TEST_STEP][PASSED] - Statement - randodds = rand.nextInt(odds.size()): null

2018-10-17 14:01:35 - [TEST_STEP][PASSED] - Statement - log.logInfo(" meron[0] draw[1] ftd[2] wala[3] ::" + randodds):  meron[0] draw[1] ftd[2] wala[3] ::2

2018-10-17 14:01:35 - [TEST_STEP][PASSED] - Statement - log.logInfo("Odds Selected = " + odds.get(randodds)): Odds Selected = TestObject - 'Object Repository/Frontend/MatchBetting/button_FTDodds'

2018-10-17 14:01:35 - [TEST_STEP][PASSED] - click: Object: 'Object Repository/Frontend/MatchBetting/button_FTDodds' is clicked on

2018-10-17 14:01:40 - [MESSAGE][PASSED] - Object: 'Object Repository/Frontend/MatchBetting/button_FTDodds' is clicked on

2018-10-17 14:01:40 - [TEST_STEP][PASSED] - verifyElementPresent: Object 'Object Repository/Frontend/MatchBetting/span_Possiblewinning' is present

2018-10-17 14:01:40 - [MESSAGE][PASSED] - Object 'Object Repository/Frontend/MatchBetting/span_Possiblewinning' is present

2018-10-17 14:01:40 - [TEST_STEP][PASSED] - Statement - RA = <not implemented yet for class: org.codehaus.groovy.ast.expr.EmptyExpression>: null

2018-10-17 14:01:40 - [TEST_STEP][PASSED] - Statement - RA = java.lang.Math.random() * 20: null

2018-10-17 14:01:40 - [TEST_STEP][PASSED] - Statement - log.logInfo("Random amount = " + RA): Random amount = 10

2018-10-17 14:01:40 - [TEST_STEP][PASSED] - setText: Text '1000' is set on object 'Object Repository/Frontend/MatchBetting/input_stake'

2018-10-17 14:01:40 - [MESSAGE][PASSED] - Text '1000' is set on object 'Object Repository/Frontend/MatchBetting/input_stake'

2018-10-17 14:01:40 - [TEST_STEP][PASSED] - delay: Delayed 2 second(s)

2018-10-17 14:01:42 - [MESSAGE][PASSED] - Delayed 2 second(s)

2018-10-17 14:01:42 - [TEST_STEP][PASSED] - click: Object: 'Object Repository/Frontend/MatchBetting/button_Bet' is clicked on

2018-10-17 14:01:47 - [MESSAGE][PASSED] - Object: 'Object Repository/Frontend/MatchBetting/button_Bet' is clicked on

2018-10-17 14:01:47 - [TEST_STEP][PASSED] - waitForElementPresent: Object 'Object Repository/Frontend/MatchBetting/BetslipAdded' is present

2018-10-17 14:01:47 - [MESSAGE][PASSED] - Object 'Object Repository/Frontend/MatchBetting/BetslipAdded' is present

2018-10-17 14:01:47 - [TEST_STEP][PASSED] - delay: Delayed 3 second(s)

2018-10-17 14:01:50 - [MESSAGE][PASSED] - Delayed 3 second(s)

2018-10-17 14:01:50 - [TEST_STEP][PASSED] - Statement - log.logInfo("User balance " + balance): User balance 1,000,703,351.00

2018-10-17 14:01:50 - [TEST_STEP][PASSED] - Statement - odds = new java.util.ArrayList(): null

2018-10-17 14:01:50 - [TEST_STEP][PASSED] - Statement - odds.addAll(java.util.Arrays.asList(meron, draw, ftd, wala)): null

2018-10-17 14:01:50 - [TEST_STEP][PASSED] - Statement - rand = new java.util.Random(): null

2018-10-17 14:01:50 - [TEST_STEP][PASSED] - Statement - randodds = rand.nextInt(odds.size()): null

2018-10-17 14:01:50 - [TEST_STEP][PASSED] - Statement - log.logInfo(" meron[0] draw[1] ftd[2] wala[3] ::" + randodds):  meron[0] draw[1] ftd[2] wala[3] ::0

2018-10-17 14:01:50 - [TEST_STEP][PASSED] - Statement - log.logInfo("Odds Selected = " + odds.get(randodds)): Odds Selected = TestObject - 'Object Repository/Frontend/MatchBetting/button_Meronodds'

2018-10-17 14:01:50 - [TEST_STEP][PASSED] - click: Object: 'Object Repository/Frontend/MatchBetting/button_Meronodds' is clicked on

2018-10-17 14:01:56 - [MESSAGE][PASSED] - Object: 'Object Repository/Frontend/MatchBetting/button_Meronodds' is clicked on

2018-10-17 14:01:56 - [TEST_STEP][PASSED] - verifyElementPresent: Object 'Object Repository/Frontend/MatchBetting/span_Possiblewinning' is present

2018-10-17 14:01:56 - [MESSAGE][PASSED] - Object 'Object Repository/Frontend/MatchBetting/span_Possiblewinning' is present

2018-10-17 14:01:56 - [TEST_STEP][PASSED] - Statement - RA = <not implemented yet for class: org.codehaus.groovy.ast.expr.EmptyExpression>: null

2018-10-17 14:01:56 - [TEST_STEP][PASSED] - Statement - RA = java.lang.Math.random() * 20: null

2018-10-17 14:01:56 - [TEST_STEP][PASSED] - Statement - log.logInfo("Random amount = " + RA): Random amount = 17

2018-10-17 14:01:56 - [TEST_STEP][PASSED] - setText: Text '1700' is set on object 'Object Repository/Frontend/MatchBetting/input_stake'

2018-10-17 14:01:56 - [MESSAGE][PASSED] - Text '1700' is set on object 'Object Repository/Frontend/MatchBetting/input_stake'

2018-10-17 14:01:56 - [TEST_STEP][PASSED] - delay: Delayed 2 second(s)

2018-10-17 14:01:58 - [MESSAGE][PASSED] - Delayed 2 second(s)

2018-10-17 14:01:58 - [TEST_STEP][PASSED] - click: Object: 'Object Repository/Frontend/MatchBetting/button_Bet' is clicked on

2018-10-17 14:02:03 - [MESSAGE][PASSED] - Object: 'Object Repository/Frontend/MatchBetting/button_Bet' is clicked on

2018-10-17 14:02:03 - [TEST_STEP][PASSED] - waitForElementPresent: Object 'Object Repository/Frontend/MatchBetting/BetslipAdded' is present

2018-10-17 14:02:03 - [MESSAGE][PASSED] - Object 'Object Repository/Frontend/MatchBetting/BetslipAdded' is present

2018-10-17 14:02:03 - [TEST_STEP][PASSED] - delay: Delayed 3 second(s)

2018-10-17 14:02:06 - [MESSAGE][PASSED] - Delayed 3 second(s)

2018-10-17 14:02:06 - [TEST_STEP][PASSED] - Statement - log.logInfo("User balance " + balance): User balance 1,000,703,351.00

2018-10-17 14:02:06 - [TEST_STEP][PASSED] - Statement - odds = new java.util.ArrayList(): null

2018-10-17 14:02:06 - [TEST_STEP][PASSED] - Statement - odds.addAll(java.util.Arrays.asList(meron, draw, ftd, wala)): null

2018-10-17 14:02:06 - [TEST_STEP][PASSED] - Statement - rand = new java.util.Random(): null

2018-10-17 14:02:06 - [TEST_STEP][PASSED] - Statement - randodds = rand.nextInt(odds.size()): null

2018-10-17 14:02:06 - [TEST_STEP][PASSED] - Statement - log.logInfo(" meron[0] draw[1] ftd[2] wala[3] ::" + randodds):  meron[0] draw[1] ftd[2] wala[3] ::0

2018-10-17 14:02:06 - [TEST_STEP][PASSED] - Statement - log.logInfo("Odds Selected = " + odds.get(randodds)): Odds Selected = TestObject - 'Object Repository/Frontend/MatchBetting/button_Meronodds'

2018-10-17 14:02:06 - [TEST_STEP][PASSED] - click: Object: 'Object Repository/Frontend/MatchBetting/button_Meronodds' is clicked on

2018-10-17 14:02:11 - [MESSAGE][PASSED] - Object: 'Object Repository/Frontend/MatchBetting/button_Meronodds' is clicked on

2018-10-17 14:02:11 - [TEST_STEP][PASSED] - verifyElementPresent: Object 'Object Repository/Frontend/MatchBetting/span_Possiblewinning' is present

2018-10-17 14:02:11 - [MESSAGE][PASSED] - Object 'Object Repository/Frontend/MatchBetting/span_Possiblewinning' is present

2018-10-17 14:02:11 - [TEST_STEP][PASSED] - Statement - RA = <not implemented yet for class: org.codehaus.groovy.ast.expr.EmptyExpression>: null

2018-10-17 14:02:11 - [TEST_STEP][PASSED] - Statement - RA = java.lang.Math.random() * 20: null

2018-10-17 14:02:11 - [TEST_STEP][PASSED] - Statement - log.logInfo("Random amount = " + RA): Random amount = 18

2018-10-17 14:02:11 - [TEST_STEP][PASSED] - setText: Text '1800' is set on object 'Object Repository/Frontend/MatchBetting/input_stake'

2018-10-17 14:02:11 - [MESSAGE][PASSED] - Text '1800' is set on object 'Object Repository/Frontend/MatchBetting/input_stake'

2018-10-17 14:02:11 - [TEST_STEP][PASSED] - delay: Delayed 2 second(s)

2018-10-17 14:02:13 - [MESSAGE][PASSED] - Delayed 2 second(s)

2018-10-17 14:02:13 - [TEST_STEP][PASSED] - click: Object: 'Object Repository/Frontend/MatchBetting/button_Bet' is clicked on

2018-10-17 14:02:18 - [MESSAGE][PASSED] - Object: 'Object Repository/Frontend/MatchBetting/button_Bet' is clicked on

2018-10-17 14:02:18 - [TEST_STEP][PASSED] - waitForElementPresent: Object 'Object Repository/Frontend/MatchBetting/BetslipAdded' is present

2018-10-17 14:02:18 - [MESSAGE][PASSED] - Object 'Object Repository/Frontend/MatchBetting/BetslipAdded' is present

2018-10-17 14:02:18 - [TEST_STEP][PASSED] - delay: Delayed 3 second(s)

2018-10-17 14:02:21 - [MESSAGE][PASSED] - Delayed 3 second(s)

2018-10-17 14:02:21 - [TEST_STEP][PASSED] - Statement - log.logInfo("User balance " + balance): User balance 1,000,703,351.00

2018-10-17 14:02:21 - [TEST_STEP][PASSED] - Statement - odds = new java.util.ArrayList(): null

2018-10-17 14:02:21 - [TEST_STEP][PASSED] - Statement - odds.addAll(java.util.Arrays.asList(meron, draw, ftd, wala)): null

2018-10-17 14:02:21 - [TEST_STEP][PASSED] - Statement - rand = new java.util.Random(): null

2018-10-17 14:02:21 - [TEST_STEP][PASSED] - Statement - randodds = rand.nextInt(odds.size()): null

2018-10-17 14:02:21 - [TEST_STEP][PASSED] - Statement - log.logInfo(" meron[0] draw[1] ftd[2] wala[3] ::" + randodds):  meron[0] draw[1] ftd[2] wala[3] ::1

2018-10-17 14:02:21 - [TEST_STEP][PASSED] - Statement - log.logInfo("Odds Selected = " + odds.get(randodds)): Odds Selected = TestObject - 'Object Repository/Frontend/MatchBetting/button_Drawodds'

2018-10-17 14:02:21 - [TEST_STEP][FAILED] - click: Unable to click on object 'Object Repository/Frontend/MatchBetting/button_Drawodds' (Root cause: com.kms.katalon.core.webui.exception.WebElementNotFoundException: Web element with id: 'Object Repository/Frontend/MatchBetting/button_Drawodds' located by 'By.xpath: //button[contains(@id, 'draw') and (text() = 'Place Odd' or . = 'Place Odd')]' not found)

2018-10-17 14:02:55 - [MESSAGE][FAILED] - Unable to click on object 'Object Repository/Frontend/MatchBetting/button_Drawodds' (Root cause: com.kms.katalon.core.webui.exception.WebElementNotFoundException: Web element with id: 'Object Repository/Frontend/MatchBetting/button_Drawodds' located by 'By.xpath: //button[contains(@id, 'draw') and (text() = 'Place Odd' or . = 'Place Odd')]' not found)
[[ATTACHMENT|C:\\Users\\Richard Sanchez\\Katalon Studio\\ucf88\\Reports\\PlayerBetting\\BETTING 10 players\\big3\\20181017_135831\\1539756174878.png]]]]></system-out>
         <system-err><![CDATA[2018-10-17 13:58:44 - [TEST_CASE][FAILED] - Test Cases/Frontend/PlaceBet/RandomOddsAndAMount: Test Cases/Frontend/PlaceBet/RandomOddsAndAMount FAILED because (of) (Stack trace: com.kms.katalon.core.exception.StepFailedException: Unable to set text '1300' of object 'Object Repository/Frontend/MatchBetting/input_stake' (Root cause: org.openqa.selenium.InvalidElementStateException: invalid element state: Element is not currently interactable and may not be manipulated
  (Session info: chrome=69.0.3497.100)
  (Driver info: chromedriver=2.35.528161 (5b82f2d2aae0ca24b877009200ced9065a772e73),platform=Windows NT 10.0.17134 x86_64) (WARNING: The server did not provide any stacktrace information)
Command duration or timeout: 0 milliseconds
Build info: version: '3.7.1', revision: '8a0099a', time: '2017-11-06T21:07:36.161Z'
System info: host: 'DESKTOP-A1HL9OG', ip: '172.16.8.122', os.name: 'Windows 10', os.arch: 'amd64', os.version: '10.0', java.version: '1.8.0_181'
Driver info: com.kms.katalon.selenium.driver.CChromeDriver
Capabilities {acceptInsecureCerts: false, acceptSslCerts: false, applicationCacheEnabled: false, browserConnectionEnabled: false, browserName: chrome, chrome: {chromedriverVersion: 2.35.528161 (5b82f2d2aae0ca..., userDataDir: C:\Users\RICHAR~1\AppData\L...}, cssSelectorsEnabled: true, databaseEnabled: false, handlesAlerts: true, hasTouchScreen: false, javascriptEnabled: true, locationContextEnabled: true, mobileEmulationEnabled: false, nativeEvents: true, networkConnectionEnabled: false, pageLoadStrategy: normal, platform: XP, platformName: XP, rotatable: false, setWindowRect: true, takesHeapSnapshot: true, takesScreenshot: true, unexpectedAlertBehaviour: , unhandledPromptBehavior: , version: 69.0.3497.100, webStorageEnabled: true}
Session ID: ea8b0ed8a20d7c9645657aeaac52c0d4)
	at com.kms.katalon.core.keyword.internal.KeywordMain.stepFailed(KeywordMain.groovy:32)
	at com.kms.katalon.core.webui.keyword.internal.WebUIKeywordMain.stepFailed(WebUIKeywordMain.groovy:65)
	at com.kms.katalon.core.webui.keyword.internal.WebUIKeywordMain.runKeyword(WebUIKeywordMain.groovy:27)
	at com.kms.katalon.core.webui.keyword.builtin.SetTextKeyword.setText(SetTextKeyword.groovy:65)
	at com.kms.katalon.core.webui.keyword.builtin.SetTextKeyword.execute(SetTextKeyword.groovy:37)
	at com.kms.katalon.core.keyword.internal.KeywordExecutor.executeKeywordForPlatform(KeywordExecutor.groovy:53)
	at com.kms.katalon.core.webui.keyword.WebUiBuiltInKeywords.setText(WebUiBuiltInKeywords.groovy:936)
	at com.kms.katalon.core.webui.keyword.WebUiBuiltInKeywords$setText$7.call(Unknown Source)
	at org.codehaus.groovy.runtime.callsite.CallSiteArray.defaultCall(CallSiteArray.java:48)
	at org.codehaus.groovy.runtime.callsite.AbstractCallSite.call(AbstractCallSite.java:113)
	at org.codehaus.groovy.runtime.callsite.AbstractCallSite.call(AbstractCallSite.java:141)
	at Script1539674510987.run(Script1539674510987.groovy:70)
	at com.kms.katalon.core.main.ScriptEngine.run(ScriptEngine.java:183)
	at com.kms.katalon.core.main.ScriptEngine.runScriptAsRawText(ScriptEngine.java:108)
	at com.kms.katalon.core.main.TestCaseExecutor.runScript(TestCaseExecutor.java:294)
	at com.kms.katalon.core.main.TestCaseExecutor.doExecute(TestCaseExecutor.java:285)
	at com.kms.katalon.core.main.TestCaseExecutor.processExecutionPhase(TestCaseExecutor.java:264)
	at com.kms.katalon.core.main.TestCaseExecutor.accessMainPhase(TestCaseExecutor.java:256)
	at com.kms.katalon.core.main.TestCaseExecutor.execute(TestCaseExecutor.java:200)
	at com.kms.katalon.core.main.TestSuiteExecutor.accessTestCaseMainPhase(TestSuiteExecutor.java:129)
	at com.kms.katalon.core.main.TestSuiteExecutor.accessTestSuiteMainPhase(TestSuiteExecutor.java:112)
	at com.kms.katalon.core.main.TestSuiteExecutor.execute(TestSuiteExecutor.java:81)
	at com.kms.katalon.core.main.TestCaseMain.startTestSuite(TestCaseMain.java:142)
	at com.kms.katalon.core.main.TestCaseMain$startTestSuite$0.call(Unknown Source)
	at org.codehaus.groovy.runtime.callsite.CallSiteArray.defaultCall(CallSiteArray.java:48)
	at org.codehaus.groovy.runtime.callsite.AbstractCallSite.call(AbstractCallSite.java:113)
	at org.codehaus.groovy.runtime.callsite.AbstractCallSite.call(AbstractCallSite.java:141)
	at TempTestSuite1539755911871.run(TempTestSuite1539755911871.groovy:36)
	at groovy.lang.GroovyShell.runScriptOrMainOrTestOrRunnable(GroovyShell.java:263)
	at groovy.lang.GroovyShell.run(GroovyShell.java:518)
	at groovy.lang.GroovyShell.run(GroovyShell.java:507)
	at groovy.ui.GroovyMain.processOnce(GroovyMain.java:653)
	at groovy.ui.GroovyMain.run(GroovyMain.java:384)
	at groovy.ui.GroovyMain.process(GroovyMain.java:370)
	at groovy.ui.GroovyMain.processArgs(GroovyMain.java:129)
	at groovy.ui.GroovyMain.main(GroovyMain.java:109)
	at sun.reflect.NativeMethodAccessorImpl.invoke0(Native Method)
	at sun.reflect.NativeMethodAccessorImpl.invoke(NativeMethodAccessorImpl.java:62)
	at sun.reflect.DelegatingMethodAccessorImpl.invoke(DelegatingMethodAccessorImpl.java:43)
	at java.lang.reflect.Method.invoke(Method.java:498)
	at org.codehaus.groovy.tools.GroovyStarter.rootLoader(GroovyStarter.java:109)
	at org.codehaus.groovy.tools.GroovyStarter.main(GroovyStarter.java:131)
)]]></system-err>
      </testcase>
      <system-out><![CDATA[2018-10-17 13:58:43 - [TEST_SUITE][FAILED] - big3: Test Cases/Frontend/PlaceBet/RandomOddsAndAMount FAILED because (of) (Stack trace: com.kms.katalon.core.exception.StepFailedException: Unable to set text '1300' of object 'Object Repository/Frontend/MatchBetting/input_stake' (Root cause: org.openqa.selenium.InvalidElementStateException: invalid element state: Element is not currently interactable and may not be manipulated
  (Session info: chrome=69.0.3497.100)
  (Driver info: chromedriver=2.35.528161 (5b82f2d2aae0ca24b877009200ced9065a772e73),platform=Windows NT 10.0.17134 x86_64) (WARNING: The server did not provide any stacktrace information)
Command duration or timeout: 0 milliseconds
Build info: version: '3.7.1', revision: '8a0099a', time: '2017-11-06T21:07:36.161Z'
System info: host: 'DESKTOP-A1HL9OG', ip: '172.16.8.122', os.name: 'Windows 10', os.arch: 'amd64', os.version: '10.0', java.version: '1.8.0_181'
Driver info: com.kms.katalon.selenium.driver.CChromeDriver
Capabilities {acceptInsecureCerts: false, acceptSslCerts: false, applicationCacheEnabled: false, browserConnectionEnabled: false, browserName: chrome, chrome: {chromedriverVersion: 2.35.528161 (5b82f2d2aae0ca..., userDataDir: C:\Users\RICHAR~1\AppData\L...}, cssSelectorsEnabled: true, databaseEnabled: false, handlesAlerts: true, hasTouchScreen: false, javascriptEnabled: true, locationContextEnabled: true, mobileEmulationEnabled: false, nativeEvents: true, networkConnectionEnabled: false, pageLoadStrategy: normal, platform: XP, platformName: XP, rotatable: false, setWindowRect: true, takesHeapSnapshot: true, takesScreenshot: true, unexpectedAlertBehaviour: , unhandledPromptBehavior: , version: 69.0.3497.100, webStorageEnabled: true}
Session ID: ea8b0ed8a20d7c9645657aeaac52c0d4)
	at com.kms.katalon.core.keyword.internal.KeywordMain.stepFailed(KeywordMain.groovy:32)
	at com.kms.katalon.core.webui.keyword.internal.WebUIKeywordMain.stepFailed(WebUIKeywordMain.groovy:65)
	at com.kms.katalon.core.webui.keyword.internal.WebUIKeywordMain.runKeyword(WebUIKeywordMain.groovy:27)
	at com.kms.katalon.core.webui.keyword.builtin.SetTextKeyword.setText(SetTextKeyword.groovy:65)
	at com.kms.katalon.core.webui.keyword.builtin.SetTextKeyword.execute(SetTextKeyword.groovy:37)
	at com.kms.katalon.core.keyword.internal.KeywordExecutor.executeKeywordForPlatform(KeywordExecutor.groovy:53)
	at com.kms.katalon.core.webui.keyword.WebUiBuiltInKeywords.setText(WebUiBuiltInKeywords.groovy:936)
	at com.kms.katalon.core.webui.keyword.WebUiBuiltInKeywords$setText$7.call(Unknown Source)
	at org.codehaus.groovy.runtime.callsite.CallSiteArray.defaultCall(CallSiteArray.java:48)
	at org.codehaus.groovy.runtime.callsite.AbstractCallSite.call(AbstractCallSite.java:113)
	at org.codehaus.groovy.runtime.callsite.AbstractCallSite.call(AbstractCallSite.java:141)
	at Script1539674510987.run(Script1539674510987.groovy:70)
	at com.kms.katalon.core.main.ScriptEngine.run(ScriptEngine.java:183)
	at com.kms.katalon.core.main.ScriptEngine.runScriptAsRawText(ScriptEngine.java:108)
	at com.kms.katalon.core.main.TestCaseExecutor.runScript(TestCaseExecutor.java:294)
	at com.kms.katalon.core.main.TestCaseExecutor.doExecute(TestCaseExecutor.java:285)
	at com.kms.katalon.core.main.TestCaseExecutor.processExecutionPhase(TestCaseExecutor.java:264)
	at com.kms.katalon.core.main.TestCaseExecutor.accessMainPhase(TestCaseExecutor.java:256)
	at com.kms.katalon.core.main.TestCaseExecutor.execute(TestCaseExecutor.java:200)
	at com.kms.katalon.core.main.TestSuiteExecutor.accessTestCaseMainPhase(TestSuiteExecutor.java:129)
	at com.kms.katalon.core.main.TestSuiteExecutor.accessTestSuiteMainPhase(TestSuiteExecutor.java:112)
	at com.kms.katalon.core.main.TestSuiteExecutor.execute(TestSuiteExecutor.java:81)
	at com.kms.katalon.core.main.TestCaseMain.startTestSuite(TestCaseMain.java:142)
	at com.kms.katalon.core.main.TestCaseMain$startTestSuite$0.call(Unknown Source)
	at org.codehaus.groovy.runtime.callsite.CallSiteArray.defaultCall(CallSiteArray.java:48)
	at org.codehaus.groovy.runtime.callsite.AbstractCallSite.call(AbstractCallSite.java:113)
	at org.codehaus.groovy.runtime.callsite.AbstractCallSite.call(AbstractCallSite.java:141)
	at TempTestSuite1539755911871.run(TempTestSuite1539755911871.groovy:36)
	at groovy.lang.GroovyShell.runScriptOrMainOrTestOrRunnable(GroovyShell.java:263)
	at groovy.lang.GroovyShell.run(GroovyShell.java:518)
	at groovy.lang.GroovyShell.run(GroovyShell.java:507)
	at groovy.ui.GroovyMain.processOnce(GroovyMain.java:653)
	at groovy.ui.GroovyMain.run(GroovyMain.java:384)
	at groovy.ui.GroovyMain.process(GroovyMain.java:370)
	at groovy.ui.GroovyMain.processArgs(GroovyMain.java:129)
	at groovy.ui.GroovyMain.main(GroovyMain.java:109)
	at sun.reflect.NativeMethodAccessorImpl.invoke0(Native Method)
	at sun.reflect.NativeMethodAccessorImpl.invoke(NativeMethodAccessorImpl.java:62)
	at sun.reflect.DelegatingMethodAccessorImpl.invoke(DelegatingMethodAccessorImpl.java:43)
	at java.lang.reflect.Method.invoke(Method.java:498)
	at org.codehaus.groovy.tools.GroovyStarter.rootLoader(GroovyStarter.java:109)
	at org.codehaus.groovy.tools.GroovyStarter.main(GroovyStarter.java:131)
)]]></system-out>
      <system-err><![CDATA[2018-10-17 13:58:43 - [TEST_SUITE][FAILED] - big3: Test Cases/Frontend/PlaceBet/RandomOddsAndAMount FAILED because (of) (Stack trace: com.kms.katalon.core.exception.StepFailedException: Unable to set text '1300' of object 'Object Repository/Frontend/MatchBetting/input_stake' (Root cause: org.openqa.selenium.InvalidElementStateException: invalid element state: Element is not currently interactable and may not be manipulated
  (Session info: chrome=69.0.3497.100)
  (Driver info: chromedriver=2.35.528161 (5b82f2d2aae0ca24b877009200ced9065a772e73),platform=Windows NT 10.0.17134 x86_64) (WARNING: The server did not provide any stacktrace information)
Command duration or timeout: 0 milliseconds
Build info: version: '3.7.1', revision: '8a0099a', time: '2017-11-06T21:07:36.161Z'
System info: host: 'DESKTOP-A1HL9OG', ip: '172.16.8.122', os.name: 'Windows 10', os.arch: 'amd64', os.version: '10.0', java.version: '1.8.0_181'
Driver info: com.kms.katalon.selenium.driver.CChromeDriver
Capabilities {acceptInsecureCerts: false, acceptSslCerts: false, applicationCacheEnabled: false, browserConnectionEnabled: false, browserName: chrome, chrome: {chromedriverVersion: 2.35.528161 (5b82f2d2aae0ca..., userDataDir: C:\Users\RICHAR~1\AppData\L...}, cssSelectorsEnabled: true, databaseEnabled: false, handlesAlerts: true, hasTouchScreen: false, javascriptEnabled: true, locationContextEnabled: true, mobileEmulationEnabled: false, nativeEvents: true, networkConnectionEnabled: false, pageLoadStrategy: normal, platform: XP, platformName: XP, rotatable: false, setWindowRect: true, takesHeapSnapshot: true, takesScreenshot: true, unexpectedAlertBehaviour: , unhandledPromptBehavior: , version: 69.0.3497.100, webStorageEnabled: true}
Session ID: ea8b0ed8a20d7c9645657aeaac52c0d4)
	at com.kms.katalon.core.keyword.internal.KeywordMain.stepFailed(KeywordMain.groovy:32)
	at com.kms.katalon.core.webui.keyword.internal.WebUIKeywordMain.stepFailed(WebUIKeywordMain.groovy:65)
	at com.kms.katalon.core.webui.keyword.internal.WebUIKeywordMain.runKeyword(WebUIKeywordMain.groovy:27)
	at com.kms.katalon.core.webui.keyword.builtin.SetTextKeyword.setText(SetTextKeyword.groovy:65)
	at com.kms.katalon.core.webui.keyword.builtin.SetTextKeyword.execute(SetTextKeyword.groovy:37)
	at com.kms.katalon.core.keyword.internal.KeywordExecutor.executeKeywordForPlatform(KeywordExecutor.groovy:53)
	at com.kms.katalon.core.webui.keyword.WebUiBuiltInKeywords.setText(WebUiBuiltInKeywords.groovy:936)
	at com.kms.katalon.core.webui.keyword.WebUiBuiltInKeywords$setText$7.call(Unknown Source)
	at org.codehaus.groovy.runtime.callsite.CallSiteArray.defaultCall(CallSiteArray.java:48)
	at org.codehaus.groovy.runtime.callsite.AbstractCallSite.call(AbstractCallSite.java:113)
	at org.codehaus.groovy.runtime.callsite.AbstractCallSite.call(AbstractCallSite.java:141)
	at Script1539674510987.run(Script1539674510987.groovy:70)
	at com.kms.katalon.core.main.ScriptEngine.run(ScriptEngine.java:183)
	at com.kms.katalon.core.main.ScriptEngine.runScriptAsRawText(ScriptEngine.java:108)
	at com.kms.katalon.core.main.TestCaseExecutor.runScript(TestCaseExecutor.java:294)
	at com.kms.katalon.core.main.TestCaseExecutor.doExecute(TestCaseExecutor.java:285)
	at com.kms.katalon.core.main.TestCaseExecutor.processExecutionPhase(TestCaseExecutor.java:264)
	at com.kms.katalon.core.main.TestCaseExecutor.accessMainPhase(TestCaseExecutor.java:256)
	at com.kms.katalon.core.main.TestCaseExecutor.execute(TestCaseExecutor.java:200)
	at com.kms.katalon.core.main.TestSuiteExecutor.accessTestCaseMainPhase(TestSuiteExecutor.java:129)
	at com.kms.katalon.core.main.TestSuiteExecutor.accessTestSuiteMainPhase(TestSuiteExecutor.java:112)
	at com.kms.katalon.core.main.TestSuiteExecutor.execute(TestSuiteExecutor.java:81)
	at com.kms.katalon.core.main.TestCaseMain.startTestSuite(TestCaseMain.java:142)
	at com.kms.katalon.core.main.TestCaseMain$startTestSuite$0.call(Unknown Source)
	at org.codehaus.groovy.runtime.callsite.CallSiteArray.defaultCall(CallSiteArray.java:48)
	at org.codehaus.groovy.runtime.callsite.AbstractCallSite.call(AbstractCallSite.java:113)
	at org.codehaus.groovy.runtime.callsite.AbstractCallSite.call(AbstractCallSite.java:141)
	at TempTestSuite1539755911871.run(TempTestSuite1539755911871.groovy:36)
	at groovy.lang.GroovyShell.runScriptOrMainOrTestOrRunnable(GroovyShell.java:263)
	at groovy.lang.GroovyShell.run(GroovyShell.java:518)
	at groovy.lang.GroovyShell.run(GroovyShell.java:507)
	at groovy.ui.GroovyMain.processOnce(GroovyMain.java:653)
	at groovy.ui.GroovyMain.run(GroovyMain.java:384)
	at groovy.ui.GroovyMain.process(GroovyMain.java:370)
	at groovy.ui.GroovyMain.processArgs(GroovyMain.java:129)
	at groovy.ui.GroovyMain.main(GroovyMain.java:109)
	at sun.reflect.NativeMethodAccessorImpl.invoke0(Native Method)
	at sun.reflect.NativeMethodAccessorImpl.invoke(NativeMethodAccessorImpl.java:62)
	at sun.reflect.DelegatingMethodAccessorImpl.invoke(DelegatingMethodAccessorImpl.java:43)
	at java.lang.reflect.Method.invoke(Method.java:498)
	at org.codehaus.groovy.tools.GroovyStarter.rootLoader(GroovyStarter.java:109)
	at org.codehaus.groovy.tools.GroovyStarter.main(GroovyStarter.java:131)
)]]></system-err>
   </testsuite>
</testsuites>
