<?xml version="1.0" encoding="UTF-8"?>
<testsuites name="createMatch" time="25" tests="2" failures="0" errors="0">
   <testsuite name="createMatch" tests="2" failures="0" errors="0" time="25" timestamp="2018-11-19 17:43:18" hostname="ops.02 - NXT-OPS02.nxtgame.local" id="Test Suites/dailyTesting/5.matchCreation/createMatch">
      <properties>
         <property name="deviceName" value=""/>
         <property name="devicePlatform" value=""/>
         <property name="logFolder" value="C:\\Users\\ops.02\\git\\UCF\\Reports\\dailyTesting\\5.matchCreation\\createMatch\\20181119_174316"/>
         <property name="logFiles" value="C:\\Users\\ops.02\\git\\UCF\\Reports\\dailyTesting\\5.matchCreation\\createMatch\\20181119_174316\\execution0.log"/>
         <property name="attachments" value=""/>
         <property name="hostName" value="ops.02 - NXT-OPS02.nxtgame.local"/>
         <property name="os" value="Windows 10 64bit"/>
         <property name="katalonVersion" value="5.8.6.1"/>
         <property name="browser" value="Chrome 70.0.3538.102"/>
         <property name="hostAddress" value="172.16.8.115"/>
         <property name="sessionId" value="676dea4553850d5242180e201a2639a6"/>
         <property name="seleniumVersion" value="3.7.1"/>
         <property name="proxyInformation" value="ProxyInformation{proxyOption=NO_PROXY, proxyServerType=HTTP, password=, proxyServerAddress=, proxyServerPort=0}"/>
         <property name="platform" value="Windows 10"/>
      </properties>
      <testcase name="Test Cases/dailyTesting/2.login/backofficeLogin" classname="Test Cases/dailyTesting/2.login/backofficeLogin" status="PASSED">
         <system-out><![CDATA[2018-11-19 17:43:19 - [TEST_CASE][PASSED] - Test Cases/dailyTesting/2.login/backofficeLogin: Test Cases/dailyTesting/2.login/backofficeLogin

2018-11-19 17:43:19 - [TEST_STEP][PASSED] - backoffice.openBrowserBackoffice.openbrowserBackoffice: backoffice.openBrowserBackoffice.openbrowserBackoffice is PASSED

2018-11-19 17:43:22 - [MESSAGE][PASSED] - Browser is opened with url: ''

2018-11-19 17:43:23 - [MESSAGE][PASSED] - Current window maximized

2018-11-19 17:43:25 - [MESSAGE][PASSED] - Navigate to 'http://dev-admin.ucf88.com' successfully

2018-11-19 17:43:25 - [MESSAGE][PASSED] - backoffice.openBrowserBackoffice.openbrowserBackoffice is PASSED

2018-11-19 17:43:25 - [TEST_STEP][PASSED] - setText: Text 'arvinadmin' is set on object 'Object Repository/Backoffice/Login/input_Username'

2018-11-19 17:43:25 - [MESSAGE][PASSED] - Text 'arvinadmin' is set on object 'Object Repository/Backoffice/Login/input_Username'

2018-11-19 17:43:25 - [TEST_STEP][PASSED] - setEncryptedText: Text ****** has been set on object 'Object Repository/Backoffice/Login/input_Password'

2018-11-19 17:43:26 - [MESSAGE][PASSED] - Text ****** has been set on object 'Object Repository/Backoffice/Login/input_Password'

2018-11-19 17:43:26 - [TEST_STEP][PASSED] - click: Object: 'Object Repository/Backoffice/Login/button_Login' is clicked on

2018-11-19 17:43:28 - [MESSAGE][PASSED] - Object: 'Object Repository/Backoffice/Login/button_Login' is clicked on

2018-11-19 17:43:28 - [TEST_STEP][PASSED] - waitForElementVisible: Object 'Object Repository/dailyTesting/Backoffice/Dashboard/Page_Dashboard - ucf88/span_arvinadmin' is visible

2018-11-19 17:43:28 - [MESSAGE][PASSED] - Object 'Object Repository/dailyTesting/Backoffice/Dashboard/Page_Dashboard - ucf88/span_arvinadmin' is visible]]></system-out>
         <system-err><![CDATA[]]></system-err>
      </testcase>
      <testcase name="Test Cases/dailyTesting/5.matchCreation/createMatch" classname="Test Cases/dailyTesting/5.matchCreation/createMatch" status="PASSED">
         <system-out><![CDATA[2018-11-19 17:43:28 - [TEST_CASE][PASSED] - Test Cases/dailyTesting/5.matchCreation/createMatch: Test Cases/dailyTesting/5.matchCreation/createMatch

2018-11-19 17:43:28 - [TEST_STEP][PASSED] - backoffice.bettingMatch.match: backoffice.bettingMatch.match is PASSED

2018-11-19 17:43:29 - [MESSAGE][PASSED] - Object: 'Object Repository/dailyTesting/Backoffice/arenaCreation/Header/bettingHeader' is focused

2018-11-19 17:43:29 - [MESSAGE][PASSED] - Object 'Object Repository/dailyTesting/Backoffice/matchCreation/Header/matchHeader' is present

2018-11-19 17:43:30 - [MESSAGE][PASSED] - Object: 'Object Repository/dailyTesting/Backoffice/matchCreation/Header/matchHeader' is clicked on

2018-11-19 17:43:30 - [MESSAGE][PASSED] - backoffice.bettingMatch.match is PASSED

2018-11-19 17:43:30 - [TEST_STEP][PASSED] - click: Object: 'Object Repository/dailyTesting/Backoffice/matchCreation/matchCreation/buttonCreateMatch' is clicked on

2018-11-19 17:43:30 - [MESSAGE][PASSED] - Object: 'Object Repository/dailyTesting/Backoffice/matchCreation/matchCreation/buttonCreateMatch' is clicked on

2018-11-19 17:43:30 - [TEST_STEP][PASSED] - getWindowIndex: Current window's index is: 0

2018-11-19 17:43:30 - [MESSAGE][PASSED] - Current window's index is: 0

2018-11-19 17:43:30 - [TEST_STEP][PASSED] - waitForElementVisible: Object 'Object Repository/dailyTesting/Backoffice/matchCreation/matchCreation/dropdownArenaName' is visible

2018-11-19 17:43:30 - [MESSAGE][PASSED] - Object 'Object Repository/dailyTesting/Backoffice/matchCreation/matchCreation/dropdownArenaName' is visible

2018-11-19 17:43:30 - [TEST_STEP][PASSED] - click: Object: 'Object Repository/dailyTesting/Backoffice/matchCreation/matchCreation/dropdownArenaName' is clicked on

2018-11-19 17:43:31 - [MESSAGE][PASSED] - Object: 'Object Repository/dailyTesting/Backoffice/matchCreation/matchCreation/dropdownArenaName' is clicked on

2018-11-19 17:43:31 - [TEST_STEP][PASSED] - setText: Text 'DailyTest' is set on object 'Object Repository/dailyTesting/Backoffice/matchCreation/matchCreation/inputArenaName'

2018-11-19 17:43:31 - [MESSAGE][PASSED] - Text 'DailyTest' is set on object 'Object Repository/dailyTesting/Backoffice/matchCreation/matchCreation/inputArenaName'

2018-11-19 17:43:31 - [TEST_STEP][PASSED] - sendKeys: Keys 'ENTER + ' sent to object: 'Object Repository/dailyTesting/Backoffice/matchCreation/matchCreation/inputArenaName'

2018-11-19 17:43:31 - [MESSAGE][PASSED] - Keys 'ENTER + ' sent to object: 'Object Repository/dailyTesting/Backoffice/matchCreation/matchCreation/inputArenaName'

2018-11-19 17:43:31 - [TEST_STEP][PASSED] - switchToWindowIndex: Switched to window with index: '0'

2018-11-19 17:43:31 - [MESSAGE][PASSED] - Switched to window with index: '0'

2018-11-19 17:43:31 - [TEST_STEP][PASSED] - setText: Text 'match2' is set on object 'Object Repository/dailyTesting/Backoffice/matchCreation/matchCreation/inputMeronName'

2018-11-19 17:43:31 - [MESSAGE][PASSED] - Text 'match2' is set on object 'Object Repository/dailyTesting/Backoffice/matchCreation/matchCreation/inputMeronName'

2018-11-19 17:43:31 - [TEST_STEP][PASSED] - setText: Text 'farmer' is set on object 'Object Repository/dailyTesting/Backoffice/matchCreation/matchCreation/inputMeronFarm'

2018-11-19 17:43:31 - [MESSAGE][PASSED] - Text 'farmer' is set on object 'Object Repository/dailyTesting/Backoffice/matchCreation/matchCreation/inputMeronFarm'

2018-11-19 17:43:31 - [TEST_STEP][PASSED] - setText: Text 'breeder' is set on object 'Object Repository/dailyTesting/Backoffice/matchCreation/matchCreation/inputMeronBreed'

2018-11-19 17:43:32 - [MESSAGE][PASSED] - Text 'breeder' is set on object 'Object Repository/dailyTesting/Backoffice/matchCreation/matchCreation/inputMeronBreed'

2018-11-19 17:43:32 - [TEST_STEP][PASSED] - setText: Text '20' is set on object 'Object Repository/dailyTesting/Backoffice/matchCreation/matchCreation/inputMeronWeight'

2018-11-19 17:43:32 - [MESSAGE][PASSED] - Text '20' is set on object 'Object Repository/dailyTesting/Backoffice/matchCreation/matchCreation/inputMeronWeight'

2018-11-19 17:43:32 - [TEST_STEP][PASSED] - setText: Text 'game2' is set on object 'Object Repository/dailyTesting/Backoffice/matchCreation/matchCreation/inputWalaName'

2018-11-19 17:43:32 - [MESSAGE][PASSED] - Text 'game2' is set on object 'Object Repository/dailyTesting/Backoffice/matchCreation/matchCreation/inputWalaName'

2018-11-19 17:43:32 - [TEST_STEP][PASSED] - setText: Text 'farm' is set on object 'Object Repository/dailyTesting/Backoffice/matchCreation/matchCreation/inputWalaFarm'

2018-11-19 17:43:32 - [MESSAGE][PASSED] - Text 'farm' is set on object 'Object Repository/dailyTesting/Backoffice/matchCreation/matchCreation/inputWalaFarm'

2018-11-19 17:43:32 - [TEST_STEP][PASSED] - setText: Text 'breed' is set on object 'Object Repository/dailyTesting/Backoffice/matchCreation/matchCreation/inputWalaBreed'

2018-11-19 17:43:32 - [MESSAGE][PASSED] - Text 'breed' is set on object 'Object Repository/dailyTesting/Backoffice/matchCreation/matchCreation/inputWalaBreed'

2018-11-19 17:43:32 - [TEST_STEP][PASSED] - setText: Text '12' is set on object 'Object Repository/dailyTesting/Backoffice/matchCreation/matchCreation/inputWalaWeight'

2018-11-19 17:43:33 - [MESSAGE][PASSED] - Text '12' is set on object 'Object Repository/dailyTesting/Backoffice/matchCreation/matchCreation/inputWalaWeight'

2018-11-19 17:43:33 - [TEST_STEP][PASSED] - click: Object: 'Object Repository/dailyTesting/Backoffice/matchCreation/matchCreation/buttonSubmit' is clicked on

2018-11-19 17:43:34 - [MESSAGE][PASSED] - Object: 'Object Repository/dailyTesting/Backoffice/matchCreation/matchCreation/buttonSubmit' is clicked on

2018-11-19 17:43:34 - [TEST_STEP][PASSED] - delay: Delayed 3 second(s)

2018-11-19 17:43:37 - [MESSAGE][PASSED] - Delayed 3 second(s)

2018-11-19 17:43:37 - [TEST_STEP][PASSED] - click: Object: 'Object Repository/dailyTesting/Backoffice/matchCreation/matchManagement/span_Select Arena' is clicked on

2018-11-19 17:43:37 - [MESSAGE][PASSED] - Object: 'Object Repository/dailyTesting/Backoffice/matchCreation/matchManagement/span_Select Arena' is clicked on

2018-11-19 17:43:37 - [TEST_STEP][PASSED] - setText: Text 'DailyTest' is set on object 'Object Repository/dailyTesting/Backoffice/arenaCreation/arenaManagement/inputArenaName'

2018-11-19 17:43:37 - [MESSAGE][PASSED] - Text 'DailyTest' is set on object 'Object Repository/dailyTesting/Backoffice/arenaCreation/arenaManagement/inputArenaName'

2018-11-19 17:43:37 - [TEST_STEP][PASSED] - sendKeys: Keys 'ENTER + ' sent to object: 'Object Repository/dailyTesting/Backoffice/arenaCreation/arenaManagement/inputArenaName'

2018-11-19 17:43:37 - [MESSAGE][PASSED] - Keys 'ENTER + ' sent to object: 'Object Repository/dailyTesting/Backoffice/arenaCreation/arenaManagement/inputArenaName'

2018-11-19 17:43:37 - [TEST_STEP][PASSED] - delay: Delayed 2 second(s)

2018-11-19 17:43:39 - [MESSAGE][PASSED] - Delayed 2 second(s)

2018-11-19 17:43:39 - [TEST_STEP][PASSED] - verifyElementText: Actual text and expected text of test object 'Object Repository/dailyTesting/Backoffice/matchCreation/matchManagement/labelMatchNumber' are matched.

2018-11-19 17:43:39 - [MESSAGE][PASSED] - Actual text and expected text of test object 'Object Repository/dailyTesting/Backoffice/matchCreation/matchManagement/labelMatchNumber' are matched.

2018-11-19 17:43:39 - [TEST_STEP][PASSED] - verifyElementText: Actual text and expected text of test object 'Object Repository/dailyTesting/Backoffice/matchCreation/matchManagement/labelEventName' are matched.

2018-11-19 17:43:40 - [MESSAGE][PASSED] - Actual text and expected text of test object 'Object Repository/dailyTesting/Backoffice/matchCreation/matchManagement/labelEventName' are matched.

2018-11-19 17:43:40 - [TEST_STEP][PASSED] - verifyElementText: Actual text and expected text of test object 'Object Repository/dailyTesting/Backoffice/matchCreation/matchManagement/labelProfitMargin' are matched.

2018-11-19 17:43:40 - [MESSAGE][PASSED] - Actual text and expected text of test object 'Object Repository/dailyTesting/Backoffice/matchCreation/matchManagement/labelProfitMargin' are matched.

2018-11-19 17:43:40 - [TEST_STEP][PASSED] - verifyElementText: Actual text and expected text of test object 'Object Repository/dailyTesting/Backoffice/matchCreation/matchManagement/labelMeronName' are matched.

2018-11-19 17:43:40 - [MESSAGE][PASSED] - Actual text and expected text of test object 'Object Repository/dailyTesting/Backoffice/matchCreation/matchManagement/labelMeronName' are matched.

2018-11-19 17:43:40 - [TEST_STEP][PASSED] - verifyElementText: Actual text and expected text of test object 'Object Repository/dailyTesting/Backoffice/matchCreation/matchManagement/labelWalaName' are matched.

2018-11-19 17:43:40 - [MESSAGE][PASSED] - Actual text and expected text of test object 'Object Repository/dailyTesting/Backoffice/matchCreation/matchManagement/labelWalaName' are matched.

2018-11-19 17:43:40 - [TEST_STEP][PASSED] - delay: Delayed 3 second(s)

2018-11-19 17:43:43 - [MESSAGE][PASSED] - Delayed 3 second(s)]]></system-out>
         <system-err><![CDATA[]]></system-err>
      </testcase>
      <system-out><![CDATA[2018-11-19 17:43:18 - [TEST_SUITE][PASSED] - createMatch: Test Cases/dailyTesting/5.matchCreation/createMatch]]></system-out>
      <system-err><![CDATA[]]></system-err>
   </testsuite>
</testsuites>
