<?xml version="1.0" encoding="UTF-8"?>
<testsuites name="big2" time="514" tests="0" failures="1" errors="0">
   <testsuite name="big2" tests="0" failures="1" errors="0" time="514" timestamp="2018-10-18 13:32:25" hostname="Richard Sanchez - DESKTOP-A1HL9OG" id="Test Suites/PlayerBetting/BETTING 10 players/big2">
      <properties>
         <property name="deviceName" value=""/>
         <property name="devicePlatform" value=""/>
         <property name="logFolder" value="C:\\Users\\Richard Sanchez\\Katalon Studio\\ucf88\\Reports\\PlayerBetting\\BETTING 10 players\\big2\\20181018_133220"/>
         <property name="logFiles" value="C:\\Users\\Richard Sanchez\\Katalon Studio\\ucf88\\Reports\\PlayerBetting\\BETTING 10 players\\big2\\20181018_133220\\execution0.log"/>
         <property name="attachments" value=""/>
         <property name="hostName" value="Richard Sanchez - DESKTOP-A1HL9OG"/>
         <property name="os" value="Windows 10 64bit"/>
         <property name="katalonVersion" value="5.8.0.1"/>
         <property name="browser" value="Chrome 69.0.3497.100"/>
         <property name="hostAddress" value="172.16.8.122"/>
         <property name="sessionId" value="ea3ebfbd33da1fc8a5e5d9526120de00"/>
         <property name="seleniumVersion" value="3.7.1"/>
         <property name="proxyInformation" value="ProxyInformation{proxyOption=NO_PROXY, proxyServerType=HTTP, password=, proxyServerAddress=, proxyServerPort=0}"/>
         <property name="platform" value="Windows 10"/>
      </properties>
      <testcase name="Test Cases/Frontend/PlaceBet/RandomOddsAndAMount" classname="Test Cases/Frontend/PlaceBet/RandomOddsAndAMount" status="FAILED">
         <failure type="FAILED" message="(Stack trace: com.kms.katalon.core.exception.StepFailedException: Unable to wait for object 'Object Repository/Frontend/MatchBetting/BetslipAdded' to be present (Root cause: org.openqa.selenium.WebDriverException: chrome not reachable
  (Session info: chrome=69.0.3497.100)
  (Driver info: chromedriver=2.35.528161 (5b82f2d2aae0ca24b877009200ced9065a772e73),platform=Windows NT 10.0.17134 x86_64) (WARNING: The server did not provide any stacktrace information)
Command duration or timeout: 0 milliseconds
Build info: version: '3.7.1', revision: '8a0099a', time: '2017-11-06T21:07:36.161Z'
System info: host: 'DESKTOP-A1HL9OG', ip: '172.16.8.122', os.name: 'Windows 10', os.arch: 'amd64', os.version: '10.0', java.version: '1.8.0_181'
Driver info: com.kms.katalon.selenium.driver.CChromeDriver
Capabilities {acceptInsecureCerts: false, acceptSslCerts: false, applicationCacheEnabled: false, browserConnectionEnabled: false, browserName: chrome, chrome: {chromedriverVersion: 2.35.528161 (5b82f2d2aae0ca..., userDataDir: C:\Users\RICHAR~1\AppData\L...}, cssSelectorsEnabled: true, databaseEnabled: false, handlesAlerts: true, hasTouchScreen: false, javascriptEnabled: true, locationContextEnabled: true, mobileEmulationEnabled: false, nativeEvents: true, networkConnectionEnabled: false, pageLoadStrategy: normal, platform: XP, platformName: XP, rotatable: false, setWindowRect: true, takesHeapSnapshot: true, takesScreenshot: true, unexpectedAlertBehaviour: , unhandledPromptBehavior: , version: 69.0.3497.100, webStorageEnabled: true}
Session ID: ea3ebfbd33da1fc8a5e5d9526120de00
*** Element info: {Using=xpath, value=//div[@id='root']/div/div/div[2]/section[2]/div/div[2]})
	at com.kms.katalon.core.keyword.internal.KeywordMain.stepFailed(KeywordMain.groovy:36)
	at com.kms.katalon.core.webui.keyword.internal.WebUIKeywordMain.stepFailed(WebUIKeywordMain.groovy:65)
	at com.kms.katalon.core.webui.keyword.internal.WebUIKeywordMain.runKeyword(WebUIKeywordMain.groovy:27)
	at com.kms.katalon.core.webui.keyword.builtin.WaitForElementPresentKeyword.waitForElementPresent(WaitForElementPresentKeyword.groovy:95)
	at com.kms.katalon.core.webui.keyword.builtin.WaitForElementPresentKeyword.execute(WaitForElementPresentKeyword.groovy:68)
	at com.kms.katalon.core.keyword.internal.KeywordExecutor.executeKeywordForPlatform(KeywordExecutor.groovy:53)
	at com.kms.katalon.core.webui.keyword.WebUiBuiltInKeywords.waitForElementPresent(WebUiBuiltInKeywords.groovy:343)
	at com.kms.katalon.core.webui.keyword.WebUiBuiltInKeywords$waitForElementPresent$4.call(Unknown Source)
	at Script1539674510987.run(Script1539674510987.groovy:76)
	at com.kms.katalon.core.main.ScriptEngine.run(ScriptEngine.java:183)
	at com.kms.katalon.core.main.ScriptEngine.runScriptAsRawText(ScriptEngine.java:108)
	at com.kms.katalon.core.main.TestCaseExecutor.runScript(TestCaseExecutor.java:294)
	at com.kms.katalon.core.main.TestCaseExecutor.doExecute(TestCaseExecutor.java:285)
	at com.kms.katalon.core.main.TestCaseExecutor.processExecutionPhase(TestCaseExecutor.java:264)
	at com.kms.katalon.core.main.TestCaseExecutor.accessMainPhase(TestCaseExecutor.java:256)
	at com.kms.katalon.core.main.TestCaseExecutor.execute(TestCaseExecutor.java:200)
	at com.kms.katalon.core.main.TestSuiteExecutor.accessTestCaseMainPhase(TestSuiteExecutor.java:129)
	at com.kms.katalon.core.main.TestSuiteExecutor.accessTestSuiteMainPhase(TestSuiteExecutor.java:112)
	at com.kms.katalon.core.main.TestSuiteExecutor.execute(TestSuiteExecutor.java:81)
	at com.kms.katalon.core.main.TestCaseMain.startTestSuite(TestCaseMain.java:142)
	at com.kms.katalon.core.main.TestCaseMain$startTestSuite$0.call(Unknown Source)
	at org.codehaus.groovy.runtime.callsite.CallSiteArray.defaultCall(CallSiteArray.java:48)
	at org.codehaus.groovy.runtime.callsite.AbstractCallSite.call(AbstractCallSite.java:113)
	at org.codehaus.groovy.runtime.callsite.AbstractCallSite.call(AbstractCallSite.java:141)
	at TempTestSuite1539840740132.run(TempTestSuite1539840740132.groovy:36)
	at groovy.lang.GroovyShell.runScriptOrMainOrTestOrRunnable(GroovyShell.java:263)
	at groovy.lang.GroovyShell.run(GroovyShell.java:518)
	at groovy.lang.GroovyShell.run(GroovyShell.java:507)
	at groovy.ui.GroovyMain.processOnce(GroovyMain.java:653)
	at groovy.ui.GroovyMain.run(GroovyMain.java:384)
	at groovy.ui.GroovyMain.process(GroovyMain.java:370)
	at groovy.ui.GroovyMain.processArgs(GroovyMain.java:129)
	at groovy.ui.GroovyMain.main(GroovyMain.java:109)
	at sun.reflect.NativeMethodAccessorImpl.invoke0(Native Method)
	at sun.reflect.NativeMethodAccessorImpl.invoke(NativeMethodAccessorImpl.java:62)
	at sun.reflect.DelegatingMethodAccessorImpl.invoke(DelegatingMethodAccessorImpl.java:43)
	at java.lang.reflect.Method.invoke(Method.java:498)
	at org.codehaus.groovy.tools.GroovyStarter.rootLoader(GroovyStarter.java:109)
	at org.codehaus.groovy.tools.GroovyStarter.main(GroovyStarter.java:131)
)"/>
         <system-out><![CDATA[2018-10-18 13:32:26 - [TEST_CASE][FAILED] - Test Cases/Frontend/PlaceBet/RandomOddsAndAMount: Test Cases/Frontend/PlaceBet/RandomOddsAndAMount FAILED because (of) (Stack trace: com.kms.katalon.core.exception.StepFailedException: Unable to wait for object 'Object Repository/Frontend/MatchBetting/BetslipAdded' to be present (Root cause: org.openqa.selenium.WebDriverException: chrome not reachable
  (Session info: chrome=69.0.3497.100)
  (Driver info: chromedriver=2.35.528161 (5b82f2d2aae0ca24b877009200ced9065a772e73),platform=Windows NT 10.0.17134 x86_64) (WARNING: The server did not provide any stacktrace information)
Command duration or timeout: 0 milliseconds
Build info: version: '3.7.1', revision: '8a0099a', time: '2017-11-06T21:07:36.161Z'
System info: host: 'DESKTOP-A1HL9OG', ip: '172.16.8.122', os.name: 'Windows 10', os.arch: 'amd64', os.version: '10.0', java.version: '1.8.0_181'
Driver info: com.kms.katalon.selenium.driver.CChromeDriver
Capabilities {acceptInsecureCerts: false, acceptSslCerts: false, applicationCacheEnabled: false, browserConnectionEnabled: false, browserName: chrome, chrome: {chromedriverVersion: 2.35.528161 (5b82f2d2aae0ca..., userDataDir: C:\Users\RICHAR~1\AppData\L...}, cssSelectorsEnabled: true, databaseEnabled: false, handlesAlerts: true, hasTouchScreen: false, javascriptEnabled: true, locationContextEnabled: true, mobileEmulationEnabled: false, nativeEvents: true, networkConnectionEnabled: false, pageLoadStrategy: normal, platform: XP, platformName: XP, rotatable: false, setWindowRect: true, takesHeapSnapshot: true, takesScreenshot: true, unexpectedAlertBehaviour: , unhandledPromptBehavior: , version: 69.0.3497.100, webStorageEnabled: true}
Session ID: ea3ebfbd33da1fc8a5e5d9526120de00
*** Element info: {Using=xpath, value=//div[@id='root']/div/div/div[2]/section[2]/div/div[2]})
	at com.kms.katalon.core.keyword.internal.KeywordMain.stepFailed(KeywordMain.groovy:36)
	at com.kms.katalon.core.webui.keyword.internal.WebUIKeywordMain.stepFailed(WebUIKeywordMain.groovy:65)
	at com.kms.katalon.core.webui.keyword.internal.WebUIKeywordMain.runKeyword(WebUIKeywordMain.groovy:27)
	at com.kms.katalon.core.webui.keyword.builtin.WaitForElementPresentKeyword.waitForElementPresent(WaitForElementPresentKeyword.groovy:95)
	at com.kms.katalon.core.webui.keyword.builtin.WaitForElementPresentKeyword.execute(WaitForElementPresentKeyword.groovy:68)
	at com.kms.katalon.core.keyword.internal.KeywordExecutor.executeKeywordForPlatform(KeywordExecutor.groovy:53)
	at com.kms.katalon.core.webui.keyword.WebUiBuiltInKeywords.waitForElementPresent(WebUiBuiltInKeywords.groovy:343)
	at com.kms.katalon.core.webui.keyword.WebUiBuiltInKeywords$waitForElementPresent$4.call(Unknown Source)
	at Script1539674510987.run(Script1539674510987.groovy:76)
	at com.kms.katalon.core.main.ScriptEngine.run(ScriptEngine.java:183)
	at com.kms.katalon.core.main.ScriptEngine.runScriptAsRawText(ScriptEngine.java:108)
	at com.kms.katalon.core.main.TestCaseExecutor.runScript(TestCaseExecutor.java:294)
	at com.kms.katalon.core.main.TestCaseExecutor.doExecute(TestCaseExecutor.java:285)
	at com.kms.katalon.core.main.TestCaseExecutor.processExecutionPhase(TestCaseExecutor.java:264)
	at com.kms.katalon.core.main.TestCaseExecutor.accessMainPhase(TestCaseExecutor.java:256)
	at com.kms.katalon.core.main.TestCaseExecutor.execute(TestCaseExecutor.java:200)
	at com.kms.katalon.core.main.TestSuiteExecutor.accessTestCaseMainPhase(TestSuiteExecutor.java:129)
	at com.kms.katalon.core.main.TestSuiteExecutor.accessTestSuiteMainPhase(TestSuiteExecutor.java:112)
	at com.kms.katalon.core.main.TestSuiteExecutor.execute(TestSuiteExecutor.java:81)
	at com.kms.katalon.core.main.TestCaseMain.startTestSuite(TestCaseMain.java:142)
	at com.kms.katalon.core.main.TestCaseMain$startTestSuite$0.call(Unknown Source)
	at org.codehaus.groovy.runtime.callsite.CallSiteArray.defaultCall(CallSiteArray.java:48)
	at org.codehaus.groovy.runtime.callsite.AbstractCallSite.call(AbstractCallSite.java:113)
	at org.codehaus.groovy.runtime.callsite.AbstractCallSite.call(AbstractCallSite.java:141)
	at TempTestSuite1539840740132.run(TempTestSuite1539840740132.groovy:36)
	at groovy.lang.GroovyShell.runScriptOrMainOrTestOrRunnable(GroovyShell.java:263)
	at groovy.lang.GroovyShell.run(GroovyShell.java:518)
	at groovy.lang.GroovyShell.run(GroovyShell.java:507)
	at groovy.ui.GroovyMain.processOnce(GroovyMain.java:653)
	at groovy.ui.GroovyMain.run(GroovyMain.java:384)
	at groovy.ui.GroovyMain.process(GroovyMain.java:370)
	at groovy.ui.GroovyMain.processArgs(GroovyMain.java:129)
	at groovy.ui.GroovyMain.main(GroovyMain.java:109)
	at sun.reflect.NativeMethodAccessorImpl.invoke0(Native Method)
	at sun.reflect.NativeMethodAccessorImpl.invoke(NativeMethodAccessorImpl.java:62)
	at sun.reflect.DelegatingMethodAccessorImpl.invoke(DelegatingMethodAccessorImpl.java:43)
	at java.lang.reflect.Method.invoke(Method.java:498)
	at org.codehaus.groovy.tools.GroovyStarter.rootLoader(GroovyStarter.java:109)
	at org.codehaus.groovy.tools.GroovyStarter.main(GroovyStarter.java:131)
)

2018-10-18 13:32:28 - [TEST_STEP][PASSED] - Statement - log = new com.kms.katalon.core.logging.KeywordLogger(): null

2018-10-18 13:32:28 - [TEST_STEP][PASSED] - openBrowser: Browser is opened with url: ''

2018-10-18 13:32:35 - [MESSAGE][PASSED] - Browser is opened with url: ''

2018-10-18 13:32:35 - [TEST_STEP][PASSED] - maximizeWindow: Current window maximized

2018-10-18 13:32:37 - [MESSAGE][PASSED] - Current window maximized

2018-10-18 13:32:37 - [TEST_STEP][PASSED] - navigateToUrl: Navigate to 'http://dev.ucf88.com/#/' successfully

2018-10-18 13:32:39 - [MESSAGE][PASSED] - Navigate to 'http://dev.ucf88.com/#/' successfully

2018-10-18 13:32:39 - [TEST_STEP][PASSED] - setText: Text 'sneerspiffy' is set on object 'Object Repository/Frontend/Login/input_Sports_username'

2018-10-18 13:32:42 - [MESSAGE][PASSED] - Text 'sneerspiffy' is set on object 'Object Repository/Frontend/Login/input_Sports_username'

2018-10-18 13:32:42 - [TEST_STEP][PASSED] - setText: Text '123123' is set on object 'Object Repository/Frontend/Login/input_Sports_password'

2018-10-18 13:32:42 - [MESSAGE][PASSED] - Text '123123' is set on object 'Object Repository/Frontend/Login/input_Sports_password'

2018-10-18 13:32:42 - [TEST_STEP][PASSED] - click: Object: 'Object Repository/Frontend/Login/button_Login' is clicked on

2018-10-18 13:32:42 - [MESSAGE][PASSED] - Object: 'Object Repository/Frontend/Login/button_Login' is clicked on

2018-10-18 13:32:42 - [TEST_STEP][PASSED] - waitForElementPresent: Object 'Object Repository/Frontend/Login/span_Logout' is present

2018-10-18 13:32:44 - [MESSAGE][PASSED] - Object 'Object Repository/Frontend/Login/span_Logout' is present

2018-10-18 13:32:52 - [TEST_STEP][PASSED] - Statement - meron = com.kms.katalon.core.testobject.ObjectRepository.findTestObject(Frontend/MatchBetting/button_Meronodds): Finding Test Object with id 'Object Repository/Frontend/MatchBetting/button_Meronodds'

2018-10-18 13:32:52 - [TEST_STEP][PASSED] - Statement - draw = com.kms.katalon.core.testobject.ObjectRepository.findTestObject(Frontend/MatchBetting/button_Drawodds): Finding Test Object with id 'Object Repository/Frontend/MatchBetting/button_Drawodds'

2018-10-18 13:32:52 - [TEST_STEP][PASSED] - Statement - ftd = com.kms.katalon.core.testobject.ObjectRepository.findTestObject(Frontend/MatchBetting/button_FTDodds): Finding Test Object with id 'Object Repository/Frontend/MatchBetting/button_FTDodds'

2018-10-18 13:32:52 - [TEST_STEP][PASSED] - Statement - wala = com.kms.katalon.core.testobject.ObjectRepository.findTestObject(Frontend/MatchBetting/button_Walaodds): Finding Test Object with id 'Object Repository/Frontend/MatchBetting/button_Walaodds'

2018-10-18 13:32:52 - [TEST_STEP][PASSED] - Statement - balance = com.kms.katalon.core.webui.keyword.WebUiBuiltInKeywords.getText(com.kms.katalon.core.testobject.ObjectRepository.findTestObject(Frontend/MatchBetting/Balance), CONTINUE_ON_FAILURE): Text of object 'Object Repository/Frontend/MatchBetting/Balance' is: '1,000,624,702.00'

2018-10-18 13:32:53 - [MESSAGE][PASSED] - Text of object 'Object Repository/Frontend/MatchBetting/Balance' is: '1,000,624,702.00'

2018-10-18 13:32:53 - [TEST_STEP][PASSED] - Statement - log.logInfo("User balance " + balance): User balance 1,000,624,702.00

2018-10-18 13:32:53 - [TEST_STEP][FAILED] - Statement - While (balance != 0): Unable to wait for object 'Object Repository/Frontend/MatchBetting/BetslipAdded' to be present (Root cause: org.openqa.selenium.WebDriverException: chrome not reachable
  (Session info: chrome=69.0.3497.100)
  (Driver info: chromedriver=2.35.528161 (5b82f2d2aae0ca24b877009200ced9065a772e73),platform=Windows NT 10.0.17134 x86_64) (WARNING: The server did not provide any stacktrace information)
Command duration or timeout: 0 milliseconds
Build info: version: '3.7.1', revision: '8a0099a', time: '2017-11-06T21:07:36.161Z'
System info: host: 'DESKTOP-A1HL9OG', ip: '172.16.8.122', os.name: 'Windows 10', os.arch: 'amd64', os.version: '10.0', java.version: '1.8.0_181'
Driver info: com.kms.katalon.selenium.driver.CChromeDriver
Capabilities {acceptInsecureCerts: false, acceptSslCerts: false, applicationCacheEnabled: false, browserConnectionEnabled: false, browserName: chrome, chrome: {chromedriverVersion: 2.35.528161 (5b82f2d2aae0ca..., userDataDir: C:\Users\RICHAR~1\AppData\L...}, cssSelectorsEnabled: true, databaseEnabled: false, handlesAlerts: true, hasTouchScreen: false, javascriptEnabled: true, locationContextEnabled: true, mobileEmulationEnabled: false, nativeEvents: true, networkConnectionEnabled: false, pageLoadStrategy: normal, platform: XP, platformName: XP, rotatable: false, setWindowRect: true, takesHeapSnapshot: true, takesScreenshot: true, unexpectedAlertBehaviour: , unhandledPromptBehavior: , version: 69.0.3497.100, webStorageEnabled: true}
Session ID: ea3ebfbd33da1fc8a5e5d9526120de00
*** Element info: {Using=xpath, value=//div[@id='root']/div/div/div[2]/section[2]/div/div[2]})

2018-10-18 13:32:53 - [TEST_STEP][PASSED] - Statement - log.logInfo("User balance " + balance): User balance 1,000,624,702.00

2018-10-18 13:32:53 - [TEST_STEP][PASSED] - Statement - odds = new java.util.ArrayList(): null

2018-10-18 13:32:53 - [TEST_STEP][PASSED] - Statement - odds.addAll(java.util.Arrays.asList(meron, draw, ftd, wala)): null

2018-10-18 13:32:53 - [TEST_STEP][PASSED] - Statement - rand = new java.util.Random(): null

2018-10-18 13:32:53 - [TEST_STEP][PASSED] - Statement - randodds = rand.nextInt(odds.size()): null

2018-10-18 13:32:53 - [TEST_STEP][PASSED] - Statement - log.logInfo(" meron[0] draw[1] ftd[2] wala[3] ::" + randodds):  meron[0] draw[1] ftd[2] wala[3] ::2

2018-10-18 13:32:53 - [TEST_STEP][PASSED] - Statement - log.logInfo("Odds Selected = " + odds.get(randodds)): Odds Selected = TestObject - 'Object Repository/Frontend/MatchBetting/button_FTDodds'

2018-10-18 13:32:53 - [TEST_STEP][PASSED] - click: Object: 'Object Repository/Frontend/MatchBetting/button_FTDodds' is clicked on

2018-10-18 13:32:54 - [MESSAGE][PASSED] - Object: 'Object Repository/Frontend/MatchBetting/button_FTDodds' is clicked on

2018-10-18 13:32:54 - [TEST_STEP][PASSED] - verifyElementPresent: Object 'Object Repository/Frontend/MatchBetting/span_Possiblewinning' is present

2018-10-18 13:32:54 - [MESSAGE][PASSED] - Object 'Object Repository/Frontend/MatchBetting/span_Possiblewinning' is present

2018-10-18 13:32:54 - [TEST_STEP][PASSED] - Statement - RA = <not implemented yet for class: org.codehaus.groovy.ast.expr.EmptyExpression>: null

2018-10-18 13:32:54 - [TEST_STEP][PASSED] - Statement - RA = java.lang.Math.random() * 20: null

2018-10-18 13:32:54 - [TEST_STEP][PASSED] - Statement - log.logInfo("Random amount = " + RA): Random amount = 7

2018-10-18 13:32:54 - [TEST_STEP][PASSED] - setText: Text '700' is set on object 'Object Repository/Frontend/MatchBetting/input_stake'

2018-10-18 13:32:55 - [MESSAGE][PASSED] - Text '700' is set on object 'Object Repository/Frontend/MatchBetting/input_stake'

2018-10-18 13:32:55 - [TEST_STEP][PASSED] - delay: Delayed 2 second(s)

2018-10-18 13:32:57 - [MESSAGE][PASSED] - Delayed 2 second(s)

2018-10-18 13:32:57 - [TEST_STEP][PASSED] - click: Object: 'Object Repository/Frontend/MatchBetting/button_Bet' is clicked on

2018-10-18 13:32:58 - [MESSAGE][PASSED] - Object: 'Object Repository/Frontend/MatchBetting/button_Bet' is clicked on

2018-10-18 13:32:58 - [TEST_STEP][PASSED] - waitForElementPresent: Object 'Object Repository/Frontend/MatchBetting/BetslipAdded' is present

2018-10-18 13:32:59 - [MESSAGE][PASSED] - Object 'Object Repository/Frontend/MatchBetting/BetslipAdded' is present

2018-10-18 13:32:59 - [TEST_STEP][PASSED] - delay: Delayed 3 second(s)

2018-10-18 13:33:02 - [MESSAGE][PASSED] - Delayed 3 second(s)

2018-10-18 13:33:02 - [TEST_STEP][PASSED] - Statement - log.logInfo("User balance " + balance): User balance 1,000,624,702.00

2018-10-18 13:33:02 - [TEST_STEP][PASSED] - Statement - odds = new java.util.ArrayList(): null

2018-10-18 13:33:02 - [TEST_STEP][PASSED] - Statement - odds.addAll(java.util.Arrays.asList(meron, draw, ftd, wala)): null

2018-10-18 13:33:02 - [TEST_STEP][PASSED] - Statement - rand = new java.util.Random(): null

2018-10-18 13:33:02 - [TEST_STEP][PASSED] - Statement - randodds = rand.nextInt(odds.size()): null

2018-10-18 13:33:02 - [TEST_STEP][PASSED] - Statement - log.logInfo(" meron[0] draw[1] ftd[2] wala[3] ::" + randodds):  meron[0] draw[1] ftd[2] wala[3] ::1

2018-10-18 13:33:02 - [TEST_STEP][PASSED] - Statement - log.logInfo("Odds Selected = " + odds.get(randodds)): Odds Selected = TestObject - 'Object Repository/Frontend/MatchBetting/button_Drawodds'

2018-10-18 13:33:02 - [TEST_STEP][PASSED] - click: Object: 'Object Repository/Frontend/MatchBetting/button_Drawodds' is clicked on

2018-10-18 13:33:03 - [MESSAGE][PASSED] - Object: 'Object Repository/Frontend/MatchBetting/button_Drawodds' is clicked on

2018-10-18 13:33:03 - [TEST_STEP][PASSED] - verifyElementPresent: Object 'Object Repository/Frontend/MatchBetting/span_Possiblewinning' is present

2018-10-18 13:33:03 - [MESSAGE][PASSED] - Object 'Object Repository/Frontend/MatchBetting/span_Possiblewinning' is present

2018-10-18 13:33:03 - [TEST_STEP][PASSED] - Statement - RA = <not implemented yet for class: org.codehaus.groovy.ast.expr.EmptyExpression>: null

2018-10-18 13:33:03 - [TEST_STEP][PASSED] - Statement - RA = java.lang.Math.random() * 20: null

2018-10-18 13:33:03 - [TEST_STEP][PASSED] - Statement - log.logInfo("Random amount = " + RA): Random amount = 0

2018-10-18 13:33:03 - [TEST_STEP][PASSED] - setText: Text '000' is set on object 'Object Repository/Frontend/MatchBetting/input_stake'

2018-10-18 13:33:04 - [MESSAGE][PASSED] - Text '000' is set on object 'Object Repository/Frontend/MatchBetting/input_stake'

2018-10-18 13:33:04 - [TEST_STEP][PASSED] - delay: Delayed 2 second(s)

2018-10-18 13:33:06 - [MESSAGE][PASSED] - Delayed 2 second(s)

2018-10-18 13:33:06 - [TEST_STEP][PASSED] - click: Object: 'Object Repository/Frontend/MatchBetting/button_Bet' is clicked on

2018-10-18 13:33:07 - [MESSAGE][PASSED] - Object: 'Object Repository/Frontend/MatchBetting/button_Bet' is clicked on

2018-10-18 13:33:07 - [TEST_STEP][PASSED] - waitForElementPresent: Object 'Object Repository/Frontend/MatchBetting/BetslipAdded' is present

2018-10-18 13:33:07 - [MESSAGE][PASSED] - Object 'Object Repository/Frontend/MatchBetting/BetslipAdded' is present

2018-10-18 13:33:07 - [TEST_STEP][PASSED] - delay: Delayed 3 second(s)

2018-10-18 13:33:10 - [MESSAGE][PASSED] - Delayed 3 second(s)

2018-10-18 13:33:10 - [TEST_STEP][PASSED] - Statement - log.logInfo("User balance " + balance): User balance 1,000,624,702.00

2018-10-18 13:33:10 - [TEST_STEP][PASSED] - Statement - odds = new java.util.ArrayList(): null

2018-10-18 13:33:10 - [TEST_STEP][PASSED] - Statement - odds.addAll(java.util.Arrays.asList(meron, draw, ftd, wala)): null

2018-10-18 13:33:10 - [TEST_STEP][PASSED] - Statement - rand = new java.util.Random(): null

2018-10-18 13:33:10 - [TEST_STEP][PASSED] - Statement - randodds = rand.nextInt(odds.size()): null

2018-10-18 13:33:10 - [TEST_STEP][PASSED] - Statement - log.logInfo(" meron[0] draw[1] ftd[2] wala[3] ::" + randodds):  meron[0] draw[1] ftd[2] wala[3] ::1

2018-10-18 13:33:10 - [TEST_STEP][PASSED] - Statement - log.logInfo("Odds Selected = " + odds.get(randodds)): Odds Selected = TestObject - 'Object Repository/Frontend/MatchBetting/button_Drawodds'

2018-10-18 13:33:10 - [TEST_STEP][PASSED] - click: Object: 'Object Repository/Frontend/MatchBetting/button_Drawodds' is clicked on

2018-10-18 13:33:11 - [MESSAGE][PASSED] - Object: 'Object Repository/Frontend/MatchBetting/button_Drawodds' is clicked on

2018-10-18 13:33:11 - [TEST_STEP][PASSED] - verifyElementPresent: Object 'Object Repository/Frontend/MatchBetting/span_Possiblewinning' is present

2018-10-18 13:33:11 - [MESSAGE][PASSED] - Object 'Object Repository/Frontend/MatchBetting/span_Possiblewinning' is present

2018-10-18 13:33:11 - [TEST_STEP][PASSED] - Statement - RA = <not implemented yet for class: org.codehaus.groovy.ast.expr.EmptyExpression>: null

2018-10-18 13:33:12 - [TEST_STEP][PASSED] - Statement - RA = java.lang.Math.random() * 20: null

2018-10-18 13:33:12 - [TEST_STEP][PASSED] - Statement - log.logInfo("Random amount = " + RA): Random amount = 7

2018-10-18 13:33:12 - [TEST_STEP][PASSED] - setText: Text '700' is set on object 'Object Repository/Frontend/MatchBetting/input_stake'

2018-10-18 13:33:12 - [MESSAGE][PASSED] - Text '700' is set on object 'Object Repository/Frontend/MatchBetting/input_stake'

2018-10-18 13:33:12 - [TEST_STEP][PASSED] - delay: Delayed 2 second(s)

2018-10-18 13:33:14 - [MESSAGE][PASSED] - Delayed 2 second(s)

2018-10-18 13:33:14 - [TEST_STEP][PASSED] - click: Object: 'Object Repository/Frontend/MatchBetting/button_Bet' is clicked on

2018-10-18 13:33:15 - [MESSAGE][PASSED] - Object: 'Object Repository/Frontend/MatchBetting/button_Bet' is clicked on

2018-10-18 13:33:15 - [TEST_STEP][PASSED] - waitForElementPresent: Object 'Object Repository/Frontend/MatchBetting/BetslipAdded' is present

2018-10-18 13:33:15 - [MESSAGE][PASSED] - Object 'Object Repository/Frontend/MatchBetting/BetslipAdded' is present

2018-10-18 13:33:15 - [TEST_STEP][PASSED] - delay: Delayed 3 second(s)

2018-10-18 13:33:18 - [MESSAGE][PASSED] - Delayed 3 second(s)

2018-10-18 13:33:18 - [TEST_STEP][PASSED] - Statement - log.logInfo("User balance " + balance): User balance 1,000,624,702.00

2018-10-18 13:33:18 - [TEST_STEP][PASSED] - Statement - odds = new java.util.ArrayList(): null

2018-10-18 13:33:18 - [TEST_STEP][PASSED] - Statement - odds.addAll(java.util.Arrays.asList(meron, draw, ftd, wala)): null

2018-10-18 13:33:18 - [TEST_STEP][PASSED] - Statement - rand = new java.util.Random(): null

2018-10-18 13:33:18 - [TEST_STEP][PASSED] - Statement - randodds = rand.nextInt(odds.size()): null

2018-10-18 13:33:18 - [TEST_STEP][PASSED] - Statement - log.logInfo(" meron[0] draw[1] ftd[2] wala[3] ::" + randodds):  meron[0] draw[1] ftd[2] wala[3] ::2

2018-10-18 13:33:18 - [TEST_STEP][PASSED] - Statement - log.logInfo("Odds Selected = " + odds.get(randodds)): Odds Selected = TestObject - 'Object Repository/Frontend/MatchBetting/button_FTDodds'

2018-10-18 13:33:18 - [TEST_STEP][PASSED] - click: Object: 'Object Repository/Frontend/MatchBetting/button_FTDodds' is clicked on

2018-10-18 13:33:19 - [MESSAGE][PASSED] - Object: 'Object Repository/Frontend/MatchBetting/button_FTDodds' is clicked on

2018-10-18 13:33:19 - [TEST_STEP][PASSED] - verifyElementPresent: Object 'Object Repository/Frontend/MatchBetting/span_Possiblewinning' is present

2018-10-18 13:33:19 - [MESSAGE][PASSED] - Object 'Object Repository/Frontend/MatchBetting/span_Possiblewinning' is present

2018-10-18 13:33:19 - [TEST_STEP][PASSED] - Statement - RA = <not implemented yet for class: org.codehaus.groovy.ast.expr.EmptyExpression>: null

2018-10-18 13:33:19 - [TEST_STEP][PASSED] - Statement - RA = java.lang.Math.random() * 20: null

2018-10-18 13:33:19 - [TEST_STEP][PASSED] - Statement - log.logInfo("Random amount = " + RA): Random amount = 2

2018-10-18 13:33:19 - [TEST_STEP][PASSED] - setText: Text '200' is set on object 'Object Repository/Frontend/MatchBetting/input_stake'

2018-10-18 13:33:20 - [MESSAGE][PASSED] - Text '200' is set on object 'Object Repository/Frontend/MatchBetting/input_stake'

2018-10-18 13:33:20 - [TEST_STEP][PASSED] - delay: Delayed 2 second(s)

2018-10-18 13:33:22 - [MESSAGE][PASSED] - Delayed 2 second(s)

2018-10-18 13:33:22 - [TEST_STEP][PASSED] - click: Object: 'Object Repository/Frontend/MatchBetting/button_Bet' is clicked on

2018-10-18 13:33:22 - [MESSAGE][PASSED] - Object: 'Object Repository/Frontend/MatchBetting/button_Bet' is clicked on

2018-10-18 13:33:22 - [TEST_STEP][PASSED] - waitForElementPresent: Object 'Object Repository/Frontend/MatchBetting/BetslipAdded' is present

2018-10-18 13:33:22 - [MESSAGE][PASSED] - Object 'Object Repository/Frontend/MatchBetting/BetslipAdded' is present

2018-10-18 13:33:22 - [TEST_STEP][PASSED] - delay: Delayed 3 second(s)

2018-10-18 13:33:25 - [MESSAGE][PASSED] - Delayed 3 second(s)

2018-10-18 13:33:25 - [TEST_STEP][PASSED] - Statement - log.logInfo("User balance " + balance): User balance 1,000,624,702.00

2018-10-18 13:33:25 - [TEST_STEP][PASSED] - Statement - odds = new java.util.ArrayList(): null

2018-10-18 13:33:25 - [TEST_STEP][PASSED] - Statement - odds.addAll(java.util.Arrays.asList(meron, draw, ftd, wala)): null

2018-10-18 13:33:25 - [TEST_STEP][PASSED] - Statement - rand = new java.util.Random(): null

2018-10-18 13:33:25 - [TEST_STEP][PASSED] - Statement - randodds = rand.nextInt(odds.size()): null

2018-10-18 13:33:25 - [TEST_STEP][PASSED] - Statement - log.logInfo(" meron[0] draw[1] ftd[2] wala[3] ::" + randodds):  meron[0] draw[1] ftd[2] wala[3] ::3

2018-10-18 13:33:25 - [TEST_STEP][PASSED] - Statement - log.logInfo("Odds Selected = " + odds.get(randodds)): Odds Selected = TestObject - 'Object Repository/Frontend/MatchBetting/button_Walaodds'

2018-10-18 13:33:25 - [TEST_STEP][PASSED] - click: Object: 'Object Repository/Frontend/MatchBetting/button_Walaodds' is clicked on

2018-10-18 13:33:26 - [MESSAGE][PASSED] - Object: 'Object Repository/Frontend/MatchBetting/button_Walaodds' is clicked on

2018-10-18 13:33:26 - [TEST_STEP][PASSED] - verifyElementPresent: Object 'Object Repository/Frontend/MatchBetting/span_Possiblewinning' is present

2018-10-18 13:33:26 - [MESSAGE][PASSED] - Object 'Object Repository/Frontend/MatchBetting/span_Possiblewinning' is present

2018-10-18 13:33:26 - [TEST_STEP][PASSED] - Statement - RA = <not implemented yet for class: org.codehaus.groovy.ast.expr.EmptyExpression>: null

2018-10-18 13:33:26 - [TEST_STEP][PASSED] - Statement - RA = java.lang.Math.random() * 20: null

2018-10-18 13:33:26 - [TEST_STEP][PASSED] - Statement - log.logInfo("Random amount = " + RA): Random amount = 8

2018-10-18 13:33:26 - [TEST_STEP][PASSED] - setText: Text '800' is set on object 'Object Repository/Frontend/MatchBetting/input_stake'

2018-10-18 13:33:27 - [MESSAGE][PASSED] - Text '800' is set on object 'Object Repository/Frontend/MatchBetting/input_stake'

2018-10-18 13:33:27 - [TEST_STEP][PASSED] - delay: Delayed 2 second(s)

2018-10-18 13:33:29 - [MESSAGE][PASSED] - Delayed 2 second(s)

2018-10-18 13:33:29 - [TEST_STEP][PASSED] - click: Object: 'Object Repository/Frontend/MatchBetting/button_Bet' is clicked on

2018-10-18 13:33:29 - [MESSAGE][PASSED] - Object: 'Object Repository/Frontend/MatchBetting/button_Bet' is clicked on

2018-10-18 13:33:29 - [TEST_STEP][PASSED] - waitForElementPresent: Object 'Object Repository/Frontend/MatchBetting/BetslipAdded' is present

2018-10-18 13:33:30 - [MESSAGE][PASSED] - Object 'Object Repository/Frontend/MatchBetting/BetslipAdded' is present

2018-10-18 13:33:30 - [TEST_STEP][PASSED] - delay: Delayed 3 second(s)

2018-10-18 13:33:33 - [MESSAGE][PASSED] - Delayed 3 second(s)

2018-10-18 13:33:33 - [TEST_STEP][PASSED] - Statement - log.logInfo("User balance " + balance): User balance 1,000,624,702.00

2018-10-18 13:33:33 - [TEST_STEP][PASSED] - Statement - odds = new java.util.ArrayList(): null

2018-10-18 13:33:33 - [TEST_STEP][PASSED] - Statement - odds.addAll(java.util.Arrays.asList(meron, draw, ftd, wala)): null

2018-10-18 13:33:33 - [TEST_STEP][PASSED] - Statement - rand = new java.util.Random(): null

2018-10-18 13:33:33 - [TEST_STEP][PASSED] - Statement - randodds = rand.nextInt(odds.size()): null

2018-10-18 13:33:33 - [TEST_STEP][PASSED] - Statement - log.logInfo(" meron[0] draw[1] ftd[2] wala[3] ::" + randodds):  meron[0] draw[1] ftd[2] wala[3] ::2

2018-10-18 13:33:33 - [TEST_STEP][PASSED] - Statement - log.logInfo("Odds Selected = " + odds.get(randodds)): Odds Selected = TestObject - 'Object Repository/Frontend/MatchBetting/button_FTDodds'

2018-10-18 13:33:33 - [TEST_STEP][PASSED] - click: Object: 'Object Repository/Frontend/MatchBetting/button_FTDodds' is clicked on

2018-10-18 13:33:33 - [MESSAGE][PASSED] - Object: 'Object Repository/Frontend/MatchBetting/button_FTDodds' is clicked on

2018-10-18 13:33:33 - [TEST_STEP][PASSED] - verifyElementPresent: Object 'Object Repository/Frontend/MatchBetting/span_Possiblewinning' is present

2018-10-18 13:33:33 - [MESSAGE][PASSED] - Object 'Object Repository/Frontend/MatchBetting/span_Possiblewinning' is present

2018-10-18 13:33:33 - [TEST_STEP][PASSED] - Statement - RA = <not implemented yet for class: org.codehaus.groovy.ast.expr.EmptyExpression>: null

2018-10-18 13:33:33 - [TEST_STEP][PASSED] - Statement - RA = java.lang.Math.random() * 20: null

2018-10-18 13:33:33 - [TEST_STEP][PASSED] - Statement - log.logInfo("Random amount = " + RA): Random amount = 16

2018-10-18 13:33:33 - [TEST_STEP][PASSED] - setText: Text '1600' is set on object 'Object Repository/Frontend/MatchBetting/input_stake'

2018-10-18 13:33:34 - [MESSAGE][PASSED] - Text '1600' is set on object 'Object Repository/Frontend/MatchBetting/input_stake'

2018-10-18 13:33:34 - [TEST_STEP][PASSED] - delay: Delayed 2 second(s)

2018-10-18 13:33:36 - [MESSAGE][PASSED] - Delayed 2 second(s)

2018-10-18 13:33:36 - [TEST_STEP][PASSED] - click: Object: 'Object Repository/Frontend/MatchBetting/button_Bet' is clicked on

2018-10-18 13:33:36 - [MESSAGE][PASSED] - Object: 'Object Repository/Frontend/MatchBetting/button_Bet' is clicked on

2018-10-18 13:33:36 - [TEST_STEP][PASSED] - waitForElementPresent: Object 'Object Repository/Frontend/MatchBetting/BetslipAdded' is present

2018-10-18 13:33:36 - [MESSAGE][PASSED] - Object 'Object Repository/Frontend/MatchBetting/BetslipAdded' is present

2018-10-18 13:33:36 - [TEST_STEP][PASSED] - delay: Delayed 3 second(s)

2018-10-18 13:33:39 - [MESSAGE][PASSED] - Delayed 3 second(s)

2018-10-18 13:33:39 - [TEST_STEP][PASSED] - Statement - log.logInfo("User balance " + balance): User balance 1,000,624,702.00

2018-10-18 13:33:39 - [TEST_STEP][PASSED] - Statement - odds = new java.util.ArrayList(): null

2018-10-18 13:33:39 - [TEST_STEP][PASSED] - Statement - odds.addAll(java.util.Arrays.asList(meron, draw, ftd, wala)): null

2018-10-18 13:33:39 - [TEST_STEP][PASSED] - Statement - rand = new java.util.Random(): null

2018-10-18 13:33:39 - [TEST_STEP][PASSED] - Statement - randodds = rand.nextInt(odds.size()): null

2018-10-18 13:33:39 - [TEST_STEP][PASSED] - Statement - log.logInfo(" meron[0] draw[1] ftd[2] wala[3] ::" + randodds):  meron[0] draw[1] ftd[2] wala[3] ::1

2018-10-18 13:33:39 - [TEST_STEP][PASSED] - Statement - log.logInfo("Odds Selected = " + odds.get(randodds)): Odds Selected = TestObject - 'Object Repository/Frontend/MatchBetting/button_Drawodds'

2018-10-18 13:33:39 - [TEST_STEP][PASSED] - click: Object: 'Object Repository/Frontend/MatchBetting/button_Drawodds' is clicked on

2018-10-18 13:33:40 - [MESSAGE][PASSED] - Object: 'Object Repository/Frontend/MatchBetting/button_Drawodds' is clicked on

2018-10-18 13:33:40 - [TEST_STEP][PASSED] - verifyElementPresent: Object 'Object Repository/Frontend/MatchBetting/span_Possiblewinning' is present

2018-10-18 13:33:40 - [MESSAGE][PASSED] - Object 'Object Repository/Frontend/MatchBetting/span_Possiblewinning' is present

2018-10-18 13:33:40 - [TEST_STEP][PASSED] - Statement - RA = <not implemented yet for class: org.codehaus.groovy.ast.expr.EmptyExpression>: null

2018-10-18 13:33:40 - [TEST_STEP][PASSED] - Statement - RA = java.lang.Math.random() * 20: null

2018-10-18 13:33:40 - [TEST_STEP][PASSED] - Statement - log.logInfo("Random amount = " + RA): Random amount = 18

2018-10-18 13:33:40 - [TEST_STEP][PASSED] - setText: Text '1800' is set on object 'Object Repository/Frontend/MatchBetting/input_stake'

2018-10-18 13:33:41 - [MESSAGE][PASSED] - Text '1800' is set on object 'Object Repository/Frontend/MatchBetting/input_stake'

2018-10-18 13:33:41 - [TEST_STEP][PASSED] - delay: Delayed 2 second(s)

2018-10-18 13:33:43 - [MESSAGE][PASSED] - Delayed 2 second(s)

2018-10-18 13:33:43 - [TEST_STEP][PASSED] - click: Object: 'Object Repository/Frontend/MatchBetting/button_Bet' is clicked on

2018-10-18 13:33:44 - [MESSAGE][PASSED] - Object: 'Object Repository/Frontend/MatchBetting/button_Bet' is clicked on

2018-10-18 13:33:44 - [TEST_STEP][PASSED] - waitForElementPresent: Object 'Object Repository/Frontend/MatchBetting/BetslipAdded' is present

2018-10-18 13:33:44 - [MESSAGE][PASSED] - Object 'Object Repository/Frontend/MatchBetting/BetslipAdded' is present

2018-10-18 13:33:44 - [TEST_STEP][PASSED] - delay: Delayed 3 second(s)

2018-10-18 13:33:47 - [MESSAGE][PASSED] - Delayed 3 second(s)

2018-10-18 13:33:47 - [TEST_STEP][PASSED] - Statement - log.logInfo("User balance " + balance): User balance 1,000,624,702.00

2018-10-18 13:33:47 - [TEST_STEP][PASSED] - Statement - odds = new java.util.ArrayList(): null

2018-10-18 13:33:47 - [TEST_STEP][PASSED] - Statement - odds.addAll(java.util.Arrays.asList(meron, draw, ftd, wala)): null

2018-10-18 13:33:47 - [TEST_STEP][PASSED] - Statement - rand = new java.util.Random(): null

2018-10-18 13:33:47 - [TEST_STEP][PASSED] - Statement - randodds = rand.nextInt(odds.size()): null

2018-10-18 13:33:47 - [TEST_STEP][PASSED] - Statement - log.logInfo(" meron[0] draw[1] ftd[2] wala[3] ::" + randodds):  meron[0] draw[1] ftd[2] wala[3] ::0

2018-10-18 13:33:47 - [TEST_STEP][PASSED] - Statement - log.logInfo("Odds Selected = " + odds.get(randodds)): Odds Selected = TestObject - 'Object Repository/Frontend/MatchBetting/button_Meronodds'

2018-10-18 13:33:47 - [TEST_STEP][PASSED] - click: Object: 'Object Repository/Frontend/MatchBetting/button_Meronodds' is clicked on

2018-10-18 13:33:47 - [MESSAGE][PASSED] - Object: 'Object Repository/Frontend/MatchBetting/button_Meronodds' is clicked on

2018-10-18 13:33:47 - [TEST_STEP][PASSED] - verifyElementPresent: Object 'Object Repository/Frontend/MatchBetting/span_Possiblewinning' is present

2018-10-18 13:33:47 - [MESSAGE][PASSED] - Object 'Object Repository/Frontend/MatchBetting/span_Possiblewinning' is present

2018-10-18 13:33:47 - [TEST_STEP][PASSED] - Statement - RA = <not implemented yet for class: org.codehaus.groovy.ast.expr.EmptyExpression>: null

2018-10-18 13:33:47 - [TEST_STEP][PASSED] - Statement - RA = java.lang.Math.random() * 20: null

2018-10-18 13:33:47 - [TEST_STEP][PASSED] - Statement - log.logInfo("Random amount = " + RA): Random amount = 17

2018-10-18 13:33:47 - [TEST_STEP][PASSED] - setText: Text '1700' is set on object 'Object Repository/Frontend/MatchBetting/input_stake'

2018-10-18 13:33:48 - [MESSAGE][PASSED] - Text '1700' is set on object 'Object Repository/Frontend/MatchBetting/input_stake'

2018-10-18 13:33:48 - [TEST_STEP][PASSED] - delay: Delayed 2 second(s)

2018-10-18 13:33:50 - [MESSAGE][PASSED] - Delayed 2 second(s)

2018-10-18 13:33:50 - [TEST_STEP][PASSED] - click: Object: 'Object Repository/Frontend/MatchBetting/button_Bet' is clicked on

2018-10-18 13:33:50 - [MESSAGE][PASSED] - Object: 'Object Repository/Frontend/MatchBetting/button_Bet' is clicked on

2018-10-18 13:33:50 - [TEST_STEP][PASSED] - waitForElementPresent: Object 'Object Repository/Frontend/MatchBetting/BetslipAdded' is present

2018-10-18 13:33:50 - [MESSAGE][PASSED] - Object 'Object Repository/Frontend/MatchBetting/BetslipAdded' is present

2018-10-18 13:33:50 - [TEST_STEP][PASSED] - delay: Delayed 3 second(s)

2018-10-18 13:33:53 - [MESSAGE][PASSED] - Delayed 3 second(s)

2018-10-18 13:33:53 - [TEST_STEP][PASSED] - Statement - log.logInfo("User balance " + balance): User balance 1,000,624,702.00

2018-10-18 13:33:53 - [TEST_STEP][PASSED] - Statement - odds = new java.util.ArrayList(): null

2018-10-18 13:33:53 - [TEST_STEP][PASSED] - Statement - odds.addAll(java.util.Arrays.asList(meron, draw, ftd, wala)): null

2018-10-18 13:33:53 - [TEST_STEP][PASSED] - Statement - rand = new java.util.Random(): null

2018-10-18 13:33:53 - [TEST_STEP][PASSED] - Statement - randodds = rand.nextInt(odds.size()): null

2018-10-18 13:33:53 - [TEST_STEP][PASSED] - Statement - log.logInfo(" meron[0] draw[1] ftd[2] wala[3] ::" + randodds):  meron[0] draw[1] ftd[2] wala[3] ::1

2018-10-18 13:33:53 - [TEST_STEP][PASSED] - Statement - log.logInfo("Odds Selected = " + odds.get(randodds)): Odds Selected = TestObject - 'Object Repository/Frontend/MatchBetting/button_Drawodds'

2018-10-18 13:33:53 - [TEST_STEP][PASSED] - click: Object: 'Object Repository/Frontend/MatchBetting/button_Drawodds' is clicked on

2018-10-18 13:33:54 - [MESSAGE][PASSED] - Object: 'Object Repository/Frontend/MatchBetting/button_Drawodds' is clicked on

2018-10-18 13:33:54 - [TEST_STEP][PASSED] - verifyElementPresent: Object 'Object Repository/Frontend/MatchBetting/span_Possiblewinning' is present

2018-10-18 13:33:54 - [MESSAGE][PASSED] - Object 'Object Repository/Frontend/MatchBetting/span_Possiblewinning' is present

2018-10-18 13:33:54 - [TEST_STEP][PASSED] - Statement - RA = <not implemented yet for class: org.codehaus.groovy.ast.expr.EmptyExpression>: null

2018-10-18 13:33:54 - [TEST_STEP][PASSED] - Statement - RA = java.lang.Math.random() * 20: null

2018-10-18 13:33:54 - [TEST_STEP][PASSED] - Statement - log.logInfo("Random amount = " + RA): Random amount = 16

2018-10-18 13:33:54 - [TEST_STEP][PASSED] - setText: Text '1600' is set on object 'Object Repository/Frontend/MatchBetting/input_stake'

2018-10-18 13:33:55 - [MESSAGE][PASSED] - Text '1600' is set on object 'Object Repository/Frontend/MatchBetting/input_stake'

2018-10-18 13:33:55 - [TEST_STEP][PASSED] - delay: Delayed 2 second(s)

2018-10-18 13:33:57 - [MESSAGE][PASSED] - Delayed 2 second(s)

2018-10-18 13:33:57 - [TEST_STEP][PASSED] - click: Object: 'Object Repository/Frontend/MatchBetting/button_Bet' is clicked on

2018-10-18 13:33:58 - [MESSAGE][PASSED] - Object: 'Object Repository/Frontend/MatchBetting/button_Bet' is clicked on

2018-10-18 13:33:58 - [TEST_STEP][PASSED] - waitForElementPresent: Object 'Object Repository/Frontend/MatchBetting/BetslipAdded' is present

2018-10-18 13:33:58 - [MESSAGE][PASSED] - Object 'Object Repository/Frontend/MatchBetting/BetslipAdded' is present

2018-10-18 13:33:58 - [TEST_STEP][PASSED] - delay: Delayed 3 second(s)

2018-10-18 13:34:01 - [MESSAGE][PASSED] - Delayed 3 second(s)

2018-10-18 13:34:01 - [TEST_STEP][PASSED] - Statement - log.logInfo("User balance " + balance): User balance 1,000,624,702.00

2018-10-18 13:34:01 - [TEST_STEP][PASSED] - Statement - odds = new java.util.ArrayList(): null

2018-10-18 13:34:01 - [TEST_STEP][PASSED] - Statement - odds.addAll(java.util.Arrays.asList(meron, draw, ftd, wala)): null

2018-10-18 13:34:01 - [TEST_STEP][PASSED] - Statement - rand = new java.util.Random(): null

2018-10-18 13:34:01 - [TEST_STEP][PASSED] - Statement - randodds = rand.nextInt(odds.size()): null

2018-10-18 13:34:01 - [TEST_STEP][PASSED] - Statement - log.logInfo(" meron[0] draw[1] ftd[2] wala[3] ::" + randodds):  meron[0] draw[1] ftd[2] wala[3] ::1

2018-10-18 13:34:01 - [TEST_STEP][PASSED] - Statement - log.logInfo("Odds Selected = " + odds.get(randodds)): Odds Selected = TestObject - 'Object Repository/Frontend/MatchBetting/button_Drawodds'

2018-10-18 13:34:01 - [TEST_STEP][PASSED] - click: Object: 'Object Repository/Frontend/MatchBetting/button_Drawodds' is clicked on

2018-10-18 13:34:01 - [MESSAGE][PASSED] - Object: 'Object Repository/Frontend/MatchBetting/button_Drawodds' is clicked on

2018-10-18 13:34:01 - [TEST_STEP][PASSED] - verifyElementPresent: Object 'Object Repository/Frontend/MatchBetting/span_Possiblewinning' is present

2018-10-18 13:34:01 - [MESSAGE][PASSED] - Object 'Object Repository/Frontend/MatchBetting/span_Possiblewinning' is present

2018-10-18 13:34:01 - [TEST_STEP][PASSED] - Statement - RA = <not implemented yet for class: org.codehaus.groovy.ast.expr.EmptyExpression>: null

2018-10-18 13:34:01 - [TEST_STEP][PASSED] - Statement - RA = java.lang.Math.random() * 20: null

2018-10-18 13:34:01 - [TEST_STEP][PASSED] - Statement - log.logInfo("Random amount = " + RA): Random amount = 3

2018-10-18 13:34:01 - [TEST_STEP][PASSED] - setText: Text '300' is set on object 'Object Repository/Frontend/MatchBetting/input_stake'

2018-10-18 13:34:03 - [MESSAGE][PASSED] - Text '300' is set on object 'Object Repository/Frontend/MatchBetting/input_stake'

2018-10-18 13:34:03 - [TEST_STEP][PASSED] - delay: Delayed 2 second(s)

2018-10-18 13:34:05 - [MESSAGE][PASSED] - Delayed 2 second(s)

2018-10-18 13:34:05 - [TEST_STEP][PASSED] - click: Object: 'Object Repository/Frontend/MatchBetting/button_Bet' is clicked on

2018-10-18 13:34:06 - [MESSAGE][PASSED] - Object: 'Object Repository/Frontend/MatchBetting/button_Bet' is clicked on

2018-10-18 13:34:06 - [TEST_STEP][PASSED] - waitForElementPresent: Object 'Object Repository/Frontend/MatchBetting/BetslipAdded' is present

2018-10-18 13:34:06 - [MESSAGE][PASSED] - Object 'Object Repository/Frontend/MatchBetting/BetslipAdded' is present

2018-10-18 13:34:06 - [TEST_STEP][PASSED] - delay: Delayed 3 second(s)

2018-10-18 13:34:09 - [MESSAGE][PASSED] - Delayed 3 second(s)

2018-10-18 13:34:09 - [TEST_STEP][PASSED] - Statement - log.logInfo("User balance " + balance): User balance 1,000,624,702.00

2018-10-18 13:34:09 - [TEST_STEP][PASSED] - Statement - odds = new java.util.ArrayList(): null

2018-10-18 13:34:09 - [TEST_STEP][PASSED] - Statement - odds.addAll(java.util.Arrays.asList(meron, draw, ftd, wala)): null

2018-10-18 13:34:09 - [TEST_STEP][PASSED] - Statement - rand = new java.util.Random(): null

2018-10-18 13:34:09 - [TEST_STEP][PASSED] - Statement - randodds = rand.nextInt(odds.size()): null

2018-10-18 13:34:09 - [TEST_STEP][PASSED] - Statement - log.logInfo(" meron[0] draw[1] ftd[2] wala[3] ::" + randodds):  meron[0] draw[1] ftd[2] wala[3] ::2

2018-10-18 13:34:09 - [TEST_STEP][PASSED] - Statement - log.logInfo("Odds Selected = " + odds.get(randodds)): Odds Selected = TestObject - 'Object Repository/Frontend/MatchBetting/button_FTDodds'

2018-10-18 13:34:09 - [TEST_STEP][PASSED] - click: Object: 'Object Repository/Frontend/MatchBetting/button_FTDodds' is clicked on

2018-10-18 13:34:10 - [MESSAGE][PASSED] - Object: 'Object Repository/Frontend/MatchBetting/button_FTDodds' is clicked on

2018-10-18 13:34:10 - [TEST_STEP][PASSED] - verifyElementPresent: Object 'Object Repository/Frontend/MatchBetting/span_Possiblewinning' is present

2018-10-18 13:34:10 - [MESSAGE][PASSED] - Object 'Object Repository/Frontend/MatchBetting/span_Possiblewinning' is present

2018-10-18 13:34:10 - [TEST_STEP][PASSED] - Statement - RA = <not implemented yet for class: org.codehaus.groovy.ast.expr.EmptyExpression>: null

2018-10-18 13:34:10 - [TEST_STEP][PASSED] - Statement - RA = java.lang.Math.random() * 20: null

2018-10-18 13:34:10 - [TEST_STEP][PASSED] - Statement - log.logInfo("Random amount = " + RA): Random amount = 9

2018-10-18 13:34:10 - [TEST_STEP][PASSED] - setText: Text '900' is set on object 'Object Repository/Frontend/MatchBetting/input_stake'

2018-10-18 13:34:11 - [MESSAGE][PASSED] - Text '900' is set on object 'Object Repository/Frontend/MatchBetting/input_stake'

2018-10-18 13:34:11 - [TEST_STEP][PASSED] - delay: Delayed 2 second(s)

2018-10-18 13:34:13 - [MESSAGE][PASSED] - Delayed 2 second(s)

2018-10-18 13:34:13 - [TEST_STEP][PASSED] - click: Object: 'Object Repository/Frontend/MatchBetting/button_Bet' is clicked on

2018-10-18 13:34:19 - [MESSAGE][PASSED] - Object: 'Object Repository/Frontend/MatchBetting/button_Bet' is clicked on

2018-10-18 13:34:19 - [TEST_STEP][PASSED] - waitForElementPresent: Object 'Object Repository/Frontend/MatchBetting/BetslipAdded' is present

2018-10-18 13:34:20 - [MESSAGE][PASSED] - Object 'Object Repository/Frontend/MatchBetting/BetslipAdded' is present

2018-10-18 13:34:20 - [TEST_STEP][PASSED] - delay: Delayed 3 second(s)

2018-10-18 13:34:23 - [MESSAGE][PASSED] - Delayed 3 second(s)

2018-10-18 13:34:23 - [TEST_STEP][PASSED] - Statement - log.logInfo("User balance " + balance): User balance 1,000,624,702.00

2018-10-18 13:34:23 - [TEST_STEP][PASSED] - Statement - odds = new java.util.ArrayList(): null

2018-10-18 13:34:23 - [TEST_STEP][PASSED] - Statement - odds.addAll(java.util.Arrays.asList(meron, draw, ftd, wala)): null

2018-10-18 13:34:23 - [TEST_STEP][PASSED] - Statement - rand = new java.util.Random(): null

2018-10-18 13:34:23 - [TEST_STEP][PASSED] - Statement - randodds = rand.nextInt(odds.size()): null

2018-10-18 13:34:23 - [TEST_STEP][PASSED] - Statement - log.logInfo(" meron[0] draw[1] ftd[2] wala[3] ::" + randodds):  meron[0] draw[1] ftd[2] wala[3] ::3

2018-10-18 13:34:23 - [TEST_STEP][PASSED] - Statement - log.logInfo("Odds Selected = " + odds.get(randodds)): Odds Selected = TestObject - 'Object Repository/Frontend/MatchBetting/button_Walaodds'

2018-10-18 13:34:23 - [TEST_STEP][PASSED] - click: Object: 'Object Repository/Frontend/MatchBetting/button_Walaodds' is clicked on

2018-10-18 13:34:23 - [MESSAGE][PASSED] - Object: 'Object Repository/Frontend/MatchBetting/button_Walaodds' is clicked on

2018-10-18 13:34:23 - [TEST_STEP][PASSED] - verifyElementPresent: Object 'Object Repository/Frontend/MatchBetting/span_Possiblewinning' is present

2018-10-18 13:34:23 - [MESSAGE][PASSED] - Object 'Object Repository/Frontend/MatchBetting/span_Possiblewinning' is present

2018-10-18 13:34:23 - [TEST_STEP][PASSED] - Statement - RA = <not implemented yet for class: org.codehaus.groovy.ast.expr.EmptyExpression>: null

2018-10-18 13:34:23 - [TEST_STEP][PASSED] - Statement - RA = java.lang.Math.random() * 20: null

2018-10-18 13:34:23 - [TEST_STEP][PASSED] - Statement - log.logInfo("Random amount = " + RA): Random amount = 8

2018-10-18 13:34:23 - [TEST_STEP][PASSED] - setText: Text '800' is set on object 'Object Repository/Frontend/MatchBetting/input_stake'

2018-10-18 13:34:24 - [MESSAGE][PASSED] - Text '800' is set on object 'Object Repository/Frontend/MatchBetting/input_stake'

2018-10-18 13:34:24 - [TEST_STEP][PASSED] - delay: Delayed 2 second(s)

2018-10-18 13:34:26 - [MESSAGE][PASSED] - Delayed 2 second(s)

2018-10-18 13:34:26 - [TEST_STEP][PASSED] - click: Object: 'Object Repository/Frontend/MatchBetting/button_Bet' is clicked on

2018-10-18 13:34:27 - [MESSAGE][PASSED] - Object: 'Object Repository/Frontend/MatchBetting/button_Bet' is clicked on

2018-10-18 13:34:27 - [TEST_STEP][PASSED] - waitForElementPresent: Object 'Object Repository/Frontend/MatchBetting/BetslipAdded' is present

2018-10-18 13:34:27 - [MESSAGE][PASSED] - Object 'Object Repository/Frontend/MatchBetting/BetslipAdded' is present

2018-10-18 13:34:27 - [TEST_STEP][PASSED] - delay: Delayed 3 second(s)

2018-10-18 13:34:30 - [MESSAGE][PASSED] - Delayed 3 second(s)

2018-10-18 13:34:30 - [TEST_STEP][PASSED] - Statement - log.logInfo("User balance " + balance): User balance 1,000,624,702.00

2018-10-18 13:34:30 - [TEST_STEP][PASSED] - Statement - odds = new java.util.ArrayList(): null

2018-10-18 13:34:30 - [TEST_STEP][PASSED] - Statement - odds.addAll(java.util.Arrays.asList(meron, draw, ftd, wala)): null

2018-10-18 13:34:30 - [TEST_STEP][PASSED] - Statement - rand = new java.util.Random(): null

2018-10-18 13:34:30 - [TEST_STEP][PASSED] - Statement - randodds = rand.nextInt(odds.size()): null

2018-10-18 13:34:30 - [TEST_STEP][PASSED] - Statement - log.logInfo(" meron[0] draw[1] ftd[2] wala[3] ::" + randodds):  meron[0] draw[1] ftd[2] wala[3] ::1

2018-10-18 13:34:30 - [TEST_STEP][PASSED] - Statement - log.logInfo("Odds Selected = " + odds.get(randodds)): Odds Selected = TestObject - 'Object Repository/Frontend/MatchBetting/button_Drawodds'

2018-10-18 13:34:30 - [TEST_STEP][PASSED] - click: Object: 'Object Repository/Frontend/MatchBetting/button_Drawodds' is clicked on

2018-10-18 13:34:31 - [MESSAGE][PASSED] - Object: 'Object Repository/Frontend/MatchBetting/button_Drawodds' is clicked on

2018-10-18 13:34:31 - [TEST_STEP][PASSED] - verifyElementPresent: Object 'Object Repository/Frontend/MatchBetting/span_Possiblewinning' is present

2018-10-18 13:34:32 - [MESSAGE][PASSED] - Object 'Object Repository/Frontend/MatchBetting/span_Possiblewinning' is present

2018-10-18 13:34:32 - [TEST_STEP][PASSED] - Statement - RA = <not implemented yet for class: org.codehaus.groovy.ast.expr.EmptyExpression>: null

2018-10-18 13:34:32 - [TEST_STEP][PASSED] - Statement - RA = java.lang.Math.random() * 20: null

2018-10-18 13:34:32 - [TEST_STEP][PASSED] - Statement - log.logInfo("Random amount = " + RA): Random amount = 10

2018-10-18 13:34:32 - [TEST_STEP][PASSED] - setText: Text '1000' is set on object 'Object Repository/Frontend/MatchBetting/input_stake'

2018-10-18 13:34:33 - [MESSAGE][PASSED] - Text '1000' is set on object 'Object Repository/Frontend/MatchBetting/input_stake'

2018-10-18 13:34:33 - [TEST_STEP][PASSED] - delay: Delayed 2 second(s)

2018-10-18 13:34:35 - [MESSAGE][PASSED] - Delayed 2 second(s)

2018-10-18 13:34:35 - [TEST_STEP][PASSED] - click: Object: 'Object Repository/Frontend/MatchBetting/button_Bet' is clicked on

2018-10-18 13:34:35 - [MESSAGE][PASSED] - Object: 'Object Repository/Frontend/MatchBetting/button_Bet' is clicked on

2018-10-18 13:34:35 - [TEST_STEP][PASSED] - waitForElementPresent: Object 'Object Repository/Frontend/MatchBetting/BetslipAdded' is present

2018-10-18 13:34:35 - [MESSAGE][PASSED] - Object 'Object Repository/Frontend/MatchBetting/BetslipAdded' is present

2018-10-18 13:34:35 - [TEST_STEP][PASSED] - delay: Delayed 3 second(s)

2018-10-18 13:34:38 - [MESSAGE][PASSED] - Delayed 3 second(s)

2018-10-18 13:34:38 - [TEST_STEP][PASSED] - Statement - log.logInfo("User balance " + balance): User balance 1,000,624,702.00

2018-10-18 13:34:38 - [TEST_STEP][PASSED] - Statement - odds = new java.util.ArrayList(): null

2018-10-18 13:34:38 - [TEST_STEP][PASSED] - Statement - odds.addAll(java.util.Arrays.asList(meron, draw, ftd, wala)): null

2018-10-18 13:34:38 - [TEST_STEP][PASSED] - Statement - rand = new java.util.Random(): null

2018-10-18 13:34:38 - [TEST_STEP][PASSED] - Statement - randodds = rand.nextInt(odds.size()): null

2018-10-18 13:34:38 - [TEST_STEP][PASSED] - Statement - log.logInfo(" meron[0] draw[1] ftd[2] wala[3] ::" + randodds):  meron[0] draw[1] ftd[2] wala[3] ::0

2018-10-18 13:34:38 - [TEST_STEP][PASSED] - Statement - log.logInfo("Odds Selected = " + odds.get(randodds)): Odds Selected = TestObject - 'Object Repository/Frontend/MatchBetting/button_Meronodds'

2018-10-18 13:34:38 - [TEST_STEP][PASSED] - click: Object: 'Object Repository/Frontend/MatchBetting/button_Meronodds' is clicked on

2018-10-18 13:34:39 - [MESSAGE][PASSED] - Object: 'Object Repository/Frontend/MatchBetting/button_Meronodds' is clicked on

2018-10-18 13:34:39 - [TEST_STEP][PASSED] - verifyElementPresent: Object 'Object Repository/Frontend/MatchBetting/span_Possiblewinning' is present

2018-10-18 13:34:39 - [MESSAGE][PASSED] - Object 'Object Repository/Frontend/MatchBetting/span_Possiblewinning' is present

2018-10-18 13:34:39 - [TEST_STEP][PASSED] - Statement - RA = <not implemented yet for class: org.codehaus.groovy.ast.expr.EmptyExpression>: null

2018-10-18 13:34:39 - [TEST_STEP][PASSED] - Statement - RA = java.lang.Math.random() * 20: null

2018-10-18 13:34:39 - [TEST_STEP][PASSED] - Statement - log.logInfo("Random amount = " + RA): Random amount = 0

2018-10-18 13:34:39 - [TEST_STEP][PASSED] - setText: Text '000' is set on object 'Object Repository/Frontend/MatchBetting/input_stake'

2018-10-18 13:34:39 - [MESSAGE][PASSED] - Text '000' is set on object 'Object Repository/Frontend/MatchBetting/input_stake'

2018-10-18 13:34:39 - [TEST_STEP][PASSED] - delay: Delayed 2 second(s)

2018-10-18 13:34:41 - [MESSAGE][PASSED] - Delayed 2 second(s)

2018-10-18 13:34:41 - [TEST_STEP][PASSED] - click: Object: 'Object Repository/Frontend/MatchBetting/button_Bet' is clicked on

2018-10-18 13:34:41 - [MESSAGE][PASSED] - Object: 'Object Repository/Frontend/MatchBetting/button_Bet' is clicked on

2018-10-18 13:34:41 - [TEST_STEP][PASSED] - waitForElementPresent: Object 'Object Repository/Frontend/MatchBetting/BetslipAdded' is present

2018-10-18 13:34:41 - [MESSAGE][PASSED] - Object 'Object Repository/Frontend/MatchBetting/BetslipAdded' is present

2018-10-18 13:34:41 - [TEST_STEP][PASSED] - delay: Delayed 3 second(s)

2018-10-18 13:34:44 - [MESSAGE][PASSED] - Delayed 3 second(s)

2018-10-18 13:34:44 - [TEST_STEP][PASSED] - Statement - log.logInfo("User balance " + balance): User balance 1,000,624,702.00

2018-10-18 13:34:44 - [TEST_STEP][PASSED] - Statement - odds = new java.util.ArrayList(): null

2018-10-18 13:34:44 - [TEST_STEP][PASSED] - Statement - odds.addAll(java.util.Arrays.asList(meron, draw, ftd, wala)): null

2018-10-18 13:34:44 - [TEST_STEP][PASSED] - Statement - rand = new java.util.Random(): null

2018-10-18 13:34:44 - [TEST_STEP][PASSED] - Statement - randodds = rand.nextInt(odds.size()): null

2018-10-18 13:34:44 - [TEST_STEP][PASSED] - Statement - log.logInfo(" meron[0] draw[1] ftd[2] wala[3] ::" + randodds):  meron[0] draw[1] ftd[2] wala[3] ::2

2018-10-18 13:34:44 - [TEST_STEP][PASSED] - Statement - log.logInfo("Odds Selected = " + odds.get(randodds)): Odds Selected = TestObject - 'Object Repository/Frontend/MatchBetting/button_FTDodds'

2018-10-18 13:34:44 - [TEST_STEP][PASSED] - click: Object: 'Object Repository/Frontend/MatchBetting/button_FTDodds' is clicked on

2018-10-18 13:34:45 - [MESSAGE][PASSED] - Object: 'Object Repository/Frontend/MatchBetting/button_FTDodds' is clicked on

2018-10-18 13:34:45 - [TEST_STEP][PASSED] - verifyElementPresent: Object 'Object Repository/Frontend/MatchBetting/span_Possiblewinning' is present

2018-10-18 13:34:45 - [MESSAGE][PASSED] - Object 'Object Repository/Frontend/MatchBetting/span_Possiblewinning' is present

2018-10-18 13:34:45 - [TEST_STEP][PASSED] - Statement - RA = <not implemented yet for class: org.codehaus.groovy.ast.expr.EmptyExpression>: null

2018-10-18 13:34:45 - [TEST_STEP][PASSED] - Statement - RA = java.lang.Math.random() * 20: null

2018-10-18 13:34:45 - [TEST_STEP][PASSED] - Statement - log.logInfo("Random amount = " + RA): Random amount = 14

2018-10-18 13:34:45 - [TEST_STEP][PASSED] - setText: Text '1400' is set on object 'Object Repository/Frontend/MatchBetting/input_stake'

2018-10-18 13:34:46 - [MESSAGE][PASSED] - Text '1400' is set on object 'Object Repository/Frontend/MatchBetting/input_stake'

2018-10-18 13:34:46 - [TEST_STEP][PASSED] - delay: Delayed 2 second(s)

2018-10-18 13:34:48 - [MESSAGE][PASSED] - Delayed 2 second(s)

2018-10-18 13:34:48 - [TEST_STEP][PASSED] - click: Object: 'Object Repository/Frontend/MatchBetting/button_Bet' is clicked on

2018-10-18 13:34:48 - [MESSAGE][PASSED] - Object: 'Object Repository/Frontend/MatchBetting/button_Bet' is clicked on

2018-10-18 13:34:48 - [TEST_STEP][PASSED] - waitForElementPresent: Object 'Object Repository/Frontend/MatchBetting/BetslipAdded' is present

2018-10-18 13:34:48 - [MESSAGE][PASSED] - Object 'Object Repository/Frontend/MatchBetting/BetslipAdded' is present

2018-10-18 13:34:48 - [TEST_STEP][PASSED] - delay: Delayed 3 second(s)

2018-10-18 13:34:51 - [MESSAGE][PASSED] - Delayed 3 second(s)

2018-10-18 13:34:51 - [TEST_STEP][PASSED] - Statement - log.logInfo("User balance " + balance): User balance 1,000,624,702.00

2018-10-18 13:34:51 - [TEST_STEP][PASSED] - Statement - odds = new java.util.ArrayList(): null

2018-10-18 13:34:51 - [TEST_STEP][PASSED] - Statement - odds.addAll(java.util.Arrays.asList(meron, draw, ftd, wala)): null

2018-10-18 13:34:51 - [TEST_STEP][PASSED] - Statement - rand = new java.util.Random(): null

2018-10-18 13:34:51 - [TEST_STEP][PASSED] - Statement - randodds = rand.nextInt(odds.size()): null

2018-10-18 13:34:51 - [TEST_STEP][PASSED] - Statement - log.logInfo(" meron[0] draw[1] ftd[2] wala[3] ::" + randodds):  meron[0] draw[1] ftd[2] wala[3] ::2

2018-10-18 13:34:51 - [TEST_STEP][PASSED] - Statement - log.logInfo("Odds Selected = " + odds.get(randodds)): Odds Selected = TestObject - 'Object Repository/Frontend/MatchBetting/button_FTDodds'

2018-10-18 13:34:51 - [TEST_STEP][PASSED] - click: Object: 'Object Repository/Frontend/MatchBetting/button_FTDodds' is clicked on

2018-10-18 13:34:51 - [MESSAGE][PASSED] - Object: 'Object Repository/Frontend/MatchBetting/button_FTDodds' is clicked on

2018-10-18 13:34:51 - [TEST_STEP][PASSED] - verifyElementPresent: Object 'Object Repository/Frontend/MatchBetting/span_Possiblewinning' is present

2018-10-18 13:34:51 - [MESSAGE][PASSED] - Object 'Object Repository/Frontend/MatchBetting/span_Possiblewinning' is present

2018-10-18 13:34:51 - [TEST_STEP][PASSED] - Statement - RA = <not implemented yet for class: org.codehaus.groovy.ast.expr.EmptyExpression>: null

2018-10-18 13:34:51 - [TEST_STEP][PASSED] - Statement - RA = java.lang.Math.random() * 20: null

2018-10-18 13:34:51 - [TEST_STEP][PASSED] - Statement - log.logInfo("Random amount = " + RA): Random amount = 16

2018-10-18 13:34:51 - [TEST_STEP][PASSED] - setText: Text '1600' is set on object 'Object Repository/Frontend/MatchBetting/input_stake'

2018-10-18 13:34:51 - [MESSAGE][PASSED] - Text '1600' is set on object 'Object Repository/Frontend/MatchBetting/input_stake'

2018-10-18 13:34:51 - [TEST_STEP][PASSED] - delay: Delayed 2 second(s)

2018-10-18 13:34:53 - [MESSAGE][PASSED] - Delayed 2 second(s)

2018-10-18 13:34:53 - [TEST_STEP][PASSED] - click: Object: 'Object Repository/Frontend/MatchBetting/button_Bet' is clicked on

2018-10-18 13:34:54 - [MESSAGE][PASSED] - Object: 'Object Repository/Frontend/MatchBetting/button_Bet' is clicked on

2018-10-18 13:34:54 - [TEST_STEP][PASSED] - waitForElementPresent: Object 'Object Repository/Frontend/MatchBetting/BetslipAdded' is present

2018-10-18 13:34:54 - [MESSAGE][PASSED] - Object 'Object Repository/Frontend/MatchBetting/BetslipAdded' is present

2018-10-18 13:34:54 - [TEST_STEP][PASSED] - delay: Delayed 3 second(s)

2018-10-18 13:34:57 - [MESSAGE][PASSED] - Delayed 3 second(s)

2018-10-18 13:34:57 - [TEST_STEP][PASSED] - Statement - log.logInfo("User balance " + balance): User balance 1,000,624,702.00

2018-10-18 13:34:57 - [TEST_STEP][PASSED] - Statement - odds = new java.util.ArrayList(): null

2018-10-18 13:34:57 - [TEST_STEP][PASSED] - Statement - odds.addAll(java.util.Arrays.asList(meron, draw, ftd, wala)): null

2018-10-18 13:34:57 - [TEST_STEP][PASSED] - Statement - rand = new java.util.Random(): null

2018-10-18 13:34:57 - [TEST_STEP][PASSED] - Statement - randodds = rand.nextInt(odds.size()): null

2018-10-18 13:34:57 - [TEST_STEP][PASSED] - Statement - log.logInfo(" meron[0] draw[1] ftd[2] wala[3] ::" + randodds):  meron[0] draw[1] ftd[2] wala[3] ::0

2018-10-18 13:34:57 - [TEST_STEP][PASSED] - Statement - log.logInfo("Odds Selected = " + odds.get(randodds)): Odds Selected = TestObject - 'Object Repository/Frontend/MatchBetting/button_Meronodds'

2018-10-18 13:34:57 - [TEST_STEP][PASSED] - click: Object: 'Object Repository/Frontend/MatchBetting/button_Meronodds' is clicked on

2018-10-18 13:34:57 - [MESSAGE][PASSED] - Object: 'Object Repository/Frontend/MatchBetting/button_Meronodds' is clicked on

2018-10-18 13:34:57 - [TEST_STEP][PASSED] - verifyElementPresent: Object 'Object Repository/Frontend/MatchBetting/span_Possiblewinning' is present

2018-10-18 13:34:57 - [MESSAGE][PASSED] - Object 'Object Repository/Frontend/MatchBetting/span_Possiblewinning' is present

2018-10-18 13:34:57 - [TEST_STEP][PASSED] - Statement - RA = <not implemented yet for class: org.codehaus.groovy.ast.expr.EmptyExpression>: null

2018-10-18 13:34:57 - [TEST_STEP][PASSED] - Statement - RA = java.lang.Math.random() * 20: null

2018-10-18 13:34:57 - [TEST_STEP][PASSED] - Statement - log.logInfo("Random amount = " + RA): Random amount = 0

2018-10-18 13:34:57 - [TEST_STEP][PASSED] - setText: Text '000' is set on object 'Object Repository/Frontend/MatchBetting/input_stake'

2018-10-18 13:34:58 - [MESSAGE][PASSED] - Text '000' is set on object 'Object Repository/Frontend/MatchBetting/input_stake'

2018-10-18 13:34:58 - [TEST_STEP][PASSED] - delay: Delayed 2 second(s)

2018-10-18 13:35:00 - [MESSAGE][PASSED] - Delayed 2 second(s)

2018-10-18 13:35:00 - [TEST_STEP][PASSED] - click: Object: 'Object Repository/Frontend/MatchBetting/button_Bet' is clicked on

2018-10-18 13:35:00 - [MESSAGE][PASSED] - Object: 'Object Repository/Frontend/MatchBetting/button_Bet' is clicked on

2018-10-18 13:35:00 - [TEST_STEP][PASSED] - waitForElementPresent: Object 'Object Repository/Frontend/MatchBetting/BetslipAdded' is present

2018-10-18 13:35:00 - [MESSAGE][PASSED] - Object 'Object Repository/Frontend/MatchBetting/BetslipAdded' is present

2018-10-18 13:35:00 - [TEST_STEP][PASSED] - delay: Delayed 3 second(s)

2018-10-18 13:35:03 - [MESSAGE][PASSED] - Delayed 3 second(s)

2018-10-18 13:35:03 - [TEST_STEP][PASSED] - Statement - log.logInfo("User balance " + balance): User balance 1,000,624,702.00

2018-10-18 13:35:03 - [TEST_STEP][PASSED] - Statement - odds = new java.util.ArrayList(): null

2018-10-18 13:35:03 - [TEST_STEP][PASSED] - Statement - odds.addAll(java.util.Arrays.asList(meron, draw, ftd, wala)): null

2018-10-18 13:35:03 - [TEST_STEP][PASSED] - Statement - rand = new java.util.Random(): null

2018-10-18 13:35:03 - [TEST_STEP][PASSED] - Statement - randodds = rand.nextInt(odds.size()): null

2018-10-18 13:35:03 - [TEST_STEP][PASSED] - Statement - log.logInfo(" meron[0] draw[1] ftd[2] wala[3] ::" + randodds):  meron[0] draw[1] ftd[2] wala[3] ::3

2018-10-18 13:35:03 - [TEST_STEP][PASSED] - Statement - log.logInfo("Odds Selected = " + odds.get(randodds)): Odds Selected = TestObject - 'Object Repository/Frontend/MatchBetting/button_Walaodds'

2018-10-18 13:35:03 - [TEST_STEP][PASSED] - click: Object: 'Object Repository/Frontend/MatchBetting/button_Walaodds' is clicked on

2018-10-18 13:35:03 - [MESSAGE][PASSED] - Object: 'Object Repository/Frontend/MatchBetting/button_Walaodds' is clicked on

2018-10-18 13:35:03 - [TEST_STEP][PASSED] - verifyElementPresent: Object 'Object Repository/Frontend/MatchBetting/span_Possiblewinning' is present

2018-10-18 13:35:03 - [MESSAGE][PASSED] - Object 'Object Repository/Frontend/MatchBetting/span_Possiblewinning' is present

2018-10-18 13:35:03 - [TEST_STEP][PASSED] - Statement - RA = <not implemented yet for class: org.codehaus.groovy.ast.expr.EmptyExpression>: null

2018-10-18 13:35:03 - [TEST_STEP][PASSED] - Statement - RA = java.lang.Math.random() * 20: null

2018-10-18 13:35:03 - [TEST_STEP][PASSED] - Statement - log.logInfo("Random amount = " + RA): Random amount = 15

2018-10-18 13:35:03 - [TEST_STEP][PASSED] - setText: Text '1500' is set on object 'Object Repository/Frontend/MatchBetting/input_stake'

2018-10-18 13:35:03 - [MESSAGE][PASSED] - Text '1500' is set on object 'Object Repository/Frontend/MatchBetting/input_stake'

2018-10-18 13:35:03 - [TEST_STEP][PASSED] - delay: Delayed 2 second(s)

2018-10-18 13:35:05 - [MESSAGE][PASSED] - Delayed 2 second(s)

2018-10-18 13:35:05 - [TEST_STEP][PASSED] - click: Object: 'Object Repository/Frontend/MatchBetting/button_Bet' is clicked on

2018-10-18 13:35:05 - [MESSAGE][PASSED] - Object: 'Object Repository/Frontend/MatchBetting/button_Bet' is clicked on

2018-10-18 13:35:05 - [TEST_STEP][PASSED] - waitForElementPresent: Object 'Object Repository/Frontend/MatchBetting/BetslipAdded' is present

2018-10-18 13:35:05 - [MESSAGE][PASSED] - Object 'Object Repository/Frontend/MatchBetting/BetslipAdded' is present

2018-10-18 13:35:05 - [TEST_STEP][PASSED] - delay: Delayed 3 second(s)

2018-10-18 13:35:08 - [MESSAGE][PASSED] - Delayed 3 second(s)

2018-10-18 13:35:08 - [TEST_STEP][PASSED] - Statement - log.logInfo("User balance " + balance): User balance 1,000,624,702.00

2018-10-18 13:35:08 - [TEST_STEP][PASSED] - Statement - odds = new java.util.ArrayList(): null

2018-10-18 13:35:08 - [TEST_STEP][PASSED] - Statement - odds.addAll(java.util.Arrays.asList(meron, draw, ftd, wala)): null

2018-10-18 13:35:08 - [TEST_STEP][PASSED] - Statement - rand = new java.util.Random(): null

2018-10-18 13:35:08 - [TEST_STEP][PASSED] - Statement - randodds = rand.nextInt(odds.size()): null

2018-10-18 13:35:08 - [TEST_STEP][PASSED] - Statement - log.logInfo(" meron[0] draw[1] ftd[2] wala[3] ::" + randodds):  meron[0] draw[1] ftd[2] wala[3] ::1

2018-10-18 13:35:08 - [TEST_STEP][PASSED] - Statement - log.logInfo("Odds Selected = " + odds.get(randodds)): Odds Selected = TestObject - 'Object Repository/Frontend/MatchBetting/button_Drawodds'

2018-10-18 13:35:08 - [TEST_STEP][PASSED] - click: Object: 'Object Repository/Frontend/MatchBetting/button_Drawodds' is clicked on

2018-10-18 13:35:08 - [MESSAGE][PASSED] - Object: 'Object Repository/Frontend/MatchBetting/button_Drawodds' is clicked on

2018-10-18 13:35:08 - [TEST_STEP][PASSED] - verifyElementPresent: Object 'Object Repository/Frontend/MatchBetting/span_Possiblewinning' is present

2018-10-18 13:35:08 - [MESSAGE][PASSED] - Object 'Object Repository/Frontend/MatchBetting/span_Possiblewinning' is present

2018-10-18 13:35:08 - [TEST_STEP][PASSED] - Statement - RA = <not implemented yet for class: org.codehaus.groovy.ast.expr.EmptyExpression>: null

2018-10-18 13:35:08 - [TEST_STEP][PASSED] - Statement - RA = java.lang.Math.random() * 20: null

2018-10-18 13:35:08 - [TEST_STEP][PASSED] - Statement - log.logInfo("Random amount = " + RA): Random amount = 10

2018-10-18 13:35:08 - [TEST_STEP][PASSED] - setText: Text '1000' is set on object 'Object Repository/Frontend/MatchBetting/input_stake'

2018-10-18 13:35:09 - [MESSAGE][PASSED] - Text '1000' is set on object 'Object Repository/Frontend/MatchBetting/input_stake'

2018-10-18 13:35:09 - [TEST_STEP][PASSED] - delay: Delayed 2 second(s)

2018-10-18 13:35:11 - [MESSAGE][PASSED] - Delayed 2 second(s)

2018-10-18 13:35:11 - [TEST_STEP][PASSED] - click: Object: 'Object Repository/Frontend/MatchBetting/button_Bet' is clicked on

2018-10-18 13:35:11 - [MESSAGE][PASSED] - Object: 'Object Repository/Frontend/MatchBetting/button_Bet' is clicked on

2018-10-18 13:35:11 - [TEST_STEP][PASSED] - waitForElementPresent: Object 'Object Repository/Frontend/MatchBetting/BetslipAdded' is present

2018-10-18 13:35:11 - [MESSAGE][PASSED] - Object 'Object Repository/Frontend/MatchBetting/BetslipAdded' is present

2018-10-18 13:35:11 - [TEST_STEP][PASSED] - delay: Delayed 3 second(s)

2018-10-18 13:35:14 - [MESSAGE][PASSED] - Delayed 3 second(s)

2018-10-18 13:35:14 - [TEST_STEP][PASSED] - Statement - log.logInfo("User balance " + balance): User balance 1,000,624,702.00

2018-10-18 13:35:14 - [TEST_STEP][PASSED] - Statement - odds = new java.util.ArrayList(): null

2018-10-18 13:35:14 - [TEST_STEP][PASSED] - Statement - odds.addAll(java.util.Arrays.asList(meron, draw, ftd, wala)): null

2018-10-18 13:35:14 - [TEST_STEP][PASSED] - Statement - rand = new java.util.Random(): null

2018-10-18 13:35:14 - [TEST_STEP][PASSED] - Statement - randodds = rand.nextInt(odds.size()): null

2018-10-18 13:35:14 - [TEST_STEP][PASSED] - Statement - log.logInfo(" meron[0] draw[1] ftd[2] wala[3] ::" + randodds):  meron[0] draw[1] ftd[2] wala[3] ::2

2018-10-18 13:35:14 - [TEST_STEP][PASSED] - Statement - log.logInfo("Odds Selected = " + odds.get(randodds)): Odds Selected = TestObject - 'Object Repository/Frontend/MatchBetting/button_FTDodds'

2018-10-18 13:35:14 - [TEST_STEP][PASSED] - click: Object: 'Object Repository/Frontend/MatchBetting/button_FTDodds' is clicked on

2018-10-18 13:35:14 - [MESSAGE][PASSED] - Object: 'Object Repository/Frontend/MatchBetting/button_FTDodds' is clicked on

2018-10-18 13:35:14 - [TEST_STEP][PASSED] - verifyElementPresent: Object 'Object Repository/Frontend/MatchBetting/span_Possiblewinning' is present

2018-10-18 13:35:14 - [MESSAGE][PASSED] - Object 'Object Repository/Frontend/MatchBetting/span_Possiblewinning' is present

2018-10-18 13:35:14 - [TEST_STEP][PASSED] - Statement - RA = <not implemented yet for class: org.codehaus.groovy.ast.expr.EmptyExpression>: null

2018-10-18 13:35:14 - [TEST_STEP][PASSED] - Statement - RA = java.lang.Math.random() * 20: null

2018-10-18 13:35:14 - [TEST_STEP][PASSED] - Statement - log.logInfo("Random amount = " + RA): Random amount = 3

2018-10-18 13:35:14 - [TEST_STEP][PASSED] - setText: Text '300' is set on object 'Object Repository/Frontend/MatchBetting/input_stake'

2018-10-18 13:35:14 - [MESSAGE][PASSED] - Text '300' is set on object 'Object Repository/Frontend/MatchBetting/input_stake'

2018-10-18 13:35:14 - [TEST_STEP][PASSED] - delay: Delayed 2 second(s)

2018-10-18 13:35:16 - [MESSAGE][PASSED] - Delayed 2 second(s)

2018-10-18 13:35:16 - [TEST_STEP][PASSED] - click: Object: 'Object Repository/Frontend/MatchBetting/button_Bet' is clicked on

2018-10-18 13:35:16 - [MESSAGE][PASSED] - Object: 'Object Repository/Frontend/MatchBetting/button_Bet' is clicked on

2018-10-18 13:35:16 - [TEST_STEP][PASSED] - waitForElementPresent: Object 'Object Repository/Frontend/MatchBetting/BetslipAdded' is present

2018-10-18 13:35:16 - [MESSAGE][PASSED] - Object 'Object Repository/Frontend/MatchBetting/BetslipAdded' is present

2018-10-18 13:35:16 - [TEST_STEP][PASSED] - delay: Delayed 3 second(s)

2018-10-18 13:35:19 - [MESSAGE][PASSED] - Delayed 3 second(s)

2018-10-18 13:35:19 - [TEST_STEP][PASSED] - Statement - log.logInfo("User balance " + balance): User balance 1,000,624,702.00

2018-10-18 13:35:19 - [TEST_STEP][PASSED] - Statement - odds = new java.util.ArrayList(): null

2018-10-18 13:35:19 - [TEST_STEP][PASSED] - Statement - odds.addAll(java.util.Arrays.asList(meron, draw, ftd, wala)): null

2018-10-18 13:35:19 - [TEST_STEP][PASSED] - Statement - rand = new java.util.Random(): null

2018-10-18 13:35:19 - [TEST_STEP][PASSED] - Statement - randodds = rand.nextInt(odds.size()): null

2018-10-18 13:35:19 - [TEST_STEP][PASSED] - Statement - log.logInfo(" meron[0] draw[1] ftd[2] wala[3] ::" + randodds):  meron[0] draw[1] ftd[2] wala[3] ::2

2018-10-18 13:35:19 - [TEST_STEP][PASSED] - Statement - log.logInfo("Odds Selected = " + odds.get(randodds)): Odds Selected = TestObject - 'Object Repository/Frontend/MatchBetting/button_FTDodds'

2018-10-18 13:35:19 - [TEST_STEP][PASSED] - click: Object: 'Object Repository/Frontend/MatchBetting/button_FTDodds' is clicked on

2018-10-18 13:35:19 - [MESSAGE][PASSED] - Object: 'Object Repository/Frontend/MatchBetting/button_FTDodds' is clicked on

2018-10-18 13:35:19 - [TEST_STEP][PASSED] - verifyElementPresent: Object 'Object Repository/Frontend/MatchBetting/span_Possiblewinning' is present

2018-10-18 13:35:19 - [MESSAGE][PASSED] - Object 'Object Repository/Frontend/MatchBetting/span_Possiblewinning' is present

2018-10-18 13:35:19 - [TEST_STEP][PASSED] - Statement - RA = <not implemented yet for class: org.codehaus.groovy.ast.expr.EmptyExpression>: null

2018-10-18 13:35:19 - [TEST_STEP][PASSED] - Statement - RA = java.lang.Math.random() * 20: null

2018-10-18 13:35:19 - [TEST_STEP][PASSED] - Statement - log.logInfo("Random amount = " + RA): Random amount = 15

2018-10-18 13:35:19 - [TEST_STEP][PASSED] - setText: Text '1500' is set on object 'Object Repository/Frontend/MatchBetting/input_stake'

2018-10-18 13:35:20 - [MESSAGE][PASSED] - Text '1500' is set on object 'Object Repository/Frontend/MatchBetting/input_stake'

2018-10-18 13:35:20 - [TEST_STEP][PASSED] - delay: Delayed 2 second(s)

2018-10-18 13:35:22 - [MESSAGE][PASSED] - Delayed 2 second(s)

2018-10-18 13:35:22 - [TEST_STEP][PASSED] - click: Object: 'Object Repository/Frontend/MatchBetting/button_Bet' is clicked on

2018-10-18 13:35:22 - [MESSAGE][PASSED] - Object: 'Object Repository/Frontend/MatchBetting/button_Bet' is clicked on

2018-10-18 13:35:22 - [TEST_STEP][PASSED] - waitForElementPresent: Object 'Object Repository/Frontend/MatchBetting/BetslipAdded' is present

2018-10-18 13:35:22 - [MESSAGE][PASSED] - Object 'Object Repository/Frontend/MatchBetting/BetslipAdded' is present

2018-10-18 13:35:22 - [TEST_STEP][PASSED] - delay: Delayed 3 second(s)

2018-10-18 13:35:25 - [MESSAGE][PASSED] - Delayed 3 second(s)

2018-10-18 13:35:25 - [TEST_STEP][PASSED] - Statement - log.logInfo("User balance " + balance): User balance 1,000,624,702.00

2018-10-18 13:35:25 - [TEST_STEP][PASSED] - Statement - odds = new java.util.ArrayList(): null

2018-10-18 13:35:25 - [TEST_STEP][PASSED] - Statement - odds.addAll(java.util.Arrays.asList(meron, draw, ftd, wala)): null

2018-10-18 13:35:25 - [TEST_STEP][PASSED] - Statement - rand = new java.util.Random(): null

2018-10-18 13:35:25 - [TEST_STEP][PASSED] - Statement - randodds = rand.nextInt(odds.size()): null

2018-10-18 13:35:25 - [TEST_STEP][PASSED] - Statement - log.logInfo(" meron[0] draw[1] ftd[2] wala[3] ::" + randodds):  meron[0] draw[1] ftd[2] wala[3] ::3

2018-10-18 13:35:25 - [TEST_STEP][PASSED] - Statement - log.logInfo("Odds Selected = " + odds.get(randodds)): Odds Selected = TestObject - 'Object Repository/Frontend/MatchBetting/button_Walaodds'

2018-10-18 13:35:25 - [TEST_STEP][PASSED] - click: Object: 'Object Repository/Frontend/MatchBetting/button_Walaodds' is clicked on

2018-10-18 13:35:25 - [MESSAGE][PASSED] - Object: 'Object Repository/Frontend/MatchBetting/button_Walaodds' is clicked on

2018-10-18 13:35:25 - [TEST_STEP][PASSED] - verifyElementPresent: Object 'Object Repository/Frontend/MatchBetting/span_Possiblewinning' is present

2018-10-18 13:35:25 - [MESSAGE][PASSED] - Object 'Object Repository/Frontend/MatchBetting/span_Possiblewinning' is present

2018-10-18 13:35:25 - [TEST_STEP][PASSED] - Statement - RA = <not implemented yet for class: org.codehaus.groovy.ast.expr.EmptyExpression>: null

2018-10-18 13:35:25 - [TEST_STEP][PASSED] - Statement - RA = java.lang.Math.random() * 20: null

2018-10-18 13:35:25 - [TEST_STEP][PASSED] - Statement - log.logInfo("Random amount = " + RA): Random amount = 1

2018-10-18 13:35:25 - [TEST_STEP][PASSED] - setText: Text '100' is set on object 'Object Repository/Frontend/MatchBetting/input_stake'

2018-10-18 13:35:25 - [MESSAGE][PASSED] - Text '100' is set on object 'Object Repository/Frontend/MatchBetting/input_stake'

2018-10-18 13:35:25 - [TEST_STEP][PASSED] - delay: Delayed 2 second(s)

2018-10-18 13:35:27 - [MESSAGE][PASSED] - Delayed 2 second(s)

2018-10-18 13:35:27 - [TEST_STEP][PASSED] - click: Object: 'Object Repository/Frontend/MatchBetting/button_Bet' is clicked on

2018-10-18 13:35:27 - [MESSAGE][PASSED] - Object: 'Object Repository/Frontend/MatchBetting/button_Bet' is clicked on

2018-10-18 13:35:27 - [TEST_STEP][PASSED] - waitForElementPresent: Object 'Object Repository/Frontend/MatchBetting/BetslipAdded' is present

2018-10-18 13:35:27 - [MESSAGE][PASSED] - Object 'Object Repository/Frontend/MatchBetting/BetslipAdded' is present

2018-10-18 13:35:27 - [TEST_STEP][PASSED] - delay: Delayed 3 second(s)

2018-10-18 13:35:30 - [MESSAGE][PASSED] - Delayed 3 second(s)

2018-10-18 13:35:30 - [TEST_STEP][PASSED] - Statement - log.logInfo("User balance " + balance): User balance 1,000,624,702.00

2018-10-18 13:35:30 - [TEST_STEP][PASSED] - Statement - odds = new java.util.ArrayList(): null

2018-10-18 13:35:30 - [TEST_STEP][PASSED] - Statement - odds.addAll(java.util.Arrays.asList(meron, draw, ftd, wala)): null

2018-10-18 13:35:30 - [TEST_STEP][PASSED] - Statement - rand = new java.util.Random(): null

2018-10-18 13:35:30 - [TEST_STEP][PASSED] - Statement - randodds = rand.nextInt(odds.size()): null

2018-10-18 13:35:30 - [TEST_STEP][PASSED] - Statement - log.logInfo(" meron[0] draw[1] ftd[2] wala[3] ::" + randodds):  meron[0] draw[1] ftd[2] wala[3] ::2

2018-10-18 13:35:30 - [TEST_STEP][PASSED] - Statement - log.logInfo("Odds Selected = " + odds.get(randodds)): Odds Selected = TestObject - 'Object Repository/Frontend/MatchBetting/button_FTDodds'

2018-10-18 13:35:30 - [TEST_STEP][PASSED] - click: Object: 'Object Repository/Frontend/MatchBetting/button_FTDodds' is clicked on

2018-10-18 13:35:30 - [MESSAGE][PASSED] - Object: 'Object Repository/Frontend/MatchBetting/button_FTDodds' is clicked on

2018-10-18 13:35:30 - [TEST_STEP][PASSED] - verifyElementPresent: Object 'Object Repository/Frontend/MatchBetting/span_Possiblewinning' is present

2018-10-18 13:35:30 - [MESSAGE][PASSED] - Object 'Object Repository/Frontend/MatchBetting/span_Possiblewinning' is present

2018-10-18 13:35:30 - [TEST_STEP][PASSED] - Statement - RA = <not implemented yet for class: org.codehaus.groovy.ast.expr.EmptyExpression>: null

2018-10-18 13:35:30 - [TEST_STEP][PASSED] - Statement - RA = java.lang.Math.random() * 20: null

2018-10-18 13:35:30 - [TEST_STEP][PASSED] - Statement - log.logInfo("Random amount = " + RA): Random amount = 8

2018-10-18 13:35:30 - [TEST_STEP][PASSED] - setText: Text '800' is set on object 'Object Repository/Frontend/MatchBetting/input_stake'

2018-10-18 13:35:31 - [MESSAGE][PASSED] - Text '800' is set on object 'Object Repository/Frontend/MatchBetting/input_stake'

2018-10-18 13:35:31 - [TEST_STEP][PASSED] - delay: Delayed 2 second(s)

2018-10-18 13:35:33 - [MESSAGE][PASSED] - Delayed 2 second(s)

2018-10-18 13:35:33 - [TEST_STEP][PASSED] - click: Object: 'Object Repository/Frontend/MatchBetting/button_Bet' is clicked on

2018-10-18 13:35:33 - [MESSAGE][PASSED] - Object: 'Object Repository/Frontend/MatchBetting/button_Bet' is clicked on

2018-10-18 13:35:33 - [TEST_STEP][PASSED] - waitForElementPresent: Object 'Object Repository/Frontend/MatchBetting/BetslipAdded' is present

2018-10-18 13:35:33 - [MESSAGE][PASSED] - Object 'Object Repository/Frontend/MatchBetting/BetslipAdded' is present

2018-10-18 13:35:33 - [TEST_STEP][PASSED] - delay: Delayed 3 second(s)

2018-10-18 13:35:36 - [MESSAGE][PASSED] - Delayed 3 second(s)

2018-10-18 13:35:36 - [TEST_STEP][PASSED] - Statement - log.logInfo("User balance " + balance): User balance 1,000,624,702.00

2018-10-18 13:35:36 - [TEST_STEP][PASSED] - Statement - odds = new java.util.ArrayList(): null

2018-10-18 13:35:36 - [TEST_STEP][PASSED] - Statement - odds.addAll(java.util.Arrays.asList(meron, draw, ftd, wala)): null

2018-10-18 13:35:36 - [TEST_STEP][PASSED] - Statement - rand = new java.util.Random(): null

2018-10-18 13:35:36 - [TEST_STEP][PASSED] - Statement - randodds = rand.nextInt(odds.size()): null

2018-10-18 13:35:36 - [TEST_STEP][PASSED] - Statement - log.logInfo(" meron[0] draw[1] ftd[2] wala[3] ::" + randodds):  meron[0] draw[1] ftd[2] wala[3] ::3

2018-10-18 13:35:36 - [TEST_STEP][PASSED] - Statement - log.logInfo("Odds Selected = " + odds.get(randodds)): Odds Selected = TestObject - 'Object Repository/Frontend/MatchBetting/button_Walaodds'

2018-10-18 13:35:36 - [TEST_STEP][PASSED] - click: Object: 'Object Repository/Frontend/MatchBetting/button_Walaodds' is clicked on

2018-10-18 13:35:36 - [MESSAGE][PASSED] - Object: 'Object Repository/Frontend/MatchBetting/button_Walaodds' is clicked on

2018-10-18 13:35:36 - [TEST_STEP][PASSED] - verifyElementPresent: Object 'Object Repository/Frontend/MatchBetting/span_Possiblewinning' is present

2018-10-18 13:35:36 - [MESSAGE][PASSED] - Object 'Object Repository/Frontend/MatchBetting/span_Possiblewinning' is present

2018-10-18 13:35:36 - [TEST_STEP][PASSED] - Statement - RA = <not implemented yet for class: org.codehaus.groovy.ast.expr.EmptyExpression>: null

2018-10-18 13:35:36 - [TEST_STEP][PASSED] - Statement - RA = java.lang.Math.random() * 20: null

2018-10-18 13:35:36 - [TEST_STEP][PASSED] - Statement - log.logInfo("Random amount = " + RA): Random amount = 1

2018-10-18 13:35:36 - [TEST_STEP][PASSED] - setText: Text '100' is set on object 'Object Repository/Frontend/MatchBetting/input_stake'

2018-10-18 13:35:36 - [MESSAGE][PASSED] - Text '100' is set on object 'Object Repository/Frontend/MatchBetting/input_stake'

2018-10-18 13:35:36 - [TEST_STEP][PASSED] - delay: Delayed 2 second(s)

2018-10-18 13:35:38 - [MESSAGE][PASSED] - Delayed 2 second(s)

2018-10-18 13:35:38 - [TEST_STEP][PASSED] - click: Object: 'Object Repository/Frontend/MatchBetting/button_Bet' is clicked on

2018-10-18 13:35:38 - [MESSAGE][PASSED] - Object: 'Object Repository/Frontend/MatchBetting/button_Bet' is clicked on

2018-10-18 13:35:38 - [TEST_STEP][PASSED] - waitForElementPresent: Object 'Object Repository/Frontend/MatchBetting/BetslipAdded' is present

2018-10-18 13:35:38 - [MESSAGE][PASSED] - Object 'Object Repository/Frontend/MatchBetting/BetslipAdded' is present

2018-10-18 13:35:38 - [TEST_STEP][PASSED] - delay: Delayed 3 second(s)

2018-10-18 13:35:41 - [MESSAGE][PASSED] - Delayed 3 second(s)

2018-10-18 13:35:41 - [TEST_STEP][PASSED] - Statement - log.logInfo("User balance " + balance): User balance 1,000,624,702.00

2018-10-18 13:35:41 - [TEST_STEP][PASSED] - Statement - odds = new java.util.ArrayList(): null

2018-10-18 13:35:41 - [TEST_STEP][PASSED] - Statement - odds.addAll(java.util.Arrays.asList(meron, draw, ftd, wala)): null

2018-10-18 13:35:41 - [TEST_STEP][PASSED] - Statement - rand = new java.util.Random(): null

2018-10-18 13:35:41 - [TEST_STEP][PASSED] - Statement - randodds = rand.nextInt(odds.size()): null

2018-10-18 13:35:41 - [TEST_STEP][PASSED] - Statement - log.logInfo(" meron[0] draw[1] ftd[2] wala[3] ::" + randodds):  meron[0] draw[1] ftd[2] wala[3] ::3

2018-10-18 13:35:41 - [TEST_STEP][PASSED] - Statement - log.logInfo("Odds Selected = " + odds.get(randodds)): Odds Selected = TestObject - 'Object Repository/Frontend/MatchBetting/button_Walaodds'

2018-10-18 13:35:41 - [TEST_STEP][PASSED] - click: Object: 'Object Repository/Frontend/MatchBetting/button_Walaodds' is clicked on

2018-10-18 13:35:41 - [MESSAGE][PASSED] - Object: 'Object Repository/Frontend/MatchBetting/button_Walaodds' is clicked on

2018-10-18 13:35:41 - [TEST_STEP][PASSED] - verifyElementPresent: Object 'Object Repository/Frontend/MatchBetting/span_Possiblewinning' is present

2018-10-18 13:35:41 - [MESSAGE][PASSED] - Object 'Object Repository/Frontend/MatchBetting/span_Possiblewinning' is present

2018-10-18 13:35:41 - [TEST_STEP][PASSED] - Statement - RA = <not implemented yet for class: org.codehaus.groovy.ast.expr.EmptyExpression>: null

2018-10-18 13:35:41 - [TEST_STEP][PASSED] - Statement - RA = java.lang.Math.random() * 20: null

2018-10-18 13:35:41 - [TEST_STEP][PASSED] - Statement - log.logInfo("Random amount = " + RA): Random amount = 19

2018-10-18 13:35:41 - [TEST_STEP][PASSED] - setText: Text '1900' is set on object 'Object Repository/Frontend/MatchBetting/input_stake'

2018-10-18 13:35:42 - [MESSAGE][PASSED] - Text '1900' is set on object 'Object Repository/Frontend/MatchBetting/input_stake'

2018-10-18 13:35:42 - [TEST_STEP][PASSED] - delay: Delayed 2 second(s)

2018-10-18 13:35:44 - [MESSAGE][PASSED] - Delayed 2 second(s)

2018-10-18 13:35:44 - [TEST_STEP][PASSED] - click: Object: 'Object Repository/Frontend/MatchBetting/button_Bet' is clicked on

2018-10-18 13:35:44 - [MESSAGE][PASSED] - Object: 'Object Repository/Frontend/MatchBetting/button_Bet' is clicked on

2018-10-18 13:35:44 - [TEST_STEP][PASSED] - waitForElementPresent: Object 'Object Repository/Frontend/MatchBetting/BetslipAdded' is present

2018-10-18 13:35:44 - [MESSAGE][PASSED] - Object 'Object Repository/Frontend/MatchBetting/BetslipAdded' is present

2018-10-18 13:35:44 - [TEST_STEP][PASSED] - delay: Delayed 3 second(s)

2018-10-18 13:35:47 - [MESSAGE][PASSED] - Delayed 3 second(s)

2018-10-18 13:35:47 - [TEST_STEP][PASSED] - Statement - log.logInfo("User balance " + balance): User balance 1,000,624,702.00

2018-10-18 13:35:47 - [TEST_STEP][PASSED] - Statement - odds = new java.util.ArrayList(): null

2018-10-18 13:35:47 - [TEST_STEP][PASSED] - Statement - odds.addAll(java.util.Arrays.asList(meron, draw, ftd, wala)): null

2018-10-18 13:35:47 - [TEST_STEP][PASSED] - Statement - rand = new java.util.Random(): null

2018-10-18 13:35:47 - [TEST_STEP][PASSED] - Statement - randodds = rand.nextInt(odds.size()): null

2018-10-18 13:35:47 - [TEST_STEP][PASSED] - Statement - log.logInfo(" meron[0] draw[1] ftd[2] wala[3] ::" + randodds):  meron[0] draw[1] ftd[2] wala[3] ::1

2018-10-18 13:35:47 - [TEST_STEP][PASSED] - Statement - log.logInfo("Odds Selected = " + odds.get(randodds)): Odds Selected = TestObject - 'Object Repository/Frontend/MatchBetting/button_Drawodds'

2018-10-18 13:35:47 - [TEST_STEP][PASSED] - click: Object: 'Object Repository/Frontend/MatchBetting/button_Drawodds' is clicked on

2018-10-18 13:35:47 - [MESSAGE][PASSED] - Object: 'Object Repository/Frontend/MatchBetting/button_Drawodds' is clicked on

2018-10-18 13:35:47 - [TEST_STEP][PASSED] - verifyElementPresent: Object 'Object Repository/Frontend/MatchBetting/span_Possiblewinning' is present

2018-10-18 13:35:47 - [MESSAGE][PASSED] - Object 'Object Repository/Frontend/MatchBetting/span_Possiblewinning' is present

2018-10-18 13:35:47 - [TEST_STEP][PASSED] - Statement - RA = <not implemented yet for class: org.codehaus.groovy.ast.expr.EmptyExpression>: null

2018-10-18 13:35:47 - [TEST_STEP][PASSED] - Statement - RA = java.lang.Math.random() * 20: null

2018-10-18 13:35:47 - [TEST_STEP][PASSED] - Statement - log.logInfo("Random amount = " + RA): Random amount = 16

2018-10-18 13:35:47 - [TEST_STEP][PASSED] - setText: Text '1600' is set on object 'Object Repository/Frontend/MatchBetting/input_stake'

2018-10-18 13:35:47 - [MESSAGE][PASSED] - Text '1600' is set on object 'Object Repository/Frontend/MatchBetting/input_stake'

2018-10-18 13:35:47 - [TEST_STEP][PASSED] - delay: Delayed 2 second(s)

2018-10-18 13:35:49 - [MESSAGE][PASSED] - Delayed 2 second(s)

2018-10-18 13:35:49 - [TEST_STEP][PASSED] - click: Object: 'Object Repository/Frontend/MatchBetting/button_Bet' is clicked on

2018-10-18 13:35:49 - [MESSAGE][PASSED] - Object: 'Object Repository/Frontend/MatchBetting/button_Bet' is clicked on

2018-10-18 13:35:49 - [TEST_STEP][PASSED] - waitForElementPresent: Object 'Object Repository/Frontend/MatchBetting/BetslipAdded' is present

2018-10-18 13:35:49 - [MESSAGE][PASSED] - Object 'Object Repository/Frontend/MatchBetting/BetslipAdded' is present

2018-10-18 13:35:49 - [TEST_STEP][PASSED] - delay: Delayed 3 second(s)

2018-10-18 13:35:52 - [MESSAGE][PASSED] - Delayed 3 second(s)

2018-10-18 13:35:52 - [TEST_STEP][PASSED] - Statement - log.logInfo("User balance " + balance): User balance 1,000,624,702.00

2018-10-18 13:35:52 - [TEST_STEP][PASSED] - Statement - odds = new java.util.ArrayList(): null

2018-10-18 13:35:52 - [TEST_STEP][PASSED] - Statement - odds.addAll(java.util.Arrays.asList(meron, draw, ftd, wala)): null

2018-10-18 13:35:52 - [TEST_STEP][PASSED] - Statement - rand = new java.util.Random(): null

2018-10-18 13:35:52 - [TEST_STEP][PASSED] - Statement - randodds = rand.nextInt(odds.size()): null

2018-10-18 13:35:52 - [TEST_STEP][PASSED] - Statement - log.logInfo(" meron[0] draw[1] ftd[2] wala[3] ::" + randodds):  meron[0] draw[1] ftd[2] wala[3] ::3

2018-10-18 13:35:52 - [TEST_STEP][PASSED] - Statement - log.logInfo("Odds Selected = " + odds.get(randodds)): Odds Selected = TestObject - 'Object Repository/Frontend/MatchBetting/button_Walaodds'

2018-10-18 13:35:52 - [TEST_STEP][PASSED] - click: Object: 'Object Repository/Frontend/MatchBetting/button_Walaodds' is clicked on

2018-10-18 13:35:52 - [MESSAGE][PASSED] - Object: 'Object Repository/Frontend/MatchBetting/button_Walaodds' is clicked on

2018-10-18 13:35:52 - [TEST_STEP][PASSED] - verifyElementPresent: Object 'Object Repository/Frontend/MatchBetting/span_Possiblewinning' is present

2018-10-18 13:35:52 - [MESSAGE][PASSED] - Object 'Object Repository/Frontend/MatchBetting/span_Possiblewinning' is present

2018-10-18 13:35:52 - [TEST_STEP][PASSED] - Statement - RA = <not implemented yet for class: org.codehaus.groovy.ast.expr.EmptyExpression>: null

2018-10-18 13:35:52 - [TEST_STEP][PASSED] - Statement - RA = java.lang.Math.random() * 20: null

2018-10-18 13:35:52 - [TEST_STEP][PASSED] - Statement - log.logInfo("Random amount = " + RA): Random amount = 2

2018-10-18 13:35:52 - [TEST_STEP][PASSED] - setText: Text '200' is set on object 'Object Repository/Frontend/MatchBetting/input_stake'

2018-10-18 13:35:52 - [MESSAGE][PASSED] - Text '200' is set on object 'Object Repository/Frontend/MatchBetting/input_stake'

2018-10-18 13:35:52 - [TEST_STEP][PASSED] - delay: Delayed 2 second(s)

2018-10-18 13:35:54 - [MESSAGE][PASSED] - Delayed 2 second(s)

2018-10-18 13:35:54 - [TEST_STEP][PASSED] - click: Object: 'Object Repository/Frontend/MatchBetting/button_Bet' is clicked on

2018-10-18 13:35:54 - [MESSAGE][PASSED] - Object: 'Object Repository/Frontend/MatchBetting/button_Bet' is clicked on

2018-10-18 13:35:54 - [TEST_STEP][PASSED] - waitForElementPresent: Object 'Object Repository/Frontend/MatchBetting/BetslipAdded' is present

2018-10-18 13:35:54 - [MESSAGE][PASSED] - Object 'Object Repository/Frontend/MatchBetting/BetslipAdded' is present

2018-10-18 13:35:54 - [TEST_STEP][PASSED] - delay: Delayed 3 second(s)

2018-10-18 13:35:57 - [MESSAGE][PASSED] - Delayed 3 second(s)

2018-10-18 13:35:57 - [TEST_STEP][PASSED] - Statement - log.logInfo("User balance " + balance): User balance 1,000,624,702.00

2018-10-18 13:35:57 - [TEST_STEP][PASSED] - Statement - odds = new java.util.ArrayList(): null

2018-10-18 13:35:57 - [TEST_STEP][PASSED] - Statement - odds.addAll(java.util.Arrays.asList(meron, draw, ftd, wala)): null

2018-10-18 13:35:57 - [TEST_STEP][PASSED] - Statement - rand = new java.util.Random(): null

2018-10-18 13:35:57 - [TEST_STEP][PASSED] - Statement - randodds = rand.nextInt(odds.size()): null

2018-10-18 13:35:57 - [TEST_STEP][PASSED] - Statement - log.logInfo(" meron[0] draw[1] ftd[2] wala[3] ::" + randodds):  meron[0] draw[1] ftd[2] wala[3] ::1

2018-10-18 13:35:57 - [TEST_STEP][PASSED] - Statement - log.logInfo("Odds Selected = " + odds.get(randodds)): Odds Selected = TestObject - 'Object Repository/Frontend/MatchBetting/button_Drawodds'

2018-10-18 13:35:57 - [TEST_STEP][PASSED] - click: Object: 'Object Repository/Frontend/MatchBetting/button_Drawodds' is clicked on

2018-10-18 13:35:58 - [MESSAGE][PASSED] - Object: 'Object Repository/Frontend/MatchBetting/button_Drawodds' is clicked on

2018-10-18 13:35:58 - [TEST_STEP][PASSED] - verifyElementPresent: Object 'Object Repository/Frontend/MatchBetting/span_Possiblewinning' is present

2018-10-18 13:35:58 - [MESSAGE][PASSED] - Object 'Object Repository/Frontend/MatchBetting/span_Possiblewinning' is present

2018-10-18 13:35:58 - [TEST_STEP][PASSED] - Statement - RA = <not implemented yet for class: org.codehaus.groovy.ast.expr.EmptyExpression>: null

2018-10-18 13:35:58 - [TEST_STEP][PASSED] - Statement - RA = java.lang.Math.random() * 20: null

2018-10-18 13:35:58 - [TEST_STEP][PASSED] - Statement - log.logInfo("Random amount = " + RA): Random amount = 3

2018-10-18 13:35:58 - [TEST_STEP][PASSED] - setText: Text '300' is set on object 'Object Repository/Frontend/MatchBetting/input_stake'

2018-10-18 13:35:58 - [MESSAGE][PASSED] - Text '300' is set on object 'Object Repository/Frontend/MatchBetting/input_stake'

2018-10-18 13:35:58 - [TEST_STEP][PASSED] - delay: Delayed 2 second(s)

2018-10-18 13:36:00 - [MESSAGE][PASSED] - Delayed 2 second(s)

2018-10-18 13:36:00 - [TEST_STEP][PASSED] - click: Object: 'Object Repository/Frontend/MatchBetting/button_Bet' is clicked on

2018-10-18 13:36:00 - [MESSAGE][PASSED] - Object: 'Object Repository/Frontend/MatchBetting/button_Bet' is clicked on

2018-10-18 13:36:00 - [TEST_STEP][PASSED] - waitForElementPresent: Object 'Object Repository/Frontend/MatchBetting/BetslipAdded' is present

2018-10-18 13:36:00 - [MESSAGE][PASSED] - Object 'Object Repository/Frontend/MatchBetting/BetslipAdded' is present

2018-10-18 13:36:00 - [TEST_STEP][PASSED] - delay: Delayed 3 second(s)

2018-10-18 13:36:03 - [MESSAGE][PASSED] - Delayed 3 second(s)

2018-10-18 13:36:03 - [TEST_STEP][PASSED] - Statement - log.logInfo("User balance " + balance): User balance 1,000,624,702.00

2018-10-18 13:36:03 - [TEST_STEP][PASSED] - Statement - odds = new java.util.ArrayList(): null

2018-10-18 13:36:03 - [TEST_STEP][PASSED] - Statement - odds.addAll(java.util.Arrays.asList(meron, draw, ftd, wala)): null

2018-10-18 13:36:03 - [TEST_STEP][PASSED] - Statement - rand = new java.util.Random(): null

2018-10-18 13:36:03 - [TEST_STEP][PASSED] - Statement - randodds = rand.nextInt(odds.size()): null

2018-10-18 13:36:03 - [TEST_STEP][PASSED] - Statement - log.logInfo(" meron[0] draw[1] ftd[2] wala[3] ::" + randodds):  meron[0] draw[1] ftd[2] wala[3] ::3

2018-10-18 13:36:03 - [TEST_STEP][PASSED] - Statement - log.logInfo("Odds Selected = " + odds.get(randodds)): Odds Selected = TestObject - 'Object Repository/Frontend/MatchBetting/button_Walaodds'

2018-10-18 13:36:03 - [TEST_STEP][PASSED] - click: Object: 'Object Repository/Frontend/MatchBetting/button_Walaodds' is clicked on

2018-10-18 13:36:03 - [MESSAGE][PASSED] - Object: 'Object Repository/Frontend/MatchBetting/button_Walaodds' is clicked on

2018-10-18 13:36:03 - [TEST_STEP][PASSED] - verifyElementPresent: Object 'Object Repository/Frontend/MatchBetting/span_Possiblewinning' is present

2018-10-18 13:36:03 - [MESSAGE][PASSED] - Object 'Object Repository/Frontend/MatchBetting/span_Possiblewinning' is present

2018-10-18 13:36:03 - [TEST_STEP][PASSED] - Statement - RA = <not implemented yet for class: org.codehaus.groovy.ast.expr.EmptyExpression>: null

2018-10-18 13:36:03 - [TEST_STEP][PASSED] - Statement - RA = java.lang.Math.random() * 20: null

2018-10-18 13:36:03 - [TEST_STEP][PASSED] - Statement - log.logInfo("Random amount = " + RA): Random amount = 14

2018-10-18 13:36:03 - [TEST_STEP][PASSED] - setText: Text '1400' is set on object 'Object Repository/Frontend/MatchBetting/input_stake'

2018-10-18 13:36:03 - [MESSAGE][PASSED] - Text '1400' is set on object 'Object Repository/Frontend/MatchBetting/input_stake'

2018-10-18 13:36:03 - [TEST_STEP][PASSED] - delay: Delayed 2 second(s)

2018-10-18 13:36:05 - [MESSAGE][PASSED] - Delayed 2 second(s)

2018-10-18 13:36:05 - [TEST_STEP][PASSED] - click: Object: 'Object Repository/Frontend/MatchBetting/button_Bet' is clicked on

2018-10-18 13:36:05 - [MESSAGE][PASSED] - Object: 'Object Repository/Frontend/MatchBetting/button_Bet' is clicked on

2018-10-18 13:36:05 - [TEST_STEP][PASSED] - waitForElementPresent: Object 'Object Repository/Frontend/MatchBetting/BetslipAdded' is present

2018-10-18 13:36:05 - [MESSAGE][PASSED] - Object 'Object Repository/Frontend/MatchBetting/BetslipAdded' is present

2018-10-18 13:36:05 - [TEST_STEP][PASSED] - delay: Delayed 3 second(s)

2018-10-18 13:36:08 - [MESSAGE][PASSED] - Delayed 3 second(s)

2018-10-18 13:36:08 - [TEST_STEP][PASSED] - Statement - log.logInfo("User balance " + balance): User balance 1,000,624,702.00

2018-10-18 13:36:08 - [TEST_STEP][PASSED] - Statement - odds = new java.util.ArrayList(): null

2018-10-18 13:36:08 - [TEST_STEP][PASSED] - Statement - odds.addAll(java.util.Arrays.asList(meron, draw, ftd, wala)): null

2018-10-18 13:36:08 - [TEST_STEP][PASSED] - Statement - rand = new java.util.Random(): null

2018-10-18 13:36:08 - [TEST_STEP][PASSED] - Statement - randodds = rand.nextInt(odds.size()): null

2018-10-18 13:36:08 - [TEST_STEP][PASSED] - Statement - log.logInfo(" meron[0] draw[1] ftd[2] wala[3] ::" + randodds):  meron[0] draw[1] ftd[2] wala[3] ::0

2018-10-18 13:36:08 - [TEST_STEP][PASSED] - Statement - log.logInfo("Odds Selected = " + odds.get(randodds)): Odds Selected = TestObject - 'Object Repository/Frontend/MatchBetting/button_Meronodds'

2018-10-18 13:36:08 - [TEST_STEP][PASSED] - click: Object: 'Object Repository/Frontend/MatchBetting/button_Meronodds' is clicked on

2018-10-18 13:36:08 - [MESSAGE][PASSED] - Object: 'Object Repository/Frontend/MatchBetting/button_Meronodds' is clicked on

2018-10-18 13:36:08 - [TEST_STEP][PASSED] - verifyElementPresent: Object 'Object Repository/Frontend/MatchBetting/span_Possiblewinning' is present

2018-10-18 13:36:08 - [MESSAGE][PASSED] - Object 'Object Repository/Frontend/MatchBetting/span_Possiblewinning' is present

2018-10-18 13:36:08 - [TEST_STEP][PASSED] - Statement - RA = <not implemented yet for class: org.codehaus.groovy.ast.expr.EmptyExpression>: null

2018-10-18 13:36:08 - [TEST_STEP][PASSED] - Statement - RA = java.lang.Math.random() * 20: null

2018-10-18 13:36:08 - [TEST_STEP][PASSED] - Statement - log.logInfo("Random amount = " + RA): Random amount = 16

2018-10-18 13:36:08 - [TEST_STEP][PASSED] - setText: Text '1600' is set on object 'Object Repository/Frontend/MatchBetting/input_stake'

2018-10-18 13:36:08 - [MESSAGE][PASSED] - Text '1600' is set on object 'Object Repository/Frontend/MatchBetting/input_stake'

2018-10-18 13:36:08 - [TEST_STEP][PASSED] - delay: Delayed 2 second(s)

2018-10-18 13:36:10 - [MESSAGE][PASSED] - Delayed 2 second(s)

2018-10-18 13:36:10 - [TEST_STEP][PASSED] - click: Object: 'Object Repository/Frontend/MatchBetting/button_Bet' is clicked on

2018-10-18 13:36:11 - [MESSAGE][PASSED] - Object: 'Object Repository/Frontend/MatchBetting/button_Bet' is clicked on

2018-10-18 13:36:11 - [TEST_STEP][PASSED] - waitForElementPresent: Object 'Object Repository/Frontend/MatchBetting/BetslipAdded' is present

2018-10-18 13:36:11 - [MESSAGE][PASSED] - Object 'Object Repository/Frontend/MatchBetting/BetslipAdded' is present

2018-10-18 13:36:11 - [TEST_STEP][PASSED] - delay: Delayed 3 second(s)

2018-10-18 13:36:14 - [MESSAGE][PASSED] - Delayed 3 second(s)

2018-10-18 13:36:14 - [TEST_STEP][PASSED] - Statement - log.logInfo("User balance " + balance): User balance 1,000,624,702.00

2018-10-18 13:36:14 - [TEST_STEP][PASSED] - Statement - odds = new java.util.ArrayList(): null

2018-10-18 13:36:14 - [TEST_STEP][PASSED] - Statement - odds.addAll(java.util.Arrays.asList(meron, draw, ftd, wala)): null

2018-10-18 13:36:14 - [TEST_STEP][PASSED] - Statement - rand = new java.util.Random(): null

2018-10-18 13:36:14 - [TEST_STEP][PASSED] - Statement - randodds = rand.nextInt(odds.size()): null

2018-10-18 13:36:14 - [TEST_STEP][PASSED] - Statement - log.logInfo(" meron[0] draw[1] ftd[2] wala[3] ::" + randodds):  meron[0] draw[1] ftd[2] wala[3] ::3

2018-10-18 13:36:14 - [TEST_STEP][PASSED] - Statement - log.logInfo("Odds Selected = " + odds.get(randodds)): Odds Selected = TestObject - 'Object Repository/Frontend/MatchBetting/button_Walaodds'

2018-10-18 13:36:14 - [TEST_STEP][PASSED] - click: Object: 'Object Repository/Frontend/MatchBetting/button_Walaodds' is clicked on

2018-10-18 13:36:14 - [MESSAGE][PASSED] - Object: 'Object Repository/Frontend/MatchBetting/button_Walaodds' is clicked on

2018-10-18 13:36:14 - [TEST_STEP][PASSED] - verifyElementPresent: Object 'Object Repository/Frontend/MatchBetting/span_Possiblewinning' is present

2018-10-18 13:36:14 - [MESSAGE][PASSED] - Object 'Object Repository/Frontend/MatchBetting/span_Possiblewinning' is present

2018-10-18 13:36:14 - [TEST_STEP][PASSED] - Statement - RA = <not implemented yet for class: org.codehaus.groovy.ast.expr.EmptyExpression>: null

2018-10-18 13:36:14 - [TEST_STEP][PASSED] - Statement - RA = java.lang.Math.random() * 20: null

2018-10-18 13:36:14 - [TEST_STEP][PASSED] - Statement - log.logInfo("Random amount = " + RA): Random amount = 10

2018-10-18 13:36:14 - [TEST_STEP][PASSED] - setText: Text '1000' is set on object 'Object Repository/Frontend/MatchBetting/input_stake'

2018-10-18 13:36:14 - [MESSAGE][PASSED] - Text '1000' is set on object 'Object Repository/Frontend/MatchBetting/input_stake'

2018-10-18 13:36:14 - [TEST_STEP][PASSED] - delay: Delayed 2 second(s)

2018-10-18 13:36:16 - [MESSAGE][PASSED] - Delayed 2 second(s)

2018-10-18 13:36:16 - [TEST_STEP][PASSED] - click: Object: 'Object Repository/Frontend/MatchBetting/button_Bet' is clicked on

2018-10-18 13:36:16 - [MESSAGE][PASSED] - Object: 'Object Repository/Frontend/MatchBetting/button_Bet' is clicked on

2018-10-18 13:36:16 - [TEST_STEP][PASSED] - waitForElementPresent: Object 'Object Repository/Frontend/MatchBetting/BetslipAdded' is present

2018-10-18 13:36:16 - [MESSAGE][PASSED] - Object 'Object Repository/Frontend/MatchBetting/BetslipAdded' is present

2018-10-18 13:36:16 - [TEST_STEP][PASSED] - delay: Delayed 3 second(s)

2018-10-18 13:36:19 - [MESSAGE][PASSED] - Delayed 3 second(s)

2018-10-18 13:36:19 - [TEST_STEP][PASSED] - Statement - log.logInfo("User balance " + balance): User balance 1,000,624,702.00

2018-10-18 13:36:19 - [TEST_STEP][PASSED] - Statement - odds = new java.util.ArrayList(): null

2018-10-18 13:36:19 - [TEST_STEP][PASSED] - Statement - odds.addAll(java.util.Arrays.asList(meron, draw, ftd, wala)): null

2018-10-18 13:36:19 - [TEST_STEP][PASSED] - Statement - rand = new java.util.Random(): null

2018-10-18 13:36:19 - [TEST_STEP][PASSED] - Statement - randodds = rand.nextInt(odds.size()): null

2018-10-18 13:36:19 - [TEST_STEP][PASSED] - Statement - log.logInfo(" meron[0] draw[1] ftd[2] wala[3] ::" + randodds):  meron[0] draw[1] ftd[2] wala[3] ::1

2018-10-18 13:36:19 - [TEST_STEP][PASSED] - Statement - log.logInfo("Odds Selected = " + odds.get(randodds)): Odds Selected = TestObject - 'Object Repository/Frontend/MatchBetting/button_Drawodds'

2018-10-18 13:36:19 - [TEST_STEP][PASSED] - click: Object: 'Object Repository/Frontend/MatchBetting/button_Drawodds' is clicked on

2018-10-18 13:36:19 - [MESSAGE][PASSED] - Object: 'Object Repository/Frontend/MatchBetting/button_Drawodds' is clicked on

2018-10-18 13:36:19 - [TEST_STEP][PASSED] - verifyElementPresent: Object 'Object Repository/Frontend/MatchBetting/span_Possiblewinning' is present

2018-10-18 13:36:19 - [MESSAGE][PASSED] - Object 'Object Repository/Frontend/MatchBetting/span_Possiblewinning' is present

2018-10-18 13:36:19 - [TEST_STEP][PASSED] - Statement - RA = <not implemented yet for class: org.codehaus.groovy.ast.expr.EmptyExpression>: null

2018-10-18 13:36:19 - [TEST_STEP][PASSED] - Statement - RA = java.lang.Math.random() * 20: null

2018-10-18 13:36:19 - [TEST_STEP][PASSED] - Statement - log.logInfo("Random amount = " + RA): Random amount = 14

2018-10-18 13:36:19 - [TEST_STEP][PASSED] - setText: Text '1400' is set on object 'Object Repository/Frontend/MatchBetting/input_stake'

2018-10-18 13:36:19 - [MESSAGE][PASSED] - Text '1400' is set on object 'Object Repository/Frontend/MatchBetting/input_stake'

2018-10-18 13:36:19 - [TEST_STEP][PASSED] - delay: Delayed 2 second(s)

2018-10-18 13:36:21 - [MESSAGE][PASSED] - Delayed 2 second(s)

2018-10-18 13:36:21 - [TEST_STEP][PASSED] - click: Object: 'Object Repository/Frontend/MatchBetting/button_Bet' is clicked on

2018-10-18 13:36:21 - [MESSAGE][PASSED] - Object: 'Object Repository/Frontend/MatchBetting/button_Bet' is clicked on

2018-10-18 13:36:21 - [TEST_STEP][PASSED] - waitForElementPresent: Object 'Object Repository/Frontend/MatchBetting/BetslipAdded' is present

2018-10-18 13:36:21 - [MESSAGE][PASSED] - Object 'Object Repository/Frontend/MatchBetting/BetslipAdded' is present

2018-10-18 13:36:21 - [TEST_STEP][PASSED] - delay: Delayed 3 second(s)

2018-10-18 13:36:24 - [MESSAGE][PASSED] - Delayed 3 second(s)

2018-10-18 13:36:24 - [TEST_STEP][PASSED] - Statement - log.logInfo("User balance " + balance): User balance 1,000,624,702.00

2018-10-18 13:36:24 - [TEST_STEP][PASSED] - Statement - odds = new java.util.ArrayList(): null

2018-10-18 13:36:24 - [TEST_STEP][PASSED] - Statement - odds.addAll(java.util.Arrays.asList(meron, draw, ftd, wala)): null

2018-10-18 13:36:24 - [TEST_STEP][PASSED] - Statement - rand = new java.util.Random(): null

2018-10-18 13:36:24 - [TEST_STEP][PASSED] - Statement - randodds = rand.nextInt(odds.size()): null

2018-10-18 13:36:24 - [TEST_STEP][PASSED] - Statement - log.logInfo(" meron[0] draw[1] ftd[2] wala[3] ::" + randodds):  meron[0] draw[1] ftd[2] wala[3] ::0

2018-10-18 13:36:24 - [TEST_STEP][PASSED] - Statement - log.logInfo("Odds Selected = " + odds.get(randodds)): Odds Selected = TestObject - 'Object Repository/Frontend/MatchBetting/button_Meronodds'

2018-10-18 13:36:24 - [TEST_STEP][PASSED] - click: Object: 'Object Repository/Frontend/MatchBetting/button_Meronodds' is clicked on

2018-10-18 13:36:24 - [MESSAGE][PASSED] - Object: 'Object Repository/Frontend/MatchBetting/button_Meronodds' is clicked on

2018-10-18 13:36:24 - [TEST_STEP][PASSED] - verifyElementPresent: Object 'Object Repository/Frontend/MatchBetting/span_Possiblewinning' is present

2018-10-18 13:36:24 - [MESSAGE][PASSED] - Object 'Object Repository/Frontend/MatchBetting/span_Possiblewinning' is present

2018-10-18 13:36:24 - [TEST_STEP][PASSED] - Statement - RA = <not implemented yet for class: org.codehaus.groovy.ast.expr.EmptyExpression>: null

2018-10-18 13:36:24 - [TEST_STEP][PASSED] - Statement - RA = java.lang.Math.random() * 20: null

2018-10-18 13:36:24 - [TEST_STEP][PASSED] - Statement - log.logInfo("Random amount = " + RA): Random amount = 2

2018-10-18 13:36:24 - [TEST_STEP][PASSED] - setText: Text '200' is set on object 'Object Repository/Frontend/MatchBetting/input_stake'

2018-10-18 13:36:24 - [MESSAGE][PASSED] - Text '200' is set on object 'Object Repository/Frontend/MatchBetting/input_stake'

2018-10-18 13:36:24 - [TEST_STEP][PASSED] - delay: Delayed 2 second(s)

2018-10-18 13:36:26 - [MESSAGE][PASSED] - Delayed 2 second(s)

2018-10-18 13:36:26 - [TEST_STEP][PASSED] - click: Object: 'Object Repository/Frontend/MatchBetting/button_Bet' is clicked on

2018-10-18 13:36:27 - [MESSAGE][PASSED] - Object: 'Object Repository/Frontend/MatchBetting/button_Bet' is clicked on

2018-10-18 13:36:27 - [TEST_STEP][PASSED] - waitForElementPresent: Object 'Object Repository/Frontend/MatchBetting/BetslipAdded' is present

2018-10-18 13:36:27 - [MESSAGE][PASSED] - Object 'Object Repository/Frontend/MatchBetting/BetslipAdded' is present

2018-10-18 13:36:27 - [TEST_STEP][PASSED] - delay: Delayed 3 second(s)

2018-10-18 13:36:30 - [MESSAGE][PASSED] - Delayed 3 second(s)

2018-10-18 13:36:30 - [TEST_STEP][PASSED] - Statement - log.logInfo("User balance " + balance): User balance 1,000,624,702.00

2018-10-18 13:36:30 - [TEST_STEP][PASSED] - Statement - odds = new java.util.ArrayList(): null

2018-10-18 13:36:30 - [TEST_STEP][PASSED] - Statement - odds.addAll(java.util.Arrays.asList(meron, draw, ftd, wala)): null

2018-10-18 13:36:30 - [TEST_STEP][PASSED] - Statement - rand = new java.util.Random(): null

2018-10-18 13:36:30 - [TEST_STEP][PASSED] - Statement - randodds = rand.nextInt(odds.size()): null

2018-10-18 13:36:30 - [TEST_STEP][PASSED] - Statement - log.logInfo(" meron[0] draw[1] ftd[2] wala[3] ::" + randodds):  meron[0] draw[1] ftd[2] wala[3] ::3

2018-10-18 13:36:30 - [TEST_STEP][PASSED] - Statement - log.logInfo("Odds Selected = " + odds.get(randodds)): Odds Selected = TestObject - 'Object Repository/Frontend/MatchBetting/button_Walaodds'

2018-10-18 13:36:30 - [TEST_STEP][PASSED] - click: Object: 'Object Repository/Frontend/MatchBetting/button_Walaodds' is clicked on

2018-10-18 13:36:30 - [MESSAGE][PASSED] - Object: 'Object Repository/Frontend/MatchBetting/button_Walaodds' is clicked on

2018-10-18 13:36:30 - [TEST_STEP][PASSED] - verifyElementPresent: Object 'Object Repository/Frontend/MatchBetting/span_Possiblewinning' is present

2018-10-18 13:36:30 - [MESSAGE][PASSED] - Object 'Object Repository/Frontend/MatchBetting/span_Possiblewinning' is present

2018-10-18 13:36:30 - [TEST_STEP][PASSED] - Statement - RA = <not implemented yet for class: org.codehaus.groovy.ast.expr.EmptyExpression>: null

2018-10-18 13:36:30 - [TEST_STEP][PASSED] - Statement - RA = java.lang.Math.random() * 20: null

2018-10-18 13:36:30 - [TEST_STEP][PASSED] - Statement - log.logInfo("Random amount = " + RA): Random amount = 17

2018-10-18 13:36:30 - [TEST_STEP][PASSED] - setText: Text '1700' is set on object 'Object Repository/Frontend/MatchBetting/input_stake'

2018-10-18 13:36:30 - [MESSAGE][PASSED] - Text '1700' is set on object 'Object Repository/Frontend/MatchBetting/input_stake'

2018-10-18 13:36:30 - [TEST_STEP][PASSED] - delay: Delayed 2 second(s)

2018-10-18 13:36:32 - [MESSAGE][PASSED] - Delayed 2 second(s)

2018-10-18 13:36:32 - [TEST_STEP][PASSED] - click: Object: 'Object Repository/Frontend/MatchBetting/button_Bet' is clicked on

2018-10-18 13:36:32 - [MESSAGE][PASSED] - Object: 'Object Repository/Frontend/MatchBetting/button_Bet' is clicked on

2018-10-18 13:36:32 - [TEST_STEP][PASSED] - waitForElementPresent: Object 'Object Repository/Frontend/MatchBetting/BetslipAdded' is present

2018-10-18 13:36:32 - [MESSAGE][PASSED] - Object 'Object Repository/Frontend/MatchBetting/BetslipAdded' is present

2018-10-18 13:36:32 - [TEST_STEP][PASSED] - delay: Delayed 3 second(s)

2018-10-18 13:36:35 - [MESSAGE][PASSED] - Delayed 3 second(s)

2018-10-18 13:36:35 - [TEST_STEP][PASSED] - Statement - log.logInfo("User balance " + balance): User balance 1,000,624,702.00

2018-10-18 13:36:35 - [TEST_STEP][PASSED] - Statement - odds = new java.util.ArrayList(): null

2018-10-18 13:36:35 - [TEST_STEP][PASSED] - Statement - odds.addAll(java.util.Arrays.asList(meron, draw, ftd, wala)): null

2018-10-18 13:36:35 - [TEST_STEP][PASSED] - Statement - rand = new java.util.Random(): null

2018-10-18 13:36:35 - [TEST_STEP][PASSED] - Statement - randodds = rand.nextInt(odds.size()): null

2018-10-18 13:36:35 - [TEST_STEP][PASSED] - Statement - log.logInfo(" meron[0] draw[1] ftd[2] wala[3] ::" + randodds):  meron[0] draw[1] ftd[2] wala[3] ::2

2018-10-18 13:36:35 - [TEST_STEP][PASSED] - Statement - log.logInfo("Odds Selected = " + odds.get(randodds)): Odds Selected = TestObject - 'Object Repository/Frontend/MatchBetting/button_FTDodds'

2018-10-18 13:36:35 - [TEST_STEP][PASSED] - click: Object: 'Object Repository/Frontend/MatchBetting/button_FTDodds' is clicked on

2018-10-18 13:36:35 - [MESSAGE][PASSED] - Object: 'Object Repository/Frontend/MatchBetting/button_FTDodds' is clicked on

2018-10-18 13:36:35 - [TEST_STEP][PASSED] - verifyElementPresent: Object 'Object Repository/Frontend/MatchBetting/span_Possiblewinning' is present

2018-10-18 13:36:35 - [MESSAGE][PASSED] - Object 'Object Repository/Frontend/MatchBetting/span_Possiblewinning' is present

2018-10-18 13:36:35 - [TEST_STEP][PASSED] - Statement - RA = <not implemented yet for class: org.codehaus.groovy.ast.expr.EmptyExpression>: null

2018-10-18 13:36:35 - [TEST_STEP][PASSED] - Statement - RA = java.lang.Math.random() * 20: null

2018-10-18 13:36:35 - [TEST_STEP][PASSED] - Statement - log.logInfo("Random amount = " + RA): Random amount = 10

2018-10-18 13:36:35 - [TEST_STEP][PASSED] - setText: Text '1000' is set on object 'Object Repository/Frontend/MatchBetting/input_stake'

2018-10-18 13:36:35 - [MESSAGE][PASSED] - Text '1000' is set on object 'Object Repository/Frontend/MatchBetting/input_stake'

2018-10-18 13:36:35 - [TEST_STEP][PASSED] - delay: Delayed 2 second(s)

2018-10-18 13:36:37 - [MESSAGE][PASSED] - Delayed 2 second(s)

2018-10-18 13:36:37 - [TEST_STEP][PASSED] - click: Object: 'Object Repository/Frontend/MatchBetting/button_Bet' is clicked on

2018-10-18 13:36:37 - [MESSAGE][PASSED] - Object: 'Object Repository/Frontend/MatchBetting/button_Bet' is clicked on

2018-10-18 13:36:37 - [TEST_STEP][PASSED] - waitForElementPresent: Object 'Object Repository/Frontend/MatchBetting/BetslipAdded' is present

2018-10-18 13:36:38 - [MESSAGE][PASSED] - Object 'Object Repository/Frontend/MatchBetting/BetslipAdded' is present

2018-10-18 13:36:38 - [TEST_STEP][PASSED] - delay: Delayed 3 second(s)

2018-10-18 13:36:41 - [MESSAGE][PASSED] - Delayed 3 second(s)

2018-10-18 13:36:41 - [TEST_STEP][PASSED] - Statement - log.logInfo("User balance " + balance): User balance 1,000,624,702.00

2018-10-18 13:36:41 - [TEST_STEP][PASSED] - Statement - odds = new java.util.ArrayList(): null

2018-10-18 13:36:41 - [TEST_STEP][PASSED] - Statement - odds.addAll(java.util.Arrays.asList(meron, draw, ftd, wala)): null

2018-10-18 13:36:41 - [TEST_STEP][PASSED] - Statement - rand = new java.util.Random(): null

2018-10-18 13:36:41 - [TEST_STEP][PASSED] - Statement - randodds = rand.nextInt(odds.size()): null

2018-10-18 13:36:41 - [TEST_STEP][PASSED] - Statement - log.logInfo(" meron[0] draw[1] ftd[2] wala[3] ::" + randodds):  meron[0] draw[1] ftd[2] wala[3] ::1

2018-10-18 13:36:41 - [TEST_STEP][PASSED] - Statement - log.logInfo("Odds Selected = " + odds.get(randodds)): Odds Selected = TestObject - 'Object Repository/Frontend/MatchBetting/button_Drawodds'

2018-10-18 13:36:41 - [TEST_STEP][PASSED] - click: Object: 'Object Repository/Frontend/MatchBetting/button_Drawodds' is clicked on

2018-10-18 13:36:41 - [MESSAGE][PASSED] - Object: 'Object Repository/Frontend/MatchBetting/button_Drawodds' is clicked on

2018-10-18 13:36:41 - [TEST_STEP][PASSED] - verifyElementPresent: Object 'Object Repository/Frontend/MatchBetting/span_Possiblewinning' is present

2018-10-18 13:36:41 - [MESSAGE][PASSED] - Object 'Object Repository/Frontend/MatchBetting/span_Possiblewinning' is present

2018-10-18 13:36:41 - [TEST_STEP][PASSED] - Statement - RA = <not implemented yet for class: org.codehaus.groovy.ast.expr.EmptyExpression>: null

2018-10-18 13:36:41 - [TEST_STEP][PASSED] - Statement - RA = java.lang.Math.random() * 20: null

2018-10-18 13:36:41 - [TEST_STEP][PASSED] - Statement - log.logInfo("Random amount = " + RA): Random amount = 0

2018-10-18 13:36:41 - [TEST_STEP][PASSED] - setText: Text '000' is set on object 'Object Repository/Frontend/MatchBetting/input_stake'

2018-10-18 13:36:41 - [MESSAGE][PASSED] - Text '000' is set on object 'Object Repository/Frontend/MatchBetting/input_stake'

2018-10-18 13:36:41 - [TEST_STEP][PASSED] - delay: Delayed 2 second(s)

2018-10-18 13:36:43 - [MESSAGE][PASSED] - Delayed 2 second(s)

2018-10-18 13:36:43 - [TEST_STEP][PASSED] - click: Object: 'Object Repository/Frontend/MatchBetting/button_Bet' is clicked on

2018-10-18 13:36:43 - [MESSAGE][PASSED] - Object: 'Object Repository/Frontend/MatchBetting/button_Bet' is clicked on

2018-10-18 13:36:43 - [TEST_STEP][PASSED] - waitForElementPresent: Object 'Object Repository/Frontend/MatchBetting/BetslipAdded' is present

2018-10-18 13:36:43 - [MESSAGE][PASSED] - Object 'Object Repository/Frontend/MatchBetting/BetslipAdded' is present

2018-10-18 13:36:43 - [TEST_STEP][PASSED] - delay: Delayed 3 second(s)

2018-10-18 13:36:46 - [MESSAGE][PASSED] - Delayed 3 second(s)

2018-10-18 13:36:46 - [TEST_STEP][PASSED] - Statement - log.logInfo("User balance " + balance): User balance 1,000,624,702.00

2018-10-18 13:36:46 - [TEST_STEP][PASSED] - Statement - odds = new java.util.ArrayList(): null

2018-10-18 13:36:46 - [TEST_STEP][PASSED] - Statement - odds.addAll(java.util.Arrays.asList(meron, draw, ftd, wala)): null

2018-10-18 13:36:46 - [TEST_STEP][PASSED] - Statement - rand = new java.util.Random(): null

2018-10-18 13:36:46 - [TEST_STEP][PASSED] - Statement - randodds = rand.nextInt(odds.size()): null

2018-10-18 13:36:46 - [TEST_STEP][PASSED] - Statement - log.logInfo(" meron[0] draw[1] ftd[2] wala[3] ::" + randodds):  meron[0] draw[1] ftd[2] wala[3] ::1

2018-10-18 13:36:46 - [TEST_STEP][PASSED] - Statement - log.logInfo("Odds Selected = " + odds.get(randodds)): Odds Selected = TestObject - 'Object Repository/Frontend/MatchBetting/button_Drawodds'

2018-10-18 13:36:46 - [TEST_STEP][PASSED] - click: Object: 'Object Repository/Frontend/MatchBetting/button_Drawodds' is clicked on

2018-10-18 13:36:46 - [MESSAGE][PASSED] - Object: 'Object Repository/Frontend/MatchBetting/button_Drawodds' is clicked on

2018-10-18 13:36:46 - [TEST_STEP][PASSED] - verifyElementPresent: Object 'Object Repository/Frontend/MatchBetting/span_Possiblewinning' is present

2018-10-18 13:36:46 - [MESSAGE][PASSED] - Object 'Object Repository/Frontend/MatchBetting/span_Possiblewinning' is present

2018-10-18 13:36:46 - [TEST_STEP][PASSED] - Statement - RA = <not implemented yet for class: org.codehaus.groovy.ast.expr.EmptyExpression>: null

2018-10-18 13:36:46 - [TEST_STEP][PASSED] - Statement - RA = java.lang.Math.random() * 20: null

2018-10-18 13:36:46 - [TEST_STEP][PASSED] - Statement - log.logInfo("Random amount = " + RA): Random amount = 17

2018-10-18 13:36:46 - [TEST_STEP][PASSED] - setText: Text '1700' is set on object 'Object Repository/Frontend/MatchBetting/input_stake'

2018-10-18 13:36:46 - [MESSAGE][PASSED] - Text '1700' is set on object 'Object Repository/Frontend/MatchBetting/input_stake'

2018-10-18 13:36:46 - [TEST_STEP][PASSED] - delay: Delayed 2 second(s)

2018-10-18 13:36:48 - [MESSAGE][PASSED] - Delayed 2 second(s)

2018-10-18 13:36:48 - [TEST_STEP][PASSED] - click: Object: 'Object Repository/Frontend/MatchBetting/button_Bet' is clicked on

2018-10-18 13:36:48 - [MESSAGE][PASSED] - Object: 'Object Repository/Frontend/MatchBetting/button_Bet' is clicked on

2018-10-18 13:36:48 - [TEST_STEP][PASSED] - waitForElementPresent: Object 'Object Repository/Frontend/MatchBetting/BetslipAdded' is present

2018-10-18 13:36:48 - [MESSAGE][PASSED] - Object 'Object Repository/Frontend/MatchBetting/BetslipAdded' is present

2018-10-18 13:36:48 - [TEST_STEP][PASSED] - delay: Delayed 3 second(s)

2018-10-18 13:36:51 - [MESSAGE][PASSED] - Delayed 3 second(s)

2018-10-18 13:36:51 - [TEST_STEP][PASSED] - Statement - log.logInfo("User balance " + balance): User balance 1,000,624,702.00

2018-10-18 13:36:51 - [TEST_STEP][PASSED] - Statement - odds = new java.util.ArrayList(): null

2018-10-18 13:36:51 - [TEST_STEP][PASSED] - Statement - odds.addAll(java.util.Arrays.asList(meron, draw, ftd, wala)): null

2018-10-18 13:36:51 - [TEST_STEP][PASSED] - Statement - rand = new java.util.Random(): null

2018-10-18 13:36:51 - [TEST_STEP][PASSED] - Statement - randodds = rand.nextInt(odds.size()): null

2018-10-18 13:36:51 - [TEST_STEP][PASSED] - Statement - log.logInfo(" meron[0] draw[1] ftd[2] wala[3] ::" + randodds):  meron[0] draw[1] ftd[2] wala[3] ::2

2018-10-18 13:36:51 - [TEST_STEP][PASSED] - Statement - log.logInfo("Odds Selected = " + odds.get(randodds)): Odds Selected = TestObject - 'Object Repository/Frontend/MatchBetting/button_FTDodds'

2018-10-18 13:36:51 - [TEST_STEP][PASSED] - click: Object: 'Object Repository/Frontend/MatchBetting/button_FTDodds' is clicked on

2018-10-18 13:36:51 - [MESSAGE][PASSED] - Object: 'Object Repository/Frontend/MatchBetting/button_FTDodds' is clicked on

2018-10-18 13:36:51 - [TEST_STEP][PASSED] - verifyElementPresent: Object 'Object Repository/Frontend/MatchBetting/span_Possiblewinning' is present

2018-10-18 13:36:51 - [MESSAGE][PASSED] - Object 'Object Repository/Frontend/MatchBetting/span_Possiblewinning' is present

2018-10-18 13:36:51 - [TEST_STEP][PASSED] - Statement - RA = <not implemented yet for class: org.codehaus.groovy.ast.expr.EmptyExpression>: null

2018-10-18 13:36:51 - [TEST_STEP][PASSED] - Statement - RA = java.lang.Math.random() * 20: null

2018-10-18 13:36:51 - [TEST_STEP][PASSED] - Statement - log.logInfo("Random amount = " + RA): Random amount = 16

2018-10-18 13:36:51 - [TEST_STEP][PASSED] - setText: Text '1600' is set on object 'Object Repository/Frontend/MatchBetting/input_stake'

2018-10-18 13:36:51 - [MESSAGE][PASSED] - Text '1600' is set on object 'Object Repository/Frontend/MatchBetting/input_stake'

2018-10-18 13:36:51 - [TEST_STEP][PASSED] - delay: Delayed 2 second(s)

2018-10-18 13:36:53 - [MESSAGE][PASSED] - Delayed 2 second(s)

2018-10-18 13:36:53 - [TEST_STEP][PASSED] - click: Object: 'Object Repository/Frontend/MatchBetting/button_Bet' is clicked on

2018-10-18 13:36:53 - [MESSAGE][PASSED] - Object: 'Object Repository/Frontend/MatchBetting/button_Bet' is clicked on

2018-10-18 13:36:53 - [TEST_STEP][PASSED] - waitForElementPresent: Object 'Object Repository/Frontend/MatchBetting/BetslipAdded' is present

2018-10-18 13:36:53 - [MESSAGE][PASSED] - Object 'Object Repository/Frontend/MatchBetting/BetslipAdded' is present

2018-10-18 13:36:53 - [TEST_STEP][PASSED] - delay: Delayed 3 second(s)

2018-10-18 13:36:56 - [MESSAGE][PASSED] - Delayed 3 second(s)

2018-10-18 13:36:56 - [TEST_STEP][PASSED] - Statement - log.logInfo("User balance " + balance): User balance 1,000,624,702.00

2018-10-18 13:36:56 - [TEST_STEP][PASSED] - Statement - odds = new java.util.ArrayList(): null

2018-10-18 13:36:56 - [TEST_STEP][PASSED] - Statement - odds.addAll(java.util.Arrays.asList(meron, draw, ftd, wala)): null

2018-10-18 13:36:56 - [TEST_STEP][PASSED] - Statement - rand = new java.util.Random(): null

2018-10-18 13:36:56 - [TEST_STEP][PASSED] - Statement - randodds = rand.nextInt(odds.size()): null

2018-10-18 13:36:56 - [TEST_STEP][PASSED] - Statement - log.logInfo(" meron[0] draw[1] ftd[2] wala[3] ::" + randodds):  meron[0] draw[1] ftd[2] wala[3] ::0

2018-10-18 13:36:56 - [TEST_STEP][PASSED] - Statement - log.logInfo("Odds Selected = " + odds.get(randodds)): Odds Selected = TestObject - 'Object Repository/Frontend/MatchBetting/button_Meronodds'

2018-10-18 13:36:56 - [TEST_STEP][PASSED] - click: Object: 'Object Repository/Frontend/MatchBetting/button_Meronodds' is clicked on

2018-10-18 13:36:57 - [MESSAGE][PASSED] - Object: 'Object Repository/Frontend/MatchBetting/button_Meronodds' is clicked on

2018-10-18 13:36:57 - [TEST_STEP][PASSED] - verifyElementPresent: Object 'Object Repository/Frontend/MatchBetting/span_Possiblewinning' is present

2018-10-18 13:36:57 - [MESSAGE][PASSED] - Object 'Object Repository/Frontend/MatchBetting/span_Possiblewinning' is present

2018-10-18 13:36:57 - [TEST_STEP][PASSED] - Statement - RA = <not implemented yet for class: org.codehaus.groovy.ast.expr.EmptyExpression>: null

2018-10-18 13:36:57 - [TEST_STEP][PASSED] - Statement - RA = java.lang.Math.random() * 20: null

2018-10-18 13:36:57 - [TEST_STEP][PASSED] - Statement - log.logInfo("Random amount = " + RA): Random amount = 15

2018-10-18 13:36:57 - [TEST_STEP][PASSED] - setText: Text '1500' is set on object 'Object Repository/Frontend/MatchBetting/input_stake'

2018-10-18 13:36:57 - [MESSAGE][PASSED] - Text '1500' is set on object 'Object Repository/Frontend/MatchBetting/input_stake'

2018-10-18 13:36:57 - [TEST_STEP][PASSED] - delay: Delayed 2 second(s)

2018-10-18 13:36:59 - [MESSAGE][PASSED] - Delayed 2 second(s)

2018-10-18 13:36:59 - [TEST_STEP][PASSED] - click: Object: 'Object Repository/Frontend/MatchBetting/button_Bet' is clicked on

2018-10-18 13:36:59 - [MESSAGE][PASSED] - Object: 'Object Repository/Frontend/MatchBetting/button_Bet' is clicked on

2018-10-18 13:36:59 - [TEST_STEP][PASSED] - waitForElementPresent: Object 'Object Repository/Frontend/MatchBetting/BetslipAdded' is present

2018-10-18 13:36:59 - [MESSAGE][PASSED] - Object 'Object Repository/Frontend/MatchBetting/BetslipAdded' is present

2018-10-18 13:36:59 - [TEST_STEP][PASSED] - delay: Delayed 3 second(s)

2018-10-18 13:37:02 - [MESSAGE][PASSED] - Delayed 3 second(s)

2018-10-18 13:37:02 - [TEST_STEP][PASSED] - Statement - log.logInfo("User balance " + balance): User balance 1,000,624,702.00

2018-10-18 13:37:02 - [TEST_STEP][PASSED] - Statement - odds = new java.util.ArrayList(): null

2018-10-18 13:37:02 - [TEST_STEP][PASSED] - Statement - odds.addAll(java.util.Arrays.asList(meron, draw, ftd, wala)): null

2018-10-18 13:37:02 - [TEST_STEP][PASSED] - Statement - rand = new java.util.Random(): null

2018-10-18 13:37:02 - [TEST_STEP][PASSED] - Statement - randodds = rand.nextInt(odds.size()): null

2018-10-18 13:37:02 - [TEST_STEP][PASSED] - Statement - log.logInfo(" meron[0] draw[1] ftd[2] wala[3] ::" + randodds):  meron[0] draw[1] ftd[2] wala[3] ::3

2018-10-18 13:37:02 - [TEST_STEP][PASSED] - Statement - log.logInfo("Odds Selected = " + odds.get(randodds)): Odds Selected = TestObject - 'Object Repository/Frontend/MatchBetting/button_Walaodds'

2018-10-18 13:37:02 - [TEST_STEP][PASSED] - click: Object: 'Object Repository/Frontend/MatchBetting/button_Walaodds' is clicked on

2018-10-18 13:37:02 - [MESSAGE][PASSED] - Object: 'Object Repository/Frontend/MatchBetting/button_Walaodds' is clicked on

2018-10-18 13:37:02 - [TEST_STEP][PASSED] - verifyElementPresent: Object 'Object Repository/Frontend/MatchBetting/span_Possiblewinning' is present

2018-10-18 13:37:02 - [MESSAGE][PASSED] - Object 'Object Repository/Frontend/MatchBetting/span_Possiblewinning' is present

2018-10-18 13:37:02 - [TEST_STEP][PASSED] - Statement - RA = <not implemented yet for class: org.codehaus.groovy.ast.expr.EmptyExpression>: null

2018-10-18 13:37:02 - [TEST_STEP][PASSED] - Statement - RA = java.lang.Math.random() * 20: null

2018-10-18 13:37:02 - [TEST_STEP][PASSED] - Statement - log.logInfo("Random amount = " + RA): Random amount = 9

2018-10-18 13:37:02 - [TEST_STEP][PASSED] - setText: Text '900' is set on object 'Object Repository/Frontend/MatchBetting/input_stake'

2018-10-18 13:37:02 - [MESSAGE][PASSED] - Text '900' is set on object 'Object Repository/Frontend/MatchBetting/input_stake'

2018-10-18 13:37:02 - [TEST_STEP][PASSED] - delay: Delayed 2 second(s)

2018-10-18 13:37:04 - [MESSAGE][PASSED] - Delayed 2 second(s)

2018-10-18 13:37:04 - [TEST_STEP][PASSED] - click: Object: 'Object Repository/Frontend/MatchBetting/button_Bet' is clicked on

2018-10-18 13:37:04 - [MESSAGE][PASSED] - Object: 'Object Repository/Frontend/MatchBetting/button_Bet' is clicked on

2018-10-18 13:37:04 - [TEST_STEP][PASSED] - waitForElementPresent: Object 'Object Repository/Frontend/MatchBetting/BetslipAdded' is present

2018-10-18 13:37:04 - [MESSAGE][PASSED] - Object 'Object Repository/Frontend/MatchBetting/BetslipAdded' is present

2018-10-18 13:37:04 - [TEST_STEP][PASSED] - delay: Delayed 3 second(s)

2018-10-18 13:37:07 - [MESSAGE][PASSED] - Delayed 3 second(s)

2018-10-18 13:37:07 - [TEST_STEP][PASSED] - Statement - log.logInfo("User balance " + balance): User balance 1,000,624,702.00

2018-10-18 13:37:07 - [TEST_STEP][PASSED] - Statement - odds = new java.util.ArrayList(): null

2018-10-18 13:37:07 - [TEST_STEP][PASSED] - Statement - odds.addAll(java.util.Arrays.asList(meron, draw, ftd, wala)): null

2018-10-18 13:37:07 - [TEST_STEP][PASSED] - Statement - rand = new java.util.Random(): null

2018-10-18 13:37:07 - [TEST_STEP][PASSED] - Statement - randodds = rand.nextInt(odds.size()): null

2018-10-18 13:37:07 - [TEST_STEP][PASSED] - Statement - log.logInfo(" meron[0] draw[1] ftd[2] wala[3] ::" + randodds):  meron[0] draw[1] ftd[2] wala[3] ::2

2018-10-18 13:37:07 - [TEST_STEP][PASSED] - Statement - log.logInfo("Odds Selected = " + odds.get(randodds)): Odds Selected = TestObject - 'Object Repository/Frontend/MatchBetting/button_FTDodds'

2018-10-18 13:37:07 - [TEST_STEP][PASSED] - click: Object: 'Object Repository/Frontend/MatchBetting/button_FTDodds' is clicked on

2018-10-18 13:37:08 - [MESSAGE][PASSED] - Object: 'Object Repository/Frontend/MatchBetting/button_FTDodds' is clicked on

2018-10-18 13:37:08 - [TEST_STEP][PASSED] - verifyElementPresent: Object 'Object Repository/Frontend/MatchBetting/span_Possiblewinning' is present

2018-10-18 13:37:08 - [MESSAGE][PASSED] - Object 'Object Repository/Frontend/MatchBetting/span_Possiblewinning' is present

2018-10-18 13:37:08 - [TEST_STEP][PASSED] - Statement - RA = <not implemented yet for class: org.codehaus.groovy.ast.expr.EmptyExpression>: null

2018-10-18 13:37:08 - [TEST_STEP][PASSED] - Statement - RA = java.lang.Math.random() * 20: null

2018-10-18 13:37:08 - [TEST_STEP][PASSED] - Statement - log.logInfo("Random amount = " + RA): Random amount = 6

2018-10-18 13:37:08 - [TEST_STEP][PASSED] - setText: Text '600' is set on object 'Object Repository/Frontend/MatchBetting/input_stake'

2018-10-18 13:37:08 - [MESSAGE][PASSED] - Text '600' is set on object 'Object Repository/Frontend/MatchBetting/input_stake'

2018-10-18 13:37:08 - [TEST_STEP][PASSED] - delay: Delayed 2 second(s)

2018-10-18 13:37:10 - [MESSAGE][PASSED] - Delayed 2 second(s)

2018-10-18 13:37:10 - [TEST_STEP][PASSED] - click: Object: 'Object Repository/Frontend/MatchBetting/button_Bet' is clicked on

2018-10-18 13:37:10 - [MESSAGE][PASSED] - Object: 'Object Repository/Frontend/MatchBetting/button_Bet' is clicked on

2018-10-18 13:37:10 - [TEST_STEP][PASSED] - waitForElementPresent: Object 'Object Repository/Frontend/MatchBetting/BetslipAdded' is present

2018-10-18 13:37:10 - [MESSAGE][PASSED] - Object 'Object Repository/Frontend/MatchBetting/BetslipAdded' is present

2018-10-18 13:37:10 - [TEST_STEP][PASSED] - delay: Delayed 3 second(s)

2018-10-18 13:37:13 - [MESSAGE][PASSED] - Delayed 3 second(s)

2018-10-18 13:37:13 - [TEST_STEP][PASSED] - Statement - log.logInfo("User balance " + balance): User balance 1,000,624,702.00

2018-10-18 13:37:13 - [TEST_STEP][PASSED] - Statement - odds = new java.util.ArrayList(): null

2018-10-18 13:37:13 - [TEST_STEP][PASSED] - Statement - odds.addAll(java.util.Arrays.asList(meron, draw, ftd, wala)): null

2018-10-18 13:37:13 - [TEST_STEP][PASSED] - Statement - rand = new java.util.Random(): null

2018-10-18 13:37:13 - [TEST_STEP][PASSED] - Statement - randodds = rand.nextInt(odds.size()): null

2018-10-18 13:37:13 - [TEST_STEP][PASSED] - Statement - log.logInfo(" meron[0] draw[1] ftd[2] wala[3] ::" + randodds):  meron[0] draw[1] ftd[2] wala[3] ::1

2018-10-18 13:37:13 - [TEST_STEP][PASSED] - Statement - log.logInfo("Odds Selected = " + odds.get(randodds)): Odds Selected = TestObject - 'Object Repository/Frontend/MatchBetting/button_Drawodds'

2018-10-18 13:37:13 - [TEST_STEP][PASSED] - click: Object: 'Object Repository/Frontend/MatchBetting/button_Drawodds' is clicked on

2018-10-18 13:37:13 - [MESSAGE][PASSED] - Object: 'Object Repository/Frontend/MatchBetting/button_Drawodds' is clicked on

2018-10-18 13:37:13 - [TEST_STEP][PASSED] - verifyElementPresent: Object 'Object Repository/Frontend/MatchBetting/span_Possiblewinning' is present

2018-10-18 13:37:13 - [MESSAGE][PASSED] - Object 'Object Repository/Frontend/MatchBetting/span_Possiblewinning' is present

2018-10-18 13:37:13 - [TEST_STEP][PASSED] - Statement - RA = <not implemented yet for class: org.codehaus.groovy.ast.expr.EmptyExpression>: null

2018-10-18 13:37:13 - [TEST_STEP][PASSED] - Statement - RA = java.lang.Math.random() * 20: null

2018-10-18 13:37:13 - [TEST_STEP][PASSED] - Statement - log.logInfo("Random amount = " + RA): Random amount = 8

2018-10-18 13:37:13 - [TEST_STEP][PASSED] - setText: Text '800' is set on object 'Object Repository/Frontend/MatchBetting/input_stake'

2018-10-18 13:37:14 - [MESSAGE][PASSED] - Text '800' is set on object 'Object Repository/Frontend/MatchBetting/input_stake'

2018-10-18 13:37:14 - [TEST_STEP][PASSED] - delay: Delayed 2 second(s)

2018-10-18 13:37:16 - [MESSAGE][PASSED] - Delayed 2 second(s)

2018-10-18 13:37:16 - [TEST_STEP][PASSED] - click: Object: 'Object Repository/Frontend/MatchBetting/button_Bet' is clicked on

2018-10-18 13:37:16 - [MESSAGE][PASSED] - Object: 'Object Repository/Frontend/MatchBetting/button_Bet' is clicked on

2018-10-18 13:37:16 - [TEST_STEP][PASSED] - waitForElementPresent: Object 'Object Repository/Frontend/MatchBetting/BetslipAdded' is present

2018-10-18 13:37:16 - [MESSAGE][PASSED] - Object 'Object Repository/Frontend/MatchBetting/BetslipAdded' is present

2018-10-18 13:37:16 - [TEST_STEP][PASSED] - delay: Delayed 3 second(s)

2018-10-18 13:37:19 - [MESSAGE][PASSED] - Delayed 3 second(s)

2018-10-18 13:37:19 - [TEST_STEP][PASSED] - Statement - log.logInfo("User balance " + balance): User balance 1,000,624,702.00

2018-10-18 13:37:19 - [TEST_STEP][PASSED] - Statement - odds = new java.util.ArrayList(): null

2018-10-18 13:37:19 - [TEST_STEP][PASSED] - Statement - odds.addAll(java.util.Arrays.asList(meron, draw, ftd, wala)): null

2018-10-18 13:37:19 - [TEST_STEP][PASSED] - Statement - rand = new java.util.Random(): null

2018-10-18 13:37:19 - [TEST_STEP][PASSED] - Statement - randodds = rand.nextInt(odds.size()): null

2018-10-18 13:37:19 - [TEST_STEP][PASSED] - Statement - log.logInfo(" meron[0] draw[1] ftd[2] wala[3] ::" + randodds):  meron[0] draw[1] ftd[2] wala[3] ::1

2018-10-18 13:37:19 - [TEST_STEP][PASSED] - Statement - log.logInfo("Odds Selected = " + odds.get(randodds)): Odds Selected = TestObject - 'Object Repository/Frontend/MatchBetting/button_Drawodds'

2018-10-18 13:37:19 - [TEST_STEP][PASSED] - click: Object: 'Object Repository/Frontend/MatchBetting/button_Drawodds' is clicked on

2018-10-18 13:37:19 - [MESSAGE][PASSED] - Object: 'Object Repository/Frontend/MatchBetting/button_Drawodds' is clicked on

2018-10-18 13:37:19 - [TEST_STEP][PASSED] - verifyElementPresent: Object 'Object Repository/Frontend/MatchBetting/span_Possiblewinning' is present

2018-10-18 13:37:19 - [MESSAGE][PASSED] - Object 'Object Repository/Frontend/MatchBetting/span_Possiblewinning' is present

2018-10-18 13:37:19 - [TEST_STEP][PASSED] - Statement - RA = <not implemented yet for class: org.codehaus.groovy.ast.expr.EmptyExpression>: null

2018-10-18 13:37:19 - [TEST_STEP][PASSED] - Statement - RA = java.lang.Math.random() * 20: null

2018-10-18 13:37:19 - [TEST_STEP][PASSED] - Statement - log.logInfo("Random amount = " + RA): Random amount = 17

2018-10-18 13:37:19 - [TEST_STEP][PASSED] - setText: Text '1700' is set on object 'Object Repository/Frontend/MatchBetting/input_stake'

2018-10-18 13:37:19 - [MESSAGE][PASSED] - Text '1700' is set on object 'Object Repository/Frontend/MatchBetting/input_stake'

2018-10-18 13:37:19 - [TEST_STEP][PASSED] - delay: Delayed 2 second(s)

2018-10-18 13:37:21 - [MESSAGE][PASSED] - Delayed 2 second(s)

2018-10-18 13:37:21 - [TEST_STEP][PASSED] - click: Object: 'Object Repository/Frontend/MatchBetting/button_Bet' is clicked on

2018-10-18 13:37:21 - [MESSAGE][PASSED] - Object: 'Object Repository/Frontend/MatchBetting/button_Bet' is clicked on

2018-10-18 13:37:21 - [TEST_STEP][PASSED] - waitForElementPresent: Object 'Object Repository/Frontend/MatchBetting/BetslipAdded' is present

2018-10-18 13:37:21 - [MESSAGE][PASSED] - Object 'Object Repository/Frontend/MatchBetting/BetslipAdded' is present

2018-10-18 13:37:21 - [TEST_STEP][PASSED] - delay: Delayed 3 second(s)

2018-10-18 13:37:24 - [MESSAGE][PASSED] - Delayed 3 second(s)

2018-10-18 13:37:24 - [TEST_STEP][PASSED] - Statement - log.logInfo("User balance " + balance): User balance 1,000,624,702.00

2018-10-18 13:37:24 - [TEST_STEP][PASSED] - Statement - odds = new java.util.ArrayList(): null

2018-10-18 13:37:24 - [TEST_STEP][PASSED] - Statement - odds.addAll(java.util.Arrays.asList(meron, draw, ftd, wala)): null

2018-10-18 13:37:24 - [TEST_STEP][PASSED] - Statement - rand = new java.util.Random(): null

2018-10-18 13:37:24 - [TEST_STEP][PASSED] - Statement - randodds = rand.nextInt(odds.size()): null

2018-10-18 13:37:24 - [TEST_STEP][PASSED] - Statement - log.logInfo(" meron[0] draw[1] ftd[2] wala[3] ::" + randodds):  meron[0] draw[1] ftd[2] wala[3] ::3

2018-10-18 13:37:24 - [TEST_STEP][PASSED] - Statement - log.logInfo("Odds Selected = " + odds.get(randodds)): Odds Selected = TestObject - 'Object Repository/Frontend/MatchBetting/button_Walaodds'

2018-10-18 13:37:24 - [TEST_STEP][PASSED] - click: Object: 'Object Repository/Frontend/MatchBetting/button_Walaodds' is clicked on

2018-10-18 13:37:24 - [MESSAGE][PASSED] - Object: 'Object Repository/Frontend/MatchBetting/button_Walaodds' is clicked on

2018-10-18 13:37:24 - [TEST_STEP][PASSED] - verifyElementPresent: Object 'Object Repository/Frontend/MatchBetting/span_Possiblewinning' is present

2018-10-18 13:37:25 - [MESSAGE][PASSED] - Object 'Object Repository/Frontend/MatchBetting/span_Possiblewinning' is present

2018-10-18 13:37:25 - [TEST_STEP][PASSED] - Statement - RA = <not implemented yet for class: org.codehaus.groovy.ast.expr.EmptyExpression>: null

2018-10-18 13:37:25 - [TEST_STEP][PASSED] - Statement - RA = java.lang.Math.random() * 20: null

2018-10-18 13:37:25 - [TEST_STEP][PASSED] - Statement - log.logInfo("Random amount = " + RA): Random amount = 6

2018-10-18 13:37:25 - [TEST_STEP][PASSED] - setText: Text '600' is set on object 'Object Repository/Frontend/MatchBetting/input_stake'

2018-10-18 13:37:25 - [MESSAGE][PASSED] - Text '600' is set on object 'Object Repository/Frontend/MatchBetting/input_stake'

2018-10-18 13:37:25 - [TEST_STEP][PASSED] - delay: Delayed 2 second(s)

2018-10-18 13:37:27 - [MESSAGE][PASSED] - Delayed 2 second(s)

2018-10-18 13:37:27 - [TEST_STEP][PASSED] - click: Object: 'Object Repository/Frontend/MatchBetting/button_Bet' is clicked on

2018-10-18 13:37:27 - [MESSAGE][PASSED] - Object: 'Object Repository/Frontend/MatchBetting/button_Bet' is clicked on

2018-10-18 13:37:27 - [TEST_STEP][PASSED] - waitForElementPresent: Object 'Object Repository/Frontend/MatchBetting/BetslipAdded' is present

2018-10-18 13:37:27 - [MESSAGE][PASSED] - Object 'Object Repository/Frontend/MatchBetting/BetslipAdded' is present

2018-10-18 13:37:27 - [TEST_STEP][PASSED] - delay: Delayed 3 second(s)

2018-10-18 13:37:30 - [MESSAGE][PASSED] - Delayed 3 second(s)

2018-10-18 13:37:30 - [TEST_STEP][PASSED] - Statement - log.logInfo("User balance " + balance): User balance 1,000,624,702.00

2018-10-18 13:37:30 - [TEST_STEP][PASSED] - Statement - odds = new java.util.ArrayList(): null

2018-10-18 13:37:30 - [TEST_STEP][PASSED] - Statement - odds.addAll(java.util.Arrays.asList(meron, draw, ftd, wala)): null

2018-10-18 13:37:30 - [TEST_STEP][PASSED] - Statement - rand = new java.util.Random(): null

2018-10-18 13:37:30 - [TEST_STEP][PASSED] - Statement - randodds = rand.nextInt(odds.size()): null

2018-10-18 13:37:30 - [TEST_STEP][PASSED] - Statement - log.logInfo(" meron[0] draw[1] ftd[2] wala[3] ::" + randodds):  meron[0] draw[1] ftd[2] wala[3] ::2

2018-10-18 13:37:30 - [TEST_STEP][PASSED] - Statement - log.logInfo("Odds Selected = " + odds.get(randodds)): Odds Selected = TestObject - 'Object Repository/Frontend/MatchBetting/button_FTDodds'

2018-10-18 13:37:30 - [TEST_STEP][PASSED] - click: Object: 'Object Repository/Frontend/MatchBetting/button_FTDodds' is clicked on

2018-10-18 13:37:30 - [MESSAGE][PASSED] - Object: 'Object Repository/Frontend/MatchBetting/button_FTDodds' is clicked on

2018-10-18 13:37:30 - [TEST_STEP][PASSED] - verifyElementPresent: Object 'Object Repository/Frontend/MatchBetting/span_Possiblewinning' is present

2018-10-18 13:37:30 - [MESSAGE][PASSED] - Object 'Object Repository/Frontend/MatchBetting/span_Possiblewinning' is present

2018-10-18 13:37:30 - [TEST_STEP][PASSED] - Statement - RA = <not implemented yet for class: org.codehaus.groovy.ast.expr.EmptyExpression>: null

2018-10-18 13:37:30 - [TEST_STEP][PASSED] - Statement - RA = java.lang.Math.random() * 20: null

2018-10-18 13:37:30 - [TEST_STEP][PASSED] - Statement - log.logInfo("Random amount = " + RA): Random amount = 2

2018-10-18 13:37:30 - [TEST_STEP][PASSED] - setText: Text '200' is set on object 'Object Repository/Frontend/MatchBetting/input_stake'

2018-10-18 13:37:30 - [MESSAGE][PASSED] - Text '200' is set on object 'Object Repository/Frontend/MatchBetting/input_stake'

2018-10-18 13:37:30 - [TEST_STEP][PASSED] - delay: Delayed 2 second(s)

2018-10-18 13:37:32 - [MESSAGE][PASSED] - Delayed 2 second(s)

2018-10-18 13:37:32 - [TEST_STEP][PASSED] - click: Object: 'Object Repository/Frontend/MatchBetting/button_Bet' is clicked on

2018-10-18 13:37:32 - [MESSAGE][PASSED] - Object: 'Object Repository/Frontend/MatchBetting/button_Bet' is clicked on

2018-10-18 13:37:32 - [TEST_STEP][PASSED] - waitForElementPresent: Object 'Object Repository/Frontend/MatchBetting/BetslipAdded' is present

2018-10-18 13:37:32 - [MESSAGE][PASSED] - Object 'Object Repository/Frontend/MatchBetting/BetslipAdded' is present

2018-10-18 13:37:32 - [TEST_STEP][PASSED] - delay: Delayed 3 second(s)

2018-10-18 13:37:35 - [MESSAGE][PASSED] - Delayed 3 second(s)

2018-10-18 13:37:35 - [TEST_STEP][PASSED] - Statement - log.logInfo("User balance " + balance): User balance 1,000,624,702.00

2018-10-18 13:37:35 - [TEST_STEP][PASSED] - Statement - odds = new java.util.ArrayList(): null

2018-10-18 13:37:35 - [TEST_STEP][PASSED] - Statement - odds.addAll(java.util.Arrays.asList(meron, draw, ftd, wala)): null

2018-10-18 13:37:35 - [TEST_STEP][PASSED] - Statement - rand = new java.util.Random(): null

2018-10-18 13:37:35 - [TEST_STEP][PASSED] - Statement - randodds = rand.nextInt(odds.size()): null

2018-10-18 13:37:35 - [TEST_STEP][PASSED] - Statement - log.logInfo(" meron[0] draw[1] ftd[2] wala[3] ::" + randodds):  meron[0] draw[1] ftd[2] wala[3] ::1

2018-10-18 13:37:35 - [TEST_STEP][PASSED] - Statement - log.logInfo("Odds Selected = " + odds.get(randodds)): Odds Selected = TestObject - 'Object Repository/Frontend/MatchBetting/button_Drawodds'

2018-10-18 13:37:35 - [TEST_STEP][PASSED] - click: Object: 'Object Repository/Frontend/MatchBetting/button_Drawodds' is clicked on

2018-10-18 13:37:35 - [MESSAGE][PASSED] - Object: 'Object Repository/Frontend/MatchBetting/button_Drawodds' is clicked on

2018-10-18 13:37:35 - [TEST_STEP][PASSED] - verifyElementPresent: Object 'Object Repository/Frontend/MatchBetting/span_Possiblewinning' is present

2018-10-18 13:37:35 - [MESSAGE][PASSED] - Object 'Object Repository/Frontend/MatchBetting/span_Possiblewinning' is present

2018-10-18 13:37:35 - [TEST_STEP][PASSED] - Statement - RA = <not implemented yet for class: org.codehaus.groovy.ast.expr.EmptyExpression>: null

2018-10-18 13:37:35 - [TEST_STEP][PASSED] - Statement - RA = java.lang.Math.random() * 20: null

2018-10-18 13:37:35 - [TEST_STEP][PASSED] - Statement - log.logInfo("Random amount = " + RA): Random amount = 0

2018-10-18 13:37:35 - [TEST_STEP][PASSED] - setText: Text '000' is set on object 'Object Repository/Frontend/MatchBetting/input_stake'

2018-10-18 13:37:36 - [MESSAGE][PASSED] - Text '000' is set on object 'Object Repository/Frontend/MatchBetting/input_stake'

2018-10-18 13:37:36 - [TEST_STEP][PASSED] - delay: Delayed 2 second(s)

2018-10-18 13:37:38 - [MESSAGE][PASSED] - Delayed 2 second(s)

2018-10-18 13:37:38 - [TEST_STEP][PASSED] - click: Object: 'Object Repository/Frontend/MatchBetting/button_Bet' is clicked on

2018-10-18 13:37:38 - [MESSAGE][PASSED] - Object: 'Object Repository/Frontend/MatchBetting/button_Bet' is clicked on

2018-10-18 13:37:38 - [TEST_STEP][PASSED] - waitForElementPresent: Object 'Object Repository/Frontend/MatchBetting/BetslipAdded' is present

2018-10-18 13:37:38 - [MESSAGE][PASSED] - Object 'Object Repository/Frontend/MatchBetting/BetslipAdded' is present

2018-10-18 13:37:38 - [TEST_STEP][PASSED] - delay: Delayed 3 second(s)

2018-10-18 13:37:41 - [MESSAGE][PASSED] - Delayed 3 second(s)

2018-10-18 13:37:41 - [TEST_STEP][PASSED] - Statement - log.logInfo("User balance " + balance): User balance 1,000,624,702.00

2018-10-18 13:37:41 - [TEST_STEP][PASSED] - Statement - odds = new java.util.ArrayList(): null

2018-10-18 13:37:41 - [TEST_STEP][PASSED] - Statement - odds.addAll(java.util.Arrays.asList(meron, draw, ftd, wala)): null

2018-10-18 13:37:41 - [TEST_STEP][PASSED] - Statement - rand = new java.util.Random(): null

2018-10-18 13:37:41 - [TEST_STEP][PASSED] - Statement - randodds = rand.nextInt(odds.size()): null

2018-10-18 13:37:41 - [TEST_STEP][PASSED] - Statement - log.logInfo(" meron[0] draw[1] ftd[2] wala[3] ::" + randodds):  meron[0] draw[1] ftd[2] wala[3] ::2

2018-10-18 13:37:41 - [TEST_STEP][PASSED] - Statement - log.logInfo("Odds Selected = " + odds.get(randodds)): Odds Selected = TestObject - 'Object Repository/Frontend/MatchBetting/button_FTDodds'

2018-10-18 13:37:41 - [TEST_STEP][PASSED] - click: Object: 'Object Repository/Frontend/MatchBetting/button_FTDodds' is clicked on

2018-10-18 13:37:41 - [MESSAGE][PASSED] - Object: 'Object Repository/Frontend/MatchBetting/button_FTDodds' is clicked on

2018-10-18 13:37:41 - [TEST_STEP][PASSED] - verifyElementPresent: Object 'Object Repository/Frontend/MatchBetting/span_Possiblewinning' is present

2018-10-18 13:37:41 - [MESSAGE][PASSED] - Object 'Object Repository/Frontend/MatchBetting/span_Possiblewinning' is present

2018-10-18 13:37:41 - [TEST_STEP][PASSED] - Statement - RA = <not implemented yet for class: org.codehaus.groovy.ast.expr.EmptyExpression>: null

2018-10-18 13:37:41 - [TEST_STEP][PASSED] - Statement - RA = java.lang.Math.random() * 20: null

2018-10-18 13:37:41 - [TEST_STEP][PASSED] - Statement - log.logInfo("Random amount = " + RA): Random amount = 17

2018-10-18 13:37:41 - [TEST_STEP][PASSED] - setText: Text '1700' is set on object 'Object Repository/Frontend/MatchBetting/input_stake'

2018-10-18 13:37:41 - [MESSAGE][PASSED] - Text '1700' is set on object 'Object Repository/Frontend/MatchBetting/input_stake'

2018-10-18 13:37:41 - [TEST_STEP][PASSED] - delay: Delayed 2 second(s)

2018-10-18 13:37:43 - [MESSAGE][PASSED] - Delayed 2 second(s)

2018-10-18 13:37:43 - [TEST_STEP][PASSED] - click: Object: 'Object Repository/Frontend/MatchBetting/button_Bet' is clicked on

2018-10-18 13:37:43 - [MESSAGE][PASSED] - Object: 'Object Repository/Frontend/MatchBetting/button_Bet' is clicked on

2018-10-18 13:37:43 - [TEST_STEP][PASSED] - waitForElementPresent: Object 'Object Repository/Frontend/MatchBetting/BetslipAdded' is present

2018-10-18 13:37:43 - [MESSAGE][PASSED] - Object 'Object Repository/Frontend/MatchBetting/BetslipAdded' is present

2018-10-18 13:37:43 - [TEST_STEP][PASSED] - delay: Delayed 3 second(s)

2018-10-18 13:37:46 - [MESSAGE][PASSED] - Delayed 3 second(s)

2018-10-18 13:37:46 - [TEST_STEP][PASSED] - Statement - log.logInfo("User balance " + balance): User balance 1,000,624,702.00

2018-10-18 13:37:46 - [TEST_STEP][PASSED] - Statement - odds = new java.util.ArrayList(): null

2018-10-18 13:37:46 - [TEST_STEP][PASSED] - Statement - odds.addAll(java.util.Arrays.asList(meron, draw, ftd, wala)): null

2018-10-18 13:37:46 - [TEST_STEP][PASSED] - Statement - rand = new java.util.Random(): null

2018-10-18 13:37:46 - [TEST_STEP][PASSED] - Statement - randodds = rand.nextInt(odds.size()): null

2018-10-18 13:37:46 - [TEST_STEP][PASSED] - Statement - log.logInfo(" meron[0] draw[1] ftd[2] wala[3] ::" + randodds):  meron[0] draw[1] ftd[2] wala[3] ::3

2018-10-18 13:37:46 - [TEST_STEP][PASSED] - Statement - log.logInfo("Odds Selected = " + odds.get(randodds)): Odds Selected = TestObject - 'Object Repository/Frontend/MatchBetting/button_Walaodds'

2018-10-18 13:37:46 - [TEST_STEP][PASSED] - click: Object: 'Object Repository/Frontend/MatchBetting/button_Walaodds' is clicked on

2018-10-18 13:37:46 - [MESSAGE][PASSED] - Object: 'Object Repository/Frontend/MatchBetting/button_Walaodds' is clicked on

2018-10-18 13:37:46 - [TEST_STEP][PASSED] - verifyElementPresent: Object 'Object Repository/Frontend/MatchBetting/span_Possiblewinning' is present

2018-10-18 13:37:46 - [MESSAGE][PASSED] - Object 'Object Repository/Frontend/MatchBetting/span_Possiblewinning' is present

2018-10-18 13:37:46 - [TEST_STEP][PASSED] - Statement - RA = <not implemented yet for class: org.codehaus.groovy.ast.expr.EmptyExpression>: null

2018-10-18 13:37:46 - [TEST_STEP][PASSED] - Statement - RA = java.lang.Math.random() * 20: null

2018-10-18 13:37:46 - [TEST_STEP][PASSED] - Statement - log.logInfo("Random amount = " + RA): Random amount = 14

2018-10-18 13:37:46 - [TEST_STEP][PASSED] - setText: Text '1400' is set on object 'Object Repository/Frontend/MatchBetting/input_stake'

2018-10-18 13:37:46 - [MESSAGE][PASSED] - Text '1400' is set on object 'Object Repository/Frontend/MatchBetting/input_stake'

2018-10-18 13:37:46 - [TEST_STEP][PASSED] - delay: Delayed 2 second(s)

2018-10-18 13:37:48 - [MESSAGE][PASSED] - Delayed 2 second(s)

2018-10-18 13:37:48 - [TEST_STEP][PASSED] - click: Object: 'Object Repository/Frontend/MatchBetting/button_Bet' is clicked on

2018-10-18 13:37:49 - [MESSAGE][PASSED] - Object: 'Object Repository/Frontend/MatchBetting/button_Bet' is clicked on

2018-10-18 13:37:49 - [TEST_STEP][PASSED] - waitForElementPresent: Object 'Object Repository/Frontend/MatchBetting/BetslipAdded' is present

2018-10-18 13:37:49 - [MESSAGE][PASSED] - Object 'Object Repository/Frontend/MatchBetting/BetslipAdded' is present

2018-10-18 13:37:49 - [TEST_STEP][PASSED] - delay: Delayed 3 second(s)

2018-10-18 13:37:52 - [MESSAGE][PASSED] - Delayed 3 second(s)

2018-10-18 13:37:52 - [TEST_STEP][PASSED] - Statement - log.logInfo("User balance " + balance): User balance 1,000,624,702.00

2018-10-18 13:37:52 - [TEST_STEP][PASSED] - Statement - odds = new java.util.ArrayList(): null

2018-10-18 13:37:52 - [TEST_STEP][PASSED] - Statement - odds.addAll(java.util.Arrays.asList(meron, draw, ftd, wala)): null

2018-10-18 13:37:52 - [TEST_STEP][PASSED] - Statement - rand = new java.util.Random(): null

2018-10-18 13:37:52 - [TEST_STEP][PASSED] - Statement - randodds = rand.nextInt(odds.size()): null

2018-10-18 13:37:52 - [TEST_STEP][PASSED] - Statement - log.logInfo(" meron[0] draw[1] ftd[2] wala[3] ::" + randodds):  meron[0] draw[1] ftd[2] wala[3] ::3

2018-10-18 13:37:52 - [TEST_STEP][PASSED] - Statement - log.logInfo("Odds Selected = " + odds.get(randodds)): Odds Selected = TestObject - 'Object Repository/Frontend/MatchBetting/button_Walaodds'

2018-10-18 13:37:52 - [TEST_STEP][PASSED] - click: Object: 'Object Repository/Frontend/MatchBetting/button_Walaodds' is clicked on

2018-10-18 13:37:52 - [MESSAGE][PASSED] - Object: 'Object Repository/Frontend/MatchBetting/button_Walaodds' is clicked on

2018-10-18 13:37:52 - [TEST_STEP][PASSED] - verifyElementPresent: Object 'Object Repository/Frontend/MatchBetting/span_Possiblewinning' is present

2018-10-18 13:37:52 - [MESSAGE][PASSED] - Object 'Object Repository/Frontend/MatchBetting/span_Possiblewinning' is present

2018-10-18 13:37:52 - [TEST_STEP][PASSED] - Statement - RA = <not implemented yet for class: org.codehaus.groovy.ast.expr.EmptyExpression>: null

2018-10-18 13:37:52 - [TEST_STEP][PASSED] - Statement - RA = java.lang.Math.random() * 20: null

2018-10-18 13:37:52 - [TEST_STEP][PASSED] - Statement - log.logInfo("Random amount = " + RA): Random amount = 7

2018-10-18 13:37:52 - [TEST_STEP][PASSED] - setText: Text '700' is set on object 'Object Repository/Frontend/MatchBetting/input_stake'

2018-10-18 13:37:52 - [MESSAGE][PASSED] - Text '700' is set on object 'Object Repository/Frontend/MatchBetting/input_stake'

2018-10-18 13:37:52 - [TEST_STEP][PASSED] - delay: Delayed 2 second(s)

2018-10-18 13:37:54 - [MESSAGE][PASSED] - Delayed 2 second(s)

2018-10-18 13:37:54 - [TEST_STEP][PASSED] - click: Object: 'Object Repository/Frontend/MatchBetting/button_Bet' is clicked on

2018-10-18 13:37:54 - [MESSAGE][PASSED] - Object: 'Object Repository/Frontend/MatchBetting/button_Bet' is clicked on

2018-10-18 13:37:54 - [TEST_STEP][PASSED] - waitForElementPresent: Object 'Object Repository/Frontend/MatchBetting/BetslipAdded' is present

2018-10-18 13:37:54 - [MESSAGE][PASSED] - Object 'Object Repository/Frontend/MatchBetting/BetslipAdded' is present

2018-10-18 13:37:54 - [TEST_STEP][PASSED] - delay: Delayed 3 second(s)

2018-10-18 13:37:57 - [MESSAGE][PASSED] - Delayed 3 second(s)

2018-10-18 13:37:57 - [TEST_STEP][PASSED] - Statement - log.logInfo("User balance " + balance): User balance 1,000,624,702.00

2018-10-18 13:37:57 - [TEST_STEP][PASSED] - Statement - odds = new java.util.ArrayList(): null

2018-10-18 13:37:57 - [TEST_STEP][PASSED] - Statement - odds.addAll(java.util.Arrays.asList(meron, draw, ftd, wala)): null

2018-10-18 13:37:57 - [TEST_STEP][PASSED] - Statement - rand = new java.util.Random(): null

2018-10-18 13:37:57 - [TEST_STEP][PASSED] - Statement - randodds = rand.nextInt(odds.size()): null

2018-10-18 13:37:57 - [TEST_STEP][PASSED] - Statement - log.logInfo(" meron[0] draw[1] ftd[2] wala[3] ::" + randodds):  meron[0] draw[1] ftd[2] wala[3] ::1

2018-10-18 13:37:57 - [TEST_STEP][PASSED] - Statement - log.logInfo("Odds Selected = " + odds.get(randodds)): Odds Selected = TestObject - 'Object Repository/Frontend/MatchBetting/button_Drawodds'

2018-10-18 13:37:57 - [TEST_STEP][PASSED] - click: Object: 'Object Repository/Frontend/MatchBetting/button_Drawodds' is clicked on

2018-10-18 13:37:57 - [MESSAGE][PASSED] - Object: 'Object Repository/Frontend/MatchBetting/button_Drawodds' is clicked on

2018-10-18 13:37:57 - [TEST_STEP][PASSED] - verifyElementPresent: Object 'Object Repository/Frontend/MatchBetting/span_Possiblewinning' is present

2018-10-18 13:37:57 - [MESSAGE][PASSED] - Object 'Object Repository/Frontend/MatchBetting/span_Possiblewinning' is present

2018-10-18 13:37:57 - [TEST_STEP][PASSED] - Statement - RA = <not implemented yet for class: org.codehaus.groovy.ast.expr.EmptyExpression>: null

2018-10-18 13:37:57 - [TEST_STEP][PASSED] - Statement - RA = java.lang.Math.random() * 20: null

2018-10-18 13:37:57 - [TEST_STEP][PASSED] - Statement - log.logInfo("Random amount = " + RA): Random amount = 17

2018-10-18 13:37:57 - [TEST_STEP][PASSED] - setText: Text '1700' is set on object 'Object Repository/Frontend/MatchBetting/input_stake'

2018-10-18 13:37:57 - [MESSAGE][PASSED] - Text '1700' is set on object 'Object Repository/Frontend/MatchBetting/input_stake'

2018-10-18 13:37:57 - [TEST_STEP][PASSED] - delay: Delayed 2 second(s)

2018-10-18 13:37:59 - [MESSAGE][PASSED] - Delayed 2 second(s)

2018-10-18 13:37:59 - [TEST_STEP][PASSED] - click: Object: 'Object Repository/Frontend/MatchBetting/button_Bet' is clicked on

2018-10-18 13:38:00 - [MESSAGE][PASSED] - Object: 'Object Repository/Frontend/MatchBetting/button_Bet' is clicked on

2018-10-18 13:38:00 - [TEST_STEP][PASSED] - waitForElementPresent: Object 'Object Repository/Frontend/MatchBetting/BetslipAdded' is present

2018-10-18 13:38:00 - [MESSAGE][PASSED] - Object 'Object Repository/Frontend/MatchBetting/BetslipAdded' is present

2018-10-18 13:38:00 - [TEST_STEP][PASSED] - delay: Delayed 3 second(s)

2018-10-18 13:38:03 - [MESSAGE][PASSED] - Delayed 3 second(s)

2018-10-18 13:38:03 - [TEST_STEP][PASSED] - Statement - log.logInfo("User balance " + balance): User balance 1,000,624,702.00

2018-10-18 13:38:03 - [TEST_STEP][PASSED] - Statement - odds = new java.util.ArrayList(): null

2018-10-18 13:38:03 - [TEST_STEP][PASSED] - Statement - odds.addAll(java.util.Arrays.asList(meron, draw, ftd, wala)): null

2018-10-18 13:38:03 - [TEST_STEP][PASSED] - Statement - rand = new java.util.Random(): null

2018-10-18 13:38:03 - [TEST_STEP][PASSED] - Statement - randodds = rand.nextInt(odds.size()): null

2018-10-18 13:38:03 - [TEST_STEP][PASSED] - Statement - log.logInfo(" meron[0] draw[1] ftd[2] wala[3] ::" + randodds):  meron[0] draw[1] ftd[2] wala[3] ::1

2018-10-18 13:38:03 - [TEST_STEP][PASSED] - Statement - log.logInfo("Odds Selected = " + odds.get(randodds)): Odds Selected = TestObject - 'Object Repository/Frontend/MatchBetting/button_Drawodds'

2018-10-18 13:38:03 - [TEST_STEP][PASSED] - click: Object: 'Object Repository/Frontend/MatchBetting/button_Drawodds' is clicked on

2018-10-18 13:38:03 - [MESSAGE][PASSED] - Object: 'Object Repository/Frontend/MatchBetting/button_Drawodds' is clicked on

2018-10-18 13:38:03 - [TEST_STEP][PASSED] - verifyElementPresent: Object 'Object Repository/Frontend/MatchBetting/span_Possiblewinning' is present

2018-10-18 13:38:03 - [MESSAGE][PASSED] - Object 'Object Repository/Frontend/MatchBetting/span_Possiblewinning' is present

2018-10-18 13:38:03 - [TEST_STEP][PASSED] - Statement - RA = <not implemented yet for class: org.codehaus.groovy.ast.expr.EmptyExpression>: null

2018-10-18 13:38:03 - [TEST_STEP][PASSED] - Statement - RA = java.lang.Math.random() * 20: null

2018-10-18 13:38:03 - [TEST_STEP][PASSED] - Statement - log.logInfo("Random amount = " + RA): Random amount = 5

2018-10-18 13:38:03 - [TEST_STEP][PASSED] - setText: Text '500' is set on object 'Object Repository/Frontend/MatchBetting/input_stake'

2018-10-18 13:38:03 - [MESSAGE][PASSED] - Text '500' is set on object 'Object Repository/Frontend/MatchBetting/input_stake'

2018-10-18 13:38:03 - [TEST_STEP][PASSED] - delay: Delayed 2 second(s)

2018-10-18 13:38:05 - [MESSAGE][PASSED] - Delayed 2 second(s)

2018-10-18 13:38:05 - [TEST_STEP][PASSED] - click: Object: 'Object Repository/Frontend/MatchBetting/button_Bet' is clicked on

2018-10-18 13:38:05 - [MESSAGE][PASSED] - Object: 'Object Repository/Frontend/MatchBetting/button_Bet' is clicked on

2018-10-18 13:38:05 - [TEST_STEP][PASSED] - waitForElementPresent: Object 'Object Repository/Frontend/MatchBetting/BetslipAdded' is present

2018-10-18 13:38:05 - [MESSAGE][PASSED] - Object 'Object Repository/Frontend/MatchBetting/BetslipAdded' is present

2018-10-18 13:38:05 - [TEST_STEP][PASSED] - delay: Delayed 3 second(s)

2018-10-18 13:38:08 - [MESSAGE][PASSED] - Delayed 3 second(s)

2018-10-18 13:38:08 - [TEST_STEP][PASSED] - Statement - log.logInfo("User balance " + balance): User balance 1,000,624,702.00

2018-10-18 13:38:08 - [TEST_STEP][PASSED] - Statement - odds = new java.util.ArrayList(): null

2018-10-18 13:38:08 - [TEST_STEP][PASSED] - Statement - odds.addAll(java.util.Arrays.asList(meron, draw, ftd, wala)): null

2018-10-18 13:38:08 - [TEST_STEP][PASSED] - Statement - rand = new java.util.Random(): null

2018-10-18 13:38:08 - [TEST_STEP][PASSED] - Statement - randodds = rand.nextInt(odds.size()): null

2018-10-18 13:38:08 - [TEST_STEP][PASSED] - Statement - log.logInfo(" meron[0] draw[1] ftd[2] wala[3] ::" + randodds):  meron[0] draw[1] ftd[2] wala[3] ::3

2018-10-18 13:38:08 - [TEST_STEP][PASSED] - Statement - log.logInfo("Odds Selected = " + odds.get(randodds)): Odds Selected = TestObject - 'Object Repository/Frontend/MatchBetting/button_Walaodds'

2018-10-18 13:38:08 - [TEST_STEP][PASSED] - click: Object: 'Object Repository/Frontend/MatchBetting/button_Walaodds' is clicked on

2018-10-18 13:38:08 - [MESSAGE][PASSED] - Object: 'Object Repository/Frontend/MatchBetting/button_Walaodds' is clicked on

2018-10-18 13:38:08 - [TEST_STEP][PASSED] - verifyElementPresent: Object 'Object Repository/Frontend/MatchBetting/span_Possiblewinning' is present

2018-10-18 13:38:08 - [MESSAGE][PASSED] - Object 'Object Repository/Frontend/MatchBetting/span_Possiblewinning' is present

2018-10-18 13:38:08 - [TEST_STEP][PASSED] - Statement - RA = <not implemented yet for class: org.codehaus.groovy.ast.expr.EmptyExpression>: null

2018-10-18 13:38:08 - [TEST_STEP][PASSED] - Statement - RA = java.lang.Math.random() * 20: null

2018-10-18 13:38:08 - [TEST_STEP][PASSED] - Statement - log.logInfo("Random amount = " + RA): Random amount = 13

2018-10-18 13:38:08 - [TEST_STEP][PASSED] - setText: Text '1300' is set on object 'Object Repository/Frontend/MatchBetting/input_stake'

2018-10-18 13:38:08 - [MESSAGE][PASSED] - Text '1300' is set on object 'Object Repository/Frontend/MatchBetting/input_stake'

2018-10-18 13:38:08 - [TEST_STEP][PASSED] - delay: Delayed 2 second(s)

2018-10-18 13:38:10 - [MESSAGE][PASSED] - Delayed 2 second(s)

2018-10-18 13:38:10 - [TEST_STEP][PASSED] - click: Object: 'Object Repository/Frontend/MatchBetting/button_Bet' is clicked on

2018-10-18 13:38:10 - [MESSAGE][PASSED] - Object: 'Object Repository/Frontend/MatchBetting/button_Bet' is clicked on

2018-10-18 13:38:10 - [TEST_STEP][PASSED] - waitForElementPresent: Object 'Object Repository/Frontend/MatchBetting/BetslipAdded' is present

2018-10-18 13:38:10 - [MESSAGE][PASSED] - Object 'Object Repository/Frontend/MatchBetting/BetslipAdded' is present

2018-10-18 13:38:10 - [TEST_STEP][PASSED] - delay: Delayed 3 second(s)

2018-10-18 13:38:13 - [MESSAGE][PASSED] - Delayed 3 second(s)

2018-10-18 13:38:13 - [TEST_STEP][PASSED] - Statement - log.logInfo("User balance " + balance): User balance 1,000,624,702.00

2018-10-18 13:38:13 - [TEST_STEP][PASSED] - Statement - odds = new java.util.ArrayList(): null

2018-10-18 13:38:13 - [TEST_STEP][PASSED] - Statement - odds.addAll(java.util.Arrays.asList(meron, draw, ftd, wala)): null

2018-10-18 13:38:13 - [TEST_STEP][PASSED] - Statement - rand = new java.util.Random(): null

2018-10-18 13:38:14 - [TEST_STEP][PASSED] - Statement - randodds = rand.nextInt(odds.size()): null

2018-10-18 13:38:14 - [TEST_STEP][PASSED] - Statement - log.logInfo(" meron[0] draw[1] ftd[2] wala[3] ::" + randodds):  meron[0] draw[1] ftd[2] wala[3] ::3

2018-10-18 13:38:14 - [TEST_STEP][PASSED] - Statement - log.logInfo("Odds Selected = " + odds.get(randodds)): Odds Selected = TestObject - 'Object Repository/Frontend/MatchBetting/button_Walaodds'

2018-10-18 13:38:14 - [TEST_STEP][PASSED] - click: Object: 'Object Repository/Frontend/MatchBetting/button_Walaodds' is clicked on

2018-10-18 13:38:14 - [MESSAGE][PASSED] - Object: 'Object Repository/Frontend/MatchBetting/button_Walaodds' is clicked on

2018-10-18 13:38:14 - [TEST_STEP][PASSED] - verifyElementPresent: Object 'Object Repository/Frontend/MatchBetting/span_Possiblewinning' is present

2018-10-18 13:38:14 - [MESSAGE][PASSED] - Object 'Object Repository/Frontend/MatchBetting/span_Possiblewinning' is present

2018-10-18 13:38:14 - [TEST_STEP][PASSED] - Statement - RA = <not implemented yet for class: org.codehaus.groovy.ast.expr.EmptyExpression>: null

2018-10-18 13:38:14 - [TEST_STEP][PASSED] - Statement - RA = java.lang.Math.random() * 20: null

2018-10-18 13:38:14 - [TEST_STEP][PASSED] - Statement - log.logInfo("Random amount = " + RA): Random amount = 5

2018-10-18 13:38:14 - [TEST_STEP][PASSED] - setText: Text '500' is set on object 'Object Repository/Frontend/MatchBetting/input_stake'

2018-10-18 13:38:14 - [MESSAGE][PASSED] - Text '500' is set on object 'Object Repository/Frontend/MatchBetting/input_stake'

2018-10-18 13:38:14 - [TEST_STEP][PASSED] - delay: Delayed 2 second(s)

2018-10-18 13:38:16 - [MESSAGE][PASSED] - Delayed 2 second(s)

2018-10-18 13:38:16 - [TEST_STEP][PASSED] - click: Object: 'Object Repository/Frontend/MatchBetting/button_Bet' is clicked on

2018-10-18 13:38:16 - [MESSAGE][PASSED] - Object: 'Object Repository/Frontend/MatchBetting/button_Bet' is clicked on

2018-10-18 13:38:16 - [TEST_STEP][PASSED] - waitForElementPresent: Object 'Object Repository/Frontend/MatchBetting/BetslipAdded' is present

2018-10-18 13:38:16 - [MESSAGE][PASSED] - Object 'Object Repository/Frontend/MatchBetting/BetslipAdded' is present

2018-10-18 13:38:16 - [TEST_STEP][PASSED] - delay: Delayed 3 second(s)

2018-10-18 13:38:19 - [MESSAGE][PASSED] - Delayed 3 second(s)

2018-10-18 13:38:19 - [TEST_STEP][PASSED] - Statement - log.logInfo("User balance " + balance): User balance 1,000,624,702.00

2018-10-18 13:38:19 - [TEST_STEP][PASSED] - Statement - odds = new java.util.ArrayList(): null

2018-10-18 13:38:19 - [TEST_STEP][PASSED] - Statement - odds.addAll(java.util.Arrays.asList(meron, draw, ftd, wala)): null

2018-10-18 13:38:19 - [TEST_STEP][PASSED] - Statement - rand = new java.util.Random(): null

2018-10-18 13:38:19 - [TEST_STEP][PASSED] - Statement - randodds = rand.nextInt(odds.size()): null

2018-10-18 13:38:19 - [TEST_STEP][PASSED] - Statement - log.logInfo(" meron[0] draw[1] ftd[2] wala[3] ::" + randodds):  meron[0] draw[1] ftd[2] wala[3] ::3

2018-10-18 13:38:19 - [TEST_STEP][PASSED] - Statement - log.logInfo("Odds Selected = " + odds.get(randodds)): Odds Selected = TestObject - 'Object Repository/Frontend/MatchBetting/button_Walaodds'

2018-10-18 13:38:19 - [TEST_STEP][PASSED] - click: Object: 'Object Repository/Frontend/MatchBetting/button_Walaodds' is clicked on

2018-10-18 13:38:19 - [MESSAGE][PASSED] - Object: 'Object Repository/Frontend/MatchBetting/button_Walaodds' is clicked on

2018-10-18 13:38:19 - [TEST_STEP][PASSED] - verifyElementPresent: Object 'Object Repository/Frontend/MatchBetting/span_Possiblewinning' is present

2018-10-18 13:38:19 - [MESSAGE][PASSED] - Object 'Object Repository/Frontend/MatchBetting/span_Possiblewinning' is present

2018-10-18 13:38:19 - [TEST_STEP][PASSED] - Statement - RA = <not implemented yet for class: org.codehaus.groovy.ast.expr.EmptyExpression>: null

2018-10-18 13:38:19 - [TEST_STEP][PASSED] - Statement - RA = java.lang.Math.random() * 20: null

2018-10-18 13:38:19 - [TEST_STEP][PASSED] - Statement - log.logInfo("Random amount = " + RA): Random amount = 4

2018-10-18 13:38:19 - [TEST_STEP][PASSED] - setText: Text '400' is set on object 'Object Repository/Frontend/MatchBetting/input_stake'

2018-10-18 13:38:19 - [MESSAGE][PASSED] - Text '400' is set on object 'Object Repository/Frontend/MatchBetting/input_stake'

2018-10-18 13:38:19 - [TEST_STEP][PASSED] - delay: Delayed 2 second(s)

2018-10-18 13:38:21 - [MESSAGE][PASSED] - Delayed 2 second(s)

2018-10-18 13:38:21 - [TEST_STEP][PASSED] - click: Object: 'Object Repository/Frontend/MatchBetting/button_Bet' is clicked on

2018-10-18 13:38:21 - [MESSAGE][PASSED] - Object: 'Object Repository/Frontend/MatchBetting/button_Bet' is clicked on

2018-10-18 13:38:21 - [TEST_STEP][PASSED] - waitForElementPresent: Object 'Object Repository/Frontend/MatchBetting/BetslipAdded' is present

2018-10-18 13:38:21 - [MESSAGE][PASSED] - Object 'Object Repository/Frontend/MatchBetting/BetslipAdded' is present

2018-10-18 13:38:21 - [TEST_STEP][PASSED] - delay: Delayed 3 second(s)

2018-10-18 13:38:24 - [MESSAGE][PASSED] - Delayed 3 second(s)

2018-10-18 13:38:24 - [TEST_STEP][PASSED] - Statement - log.logInfo("User balance " + balance): User balance 1,000,624,702.00

2018-10-18 13:38:24 - [TEST_STEP][PASSED] - Statement - odds = new java.util.ArrayList(): null

2018-10-18 13:38:24 - [TEST_STEP][PASSED] - Statement - odds.addAll(java.util.Arrays.asList(meron, draw, ftd, wala)): null

2018-10-18 13:38:24 - [TEST_STEP][PASSED] - Statement - rand = new java.util.Random(): null

2018-10-18 13:38:24 - [TEST_STEP][PASSED] - Statement - randodds = rand.nextInt(odds.size()): null

2018-10-18 13:38:24 - [TEST_STEP][PASSED] - Statement - log.logInfo(" meron[0] draw[1] ftd[2] wala[3] ::" + randodds):  meron[0] draw[1] ftd[2] wala[3] ::2

2018-10-18 13:38:24 - [TEST_STEP][PASSED] - Statement - log.logInfo("Odds Selected = " + odds.get(randodds)): Odds Selected = TestObject - 'Object Repository/Frontend/MatchBetting/button_FTDodds'

2018-10-18 13:38:24 - [TEST_STEP][PASSED] - click: Object: 'Object Repository/Frontend/MatchBetting/button_FTDodds' is clicked on

2018-10-18 13:38:24 - [MESSAGE][PASSED] - Object: 'Object Repository/Frontend/MatchBetting/button_FTDodds' is clicked on

2018-10-18 13:38:24 - [TEST_STEP][PASSED] - verifyElementPresent: Object 'Object Repository/Frontend/MatchBetting/span_Possiblewinning' is present

2018-10-18 13:38:24 - [MESSAGE][PASSED] - Object 'Object Repository/Frontend/MatchBetting/span_Possiblewinning' is present

2018-10-18 13:38:24 - [TEST_STEP][PASSED] - Statement - RA = <not implemented yet for class: org.codehaus.groovy.ast.expr.EmptyExpression>: null

2018-10-18 13:38:24 - [TEST_STEP][PASSED] - Statement - RA = java.lang.Math.random() * 20: null

2018-10-18 13:38:24 - [TEST_STEP][PASSED] - Statement - log.logInfo("Random amount = " + RA): Random amount = 17

2018-10-18 13:38:24 - [TEST_STEP][PASSED] - setText: Text '1700' is set on object 'Object Repository/Frontend/MatchBetting/input_stake'

2018-10-18 13:38:24 - [MESSAGE][PASSED] - Text '1700' is set on object 'Object Repository/Frontend/MatchBetting/input_stake'

2018-10-18 13:38:24 - [TEST_STEP][PASSED] - delay: Delayed 2 second(s)

2018-10-18 13:38:26 - [MESSAGE][PASSED] - Delayed 2 second(s)

2018-10-18 13:38:26 - [TEST_STEP][PASSED] - click: Object: 'Object Repository/Frontend/MatchBetting/button_Bet' is clicked on

2018-10-18 13:38:27 - [MESSAGE][PASSED] - Object: 'Object Repository/Frontend/MatchBetting/button_Bet' is clicked on

2018-10-18 13:38:27 - [TEST_STEP][PASSED] - waitForElementPresent: Object 'Object Repository/Frontend/MatchBetting/BetslipAdded' is present

2018-10-18 13:38:27 - [MESSAGE][PASSED] - Object 'Object Repository/Frontend/MatchBetting/BetslipAdded' is present

2018-10-18 13:38:27 - [TEST_STEP][PASSED] - delay: Delayed 3 second(s)

2018-10-18 13:38:30 - [MESSAGE][PASSED] - Delayed 3 second(s)

2018-10-18 13:38:30 - [TEST_STEP][PASSED] - Statement - log.logInfo("User balance " + balance): User balance 1,000,624,702.00

2018-10-18 13:38:30 - [TEST_STEP][PASSED] - Statement - odds = new java.util.ArrayList(): null

2018-10-18 13:38:30 - [TEST_STEP][PASSED] - Statement - odds.addAll(java.util.Arrays.asList(meron, draw, ftd, wala)): null

2018-10-18 13:38:30 - [TEST_STEP][PASSED] - Statement - rand = new java.util.Random(): null

2018-10-18 13:38:30 - [TEST_STEP][PASSED] - Statement - randodds = rand.nextInt(odds.size()): null

2018-10-18 13:38:30 - [TEST_STEP][PASSED] - Statement - log.logInfo(" meron[0] draw[1] ftd[2] wala[3] ::" + randodds):  meron[0] draw[1] ftd[2] wala[3] ::1

2018-10-18 13:38:30 - [TEST_STEP][PASSED] - Statement - log.logInfo("Odds Selected = " + odds.get(randodds)): Odds Selected = TestObject - 'Object Repository/Frontend/MatchBetting/button_Drawodds'

2018-10-18 13:38:30 - [TEST_STEP][PASSED] - click: Object: 'Object Repository/Frontend/MatchBetting/button_Drawodds' is clicked on

2018-10-18 13:38:30 - [MESSAGE][PASSED] - Object: 'Object Repository/Frontend/MatchBetting/button_Drawodds' is clicked on

2018-10-18 13:38:30 - [TEST_STEP][PASSED] - verifyElementPresent: Object 'Object Repository/Frontend/MatchBetting/span_Possiblewinning' is present

2018-10-18 13:38:30 - [MESSAGE][PASSED] - Object 'Object Repository/Frontend/MatchBetting/span_Possiblewinning' is present

2018-10-18 13:38:30 - [TEST_STEP][PASSED] - Statement - RA = <not implemented yet for class: org.codehaus.groovy.ast.expr.EmptyExpression>: null

2018-10-18 13:38:30 - [TEST_STEP][PASSED] - Statement - RA = java.lang.Math.random() * 20: null

2018-10-18 13:38:30 - [TEST_STEP][PASSED] - Statement - log.logInfo("Random amount = " + RA): Random amount = 1

2018-10-18 13:38:30 - [TEST_STEP][PASSED] - setText: Text '100' is set on object 'Object Repository/Frontend/MatchBetting/input_stake'

2018-10-18 13:38:30 - [MESSAGE][PASSED] - Text '100' is set on object 'Object Repository/Frontend/MatchBetting/input_stake'

2018-10-18 13:38:30 - [TEST_STEP][PASSED] - delay: Delayed 2 second(s)

2018-10-18 13:38:32 - [MESSAGE][PASSED] - Delayed 2 second(s)

2018-10-18 13:38:32 - [TEST_STEP][PASSED] - click: Object: 'Object Repository/Frontend/MatchBetting/button_Bet' is clicked on

2018-10-18 13:38:32 - [MESSAGE][PASSED] - Object: 'Object Repository/Frontend/MatchBetting/button_Bet' is clicked on

2018-10-18 13:38:32 - [TEST_STEP][PASSED] - waitForElementPresent: Object 'Object Repository/Frontend/MatchBetting/BetslipAdded' is present

2018-10-18 13:38:32 - [MESSAGE][PASSED] - Object 'Object Repository/Frontend/MatchBetting/BetslipAdded' is present

2018-10-18 13:38:32 - [TEST_STEP][PASSED] - delay: Delayed 3 second(s)

2018-10-18 13:38:35 - [MESSAGE][PASSED] - Delayed 3 second(s)

2018-10-18 13:38:35 - [TEST_STEP][PASSED] - Statement - log.logInfo("User balance " + balance): User balance 1,000,624,702.00

2018-10-18 13:38:35 - [TEST_STEP][PASSED] - Statement - odds = new java.util.ArrayList(): null

2018-10-18 13:38:35 - [TEST_STEP][PASSED] - Statement - odds.addAll(java.util.Arrays.asList(meron, draw, ftd, wala)): null

2018-10-18 13:38:35 - [TEST_STEP][PASSED] - Statement - rand = new java.util.Random(): null

2018-10-18 13:38:35 - [TEST_STEP][PASSED] - Statement - randodds = rand.nextInt(odds.size()): null

2018-10-18 13:38:35 - [TEST_STEP][PASSED] - Statement - log.logInfo(" meron[0] draw[1] ftd[2] wala[3] ::" + randodds):  meron[0] draw[1] ftd[2] wala[3] ::3

2018-10-18 13:38:35 - [TEST_STEP][PASSED] - Statement - log.logInfo("Odds Selected = " + odds.get(randodds)): Odds Selected = TestObject - 'Object Repository/Frontend/MatchBetting/button_Walaodds'

2018-10-18 13:38:35 - [TEST_STEP][PASSED] - click: Object: 'Object Repository/Frontend/MatchBetting/button_Walaodds' is clicked on

2018-10-18 13:38:35 - [MESSAGE][PASSED] - Object: 'Object Repository/Frontend/MatchBetting/button_Walaodds' is clicked on

2018-10-18 13:38:35 - [TEST_STEP][PASSED] - verifyElementPresent: Object 'Object Repository/Frontend/MatchBetting/span_Possiblewinning' is present

2018-10-18 13:38:35 - [MESSAGE][PASSED] - Object 'Object Repository/Frontend/MatchBetting/span_Possiblewinning' is present

2018-10-18 13:38:35 - [TEST_STEP][PASSED] - Statement - RA = <not implemented yet for class: org.codehaus.groovy.ast.expr.EmptyExpression>: null

2018-10-18 13:38:35 - [TEST_STEP][PASSED] - Statement - RA = java.lang.Math.random() * 20: null

2018-10-18 13:38:35 - [TEST_STEP][PASSED] - Statement - log.logInfo("Random amount = " + RA): Random amount = 15

2018-10-18 13:38:35 - [TEST_STEP][PASSED] - setText: Text '1500' is set on object 'Object Repository/Frontend/MatchBetting/input_stake'

2018-10-18 13:38:35 - [MESSAGE][PASSED] - Text '1500' is set on object 'Object Repository/Frontend/MatchBetting/input_stake'

2018-10-18 13:38:35 - [TEST_STEP][PASSED] - delay: Delayed 2 second(s)

2018-10-18 13:38:37 - [MESSAGE][PASSED] - Delayed 2 second(s)

2018-10-18 13:38:37 - [TEST_STEP][PASSED] - click: Object: 'Object Repository/Frontend/MatchBetting/button_Bet' is clicked on

2018-10-18 13:38:37 - [MESSAGE][PASSED] - Object: 'Object Repository/Frontend/MatchBetting/button_Bet' is clicked on

2018-10-18 13:38:37 - [TEST_STEP][PASSED] - waitForElementPresent: Object 'Object Repository/Frontend/MatchBetting/BetslipAdded' is present

2018-10-18 13:38:37 - [MESSAGE][PASSED] - Object 'Object Repository/Frontend/MatchBetting/BetslipAdded' is present

2018-10-18 13:38:37 - [TEST_STEP][PASSED] - delay: Delayed 3 second(s)

2018-10-18 13:38:40 - [MESSAGE][PASSED] - Delayed 3 second(s)

2018-10-18 13:38:40 - [TEST_STEP][PASSED] - Statement - log.logInfo("User balance " + balance): User balance 1,000,624,702.00

2018-10-18 13:38:40 - [TEST_STEP][PASSED] - Statement - odds = new java.util.ArrayList(): null

2018-10-18 13:38:40 - [TEST_STEP][PASSED] - Statement - odds.addAll(java.util.Arrays.asList(meron, draw, ftd, wala)): null

2018-10-18 13:38:40 - [TEST_STEP][PASSED] - Statement - rand = new java.util.Random(): null

2018-10-18 13:38:40 - [TEST_STEP][PASSED] - Statement - randodds = rand.nextInt(odds.size()): null

2018-10-18 13:38:40 - [TEST_STEP][PASSED] - Statement - log.logInfo(" meron[0] draw[1] ftd[2] wala[3] ::" + randodds):  meron[0] draw[1] ftd[2] wala[3] ::3

2018-10-18 13:38:40 - [TEST_STEP][PASSED] - Statement - log.logInfo("Odds Selected = " + odds.get(randodds)): Odds Selected = TestObject - 'Object Repository/Frontend/MatchBetting/button_Walaodds'

2018-10-18 13:38:40 - [TEST_STEP][PASSED] - click: Object: 'Object Repository/Frontend/MatchBetting/button_Walaodds' is clicked on

2018-10-18 13:38:41 - [MESSAGE][PASSED] - Object: 'Object Repository/Frontend/MatchBetting/button_Walaodds' is clicked on

2018-10-18 13:38:41 - [TEST_STEP][PASSED] - verifyElementPresent: Object 'Object Repository/Frontend/MatchBetting/span_Possiblewinning' is present

2018-10-18 13:38:41 - [MESSAGE][PASSED] - Object 'Object Repository/Frontend/MatchBetting/span_Possiblewinning' is present

2018-10-18 13:38:41 - [TEST_STEP][PASSED] - Statement - RA = <not implemented yet for class: org.codehaus.groovy.ast.expr.EmptyExpression>: null

2018-10-18 13:38:41 - [TEST_STEP][PASSED] - Statement - RA = java.lang.Math.random() * 20: null

2018-10-18 13:38:41 - [TEST_STEP][PASSED] - Statement - log.logInfo("Random amount = " + RA): Random amount = 19

2018-10-18 13:38:41 - [TEST_STEP][PASSED] - setText: Text '1900' is set on object 'Object Repository/Frontend/MatchBetting/input_stake'

2018-10-18 13:38:42 - [MESSAGE][PASSED] - Text '1900' is set on object 'Object Repository/Frontend/MatchBetting/input_stake'

2018-10-18 13:38:42 - [TEST_STEP][PASSED] - delay: Delayed 2 second(s)

2018-10-18 13:38:44 - [MESSAGE][PASSED] - Delayed 2 second(s)

2018-10-18 13:38:44 - [TEST_STEP][PASSED] - click: Object: 'Object Repository/Frontend/MatchBetting/button_Bet' is clicked on

2018-10-18 13:38:44 - [MESSAGE][PASSED] - Object: 'Object Repository/Frontend/MatchBetting/button_Bet' is clicked on

2018-10-18 13:38:44 - [TEST_STEP][PASSED] - waitForElementPresent: Object 'Object Repository/Frontend/MatchBetting/BetslipAdded' is present

2018-10-18 13:38:44 - [MESSAGE][PASSED] - Object 'Object Repository/Frontend/MatchBetting/BetslipAdded' is present

2018-10-18 13:38:44 - [TEST_STEP][PASSED] - delay: Delayed 3 second(s)

2018-10-18 13:38:47 - [MESSAGE][PASSED] - Delayed 3 second(s)

2018-10-18 13:38:47 - [TEST_STEP][PASSED] - Statement - log.logInfo("User balance " + balance): User balance 1,000,624,702.00

2018-10-18 13:38:47 - [TEST_STEP][PASSED] - Statement - odds = new java.util.ArrayList(): null

2018-10-18 13:38:47 - [TEST_STEP][PASSED] - Statement - odds.addAll(java.util.Arrays.asList(meron, draw, ftd, wala)): null

2018-10-18 13:38:47 - [TEST_STEP][PASSED] - Statement - rand = new java.util.Random(): null

2018-10-18 13:38:47 - [TEST_STEP][PASSED] - Statement - randodds = rand.nextInt(odds.size()): null

2018-10-18 13:38:47 - [TEST_STEP][PASSED] - Statement - log.logInfo(" meron[0] draw[1] ftd[2] wala[3] ::" + randodds):  meron[0] draw[1] ftd[2] wala[3] ::2

2018-10-18 13:38:47 - [TEST_STEP][PASSED] - Statement - log.logInfo("Odds Selected = " + odds.get(randodds)): Odds Selected = TestObject - 'Object Repository/Frontend/MatchBetting/button_FTDodds'

2018-10-18 13:38:47 - [TEST_STEP][PASSED] - click: Object: 'Object Repository/Frontend/MatchBetting/button_FTDodds' is clicked on

2018-10-18 13:38:47 - [MESSAGE][PASSED] - Object: 'Object Repository/Frontend/MatchBetting/button_FTDodds' is clicked on

2018-10-18 13:38:47 - [TEST_STEP][PASSED] - verifyElementPresent: Object 'Object Repository/Frontend/MatchBetting/span_Possiblewinning' is present

2018-10-18 13:38:47 - [MESSAGE][PASSED] - Object 'Object Repository/Frontend/MatchBetting/span_Possiblewinning' is present

2018-10-18 13:38:47 - [TEST_STEP][PASSED] - Statement - RA = <not implemented yet for class: org.codehaus.groovy.ast.expr.EmptyExpression>: null

2018-10-18 13:38:47 - [TEST_STEP][PASSED] - Statement - RA = java.lang.Math.random() * 20: null

2018-10-18 13:38:47 - [TEST_STEP][PASSED] - Statement - log.logInfo("Random amount = " + RA): Random amount = 17

2018-10-18 13:38:47 - [TEST_STEP][PASSED] - setText: Text '1700' is set on object 'Object Repository/Frontend/MatchBetting/input_stake'

2018-10-18 13:38:47 - [MESSAGE][PASSED] - Text '1700' is set on object 'Object Repository/Frontend/MatchBetting/input_stake'

2018-10-18 13:38:47 - [TEST_STEP][PASSED] - delay: Delayed 2 second(s)

2018-10-18 13:38:49 - [MESSAGE][PASSED] - Delayed 2 second(s)

2018-10-18 13:38:49 - [TEST_STEP][PASSED] - click: Object: 'Object Repository/Frontend/MatchBetting/button_Bet' is clicked on

2018-10-18 13:38:50 - [MESSAGE][PASSED] - Object: 'Object Repository/Frontend/MatchBetting/button_Bet' is clicked on

2018-10-18 13:38:50 - [TEST_STEP][PASSED] - waitForElementPresent: Object 'Object Repository/Frontend/MatchBetting/BetslipAdded' is present

2018-10-18 13:38:50 - [MESSAGE][PASSED] - Object 'Object Repository/Frontend/MatchBetting/BetslipAdded' is present

2018-10-18 13:38:50 - [TEST_STEP][PASSED] - delay: Delayed 3 second(s)

2018-10-18 13:38:53 - [MESSAGE][PASSED] - Delayed 3 second(s)

2018-10-18 13:38:53 - [TEST_STEP][PASSED] - Statement - log.logInfo("User balance " + balance): User balance 1,000,624,702.00

2018-10-18 13:38:53 - [TEST_STEP][PASSED] - Statement - odds = new java.util.ArrayList(): null

2018-10-18 13:38:53 - [TEST_STEP][PASSED] - Statement - odds.addAll(java.util.Arrays.asList(meron, draw, ftd, wala)): null

2018-10-18 13:38:53 - [TEST_STEP][PASSED] - Statement - rand = new java.util.Random(): null

2018-10-18 13:38:53 - [TEST_STEP][PASSED] - Statement - randodds = rand.nextInt(odds.size()): null

2018-10-18 13:38:53 - [TEST_STEP][PASSED] - Statement - log.logInfo(" meron[0] draw[1] ftd[2] wala[3] ::" + randodds):  meron[0] draw[1] ftd[2] wala[3] ::0

2018-10-18 13:38:53 - [TEST_STEP][PASSED] - Statement - log.logInfo("Odds Selected = " + odds.get(randodds)): Odds Selected = TestObject - 'Object Repository/Frontend/MatchBetting/button_Meronodds'

2018-10-18 13:38:53 - [TEST_STEP][PASSED] - click: Object: 'Object Repository/Frontend/MatchBetting/button_Meronodds' is clicked on

2018-10-18 13:38:53 - [MESSAGE][PASSED] - Object: 'Object Repository/Frontend/MatchBetting/button_Meronodds' is clicked on

2018-10-18 13:38:53 - [TEST_STEP][PASSED] - verifyElementPresent: Object 'Object Repository/Frontend/MatchBetting/span_Possiblewinning' is present

2018-10-18 13:38:53 - [MESSAGE][PASSED] - Object 'Object Repository/Frontend/MatchBetting/span_Possiblewinning' is present

2018-10-18 13:38:53 - [TEST_STEP][PASSED] - Statement - RA = <not implemented yet for class: org.codehaus.groovy.ast.expr.EmptyExpression>: null

2018-10-18 13:38:53 - [TEST_STEP][PASSED] - Statement - RA = java.lang.Math.random() * 20: null

2018-10-18 13:38:53 - [TEST_STEP][PASSED] - Statement - log.logInfo("Random amount = " + RA): Random amount = 1

2018-10-18 13:38:53 - [TEST_STEP][PASSED] - setText: Text '100' is set on object 'Object Repository/Frontend/MatchBetting/input_stake'

2018-10-18 13:38:53 - [MESSAGE][PASSED] - Text '100' is set on object 'Object Repository/Frontend/MatchBetting/input_stake'

2018-10-18 13:38:53 - [TEST_STEP][PASSED] - delay: Delayed 2 second(s)

2018-10-18 13:38:55 - [MESSAGE][PASSED] - Delayed 2 second(s)

2018-10-18 13:38:55 - [TEST_STEP][PASSED] - click: Object: 'Object Repository/Frontend/MatchBetting/button_Bet' is clicked on

2018-10-18 13:38:55 - [MESSAGE][PASSED] - Object: 'Object Repository/Frontend/MatchBetting/button_Bet' is clicked on

2018-10-18 13:38:55 - [TEST_STEP][PASSED] - waitForElementPresent: Object 'Object Repository/Frontend/MatchBetting/BetslipAdded' is present

2018-10-18 13:38:55 - [MESSAGE][PASSED] - Object 'Object Repository/Frontend/MatchBetting/BetslipAdded' is present

2018-10-18 13:38:55 - [TEST_STEP][PASSED] - delay: Delayed 3 second(s)

2018-10-18 13:38:58 - [MESSAGE][PASSED] - Delayed 3 second(s)

2018-10-18 13:38:58 - [TEST_STEP][PASSED] - Statement - log.logInfo("User balance " + balance): User balance 1,000,624,702.00

2018-10-18 13:38:58 - [TEST_STEP][PASSED] - Statement - odds = new java.util.ArrayList(): null

2018-10-18 13:38:58 - [TEST_STEP][PASSED] - Statement - odds.addAll(java.util.Arrays.asList(meron, draw, ftd, wala)): null

2018-10-18 13:38:58 - [TEST_STEP][PASSED] - Statement - rand = new java.util.Random(): null

2018-10-18 13:38:58 - [TEST_STEP][PASSED] - Statement - randodds = rand.nextInt(odds.size()): null

2018-10-18 13:38:58 - [TEST_STEP][PASSED] - Statement - log.logInfo(" meron[0] draw[1] ftd[2] wala[3] ::" + randodds):  meron[0] draw[1] ftd[2] wala[3] ::1

2018-10-18 13:38:58 - [TEST_STEP][PASSED] - Statement - log.logInfo("Odds Selected = " + odds.get(randodds)): Odds Selected = TestObject - 'Object Repository/Frontend/MatchBetting/button_Drawodds'

2018-10-18 13:38:58 - [TEST_STEP][PASSED] - click: Object: 'Object Repository/Frontend/MatchBetting/button_Drawodds' is clicked on

2018-10-18 13:38:58 - [MESSAGE][PASSED] - Object: 'Object Repository/Frontend/MatchBetting/button_Drawodds' is clicked on

2018-10-18 13:38:58 - [TEST_STEP][PASSED] - verifyElementPresent: Object 'Object Repository/Frontend/MatchBetting/span_Possiblewinning' is present

2018-10-18 13:38:58 - [MESSAGE][PASSED] - Object 'Object Repository/Frontend/MatchBetting/span_Possiblewinning' is present

2018-10-18 13:38:58 - [TEST_STEP][PASSED] - Statement - RA = <not implemented yet for class: org.codehaus.groovy.ast.expr.EmptyExpression>: null

2018-10-18 13:38:58 - [TEST_STEP][PASSED] - Statement - RA = java.lang.Math.random() * 20: null

2018-10-18 13:38:58 - [TEST_STEP][PASSED] - Statement - log.logInfo("Random amount = " + RA): Random amount = 14

2018-10-18 13:38:58 - [TEST_STEP][PASSED] - setText: Text '1400' is set on object 'Object Repository/Frontend/MatchBetting/input_stake'

2018-10-18 13:38:58 - [MESSAGE][PASSED] - Text '1400' is set on object 'Object Repository/Frontend/MatchBetting/input_stake'

2018-10-18 13:38:58 - [TEST_STEP][PASSED] - delay: Delayed 2 second(s)

2018-10-18 13:39:00 - [MESSAGE][PASSED] - Delayed 2 second(s)

2018-10-18 13:39:00 - [TEST_STEP][PASSED] - click: Object: 'Object Repository/Frontend/MatchBetting/button_Bet' is clicked on

2018-10-18 13:39:00 - [MESSAGE][PASSED] - Object: 'Object Repository/Frontend/MatchBetting/button_Bet' is clicked on

2018-10-18 13:39:00 - [TEST_STEP][PASSED] - waitForElementPresent: Object 'Object Repository/Frontend/MatchBetting/BetslipAdded' is present

2018-10-18 13:39:00 - [MESSAGE][PASSED] - Object 'Object Repository/Frontend/MatchBetting/BetslipAdded' is present

2018-10-18 13:39:00 - [TEST_STEP][PASSED] - delay: Delayed 3 second(s)

2018-10-18 13:39:03 - [MESSAGE][PASSED] - Delayed 3 second(s)

2018-10-18 13:39:03 - [TEST_STEP][PASSED] - Statement - log.logInfo("User balance " + balance): User balance 1,000,624,702.00

2018-10-18 13:39:03 - [TEST_STEP][PASSED] - Statement - odds = new java.util.ArrayList(): null

2018-10-18 13:39:03 - [TEST_STEP][PASSED] - Statement - odds.addAll(java.util.Arrays.asList(meron, draw, ftd, wala)): null

2018-10-18 13:39:03 - [TEST_STEP][PASSED] - Statement - rand = new java.util.Random(): null

2018-10-18 13:39:03 - [TEST_STEP][PASSED] - Statement - randodds = rand.nextInt(odds.size()): null

2018-10-18 13:39:03 - [TEST_STEP][PASSED] - Statement - log.logInfo(" meron[0] draw[1] ftd[2] wala[3] ::" + randodds):  meron[0] draw[1] ftd[2] wala[3] ::0

2018-10-18 13:39:03 - [TEST_STEP][PASSED] - Statement - log.logInfo("Odds Selected = " + odds.get(randodds)): Odds Selected = TestObject - 'Object Repository/Frontend/MatchBetting/button_Meronodds'

2018-10-18 13:39:03 - [TEST_STEP][PASSED] - click: Object: 'Object Repository/Frontend/MatchBetting/button_Meronodds' is clicked on

2018-10-18 13:39:04 - [MESSAGE][PASSED] - Object: 'Object Repository/Frontend/MatchBetting/button_Meronodds' is clicked on

2018-10-18 13:39:04 - [TEST_STEP][PASSED] - verifyElementPresent: Object 'Object Repository/Frontend/MatchBetting/span_Possiblewinning' is present

2018-10-18 13:39:04 - [MESSAGE][PASSED] - Object 'Object Repository/Frontend/MatchBetting/span_Possiblewinning' is present

2018-10-18 13:39:04 - [TEST_STEP][PASSED] - Statement - RA = <not implemented yet for class: org.codehaus.groovy.ast.expr.EmptyExpression>: null

2018-10-18 13:39:04 - [TEST_STEP][PASSED] - Statement - RA = java.lang.Math.random() * 20: null

2018-10-18 13:39:04 - [TEST_STEP][PASSED] - Statement - log.logInfo("Random amount = " + RA): Random amount = 0

2018-10-18 13:39:04 - [TEST_STEP][PASSED] - setText: Text '000' is set on object 'Object Repository/Frontend/MatchBetting/input_stake'

2018-10-18 13:39:04 - [MESSAGE][PASSED] - Text '000' is set on object 'Object Repository/Frontend/MatchBetting/input_stake'

2018-10-18 13:39:04 - [TEST_STEP][PASSED] - delay: Delayed 2 second(s)

2018-10-18 13:39:06 - [MESSAGE][PASSED] - Delayed 2 second(s)

2018-10-18 13:39:06 - [TEST_STEP][PASSED] - click: Object: 'Object Repository/Frontend/MatchBetting/button_Bet' is clicked on

2018-10-18 13:39:06 - [MESSAGE][PASSED] - Object: 'Object Repository/Frontend/MatchBetting/button_Bet' is clicked on

2018-10-18 13:39:06 - [TEST_STEP][PASSED] - waitForElementPresent: Object 'Object Repository/Frontend/MatchBetting/BetslipAdded' is present

2018-10-18 13:39:06 - [MESSAGE][PASSED] - Object 'Object Repository/Frontend/MatchBetting/BetslipAdded' is present

2018-10-18 13:39:06 - [TEST_STEP][PASSED] - delay: Delayed 3 second(s)

2018-10-18 13:39:09 - [MESSAGE][PASSED] - Delayed 3 second(s)

2018-10-18 13:39:09 - [TEST_STEP][PASSED] - Statement - log.logInfo("User balance " + balance): User balance 1,000,624,702.00

2018-10-18 13:39:09 - [TEST_STEP][PASSED] - Statement - odds = new java.util.ArrayList(): null

2018-10-18 13:39:09 - [TEST_STEP][PASSED] - Statement - odds.addAll(java.util.Arrays.asList(meron, draw, ftd, wala)): null

2018-10-18 13:39:09 - [TEST_STEP][PASSED] - Statement - rand = new java.util.Random(): null

2018-10-18 13:39:09 - [TEST_STEP][PASSED] - Statement - randodds = rand.nextInt(odds.size()): null

2018-10-18 13:39:09 - [TEST_STEP][PASSED] - Statement - log.logInfo(" meron[0] draw[1] ftd[2] wala[3] ::" + randodds):  meron[0] draw[1] ftd[2] wala[3] ::3

2018-10-18 13:39:09 - [TEST_STEP][PASSED] - Statement - log.logInfo("Odds Selected = " + odds.get(randodds)): Odds Selected = TestObject - 'Object Repository/Frontend/MatchBetting/button_Walaodds'

2018-10-18 13:39:09 - [TEST_STEP][PASSED] - click: Object: 'Object Repository/Frontend/MatchBetting/button_Walaodds' is clicked on

2018-10-18 13:39:09 - [MESSAGE][PASSED] - Object: 'Object Repository/Frontend/MatchBetting/button_Walaodds' is clicked on

2018-10-18 13:39:09 - [TEST_STEP][PASSED] - verifyElementPresent: Object 'Object Repository/Frontend/MatchBetting/span_Possiblewinning' is present

2018-10-18 13:39:09 - [MESSAGE][PASSED] - Object 'Object Repository/Frontend/MatchBetting/span_Possiblewinning' is present

2018-10-18 13:39:09 - [TEST_STEP][PASSED] - Statement - RA = <not implemented yet for class: org.codehaus.groovy.ast.expr.EmptyExpression>: null

2018-10-18 13:39:09 - [TEST_STEP][PASSED] - Statement - RA = java.lang.Math.random() * 20: null

2018-10-18 13:39:09 - [TEST_STEP][PASSED] - Statement - log.logInfo("Random amount = " + RA): Random amount = 17

2018-10-18 13:39:09 - [TEST_STEP][PASSED] - setText: Text '1700' is set on object 'Object Repository/Frontend/MatchBetting/input_stake'

2018-10-18 13:39:09 - [MESSAGE][PASSED] - Text '1700' is set on object 'Object Repository/Frontend/MatchBetting/input_stake'

2018-10-18 13:39:09 - [TEST_STEP][PASSED] - delay: Delayed 2 second(s)

2018-10-18 13:39:11 - [MESSAGE][PASSED] - Delayed 2 second(s)

2018-10-18 13:39:11 - [TEST_STEP][PASSED] - click: Object: 'Object Repository/Frontend/MatchBetting/button_Bet' is clicked on

2018-10-18 13:39:11 - [MESSAGE][PASSED] - Object: 'Object Repository/Frontend/MatchBetting/button_Bet' is clicked on

2018-10-18 13:39:11 - [TEST_STEP][PASSED] - waitForElementPresent: Object 'Object Repository/Frontend/MatchBetting/BetslipAdded' is present

2018-10-18 13:39:11 - [MESSAGE][PASSED] - Object 'Object Repository/Frontend/MatchBetting/BetslipAdded' is present

2018-10-18 13:39:11 - [TEST_STEP][PASSED] - delay: Delayed 3 second(s)

2018-10-18 13:39:14 - [MESSAGE][PASSED] - Delayed 3 second(s)

2018-10-18 13:39:14 - [TEST_STEP][PASSED] - Statement - log.logInfo("User balance " + balance): User balance 1,000,624,702.00

2018-10-18 13:39:14 - [TEST_STEP][PASSED] - Statement - odds = new java.util.ArrayList(): null

2018-10-18 13:39:14 - [TEST_STEP][PASSED] - Statement - odds.addAll(java.util.Arrays.asList(meron, draw, ftd, wala)): null

2018-10-18 13:39:14 - [TEST_STEP][PASSED] - Statement - rand = new java.util.Random(): null

2018-10-18 13:39:14 - [TEST_STEP][PASSED] - Statement - randodds = rand.nextInt(odds.size()): null

2018-10-18 13:39:14 - [TEST_STEP][PASSED] - Statement - log.logInfo(" meron[0] draw[1] ftd[2] wala[3] ::" + randodds):  meron[0] draw[1] ftd[2] wala[3] ::0

2018-10-18 13:39:14 - [TEST_STEP][PASSED] - Statement - log.logInfo("Odds Selected = " + odds.get(randodds)): Odds Selected = TestObject - 'Object Repository/Frontend/MatchBetting/button_Meronodds'

2018-10-18 13:39:14 - [TEST_STEP][PASSED] - click: Object: 'Object Repository/Frontend/MatchBetting/button_Meronodds' is clicked on

2018-10-18 13:39:15 - [MESSAGE][PASSED] - Object: 'Object Repository/Frontend/MatchBetting/button_Meronodds' is clicked on

2018-10-18 13:39:15 - [TEST_STEP][PASSED] - verifyElementPresent: Object 'Object Repository/Frontend/MatchBetting/span_Possiblewinning' is present

2018-10-18 13:39:15 - [MESSAGE][PASSED] - Object 'Object Repository/Frontend/MatchBetting/span_Possiblewinning' is present

2018-10-18 13:39:15 - [TEST_STEP][PASSED] - Statement - RA = <not implemented yet for class: org.codehaus.groovy.ast.expr.EmptyExpression>: null

2018-10-18 13:39:15 - [TEST_STEP][PASSED] - Statement - RA = java.lang.Math.random() * 20: null

2018-10-18 13:39:15 - [TEST_STEP][PASSED] - Statement - log.logInfo("Random amount = " + RA): Random amount = 17

2018-10-18 13:39:15 - [TEST_STEP][PASSED] - setText: Text '1700' is set on object 'Object Repository/Frontend/MatchBetting/input_stake'

2018-10-18 13:39:15 - [MESSAGE][PASSED] - Text '1700' is set on object 'Object Repository/Frontend/MatchBetting/input_stake'

2018-10-18 13:39:15 - [TEST_STEP][PASSED] - delay: Delayed 2 second(s)

2018-10-18 13:39:17 - [MESSAGE][PASSED] - Delayed 2 second(s)

2018-10-18 13:39:17 - [TEST_STEP][PASSED] - click: Object: 'Object Repository/Frontend/MatchBetting/button_Bet' is clicked on

2018-10-18 13:39:17 - [MESSAGE][PASSED] - Object: 'Object Repository/Frontend/MatchBetting/button_Bet' is clicked on

2018-10-18 13:39:17 - [TEST_STEP][PASSED] - waitForElementPresent: Object 'Object Repository/Frontend/MatchBetting/BetslipAdded' is present

2018-10-18 13:39:17 - [MESSAGE][PASSED] - Object 'Object Repository/Frontend/MatchBetting/BetslipAdded' is present

2018-10-18 13:39:17 - [TEST_STEP][PASSED] - delay: Delayed 3 second(s)

2018-10-18 13:39:20 - [MESSAGE][PASSED] - Delayed 3 second(s)

2018-10-18 13:39:20 - [TEST_STEP][PASSED] - Statement - log.logInfo("User balance " + balance): User balance 1,000,624,702.00

2018-10-18 13:39:20 - [TEST_STEP][PASSED] - Statement - odds = new java.util.ArrayList(): null

2018-10-18 13:39:20 - [TEST_STEP][PASSED] - Statement - odds.addAll(java.util.Arrays.asList(meron, draw, ftd, wala)): null

2018-10-18 13:39:20 - [TEST_STEP][PASSED] - Statement - rand = new java.util.Random(): null

2018-10-18 13:39:20 - [TEST_STEP][PASSED] - Statement - randodds = rand.nextInt(odds.size()): null

2018-10-18 13:39:20 - [TEST_STEP][PASSED] - Statement - log.logInfo(" meron[0] draw[1] ftd[2] wala[3] ::" + randodds):  meron[0] draw[1] ftd[2] wala[3] ::2

2018-10-18 13:39:20 - [TEST_STEP][PASSED] - Statement - log.logInfo("Odds Selected = " + odds.get(randodds)): Odds Selected = TestObject - 'Object Repository/Frontend/MatchBetting/button_FTDodds'

2018-10-18 13:39:20 - [TEST_STEP][PASSED] - click: Object: 'Object Repository/Frontend/MatchBetting/button_FTDodds' is clicked on

2018-10-18 13:39:20 - [MESSAGE][PASSED] - Object: 'Object Repository/Frontend/MatchBetting/button_FTDodds' is clicked on

2018-10-18 13:39:20 - [TEST_STEP][PASSED] - verifyElementPresent: Object 'Object Repository/Frontend/MatchBetting/span_Possiblewinning' is present

2018-10-18 13:39:20 - [MESSAGE][PASSED] - Object 'Object Repository/Frontend/MatchBetting/span_Possiblewinning' is present

2018-10-18 13:39:20 - [TEST_STEP][PASSED] - Statement - RA = <not implemented yet for class: org.codehaus.groovy.ast.expr.EmptyExpression>: null

2018-10-18 13:39:20 - [TEST_STEP][PASSED] - Statement - RA = java.lang.Math.random() * 20: null

2018-10-18 13:39:20 - [TEST_STEP][PASSED] - Statement - log.logInfo("Random amount = " + RA): Random amount = 14

2018-10-18 13:39:20 - [TEST_STEP][PASSED] - setText: Text '1400' is set on object 'Object Repository/Frontend/MatchBetting/input_stake'

2018-10-18 13:39:20 - [MESSAGE][PASSED] - Text '1400' is set on object 'Object Repository/Frontend/MatchBetting/input_stake'

2018-10-18 13:39:20 - [TEST_STEP][PASSED] - delay: Delayed 2 second(s)

2018-10-18 13:39:22 - [MESSAGE][PASSED] - Delayed 2 second(s)

2018-10-18 13:39:22 - [TEST_STEP][PASSED] - click: Object: 'Object Repository/Frontend/MatchBetting/button_Bet' is clicked on

2018-10-18 13:39:23 - [MESSAGE][PASSED] - Object: 'Object Repository/Frontend/MatchBetting/button_Bet' is clicked on

2018-10-18 13:39:23 - [TEST_STEP][PASSED] - waitForElementPresent: Object 'Object Repository/Frontend/MatchBetting/BetslipAdded' is present

2018-10-18 13:39:23 - [MESSAGE][PASSED] - Object 'Object Repository/Frontend/MatchBetting/BetslipAdded' is present

2018-10-18 13:39:23 - [TEST_STEP][PASSED] - delay: Delayed 3 second(s)

2018-10-18 13:39:26 - [MESSAGE][PASSED] - Delayed 3 second(s)

2018-10-18 13:39:26 - [TEST_STEP][PASSED] - Statement - log.logInfo("User balance " + balance): User balance 1,000,624,702.00

2018-10-18 13:39:26 - [TEST_STEP][PASSED] - Statement - odds = new java.util.ArrayList(): null

2018-10-18 13:39:26 - [TEST_STEP][PASSED] - Statement - odds.addAll(java.util.Arrays.asList(meron, draw, ftd, wala)): null

2018-10-18 13:39:26 - [TEST_STEP][PASSED] - Statement - rand = new java.util.Random(): null

2018-10-18 13:39:26 - [TEST_STEP][PASSED] - Statement - randodds = rand.nextInt(odds.size()): null

2018-10-18 13:39:26 - [TEST_STEP][PASSED] - Statement - log.logInfo(" meron[0] draw[1] ftd[2] wala[3] ::" + randodds):  meron[0] draw[1] ftd[2] wala[3] ::2

2018-10-18 13:39:26 - [TEST_STEP][PASSED] - Statement - log.logInfo("Odds Selected = " + odds.get(randodds)): Odds Selected = TestObject - 'Object Repository/Frontend/MatchBetting/button_FTDodds'

2018-10-18 13:39:26 - [TEST_STEP][PASSED] - click: Object: 'Object Repository/Frontend/MatchBetting/button_FTDodds' is clicked on

2018-10-18 13:39:26 - [MESSAGE][PASSED] - Object: 'Object Repository/Frontend/MatchBetting/button_FTDodds' is clicked on

2018-10-18 13:39:26 - [TEST_STEP][PASSED] - verifyElementPresent: Object 'Object Repository/Frontend/MatchBetting/span_Possiblewinning' is present

2018-10-18 13:39:26 - [MESSAGE][PASSED] - Object 'Object Repository/Frontend/MatchBetting/span_Possiblewinning' is present

2018-10-18 13:39:26 - [TEST_STEP][PASSED] - Statement - RA = <not implemented yet for class: org.codehaus.groovy.ast.expr.EmptyExpression>: null

2018-10-18 13:39:26 - [TEST_STEP][PASSED] - Statement - RA = java.lang.Math.random() * 20: null

2018-10-18 13:39:26 - [TEST_STEP][PASSED] - Statement - log.logInfo("Random amount = " + RA): Random amount = 8

2018-10-18 13:39:26 - [TEST_STEP][PASSED] - setText: Text '800' is set on object 'Object Repository/Frontend/MatchBetting/input_stake'

2018-10-18 13:39:26 - [MESSAGE][PASSED] - Text '800' is set on object 'Object Repository/Frontend/MatchBetting/input_stake'

2018-10-18 13:39:26 - [TEST_STEP][PASSED] - delay: Delayed 2 second(s)

2018-10-18 13:39:28 - [MESSAGE][PASSED] - Delayed 2 second(s)

2018-10-18 13:39:28 - [TEST_STEP][PASSED] - click: Object: 'Object Repository/Frontend/MatchBetting/button_Bet' is clicked on

2018-10-18 13:39:28 - [MESSAGE][PASSED] - Object: 'Object Repository/Frontend/MatchBetting/button_Bet' is clicked on

2018-10-18 13:39:28 - [TEST_STEP][PASSED] - waitForElementPresent: Object 'Object Repository/Frontend/MatchBetting/BetslipAdded' is present

2018-10-18 13:39:28 - [MESSAGE][PASSED] - Object 'Object Repository/Frontend/MatchBetting/BetslipAdded' is present

2018-10-18 13:39:28 - [TEST_STEP][PASSED] - delay: Delayed 3 second(s)

2018-10-18 13:39:31 - [MESSAGE][PASSED] - Delayed 3 second(s)

2018-10-18 13:39:31 - [TEST_STEP][PASSED] - Statement - log.logInfo("User balance " + balance): User balance 1,000,624,702.00

2018-10-18 13:39:31 - [TEST_STEP][PASSED] - Statement - odds = new java.util.ArrayList(): null

2018-10-18 13:39:31 - [TEST_STEP][PASSED] - Statement - odds.addAll(java.util.Arrays.asList(meron, draw, ftd, wala)): null

2018-10-18 13:39:31 - [TEST_STEP][PASSED] - Statement - rand = new java.util.Random(): null

2018-10-18 13:39:31 - [TEST_STEP][PASSED] - Statement - randodds = rand.nextInt(odds.size()): null

2018-10-18 13:39:31 - [TEST_STEP][PASSED] - Statement - log.logInfo(" meron[0] draw[1] ftd[2] wala[3] ::" + randodds):  meron[0] draw[1] ftd[2] wala[3] ::1

2018-10-18 13:39:31 - [TEST_STEP][PASSED] - Statement - log.logInfo("Odds Selected = " + odds.get(randodds)): Odds Selected = TestObject - 'Object Repository/Frontend/MatchBetting/button_Drawodds'

2018-10-18 13:39:31 - [TEST_STEP][PASSED] - click: Object: 'Object Repository/Frontend/MatchBetting/button_Drawodds' is clicked on

2018-10-18 13:39:31 - [MESSAGE][PASSED] - Object: 'Object Repository/Frontend/MatchBetting/button_Drawodds' is clicked on

2018-10-18 13:39:31 - [TEST_STEP][PASSED] - verifyElementPresent: Object 'Object Repository/Frontend/MatchBetting/span_Possiblewinning' is present

2018-10-18 13:39:31 - [MESSAGE][PASSED] - Object 'Object Repository/Frontend/MatchBetting/span_Possiblewinning' is present

2018-10-18 13:39:31 - [TEST_STEP][PASSED] - Statement - RA = <not implemented yet for class: org.codehaus.groovy.ast.expr.EmptyExpression>: null

2018-10-18 13:39:31 - [TEST_STEP][PASSED] - Statement - RA = java.lang.Math.random() * 20: null

2018-10-18 13:39:31 - [TEST_STEP][PASSED] - Statement - log.logInfo("Random amount = " + RA): Random amount = 2

2018-10-18 13:39:31 - [TEST_STEP][PASSED] - setText: Text '200' is set on object 'Object Repository/Frontend/MatchBetting/input_stake'

2018-10-18 13:39:31 - [MESSAGE][PASSED] - Text '200' is set on object 'Object Repository/Frontend/MatchBetting/input_stake'

2018-10-18 13:39:31 - [TEST_STEP][PASSED] - delay: Delayed 2 second(s)

2018-10-18 13:39:33 - [MESSAGE][PASSED] - Delayed 2 second(s)

2018-10-18 13:39:33 - [TEST_STEP][PASSED] - click: Object: 'Object Repository/Frontend/MatchBetting/button_Bet' is clicked on

2018-10-18 13:39:33 - [MESSAGE][PASSED] - Object: 'Object Repository/Frontend/MatchBetting/button_Bet' is clicked on

2018-10-18 13:39:33 - [TEST_STEP][PASSED] - waitForElementPresent: Object 'Object Repository/Frontend/MatchBetting/BetslipAdded' is present

2018-10-18 13:39:33 - [MESSAGE][PASSED] - Object 'Object Repository/Frontend/MatchBetting/BetslipAdded' is present

2018-10-18 13:39:33 - [TEST_STEP][PASSED] - delay: Delayed 3 second(s)

2018-10-18 13:39:36 - [MESSAGE][PASSED] - Delayed 3 second(s)

2018-10-18 13:39:36 - [TEST_STEP][PASSED] - Statement - log.logInfo("User balance " + balance): User balance 1,000,624,702.00

2018-10-18 13:39:36 - [TEST_STEP][PASSED] - Statement - odds = new java.util.ArrayList(): null

2018-10-18 13:39:36 - [TEST_STEP][PASSED] - Statement - odds.addAll(java.util.Arrays.asList(meron, draw, ftd, wala)): null

2018-10-18 13:39:36 - [TEST_STEP][PASSED] - Statement - rand = new java.util.Random(): null

2018-10-18 13:39:36 - [TEST_STEP][PASSED] - Statement - randodds = rand.nextInt(odds.size()): null

2018-10-18 13:39:36 - [TEST_STEP][PASSED] - Statement - log.logInfo(" meron[0] draw[1] ftd[2] wala[3] ::" + randodds):  meron[0] draw[1] ftd[2] wala[3] ::1

2018-10-18 13:39:36 - [TEST_STEP][PASSED] - Statement - log.logInfo("Odds Selected = " + odds.get(randodds)): Odds Selected = TestObject - 'Object Repository/Frontend/MatchBetting/button_Drawodds'

2018-10-18 13:39:36 - [TEST_STEP][PASSED] - click: Object: 'Object Repository/Frontend/MatchBetting/button_Drawodds' is clicked on

2018-10-18 13:39:36 - [MESSAGE][PASSED] - Object: 'Object Repository/Frontend/MatchBetting/button_Drawodds' is clicked on

2018-10-18 13:39:36 - [TEST_STEP][PASSED] - verifyElementPresent: Object 'Object Repository/Frontend/MatchBetting/span_Possiblewinning' is present

2018-10-18 13:39:36 - [MESSAGE][PASSED] - Object 'Object Repository/Frontend/MatchBetting/span_Possiblewinning' is present

2018-10-18 13:39:36 - [TEST_STEP][PASSED] - Statement - RA = <not implemented yet for class: org.codehaus.groovy.ast.expr.EmptyExpression>: null

2018-10-18 13:39:36 - [TEST_STEP][PASSED] - Statement - RA = java.lang.Math.random() * 20: null

2018-10-18 13:39:36 - [TEST_STEP][PASSED] - Statement - log.logInfo("Random amount = " + RA): Random amount = 12

2018-10-18 13:39:36 - [TEST_STEP][PASSED] - setText: Text '1200' is set on object 'Object Repository/Frontend/MatchBetting/input_stake'

2018-10-18 13:39:37 - [MESSAGE][PASSED] - Text '1200' is set on object 'Object Repository/Frontend/MatchBetting/input_stake'

2018-10-18 13:39:37 - [TEST_STEP][PASSED] - delay: Delayed 2 second(s)

2018-10-18 13:39:39 - [MESSAGE][PASSED] - Delayed 2 second(s)

2018-10-18 13:39:39 - [TEST_STEP][PASSED] - click: Object: 'Object Repository/Frontend/MatchBetting/button_Bet' is clicked on

2018-10-18 13:39:39 - [MESSAGE][PASSED] - Object: 'Object Repository/Frontend/MatchBetting/button_Bet' is clicked on

2018-10-18 13:39:39 - [TEST_STEP][PASSED] - waitForElementPresent: Object 'Object Repository/Frontend/MatchBetting/BetslipAdded' is present

2018-10-18 13:39:39 - [MESSAGE][PASSED] - Object 'Object Repository/Frontend/MatchBetting/BetslipAdded' is present

2018-10-18 13:39:39 - [TEST_STEP][PASSED] - delay: Delayed 3 second(s)

2018-10-18 13:39:42 - [MESSAGE][PASSED] - Delayed 3 second(s)

2018-10-18 13:39:42 - [TEST_STEP][PASSED] - Statement - log.logInfo("User balance " + balance): User balance 1,000,624,702.00

2018-10-18 13:39:42 - [TEST_STEP][PASSED] - Statement - odds = new java.util.ArrayList(): null

2018-10-18 13:39:42 - [TEST_STEP][PASSED] - Statement - odds.addAll(java.util.Arrays.asList(meron, draw, ftd, wala)): null

2018-10-18 13:39:42 - [TEST_STEP][PASSED] - Statement - rand = new java.util.Random(): null

2018-10-18 13:39:42 - [TEST_STEP][PASSED] - Statement - randodds = rand.nextInt(odds.size()): null

2018-10-18 13:39:42 - [TEST_STEP][PASSED] - Statement - log.logInfo(" meron[0] draw[1] ftd[2] wala[3] ::" + randodds):  meron[0] draw[1] ftd[2] wala[3] ::3

2018-10-18 13:39:42 - [TEST_STEP][PASSED] - Statement - log.logInfo("Odds Selected = " + odds.get(randodds)): Odds Selected = TestObject - 'Object Repository/Frontend/MatchBetting/button_Walaodds'

2018-10-18 13:39:42 - [TEST_STEP][PASSED] - click: Object: 'Object Repository/Frontend/MatchBetting/button_Walaodds' is clicked on

2018-10-18 13:39:42 - [MESSAGE][PASSED] - Object: 'Object Repository/Frontend/MatchBetting/button_Walaodds' is clicked on

2018-10-18 13:39:42 - [TEST_STEP][PASSED] - verifyElementPresent: Object 'Object Repository/Frontend/MatchBetting/span_Possiblewinning' is present

2018-10-18 13:39:42 - [MESSAGE][PASSED] - Object 'Object Repository/Frontend/MatchBetting/span_Possiblewinning' is present

2018-10-18 13:39:42 - [TEST_STEP][PASSED] - Statement - RA = <not implemented yet for class: org.codehaus.groovy.ast.expr.EmptyExpression>: null

2018-10-18 13:39:42 - [TEST_STEP][PASSED] - Statement - RA = java.lang.Math.random() * 20: null

2018-10-18 13:39:42 - [TEST_STEP][PASSED] - Statement - log.logInfo("Random amount = " + RA): Random amount = 12

2018-10-18 13:39:42 - [TEST_STEP][PASSED] - setText: Text '1200' is set on object 'Object Repository/Frontend/MatchBetting/input_stake'

2018-10-18 13:39:42 - [MESSAGE][PASSED] - Text '1200' is set on object 'Object Repository/Frontend/MatchBetting/input_stake'

2018-10-18 13:39:42 - [TEST_STEP][PASSED] - delay: Delayed 2 second(s)

2018-10-18 13:39:44 - [MESSAGE][PASSED] - Delayed 2 second(s)

2018-10-18 13:39:44 - [TEST_STEP][PASSED] - click: Object: 'Object Repository/Frontend/MatchBetting/button_Bet' is clicked on

2018-10-18 13:39:44 - [MESSAGE][PASSED] - Object: 'Object Repository/Frontend/MatchBetting/button_Bet' is clicked on

2018-10-18 13:39:44 - [TEST_STEP][PASSED] - waitForElementPresent: Object 'Object Repository/Frontend/MatchBetting/BetslipAdded' is present

2018-10-18 13:39:44 - [MESSAGE][PASSED] - Object 'Object Repository/Frontend/MatchBetting/BetslipAdded' is present

2018-10-18 13:39:44 - [TEST_STEP][PASSED] - delay: Delayed 3 second(s)

2018-10-18 13:39:47 - [MESSAGE][PASSED] - Delayed 3 second(s)

2018-10-18 13:39:47 - [TEST_STEP][PASSED] - Statement - log.logInfo("User balance " + balance): User balance 1,000,624,702.00

2018-10-18 13:39:47 - [TEST_STEP][PASSED] - Statement - odds = new java.util.ArrayList(): null

2018-10-18 13:39:47 - [TEST_STEP][PASSED] - Statement - odds.addAll(java.util.Arrays.asList(meron, draw, ftd, wala)): null

2018-10-18 13:39:47 - [TEST_STEP][PASSED] - Statement - rand = new java.util.Random(): null

2018-10-18 13:39:47 - [TEST_STEP][PASSED] - Statement - randodds = rand.nextInt(odds.size()): null

2018-10-18 13:39:47 - [TEST_STEP][PASSED] - Statement - log.logInfo(" meron[0] draw[1] ftd[2] wala[3] ::" + randodds):  meron[0] draw[1] ftd[2] wala[3] ::1

2018-10-18 13:39:47 - [TEST_STEP][PASSED] - Statement - log.logInfo("Odds Selected = " + odds.get(randodds)): Odds Selected = TestObject - 'Object Repository/Frontend/MatchBetting/button_Drawodds'

2018-10-18 13:39:47 - [TEST_STEP][PASSED] - click: Object: 'Object Repository/Frontend/MatchBetting/button_Drawodds' is clicked on

2018-10-18 13:39:47 - [MESSAGE][PASSED] - Object: 'Object Repository/Frontend/MatchBetting/button_Drawodds' is clicked on

2018-10-18 13:39:47 - [TEST_STEP][PASSED] - verifyElementPresent: Object 'Object Repository/Frontend/MatchBetting/span_Possiblewinning' is present

2018-10-18 13:39:47 - [MESSAGE][PASSED] - Object 'Object Repository/Frontend/MatchBetting/span_Possiblewinning' is present

2018-10-18 13:39:47 - [TEST_STEP][PASSED] - Statement - RA = <not implemented yet for class: org.codehaus.groovy.ast.expr.EmptyExpression>: null

2018-10-18 13:39:47 - [TEST_STEP][PASSED] - Statement - RA = java.lang.Math.random() * 20: null

2018-10-18 13:39:47 - [TEST_STEP][PASSED] - Statement - log.logInfo("Random amount = " + RA): Random amount = 19

2018-10-18 13:39:47 - [TEST_STEP][PASSED] - setText: Text '1900' is set on object 'Object Repository/Frontend/MatchBetting/input_stake'

2018-10-18 13:39:47 - [MESSAGE][PASSED] - Text '1900' is set on object 'Object Repository/Frontend/MatchBetting/input_stake'

2018-10-18 13:39:47 - [TEST_STEP][PASSED] - delay: Delayed 2 second(s)

2018-10-18 13:39:49 - [MESSAGE][PASSED] - Delayed 2 second(s)

2018-10-18 13:39:49 - [TEST_STEP][PASSED] - click: Object: 'Object Repository/Frontend/MatchBetting/button_Bet' is clicked on

2018-10-18 13:39:49 - [MESSAGE][PASSED] - Object: 'Object Repository/Frontend/MatchBetting/button_Bet' is clicked on

2018-10-18 13:39:49 - [TEST_STEP][PASSED] - waitForElementPresent: Object 'Object Repository/Frontend/MatchBetting/BetslipAdded' is present

2018-10-18 13:39:49 - [MESSAGE][PASSED] - Object 'Object Repository/Frontend/MatchBetting/BetslipAdded' is present

2018-10-18 13:39:49 - [TEST_STEP][PASSED] - delay: Delayed 3 second(s)

2018-10-18 13:39:52 - [MESSAGE][PASSED] - Delayed 3 second(s)

2018-10-18 13:39:52 - [TEST_STEP][PASSED] - Statement - log.logInfo("User balance " + balance): User balance 1,000,624,702.00

2018-10-18 13:39:52 - [TEST_STEP][PASSED] - Statement - odds = new java.util.ArrayList(): null

2018-10-18 13:39:52 - [TEST_STEP][PASSED] - Statement - odds.addAll(java.util.Arrays.asList(meron, draw, ftd, wala)): null

2018-10-18 13:39:52 - [TEST_STEP][PASSED] - Statement - rand = new java.util.Random(): null

2018-10-18 13:39:52 - [TEST_STEP][PASSED] - Statement - randodds = rand.nextInt(odds.size()): null

2018-10-18 13:39:52 - [TEST_STEP][PASSED] - Statement - log.logInfo(" meron[0] draw[1] ftd[2] wala[3] ::" + randodds):  meron[0] draw[1] ftd[2] wala[3] ::0

2018-10-18 13:39:52 - [TEST_STEP][PASSED] - Statement - log.logInfo("Odds Selected = " + odds.get(randodds)): Odds Selected = TestObject - 'Object Repository/Frontend/MatchBetting/button_Meronodds'

2018-10-18 13:39:52 - [TEST_STEP][PASSED] - click: Object: 'Object Repository/Frontend/MatchBetting/button_Meronodds' is clicked on

2018-10-18 13:39:53 - [MESSAGE][PASSED] - Object: 'Object Repository/Frontend/MatchBetting/button_Meronodds' is clicked on

2018-10-18 13:39:53 - [TEST_STEP][PASSED] - verifyElementPresent: Object 'Object Repository/Frontend/MatchBetting/span_Possiblewinning' is present

2018-10-18 13:39:53 - [MESSAGE][PASSED] - Object 'Object Repository/Frontend/MatchBetting/span_Possiblewinning' is present

2018-10-18 13:39:53 - [TEST_STEP][PASSED] - Statement - RA = <not implemented yet for class: org.codehaus.groovy.ast.expr.EmptyExpression>: null

2018-10-18 13:39:53 - [TEST_STEP][PASSED] - Statement - RA = java.lang.Math.random() * 20: null

2018-10-18 13:39:53 - [TEST_STEP][PASSED] - Statement - log.logInfo("Random amount = " + RA): Random amount = 8

2018-10-18 13:39:53 - [TEST_STEP][PASSED] - setText: Text '800' is set on object 'Object Repository/Frontend/MatchBetting/input_stake'

2018-10-18 13:39:53 - [MESSAGE][PASSED] - Text '800' is set on object 'Object Repository/Frontend/MatchBetting/input_stake'

2018-10-18 13:39:53 - [TEST_STEP][PASSED] - delay: Delayed 2 second(s)

2018-10-18 13:39:55 - [MESSAGE][PASSED] - Delayed 2 second(s)

2018-10-18 13:39:55 - [TEST_STEP][PASSED] - click: Object: 'Object Repository/Frontend/MatchBetting/button_Bet' is clicked on

2018-10-18 13:39:55 - [MESSAGE][PASSED] - Object: 'Object Repository/Frontend/MatchBetting/button_Bet' is clicked on

2018-10-18 13:39:55 - [TEST_STEP][PASSED] - waitForElementPresent: Object 'Object Repository/Frontend/MatchBetting/BetslipAdded' is present

2018-10-18 13:39:55 - [MESSAGE][PASSED] - Object 'Object Repository/Frontend/MatchBetting/BetslipAdded' is present

2018-10-18 13:39:55 - [TEST_STEP][PASSED] - delay: Delayed 3 second(s)

2018-10-18 13:39:58 - [MESSAGE][PASSED] - Delayed 3 second(s)

2018-10-18 13:39:58 - [TEST_STEP][PASSED] - Statement - log.logInfo("User balance " + balance): User balance 1,000,624,702.00

2018-10-18 13:39:58 - [TEST_STEP][PASSED] - Statement - odds = new java.util.ArrayList(): null

2018-10-18 13:39:58 - [TEST_STEP][PASSED] - Statement - odds.addAll(java.util.Arrays.asList(meron, draw, ftd, wala)): null

2018-10-18 13:39:58 - [TEST_STEP][PASSED] - Statement - rand = new java.util.Random(): null

2018-10-18 13:39:58 - [TEST_STEP][PASSED] - Statement - randodds = rand.nextInt(odds.size()): null

2018-10-18 13:39:58 - [TEST_STEP][PASSED] - Statement - log.logInfo(" meron[0] draw[1] ftd[2] wala[3] ::" + randodds):  meron[0] draw[1] ftd[2] wala[3] ::0

2018-10-18 13:39:58 - [TEST_STEP][PASSED] - Statement - log.logInfo("Odds Selected = " + odds.get(randodds)): Odds Selected = TestObject - 'Object Repository/Frontend/MatchBetting/button_Meronodds'

2018-10-18 13:39:58 - [TEST_STEP][PASSED] - click: Object: 'Object Repository/Frontend/MatchBetting/button_Meronodds' is clicked on

2018-10-18 13:39:58 - [MESSAGE][PASSED] - Object: 'Object Repository/Frontend/MatchBetting/button_Meronodds' is clicked on

2018-10-18 13:39:58 - [TEST_STEP][PASSED] - verifyElementPresent: Object 'Object Repository/Frontend/MatchBetting/span_Possiblewinning' is present

2018-10-18 13:39:58 - [MESSAGE][PASSED] - Object 'Object Repository/Frontend/MatchBetting/span_Possiblewinning' is present

2018-10-18 13:39:58 - [TEST_STEP][PASSED] - Statement - RA = <not implemented yet for class: org.codehaus.groovy.ast.expr.EmptyExpression>: null

2018-10-18 13:39:58 - [TEST_STEP][PASSED] - Statement - RA = java.lang.Math.random() * 20: null

2018-10-18 13:39:58 - [TEST_STEP][PASSED] - Statement - log.logInfo("Random amount = " + RA): Random amount = 8

2018-10-18 13:39:58 - [TEST_STEP][PASSED] - setText: Text '800' is set on object 'Object Repository/Frontend/MatchBetting/input_stake'

2018-10-18 13:39:58 - [MESSAGE][PASSED] - Text '800' is set on object 'Object Repository/Frontend/MatchBetting/input_stake'

2018-10-18 13:39:58 - [TEST_STEP][PASSED] - delay: Delayed 2 second(s)

2018-10-18 13:40:00 - [MESSAGE][PASSED] - Delayed 2 second(s)

2018-10-18 13:40:00 - [TEST_STEP][PASSED] - click: Object: 'Object Repository/Frontend/MatchBetting/button_Bet' is clicked on

2018-10-18 13:40:00 - [MESSAGE][PASSED] - Object: 'Object Repository/Frontend/MatchBetting/button_Bet' is clicked on

2018-10-18 13:40:00 - [TEST_STEP][PASSED] - waitForElementPresent: Object 'Object Repository/Frontend/MatchBetting/BetslipAdded' is present

2018-10-18 13:40:00 - [MESSAGE][PASSED] - Object 'Object Repository/Frontend/MatchBetting/BetslipAdded' is present

2018-10-18 13:40:00 - [TEST_STEP][PASSED] - delay: Delayed 3 second(s)

2018-10-18 13:40:03 - [MESSAGE][PASSED] - Delayed 3 second(s)

2018-10-18 13:40:03 - [TEST_STEP][PASSED] - Statement - log.logInfo("User balance " + balance): User balance 1,000,624,702.00

2018-10-18 13:40:03 - [TEST_STEP][PASSED] - Statement - odds = new java.util.ArrayList(): null

2018-10-18 13:40:03 - [TEST_STEP][PASSED] - Statement - odds.addAll(java.util.Arrays.asList(meron, draw, ftd, wala)): null

2018-10-18 13:40:03 - [TEST_STEP][PASSED] - Statement - rand = new java.util.Random(): null

2018-10-18 13:40:03 - [TEST_STEP][PASSED] - Statement - randodds = rand.nextInt(odds.size()): null

2018-10-18 13:40:03 - [TEST_STEP][PASSED] - Statement - log.logInfo(" meron[0] draw[1] ftd[2] wala[3] ::" + randodds):  meron[0] draw[1] ftd[2] wala[3] ::1

2018-10-18 13:40:03 - [TEST_STEP][PASSED] - Statement - log.logInfo("Odds Selected = " + odds.get(randodds)): Odds Selected = TestObject - 'Object Repository/Frontend/MatchBetting/button_Drawodds'

2018-10-18 13:40:03 - [TEST_STEP][PASSED] - click: Object: 'Object Repository/Frontend/MatchBetting/button_Drawodds' is clicked on

2018-10-18 13:40:03 - [MESSAGE][PASSED] - Object: 'Object Repository/Frontend/MatchBetting/button_Drawodds' is clicked on

2018-10-18 13:40:03 - [TEST_STEP][PASSED] - verifyElementPresent: Object 'Object Repository/Frontend/MatchBetting/span_Possiblewinning' is present

2018-10-18 13:40:03 - [MESSAGE][PASSED] - Object 'Object Repository/Frontend/MatchBetting/span_Possiblewinning' is present

2018-10-18 13:40:03 - [TEST_STEP][PASSED] - Statement - RA = <not implemented yet for class: org.codehaus.groovy.ast.expr.EmptyExpression>: null

2018-10-18 13:40:03 - [TEST_STEP][PASSED] - Statement - RA = java.lang.Math.random() * 20: null

2018-10-18 13:40:03 - [TEST_STEP][PASSED] - Statement - log.logInfo("Random amount = " + RA): Random amount = 15

2018-10-18 13:40:03 - [TEST_STEP][PASSED] - setText: Text '1500' is set on object 'Object Repository/Frontend/MatchBetting/input_stake'

2018-10-18 13:40:03 - [MESSAGE][PASSED] - Text '1500' is set on object 'Object Repository/Frontend/MatchBetting/input_stake'

2018-10-18 13:40:03 - [TEST_STEP][PASSED] - delay: Delayed 2 second(s)

2018-10-18 13:40:05 - [MESSAGE][PASSED] - Delayed 2 second(s)

2018-10-18 13:40:05 - [TEST_STEP][PASSED] - click: Object: 'Object Repository/Frontend/MatchBetting/button_Bet' is clicked on

2018-10-18 13:40:05 - [MESSAGE][PASSED] - Object: 'Object Repository/Frontend/MatchBetting/button_Bet' is clicked on

2018-10-18 13:40:05 - [TEST_STEP][PASSED] - waitForElementPresent: Object 'Object Repository/Frontend/MatchBetting/BetslipAdded' is present

2018-10-18 13:40:06 - [MESSAGE][PASSED] - Object 'Object Repository/Frontend/MatchBetting/BetslipAdded' is present

2018-10-18 13:40:06 - [TEST_STEP][PASSED] - delay: Delayed 3 second(s)

2018-10-18 13:40:09 - [MESSAGE][PASSED] - Delayed 3 second(s)

2018-10-18 13:40:09 - [TEST_STEP][PASSED] - Statement - log.logInfo("User balance " + balance): User balance 1,000,624,702.00

2018-10-18 13:40:09 - [TEST_STEP][PASSED] - Statement - odds = new java.util.ArrayList(): null

2018-10-18 13:40:09 - [TEST_STEP][PASSED] - Statement - odds.addAll(java.util.Arrays.asList(meron, draw, ftd, wala)): null

2018-10-18 13:40:09 - [TEST_STEP][PASSED] - Statement - rand = new java.util.Random(): null

2018-10-18 13:40:09 - [TEST_STEP][PASSED] - Statement - randodds = rand.nextInt(odds.size()): null

2018-10-18 13:40:09 - [TEST_STEP][PASSED] - Statement - log.logInfo(" meron[0] draw[1] ftd[2] wala[3] ::" + randodds):  meron[0] draw[1] ftd[2] wala[3] ::3

2018-10-18 13:40:09 - [TEST_STEP][PASSED] - Statement - log.logInfo("Odds Selected = " + odds.get(randodds)): Odds Selected = TestObject - 'Object Repository/Frontend/MatchBetting/button_Walaodds'

2018-10-18 13:40:09 - [TEST_STEP][PASSED] - click: Object: 'Object Repository/Frontend/MatchBetting/button_Walaodds' is clicked on

2018-10-18 13:40:09 - [MESSAGE][PASSED] - Object: 'Object Repository/Frontend/MatchBetting/button_Walaodds' is clicked on

2018-10-18 13:40:09 - [TEST_STEP][PASSED] - verifyElementPresent: Object 'Object Repository/Frontend/MatchBetting/span_Possiblewinning' is present

2018-10-18 13:40:09 - [MESSAGE][PASSED] - Object 'Object Repository/Frontend/MatchBetting/span_Possiblewinning' is present

2018-10-18 13:40:09 - [TEST_STEP][PASSED] - Statement - RA = <not implemented yet for class: org.codehaus.groovy.ast.expr.EmptyExpression>: null

2018-10-18 13:40:09 - [TEST_STEP][PASSED] - Statement - RA = java.lang.Math.random() * 20: null

2018-10-18 13:40:09 - [TEST_STEP][PASSED] - Statement - log.logInfo("Random amount = " + RA): Random amount = 5

2018-10-18 13:40:09 - [TEST_STEP][PASSED] - setText: Text '500' is set on object 'Object Repository/Frontend/MatchBetting/input_stake'

2018-10-18 13:40:09 - [MESSAGE][PASSED] - Text '500' is set on object 'Object Repository/Frontend/MatchBetting/input_stake'

2018-10-18 13:40:09 - [TEST_STEP][PASSED] - delay: Delayed 2 second(s)

2018-10-18 13:40:11 - [MESSAGE][PASSED] - Delayed 2 second(s)

2018-10-18 13:40:11 - [TEST_STEP][PASSED] - click: Object: 'Object Repository/Frontend/MatchBetting/button_Bet' is clicked on

2018-10-18 13:40:11 - [MESSAGE][PASSED] - Object: 'Object Repository/Frontend/MatchBetting/button_Bet' is clicked on

2018-10-18 13:40:11 - [TEST_STEP][PASSED] - waitForElementPresent: Object 'Object Repository/Frontend/MatchBetting/BetslipAdded' is present

2018-10-18 13:40:11 - [MESSAGE][PASSED] - Object 'Object Repository/Frontend/MatchBetting/BetslipAdded' is present

2018-10-18 13:40:11 - [TEST_STEP][PASSED] - delay: Delayed 3 second(s)

2018-10-18 13:40:14 - [MESSAGE][PASSED] - Delayed 3 second(s)

2018-10-18 13:40:14 - [TEST_STEP][PASSED] - Statement - log.logInfo("User balance " + balance): User balance 1,000,624,702.00

2018-10-18 13:40:14 - [TEST_STEP][PASSED] - Statement - odds = new java.util.ArrayList(): null

2018-10-18 13:40:14 - [TEST_STEP][PASSED] - Statement - odds.addAll(java.util.Arrays.asList(meron, draw, ftd, wala)): null

2018-10-18 13:40:14 - [TEST_STEP][PASSED] - Statement - rand = new java.util.Random(): null

2018-10-18 13:40:14 - [TEST_STEP][PASSED] - Statement - randodds = rand.nextInt(odds.size()): null

2018-10-18 13:40:14 - [TEST_STEP][PASSED] - Statement - log.logInfo(" meron[0] draw[1] ftd[2] wala[3] ::" + randodds):  meron[0] draw[1] ftd[2] wala[3] ::2

2018-10-18 13:40:14 - [TEST_STEP][PASSED] - Statement - log.logInfo("Odds Selected = " + odds.get(randodds)): Odds Selected = TestObject - 'Object Repository/Frontend/MatchBetting/button_FTDodds'

2018-10-18 13:40:14 - [TEST_STEP][PASSED] - click: Object: 'Object Repository/Frontend/MatchBetting/button_FTDodds' is clicked on

2018-10-18 13:40:14 - [MESSAGE][PASSED] - Object: 'Object Repository/Frontend/MatchBetting/button_FTDodds' is clicked on

2018-10-18 13:40:14 - [TEST_STEP][PASSED] - verifyElementPresent: Object 'Object Repository/Frontend/MatchBetting/span_Possiblewinning' is present

2018-10-18 13:40:14 - [MESSAGE][PASSED] - Object 'Object Repository/Frontend/MatchBetting/span_Possiblewinning' is present

2018-10-18 13:40:14 - [TEST_STEP][PASSED] - Statement - RA = <not implemented yet for class: org.codehaus.groovy.ast.expr.EmptyExpression>: null

2018-10-18 13:40:14 - [TEST_STEP][PASSED] - Statement - RA = java.lang.Math.random() * 20: null

2018-10-18 13:40:14 - [TEST_STEP][PASSED] - Statement - log.logInfo("Random amount = " + RA): Random amount = 18

2018-10-18 13:40:14 - [TEST_STEP][PASSED] - setText: Text '1800' is set on object 'Object Repository/Frontend/MatchBetting/input_stake'

2018-10-18 13:40:14 - [MESSAGE][PASSED] - Text '1800' is set on object 'Object Repository/Frontend/MatchBetting/input_stake'

2018-10-18 13:40:14 - [TEST_STEP][PASSED] - delay: Delayed 2 second(s)

2018-10-18 13:40:16 - [MESSAGE][PASSED] - Delayed 2 second(s)

2018-10-18 13:40:16 - [TEST_STEP][PASSED] - click: Object: 'Object Repository/Frontend/MatchBetting/button_Bet' is clicked on

2018-10-18 13:40:16 - [MESSAGE][PASSED] - Object: 'Object Repository/Frontend/MatchBetting/button_Bet' is clicked on

2018-10-18 13:40:16 - [TEST_STEP][PASSED] - waitForElementPresent: Object 'Object Repository/Frontend/MatchBetting/BetslipAdded' is present

2018-10-18 13:40:16 - [MESSAGE][PASSED] - Object 'Object Repository/Frontend/MatchBetting/BetslipAdded' is present

2018-10-18 13:40:16 - [TEST_STEP][PASSED] - delay: Delayed 3 second(s)

2018-10-18 13:40:19 - [MESSAGE][PASSED] - Delayed 3 second(s)

2018-10-18 13:40:19 - [TEST_STEP][PASSED] - Statement - log.logInfo("User balance " + balance): User balance 1,000,624,702.00

2018-10-18 13:40:19 - [TEST_STEP][PASSED] - Statement - odds = new java.util.ArrayList(): null

2018-10-18 13:40:19 - [TEST_STEP][PASSED] - Statement - odds.addAll(java.util.Arrays.asList(meron, draw, ftd, wala)): null

2018-10-18 13:40:19 - [TEST_STEP][PASSED] - Statement - rand = new java.util.Random(): null

2018-10-18 13:40:19 - [TEST_STEP][PASSED] - Statement - randodds = rand.nextInt(odds.size()): null

2018-10-18 13:40:19 - [TEST_STEP][PASSED] - Statement - log.logInfo(" meron[0] draw[1] ftd[2] wala[3] ::" + randodds):  meron[0] draw[1] ftd[2] wala[3] ::1

2018-10-18 13:40:19 - [TEST_STEP][PASSED] - Statement - log.logInfo("Odds Selected = " + odds.get(randodds)): Odds Selected = TestObject - 'Object Repository/Frontend/MatchBetting/button_Drawodds'

2018-10-18 13:40:19 - [TEST_STEP][PASSED] - click: Object: 'Object Repository/Frontend/MatchBetting/button_Drawodds' is clicked on

2018-10-18 13:40:19 - [MESSAGE][PASSED] - Object: 'Object Repository/Frontend/MatchBetting/button_Drawodds' is clicked on

2018-10-18 13:40:19 - [TEST_STEP][PASSED] - verifyElementPresent: Object 'Object Repository/Frontend/MatchBetting/span_Possiblewinning' is present

2018-10-18 13:40:19 - [MESSAGE][PASSED] - Object 'Object Repository/Frontend/MatchBetting/span_Possiblewinning' is present

2018-10-18 13:40:19 - [TEST_STEP][PASSED] - Statement - RA = <not implemented yet for class: org.codehaus.groovy.ast.expr.EmptyExpression>: null

2018-10-18 13:40:19 - [TEST_STEP][PASSED] - Statement - RA = java.lang.Math.random() * 20: null

2018-10-18 13:40:19 - [TEST_STEP][PASSED] - Statement - log.logInfo("Random amount = " + RA): Random amount = 7

2018-10-18 13:40:19 - [TEST_STEP][PASSED] - setText: Text '700' is set on object 'Object Repository/Frontend/MatchBetting/input_stake'

2018-10-18 13:40:19 - [MESSAGE][PASSED] - Text '700' is set on object 'Object Repository/Frontend/MatchBetting/input_stake'

2018-10-18 13:40:19 - [TEST_STEP][PASSED] - delay: Delayed 2 second(s)

2018-10-18 13:40:21 - [MESSAGE][PASSED] - Delayed 2 second(s)

2018-10-18 13:40:21 - [TEST_STEP][PASSED] - click: Object: 'Object Repository/Frontend/MatchBetting/button_Bet' is clicked on

2018-10-18 13:40:22 - [MESSAGE][PASSED] - Object: 'Object Repository/Frontend/MatchBetting/button_Bet' is clicked on

2018-10-18 13:40:22 - [TEST_STEP][PASSED] - waitForElementPresent: Object 'Object Repository/Frontend/MatchBetting/BetslipAdded' is present

2018-10-18 13:40:22 - [MESSAGE][PASSED] - Object 'Object Repository/Frontend/MatchBetting/BetslipAdded' is present

2018-10-18 13:40:22 - [TEST_STEP][PASSED] - delay: Delayed 3 second(s)

2018-10-18 13:40:25 - [MESSAGE][PASSED] - Delayed 3 second(s)

2018-10-18 13:40:25 - [TEST_STEP][PASSED] - Statement - log.logInfo("User balance " + balance): User balance 1,000,624,702.00

2018-10-18 13:40:25 - [TEST_STEP][PASSED] - Statement - odds = new java.util.ArrayList(): null

2018-10-18 13:40:25 - [TEST_STEP][PASSED] - Statement - odds.addAll(java.util.Arrays.asList(meron, draw, ftd, wala)): null

2018-10-18 13:40:25 - [TEST_STEP][PASSED] - Statement - rand = new java.util.Random(): null

2018-10-18 13:40:25 - [TEST_STEP][PASSED] - Statement - randodds = rand.nextInt(odds.size()): null

2018-10-18 13:40:25 - [TEST_STEP][PASSED] - Statement - log.logInfo(" meron[0] draw[1] ftd[2] wala[3] ::" + randodds):  meron[0] draw[1] ftd[2] wala[3] ::0

2018-10-18 13:40:25 - [TEST_STEP][PASSED] - Statement - log.logInfo("Odds Selected = " + odds.get(randodds)): Odds Selected = TestObject - 'Object Repository/Frontend/MatchBetting/button_Meronodds'

2018-10-18 13:40:25 - [TEST_STEP][PASSED] - click: Object: 'Object Repository/Frontend/MatchBetting/button_Meronodds' is clicked on

2018-10-18 13:40:25 - [MESSAGE][PASSED] - Object: 'Object Repository/Frontend/MatchBetting/button_Meronodds' is clicked on

2018-10-18 13:40:25 - [TEST_STEP][PASSED] - verifyElementPresent: Object 'Object Repository/Frontend/MatchBetting/span_Possiblewinning' is present

2018-10-18 13:40:25 - [MESSAGE][PASSED] - Object 'Object Repository/Frontend/MatchBetting/span_Possiblewinning' is present

2018-10-18 13:40:25 - [TEST_STEP][PASSED] - Statement - RA = <not implemented yet for class: org.codehaus.groovy.ast.expr.EmptyExpression>: null

2018-10-18 13:40:25 - [TEST_STEP][PASSED] - Statement - RA = java.lang.Math.random() * 20: null

2018-10-18 13:40:25 - [TEST_STEP][PASSED] - Statement - log.logInfo("Random amount = " + RA): Random amount = 1

2018-10-18 13:40:25 - [TEST_STEP][PASSED] - setText: Text '100' is set on object 'Object Repository/Frontend/MatchBetting/input_stake'

2018-10-18 13:40:25 - [MESSAGE][PASSED] - Text '100' is set on object 'Object Repository/Frontend/MatchBetting/input_stake'

2018-10-18 13:40:25 - [TEST_STEP][PASSED] - delay: Delayed 2 second(s)

2018-10-18 13:40:27 - [MESSAGE][PASSED] - Delayed 2 second(s)

2018-10-18 13:40:27 - [TEST_STEP][PASSED] - click: Object: 'Object Repository/Frontend/MatchBetting/button_Bet' is clicked on

2018-10-18 13:40:27 - [MESSAGE][PASSED] - Object: 'Object Repository/Frontend/MatchBetting/button_Bet' is clicked on

2018-10-18 13:40:27 - [TEST_STEP][PASSED] - waitForElementPresent: Object 'Object Repository/Frontend/MatchBetting/BetslipAdded' is present

2018-10-18 13:40:27 - [MESSAGE][PASSED] - Object 'Object Repository/Frontend/MatchBetting/BetslipAdded' is present

2018-10-18 13:40:27 - [TEST_STEP][PASSED] - delay: Delayed 3 second(s)

2018-10-18 13:40:30 - [MESSAGE][PASSED] - Delayed 3 second(s)

2018-10-18 13:40:30 - [TEST_STEP][PASSED] - Statement - log.logInfo("User balance " + balance): User balance 1,000,624,702.00

2018-10-18 13:40:30 - [TEST_STEP][PASSED] - Statement - odds = new java.util.ArrayList(): null

2018-10-18 13:40:30 - [TEST_STEP][PASSED] - Statement - odds.addAll(java.util.Arrays.asList(meron, draw, ftd, wala)): null

2018-10-18 13:40:30 - [TEST_STEP][PASSED] - Statement - rand = new java.util.Random(): null

2018-10-18 13:40:30 - [TEST_STEP][PASSED] - Statement - randodds = rand.nextInt(odds.size()): null

2018-10-18 13:40:30 - [TEST_STEP][PASSED] - Statement - log.logInfo(" meron[0] draw[1] ftd[2] wala[3] ::" + randodds):  meron[0] draw[1] ftd[2] wala[3] ::0

2018-10-18 13:40:30 - [TEST_STEP][PASSED] - Statement - log.logInfo("Odds Selected = " + odds.get(randodds)): Odds Selected = TestObject - 'Object Repository/Frontend/MatchBetting/button_Meronodds'

2018-10-18 13:40:30 - [TEST_STEP][PASSED] - click: Object: 'Object Repository/Frontend/MatchBetting/button_Meronodds' is clicked on

2018-10-18 13:40:30 - [MESSAGE][PASSED] - Object: 'Object Repository/Frontend/MatchBetting/button_Meronodds' is clicked on

2018-10-18 13:40:30 - [TEST_STEP][PASSED] - verifyElementPresent: Object 'Object Repository/Frontend/MatchBetting/span_Possiblewinning' is present

2018-10-18 13:40:30 - [MESSAGE][PASSED] - Object 'Object Repository/Frontend/MatchBetting/span_Possiblewinning' is present

2018-10-18 13:40:30 - [TEST_STEP][PASSED] - Statement - RA = <not implemented yet for class: org.codehaus.groovy.ast.expr.EmptyExpression>: null

2018-10-18 13:40:30 - [TEST_STEP][PASSED] - Statement - RA = java.lang.Math.random() * 20: null

2018-10-18 13:40:30 - [TEST_STEP][PASSED] - Statement - log.logInfo("Random amount = " + RA): Random amount = 12

2018-10-18 13:40:30 - [TEST_STEP][PASSED] - setText: Text '1200' is set on object 'Object Repository/Frontend/MatchBetting/input_stake'

2018-10-18 13:40:30 - [MESSAGE][PASSED] - Text '1200' is set on object 'Object Repository/Frontend/MatchBetting/input_stake'

2018-10-18 13:40:30 - [TEST_STEP][PASSED] - delay: Delayed 2 second(s)

2018-10-18 13:40:32 - [MESSAGE][PASSED] - Delayed 2 second(s)

2018-10-18 13:40:32 - [TEST_STEP][PASSED] - click: Object: 'Object Repository/Frontend/MatchBetting/button_Bet' is clicked on

2018-10-18 13:40:32 - [MESSAGE][PASSED] - Object: 'Object Repository/Frontend/MatchBetting/button_Bet' is clicked on

2018-10-18 13:40:32 - [TEST_STEP][PASSED] - waitForElementPresent: Object 'Object Repository/Frontend/MatchBetting/BetslipAdded' is present

2018-10-18 13:40:32 - [MESSAGE][PASSED] - Object 'Object Repository/Frontend/MatchBetting/BetslipAdded' is present

2018-10-18 13:40:32 - [TEST_STEP][PASSED] - delay: Delayed 3 second(s)

2018-10-18 13:40:35 - [MESSAGE][PASSED] - Delayed 3 second(s)

2018-10-18 13:40:35 - [TEST_STEP][PASSED] - Statement - log.logInfo("User balance " + balance): User balance 1,000,624,702.00

2018-10-18 13:40:35 - [TEST_STEP][PASSED] - Statement - odds = new java.util.ArrayList(): null

2018-10-18 13:40:35 - [TEST_STEP][PASSED] - Statement - odds.addAll(java.util.Arrays.asList(meron, draw, ftd, wala)): null

2018-10-18 13:40:35 - [TEST_STEP][PASSED] - Statement - rand = new java.util.Random(): null

2018-10-18 13:40:35 - [TEST_STEP][PASSED] - Statement - randodds = rand.nextInt(odds.size()): null

2018-10-18 13:40:35 - [TEST_STEP][PASSED] - Statement - log.logInfo(" meron[0] draw[1] ftd[2] wala[3] ::" + randodds):  meron[0] draw[1] ftd[2] wala[3] ::3

2018-10-18 13:40:35 - [TEST_STEP][PASSED] - Statement - log.logInfo("Odds Selected = " + odds.get(randodds)): Odds Selected = TestObject - 'Object Repository/Frontend/MatchBetting/button_Walaodds'

2018-10-18 13:40:35 - [TEST_STEP][PASSED] - click: Object: 'Object Repository/Frontend/MatchBetting/button_Walaodds' is clicked on

2018-10-18 13:40:36 - [MESSAGE][PASSED] - Object: 'Object Repository/Frontend/MatchBetting/button_Walaodds' is clicked on

2018-10-18 13:40:36 - [TEST_STEP][PASSED] - verifyElementPresent: Object 'Object Repository/Frontend/MatchBetting/span_Possiblewinning' is present

2018-10-18 13:40:36 - [MESSAGE][PASSED] - Object 'Object Repository/Frontend/MatchBetting/span_Possiblewinning' is present

2018-10-18 13:40:36 - [TEST_STEP][PASSED] - Statement - RA = <not implemented yet for class: org.codehaus.groovy.ast.expr.EmptyExpression>: null

2018-10-18 13:40:36 - [TEST_STEP][PASSED] - Statement - RA = java.lang.Math.random() * 20: null

2018-10-18 13:40:36 - [TEST_STEP][PASSED] - Statement - log.logInfo("Random amount = " + RA): Random amount = 16

2018-10-18 13:40:36 - [TEST_STEP][PASSED] - setText: Text '1600' is set on object 'Object Repository/Frontend/MatchBetting/input_stake'

2018-10-18 13:40:36 - [MESSAGE][PASSED] - Text '1600' is set on object 'Object Repository/Frontend/MatchBetting/input_stake'

2018-10-18 13:40:36 - [TEST_STEP][PASSED] - delay: Delayed 2 second(s)

2018-10-18 13:40:38 - [MESSAGE][PASSED] - Delayed 2 second(s)

2018-10-18 13:40:38 - [TEST_STEP][PASSED] - click: Object: 'Object Repository/Frontend/MatchBetting/button_Bet' is clicked on

2018-10-18 13:40:38 - [MESSAGE][PASSED] - Object: 'Object Repository/Frontend/MatchBetting/button_Bet' is clicked on

2018-10-18 13:40:38 - [TEST_STEP][PASSED] - waitForElementPresent: Object 'Object Repository/Frontend/MatchBetting/BetslipAdded' is present

2018-10-18 13:40:38 - [MESSAGE][PASSED] - Object 'Object Repository/Frontend/MatchBetting/BetslipAdded' is present

2018-10-18 13:40:38 - [TEST_STEP][PASSED] - delay: Delayed 3 second(s)

2018-10-18 13:40:41 - [MESSAGE][PASSED] - Delayed 3 second(s)

2018-10-18 13:40:41 - [TEST_STEP][PASSED] - Statement - log.logInfo("User balance " + balance): User balance 1,000,624,702.00

2018-10-18 13:40:41 - [TEST_STEP][PASSED] - Statement - odds = new java.util.ArrayList(): null

2018-10-18 13:40:41 - [TEST_STEP][PASSED] - Statement - odds.addAll(java.util.Arrays.asList(meron, draw, ftd, wala)): null

2018-10-18 13:40:41 - [TEST_STEP][PASSED] - Statement - rand = new java.util.Random(): null

2018-10-18 13:40:41 - [TEST_STEP][PASSED] - Statement - randodds = rand.nextInt(odds.size()): null

2018-10-18 13:40:41 - [TEST_STEP][PASSED] - Statement - log.logInfo(" meron[0] draw[1] ftd[2] wala[3] ::" + randodds):  meron[0] draw[1] ftd[2] wala[3] ::1

2018-10-18 13:40:41 - [TEST_STEP][PASSED] - Statement - log.logInfo("Odds Selected = " + odds.get(randodds)): Odds Selected = TestObject - 'Object Repository/Frontend/MatchBetting/button_Drawodds'

2018-10-18 13:40:41 - [TEST_STEP][PASSED] - click: Object: 'Object Repository/Frontend/MatchBetting/button_Drawodds' is clicked on

2018-10-18 13:40:41 - [MESSAGE][PASSED] - Object: 'Object Repository/Frontend/MatchBetting/button_Drawodds' is clicked on

2018-10-18 13:40:41 - [TEST_STEP][PASSED] - verifyElementPresent: Object 'Object Repository/Frontend/MatchBetting/span_Possiblewinning' is present

2018-10-18 13:40:41 - [MESSAGE][PASSED] - Object 'Object Repository/Frontend/MatchBetting/span_Possiblewinning' is present

2018-10-18 13:40:41 - [TEST_STEP][PASSED] - Statement - RA = <not implemented yet for class: org.codehaus.groovy.ast.expr.EmptyExpression>: null

2018-10-18 13:40:41 - [TEST_STEP][PASSED] - Statement - RA = java.lang.Math.random() * 20: null

2018-10-18 13:40:41 - [TEST_STEP][PASSED] - Statement - log.logInfo("Random amount = " + RA): Random amount = 9

2018-10-18 13:40:41 - [TEST_STEP][PASSED] - setText: Text '900' is set on object 'Object Repository/Frontend/MatchBetting/input_stake'

2018-10-18 13:40:41 - [MESSAGE][PASSED] - Text '900' is set on object 'Object Repository/Frontend/MatchBetting/input_stake'

2018-10-18 13:40:41 - [TEST_STEP][PASSED] - delay: Delayed 2 second(s)

2018-10-18 13:40:43 - [MESSAGE][PASSED] - Delayed 2 second(s)

2018-10-18 13:40:43 - [TEST_STEP][PASSED] - click: Object: 'Object Repository/Frontend/MatchBetting/button_Bet' is clicked on

2018-10-18 13:40:43 - [MESSAGE][PASSED] - Object: 'Object Repository/Frontend/MatchBetting/button_Bet' is clicked on

2018-10-18 13:40:43 - [TEST_STEP][PASSED] - waitForElementPresent: Object 'Object Repository/Frontend/MatchBetting/BetslipAdded' is present

2018-10-18 13:40:43 - [MESSAGE][PASSED] - Object 'Object Repository/Frontend/MatchBetting/BetslipAdded' is present

2018-10-18 13:40:43 - [TEST_STEP][PASSED] - delay: Delayed 3 second(s)

2018-10-18 13:40:46 - [MESSAGE][PASSED] - Delayed 3 second(s)

2018-10-18 13:40:46 - [TEST_STEP][PASSED] - Statement - log.logInfo("User balance " + balance): User balance 1,000,624,702.00

2018-10-18 13:40:46 - [TEST_STEP][PASSED] - Statement - odds = new java.util.ArrayList(): null

2018-10-18 13:40:46 - [TEST_STEP][PASSED] - Statement - odds.addAll(java.util.Arrays.asList(meron, draw, ftd, wala)): null

2018-10-18 13:40:46 - [TEST_STEP][PASSED] - Statement - rand = new java.util.Random(): null

2018-10-18 13:40:46 - [TEST_STEP][PASSED] - Statement - randodds = rand.nextInt(odds.size()): null

2018-10-18 13:40:46 - [TEST_STEP][PASSED] - Statement - log.logInfo(" meron[0] draw[1] ftd[2] wala[3] ::" + randodds):  meron[0] draw[1] ftd[2] wala[3] ::1

2018-10-18 13:40:46 - [TEST_STEP][PASSED] - Statement - log.logInfo("Odds Selected = " + odds.get(randodds)): Odds Selected = TestObject - 'Object Repository/Frontend/MatchBetting/button_Drawodds'

2018-10-18 13:40:46 - [TEST_STEP][PASSED] - click: Object: 'Object Repository/Frontend/MatchBetting/button_Drawodds' is clicked on

2018-10-18 13:40:46 - [MESSAGE][PASSED] - Object: 'Object Repository/Frontend/MatchBetting/button_Drawodds' is clicked on

2018-10-18 13:40:46 - [TEST_STEP][PASSED] - verifyElementPresent: Object 'Object Repository/Frontend/MatchBetting/span_Possiblewinning' is present

2018-10-18 13:40:46 - [MESSAGE][PASSED] - Object 'Object Repository/Frontend/MatchBetting/span_Possiblewinning' is present

2018-10-18 13:40:46 - [TEST_STEP][PASSED] - Statement - RA = <not implemented yet for class: org.codehaus.groovy.ast.expr.EmptyExpression>: null

2018-10-18 13:40:46 - [TEST_STEP][PASSED] - Statement - RA = java.lang.Math.random() * 20: null

2018-10-18 13:40:46 - [TEST_STEP][PASSED] - Statement - log.logInfo("Random amount = " + RA): Random amount = 2

2018-10-18 13:40:46 - [TEST_STEP][PASSED] - setText: Text '200' is set on object 'Object Repository/Frontend/MatchBetting/input_stake'

2018-10-18 13:40:46 - [MESSAGE][PASSED] - Text '200' is set on object 'Object Repository/Frontend/MatchBetting/input_stake'

2018-10-18 13:40:46 - [TEST_STEP][PASSED] - delay: Delayed 2 second(s)

2018-10-18 13:40:48 - [MESSAGE][PASSED] - Delayed 2 second(s)

2018-10-18 13:40:48 - [TEST_STEP][PASSED] - click: Object: 'Object Repository/Frontend/MatchBetting/button_Bet' is clicked on

2018-10-18 13:40:50 - [MESSAGE][PASSED] - Object: 'Object Repository/Frontend/MatchBetting/button_Bet' is clicked on

2018-10-18 13:40:50 - [TEST_STEP][FAILED] - waitForElementPresent: Unable to wait for object 'Object Repository/Frontend/MatchBetting/BetslipAdded' to be present (Root cause: org.openqa.selenium.WebDriverException: chrome not reachable
  (Session info: chrome=69.0.3497.100)
  (Driver info: chromedriver=2.35.528161 (5b82f2d2aae0ca24b877009200ced9065a772e73),platform=Windows NT 10.0.17134 x86_64) (WARNING: The server did not provide any stacktrace information)
Command duration or timeout: 0 milliseconds
Build info: version: '3.7.1', revision: '8a0099a', time: '2017-11-06T21:07:36.161Z'
System info: host: 'DESKTOP-A1HL9OG', ip: '172.16.8.122', os.name: 'Windows 10', os.arch: 'amd64', os.version: '10.0', java.version: '1.8.0_181'
Driver info: com.kms.katalon.selenium.driver.CChromeDriver
Capabilities {acceptInsecureCerts: false, acceptSslCerts: false, applicationCacheEnabled: false, browserConnectionEnabled: false, browserName: chrome, chrome: {chromedriverVersion: 2.35.528161 (5b82f2d2aae0ca..., userDataDir: C:\Users\RICHAR~1\AppData\L...}, cssSelectorsEnabled: true, databaseEnabled: false, handlesAlerts: true, hasTouchScreen: false, javascriptEnabled: true, locationContextEnabled: true, mobileEmulationEnabled: false, nativeEvents: true, networkConnectionEnabled: false, pageLoadStrategy: normal, platform: XP, platformName: XP, rotatable: false, setWindowRect: true, takesHeapSnapshot: true, takesScreenshot: true, unexpectedAlertBehaviour: , unhandledPromptBehavior: , version: 69.0.3497.100, webStorageEnabled: true}
Session ID: ea3ebfbd33da1fc8a5e5d9526120de00
*** Element info: {Using=xpath, value=//div[@id='root']/div/div/div[2]/section[2]/div/div[2]})

2018-10-18 13:40:59 - [MESSAGE][WARNING] - Cannot take screenshot

2018-10-18 13:40:59 - [MESSAGE][FAILED] - Unable to wait for object 'Object Repository/Frontend/MatchBetting/BetslipAdded' to be present (Root cause: org.openqa.selenium.WebDriverException: chrome not reachable
  (Session info: chrome=69.0.3497.100)
  (Driver info: chromedriver=2.35.528161 (5b82f2d2aae0ca24b877009200ced9065a772e73),platform=Windows NT 10.0.17134 x86_64) (WARNING: The server did not provide any stacktrace information)
Command duration or timeout: 0 milliseconds
Build info: version: '3.7.1', revision: '8a0099a', time: '2017-11-06T21:07:36.161Z'
System info: host: 'DESKTOP-A1HL9OG', ip: '172.16.8.122', os.name: 'Windows 10', os.arch: 'amd64', os.version: '10.0', java.version: '1.8.0_181'
Driver info: com.kms.katalon.selenium.driver.CChromeDriver
Capabilities {acceptInsecureCerts: false, acceptSslCerts: false, applicationCacheEnabled: false, browserConnectionEnabled: false, browserName: chrome, chrome: {chromedriverVersion: 2.35.528161 (5b82f2d2aae0ca..., userDataDir: C:\Users\RICHAR~1\AppData\L...}, cssSelectorsEnabled: true, databaseEnabled: false, handlesAlerts: true, hasTouchScreen: false, javascriptEnabled: true, locationContextEnabled: true, mobileEmulationEnabled: false, nativeEvents: true, networkConnectionEnabled: false, pageLoadStrategy: normal, platform: XP, platformName: XP, rotatable: false, setWindowRect: true, takesHeapSnapshot: true, takesScreenshot: true, unexpectedAlertBehaviour: , unhandledPromptBehavior: , version: 69.0.3497.100, webStorageEnabled: true}
Session ID: ea3ebfbd33da1fc8a5e5d9526120de00
*** Element info: {Using=xpath, value=//div[@id='root']/div/div/div[2]/section[2]/div/div[2]})]]></system-out>
         <system-err><![CDATA[2018-10-18 13:32:26 - [TEST_CASE][FAILED] - Test Cases/Frontend/PlaceBet/RandomOddsAndAMount: Test Cases/Frontend/PlaceBet/RandomOddsAndAMount FAILED because (of) (Stack trace: com.kms.katalon.core.exception.StepFailedException: Unable to wait for object 'Object Repository/Frontend/MatchBetting/BetslipAdded' to be present (Root cause: org.openqa.selenium.WebDriverException: chrome not reachable
  (Session info: chrome=69.0.3497.100)
  (Driver info: chromedriver=2.35.528161 (5b82f2d2aae0ca24b877009200ced9065a772e73),platform=Windows NT 10.0.17134 x86_64) (WARNING: The server did not provide any stacktrace information)
Command duration or timeout: 0 milliseconds
Build info: version: '3.7.1', revision: '8a0099a', time: '2017-11-06T21:07:36.161Z'
System info: host: 'DESKTOP-A1HL9OG', ip: '172.16.8.122', os.name: 'Windows 10', os.arch: 'amd64', os.version: '10.0', java.version: '1.8.0_181'
Driver info: com.kms.katalon.selenium.driver.CChromeDriver
Capabilities {acceptInsecureCerts: false, acceptSslCerts: false, applicationCacheEnabled: false, browserConnectionEnabled: false, browserName: chrome, chrome: {chromedriverVersion: 2.35.528161 (5b82f2d2aae0ca..., userDataDir: C:\Users\RICHAR~1\AppData\L...}, cssSelectorsEnabled: true, databaseEnabled: false, handlesAlerts: true, hasTouchScreen: false, javascriptEnabled: true, locationContextEnabled: true, mobileEmulationEnabled: false, nativeEvents: true, networkConnectionEnabled: false, pageLoadStrategy: normal, platform: XP, platformName: XP, rotatable: false, setWindowRect: true, takesHeapSnapshot: true, takesScreenshot: true, unexpectedAlertBehaviour: , unhandledPromptBehavior: , version: 69.0.3497.100, webStorageEnabled: true}
Session ID: ea3ebfbd33da1fc8a5e5d9526120de00
*** Element info: {Using=xpath, value=//div[@id='root']/div/div/div[2]/section[2]/div/div[2]})
	at com.kms.katalon.core.keyword.internal.KeywordMain.stepFailed(KeywordMain.groovy:36)
	at com.kms.katalon.core.webui.keyword.internal.WebUIKeywordMain.stepFailed(WebUIKeywordMain.groovy:65)
	at com.kms.katalon.core.webui.keyword.internal.WebUIKeywordMain.runKeyword(WebUIKeywordMain.groovy:27)
	at com.kms.katalon.core.webui.keyword.builtin.WaitForElementPresentKeyword.waitForElementPresent(WaitForElementPresentKeyword.groovy:95)
	at com.kms.katalon.core.webui.keyword.builtin.WaitForElementPresentKeyword.execute(WaitForElementPresentKeyword.groovy:68)
	at com.kms.katalon.core.keyword.internal.KeywordExecutor.executeKeywordForPlatform(KeywordExecutor.groovy:53)
	at com.kms.katalon.core.webui.keyword.WebUiBuiltInKeywords.waitForElementPresent(WebUiBuiltInKeywords.groovy:343)
	at com.kms.katalon.core.webui.keyword.WebUiBuiltInKeywords$waitForElementPresent$4.call(Unknown Source)
	at Script1539674510987.run(Script1539674510987.groovy:76)
	at com.kms.katalon.core.main.ScriptEngine.run(ScriptEngine.java:183)
	at com.kms.katalon.core.main.ScriptEngine.runScriptAsRawText(ScriptEngine.java:108)
	at com.kms.katalon.core.main.TestCaseExecutor.runScript(TestCaseExecutor.java:294)
	at com.kms.katalon.core.main.TestCaseExecutor.doExecute(TestCaseExecutor.java:285)
	at com.kms.katalon.core.main.TestCaseExecutor.processExecutionPhase(TestCaseExecutor.java:264)
	at com.kms.katalon.core.main.TestCaseExecutor.accessMainPhase(TestCaseExecutor.java:256)
	at com.kms.katalon.core.main.TestCaseExecutor.execute(TestCaseExecutor.java:200)
	at com.kms.katalon.core.main.TestSuiteExecutor.accessTestCaseMainPhase(TestSuiteExecutor.java:129)
	at com.kms.katalon.core.main.TestSuiteExecutor.accessTestSuiteMainPhase(TestSuiteExecutor.java:112)
	at com.kms.katalon.core.main.TestSuiteExecutor.execute(TestSuiteExecutor.java:81)
	at com.kms.katalon.core.main.TestCaseMain.startTestSuite(TestCaseMain.java:142)
	at com.kms.katalon.core.main.TestCaseMain$startTestSuite$0.call(Unknown Source)
	at org.codehaus.groovy.runtime.callsite.CallSiteArray.defaultCall(CallSiteArray.java:48)
	at org.codehaus.groovy.runtime.callsite.AbstractCallSite.call(AbstractCallSite.java:113)
	at org.codehaus.groovy.runtime.callsite.AbstractCallSite.call(AbstractCallSite.java:141)
	at TempTestSuite1539840740132.run(TempTestSuite1539840740132.groovy:36)
	at groovy.lang.GroovyShell.runScriptOrMainOrTestOrRunnable(GroovyShell.java:263)
	at groovy.lang.GroovyShell.run(GroovyShell.java:518)
	at groovy.lang.GroovyShell.run(GroovyShell.java:507)
	at groovy.ui.GroovyMain.processOnce(GroovyMain.java:653)
	at groovy.ui.GroovyMain.run(GroovyMain.java:384)
	at groovy.ui.GroovyMain.process(GroovyMain.java:370)
	at groovy.ui.GroovyMain.processArgs(GroovyMain.java:129)
	at groovy.ui.GroovyMain.main(GroovyMain.java:109)
	at sun.reflect.NativeMethodAccessorImpl.invoke0(Native Method)
	at sun.reflect.NativeMethodAccessorImpl.invoke(NativeMethodAccessorImpl.java:62)
	at sun.reflect.DelegatingMethodAccessorImpl.invoke(DelegatingMethodAccessorImpl.java:43)
	at java.lang.reflect.Method.invoke(Method.java:498)
	at org.codehaus.groovy.tools.GroovyStarter.rootLoader(GroovyStarter.java:109)
	at org.codehaus.groovy.tools.GroovyStarter.main(GroovyStarter.java:131)
)]]></system-err>
      </testcase>
      <system-out><![CDATA[2018-10-18 13:32:25 - [TEST_SUITE][FAILED] - big2: Test Cases/Frontend/PlaceBet/RandomOddsAndAMount FAILED because (of) (Stack trace: com.kms.katalon.core.exception.StepFailedException: Unable to wait for object 'Object Repository/Frontend/MatchBetting/BetslipAdded' to be present (Root cause: org.openqa.selenium.WebDriverException: chrome not reachable
  (Session info: chrome=69.0.3497.100)
  (Driver info: chromedriver=2.35.528161 (5b82f2d2aae0ca24b877009200ced9065a772e73),platform=Windows NT 10.0.17134 x86_64) (WARNING: The server did not provide any stacktrace information)
Command duration or timeout: 0 milliseconds
Build info: version: '3.7.1', revision: '8a0099a', time: '2017-11-06T21:07:36.161Z'
System info: host: 'DESKTOP-A1HL9OG', ip: '172.16.8.122', os.name: 'Windows 10', os.arch: 'amd64', os.version: '10.0', java.version: '1.8.0_181'
Driver info: com.kms.katalon.selenium.driver.CChromeDriver
Capabilities {acceptInsecureCerts: false, acceptSslCerts: false, applicationCacheEnabled: false, browserConnectionEnabled: false, browserName: chrome, chrome: {chromedriverVersion: 2.35.528161 (5b82f2d2aae0ca..., userDataDir: C:\Users\RICHAR~1\AppData\L...}, cssSelectorsEnabled: true, databaseEnabled: false, handlesAlerts: true, hasTouchScreen: false, javascriptEnabled: true, locationContextEnabled: true, mobileEmulationEnabled: false, nativeEvents: true, networkConnectionEnabled: false, pageLoadStrategy: normal, platform: XP, platformName: XP, rotatable: false, setWindowRect: true, takesHeapSnapshot: true, takesScreenshot: true, unexpectedAlertBehaviour: , unhandledPromptBehavior: , version: 69.0.3497.100, webStorageEnabled: true}
Session ID: ea3ebfbd33da1fc8a5e5d9526120de00
*** Element info: {Using=xpath, value=//div[@id='root']/div/div/div[2]/section[2]/div/div[2]})
	at com.kms.katalon.core.keyword.internal.KeywordMain.stepFailed(KeywordMain.groovy:36)
	at com.kms.katalon.core.webui.keyword.internal.WebUIKeywordMain.stepFailed(WebUIKeywordMain.groovy:65)
	at com.kms.katalon.core.webui.keyword.internal.WebUIKeywordMain.runKeyword(WebUIKeywordMain.groovy:27)
	at com.kms.katalon.core.webui.keyword.builtin.WaitForElementPresentKeyword.waitForElementPresent(WaitForElementPresentKeyword.groovy:95)
	at com.kms.katalon.core.webui.keyword.builtin.WaitForElementPresentKeyword.execute(WaitForElementPresentKeyword.groovy:68)
	at com.kms.katalon.core.keyword.internal.KeywordExecutor.executeKeywordForPlatform(KeywordExecutor.groovy:53)
	at com.kms.katalon.core.webui.keyword.WebUiBuiltInKeywords.waitForElementPresent(WebUiBuiltInKeywords.groovy:343)
	at com.kms.katalon.core.webui.keyword.WebUiBuiltInKeywords$waitForElementPresent$4.call(Unknown Source)
	at Script1539674510987.run(Script1539674510987.groovy:76)
	at com.kms.katalon.core.main.ScriptEngine.run(ScriptEngine.java:183)
	at com.kms.katalon.core.main.ScriptEngine.runScriptAsRawText(ScriptEngine.java:108)
	at com.kms.katalon.core.main.TestCaseExecutor.runScript(TestCaseExecutor.java:294)
	at com.kms.katalon.core.main.TestCaseExecutor.doExecute(TestCaseExecutor.java:285)
	at com.kms.katalon.core.main.TestCaseExecutor.processExecutionPhase(TestCaseExecutor.java:264)
	at com.kms.katalon.core.main.TestCaseExecutor.accessMainPhase(TestCaseExecutor.java:256)
	at com.kms.katalon.core.main.TestCaseExecutor.execute(TestCaseExecutor.java:200)
	at com.kms.katalon.core.main.TestSuiteExecutor.accessTestCaseMainPhase(TestSuiteExecutor.java:129)
	at com.kms.katalon.core.main.TestSuiteExecutor.accessTestSuiteMainPhase(TestSuiteExecutor.java:112)
	at com.kms.katalon.core.main.TestSuiteExecutor.execute(TestSuiteExecutor.java:81)
	at com.kms.katalon.core.main.TestCaseMain.startTestSuite(TestCaseMain.java:142)
	at com.kms.katalon.core.main.TestCaseMain$startTestSuite$0.call(Unknown Source)
	at org.codehaus.groovy.runtime.callsite.CallSiteArray.defaultCall(CallSiteArray.java:48)
	at org.codehaus.groovy.runtime.callsite.AbstractCallSite.call(AbstractCallSite.java:113)
	at org.codehaus.groovy.runtime.callsite.AbstractCallSite.call(AbstractCallSite.java:141)
	at TempTestSuite1539840740132.run(TempTestSuite1539840740132.groovy:36)
	at groovy.lang.GroovyShell.runScriptOrMainOrTestOrRunnable(GroovyShell.java:263)
	at groovy.lang.GroovyShell.run(GroovyShell.java:518)
	at groovy.lang.GroovyShell.run(GroovyShell.java:507)
	at groovy.ui.GroovyMain.processOnce(GroovyMain.java:653)
	at groovy.ui.GroovyMain.run(GroovyMain.java:384)
	at groovy.ui.GroovyMain.process(GroovyMain.java:370)
	at groovy.ui.GroovyMain.processArgs(GroovyMain.java:129)
	at groovy.ui.GroovyMain.main(GroovyMain.java:109)
	at sun.reflect.NativeMethodAccessorImpl.invoke0(Native Method)
	at sun.reflect.NativeMethodAccessorImpl.invoke(NativeMethodAccessorImpl.java:62)
	at sun.reflect.DelegatingMethodAccessorImpl.invoke(DelegatingMethodAccessorImpl.java:43)
	at java.lang.reflect.Method.invoke(Method.java:498)
	at org.codehaus.groovy.tools.GroovyStarter.rootLoader(GroovyStarter.java:109)
	at org.codehaus.groovy.tools.GroovyStarter.main(GroovyStarter.java:131)
)]]></system-out>
      <system-err><![CDATA[2018-10-18 13:32:25 - [TEST_SUITE][FAILED] - big2: Test Cases/Frontend/PlaceBet/RandomOddsAndAMount FAILED because (of) (Stack trace: com.kms.katalon.core.exception.StepFailedException: Unable to wait for object 'Object Repository/Frontend/MatchBetting/BetslipAdded' to be present (Root cause: org.openqa.selenium.WebDriverException: chrome not reachable
  (Session info: chrome=69.0.3497.100)
  (Driver info: chromedriver=2.35.528161 (5b82f2d2aae0ca24b877009200ced9065a772e73),platform=Windows NT 10.0.17134 x86_64) (WARNING: The server did not provide any stacktrace information)
Command duration or timeout: 0 milliseconds
Build info: version: '3.7.1', revision: '8a0099a', time: '2017-11-06T21:07:36.161Z'
System info: host: 'DESKTOP-A1HL9OG', ip: '172.16.8.122', os.name: 'Windows 10', os.arch: 'amd64', os.version: '10.0', java.version: '1.8.0_181'
Driver info: com.kms.katalon.selenium.driver.CChromeDriver
Capabilities {acceptInsecureCerts: false, acceptSslCerts: false, applicationCacheEnabled: false, browserConnectionEnabled: false, browserName: chrome, chrome: {chromedriverVersion: 2.35.528161 (5b82f2d2aae0ca..., userDataDir: C:\Users\RICHAR~1\AppData\L...}, cssSelectorsEnabled: true, databaseEnabled: false, handlesAlerts: true, hasTouchScreen: false, javascriptEnabled: true, locationContextEnabled: true, mobileEmulationEnabled: false, nativeEvents: true, networkConnectionEnabled: false, pageLoadStrategy: normal, platform: XP, platformName: XP, rotatable: false, setWindowRect: true, takesHeapSnapshot: true, takesScreenshot: true, unexpectedAlertBehaviour: , unhandledPromptBehavior: , version: 69.0.3497.100, webStorageEnabled: true}
Session ID: ea3ebfbd33da1fc8a5e5d9526120de00
*** Element info: {Using=xpath, value=//div[@id='root']/div/div/div[2]/section[2]/div/div[2]})
	at com.kms.katalon.core.keyword.internal.KeywordMain.stepFailed(KeywordMain.groovy:36)
	at com.kms.katalon.core.webui.keyword.internal.WebUIKeywordMain.stepFailed(WebUIKeywordMain.groovy:65)
	at com.kms.katalon.core.webui.keyword.internal.WebUIKeywordMain.runKeyword(WebUIKeywordMain.groovy:27)
	at com.kms.katalon.core.webui.keyword.builtin.WaitForElementPresentKeyword.waitForElementPresent(WaitForElementPresentKeyword.groovy:95)
	at com.kms.katalon.core.webui.keyword.builtin.WaitForElementPresentKeyword.execute(WaitForElementPresentKeyword.groovy:68)
	at com.kms.katalon.core.keyword.internal.KeywordExecutor.executeKeywordForPlatform(KeywordExecutor.groovy:53)
	at com.kms.katalon.core.webui.keyword.WebUiBuiltInKeywords.waitForElementPresent(WebUiBuiltInKeywords.groovy:343)
	at com.kms.katalon.core.webui.keyword.WebUiBuiltInKeywords$waitForElementPresent$4.call(Unknown Source)
	at Script1539674510987.run(Script1539674510987.groovy:76)
	at com.kms.katalon.core.main.ScriptEngine.run(ScriptEngine.java:183)
	at com.kms.katalon.core.main.ScriptEngine.runScriptAsRawText(ScriptEngine.java:108)
	at com.kms.katalon.core.main.TestCaseExecutor.runScript(TestCaseExecutor.java:294)
	at com.kms.katalon.core.main.TestCaseExecutor.doExecute(TestCaseExecutor.java:285)
	at com.kms.katalon.core.main.TestCaseExecutor.processExecutionPhase(TestCaseExecutor.java:264)
	at com.kms.katalon.core.main.TestCaseExecutor.accessMainPhase(TestCaseExecutor.java:256)
	at com.kms.katalon.core.main.TestCaseExecutor.execute(TestCaseExecutor.java:200)
	at com.kms.katalon.core.main.TestSuiteExecutor.accessTestCaseMainPhase(TestSuiteExecutor.java:129)
	at com.kms.katalon.core.main.TestSuiteExecutor.accessTestSuiteMainPhase(TestSuiteExecutor.java:112)
	at com.kms.katalon.core.main.TestSuiteExecutor.execute(TestSuiteExecutor.java:81)
	at com.kms.katalon.core.main.TestCaseMain.startTestSuite(TestCaseMain.java:142)
	at com.kms.katalon.core.main.TestCaseMain$startTestSuite$0.call(Unknown Source)
	at org.codehaus.groovy.runtime.callsite.CallSiteArray.defaultCall(CallSiteArray.java:48)
	at org.codehaus.groovy.runtime.callsite.AbstractCallSite.call(AbstractCallSite.java:113)
	at org.codehaus.groovy.runtime.callsite.AbstractCallSite.call(AbstractCallSite.java:141)
	at TempTestSuite1539840740132.run(TempTestSuite1539840740132.groovy:36)
	at groovy.lang.GroovyShell.runScriptOrMainOrTestOrRunnable(GroovyShell.java:263)
	at groovy.lang.GroovyShell.run(GroovyShell.java:518)
	at groovy.lang.GroovyShell.run(GroovyShell.java:507)
	at groovy.ui.GroovyMain.processOnce(GroovyMain.java:653)
	at groovy.ui.GroovyMain.run(GroovyMain.java:384)
	at groovy.ui.GroovyMain.process(GroovyMain.java:370)
	at groovy.ui.GroovyMain.processArgs(GroovyMain.java:129)
	at groovy.ui.GroovyMain.main(GroovyMain.java:109)
	at sun.reflect.NativeMethodAccessorImpl.invoke0(Native Method)
	at sun.reflect.NativeMethodAccessorImpl.invoke(NativeMethodAccessorImpl.java:62)
	at sun.reflect.DelegatingMethodAccessorImpl.invoke(DelegatingMethodAccessorImpl.java:43)
	at java.lang.reflect.Method.invoke(Method.java:498)
	at org.codehaus.groovy.tools.GroovyStarter.rootLoader(GroovyStarter.java:109)
	at org.codehaus.groovy.tools.GroovyStarter.main(GroovyStarter.java:131)
)]]></system-err>
   </testsuite>
</testsuites>
