<?xml version="1.0" encoding="UTF-8"?>
<testsuites name="testing" time="21" tests="2" failures="0" errors="0">
   <testsuite name="testing" tests="2" failures="0" errors="0" time="21" timestamp="2018-11-09 10:28:24" hostname="ops.02 - NXT-OPS02.nxtgame.local" id="Test Suites/dailyTesting/betting/testing">
      <properties>
         <property name="deviceName" value=""/>
         <property name="devicePlatform" value=""/>
         <property name="logFolder" value="C:\\Users\\ops.02\\git\\UCF\\Reports\\dailyTesting\\betting\\testing\\20181109_102823"/>
         <property name="logFiles" value="C:\\Users\\ops.02\\git\\UCF\\Reports\\dailyTesting\\betting\\testing\\20181109_102823\\execution0.log"/>
         <property name="attachments" value=""/>
         <property name="hostName" value="ops.02 - NXT-OPS02.nxtgame.local"/>
         <property name="os" value="Windows 10 64bit"/>
         <property name="katalonVersion" value="5.8.6.1"/>
         <property name="browser" value="Chrome 70.0.3538.77"/>
         <property name="hostAddress" value="172.16.8.115"/>
         <property name="sessionId" value="f44f02eb80a37055292f16a993374a8b"/>
         <property name="seleniumVersion" value="3.7.1"/>
         <property name="proxyInformation" value="ProxyInformation{proxyOption=NO_PROXY, proxyServerType=HTTP, password=, proxyServerAddress=, proxyServerPort=0}"/>
         <property name="platform" value="Windows 10"/>
      </properties>
      <testcase name="Test Cases/dailyTesting/login/frontendLogin" classname="Test Cases/dailyTesting/login/frontendLogin" status="PASSED">
         <system-out><![CDATA[2018-11-09 10:28:25 - [TEST_CASE][PASSED] - Test Cases/dailyTesting/login/frontendLogin: Test Cases/dailyTesting/login/frontendLogin

2018-11-09 10:28:25 - [TEST_STEP][PASSED] - frontend.openBrowserFrontend.openbrowserFrontend: frontend.openBrowserFrontend.openbrowserFrontend is PASSED

2018-11-09 10:28:29 - [MESSAGE][PASSED] - Browser is opened with url: ''

2018-11-09 10:28:30 - [MESSAGE][PASSED] - Current window maximized

2018-11-09 10:28:32 - [MESSAGE][PASSED] - Navigate to 'http://dev-operator.ucf88.com/#/' successfully

2018-11-09 10:28:32 - [MESSAGE][PASSED] - frontend.openBrowserFrontend.openbrowserFrontend is PASSED

2018-11-09 10:28:32 - [TEST_STEP][PASSED] - setText: Text 'blaze06' is set on object 'Object Repository/Frontend/Login/OperatorFrontendLogin/input_Login_username'

2018-11-09 10:28:33 - [MESSAGE][PASSED] - Text 'blaze06' is set on object 'Object Repository/Frontend/Login/OperatorFrontendLogin/input_Login_username'

2018-11-09 10:28:33 - [TEST_STEP][PASSED] - setText: Text '123123' is set on object 'Object Repository/Frontend/Login/OperatorFrontendLogin/input_Login_password'

2018-11-09 10:28:33 - [MESSAGE][PASSED] - Text '123123' is set on object 'Object Repository/Frontend/Login/OperatorFrontendLogin/input_Login_password'

2018-11-09 10:28:33 - [TEST_STEP][PASSED] - delay: Delayed 2 second(s)

2018-11-09 10:28:35 - [MESSAGE][PASSED] - Delayed 2 second(s)

2018-11-09 10:28:35 - [TEST_STEP][PASSED] - click: Object: 'Object Repository/Frontend/Login/OperatorFrontendLogin/button_Login' is clicked on

2018-11-09 10:28:35 - [MESSAGE][PASSED] - Object: 'Object Repository/Frontend/Login/OperatorFrontendLogin/button_Login' is clicked on

2018-11-09 10:28:35 - [TEST_STEP][PASSED] - waitForElementPresent: Object 'Object Repository/Frontend/Login/OperatorFrontendLogin/username' is present

2018-11-09 10:28:37 - [MESSAGE][PASSED] - Object 'Object Repository/Frontend/Login/OperatorFrontendLogin/username' is present

2018-11-09 10:28:37 - [TEST_STEP][PASSED] - delay: Delayed 5 second(s)

2018-11-09 10:28:42 - [MESSAGE][PASSED] - Delayed 5 second(s)]]></system-out>
         <system-err><![CDATA[]]></system-err>
      </testcase>
      <testcase name="Test Cases/dailyTesting/betting/oneBet" classname="Test Cases/dailyTesting/betting/oneBet" status="PASSED">
         <system-out><![CDATA[2018-11-09 10:28:42 - [TEST_CASE][PASSED] - Test Cases/dailyTesting/betting/oneBet: Test Cases/dailyTesting/betting/oneBet

2018-11-09 10:28:42 - [TEST_STEP][PASSED] - waitForElementPresent: Object 'Object Repository/dailyTesting/Frontend/betting/Page_UCF/buttonMeronOdds' is present

2018-11-09 10:28:42 - [MESSAGE][PASSED] - Object 'Object Repository/dailyTesting/Frontend/betting/Page_UCF/buttonMeronOdds' is present

2018-11-09 10:28:42 - [TEST_STEP][PASSED] - click: Object: 'Object Repository/dailyTesting/Frontend/betting/Page_UCF/buttonMeronOdds' is clicked on

2018-11-09 10:28:42 - [MESSAGE][PASSED] - Object: 'Object Repository/dailyTesting/Frontend/betting/Page_UCF/buttonMeronOdds' is clicked on

2018-11-09 10:28:43 - [TEST_STEP][PASSED] - delay: Delayed 2 second(s)

2018-11-09 10:28:45 - [MESSAGE][PASSED] - Delayed 2 second(s)

2018-11-09 10:28:45 - [TEST_STEP][PASSED] - click: Object: 'Object Repository/dailyTesting/Frontend/betting/Page_UCF/buttonBet' is clicked on

2018-11-09 10:28:45 - [MESSAGE][PASSED] - Object: 'Object Repository/dailyTesting/Frontend/betting/Page_UCF/buttonBet' is clicked on]]></system-out>
         <system-err><![CDATA[]]></system-err>
      </testcase>
      <system-out><![CDATA[2018-11-09 10:28:24 - [TEST_SUITE][PASSED] - testing: Test Cases/dailyTesting/betting/oneBet]]></system-out>
      <system-err><![CDATA[]]></system-err>
   </testsuite>
</testsuites>
