<?xml version="1.0" encoding="UTF-8"?>
<testsuites name="LoginAndRegister3" time="1351" tests="200" failures="1" errors="0">
   <testsuite name="LoginAndRegister3" tests="200" failures="1" errors="0" time="1351" timestamp="2018-10-12 13:40:25" hostname="Richard Sanchez - DESKTOP-A1HL9OG" id="Test Suites/LoginAndRegister3">
      <properties>
         <property name="deviceName" value=""/>
         <property name="devicePlatform" value=""/>
         <property name="logFolder" value="C:\\Users\\Richard Sanchez\\Katalon Studio\\ucf88\\Reports\\LoginAndRegister3\\20181012_134022"/>
         <property name="logFiles" value="C:\\Users\\Richard Sanchez\\Katalon Studio\\ucf88\\Reports\\LoginAndRegister3\\20181012_134022\\execution0.log"/>
         <property name="attachments" value="C:\\Users\\Richard Sanchez\\Katalon Studio\\ucf88\\Reports\\LoginAndRegister3\\20181012_134022\\1539322839340.png"/>
         <property name="hostName" value="Richard Sanchez - DESKTOP-A1HL9OG"/>
         <property name="os" value="Windows 10 64bit"/>
         <property name="katalonVersion" value="5.8.0.1"/>
         <property name="browser" value="Chrome 69.0.3497.100"/>
         <property name="hostAddress" value="172.16.8.122"/>
         <property name="sessionId" value="02648381b73962e213392b02b7039b1b"/>
         <property name="seleniumVersion" value="3.7.1"/>
         <property name="proxyInformation" value="ProxyInformation{proxyOption=NO_PROXY, proxyServerType=HTTP, password=, proxyServerAddress=, proxyServerPort=0}"/>
         <property name="platform" value="Windows 10"/>
      </properties>
      <testcase name="Test Cases/Backoffice/Login" classname="Test Cases/Backoffice/Login" status="PASSED">
         <system-out><![CDATA[2018-10-12 13:40:26 - [TEST_CASE][PASSED] - Test Cases/Backoffice/Login: Test Cases/Backoffice/Login

2018-10-12 13:40:28 - [TEST_STEP][PASSED] - openBrowser: Browser is opened with url: ''

2018-10-12 13:40:32 - [MESSAGE][PASSED] - Browser is opened with url: ''

2018-10-12 13:40:32 - [TEST_STEP][PASSED] - maximizeWindow: Current window maximized

2018-10-12 13:40:33 - [MESSAGE][PASSED] - Current window maximized

2018-10-12 13:40:33 - [TEST_STEP][PASSED] - navigateToUrl: Navigate to 'http://dev-admin.ucf88.com/login' successfully

2018-10-12 13:40:35 - [MESSAGE][PASSED] - Navigate to 'http://dev-admin.ucf88.com/login' successfully

2018-10-12 13:40:35 - [TEST_STEP][PASSED] - setText: Text 'admin' is set on object 'Object Repository/Backoffice/Login/input_Username'

2018-10-12 13:40:36 - [MESSAGE][PASSED] - Text 'admin' is set on object 'Object Repository/Backoffice/Login/input_Username'

2018-10-12 13:40:36 - [TEST_STEP][PASSED] - setEncryptedText: Text ****** has been set on object 'Object Repository/Backoffice/Login/input_Password'

2018-10-12 13:40:36 - [MESSAGE][PASSED] - Text ****** has been set on object 'Object Repository/Backoffice/Login/input_Password'

2018-10-12 13:40:36 - [TEST_STEP][PASSED] - click: Object: 'Object Repository/Backoffice/Login/button_Login' is clicked on

2018-10-12 13:40:38 - [MESSAGE][PASSED] - Object: 'Object Repository/Backoffice/Login/button_Login' is clicked on

2018-10-12 13:40:38 - [TEST_STEP][PASSED] - waitForElementVisible: Object 'Object Repository/Backoffice/Login/adminuser' is visible

2018-10-12 13:40:38 - [MESSAGE][PASSED] - Object 'Object Repository/Backoffice/Login/adminuser' is visible]]></system-out>
         <system-err><![CDATA[]]></system-err>
      </testcase>
      <testcase name="Test Cases/Backoffice/RegisterAccount" classname="Test Cases/Backoffice/RegisterAccount" status="FAILED">
         <failure type="FAILED" message="(Stack trace: com.kms.katalon.core.exception.StepFailedException: Unable to click on object 'Object Repository/Backoffice/Clients/Client Registration' (Root cause: org.openqa.selenium.ElementNotVisibleException: element not visible
  (Session info: chrome=69.0.3497.100)
  (Driver info: chromedriver=2.35.528161 (5b82f2d2aae0ca24b877009200ced9065a772e73),platform=Windows NT 10.0.17134 x86_64) (WARNING: The server did not provide any stacktrace information)
Command duration or timeout: 0 milliseconds
Build info: version: '3.7.1', revision: '8a0099a', time: '2017-11-06T21:07:36.161Z'
System info: host: 'DESKTOP-A1HL9OG', ip: '172.16.8.122', os.name: 'Windows 10', os.arch: 'amd64', os.version: '10.0', java.version: '1.8.0_181'
Driver info: com.kms.katalon.selenium.driver.CChromeDriver
Capabilities {acceptInsecureCerts: false, acceptSslCerts: false, applicationCacheEnabled: false, browserConnectionEnabled: false, browserName: chrome, chrome: {chromedriverVersion: 2.35.528161 (5b82f2d2aae0ca..., userDataDir: C:\Users\RICHAR~1\AppData\L...}, cssSelectorsEnabled: true, databaseEnabled: false, handlesAlerts: true, hasTouchScreen: false, javascriptEnabled: true, locationContextEnabled: true, mobileEmulationEnabled: false, nativeEvents: true, networkConnectionEnabled: false, pageLoadStrategy: normal, platform: XP, platformName: XP, rotatable: false, setWindowRect: true, takesHeapSnapshot: true, takesScreenshot: true, unexpectedAlertBehaviour: , unhandledPromptBehavior: , version: 69.0.3497.100, webStorageEnabled: true}
Session ID: 02648381b73962e213392b02b7039b1b)
	at com.kms.katalon.core.keyword.internal.KeywordMain.stepFailed(KeywordMain.groovy:36)
	at com.kms.katalon.core.webui.keyword.internal.WebUIKeywordMain.stepFailed(WebUIKeywordMain.groovy:65)
	at com.kms.katalon.core.webui.keyword.internal.WebUIKeywordMain.runKeyword(WebUIKeywordMain.groovy:27)
	at com.kms.katalon.core.webui.keyword.builtin.ClickKeyword.click(ClickKeyword.groovy:86)
	at com.kms.katalon.core.webui.keyword.builtin.ClickKeyword.execute(ClickKeyword.groovy:67)
	at com.kms.katalon.core.keyword.internal.KeywordExecutor.executeKeywordForPlatform(KeywordExecutor.groovy:53)
	at com.kms.katalon.core.webui.keyword.WebUiBuiltInKeywords.click(WebUiBuiltInKeywords.groovy:616)
	at com.kms.katalon.core.webui.keyword.WebUiBuiltInKeywords$click$4.call(Unknown Source)
	at org.codehaus.groovy.runtime.callsite.CallSiteArray.defaultCall(CallSiteArray.java:48)
	at org.codehaus.groovy.runtime.callsite.AbstractCallSite.call(AbstractCallSite.java:113)
	at org.codehaus.groovy.runtime.callsite.AbstractCallSite.call(AbstractCallSite.java:125)
	at Script1539252672857.run(Script1539252672857.groovy:33)
	at com.kms.katalon.core.main.ScriptEngine.run(ScriptEngine.java:183)
	at com.kms.katalon.core.main.ScriptEngine.runScriptAsRawText(ScriptEngine.java:108)
	at com.kms.katalon.core.main.TestCaseExecutor.runScript(TestCaseExecutor.java:294)
	at com.kms.katalon.core.main.TestCaseExecutor.doExecute(TestCaseExecutor.java:285)
	at com.kms.katalon.core.main.TestCaseExecutor.processExecutionPhase(TestCaseExecutor.java:264)
	at com.kms.katalon.core.main.TestCaseExecutor.accessMainPhase(TestCaseExecutor.java:256)
	at com.kms.katalon.core.main.TestCaseExecutor.execute(TestCaseExecutor.java:200)
	at com.kms.katalon.core.main.TestSuiteExecutor.accessTestCaseMainPhase(TestSuiteExecutor.java:129)
	at com.kms.katalon.core.main.TestSuiteExecutor.accessTestSuiteMainPhase(TestSuiteExecutor.java:112)
	at com.kms.katalon.core.main.TestSuiteExecutor.execute(TestSuiteExecutor.java:81)
	at com.kms.katalon.core.main.TestCaseMain.startTestSuite(TestCaseMain.java:142)
	at com.kms.katalon.core.main.TestCaseMain$startTestSuite$0.call(Unknown Source)
	at org.codehaus.groovy.runtime.callsite.CallSiteArray.defaultCall(CallSiteArray.java:48)
	at org.codehaus.groovy.runtime.callsite.AbstractCallSite.call(AbstractCallSite.java:113)
	at org.codehaus.groovy.runtime.callsite.AbstractCallSite.call(AbstractCallSite.java:141)
	at TempTestSuite1539322822522.run(TempTestSuite1539322822522.groovy:36)
	at groovy.lang.GroovyShell.runScriptOrMainOrTestOrRunnable(GroovyShell.java:263)
	at groovy.lang.GroovyShell.run(GroovyShell.java:518)
	at groovy.lang.GroovyShell.run(GroovyShell.java:507)
	at groovy.ui.GroovyMain.processOnce(GroovyMain.java:653)
	at groovy.ui.GroovyMain.run(GroovyMain.java:384)
	at groovy.ui.GroovyMain.process(GroovyMain.java:370)
	at groovy.ui.GroovyMain.processArgs(GroovyMain.java:129)
	at groovy.ui.GroovyMain.main(GroovyMain.java:109)
	at sun.reflect.NativeMethodAccessorImpl.invoke0(Native Method)
	at sun.reflect.NativeMethodAccessorImpl.invoke(NativeMethodAccessorImpl.java:62)
	at sun.reflect.DelegatingMethodAccessorImpl.invoke(DelegatingMethodAccessorImpl.java:43)
	at java.lang.reflect.Method.invoke(Method.java:498)
	at org.codehaus.groovy.tools.GroovyStarter.rootLoader(GroovyStarter.java:109)
	at org.codehaus.groovy.tools.GroovyStarter.main(GroovyStarter.java:131)
)"/>
         <system-out><![CDATA[2018-10-12 13:40:38 - [TEST_CASE][FAILED] - Test Cases/Backoffice/RegisterAccount: Test Cases/Backoffice/RegisterAccount FAILED because (of) (Stack trace: com.kms.katalon.core.exception.StepFailedException: Unable to click on object 'Object Repository/Backoffice/Clients/Client Registration' (Root cause: org.openqa.selenium.ElementNotVisibleException: element not visible
  (Session info: chrome=69.0.3497.100)
  (Driver info: chromedriver=2.35.528161 (5b82f2d2aae0ca24b877009200ced9065a772e73),platform=Windows NT 10.0.17134 x86_64) (WARNING: The server did not provide any stacktrace information)
Command duration or timeout: 0 milliseconds
Build info: version: '3.7.1', revision: '8a0099a', time: '2017-11-06T21:07:36.161Z'
System info: host: 'DESKTOP-A1HL9OG', ip: '172.16.8.122', os.name: 'Windows 10', os.arch: 'amd64', os.version: '10.0', java.version: '1.8.0_181'
Driver info: com.kms.katalon.selenium.driver.CChromeDriver
Capabilities {acceptInsecureCerts: false, acceptSslCerts: false, applicationCacheEnabled: false, browserConnectionEnabled: false, browserName: chrome, chrome: {chromedriverVersion: 2.35.528161 (5b82f2d2aae0ca..., userDataDir: C:\Users\RICHAR~1\AppData\L...}, cssSelectorsEnabled: true, databaseEnabled: false, handlesAlerts: true, hasTouchScreen: false, javascriptEnabled: true, locationContextEnabled: true, mobileEmulationEnabled: false, nativeEvents: true, networkConnectionEnabled: false, pageLoadStrategy: normal, platform: XP, platformName: XP, rotatable: false, setWindowRect: true, takesHeapSnapshot: true, takesScreenshot: true, unexpectedAlertBehaviour: , unhandledPromptBehavior: , version: 69.0.3497.100, webStorageEnabled: true}
Session ID: 02648381b73962e213392b02b7039b1b)
	at com.kms.katalon.core.keyword.internal.KeywordMain.stepFailed(KeywordMain.groovy:36)
	at com.kms.katalon.core.webui.keyword.internal.WebUIKeywordMain.stepFailed(WebUIKeywordMain.groovy:65)
	at com.kms.katalon.core.webui.keyword.internal.WebUIKeywordMain.runKeyword(WebUIKeywordMain.groovy:27)
	at com.kms.katalon.core.webui.keyword.builtin.ClickKeyword.click(ClickKeyword.groovy:86)
	at com.kms.katalon.core.webui.keyword.builtin.ClickKeyword.execute(ClickKeyword.groovy:67)
	at com.kms.katalon.core.keyword.internal.KeywordExecutor.executeKeywordForPlatform(KeywordExecutor.groovy:53)
	at com.kms.katalon.core.webui.keyword.WebUiBuiltInKeywords.click(WebUiBuiltInKeywords.groovy:616)
	at com.kms.katalon.core.webui.keyword.WebUiBuiltInKeywords$click$4.call(Unknown Source)
	at org.codehaus.groovy.runtime.callsite.CallSiteArray.defaultCall(CallSiteArray.java:48)
	at org.codehaus.groovy.runtime.callsite.AbstractCallSite.call(AbstractCallSite.java:113)
	at org.codehaus.groovy.runtime.callsite.AbstractCallSite.call(AbstractCallSite.java:125)
	at Script1539252672857.run(Script1539252672857.groovy:33)
	at com.kms.katalon.core.main.ScriptEngine.run(ScriptEngine.java:183)
	at com.kms.katalon.core.main.ScriptEngine.runScriptAsRawText(ScriptEngine.java:108)
	at com.kms.katalon.core.main.TestCaseExecutor.runScript(TestCaseExecutor.java:294)
	at com.kms.katalon.core.main.TestCaseExecutor.doExecute(TestCaseExecutor.java:285)
	at com.kms.katalon.core.main.TestCaseExecutor.processExecutionPhase(TestCaseExecutor.java:264)
	at com.kms.katalon.core.main.TestCaseExecutor.accessMainPhase(TestCaseExecutor.java:256)
	at com.kms.katalon.core.main.TestCaseExecutor.execute(TestCaseExecutor.java:200)
	at com.kms.katalon.core.main.TestSuiteExecutor.accessTestCaseMainPhase(TestSuiteExecutor.java:129)
	at com.kms.katalon.core.main.TestSuiteExecutor.accessTestSuiteMainPhase(TestSuiteExecutor.java:112)
	at com.kms.katalon.core.main.TestSuiteExecutor.execute(TestSuiteExecutor.java:81)
	at com.kms.katalon.core.main.TestCaseMain.startTestSuite(TestCaseMain.java:142)
	at com.kms.katalon.core.main.TestCaseMain$startTestSuite$0.call(Unknown Source)
	at org.codehaus.groovy.runtime.callsite.CallSiteArray.defaultCall(CallSiteArray.java:48)
	at org.codehaus.groovy.runtime.callsite.AbstractCallSite.call(AbstractCallSite.java:113)
	at org.codehaus.groovy.runtime.callsite.AbstractCallSite.call(AbstractCallSite.java:141)
	at TempTestSuite1539322822522.run(TempTestSuite1539322822522.groovy:36)
	at groovy.lang.GroovyShell.runScriptOrMainOrTestOrRunnable(GroovyShell.java:263)
	at groovy.lang.GroovyShell.run(GroovyShell.java:518)
	at groovy.lang.GroovyShell.run(GroovyShell.java:507)
	at groovy.ui.GroovyMain.processOnce(GroovyMain.java:653)
	at groovy.ui.GroovyMain.run(GroovyMain.java:384)
	at groovy.ui.GroovyMain.process(GroovyMain.java:370)
	at groovy.ui.GroovyMain.processArgs(GroovyMain.java:129)
	at groovy.ui.GroovyMain.main(GroovyMain.java:109)
	at sun.reflect.NativeMethodAccessorImpl.invoke0(Native Method)
	at sun.reflect.NativeMethodAccessorImpl.invoke(NativeMethodAccessorImpl.java:62)
	at sun.reflect.DelegatingMethodAccessorImpl.invoke(DelegatingMethodAccessorImpl.java:43)
	at java.lang.reflect.Method.invoke(Method.java:498)
	at org.codehaus.groovy.tools.GroovyStarter.rootLoader(GroovyStarter.java:109)
	at org.codehaus.groovy.tools.GroovyStarter.main(GroovyStarter.java:131)
)

2018-10-12 13:40:39 - [TEST_STEP][PASSED] - focus: Object: 'Object Repository/Backoffice/Clients/Clients' is focused

2018-10-12 13:40:39 - [MESSAGE][PASSED] - Object: 'Object Repository/Backoffice/Clients/Clients' is focused

2018-10-12 13:40:39 - [TEST_STEP][PASSED] - verifyElementPresent: Object 'Object Repository/Backoffice/Clients/Client Registration' is present

2018-10-12 13:40:39 - [MESSAGE][PASSED] - Object 'Object Repository/Backoffice/Clients/Client Registration' is present

2018-10-12 13:40:39 - [TEST_STEP][FAILED] - click: Unable to click on object 'Object Repository/Backoffice/Clients/Client Registration' (Root cause: org.openqa.selenium.ElementNotVisibleException: element not visible
  (Session info: chrome=69.0.3497.100)
  (Driver info: chromedriver=2.35.528161 (5b82f2d2aae0ca24b877009200ced9065a772e73),platform=Windows NT 10.0.17134 x86_64) (WARNING: The server did not provide any stacktrace information)
Command duration or timeout: 0 milliseconds
Build info: version: '3.7.1', revision: '8a0099a', time: '2017-11-06T21:07:36.161Z'
System info: host: 'DESKTOP-A1HL9OG', ip: '172.16.8.122', os.name: 'Windows 10', os.arch: 'amd64', os.version: '10.0', java.version: '1.8.0_181'
Driver info: com.kms.katalon.selenium.driver.CChromeDriver
Capabilities {acceptInsecureCerts: false, acceptSslCerts: false, applicationCacheEnabled: false, browserConnectionEnabled: false, browserName: chrome, chrome: {chromedriverVersion: 2.35.528161 (5b82f2d2aae0ca..., userDataDir: C:\Users\RICHAR~1\AppData\L...}, cssSelectorsEnabled: true, databaseEnabled: false, handlesAlerts: true, hasTouchScreen: false, javascriptEnabled: true, locationContextEnabled: true, mobileEmulationEnabled: false, nativeEvents: true, networkConnectionEnabled: false, pageLoadStrategy: normal, platform: XP, platformName: XP, rotatable: false, setWindowRect: true, takesHeapSnapshot: true, takesScreenshot: true, unexpectedAlertBehaviour: , unhandledPromptBehavior: , version: 69.0.3497.100, webStorageEnabled: true}
Session ID: 02648381b73962e213392b02b7039b1b)

2018-10-12 13:40:39 - [MESSAGE][FAILED] - Unable to click on object 'Object Repository/Backoffice/Clients/Client Registration' (Root cause: org.openqa.selenium.ElementNotVisibleException: element not visible
  (Session info: chrome=69.0.3497.100)
  (Driver info: chromedriver=2.35.528161 (5b82f2d2aae0ca24b877009200ced9065a772e73),platform=Windows NT 10.0.17134 x86_64) (WARNING: The server did not provide any stacktrace information)
Command duration or timeout: 0 milliseconds
Build info: version: '3.7.1', revision: '8a0099a', time: '2017-11-06T21:07:36.161Z'
System info: host: 'DESKTOP-A1HL9OG', ip: '172.16.8.122', os.name: 'Windows 10', os.arch: 'amd64', os.version: '10.0', java.version: '1.8.0_181'
Driver info: com.kms.katalon.selenium.driver.CChromeDriver
Capabilities {acceptInsecureCerts: false, acceptSslCerts: false, applicationCacheEnabled: false, browserConnectionEnabled: false, browserName: chrome, chrome: {chromedriverVersion: 2.35.528161 (5b82f2d2aae0ca..., userDataDir: C:\Users\RICHAR~1\AppData\L...}, cssSelectorsEnabled: true, databaseEnabled: false, handlesAlerts: true, hasTouchScreen: false, javascriptEnabled: true, locationContextEnabled: true, mobileEmulationEnabled: false, nativeEvents: true, networkConnectionEnabled: false, pageLoadStrategy: normal, platform: XP, platformName: XP, rotatable: false, setWindowRect: true, takesHeapSnapshot: true, takesScreenshot: true, unexpectedAlertBehaviour: , unhandledPromptBehavior: , version: 69.0.3497.100, webStorageEnabled: true}
Session ID: 02648381b73962e213392b02b7039b1b)
[[ATTACHMENT|C:\\Users\\Richard Sanchez\\Katalon Studio\\ucf88\\Reports\\LoginAndRegister3\\20181012_134022\\1539322839340.png]]]]></system-out>
         <system-err><![CDATA[2018-10-12 13:40:38 - [TEST_CASE][FAILED] - Test Cases/Backoffice/RegisterAccount: Test Cases/Backoffice/RegisterAccount FAILED because (of) (Stack trace: com.kms.katalon.core.exception.StepFailedException: Unable to click on object 'Object Repository/Backoffice/Clients/Client Registration' (Root cause: org.openqa.selenium.ElementNotVisibleException: element not visible
  (Session info: chrome=69.0.3497.100)
  (Driver info: chromedriver=2.35.528161 (5b82f2d2aae0ca24b877009200ced9065a772e73),platform=Windows NT 10.0.17134 x86_64) (WARNING: The server did not provide any stacktrace information)
Command duration or timeout: 0 milliseconds
Build info: version: '3.7.1', revision: '8a0099a', time: '2017-11-06T21:07:36.161Z'
System info: host: 'DESKTOP-A1HL9OG', ip: '172.16.8.122', os.name: 'Windows 10', os.arch: 'amd64', os.version: '10.0', java.version: '1.8.0_181'
Driver info: com.kms.katalon.selenium.driver.CChromeDriver
Capabilities {acceptInsecureCerts: false, acceptSslCerts: false, applicationCacheEnabled: false, browserConnectionEnabled: false, browserName: chrome, chrome: {chromedriverVersion: 2.35.528161 (5b82f2d2aae0ca..., userDataDir: C:\Users\RICHAR~1\AppData\L...}, cssSelectorsEnabled: true, databaseEnabled: false, handlesAlerts: true, hasTouchScreen: false, javascriptEnabled: true, locationContextEnabled: true, mobileEmulationEnabled: false, nativeEvents: true, networkConnectionEnabled: false, pageLoadStrategy: normal, platform: XP, platformName: XP, rotatable: false, setWindowRect: true, takesHeapSnapshot: true, takesScreenshot: true, unexpectedAlertBehaviour: , unhandledPromptBehavior: , version: 69.0.3497.100, webStorageEnabled: true}
Session ID: 02648381b73962e213392b02b7039b1b)
	at com.kms.katalon.core.keyword.internal.KeywordMain.stepFailed(KeywordMain.groovy:36)
	at com.kms.katalon.core.webui.keyword.internal.WebUIKeywordMain.stepFailed(WebUIKeywordMain.groovy:65)
	at com.kms.katalon.core.webui.keyword.internal.WebUIKeywordMain.runKeyword(WebUIKeywordMain.groovy:27)
	at com.kms.katalon.core.webui.keyword.builtin.ClickKeyword.click(ClickKeyword.groovy:86)
	at com.kms.katalon.core.webui.keyword.builtin.ClickKeyword.execute(ClickKeyword.groovy:67)
	at com.kms.katalon.core.keyword.internal.KeywordExecutor.executeKeywordForPlatform(KeywordExecutor.groovy:53)
	at com.kms.katalon.core.webui.keyword.WebUiBuiltInKeywords.click(WebUiBuiltInKeywords.groovy:616)
	at com.kms.katalon.core.webui.keyword.WebUiBuiltInKeywords$click$4.call(Unknown Source)
	at org.codehaus.groovy.runtime.callsite.CallSiteArray.defaultCall(CallSiteArray.java:48)
	at org.codehaus.groovy.runtime.callsite.AbstractCallSite.call(AbstractCallSite.java:113)
	at org.codehaus.groovy.runtime.callsite.AbstractCallSite.call(AbstractCallSite.java:125)
	at Script1539252672857.run(Script1539252672857.groovy:33)
	at com.kms.katalon.core.main.ScriptEngine.run(ScriptEngine.java:183)
	at com.kms.katalon.core.main.ScriptEngine.runScriptAsRawText(ScriptEngine.java:108)
	at com.kms.katalon.core.main.TestCaseExecutor.runScript(TestCaseExecutor.java:294)
	at com.kms.katalon.core.main.TestCaseExecutor.doExecute(TestCaseExecutor.java:285)
	at com.kms.katalon.core.main.TestCaseExecutor.processExecutionPhase(TestCaseExecutor.java:264)
	at com.kms.katalon.core.main.TestCaseExecutor.accessMainPhase(TestCaseExecutor.java:256)
	at com.kms.katalon.core.main.TestCaseExecutor.execute(TestCaseExecutor.java:200)
	at com.kms.katalon.core.main.TestSuiteExecutor.accessTestCaseMainPhase(TestSuiteExecutor.java:129)
	at com.kms.katalon.core.main.TestSuiteExecutor.accessTestSuiteMainPhase(TestSuiteExecutor.java:112)
	at com.kms.katalon.core.main.TestSuiteExecutor.execute(TestSuiteExecutor.java:81)
	at com.kms.katalon.core.main.TestCaseMain.startTestSuite(TestCaseMain.java:142)
	at com.kms.katalon.core.main.TestCaseMain$startTestSuite$0.call(Unknown Source)
	at org.codehaus.groovy.runtime.callsite.CallSiteArray.defaultCall(CallSiteArray.java:48)
	at org.codehaus.groovy.runtime.callsite.AbstractCallSite.call(AbstractCallSite.java:113)
	at org.codehaus.groovy.runtime.callsite.AbstractCallSite.call(AbstractCallSite.java:141)
	at TempTestSuite1539322822522.run(TempTestSuite1539322822522.groovy:36)
	at groovy.lang.GroovyShell.runScriptOrMainOrTestOrRunnable(GroovyShell.java:263)
	at groovy.lang.GroovyShell.run(GroovyShell.java:518)
	at groovy.lang.GroovyShell.run(GroovyShell.java:507)
	at groovy.ui.GroovyMain.processOnce(GroovyMain.java:653)
	at groovy.ui.GroovyMain.run(GroovyMain.java:384)
	at groovy.ui.GroovyMain.process(GroovyMain.java:370)
	at groovy.ui.GroovyMain.processArgs(GroovyMain.java:129)
	at groovy.ui.GroovyMain.main(GroovyMain.java:109)
	at sun.reflect.NativeMethodAccessorImpl.invoke0(Native Method)
	at sun.reflect.NativeMethodAccessorImpl.invoke(NativeMethodAccessorImpl.java:62)
	at sun.reflect.DelegatingMethodAccessorImpl.invoke(DelegatingMethodAccessorImpl.java:43)
	at java.lang.reflect.Method.invoke(Method.java:498)
	at org.codehaus.groovy.tools.GroovyStarter.rootLoader(GroovyStarter.java:109)
	at org.codehaus.groovy.tools.GroovyStarter.main(GroovyStarter.java:131)
)]]></system-err>
      </testcase>
      <testcase name="Test Cases/Backoffice/RegisterAccount" classname="Test Cases/Backoffice/RegisterAccount" status="PASSED">
         <system-out><![CDATA[2018-10-12 13:40:39 - [TEST_CASE][PASSED] - Test Cases/Backoffice/RegisterAccount: Test Cases/Backoffice/RegisterAccount

2018-10-12 13:40:39 - [TEST_STEP][PASSED] - focus: Object: 'Object Repository/Backoffice/Clients/Clients' is focused

2018-10-12 13:40:39 - [MESSAGE][PASSED] - Object: 'Object Repository/Backoffice/Clients/Clients' is focused

2018-10-12 13:40:39 - [TEST_STEP][PASSED] - verifyElementPresent: Object 'Object Repository/Backoffice/Clients/Client Registration' is present

2018-10-12 13:40:39 - [MESSAGE][PASSED] - Object 'Object Repository/Backoffice/Clients/Client Registration' is present

2018-10-12 13:40:39 - [TEST_STEP][PASSED] - click: Object: 'Object Repository/Backoffice/Clients/Client Registration' is clicked on

2018-10-12 13:40:40 - [MESSAGE][PASSED] - Object: 'Object Repository/Backoffice/Clients/Client Registration' is clicked on

2018-10-12 13:40:40 - [TEST_STEP][PASSED] - setText: Text 'galvanicgermanium' is set on object 'Object Repository/Backoffice/Clients/Registration/input_username'

2018-10-12 13:40:40 - [MESSAGE][PASSED] - Text 'galvanicgermanium' is set on object 'Object Repository/Backoffice/Clients/Registration/input_username'

2018-10-12 13:40:40 - [TEST_STEP][PASSED] - setText: Text '123123' is set on object 'Object Repository/Backoffice/Clients/Registration/input_password'

2018-10-12 13:40:41 - [MESSAGE][PASSED] - Text '123123' is set on object 'Object Repository/Backoffice/Clients/Registration/input_password'

2018-10-12 13:40:41 - [TEST_STEP][PASSED] - setText: Text '123123' is set on object 'Object Repository/Backoffice/Clients/Registration/input_confirmp'

2018-10-12 13:40:41 - [MESSAGE][PASSED] - Text '123123' is set on object 'Object Repository/Backoffice/Clients/Registration/input_confirmp'

2018-10-12 13:40:41 - [TEST_STEP][PASSED] - selectOptionByValue: All options with value 'test' are selected in object 'Object Repository/Backoffice/Clients/Registration/select_operatorcode' 

2018-10-12 13:40:41 - [MESSAGE][PASSED] - All options with value 'test' are selected in object 'Object Repository/Backoffice/Clients/Registration/select_operatorcode' 

2018-10-12 13:40:41 - [TEST_STEP][PASSED] - selectOptionByValue: All options with value '1' are selected in object 'Object Repository/Backoffice/Clients/Registration/select_status' 

2018-10-12 13:40:41 - [MESSAGE][PASSED] - All options with value '1' are selected in object 'Object Repository/Backoffice/Clients/Registration/select_status' 

2018-10-12 13:40:41 - [TEST_STEP][PASSED] - delay: Delayed 2 second(s)

2018-10-12 13:40:43 - [MESSAGE][PASSED] - Delayed 2 second(s)

2018-10-12 13:40:43 - [TEST_STEP][PASSED] - click: Object: 'Object Repository/Backoffice/Clients/Registration/button_Submit' is clicked on

2018-10-12 13:40:44 - [MESSAGE][PASSED] - Object: 'Object Repository/Backoffice/Clients/Registration/button_Submit' is clicked on

2018-10-12 13:40:44 - [TEST_STEP][PASSED] - delay: Delayed 2 second(s)

2018-10-12 13:40:46 - [MESSAGE][PASSED] - Delayed 2 second(s)]]></system-out>
         <system-err><![CDATA[]]></system-err>
      </testcase>
      <testcase name="Test Cases/Backoffice/RegisterAccount" classname="Test Cases/Backoffice/RegisterAccount" status="PASSED">
         <system-out><![CDATA[2018-10-12 13:40:46 - [TEST_CASE][PASSED] - Test Cases/Backoffice/RegisterAccount: Test Cases/Backoffice/RegisterAccount

2018-10-12 13:40:46 - [TEST_STEP][PASSED] - focus: Object: 'Object Repository/Backoffice/Clients/Clients' is focused

2018-10-12 13:40:46 - [MESSAGE][PASSED] - Object: 'Object Repository/Backoffice/Clients/Clients' is focused

2018-10-12 13:40:46 - [TEST_STEP][PASSED] - verifyElementPresent: Object 'Object Repository/Backoffice/Clients/Client Registration' is present

2018-10-12 13:40:46 - [MESSAGE][PASSED] - Object 'Object Repository/Backoffice/Clients/Client Registration' is present

2018-10-12 13:40:46 - [TEST_STEP][PASSED] - click: Object: 'Object Repository/Backoffice/Clients/Client Registration' is clicked on

2018-10-12 13:40:47 - [MESSAGE][PASSED] - Object: 'Object Repository/Backoffice/Clients/Client Registration' is clicked on

2018-10-12 13:40:47 - [TEST_STEP][PASSED] - setText: Text 'gardengrobble' is set on object 'Object Repository/Backoffice/Clients/Registration/input_username'

2018-10-12 13:40:47 - [MESSAGE][PASSED] - Text 'gardengrobble' is set on object 'Object Repository/Backoffice/Clients/Registration/input_username'

2018-10-12 13:40:47 - [TEST_STEP][PASSED] - setText: Text '123123' is set on object 'Object Repository/Backoffice/Clients/Registration/input_password'

2018-10-12 13:40:47 - [MESSAGE][PASSED] - Text '123123' is set on object 'Object Repository/Backoffice/Clients/Registration/input_password'

2018-10-12 13:40:47 - [TEST_STEP][PASSED] - setText: Text '123123' is set on object 'Object Repository/Backoffice/Clients/Registration/input_confirmp'

2018-10-12 13:40:47 - [MESSAGE][PASSED] - Text '123123' is set on object 'Object Repository/Backoffice/Clients/Registration/input_confirmp'

2018-10-12 13:40:47 - [TEST_STEP][PASSED] - selectOptionByValue: All options with value 'test' are selected in object 'Object Repository/Backoffice/Clients/Registration/select_operatorcode' 

2018-10-12 13:40:47 - [MESSAGE][PASSED] - All options with value 'test' are selected in object 'Object Repository/Backoffice/Clients/Registration/select_operatorcode' 

2018-10-12 13:40:47 - [TEST_STEP][PASSED] - selectOptionByValue: All options with value '1' are selected in object 'Object Repository/Backoffice/Clients/Registration/select_status' 

2018-10-12 13:40:48 - [MESSAGE][PASSED] - All options with value '1' are selected in object 'Object Repository/Backoffice/Clients/Registration/select_status' 

2018-10-12 13:40:48 - [TEST_STEP][PASSED] - delay: Delayed 2 second(s)

2018-10-12 13:40:50 - [MESSAGE][PASSED] - Delayed 2 second(s)

2018-10-12 13:40:50 - [TEST_STEP][PASSED] - click: Object: 'Object Repository/Backoffice/Clients/Registration/button_Submit' is clicked on

2018-10-12 13:40:50 - [MESSAGE][PASSED] - Object: 'Object Repository/Backoffice/Clients/Registration/button_Submit' is clicked on

2018-10-12 13:40:50 - [TEST_STEP][PASSED] - delay: Delayed 2 second(s)

2018-10-12 13:40:52 - [MESSAGE][PASSED] - Delayed 2 second(s)]]></system-out>
         <system-err><![CDATA[]]></system-err>
      </testcase>
      <testcase name="Test Cases/Backoffice/RegisterAccount" classname="Test Cases/Backoffice/RegisterAccount" status="PASSED">
         <system-out><![CDATA[2018-10-12 13:40:52 - [TEST_CASE][PASSED] - Test Cases/Backoffice/RegisterAccount: Test Cases/Backoffice/RegisterAccount

2018-10-12 13:40:52 - [TEST_STEP][PASSED] - focus: Object: 'Object Repository/Backoffice/Clients/Clients' is focused

2018-10-12 13:40:52 - [MESSAGE][PASSED] - Object: 'Object Repository/Backoffice/Clients/Clients' is focused

2018-10-12 13:40:52 - [TEST_STEP][PASSED] - verifyElementPresent: Object 'Object Repository/Backoffice/Clients/Client Registration' is present

2018-10-12 13:40:52 - [MESSAGE][PASSED] - Object 'Object Repository/Backoffice/Clients/Client Registration' is present

2018-10-12 13:40:52 - [TEST_STEP][PASSED] - click: Object: 'Object Repository/Backoffice/Clients/Client Registration' is clicked on

2018-10-12 13:40:53 - [MESSAGE][PASSED] - Object: 'Object Repository/Backoffice/Clients/Client Registration' is clicked on

2018-10-12 13:40:53 - [TEST_STEP][PASSED] - setText: Text 'grimgoppers' is set on object 'Object Repository/Backoffice/Clients/Registration/input_username'

2018-10-12 13:40:53 - [MESSAGE][PASSED] - Text 'grimgoppers' is set on object 'Object Repository/Backoffice/Clients/Registration/input_username'

2018-10-12 13:40:53 - [TEST_STEP][PASSED] - setText: Text '123123' is set on object 'Object Repository/Backoffice/Clients/Registration/input_password'

2018-10-12 13:40:54 - [MESSAGE][PASSED] - Text '123123' is set on object 'Object Repository/Backoffice/Clients/Registration/input_password'

2018-10-12 13:40:54 - [TEST_STEP][PASSED] - setText: Text '123123' is set on object 'Object Repository/Backoffice/Clients/Registration/input_confirmp'

2018-10-12 13:40:54 - [MESSAGE][PASSED] - Text '123123' is set on object 'Object Repository/Backoffice/Clients/Registration/input_confirmp'

2018-10-12 13:40:54 - [TEST_STEP][PASSED] - selectOptionByValue: All options with value 'test' are selected in object 'Object Repository/Backoffice/Clients/Registration/select_operatorcode' 

2018-10-12 13:40:54 - [MESSAGE][PASSED] - All options with value 'test' are selected in object 'Object Repository/Backoffice/Clients/Registration/select_operatorcode' 

2018-10-12 13:40:54 - [TEST_STEP][PASSED] - selectOptionByValue: All options with value '1' are selected in object 'Object Repository/Backoffice/Clients/Registration/select_status' 

2018-10-12 13:40:54 - [MESSAGE][PASSED] - All options with value '1' are selected in object 'Object Repository/Backoffice/Clients/Registration/select_status' 

2018-10-12 13:40:54 - [TEST_STEP][PASSED] - delay: Delayed 2 second(s)

2018-10-12 13:40:56 - [MESSAGE][PASSED] - Delayed 2 second(s)

2018-10-12 13:40:56 - [TEST_STEP][PASSED] - click: Object: 'Object Repository/Backoffice/Clients/Registration/button_Submit' is clicked on

2018-10-12 13:40:57 - [MESSAGE][PASSED] - Object: 'Object Repository/Backoffice/Clients/Registration/button_Submit' is clicked on

2018-10-12 13:40:57 - [TEST_STEP][PASSED] - delay: Delayed 2 second(s)

2018-10-12 13:40:59 - [MESSAGE][PASSED] - Delayed 2 second(s)]]></system-out>
         <system-err><![CDATA[]]></system-err>
      </testcase>
      <testcase name="Test Cases/Backoffice/RegisterAccount" classname="Test Cases/Backoffice/RegisterAccount" status="PASSED">
         <system-out><![CDATA[2018-10-12 13:40:59 - [TEST_CASE][PASSED] - Test Cases/Backoffice/RegisterAccount: Test Cases/Backoffice/RegisterAccount

2018-10-12 13:40:59 - [TEST_STEP][PASSED] - focus: Object: 'Object Repository/Backoffice/Clients/Clients' is focused

2018-10-12 13:40:59 - [MESSAGE][PASSED] - Object: 'Object Repository/Backoffice/Clients/Clients' is focused

2018-10-12 13:40:59 - [TEST_STEP][PASSED] - verifyElementPresent: Object 'Object Repository/Backoffice/Clients/Client Registration' is present

2018-10-12 13:40:59 - [MESSAGE][PASSED] - Object 'Object Repository/Backoffice/Clients/Client Registration' is present

2018-10-12 13:40:59 - [TEST_STEP][PASSED] - click: Object: 'Object Repository/Backoffice/Clients/Client Registration' is clicked on

2018-10-12 13:41:00 - [MESSAGE][PASSED] - Object: 'Object Repository/Backoffice/Clients/Client Registration' is clicked on

2018-10-12 13:41:00 - [TEST_STEP][PASSED] - setText: Text 'goldfinchgyrus' is set on object 'Object Repository/Backoffice/Clients/Registration/input_username'

2018-10-12 13:41:00 - [MESSAGE][PASSED] - Text 'goldfinchgyrus' is set on object 'Object Repository/Backoffice/Clients/Registration/input_username'

2018-10-12 13:41:00 - [TEST_STEP][PASSED] - setText: Text '123123' is set on object 'Object Repository/Backoffice/Clients/Registration/input_password'

2018-10-12 13:41:00 - [MESSAGE][PASSED] - Text '123123' is set on object 'Object Repository/Backoffice/Clients/Registration/input_password'

2018-10-12 13:41:00 - [TEST_STEP][PASSED] - setText: Text '123123' is set on object 'Object Repository/Backoffice/Clients/Registration/input_confirmp'

2018-10-12 13:41:00 - [MESSAGE][PASSED] - Text '123123' is set on object 'Object Repository/Backoffice/Clients/Registration/input_confirmp'

2018-10-12 13:41:00 - [TEST_STEP][PASSED] - selectOptionByValue: All options with value 'test' are selected in object 'Object Repository/Backoffice/Clients/Registration/select_operatorcode' 

2018-10-12 13:41:01 - [MESSAGE][PASSED] - All options with value 'test' are selected in object 'Object Repository/Backoffice/Clients/Registration/select_operatorcode' 

2018-10-12 13:41:01 - [TEST_STEP][PASSED] - selectOptionByValue: All options with value '1' are selected in object 'Object Repository/Backoffice/Clients/Registration/select_status' 

2018-10-12 13:41:01 - [MESSAGE][PASSED] - All options with value '1' are selected in object 'Object Repository/Backoffice/Clients/Registration/select_status' 

2018-10-12 13:41:01 - [TEST_STEP][PASSED] - delay: Delayed 2 second(s)

2018-10-12 13:41:03 - [MESSAGE][PASSED] - Delayed 2 second(s)

2018-10-12 13:41:03 - [TEST_STEP][PASSED] - click: Object: 'Object Repository/Backoffice/Clients/Registration/button_Submit' is clicked on

2018-10-12 13:41:04 - [MESSAGE][PASSED] - Object: 'Object Repository/Backoffice/Clients/Registration/button_Submit' is clicked on

2018-10-12 13:41:04 - [TEST_STEP][PASSED] - delay: Delayed 2 second(s)

2018-10-12 13:41:06 - [MESSAGE][PASSED] - Delayed 2 second(s)]]></system-out>
         <system-err><![CDATA[]]></system-err>
      </testcase>
      <testcase name="Test Cases/Backoffice/RegisterAccount" classname="Test Cases/Backoffice/RegisterAccount" status="PASSED">
         <system-out><![CDATA[2018-10-12 13:41:06 - [TEST_CASE][PASSED] - Test Cases/Backoffice/RegisterAccount: Test Cases/Backoffice/RegisterAccount

2018-10-12 13:41:06 - [TEST_STEP][PASSED] - focus: Object: 'Object Repository/Backoffice/Clients/Clients' is focused

2018-10-12 13:41:06 - [MESSAGE][PASSED] - Object: 'Object Repository/Backoffice/Clients/Clients' is focused

2018-10-12 13:41:06 - [TEST_STEP][PASSED] - verifyElementPresent: Object 'Object Repository/Backoffice/Clients/Client Registration' is present

2018-10-12 13:41:06 - [MESSAGE][PASSED] - Object 'Object Repository/Backoffice/Clients/Client Registration' is present

2018-10-12 13:41:06 - [TEST_STEP][PASSED] - click: Object: 'Object Repository/Backoffice/Clients/Client Registration' is clicked on

2018-10-12 13:41:06 - [MESSAGE][PASSED] - Object: 'Object Repository/Backoffice/Clients/Client Registration' is clicked on

2018-10-12 13:41:06 - [TEST_STEP][PASSED] - setText: Text 'giantgucci' is set on object 'Object Repository/Backoffice/Clients/Registration/input_username'

2018-10-12 13:41:07 - [MESSAGE][PASSED] - Text 'giantgucci' is set on object 'Object Repository/Backoffice/Clients/Registration/input_username'

2018-10-12 13:41:07 - [TEST_STEP][PASSED] - setText: Text '123123' is set on object 'Object Repository/Backoffice/Clients/Registration/input_password'

2018-10-12 13:41:07 - [MESSAGE][PASSED] - Text '123123' is set on object 'Object Repository/Backoffice/Clients/Registration/input_password'

2018-10-12 13:41:07 - [TEST_STEP][PASSED] - setText: Text '123123' is set on object 'Object Repository/Backoffice/Clients/Registration/input_confirmp'

2018-10-12 13:41:07 - [MESSAGE][PASSED] - Text '123123' is set on object 'Object Repository/Backoffice/Clients/Registration/input_confirmp'

2018-10-12 13:41:07 - [TEST_STEP][PASSED] - selectOptionByValue: All options with value 'test' are selected in object 'Object Repository/Backoffice/Clients/Registration/select_operatorcode' 

2018-10-12 13:41:07 - [MESSAGE][PASSED] - All options with value 'test' are selected in object 'Object Repository/Backoffice/Clients/Registration/select_operatorcode' 

2018-10-12 13:41:07 - [TEST_STEP][PASSED] - selectOptionByValue: All options with value '1' are selected in object 'Object Repository/Backoffice/Clients/Registration/select_status' 

2018-10-12 13:41:07 - [MESSAGE][PASSED] - All options with value '1' are selected in object 'Object Repository/Backoffice/Clients/Registration/select_status' 

2018-10-12 13:41:07 - [TEST_STEP][PASSED] - delay: Delayed 2 second(s)

2018-10-12 13:41:09 - [MESSAGE][PASSED] - Delayed 2 second(s)

2018-10-12 13:41:09 - [TEST_STEP][PASSED] - click: Object: 'Object Repository/Backoffice/Clients/Registration/button_Submit' is clicked on

2018-10-12 13:41:10 - [MESSAGE][PASSED] - Object: 'Object Repository/Backoffice/Clients/Registration/button_Submit' is clicked on

2018-10-12 13:41:10 - [TEST_STEP][PASSED] - delay: Delayed 2 second(s)

2018-10-12 13:41:12 - [MESSAGE][PASSED] - Delayed 2 second(s)]]></system-out>
         <system-err><![CDATA[]]></system-err>
      </testcase>
      <testcase name="Test Cases/Backoffice/RegisterAccount" classname="Test Cases/Backoffice/RegisterAccount" status="PASSED">
         <system-out><![CDATA[2018-10-12 13:41:12 - [TEST_CASE][PASSED] - Test Cases/Backoffice/RegisterAccount: Test Cases/Backoffice/RegisterAccount

2018-10-12 13:41:12 - [TEST_STEP][PASSED] - focus: Object: 'Object Repository/Backoffice/Clients/Clients' is focused

2018-10-12 13:41:13 - [MESSAGE][PASSED] - Object: 'Object Repository/Backoffice/Clients/Clients' is focused

2018-10-12 13:41:13 - [TEST_STEP][PASSED] - verifyElementPresent: Object 'Object Repository/Backoffice/Clients/Client Registration' is present

2018-10-12 13:41:13 - [MESSAGE][PASSED] - Object 'Object Repository/Backoffice/Clients/Client Registration' is present

2018-10-12 13:41:13 - [TEST_STEP][PASSED] - click: Object: 'Object Repository/Backoffice/Clients/Client Registration' is clicked on

2018-10-12 13:41:13 - [MESSAGE][PASSED] - Object: 'Object Repository/Backoffice/Clients/Client Registration' is clicked on

2018-10-12 13:41:13 - [TEST_STEP][PASSED] - setText: Text 'glellygalled' is set on object 'Object Repository/Backoffice/Clients/Registration/input_username'

2018-10-12 13:41:13 - [MESSAGE][PASSED] - Text 'glellygalled' is set on object 'Object Repository/Backoffice/Clients/Registration/input_username'

2018-10-12 13:41:13 - [TEST_STEP][PASSED] - setText: Text '123123' is set on object 'Object Repository/Backoffice/Clients/Registration/input_password'

2018-10-12 13:41:13 - [MESSAGE][PASSED] - Text '123123' is set on object 'Object Repository/Backoffice/Clients/Registration/input_password'

2018-10-12 13:41:13 - [TEST_STEP][PASSED] - setText: Text '123123' is set on object 'Object Repository/Backoffice/Clients/Registration/input_confirmp'

2018-10-12 13:41:14 - [MESSAGE][PASSED] - Text '123123' is set on object 'Object Repository/Backoffice/Clients/Registration/input_confirmp'

2018-10-12 13:41:14 - [TEST_STEP][PASSED] - selectOptionByValue: All options with value 'test' are selected in object 'Object Repository/Backoffice/Clients/Registration/select_operatorcode' 

2018-10-12 13:41:14 - [MESSAGE][PASSED] - All options with value 'test' are selected in object 'Object Repository/Backoffice/Clients/Registration/select_operatorcode' 

2018-10-12 13:41:14 - [TEST_STEP][PASSED] - selectOptionByValue: All options with value '1' are selected in object 'Object Repository/Backoffice/Clients/Registration/select_status' 

2018-10-12 13:41:14 - [MESSAGE][PASSED] - All options with value '1' are selected in object 'Object Repository/Backoffice/Clients/Registration/select_status' 

2018-10-12 13:41:14 - [TEST_STEP][PASSED] - delay: Delayed 2 second(s)

2018-10-12 13:41:16 - [MESSAGE][PASSED] - Delayed 2 second(s)

2018-10-12 13:41:16 - [TEST_STEP][PASSED] - click: Object: 'Object Repository/Backoffice/Clients/Registration/button_Submit' is clicked on

2018-10-12 13:41:17 - [MESSAGE][PASSED] - Object: 'Object Repository/Backoffice/Clients/Registration/button_Submit' is clicked on

2018-10-12 13:41:17 - [TEST_STEP][PASSED] - delay: Delayed 2 second(s)

2018-10-12 13:41:19 - [MESSAGE][PASSED] - Delayed 2 second(s)]]></system-out>
         <system-err><![CDATA[]]></system-err>
      </testcase>
      <testcase name="Test Cases/Backoffice/RegisterAccount" classname="Test Cases/Backoffice/RegisterAccount" status="PASSED">
         <system-out><![CDATA[2018-10-12 13:41:19 - [TEST_CASE][PASSED] - Test Cases/Backoffice/RegisterAccount: Test Cases/Backoffice/RegisterAccount

2018-10-12 13:41:19 - [TEST_STEP][PASSED] - focus: Object: 'Object Repository/Backoffice/Clients/Clients' is focused

2018-10-12 13:41:19 - [MESSAGE][PASSED] - Object: 'Object Repository/Backoffice/Clients/Clients' is focused

2018-10-12 13:41:19 - [TEST_STEP][PASSED] - verifyElementPresent: Object 'Object Repository/Backoffice/Clients/Client Registration' is present

2018-10-12 13:41:19 - [MESSAGE][PASSED] - Object 'Object Repository/Backoffice/Clients/Client Registration' is present

2018-10-12 13:41:19 - [TEST_STEP][PASSED] - click: Object: 'Object Repository/Backoffice/Clients/Client Registration' is clicked on

2018-10-12 13:41:20 - [MESSAGE][PASSED] - Object: 'Object Repository/Backoffice/Clients/Client Registration' is clicked on

2018-10-12 13:41:20 - [TEST_STEP][PASSED] - setText: Text 'guillemotganish' is set on object 'Object Repository/Backoffice/Clients/Registration/input_username'

2018-10-12 13:41:20 - [MESSAGE][PASSED] - Text 'guillemotganish' is set on object 'Object Repository/Backoffice/Clients/Registration/input_username'

2018-10-12 13:41:20 - [TEST_STEP][PASSED] - setText: Text '123123' is set on object 'Object Repository/Backoffice/Clients/Registration/input_password'

2018-10-12 13:41:21 - [MESSAGE][PASSED] - Text '123123' is set on object 'Object Repository/Backoffice/Clients/Registration/input_password'

2018-10-12 13:41:21 - [TEST_STEP][PASSED] - setText: Text '123123' is set on object 'Object Repository/Backoffice/Clients/Registration/input_confirmp'

2018-10-12 13:41:21 - [MESSAGE][PASSED] - Text '123123' is set on object 'Object Repository/Backoffice/Clients/Registration/input_confirmp'

2018-10-12 13:41:21 - [TEST_STEP][PASSED] - selectOptionByValue: All options with value 'test' are selected in object 'Object Repository/Backoffice/Clients/Registration/select_operatorcode' 

2018-10-12 13:41:21 - [MESSAGE][PASSED] - All options with value 'test' are selected in object 'Object Repository/Backoffice/Clients/Registration/select_operatorcode' 

2018-10-12 13:41:21 - [TEST_STEP][PASSED] - selectOptionByValue: All options with value '1' are selected in object 'Object Repository/Backoffice/Clients/Registration/select_status' 

2018-10-12 13:41:21 - [MESSAGE][PASSED] - All options with value '1' are selected in object 'Object Repository/Backoffice/Clients/Registration/select_status' 

2018-10-12 13:41:21 - [TEST_STEP][PASSED] - delay: Delayed 2 second(s)

2018-10-12 13:41:23 - [MESSAGE][PASSED] - Delayed 2 second(s)

2018-10-12 13:41:23 - [TEST_STEP][PASSED] - click: Object: 'Object Repository/Backoffice/Clients/Registration/button_Submit' is clicked on

2018-10-12 13:41:25 - [MESSAGE][PASSED] - Object: 'Object Repository/Backoffice/Clients/Registration/button_Submit' is clicked on

2018-10-12 13:41:25 - [TEST_STEP][PASSED] - delay: Delayed 2 second(s)

2018-10-12 13:41:27 - [MESSAGE][PASSED] - Delayed 2 second(s)]]></system-out>
         <system-err><![CDATA[]]></system-err>
      </testcase>
      <testcase name="Test Cases/Backoffice/RegisterAccount" classname="Test Cases/Backoffice/RegisterAccount" status="PASSED">
         <system-out><![CDATA[2018-10-12 13:41:27 - [TEST_CASE][PASSED] - Test Cases/Backoffice/RegisterAccount: Test Cases/Backoffice/RegisterAccount

2018-10-12 13:41:27 - [TEST_STEP][PASSED] - focus: Object: 'Object Repository/Backoffice/Clients/Clients' is focused

2018-10-12 13:41:27 - [MESSAGE][PASSED] - Object: 'Object Repository/Backoffice/Clients/Clients' is focused

2018-10-12 13:41:27 - [TEST_STEP][PASSED] - verifyElementPresent: Object 'Object Repository/Backoffice/Clients/Client Registration' is present

2018-10-12 13:41:27 - [MESSAGE][PASSED] - Object 'Object Repository/Backoffice/Clients/Client Registration' is present

2018-10-12 13:41:27 - [TEST_STEP][PASSED] - click: Object: 'Object Repository/Backoffice/Clients/Client Registration' is clicked on

2018-10-12 13:41:28 - [MESSAGE][PASSED] - Object: 'Object Repository/Backoffice/Clients/Client Registration' is clicked on

2018-10-12 13:41:28 - [TEST_STEP][PASSED] - setText: Text 'graphicglands' is set on object 'Object Repository/Backoffice/Clients/Registration/input_username'

2018-10-12 13:41:28 - [MESSAGE][PASSED] - Text 'graphicglands' is set on object 'Object Repository/Backoffice/Clients/Registration/input_username'

2018-10-12 13:41:28 - [TEST_STEP][PASSED] - setText: Text '123123' is set on object 'Object Repository/Backoffice/Clients/Registration/input_password'

2018-10-12 13:41:28 - [MESSAGE][PASSED] - Text '123123' is set on object 'Object Repository/Backoffice/Clients/Registration/input_password'

2018-10-12 13:41:28 - [TEST_STEP][PASSED] - setText: Text '123123' is set on object 'Object Repository/Backoffice/Clients/Registration/input_confirmp'

2018-10-12 13:41:28 - [MESSAGE][PASSED] - Text '123123' is set on object 'Object Repository/Backoffice/Clients/Registration/input_confirmp'

2018-10-12 13:41:28 - [TEST_STEP][PASSED] - selectOptionByValue: All options with value 'test' are selected in object 'Object Repository/Backoffice/Clients/Registration/select_operatorcode' 

2018-10-12 13:41:28 - [MESSAGE][PASSED] - All options with value 'test' are selected in object 'Object Repository/Backoffice/Clients/Registration/select_operatorcode' 

2018-10-12 13:41:28 - [TEST_STEP][PASSED] - selectOptionByValue: All options with value '1' are selected in object 'Object Repository/Backoffice/Clients/Registration/select_status' 

2018-10-12 13:41:28 - [MESSAGE][PASSED] - All options with value '1' are selected in object 'Object Repository/Backoffice/Clients/Registration/select_status' 

2018-10-12 13:41:28 - [TEST_STEP][PASSED] - delay: Delayed 2 second(s)

2018-10-12 13:41:30 - [MESSAGE][PASSED] - Delayed 2 second(s)

2018-10-12 13:41:30 - [TEST_STEP][PASSED] - click: Object: 'Object Repository/Backoffice/Clients/Registration/button_Submit' is clicked on

2018-10-12 13:41:31 - [MESSAGE][PASSED] - Object: 'Object Repository/Backoffice/Clients/Registration/button_Submit' is clicked on

2018-10-12 13:41:31 - [TEST_STEP][PASSED] - delay: Delayed 2 second(s)

2018-10-12 13:41:33 - [MESSAGE][PASSED] - Delayed 2 second(s)]]></system-out>
         <system-err><![CDATA[]]></system-err>
      </testcase>
      <testcase name="Test Cases/Backoffice/RegisterAccount" classname="Test Cases/Backoffice/RegisterAccount" status="PASSED">
         <system-out><![CDATA[2018-10-12 13:41:34 - [TEST_CASE][PASSED] - Test Cases/Backoffice/RegisterAccount: Test Cases/Backoffice/RegisterAccount

2018-10-12 13:41:34 - [TEST_STEP][PASSED] - focus: Object: 'Object Repository/Backoffice/Clients/Clients' is focused

2018-10-12 13:41:34 - [MESSAGE][PASSED] - Object: 'Object Repository/Backoffice/Clients/Clients' is focused

2018-10-12 13:41:34 - [TEST_STEP][PASSED] - verifyElementPresent: Object 'Object Repository/Backoffice/Clients/Client Registration' is present

2018-10-12 13:41:34 - [MESSAGE][PASSED] - Object 'Object Repository/Backoffice/Clients/Client Registration' is present

2018-10-12 13:41:34 - [TEST_STEP][PASSED] - click: Object: 'Object Repository/Backoffice/Clients/Client Registration' is clicked on

2018-10-12 13:41:34 - [MESSAGE][PASSED] - Object: 'Object Repository/Backoffice/Clients/Client Registration' is clicked on

2018-10-12 13:41:34 - [TEST_STEP][PASSED] - setText: Text 'grurplegrowing' is set on object 'Object Repository/Backoffice/Clients/Registration/input_username'

2018-10-12 13:41:34 - [MESSAGE][PASSED] - Text 'grurplegrowing' is set on object 'Object Repository/Backoffice/Clients/Registration/input_username'

2018-10-12 13:41:34 - [TEST_STEP][PASSED] - setText: Text '123123' is set on object 'Object Repository/Backoffice/Clients/Registration/input_password'

2018-10-12 13:41:35 - [MESSAGE][PASSED] - Text '123123' is set on object 'Object Repository/Backoffice/Clients/Registration/input_password'

2018-10-12 13:41:35 - [TEST_STEP][PASSED] - setText: Text '123123' is set on object 'Object Repository/Backoffice/Clients/Registration/input_confirmp'

2018-10-12 13:41:35 - [MESSAGE][PASSED] - Text '123123' is set on object 'Object Repository/Backoffice/Clients/Registration/input_confirmp'

2018-10-12 13:41:35 - [TEST_STEP][PASSED] - selectOptionByValue: All options with value 'test' are selected in object 'Object Repository/Backoffice/Clients/Registration/select_operatorcode' 

2018-10-12 13:41:35 - [MESSAGE][PASSED] - All options with value 'test' are selected in object 'Object Repository/Backoffice/Clients/Registration/select_operatorcode' 

2018-10-12 13:41:35 - [TEST_STEP][PASSED] - selectOptionByValue: All options with value '1' are selected in object 'Object Repository/Backoffice/Clients/Registration/select_status' 

2018-10-12 13:41:35 - [MESSAGE][PASSED] - All options with value '1' are selected in object 'Object Repository/Backoffice/Clients/Registration/select_status' 

2018-10-12 13:41:35 - [TEST_STEP][PASSED] - delay: Delayed 2 second(s)

2018-10-12 13:41:37 - [MESSAGE][PASSED] - Delayed 2 second(s)

2018-10-12 13:41:37 - [TEST_STEP][PASSED] - click: Object: 'Object Repository/Backoffice/Clients/Registration/button_Submit' is clicked on

2018-10-12 13:41:38 - [MESSAGE][PASSED] - Object: 'Object Repository/Backoffice/Clients/Registration/button_Submit' is clicked on

2018-10-12 13:41:38 - [TEST_STEP][PASSED] - delay: Delayed 2 second(s)

2018-10-12 13:41:40 - [MESSAGE][PASSED] - Delayed 2 second(s)]]></system-out>
         <system-err><![CDATA[]]></system-err>
      </testcase>
      <testcase name="Test Cases/Backoffice/RegisterAccount" classname="Test Cases/Backoffice/RegisterAccount" status="PASSED">
         <system-out><![CDATA[2018-10-12 13:41:40 - [TEST_CASE][PASSED] - Test Cases/Backoffice/RegisterAccount: Test Cases/Backoffice/RegisterAccount

2018-10-12 13:41:40 - [TEST_STEP][PASSED] - focus: Object: 'Object Repository/Backoffice/Clients/Clients' is focused

2018-10-12 13:41:40 - [MESSAGE][PASSED] - Object: 'Object Repository/Backoffice/Clients/Clients' is focused

2018-10-12 13:41:40 - [TEST_STEP][PASSED] - verifyElementPresent: Object 'Object Repository/Backoffice/Clients/Client Registration' is present

2018-10-12 13:41:40 - [MESSAGE][PASSED] - Object 'Object Repository/Backoffice/Clients/Client Registration' is present

2018-10-12 13:41:40 - [TEST_STEP][PASSED] - click: Object: 'Object Repository/Backoffice/Clients/Client Registration' is clicked on

2018-10-12 13:41:40 - [MESSAGE][PASSED] - Object: 'Object Repository/Backoffice/Clients/Client Registration' is clicked on

2018-10-12 13:41:40 - [TEST_STEP][PASSED] - setText: Text 'graduatedgive' is set on object 'Object Repository/Backoffice/Clients/Registration/input_username'

2018-10-12 13:41:41 - [MESSAGE][PASSED] - Text 'graduatedgive' is set on object 'Object Repository/Backoffice/Clients/Registration/input_username'

2018-10-12 13:41:41 - [TEST_STEP][PASSED] - setText: Text '123123' is set on object 'Object Repository/Backoffice/Clients/Registration/input_password'

2018-10-12 13:41:41 - [MESSAGE][PASSED] - Text '123123' is set on object 'Object Repository/Backoffice/Clients/Registration/input_password'

2018-10-12 13:41:41 - [TEST_STEP][PASSED] - setText: Text '123123' is set on object 'Object Repository/Backoffice/Clients/Registration/input_confirmp'

2018-10-12 13:41:41 - [MESSAGE][PASSED] - Text '123123' is set on object 'Object Repository/Backoffice/Clients/Registration/input_confirmp'

2018-10-12 13:41:41 - [TEST_STEP][PASSED] - selectOptionByValue: All options with value 'test' are selected in object 'Object Repository/Backoffice/Clients/Registration/select_operatorcode' 

2018-10-12 13:41:41 - [MESSAGE][PASSED] - All options with value 'test' are selected in object 'Object Repository/Backoffice/Clients/Registration/select_operatorcode' 

2018-10-12 13:41:41 - [TEST_STEP][PASSED] - selectOptionByValue: All options with value '1' are selected in object 'Object Repository/Backoffice/Clients/Registration/select_status' 

2018-10-12 13:41:41 - [MESSAGE][PASSED] - All options with value '1' are selected in object 'Object Repository/Backoffice/Clients/Registration/select_status' 

2018-10-12 13:41:41 - [TEST_STEP][PASSED] - delay: Delayed 2 second(s)

2018-10-12 13:41:43 - [MESSAGE][PASSED] - Delayed 2 second(s)

2018-10-12 13:41:43 - [TEST_STEP][PASSED] - click: Object: 'Object Repository/Backoffice/Clients/Registration/button_Submit' is clicked on

2018-10-12 13:41:44 - [MESSAGE][PASSED] - Object: 'Object Repository/Backoffice/Clients/Registration/button_Submit' is clicked on

2018-10-12 13:41:44 - [TEST_STEP][PASSED] - delay: Delayed 2 second(s)

2018-10-12 13:41:46 - [MESSAGE][PASSED] - Delayed 2 second(s)]]></system-out>
         <system-err><![CDATA[]]></system-err>
      </testcase>
      <testcase name="Test Cases/Backoffice/RegisterAccount" classname="Test Cases/Backoffice/RegisterAccount" status="PASSED">
         <system-out><![CDATA[2018-10-12 13:41:46 - [TEST_CASE][PASSED] - Test Cases/Backoffice/RegisterAccount: Test Cases/Backoffice/RegisterAccount

2018-10-12 13:41:46 - [TEST_STEP][PASSED] - focus: Object: 'Object Repository/Backoffice/Clients/Clients' is focused

2018-10-12 13:41:46 - [MESSAGE][PASSED] - Object: 'Object Repository/Backoffice/Clients/Clients' is focused

2018-10-12 13:41:46 - [TEST_STEP][PASSED] - verifyElementPresent: Object 'Object Repository/Backoffice/Clients/Client Registration' is present

2018-10-12 13:41:46 - [MESSAGE][PASSED] - Object 'Object Repository/Backoffice/Clients/Client Registration' is present

2018-10-12 13:41:46 - [TEST_STEP][PASSED] - click: Object: 'Object Repository/Backoffice/Clients/Client Registration' is clicked on

2018-10-12 13:41:47 - [MESSAGE][PASSED] - Object: 'Object Repository/Backoffice/Clients/Client Registration' is clicked on

2018-10-12 13:41:47 - [TEST_STEP][PASSED] - setText: Text 'golferguard' is set on object 'Object Repository/Backoffice/Clients/Registration/input_username'

2018-10-12 13:41:47 - [MESSAGE][PASSED] - Text 'golferguard' is set on object 'Object Repository/Backoffice/Clients/Registration/input_username'

2018-10-12 13:41:47 - [TEST_STEP][PASSED] - setText: Text '123123' is set on object 'Object Repository/Backoffice/Clients/Registration/input_password'

2018-10-12 13:41:47 - [MESSAGE][PASSED] - Text '123123' is set on object 'Object Repository/Backoffice/Clients/Registration/input_password'

2018-10-12 13:41:47 - [TEST_STEP][PASSED] - setText: Text '123123' is set on object 'Object Repository/Backoffice/Clients/Registration/input_confirmp'

2018-10-12 13:41:47 - [MESSAGE][PASSED] - Text '123123' is set on object 'Object Repository/Backoffice/Clients/Registration/input_confirmp'

2018-10-12 13:41:47 - [TEST_STEP][PASSED] - selectOptionByValue: All options with value 'test' are selected in object 'Object Repository/Backoffice/Clients/Registration/select_operatorcode' 

2018-10-12 13:41:48 - [MESSAGE][PASSED] - All options with value 'test' are selected in object 'Object Repository/Backoffice/Clients/Registration/select_operatorcode' 

2018-10-12 13:41:48 - [TEST_STEP][PASSED] - selectOptionByValue: All options with value '1' are selected in object 'Object Repository/Backoffice/Clients/Registration/select_status' 

2018-10-12 13:41:48 - [MESSAGE][PASSED] - All options with value '1' are selected in object 'Object Repository/Backoffice/Clients/Registration/select_status' 

2018-10-12 13:41:48 - [TEST_STEP][PASSED] - delay: Delayed 2 second(s)

2018-10-12 13:41:50 - [MESSAGE][PASSED] - Delayed 2 second(s)

2018-10-12 13:41:50 - [TEST_STEP][PASSED] - click: Object: 'Object Repository/Backoffice/Clients/Registration/button_Submit' is clicked on

2018-10-12 13:41:51 - [MESSAGE][PASSED] - Object: 'Object Repository/Backoffice/Clients/Registration/button_Submit' is clicked on

2018-10-12 13:41:51 - [TEST_STEP][PASSED] - delay: Delayed 2 second(s)

2018-10-12 13:41:53 - [MESSAGE][PASSED] - Delayed 2 second(s)]]></system-out>
         <system-err><![CDATA[]]></system-err>
      </testcase>
      <testcase name="Test Cases/Backoffice/RegisterAccount" classname="Test Cases/Backoffice/RegisterAccount" status="PASSED">
         <system-out><![CDATA[2018-10-12 13:41:53 - [TEST_CASE][PASSED] - Test Cases/Backoffice/RegisterAccount: Test Cases/Backoffice/RegisterAccount

2018-10-12 13:41:53 - [TEST_STEP][PASSED] - focus: Object: 'Object Repository/Backoffice/Clients/Clients' is focused

2018-10-12 13:41:53 - [MESSAGE][PASSED] - Object: 'Object Repository/Backoffice/Clients/Clients' is focused

2018-10-12 13:41:53 - [TEST_STEP][PASSED] - verifyElementPresent: Object 'Object Repository/Backoffice/Clients/Client Registration' is present

2018-10-12 13:41:53 - [MESSAGE][PASSED] - Object 'Object Repository/Backoffice/Clients/Client Registration' is present

2018-10-12 13:41:53 - [TEST_STEP][PASSED] - click: Object: 'Object Repository/Backoffice/Clients/Client Registration' is clicked on

2018-10-12 13:41:53 - [MESSAGE][PASSED] - Object: 'Object Repository/Backoffice/Clients/Client Registration' is clicked on

2018-10-12 13:41:53 - [TEST_STEP][PASSED] - setText: Text 'gaingratified' is set on object 'Object Repository/Backoffice/Clients/Registration/input_username'

2018-10-12 13:41:53 - [MESSAGE][PASSED] - Text 'gaingratified' is set on object 'Object Repository/Backoffice/Clients/Registration/input_username'

2018-10-12 13:41:53 - [TEST_STEP][PASSED] - setText: Text '123123' is set on object 'Object Repository/Backoffice/Clients/Registration/input_password'

2018-10-12 13:41:54 - [MESSAGE][PASSED] - Text '123123' is set on object 'Object Repository/Backoffice/Clients/Registration/input_password'

2018-10-12 13:41:54 - [TEST_STEP][PASSED] - setText: Text '123123' is set on object 'Object Repository/Backoffice/Clients/Registration/input_confirmp'

2018-10-12 13:41:54 - [MESSAGE][PASSED] - Text '123123' is set on object 'Object Repository/Backoffice/Clients/Registration/input_confirmp'

2018-10-12 13:41:54 - [TEST_STEP][PASSED] - selectOptionByValue: All options with value 'test' are selected in object 'Object Repository/Backoffice/Clients/Registration/select_operatorcode' 

2018-10-12 13:41:54 - [MESSAGE][PASSED] - All options with value 'test' are selected in object 'Object Repository/Backoffice/Clients/Registration/select_operatorcode' 

2018-10-12 13:41:54 - [TEST_STEP][PASSED] - selectOptionByValue: All options with value '1' are selected in object 'Object Repository/Backoffice/Clients/Registration/select_status' 

2018-10-12 13:41:54 - [MESSAGE][PASSED] - All options with value '1' are selected in object 'Object Repository/Backoffice/Clients/Registration/select_status' 

2018-10-12 13:41:54 - [TEST_STEP][PASSED] - delay: Delayed 2 second(s)

2018-10-12 13:41:56 - [MESSAGE][PASSED] - Delayed 2 second(s)

2018-10-12 13:41:56 - [TEST_STEP][PASSED] - click: Object: 'Object Repository/Backoffice/Clients/Registration/button_Submit' is clicked on

2018-10-12 13:41:58 - [MESSAGE][PASSED] - Object: 'Object Repository/Backoffice/Clients/Registration/button_Submit' is clicked on

2018-10-12 13:41:58 - [TEST_STEP][PASSED] - delay: Delayed 2 second(s)

2018-10-12 13:42:00 - [MESSAGE][PASSED] - Delayed 2 second(s)]]></system-out>
         <system-err><![CDATA[]]></system-err>
      </testcase>
      <testcase name="Test Cases/Backoffice/RegisterAccount" classname="Test Cases/Backoffice/RegisterAccount" status="PASSED">
         <system-out><![CDATA[2018-10-12 13:42:00 - [TEST_CASE][PASSED] - Test Cases/Backoffice/RegisterAccount: Test Cases/Backoffice/RegisterAccount

2018-10-12 13:42:00 - [TEST_STEP][PASSED] - focus: Object: 'Object Repository/Backoffice/Clients/Clients' is focused

2018-10-12 13:42:00 - [MESSAGE][PASSED] - Object: 'Object Repository/Backoffice/Clients/Clients' is focused

2018-10-12 13:42:00 - [TEST_STEP][PASSED] - verifyElementPresent: Object 'Object Repository/Backoffice/Clients/Client Registration' is present

2018-10-12 13:42:00 - [MESSAGE][PASSED] - Object 'Object Repository/Backoffice/Clients/Client Registration' is present

2018-10-12 13:42:00 - [TEST_STEP][PASSED] - click: Object: 'Object Repository/Backoffice/Clients/Client Registration' is clicked on

2018-10-12 13:42:00 - [MESSAGE][PASSED] - Object: 'Object Repository/Backoffice/Clients/Client Registration' is clicked on

2018-10-12 13:42:00 - [TEST_STEP][PASSED] - setText: Text 'guessinggoat' is set on object 'Object Repository/Backoffice/Clients/Registration/input_username'

2018-10-12 13:42:01 - [MESSAGE][PASSED] - Text 'guessinggoat' is set on object 'Object Repository/Backoffice/Clients/Registration/input_username'

2018-10-12 13:42:01 - [TEST_STEP][PASSED] - setText: Text '123123' is set on object 'Object Repository/Backoffice/Clients/Registration/input_password'

2018-10-12 13:42:01 - [MESSAGE][PASSED] - Text '123123' is set on object 'Object Repository/Backoffice/Clients/Registration/input_password'

2018-10-12 13:42:01 - [TEST_STEP][PASSED] - setText: Text '123123' is set on object 'Object Repository/Backoffice/Clients/Registration/input_confirmp'

2018-10-12 13:42:01 - [MESSAGE][PASSED] - Text '123123' is set on object 'Object Repository/Backoffice/Clients/Registration/input_confirmp'

2018-10-12 13:42:01 - [TEST_STEP][PASSED] - selectOptionByValue: All options with value 'test' are selected in object 'Object Repository/Backoffice/Clients/Registration/select_operatorcode' 

2018-10-12 13:42:01 - [MESSAGE][PASSED] - All options with value 'test' are selected in object 'Object Repository/Backoffice/Clients/Registration/select_operatorcode' 

2018-10-12 13:42:01 - [TEST_STEP][PASSED] - selectOptionByValue: All options with value '1' are selected in object 'Object Repository/Backoffice/Clients/Registration/select_status' 

2018-10-12 13:42:01 - [MESSAGE][PASSED] - All options with value '1' are selected in object 'Object Repository/Backoffice/Clients/Registration/select_status' 

2018-10-12 13:42:01 - [TEST_STEP][PASSED] - delay: Delayed 2 second(s)

2018-10-12 13:42:03 - [MESSAGE][PASSED] - Delayed 2 second(s)

2018-10-12 13:42:03 - [TEST_STEP][PASSED] - click: Object: 'Object Repository/Backoffice/Clients/Registration/button_Submit' is clicked on

2018-10-12 13:42:04 - [MESSAGE][PASSED] - Object: 'Object Repository/Backoffice/Clients/Registration/button_Submit' is clicked on

2018-10-12 13:42:04 - [TEST_STEP][PASSED] - delay: Delayed 2 second(s)

2018-10-12 13:42:06 - [MESSAGE][PASSED] - Delayed 2 second(s)]]></system-out>
         <system-err><![CDATA[]]></system-err>
      </testcase>
      <testcase name="Test Cases/Backoffice/RegisterAccount" classname="Test Cases/Backoffice/RegisterAccount" status="PASSED">
         <system-out><![CDATA[2018-10-12 13:42:06 - [TEST_CASE][PASSED] - Test Cases/Backoffice/RegisterAccount: Test Cases/Backoffice/RegisterAccount

2018-10-12 13:42:06 - [TEST_STEP][PASSED] - focus: Object: 'Object Repository/Backoffice/Clients/Clients' is focused

2018-10-12 13:42:06 - [MESSAGE][PASSED] - Object: 'Object Repository/Backoffice/Clients/Clients' is focused

2018-10-12 13:42:06 - [TEST_STEP][PASSED] - verifyElementPresent: Object 'Object Repository/Backoffice/Clients/Client Registration' is present

2018-10-12 13:42:06 - [MESSAGE][PASSED] - Object 'Object Repository/Backoffice/Clients/Client Registration' is present

2018-10-12 13:42:06 - [TEST_STEP][PASSED] - click: Object: 'Object Repository/Backoffice/Clients/Client Registration' is clicked on

2018-10-12 13:42:07 - [MESSAGE][PASSED] - Object: 'Object Repository/Backoffice/Clients/Client Registration' is clicked on

2018-10-12 13:42:07 - [TEST_STEP][PASSED] - setText: Text 'giveglozing' is set on object 'Object Repository/Backoffice/Clients/Registration/input_username'

2018-10-12 13:42:07 - [MESSAGE][PASSED] - Text 'giveglozing' is set on object 'Object Repository/Backoffice/Clients/Registration/input_username'

2018-10-12 13:42:07 - [TEST_STEP][PASSED] - setText: Text '123123' is set on object 'Object Repository/Backoffice/Clients/Registration/input_password'

2018-10-12 13:42:07 - [MESSAGE][PASSED] - Text '123123' is set on object 'Object Repository/Backoffice/Clients/Registration/input_password'

2018-10-12 13:42:07 - [TEST_STEP][PASSED] - setText: Text '123123' is set on object 'Object Repository/Backoffice/Clients/Registration/input_confirmp'

2018-10-12 13:42:07 - [MESSAGE][PASSED] - Text '123123' is set on object 'Object Repository/Backoffice/Clients/Registration/input_confirmp'

2018-10-12 13:42:07 - [TEST_STEP][PASSED] - selectOptionByValue: All options with value 'test' are selected in object 'Object Repository/Backoffice/Clients/Registration/select_operatorcode' 

2018-10-12 13:42:07 - [MESSAGE][PASSED] - All options with value 'test' are selected in object 'Object Repository/Backoffice/Clients/Registration/select_operatorcode' 

2018-10-12 13:42:07 - [TEST_STEP][PASSED] - selectOptionByValue: All options with value '1' are selected in object 'Object Repository/Backoffice/Clients/Registration/select_status' 

2018-10-12 13:42:07 - [MESSAGE][PASSED] - All options with value '1' are selected in object 'Object Repository/Backoffice/Clients/Registration/select_status' 

2018-10-12 13:42:07 - [TEST_STEP][PASSED] - delay: Delayed 2 second(s)

2018-10-12 13:42:09 - [MESSAGE][PASSED] - Delayed 2 second(s)

2018-10-12 13:42:09 - [TEST_STEP][PASSED] - click: Object: 'Object Repository/Backoffice/Clients/Registration/button_Submit' is clicked on

2018-10-12 13:42:10 - [MESSAGE][PASSED] - Object: 'Object Repository/Backoffice/Clients/Registration/button_Submit' is clicked on

2018-10-12 13:42:10 - [TEST_STEP][PASSED] - delay: Delayed 2 second(s)

2018-10-12 13:42:12 - [MESSAGE][PASSED] - Delayed 2 second(s)]]></system-out>
         <system-err><![CDATA[]]></system-err>
      </testcase>
      <testcase name="Test Cases/Backoffice/RegisterAccount" classname="Test Cases/Backoffice/RegisterAccount" status="PASSED">
         <system-out><![CDATA[2018-10-12 13:42:12 - [TEST_CASE][PASSED] - Test Cases/Backoffice/RegisterAccount: Test Cases/Backoffice/RegisterAccount

2018-10-12 13:42:12 - [TEST_STEP][PASSED] - focus: Object: 'Object Repository/Backoffice/Clients/Clients' is focused

2018-10-12 13:42:12 - [MESSAGE][PASSED] - Object: 'Object Repository/Backoffice/Clients/Clients' is focused

2018-10-12 13:42:12 - [TEST_STEP][PASSED] - verifyElementPresent: Object 'Object Repository/Backoffice/Clients/Client Registration' is present

2018-10-12 13:42:12 - [MESSAGE][PASSED] - Object 'Object Repository/Backoffice/Clients/Client Registration' is present

2018-10-12 13:42:12 - [TEST_STEP][PASSED] - click: Object: 'Object Repository/Backoffice/Clients/Client Registration' is clicked on

2018-10-12 13:42:13 - [MESSAGE][PASSED] - Object: 'Object Repository/Backoffice/Clients/Client Registration' is clicked on

2018-10-12 13:42:13 - [TEST_STEP][PASSED] - setText: Text 'grottygeas' is set on object 'Object Repository/Backoffice/Clients/Registration/input_username'

2018-10-12 13:42:13 - [MESSAGE][PASSED] - Text 'grottygeas' is set on object 'Object Repository/Backoffice/Clients/Registration/input_username'

2018-10-12 13:42:13 - [TEST_STEP][PASSED] - setText: Text '123123' is set on object 'Object Repository/Backoffice/Clients/Registration/input_password'

2018-10-12 13:42:13 - [MESSAGE][PASSED] - Text '123123' is set on object 'Object Repository/Backoffice/Clients/Registration/input_password'

2018-10-12 13:42:13 - [TEST_STEP][PASSED] - setText: Text '123123' is set on object 'Object Repository/Backoffice/Clients/Registration/input_confirmp'

2018-10-12 13:42:13 - [MESSAGE][PASSED] - Text '123123' is set on object 'Object Repository/Backoffice/Clients/Registration/input_confirmp'

2018-10-12 13:42:13 - [TEST_STEP][PASSED] - selectOptionByValue: All options with value 'test' are selected in object 'Object Repository/Backoffice/Clients/Registration/select_operatorcode' 

2018-10-12 13:42:13 - [MESSAGE][PASSED] - All options with value 'test' are selected in object 'Object Repository/Backoffice/Clients/Registration/select_operatorcode' 

2018-10-12 13:42:13 - [TEST_STEP][PASSED] - selectOptionByValue: All options with value '1' are selected in object 'Object Repository/Backoffice/Clients/Registration/select_status' 

2018-10-12 13:42:13 - [MESSAGE][PASSED] - All options with value '1' are selected in object 'Object Repository/Backoffice/Clients/Registration/select_status' 

2018-10-12 13:42:13 - [TEST_STEP][PASSED] - delay: Delayed 2 second(s)

2018-10-12 13:42:15 - [MESSAGE][PASSED] - Delayed 2 second(s)

2018-10-12 13:42:15 - [TEST_STEP][PASSED] - click: Object: 'Object Repository/Backoffice/Clients/Registration/button_Submit' is clicked on

2018-10-12 13:42:16 - [MESSAGE][PASSED] - Object: 'Object Repository/Backoffice/Clients/Registration/button_Submit' is clicked on

2018-10-12 13:42:16 - [TEST_STEP][PASSED] - delay: Delayed 2 second(s)

2018-10-12 13:42:18 - [MESSAGE][PASSED] - Delayed 2 second(s)]]></system-out>
         <system-err><![CDATA[]]></system-err>
      </testcase>
      <testcase name="Test Cases/Backoffice/RegisterAccount" classname="Test Cases/Backoffice/RegisterAccount" status="PASSED">
         <system-out><![CDATA[2018-10-12 13:42:18 - [TEST_CASE][PASSED] - Test Cases/Backoffice/RegisterAccount: Test Cases/Backoffice/RegisterAccount

2018-10-12 13:42:18 - [TEST_STEP][PASSED] - focus: Object: 'Object Repository/Backoffice/Clients/Clients' is focused

2018-10-12 13:42:18 - [MESSAGE][PASSED] - Object: 'Object Repository/Backoffice/Clients/Clients' is focused

2018-10-12 13:42:18 - [TEST_STEP][PASSED] - verifyElementPresent: Object 'Object Repository/Backoffice/Clients/Client Registration' is present

2018-10-12 13:42:18 - [MESSAGE][PASSED] - Object 'Object Repository/Backoffice/Clients/Client Registration' is present

2018-10-12 13:42:18 - [TEST_STEP][PASSED] - click: Object: 'Object Repository/Backoffice/Clients/Client Registration' is clicked on

2018-10-12 13:42:19 - [MESSAGE][PASSED] - Object: 'Object Repository/Backoffice/Clients/Client Registration' is clicked on

2018-10-12 13:42:19 - [TEST_STEP][PASSED] - setText: Text 'gaitgraduate' is set on object 'Object Repository/Backoffice/Clients/Registration/input_username'

2018-10-12 13:42:19 - [MESSAGE][PASSED] - Text 'gaitgraduate' is set on object 'Object Repository/Backoffice/Clients/Registration/input_username'

2018-10-12 13:42:19 - [TEST_STEP][PASSED] - setText: Text '123123' is set on object 'Object Repository/Backoffice/Clients/Registration/input_password'

2018-10-12 13:42:19 - [MESSAGE][PASSED] - Text '123123' is set on object 'Object Repository/Backoffice/Clients/Registration/input_password'

2018-10-12 13:42:19 - [TEST_STEP][PASSED] - setText: Text '123123' is set on object 'Object Repository/Backoffice/Clients/Registration/input_confirmp'

2018-10-12 13:42:19 - [MESSAGE][PASSED] - Text '123123' is set on object 'Object Repository/Backoffice/Clients/Registration/input_confirmp'

2018-10-12 13:42:19 - [TEST_STEP][PASSED] - selectOptionByValue: All options with value 'test' are selected in object 'Object Repository/Backoffice/Clients/Registration/select_operatorcode' 

2018-10-12 13:42:19 - [MESSAGE][PASSED] - All options with value 'test' are selected in object 'Object Repository/Backoffice/Clients/Registration/select_operatorcode' 

2018-10-12 13:42:19 - [TEST_STEP][PASSED] - selectOptionByValue: All options with value '1' are selected in object 'Object Repository/Backoffice/Clients/Registration/select_status' 

2018-10-12 13:42:19 - [MESSAGE][PASSED] - All options with value '1' are selected in object 'Object Repository/Backoffice/Clients/Registration/select_status' 

2018-10-12 13:42:19 - [TEST_STEP][PASSED] - delay: Delayed 2 second(s)

2018-10-12 13:42:21 - [MESSAGE][PASSED] - Delayed 2 second(s)

2018-10-12 13:42:21 - [TEST_STEP][PASSED] - click: Object: 'Object Repository/Backoffice/Clients/Registration/button_Submit' is clicked on

2018-10-12 13:42:22 - [MESSAGE][PASSED] - Object: 'Object Repository/Backoffice/Clients/Registration/button_Submit' is clicked on

2018-10-12 13:42:22 - [TEST_STEP][PASSED] - delay: Delayed 2 second(s)

2018-10-12 13:42:24 - [MESSAGE][PASSED] - Delayed 2 second(s)]]></system-out>
         <system-err><![CDATA[]]></system-err>
      </testcase>
      <testcase name="Test Cases/Backoffice/RegisterAccount" classname="Test Cases/Backoffice/RegisterAccount" status="PASSED">
         <system-out><![CDATA[2018-10-12 13:42:24 - [TEST_CASE][PASSED] - Test Cases/Backoffice/RegisterAccount: Test Cases/Backoffice/RegisterAccount

2018-10-12 13:42:24 - [TEST_STEP][PASSED] - focus: Object: 'Object Repository/Backoffice/Clients/Clients' is focused

2018-10-12 13:42:24 - [MESSAGE][PASSED] - Object: 'Object Repository/Backoffice/Clients/Clients' is focused

2018-10-12 13:42:24 - [TEST_STEP][PASSED] - verifyElementPresent: Object 'Object Repository/Backoffice/Clients/Client Registration' is present

2018-10-12 13:42:24 - [MESSAGE][PASSED] - Object 'Object Repository/Backoffice/Clients/Client Registration' is present

2018-10-12 13:42:24 - [TEST_STEP][PASSED] - click: Object: 'Object Repository/Backoffice/Clients/Client Registration' is clicked on

2018-10-12 13:42:25 - [MESSAGE][PASSED] - Object: 'Object Repository/Backoffice/Clients/Client Registration' is clicked on

2018-10-12 13:42:25 - [TEST_STEP][PASSED] - setText: Text 'gatherglobal' is set on object 'Object Repository/Backoffice/Clients/Registration/input_username'

2018-10-12 13:42:25 - [MESSAGE][PASSED] - Text 'gatherglobal' is set on object 'Object Repository/Backoffice/Clients/Registration/input_username'

2018-10-12 13:42:25 - [TEST_STEP][PASSED] - setText: Text '123123' is set on object 'Object Repository/Backoffice/Clients/Registration/input_password'

2018-10-12 13:42:25 - [MESSAGE][PASSED] - Text '123123' is set on object 'Object Repository/Backoffice/Clients/Registration/input_password'

2018-10-12 13:42:25 - [TEST_STEP][PASSED] - setText: Text '123123' is set on object 'Object Repository/Backoffice/Clients/Registration/input_confirmp'

2018-10-12 13:42:25 - [MESSAGE][PASSED] - Text '123123' is set on object 'Object Repository/Backoffice/Clients/Registration/input_confirmp'

2018-10-12 13:42:25 - [TEST_STEP][PASSED] - selectOptionByValue: All options with value 'test' are selected in object 'Object Repository/Backoffice/Clients/Registration/select_operatorcode' 

2018-10-12 13:42:25 - [MESSAGE][PASSED] - All options with value 'test' are selected in object 'Object Repository/Backoffice/Clients/Registration/select_operatorcode' 

2018-10-12 13:42:25 - [TEST_STEP][PASSED] - selectOptionByValue: All options with value '1' are selected in object 'Object Repository/Backoffice/Clients/Registration/select_status' 

2018-10-12 13:42:26 - [MESSAGE][PASSED] - All options with value '1' are selected in object 'Object Repository/Backoffice/Clients/Registration/select_status' 

2018-10-12 13:42:26 - [TEST_STEP][PASSED] - delay: Delayed 2 second(s)

2018-10-12 13:42:28 - [MESSAGE][PASSED] - Delayed 2 second(s)

2018-10-12 13:42:28 - [TEST_STEP][PASSED] - click: Object: 'Object Repository/Backoffice/Clients/Registration/button_Submit' is clicked on

2018-10-12 13:42:28 - [MESSAGE][PASSED] - Object: 'Object Repository/Backoffice/Clients/Registration/button_Submit' is clicked on

2018-10-12 13:42:28 - [TEST_STEP][PASSED] - delay: Delayed 2 second(s)

2018-10-12 13:42:30 - [MESSAGE][PASSED] - Delayed 2 second(s)]]></system-out>
         <system-err><![CDATA[]]></system-err>
      </testcase>
      <testcase name="Test Cases/Backoffice/RegisterAccount" classname="Test Cases/Backoffice/RegisterAccount" status="PASSED">
         <system-out><![CDATA[2018-10-12 13:42:30 - [TEST_CASE][PASSED] - Test Cases/Backoffice/RegisterAccount: Test Cases/Backoffice/RegisterAccount

2018-10-12 13:42:30 - [TEST_STEP][PASSED] - focus: Object: 'Object Repository/Backoffice/Clients/Clients' is focused

2018-10-12 13:42:30 - [MESSAGE][PASSED] - Object: 'Object Repository/Backoffice/Clients/Clients' is focused

2018-10-12 13:42:30 - [TEST_STEP][PASSED] - verifyElementPresent: Object 'Object Repository/Backoffice/Clients/Client Registration' is present

2018-10-12 13:42:30 - [MESSAGE][PASSED] - Object 'Object Repository/Backoffice/Clients/Client Registration' is present

2018-10-12 13:42:30 - [TEST_STEP][PASSED] - click: Object: 'Object Repository/Backoffice/Clients/Client Registration' is clicked on

2018-10-12 13:42:31 - [MESSAGE][PASSED] - Object: 'Object Repository/Backoffice/Clients/Client Registration' is clicked on

2018-10-12 13:42:31 - [TEST_STEP][PASSED] - setText: Text 'gridgacrux' is set on object 'Object Repository/Backoffice/Clients/Registration/input_username'

2018-10-12 13:42:31 - [MESSAGE][PASSED] - Text 'gridgacrux' is set on object 'Object Repository/Backoffice/Clients/Registration/input_username'

2018-10-12 13:42:31 - [TEST_STEP][PASSED] - setText: Text '123123' is set on object 'Object Repository/Backoffice/Clients/Registration/input_password'

2018-10-12 13:42:31 - [MESSAGE][PASSED] - Text '123123' is set on object 'Object Repository/Backoffice/Clients/Registration/input_password'

2018-10-12 13:42:31 - [TEST_STEP][PASSED] - setText: Text '123123' is set on object 'Object Repository/Backoffice/Clients/Registration/input_confirmp'

2018-10-12 13:42:31 - [MESSAGE][PASSED] - Text '123123' is set on object 'Object Repository/Backoffice/Clients/Registration/input_confirmp'

2018-10-12 13:42:31 - [TEST_STEP][PASSED] - selectOptionByValue: All options with value 'test' are selected in object 'Object Repository/Backoffice/Clients/Registration/select_operatorcode' 

2018-10-12 13:42:32 - [MESSAGE][PASSED] - All options with value 'test' are selected in object 'Object Repository/Backoffice/Clients/Registration/select_operatorcode' 

2018-10-12 13:42:32 - [TEST_STEP][PASSED] - selectOptionByValue: All options with value '1' are selected in object 'Object Repository/Backoffice/Clients/Registration/select_status' 

2018-10-12 13:42:32 - [MESSAGE][PASSED] - All options with value '1' are selected in object 'Object Repository/Backoffice/Clients/Registration/select_status' 

2018-10-12 13:42:32 - [TEST_STEP][PASSED] - delay: Delayed 2 second(s)

2018-10-12 13:42:34 - [MESSAGE][PASSED] - Delayed 2 second(s)

2018-10-12 13:42:34 - [TEST_STEP][PASSED] - click: Object: 'Object Repository/Backoffice/Clients/Registration/button_Submit' is clicked on

2018-10-12 13:42:34 - [MESSAGE][PASSED] - Object: 'Object Repository/Backoffice/Clients/Registration/button_Submit' is clicked on

2018-10-12 13:42:34 - [TEST_STEP][PASSED] - delay: Delayed 2 second(s)

2018-10-12 13:42:36 - [MESSAGE][PASSED] - Delayed 2 second(s)]]></system-out>
         <system-err><![CDATA[]]></system-err>
      </testcase>
      <testcase name="Test Cases/Backoffice/RegisterAccount" classname="Test Cases/Backoffice/RegisterAccount" status="PASSED">
         <system-out><![CDATA[2018-10-12 13:42:37 - [TEST_CASE][PASSED] - Test Cases/Backoffice/RegisterAccount: Test Cases/Backoffice/RegisterAccount

2018-10-12 13:42:37 - [TEST_STEP][PASSED] - focus: Object: 'Object Repository/Backoffice/Clients/Clients' is focused

2018-10-12 13:42:37 - [MESSAGE][PASSED] - Object: 'Object Repository/Backoffice/Clients/Clients' is focused

2018-10-12 13:42:37 - [TEST_STEP][PASSED] - verifyElementPresent: Object 'Object Repository/Backoffice/Clients/Client Registration' is present

2018-10-12 13:42:37 - [MESSAGE][PASSED] - Object 'Object Repository/Backoffice/Clients/Client Registration' is present

2018-10-12 13:42:37 - [TEST_STEP][PASSED] - click: Object: 'Object Repository/Backoffice/Clients/Client Registration' is clicked on

2018-10-12 13:42:37 - [MESSAGE][PASSED] - Object: 'Object Repository/Backoffice/Clients/Client Registration' is clicked on

2018-10-12 13:42:37 - [TEST_STEP][PASSED] - setText: Text 'greedyglazier' is set on object 'Object Repository/Backoffice/Clients/Registration/input_username'

2018-10-12 13:42:37 - [MESSAGE][PASSED] - Text 'greedyglazier' is set on object 'Object Repository/Backoffice/Clients/Registration/input_username'

2018-10-12 13:42:37 - [TEST_STEP][PASSED] - setText: Text '123123' is set on object 'Object Repository/Backoffice/Clients/Registration/input_password'

2018-10-12 13:42:37 - [MESSAGE][PASSED] - Text '123123' is set on object 'Object Repository/Backoffice/Clients/Registration/input_password'

2018-10-12 13:42:37 - [TEST_STEP][PASSED] - setText: Text '123123' is set on object 'Object Repository/Backoffice/Clients/Registration/input_confirmp'

2018-10-12 13:42:37 - [MESSAGE][PASSED] - Text '123123' is set on object 'Object Repository/Backoffice/Clients/Registration/input_confirmp'

2018-10-12 13:42:37 - [TEST_STEP][PASSED] - selectOptionByValue: All options with value 'test' are selected in object 'Object Repository/Backoffice/Clients/Registration/select_operatorcode' 

2018-10-12 13:42:37 - [MESSAGE][PASSED] - All options with value 'test' are selected in object 'Object Repository/Backoffice/Clients/Registration/select_operatorcode' 

2018-10-12 13:42:37 - [TEST_STEP][PASSED] - selectOptionByValue: All options with value '1' are selected in object 'Object Repository/Backoffice/Clients/Registration/select_status' 

2018-10-12 13:42:38 - [MESSAGE][PASSED] - All options with value '1' are selected in object 'Object Repository/Backoffice/Clients/Registration/select_status' 

2018-10-12 13:42:38 - [TEST_STEP][PASSED] - delay: Delayed 2 second(s)

2018-10-12 13:42:40 - [MESSAGE][PASSED] - Delayed 2 second(s)

2018-10-12 13:42:40 - [TEST_STEP][PASSED] - click: Object: 'Object Repository/Backoffice/Clients/Registration/button_Submit' is clicked on

2018-10-12 13:42:40 - [MESSAGE][PASSED] - Object: 'Object Repository/Backoffice/Clients/Registration/button_Submit' is clicked on

2018-10-12 13:42:40 - [TEST_STEP][PASSED] - delay: Delayed 2 second(s)

2018-10-12 13:42:42 - [MESSAGE][PASSED] - Delayed 2 second(s)]]></system-out>
         <system-err><![CDATA[]]></system-err>
      </testcase>
      <testcase name="Test Cases/Backoffice/RegisterAccount" classname="Test Cases/Backoffice/RegisterAccount" status="PASSED">
         <system-out><![CDATA[2018-10-12 13:42:42 - [TEST_CASE][PASSED] - Test Cases/Backoffice/RegisterAccount: Test Cases/Backoffice/RegisterAccount

2018-10-12 13:42:42 - [TEST_STEP][PASSED] - focus: Object: 'Object Repository/Backoffice/Clients/Clients' is focused

2018-10-12 13:42:43 - [MESSAGE][PASSED] - Object: 'Object Repository/Backoffice/Clients/Clients' is focused

2018-10-12 13:42:43 - [TEST_STEP][PASSED] - verifyElementPresent: Object 'Object Repository/Backoffice/Clients/Client Registration' is present

2018-10-12 13:42:43 - [MESSAGE][PASSED] - Object 'Object Repository/Backoffice/Clients/Client Registration' is present

2018-10-12 13:42:43 - [TEST_STEP][PASSED] - click: Object: 'Object Repository/Backoffice/Clients/Client Registration' is clicked on

2018-10-12 13:42:43 - [MESSAGE][PASSED] - Object: 'Object Repository/Backoffice/Clients/Client Registration' is clicked on

2018-10-12 13:42:43 - [TEST_STEP][PASSED] - setText: Text 'genuineglacier' is set on object 'Object Repository/Backoffice/Clients/Registration/input_username'

2018-10-12 13:42:43 - [MESSAGE][PASSED] - Text 'genuineglacier' is set on object 'Object Repository/Backoffice/Clients/Registration/input_username'

2018-10-12 13:42:43 - [TEST_STEP][PASSED] - setText: Text '123123' is set on object 'Object Repository/Backoffice/Clients/Registration/input_password'

2018-10-12 13:42:43 - [MESSAGE][PASSED] - Text '123123' is set on object 'Object Repository/Backoffice/Clients/Registration/input_password'

2018-10-12 13:42:43 - [TEST_STEP][PASSED] - setText: Text '123123' is set on object 'Object Repository/Backoffice/Clients/Registration/input_confirmp'

2018-10-12 13:42:43 - [MESSAGE][PASSED] - Text '123123' is set on object 'Object Repository/Backoffice/Clients/Registration/input_confirmp'

2018-10-12 13:42:43 - [TEST_STEP][PASSED] - selectOptionByValue: All options with value 'test' are selected in object 'Object Repository/Backoffice/Clients/Registration/select_operatorcode' 

2018-10-12 13:42:44 - [MESSAGE][PASSED] - All options with value 'test' are selected in object 'Object Repository/Backoffice/Clients/Registration/select_operatorcode' 

2018-10-12 13:42:44 - [TEST_STEP][PASSED] - selectOptionByValue: All options with value '1' are selected in object 'Object Repository/Backoffice/Clients/Registration/select_status' 

2018-10-12 13:42:44 - [MESSAGE][PASSED] - All options with value '1' are selected in object 'Object Repository/Backoffice/Clients/Registration/select_status' 

2018-10-12 13:42:44 - [TEST_STEP][PASSED] - delay: Delayed 2 second(s)

2018-10-12 13:42:46 - [MESSAGE][PASSED] - Delayed 2 second(s)

2018-10-12 13:42:46 - [TEST_STEP][PASSED] - click: Object: 'Object Repository/Backoffice/Clients/Registration/button_Submit' is clicked on

2018-10-12 13:42:47 - [MESSAGE][PASSED] - Object: 'Object Repository/Backoffice/Clients/Registration/button_Submit' is clicked on

2018-10-12 13:42:47 - [TEST_STEP][PASSED] - delay: Delayed 2 second(s)

2018-10-12 13:42:49 - [MESSAGE][PASSED] - Delayed 2 second(s)]]></system-out>
         <system-err><![CDATA[]]></system-err>
      </testcase>
      <testcase name="Test Cases/Backoffice/RegisterAccount" classname="Test Cases/Backoffice/RegisterAccount" status="PASSED">
         <system-out><![CDATA[2018-10-12 13:42:49 - [TEST_CASE][PASSED] - Test Cases/Backoffice/RegisterAccount: Test Cases/Backoffice/RegisterAccount

2018-10-12 13:42:49 - [TEST_STEP][PASSED] - focus: Object: 'Object Repository/Backoffice/Clients/Clients' is focused

2018-10-12 13:42:49 - [MESSAGE][PASSED] - Object: 'Object Repository/Backoffice/Clients/Clients' is focused

2018-10-12 13:42:49 - [TEST_STEP][PASSED] - verifyElementPresent: Object 'Object Repository/Backoffice/Clients/Client Registration' is present

2018-10-12 13:42:49 - [MESSAGE][PASSED] - Object 'Object Repository/Backoffice/Clients/Client Registration' is present

2018-10-12 13:42:49 - [TEST_STEP][PASSED] - click: Object: 'Object Repository/Backoffice/Clients/Client Registration' is clicked on

2018-10-12 13:42:49 - [MESSAGE][PASSED] - Object: 'Object Repository/Backoffice/Clients/Client Registration' is clicked on

2018-10-12 13:42:49 - [TEST_STEP][PASSED] - setText: Text 'garganeygob' is set on object 'Object Repository/Backoffice/Clients/Registration/input_username'

2018-10-12 13:42:49 - [MESSAGE][PASSED] - Text 'garganeygob' is set on object 'Object Repository/Backoffice/Clients/Registration/input_username'

2018-10-12 13:42:49 - [TEST_STEP][PASSED] - setText: Text '123123' is set on object 'Object Repository/Backoffice/Clients/Registration/input_password'

2018-10-12 13:42:49 - [MESSAGE][PASSED] - Text '123123' is set on object 'Object Repository/Backoffice/Clients/Registration/input_password'

2018-10-12 13:42:49 - [TEST_STEP][PASSED] - setText: Text '123123' is set on object 'Object Repository/Backoffice/Clients/Registration/input_confirmp'

2018-10-12 13:42:49 - [MESSAGE][PASSED] - Text '123123' is set on object 'Object Repository/Backoffice/Clients/Registration/input_confirmp'

2018-10-12 13:42:49 - [TEST_STEP][PASSED] - selectOptionByValue: All options with value 'test' are selected in object 'Object Repository/Backoffice/Clients/Registration/select_operatorcode' 

2018-10-12 13:42:50 - [MESSAGE][PASSED] - All options with value 'test' are selected in object 'Object Repository/Backoffice/Clients/Registration/select_operatorcode' 

2018-10-12 13:42:50 - [TEST_STEP][PASSED] - selectOptionByValue: All options with value '1' are selected in object 'Object Repository/Backoffice/Clients/Registration/select_status' 

2018-10-12 13:42:50 - [MESSAGE][PASSED] - All options with value '1' are selected in object 'Object Repository/Backoffice/Clients/Registration/select_status' 

2018-10-12 13:42:50 - [TEST_STEP][PASSED] - delay: Delayed 2 second(s)

2018-10-12 13:42:52 - [MESSAGE][PASSED] - Delayed 2 second(s)

2018-10-12 13:42:52 - [TEST_STEP][PASSED] - click: Object: 'Object Repository/Backoffice/Clients/Registration/button_Submit' is clicked on

2018-10-12 13:42:52 - [MESSAGE][PASSED] - Object: 'Object Repository/Backoffice/Clients/Registration/button_Submit' is clicked on

2018-10-12 13:42:52 - [TEST_STEP][PASSED] - delay: Delayed 2 second(s)

2018-10-12 13:42:54 - [MESSAGE][PASSED] - Delayed 2 second(s)]]></system-out>
         <system-err><![CDATA[]]></system-err>
      </testcase>
      <testcase name="Test Cases/Backoffice/RegisterAccount" classname="Test Cases/Backoffice/RegisterAccount" status="PASSED">
         <system-out><![CDATA[2018-10-12 13:42:54 - [TEST_CASE][PASSED] - Test Cases/Backoffice/RegisterAccount: Test Cases/Backoffice/RegisterAccount

2018-10-12 13:42:54 - [TEST_STEP][PASSED] - focus: Object: 'Object Repository/Backoffice/Clients/Clients' is focused

2018-10-12 13:42:55 - [MESSAGE][PASSED] - Object: 'Object Repository/Backoffice/Clients/Clients' is focused

2018-10-12 13:42:55 - [TEST_STEP][PASSED] - verifyElementPresent: Object 'Object Repository/Backoffice/Clients/Client Registration' is present

2018-10-12 13:42:55 - [MESSAGE][PASSED] - Object 'Object Repository/Backoffice/Clients/Client Registration' is present

2018-10-12 13:42:55 - [TEST_STEP][PASSED] - click: Object: 'Object Repository/Backoffice/Clients/Client Registration' is clicked on

2018-10-12 13:42:55 - [MESSAGE][PASSED] - Object: 'Object Repository/Backoffice/Clients/Client Registration' is clicked on

2018-10-12 13:42:55 - [TEST_STEP][PASSED] - setText: Text 'grapesgift' is set on object 'Object Repository/Backoffice/Clients/Registration/input_username'

2018-10-12 13:42:55 - [MESSAGE][PASSED] - Text 'grapesgift' is set on object 'Object Repository/Backoffice/Clients/Registration/input_username'

2018-10-12 13:42:55 - [TEST_STEP][PASSED] - setText: Text '123123' is set on object 'Object Repository/Backoffice/Clients/Registration/input_password'

2018-10-12 13:42:55 - [MESSAGE][PASSED] - Text '123123' is set on object 'Object Repository/Backoffice/Clients/Registration/input_password'

2018-10-12 13:42:55 - [TEST_STEP][PASSED] - setText: Text '123123' is set on object 'Object Repository/Backoffice/Clients/Registration/input_confirmp'

2018-10-12 13:42:55 - [MESSAGE][PASSED] - Text '123123' is set on object 'Object Repository/Backoffice/Clients/Registration/input_confirmp'

2018-10-12 13:42:55 - [TEST_STEP][PASSED] - selectOptionByValue: All options with value 'test' are selected in object 'Object Repository/Backoffice/Clients/Registration/select_operatorcode' 

2018-10-12 13:42:55 - [MESSAGE][PASSED] - All options with value 'test' are selected in object 'Object Repository/Backoffice/Clients/Registration/select_operatorcode' 

2018-10-12 13:42:55 - [TEST_STEP][PASSED] - selectOptionByValue: All options with value '1' are selected in object 'Object Repository/Backoffice/Clients/Registration/select_status' 

2018-10-12 13:42:56 - [MESSAGE][PASSED] - All options with value '1' are selected in object 'Object Repository/Backoffice/Clients/Registration/select_status' 

2018-10-12 13:42:56 - [TEST_STEP][PASSED] - delay: Delayed 2 second(s)

2018-10-12 13:42:58 - [MESSAGE][PASSED] - Delayed 2 second(s)

2018-10-12 13:42:58 - [TEST_STEP][PASSED] - click: Object: 'Object Repository/Backoffice/Clients/Registration/button_Submit' is clicked on

2018-10-12 13:42:58 - [MESSAGE][PASSED] - Object: 'Object Repository/Backoffice/Clients/Registration/button_Submit' is clicked on

2018-10-12 13:42:58 - [TEST_STEP][PASSED] - delay: Delayed 2 second(s)

2018-10-12 13:43:00 - [MESSAGE][PASSED] - Delayed 2 second(s)]]></system-out>
         <system-err><![CDATA[]]></system-err>
      </testcase>
      <testcase name="Test Cases/Backoffice/RegisterAccount" classname="Test Cases/Backoffice/RegisterAccount" status="PASSED">
         <system-out><![CDATA[2018-10-12 13:43:00 - [TEST_CASE][PASSED] - Test Cases/Backoffice/RegisterAccount: Test Cases/Backoffice/RegisterAccount

2018-10-12 13:43:00 - [TEST_STEP][PASSED] - focus: Object: 'Object Repository/Backoffice/Clients/Clients' is focused

2018-10-12 13:43:01 - [MESSAGE][PASSED] - Object: 'Object Repository/Backoffice/Clients/Clients' is focused

2018-10-12 13:43:01 - [TEST_STEP][PASSED] - verifyElementPresent: Object 'Object Repository/Backoffice/Clients/Client Registration' is present

2018-10-12 13:43:01 - [MESSAGE][PASSED] - Object 'Object Repository/Backoffice/Clients/Client Registration' is present

2018-10-12 13:43:01 - [TEST_STEP][PASSED] - click: Object: 'Object Repository/Backoffice/Clients/Client Registration' is clicked on

2018-10-12 13:43:01 - [MESSAGE][PASSED] - Object: 'Object Repository/Backoffice/Clients/Client Registration' is clicked on

2018-10-12 13:43:01 - [TEST_STEP][PASSED] - setText: Text 'gazellegirl' is set on object 'Object Repository/Backoffice/Clients/Registration/input_username'

2018-10-12 13:43:01 - [MESSAGE][PASSED] - Text 'gazellegirl' is set on object 'Object Repository/Backoffice/Clients/Registration/input_username'

2018-10-12 13:43:01 - [TEST_STEP][PASSED] - setText: Text '123123' is set on object 'Object Repository/Backoffice/Clients/Registration/input_password'

2018-10-12 13:43:01 - [MESSAGE][PASSED] - Text '123123' is set on object 'Object Repository/Backoffice/Clients/Registration/input_password'

2018-10-12 13:43:01 - [TEST_STEP][PASSED] - setText: Text '123123' is set on object 'Object Repository/Backoffice/Clients/Registration/input_confirmp'

2018-10-12 13:43:01 - [MESSAGE][PASSED] - Text '123123' is set on object 'Object Repository/Backoffice/Clients/Registration/input_confirmp'

2018-10-12 13:43:01 - [TEST_STEP][PASSED] - selectOptionByValue: All options with value 'test' are selected in object 'Object Repository/Backoffice/Clients/Registration/select_operatorcode' 

2018-10-12 13:43:01 - [MESSAGE][PASSED] - All options with value 'test' are selected in object 'Object Repository/Backoffice/Clients/Registration/select_operatorcode' 

2018-10-12 13:43:01 - [TEST_STEP][PASSED] - selectOptionByValue: All options with value '1' are selected in object 'Object Repository/Backoffice/Clients/Registration/select_status' 

2018-10-12 13:43:02 - [MESSAGE][PASSED] - All options with value '1' are selected in object 'Object Repository/Backoffice/Clients/Registration/select_status' 

2018-10-12 13:43:02 - [TEST_STEP][PASSED] - delay: Delayed 2 second(s)

2018-10-12 13:43:04 - [MESSAGE][PASSED] - Delayed 2 second(s)

2018-10-12 13:43:04 - [TEST_STEP][PASSED] - click: Object: 'Object Repository/Backoffice/Clients/Registration/button_Submit' is clicked on

2018-10-12 13:43:04 - [MESSAGE][PASSED] - Object: 'Object Repository/Backoffice/Clients/Registration/button_Submit' is clicked on

2018-10-12 13:43:04 - [TEST_STEP][PASSED] - delay: Delayed 2 second(s)

2018-10-12 13:43:06 - [MESSAGE][PASSED] - Delayed 2 second(s)]]></system-out>
         <system-err><![CDATA[]]></system-err>
      </testcase>
      <testcase name="Test Cases/Backoffice/RegisterAccount" classname="Test Cases/Backoffice/RegisterAccount" status="PASSED">
         <system-out><![CDATA[2018-10-12 13:43:06 - [TEST_CASE][PASSED] - Test Cases/Backoffice/RegisterAccount: Test Cases/Backoffice/RegisterAccount

2018-10-12 13:43:06 - [TEST_STEP][PASSED] - focus: Object: 'Object Repository/Backoffice/Clients/Clients' is focused

2018-10-12 13:43:06 - [MESSAGE][PASSED] - Object: 'Object Repository/Backoffice/Clients/Clients' is focused

2018-10-12 13:43:06 - [TEST_STEP][PASSED] - verifyElementPresent: Object 'Object Repository/Backoffice/Clients/Client Registration' is present

2018-10-12 13:43:06 - [MESSAGE][PASSED] - Object 'Object Repository/Backoffice/Clients/Client Registration' is present

2018-10-12 13:43:06 - [TEST_STEP][PASSED] - click: Object: 'Object Repository/Backoffice/Clients/Client Registration' is clicked on

2018-10-12 13:43:07 - [MESSAGE][PASSED] - Object: 'Object Repository/Backoffice/Clients/Client Registration' is clicked on

2018-10-12 13:43:07 - [TEST_STEP][PASSED] - setText: Text 'gutturalguillemot' is set on object 'Object Repository/Backoffice/Clients/Registration/input_username'

2018-10-12 13:43:07 - [MESSAGE][PASSED] - Text 'gutturalguillemot' is set on object 'Object Repository/Backoffice/Clients/Registration/input_username'

2018-10-12 13:43:07 - [TEST_STEP][PASSED] - setText: Text '123123' is set on object 'Object Repository/Backoffice/Clients/Registration/input_password'

2018-10-12 13:43:07 - [MESSAGE][PASSED] - Text '123123' is set on object 'Object Repository/Backoffice/Clients/Registration/input_password'

2018-10-12 13:43:07 - [TEST_STEP][PASSED] - setText: Text '123123' is set on object 'Object Repository/Backoffice/Clients/Registration/input_confirmp'

2018-10-12 13:43:07 - [MESSAGE][PASSED] - Text '123123' is set on object 'Object Repository/Backoffice/Clients/Registration/input_confirmp'

2018-10-12 13:43:07 - [TEST_STEP][PASSED] - selectOptionByValue: All options with value 'test' are selected in object 'Object Repository/Backoffice/Clients/Registration/select_operatorcode' 

2018-10-12 13:43:07 - [MESSAGE][PASSED] - All options with value 'test' are selected in object 'Object Repository/Backoffice/Clients/Registration/select_operatorcode' 

2018-10-12 13:43:07 - [TEST_STEP][PASSED] - selectOptionByValue: All options with value '1' are selected in object 'Object Repository/Backoffice/Clients/Registration/select_status' 

2018-10-12 13:43:07 - [MESSAGE][PASSED] - All options with value '1' are selected in object 'Object Repository/Backoffice/Clients/Registration/select_status' 

2018-10-12 13:43:07 - [TEST_STEP][PASSED] - delay: Delayed 2 second(s)

2018-10-12 13:43:09 - [MESSAGE][PASSED] - Delayed 2 second(s)

2018-10-12 13:43:09 - [TEST_STEP][PASSED] - click: Object: 'Object Repository/Backoffice/Clients/Registration/button_Submit' is clicked on

2018-10-12 13:43:10 - [MESSAGE][PASSED] - Object: 'Object Repository/Backoffice/Clients/Registration/button_Submit' is clicked on

2018-10-12 13:43:10 - [TEST_STEP][PASSED] - delay: Delayed 2 second(s)

2018-10-12 13:43:12 - [MESSAGE][PASSED] - Delayed 2 second(s)]]></system-out>
         <system-err><![CDATA[]]></system-err>
      </testcase>
      <testcase name="Test Cases/Backoffice/RegisterAccount" classname="Test Cases/Backoffice/RegisterAccount" status="PASSED">
         <system-out><![CDATA[2018-10-12 13:43:12 - [TEST_CASE][PASSED] - Test Cases/Backoffice/RegisterAccount: Test Cases/Backoffice/RegisterAccount

2018-10-12 13:43:12 - [TEST_STEP][PASSED] - focus: Object: 'Object Repository/Backoffice/Clients/Clients' is focused

2018-10-12 13:43:12 - [MESSAGE][PASSED] - Object: 'Object Repository/Backoffice/Clients/Clients' is focused

2018-10-12 13:43:12 - [TEST_STEP][PASSED] - verifyElementPresent: Object 'Object Repository/Backoffice/Clients/Client Registration' is present

2018-10-12 13:43:12 - [MESSAGE][PASSED] - Object 'Object Repository/Backoffice/Clients/Client Registration' is present

2018-10-12 13:43:12 - [TEST_STEP][PASSED] - click: Object: 'Object Repository/Backoffice/Clients/Client Registration' is clicked on

2018-10-12 13:43:13 - [MESSAGE][PASSED] - Object: 'Object Repository/Backoffice/Clients/Client Registration' is clicked on

2018-10-12 13:43:13 - [TEST_STEP][PASSED] - setText: Text 'giraffegut' is set on object 'Object Repository/Backoffice/Clients/Registration/input_username'

2018-10-12 13:43:13 - [MESSAGE][PASSED] - Text 'giraffegut' is set on object 'Object Repository/Backoffice/Clients/Registration/input_username'

2018-10-12 13:43:13 - [TEST_STEP][PASSED] - setText: Text '123123' is set on object 'Object Repository/Backoffice/Clients/Registration/input_password'

2018-10-12 13:43:13 - [MESSAGE][PASSED] - Text '123123' is set on object 'Object Repository/Backoffice/Clients/Registration/input_password'

2018-10-12 13:43:13 - [TEST_STEP][PASSED] - setText: Text '123123' is set on object 'Object Repository/Backoffice/Clients/Registration/input_confirmp'

2018-10-12 13:43:13 - [MESSAGE][PASSED] - Text '123123' is set on object 'Object Repository/Backoffice/Clients/Registration/input_confirmp'

2018-10-12 13:43:13 - [TEST_STEP][PASSED] - selectOptionByValue: All options with value 'test' are selected in object 'Object Repository/Backoffice/Clients/Registration/select_operatorcode' 

2018-10-12 13:43:13 - [MESSAGE][PASSED] - All options with value 'test' are selected in object 'Object Repository/Backoffice/Clients/Registration/select_operatorcode' 

2018-10-12 13:43:13 - [TEST_STEP][PASSED] - selectOptionByValue: All options with value '1' are selected in object 'Object Repository/Backoffice/Clients/Registration/select_status' 

2018-10-12 13:43:14 - [MESSAGE][PASSED] - All options with value '1' are selected in object 'Object Repository/Backoffice/Clients/Registration/select_status' 

2018-10-12 13:43:14 - [TEST_STEP][PASSED] - delay: Delayed 2 second(s)

2018-10-12 13:43:16 - [MESSAGE][PASSED] - Delayed 2 second(s)

2018-10-12 13:43:16 - [TEST_STEP][PASSED] - click: Object: 'Object Repository/Backoffice/Clients/Registration/button_Submit' is clicked on

2018-10-12 13:43:16 - [MESSAGE][PASSED] - Object: 'Object Repository/Backoffice/Clients/Registration/button_Submit' is clicked on

2018-10-12 13:43:16 - [TEST_STEP][PASSED] - delay: Delayed 2 second(s)

2018-10-12 13:43:18 - [MESSAGE][PASSED] - Delayed 2 second(s)]]></system-out>
         <system-err><![CDATA[]]></system-err>
      </testcase>
      <testcase name="Test Cases/Backoffice/RegisterAccount" classname="Test Cases/Backoffice/RegisterAccount" status="PASSED">
         <system-out><![CDATA[2018-10-12 13:43:18 - [TEST_CASE][PASSED] - Test Cases/Backoffice/RegisterAccount: Test Cases/Backoffice/RegisterAccount

2018-10-12 13:43:18 - [TEST_STEP][PASSED] - focus: Object: 'Object Repository/Backoffice/Clients/Clients' is focused

2018-10-12 13:43:19 - [MESSAGE][PASSED] - Object: 'Object Repository/Backoffice/Clients/Clients' is focused

2018-10-12 13:43:19 - [TEST_STEP][PASSED] - verifyElementPresent: Object 'Object Repository/Backoffice/Clients/Client Registration' is present

2018-10-12 13:43:19 - [MESSAGE][PASSED] - Object 'Object Repository/Backoffice/Clients/Client Registration' is present

2018-10-12 13:43:19 - [TEST_STEP][PASSED] - click: Object: 'Object Repository/Backoffice/Clients/Client Registration' is clicked on

2018-10-12 13:43:19 - [MESSAGE][PASSED] - Object: 'Object Repository/Backoffice/Clients/Client Registration' is clicked on

2018-10-12 13:43:19 - [TEST_STEP][PASSED] - setText: Text 'gotguardsman' is set on object 'Object Repository/Backoffice/Clients/Registration/input_username'

2018-10-12 13:43:19 - [MESSAGE][PASSED] - Text 'gotguardsman' is set on object 'Object Repository/Backoffice/Clients/Registration/input_username'

2018-10-12 13:43:19 - [TEST_STEP][PASSED] - setText: Text '123123' is set on object 'Object Repository/Backoffice/Clients/Registration/input_password'

2018-10-12 13:43:19 - [MESSAGE][PASSED] - Text '123123' is set on object 'Object Repository/Backoffice/Clients/Registration/input_password'

2018-10-12 13:43:19 - [TEST_STEP][PASSED] - setText: Text '123123' is set on object 'Object Repository/Backoffice/Clients/Registration/input_confirmp'

2018-10-12 13:43:19 - [MESSAGE][PASSED] - Text '123123' is set on object 'Object Repository/Backoffice/Clients/Registration/input_confirmp'

2018-10-12 13:43:19 - [TEST_STEP][PASSED] - selectOptionByValue: All options with value 'test' are selected in object 'Object Repository/Backoffice/Clients/Registration/select_operatorcode' 

2018-10-12 13:43:20 - [MESSAGE][PASSED] - All options with value 'test' are selected in object 'Object Repository/Backoffice/Clients/Registration/select_operatorcode' 

2018-10-12 13:43:20 - [TEST_STEP][PASSED] - selectOptionByValue: All options with value '1' are selected in object 'Object Repository/Backoffice/Clients/Registration/select_status' 

2018-10-12 13:43:20 - [MESSAGE][PASSED] - All options with value '1' are selected in object 'Object Repository/Backoffice/Clients/Registration/select_status' 

2018-10-12 13:43:20 - [TEST_STEP][PASSED] - delay: Delayed 2 second(s)

2018-10-12 13:43:22 - [MESSAGE][PASSED] - Delayed 2 second(s)

2018-10-12 13:43:22 - [TEST_STEP][PASSED] - click: Object: 'Object Repository/Backoffice/Clients/Registration/button_Submit' is clicked on

2018-10-12 13:43:23 - [MESSAGE][PASSED] - Object: 'Object Repository/Backoffice/Clients/Registration/button_Submit' is clicked on

2018-10-12 13:43:23 - [TEST_STEP][PASSED] - delay: Delayed 2 second(s)

2018-10-12 13:43:25 - [MESSAGE][PASSED] - Delayed 2 second(s)]]></system-out>
         <system-err><![CDATA[]]></system-err>
      </testcase>
      <testcase name="Test Cases/Backoffice/RegisterAccount" classname="Test Cases/Backoffice/RegisterAccount" status="PASSED">
         <system-out><![CDATA[2018-10-12 13:43:25 - [TEST_CASE][PASSED] - Test Cases/Backoffice/RegisterAccount: Test Cases/Backoffice/RegisterAccount

2018-10-12 13:43:25 - [TEST_STEP][PASSED] - focus: Object: 'Object Repository/Backoffice/Clients/Clients' is focused

2018-10-12 13:43:25 - [MESSAGE][PASSED] - Object: 'Object Repository/Backoffice/Clients/Clients' is focused

2018-10-12 13:43:25 - [TEST_STEP][PASSED] - verifyElementPresent: Object 'Object Repository/Backoffice/Clients/Client Registration' is present

2018-10-12 13:43:25 - [MESSAGE][PASSED] - Object 'Object Repository/Backoffice/Clients/Client Registration' is present

2018-10-12 13:43:25 - [TEST_STEP][PASSED] - click: Object: 'Object Repository/Backoffice/Clients/Client Registration' is clicked on

2018-10-12 13:43:25 - [MESSAGE][PASSED] - Object: 'Object Repository/Backoffice/Clients/Client Registration' is clicked on

2018-10-12 13:43:25 - [TEST_STEP][PASSED] - setText: Text 'greyhoundgastropub' is set on object 'Object Repository/Backoffice/Clients/Registration/input_username'

2018-10-12 13:43:25 - [MESSAGE][PASSED] - Text 'greyhoundgastropub' is set on object 'Object Repository/Backoffice/Clients/Registration/input_username'

2018-10-12 13:43:25 - [TEST_STEP][PASSED] - setText: Text '123123' is set on object 'Object Repository/Backoffice/Clients/Registration/input_password'

2018-10-12 13:43:26 - [MESSAGE][PASSED] - Text '123123' is set on object 'Object Repository/Backoffice/Clients/Registration/input_password'

2018-10-12 13:43:26 - [TEST_STEP][PASSED] - setText: Text '123123' is set on object 'Object Repository/Backoffice/Clients/Registration/input_confirmp'

2018-10-12 13:43:26 - [MESSAGE][PASSED] - Text '123123' is set on object 'Object Repository/Backoffice/Clients/Registration/input_confirmp'

2018-10-12 13:43:26 - [TEST_STEP][PASSED] - selectOptionByValue: All options with value 'test' are selected in object 'Object Repository/Backoffice/Clients/Registration/select_operatorcode' 

2018-10-12 13:43:26 - [MESSAGE][PASSED] - All options with value 'test' are selected in object 'Object Repository/Backoffice/Clients/Registration/select_operatorcode' 

2018-10-12 13:43:26 - [TEST_STEP][PASSED] - selectOptionByValue: All options with value '1' are selected in object 'Object Repository/Backoffice/Clients/Registration/select_status' 

2018-10-12 13:43:26 - [MESSAGE][PASSED] - All options with value '1' are selected in object 'Object Repository/Backoffice/Clients/Registration/select_status' 

2018-10-12 13:43:26 - [TEST_STEP][PASSED] - delay: Delayed 2 second(s)

2018-10-12 13:43:28 - [MESSAGE][PASSED] - Delayed 2 second(s)

2018-10-12 13:43:28 - [TEST_STEP][PASSED] - click: Object: 'Object Repository/Backoffice/Clients/Registration/button_Submit' is clicked on

2018-10-12 13:43:29 - [MESSAGE][PASSED] - Object: 'Object Repository/Backoffice/Clients/Registration/button_Submit' is clicked on

2018-10-12 13:43:29 - [TEST_STEP][PASSED] - delay: Delayed 2 second(s)

2018-10-12 13:43:31 - [MESSAGE][PASSED] - Delayed 2 second(s)]]></system-out>
         <system-err><![CDATA[]]></system-err>
      </testcase>
      <testcase name="Test Cases/Backoffice/RegisterAccount" classname="Test Cases/Backoffice/RegisterAccount" status="PASSED">
         <system-out><![CDATA[2018-10-12 13:43:31 - [TEST_CASE][PASSED] - Test Cases/Backoffice/RegisterAccount: Test Cases/Backoffice/RegisterAccount

2018-10-12 13:43:31 - [TEST_STEP][PASSED] - focus: Object: 'Object Repository/Backoffice/Clients/Clients' is focused

2018-10-12 13:43:31 - [MESSAGE][PASSED] - Object: 'Object Repository/Backoffice/Clients/Clients' is focused

2018-10-12 13:43:31 - [TEST_STEP][PASSED] - verifyElementPresent: Object 'Object Repository/Backoffice/Clients/Client Registration' is present

2018-10-12 13:43:31 - [MESSAGE][PASSED] - Object 'Object Repository/Backoffice/Clients/Client Registration' is present

2018-10-12 13:43:31 - [TEST_STEP][PASSED] - click: Object: 'Object Repository/Backoffice/Clients/Client Registration' is clicked on

2018-10-12 13:43:31 - [MESSAGE][PASSED] - Object: 'Object Repository/Backoffice/Clients/Client Registration' is clicked on

2018-10-12 13:43:31 - [TEST_STEP][PASSED] - setText: Text 'gatewaygranola' is set on object 'Object Repository/Backoffice/Clients/Registration/input_username'

2018-10-12 13:43:31 - [MESSAGE][PASSED] - Text 'gatewaygranola' is set on object 'Object Repository/Backoffice/Clients/Registration/input_username'

2018-10-12 13:43:31 - [TEST_STEP][PASSED] - setText: Text '123123' is set on object 'Object Repository/Backoffice/Clients/Registration/input_password'

2018-10-12 13:43:32 - [MESSAGE][PASSED] - Text '123123' is set on object 'Object Repository/Backoffice/Clients/Registration/input_password'

2018-10-12 13:43:32 - [TEST_STEP][PASSED] - setText: Text '123123' is set on object 'Object Repository/Backoffice/Clients/Registration/input_confirmp'

2018-10-12 13:43:32 - [MESSAGE][PASSED] - Text '123123' is set on object 'Object Repository/Backoffice/Clients/Registration/input_confirmp'

2018-10-12 13:43:32 - [TEST_STEP][PASSED] - selectOptionByValue: All options with value 'test' are selected in object 'Object Repository/Backoffice/Clients/Registration/select_operatorcode' 

2018-10-12 13:43:32 - [MESSAGE][PASSED] - All options with value 'test' are selected in object 'Object Repository/Backoffice/Clients/Registration/select_operatorcode' 

2018-10-12 13:43:32 - [TEST_STEP][PASSED] - selectOptionByValue: All options with value '1' are selected in object 'Object Repository/Backoffice/Clients/Registration/select_status' 

2018-10-12 13:43:32 - [MESSAGE][PASSED] - All options with value '1' are selected in object 'Object Repository/Backoffice/Clients/Registration/select_status' 

2018-10-12 13:43:32 - [TEST_STEP][PASSED] - delay: Delayed 2 second(s)

2018-10-12 13:43:34 - [MESSAGE][PASSED] - Delayed 2 second(s)

2018-10-12 13:43:34 - [TEST_STEP][PASSED] - click: Object: 'Object Repository/Backoffice/Clients/Registration/button_Submit' is clicked on

2018-10-12 13:43:35 - [MESSAGE][PASSED] - Object: 'Object Repository/Backoffice/Clients/Registration/button_Submit' is clicked on

2018-10-12 13:43:35 - [TEST_STEP][PASSED] - delay: Delayed 2 second(s)

2018-10-12 13:43:37 - [MESSAGE][PASSED] - Delayed 2 second(s)]]></system-out>
         <system-err><![CDATA[]]></system-err>
      </testcase>
      <testcase name="Test Cases/Backoffice/RegisterAccount" classname="Test Cases/Backoffice/RegisterAccount" status="PASSED">
         <system-out><![CDATA[2018-10-12 13:43:37 - [TEST_CASE][PASSED] - Test Cases/Backoffice/RegisterAccount: Test Cases/Backoffice/RegisterAccount

2018-10-12 13:43:37 - [TEST_STEP][PASSED] - focus: Object: 'Object Repository/Backoffice/Clients/Clients' is focused

2018-10-12 13:43:37 - [MESSAGE][PASSED] - Object: 'Object Repository/Backoffice/Clients/Clients' is focused

2018-10-12 13:43:37 - [TEST_STEP][PASSED] - verifyElementPresent: Object 'Object Repository/Backoffice/Clients/Client Registration' is present

2018-10-12 13:43:37 - [MESSAGE][PASSED] - Object 'Object Repository/Backoffice/Clients/Client Registration' is present

2018-10-12 13:43:37 - [TEST_STEP][PASSED] - click: Object: 'Object Repository/Backoffice/Clients/Client Registration' is clicked on

2018-10-12 13:43:38 - [MESSAGE][PASSED] - Object: 'Object Repository/Backoffice/Clients/Client Registration' is clicked on

2018-10-12 13:43:38 - [TEST_STEP][PASSED] - setText: Text 'geologistglutinous' is set on object 'Object Repository/Backoffice/Clients/Registration/input_username'

2018-10-12 13:43:38 - [MESSAGE][PASSED] - Text 'geologistglutinous' is set on object 'Object Repository/Backoffice/Clients/Registration/input_username'

2018-10-12 13:43:38 - [TEST_STEP][PASSED] - setText: Text '123123' is set on object 'Object Repository/Backoffice/Clients/Registration/input_password'

2018-10-12 13:43:38 - [MESSAGE][PASSED] - Text '123123' is set on object 'Object Repository/Backoffice/Clients/Registration/input_password'

2018-10-12 13:43:38 - [TEST_STEP][PASSED] - setText: Text '123123' is set on object 'Object Repository/Backoffice/Clients/Registration/input_confirmp'

2018-10-12 13:43:38 - [MESSAGE][PASSED] - Text '123123' is set on object 'Object Repository/Backoffice/Clients/Registration/input_confirmp'

2018-10-12 13:43:38 - [TEST_STEP][PASSED] - selectOptionByValue: All options with value 'test' are selected in object 'Object Repository/Backoffice/Clients/Registration/select_operatorcode' 

2018-10-12 13:43:38 - [MESSAGE][PASSED] - All options with value 'test' are selected in object 'Object Repository/Backoffice/Clients/Registration/select_operatorcode' 

2018-10-12 13:43:38 - [TEST_STEP][PASSED] - selectOptionByValue: All options with value '1' are selected in object 'Object Repository/Backoffice/Clients/Registration/select_status' 

2018-10-12 13:43:38 - [MESSAGE][PASSED] - All options with value '1' are selected in object 'Object Repository/Backoffice/Clients/Registration/select_status' 

2018-10-12 13:43:38 - [TEST_STEP][PASSED] - delay: Delayed 2 second(s)

2018-10-12 13:43:40 - [MESSAGE][PASSED] - Delayed 2 second(s)

2018-10-12 13:43:40 - [TEST_STEP][PASSED] - click: Object: 'Object Repository/Backoffice/Clients/Registration/button_Submit' is clicked on

2018-10-12 13:43:41 - [MESSAGE][PASSED] - Object: 'Object Repository/Backoffice/Clients/Registration/button_Submit' is clicked on

2018-10-12 13:43:41 - [TEST_STEP][PASSED] - delay: Delayed 2 second(s)

2018-10-12 13:43:43 - [MESSAGE][PASSED] - Delayed 2 second(s)]]></system-out>
         <system-err><![CDATA[]]></system-err>
      </testcase>
      <testcase name="Test Cases/Backoffice/RegisterAccount" classname="Test Cases/Backoffice/RegisterAccount" status="PASSED">
         <system-out><![CDATA[2018-10-12 13:43:43 - [TEST_CASE][PASSED] - Test Cases/Backoffice/RegisterAccount: Test Cases/Backoffice/RegisterAccount

2018-10-12 13:43:43 - [TEST_STEP][PASSED] - focus: Object: 'Object Repository/Backoffice/Clients/Clients' is focused

2018-10-12 13:43:43 - [MESSAGE][PASSED] - Object: 'Object Repository/Backoffice/Clients/Clients' is focused

2018-10-12 13:43:43 - [TEST_STEP][PASSED] - verifyElementPresent: Object 'Object Repository/Backoffice/Clients/Client Registration' is present

2018-10-12 13:43:43 - [MESSAGE][PASSED] - Object 'Object Repository/Backoffice/Clients/Client Registration' is present

2018-10-12 13:43:43 - [TEST_STEP][PASSED] - click: Object: 'Object Repository/Backoffice/Clients/Client Registration' is clicked on

2018-10-12 13:43:43 - [MESSAGE][PASSED] - Object: 'Object Repository/Backoffice/Clients/Client Registration' is clicked on

2018-10-12 13:43:43 - [TEST_STEP][PASSED] - setText: Text 'gudgeongrunchy' is set on object 'Object Repository/Backoffice/Clients/Registration/input_username'

2018-10-12 13:43:44 - [MESSAGE][PASSED] - Text 'gudgeongrunchy' is set on object 'Object Repository/Backoffice/Clients/Registration/input_username'

2018-10-12 13:43:44 - [TEST_STEP][PASSED] - setText: Text '123123' is set on object 'Object Repository/Backoffice/Clients/Registration/input_password'

2018-10-12 13:43:44 - [MESSAGE][PASSED] - Text '123123' is set on object 'Object Repository/Backoffice/Clients/Registration/input_password'

2018-10-12 13:43:44 - [TEST_STEP][PASSED] - setText: Text '123123' is set on object 'Object Repository/Backoffice/Clients/Registration/input_confirmp'

2018-10-12 13:43:44 - [MESSAGE][PASSED] - Text '123123' is set on object 'Object Repository/Backoffice/Clients/Registration/input_confirmp'

2018-10-12 13:43:44 - [TEST_STEP][PASSED] - selectOptionByValue: All options with value 'test' are selected in object 'Object Repository/Backoffice/Clients/Registration/select_operatorcode' 

2018-10-12 13:43:44 - [MESSAGE][PASSED] - All options with value 'test' are selected in object 'Object Repository/Backoffice/Clients/Registration/select_operatorcode' 

2018-10-12 13:43:44 - [TEST_STEP][PASSED] - selectOptionByValue: All options with value '1' are selected in object 'Object Repository/Backoffice/Clients/Registration/select_status' 

2018-10-12 13:43:44 - [MESSAGE][PASSED] - All options with value '1' are selected in object 'Object Repository/Backoffice/Clients/Registration/select_status' 

2018-10-12 13:43:44 - [TEST_STEP][PASSED] - delay: Delayed 2 second(s)

2018-10-12 13:43:46 - [MESSAGE][PASSED] - Delayed 2 second(s)

2018-10-12 13:43:46 - [TEST_STEP][PASSED] - click: Object: 'Object Repository/Backoffice/Clients/Registration/button_Submit' is clicked on

2018-10-12 13:43:47 - [MESSAGE][PASSED] - Object: 'Object Repository/Backoffice/Clients/Registration/button_Submit' is clicked on

2018-10-12 13:43:47 - [TEST_STEP][PASSED] - delay: Delayed 2 second(s)

2018-10-12 13:43:49 - [MESSAGE][PASSED] - Delayed 2 second(s)]]></system-out>
         <system-err><![CDATA[]]></system-err>
      </testcase>
      <testcase name="Test Cases/Backoffice/RegisterAccount" classname="Test Cases/Backoffice/RegisterAccount" status="PASSED">
         <system-out><![CDATA[2018-10-12 13:43:49 - [TEST_CASE][PASSED] - Test Cases/Backoffice/RegisterAccount: Test Cases/Backoffice/RegisterAccount

2018-10-12 13:43:49 - [TEST_STEP][PASSED] - focus: Object: 'Object Repository/Backoffice/Clients/Clients' is focused

2018-10-12 13:43:49 - [MESSAGE][PASSED] - Object: 'Object Repository/Backoffice/Clients/Clients' is focused

2018-10-12 13:43:49 - [TEST_STEP][PASSED] - verifyElementPresent: Object 'Object Repository/Backoffice/Clients/Client Registration' is present

2018-10-12 13:43:49 - [MESSAGE][PASSED] - Object 'Object Repository/Backoffice/Clients/Client Registration' is present

2018-10-12 13:43:49 - [TEST_STEP][PASSED] - click: Object: 'Object Repository/Backoffice/Clients/Client Registration' is clicked on

2018-10-12 13:43:50 - [MESSAGE][PASSED] - Object: 'Object Repository/Backoffice/Clients/Client Registration' is clicked on

2018-10-12 13:43:50 - [TEST_STEP][PASSED] - setText: Text 'gluonglug' is set on object 'Object Repository/Backoffice/Clients/Registration/input_username'

2018-10-12 13:43:50 - [MESSAGE][PASSED] - Text 'gluonglug' is set on object 'Object Repository/Backoffice/Clients/Registration/input_username'

2018-10-12 13:43:50 - [TEST_STEP][PASSED] - setText: Text '123123' is set on object 'Object Repository/Backoffice/Clients/Registration/input_password'

2018-10-12 13:43:50 - [MESSAGE][PASSED] - Text '123123' is set on object 'Object Repository/Backoffice/Clients/Registration/input_password'

2018-10-12 13:43:50 - [TEST_STEP][PASSED] - setText: Text '123123' is set on object 'Object Repository/Backoffice/Clients/Registration/input_confirmp'

2018-10-12 13:43:50 - [MESSAGE][PASSED] - Text '123123' is set on object 'Object Repository/Backoffice/Clients/Registration/input_confirmp'

2018-10-12 13:43:50 - [TEST_STEP][PASSED] - selectOptionByValue: All options with value 'test' are selected in object 'Object Repository/Backoffice/Clients/Registration/select_operatorcode' 

2018-10-12 13:43:50 - [MESSAGE][PASSED] - All options with value 'test' are selected in object 'Object Repository/Backoffice/Clients/Registration/select_operatorcode' 

2018-10-12 13:43:50 - [TEST_STEP][PASSED] - selectOptionByValue: All options with value '1' are selected in object 'Object Repository/Backoffice/Clients/Registration/select_status' 

2018-10-12 13:43:50 - [MESSAGE][PASSED] - All options with value '1' are selected in object 'Object Repository/Backoffice/Clients/Registration/select_status' 

2018-10-12 13:43:50 - [TEST_STEP][PASSED] - delay: Delayed 2 second(s)

2018-10-12 13:43:52 - [MESSAGE][PASSED] - Delayed 2 second(s)

2018-10-12 13:43:52 - [TEST_STEP][PASSED] - click: Object: 'Object Repository/Backoffice/Clients/Registration/button_Submit' is clicked on

2018-10-12 13:43:53 - [MESSAGE][PASSED] - Object: 'Object Repository/Backoffice/Clients/Registration/button_Submit' is clicked on

2018-10-12 13:43:53 - [TEST_STEP][PASSED] - delay: Delayed 2 second(s)

2018-10-12 13:43:55 - [MESSAGE][PASSED] - Delayed 2 second(s)]]></system-out>
         <system-err><![CDATA[]]></system-err>
      </testcase>
      <testcase name="Test Cases/Backoffice/RegisterAccount" classname="Test Cases/Backoffice/RegisterAccount" status="PASSED">
         <system-out><![CDATA[2018-10-12 13:43:55 - [TEST_CASE][PASSED] - Test Cases/Backoffice/RegisterAccount: Test Cases/Backoffice/RegisterAccount

2018-10-12 13:43:55 - [TEST_STEP][PASSED] - focus: Object: 'Object Repository/Backoffice/Clients/Clients' is focused

2018-10-12 13:43:55 - [MESSAGE][PASSED] - Object: 'Object Repository/Backoffice/Clients/Clients' is focused

2018-10-12 13:43:55 - [TEST_STEP][PASSED] - verifyElementPresent: Object 'Object Repository/Backoffice/Clients/Client Registration' is present

2018-10-12 13:43:55 - [MESSAGE][PASSED] - Object 'Object Repository/Backoffice/Clients/Client Registration' is present

2018-10-12 13:43:55 - [TEST_STEP][PASSED] - click: Object: 'Object Repository/Backoffice/Clients/Client Registration' is clicked on

2018-10-12 13:43:56 - [MESSAGE][PASSED] - Object: 'Object Repository/Backoffice/Clients/Client Registration' is clicked on

2018-10-12 13:43:56 - [TEST_STEP][PASSED] - setText: Text 'grouchygarlicky' is set on object 'Object Repository/Backoffice/Clients/Registration/input_username'

2018-10-12 13:43:56 - [MESSAGE][PASSED] - Text 'grouchygarlicky' is set on object 'Object Repository/Backoffice/Clients/Registration/input_username'

2018-10-12 13:43:56 - [TEST_STEP][PASSED] - setText: Text '123123' is set on object 'Object Repository/Backoffice/Clients/Registration/input_password'

2018-10-12 13:43:56 - [MESSAGE][PASSED] - Text '123123' is set on object 'Object Repository/Backoffice/Clients/Registration/input_password'

2018-10-12 13:43:56 - [TEST_STEP][PASSED] - setText: Text '123123' is set on object 'Object Repository/Backoffice/Clients/Registration/input_confirmp'

2018-10-12 13:43:56 - [MESSAGE][PASSED] - Text '123123' is set on object 'Object Repository/Backoffice/Clients/Registration/input_confirmp'

2018-10-12 13:43:56 - [TEST_STEP][PASSED] - selectOptionByValue: All options with value 'test' are selected in object 'Object Repository/Backoffice/Clients/Registration/select_operatorcode' 

2018-10-12 13:43:56 - [MESSAGE][PASSED] - All options with value 'test' are selected in object 'Object Repository/Backoffice/Clients/Registration/select_operatorcode' 

2018-10-12 13:43:56 - [TEST_STEP][PASSED] - selectOptionByValue: All options with value '1' are selected in object 'Object Repository/Backoffice/Clients/Registration/select_status' 

2018-10-12 13:43:56 - [MESSAGE][PASSED] - All options with value '1' are selected in object 'Object Repository/Backoffice/Clients/Registration/select_status' 

2018-10-12 13:43:56 - [TEST_STEP][PASSED] - delay: Delayed 2 second(s)

2018-10-12 13:43:58 - [MESSAGE][PASSED] - Delayed 2 second(s)

2018-10-12 13:43:58 - [TEST_STEP][PASSED] - click: Object: 'Object Repository/Backoffice/Clients/Registration/button_Submit' is clicked on

2018-10-12 13:43:59 - [MESSAGE][PASSED] - Object: 'Object Repository/Backoffice/Clients/Registration/button_Submit' is clicked on

2018-10-12 13:43:59 - [TEST_STEP][PASSED] - delay: Delayed 2 second(s)

2018-10-12 13:44:01 - [MESSAGE][PASSED] - Delayed 2 second(s)]]></system-out>
         <system-err><![CDATA[]]></system-err>
      </testcase>
      <testcase name="Test Cases/Backoffice/RegisterAccount" classname="Test Cases/Backoffice/RegisterAccount" status="PASSED">
         <system-out><![CDATA[2018-10-12 13:44:01 - [TEST_CASE][PASSED] - Test Cases/Backoffice/RegisterAccount: Test Cases/Backoffice/RegisterAccount

2018-10-12 13:44:01 - [TEST_STEP][PASSED] - focus: Object: 'Object Repository/Backoffice/Clients/Clients' is focused

2018-10-12 13:44:01 - [MESSAGE][PASSED] - Object: 'Object Repository/Backoffice/Clients/Clients' is focused

2018-10-12 13:44:01 - [TEST_STEP][PASSED] - verifyElementPresent: Object 'Object Repository/Backoffice/Clients/Client Registration' is present

2018-10-12 13:44:01 - [MESSAGE][PASSED] - Object 'Object Repository/Backoffice/Clients/Client Registration' is present

2018-10-12 13:44:01 - [TEST_STEP][PASSED] - click: Object: 'Object Repository/Backoffice/Clients/Client Registration' is clicked on

2018-10-12 13:44:02 - [MESSAGE][PASSED] - Object: 'Object Repository/Backoffice/Clients/Client Registration' is clicked on

2018-10-12 13:44:02 - [TEST_STEP][PASSED] - setText: Text 'gregariousghast' is set on object 'Object Repository/Backoffice/Clients/Registration/input_username'

2018-10-12 13:44:02 - [MESSAGE][PASSED] - Text 'gregariousghast' is set on object 'Object Repository/Backoffice/Clients/Registration/input_username'

2018-10-12 13:44:02 - [TEST_STEP][PASSED] - setText: Text '123123' is set on object 'Object Repository/Backoffice/Clients/Registration/input_password'

2018-10-12 13:44:02 - [MESSAGE][PASSED] - Text '123123' is set on object 'Object Repository/Backoffice/Clients/Registration/input_password'

2018-10-12 13:44:02 - [TEST_STEP][PASSED] - setText: Text '123123' is set on object 'Object Repository/Backoffice/Clients/Registration/input_confirmp'

2018-10-12 13:44:02 - [MESSAGE][PASSED] - Text '123123' is set on object 'Object Repository/Backoffice/Clients/Registration/input_confirmp'

2018-10-12 13:44:02 - [TEST_STEP][PASSED] - selectOptionByValue: All options with value 'test' are selected in object 'Object Repository/Backoffice/Clients/Registration/select_operatorcode' 

2018-10-12 13:44:02 - [MESSAGE][PASSED] - All options with value 'test' are selected in object 'Object Repository/Backoffice/Clients/Registration/select_operatorcode' 

2018-10-12 13:44:02 - [TEST_STEP][PASSED] - selectOptionByValue: All options with value '1' are selected in object 'Object Repository/Backoffice/Clients/Registration/select_status' 

2018-10-12 13:44:02 - [MESSAGE][PASSED] - All options with value '1' are selected in object 'Object Repository/Backoffice/Clients/Registration/select_status' 

2018-10-12 13:44:02 - [TEST_STEP][PASSED] - delay: Delayed 2 second(s)

2018-10-12 13:44:04 - [MESSAGE][PASSED] - Delayed 2 second(s)

2018-10-12 13:44:04 - [TEST_STEP][PASSED] - click: Object: 'Object Repository/Backoffice/Clients/Registration/button_Submit' is clicked on

2018-10-12 13:44:05 - [MESSAGE][PASSED] - Object: 'Object Repository/Backoffice/Clients/Registration/button_Submit' is clicked on

2018-10-12 13:44:05 - [TEST_STEP][PASSED] - delay: Delayed 2 second(s)

2018-10-12 13:44:07 - [MESSAGE][PASSED] - Delayed 2 second(s)]]></system-out>
         <system-err><![CDATA[]]></system-err>
      </testcase>
      <testcase name="Test Cases/Backoffice/RegisterAccount" classname="Test Cases/Backoffice/RegisterAccount" status="PASSED">
         <system-out><![CDATA[2018-10-12 13:44:07 - [TEST_CASE][PASSED] - Test Cases/Backoffice/RegisterAccount: Test Cases/Backoffice/RegisterAccount

2018-10-12 13:44:07 - [TEST_STEP][PASSED] - focus: Object: 'Object Repository/Backoffice/Clients/Clients' is focused

2018-10-12 13:44:07 - [MESSAGE][PASSED] - Object: 'Object Repository/Backoffice/Clients/Clients' is focused

2018-10-12 13:44:07 - [TEST_STEP][PASSED] - verifyElementPresent: Object 'Object Repository/Backoffice/Clients/Client Registration' is present

2018-10-12 13:44:07 - [MESSAGE][PASSED] - Object 'Object Repository/Backoffice/Clients/Client Registration' is present

2018-10-12 13:44:07 - [TEST_STEP][PASSED] - click: Object: 'Object Repository/Backoffice/Clients/Client Registration' is clicked on

2018-10-12 13:44:08 - [MESSAGE][PASSED] - Object: 'Object Repository/Backoffice/Clients/Client Registration' is clicked on

2018-10-12 13:44:08 - [TEST_STEP][PASSED] - setText: Text 'gametegreasy' is set on object 'Object Repository/Backoffice/Clients/Registration/input_username'

2018-10-12 13:44:08 - [MESSAGE][PASSED] - Text 'gametegreasy' is set on object 'Object Repository/Backoffice/Clients/Registration/input_username'

2018-10-12 13:44:08 - [TEST_STEP][PASSED] - setText: Text '123123' is set on object 'Object Repository/Backoffice/Clients/Registration/input_password'

2018-10-12 13:44:08 - [MESSAGE][PASSED] - Text '123123' is set on object 'Object Repository/Backoffice/Clients/Registration/input_password'

2018-10-12 13:44:08 - [TEST_STEP][PASSED] - setText: Text '123123' is set on object 'Object Repository/Backoffice/Clients/Registration/input_confirmp'

2018-10-12 13:44:08 - [MESSAGE][PASSED] - Text '123123' is set on object 'Object Repository/Backoffice/Clients/Registration/input_confirmp'

2018-10-12 13:44:08 - [TEST_STEP][PASSED] - selectOptionByValue: All options with value 'test' are selected in object 'Object Repository/Backoffice/Clients/Registration/select_operatorcode' 

2018-10-12 13:44:08 - [MESSAGE][PASSED] - All options with value 'test' are selected in object 'Object Repository/Backoffice/Clients/Registration/select_operatorcode' 

2018-10-12 13:44:08 - [TEST_STEP][PASSED] - selectOptionByValue: All options with value '1' are selected in object 'Object Repository/Backoffice/Clients/Registration/select_status' 

2018-10-12 13:44:08 - [MESSAGE][PASSED] - All options with value '1' are selected in object 'Object Repository/Backoffice/Clients/Registration/select_status' 

2018-10-12 13:44:08 - [TEST_STEP][PASSED] - delay: Delayed 2 second(s)

2018-10-12 13:44:10 - [MESSAGE][PASSED] - Delayed 2 second(s)

2018-10-12 13:44:10 - [TEST_STEP][PASSED] - click: Object: 'Object Repository/Backoffice/Clients/Registration/button_Submit' is clicked on

2018-10-12 13:44:11 - [MESSAGE][PASSED] - Object: 'Object Repository/Backoffice/Clients/Registration/button_Submit' is clicked on

2018-10-12 13:44:11 - [TEST_STEP][PASSED] - delay: Delayed 2 second(s)

2018-10-12 13:44:13 - [MESSAGE][PASSED] - Delayed 2 second(s)]]></system-out>
         <system-err><![CDATA[]]></system-err>
      </testcase>
      <testcase name="Test Cases/Backoffice/RegisterAccount" classname="Test Cases/Backoffice/RegisterAccount" status="PASSED">
         <system-out><![CDATA[2018-10-12 13:44:13 - [TEST_CASE][PASSED] - Test Cases/Backoffice/RegisterAccount: Test Cases/Backoffice/RegisterAccount

2018-10-12 13:44:13 - [TEST_STEP][PASSED] - focus: Object: 'Object Repository/Backoffice/Clients/Clients' is focused

2018-10-12 13:44:13 - [MESSAGE][PASSED] - Object: 'Object Repository/Backoffice/Clients/Clients' is focused

2018-10-12 13:44:13 - [TEST_STEP][PASSED] - verifyElementPresent: Object 'Object Repository/Backoffice/Clients/Client Registration' is present

2018-10-12 13:44:13 - [MESSAGE][PASSED] - Object 'Object Repository/Backoffice/Clients/Client Registration' is present

2018-10-12 13:44:13 - [TEST_STEP][PASSED] - click: Object: 'Object Repository/Backoffice/Clients/Client Registration' is clicked on

2018-10-12 13:44:14 - [MESSAGE][PASSED] - Object: 'Object Repository/Backoffice/Clients/Client Registration' is clicked on

2018-10-12 13:44:14 - [TEST_STEP][PASSED] - setText: Text 'geargable' is set on object 'Object Repository/Backoffice/Clients/Registration/input_username'

2018-10-12 13:44:14 - [MESSAGE][PASSED] - Text 'geargable' is set on object 'Object Repository/Backoffice/Clients/Registration/input_username'

2018-10-12 13:44:14 - [TEST_STEP][PASSED] - setText: Text '123123' is set on object 'Object Repository/Backoffice/Clients/Registration/input_password'

2018-10-12 13:44:14 - [MESSAGE][PASSED] - Text '123123' is set on object 'Object Repository/Backoffice/Clients/Registration/input_password'

2018-10-12 13:44:14 - [TEST_STEP][PASSED] - setText: Text '123123' is set on object 'Object Repository/Backoffice/Clients/Registration/input_confirmp'

2018-10-12 13:44:14 - [MESSAGE][PASSED] - Text '123123' is set on object 'Object Repository/Backoffice/Clients/Registration/input_confirmp'

2018-10-12 13:44:14 - [TEST_STEP][PASSED] - selectOptionByValue: All options with value 'test' are selected in object 'Object Repository/Backoffice/Clients/Registration/select_operatorcode' 

2018-10-12 13:44:14 - [MESSAGE][PASSED] - All options with value 'test' are selected in object 'Object Repository/Backoffice/Clients/Registration/select_operatorcode' 

2018-10-12 13:44:14 - [TEST_STEP][PASSED] - selectOptionByValue: All options with value '1' are selected in object 'Object Repository/Backoffice/Clients/Registration/select_status' 

2018-10-12 13:44:14 - [MESSAGE][PASSED] - All options with value '1' are selected in object 'Object Repository/Backoffice/Clients/Registration/select_status' 

2018-10-12 13:44:14 - [TEST_STEP][PASSED] - delay: Delayed 2 second(s)

2018-10-12 13:44:16 - [MESSAGE][PASSED] - Delayed 2 second(s)

2018-10-12 13:44:16 - [TEST_STEP][PASSED] - click: Object: 'Object Repository/Backoffice/Clients/Registration/button_Submit' is clicked on

2018-10-12 13:44:17 - [MESSAGE][PASSED] - Object: 'Object Repository/Backoffice/Clients/Registration/button_Submit' is clicked on

2018-10-12 13:44:17 - [TEST_STEP][PASSED] - delay: Delayed 2 second(s)

2018-10-12 13:44:19 - [MESSAGE][PASSED] - Delayed 2 second(s)]]></system-out>
         <system-err><![CDATA[]]></system-err>
      </testcase>
      <testcase name="Test Cases/Backoffice/RegisterAccount" classname="Test Cases/Backoffice/RegisterAccount" status="PASSED">
         <system-out><![CDATA[2018-10-12 13:44:19 - [TEST_CASE][PASSED] - Test Cases/Backoffice/RegisterAccount: Test Cases/Backoffice/RegisterAccount

2018-10-12 13:44:19 - [TEST_STEP][PASSED] - focus: Object: 'Object Repository/Backoffice/Clients/Clients' is focused

2018-10-12 13:44:19 - [MESSAGE][PASSED] - Object: 'Object Repository/Backoffice/Clients/Clients' is focused

2018-10-12 13:44:19 - [TEST_STEP][PASSED] - verifyElementPresent: Object 'Object Repository/Backoffice/Clients/Client Registration' is present

2018-10-12 13:44:19 - [MESSAGE][PASSED] - Object 'Object Repository/Backoffice/Clients/Client Registration' is present

2018-10-12 13:44:19 - [TEST_STEP][PASSED] - click: Object: 'Object Repository/Backoffice/Clients/Client Registration' is clicked on

2018-10-12 13:44:20 - [MESSAGE][PASSED] - Object: 'Object Repository/Backoffice/Clients/Client Registration' is clicked on

2018-10-12 13:44:20 - [TEST_STEP][PASSED] - setText: Text 'gapgolfing' is set on object 'Object Repository/Backoffice/Clients/Registration/input_username'

2018-10-12 13:44:20 - [MESSAGE][PASSED] - Text 'gapgolfing' is set on object 'Object Repository/Backoffice/Clients/Registration/input_username'

2018-10-12 13:44:20 - [TEST_STEP][PASSED] - setText: Text '123123' is set on object 'Object Repository/Backoffice/Clients/Registration/input_password'

2018-10-12 13:44:20 - [MESSAGE][PASSED] - Text '123123' is set on object 'Object Repository/Backoffice/Clients/Registration/input_password'

2018-10-12 13:44:20 - [TEST_STEP][PASSED] - setText: Text '123123' is set on object 'Object Repository/Backoffice/Clients/Registration/input_confirmp'

2018-10-12 13:44:20 - [MESSAGE][PASSED] - Text '123123' is set on object 'Object Repository/Backoffice/Clients/Registration/input_confirmp'

2018-10-12 13:44:20 - [TEST_STEP][PASSED] - selectOptionByValue: All options with value 'test' are selected in object 'Object Repository/Backoffice/Clients/Registration/select_operatorcode' 

2018-10-12 13:44:20 - [MESSAGE][PASSED] - All options with value 'test' are selected in object 'Object Repository/Backoffice/Clients/Registration/select_operatorcode' 

2018-10-12 13:44:20 - [TEST_STEP][PASSED] - selectOptionByValue: All options with value '1' are selected in object 'Object Repository/Backoffice/Clients/Registration/select_status' 

2018-10-12 13:44:20 - [MESSAGE][PASSED] - All options with value '1' are selected in object 'Object Repository/Backoffice/Clients/Registration/select_status' 

2018-10-12 13:44:20 - [TEST_STEP][PASSED] - delay: Delayed 2 second(s)

2018-10-12 13:44:22 - [MESSAGE][PASSED] - Delayed 2 second(s)

2018-10-12 13:44:22 - [TEST_STEP][PASSED] - click: Object: 'Object Repository/Backoffice/Clients/Registration/button_Submit' is clicked on

2018-10-12 13:44:23 - [MESSAGE][PASSED] - Object: 'Object Repository/Backoffice/Clients/Registration/button_Submit' is clicked on

2018-10-12 13:44:23 - [TEST_STEP][PASSED] - delay: Delayed 2 second(s)

2018-10-12 13:44:25 - [MESSAGE][PASSED] - Delayed 2 second(s)]]></system-out>
         <system-err><![CDATA[]]></system-err>
      </testcase>
      <testcase name="Test Cases/Backoffice/RegisterAccount" classname="Test Cases/Backoffice/RegisterAccount" status="PASSED">
         <system-out><![CDATA[2018-10-12 13:44:25 - [TEST_CASE][PASSED] - Test Cases/Backoffice/RegisterAccount: Test Cases/Backoffice/RegisterAccount

2018-10-12 13:44:25 - [TEST_STEP][PASSED] - focus: Object: 'Object Repository/Backoffice/Clients/Clients' is focused

2018-10-12 13:44:25 - [MESSAGE][PASSED] - Object: 'Object Repository/Backoffice/Clients/Clients' is focused

2018-10-12 13:44:25 - [TEST_STEP][PASSED] - verifyElementPresent: Object 'Object Repository/Backoffice/Clients/Client Registration' is present

2018-10-12 13:44:25 - [MESSAGE][PASSED] - Object 'Object Repository/Backoffice/Clients/Client Registration' is present

2018-10-12 13:44:25 - [TEST_STEP][PASSED] - click: Object: 'Object Repository/Backoffice/Clients/Client Registration' is clicked on

2018-10-12 13:44:26 - [MESSAGE][PASSED] - Object: 'Object Repository/Backoffice/Clients/Client Registration' is clicked on

2018-10-12 13:44:26 - [TEST_STEP][PASSED] - setText: Text 'greetgerm' is set on object 'Object Repository/Backoffice/Clients/Registration/input_username'

2018-10-12 13:44:26 - [MESSAGE][PASSED] - Text 'greetgerm' is set on object 'Object Repository/Backoffice/Clients/Registration/input_username'

2018-10-12 13:44:26 - [TEST_STEP][PASSED] - setText: Text '123123' is set on object 'Object Repository/Backoffice/Clients/Registration/input_password'

2018-10-12 13:44:26 - [MESSAGE][PASSED] - Text '123123' is set on object 'Object Repository/Backoffice/Clients/Registration/input_password'

2018-10-12 13:44:26 - [TEST_STEP][PASSED] - setText: Text '123123' is set on object 'Object Repository/Backoffice/Clients/Registration/input_confirmp'

2018-10-12 13:44:26 - [MESSAGE][PASSED] - Text '123123' is set on object 'Object Repository/Backoffice/Clients/Registration/input_confirmp'

2018-10-12 13:44:26 - [TEST_STEP][PASSED] - selectOptionByValue: All options with value 'test' are selected in object 'Object Repository/Backoffice/Clients/Registration/select_operatorcode' 

2018-10-12 13:44:26 - [MESSAGE][PASSED] - All options with value 'test' are selected in object 'Object Repository/Backoffice/Clients/Registration/select_operatorcode' 

2018-10-12 13:44:26 - [TEST_STEP][PASSED] - selectOptionByValue: All options with value '1' are selected in object 'Object Repository/Backoffice/Clients/Registration/select_status' 

2018-10-12 13:44:26 - [MESSAGE][PASSED] - All options with value '1' are selected in object 'Object Repository/Backoffice/Clients/Registration/select_status' 

2018-10-12 13:44:26 - [TEST_STEP][PASSED] - delay: Delayed 2 second(s)

2018-10-12 13:44:28 - [MESSAGE][PASSED] - Delayed 2 second(s)

2018-10-12 13:44:28 - [TEST_STEP][PASSED] - click: Object: 'Object Repository/Backoffice/Clients/Registration/button_Submit' is clicked on

2018-10-12 13:44:29 - [MESSAGE][PASSED] - Object: 'Object Repository/Backoffice/Clients/Registration/button_Submit' is clicked on

2018-10-12 13:44:29 - [TEST_STEP][PASSED] - delay: Delayed 2 second(s)

2018-10-12 13:44:31 - [MESSAGE][PASSED] - Delayed 2 second(s)]]></system-out>
         <system-err><![CDATA[]]></system-err>
      </testcase>
      <testcase name="Test Cases/Backoffice/RegisterAccount" classname="Test Cases/Backoffice/RegisterAccount" status="PASSED">
         <system-out><![CDATA[2018-10-12 13:44:31 - [TEST_CASE][PASSED] - Test Cases/Backoffice/RegisterAccount: Test Cases/Backoffice/RegisterAccount

2018-10-12 13:44:31 - [TEST_STEP][PASSED] - focus: Object: 'Object Repository/Backoffice/Clients/Clients' is focused

2018-10-12 13:44:31 - [MESSAGE][PASSED] - Object: 'Object Repository/Backoffice/Clients/Clients' is focused

2018-10-12 13:44:31 - [TEST_STEP][PASSED] - verifyElementPresent: Object 'Object Repository/Backoffice/Clients/Client Registration' is present

2018-10-12 13:44:31 - [MESSAGE][PASSED] - Object 'Object Repository/Backoffice/Clients/Client Registration' is present

2018-10-12 13:44:31 - [TEST_STEP][PASSED] - click: Object: 'Object Repository/Backoffice/Clients/Client Registration' is clicked on

2018-10-12 13:44:32 - [MESSAGE][PASSED] - Object: 'Object Repository/Backoffice/Clients/Client Registration' is clicked on

2018-10-12 13:44:32 - [TEST_STEP][PASSED] - setText: Text 'groppygem' is set on object 'Object Repository/Backoffice/Clients/Registration/input_username'

2018-10-12 13:44:32 - [MESSAGE][PASSED] - Text 'groppygem' is set on object 'Object Repository/Backoffice/Clients/Registration/input_username'

2018-10-12 13:44:32 - [TEST_STEP][PASSED] - setText: Text '123123' is set on object 'Object Repository/Backoffice/Clients/Registration/input_password'

2018-10-12 13:44:32 - [MESSAGE][PASSED] - Text '123123' is set on object 'Object Repository/Backoffice/Clients/Registration/input_password'

2018-10-12 13:44:32 - [TEST_STEP][PASSED] - setText: Text '123123' is set on object 'Object Repository/Backoffice/Clients/Registration/input_confirmp'

2018-10-12 13:44:32 - [MESSAGE][PASSED] - Text '123123' is set on object 'Object Repository/Backoffice/Clients/Registration/input_confirmp'

2018-10-12 13:44:32 - [TEST_STEP][PASSED] - selectOptionByValue: All options with value 'test' are selected in object 'Object Repository/Backoffice/Clients/Registration/select_operatorcode' 

2018-10-12 13:44:32 - [MESSAGE][PASSED] - All options with value 'test' are selected in object 'Object Repository/Backoffice/Clients/Registration/select_operatorcode' 

2018-10-12 13:44:32 - [TEST_STEP][PASSED] - selectOptionByValue: All options with value '1' are selected in object 'Object Repository/Backoffice/Clients/Registration/select_status' 

2018-10-12 13:44:32 - [MESSAGE][PASSED] - All options with value '1' are selected in object 'Object Repository/Backoffice/Clients/Registration/select_status' 

2018-10-12 13:44:32 - [TEST_STEP][PASSED] - delay: Delayed 2 second(s)

2018-10-12 13:44:34 - [MESSAGE][PASSED] - Delayed 2 second(s)

2018-10-12 13:44:34 - [TEST_STEP][PASSED] - click: Object: 'Object Repository/Backoffice/Clients/Registration/button_Submit' is clicked on

2018-10-12 13:44:35 - [MESSAGE][PASSED] - Object: 'Object Repository/Backoffice/Clients/Registration/button_Submit' is clicked on

2018-10-12 13:44:35 - [TEST_STEP][PASSED] - delay: Delayed 2 second(s)

2018-10-12 13:44:37 - [MESSAGE][PASSED] - Delayed 2 second(s)]]></system-out>
         <system-err><![CDATA[]]></system-err>
      </testcase>
      <testcase name="Test Cases/Backoffice/RegisterAccount" classname="Test Cases/Backoffice/RegisterAccount" status="PASSED">
         <system-out><![CDATA[2018-10-12 13:44:37 - [TEST_CASE][PASSED] - Test Cases/Backoffice/RegisterAccount: Test Cases/Backoffice/RegisterAccount

2018-10-12 13:44:37 - [TEST_STEP][PASSED] - focus: Object: 'Object Repository/Backoffice/Clients/Clients' is focused

2018-10-12 13:44:37 - [MESSAGE][PASSED] - Object: 'Object Repository/Backoffice/Clients/Clients' is focused

2018-10-12 13:44:37 - [TEST_STEP][PASSED] - verifyElementPresent: Object 'Object Repository/Backoffice/Clients/Client Registration' is present

2018-10-12 13:44:37 - [MESSAGE][PASSED] - Object 'Object Repository/Backoffice/Clients/Client Registration' is present

2018-10-12 13:44:37 - [TEST_STEP][PASSED] - click: Object: 'Object Repository/Backoffice/Clients/Client Registration' is clicked on

2018-10-12 13:44:38 - [MESSAGE][PASSED] - Object: 'Object Repository/Backoffice/Clients/Client Registration' is clicked on

2018-10-12 13:44:38 - [TEST_STEP][PASSED] - setText: Text 'gromengrizzled' is set on object 'Object Repository/Backoffice/Clients/Registration/input_username'

2018-10-12 13:44:38 - [MESSAGE][PASSED] - Text 'gromengrizzled' is set on object 'Object Repository/Backoffice/Clients/Registration/input_username'

2018-10-12 13:44:38 - [TEST_STEP][PASSED] - setText: Text '123123' is set on object 'Object Repository/Backoffice/Clients/Registration/input_password'

2018-10-12 13:44:38 - [MESSAGE][PASSED] - Text '123123' is set on object 'Object Repository/Backoffice/Clients/Registration/input_password'

2018-10-12 13:44:38 - [TEST_STEP][PASSED] - setText: Text '123123' is set on object 'Object Repository/Backoffice/Clients/Registration/input_confirmp'

2018-10-12 13:44:38 - [MESSAGE][PASSED] - Text '123123' is set on object 'Object Repository/Backoffice/Clients/Registration/input_confirmp'

2018-10-12 13:44:38 - [TEST_STEP][PASSED] - selectOptionByValue: All options with value 'test' are selected in object 'Object Repository/Backoffice/Clients/Registration/select_operatorcode' 

2018-10-12 13:44:38 - [MESSAGE][PASSED] - All options with value 'test' are selected in object 'Object Repository/Backoffice/Clients/Registration/select_operatorcode' 

2018-10-12 13:44:38 - [TEST_STEP][PASSED] - selectOptionByValue: All options with value '1' are selected in object 'Object Repository/Backoffice/Clients/Registration/select_status' 

2018-10-12 13:44:38 - [MESSAGE][PASSED] - All options with value '1' are selected in object 'Object Repository/Backoffice/Clients/Registration/select_status' 

2018-10-12 13:44:38 - [TEST_STEP][PASSED] - delay: Delayed 2 second(s)

2018-10-12 13:44:40 - [MESSAGE][PASSED] - Delayed 2 second(s)

2018-10-12 13:44:40 - [TEST_STEP][PASSED] - click: Object: 'Object Repository/Backoffice/Clients/Registration/button_Submit' is clicked on

2018-10-12 13:44:41 - [MESSAGE][PASSED] - Object: 'Object Repository/Backoffice/Clients/Registration/button_Submit' is clicked on

2018-10-12 13:44:41 - [TEST_STEP][PASSED] - delay: Delayed 2 second(s)

2018-10-12 13:44:43 - [MESSAGE][PASSED] - Delayed 2 second(s)]]></system-out>
         <system-err><![CDATA[]]></system-err>
      </testcase>
      <testcase name="Test Cases/Backoffice/RegisterAccount" classname="Test Cases/Backoffice/RegisterAccount" status="PASSED">
         <system-out><![CDATA[2018-10-12 13:44:43 - [TEST_CASE][PASSED] - Test Cases/Backoffice/RegisterAccount: Test Cases/Backoffice/RegisterAccount

2018-10-12 13:44:43 - [TEST_STEP][PASSED] - focus: Object: 'Object Repository/Backoffice/Clients/Clients' is focused

2018-10-12 13:44:43 - [MESSAGE][PASSED] - Object: 'Object Repository/Backoffice/Clients/Clients' is focused

2018-10-12 13:44:43 - [TEST_STEP][PASSED] - verifyElementPresent: Object 'Object Repository/Backoffice/Clients/Client Registration' is present

2018-10-12 13:44:43 - [MESSAGE][PASSED] - Object 'Object Repository/Backoffice/Clients/Client Registration' is present

2018-10-12 13:44:43 - [TEST_STEP][PASSED] - click: Object: 'Object Repository/Backoffice/Clients/Client Registration' is clicked on

2018-10-12 13:44:44 - [MESSAGE][PASSED] - Object: 'Object Repository/Backoffice/Clients/Client Registration' is clicked on

2018-10-12 13:44:44 - [TEST_STEP][PASSED] - setText: Text 'grabgeiger' is set on object 'Object Repository/Backoffice/Clients/Registration/input_username'

2018-10-12 13:44:44 - [MESSAGE][PASSED] - Text 'grabgeiger' is set on object 'Object Repository/Backoffice/Clients/Registration/input_username'

2018-10-12 13:44:44 - [TEST_STEP][PASSED] - setText: Text '123123' is set on object 'Object Repository/Backoffice/Clients/Registration/input_password'

2018-10-12 13:44:44 - [MESSAGE][PASSED] - Text '123123' is set on object 'Object Repository/Backoffice/Clients/Registration/input_password'

2018-10-12 13:44:44 - [TEST_STEP][PASSED] - setText: Text '123123' is set on object 'Object Repository/Backoffice/Clients/Registration/input_confirmp'

2018-10-12 13:44:44 - [MESSAGE][PASSED] - Text '123123' is set on object 'Object Repository/Backoffice/Clients/Registration/input_confirmp'

2018-10-12 13:44:44 - [TEST_STEP][PASSED] - selectOptionByValue: All options with value 'test' are selected in object 'Object Repository/Backoffice/Clients/Registration/select_operatorcode' 

2018-10-12 13:44:44 - [MESSAGE][PASSED] - All options with value 'test' are selected in object 'Object Repository/Backoffice/Clients/Registration/select_operatorcode' 

2018-10-12 13:44:44 - [TEST_STEP][PASSED] - selectOptionByValue: All options with value '1' are selected in object 'Object Repository/Backoffice/Clients/Registration/select_status' 

2018-10-12 13:44:45 - [MESSAGE][PASSED] - All options with value '1' are selected in object 'Object Repository/Backoffice/Clients/Registration/select_status' 

2018-10-12 13:44:45 - [TEST_STEP][PASSED] - delay: Delayed 2 second(s)

2018-10-12 13:44:47 - [MESSAGE][PASSED] - Delayed 2 second(s)

2018-10-12 13:44:47 - [TEST_STEP][PASSED] - click: Object: 'Object Repository/Backoffice/Clients/Registration/button_Submit' is clicked on

2018-10-12 13:44:48 - [MESSAGE][PASSED] - Object: 'Object Repository/Backoffice/Clients/Registration/button_Submit' is clicked on

2018-10-12 13:44:48 - [TEST_STEP][PASSED] - delay: Delayed 2 second(s)

2018-10-12 13:44:50 - [MESSAGE][PASSED] - Delayed 2 second(s)]]></system-out>
         <system-err><![CDATA[]]></system-err>
      </testcase>
      <testcase name="Test Cases/Backoffice/RegisterAccount" classname="Test Cases/Backoffice/RegisterAccount" status="PASSED">
         <system-out><![CDATA[2018-10-12 13:44:50 - [TEST_CASE][PASSED] - Test Cases/Backoffice/RegisterAccount: Test Cases/Backoffice/RegisterAccount

2018-10-12 13:44:50 - [TEST_STEP][PASSED] - focus: Object: 'Object Repository/Backoffice/Clients/Clients' is focused

2018-10-12 13:44:50 - [MESSAGE][PASSED] - Object: 'Object Repository/Backoffice/Clients/Clients' is focused

2018-10-12 13:44:50 - [TEST_STEP][PASSED] - verifyElementPresent: Object 'Object Repository/Backoffice/Clients/Client Registration' is present

2018-10-12 13:44:50 - [MESSAGE][PASSED] - Object 'Object Repository/Backoffice/Clients/Client Registration' is present

2018-10-12 13:44:50 - [TEST_STEP][PASSED] - click: Object: 'Object Repository/Backoffice/Clients/Client Registration' is clicked on

2018-10-12 13:44:51 - [MESSAGE][PASSED] - Object: 'Object Repository/Backoffice/Clients/Client Registration' is clicked on

2018-10-12 13:44:51 - [TEST_STEP][PASSED] - setText: Text 'glitchglark' is set on object 'Object Repository/Backoffice/Clients/Registration/input_username'

2018-10-12 13:44:51 - [MESSAGE][PASSED] - Text 'glitchglark' is set on object 'Object Repository/Backoffice/Clients/Registration/input_username'

2018-10-12 13:44:51 - [TEST_STEP][PASSED] - setText: Text '123123' is set on object 'Object Repository/Backoffice/Clients/Registration/input_password'

2018-10-12 13:44:51 - [MESSAGE][PASSED] - Text '123123' is set on object 'Object Repository/Backoffice/Clients/Registration/input_password'

2018-10-12 13:44:51 - [TEST_STEP][PASSED] - setText: Text '123123' is set on object 'Object Repository/Backoffice/Clients/Registration/input_confirmp'

2018-10-12 13:44:51 - [MESSAGE][PASSED] - Text '123123' is set on object 'Object Repository/Backoffice/Clients/Registration/input_confirmp'

2018-10-12 13:44:51 - [TEST_STEP][PASSED] - selectOptionByValue: All options with value 'test' are selected in object 'Object Repository/Backoffice/Clients/Registration/select_operatorcode' 

2018-10-12 13:44:51 - [MESSAGE][PASSED] - All options with value 'test' are selected in object 'Object Repository/Backoffice/Clients/Registration/select_operatorcode' 

2018-10-12 13:44:51 - [TEST_STEP][PASSED] - selectOptionByValue: All options with value '1' are selected in object 'Object Repository/Backoffice/Clients/Registration/select_status' 

2018-10-12 13:44:51 - [MESSAGE][PASSED] - All options with value '1' are selected in object 'Object Repository/Backoffice/Clients/Registration/select_status' 

2018-10-12 13:44:51 - [TEST_STEP][PASSED] - delay: Delayed 2 second(s)

2018-10-12 13:44:53 - [MESSAGE][PASSED] - Delayed 2 second(s)

2018-10-12 13:44:53 - [TEST_STEP][PASSED] - click: Object: 'Object Repository/Backoffice/Clients/Registration/button_Submit' is clicked on

2018-10-12 13:44:54 - [MESSAGE][PASSED] - Object: 'Object Repository/Backoffice/Clients/Registration/button_Submit' is clicked on

2018-10-12 13:44:54 - [TEST_STEP][PASSED] - delay: Delayed 2 second(s)

2018-10-12 13:44:56 - [MESSAGE][PASSED] - Delayed 2 second(s)]]></system-out>
         <system-err><![CDATA[]]></system-err>
      </testcase>
      <testcase name="Test Cases/Backoffice/RegisterAccount" classname="Test Cases/Backoffice/RegisterAccount" status="PASSED">
         <system-out><![CDATA[2018-10-12 13:44:56 - [TEST_CASE][PASSED] - Test Cases/Backoffice/RegisterAccount: Test Cases/Backoffice/RegisterAccount

2018-10-12 13:44:56 - [TEST_STEP][PASSED] - focus: Object: 'Object Repository/Backoffice/Clients/Clients' is focused

2018-10-12 13:44:56 - [MESSAGE][PASSED] - Object: 'Object Repository/Backoffice/Clients/Clients' is focused

2018-10-12 13:44:56 - [TEST_STEP][PASSED] - verifyElementPresent: Object 'Object Repository/Backoffice/Clients/Client Registration' is present

2018-10-12 13:44:56 - [MESSAGE][PASSED] - Object 'Object Repository/Backoffice/Clients/Client Registration' is present

2018-10-12 13:44:56 - [TEST_STEP][PASSED] - click: Object: 'Object Repository/Backoffice/Clients/Client Registration' is clicked on

2018-10-12 13:44:57 - [MESSAGE][PASSED] - Object: 'Object Repository/Backoffice/Clients/Client Registration' is clicked on

2018-10-12 13:44:57 - [TEST_STEP][PASSED] - setText: Text 'househygienist' is set on object 'Object Repository/Backoffice/Clients/Registration/input_username'

2018-10-12 13:44:57 - [MESSAGE][PASSED] - Text 'househygienist' is set on object 'Object Repository/Backoffice/Clients/Registration/input_username'

2018-10-12 13:44:57 - [TEST_STEP][PASSED] - setText: Text '123123' is set on object 'Object Repository/Backoffice/Clients/Registration/input_password'

2018-10-12 13:44:57 - [MESSAGE][PASSED] - Text '123123' is set on object 'Object Repository/Backoffice/Clients/Registration/input_password'

2018-10-12 13:44:57 - [TEST_STEP][PASSED] - setText: Text '123123' is set on object 'Object Repository/Backoffice/Clients/Registration/input_confirmp'

2018-10-12 13:44:57 - [MESSAGE][PASSED] - Text '123123' is set on object 'Object Repository/Backoffice/Clients/Registration/input_confirmp'

2018-10-12 13:44:57 - [TEST_STEP][PASSED] - selectOptionByValue: All options with value 'test' are selected in object 'Object Repository/Backoffice/Clients/Registration/select_operatorcode' 

2018-10-12 13:44:57 - [MESSAGE][PASSED] - All options with value 'test' are selected in object 'Object Repository/Backoffice/Clients/Registration/select_operatorcode' 

2018-10-12 13:44:57 - [TEST_STEP][PASSED] - selectOptionByValue: All options with value '1' are selected in object 'Object Repository/Backoffice/Clients/Registration/select_status' 

2018-10-12 13:44:57 - [MESSAGE][PASSED] - All options with value '1' are selected in object 'Object Repository/Backoffice/Clients/Registration/select_status' 

2018-10-12 13:44:57 - [TEST_STEP][PASSED] - delay: Delayed 2 second(s)

2018-10-12 13:44:59 - [MESSAGE][PASSED] - Delayed 2 second(s)

2018-10-12 13:44:59 - [TEST_STEP][PASSED] - click: Object: 'Object Repository/Backoffice/Clients/Registration/button_Submit' is clicked on

2018-10-12 13:45:00 - [MESSAGE][PASSED] - Object: 'Object Repository/Backoffice/Clients/Registration/button_Submit' is clicked on

2018-10-12 13:45:00 - [TEST_STEP][PASSED] - delay: Delayed 2 second(s)

2018-10-12 13:45:02 - [MESSAGE][PASSED] - Delayed 2 second(s)]]></system-out>
         <system-err><![CDATA[]]></system-err>
      </testcase>
      <testcase name="Test Cases/Backoffice/RegisterAccount" classname="Test Cases/Backoffice/RegisterAccount" status="PASSED">
         <system-out><![CDATA[2018-10-12 13:45:02 - [TEST_CASE][PASSED] - Test Cases/Backoffice/RegisterAccount: Test Cases/Backoffice/RegisterAccount

2018-10-12 13:45:02 - [TEST_STEP][PASSED] - focus: Object: 'Object Repository/Backoffice/Clients/Clients' is focused

2018-10-12 13:45:02 - [MESSAGE][PASSED] - Object: 'Object Repository/Backoffice/Clients/Clients' is focused

2018-10-12 13:45:02 - [TEST_STEP][PASSED] - verifyElementPresent: Object 'Object Repository/Backoffice/Clients/Client Registration' is present

2018-10-12 13:45:02 - [MESSAGE][PASSED] - Object 'Object Repository/Backoffice/Clients/Client Registration' is present

2018-10-12 13:45:02 - [TEST_STEP][PASSED] - click: Object: 'Object Repository/Backoffice/Clients/Client Registration' is clicked on

2018-10-12 13:45:03 - [MESSAGE][PASSED] - Object: 'Object Repository/Backoffice/Clients/Client Registration' is clicked on

2018-10-12 13:45:03 - [TEST_STEP][PASSED] - setText: Text 'hewnhands' is set on object 'Object Repository/Backoffice/Clients/Registration/input_username'

2018-10-12 13:45:03 - [MESSAGE][PASSED] - Text 'hewnhands' is set on object 'Object Repository/Backoffice/Clients/Registration/input_username'

2018-10-12 13:45:03 - [TEST_STEP][PASSED] - setText: Text '123123' is set on object 'Object Repository/Backoffice/Clients/Registration/input_password'

2018-10-12 13:45:04 - [MESSAGE][PASSED] - Text '123123' is set on object 'Object Repository/Backoffice/Clients/Registration/input_password'

2018-10-12 13:45:04 - [TEST_STEP][PASSED] - setText: Text '123123' is set on object 'Object Repository/Backoffice/Clients/Registration/input_confirmp'

2018-10-12 13:45:04 - [MESSAGE][PASSED] - Text '123123' is set on object 'Object Repository/Backoffice/Clients/Registration/input_confirmp'

2018-10-12 13:45:04 - [TEST_STEP][PASSED] - selectOptionByValue: All options with value 'test' are selected in object 'Object Repository/Backoffice/Clients/Registration/select_operatorcode' 

2018-10-12 13:45:04 - [MESSAGE][PASSED] - All options with value 'test' are selected in object 'Object Repository/Backoffice/Clients/Registration/select_operatorcode' 

2018-10-12 13:45:04 - [TEST_STEP][PASSED] - selectOptionByValue: All options with value '1' are selected in object 'Object Repository/Backoffice/Clients/Registration/select_status' 

2018-10-12 13:45:04 - [MESSAGE][PASSED] - All options with value '1' are selected in object 'Object Repository/Backoffice/Clients/Registration/select_status' 

2018-10-12 13:45:04 - [TEST_STEP][PASSED] - delay: Delayed 2 second(s)

2018-10-12 13:45:06 - [MESSAGE][PASSED] - Delayed 2 second(s)

2018-10-12 13:45:06 - [TEST_STEP][PASSED] - click: Object: 'Object Repository/Backoffice/Clients/Registration/button_Submit' is clicked on

2018-10-12 13:45:07 - [MESSAGE][PASSED] - Object: 'Object Repository/Backoffice/Clients/Registration/button_Submit' is clicked on

2018-10-12 13:45:07 - [TEST_STEP][PASSED] - delay: Delayed 2 second(s)

2018-10-12 13:45:09 - [MESSAGE][PASSED] - Delayed 2 second(s)]]></system-out>
         <system-err><![CDATA[]]></system-err>
      </testcase>
      <testcase name="Test Cases/Backoffice/RegisterAccount" classname="Test Cases/Backoffice/RegisterAccount" status="PASSED">
         <system-out><![CDATA[2018-10-12 13:45:09 - [TEST_CASE][PASSED] - Test Cases/Backoffice/RegisterAccount: Test Cases/Backoffice/RegisterAccount

2018-10-12 13:45:09 - [TEST_STEP][PASSED] - focus: Object: 'Object Repository/Backoffice/Clients/Clients' is focused

2018-10-12 13:45:09 - [MESSAGE][PASSED] - Object: 'Object Repository/Backoffice/Clients/Clients' is focused

2018-10-12 13:45:09 - [TEST_STEP][PASSED] - verifyElementPresent: Object 'Object Repository/Backoffice/Clients/Client Registration' is present

2018-10-12 13:45:09 - [MESSAGE][PASSED] - Object 'Object Repository/Backoffice/Clients/Client Registration' is present

2018-10-12 13:45:09 - [TEST_STEP][PASSED] - click: Object: 'Object Repository/Backoffice/Clients/Client Registration' is clicked on

2018-10-12 13:45:10 - [MESSAGE][PASSED] - Object: 'Object Repository/Backoffice/Clients/Client Registration' is clicked on

2018-10-12 13:45:10 - [TEST_STEP][PASSED] - setText: Text 'housesheadphones' is set on object 'Object Repository/Backoffice/Clients/Registration/input_username'

2018-10-12 13:45:10 - [MESSAGE][PASSED] - Text 'housesheadphones' is set on object 'Object Repository/Backoffice/Clients/Registration/input_username'

2018-10-12 13:45:10 - [TEST_STEP][PASSED] - setText: Text '123123' is set on object 'Object Repository/Backoffice/Clients/Registration/input_password'

2018-10-12 13:45:10 - [MESSAGE][PASSED] - Text '123123' is set on object 'Object Repository/Backoffice/Clients/Registration/input_password'

2018-10-12 13:45:10 - [TEST_STEP][PASSED] - setText: Text '123123' is set on object 'Object Repository/Backoffice/Clients/Registration/input_confirmp'

2018-10-12 13:45:10 - [MESSAGE][PASSED] - Text '123123' is set on object 'Object Repository/Backoffice/Clients/Registration/input_confirmp'

2018-10-12 13:45:10 - [TEST_STEP][PASSED] - selectOptionByValue: All options with value 'test' are selected in object 'Object Repository/Backoffice/Clients/Registration/select_operatorcode' 

2018-10-12 13:45:10 - [MESSAGE][PASSED] - All options with value 'test' are selected in object 'Object Repository/Backoffice/Clients/Registration/select_operatorcode' 

2018-10-12 13:45:10 - [TEST_STEP][PASSED] - selectOptionByValue: All options with value '1' are selected in object 'Object Repository/Backoffice/Clients/Registration/select_status' 

2018-10-12 13:45:11 - [MESSAGE][PASSED] - All options with value '1' are selected in object 'Object Repository/Backoffice/Clients/Registration/select_status' 

2018-10-12 13:45:11 - [TEST_STEP][PASSED] - delay: Delayed 2 second(s)

2018-10-12 13:45:13 - [MESSAGE][PASSED] - Delayed 2 second(s)

2018-10-12 13:45:13 - [TEST_STEP][PASSED] - click: Object: 'Object Repository/Backoffice/Clients/Registration/button_Submit' is clicked on

2018-10-12 13:45:14 - [MESSAGE][PASSED] - Object: 'Object Repository/Backoffice/Clients/Registration/button_Submit' is clicked on

2018-10-12 13:45:14 - [TEST_STEP][PASSED] - delay: Delayed 2 second(s)

2018-10-12 13:45:16 - [MESSAGE][PASSED] - Delayed 2 second(s)]]></system-out>
         <system-err><![CDATA[]]></system-err>
      </testcase>
      <testcase name="Test Cases/Backoffice/RegisterAccount" classname="Test Cases/Backoffice/RegisterAccount" status="PASSED">
         <system-out><![CDATA[2018-10-12 13:45:16 - [TEST_CASE][PASSED] - Test Cases/Backoffice/RegisterAccount: Test Cases/Backoffice/RegisterAccount

2018-10-12 13:45:16 - [TEST_STEP][PASSED] - focus: Object: 'Object Repository/Backoffice/Clients/Clients' is focused

2018-10-12 13:45:16 - [MESSAGE][PASSED] - Object: 'Object Repository/Backoffice/Clients/Clients' is focused

2018-10-12 13:45:16 - [TEST_STEP][PASSED] - verifyElementPresent: Object 'Object Repository/Backoffice/Clients/Client Registration' is present

2018-10-12 13:45:16 - [MESSAGE][PASSED] - Object 'Object Repository/Backoffice/Clients/Client Registration' is present

2018-10-12 13:45:16 - [TEST_STEP][PASSED] - click: Object: 'Object Repository/Backoffice/Clients/Client Registration' is clicked on

2018-10-12 13:45:16 - [MESSAGE][PASSED] - Object: 'Object Repository/Backoffice/Clients/Client Registration' is clicked on

2018-10-12 13:45:16 - [TEST_STEP][PASSED] - setText: Text 'harmonyhypothesis' is set on object 'Object Repository/Backoffice/Clients/Registration/input_username'

2018-10-12 13:45:17 - [MESSAGE][PASSED] - Text 'harmonyhypothesis' is set on object 'Object Repository/Backoffice/Clients/Registration/input_username'

2018-10-12 13:45:17 - [TEST_STEP][PASSED] - setText: Text '123123' is set on object 'Object Repository/Backoffice/Clients/Registration/input_password'

2018-10-12 13:45:17 - [MESSAGE][PASSED] - Text '123123' is set on object 'Object Repository/Backoffice/Clients/Registration/input_password'

2018-10-12 13:45:17 - [TEST_STEP][PASSED] - setText: Text '123123' is set on object 'Object Repository/Backoffice/Clients/Registration/input_confirmp'

2018-10-12 13:45:17 - [MESSAGE][PASSED] - Text '123123' is set on object 'Object Repository/Backoffice/Clients/Registration/input_confirmp'

2018-10-12 13:45:17 - [TEST_STEP][PASSED] - selectOptionByValue: All options with value 'test' are selected in object 'Object Repository/Backoffice/Clients/Registration/select_operatorcode' 

2018-10-12 13:45:17 - [MESSAGE][PASSED] - All options with value 'test' are selected in object 'Object Repository/Backoffice/Clients/Registration/select_operatorcode' 

2018-10-12 13:45:17 - [TEST_STEP][PASSED] - selectOptionByValue: All options with value '1' are selected in object 'Object Repository/Backoffice/Clients/Registration/select_status' 

2018-10-12 13:45:17 - [MESSAGE][PASSED] - All options with value '1' are selected in object 'Object Repository/Backoffice/Clients/Registration/select_status' 

2018-10-12 13:45:17 - [TEST_STEP][PASSED] - delay: Delayed 2 second(s)

2018-10-12 13:45:19 - [MESSAGE][PASSED] - Delayed 2 second(s)

2018-10-12 13:45:19 - [TEST_STEP][PASSED] - click: Object: 'Object Repository/Backoffice/Clients/Registration/button_Submit' is clicked on

2018-10-12 13:45:20 - [MESSAGE][PASSED] - Object: 'Object Repository/Backoffice/Clients/Registration/button_Submit' is clicked on

2018-10-12 13:45:20 - [TEST_STEP][PASSED] - delay: Delayed 2 second(s)

2018-10-12 13:45:22 - [MESSAGE][PASSED] - Delayed 2 second(s)]]></system-out>
         <system-err><![CDATA[]]></system-err>
      </testcase>
      <testcase name="Test Cases/Backoffice/RegisterAccount" classname="Test Cases/Backoffice/RegisterAccount" status="PASSED">
         <system-out><![CDATA[2018-10-12 13:45:22 - [TEST_CASE][PASSED] - Test Cases/Backoffice/RegisterAccount: Test Cases/Backoffice/RegisterAccount

2018-10-12 13:45:22 - [TEST_STEP][PASSED] - focus: Object: 'Object Repository/Backoffice/Clients/Clients' is focused

2018-10-12 13:45:22 - [MESSAGE][PASSED] - Object: 'Object Repository/Backoffice/Clients/Clients' is focused

2018-10-12 13:45:22 - [TEST_STEP][PASSED] - verifyElementPresent: Object 'Object Repository/Backoffice/Clients/Client Registration' is present

2018-10-12 13:45:22 - [MESSAGE][PASSED] - Object 'Object Repository/Backoffice/Clients/Client Registration' is present

2018-10-12 13:45:22 - [TEST_STEP][PASSED] - click: Object: 'Object Repository/Backoffice/Clients/Client Registration' is clicked on

2018-10-12 13:45:23 - [MESSAGE][PASSED] - Object: 'Object Repository/Backoffice/Clients/Client Registration' is clicked on

2018-10-12 13:45:23 - [TEST_STEP][PASSED] - setText: Text 'heavyhartebeest' is set on object 'Object Repository/Backoffice/Clients/Registration/input_username'

2018-10-12 13:45:23 - [MESSAGE][PASSED] - Text 'heavyhartebeest' is set on object 'Object Repository/Backoffice/Clients/Registration/input_username'

2018-10-12 13:45:23 - [TEST_STEP][PASSED] - setText: Text '123123' is set on object 'Object Repository/Backoffice/Clients/Registration/input_password'

2018-10-12 13:45:23 - [MESSAGE][PASSED] - Text '123123' is set on object 'Object Repository/Backoffice/Clients/Registration/input_password'

2018-10-12 13:45:23 - [TEST_STEP][PASSED] - setText: Text '123123' is set on object 'Object Repository/Backoffice/Clients/Registration/input_confirmp'

2018-10-12 13:45:23 - [MESSAGE][PASSED] - Text '123123' is set on object 'Object Repository/Backoffice/Clients/Registration/input_confirmp'

2018-10-12 13:45:23 - [TEST_STEP][PASSED] - selectOptionByValue: All options with value 'test' are selected in object 'Object Repository/Backoffice/Clients/Registration/select_operatorcode' 

2018-10-12 13:45:24 - [MESSAGE][PASSED] - All options with value 'test' are selected in object 'Object Repository/Backoffice/Clients/Registration/select_operatorcode' 

2018-10-12 13:45:24 - [TEST_STEP][PASSED] - selectOptionByValue: All options with value '1' are selected in object 'Object Repository/Backoffice/Clients/Registration/select_status' 

2018-10-12 13:45:24 - [MESSAGE][PASSED] - All options with value '1' are selected in object 'Object Repository/Backoffice/Clients/Registration/select_status' 

2018-10-12 13:45:24 - [TEST_STEP][PASSED] - delay: Delayed 2 second(s)

2018-10-12 13:45:26 - [MESSAGE][PASSED] - Delayed 2 second(s)

2018-10-12 13:45:26 - [TEST_STEP][PASSED] - click: Object: 'Object Repository/Backoffice/Clients/Registration/button_Submit' is clicked on

2018-10-12 13:45:27 - [MESSAGE][PASSED] - Object: 'Object Repository/Backoffice/Clients/Registration/button_Submit' is clicked on

2018-10-12 13:45:27 - [TEST_STEP][PASSED] - delay: Delayed 2 second(s)

2018-10-12 13:45:29 - [MESSAGE][PASSED] - Delayed 2 second(s)]]></system-out>
         <system-err><![CDATA[]]></system-err>
      </testcase>
      <testcase name="Test Cases/Backoffice/RegisterAccount" classname="Test Cases/Backoffice/RegisterAccount" status="PASSED">
         <system-out><![CDATA[2018-10-12 13:45:29 - [TEST_CASE][PASSED] - Test Cases/Backoffice/RegisterAccount: Test Cases/Backoffice/RegisterAccount

2018-10-12 13:45:29 - [TEST_STEP][PASSED] - focus: Object: 'Object Repository/Backoffice/Clients/Clients' is focused

2018-10-12 13:45:29 - [MESSAGE][PASSED] - Object: 'Object Repository/Backoffice/Clients/Clients' is focused

2018-10-12 13:45:29 - [TEST_STEP][PASSED] - verifyElementPresent: Object 'Object Repository/Backoffice/Clients/Client Registration' is present

2018-10-12 13:45:29 - [MESSAGE][PASSED] - Object 'Object Repository/Backoffice/Clients/Client Registration' is present

2018-10-12 13:45:29 - [TEST_STEP][PASSED] - click: Object: 'Object Repository/Backoffice/Clients/Client Registration' is clicked on

2018-10-12 13:45:29 - [MESSAGE][PASSED] - Object: 'Object Repository/Backoffice/Clients/Client Registration' is clicked on

2018-10-12 13:45:29 - [TEST_STEP][PASSED] - setText: Text 'humhallowed' is set on object 'Object Repository/Backoffice/Clients/Registration/input_username'

2018-10-12 13:45:30 - [MESSAGE][PASSED] - Text 'humhallowed' is set on object 'Object Repository/Backoffice/Clients/Registration/input_username'

2018-10-12 13:45:30 - [TEST_STEP][PASSED] - setText: Text '123123' is set on object 'Object Repository/Backoffice/Clients/Registration/input_password'

2018-10-12 13:45:30 - [MESSAGE][PASSED] - Text '123123' is set on object 'Object Repository/Backoffice/Clients/Registration/input_password'

2018-10-12 13:45:30 - [TEST_STEP][PASSED] - setText: Text '123123' is set on object 'Object Repository/Backoffice/Clients/Registration/input_confirmp'

2018-10-12 13:45:30 - [MESSAGE][PASSED] - Text '123123' is set on object 'Object Repository/Backoffice/Clients/Registration/input_confirmp'

2018-10-12 13:45:30 - [TEST_STEP][PASSED] - selectOptionByValue: All options with value 'test' are selected in object 'Object Repository/Backoffice/Clients/Registration/select_operatorcode' 

2018-10-12 13:45:30 - [MESSAGE][PASSED] - All options with value 'test' are selected in object 'Object Repository/Backoffice/Clients/Registration/select_operatorcode' 

2018-10-12 13:45:30 - [TEST_STEP][PASSED] - selectOptionByValue: All options with value '1' are selected in object 'Object Repository/Backoffice/Clients/Registration/select_status' 

2018-10-12 13:45:30 - [MESSAGE][PASSED] - All options with value '1' are selected in object 'Object Repository/Backoffice/Clients/Registration/select_status' 

2018-10-12 13:45:30 - [TEST_STEP][PASSED] - delay: Delayed 2 second(s)

2018-10-12 13:45:32 - [MESSAGE][PASSED] - Delayed 2 second(s)

2018-10-12 13:45:32 - [TEST_STEP][PASSED] - click: Object: 'Object Repository/Backoffice/Clients/Registration/button_Submit' is clicked on

2018-10-12 13:45:33 - [MESSAGE][PASSED] - Object: 'Object Repository/Backoffice/Clients/Registration/button_Submit' is clicked on

2018-10-12 13:45:33 - [TEST_STEP][PASSED] - delay: Delayed 2 second(s)

2018-10-12 13:45:35 - [MESSAGE][PASSED] - Delayed 2 second(s)]]></system-out>
         <system-err><![CDATA[]]></system-err>
      </testcase>
      <testcase name="Test Cases/Backoffice/RegisterAccount" classname="Test Cases/Backoffice/RegisterAccount" status="PASSED">
         <system-out><![CDATA[2018-10-12 13:45:35 - [TEST_CASE][PASSED] - Test Cases/Backoffice/RegisterAccount: Test Cases/Backoffice/RegisterAccount

2018-10-12 13:45:35 - [TEST_STEP][PASSED] - focus: Object: 'Object Repository/Backoffice/Clients/Clients' is focused

2018-10-12 13:45:35 - [MESSAGE][PASSED] - Object: 'Object Repository/Backoffice/Clients/Clients' is focused

2018-10-12 13:45:35 - [TEST_STEP][PASSED] - verifyElementPresent: Object 'Object Repository/Backoffice/Clients/Client Registration' is present

2018-10-12 13:45:35 - [MESSAGE][PASSED] - Object 'Object Repository/Backoffice/Clients/Client Registration' is present

2018-10-12 13:45:35 - [TEST_STEP][PASSED] - click: Object: 'Object Repository/Backoffice/Clients/Client Registration' is clicked on

2018-10-12 13:45:36 - [MESSAGE][PASSED] - Object: 'Object Repository/Backoffice/Clients/Client Registration' is clicked on

2018-10-12 13:45:36 - [TEST_STEP][PASSED] - setText: Text 'hypnosishewn' is set on object 'Object Repository/Backoffice/Clients/Registration/input_username'

2018-10-12 13:45:36 - [MESSAGE][PASSED] - Text 'hypnosishewn' is set on object 'Object Repository/Backoffice/Clients/Registration/input_username'

2018-10-12 13:45:36 - [TEST_STEP][PASSED] - setText: Text '123123' is set on object 'Object Repository/Backoffice/Clients/Registration/input_password'

2018-10-12 13:45:36 - [MESSAGE][PASSED] - Text '123123' is set on object 'Object Repository/Backoffice/Clients/Registration/input_password'

2018-10-12 13:45:36 - [TEST_STEP][PASSED] - setText: Text '123123' is set on object 'Object Repository/Backoffice/Clients/Registration/input_confirmp'

2018-10-12 13:45:36 - [MESSAGE][PASSED] - Text '123123' is set on object 'Object Repository/Backoffice/Clients/Registration/input_confirmp'

2018-10-12 13:45:36 - [TEST_STEP][PASSED] - selectOptionByValue: All options with value 'test' are selected in object 'Object Repository/Backoffice/Clients/Registration/select_operatorcode' 

2018-10-12 13:45:36 - [MESSAGE][PASSED] - All options with value 'test' are selected in object 'Object Repository/Backoffice/Clients/Registration/select_operatorcode' 

2018-10-12 13:45:36 - [TEST_STEP][PASSED] - selectOptionByValue: All options with value '1' are selected in object 'Object Repository/Backoffice/Clients/Registration/select_status' 

2018-10-12 13:45:37 - [MESSAGE][PASSED] - All options with value '1' are selected in object 'Object Repository/Backoffice/Clients/Registration/select_status' 

2018-10-12 13:45:37 - [TEST_STEP][PASSED] - delay: Delayed 2 second(s)

2018-10-12 13:45:39 - [MESSAGE][PASSED] - Delayed 2 second(s)

2018-10-12 13:45:39 - [TEST_STEP][PASSED] - click: Object: 'Object Repository/Backoffice/Clients/Registration/button_Submit' is clicked on

2018-10-12 13:45:40 - [MESSAGE][PASSED] - Object: 'Object Repository/Backoffice/Clients/Registration/button_Submit' is clicked on

2018-10-12 13:45:40 - [TEST_STEP][PASSED] - delay: Delayed 2 second(s)

2018-10-12 13:45:42 - [MESSAGE][PASSED] - Delayed 2 second(s)]]></system-out>
         <system-err><![CDATA[]]></system-err>
      </testcase>
      <testcase name="Test Cases/Backoffice/RegisterAccount" classname="Test Cases/Backoffice/RegisterAccount" status="PASSED">
         <system-out><![CDATA[2018-10-12 13:45:42 - [TEST_CASE][PASSED] - Test Cases/Backoffice/RegisterAccount: Test Cases/Backoffice/RegisterAccount

2018-10-12 13:45:42 - [TEST_STEP][PASSED] - focus: Object: 'Object Repository/Backoffice/Clients/Clients' is focused

2018-10-12 13:45:42 - [MESSAGE][PASSED] - Object: 'Object Repository/Backoffice/Clients/Clients' is focused

2018-10-12 13:45:42 - [TEST_STEP][PASSED] - verifyElementPresent: Object 'Object Repository/Backoffice/Clients/Client Registration' is present

2018-10-12 13:45:42 - [MESSAGE][PASSED] - Object 'Object Repository/Backoffice/Clients/Client Registration' is present

2018-10-12 13:45:42 - [TEST_STEP][PASSED] - click: Object: 'Object Repository/Backoffice/Clients/Client Registration' is clicked on

2018-10-12 13:45:42 - [MESSAGE][PASSED] - Object: 'Object Repository/Backoffice/Clients/Client Registration' is clicked on

2018-10-12 13:45:42 - [TEST_STEP][PASSED] - setText: Text 'hashtaghome' is set on object 'Object Repository/Backoffice/Clients/Registration/input_username'

2018-10-12 13:45:42 - [MESSAGE][PASSED] - Text 'hashtaghome' is set on object 'Object Repository/Backoffice/Clients/Registration/input_username'

2018-10-12 13:45:42 - [TEST_STEP][PASSED] - setText: Text '123123' is set on object 'Object Repository/Backoffice/Clients/Registration/input_password'

2018-10-12 13:45:43 - [MESSAGE][PASSED] - Text '123123' is set on object 'Object Repository/Backoffice/Clients/Registration/input_password'

2018-10-12 13:45:43 - [TEST_STEP][PASSED] - setText: Text '123123' is set on object 'Object Repository/Backoffice/Clients/Registration/input_confirmp'

2018-10-12 13:45:43 - [MESSAGE][PASSED] - Text '123123' is set on object 'Object Repository/Backoffice/Clients/Registration/input_confirmp'

2018-10-12 13:45:43 - [TEST_STEP][PASSED] - selectOptionByValue: All options with value 'test' are selected in object 'Object Repository/Backoffice/Clients/Registration/select_operatorcode' 

2018-10-12 13:45:43 - [MESSAGE][PASSED] - All options with value 'test' are selected in object 'Object Repository/Backoffice/Clients/Registration/select_operatorcode' 

2018-10-12 13:45:43 - [TEST_STEP][PASSED] - selectOptionByValue: All options with value '1' are selected in object 'Object Repository/Backoffice/Clients/Registration/select_status' 

2018-10-12 13:45:43 - [MESSAGE][PASSED] - All options with value '1' are selected in object 'Object Repository/Backoffice/Clients/Registration/select_status' 

2018-10-12 13:45:43 - [TEST_STEP][PASSED] - delay: Delayed 2 second(s)

2018-10-12 13:45:45 - [MESSAGE][PASSED] - Delayed 2 second(s)

2018-10-12 13:45:45 - [TEST_STEP][PASSED] - click: Object: 'Object Repository/Backoffice/Clients/Registration/button_Submit' is clicked on

2018-10-12 13:45:46 - [MESSAGE][PASSED] - Object: 'Object Repository/Backoffice/Clients/Registration/button_Submit' is clicked on

2018-10-12 13:45:46 - [TEST_STEP][PASSED] - delay: Delayed 2 second(s)

2018-10-12 13:45:48 - [MESSAGE][PASSED] - Delayed 2 second(s)]]></system-out>
         <system-err><![CDATA[]]></system-err>
      </testcase>
      <testcase name="Test Cases/Backoffice/RegisterAccount" classname="Test Cases/Backoffice/RegisterAccount" status="PASSED">
         <system-out><![CDATA[2018-10-12 13:45:48 - [TEST_CASE][PASSED] - Test Cases/Backoffice/RegisterAccount: Test Cases/Backoffice/RegisterAccount

2018-10-12 13:45:48 - [TEST_STEP][PASSED] - focus: Object: 'Object Repository/Backoffice/Clients/Clients' is focused

2018-10-12 13:45:48 - [MESSAGE][PASSED] - Object: 'Object Repository/Backoffice/Clients/Clients' is focused

2018-10-12 13:45:48 - [TEST_STEP][PASSED] - verifyElementPresent: Object 'Object Repository/Backoffice/Clients/Client Registration' is present

2018-10-12 13:45:48 - [MESSAGE][PASSED] - Object 'Object Repository/Backoffice/Clients/Client Registration' is present

2018-10-12 13:45:48 - [TEST_STEP][PASSED] - click: Object: 'Object Repository/Backoffice/Clients/Client Registration' is clicked on

2018-10-12 13:45:49 - [MESSAGE][PASSED] - Object: 'Object Repository/Backoffice/Clients/Client Registration' is clicked on

2018-10-12 13:45:49 - [TEST_STEP][PASSED] - setText: Text 'heavenlyhench' is set on object 'Object Repository/Backoffice/Clients/Registration/input_username'

2018-10-12 13:45:49 - [MESSAGE][PASSED] - Text 'heavenlyhench' is set on object 'Object Repository/Backoffice/Clients/Registration/input_username'

2018-10-12 13:45:49 - [TEST_STEP][PASSED] - setText: Text '123123' is set on object 'Object Repository/Backoffice/Clients/Registration/input_password'

2018-10-12 13:45:49 - [MESSAGE][PASSED] - Text '123123' is set on object 'Object Repository/Backoffice/Clients/Registration/input_password'

2018-10-12 13:45:49 - [TEST_STEP][PASSED] - setText: Text '123123' is set on object 'Object Repository/Backoffice/Clients/Registration/input_confirmp'

2018-10-12 13:45:49 - [MESSAGE][PASSED] - Text '123123' is set on object 'Object Repository/Backoffice/Clients/Registration/input_confirmp'

2018-10-12 13:45:49 - [TEST_STEP][PASSED] - selectOptionByValue: All options with value 'test' are selected in object 'Object Repository/Backoffice/Clients/Registration/select_operatorcode' 

2018-10-12 13:45:49 - [MESSAGE][PASSED] - All options with value 'test' are selected in object 'Object Repository/Backoffice/Clients/Registration/select_operatorcode' 

2018-10-12 13:45:49 - [TEST_STEP][PASSED] - selectOptionByValue: All options with value '1' are selected in object 'Object Repository/Backoffice/Clients/Registration/select_status' 

2018-10-12 13:45:49 - [MESSAGE][PASSED] - All options with value '1' are selected in object 'Object Repository/Backoffice/Clients/Registration/select_status' 

2018-10-12 13:45:49 - [TEST_STEP][PASSED] - delay: Delayed 2 second(s)

2018-10-12 13:45:51 - [MESSAGE][PASSED] - Delayed 2 second(s)

2018-10-12 13:45:51 - [TEST_STEP][PASSED] - click: Object: 'Object Repository/Backoffice/Clients/Registration/button_Submit' is clicked on

2018-10-12 13:45:53 - [MESSAGE][PASSED] - Object: 'Object Repository/Backoffice/Clients/Registration/button_Submit' is clicked on

2018-10-12 13:45:53 - [TEST_STEP][PASSED] - delay: Delayed 2 second(s)

2018-10-12 13:45:55 - [MESSAGE][PASSED] - Delayed 2 second(s)]]></system-out>
         <system-err><![CDATA[]]></system-err>
      </testcase>
      <testcase name="Test Cases/Backoffice/RegisterAccount" classname="Test Cases/Backoffice/RegisterAccount" status="PASSED">
         <system-out><![CDATA[2018-10-12 13:45:55 - [TEST_CASE][PASSED] - Test Cases/Backoffice/RegisterAccount: Test Cases/Backoffice/RegisterAccount

2018-10-12 13:45:55 - [TEST_STEP][PASSED] - focus: Object: 'Object Repository/Backoffice/Clients/Clients' is focused

2018-10-12 13:45:55 - [MESSAGE][PASSED] - Object: 'Object Repository/Backoffice/Clients/Clients' is focused

2018-10-12 13:45:55 - [TEST_STEP][PASSED] - verifyElementPresent: Object 'Object Repository/Backoffice/Clients/Client Registration' is present

2018-10-12 13:45:55 - [MESSAGE][PASSED] - Object 'Object Repository/Backoffice/Clients/Client Registration' is present

2018-10-12 13:45:55 - [TEST_STEP][PASSED] - click: Object: 'Object Repository/Backoffice/Clients/Client Registration' is clicked on

2018-10-12 13:45:55 - [MESSAGE][PASSED] - Object: 'Object Repository/Backoffice/Clients/Client Registration' is clicked on

2018-10-12 13:45:55 - [TEST_STEP][PASSED] - setText: Text 'haircuthalogens' is set on object 'Object Repository/Backoffice/Clients/Registration/input_username'

2018-10-12 13:45:55 - [MESSAGE][PASSED] - Text 'haircuthalogens' is set on object 'Object Repository/Backoffice/Clients/Registration/input_username'

2018-10-12 13:45:55 - [TEST_STEP][PASSED] - setText: Text '123123' is set on object 'Object Repository/Backoffice/Clients/Registration/input_password'

2018-10-12 13:45:56 - [MESSAGE][PASSED] - Text '123123' is set on object 'Object Repository/Backoffice/Clients/Registration/input_password'

2018-10-12 13:45:56 - [TEST_STEP][PASSED] - setText: Text '123123' is set on object 'Object Repository/Backoffice/Clients/Registration/input_confirmp'

2018-10-12 13:45:56 - [MESSAGE][PASSED] - Text '123123' is set on object 'Object Repository/Backoffice/Clients/Registration/input_confirmp'

2018-10-12 13:45:56 - [TEST_STEP][PASSED] - selectOptionByValue: All options with value 'test' are selected in object 'Object Repository/Backoffice/Clients/Registration/select_operatorcode' 

2018-10-12 13:45:56 - [MESSAGE][PASSED] - All options with value 'test' are selected in object 'Object Repository/Backoffice/Clients/Registration/select_operatorcode' 

2018-10-12 13:45:56 - [TEST_STEP][PASSED] - selectOptionByValue: All options with value '1' are selected in object 'Object Repository/Backoffice/Clients/Registration/select_status' 

2018-10-12 13:45:56 - [MESSAGE][PASSED] - All options with value '1' are selected in object 'Object Repository/Backoffice/Clients/Registration/select_status' 

2018-10-12 13:45:56 - [TEST_STEP][PASSED] - delay: Delayed 2 second(s)

2018-10-12 13:45:58 - [MESSAGE][PASSED] - Delayed 2 second(s)

2018-10-12 13:45:58 - [TEST_STEP][PASSED] - click: Object: 'Object Repository/Backoffice/Clients/Registration/button_Submit' is clicked on

2018-10-12 13:45:59 - [MESSAGE][PASSED] - Object: 'Object Repository/Backoffice/Clients/Registration/button_Submit' is clicked on

2018-10-12 13:45:59 - [TEST_STEP][PASSED] - delay: Delayed 2 second(s)

2018-10-12 13:46:01 - [MESSAGE][PASSED] - Delayed 2 second(s)]]></system-out>
         <system-err><![CDATA[]]></system-err>
      </testcase>
      <testcase name="Test Cases/Backoffice/RegisterAccount" classname="Test Cases/Backoffice/RegisterAccount" status="PASSED">
         <system-out><![CDATA[2018-10-12 13:46:01 - [TEST_CASE][PASSED] - Test Cases/Backoffice/RegisterAccount: Test Cases/Backoffice/RegisterAccount

2018-10-12 13:46:01 - [TEST_STEP][PASSED] - focus: Object: 'Object Repository/Backoffice/Clients/Clients' is focused

2018-10-12 13:46:01 - [MESSAGE][PASSED] - Object: 'Object Repository/Backoffice/Clients/Clients' is focused

2018-10-12 13:46:01 - [TEST_STEP][PASSED] - verifyElementPresent: Object 'Object Repository/Backoffice/Clients/Client Registration' is present

2018-10-12 13:46:01 - [MESSAGE][PASSED] - Object 'Object Repository/Backoffice/Clients/Client Registration' is present

2018-10-12 13:46:01 - [TEST_STEP][PASSED] - click: Object: 'Object Repository/Backoffice/Clients/Client Registration' is clicked on

2018-10-12 13:46:02 - [MESSAGE][PASSED] - Object: 'Object Repository/Backoffice/Clients/Client Registration' is clicked on

2018-10-12 13:46:02 - [TEST_STEP][PASSED] - setText: Text 'hooveshear' is set on object 'Object Repository/Backoffice/Clients/Registration/input_username'

2018-10-12 13:46:02 - [MESSAGE][PASSED] - Text 'hooveshear' is set on object 'Object Repository/Backoffice/Clients/Registration/input_username'

2018-10-12 13:46:02 - [TEST_STEP][PASSED] - setText: Text '123123' is set on object 'Object Repository/Backoffice/Clients/Registration/input_password'

2018-10-12 13:46:02 - [MESSAGE][PASSED] - Text '123123' is set on object 'Object Repository/Backoffice/Clients/Registration/input_password'

2018-10-12 13:46:02 - [TEST_STEP][PASSED] - setText: Text '123123' is set on object 'Object Repository/Backoffice/Clients/Registration/input_confirmp'

2018-10-12 13:46:02 - [MESSAGE][PASSED] - Text '123123' is set on object 'Object Repository/Backoffice/Clients/Registration/input_confirmp'

2018-10-12 13:46:02 - [TEST_STEP][PASSED] - selectOptionByValue: All options with value 'test' are selected in object 'Object Repository/Backoffice/Clients/Registration/select_operatorcode' 

2018-10-12 13:46:02 - [MESSAGE][PASSED] - All options with value 'test' are selected in object 'Object Repository/Backoffice/Clients/Registration/select_operatorcode' 

2018-10-12 13:46:02 - [TEST_STEP][PASSED] - selectOptionByValue: All options with value '1' are selected in object 'Object Repository/Backoffice/Clients/Registration/select_status' 

2018-10-12 13:46:02 - [MESSAGE][PASSED] - All options with value '1' are selected in object 'Object Repository/Backoffice/Clients/Registration/select_status' 

2018-10-12 13:46:02 - [TEST_STEP][PASSED] - delay: Delayed 2 second(s)

2018-10-12 13:46:04 - [MESSAGE][PASSED] - Delayed 2 second(s)

2018-10-12 13:46:04 - [TEST_STEP][PASSED] - click: Object: 'Object Repository/Backoffice/Clients/Registration/button_Submit' is clicked on

2018-10-12 13:46:05 - [MESSAGE][PASSED] - Object: 'Object Repository/Backoffice/Clients/Registration/button_Submit' is clicked on

2018-10-12 13:46:05 - [TEST_STEP][PASSED] - delay: Delayed 2 second(s)

2018-10-12 13:46:07 - [MESSAGE][PASSED] - Delayed 2 second(s)]]></system-out>
         <system-err><![CDATA[]]></system-err>
      </testcase>
      <testcase name="Test Cases/Backoffice/RegisterAccount" classname="Test Cases/Backoffice/RegisterAccount" status="PASSED">
         <system-out><![CDATA[2018-10-12 13:46:07 - [TEST_CASE][PASSED] - Test Cases/Backoffice/RegisterAccount: Test Cases/Backoffice/RegisterAccount

2018-10-12 13:46:07 - [TEST_STEP][PASSED] - focus: Object: 'Object Repository/Backoffice/Clients/Clients' is focused

2018-10-12 13:46:07 - [MESSAGE][PASSED] - Object: 'Object Repository/Backoffice/Clients/Clients' is focused

2018-10-12 13:46:07 - [TEST_STEP][PASSED] - verifyElementPresent: Object 'Object Repository/Backoffice/Clients/Client Registration' is present

2018-10-12 13:46:07 - [MESSAGE][PASSED] - Object 'Object Repository/Backoffice/Clients/Client Registration' is present

2018-10-12 13:46:07 - [TEST_STEP][PASSED] - click: Object: 'Object Repository/Backoffice/Clients/Client Registration' is clicked on

2018-10-12 13:46:08 - [MESSAGE][PASSED] - Object: 'Object Repository/Backoffice/Clients/Client Registration' is clicked on

2018-10-12 13:46:08 - [TEST_STEP][PASSED] - setText: Text 'hatchhobble' is set on object 'Object Repository/Backoffice/Clients/Registration/input_username'

2018-10-12 13:46:08 - [MESSAGE][PASSED] - Text 'hatchhobble' is set on object 'Object Repository/Backoffice/Clients/Registration/input_username'

2018-10-12 13:46:08 - [TEST_STEP][PASSED] - setText: Text '123123' is set on object 'Object Repository/Backoffice/Clients/Registration/input_password'

2018-10-12 13:46:08 - [MESSAGE][PASSED] - Text '123123' is set on object 'Object Repository/Backoffice/Clients/Registration/input_password'

2018-10-12 13:46:08 - [TEST_STEP][PASSED] - setText: Text '123123' is set on object 'Object Repository/Backoffice/Clients/Registration/input_confirmp'

2018-10-12 13:46:09 - [MESSAGE][PASSED] - Text '123123' is set on object 'Object Repository/Backoffice/Clients/Registration/input_confirmp'

2018-10-12 13:46:09 - [TEST_STEP][PASSED] - selectOptionByValue: All options with value 'test' are selected in object 'Object Repository/Backoffice/Clients/Registration/select_operatorcode' 

2018-10-12 13:46:09 - [MESSAGE][PASSED] - All options with value 'test' are selected in object 'Object Repository/Backoffice/Clients/Registration/select_operatorcode' 

2018-10-12 13:46:09 - [TEST_STEP][PASSED] - selectOptionByValue: All options with value '1' are selected in object 'Object Repository/Backoffice/Clients/Registration/select_status' 

2018-10-12 13:46:09 - [MESSAGE][PASSED] - All options with value '1' are selected in object 'Object Repository/Backoffice/Clients/Registration/select_status' 

2018-10-12 13:46:09 - [TEST_STEP][PASSED] - delay: Delayed 2 second(s)

2018-10-12 13:46:11 - [MESSAGE][PASSED] - Delayed 2 second(s)

2018-10-12 13:46:11 - [TEST_STEP][PASSED] - click: Object: 'Object Repository/Backoffice/Clients/Registration/button_Submit' is clicked on

2018-10-12 13:46:12 - [MESSAGE][PASSED] - Object: 'Object Repository/Backoffice/Clients/Registration/button_Submit' is clicked on

2018-10-12 13:46:12 - [TEST_STEP][PASSED] - delay: Delayed 2 second(s)

2018-10-12 13:46:14 - [MESSAGE][PASSED] - Delayed 2 second(s)]]></system-out>
         <system-err><![CDATA[]]></system-err>
      </testcase>
      <testcase name="Test Cases/Backoffice/RegisterAccount" classname="Test Cases/Backoffice/RegisterAccount" status="PASSED">
         <system-out><![CDATA[2018-10-12 13:46:14 - [TEST_CASE][PASSED] - Test Cases/Backoffice/RegisterAccount: Test Cases/Backoffice/RegisterAccount

2018-10-12 13:46:14 - [TEST_STEP][PASSED] - focus: Object: 'Object Repository/Backoffice/Clients/Clients' is focused

2018-10-12 13:46:14 - [MESSAGE][PASSED] - Object: 'Object Repository/Backoffice/Clients/Clients' is focused

2018-10-12 13:46:14 - [TEST_STEP][PASSED] - verifyElementPresent: Object 'Object Repository/Backoffice/Clients/Client Registration' is present

2018-10-12 13:46:14 - [MESSAGE][PASSED] - Object 'Object Repository/Backoffice/Clients/Client Registration' is present

2018-10-12 13:46:14 - [TEST_STEP][PASSED] - click: Object: 'Object Repository/Backoffice/Clients/Client Registration' is clicked on

2018-10-12 13:46:15 - [MESSAGE][PASSED] - Object: 'Object Repository/Backoffice/Clients/Client Registration' is clicked on

2018-10-12 13:46:15 - [TEST_STEP][PASSED] - setText: Text 'harmonichere' is set on object 'Object Repository/Backoffice/Clients/Registration/input_username'

2018-10-12 13:46:15 - [MESSAGE][PASSED] - Text 'harmonichere' is set on object 'Object Repository/Backoffice/Clients/Registration/input_username'

2018-10-12 13:46:15 - [TEST_STEP][PASSED] - setText: Text '123123' is set on object 'Object Repository/Backoffice/Clients/Registration/input_password'

2018-10-12 13:46:15 - [MESSAGE][PASSED] - Text '123123' is set on object 'Object Repository/Backoffice/Clients/Registration/input_password'

2018-10-12 13:46:15 - [TEST_STEP][PASSED] - setText: Text '123123' is set on object 'Object Repository/Backoffice/Clients/Registration/input_confirmp'

2018-10-12 13:46:15 - [MESSAGE][PASSED] - Text '123123' is set on object 'Object Repository/Backoffice/Clients/Registration/input_confirmp'

2018-10-12 13:46:15 - [TEST_STEP][PASSED] - selectOptionByValue: All options with value 'test' are selected in object 'Object Repository/Backoffice/Clients/Registration/select_operatorcode' 

2018-10-12 13:46:15 - [MESSAGE][PASSED] - All options with value 'test' are selected in object 'Object Repository/Backoffice/Clients/Registration/select_operatorcode' 

2018-10-12 13:46:15 - [TEST_STEP][PASSED] - selectOptionByValue: All options with value '1' are selected in object 'Object Repository/Backoffice/Clients/Registration/select_status' 

2018-10-12 13:46:16 - [MESSAGE][PASSED] - All options with value '1' are selected in object 'Object Repository/Backoffice/Clients/Registration/select_status' 

2018-10-12 13:46:16 - [TEST_STEP][PASSED] - delay: Delayed 2 second(s)

2018-10-12 13:46:18 - [MESSAGE][PASSED] - Delayed 2 second(s)

2018-10-12 13:46:18 - [TEST_STEP][PASSED] - click: Object: 'Object Repository/Backoffice/Clients/Registration/button_Submit' is clicked on

2018-10-12 13:46:19 - [MESSAGE][PASSED] - Object: 'Object Repository/Backoffice/Clients/Registration/button_Submit' is clicked on

2018-10-12 13:46:19 - [TEST_STEP][PASSED] - delay: Delayed 2 second(s)

2018-10-12 13:46:21 - [MESSAGE][PASSED] - Delayed 2 second(s)]]></system-out>
         <system-err><![CDATA[]]></system-err>
      </testcase>
      <testcase name="Test Cases/Backoffice/RegisterAccount" classname="Test Cases/Backoffice/RegisterAccount" status="PASSED">
         <system-out><![CDATA[2018-10-12 13:46:21 - [TEST_CASE][PASSED] - Test Cases/Backoffice/RegisterAccount: Test Cases/Backoffice/RegisterAccount

2018-10-12 13:46:21 - [TEST_STEP][PASSED] - focus: Object: 'Object Repository/Backoffice/Clients/Clients' is focused

2018-10-12 13:46:21 - [MESSAGE][PASSED] - Object: 'Object Repository/Backoffice/Clients/Clients' is focused

2018-10-12 13:46:21 - [TEST_STEP][PASSED] - verifyElementPresent: Object 'Object Repository/Backoffice/Clients/Client Registration' is present

2018-10-12 13:46:21 - [MESSAGE][PASSED] - Object 'Object Repository/Backoffice/Clients/Client Registration' is present

2018-10-12 13:46:21 - [TEST_STEP][PASSED] - click: Object: 'Object Repository/Backoffice/Clients/Client Registration' is clicked on

2018-10-12 13:46:22 - [MESSAGE][PASSED] - Object: 'Object Repository/Backoffice/Clients/Client Registration' is clicked on

2018-10-12 13:46:22 - [TEST_STEP][PASSED] - setText: Text 'hubichollandaise' is set on object 'Object Repository/Backoffice/Clients/Registration/input_username'

2018-10-12 13:46:22 - [MESSAGE][PASSED] - Text 'hubichollandaise' is set on object 'Object Repository/Backoffice/Clients/Registration/input_username'

2018-10-12 13:46:22 - [TEST_STEP][PASSED] - setText: Text '123123' is set on object 'Object Repository/Backoffice/Clients/Registration/input_password'

2018-10-12 13:46:22 - [MESSAGE][PASSED] - Text '123123' is set on object 'Object Repository/Backoffice/Clients/Registration/input_password'

2018-10-12 13:46:22 - [TEST_STEP][PASSED] - setText: Text '123123' is set on object 'Object Repository/Backoffice/Clients/Registration/input_confirmp'

2018-10-12 13:46:22 - [MESSAGE][PASSED] - Text '123123' is set on object 'Object Repository/Backoffice/Clients/Registration/input_confirmp'

2018-10-12 13:46:22 - [TEST_STEP][PASSED] - selectOptionByValue: All options with value 'test' are selected in object 'Object Repository/Backoffice/Clients/Registration/select_operatorcode' 

2018-10-12 13:46:22 - [MESSAGE][PASSED] - All options with value 'test' are selected in object 'Object Repository/Backoffice/Clients/Registration/select_operatorcode' 

2018-10-12 13:46:22 - [TEST_STEP][PASSED] - selectOptionByValue: All options with value '1' are selected in object 'Object Repository/Backoffice/Clients/Registration/select_status' 

2018-10-12 13:46:23 - [MESSAGE][PASSED] - All options with value '1' are selected in object 'Object Repository/Backoffice/Clients/Registration/select_status' 

2018-10-12 13:46:23 - [TEST_STEP][PASSED] - delay: Delayed 2 second(s)

2018-10-12 13:46:25 - [MESSAGE][PASSED] - Delayed 2 second(s)

2018-10-12 13:46:25 - [TEST_STEP][PASSED] - click: Object: 'Object Repository/Backoffice/Clients/Registration/button_Submit' is clicked on

2018-10-12 13:46:25 - [MESSAGE][PASSED] - Object: 'Object Repository/Backoffice/Clients/Registration/button_Submit' is clicked on

2018-10-12 13:46:25 - [TEST_STEP][PASSED] - delay: Delayed 2 second(s)

2018-10-12 13:46:27 - [MESSAGE][PASSED] - Delayed 2 second(s)]]></system-out>
         <system-err><![CDATA[]]></system-err>
      </testcase>
      <testcase name="Test Cases/Backoffice/RegisterAccount" classname="Test Cases/Backoffice/RegisterAccount" status="PASSED">
         <system-out><![CDATA[2018-10-12 13:46:27 - [TEST_CASE][PASSED] - Test Cases/Backoffice/RegisterAccount: Test Cases/Backoffice/RegisterAccount

2018-10-12 13:46:27 - [TEST_STEP][PASSED] - focus: Object: 'Object Repository/Backoffice/Clients/Clients' is focused

2018-10-12 13:46:27 - [MESSAGE][PASSED] - Object: 'Object Repository/Backoffice/Clients/Clients' is focused

2018-10-12 13:46:27 - [TEST_STEP][PASSED] - verifyElementPresent: Object 'Object Repository/Backoffice/Clients/Client Registration' is present

2018-10-12 13:46:27 - [MESSAGE][PASSED] - Object 'Object Repository/Backoffice/Clients/Client Registration' is present

2018-10-12 13:46:27 - [TEST_STEP][PASSED] - click: Object: 'Object Repository/Backoffice/Clients/Client Registration' is clicked on

2018-10-12 13:46:28 - [MESSAGE][PASSED] - Object: 'Object Repository/Backoffice/Clients/Client Registration' is clicked on

2018-10-12 13:46:28 - [TEST_STEP][PASSED] - setText: Text 'hashhoover' is set on object 'Object Repository/Backoffice/Clients/Registration/input_username'

2018-10-12 13:46:28 - [MESSAGE][PASSED] - Text 'hashhoover' is set on object 'Object Repository/Backoffice/Clients/Registration/input_username'

2018-10-12 13:46:28 - [TEST_STEP][PASSED] - setText: Text '123123' is set on object 'Object Repository/Backoffice/Clients/Registration/input_password'

2018-10-12 13:46:28 - [MESSAGE][PASSED] - Text '123123' is set on object 'Object Repository/Backoffice/Clients/Registration/input_password'

2018-10-12 13:46:28 - [TEST_STEP][PASSED] - setText: Text '123123' is set on object 'Object Repository/Backoffice/Clients/Registration/input_confirmp'

2018-10-12 13:46:29 - [MESSAGE][PASSED] - Text '123123' is set on object 'Object Repository/Backoffice/Clients/Registration/input_confirmp'

2018-10-12 13:46:29 - [TEST_STEP][PASSED] - selectOptionByValue: All options with value 'test' are selected in object 'Object Repository/Backoffice/Clients/Registration/select_operatorcode' 

2018-10-12 13:46:29 - [MESSAGE][PASSED] - All options with value 'test' are selected in object 'Object Repository/Backoffice/Clients/Registration/select_operatorcode' 

2018-10-12 13:46:29 - [TEST_STEP][PASSED] - selectOptionByValue: All options with value '1' are selected in object 'Object Repository/Backoffice/Clients/Registration/select_status' 

2018-10-12 13:46:29 - [MESSAGE][PASSED] - All options with value '1' are selected in object 'Object Repository/Backoffice/Clients/Registration/select_status' 

2018-10-12 13:46:29 - [TEST_STEP][PASSED] - delay: Delayed 2 second(s)

2018-10-12 13:46:31 - [MESSAGE][PASSED] - Delayed 2 second(s)

2018-10-12 13:46:31 - [TEST_STEP][PASSED] - click: Object: 'Object Repository/Backoffice/Clients/Registration/button_Submit' is clicked on

2018-10-12 13:46:32 - [MESSAGE][PASSED] - Object: 'Object Repository/Backoffice/Clients/Registration/button_Submit' is clicked on

2018-10-12 13:46:32 - [TEST_STEP][PASSED] - delay: Delayed 2 second(s)

2018-10-12 13:46:34 - [MESSAGE][PASSED] - Delayed 2 second(s)]]></system-out>
         <system-err><![CDATA[]]></system-err>
      </testcase>
      <testcase name="Test Cases/Backoffice/RegisterAccount" classname="Test Cases/Backoffice/RegisterAccount" status="PASSED">
         <system-out><![CDATA[2018-10-12 13:46:34 - [TEST_CASE][PASSED] - Test Cases/Backoffice/RegisterAccount: Test Cases/Backoffice/RegisterAccount

2018-10-12 13:46:34 - [TEST_STEP][PASSED] - focus: Object: 'Object Repository/Backoffice/Clients/Clients' is focused

2018-10-12 13:46:34 - [MESSAGE][PASSED] - Object: 'Object Repository/Backoffice/Clients/Clients' is focused

2018-10-12 13:46:34 - [TEST_STEP][PASSED] - verifyElementPresent: Object 'Object Repository/Backoffice/Clients/Client Registration' is present

2018-10-12 13:46:34 - [MESSAGE][PASSED] - Object 'Object Repository/Backoffice/Clients/Client Registration' is present

2018-10-12 13:46:34 - [TEST_STEP][PASSED] - click: Object: 'Object Repository/Backoffice/Clients/Client Registration' is clicked on

2018-10-12 13:46:35 - [MESSAGE][PASSED] - Object: 'Object Repository/Backoffice/Clients/Client Registration' is clicked on

2018-10-12 13:46:35 - [TEST_STEP][PASSED] - setText: Text 'healhugging' is set on object 'Object Repository/Backoffice/Clients/Registration/input_username'

2018-10-12 13:46:35 - [MESSAGE][PASSED] - Text 'healhugging' is set on object 'Object Repository/Backoffice/Clients/Registration/input_username'

2018-10-12 13:46:35 - [TEST_STEP][PASSED] - setText: Text '123123' is set on object 'Object Repository/Backoffice/Clients/Registration/input_password'

2018-10-12 13:46:35 - [MESSAGE][PASSED] - Text '123123' is set on object 'Object Repository/Backoffice/Clients/Registration/input_password'

2018-10-12 13:46:35 - [TEST_STEP][PASSED] - setText: Text '123123' is set on object 'Object Repository/Backoffice/Clients/Registration/input_confirmp'

2018-10-12 13:46:35 - [MESSAGE][PASSED] - Text '123123' is set on object 'Object Repository/Backoffice/Clients/Registration/input_confirmp'

2018-10-12 13:46:35 - [TEST_STEP][PASSED] - selectOptionByValue: All options with value 'test' are selected in object 'Object Repository/Backoffice/Clients/Registration/select_operatorcode' 

2018-10-12 13:46:35 - [MESSAGE][PASSED] - All options with value 'test' are selected in object 'Object Repository/Backoffice/Clients/Registration/select_operatorcode' 

2018-10-12 13:46:35 - [TEST_STEP][PASSED] - selectOptionByValue: All options with value '1' are selected in object 'Object Repository/Backoffice/Clients/Registration/select_status' 

2018-10-12 13:46:36 - [MESSAGE][PASSED] - All options with value '1' are selected in object 'Object Repository/Backoffice/Clients/Registration/select_status' 

2018-10-12 13:46:36 - [TEST_STEP][PASSED] - delay: Delayed 2 second(s)

2018-10-12 13:46:38 - [MESSAGE][PASSED] - Delayed 2 second(s)

2018-10-12 13:46:38 - [TEST_STEP][PASSED] - click: Object: 'Object Repository/Backoffice/Clients/Registration/button_Submit' is clicked on

2018-10-12 13:46:39 - [MESSAGE][PASSED] - Object: 'Object Repository/Backoffice/Clients/Registration/button_Submit' is clicked on

2018-10-12 13:46:39 - [TEST_STEP][PASSED] - delay: Delayed 2 second(s)

2018-10-12 13:46:41 - [MESSAGE][PASSED] - Delayed 2 second(s)]]></system-out>
         <system-err><![CDATA[]]></system-err>
      </testcase>
      <testcase name="Test Cases/Backoffice/RegisterAccount" classname="Test Cases/Backoffice/RegisterAccount" status="PASSED">
         <system-out><![CDATA[2018-10-12 13:46:41 - [TEST_CASE][PASSED] - Test Cases/Backoffice/RegisterAccount: Test Cases/Backoffice/RegisterAccount

2018-10-12 13:46:41 - [TEST_STEP][PASSED] - focus: Object: 'Object Repository/Backoffice/Clients/Clients' is focused

2018-10-12 13:46:41 - [MESSAGE][PASSED] - Object: 'Object Repository/Backoffice/Clients/Clients' is focused

2018-10-12 13:46:41 - [TEST_STEP][PASSED] - verifyElementPresent: Object 'Object Repository/Backoffice/Clients/Client Registration' is present

2018-10-12 13:46:41 - [MESSAGE][PASSED] - Object 'Object Repository/Backoffice/Clients/Client Registration' is present

2018-10-12 13:46:41 - [TEST_STEP][PASSED] - click: Object: 'Object Repository/Backoffice/Clients/Client Registration' is clicked on

2018-10-12 13:46:41 - [MESSAGE][PASSED] - Object: 'Object Repository/Backoffice/Clients/Client Registration' is clicked on

2018-10-12 13:46:41 - [TEST_STEP][PASSED] - setText: Text 'headphoneshandling' is set on object 'Object Repository/Backoffice/Clients/Registration/input_username'

2018-10-12 13:46:42 - [MESSAGE][PASSED] - Text 'headphoneshandling' is set on object 'Object Repository/Backoffice/Clients/Registration/input_username'

2018-10-12 13:46:42 - [TEST_STEP][PASSED] - setText: Text '123123' is set on object 'Object Repository/Backoffice/Clients/Registration/input_password'

2018-10-12 13:46:42 - [MESSAGE][PASSED] - Text '123123' is set on object 'Object Repository/Backoffice/Clients/Registration/input_password'

2018-10-12 13:46:42 - [TEST_STEP][PASSED] - setText: Text '123123' is set on object 'Object Repository/Backoffice/Clients/Registration/input_confirmp'

2018-10-12 13:46:42 - [MESSAGE][PASSED] - Text '123123' is set on object 'Object Repository/Backoffice/Clients/Registration/input_confirmp'

2018-10-12 13:46:42 - [TEST_STEP][PASSED] - selectOptionByValue: All options with value 'test' are selected in object 'Object Repository/Backoffice/Clients/Registration/select_operatorcode' 

2018-10-12 13:46:42 - [MESSAGE][PASSED] - All options with value 'test' are selected in object 'Object Repository/Backoffice/Clients/Registration/select_operatorcode' 

2018-10-12 13:46:42 - [TEST_STEP][PASSED] - selectOptionByValue: All options with value '1' are selected in object 'Object Repository/Backoffice/Clients/Registration/select_status' 

2018-10-12 13:46:42 - [MESSAGE][PASSED] - All options with value '1' are selected in object 'Object Repository/Backoffice/Clients/Registration/select_status' 

2018-10-12 13:46:42 - [TEST_STEP][PASSED] - delay: Delayed 2 second(s)

2018-10-12 13:46:44 - [MESSAGE][PASSED] - Delayed 2 second(s)

2018-10-12 13:46:44 - [TEST_STEP][PASSED] - click: Object: 'Object Repository/Backoffice/Clients/Registration/button_Submit' is clicked on

2018-10-12 13:46:46 - [MESSAGE][PASSED] - Object: 'Object Repository/Backoffice/Clients/Registration/button_Submit' is clicked on

2018-10-12 13:46:46 - [TEST_STEP][PASSED] - delay: Delayed 2 second(s)

2018-10-12 13:46:48 - [MESSAGE][PASSED] - Delayed 2 second(s)]]></system-out>
         <system-err><![CDATA[]]></system-err>
      </testcase>
      <testcase name="Test Cases/Backoffice/RegisterAccount" classname="Test Cases/Backoffice/RegisterAccount" status="PASSED">
         <system-out><![CDATA[2018-10-12 13:46:48 - [TEST_CASE][PASSED] - Test Cases/Backoffice/RegisterAccount: Test Cases/Backoffice/RegisterAccount

2018-10-12 13:46:48 - [TEST_STEP][PASSED] - focus: Object: 'Object Repository/Backoffice/Clients/Clients' is focused

2018-10-12 13:46:48 - [MESSAGE][PASSED] - Object: 'Object Repository/Backoffice/Clients/Clients' is focused

2018-10-12 13:46:48 - [TEST_STEP][PASSED] - verifyElementPresent: Object 'Object Repository/Backoffice/Clients/Client Registration' is present

2018-10-12 13:46:48 - [MESSAGE][PASSED] - Object 'Object Repository/Backoffice/Clients/Client Registration' is present

2018-10-12 13:46:48 - [TEST_STEP][PASSED] - click: Object: 'Object Repository/Backoffice/Clients/Client Registration' is clicked on

2018-10-12 13:46:48 - [MESSAGE][PASSED] - Object: 'Object Repository/Backoffice/Clients/Client Registration' is clicked on

2018-10-12 13:46:48 - [TEST_STEP][PASSED] - setText: Text 'herhulking' is set on object 'Object Repository/Backoffice/Clients/Registration/input_username'

2018-10-12 13:46:48 - [MESSAGE][PASSED] - Text 'herhulking' is set on object 'Object Repository/Backoffice/Clients/Registration/input_username'

2018-10-12 13:46:48 - [TEST_STEP][PASSED] - setText: Text '123123' is set on object 'Object Repository/Backoffice/Clients/Registration/input_password'

2018-10-12 13:46:48 - [MESSAGE][PASSED] - Text '123123' is set on object 'Object Repository/Backoffice/Clients/Registration/input_password'

2018-10-12 13:46:48 - [TEST_STEP][PASSED] - setText: Text '123123' is set on object 'Object Repository/Backoffice/Clients/Registration/input_confirmp'

2018-10-12 13:46:49 - [MESSAGE][PASSED] - Text '123123' is set on object 'Object Repository/Backoffice/Clients/Registration/input_confirmp'

2018-10-12 13:46:49 - [TEST_STEP][PASSED] - selectOptionByValue: All options with value 'test' are selected in object 'Object Repository/Backoffice/Clients/Registration/select_operatorcode' 

2018-10-12 13:46:49 - [MESSAGE][PASSED] - All options with value 'test' are selected in object 'Object Repository/Backoffice/Clients/Registration/select_operatorcode' 

2018-10-12 13:46:49 - [TEST_STEP][PASSED] - selectOptionByValue: All options with value '1' are selected in object 'Object Repository/Backoffice/Clients/Registration/select_status' 

2018-10-12 13:46:49 - [MESSAGE][PASSED] - All options with value '1' are selected in object 'Object Repository/Backoffice/Clients/Registration/select_status' 

2018-10-12 13:46:49 - [TEST_STEP][PASSED] - delay: Delayed 2 second(s)

2018-10-12 13:46:51 - [MESSAGE][PASSED] - Delayed 2 second(s)

2018-10-12 13:46:51 - [TEST_STEP][PASSED] - click: Object: 'Object Repository/Backoffice/Clients/Registration/button_Submit' is clicked on

2018-10-12 13:46:52 - [MESSAGE][PASSED] - Object: 'Object Repository/Backoffice/Clients/Registration/button_Submit' is clicked on

2018-10-12 13:46:52 - [TEST_STEP][PASSED] - delay: Delayed 2 second(s)

2018-10-12 13:46:54 - [MESSAGE][PASSED] - Delayed 2 second(s)]]></system-out>
         <system-err><![CDATA[]]></system-err>
      </testcase>
      <testcase name="Test Cases/Backoffice/RegisterAccount" classname="Test Cases/Backoffice/RegisterAccount" status="PASSED">
         <system-out><![CDATA[2018-10-12 13:46:54 - [TEST_CASE][PASSED] - Test Cases/Backoffice/RegisterAccount: Test Cases/Backoffice/RegisterAccount

2018-10-12 13:46:54 - [TEST_STEP][PASSED] - focus: Object: 'Object Repository/Backoffice/Clients/Clients' is focused

2018-10-12 13:46:54 - [MESSAGE][PASSED] - Object: 'Object Repository/Backoffice/Clients/Clients' is focused

2018-10-12 13:46:54 - [TEST_STEP][PASSED] - verifyElementPresent: Object 'Object Repository/Backoffice/Clients/Client Registration' is present

2018-10-12 13:46:54 - [MESSAGE][PASSED] - Object 'Object Repository/Backoffice/Clients/Client Registration' is present

2018-10-12 13:46:54 - [TEST_STEP][PASSED] - click: Object: 'Object Repository/Backoffice/Clients/Client Registration' is clicked on

2018-10-12 13:46:55 - [MESSAGE][PASSED] - Object: 'Object Repository/Backoffice/Clients/Client Registration' is clicked on

2018-10-12 13:46:55 - [TEST_STEP][PASSED] - setText: Text 'hornshanded' is set on object 'Object Repository/Backoffice/Clients/Registration/input_username'

2018-10-12 13:46:55 - [MESSAGE][PASSED] - Text 'hornshanded' is set on object 'Object Repository/Backoffice/Clients/Registration/input_username'

2018-10-12 13:46:55 - [TEST_STEP][PASSED] - setText: Text '123123' is set on object 'Object Repository/Backoffice/Clients/Registration/input_password'

2018-10-12 13:46:55 - [MESSAGE][PASSED] - Text '123123' is set on object 'Object Repository/Backoffice/Clients/Registration/input_password'

2018-10-12 13:46:55 - [TEST_STEP][PASSED] - setText: Text '123123' is set on object 'Object Repository/Backoffice/Clients/Registration/input_confirmp'

2018-10-12 13:46:55 - [MESSAGE][PASSED] - Text '123123' is set on object 'Object Repository/Backoffice/Clients/Registration/input_confirmp'

2018-10-12 13:46:55 - [TEST_STEP][PASSED] - selectOptionByValue: All options with value 'test' are selected in object 'Object Repository/Backoffice/Clients/Registration/select_operatorcode' 

2018-10-12 13:46:55 - [MESSAGE][PASSED] - All options with value 'test' are selected in object 'Object Repository/Backoffice/Clients/Registration/select_operatorcode' 

2018-10-12 13:46:55 - [TEST_STEP][PASSED] - selectOptionByValue: All options with value '1' are selected in object 'Object Repository/Backoffice/Clients/Registration/select_status' 

2018-10-12 13:46:55 - [MESSAGE][PASSED] - All options with value '1' are selected in object 'Object Repository/Backoffice/Clients/Registration/select_status' 

2018-10-12 13:46:55 - [TEST_STEP][PASSED] - delay: Delayed 2 second(s)

2018-10-12 13:46:57 - [MESSAGE][PASSED] - Delayed 2 second(s)

2018-10-12 13:46:57 - [TEST_STEP][PASSED] - click: Object: 'Object Repository/Backoffice/Clients/Registration/button_Submit' is clicked on

2018-10-12 13:46:58 - [MESSAGE][PASSED] - Object: 'Object Repository/Backoffice/Clients/Registration/button_Submit' is clicked on

2018-10-12 13:46:58 - [TEST_STEP][PASSED] - delay: Delayed 2 second(s)

2018-10-12 13:47:00 - [MESSAGE][PASSED] - Delayed 2 second(s)]]></system-out>
         <system-err><![CDATA[]]></system-err>
      </testcase>
      <testcase name="Test Cases/Backoffice/RegisterAccount" classname="Test Cases/Backoffice/RegisterAccount" status="PASSED">
         <system-out><![CDATA[2018-10-12 13:47:00 - [TEST_CASE][PASSED] - Test Cases/Backoffice/RegisterAccount: Test Cases/Backoffice/RegisterAccount

2018-10-12 13:47:00 - [TEST_STEP][PASSED] - focus: Object: 'Object Repository/Backoffice/Clients/Clients' is focused

2018-10-12 13:47:00 - [MESSAGE][PASSED] - Object: 'Object Repository/Backoffice/Clients/Clients' is focused

2018-10-12 13:47:00 - [TEST_STEP][PASSED] - verifyElementPresent: Object 'Object Repository/Backoffice/Clients/Client Registration' is present

2018-10-12 13:47:00 - [MESSAGE][PASSED] - Object 'Object Repository/Backoffice/Clients/Client Registration' is present

2018-10-12 13:47:00 - [TEST_STEP][PASSED] - click: Object: 'Object Repository/Backoffice/Clients/Client Registration' is clicked on

2018-10-12 13:47:01 - [MESSAGE][PASSED] - Object: 'Object Repository/Backoffice/Clients/Client Registration' is clicked on

2018-10-12 13:47:01 - [TEST_STEP][PASSED] - setText: Text 'hackhearts' is set on object 'Object Repository/Backoffice/Clients/Registration/input_username'

2018-10-12 13:47:01 - [MESSAGE][PASSED] - Text 'hackhearts' is set on object 'Object Repository/Backoffice/Clients/Registration/input_username'

2018-10-12 13:47:01 - [TEST_STEP][PASSED] - setText: Text '123123' is set on object 'Object Repository/Backoffice/Clients/Registration/input_password'

2018-10-12 13:47:01 - [MESSAGE][PASSED] - Text '123123' is set on object 'Object Repository/Backoffice/Clients/Registration/input_password'

2018-10-12 13:47:01 - [TEST_STEP][PASSED] - setText: Text '123123' is set on object 'Object Repository/Backoffice/Clients/Registration/input_confirmp'

2018-10-12 13:47:01 - [MESSAGE][PASSED] - Text '123123' is set on object 'Object Repository/Backoffice/Clients/Registration/input_confirmp'

2018-10-12 13:47:01 - [TEST_STEP][PASSED] - selectOptionByValue: All options with value 'test' are selected in object 'Object Repository/Backoffice/Clients/Registration/select_operatorcode' 

2018-10-12 13:47:01 - [MESSAGE][PASSED] - All options with value 'test' are selected in object 'Object Repository/Backoffice/Clients/Registration/select_operatorcode' 

2018-10-12 13:47:01 - [TEST_STEP][PASSED] - selectOptionByValue: All options with value '1' are selected in object 'Object Repository/Backoffice/Clients/Registration/select_status' 

2018-10-12 13:47:02 - [MESSAGE][PASSED] - All options with value '1' are selected in object 'Object Repository/Backoffice/Clients/Registration/select_status' 

2018-10-12 13:47:02 - [TEST_STEP][PASSED] - delay: Delayed 2 second(s)

2018-10-12 13:47:04 - [MESSAGE][PASSED] - Delayed 2 second(s)

2018-10-12 13:47:04 - [TEST_STEP][PASSED] - click: Object: 'Object Repository/Backoffice/Clients/Registration/button_Submit' is clicked on

2018-10-12 13:47:04 - [MESSAGE][PASSED] - Object: 'Object Repository/Backoffice/Clients/Registration/button_Submit' is clicked on

2018-10-12 13:47:04 - [TEST_STEP][PASSED] - delay: Delayed 2 second(s)

2018-10-12 13:47:06 - [MESSAGE][PASSED] - Delayed 2 second(s)]]></system-out>
         <system-err><![CDATA[]]></system-err>
      </testcase>
      <testcase name="Test Cases/Backoffice/RegisterAccount" classname="Test Cases/Backoffice/RegisterAccount" status="PASSED">
         <system-out><![CDATA[2018-10-12 13:47:06 - [TEST_CASE][PASSED] - Test Cases/Backoffice/RegisterAccount: Test Cases/Backoffice/RegisterAccount

2018-10-12 13:47:06 - [TEST_STEP][PASSED] - focus: Object: 'Object Repository/Backoffice/Clients/Clients' is focused

2018-10-12 13:47:06 - [MESSAGE][PASSED] - Object: 'Object Repository/Backoffice/Clients/Clients' is focused

2018-10-12 13:47:06 - [TEST_STEP][PASSED] - verifyElementPresent: Object 'Object Repository/Backoffice/Clients/Client Registration' is present

2018-10-12 13:47:06 - [MESSAGE][PASSED] - Object 'Object Repository/Backoffice/Clients/Client Registration' is present

2018-10-12 13:47:06 - [TEST_STEP][PASSED] - click: Object: 'Object Repository/Backoffice/Clients/Client Registration' is clicked on

2018-10-12 13:47:07 - [MESSAGE][PASSED] - Object: 'Object Repository/Backoffice/Clients/Client Registration' is clicked on

2018-10-12 13:47:07 - [TEST_STEP][PASSED] - setText: Text 'hatedhardness' is set on object 'Object Repository/Backoffice/Clients/Registration/input_username'

2018-10-12 13:47:07 - [MESSAGE][PASSED] - Text 'hatedhardness' is set on object 'Object Repository/Backoffice/Clients/Registration/input_username'

2018-10-12 13:47:07 - [TEST_STEP][PASSED] - setText: Text '123123' is set on object 'Object Repository/Backoffice/Clients/Registration/input_password'

2018-10-12 13:47:07 - [MESSAGE][PASSED] - Text '123123' is set on object 'Object Repository/Backoffice/Clients/Registration/input_password'

2018-10-12 13:47:07 - [TEST_STEP][PASSED] - setText: Text '123123' is set on object 'Object Repository/Backoffice/Clients/Registration/input_confirmp'

2018-10-12 13:47:07 - [MESSAGE][PASSED] - Text '123123' is set on object 'Object Repository/Backoffice/Clients/Registration/input_confirmp'

2018-10-12 13:47:07 - [TEST_STEP][PASSED] - selectOptionByValue: All options with value 'test' are selected in object 'Object Repository/Backoffice/Clients/Registration/select_operatorcode' 

2018-10-12 13:47:07 - [MESSAGE][PASSED] - All options with value 'test' are selected in object 'Object Repository/Backoffice/Clients/Registration/select_operatorcode' 

2018-10-12 13:47:07 - [TEST_STEP][PASSED] - selectOptionByValue: All options with value '1' are selected in object 'Object Repository/Backoffice/Clients/Registration/select_status' 

2018-10-12 13:47:07 - [MESSAGE][PASSED] - All options with value '1' are selected in object 'Object Repository/Backoffice/Clients/Registration/select_status' 

2018-10-12 13:47:07 - [TEST_STEP][PASSED] - delay: Delayed 2 second(s)

2018-10-12 13:47:09 - [MESSAGE][PASSED] - Delayed 2 second(s)

2018-10-12 13:47:09 - [TEST_STEP][PASSED] - click: Object: 'Object Repository/Backoffice/Clients/Registration/button_Submit' is clicked on

2018-10-12 13:47:11 - [MESSAGE][PASSED] - Object: 'Object Repository/Backoffice/Clients/Registration/button_Submit' is clicked on

2018-10-12 13:47:11 - [TEST_STEP][PASSED] - delay: Delayed 2 second(s)

2018-10-12 13:47:13 - [MESSAGE][PASSED] - Delayed 2 second(s)]]></system-out>
         <system-err><![CDATA[]]></system-err>
      </testcase>
      <testcase name="Test Cases/Backoffice/RegisterAccount" classname="Test Cases/Backoffice/RegisterAccount" status="PASSED">
         <system-out><![CDATA[2018-10-12 13:47:13 - [TEST_CASE][PASSED] - Test Cases/Backoffice/RegisterAccount: Test Cases/Backoffice/RegisterAccount

2018-10-12 13:47:13 - [TEST_STEP][PASSED] - focus: Object: 'Object Repository/Backoffice/Clients/Clients' is focused

2018-10-12 13:47:13 - [MESSAGE][PASSED] - Object: 'Object Repository/Backoffice/Clients/Clients' is focused

2018-10-12 13:47:13 - [TEST_STEP][PASSED] - verifyElementPresent: Object 'Object Repository/Backoffice/Clients/Client Registration' is present

2018-10-12 13:47:13 - [MESSAGE][PASSED] - Object 'Object Repository/Backoffice/Clients/Client Registration' is present

2018-10-12 13:47:13 - [TEST_STEP][PASSED] - click: Object: 'Object Repository/Backoffice/Clients/Client Registration' is clicked on

2018-10-12 13:47:13 - [MESSAGE][PASSED] - Object: 'Object Repository/Backoffice/Clients/Client Registration' is clicked on

2018-10-12 13:47:13 - [TEST_STEP][PASSED] - setText: Text 'hatshumdrum' is set on object 'Object Repository/Backoffice/Clients/Registration/input_username'

2018-10-12 13:47:13 - [MESSAGE][PASSED] - Text 'hatshumdrum' is set on object 'Object Repository/Backoffice/Clients/Registration/input_username'

2018-10-12 13:47:13 - [TEST_STEP][PASSED] - setText: Text '123123' is set on object 'Object Repository/Backoffice/Clients/Registration/input_password'

2018-10-12 13:47:13 - [MESSAGE][PASSED] - Text '123123' is set on object 'Object Repository/Backoffice/Clients/Registration/input_password'

2018-10-12 13:47:13 - [TEST_STEP][PASSED] - setText: Text '123123' is set on object 'Object Repository/Backoffice/Clients/Registration/input_confirmp'

2018-10-12 13:47:14 - [MESSAGE][PASSED] - Text '123123' is set on object 'Object Repository/Backoffice/Clients/Registration/input_confirmp'

2018-10-12 13:47:14 - [TEST_STEP][PASSED] - selectOptionByValue: All options with value 'test' are selected in object 'Object Repository/Backoffice/Clients/Registration/select_operatorcode' 

2018-10-12 13:47:14 - [MESSAGE][PASSED] - All options with value 'test' are selected in object 'Object Repository/Backoffice/Clients/Registration/select_operatorcode' 

2018-10-12 13:47:14 - [TEST_STEP][PASSED] - selectOptionByValue: All options with value '1' are selected in object 'Object Repository/Backoffice/Clients/Registration/select_status' 

2018-10-12 13:47:14 - [MESSAGE][PASSED] - All options with value '1' are selected in object 'Object Repository/Backoffice/Clients/Registration/select_status' 

2018-10-12 13:47:14 - [TEST_STEP][PASSED] - delay: Delayed 2 second(s)

2018-10-12 13:47:16 - [MESSAGE][PASSED] - Delayed 2 second(s)

2018-10-12 13:47:16 - [TEST_STEP][PASSED] - click: Object: 'Object Repository/Backoffice/Clients/Registration/button_Submit' is clicked on

2018-10-12 13:47:17 - [MESSAGE][PASSED] - Object: 'Object Repository/Backoffice/Clients/Registration/button_Submit' is clicked on

2018-10-12 13:47:17 - [TEST_STEP][PASSED] - delay: Delayed 2 second(s)

2018-10-12 13:47:19 - [MESSAGE][PASSED] - Delayed 2 second(s)]]></system-out>
         <system-err><![CDATA[]]></system-err>
      </testcase>
      <testcase name="Test Cases/Backoffice/RegisterAccount" classname="Test Cases/Backoffice/RegisterAccount" status="PASSED">
         <system-out><![CDATA[2018-10-12 13:47:19 - [TEST_CASE][PASSED] - Test Cases/Backoffice/RegisterAccount: Test Cases/Backoffice/RegisterAccount

2018-10-12 13:47:19 - [TEST_STEP][PASSED] - focus: Object: 'Object Repository/Backoffice/Clients/Clients' is focused

2018-10-12 13:47:19 - [MESSAGE][PASSED] - Object: 'Object Repository/Backoffice/Clients/Clients' is focused

2018-10-12 13:47:19 - [TEST_STEP][PASSED] - verifyElementPresent: Object 'Object Repository/Backoffice/Clients/Client Registration' is present

2018-10-12 13:47:19 - [MESSAGE][PASSED] - Object 'Object Repository/Backoffice/Clients/Client Registration' is present

2018-10-12 13:47:19 - [TEST_STEP][PASSED] - click: Object: 'Object Repository/Backoffice/Clients/Client Registration' is clicked on

2018-10-12 13:47:19 - [MESSAGE][PASSED] - Object: 'Object Repository/Backoffice/Clients/Client Registration' is clicked on

2018-10-12 13:47:19 - [TEST_STEP][PASSED] - setText: Text 'hangerhandsomely' is set on object 'Object Repository/Backoffice/Clients/Registration/input_username'

2018-10-12 13:47:19 - [MESSAGE][PASSED] - Text 'hangerhandsomely' is set on object 'Object Repository/Backoffice/Clients/Registration/input_username'

2018-10-12 13:47:19 - [TEST_STEP][PASSED] - setText: Text '123123' is set on object 'Object Repository/Backoffice/Clients/Registration/input_password'

2018-10-12 13:47:20 - [MESSAGE][PASSED] - Text '123123' is set on object 'Object Repository/Backoffice/Clients/Registration/input_password'

2018-10-12 13:47:20 - [TEST_STEP][PASSED] - setText: Text '123123' is set on object 'Object Repository/Backoffice/Clients/Registration/input_confirmp'

2018-10-12 13:47:20 - [MESSAGE][PASSED] - Text '123123' is set on object 'Object Repository/Backoffice/Clients/Registration/input_confirmp'

2018-10-12 13:47:20 - [TEST_STEP][PASSED] - selectOptionByValue: All options with value 'test' are selected in object 'Object Repository/Backoffice/Clients/Registration/select_operatorcode' 

2018-10-12 13:47:20 - [MESSAGE][PASSED] - All options with value 'test' are selected in object 'Object Repository/Backoffice/Clients/Registration/select_operatorcode' 

2018-10-12 13:47:20 - [TEST_STEP][PASSED] - selectOptionByValue: All options with value '1' are selected in object 'Object Repository/Backoffice/Clients/Registration/select_status' 

2018-10-12 13:47:20 - [MESSAGE][PASSED] - All options with value '1' are selected in object 'Object Repository/Backoffice/Clients/Registration/select_status' 

2018-10-12 13:47:20 - [TEST_STEP][PASSED] - delay: Delayed 2 second(s)

2018-10-12 13:47:22 - [MESSAGE][PASSED] - Delayed 2 second(s)

2018-10-12 13:47:22 - [TEST_STEP][PASSED] - click: Object: 'Object Repository/Backoffice/Clients/Registration/button_Submit' is clicked on

2018-10-12 13:47:23 - [MESSAGE][PASSED] - Object: 'Object Repository/Backoffice/Clients/Registration/button_Submit' is clicked on

2018-10-12 13:47:23 - [TEST_STEP][PASSED] - delay: Delayed 2 second(s)

2018-10-12 13:47:25 - [MESSAGE][PASSED] - Delayed 2 second(s)]]></system-out>
         <system-err><![CDATA[]]></system-err>
      </testcase>
      <testcase name="Test Cases/Backoffice/RegisterAccount" classname="Test Cases/Backoffice/RegisterAccount" status="PASSED">
         <system-out><![CDATA[2018-10-12 13:47:25 - [TEST_CASE][PASSED] - Test Cases/Backoffice/RegisterAccount: Test Cases/Backoffice/RegisterAccount

2018-10-12 13:47:25 - [TEST_STEP][PASSED] - focus: Object: 'Object Repository/Backoffice/Clients/Clients' is focused

2018-10-12 13:47:25 - [MESSAGE][PASSED] - Object: 'Object Repository/Backoffice/Clients/Clients' is focused

2018-10-12 13:47:25 - [TEST_STEP][PASSED] - verifyElementPresent: Object 'Object Repository/Backoffice/Clients/Client Registration' is present

2018-10-12 13:47:25 - [MESSAGE][PASSED] - Object 'Object Repository/Backoffice/Clients/Client Registration' is present

2018-10-12 13:47:25 - [TEST_STEP][PASSED] - click: Object: 'Object Repository/Backoffice/Clients/Client Registration' is clicked on

2018-10-12 13:47:26 - [MESSAGE][PASSED] - Object: 'Object Repository/Backoffice/Clients/Client Registration' is clicked on

2018-10-12 13:47:26 - [TEST_STEP][PASSED] - setText: Text 'herringhushed' is set on object 'Object Repository/Backoffice/Clients/Registration/input_username'

2018-10-12 13:47:26 - [MESSAGE][PASSED] - Text 'herringhushed' is set on object 'Object Repository/Backoffice/Clients/Registration/input_username'

2018-10-12 13:47:26 - [TEST_STEP][PASSED] - setText: Text '123123' is set on object 'Object Repository/Backoffice/Clients/Registration/input_password'

2018-10-12 13:47:26 - [MESSAGE][PASSED] - Text '123123' is set on object 'Object Repository/Backoffice/Clients/Registration/input_password'

2018-10-12 13:47:26 - [TEST_STEP][PASSED] - setText: Text '123123' is set on object 'Object Repository/Backoffice/Clients/Registration/input_confirmp'

2018-10-12 13:47:26 - [MESSAGE][PASSED] - Text '123123' is set on object 'Object Repository/Backoffice/Clients/Registration/input_confirmp'

2018-10-12 13:47:26 - [TEST_STEP][PASSED] - selectOptionByValue: All options with value 'test' are selected in object 'Object Repository/Backoffice/Clients/Registration/select_operatorcode' 

2018-10-12 13:47:27 - [MESSAGE][PASSED] - All options with value 'test' are selected in object 'Object Repository/Backoffice/Clients/Registration/select_operatorcode' 

2018-10-12 13:47:27 - [TEST_STEP][PASSED] - selectOptionByValue: All options with value '1' are selected in object 'Object Repository/Backoffice/Clients/Registration/select_status' 

2018-10-12 13:47:27 - [MESSAGE][PASSED] - All options with value '1' are selected in object 'Object Repository/Backoffice/Clients/Registration/select_status' 

2018-10-12 13:47:27 - [TEST_STEP][PASSED] - delay: Delayed 2 second(s)

2018-10-12 13:47:29 - [MESSAGE][PASSED] - Delayed 2 second(s)

2018-10-12 13:47:29 - [TEST_STEP][PASSED] - click: Object: 'Object Repository/Backoffice/Clients/Registration/button_Submit' is clicked on

2018-10-12 13:47:30 - [MESSAGE][PASSED] - Object: 'Object Repository/Backoffice/Clients/Registration/button_Submit' is clicked on

2018-10-12 13:47:30 - [TEST_STEP][PASSED] - delay: Delayed 2 second(s)

2018-10-12 13:47:32 - [MESSAGE][PASSED] - Delayed 2 second(s)]]></system-out>
         <system-err><![CDATA[]]></system-err>
      </testcase>
      <testcase name="Test Cases/Backoffice/RegisterAccount" classname="Test Cases/Backoffice/RegisterAccount" status="PASSED">
         <system-out><![CDATA[2018-10-12 13:47:32 - [TEST_CASE][PASSED] - Test Cases/Backoffice/RegisterAccount: Test Cases/Backoffice/RegisterAccount

2018-10-12 13:47:32 - [TEST_STEP][PASSED] - focus: Object: 'Object Repository/Backoffice/Clients/Clients' is focused

2018-10-12 13:47:32 - [MESSAGE][PASSED] - Object: 'Object Repository/Backoffice/Clients/Clients' is focused

2018-10-12 13:47:32 - [TEST_STEP][PASSED] - verifyElementPresent: Object 'Object Repository/Backoffice/Clients/Client Registration' is present

2018-10-12 13:47:32 - [MESSAGE][PASSED] - Object 'Object Repository/Backoffice/Clients/Client Registration' is present

2018-10-12 13:47:32 - [TEST_STEP][PASSED] - click: Object: 'Object Repository/Backoffice/Clients/Client Registration' is clicked on

2018-10-12 13:47:32 - [MESSAGE][PASSED] - Object: 'Object Repository/Backoffice/Clients/Client Registration' is clicked on

2018-10-12 13:47:32 - [TEST_STEP][PASSED] - setText: Text 'hoffeehernia' is set on object 'Object Repository/Backoffice/Clients/Registration/input_username'

2018-10-12 13:47:33 - [MESSAGE][PASSED] - Text 'hoffeehernia' is set on object 'Object Repository/Backoffice/Clients/Registration/input_username'

2018-10-12 13:47:33 - [TEST_STEP][PASSED] - setText: Text '123123' is set on object 'Object Repository/Backoffice/Clients/Registration/input_password'

2018-10-12 13:47:33 - [MESSAGE][PASSED] - Text '123123' is set on object 'Object Repository/Backoffice/Clients/Registration/input_password'

2018-10-12 13:47:33 - [TEST_STEP][PASSED] - setText: Text '123123' is set on object 'Object Repository/Backoffice/Clients/Registration/input_confirmp'

2018-10-12 13:47:33 - [MESSAGE][PASSED] - Text '123123' is set on object 'Object Repository/Backoffice/Clients/Registration/input_confirmp'

2018-10-12 13:47:33 - [TEST_STEP][PASSED] - selectOptionByValue: All options with value 'test' are selected in object 'Object Repository/Backoffice/Clients/Registration/select_operatorcode' 

2018-10-12 13:47:33 - [MESSAGE][PASSED] - All options with value 'test' are selected in object 'Object Repository/Backoffice/Clients/Registration/select_operatorcode' 

2018-10-12 13:47:33 - [TEST_STEP][PASSED] - selectOptionByValue: All options with value '1' are selected in object 'Object Repository/Backoffice/Clients/Registration/select_status' 

2018-10-12 13:47:33 - [MESSAGE][PASSED] - All options with value '1' are selected in object 'Object Repository/Backoffice/Clients/Registration/select_status' 

2018-10-12 13:47:33 - [TEST_STEP][PASSED] - delay: Delayed 2 second(s)

2018-10-12 13:47:35 - [MESSAGE][PASSED] - Delayed 2 second(s)

2018-10-12 13:47:35 - [TEST_STEP][PASSED] - click: Object: 'Object Repository/Backoffice/Clients/Registration/button_Submit' is clicked on

2018-10-12 13:47:36 - [MESSAGE][PASSED] - Object: 'Object Repository/Backoffice/Clients/Registration/button_Submit' is clicked on

2018-10-12 13:47:36 - [TEST_STEP][PASSED] - delay: Delayed 2 second(s)

2018-10-12 13:47:38 - [MESSAGE][PASSED] - Delayed 2 second(s)]]></system-out>
         <system-err><![CDATA[]]></system-err>
      </testcase>
      <testcase name="Test Cases/Backoffice/RegisterAccount" classname="Test Cases/Backoffice/RegisterAccount" status="PASSED">
         <system-out><![CDATA[2018-10-12 13:47:38 - [TEST_CASE][PASSED] - Test Cases/Backoffice/RegisterAccount: Test Cases/Backoffice/RegisterAccount

2018-10-12 13:47:38 - [TEST_STEP][PASSED] - focus: Object: 'Object Repository/Backoffice/Clients/Clients' is focused

2018-10-12 13:47:38 - [MESSAGE][PASSED] - Object: 'Object Repository/Backoffice/Clients/Clients' is focused

2018-10-12 13:47:38 - [TEST_STEP][PASSED] - verifyElementPresent: Object 'Object Repository/Backoffice/Clients/Client Registration' is present

2018-10-12 13:47:38 - [MESSAGE][PASSED] - Object 'Object Repository/Backoffice/Clients/Client Registration' is present

2018-10-12 13:47:38 - [TEST_STEP][PASSED] - click: Object: 'Object Repository/Backoffice/Clients/Client Registration' is clicked on

2018-10-12 13:47:39 - [MESSAGE][PASSED] - Object: 'Object Repository/Backoffice/Clients/Client Registration' is clicked on

2018-10-12 13:47:39 - [TEST_STEP][PASSED] - setText: Text 'hoathandy' is set on object 'Object Repository/Backoffice/Clients/Registration/input_username'

2018-10-12 13:47:39 - [MESSAGE][PASSED] - Text 'hoathandy' is set on object 'Object Repository/Backoffice/Clients/Registration/input_username'

2018-10-12 13:47:39 - [TEST_STEP][PASSED] - setText: Text '123123' is set on object 'Object Repository/Backoffice/Clients/Registration/input_password'

2018-10-12 13:47:39 - [MESSAGE][PASSED] - Text '123123' is set on object 'Object Repository/Backoffice/Clients/Registration/input_password'

2018-10-12 13:47:39 - [TEST_STEP][PASSED] - setText: Text '123123' is set on object 'Object Repository/Backoffice/Clients/Registration/input_confirmp'

2018-10-12 13:47:39 - [MESSAGE][PASSED] - Text '123123' is set on object 'Object Repository/Backoffice/Clients/Registration/input_confirmp'

2018-10-12 13:47:39 - [TEST_STEP][PASSED] - selectOptionByValue: All options with value 'test' are selected in object 'Object Repository/Backoffice/Clients/Registration/select_operatorcode' 

2018-10-12 13:47:40 - [MESSAGE][PASSED] - All options with value 'test' are selected in object 'Object Repository/Backoffice/Clients/Registration/select_operatorcode' 

2018-10-12 13:47:40 - [TEST_STEP][PASSED] - selectOptionByValue: All options with value '1' are selected in object 'Object Repository/Backoffice/Clients/Registration/select_status' 

2018-10-12 13:47:40 - [MESSAGE][PASSED] - All options with value '1' are selected in object 'Object Repository/Backoffice/Clients/Registration/select_status' 

2018-10-12 13:47:40 - [TEST_STEP][PASSED] - delay: Delayed 2 second(s)

2018-10-12 13:47:42 - [MESSAGE][PASSED] - Delayed 2 second(s)

2018-10-12 13:47:42 - [TEST_STEP][PASSED] - click: Object: 'Object Repository/Backoffice/Clients/Registration/button_Submit' is clicked on

2018-10-12 13:47:43 - [MESSAGE][PASSED] - Object: 'Object Repository/Backoffice/Clients/Registration/button_Submit' is clicked on

2018-10-12 13:47:43 - [TEST_STEP][PASSED] - delay: Delayed 2 second(s)

2018-10-12 13:47:45 - [MESSAGE][PASSED] - Delayed 2 second(s)]]></system-out>
         <system-err><![CDATA[]]></system-err>
      </testcase>
      <testcase name="Test Cases/Backoffice/RegisterAccount" classname="Test Cases/Backoffice/RegisterAccount" status="PASSED">
         <system-out><![CDATA[2018-10-12 13:47:45 - [TEST_CASE][PASSED] - Test Cases/Backoffice/RegisterAccount: Test Cases/Backoffice/RegisterAccount

2018-10-12 13:47:45 - [TEST_STEP][PASSED] - focus: Object: 'Object Repository/Backoffice/Clients/Clients' is focused

2018-10-12 13:47:45 - [MESSAGE][PASSED] - Object: 'Object Repository/Backoffice/Clients/Clients' is focused

2018-10-12 13:47:45 - [TEST_STEP][PASSED] - verifyElementPresent: Object 'Object Repository/Backoffice/Clients/Client Registration' is present

2018-10-12 13:47:45 - [MESSAGE][PASSED] - Object 'Object Repository/Backoffice/Clients/Client Registration' is present

2018-10-12 13:47:45 - [TEST_STEP][PASSED] - click: Object: 'Object Repository/Backoffice/Clients/Client Registration' is clicked on

2018-10-12 13:47:45 - [MESSAGE][PASSED] - Object: 'Object Repository/Backoffice/Clients/Client Registration' is clicked on

2018-10-12 13:47:45 - [TEST_STEP][PASSED] - setText: Text 'hodgkinhelper' is set on object 'Object Repository/Backoffice/Clients/Registration/input_username'

2018-10-12 13:47:46 - [MESSAGE][PASSED] - Text 'hodgkinhelper' is set on object 'Object Repository/Backoffice/Clients/Registration/input_username'

2018-10-12 13:47:46 - [TEST_STEP][PASSED] - setText: Text '123123' is set on object 'Object Repository/Backoffice/Clients/Registration/input_password'

2018-10-12 13:47:46 - [MESSAGE][PASSED] - Text '123123' is set on object 'Object Repository/Backoffice/Clients/Registration/input_password'

2018-10-12 13:47:46 - [TEST_STEP][PASSED] - setText: Text '123123' is set on object 'Object Repository/Backoffice/Clients/Registration/input_confirmp'

2018-10-12 13:47:46 - [MESSAGE][PASSED] - Text '123123' is set on object 'Object Repository/Backoffice/Clients/Registration/input_confirmp'

2018-10-12 13:47:46 - [TEST_STEP][PASSED] - selectOptionByValue: All options with value 'test' are selected in object 'Object Repository/Backoffice/Clients/Registration/select_operatorcode' 

2018-10-12 13:47:46 - [MESSAGE][PASSED] - All options with value 'test' are selected in object 'Object Repository/Backoffice/Clients/Registration/select_operatorcode' 

2018-10-12 13:47:46 - [TEST_STEP][PASSED] - selectOptionByValue: All options with value '1' are selected in object 'Object Repository/Backoffice/Clients/Registration/select_status' 

2018-10-12 13:47:46 - [MESSAGE][PASSED] - All options with value '1' are selected in object 'Object Repository/Backoffice/Clients/Registration/select_status' 

2018-10-12 13:47:46 - [TEST_STEP][PASSED] - delay: Delayed 2 second(s)

2018-10-12 13:47:48 - [MESSAGE][PASSED] - Delayed 2 second(s)

2018-10-12 13:47:48 - [TEST_STEP][PASSED] - click: Object: 'Object Repository/Backoffice/Clients/Registration/button_Submit' is clicked on

2018-10-12 13:47:49 - [MESSAGE][PASSED] - Object: 'Object Repository/Backoffice/Clients/Registration/button_Submit' is clicked on

2018-10-12 13:47:49 - [TEST_STEP][PASSED] - delay: Delayed 2 second(s)

2018-10-12 13:47:51 - [MESSAGE][PASSED] - Delayed 2 second(s)]]></system-out>
         <system-err><![CDATA[]]></system-err>
      </testcase>
      <testcase name="Test Cases/Backoffice/RegisterAccount" classname="Test Cases/Backoffice/RegisterAccount" status="PASSED">
         <system-out><![CDATA[2018-10-12 13:47:51 - [TEST_CASE][PASSED] - Test Cases/Backoffice/RegisterAccount: Test Cases/Backoffice/RegisterAccount

2018-10-12 13:47:51 - [TEST_STEP][PASSED] - focus: Object: 'Object Repository/Backoffice/Clients/Clients' is focused

2018-10-12 13:47:52 - [MESSAGE][PASSED] - Object: 'Object Repository/Backoffice/Clients/Clients' is focused

2018-10-12 13:47:52 - [TEST_STEP][PASSED] - verifyElementPresent: Object 'Object Repository/Backoffice/Clients/Client Registration' is present

2018-10-12 13:47:52 - [MESSAGE][PASSED] - Object 'Object Repository/Backoffice/Clients/Client Registration' is present

2018-10-12 13:47:52 - [TEST_STEP][PASSED] - click: Object: 'Object Repository/Backoffice/Clients/Client Registration' is clicked on

2018-10-12 13:47:52 - [MESSAGE][PASSED] - Object: 'Object Repository/Backoffice/Clients/Client Registration' is clicked on

2018-10-12 13:47:52 - [TEST_STEP][PASSED] - setText: Text 'hurthandsome' is set on object 'Object Repository/Backoffice/Clients/Registration/input_username'

2018-10-12 13:47:52 - [MESSAGE][PASSED] - Text 'hurthandsome' is set on object 'Object Repository/Backoffice/Clients/Registration/input_username'

2018-10-12 13:47:52 - [TEST_STEP][PASSED] - setText: Text '123123' is set on object 'Object Repository/Backoffice/Clients/Registration/input_password'

2018-10-12 13:47:52 - [MESSAGE][PASSED] - Text '123123' is set on object 'Object Repository/Backoffice/Clients/Registration/input_password'

2018-10-12 13:47:52 - [TEST_STEP][PASSED] - setText: Text '123123' is set on object 'Object Repository/Backoffice/Clients/Registration/input_confirmp'

2018-10-12 13:47:53 - [MESSAGE][PASSED] - Text '123123' is set on object 'Object Repository/Backoffice/Clients/Registration/input_confirmp'

2018-10-12 13:47:53 - [TEST_STEP][PASSED] - selectOptionByValue: All options with value 'test' are selected in object 'Object Repository/Backoffice/Clients/Registration/select_operatorcode' 

2018-10-12 13:47:53 - [MESSAGE][PASSED] - All options with value 'test' are selected in object 'Object Repository/Backoffice/Clients/Registration/select_operatorcode' 

2018-10-12 13:47:53 - [TEST_STEP][PASSED] - selectOptionByValue: All options with value '1' are selected in object 'Object Repository/Backoffice/Clients/Registration/select_status' 

2018-10-12 13:47:53 - [MESSAGE][PASSED] - All options with value '1' are selected in object 'Object Repository/Backoffice/Clients/Registration/select_status' 

2018-10-12 13:47:53 - [TEST_STEP][PASSED] - delay: Delayed 2 second(s)

2018-10-12 13:47:55 - [MESSAGE][PASSED] - Delayed 2 second(s)

2018-10-12 13:47:55 - [TEST_STEP][PASSED] - click: Object: 'Object Repository/Backoffice/Clients/Registration/button_Submit' is clicked on

2018-10-12 13:47:56 - [MESSAGE][PASSED] - Object: 'Object Repository/Backoffice/Clients/Registration/button_Submit' is clicked on

2018-10-12 13:47:56 - [TEST_STEP][PASSED] - delay: Delayed 2 second(s)

2018-10-12 13:47:58 - [MESSAGE][PASSED] - Delayed 2 second(s)]]></system-out>
         <system-err><![CDATA[]]></system-err>
      </testcase>
      <testcase name="Test Cases/Backoffice/RegisterAccount" classname="Test Cases/Backoffice/RegisterAccount" status="PASSED">
         <system-out><![CDATA[2018-10-12 13:47:58 - [TEST_CASE][PASSED] - Test Cases/Backoffice/RegisterAccount: Test Cases/Backoffice/RegisterAccount

2018-10-12 13:47:58 - [TEST_STEP][PASSED] - focus: Object: 'Object Repository/Backoffice/Clients/Clients' is focused

2018-10-12 13:47:58 - [MESSAGE][PASSED] - Object: 'Object Repository/Backoffice/Clients/Clients' is focused

2018-10-12 13:47:58 - [TEST_STEP][PASSED] - verifyElementPresent: Object 'Object Repository/Backoffice/Clients/Client Registration' is present

2018-10-12 13:47:58 - [MESSAGE][PASSED] - Object 'Object Repository/Backoffice/Clients/Client Registration' is present

2018-10-12 13:47:58 - [TEST_STEP][PASSED] - click: Object: 'Object Repository/Backoffice/Clients/Client Registration' is clicked on

2018-10-12 13:47:59 - [MESSAGE][PASSED] - Object: 'Object Repository/Backoffice/Clients/Client Registration' is clicked on

2018-10-12 13:47:59 - [TEST_STEP][PASSED] - setText: Text 'homeheaky' is set on object 'Object Repository/Backoffice/Clients/Registration/input_username'

2018-10-12 13:47:59 - [MESSAGE][PASSED] - Text 'homeheaky' is set on object 'Object Repository/Backoffice/Clients/Registration/input_username'

2018-10-12 13:47:59 - [TEST_STEP][PASSED] - setText: Text '123123' is set on object 'Object Repository/Backoffice/Clients/Registration/input_password'

2018-10-12 13:47:59 - [MESSAGE][PASSED] - Text '123123' is set on object 'Object Repository/Backoffice/Clients/Registration/input_password'

2018-10-12 13:47:59 - [TEST_STEP][PASSED] - setText: Text '123123' is set on object 'Object Repository/Backoffice/Clients/Registration/input_confirmp'

2018-10-12 13:47:59 - [MESSAGE][PASSED] - Text '123123' is set on object 'Object Repository/Backoffice/Clients/Registration/input_confirmp'

2018-10-12 13:47:59 - [TEST_STEP][PASSED] - selectOptionByValue: All options with value 'test' are selected in object 'Object Repository/Backoffice/Clients/Registration/select_operatorcode' 

2018-10-12 13:47:59 - [MESSAGE][PASSED] - All options with value 'test' are selected in object 'Object Repository/Backoffice/Clients/Registration/select_operatorcode' 

2018-10-12 13:47:59 - [TEST_STEP][PASSED] - selectOptionByValue: All options with value '1' are selected in object 'Object Repository/Backoffice/Clients/Registration/select_status' 

2018-10-12 13:47:59 - [MESSAGE][PASSED] - All options with value '1' are selected in object 'Object Repository/Backoffice/Clients/Registration/select_status' 

2018-10-12 13:47:59 - [TEST_STEP][PASSED] - delay: Delayed 2 second(s)

2018-10-12 13:48:01 - [MESSAGE][PASSED] - Delayed 2 second(s)

2018-10-12 13:48:01 - [TEST_STEP][PASSED] - click: Object: 'Object Repository/Backoffice/Clients/Registration/button_Submit' is clicked on

2018-10-12 13:48:02 - [MESSAGE][PASSED] - Object: 'Object Repository/Backoffice/Clients/Registration/button_Submit' is clicked on

2018-10-12 13:48:02 - [TEST_STEP][PASSED] - delay: Delayed 2 second(s)

2018-10-12 13:48:04 - [MESSAGE][PASSED] - Delayed 2 second(s)]]></system-out>
         <system-err><![CDATA[]]></system-err>
      </testcase>
      <testcase name="Test Cases/Backoffice/RegisterAccount" classname="Test Cases/Backoffice/RegisterAccount" status="PASSED">
         <system-out><![CDATA[2018-10-12 13:48:04 - [TEST_CASE][PASSED] - Test Cases/Backoffice/RegisterAccount: Test Cases/Backoffice/RegisterAccount

2018-10-12 13:48:04 - [TEST_STEP][PASSED] - focus: Object: 'Object Repository/Backoffice/Clients/Clients' is focused

2018-10-12 13:48:04 - [MESSAGE][PASSED] - Object: 'Object Repository/Backoffice/Clients/Clients' is focused

2018-10-12 13:48:04 - [TEST_STEP][PASSED] - verifyElementPresent: Object 'Object Repository/Backoffice/Clients/Client Registration' is present

2018-10-12 13:48:04 - [MESSAGE][PASSED] - Object 'Object Repository/Backoffice/Clients/Client Registration' is present

2018-10-12 13:48:04 - [TEST_STEP][PASSED] - click: Object: 'Object Repository/Backoffice/Clients/Client Registration' is clicked on

2018-10-12 13:48:05 - [MESSAGE][PASSED] - Object: 'Object Repository/Backoffice/Clients/Client Registration' is clicked on

2018-10-12 13:48:05 - [TEST_STEP][PASSED] - setText: Text 'hackinghaughing' is set on object 'Object Repository/Backoffice/Clients/Registration/input_username'

2018-10-12 13:48:05 - [MESSAGE][PASSED] - Text 'hackinghaughing' is set on object 'Object Repository/Backoffice/Clients/Registration/input_username'

2018-10-12 13:48:05 - [TEST_STEP][PASSED] - setText: Text '123123' is set on object 'Object Repository/Backoffice/Clients/Registration/input_password'

2018-10-12 13:48:06 - [MESSAGE][PASSED] - Text '123123' is set on object 'Object Repository/Backoffice/Clients/Registration/input_password'

2018-10-12 13:48:06 - [TEST_STEP][PASSED] - setText: Text '123123' is set on object 'Object Repository/Backoffice/Clients/Registration/input_confirmp'

2018-10-12 13:48:06 - [MESSAGE][PASSED] - Text '123123' is set on object 'Object Repository/Backoffice/Clients/Registration/input_confirmp'

2018-10-12 13:48:06 - [TEST_STEP][PASSED] - selectOptionByValue: All options with value 'test' are selected in object 'Object Repository/Backoffice/Clients/Registration/select_operatorcode' 

2018-10-12 13:48:06 - [MESSAGE][PASSED] - All options with value 'test' are selected in object 'Object Repository/Backoffice/Clients/Registration/select_operatorcode' 

2018-10-12 13:48:06 - [TEST_STEP][PASSED] - selectOptionByValue: All options with value '1' are selected in object 'Object Repository/Backoffice/Clients/Registration/select_status' 

2018-10-12 13:48:06 - [MESSAGE][PASSED] - All options with value '1' are selected in object 'Object Repository/Backoffice/Clients/Registration/select_status' 

2018-10-12 13:48:06 - [TEST_STEP][PASSED] - delay: Delayed 2 second(s)

2018-10-12 13:48:08 - [MESSAGE][PASSED] - Delayed 2 second(s)

2018-10-12 13:48:08 - [TEST_STEP][PASSED] - click: Object: 'Object Repository/Backoffice/Clients/Registration/button_Submit' is clicked on

2018-10-12 13:48:10 - [MESSAGE][PASSED] - Object: 'Object Repository/Backoffice/Clients/Registration/button_Submit' is clicked on

2018-10-12 13:48:10 - [TEST_STEP][PASSED] - delay: Delayed 2 second(s)

2018-10-12 13:48:12 - [MESSAGE][PASSED] - Delayed 2 second(s)]]></system-out>
         <system-err><![CDATA[]]></system-err>
      </testcase>
      <testcase name="Test Cases/Backoffice/RegisterAccount" classname="Test Cases/Backoffice/RegisterAccount" status="PASSED">
         <system-out><![CDATA[2018-10-12 13:48:12 - [TEST_CASE][PASSED] - Test Cases/Backoffice/RegisterAccount: Test Cases/Backoffice/RegisterAccount

2018-10-12 13:48:12 - [TEST_STEP][PASSED] - focus: Object: 'Object Repository/Backoffice/Clients/Clients' is focused

2018-10-12 13:48:12 - [MESSAGE][PASSED] - Object: 'Object Repository/Backoffice/Clients/Clients' is focused

2018-10-12 13:48:12 - [TEST_STEP][PASSED] - verifyElementPresent: Object 'Object Repository/Backoffice/Clients/Client Registration' is present

2018-10-12 13:48:12 - [MESSAGE][PASSED] - Object 'Object Repository/Backoffice/Clients/Client Registration' is present

2018-10-12 13:48:12 - [TEST_STEP][PASSED] - click: Object: 'Object Repository/Backoffice/Clients/Client Registration' is clicked on

2018-10-12 13:48:12 - [MESSAGE][PASSED] - Object: 'Object Repository/Backoffice/Clients/Client Registration' is clicked on

2018-10-12 13:48:12 - [TEST_STEP][PASSED] - setText: Text 'hopperharsh' is set on object 'Object Repository/Backoffice/Clients/Registration/input_username'

2018-10-12 13:48:12 - [MESSAGE][PASSED] - Text 'hopperharsh' is set on object 'Object Repository/Backoffice/Clients/Registration/input_username'

2018-10-12 13:48:12 - [TEST_STEP][PASSED] - setText: Text '123123' is set on object 'Object Repository/Backoffice/Clients/Registration/input_password'

2018-10-12 13:48:12 - [MESSAGE][PASSED] - Text '123123' is set on object 'Object Repository/Backoffice/Clients/Registration/input_password'

2018-10-12 13:48:12 - [TEST_STEP][PASSED] - setText: Text '123123' is set on object 'Object Repository/Backoffice/Clients/Registration/input_confirmp'

2018-10-12 13:48:13 - [MESSAGE][PASSED] - Text '123123' is set on object 'Object Repository/Backoffice/Clients/Registration/input_confirmp'

2018-10-12 13:48:13 - [TEST_STEP][PASSED] - selectOptionByValue: All options with value 'test' are selected in object 'Object Repository/Backoffice/Clients/Registration/select_operatorcode' 

2018-10-12 13:48:13 - [MESSAGE][PASSED] - All options with value 'test' are selected in object 'Object Repository/Backoffice/Clients/Registration/select_operatorcode' 

2018-10-12 13:48:13 - [TEST_STEP][PASSED] - selectOptionByValue: All options with value '1' are selected in object 'Object Repository/Backoffice/Clients/Registration/select_status' 

2018-10-12 13:48:13 - [MESSAGE][PASSED] - All options with value '1' are selected in object 'Object Repository/Backoffice/Clients/Registration/select_status' 

2018-10-12 13:48:13 - [TEST_STEP][PASSED] - delay: Delayed 2 second(s)

2018-10-12 13:48:15 - [MESSAGE][PASSED] - Delayed 2 second(s)

2018-10-12 13:48:15 - [TEST_STEP][PASSED] - click: Object: 'Object Repository/Backoffice/Clients/Registration/button_Submit' is clicked on

2018-10-12 13:48:16 - [MESSAGE][PASSED] - Object: 'Object Repository/Backoffice/Clients/Registration/button_Submit' is clicked on

2018-10-12 13:48:16 - [TEST_STEP][PASSED] - delay: Delayed 2 second(s)

2018-10-12 13:48:18 - [MESSAGE][PASSED] - Delayed 2 second(s)]]></system-out>
         <system-err><![CDATA[]]></system-err>
      </testcase>
      <testcase name="Test Cases/Backoffice/RegisterAccount" classname="Test Cases/Backoffice/RegisterAccount" status="PASSED">
         <system-out><![CDATA[2018-10-12 13:48:18 - [TEST_CASE][PASSED] - Test Cases/Backoffice/RegisterAccount: Test Cases/Backoffice/RegisterAccount

2018-10-12 13:48:18 - [TEST_STEP][PASSED] - focus: Object: 'Object Repository/Backoffice/Clients/Clients' is focused

2018-10-12 13:48:18 - [MESSAGE][PASSED] - Object: 'Object Repository/Backoffice/Clients/Clients' is focused

2018-10-12 13:48:18 - [TEST_STEP][PASSED] - verifyElementPresent: Object 'Object Repository/Backoffice/Clients/Client Registration' is present

2018-10-12 13:48:18 - [MESSAGE][PASSED] - Object 'Object Repository/Backoffice/Clients/Client Registration' is present

2018-10-12 13:48:18 - [TEST_STEP][PASSED] - click: Object: 'Object Repository/Backoffice/Clients/Client Registration' is clicked on

2018-10-12 13:48:18 - [MESSAGE][PASSED] - Object: 'Object Repository/Backoffice/Clients/Client Registration' is clicked on

2018-10-12 13:48:18 - [TEST_STEP][PASSED] - setText: Text 'hurriedherbal' is set on object 'Object Repository/Backoffice/Clients/Registration/input_username'

2018-10-12 13:48:18 - [MESSAGE][PASSED] - Text 'hurriedherbal' is set on object 'Object Repository/Backoffice/Clients/Registration/input_username'

2018-10-12 13:48:18 - [TEST_STEP][PASSED] - setText: Text '123123' is set on object 'Object Repository/Backoffice/Clients/Registration/input_password'

2018-10-12 13:48:19 - [MESSAGE][PASSED] - Text '123123' is set on object 'Object Repository/Backoffice/Clients/Registration/input_password'

2018-10-12 13:48:19 - [TEST_STEP][PASSED] - setText: Text '123123' is set on object 'Object Repository/Backoffice/Clients/Registration/input_confirmp'

2018-10-12 13:48:19 - [MESSAGE][PASSED] - Text '123123' is set on object 'Object Repository/Backoffice/Clients/Registration/input_confirmp'

2018-10-12 13:48:19 - [TEST_STEP][PASSED] - selectOptionByValue: All options with value 'test' are selected in object 'Object Repository/Backoffice/Clients/Registration/select_operatorcode' 

2018-10-12 13:48:19 - [MESSAGE][PASSED] - All options with value 'test' are selected in object 'Object Repository/Backoffice/Clients/Registration/select_operatorcode' 

2018-10-12 13:48:19 - [TEST_STEP][PASSED] - selectOptionByValue: All options with value '1' are selected in object 'Object Repository/Backoffice/Clients/Registration/select_status' 

2018-10-12 13:48:19 - [MESSAGE][PASSED] - All options with value '1' are selected in object 'Object Repository/Backoffice/Clients/Registration/select_status' 

2018-10-12 13:48:19 - [TEST_STEP][PASSED] - delay: Delayed 2 second(s)

2018-10-12 13:48:21 - [MESSAGE][PASSED] - Delayed 2 second(s)

2018-10-12 13:48:21 - [TEST_STEP][PASSED] - click: Object: 'Object Repository/Backoffice/Clients/Registration/button_Submit' is clicked on

2018-10-12 13:48:22 - [MESSAGE][PASSED] - Object: 'Object Repository/Backoffice/Clients/Registration/button_Submit' is clicked on

2018-10-12 13:48:22 - [TEST_STEP][PASSED] - delay: Delayed 2 second(s)

2018-10-12 13:48:24 - [MESSAGE][PASSED] - Delayed 2 second(s)]]></system-out>
         <system-err><![CDATA[]]></system-err>
      </testcase>
      <testcase name="Test Cases/Backoffice/RegisterAccount" classname="Test Cases/Backoffice/RegisterAccount" status="PASSED">
         <system-out><![CDATA[2018-10-12 13:48:24 - [TEST_CASE][PASSED] - Test Cases/Backoffice/RegisterAccount: Test Cases/Backoffice/RegisterAccount

2018-10-12 13:48:24 - [TEST_STEP][PASSED] - focus: Object: 'Object Repository/Backoffice/Clients/Clients' is focused

2018-10-12 13:48:24 - [MESSAGE][PASSED] - Object: 'Object Repository/Backoffice/Clients/Clients' is focused

2018-10-12 13:48:24 - [TEST_STEP][PASSED] - verifyElementPresent: Object 'Object Repository/Backoffice/Clients/Client Registration' is present

2018-10-12 13:48:24 - [MESSAGE][PASSED] - Object 'Object Repository/Backoffice/Clients/Client Registration' is present

2018-10-12 13:48:24 - [TEST_STEP][PASSED] - click: Object: 'Object Repository/Backoffice/Clients/Client Registration' is clicked on

2018-10-12 13:48:25 - [MESSAGE][PASSED] - Object: 'Object Repository/Backoffice/Clients/Client Registration' is clicked on

2018-10-12 13:48:25 - [TEST_STEP][PASSED] - setText: Text 'highesthawse' is set on object 'Object Repository/Backoffice/Clients/Registration/input_username'

2018-10-12 13:48:25 - [MESSAGE][PASSED] - Text 'highesthawse' is set on object 'Object Repository/Backoffice/Clients/Registration/input_username'

2018-10-12 13:48:25 - [TEST_STEP][PASSED] - setText: Text '123123' is set on object 'Object Repository/Backoffice/Clients/Registration/input_password'

2018-10-12 13:48:25 - [MESSAGE][PASSED] - Text '123123' is set on object 'Object Repository/Backoffice/Clients/Registration/input_password'

2018-10-12 13:48:25 - [TEST_STEP][PASSED] - setText: Text '123123' is set on object 'Object Repository/Backoffice/Clients/Registration/input_confirmp'

2018-10-12 13:48:25 - [MESSAGE][PASSED] - Text '123123' is set on object 'Object Repository/Backoffice/Clients/Registration/input_confirmp'

2018-10-12 13:48:25 - [TEST_STEP][PASSED] - selectOptionByValue: All options with value 'test' are selected in object 'Object Repository/Backoffice/Clients/Registration/select_operatorcode' 

2018-10-12 13:48:25 - [MESSAGE][PASSED] - All options with value 'test' are selected in object 'Object Repository/Backoffice/Clients/Registration/select_operatorcode' 

2018-10-12 13:48:25 - [TEST_STEP][PASSED] - selectOptionByValue: All options with value '1' are selected in object 'Object Repository/Backoffice/Clients/Registration/select_status' 

2018-10-12 13:48:25 - [MESSAGE][PASSED] - All options with value '1' are selected in object 'Object Repository/Backoffice/Clients/Registration/select_status' 

2018-10-12 13:48:25 - [TEST_STEP][PASSED] - delay: Delayed 2 second(s)

2018-10-12 13:48:27 - [MESSAGE][PASSED] - Delayed 2 second(s)

2018-10-12 13:48:27 - [TEST_STEP][PASSED] - click: Object: 'Object Repository/Backoffice/Clients/Registration/button_Submit' is clicked on

2018-10-12 13:48:28 - [MESSAGE][PASSED] - Object: 'Object Repository/Backoffice/Clients/Registration/button_Submit' is clicked on

2018-10-12 13:48:28 - [TEST_STEP][PASSED] - delay: Delayed 2 second(s)

2018-10-12 13:48:30 - [MESSAGE][PASSED] - Delayed 2 second(s)]]></system-out>
         <system-err><![CDATA[]]></system-err>
      </testcase>
      <testcase name="Test Cases/Backoffice/RegisterAccount" classname="Test Cases/Backoffice/RegisterAccount" status="PASSED">
         <system-out><![CDATA[2018-10-12 13:48:30 - [TEST_CASE][PASSED] - Test Cases/Backoffice/RegisterAccount: Test Cases/Backoffice/RegisterAccount

2018-10-12 13:48:30 - [TEST_STEP][PASSED] - focus: Object: 'Object Repository/Backoffice/Clients/Clients' is focused

2018-10-12 13:48:30 - [MESSAGE][PASSED] - Object: 'Object Repository/Backoffice/Clients/Clients' is focused

2018-10-12 13:48:30 - [TEST_STEP][PASSED] - verifyElementPresent: Object 'Object Repository/Backoffice/Clients/Client Registration' is present

2018-10-12 13:48:30 - [MESSAGE][PASSED] - Object 'Object Repository/Backoffice/Clients/Client Registration' is present

2018-10-12 13:48:30 - [TEST_STEP][PASSED] - click: Object: 'Object Repository/Backoffice/Clients/Client Registration' is clicked on

2018-10-12 13:48:31 - [MESSAGE][PASSED] - Object: 'Object Repository/Backoffice/Clients/Client Registration' is clicked on

2018-10-12 13:48:31 - [TEST_STEP][PASSED] - setText: Text 'hickhiccup' is set on object 'Object Repository/Backoffice/Clients/Registration/input_username'

2018-10-12 13:48:31 - [MESSAGE][PASSED] - Text 'hickhiccup' is set on object 'Object Repository/Backoffice/Clients/Registration/input_username'

2018-10-12 13:48:31 - [TEST_STEP][PASSED] - setText: Text '123123' is set on object 'Object Repository/Backoffice/Clients/Registration/input_password'

2018-10-12 13:48:31 - [MESSAGE][PASSED] - Text '123123' is set on object 'Object Repository/Backoffice/Clients/Registration/input_password'

2018-10-12 13:48:31 - [TEST_STEP][PASSED] - setText: Text '123123' is set on object 'Object Repository/Backoffice/Clients/Registration/input_confirmp'

2018-10-12 13:48:31 - [MESSAGE][PASSED] - Text '123123' is set on object 'Object Repository/Backoffice/Clients/Registration/input_confirmp'

2018-10-12 13:48:31 - [TEST_STEP][PASSED] - selectOptionByValue: All options with value 'test' are selected in object 'Object Repository/Backoffice/Clients/Registration/select_operatorcode' 

2018-10-12 13:48:31 - [MESSAGE][PASSED] - All options with value 'test' are selected in object 'Object Repository/Backoffice/Clients/Registration/select_operatorcode' 

2018-10-12 13:48:31 - [TEST_STEP][PASSED] - selectOptionByValue: All options with value '1' are selected in object 'Object Repository/Backoffice/Clients/Registration/select_status' 

2018-10-12 13:48:31 - [MESSAGE][PASSED] - All options with value '1' are selected in object 'Object Repository/Backoffice/Clients/Registration/select_status' 

2018-10-12 13:48:31 - [TEST_STEP][PASSED] - delay: Delayed 2 second(s)

2018-10-12 13:48:33 - [MESSAGE][PASSED] - Delayed 2 second(s)

2018-10-12 13:48:33 - [TEST_STEP][PASSED] - click: Object: 'Object Repository/Backoffice/Clients/Registration/button_Submit' is clicked on

2018-10-12 13:48:34 - [MESSAGE][PASSED] - Object: 'Object Repository/Backoffice/Clients/Registration/button_Submit' is clicked on

2018-10-12 13:48:34 - [TEST_STEP][PASSED] - delay: Delayed 2 second(s)

2018-10-12 13:48:36 - [MESSAGE][PASSED] - Delayed 2 second(s)]]></system-out>
         <system-err><![CDATA[]]></system-err>
      </testcase>
      <testcase name="Test Cases/Backoffice/RegisterAccount" classname="Test Cases/Backoffice/RegisterAccount" status="PASSED">
         <system-out><![CDATA[2018-10-12 13:48:36 - [TEST_CASE][PASSED] - Test Cases/Backoffice/RegisterAccount: Test Cases/Backoffice/RegisterAccount

2018-10-12 13:48:36 - [TEST_STEP][PASSED] - focus: Object: 'Object Repository/Backoffice/Clients/Clients' is focused

2018-10-12 13:48:37 - [MESSAGE][PASSED] - Object: 'Object Repository/Backoffice/Clients/Clients' is focused

2018-10-12 13:48:37 - [TEST_STEP][PASSED] - verifyElementPresent: Object 'Object Repository/Backoffice/Clients/Client Registration' is present

2018-10-12 13:48:37 - [MESSAGE][PASSED] - Object 'Object Repository/Backoffice/Clients/Client Registration' is present

2018-10-12 13:48:37 - [TEST_STEP][PASSED] - click: Object: 'Object Repository/Backoffice/Clients/Client Registration' is clicked on

2018-10-12 13:48:38 - [MESSAGE][PASSED] - Object: 'Object Repository/Backoffice/Clients/Client Registration' is clicked on

2018-10-12 13:48:38 - [TEST_STEP][PASSED] - setText: Text 'halogenhugger' is set on object 'Object Repository/Backoffice/Clients/Registration/input_username'

2018-10-12 13:48:38 - [MESSAGE][PASSED] - Text 'halogenhugger' is set on object 'Object Repository/Backoffice/Clients/Registration/input_username'

2018-10-12 13:48:38 - [TEST_STEP][PASSED] - setText: Text '123123' is set on object 'Object Repository/Backoffice/Clients/Registration/input_password'

2018-10-12 13:48:38 - [MESSAGE][PASSED] - Text '123123' is set on object 'Object Repository/Backoffice/Clients/Registration/input_password'

2018-10-12 13:48:38 - [TEST_STEP][PASSED] - setText: Text '123123' is set on object 'Object Repository/Backoffice/Clients/Registration/input_confirmp'

2018-10-12 13:48:38 - [MESSAGE][PASSED] - Text '123123' is set on object 'Object Repository/Backoffice/Clients/Registration/input_confirmp'

2018-10-12 13:48:38 - [TEST_STEP][PASSED] - selectOptionByValue: All options with value 'test' are selected in object 'Object Repository/Backoffice/Clients/Registration/select_operatorcode' 

2018-10-12 13:48:39 - [MESSAGE][PASSED] - All options with value 'test' are selected in object 'Object Repository/Backoffice/Clients/Registration/select_operatorcode' 

2018-10-12 13:48:39 - [TEST_STEP][PASSED] - selectOptionByValue: All options with value '1' are selected in object 'Object Repository/Backoffice/Clients/Registration/select_status' 

2018-10-12 13:48:39 - [MESSAGE][PASSED] - All options with value '1' are selected in object 'Object Repository/Backoffice/Clients/Registration/select_status' 

2018-10-12 13:48:39 - [TEST_STEP][PASSED] - delay: Delayed 2 second(s)

2018-10-12 13:48:41 - [MESSAGE][PASSED] - Delayed 2 second(s)

2018-10-12 13:48:41 - [TEST_STEP][PASSED] - click: Object: 'Object Repository/Backoffice/Clients/Registration/button_Submit' is clicked on

2018-10-12 13:48:42 - [MESSAGE][PASSED] - Object: 'Object Repository/Backoffice/Clients/Registration/button_Submit' is clicked on

2018-10-12 13:48:42 - [TEST_STEP][PASSED] - delay: Delayed 2 second(s)

2018-10-12 13:48:44 - [MESSAGE][PASSED] - Delayed 2 second(s)]]></system-out>
         <system-err><![CDATA[]]></system-err>
      </testcase>
      <testcase name="Test Cases/Backoffice/RegisterAccount" classname="Test Cases/Backoffice/RegisterAccount" status="PASSED">
         <system-out><![CDATA[2018-10-12 13:48:44 - [TEST_CASE][PASSED] - Test Cases/Backoffice/RegisterAccount: Test Cases/Backoffice/RegisterAccount

2018-10-12 13:48:44 - [TEST_STEP][PASSED] - focus: Object: 'Object Repository/Backoffice/Clients/Clients' is focused

2018-10-12 13:48:44 - [MESSAGE][PASSED] - Object: 'Object Repository/Backoffice/Clients/Clients' is focused

2018-10-12 13:48:44 - [TEST_STEP][PASSED] - verifyElementPresent: Object 'Object Repository/Backoffice/Clients/Client Registration' is present

2018-10-12 13:48:44 - [MESSAGE][PASSED] - Object 'Object Repository/Backoffice/Clients/Client Registration' is present

2018-10-12 13:48:44 - [TEST_STEP][PASSED] - click: Object: 'Object Repository/Backoffice/Clients/Client Registration' is clicked on

2018-10-12 13:48:45 - [MESSAGE][PASSED] - Object: 'Object Repository/Backoffice/Clients/Client Registration' is clicked on

2018-10-12 13:48:45 - [TEST_STEP][PASSED] - setText: Text 'historichip' is set on object 'Object Repository/Backoffice/Clients/Registration/input_username'

2018-10-12 13:48:45 - [MESSAGE][PASSED] - Text 'historichip' is set on object 'Object Repository/Backoffice/Clients/Registration/input_username'

2018-10-12 13:48:45 - [TEST_STEP][PASSED] - setText: Text '123123' is set on object 'Object Repository/Backoffice/Clients/Registration/input_password'

2018-10-12 13:48:45 - [MESSAGE][PASSED] - Text '123123' is set on object 'Object Repository/Backoffice/Clients/Registration/input_password'

2018-10-12 13:48:45 - [TEST_STEP][PASSED] - setText: Text '123123' is set on object 'Object Repository/Backoffice/Clients/Registration/input_confirmp'

2018-10-12 13:48:45 - [MESSAGE][PASSED] - Text '123123' is set on object 'Object Repository/Backoffice/Clients/Registration/input_confirmp'

2018-10-12 13:48:45 - [TEST_STEP][PASSED] - selectOptionByValue: All options with value 'test' are selected in object 'Object Repository/Backoffice/Clients/Registration/select_operatorcode' 

2018-10-12 13:48:45 - [MESSAGE][PASSED] - All options with value 'test' are selected in object 'Object Repository/Backoffice/Clients/Registration/select_operatorcode' 

2018-10-12 13:48:45 - [TEST_STEP][PASSED] - selectOptionByValue: All options with value '1' are selected in object 'Object Repository/Backoffice/Clients/Registration/select_status' 

2018-10-12 13:48:46 - [MESSAGE][PASSED] - All options with value '1' are selected in object 'Object Repository/Backoffice/Clients/Registration/select_status' 

2018-10-12 13:48:46 - [TEST_STEP][PASSED] - delay: Delayed 2 second(s)

2018-10-12 13:48:48 - [MESSAGE][PASSED] - Delayed 2 second(s)

2018-10-12 13:48:48 - [TEST_STEP][PASSED] - click: Object: 'Object Repository/Backoffice/Clients/Registration/button_Submit' is clicked on

2018-10-12 13:48:49 - [MESSAGE][PASSED] - Object: 'Object Repository/Backoffice/Clients/Registration/button_Submit' is clicked on

2018-10-12 13:48:49 - [TEST_STEP][PASSED] - delay: Delayed 2 second(s)

2018-10-12 13:48:51 - [MESSAGE][PASSED] - Delayed 2 second(s)]]></system-out>
         <system-err><![CDATA[]]></system-err>
      </testcase>
      <testcase name="Test Cases/Backoffice/RegisterAccount" classname="Test Cases/Backoffice/RegisterAccount" status="PASSED">
         <system-out><![CDATA[2018-10-12 13:48:51 - [TEST_CASE][PASSED] - Test Cases/Backoffice/RegisterAccount: Test Cases/Backoffice/RegisterAccount

2018-10-12 13:48:51 - [TEST_STEP][PASSED] - focus: Object: 'Object Repository/Backoffice/Clients/Clients' is focused

2018-10-12 13:48:51 - [MESSAGE][PASSED] - Object: 'Object Repository/Backoffice/Clients/Clients' is focused

2018-10-12 13:48:51 - [TEST_STEP][PASSED] - verifyElementPresent: Object 'Object Repository/Backoffice/Clients/Client Registration' is present

2018-10-12 13:48:51 - [MESSAGE][PASSED] - Object 'Object Repository/Backoffice/Clients/Client Registration' is present

2018-10-12 13:48:51 - [TEST_STEP][PASSED] - click: Object: 'Object Repository/Backoffice/Clients/Client Registration' is clicked on

2018-10-12 13:48:52 - [MESSAGE][PASSED] - Object: 'Object Repository/Backoffice/Clients/Client Registration' is clicked on

2018-10-12 13:48:52 - [TEST_STEP][PASSED] - setText: Text 'hopesharry' is set on object 'Object Repository/Backoffice/Clients/Registration/input_username'

2018-10-12 13:48:52 - [MESSAGE][PASSED] - Text 'hopesharry' is set on object 'Object Repository/Backoffice/Clients/Registration/input_username'

2018-10-12 13:48:52 - [TEST_STEP][PASSED] - setText: Text '123123' is set on object 'Object Repository/Backoffice/Clients/Registration/input_password'

2018-10-12 13:48:52 - [MESSAGE][PASSED] - Text '123123' is set on object 'Object Repository/Backoffice/Clients/Registration/input_password'

2018-10-12 13:48:52 - [TEST_STEP][PASSED] - setText: Text '123123' is set on object 'Object Repository/Backoffice/Clients/Registration/input_confirmp'

2018-10-12 13:48:52 - [MESSAGE][PASSED] - Text '123123' is set on object 'Object Repository/Backoffice/Clients/Registration/input_confirmp'

2018-10-12 13:48:52 - [TEST_STEP][PASSED] - selectOptionByValue: All options with value 'test' are selected in object 'Object Repository/Backoffice/Clients/Registration/select_operatorcode' 

2018-10-12 13:48:52 - [MESSAGE][PASSED] - All options with value 'test' are selected in object 'Object Repository/Backoffice/Clients/Registration/select_operatorcode' 

2018-10-12 13:48:52 - [TEST_STEP][PASSED] - selectOptionByValue: All options with value '1' are selected in object 'Object Repository/Backoffice/Clients/Registration/select_status' 

2018-10-12 13:48:52 - [MESSAGE][PASSED] - All options with value '1' are selected in object 'Object Repository/Backoffice/Clients/Registration/select_status' 

2018-10-12 13:48:52 - [TEST_STEP][PASSED] - delay: Delayed 2 second(s)

2018-10-12 13:48:54 - [MESSAGE][PASSED] - Delayed 2 second(s)

2018-10-12 13:48:54 - [TEST_STEP][PASSED] - click: Object: 'Object Repository/Backoffice/Clients/Registration/button_Submit' is clicked on

2018-10-12 13:48:55 - [MESSAGE][PASSED] - Object: 'Object Repository/Backoffice/Clients/Registration/button_Submit' is clicked on

2018-10-12 13:48:55 - [TEST_STEP][PASSED] - delay: Delayed 2 second(s)

2018-10-12 13:48:57 - [MESSAGE][PASSED] - Delayed 2 second(s)]]></system-out>
         <system-err><![CDATA[]]></system-err>
      </testcase>
      <testcase name="Test Cases/Backoffice/RegisterAccount" classname="Test Cases/Backoffice/RegisterAccount" status="PASSED">
         <system-out><![CDATA[2018-10-12 13:48:57 - [TEST_CASE][PASSED] - Test Cases/Backoffice/RegisterAccount: Test Cases/Backoffice/RegisterAccount

2018-10-12 13:48:57 - [TEST_STEP][PASSED] - focus: Object: 'Object Repository/Backoffice/Clients/Clients' is focused

2018-10-12 13:48:57 - [MESSAGE][PASSED] - Object: 'Object Repository/Backoffice/Clients/Clients' is focused

2018-10-12 13:48:57 - [TEST_STEP][PASSED] - verifyElementPresent: Object 'Object Repository/Backoffice/Clients/Client Registration' is present

2018-10-12 13:48:57 - [MESSAGE][PASSED] - Object 'Object Repository/Backoffice/Clients/Client Registration' is present

2018-10-12 13:48:57 - [TEST_STEP][PASSED] - click: Object: 'Object Repository/Backoffice/Clients/Client Registration' is clicked on

2018-10-12 13:48:59 - [MESSAGE][PASSED] - Object: 'Object Repository/Backoffice/Clients/Client Registration' is clicked on

2018-10-12 13:48:59 - [TEST_STEP][PASSED] - setText: Text 'holyhash' is set on object 'Object Repository/Backoffice/Clients/Registration/input_username'

2018-10-12 13:48:59 - [MESSAGE][PASSED] - Text 'holyhash' is set on object 'Object Repository/Backoffice/Clients/Registration/input_username'

2018-10-12 13:48:59 - [TEST_STEP][PASSED] - setText: Text '123123' is set on object 'Object Repository/Backoffice/Clients/Registration/input_password'

2018-10-12 13:48:59 - [MESSAGE][PASSED] - Text '123123' is set on object 'Object Repository/Backoffice/Clients/Registration/input_password'

2018-10-12 13:48:59 - [TEST_STEP][PASSED] - setText: Text '123123' is set on object 'Object Repository/Backoffice/Clients/Registration/input_confirmp'

2018-10-12 13:48:59 - [MESSAGE][PASSED] - Text '123123' is set on object 'Object Repository/Backoffice/Clients/Registration/input_confirmp'

2018-10-12 13:48:59 - [TEST_STEP][PASSED] - selectOptionByValue: All options with value 'test' are selected in object 'Object Repository/Backoffice/Clients/Registration/select_operatorcode' 

2018-10-12 13:49:00 - [MESSAGE][PASSED] - All options with value 'test' are selected in object 'Object Repository/Backoffice/Clients/Registration/select_operatorcode' 

2018-10-12 13:49:00 - [TEST_STEP][PASSED] - selectOptionByValue: All options with value '1' are selected in object 'Object Repository/Backoffice/Clients/Registration/select_status' 

2018-10-12 13:49:00 - [MESSAGE][PASSED] - All options with value '1' are selected in object 'Object Repository/Backoffice/Clients/Registration/select_status' 

2018-10-12 13:49:00 - [TEST_STEP][PASSED] - delay: Delayed 2 second(s)

2018-10-12 13:49:02 - [MESSAGE][PASSED] - Delayed 2 second(s)

2018-10-12 13:49:02 - [TEST_STEP][PASSED] - click: Object: 'Object Repository/Backoffice/Clients/Registration/button_Submit' is clicked on

2018-10-12 13:49:03 - [MESSAGE][PASSED] - Object: 'Object Repository/Backoffice/Clients/Registration/button_Submit' is clicked on

2018-10-12 13:49:03 - [TEST_STEP][PASSED] - delay: Delayed 2 second(s)

2018-10-12 13:49:05 - [MESSAGE][PASSED] - Delayed 2 second(s)]]></system-out>
         <system-err><![CDATA[]]></system-err>
      </testcase>
      <testcase name="Test Cases/Backoffice/RegisterAccount" classname="Test Cases/Backoffice/RegisterAccount" status="PASSED">
         <system-out><![CDATA[2018-10-12 13:49:05 - [TEST_CASE][PASSED] - Test Cases/Backoffice/RegisterAccount: Test Cases/Backoffice/RegisterAccount

2018-10-12 13:49:05 - [TEST_STEP][PASSED] - focus: Object: 'Object Repository/Backoffice/Clients/Clients' is focused

2018-10-12 13:49:05 - [MESSAGE][PASSED] - Object: 'Object Repository/Backoffice/Clients/Clients' is focused

2018-10-12 13:49:05 - [TEST_STEP][PASSED] - verifyElementPresent: Object 'Object Repository/Backoffice/Clients/Client Registration' is present

2018-10-12 13:49:05 - [MESSAGE][PASSED] - Object 'Object Repository/Backoffice/Clients/Client Registration' is present

2018-10-12 13:49:05 - [TEST_STEP][PASSED] - click: Object: 'Object Repository/Backoffice/Clients/Client Registration' is clicked on

2018-10-12 13:49:06 - [MESSAGE][PASSED] - Object: 'Object Repository/Backoffice/Clients/Client Registration' is clicked on

2018-10-12 13:49:06 - [TEST_STEP][PASSED] - setText: Text 'honeycombhistoric' is set on object 'Object Repository/Backoffice/Clients/Registration/input_username'

2018-10-12 13:49:06 - [MESSAGE][PASSED] - Text 'honeycombhistoric' is set on object 'Object Repository/Backoffice/Clients/Registration/input_username'

2018-10-12 13:49:06 - [TEST_STEP][PASSED] - setText: Text '123123' is set on object 'Object Repository/Backoffice/Clients/Registration/input_password'

2018-10-12 13:49:06 - [MESSAGE][PASSED] - Text '123123' is set on object 'Object Repository/Backoffice/Clients/Registration/input_password'

2018-10-12 13:49:06 - [TEST_STEP][PASSED] - setText: Text '123123' is set on object 'Object Repository/Backoffice/Clients/Registration/input_confirmp'

2018-10-12 13:49:06 - [MESSAGE][PASSED] - Text '123123' is set on object 'Object Repository/Backoffice/Clients/Registration/input_confirmp'

2018-10-12 13:49:06 - [TEST_STEP][PASSED] - selectOptionByValue: All options with value 'test' are selected in object 'Object Repository/Backoffice/Clients/Registration/select_operatorcode' 

2018-10-12 13:49:06 - [MESSAGE][PASSED] - All options with value 'test' are selected in object 'Object Repository/Backoffice/Clients/Registration/select_operatorcode' 

2018-10-12 13:49:06 - [TEST_STEP][PASSED] - selectOptionByValue: All options with value '1' are selected in object 'Object Repository/Backoffice/Clients/Registration/select_status' 

2018-10-12 13:49:06 - [MESSAGE][PASSED] - All options with value '1' are selected in object 'Object Repository/Backoffice/Clients/Registration/select_status' 

2018-10-12 13:49:06 - [TEST_STEP][PASSED] - delay: Delayed 2 second(s)

2018-10-12 13:49:08 - [MESSAGE][PASSED] - Delayed 2 second(s)

2018-10-12 13:49:08 - [TEST_STEP][PASSED] - click: Object: 'Object Repository/Backoffice/Clients/Registration/button_Submit' is clicked on

2018-10-12 13:49:09 - [MESSAGE][PASSED] - Object: 'Object Repository/Backoffice/Clients/Registration/button_Submit' is clicked on

2018-10-12 13:49:09 - [TEST_STEP][PASSED] - delay: Delayed 2 second(s)

2018-10-12 13:49:11 - [MESSAGE][PASSED] - Delayed 2 second(s)]]></system-out>
         <system-err><![CDATA[]]></system-err>
      </testcase>
      <testcase name="Test Cases/Backoffice/RegisterAccount" classname="Test Cases/Backoffice/RegisterAccount" status="PASSED">
         <system-out><![CDATA[2018-10-12 13:49:11 - [TEST_CASE][PASSED] - Test Cases/Backoffice/RegisterAccount: Test Cases/Backoffice/RegisterAccount

2018-10-12 13:49:11 - [TEST_STEP][PASSED] - focus: Object: 'Object Repository/Backoffice/Clients/Clients' is focused

2018-10-12 13:49:11 - [MESSAGE][PASSED] - Object: 'Object Repository/Backoffice/Clients/Clients' is focused

2018-10-12 13:49:11 - [TEST_STEP][PASSED] - verifyElementPresent: Object 'Object Repository/Backoffice/Clients/Client Registration' is present

2018-10-12 13:49:11 - [MESSAGE][PASSED] - Object 'Object Repository/Backoffice/Clients/Client Registration' is present

2018-10-12 13:49:11 - [TEST_STEP][PASSED] - click: Object: 'Object Repository/Backoffice/Clients/Client Registration' is clicked on

2018-10-12 13:49:12 - [MESSAGE][PASSED] - Object: 'Object Repository/Backoffice/Clients/Client Registration' is clicked on

2018-10-12 13:49:12 - [TEST_STEP][PASSED] - setText: Text 'holinghorde' is set on object 'Object Repository/Backoffice/Clients/Registration/input_username'

2018-10-12 13:49:12 - [MESSAGE][PASSED] - Text 'holinghorde' is set on object 'Object Repository/Backoffice/Clients/Registration/input_username'

2018-10-12 13:49:12 - [TEST_STEP][PASSED] - setText: Text '123123' is set on object 'Object Repository/Backoffice/Clients/Registration/input_password'

2018-10-12 13:49:13 - [MESSAGE][PASSED] - Text '123123' is set on object 'Object Repository/Backoffice/Clients/Registration/input_password'

2018-10-12 13:49:13 - [TEST_STEP][PASSED] - setText: Text '123123' is set on object 'Object Repository/Backoffice/Clients/Registration/input_confirmp'

2018-10-12 13:49:13 - [MESSAGE][PASSED] - Text '123123' is set on object 'Object Repository/Backoffice/Clients/Registration/input_confirmp'

2018-10-12 13:49:13 - [TEST_STEP][PASSED] - selectOptionByValue: All options with value 'test' are selected in object 'Object Repository/Backoffice/Clients/Registration/select_operatorcode' 

2018-10-12 13:49:13 - [MESSAGE][PASSED] - All options with value 'test' are selected in object 'Object Repository/Backoffice/Clients/Registration/select_operatorcode' 

2018-10-12 13:49:13 - [TEST_STEP][PASSED] - selectOptionByValue: All options with value '1' are selected in object 'Object Repository/Backoffice/Clients/Registration/select_status' 

2018-10-12 13:49:13 - [MESSAGE][PASSED] - All options with value '1' are selected in object 'Object Repository/Backoffice/Clients/Registration/select_status' 

2018-10-12 13:49:13 - [TEST_STEP][PASSED] - delay: Delayed 2 second(s)

2018-10-12 13:49:15 - [MESSAGE][PASSED] - Delayed 2 second(s)

2018-10-12 13:49:15 - [TEST_STEP][PASSED] - click: Object: 'Object Repository/Backoffice/Clients/Registration/button_Submit' is clicked on

2018-10-12 13:49:16 - [MESSAGE][PASSED] - Object: 'Object Repository/Backoffice/Clients/Registration/button_Submit' is clicked on

2018-10-12 13:49:16 - [TEST_STEP][PASSED] - delay: Delayed 2 second(s)

2018-10-12 13:49:18 - [MESSAGE][PASSED] - Delayed 2 second(s)]]></system-out>
         <system-err><![CDATA[]]></system-err>
      </testcase>
      <testcase name="Test Cases/Backoffice/RegisterAccount" classname="Test Cases/Backoffice/RegisterAccount" status="PASSED">
         <system-out><![CDATA[2018-10-12 13:49:18 - [TEST_CASE][PASSED] - Test Cases/Backoffice/RegisterAccount: Test Cases/Backoffice/RegisterAccount

2018-10-12 13:49:18 - [TEST_STEP][PASSED] - focus: Object: 'Object Repository/Backoffice/Clients/Clients' is focused

2018-10-12 13:49:18 - [MESSAGE][PASSED] - Object: 'Object Repository/Backoffice/Clients/Clients' is focused

2018-10-12 13:49:18 - [TEST_STEP][PASSED] - verifyElementPresent: Object 'Object Repository/Backoffice/Clients/Client Registration' is present

2018-10-12 13:49:18 - [MESSAGE][PASSED] - Object 'Object Repository/Backoffice/Clients/Client Registration' is present

2018-10-12 13:49:18 - [TEST_STEP][PASSED] - click: Object: 'Object Repository/Backoffice/Clients/Client Registration' is clicked on

2018-10-12 13:49:19 - [MESSAGE][PASSED] - Object: 'Object Repository/Backoffice/Clients/Client Registration' is clicked on

2018-10-12 13:49:19 - [TEST_STEP][PASSED] - setText: Text 'hinityhistory' is set on object 'Object Repository/Backoffice/Clients/Registration/input_username'

2018-10-12 13:49:19 - [MESSAGE][PASSED] - Text 'hinityhistory' is set on object 'Object Repository/Backoffice/Clients/Registration/input_username'

2018-10-12 13:49:19 - [TEST_STEP][PASSED] - setText: Text '123123' is set on object 'Object Repository/Backoffice/Clients/Registration/input_password'

2018-10-12 13:49:19 - [MESSAGE][PASSED] - Text '123123' is set on object 'Object Repository/Backoffice/Clients/Registration/input_password'

2018-10-12 13:49:19 - [TEST_STEP][PASSED] - setText: Text '123123' is set on object 'Object Repository/Backoffice/Clients/Registration/input_confirmp'

2018-10-12 13:49:20 - [MESSAGE][PASSED] - Text '123123' is set on object 'Object Repository/Backoffice/Clients/Registration/input_confirmp'

2018-10-12 13:49:20 - [TEST_STEP][PASSED] - selectOptionByValue: All options with value 'test' are selected in object 'Object Repository/Backoffice/Clients/Registration/select_operatorcode' 

2018-10-12 13:49:20 - [MESSAGE][PASSED] - All options with value 'test' are selected in object 'Object Repository/Backoffice/Clients/Registration/select_operatorcode' 

2018-10-12 13:49:20 - [TEST_STEP][PASSED] - selectOptionByValue: All options with value '1' are selected in object 'Object Repository/Backoffice/Clients/Registration/select_status' 

2018-10-12 13:49:20 - [MESSAGE][PASSED] - All options with value '1' are selected in object 'Object Repository/Backoffice/Clients/Registration/select_status' 

2018-10-12 13:49:20 - [TEST_STEP][PASSED] - delay: Delayed 2 second(s)

2018-10-12 13:49:22 - [MESSAGE][PASSED] - Delayed 2 second(s)

2018-10-12 13:49:22 - [TEST_STEP][PASSED] - click: Object: 'Object Repository/Backoffice/Clients/Registration/button_Submit' is clicked on

2018-10-12 13:49:23 - [MESSAGE][PASSED] - Object: 'Object Repository/Backoffice/Clients/Registration/button_Submit' is clicked on

2018-10-12 13:49:23 - [TEST_STEP][PASSED] - delay: Delayed 2 second(s)

2018-10-12 13:49:25 - [MESSAGE][PASSED] - Delayed 2 second(s)]]></system-out>
         <system-err><![CDATA[]]></system-err>
      </testcase>
      <testcase name="Test Cases/Backoffice/RegisterAccount" classname="Test Cases/Backoffice/RegisterAccount" status="PASSED">
         <system-out><![CDATA[2018-10-12 13:49:25 - [TEST_CASE][PASSED] - Test Cases/Backoffice/RegisterAccount: Test Cases/Backoffice/RegisterAccount

2018-10-12 13:49:25 - [TEST_STEP][PASSED] - focus: Object: 'Object Repository/Backoffice/Clients/Clients' is focused

2018-10-12 13:49:25 - [MESSAGE][PASSED] - Object: 'Object Repository/Backoffice/Clients/Clients' is focused

2018-10-12 13:49:25 - [TEST_STEP][PASSED] - verifyElementPresent: Object 'Object Repository/Backoffice/Clients/Client Registration' is present

2018-10-12 13:49:26 - [MESSAGE][PASSED] - Object 'Object Repository/Backoffice/Clients/Client Registration' is present

2018-10-12 13:49:26 - [TEST_STEP][PASSED] - click: Object: 'Object Repository/Backoffice/Clients/Client Registration' is clicked on

2018-10-12 13:49:26 - [MESSAGE][PASSED] - Object: 'Object Repository/Backoffice/Clients/Client Registration' is clicked on

2018-10-12 13:49:26 - [TEST_STEP][PASSED] - setText: Text 'heighthubble' is set on object 'Object Repository/Backoffice/Clients/Registration/input_username'

2018-10-12 13:49:27 - [MESSAGE][PASSED] - Text 'heighthubble' is set on object 'Object Repository/Backoffice/Clients/Registration/input_username'

2018-10-12 13:49:27 - [TEST_STEP][PASSED] - setText: Text '123123' is set on object 'Object Repository/Backoffice/Clients/Registration/input_password'

2018-10-12 13:49:27 - [MESSAGE][PASSED] - Text '123123' is set on object 'Object Repository/Backoffice/Clients/Registration/input_password'

2018-10-12 13:49:27 - [TEST_STEP][PASSED] - setText: Text '123123' is set on object 'Object Repository/Backoffice/Clients/Registration/input_confirmp'

2018-10-12 13:49:27 - [MESSAGE][PASSED] - Text '123123' is set on object 'Object Repository/Backoffice/Clients/Registration/input_confirmp'

2018-10-12 13:49:27 - [TEST_STEP][PASSED] - selectOptionByValue: All options with value 'test' are selected in object 'Object Repository/Backoffice/Clients/Registration/select_operatorcode' 

2018-10-12 13:49:27 - [MESSAGE][PASSED] - All options with value 'test' are selected in object 'Object Repository/Backoffice/Clients/Registration/select_operatorcode' 

2018-10-12 13:49:27 - [TEST_STEP][PASSED] - selectOptionByValue: All options with value '1' are selected in object 'Object Repository/Backoffice/Clients/Registration/select_status' 

2018-10-12 13:49:27 - [MESSAGE][PASSED] - All options with value '1' are selected in object 'Object Repository/Backoffice/Clients/Registration/select_status' 

2018-10-12 13:49:27 - [TEST_STEP][PASSED] - delay: Delayed 2 second(s)

2018-10-12 13:49:29 - [MESSAGE][PASSED] - Delayed 2 second(s)

2018-10-12 13:49:29 - [TEST_STEP][PASSED] - click: Object: 'Object Repository/Backoffice/Clients/Registration/button_Submit' is clicked on

2018-10-12 13:49:30 - [MESSAGE][PASSED] - Object: 'Object Repository/Backoffice/Clients/Registration/button_Submit' is clicked on

2018-10-12 13:49:30 - [TEST_STEP][PASSED] - delay: Delayed 2 second(s)

2018-10-12 13:49:32 - [MESSAGE][PASSED] - Delayed 2 second(s)]]></system-out>
         <system-err><![CDATA[]]></system-err>
      </testcase>
      <testcase name="Test Cases/Backoffice/RegisterAccount" classname="Test Cases/Backoffice/RegisterAccount" status="PASSED">
         <system-out><![CDATA[2018-10-12 13:49:32 - [TEST_CASE][PASSED] - Test Cases/Backoffice/RegisterAccount: Test Cases/Backoffice/RegisterAccount

2018-10-12 13:49:32 - [TEST_STEP][PASSED] - focus: Object: 'Object Repository/Backoffice/Clients/Clients' is focused

2018-10-12 13:49:32 - [MESSAGE][PASSED] - Object: 'Object Repository/Backoffice/Clients/Clients' is focused

2018-10-12 13:49:32 - [TEST_STEP][PASSED] - verifyElementPresent: Object 'Object Repository/Backoffice/Clients/Client Registration' is present

2018-10-12 13:49:32 - [MESSAGE][PASSED] - Object 'Object Repository/Backoffice/Clients/Client Registration' is present

2018-10-12 13:49:32 - [TEST_STEP][PASSED] - click: Object: 'Object Repository/Backoffice/Clients/Client Registration' is clicked on

2018-10-12 13:49:33 - [MESSAGE][PASSED] - Object: 'Object Repository/Backoffice/Clients/Client Registration' is clicked on

2018-10-12 13:49:33 - [TEST_STEP][PASSED] - setText: Text 'hoppinghick' is set on object 'Object Repository/Backoffice/Clients/Registration/input_username'

2018-10-12 13:49:33 - [MESSAGE][PASSED] - Text 'hoppinghick' is set on object 'Object Repository/Backoffice/Clients/Registration/input_username'

2018-10-12 13:49:33 - [TEST_STEP][PASSED] - setText: Text '123123' is set on object 'Object Repository/Backoffice/Clients/Registration/input_password'

2018-10-12 13:49:34 - [MESSAGE][PASSED] - Text '123123' is set on object 'Object Repository/Backoffice/Clients/Registration/input_password'

2018-10-12 13:49:34 - [TEST_STEP][PASSED] - setText: Text '123123' is set on object 'Object Repository/Backoffice/Clients/Registration/input_confirmp'

2018-10-12 13:49:34 - [MESSAGE][PASSED] - Text '123123' is set on object 'Object Repository/Backoffice/Clients/Registration/input_confirmp'

2018-10-12 13:49:34 - [TEST_STEP][PASSED] - selectOptionByValue: All options with value 'test' are selected in object 'Object Repository/Backoffice/Clients/Registration/select_operatorcode' 

2018-10-12 13:49:34 - [MESSAGE][PASSED] - All options with value 'test' are selected in object 'Object Repository/Backoffice/Clients/Registration/select_operatorcode' 

2018-10-12 13:49:34 - [TEST_STEP][PASSED] - selectOptionByValue: All options with value '1' are selected in object 'Object Repository/Backoffice/Clients/Registration/select_status' 

2018-10-12 13:49:34 - [MESSAGE][PASSED] - All options with value '1' are selected in object 'Object Repository/Backoffice/Clients/Registration/select_status' 

2018-10-12 13:49:34 - [TEST_STEP][PASSED] - delay: Delayed 2 second(s)

2018-10-12 13:49:36 - [MESSAGE][PASSED] - Delayed 2 second(s)

2018-10-12 13:49:36 - [TEST_STEP][PASSED] - click: Object: 'Object Repository/Backoffice/Clients/Registration/button_Submit' is clicked on

2018-10-12 13:49:37 - [MESSAGE][PASSED] - Object: 'Object Repository/Backoffice/Clients/Registration/button_Submit' is clicked on

2018-10-12 13:49:37 - [TEST_STEP][PASSED] - delay: Delayed 2 second(s)

2018-10-12 13:49:39 - [MESSAGE][PASSED] - Delayed 2 second(s)]]></system-out>
         <system-err><![CDATA[]]></system-err>
      </testcase>
      <testcase name="Test Cases/Backoffice/RegisterAccount" classname="Test Cases/Backoffice/RegisterAccount" status="PASSED">
         <system-out><![CDATA[2018-10-12 13:49:39 - [TEST_CASE][PASSED] - Test Cases/Backoffice/RegisterAccount: Test Cases/Backoffice/RegisterAccount

2018-10-12 13:49:39 - [TEST_STEP][PASSED] - focus: Object: 'Object Repository/Backoffice/Clients/Clients' is focused

2018-10-12 13:49:40 - [MESSAGE][PASSED] - Object: 'Object Repository/Backoffice/Clients/Clients' is focused

2018-10-12 13:49:40 - [TEST_STEP][PASSED] - verifyElementPresent: Object 'Object Repository/Backoffice/Clients/Client Registration' is present

2018-10-12 13:49:40 - [MESSAGE][PASSED] - Object 'Object Repository/Backoffice/Clients/Client Registration' is present

2018-10-12 13:49:40 - [TEST_STEP][PASSED] - click: Object: 'Object Repository/Backoffice/Clients/Client Registration' is clicked on

2018-10-12 13:49:40 - [MESSAGE][PASSED] - Object: 'Object Repository/Backoffice/Clients/Client Registration' is clicked on

2018-10-12 13:49:40 - [TEST_STEP][PASSED] - setText: Text 'hoodenhated' is set on object 'Object Repository/Backoffice/Clients/Registration/input_username'

2018-10-12 13:49:41 - [MESSAGE][PASSED] - Text 'hoodenhated' is set on object 'Object Repository/Backoffice/Clients/Registration/input_username'

2018-10-12 13:49:41 - [TEST_STEP][PASSED] - setText: Text '123123' is set on object 'Object Repository/Backoffice/Clients/Registration/input_password'

2018-10-12 13:49:41 - [MESSAGE][PASSED] - Text '123123' is set on object 'Object Repository/Backoffice/Clients/Registration/input_password'

2018-10-12 13:49:41 - [TEST_STEP][PASSED] - setText: Text '123123' is set on object 'Object Repository/Backoffice/Clients/Registration/input_confirmp'

2018-10-12 13:49:41 - [MESSAGE][PASSED] - Text '123123' is set on object 'Object Repository/Backoffice/Clients/Registration/input_confirmp'

2018-10-12 13:49:41 - [TEST_STEP][PASSED] - selectOptionByValue: All options with value 'test' are selected in object 'Object Repository/Backoffice/Clients/Registration/select_operatorcode' 

2018-10-12 13:49:41 - [MESSAGE][PASSED] - All options with value 'test' are selected in object 'Object Repository/Backoffice/Clients/Registration/select_operatorcode' 

2018-10-12 13:49:41 - [TEST_STEP][PASSED] - selectOptionByValue: All options with value '1' are selected in object 'Object Repository/Backoffice/Clients/Registration/select_status' 

2018-10-12 13:49:42 - [MESSAGE][PASSED] - All options with value '1' are selected in object 'Object Repository/Backoffice/Clients/Registration/select_status' 

2018-10-12 13:49:42 - [TEST_STEP][PASSED] - delay: Delayed 2 second(s)

2018-10-12 13:49:44 - [MESSAGE][PASSED] - Delayed 2 second(s)

2018-10-12 13:49:44 - [TEST_STEP][PASSED] - click: Object: 'Object Repository/Backoffice/Clients/Registration/button_Submit' is clicked on

2018-10-12 13:49:45 - [MESSAGE][PASSED] - Object: 'Object Repository/Backoffice/Clients/Registration/button_Submit' is clicked on

2018-10-12 13:49:45 - [TEST_STEP][PASSED] - delay: Delayed 2 second(s)

2018-10-12 13:49:47 - [MESSAGE][PASSED] - Delayed 2 second(s)]]></system-out>
         <system-err><![CDATA[]]></system-err>
      </testcase>
      <testcase name="Test Cases/Backoffice/RegisterAccount" classname="Test Cases/Backoffice/RegisterAccount" status="PASSED">
         <system-out><![CDATA[2018-10-12 13:49:47 - [TEST_CASE][PASSED] - Test Cases/Backoffice/RegisterAccount: Test Cases/Backoffice/RegisterAccount

2018-10-12 13:49:47 - [TEST_STEP][PASSED] - focus: Object: 'Object Repository/Backoffice/Clients/Clients' is focused

2018-10-12 13:49:47 - [MESSAGE][PASSED] - Object: 'Object Repository/Backoffice/Clients/Clients' is focused

2018-10-12 13:49:47 - [TEST_STEP][PASSED] - verifyElementPresent: Object 'Object Repository/Backoffice/Clients/Client Registration' is present

2018-10-12 13:49:47 - [MESSAGE][PASSED] - Object 'Object Repository/Backoffice/Clients/Client Registration' is present

2018-10-12 13:49:47 - [TEST_STEP][PASSED] - click: Object: 'Object Repository/Backoffice/Clients/Client Registration' is clicked on

2018-10-12 13:49:47 - [MESSAGE][PASSED] - Object: 'Object Repository/Backoffice/Clients/Client Registration' is clicked on

2018-10-12 13:49:47 - [TEST_STEP][PASSED] - setText: Text 'headsailhorseback' is set on object 'Object Repository/Backoffice/Clients/Registration/input_username'

2018-10-12 13:49:48 - [MESSAGE][PASSED] - Text 'headsailhorseback' is set on object 'Object Repository/Backoffice/Clients/Registration/input_username'

2018-10-12 13:49:48 - [TEST_STEP][PASSED] - setText: Text '123123' is set on object 'Object Repository/Backoffice/Clients/Registration/input_password'

2018-10-12 13:49:48 - [MESSAGE][PASSED] - Text '123123' is set on object 'Object Repository/Backoffice/Clients/Registration/input_password'

2018-10-12 13:49:48 - [TEST_STEP][PASSED] - setText: Text '123123' is set on object 'Object Repository/Backoffice/Clients/Registration/input_confirmp'

2018-10-12 13:49:48 - [MESSAGE][PASSED] - Text '123123' is set on object 'Object Repository/Backoffice/Clients/Registration/input_confirmp'

2018-10-12 13:49:48 - [TEST_STEP][PASSED] - selectOptionByValue: All options with value 'test' are selected in object 'Object Repository/Backoffice/Clients/Registration/select_operatorcode' 

2018-10-12 13:49:48 - [MESSAGE][PASSED] - All options with value 'test' are selected in object 'Object Repository/Backoffice/Clients/Registration/select_operatorcode' 

2018-10-12 13:49:48 - [TEST_STEP][PASSED] - selectOptionByValue: All options with value '1' are selected in object 'Object Repository/Backoffice/Clients/Registration/select_status' 

2018-10-12 13:49:49 - [MESSAGE][PASSED] - All options with value '1' are selected in object 'Object Repository/Backoffice/Clients/Registration/select_status' 

2018-10-12 13:49:49 - [TEST_STEP][PASSED] - delay: Delayed 2 second(s)

2018-10-12 13:49:51 - [MESSAGE][PASSED] - Delayed 2 second(s)

2018-10-12 13:49:51 - [TEST_STEP][PASSED] - click: Object: 'Object Repository/Backoffice/Clients/Registration/button_Submit' is clicked on

2018-10-12 13:49:52 - [MESSAGE][PASSED] - Object: 'Object Repository/Backoffice/Clients/Registration/button_Submit' is clicked on

2018-10-12 13:49:52 - [TEST_STEP][PASSED] - delay: Delayed 2 second(s)

2018-10-12 13:49:54 - [MESSAGE][PASSED] - Delayed 2 second(s)]]></system-out>
         <system-err><![CDATA[]]></system-err>
      </testcase>
      <testcase name="Test Cases/Backoffice/RegisterAccount" classname="Test Cases/Backoffice/RegisterAccount" status="PASSED">
         <system-out><![CDATA[2018-10-12 13:49:54 - [TEST_CASE][PASSED] - Test Cases/Backoffice/RegisterAccount: Test Cases/Backoffice/RegisterAccount

2018-10-12 13:49:54 - [TEST_STEP][PASSED] - focus: Object: 'Object Repository/Backoffice/Clients/Clients' is focused

2018-10-12 13:49:54 - [MESSAGE][PASSED] - Object: 'Object Repository/Backoffice/Clients/Clients' is focused

2018-10-12 13:49:54 - [TEST_STEP][PASSED] - verifyElementPresent: Object 'Object Repository/Backoffice/Clients/Client Registration' is present

2018-10-12 13:49:54 - [MESSAGE][PASSED] - Object 'Object Repository/Backoffice/Clients/Client Registration' is present

2018-10-12 13:49:54 - [TEST_STEP][PASSED] - click: Object: 'Object Repository/Backoffice/Clients/Client Registration' is clicked on

2018-10-12 13:49:55 - [MESSAGE][PASSED] - Object: 'Object Repository/Backoffice/Clients/Client Registration' is clicked on

2018-10-12 13:49:55 - [TEST_STEP][PASSED] - setText: Text 'havinghighest' is set on object 'Object Repository/Backoffice/Clients/Registration/input_username'

2018-10-12 13:49:55 - [MESSAGE][PASSED] - Text 'havinghighest' is set on object 'Object Repository/Backoffice/Clients/Registration/input_username'

2018-10-12 13:49:55 - [TEST_STEP][PASSED] - setText: Text '123123' is set on object 'Object Repository/Backoffice/Clients/Registration/input_password'

2018-10-12 13:49:56 - [MESSAGE][PASSED] - Text '123123' is set on object 'Object Repository/Backoffice/Clients/Registration/input_password'

2018-10-12 13:49:56 - [TEST_STEP][PASSED] - setText: Text '123123' is set on object 'Object Repository/Backoffice/Clients/Registration/input_confirmp'

2018-10-12 13:49:56 - [MESSAGE][PASSED] - Text '123123' is set on object 'Object Repository/Backoffice/Clients/Registration/input_confirmp'

2018-10-12 13:49:56 - [TEST_STEP][PASSED] - selectOptionByValue: All options with value 'test' are selected in object 'Object Repository/Backoffice/Clients/Registration/select_operatorcode' 

2018-10-12 13:49:56 - [MESSAGE][PASSED] - All options with value 'test' are selected in object 'Object Repository/Backoffice/Clients/Registration/select_operatorcode' 

2018-10-12 13:49:56 - [TEST_STEP][PASSED] - selectOptionByValue: All options with value '1' are selected in object 'Object Repository/Backoffice/Clients/Registration/select_status' 

2018-10-12 13:49:56 - [MESSAGE][PASSED] - All options with value '1' are selected in object 'Object Repository/Backoffice/Clients/Registration/select_status' 

2018-10-12 13:49:56 - [TEST_STEP][PASSED] - delay: Delayed 2 second(s)

2018-10-12 13:49:58 - [MESSAGE][PASSED] - Delayed 2 second(s)

2018-10-12 13:49:58 - [TEST_STEP][PASSED] - click: Object: 'Object Repository/Backoffice/Clients/Registration/button_Submit' is clicked on

2018-10-12 13:49:59 - [MESSAGE][PASSED] - Object: 'Object Repository/Backoffice/Clients/Registration/button_Submit' is clicked on

2018-10-12 13:49:59 - [TEST_STEP][PASSED] - delay: Delayed 2 second(s)

2018-10-12 13:50:01 - [MESSAGE][PASSED] - Delayed 2 second(s)]]></system-out>
         <system-err><![CDATA[]]></system-err>
      </testcase>
      <testcase name="Test Cases/Backoffice/RegisterAccount" classname="Test Cases/Backoffice/RegisterAccount" status="PASSED">
         <system-out><![CDATA[2018-10-12 13:50:01 - [TEST_CASE][PASSED] - Test Cases/Backoffice/RegisterAccount: Test Cases/Backoffice/RegisterAccount

2018-10-12 13:50:01 - [TEST_STEP][PASSED] - focus: Object: 'Object Repository/Backoffice/Clients/Clients' is focused

2018-10-12 13:50:01 - [MESSAGE][PASSED] - Object: 'Object Repository/Backoffice/Clients/Clients' is focused

2018-10-12 13:50:01 - [TEST_STEP][PASSED] - verifyElementPresent: Object 'Object Repository/Backoffice/Clients/Client Registration' is present

2018-10-12 13:50:01 - [MESSAGE][PASSED] - Object 'Object Repository/Backoffice/Clients/Client Registration' is present

2018-10-12 13:50:01 - [TEST_STEP][PASSED] - click: Object: 'Object Repository/Backoffice/Clients/Client Registration' is clicked on

2018-10-12 13:50:02 - [MESSAGE][PASSED] - Object: 'Object Repository/Backoffice/Clients/Client Registration' is clicked on

2018-10-12 13:50:02 - [TEST_STEP][PASSED] - setText: Text 'hardwareheating' is set on object 'Object Repository/Backoffice/Clients/Registration/input_username'

2018-10-12 13:50:02 - [MESSAGE][PASSED] - Text 'hardwareheating' is set on object 'Object Repository/Backoffice/Clients/Registration/input_username'

2018-10-12 13:50:02 - [TEST_STEP][PASSED] - setText: Text '123123' is set on object 'Object Repository/Backoffice/Clients/Registration/input_password'

2018-10-12 13:50:03 - [MESSAGE][PASSED] - Text '123123' is set on object 'Object Repository/Backoffice/Clients/Registration/input_password'

2018-10-12 13:50:03 - [TEST_STEP][PASSED] - setText: Text '123123' is set on object 'Object Repository/Backoffice/Clients/Registration/input_confirmp'

2018-10-12 13:50:03 - [MESSAGE][PASSED] - Text '123123' is set on object 'Object Repository/Backoffice/Clients/Registration/input_confirmp'

2018-10-12 13:50:03 - [TEST_STEP][PASSED] - selectOptionByValue: All options with value 'test' are selected in object 'Object Repository/Backoffice/Clients/Registration/select_operatorcode' 

2018-10-12 13:50:03 - [MESSAGE][PASSED] - All options with value 'test' are selected in object 'Object Repository/Backoffice/Clients/Registration/select_operatorcode' 

2018-10-12 13:50:03 - [TEST_STEP][PASSED] - selectOptionByValue: All options with value '1' are selected in object 'Object Repository/Backoffice/Clients/Registration/select_status' 

2018-10-12 13:50:03 - [MESSAGE][PASSED] - All options with value '1' are selected in object 'Object Repository/Backoffice/Clients/Registration/select_status' 

2018-10-12 13:50:03 - [TEST_STEP][PASSED] - delay: Delayed 2 second(s)

2018-10-12 13:50:05 - [MESSAGE][PASSED] - Delayed 2 second(s)

2018-10-12 13:50:05 - [TEST_STEP][PASSED] - click: Object: 'Object Repository/Backoffice/Clients/Registration/button_Submit' is clicked on

2018-10-12 13:50:06 - [MESSAGE][PASSED] - Object: 'Object Repository/Backoffice/Clients/Registration/button_Submit' is clicked on

2018-10-12 13:50:06 - [TEST_STEP][PASSED] - delay: Delayed 2 second(s)

2018-10-12 13:50:08 - [MESSAGE][PASSED] - Delayed 2 second(s)]]></system-out>
         <system-err><![CDATA[]]></system-err>
      </testcase>
      <testcase name="Test Cases/Backoffice/RegisterAccount" classname="Test Cases/Backoffice/RegisterAccount" status="PASSED">
         <system-out><![CDATA[2018-10-12 13:50:08 - [TEST_CASE][PASSED] - Test Cases/Backoffice/RegisterAccount: Test Cases/Backoffice/RegisterAccount

2018-10-12 13:50:08 - [TEST_STEP][PASSED] - focus: Object: 'Object Repository/Backoffice/Clients/Clients' is focused

2018-10-12 13:50:08 - [MESSAGE][PASSED] - Object: 'Object Repository/Backoffice/Clients/Clients' is focused

2018-10-12 13:50:08 - [TEST_STEP][PASSED] - verifyElementPresent: Object 'Object Repository/Backoffice/Clients/Client Registration' is present

2018-10-12 13:50:08 - [MESSAGE][PASSED] - Object 'Object Repository/Backoffice/Clients/Client Registration' is present

2018-10-12 13:50:08 - [TEST_STEP][PASSED] - click: Object: 'Object Repository/Backoffice/Clients/Client Registration' is clicked on

2018-10-12 13:50:09 - [MESSAGE][PASSED] - Object: 'Object Repository/Backoffice/Clients/Client Registration' is clicked on

2018-10-12 13:50:09 - [TEST_STEP][PASSED] - setText: Text 'hotpothe' is set on object 'Object Repository/Backoffice/Clients/Registration/input_username'

2018-10-12 13:50:10 - [MESSAGE][PASSED] - Text 'hotpothe' is set on object 'Object Repository/Backoffice/Clients/Registration/input_username'

2018-10-12 13:50:10 - [TEST_STEP][PASSED] - setText: Text '123123' is set on object 'Object Repository/Backoffice/Clients/Registration/input_password'

2018-10-12 13:50:10 - [MESSAGE][PASSED] - Text '123123' is set on object 'Object Repository/Backoffice/Clients/Registration/input_password'

2018-10-12 13:50:10 - [TEST_STEP][PASSED] - setText: Text '123123' is set on object 'Object Repository/Backoffice/Clients/Registration/input_confirmp'

2018-10-12 13:50:10 - [MESSAGE][PASSED] - Text '123123' is set on object 'Object Repository/Backoffice/Clients/Registration/input_confirmp'

2018-10-12 13:50:10 - [TEST_STEP][PASSED] - selectOptionByValue: All options with value 'test' are selected in object 'Object Repository/Backoffice/Clients/Registration/select_operatorcode' 

2018-10-12 13:50:10 - [MESSAGE][PASSED] - All options with value 'test' are selected in object 'Object Repository/Backoffice/Clients/Registration/select_operatorcode' 

2018-10-12 13:50:10 - [TEST_STEP][PASSED] - selectOptionByValue: All options with value '1' are selected in object 'Object Repository/Backoffice/Clients/Registration/select_status' 

2018-10-12 13:50:11 - [MESSAGE][PASSED] - All options with value '1' are selected in object 'Object Repository/Backoffice/Clients/Registration/select_status' 

2018-10-12 13:50:11 - [TEST_STEP][PASSED] - delay: Delayed 2 second(s)

2018-10-12 13:50:13 - [MESSAGE][PASSED] - Delayed 2 second(s)

2018-10-12 13:50:13 - [TEST_STEP][PASSED] - click: Object: 'Object Repository/Backoffice/Clients/Registration/button_Submit' is clicked on

2018-10-12 13:50:14 - [MESSAGE][PASSED] - Object: 'Object Repository/Backoffice/Clients/Registration/button_Submit' is clicked on

2018-10-12 13:50:14 - [TEST_STEP][PASSED] - delay: Delayed 2 second(s)

2018-10-12 13:50:16 - [MESSAGE][PASSED] - Delayed 2 second(s)]]></system-out>
         <system-err><![CDATA[]]></system-err>
      </testcase>
      <testcase name="Test Cases/Backoffice/RegisterAccount" classname="Test Cases/Backoffice/RegisterAccount" status="PASSED">
         <system-out><![CDATA[2018-10-12 13:50:16 - [TEST_CASE][PASSED] - Test Cases/Backoffice/RegisterAccount: Test Cases/Backoffice/RegisterAccount

2018-10-12 13:50:16 - [TEST_STEP][PASSED] - focus: Object: 'Object Repository/Backoffice/Clients/Clients' is focused

2018-10-12 13:50:16 - [MESSAGE][PASSED] - Object: 'Object Repository/Backoffice/Clients/Clients' is focused

2018-10-12 13:50:16 - [TEST_STEP][PASSED] - verifyElementPresent: Object 'Object Repository/Backoffice/Clients/Client Registration' is present

2018-10-12 13:50:16 - [MESSAGE][PASSED] - Object 'Object Repository/Backoffice/Clients/Client Registration' is present

2018-10-12 13:50:16 - [TEST_STEP][PASSED] - click: Object: 'Object Repository/Backoffice/Clients/Client Registration' is clicked on

2018-10-12 13:50:17 - [MESSAGE][PASSED] - Object: 'Object Repository/Backoffice/Clients/Client Registration' is clicked on

2018-10-12 13:50:17 - [TEST_STEP][PASSED] - setText: Text 'hingehicken' is set on object 'Object Repository/Backoffice/Clients/Registration/input_username'

2018-10-12 13:50:17 - [MESSAGE][PASSED] - Text 'hingehicken' is set on object 'Object Repository/Backoffice/Clients/Registration/input_username'

2018-10-12 13:50:17 - [TEST_STEP][PASSED] - setText: Text '123123' is set on object 'Object Repository/Backoffice/Clients/Registration/input_password'

2018-10-12 13:50:18 - [MESSAGE][PASSED] - Text '123123' is set on object 'Object Repository/Backoffice/Clients/Registration/input_password'

2018-10-12 13:50:18 - [TEST_STEP][PASSED] - setText: Text '123123' is set on object 'Object Repository/Backoffice/Clients/Registration/input_confirmp'

2018-10-12 13:50:18 - [MESSAGE][PASSED] - Text '123123' is set on object 'Object Repository/Backoffice/Clients/Registration/input_confirmp'

2018-10-12 13:50:18 - [TEST_STEP][PASSED] - selectOptionByValue: All options with value 'test' are selected in object 'Object Repository/Backoffice/Clients/Registration/select_operatorcode' 

2018-10-12 13:50:19 - [MESSAGE][PASSED] - All options with value 'test' are selected in object 'Object Repository/Backoffice/Clients/Registration/select_operatorcode' 

2018-10-12 13:50:19 - [TEST_STEP][PASSED] - selectOptionByValue: All options with value '1' are selected in object 'Object Repository/Backoffice/Clients/Registration/select_status' 

2018-10-12 13:50:19 - [MESSAGE][PASSED] - All options with value '1' are selected in object 'Object Repository/Backoffice/Clients/Registration/select_status' 

2018-10-12 13:50:19 - [TEST_STEP][PASSED] - delay: Delayed 2 second(s)

2018-10-12 13:50:21 - [MESSAGE][PASSED] - Delayed 2 second(s)

2018-10-12 13:50:21 - [TEST_STEP][PASSED] - click: Object: 'Object Repository/Backoffice/Clients/Registration/button_Submit' is clicked on

2018-10-12 13:50:22 - [MESSAGE][PASSED] - Object: 'Object Repository/Backoffice/Clients/Registration/button_Submit' is clicked on

2018-10-12 13:50:22 - [TEST_STEP][PASSED] - delay: Delayed 2 second(s)

2018-10-12 13:50:24 - [MESSAGE][PASSED] - Delayed 2 second(s)]]></system-out>
         <system-err><![CDATA[]]></system-err>
      </testcase>
      <testcase name="Test Cases/Backoffice/RegisterAccount" classname="Test Cases/Backoffice/RegisterAccount" status="PASSED">
         <system-out><![CDATA[2018-10-12 13:50:24 - [TEST_CASE][PASSED] - Test Cases/Backoffice/RegisterAccount: Test Cases/Backoffice/RegisterAccount

2018-10-12 13:50:24 - [TEST_STEP][PASSED] - focus: Object: 'Object Repository/Backoffice/Clients/Clients' is focused

2018-10-12 13:50:24 - [MESSAGE][PASSED] - Object: 'Object Repository/Backoffice/Clients/Clients' is focused

2018-10-12 13:50:24 - [TEST_STEP][PASSED] - verifyElementPresent: Object 'Object Repository/Backoffice/Clients/Client Registration' is present

2018-10-12 13:50:24 - [MESSAGE][PASSED] - Object 'Object Repository/Backoffice/Clients/Client Registration' is present

2018-10-12 13:50:24 - [TEST_STEP][PASSED] - click: Object: 'Object Repository/Backoffice/Clients/Client Registration' is clicked on

2018-10-12 13:50:25 - [MESSAGE][PASSED] - Object: 'Object Repository/Backoffice/Clients/Client Registration' is clicked on

2018-10-12 13:50:25 - [TEST_STEP][PASSED] - setText: Text 'hinneyhobnob' is set on object 'Object Repository/Backoffice/Clients/Registration/input_username'

2018-10-12 13:50:25 - [MESSAGE][PASSED] - Text 'hinneyhobnob' is set on object 'Object Repository/Backoffice/Clients/Registration/input_username'

2018-10-12 13:50:25 - [TEST_STEP][PASSED] - setText: Text '123123' is set on object 'Object Repository/Backoffice/Clients/Registration/input_password'

2018-10-12 13:50:25 - [MESSAGE][PASSED] - Text '123123' is set on object 'Object Repository/Backoffice/Clients/Registration/input_password'

2018-10-12 13:50:25 - [TEST_STEP][PASSED] - setText: Text '123123' is set on object 'Object Repository/Backoffice/Clients/Registration/input_confirmp'

2018-10-12 13:50:26 - [MESSAGE][PASSED] - Text '123123' is set on object 'Object Repository/Backoffice/Clients/Registration/input_confirmp'

2018-10-12 13:50:26 - [TEST_STEP][PASSED] - selectOptionByValue: All options with value 'test' are selected in object 'Object Repository/Backoffice/Clients/Registration/select_operatorcode' 

2018-10-12 13:50:26 - [MESSAGE][PASSED] - All options with value 'test' are selected in object 'Object Repository/Backoffice/Clients/Registration/select_operatorcode' 

2018-10-12 13:50:26 - [TEST_STEP][PASSED] - selectOptionByValue: All options with value '1' are selected in object 'Object Repository/Backoffice/Clients/Registration/select_status' 

2018-10-12 13:50:26 - [MESSAGE][PASSED] - All options with value '1' are selected in object 'Object Repository/Backoffice/Clients/Registration/select_status' 

2018-10-12 13:50:26 - [TEST_STEP][PASSED] - delay: Delayed 2 second(s)

2018-10-12 13:50:28 - [MESSAGE][PASSED] - Delayed 2 second(s)

2018-10-12 13:50:28 - [TEST_STEP][PASSED] - click: Object: 'Object Repository/Backoffice/Clients/Registration/button_Submit' is clicked on

2018-10-12 13:50:29 - [MESSAGE][PASSED] - Object: 'Object Repository/Backoffice/Clients/Registration/button_Submit' is clicked on

2018-10-12 13:50:29 - [TEST_STEP][PASSED] - delay: Delayed 2 second(s)

2018-10-12 13:50:31 - [MESSAGE][PASSED] - Delayed 2 second(s)]]></system-out>
         <system-err><![CDATA[]]></system-err>
      </testcase>
      <testcase name="Test Cases/Backoffice/RegisterAccount" classname="Test Cases/Backoffice/RegisterAccount" status="PASSED">
         <system-out><![CDATA[2018-10-12 13:50:31 - [TEST_CASE][PASSED] - Test Cases/Backoffice/RegisterAccount: Test Cases/Backoffice/RegisterAccount

2018-10-12 13:50:31 - [TEST_STEP][PASSED] - focus: Object: 'Object Repository/Backoffice/Clients/Clients' is focused

2018-10-12 13:50:31 - [MESSAGE][PASSED] - Object: 'Object Repository/Backoffice/Clients/Clients' is focused

2018-10-12 13:50:31 - [TEST_STEP][PASSED] - verifyElementPresent: Object 'Object Repository/Backoffice/Clients/Client Registration' is present

2018-10-12 13:50:31 - [MESSAGE][PASSED] - Object 'Object Repository/Backoffice/Clients/Client Registration' is present

2018-10-12 13:50:31 - [TEST_STEP][PASSED] - click: Object: 'Object Repository/Backoffice/Clients/Client Registration' is clicked on

2018-10-12 13:50:32 - [MESSAGE][PASSED] - Object: 'Object Repository/Backoffice/Clients/Client Registration' is clicked on

2018-10-12 13:50:32 - [TEST_STEP][PASSED] - setText: Text 'iridiumitalic' is set on object 'Object Repository/Backoffice/Clients/Registration/input_username'

2018-10-12 13:50:32 - [MESSAGE][PASSED] - Text 'iridiumitalic' is set on object 'Object Repository/Backoffice/Clients/Registration/input_username'

2018-10-12 13:50:32 - [TEST_STEP][PASSED] - setText: Text '123123' is set on object 'Object Repository/Backoffice/Clients/Registration/input_password'

2018-10-12 13:50:33 - [MESSAGE][PASSED] - Text '123123' is set on object 'Object Repository/Backoffice/Clients/Registration/input_password'

2018-10-12 13:50:33 - [TEST_STEP][PASSED] - setText: Text '123123' is set on object 'Object Repository/Backoffice/Clients/Registration/input_confirmp'

2018-10-12 13:50:33 - [MESSAGE][PASSED] - Text '123123' is set on object 'Object Repository/Backoffice/Clients/Registration/input_confirmp'

2018-10-12 13:50:33 - [TEST_STEP][PASSED] - selectOptionByValue: All options with value 'test' are selected in object 'Object Repository/Backoffice/Clients/Registration/select_operatorcode' 

2018-10-12 13:50:33 - [MESSAGE][PASSED] - All options with value 'test' are selected in object 'Object Repository/Backoffice/Clients/Registration/select_operatorcode' 

2018-10-12 13:50:33 - [TEST_STEP][PASSED] - selectOptionByValue: All options with value '1' are selected in object 'Object Repository/Backoffice/Clients/Registration/select_status' 

2018-10-12 13:50:33 - [MESSAGE][PASSED] - All options with value '1' are selected in object 'Object Repository/Backoffice/Clients/Registration/select_status' 

2018-10-12 13:50:33 - [TEST_STEP][PASSED] - delay: Delayed 2 second(s)

2018-10-12 13:50:35 - [MESSAGE][PASSED] - Delayed 2 second(s)

2018-10-12 13:50:35 - [TEST_STEP][PASSED] - click: Object: 'Object Repository/Backoffice/Clients/Registration/button_Submit' is clicked on

2018-10-12 13:50:36 - [MESSAGE][PASSED] - Object: 'Object Repository/Backoffice/Clients/Registration/button_Submit' is clicked on

2018-10-12 13:50:36 - [TEST_STEP][PASSED] - delay: Delayed 2 second(s)

2018-10-12 13:50:38 - [MESSAGE][PASSED] - Delayed 2 second(s)]]></system-out>
         <system-err><![CDATA[]]></system-err>
      </testcase>
      <testcase name="Test Cases/Backoffice/RegisterAccount" classname="Test Cases/Backoffice/RegisterAccount" status="PASSED">
         <system-out><![CDATA[2018-10-12 13:50:38 - [TEST_CASE][PASSED] - Test Cases/Backoffice/RegisterAccount: Test Cases/Backoffice/RegisterAccount

2018-10-12 13:50:38 - [TEST_STEP][PASSED] - focus: Object: 'Object Repository/Backoffice/Clients/Clients' is focused

2018-10-12 13:50:38 - [MESSAGE][PASSED] - Object: 'Object Repository/Backoffice/Clients/Clients' is focused

2018-10-12 13:50:38 - [TEST_STEP][PASSED] - verifyElementPresent: Object 'Object Repository/Backoffice/Clients/Client Registration' is present

2018-10-12 13:50:38 - [MESSAGE][PASSED] - Object 'Object Repository/Backoffice/Clients/Client Registration' is present

2018-10-12 13:50:38 - [TEST_STEP][PASSED] - click: Object: 'Object Repository/Backoffice/Clients/Client Registration' is clicked on

2018-10-12 13:50:39 - [MESSAGE][PASSED] - Object: 'Object Repository/Backoffice/Clients/Client Registration' is clicked on

2018-10-12 13:50:39 - [TEST_STEP][PASSED] - setText: Text 'importisotope' is set on object 'Object Repository/Backoffice/Clients/Registration/input_username'

2018-10-12 13:50:39 - [MESSAGE][PASSED] - Text 'importisotope' is set on object 'Object Repository/Backoffice/Clients/Registration/input_username'

2018-10-12 13:50:39 - [TEST_STEP][PASSED] - setText: Text '123123' is set on object 'Object Repository/Backoffice/Clients/Registration/input_password'

2018-10-12 13:50:39 - [MESSAGE][PASSED] - Text '123123' is set on object 'Object Repository/Backoffice/Clients/Registration/input_password'

2018-10-12 13:50:39 - [TEST_STEP][PASSED] - setText: Text '123123' is set on object 'Object Repository/Backoffice/Clients/Registration/input_confirmp'

2018-10-12 13:50:40 - [MESSAGE][PASSED] - Text '123123' is set on object 'Object Repository/Backoffice/Clients/Registration/input_confirmp'

2018-10-12 13:50:40 - [TEST_STEP][PASSED] - selectOptionByValue: All options with value 'test' are selected in object 'Object Repository/Backoffice/Clients/Registration/select_operatorcode' 

2018-10-12 13:50:40 - [MESSAGE][PASSED] - All options with value 'test' are selected in object 'Object Repository/Backoffice/Clients/Registration/select_operatorcode' 

2018-10-12 13:50:40 - [TEST_STEP][PASSED] - selectOptionByValue: All options with value '1' are selected in object 'Object Repository/Backoffice/Clients/Registration/select_status' 

2018-10-12 13:50:40 - [MESSAGE][PASSED] - All options with value '1' are selected in object 'Object Repository/Backoffice/Clients/Registration/select_status' 

2018-10-12 13:50:40 - [TEST_STEP][PASSED] - delay: Delayed 2 second(s)

2018-10-12 13:50:42 - [MESSAGE][PASSED] - Delayed 2 second(s)

2018-10-12 13:50:42 - [TEST_STEP][PASSED] - click: Object: 'Object Repository/Backoffice/Clients/Registration/button_Submit' is clicked on

2018-10-12 13:50:43 - [MESSAGE][PASSED] - Object: 'Object Repository/Backoffice/Clients/Registration/button_Submit' is clicked on

2018-10-12 13:50:43 - [TEST_STEP][PASSED] - delay: Delayed 2 second(s)

2018-10-12 13:50:45 - [MESSAGE][PASSED] - Delayed 2 second(s)]]></system-out>
         <system-err><![CDATA[]]></system-err>
      </testcase>
      <testcase name="Test Cases/Backoffice/RegisterAccount" classname="Test Cases/Backoffice/RegisterAccount" status="PASSED">
         <system-out><![CDATA[2018-10-12 13:50:45 - [TEST_CASE][PASSED] - Test Cases/Backoffice/RegisterAccount: Test Cases/Backoffice/RegisterAccount

2018-10-12 13:50:45 - [TEST_STEP][PASSED] - focus: Object: 'Object Repository/Backoffice/Clients/Clients' is focused

2018-10-12 13:50:45 - [MESSAGE][PASSED] - Object: 'Object Repository/Backoffice/Clients/Clients' is focused

2018-10-12 13:50:45 - [TEST_STEP][PASSED] - verifyElementPresent: Object 'Object Repository/Backoffice/Clients/Client Registration' is present

2018-10-12 13:50:45 - [MESSAGE][PASSED] - Object 'Object Repository/Backoffice/Clients/Client Registration' is present

2018-10-12 13:50:45 - [TEST_STEP][PASSED] - click: Object: 'Object Repository/Backoffice/Clients/Client Registration' is clicked on

2018-10-12 13:50:46 - [MESSAGE][PASSED] - Object: 'Object Repository/Backoffice/Clients/Client Registration' is clicked on

2018-10-12 13:50:46 - [TEST_STEP][PASSED] - setText: Text 'irregularinstagram' is set on object 'Object Repository/Backoffice/Clients/Registration/input_username'

2018-10-12 13:50:46 - [MESSAGE][PASSED] - Text 'irregularinstagram' is set on object 'Object Repository/Backoffice/Clients/Registration/input_username'

2018-10-12 13:50:46 - [TEST_STEP][PASSED] - setText: Text '123123' is set on object 'Object Repository/Backoffice/Clients/Registration/input_password'

2018-10-12 13:50:46 - [MESSAGE][PASSED] - Text '123123' is set on object 'Object Repository/Backoffice/Clients/Registration/input_password'

2018-10-12 13:50:46 - [TEST_STEP][PASSED] - setText: Text '123123' is set on object 'Object Repository/Backoffice/Clients/Registration/input_confirmp'

2018-10-12 13:50:46 - [MESSAGE][PASSED] - Text '123123' is set on object 'Object Repository/Backoffice/Clients/Registration/input_confirmp'

2018-10-12 13:50:46 - [TEST_STEP][PASSED] - selectOptionByValue: All options with value 'test' are selected in object 'Object Repository/Backoffice/Clients/Registration/select_operatorcode' 

2018-10-12 13:50:46 - [MESSAGE][PASSED] - All options with value 'test' are selected in object 'Object Repository/Backoffice/Clients/Registration/select_operatorcode' 

2018-10-12 13:50:46 - [TEST_STEP][PASSED] - selectOptionByValue: All options with value '1' are selected in object 'Object Repository/Backoffice/Clients/Registration/select_status' 

2018-10-12 13:50:47 - [MESSAGE][PASSED] - All options with value '1' are selected in object 'Object Repository/Backoffice/Clients/Registration/select_status' 

2018-10-12 13:50:47 - [TEST_STEP][PASSED] - delay: Delayed 2 second(s)

2018-10-12 13:50:49 - [MESSAGE][PASSED] - Delayed 2 second(s)

2018-10-12 13:50:49 - [TEST_STEP][PASSED] - click: Object: 'Object Repository/Backoffice/Clients/Registration/button_Submit' is clicked on

2018-10-12 13:50:50 - [MESSAGE][PASSED] - Object: 'Object Repository/Backoffice/Clients/Registration/button_Submit' is clicked on

2018-10-12 13:50:50 - [TEST_STEP][PASSED] - delay: Delayed 2 second(s)

2018-10-12 13:50:52 - [MESSAGE][PASSED] - Delayed 2 second(s)]]></system-out>
         <system-err><![CDATA[]]></system-err>
      </testcase>
      <testcase name="Test Cases/Backoffice/RegisterAccount" classname="Test Cases/Backoffice/RegisterAccount" status="PASSED">
         <system-out><![CDATA[2018-10-12 13:50:52 - [TEST_CASE][PASSED] - Test Cases/Backoffice/RegisterAccount: Test Cases/Backoffice/RegisterAccount

2018-10-12 13:50:52 - [TEST_STEP][PASSED] - focus: Object: 'Object Repository/Backoffice/Clients/Clients' is focused

2018-10-12 13:50:52 - [MESSAGE][PASSED] - Object: 'Object Repository/Backoffice/Clients/Clients' is focused

2018-10-12 13:50:52 - [TEST_STEP][PASSED] - verifyElementPresent: Object 'Object Repository/Backoffice/Clients/Client Registration' is present

2018-10-12 13:50:52 - [MESSAGE][PASSED] - Object 'Object Repository/Backoffice/Clients/Client Registration' is present

2018-10-12 13:50:52 - [TEST_STEP][PASSED] - click: Object: 'Object Repository/Backoffice/Clients/Client Registration' is clicked on

2018-10-12 13:50:52 - [MESSAGE][PASSED] - Object: 'Object Repository/Backoffice/Clients/Client Registration' is clicked on

2018-10-12 13:50:52 - [TEST_STEP][PASSED] - setText: Text 'islandimplore' is set on object 'Object Repository/Backoffice/Clients/Registration/input_username'

2018-10-12 13:50:53 - [MESSAGE][PASSED] - Text 'islandimplore' is set on object 'Object Repository/Backoffice/Clients/Registration/input_username'

2018-10-12 13:50:53 - [TEST_STEP][PASSED] - setText: Text '123123' is set on object 'Object Repository/Backoffice/Clients/Registration/input_password'

2018-10-12 13:50:53 - [MESSAGE][PASSED] - Text '123123' is set on object 'Object Repository/Backoffice/Clients/Registration/input_password'

2018-10-12 13:50:53 - [TEST_STEP][PASSED] - setText: Text '123123' is set on object 'Object Repository/Backoffice/Clients/Registration/input_confirmp'

2018-10-12 13:50:53 - [MESSAGE][PASSED] - Text '123123' is set on object 'Object Repository/Backoffice/Clients/Registration/input_confirmp'

2018-10-12 13:50:53 - [TEST_STEP][PASSED] - selectOptionByValue: All options with value 'test' are selected in object 'Object Repository/Backoffice/Clients/Registration/select_operatorcode' 

2018-10-12 13:50:53 - [MESSAGE][PASSED] - All options with value 'test' are selected in object 'Object Repository/Backoffice/Clients/Registration/select_operatorcode' 

2018-10-12 13:50:53 - [TEST_STEP][PASSED] - selectOptionByValue: All options with value '1' are selected in object 'Object Repository/Backoffice/Clients/Registration/select_status' 

2018-10-12 13:50:53 - [MESSAGE][PASSED] - All options with value '1' are selected in object 'Object Repository/Backoffice/Clients/Registration/select_status' 

2018-10-12 13:50:53 - [TEST_STEP][PASSED] - delay: Delayed 2 second(s)

2018-10-12 13:50:55 - [MESSAGE][PASSED] - Delayed 2 second(s)

2018-10-12 13:50:55 - [TEST_STEP][PASSED] - click: Object: 'Object Repository/Backoffice/Clients/Registration/button_Submit' is clicked on

2018-10-12 13:50:56 - [MESSAGE][PASSED] - Object: 'Object Repository/Backoffice/Clients/Registration/button_Submit' is clicked on

2018-10-12 13:50:56 - [TEST_STEP][PASSED] - delay: Delayed 2 second(s)

2018-10-12 13:50:58 - [MESSAGE][PASSED] - Delayed 2 second(s)]]></system-out>
         <system-err><![CDATA[]]></system-err>
      </testcase>
      <testcase name="Test Cases/Backoffice/RegisterAccount" classname="Test Cases/Backoffice/RegisterAccount" status="PASSED">
         <system-out><![CDATA[2018-10-12 13:50:58 - [TEST_CASE][PASSED] - Test Cases/Backoffice/RegisterAccount: Test Cases/Backoffice/RegisterAccount

2018-10-12 13:50:58 - [TEST_STEP][PASSED] - focus: Object: 'Object Repository/Backoffice/Clients/Clients' is focused

2018-10-12 13:50:58 - [MESSAGE][PASSED] - Object: 'Object Repository/Backoffice/Clients/Clients' is focused

2018-10-12 13:50:58 - [TEST_STEP][PASSED] - verifyElementPresent: Object 'Object Repository/Backoffice/Clients/Client Registration' is present

2018-10-12 13:50:58 - [MESSAGE][PASSED] - Object 'Object Repository/Backoffice/Clients/Client Registration' is present

2018-10-12 13:50:58 - [TEST_STEP][PASSED] - click: Object: 'Object Repository/Backoffice/Clients/Client Registration' is clicked on

2018-10-12 13:50:59 - [MESSAGE][PASSED] - Object: 'Object Repository/Backoffice/Clients/Client Registration' is clicked on

2018-10-12 13:50:59 - [TEST_STEP][PASSED] - setText: Text 'ivoryincredible' is set on object 'Object Repository/Backoffice/Clients/Registration/input_username'

2018-10-12 13:50:59 - [MESSAGE][PASSED] - Text 'ivoryincredible' is set on object 'Object Repository/Backoffice/Clients/Registration/input_username'

2018-10-12 13:50:59 - [TEST_STEP][PASSED] - setText: Text '123123' is set on object 'Object Repository/Backoffice/Clients/Registration/input_password'

2018-10-12 13:50:59 - [MESSAGE][PASSED] - Text '123123' is set on object 'Object Repository/Backoffice/Clients/Registration/input_password'

2018-10-12 13:50:59 - [TEST_STEP][PASSED] - setText: Text '123123' is set on object 'Object Repository/Backoffice/Clients/Registration/input_confirmp'

2018-10-12 13:50:59 - [MESSAGE][PASSED] - Text '123123' is set on object 'Object Repository/Backoffice/Clients/Registration/input_confirmp'

2018-10-12 13:50:59 - [TEST_STEP][PASSED] - selectOptionByValue: All options with value 'test' are selected in object 'Object Repository/Backoffice/Clients/Registration/select_operatorcode' 

2018-10-12 13:50:59 - [MESSAGE][PASSED] - All options with value 'test' are selected in object 'Object Repository/Backoffice/Clients/Registration/select_operatorcode' 

2018-10-12 13:50:59 - [TEST_STEP][PASSED] - selectOptionByValue: All options with value '1' are selected in object 'Object Repository/Backoffice/Clients/Registration/select_status' 

2018-10-12 13:50:59 - [MESSAGE][PASSED] - All options with value '1' are selected in object 'Object Repository/Backoffice/Clients/Registration/select_status' 

2018-10-12 13:50:59 - [TEST_STEP][PASSED] - delay: Delayed 2 second(s)

2018-10-12 13:51:01 - [MESSAGE][PASSED] - Delayed 2 second(s)

2018-10-12 13:51:01 - [TEST_STEP][PASSED] - click: Object: 'Object Repository/Backoffice/Clients/Registration/button_Submit' is clicked on

2018-10-12 13:51:02 - [MESSAGE][PASSED] - Object: 'Object Repository/Backoffice/Clients/Registration/button_Submit' is clicked on

2018-10-12 13:51:02 - [TEST_STEP][PASSED] - delay: Delayed 2 second(s)

2018-10-12 13:51:04 - [MESSAGE][PASSED] - Delayed 2 second(s)]]></system-out>
         <system-err><![CDATA[]]></system-err>
      </testcase>
      <testcase name="Test Cases/Backoffice/RegisterAccount" classname="Test Cases/Backoffice/RegisterAccount" status="PASSED">
         <system-out><![CDATA[2018-10-12 13:51:04 - [TEST_CASE][PASSED] - Test Cases/Backoffice/RegisterAccount: Test Cases/Backoffice/RegisterAccount

2018-10-12 13:51:04 - [TEST_STEP][PASSED] - focus: Object: 'Object Repository/Backoffice/Clients/Clients' is focused

2018-10-12 13:51:04 - [MESSAGE][PASSED] - Object: 'Object Repository/Backoffice/Clients/Clients' is focused

2018-10-12 13:51:04 - [TEST_STEP][PASSED] - verifyElementPresent: Object 'Object Repository/Backoffice/Clients/Client Registration' is present

2018-10-12 13:51:04 - [MESSAGE][PASSED] - Object 'Object Repository/Backoffice/Clients/Client Registration' is present

2018-10-12 13:51:04 - [TEST_STEP][PASSED] - click: Object: 'Object Repository/Backoffice/Clients/Client Registration' is clicked on

2018-10-12 13:51:05 - [MESSAGE][PASSED] - Object: 'Object Repository/Backoffice/Clients/Client Registration' is clicked on

2018-10-12 13:51:05 - [TEST_STEP][PASSED] - setText: Text 'inspectiguana' is set on object 'Object Repository/Backoffice/Clients/Registration/input_username'

2018-10-12 13:51:05 - [MESSAGE][PASSED] - Text 'inspectiguana' is set on object 'Object Repository/Backoffice/Clients/Registration/input_username'

2018-10-12 13:51:05 - [TEST_STEP][PASSED] - setText: Text '123123' is set on object 'Object Repository/Backoffice/Clients/Registration/input_password'

2018-10-12 13:51:05 - [MESSAGE][PASSED] - Text '123123' is set on object 'Object Repository/Backoffice/Clients/Registration/input_password'

2018-10-12 13:51:05 - [TEST_STEP][PASSED] - setText: Text '123123' is set on object 'Object Repository/Backoffice/Clients/Registration/input_confirmp'

2018-10-12 13:51:05 - [MESSAGE][PASSED] - Text '123123' is set on object 'Object Repository/Backoffice/Clients/Registration/input_confirmp'

2018-10-12 13:51:05 - [TEST_STEP][PASSED] - selectOptionByValue: All options with value 'test' are selected in object 'Object Repository/Backoffice/Clients/Registration/select_operatorcode' 

2018-10-12 13:51:05 - [MESSAGE][PASSED] - All options with value 'test' are selected in object 'Object Repository/Backoffice/Clients/Registration/select_operatorcode' 

2018-10-12 13:51:05 - [TEST_STEP][PASSED] - selectOptionByValue: All options with value '1' are selected in object 'Object Repository/Backoffice/Clients/Registration/select_status' 

2018-10-12 13:51:05 - [MESSAGE][PASSED] - All options with value '1' are selected in object 'Object Repository/Backoffice/Clients/Registration/select_status' 

2018-10-12 13:51:05 - [TEST_STEP][PASSED] - delay: Delayed 2 second(s)

2018-10-12 13:51:07 - [MESSAGE][PASSED] - Delayed 2 second(s)

2018-10-12 13:51:07 - [TEST_STEP][PASSED] - click: Object: 'Object Repository/Backoffice/Clients/Registration/button_Submit' is clicked on

2018-10-12 13:51:08 - [MESSAGE][PASSED] - Object: 'Object Repository/Backoffice/Clients/Registration/button_Submit' is clicked on

2018-10-12 13:51:08 - [TEST_STEP][PASSED] - delay: Delayed 2 second(s)

2018-10-12 13:51:10 - [MESSAGE][PASSED] - Delayed 2 second(s)]]></system-out>
         <system-err><![CDATA[]]></system-err>
      </testcase>
      <testcase name="Test Cases/Backoffice/RegisterAccount" classname="Test Cases/Backoffice/RegisterAccount" status="PASSED">
         <system-out><![CDATA[2018-10-12 13:51:10 - [TEST_CASE][PASSED] - Test Cases/Backoffice/RegisterAccount: Test Cases/Backoffice/RegisterAccount

2018-10-12 13:51:10 - [TEST_STEP][PASSED] - focus: Object: 'Object Repository/Backoffice/Clients/Clients' is focused

2018-10-12 13:51:10 - [MESSAGE][PASSED] - Object: 'Object Repository/Backoffice/Clients/Clients' is focused

2018-10-12 13:51:10 - [TEST_STEP][PASSED] - verifyElementPresent: Object 'Object Repository/Backoffice/Clients/Client Registration' is present

2018-10-12 13:51:11 - [MESSAGE][PASSED] - Object 'Object Repository/Backoffice/Clients/Client Registration' is present

2018-10-12 13:51:11 - [TEST_STEP][PASSED] - click: Object: 'Object Repository/Backoffice/Clients/Client Registration' is clicked on

2018-10-12 13:51:11 - [MESSAGE][PASSED] - Object: 'Object Repository/Backoffice/Clients/Client Registration' is clicked on

2018-10-12 13:51:11 - [TEST_STEP][PASSED] - setText: Text 'ibericoinbox' is set on object 'Object Repository/Backoffice/Clients/Registration/input_username'

2018-10-12 13:51:11 - [MESSAGE][PASSED] - Text 'ibericoinbox' is set on object 'Object Repository/Backoffice/Clients/Registration/input_username'

2018-10-12 13:51:11 - [TEST_STEP][PASSED] - setText: Text '123123' is set on object 'Object Repository/Backoffice/Clients/Registration/input_password'

2018-10-12 13:51:11 - [MESSAGE][PASSED] - Text '123123' is set on object 'Object Repository/Backoffice/Clients/Registration/input_password'

2018-10-12 13:51:11 - [TEST_STEP][PASSED] - setText: Text '123123' is set on object 'Object Repository/Backoffice/Clients/Registration/input_confirmp'

2018-10-12 13:51:11 - [MESSAGE][PASSED] - Text '123123' is set on object 'Object Repository/Backoffice/Clients/Registration/input_confirmp'

2018-10-12 13:51:11 - [TEST_STEP][PASSED] - selectOptionByValue: All options with value 'test' are selected in object 'Object Repository/Backoffice/Clients/Registration/select_operatorcode' 

2018-10-12 13:51:11 - [MESSAGE][PASSED] - All options with value 'test' are selected in object 'Object Repository/Backoffice/Clients/Registration/select_operatorcode' 

2018-10-12 13:51:11 - [TEST_STEP][PASSED] - selectOptionByValue: All options with value '1' are selected in object 'Object Repository/Backoffice/Clients/Registration/select_status' 

2018-10-12 13:51:12 - [MESSAGE][PASSED] - All options with value '1' are selected in object 'Object Repository/Backoffice/Clients/Registration/select_status' 

2018-10-12 13:51:12 - [TEST_STEP][PASSED] - delay: Delayed 2 second(s)

2018-10-12 13:51:14 - [MESSAGE][PASSED] - Delayed 2 second(s)

2018-10-12 13:51:14 - [TEST_STEP][PASSED] - click: Object: 'Object Repository/Backoffice/Clients/Registration/button_Submit' is clicked on

2018-10-12 13:51:14 - [MESSAGE][PASSED] - Object: 'Object Repository/Backoffice/Clients/Registration/button_Submit' is clicked on

2018-10-12 13:51:14 - [TEST_STEP][PASSED] - delay: Delayed 2 second(s)

2018-10-12 13:51:16 - [MESSAGE][PASSED] - Delayed 2 second(s)]]></system-out>
         <system-err><![CDATA[]]></system-err>
      </testcase>
      <testcase name="Test Cases/Backoffice/RegisterAccount" classname="Test Cases/Backoffice/RegisterAccount" status="PASSED">
         <system-out><![CDATA[2018-10-12 13:51:17 - [TEST_CASE][PASSED] - Test Cases/Backoffice/RegisterAccount: Test Cases/Backoffice/RegisterAccount

2018-10-12 13:51:17 - [TEST_STEP][PASSED] - focus: Object: 'Object Repository/Backoffice/Clients/Clients' is focused

2018-10-12 13:51:17 - [MESSAGE][PASSED] - Object: 'Object Repository/Backoffice/Clients/Clients' is focused

2018-10-12 13:51:17 - [TEST_STEP][PASSED] - verifyElementPresent: Object 'Object Repository/Backoffice/Clients/Client Registration' is present

2018-10-12 13:51:17 - [MESSAGE][PASSED] - Object 'Object Repository/Backoffice/Clients/Client Registration' is present

2018-10-12 13:51:17 - [TEST_STEP][PASSED] - click: Object: 'Object Repository/Backoffice/Clients/Client Registration' is clicked on

2018-10-12 13:51:17 - [MESSAGE][PASSED] - Object: 'Object Repository/Backoffice/Clients/Client Registration' is clicked on

2018-10-12 13:51:17 - [TEST_STEP][PASSED] - setText: Text 'iconinvariably' is set on object 'Object Repository/Backoffice/Clients/Registration/input_username'

2018-10-12 13:51:17 - [MESSAGE][PASSED] - Text 'iconinvariably' is set on object 'Object Repository/Backoffice/Clients/Registration/input_username'

2018-10-12 13:51:17 - [TEST_STEP][PASSED] - setText: Text '123123' is set on object 'Object Repository/Backoffice/Clients/Registration/input_password'

2018-10-12 13:51:18 - [MESSAGE][PASSED] - Text '123123' is set on object 'Object Repository/Backoffice/Clients/Registration/input_password'

2018-10-12 13:51:18 - [TEST_STEP][PASSED] - setText: Text '123123' is set on object 'Object Repository/Backoffice/Clients/Registration/input_confirmp'

2018-10-12 13:51:18 - [MESSAGE][PASSED] - Text '123123' is set on object 'Object Repository/Backoffice/Clients/Registration/input_confirmp'

2018-10-12 13:51:18 - [TEST_STEP][PASSED] - selectOptionByValue: All options with value 'test' are selected in object 'Object Repository/Backoffice/Clients/Registration/select_operatorcode' 

2018-10-12 13:51:18 - [MESSAGE][PASSED] - All options with value 'test' are selected in object 'Object Repository/Backoffice/Clients/Registration/select_operatorcode' 

2018-10-12 13:51:18 - [TEST_STEP][PASSED] - selectOptionByValue: All options with value '1' are selected in object 'Object Repository/Backoffice/Clients/Registration/select_status' 

2018-10-12 13:51:18 - [MESSAGE][PASSED] - All options with value '1' are selected in object 'Object Repository/Backoffice/Clients/Registration/select_status' 

2018-10-12 13:51:18 - [TEST_STEP][PASSED] - delay: Delayed 2 second(s)

2018-10-12 13:51:20 - [MESSAGE][PASSED] - Delayed 2 second(s)

2018-10-12 13:51:20 - [TEST_STEP][PASSED] - click: Object: 'Object Repository/Backoffice/Clients/Registration/button_Submit' is clicked on

2018-10-12 13:51:21 - [MESSAGE][PASSED] - Object: 'Object Repository/Backoffice/Clients/Registration/button_Submit' is clicked on

2018-10-12 13:51:21 - [TEST_STEP][PASSED] - delay: Delayed 2 second(s)

2018-10-12 13:51:23 - [MESSAGE][PASSED] - Delayed 2 second(s)]]></system-out>
         <system-err><![CDATA[]]></system-err>
      </testcase>
      <testcase name="Test Cases/Backoffice/RegisterAccount" classname="Test Cases/Backoffice/RegisterAccount" status="PASSED">
         <system-out><![CDATA[2018-10-12 13:51:23 - [TEST_CASE][PASSED] - Test Cases/Backoffice/RegisterAccount: Test Cases/Backoffice/RegisterAccount

2018-10-12 13:51:23 - [TEST_STEP][PASSED] - focus: Object: 'Object Repository/Backoffice/Clients/Clients' is focused

2018-10-12 13:51:23 - [MESSAGE][PASSED] - Object: 'Object Repository/Backoffice/Clients/Clients' is focused

2018-10-12 13:51:23 - [TEST_STEP][PASSED] - verifyElementPresent: Object 'Object Repository/Backoffice/Clients/Client Registration' is present

2018-10-12 13:51:23 - [MESSAGE][PASSED] - Object 'Object Repository/Backoffice/Clients/Client Registration' is present

2018-10-12 13:51:23 - [TEST_STEP][PASSED] - click: Object: 'Object Repository/Backoffice/Clients/Client Registration' is clicked on

2018-10-12 13:51:24 - [MESSAGE][PASSED] - Object: 'Object Repository/Backoffice/Clients/Client Registration' is clicked on

2018-10-12 13:51:24 - [TEST_STEP][PASSED] - setText: Text 'irrelevantindolent' is set on object 'Object Repository/Backoffice/Clients/Registration/input_username'

2018-10-12 13:51:24 - [MESSAGE][PASSED] - Text 'irrelevantindolent' is set on object 'Object Repository/Backoffice/Clients/Registration/input_username'

2018-10-12 13:51:24 - [TEST_STEP][PASSED] - setText: Text '123123' is set on object 'Object Repository/Backoffice/Clients/Registration/input_password'

2018-10-12 13:51:24 - [MESSAGE][PASSED] - Text '123123' is set on object 'Object Repository/Backoffice/Clients/Registration/input_password'

2018-10-12 13:51:24 - [TEST_STEP][PASSED] - setText: Text '123123' is set on object 'Object Repository/Backoffice/Clients/Registration/input_confirmp'

2018-10-12 13:51:24 - [MESSAGE][PASSED] - Text '123123' is set on object 'Object Repository/Backoffice/Clients/Registration/input_confirmp'

2018-10-12 13:51:24 - [TEST_STEP][PASSED] - selectOptionByValue: All options with value 'test' are selected in object 'Object Repository/Backoffice/Clients/Registration/select_operatorcode' 

2018-10-12 13:51:24 - [MESSAGE][PASSED] - All options with value 'test' are selected in object 'Object Repository/Backoffice/Clients/Registration/select_operatorcode' 

2018-10-12 13:51:24 - [TEST_STEP][PASSED] - selectOptionByValue: All options with value '1' are selected in object 'Object Repository/Backoffice/Clients/Registration/select_status' 

2018-10-12 13:51:24 - [MESSAGE][PASSED] - All options with value '1' are selected in object 'Object Repository/Backoffice/Clients/Registration/select_status' 

2018-10-12 13:51:24 - [TEST_STEP][PASSED] - delay: Delayed 2 second(s)

2018-10-12 13:51:26 - [MESSAGE][PASSED] - Delayed 2 second(s)

2018-10-12 13:51:26 - [TEST_STEP][PASSED] - click: Object: 'Object Repository/Backoffice/Clients/Registration/button_Submit' is clicked on

2018-10-12 13:51:28 - [MESSAGE][PASSED] - Object: 'Object Repository/Backoffice/Clients/Registration/button_Submit' is clicked on

2018-10-12 13:51:28 - [TEST_STEP][PASSED] - delay: Delayed 2 second(s)

2018-10-12 13:51:30 - [MESSAGE][PASSED] - Delayed 2 second(s)]]></system-out>
         <system-err><![CDATA[]]></system-err>
      </testcase>
      <testcase name="Test Cases/Backoffice/RegisterAccount" classname="Test Cases/Backoffice/RegisterAccount" status="PASSED">
         <system-out><![CDATA[2018-10-12 13:51:30 - [TEST_CASE][PASSED] - Test Cases/Backoffice/RegisterAccount: Test Cases/Backoffice/RegisterAccount

2018-10-12 13:51:30 - [TEST_STEP][PASSED] - focus: Object: 'Object Repository/Backoffice/Clients/Clients' is focused

2018-10-12 13:51:30 - [MESSAGE][PASSED] - Object: 'Object Repository/Backoffice/Clients/Clients' is focused

2018-10-12 13:51:30 - [TEST_STEP][PASSED] - verifyElementPresent: Object 'Object Repository/Backoffice/Clients/Client Registration' is present

2018-10-12 13:51:30 - [MESSAGE][PASSED] - Object 'Object Repository/Backoffice/Clients/Client Registration' is present

2018-10-12 13:51:30 - [TEST_STEP][PASSED] - click: Object: 'Object Repository/Backoffice/Clients/Client Registration' is clicked on

2018-10-12 13:51:30 - [MESSAGE][PASSED] - Object: 'Object Repository/Backoffice/Clients/Client Registration' is clicked on

2018-10-12 13:51:30 - [TEST_STEP][PASSED] - setText: Text 'immunityioxhost' is set on object 'Object Repository/Backoffice/Clients/Registration/input_username'

2018-10-12 13:51:30 - [MESSAGE][PASSED] - Text 'immunityioxhost' is set on object 'Object Repository/Backoffice/Clients/Registration/input_username'

2018-10-12 13:51:30 - [TEST_STEP][PASSED] - setText: Text '123123' is set on object 'Object Repository/Backoffice/Clients/Registration/input_password'

2018-10-12 13:51:31 - [MESSAGE][PASSED] - Text '123123' is set on object 'Object Repository/Backoffice/Clients/Registration/input_password'

2018-10-12 13:51:31 - [TEST_STEP][PASSED] - setText: Text '123123' is set on object 'Object Repository/Backoffice/Clients/Registration/input_confirmp'

2018-10-12 13:51:31 - [MESSAGE][PASSED] - Text '123123' is set on object 'Object Repository/Backoffice/Clients/Registration/input_confirmp'

2018-10-12 13:51:31 - [TEST_STEP][PASSED] - selectOptionByValue: All options with value 'test' are selected in object 'Object Repository/Backoffice/Clients/Registration/select_operatorcode' 

2018-10-12 13:51:31 - [MESSAGE][PASSED] - All options with value 'test' are selected in object 'Object Repository/Backoffice/Clients/Registration/select_operatorcode' 

2018-10-12 13:51:31 - [TEST_STEP][PASSED] - selectOptionByValue: All options with value '1' are selected in object 'Object Repository/Backoffice/Clients/Registration/select_status' 

2018-10-12 13:51:31 - [MESSAGE][PASSED] - All options with value '1' are selected in object 'Object Repository/Backoffice/Clients/Registration/select_status' 

2018-10-12 13:51:31 - [TEST_STEP][PASSED] - delay: Delayed 2 second(s)

2018-10-12 13:51:33 - [MESSAGE][PASSED] - Delayed 2 second(s)

2018-10-12 13:51:33 - [TEST_STEP][PASSED] - click: Object: 'Object Repository/Backoffice/Clients/Registration/button_Submit' is clicked on

2018-10-12 13:51:34 - [MESSAGE][PASSED] - Object: 'Object Repository/Backoffice/Clients/Registration/button_Submit' is clicked on

2018-10-12 13:51:34 - [TEST_STEP][PASSED] - delay: Delayed 2 second(s)

2018-10-12 13:51:36 - [MESSAGE][PASSED] - Delayed 2 second(s)]]></system-out>
         <system-err><![CDATA[]]></system-err>
      </testcase>
      <testcase name="Test Cases/Backoffice/RegisterAccount" classname="Test Cases/Backoffice/RegisterAccount" status="PASSED">
         <system-out><![CDATA[2018-10-12 13:51:36 - [TEST_CASE][PASSED] - Test Cases/Backoffice/RegisterAccount: Test Cases/Backoffice/RegisterAccount

2018-10-12 13:51:36 - [TEST_STEP][PASSED] - focus: Object: 'Object Repository/Backoffice/Clients/Clients' is focused

2018-10-12 13:51:36 - [MESSAGE][PASSED] - Object: 'Object Repository/Backoffice/Clients/Clients' is focused

2018-10-12 13:51:36 - [TEST_STEP][PASSED] - verifyElementPresent: Object 'Object Repository/Backoffice/Clients/Client Registration' is present

2018-10-12 13:51:36 - [MESSAGE][PASSED] - Object 'Object Repository/Backoffice/Clients/Client Registration' is present

2018-10-12 13:51:36 - [TEST_STEP][PASSED] - click: Object: 'Object Repository/Backoffice/Clients/Client Registration' is clicked on

2018-10-12 13:51:37 - [MESSAGE][PASSED] - Object: 'Object Repository/Backoffice/Clients/Client Registration' is clicked on

2018-10-12 13:51:37 - [TEST_STEP][PASSED] - setText: Text 'injectidealistic' is set on object 'Object Repository/Backoffice/Clients/Registration/input_username'

2018-10-12 13:51:37 - [MESSAGE][PASSED] - Text 'injectidealistic' is set on object 'Object Repository/Backoffice/Clients/Registration/input_username'

2018-10-12 13:51:37 - [TEST_STEP][PASSED] - setText: Text '123123' is set on object 'Object Repository/Backoffice/Clients/Registration/input_password'

2018-10-12 13:51:37 - [MESSAGE][PASSED] - Text '123123' is set on object 'Object Repository/Backoffice/Clients/Registration/input_password'

2018-10-12 13:51:37 - [TEST_STEP][PASSED] - setText: Text '123123' is set on object 'Object Repository/Backoffice/Clients/Registration/input_confirmp'

2018-10-12 13:51:37 - [MESSAGE][PASSED] - Text '123123' is set on object 'Object Repository/Backoffice/Clients/Registration/input_confirmp'

2018-10-12 13:51:37 - [TEST_STEP][PASSED] - selectOptionByValue: All options with value 'test' are selected in object 'Object Repository/Backoffice/Clients/Registration/select_operatorcode' 

2018-10-12 13:51:37 - [MESSAGE][PASSED] - All options with value 'test' are selected in object 'Object Repository/Backoffice/Clients/Registration/select_operatorcode' 

2018-10-12 13:51:37 - [TEST_STEP][PASSED] - selectOptionByValue: All options with value '1' are selected in object 'Object Repository/Backoffice/Clients/Registration/select_status' 

2018-10-12 13:51:37 - [MESSAGE][PASSED] - All options with value '1' are selected in object 'Object Repository/Backoffice/Clients/Registration/select_status' 

2018-10-12 13:51:37 - [TEST_STEP][PASSED] - delay: Delayed 2 second(s)

2018-10-12 13:51:39 - [MESSAGE][PASSED] - Delayed 2 second(s)

2018-10-12 13:51:39 - [TEST_STEP][PASSED] - click: Object: 'Object Repository/Backoffice/Clients/Registration/button_Submit' is clicked on

2018-10-12 13:51:41 - [MESSAGE][PASSED] - Object: 'Object Repository/Backoffice/Clients/Registration/button_Submit' is clicked on

2018-10-12 13:51:41 - [TEST_STEP][PASSED] - delay: Delayed 2 second(s)

2018-10-12 13:51:43 - [MESSAGE][PASSED] - Delayed 2 second(s)]]></system-out>
         <system-err><![CDATA[]]></system-err>
      </testcase>
      <testcase name="Test Cases/Backoffice/RegisterAccount" classname="Test Cases/Backoffice/RegisterAccount" status="PASSED">
         <system-out><![CDATA[2018-10-12 13:51:43 - [TEST_CASE][PASSED] - Test Cases/Backoffice/RegisterAccount: Test Cases/Backoffice/RegisterAccount

2018-10-12 13:51:43 - [TEST_STEP][PASSED] - focus: Object: 'Object Repository/Backoffice/Clients/Clients' is focused

2018-10-12 13:51:43 - [MESSAGE][PASSED] - Object: 'Object Repository/Backoffice/Clients/Clients' is focused

2018-10-12 13:51:43 - [TEST_STEP][PASSED] - verifyElementPresent: Object 'Object Repository/Backoffice/Clients/Client Registration' is present

2018-10-12 13:51:43 - [MESSAGE][PASSED] - Object 'Object Repository/Backoffice/Clients/Client Registration' is present

2018-10-12 13:51:43 - [TEST_STEP][PASSED] - click: Object: 'Object Repository/Backoffice/Clients/Client Registration' is clicked on

2018-10-12 13:51:43 - [MESSAGE][PASSED] - Object: 'Object Repository/Backoffice/Clients/Client Registration' is clicked on

2018-10-12 13:51:43 - [TEST_STEP][PASSED] - setText: Text 'insecureinsert' is set on object 'Object Repository/Backoffice/Clients/Registration/input_username'

2018-10-12 13:51:44 - [MESSAGE][PASSED] - Text 'insecureinsert' is set on object 'Object Repository/Backoffice/Clients/Registration/input_username'

2018-10-12 13:51:44 - [TEST_STEP][PASSED] - setText: Text '123123' is set on object 'Object Repository/Backoffice/Clients/Registration/input_password'

2018-10-12 13:51:44 - [MESSAGE][PASSED] - Text '123123' is set on object 'Object Repository/Backoffice/Clients/Registration/input_password'

2018-10-12 13:51:44 - [TEST_STEP][PASSED] - setText: Text '123123' is set on object 'Object Repository/Backoffice/Clients/Registration/input_confirmp'

2018-10-12 13:51:44 - [MESSAGE][PASSED] - Text '123123' is set on object 'Object Repository/Backoffice/Clients/Registration/input_confirmp'

2018-10-12 13:51:44 - [TEST_STEP][PASSED] - selectOptionByValue: All options with value 'test' are selected in object 'Object Repository/Backoffice/Clients/Registration/select_operatorcode' 

2018-10-12 13:51:44 - [MESSAGE][PASSED] - All options with value 'test' are selected in object 'Object Repository/Backoffice/Clients/Registration/select_operatorcode' 

2018-10-12 13:51:44 - [TEST_STEP][PASSED] - selectOptionByValue: All options with value '1' are selected in object 'Object Repository/Backoffice/Clients/Registration/select_status' 

2018-10-12 13:51:44 - [MESSAGE][PASSED] - All options with value '1' are selected in object 'Object Repository/Backoffice/Clients/Registration/select_status' 

2018-10-12 13:51:44 - [TEST_STEP][PASSED] - delay: Delayed 2 second(s)

2018-10-12 13:51:46 - [MESSAGE][PASSED] - Delayed 2 second(s)

2018-10-12 13:51:46 - [TEST_STEP][PASSED] - click: Object: 'Object Repository/Backoffice/Clients/Registration/button_Submit' is clicked on

2018-10-12 13:51:47 - [MESSAGE][PASSED] - Object: 'Object Repository/Backoffice/Clients/Registration/button_Submit' is clicked on

2018-10-12 13:51:47 - [TEST_STEP][PASSED] - delay: Delayed 2 second(s)

2018-10-12 13:51:49 - [MESSAGE][PASSED] - Delayed 2 second(s)]]></system-out>
         <system-err><![CDATA[]]></system-err>
      </testcase>
      <testcase name="Test Cases/Backoffice/RegisterAccount" classname="Test Cases/Backoffice/RegisterAccount" status="PASSED">
         <system-out><![CDATA[2018-10-12 13:51:49 - [TEST_CASE][PASSED] - Test Cases/Backoffice/RegisterAccount: Test Cases/Backoffice/RegisterAccount

2018-10-12 13:51:49 - [TEST_STEP][PASSED] - focus: Object: 'Object Repository/Backoffice/Clients/Clients' is focused

2018-10-12 13:51:49 - [MESSAGE][PASSED] - Object: 'Object Repository/Backoffice/Clients/Clients' is focused

2018-10-12 13:51:49 - [TEST_STEP][PASSED] - verifyElementPresent: Object 'Object Repository/Backoffice/Clients/Client Registration' is present

2018-10-12 13:51:49 - [MESSAGE][PASSED] - Object 'Object Repository/Backoffice/Clients/Client Registration' is present

2018-10-12 13:51:49 - [TEST_STEP][PASSED] - click: Object: 'Object Repository/Backoffice/Clients/Client Registration' is clicked on

2018-10-12 13:51:50 - [MESSAGE][PASSED] - Object: 'Object Repository/Backoffice/Clients/Client Registration' is clicked on

2018-10-12 13:51:50 - [TEST_STEP][PASSED] - setText: Text 'incisionirate' is set on object 'Object Repository/Backoffice/Clients/Registration/input_username'

2018-10-12 13:51:50 - [MESSAGE][PASSED] - Text 'incisionirate' is set on object 'Object Repository/Backoffice/Clients/Registration/input_username'

2018-10-12 13:51:50 - [TEST_STEP][PASSED] - setText: Text '123123' is set on object 'Object Repository/Backoffice/Clients/Registration/input_password'

2018-10-12 13:51:50 - [MESSAGE][PASSED] - Text '123123' is set on object 'Object Repository/Backoffice/Clients/Registration/input_password'

2018-10-12 13:51:50 - [TEST_STEP][PASSED] - setText: Text '123123' is set on object 'Object Repository/Backoffice/Clients/Registration/input_confirmp'

2018-10-12 13:51:50 - [MESSAGE][PASSED] - Text '123123' is set on object 'Object Repository/Backoffice/Clients/Registration/input_confirmp'

2018-10-12 13:51:50 - [TEST_STEP][PASSED] - selectOptionByValue: All options with value 'test' are selected in object 'Object Repository/Backoffice/Clients/Registration/select_operatorcode' 

2018-10-12 13:51:50 - [MESSAGE][PASSED] - All options with value 'test' are selected in object 'Object Repository/Backoffice/Clients/Registration/select_operatorcode' 

2018-10-12 13:51:50 - [TEST_STEP][PASSED] - selectOptionByValue: All options with value '1' are selected in object 'Object Repository/Backoffice/Clients/Registration/select_status' 

2018-10-12 13:51:50 - [MESSAGE][PASSED] - All options with value '1' are selected in object 'Object Repository/Backoffice/Clients/Registration/select_status' 

2018-10-12 13:51:50 - [TEST_STEP][PASSED] - delay: Delayed 2 second(s)

2018-10-12 13:51:52 - [MESSAGE][PASSED] - Delayed 2 second(s)

2018-10-12 13:51:52 - [TEST_STEP][PASSED] - click: Object: 'Object Repository/Backoffice/Clients/Registration/button_Submit' is clicked on

2018-10-12 13:51:53 - [MESSAGE][PASSED] - Object: 'Object Repository/Backoffice/Clients/Registration/button_Submit' is clicked on

2018-10-12 13:51:53 - [TEST_STEP][PASSED] - delay: Delayed 2 second(s)

2018-10-12 13:51:55 - [MESSAGE][PASSED] - Delayed 2 second(s)]]></system-out>
         <system-err><![CDATA[]]></system-err>
      </testcase>
      <testcase name="Test Cases/Backoffice/RegisterAccount" classname="Test Cases/Backoffice/RegisterAccount" status="PASSED">
         <system-out><![CDATA[2018-10-12 13:51:55 - [TEST_CASE][PASSED] - Test Cases/Backoffice/RegisterAccount: Test Cases/Backoffice/RegisterAccount

2018-10-12 13:51:55 - [TEST_STEP][PASSED] - focus: Object: 'Object Repository/Backoffice/Clients/Clients' is focused

2018-10-12 13:51:56 - [MESSAGE][PASSED] - Object: 'Object Repository/Backoffice/Clients/Clients' is focused

2018-10-12 13:51:56 - [TEST_STEP][PASSED] - verifyElementPresent: Object 'Object Repository/Backoffice/Clients/Client Registration' is present

2018-10-12 13:51:56 - [MESSAGE][PASSED] - Object 'Object Repository/Backoffice/Clients/Client Registration' is present

2018-10-12 13:51:56 - [TEST_STEP][PASSED] - click: Object: 'Object Repository/Backoffice/Clients/Client Registration' is clicked on

2018-10-12 13:51:56 - [MESSAGE][PASSED] - Object: 'Object Repository/Backoffice/Clients/Client Registration' is clicked on

2018-10-12 13:51:56 - [TEST_STEP][PASSED] - setText: Text 'intelinstr' is set on object 'Object Repository/Backoffice/Clients/Registration/input_username'

2018-10-12 13:51:56 - [MESSAGE][PASSED] - Text 'intelinstr' is set on object 'Object Repository/Backoffice/Clients/Registration/input_username'

2018-10-12 13:51:56 - [TEST_STEP][PASSED] - setText: Text '123123' is set on object 'Object Repository/Backoffice/Clients/Registration/input_password'

2018-10-12 13:51:57 - [MESSAGE][PASSED] - Text '123123' is set on object 'Object Repository/Backoffice/Clients/Registration/input_password'

2018-10-12 13:51:57 - [TEST_STEP][PASSED] - setText: Text '123123' is set on object 'Object Repository/Backoffice/Clients/Registration/input_confirmp'

2018-10-12 13:51:57 - [MESSAGE][PASSED] - Text '123123' is set on object 'Object Repository/Backoffice/Clients/Registration/input_confirmp'

2018-10-12 13:51:57 - [TEST_STEP][PASSED] - selectOptionByValue: All options with value 'test' are selected in object 'Object Repository/Backoffice/Clients/Registration/select_operatorcode' 

2018-10-12 13:51:57 - [MESSAGE][PASSED] - All options with value 'test' are selected in object 'Object Repository/Backoffice/Clients/Registration/select_operatorcode' 

2018-10-12 13:51:57 - [TEST_STEP][PASSED] - selectOptionByValue: All options with value '1' are selected in object 'Object Repository/Backoffice/Clients/Registration/select_status' 

2018-10-12 13:51:57 - [MESSAGE][PASSED] - All options with value '1' are selected in object 'Object Repository/Backoffice/Clients/Registration/select_status' 

2018-10-12 13:51:57 - [TEST_STEP][PASSED] - delay: Delayed 2 second(s)

2018-10-12 13:51:59 - [MESSAGE][PASSED] - Delayed 2 second(s)

2018-10-12 13:51:59 - [TEST_STEP][PASSED] - click: Object: 'Object Repository/Backoffice/Clients/Registration/button_Submit' is clicked on

2018-10-12 13:52:00 - [MESSAGE][PASSED] - Object: 'Object Repository/Backoffice/Clients/Registration/button_Submit' is clicked on

2018-10-12 13:52:00 - [TEST_STEP][PASSED] - delay: Delayed 2 second(s)

2018-10-12 13:52:02 - [MESSAGE][PASSED] - Delayed 2 second(s)]]></system-out>
         <system-err><![CDATA[]]></system-err>
      </testcase>
      <testcase name="Test Cases/Backoffice/RegisterAccount" classname="Test Cases/Backoffice/RegisterAccount" status="PASSED">
         <system-out><![CDATA[2018-10-12 13:52:02 - [TEST_CASE][PASSED] - Test Cases/Backoffice/RegisterAccount: Test Cases/Backoffice/RegisterAccount

2018-10-12 13:52:02 - [TEST_STEP][PASSED] - focus: Object: 'Object Repository/Backoffice/Clients/Clients' is focused

2018-10-12 13:52:02 - [MESSAGE][PASSED] - Object: 'Object Repository/Backoffice/Clients/Clients' is focused

2018-10-12 13:52:02 - [TEST_STEP][PASSED] - verifyElementPresent: Object 'Object Repository/Backoffice/Clients/Client Registration' is present

2018-10-12 13:52:02 - [MESSAGE][PASSED] - Object 'Object Repository/Backoffice/Clients/Client Registration' is present

2018-10-12 13:52:02 - [TEST_STEP][PASSED] - click: Object: 'Object Repository/Backoffice/Clients/Client Registration' is clicked on

2018-10-12 13:52:03 - [MESSAGE][PASSED] - Object: 'Object Repository/Backoffice/Clients/Client Registration' is clicked on

2018-10-12 13:52:03 - [TEST_STEP][PASSED] - setText: Text 'isometryidle' is set on object 'Object Repository/Backoffice/Clients/Registration/input_username'

2018-10-12 13:52:04 - [MESSAGE][PASSED] - Text 'isometryidle' is set on object 'Object Repository/Backoffice/Clients/Registration/input_username'

2018-10-12 13:52:04 - [TEST_STEP][PASSED] - setText: Text '123123' is set on object 'Object Repository/Backoffice/Clients/Registration/input_password'

2018-10-12 13:52:04 - [MESSAGE][PASSED] - Text '123123' is set on object 'Object Repository/Backoffice/Clients/Registration/input_password'

2018-10-12 13:52:04 - [TEST_STEP][PASSED] - setText: Text '123123' is set on object 'Object Repository/Backoffice/Clients/Registration/input_confirmp'

2018-10-12 13:52:04 - [MESSAGE][PASSED] - Text '123123' is set on object 'Object Repository/Backoffice/Clients/Registration/input_confirmp'

2018-10-12 13:52:04 - [TEST_STEP][PASSED] - selectOptionByValue: All options with value 'test' are selected in object 'Object Repository/Backoffice/Clients/Registration/select_operatorcode' 

2018-10-12 13:52:04 - [MESSAGE][PASSED] - All options with value 'test' are selected in object 'Object Repository/Backoffice/Clients/Registration/select_operatorcode' 

2018-10-12 13:52:04 - [TEST_STEP][PASSED] - selectOptionByValue: All options with value '1' are selected in object 'Object Repository/Backoffice/Clients/Registration/select_status' 

2018-10-12 13:52:04 - [MESSAGE][PASSED] - All options with value '1' are selected in object 'Object Repository/Backoffice/Clients/Registration/select_status' 

2018-10-12 13:52:04 - [TEST_STEP][PASSED] - delay: Delayed 2 second(s)

2018-10-12 13:52:06 - [MESSAGE][PASSED] - Delayed 2 second(s)

2018-10-12 13:52:06 - [TEST_STEP][PASSED] - click: Object: 'Object Repository/Backoffice/Clients/Registration/button_Submit' is clicked on

2018-10-12 13:52:07 - [MESSAGE][PASSED] - Object: 'Object Repository/Backoffice/Clients/Registration/button_Submit' is clicked on

2018-10-12 13:52:07 - [TEST_STEP][PASSED] - delay: Delayed 2 second(s)

2018-10-12 13:52:09 - [MESSAGE][PASSED] - Delayed 2 second(s)]]></system-out>
         <system-err><![CDATA[]]></system-err>
      </testcase>
      <testcase name="Test Cases/Backoffice/RegisterAccount" classname="Test Cases/Backoffice/RegisterAccount" status="PASSED">
         <system-out><![CDATA[2018-10-12 13:52:09 - [TEST_CASE][PASSED] - Test Cases/Backoffice/RegisterAccount: Test Cases/Backoffice/RegisterAccount

2018-10-12 13:52:09 - [TEST_STEP][PASSED] - focus: Object: 'Object Repository/Backoffice/Clients/Clients' is focused

2018-10-12 13:52:10 - [MESSAGE][PASSED] - Object: 'Object Repository/Backoffice/Clients/Clients' is focused

2018-10-12 13:52:10 - [TEST_STEP][PASSED] - verifyElementPresent: Object 'Object Repository/Backoffice/Clients/Client Registration' is present

2018-10-12 13:52:10 - [MESSAGE][PASSED] - Object 'Object Repository/Backoffice/Clients/Client Registration' is present

2018-10-12 13:52:10 - [TEST_STEP][PASSED] - click: Object: 'Object Repository/Backoffice/Clients/Client Registration' is clicked on

2018-10-12 13:52:10 - [MESSAGE][PASSED] - Object: 'Object Repository/Backoffice/Clients/Client Registration' is clicked on

2018-10-12 13:52:10 - [TEST_STEP][PASSED] - setText: Text 'inputinsomnia' is set on object 'Object Repository/Backoffice/Clients/Registration/input_username'

2018-10-12 13:52:10 - [MESSAGE][PASSED] - Text 'inputinsomnia' is set on object 'Object Repository/Backoffice/Clients/Registration/input_username'

2018-10-12 13:52:10 - [TEST_STEP][PASSED] - setText: Text '123123' is set on object 'Object Repository/Backoffice/Clients/Registration/input_password'

2018-10-12 13:52:11 - [MESSAGE][PASSED] - Text '123123' is set on object 'Object Repository/Backoffice/Clients/Registration/input_password'

2018-10-12 13:52:11 - [TEST_STEP][PASSED] - setText: Text '123123' is set on object 'Object Repository/Backoffice/Clients/Registration/input_confirmp'

2018-10-12 13:52:11 - [MESSAGE][PASSED] - Text '123123' is set on object 'Object Repository/Backoffice/Clients/Registration/input_confirmp'

2018-10-12 13:52:11 - [TEST_STEP][PASSED] - selectOptionByValue: All options with value 'test' are selected in object 'Object Repository/Backoffice/Clients/Registration/select_operatorcode' 

2018-10-12 13:52:11 - [MESSAGE][PASSED] - All options with value 'test' are selected in object 'Object Repository/Backoffice/Clients/Registration/select_operatorcode' 

2018-10-12 13:52:11 - [TEST_STEP][PASSED] - selectOptionByValue: All options with value '1' are selected in object 'Object Repository/Backoffice/Clients/Registration/select_status' 

2018-10-12 13:52:11 - [MESSAGE][PASSED] - All options with value '1' are selected in object 'Object Repository/Backoffice/Clients/Registration/select_status' 

2018-10-12 13:52:11 - [TEST_STEP][PASSED] - delay: Delayed 2 second(s)

2018-10-12 13:52:13 - [MESSAGE][PASSED] - Delayed 2 second(s)

2018-10-12 13:52:13 - [TEST_STEP][PASSED] - click: Object: 'Object Repository/Backoffice/Clients/Registration/button_Submit' is clicked on

2018-10-12 13:52:15 - [MESSAGE][PASSED] - Object: 'Object Repository/Backoffice/Clients/Registration/button_Submit' is clicked on

2018-10-12 13:52:15 - [TEST_STEP][PASSED] - delay: Delayed 2 second(s)

2018-10-12 13:52:17 - [MESSAGE][PASSED] - Delayed 2 second(s)]]></system-out>
         <system-err><![CDATA[]]></system-err>
      </testcase>
      <testcase name="Test Cases/Backoffice/RegisterAccount" classname="Test Cases/Backoffice/RegisterAccount" status="PASSED">
         <system-out><![CDATA[2018-10-12 13:52:17 - [TEST_CASE][PASSED] - Test Cases/Backoffice/RegisterAccount: Test Cases/Backoffice/RegisterAccount

2018-10-12 13:52:17 - [TEST_STEP][PASSED] - focus: Object: 'Object Repository/Backoffice/Clients/Clients' is focused

2018-10-12 13:52:17 - [MESSAGE][PASSED] - Object: 'Object Repository/Backoffice/Clients/Clients' is focused

2018-10-12 13:52:17 - [TEST_STEP][PASSED] - verifyElementPresent: Object 'Object Repository/Backoffice/Clients/Client Registration' is present

2018-10-12 13:52:17 - [MESSAGE][PASSED] - Object 'Object Repository/Backoffice/Clients/Client Registration' is present

2018-10-12 13:52:17 - [TEST_STEP][PASSED] - click: Object: 'Object Repository/Backoffice/Clients/Client Registration' is clicked on

2018-10-12 13:52:17 - [MESSAGE][PASSED] - Object: 'Object Repository/Backoffice/Clients/Client Registration' is clicked on

2018-10-12 13:52:17 - [TEST_STEP][PASSED] - setText: Text 'initiateditchy' is set on object 'Object Repository/Backoffice/Clients/Registration/input_username'

2018-10-12 13:52:17 - [MESSAGE][PASSED] - Text 'initiateditchy' is set on object 'Object Repository/Backoffice/Clients/Registration/input_username'

2018-10-12 13:52:17 - [TEST_STEP][PASSED] - setText: Text '123123' is set on object 'Object Repository/Backoffice/Clients/Registration/input_password'

2018-10-12 13:52:18 - [MESSAGE][PASSED] - Text '123123' is set on object 'Object Repository/Backoffice/Clients/Registration/input_password'

2018-10-12 13:52:18 - [TEST_STEP][PASSED] - setText: Text '123123' is set on object 'Object Repository/Backoffice/Clients/Registration/input_confirmp'

2018-10-12 13:52:18 - [MESSAGE][PASSED] - Text '123123' is set on object 'Object Repository/Backoffice/Clients/Registration/input_confirmp'

2018-10-12 13:52:18 - [TEST_STEP][PASSED] - selectOptionByValue: All options with value 'test' are selected in object 'Object Repository/Backoffice/Clients/Registration/select_operatorcode' 

2018-10-12 13:52:18 - [MESSAGE][PASSED] - All options with value 'test' are selected in object 'Object Repository/Backoffice/Clients/Registration/select_operatorcode' 

2018-10-12 13:52:18 - [TEST_STEP][PASSED] - selectOptionByValue: All options with value '1' are selected in object 'Object Repository/Backoffice/Clients/Registration/select_status' 

2018-10-12 13:52:18 - [MESSAGE][PASSED] - All options with value '1' are selected in object 'Object Repository/Backoffice/Clients/Registration/select_status' 

2018-10-12 13:52:18 - [TEST_STEP][PASSED] - delay: Delayed 2 second(s)

2018-10-12 13:52:20 - [MESSAGE][PASSED] - Delayed 2 second(s)

2018-10-12 13:52:20 - [TEST_STEP][PASSED] - click: Object: 'Object Repository/Backoffice/Clients/Registration/button_Submit' is clicked on

2018-10-12 13:52:21 - [MESSAGE][PASSED] - Object: 'Object Repository/Backoffice/Clients/Registration/button_Submit' is clicked on

2018-10-12 13:52:21 - [TEST_STEP][PASSED] - delay: Delayed 2 second(s)

2018-10-12 13:52:23 - [MESSAGE][PASSED] - Delayed 2 second(s)]]></system-out>
         <system-err><![CDATA[]]></system-err>
      </testcase>
      <testcase name="Test Cases/Backoffice/RegisterAccount" classname="Test Cases/Backoffice/RegisterAccount" status="PASSED">
         <system-out><![CDATA[2018-10-12 13:52:23 - [TEST_CASE][PASSED] - Test Cases/Backoffice/RegisterAccount: Test Cases/Backoffice/RegisterAccount

2018-10-12 13:52:23 - [TEST_STEP][PASSED] - focus: Object: 'Object Repository/Backoffice/Clients/Clients' is focused

2018-10-12 13:52:23 - [MESSAGE][PASSED] - Object: 'Object Repository/Backoffice/Clients/Clients' is focused

2018-10-12 13:52:23 - [TEST_STEP][PASSED] - verifyElementPresent: Object 'Object Repository/Backoffice/Clients/Client Registration' is present

2018-10-12 13:52:23 - [MESSAGE][PASSED] - Object 'Object Repository/Backoffice/Clients/Client Registration' is present

2018-10-12 13:52:23 - [TEST_STEP][PASSED] - click: Object: 'Object Repository/Backoffice/Clients/Client Registration' is clicked on

2018-10-12 13:52:24 - [MESSAGE][PASSED] - Object: 'Object Repository/Backoffice/Clients/Client Registration' is clicked on

2018-10-12 13:52:24 - [TEST_STEP][PASSED] - setText: Text 'ironyindonesian' is set on object 'Object Repository/Backoffice/Clients/Registration/input_username'

2018-10-12 13:52:24 - [MESSAGE][PASSED] - Text 'ironyindonesian' is set on object 'Object Repository/Backoffice/Clients/Registration/input_username'

2018-10-12 13:52:24 - [TEST_STEP][PASSED] - setText: Text '123123' is set on object 'Object Repository/Backoffice/Clients/Registration/input_password'

2018-10-12 13:52:24 - [MESSAGE][PASSED] - Text '123123' is set on object 'Object Repository/Backoffice/Clients/Registration/input_password'

2018-10-12 13:52:24 - [TEST_STEP][PASSED] - setText: Text '123123' is set on object 'Object Repository/Backoffice/Clients/Registration/input_confirmp'

2018-10-12 13:52:24 - [MESSAGE][PASSED] - Text '123123' is set on object 'Object Repository/Backoffice/Clients/Registration/input_confirmp'

2018-10-12 13:52:24 - [TEST_STEP][PASSED] - selectOptionByValue: All options with value 'test' are selected in object 'Object Repository/Backoffice/Clients/Registration/select_operatorcode' 

2018-10-12 13:52:24 - [MESSAGE][PASSED] - All options with value 'test' are selected in object 'Object Repository/Backoffice/Clients/Registration/select_operatorcode' 

2018-10-12 13:52:24 - [TEST_STEP][PASSED] - selectOptionByValue: All options with value '1' are selected in object 'Object Repository/Backoffice/Clients/Registration/select_status' 

2018-10-12 13:52:24 - [MESSAGE][PASSED] - All options with value '1' are selected in object 'Object Repository/Backoffice/Clients/Registration/select_status' 

2018-10-12 13:52:24 - [TEST_STEP][PASSED] - delay: Delayed 2 second(s)

2018-10-12 13:52:26 - [MESSAGE][PASSED] - Delayed 2 second(s)

2018-10-12 13:52:26 - [TEST_STEP][PASSED] - click: Object: 'Object Repository/Backoffice/Clients/Registration/button_Submit' is clicked on

2018-10-12 13:52:27 - [MESSAGE][PASSED] - Object: 'Object Repository/Backoffice/Clients/Registration/button_Submit' is clicked on

2018-10-12 13:52:27 - [TEST_STEP][PASSED] - delay: Delayed 2 second(s)

2018-10-12 13:52:29 - [MESSAGE][PASSED] - Delayed 2 second(s)]]></system-out>
         <system-err><![CDATA[]]></system-err>
      </testcase>
      <testcase name="Test Cases/Backoffice/RegisterAccount" classname="Test Cases/Backoffice/RegisterAccount" status="PASSED">
         <system-out><![CDATA[2018-10-12 13:52:29 - [TEST_CASE][PASSED] - Test Cases/Backoffice/RegisterAccount: Test Cases/Backoffice/RegisterAccount

2018-10-12 13:52:29 - [TEST_STEP][PASSED] - focus: Object: 'Object Repository/Backoffice/Clients/Clients' is focused

2018-10-12 13:52:29 - [MESSAGE][PASSED] - Object: 'Object Repository/Backoffice/Clients/Clients' is focused

2018-10-12 13:52:29 - [TEST_STEP][PASSED] - verifyElementPresent: Object 'Object Repository/Backoffice/Clients/Client Registration' is present

2018-10-12 13:52:29 - [MESSAGE][PASSED] - Object 'Object Repository/Backoffice/Clients/Client Registration' is present

2018-10-12 13:52:29 - [TEST_STEP][PASSED] - click: Object: 'Object Repository/Backoffice/Clients/Client Registration' is clicked on

2018-10-12 13:52:31 - [MESSAGE][PASSED] - Object: 'Object Repository/Backoffice/Clients/Client Registration' is clicked on

2018-10-12 13:52:31 - [TEST_STEP][PASSED] - setText: Text 'irritatedill' is set on object 'Object Repository/Backoffice/Clients/Registration/input_username'

2018-10-12 13:52:31 - [MESSAGE][PASSED] - Text 'irritatedill' is set on object 'Object Repository/Backoffice/Clients/Registration/input_username'

2018-10-12 13:52:31 - [TEST_STEP][PASSED] - setText: Text '123123' is set on object 'Object Repository/Backoffice/Clients/Registration/input_password'

2018-10-12 13:52:31 - [MESSAGE][PASSED] - Text '123123' is set on object 'Object Repository/Backoffice/Clients/Registration/input_password'

2018-10-12 13:52:31 - [TEST_STEP][PASSED] - setText: Text '123123' is set on object 'Object Repository/Backoffice/Clients/Registration/input_confirmp'

2018-10-12 13:52:31 - [MESSAGE][PASSED] - Text '123123' is set on object 'Object Repository/Backoffice/Clients/Registration/input_confirmp'

2018-10-12 13:52:31 - [TEST_STEP][PASSED] - selectOptionByValue: All options with value 'test' are selected in object 'Object Repository/Backoffice/Clients/Registration/select_operatorcode' 

2018-10-12 13:52:31 - [MESSAGE][PASSED] - All options with value 'test' are selected in object 'Object Repository/Backoffice/Clients/Registration/select_operatorcode' 

2018-10-12 13:52:31 - [TEST_STEP][PASSED] - selectOptionByValue: All options with value '1' are selected in object 'Object Repository/Backoffice/Clients/Registration/select_status' 

2018-10-12 13:52:31 - [MESSAGE][PASSED] - All options with value '1' are selected in object 'Object Repository/Backoffice/Clients/Registration/select_status' 

2018-10-12 13:52:31 - [TEST_STEP][PASSED] - delay: Delayed 2 second(s)

2018-10-12 13:52:33 - [MESSAGE][PASSED] - Delayed 2 second(s)

2018-10-12 13:52:33 - [TEST_STEP][PASSED] - click: Object: 'Object Repository/Backoffice/Clients/Registration/button_Submit' is clicked on

2018-10-12 13:52:34 - [MESSAGE][PASSED] - Object: 'Object Repository/Backoffice/Clients/Registration/button_Submit' is clicked on

2018-10-12 13:52:34 - [TEST_STEP][PASSED] - delay: Delayed 2 second(s)

2018-10-12 13:52:36 - [MESSAGE][PASSED] - Delayed 2 second(s)]]></system-out>
         <system-err><![CDATA[]]></system-err>
      </testcase>
      <testcase name="Test Cases/Backoffice/RegisterAccount" classname="Test Cases/Backoffice/RegisterAccount" status="PASSED">
         <system-out><![CDATA[2018-10-12 13:52:36 - [TEST_CASE][PASSED] - Test Cases/Backoffice/RegisterAccount: Test Cases/Backoffice/RegisterAccount

2018-10-12 13:52:36 - [TEST_STEP][PASSED] - focus: Object: 'Object Repository/Backoffice/Clients/Clients' is focused

2018-10-12 13:52:37 - [MESSAGE][PASSED] - Object: 'Object Repository/Backoffice/Clients/Clients' is focused

2018-10-12 13:52:37 - [TEST_STEP][PASSED] - verifyElementPresent: Object 'Object Repository/Backoffice/Clients/Client Registration' is present

2018-10-12 13:52:37 - [MESSAGE][PASSED] - Object 'Object Repository/Backoffice/Clients/Client Registration' is present

2018-10-12 13:52:37 - [TEST_STEP][PASSED] - click: Object: 'Object Repository/Backoffice/Clients/Client Registration' is clicked on

2018-10-12 13:52:38 - [MESSAGE][PASSED] - Object: 'Object Repository/Backoffice/Clients/Client Registration' is clicked on

2018-10-12 13:52:38 - [TEST_STEP][PASSED] - setText: Text 'idealinspect' is set on object 'Object Repository/Backoffice/Clients/Registration/input_username'

2018-10-12 13:52:38 - [MESSAGE][PASSED] - Text 'idealinspect' is set on object 'Object Repository/Backoffice/Clients/Registration/input_username'

2018-10-12 13:52:38 - [TEST_STEP][PASSED] - setText: Text '123123' is set on object 'Object Repository/Backoffice/Clients/Registration/input_password'

2018-10-12 13:52:38 - [MESSAGE][PASSED] - Text '123123' is set on object 'Object Repository/Backoffice/Clients/Registration/input_password'

2018-10-12 13:52:38 - [TEST_STEP][PASSED] - setText: Text '123123' is set on object 'Object Repository/Backoffice/Clients/Registration/input_confirmp'

2018-10-12 13:52:39 - [MESSAGE][PASSED] - Text '123123' is set on object 'Object Repository/Backoffice/Clients/Registration/input_confirmp'

2018-10-12 13:52:39 - [TEST_STEP][PASSED] - selectOptionByValue: All options with value 'test' are selected in object 'Object Repository/Backoffice/Clients/Registration/select_operatorcode' 

2018-10-12 13:52:39 - [MESSAGE][PASSED] - All options with value 'test' are selected in object 'Object Repository/Backoffice/Clients/Registration/select_operatorcode' 

2018-10-12 13:52:39 - [TEST_STEP][PASSED] - selectOptionByValue: All options with value '1' are selected in object 'Object Repository/Backoffice/Clients/Registration/select_status' 

2018-10-12 13:52:39 - [MESSAGE][PASSED] - All options with value '1' are selected in object 'Object Repository/Backoffice/Clients/Registration/select_status' 

2018-10-12 13:52:39 - [TEST_STEP][PASSED] - delay: Delayed 2 second(s)

2018-10-12 13:52:41 - [MESSAGE][PASSED] - Delayed 2 second(s)

2018-10-12 13:52:41 - [TEST_STEP][PASSED] - click: Object: 'Object Repository/Backoffice/Clients/Registration/button_Submit' is clicked on

2018-10-12 13:52:42 - [MESSAGE][PASSED] - Object: 'Object Repository/Backoffice/Clients/Registration/button_Submit' is clicked on

2018-10-12 13:52:42 - [TEST_STEP][PASSED] - delay: Delayed 2 second(s)

2018-10-12 13:52:44 - [MESSAGE][PASSED] - Delayed 2 second(s)]]></system-out>
         <system-err><![CDATA[]]></system-err>
      </testcase>
      <testcase name="Test Cases/Backoffice/RegisterAccount" classname="Test Cases/Backoffice/RegisterAccount" status="PASSED">
         <system-out><![CDATA[2018-10-12 13:52:44 - [TEST_CASE][PASSED] - Test Cases/Backoffice/RegisterAccount: Test Cases/Backoffice/RegisterAccount

2018-10-12 13:52:44 - [TEST_STEP][PASSED] - focus: Object: 'Object Repository/Backoffice/Clients/Clients' is focused

2018-10-12 13:52:44 - [MESSAGE][PASSED] - Object: 'Object Repository/Backoffice/Clients/Clients' is focused

2018-10-12 13:52:44 - [TEST_STEP][PASSED] - verifyElementPresent: Object 'Object Repository/Backoffice/Clients/Client Registration' is present

2018-10-12 13:52:44 - [MESSAGE][PASSED] - Object 'Object Repository/Backoffice/Clients/Client Registration' is present

2018-10-12 13:52:44 - [TEST_STEP][PASSED] - click: Object: 'Object Repository/Backoffice/Clients/Client Registration' is clicked on

2018-10-12 13:52:45 - [MESSAGE][PASSED] - Object: 'Object Repository/Backoffice/Clients/Client Registration' is clicked on

2018-10-12 13:52:45 - [TEST_STEP][PASSED] - setText: Text 'intervalinfamous' is set on object 'Object Repository/Backoffice/Clients/Registration/input_username'

2018-10-12 13:52:45 - [MESSAGE][PASSED] - Text 'intervalinfamous' is set on object 'Object Repository/Backoffice/Clients/Registration/input_username'

2018-10-12 13:52:45 - [TEST_STEP][PASSED] - setText: Text '123123' is set on object 'Object Repository/Backoffice/Clients/Registration/input_password'

2018-10-12 13:52:45 - [MESSAGE][PASSED] - Text '123123' is set on object 'Object Repository/Backoffice/Clients/Registration/input_password'

2018-10-12 13:52:45 - [TEST_STEP][PASSED] - setText: Text '123123' is set on object 'Object Repository/Backoffice/Clients/Registration/input_confirmp'

2018-10-12 13:52:45 - [MESSAGE][PASSED] - Text '123123' is set on object 'Object Repository/Backoffice/Clients/Registration/input_confirmp'

2018-10-12 13:52:45 - [TEST_STEP][PASSED] - selectOptionByValue: All options with value 'test' are selected in object 'Object Repository/Backoffice/Clients/Registration/select_operatorcode' 

2018-10-12 13:52:45 - [MESSAGE][PASSED] - All options with value 'test' are selected in object 'Object Repository/Backoffice/Clients/Registration/select_operatorcode' 

2018-10-12 13:52:45 - [TEST_STEP][PASSED] - selectOptionByValue: All options with value '1' are selected in object 'Object Repository/Backoffice/Clients/Registration/select_status' 

2018-10-12 13:52:46 - [MESSAGE][PASSED] - All options with value '1' are selected in object 'Object Repository/Backoffice/Clients/Registration/select_status' 

2018-10-12 13:52:46 - [TEST_STEP][PASSED] - delay: Delayed 2 second(s)

2018-10-12 13:52:48 - [MESSAGE][PASSED] - Delayed 2 second(s)

2018-10-12 13:52:48 - [TEST_STEP][PASSED] - click: Object: 'Object Repository/Backoffice/Clients/Registration/button_Submit' is clicked on

2018-10-12 13:52:48 - [MESSAGE][PASSED] - Object: 'Object Repository/Backoffice/Clients/Registration/button_Submit' is clicked on

2018-10-12 13:52:48 - [TEST_STEP][PASSED] - delay: Delayed 2 second(s)

2018-10-12 13:52:50 - [MESSAGE][PASSED] - Delayed 2 second(s)]]></system-out>
         <system-err><![CDATA[]]></system-err>
      </testcase>
      <testcase name="Test Cases/Backoffice/RegisterAccount" classname="Test Cases/Backoffice/RegisterAccount" status="PASSED">
         <system-out><![CDATA[2018-10-12 13:52:50 - [TEST_CASE][PASSED] - Test Cases/Backoffice/RegisterAccount: Test Cases/Backoffice/RegisterAccount

2018-10-12 13:52:50 - [TEST_STEP][PASSED] - focus: Object: 'Object Repository/Backoffice/Clients/Clients' is focused

2018-10-12 13:52:51 - [MESSAGE][PASSED] - Object: 'Object Repository/Backoffice/Clients/Clients' is focused

2018-10-12 13:52:51 - [TEST_STEP][PASSED] - verifyElementPresent: Object 'Object Repository/Backoffice/Clients/Client Registration' is present

2018-10-12 13:52:51 - [MESSAGE][PASSED] - Object 'Object Repository/Backoffice/Clients/Client Registration' is present

2018-10-12 13:52:51 - [TEST_STEP][PASSED] - click: Object: 'Object Repository/Backoffice/Clients/Client Registration' is clicked on

2018-10-12 13:52:51 - [MESSAGE][PASSED] - Object: 'Object Repository/Backoffice/Clients/Client Registration' is clicked on

2018-10-12 13:52:51 - [TEST_STEP][PASSED] - setText: Text 'indentitems' is set on object 'Object Repository/Backoffice/Clients/Registration/input_username'

2018-10-12 13:52:51 - [MESSAGE][PASSED] - Text 'indentitems' is set on object 'Object Repository/Backoffice/Clients/Registration/input_username'

2018-10-12 13:52:51 - [TEST_STEP][PASSED] - setText: Text '123123' is set on object 'Object Repository/Backoffice/Clients/Registration/input_password'

2018-10-12 13:52:52 - [MESSAGE][PASSED] - Text '123123' is set on object 'Object Repository/Backoffice/Clients/Registration/input_password'

2018-10-12 13:52:52 - [TEST_STEP][PASSED] - setText: Text '123123' is set on object 'Object Repository/Backoffice/Clients/Registration/input_confirmp'

2018-10-12 13:52:52 - [MESSAGE][PASSED] - Text '123123' is set on object 'Object Repository/Backoffice/Clients/Registration/input_confirmp'

2018-10-12 13:52:52 - [TEST_STEP][PASSED] - selectOptionByValue: All options with value 'test' are selected in object 'Object Repository/Backoffice/Clients/Registration/select_operatorcode' 

2018-10-12 13:52:52 - [MESSAGE][PASSED] - All options with value 'test' are selected in object 'Object Repository/Backoffice/Clients/Registration/select_operatorcode' 

2018-10-12 13:52:52 - [TEST_STEP][PASSED] - selectOptionByValue: All options with value '1' are selected in object 'Object Repository/Backoffice/Clients/Registration/select_status' 

2018-10-12 13:52:52 - [MESSAGE][PASSED] - All options with value '1' are selected in object 'Object Repository/Backoffice/Clients/Registration/select_status' 

2018-10-12 13:52:52 - [TEST_STEP][PASSED] - delay: Delayed 2 second(s)

2018-10-12 13:52:54 - [MESSAGE][PASSED] - Delayed 2 second(s)

2018-10-12 13:52:54 - [TEST_STEP][PASSED] - click: Object: 'Object Repository/Backoffice/Clients/Registration/button_Submit' is clicked on

2018-10-12 13:52:55 - [MESSAGE][PASSED] - Object: 'Object Repository/Backoffice/Clients/Registration/button_Submit' is clicked on

2018-10-12 13:52:55 - [TEST_STEP][PASSED] - delay: Delayed 2 second(s)

2018-10-12 13:52:57 - [MESSAGE][PASSED] - Delayed 2 second(s)]]></system-out>
         <system-err><![CDATA[]]></system-err>
      </testcase>
      <testcase name="Test Cases/Backoffice/RegisterAccount" classname="Test Cases/Backoffice/RegisterAccount" status="PASSED">
         <system-out><![CDATA[2018-10-12 13:52:57 - [TEST_CASE][PASSED] - Test Cases/Backoffice/RegisterAccount: Test Cases/Backoffice/RegisterAccount

2018-10-12 13:52:57 - [TEST_STEP][PASSED] - focus: Object: 'Object Repository/Backoffice/Clients/Clients' is focused

2018-10-12 13:52:57 - [MESSAGE][PASSED] - Object: 'Object Repository/Backoffice/Clients/Clients' is focused

2018-10-12 13:52:57 - [TEST_STEP][PASSED] - verifyElementPresent: Object 'Object Repository/Backoffice/Clients/Client Registration' is present

2018-10-12 13:52:57 - [MESSAGE][PASSED] - Object 'Object Repository/Backoffice/Clients/Client Registration' is present

2018-10-12 13:52:57 - [TEST_STEP][PASSED] - click: Object: 'Object Repository/Backoffice/Clients/Client Registration' is clicked on

2018-10-12 13:52:58 - [MESSAGE][PASSED] - Object: 'Object Repository/Backoffice/Clients/Client Registration' is clicked on

2018-10-12 13:52:58 - [TEST_STEP][PASSED] - setText: Text 'illusionironic' is set on object 'Object Repository/Backoffice/Clients/Registration/input_username'

2018-10-12 13:52:58 - [MESSAGE][PASSED] - Text 'illusionironic' is set on object 'Object Repository/Backoffice/Clients/Registration/input_username'

2018-10-12 13:52:58 - [TEST_STEP][PASSED] - setText: Text '123123' is set on object 'Object Repository/Backoffice/Clients/Registration/input_password'

2018-10-12 13:52:58 - [MESSAGE][PASSED] - Text '123123' is set on object 'Object Repository/Backoffice/Clients/Registration/input_password'

2018-10-12 13:52:58 - [TEST_STEP][PASSED] - setText: Text '123123' is set on object 'Object Repository/Backoffice/Clients/Registration/input_confirmp'

2018-10-12 13:52:59 - [MESSAGE][PASSED] - Text '123123' is set on object 'Object Repository/Backoffice/Clients/Registration/input_confirmp'

2018-10-12 13:52:59 - [TEST_STEP][PASSED] - selectOptionByValue: All options with value 'test' are selected in object 'Object Repository/Backoffice/Clients/Registration/select_operatorcode' 

2018-10-12 13:52:59 - [MESSAGE][PASSED] - All options with value 'test' are selected in object 'Object Repository/Backoffice/Clients/Registration/select_operatorcode' 

2018-10-12 13:52:59 - [TEST_STEP][PASSED] - selectOptionByValue: All options with value '1' are selected in object 'Object Repository/Backoffice/Clients/Registration/select_status' 

2018-10-12 13:52:59 - [MESSAGE][PASSED] - All options with value '1' are selected in object 'Object Repository/Backoffice/Clients/Registration/select_status' 

2018-10-12 13:52:59 - [TEST_STEP][PASSED] - delay: Delayed 2 second(s)

2018-10-12 13:53:01 - [MESSAGE][PASSED] - Delayed 2 second(s)

2018-10-12 13:53:01 - [TEST_STEP][PASSED] - click: Object: 'Object Repository/Backoffice/Clients/Registration/button_Submit' is clicked on

2018-10-12 13:53:02 - [MESSAGE][PASSED] - Object: 'Object Repository/Backoffice/Clients/Registration/button_Submit' is clicked on

2018-10-12 13:53:02 - [TEST_STEP][PASSED] - delay: Delayed 2 second(s)

2018-10-12 13:53:04 - [MESSAGE][PASSED] - Delayed 2 second(s)]]></system-out>
         <system-err><![CDATA[]]></system-err>
      </testcase>
      <testcase name="Test Cases/Backoffice/RegisterAccount" classname="Test Cases/Backoffice/RegisterAccount" status="PASSED">
         <system-out><![CDATA[2018-10-12 13:53:04 - [TEST_CASE][PASSED] - Test Cases/Backoffice/RegisterAccount: Test Cases/Backoffice/RegisterAccount

2018-10-12 13:53:04 - [TEST_STEP][PASSED] - focus: Object: 'Object Repository/Backoffice/Clients/Clients' is focused

2018-10-12 13:53:04 - [MESSAGE][PASSED] - Object: 'Object Repository/Backoffice/Clients/Clients' is focused

2018-10-12 13:53:04 - [TEST_STEP][PASSED] - verifyElementPresent: Object 'Object Repository/Backoffice/Clients/Client Registration' is present

2018-10-12 13:53:04 - [MESSAGE][PASSED] - Object 'Object Repository/Backoffice/Clients/Client Registration' is present

2018-10-12 13:53:04 - [TEST_STEP][PASSED] - click: Object: 'Object Repository/Backoffice/Clients/Client Registration' is clicked on

2018-10-12 13:53:05 - [MESSAGE][PASSED] - Object: 'Object Repository/Backoffice/Clients/Client Registration' is clicked on

2018-10-12 13:53:05 - [TEST_STEP][PASSED] - setText: Text 'ickyideal' is set on object 'Object Repository/Backoffice/Clients/Registration/input_username'

2018-10-12 13:53:05 - [MESSAGE][PASSED] - Text 'ickyideal' is set on object 'Object Repository/Backoffice/Clients/Registration/input_username'

2018-10-12 13:53:05 - [TEST_STEP][PASSED] - setText: Text '123123' is set on object 'Object Repository/Backoffice/Clients/Registration/input_password'

2018-10-12 13:53:05 - [MESSAGE][PASSED] - Text '123123' is set on object 'Object Repository/Backoffice/Clients/Registration/input_password'

2018-10-12 13:53:05 - [TEST_STEP][PASSED] - setText: Text '123123' is set on object 'Object Repository/Backoffice/Clients/Registration/input_confirmp'

2018-10-12 13:53:05 - [MESSAGE][PASSED] - Text '123123' is set on object 'Object Repository/Backoffice/Clients/Registration/input_confirmp'

2018-10-12 13:53:05 - [TEST_STEP][PASSED] - selectOptionByValue: All options with value 'test' are selected in object 'Object Repository/Backoffice/Clients/Registration/select_operatorcode' 

2018-10-12 13:53:05 - [MESSAGE][PASSED] - All options with value 'test' are selected in object 'Object Repository/Backoffice/Clients/Registration/select_operatorcode' 

2018-10-12 13:53:05 - [TEST_STEP][PASSED] - selectOptionByValue: All options with value '1' are selected in object 'Object Repository/Backoffice/Clients/Registration/select_status' 

2018-10-12 13:53:05 - [MESSAGE][PASSED] - All options with value '1' are selected in object 'Object Repository/Backoffice/Clients/Registration/select_status' 

2018-10-12 13:53:05 - [TEST_STEP][PASSED] - delay: Delayed 2 second(s)

2018-10-12 13:53:07 - [MESSAGE][PASSED] - Delayed 2 second(s)

2018-10-12 13:53:07 - [TEST_STEP][PASSED] - click: Object: 'Object Repository/Backoffice/Clients/Registration/button_Submit' is clicked on

2018-10-12 13:53:08 - [MESSAGE][PASSED] - Object: 'Object Repository/Backoffice/Clients/Registration/button_Submit' is clicked on

2018-10-12 13:53:08 - [TEST_STEP][PASSED] - delay: Delayed 2 second(s)

2018-10-12 13:53:10 - [MESSAGE][PASSED] - Delayed 2 second(s)]]></system-out>
         <system-err><![CDATA[]]></system-err>
      </testcase>
      <testcase name="Test Cases/Backoffice/RegisterAccount" classname="Test Cases/Backoffice/RegisterAccount" status="PASSED">
         <system-out><![CDATA[2018-10-12 13:53:10 - [TEST_CASE][PASSED] - Test Cases/Backoffice/RegisterAccount: Test Cases/Backoffice/RegisterAccount

2018-10-12 13:53:10 - [TEST_STEP][PASSED] - focus: Object: 'Object Repository/Backoffice/Clients/Clients' is focused

2018-10-12 13:53:10 - [MESSAGE][PASSED] - Object: 'Object Repository/Backoffice/Clients/Clients' is focused

2018-10-12 13:53:10 - [TEST_STEP][PASSED] - verifyElementPresent: Object 'Object Repository/Backoffice/Clients/Client Registration' is present

2018-10-12 13:53:10 - [MESSAGE][PASSED] - Object 'Object Repository/Backoffice/Clients/Client Registration' is present

2018-10-12 13:53:10 - [TEST_STEP][PASSED] - click: Object: 'Object Repository/Backoffice/Clients/Client Registration' is clicked on

2018-10-12 13:53:11 - [MESSAGE][PASSED] - Object: 'Object Repository/Backoffice/Clients/Client Registration' is clicked on

2018-10-12 13:53:11 - [TEST_STEP][PASSED] - setText: Text 'infieldisomer' is set on object 'Object Repository/Backoffice/Clients/Registration/input_username'

2018-10-12 13:53:11 - [MESSAGE][PASSED] - Text 'infieldisomer' is set on object 'Object Repository/Backoffice/Clients/Registration/input_username'

2018-10-12 13:53:11 - [TEST_STEP][PASSED] - setText: Text '123123' is set on object 'Object Repository/Backoffice/Clients/Registration/input_password'

2018-10-12 13:53:11 - [MESSAGE][PASSED] - Text '123123' is set on object 'Object Repository/Backoffice/Clients/Registration/input_password'

2018-10-12 13:53:11 - [TEST_STEP][PASSED] - setText: Text '123123' is set on object 'Object Repository/Backoffice/Clients/Registration/input_confirmp'

2018-10-12 13:53:11 - [MESSAGE][PASSED] - Text '123123' is set on object 'Object Repository/Backoffice/Clients/Registration/input_confirmp'

2018-10-12 13:53:11 - [TEST_STEP][PASSED] - selectOptionByValue: All options with value 'test' are selected in object 'Object Repository/Backoffice/Clients/Registration/select_operatorcode' 

2018-10-12 13:53:12 - [MESSAGE][PASSED] - All options with value 'test' are selected in object 'Object Repository/Backoffice/Clients/Registration/select_operatorcode' 

2018-10-12 13:53:12 - [TEST_STEP][PASSED] - selectOptionByValue: All options with value '1' are selected in object 'Object Repository/Backoffice/Clients/Registration/select_status' 

2018-10-12 13:53:12 - [MESSAGE][PASSED] - All options with value '1' are selected in object 'Object Repository/Backoffice/Clients/Registration/select_status' 

2018-10-12 13:53:12 - [TEST_STEP][PASSED] - delay: Delayed 2 second(s)

2018-10-12 13:53:14 - [MESSAGE][PASSED] - Delayed 2 second(s)

2018-10-12 13:53:14 - [TEST_STEP][PASSED] - click: Object: 'Object Repository/Backoffice/Clients/Registration/button_Submit' is clicked on

2018-10-12 13:53:15 - [MESSAGE][PASSED] - Object: 'Object Repository/Backoffice/Clients/Registration/button_Submit' is clicked on

2018-10-12 13:53:15 - [TEST_STEP][PASSED] - delay: Delayed 2 second(s)

2018-10-12 13:53:17 - [MESSAGE][PASSED] - Delayed 2 second(s)]]></system-out>
         <system-err><![CDATA[]]></system-err>
      </testcase>
      <testcase name="Test Cases/Backoffice/RegisterAccount" classname="Test Cases/Backoffice/RegisterAccount" status="PASSED">
         <system-out><![CDATA[2018-10-12 13:53:17 - [TEST_CASE][PASSED] - Test Cases/Backoffice/RegisterAccount: Test Cases/Backoffice/RegisterAccount

2018-10-12 13:53:17 - [TEST_STEP][PASSED] - focus: Object: 'Object Repository/Backoffice/Clients/Clients' is focused

2018-10-12 13:53:17 - [MESSAGE][PASSED] - Object: 'Object Repository/Backoffice/Clients/Clients' is focused

2018-10-12 13:53:17 - [TEST_STEP][PASSED] - verifyElementPresent: Object 'Object Repository/Backoffice/Clients/Client Registration' is present

2018-10-12 13:53:17 - [MESSAGE][PASSED] - Object 'Object Repository/Backoffice/Clients/Client Registration' is present

2018-10-12 13:53:17 - [TEST_STEP][PASSED] - click: Object: 'Object Repository/Backoffice/Clients/Client Registration' is clicked on

2018-10-12 13:53:18 - [MESSAGE][PASSED] - Object: 'Object Repository/Backoffice/Clients/Client Registration' is clicked on

2018-10-12 13:53:18 - [TEST_STEP][PASSED] - setText: Text 'inradiusinstant' is set on object 'Object Repository/Backoffice/Clients/Registration/input_username'

2018-10-12 13:53:18 - [MESSAGE][PASSED] - Text 'inradiusinstant' is set on object 'Object Repository/Backoffice/Clients/Registration/input_username'

2018-10-12 13:53:18 - [TEST_STEP][PASSED] - setText: Text '123123' is set on object 'Object Repository/Backoffice/Clients/Registration/input_password'

2018-10-12 13:53:18 - [MESSAGE][PASSED] - Text '123123' is set on object 'Object Repository/Backoffice/Clients/Registration/input_password'

2018-10-12 13:53:18 - [TEST_STEP][PASSED] - setText: Text '123123' is set on object 'Object Repository/Backoffice/Clients/Registration/input_confirmp'

2018-10-12 13:53:18 - [MESSAGE][PASSED] - Text '123123' is set on object 'Object Repository/Backoffice/Clients/Registration/input_confirmp'

2018-10-12 13:53:18 - [TEST_STEP][PASSED] - selectOptionByValue: All options with value 'test' are selected in object 'Object Repository/Backoffice/Clients/Registration/select_operatorcode' 

2018-10-12 13:53:18 - [MESSAGE][PASSED] - All options with value 'test' are selected in object 'Object Repository/Backoffice/Clients/Registration/select_operatorcode' 

2018-10-12 13:53:18 - [TEST_STEP][PASSED] - selectOptionByValue: All options with value '1' are selected in object 'Object Repository/Backoffice/Clients/Registration/select_status' 

2018-10-12 13:53:18 - [MESSAGE][PASSED] - All options with value '1' are selected in object 'Object Repository/Backoffice/Clients/Registration/select_status' 

2018-10-12 13:53:18 - [TEST_STEP][PASSED] - delay: Delayed 2 second(s)

2018-10-12 13:53:20 - [MESSAGE][PASSED] - Delayed 2 second(s)

2018-10-12 13:53:20 - [TEST_STEP][PASSED] - click: Object: 'Object Repository/Backoffice/Clients/Registration/button_Submit' is clicked on

2018-10-12 13:53:21 - [MESSAGE][PASSED] - Object: 'Object Repository/Backoffice/Clients/Registration/button_Submit' is clicked on

2018-10-12 13:53:21 - [TEST_STEP][PASSED] - delay: Delayed 2 second(s)

2018-10-12 13:53:23 - [MESSAGE][PASSED] - Delayed 2 second(s)]]></system-out>
         <system-err><![CDATA[]]></system-err>
      </testcase>
      <testcase name="Test Cases/Backoffice/RegisterAccount" classname="Test Cases/Backoffice/RegisterAccount" status="PASSED">
         <system-out><![CDATA[2018-10-12 13:53:23 - [TEST_CASE][PASSED] - Test Cases/Backoffice/RegisterAccount: Test Cases/Backoffice/RegisterAccount

2018-10-12 13:53:23 - [TEST_STEP][PASSED] - focus: Object: 'Object Repository/Backoffice/Clients/Clients' is focused

2018-10-12 13:53:23 - [MESSAGE][PASSED] - Object: 'Object Repository/Backoffice/Clients/Clients' is focused

2018-10-12 13:53:23 - [TEST_STEP][PASSED] - verifyElementPresent: Object 'Object Repository/Backoffice/Clients/Client Registration' is present

2018-10-12 13:53:23 - [MESSAGE][PASSED] - Object 'Object Repository/Backoffice/Clients/Client Registration' is present

2018-10-12 13:53:23 - [TEST_STEP][PASSED] - click: Object: 'Object Repository/Backoffice/Clients/Client Registration' is clicked on

2018-10-12 13:53:25 - [MESSAGE][PASSED] - Object: 'Object Repository/Backoffice/Clients/Client Registration' is clicked on

2018-10-12 13:53:25 - [TEST_STEP][PASSED] - setText: Text 'issueimprobable' is set on object 'Object Repository/Backoffice/Clients/Registration/input_username'

2018-10-12 13:53:25 - [MESSAGE][PASSED] - Text 'issueimprobable' is set on object 'Object Repository/Backoffice/Clients/Registration/input_username'

2018-10-12 13:53:25 - [TEST_STEP][PASSED] - setText: Text '123123' is set on object 'Object Repository/Backoffice/Clients/Registration/input_password'

2018-10-12 13:53:25 - [MESSAGE][PASSED] - Text '123123' is set on object 'Object Repository/Backoffice/Clients/Registration/input_password'

2018-10-12 13:53:25 - [TEST_STEP][PASSED] - setText: Text '123123' is set on object 'Object Repository/Backoffice/Clients/Registration/input_confirmp'

2018-10-12 13:53:26 - [MESSAGE][PASSED] - Text '123123' is set on object 'Object Repository/Backoffice/Clients/Registration/input_confirmp'

2018-10-12 13:53:26 - [TEST_STEP][PASSED] - selectOptionByValue: All options with value 'test' are selected in object 'Object Repository/Backoffice/Clients/Registration/select_operatorcode' 

2018-10-12 13:53:26 - [MESSAGE][PASSED] - All options with value 'test' are selected in object 'Object Repository/Backoffice/Clients/Registration/select_operatorcode' 

2018-10-12 13:53:26 - [TEST_STEP][PASSED] - selectOptionByValue: All options with value '1' are selected in object 'Object Repository/Backoffice/Clients/Registration/select_status' 

2018-10-12 13:53:26 - [MESSAGE][PASSED] - All options with value '1' are selected in object 'Object Repository/Backoffice/Clients/Registration/select_status' 

2018-10-12 13:53:26 - [TEST_STEP][PASSED] - delay: Delayed 2 second(s)

2018-10-12 13:53:28 - [MESSAGE][PASSED] - Delayed 2 second(s)

2018-10-12 13:53:28 - [TEST_STEP][PASSED] - click: Object: 'Object Repository/Backoffice/Clients/Registration/button_Submit' is clicked on

2018-10-12 13:53:29 - [MESSAGE][PASSED] - Object: 'Object Repository/Backoffice/Clients/Registration/button_Submit' is clicked on

2018-10-12 13:53:29 - [TEST_STEP][PASSED] - delay: Delayed 2 second(s)

2018-10-12 13:53:31 - [MESSAGE][PASSED] - Delayed 2 second(s)]]></system-out>
         <system-err><![CDATA[]]></system-err>
      </testcase>
      <testcase name="Test Cases/Backoffice/RegisterAccount" classname="Test Cases/Backoffice/RegisterAccount" status="PASSED">
         <system-out><![CDATA[2018-10-12 13:53:31 - [TEST_CASE][PASSED] - Test Cases/Backoffice/RegisterAccount: Test Cases/Backoffice/RegisterAccount

2018-10-12 13:53:31 - [TEST_STEP][PASSED] - focus: Object: 'Object Repository/Backoffice/Clients/Clients' is focused

2018-10-12 13:53:31 - [MESSAGE][PASSED] - Object: 'Object Repository/Backoffice/Clients/Clients' is focused

2018-10-12 13:53:31 - [TEST_STEP][PASSED] - verifyElementPresent: Object 'Object Repository/Backoffice/Clients/Client Registration' is present

2018-10-12 13:53:31 - [MESSAGE][PASSED] - Object 'Object Repository/Backoffice/Clients/Client Registration' is present

2018-10-12 13:53:31 - [TEST_STEP][PASSED] - click: Object: 'Object Repository/Backoffice/Clients/Client Registration' is clicked on

2018-10-12 13:53:32 - [MESSAGE][PASSED] - Object: 'Object Repository/Backoffice/Clients/Client Registration' is clicked on

2018-10-12 13:53:32 - [TEST_STEP][PASSED] - setText: Text 'impartialidris' is set on object 'Object Repository/Backoffice/Clients/Registration/input_username'

2018-10-12 13:53:32 - [MESSAGE][PASSED] - Text 'impartialidris' is set on object 'Object Repository/Backoffice/Clients/Registration/input_username'

2018-10-12 13:53:32 - [TEST_STEP][PASSED] - setText: Text '123123' is set on object 'Object Repository/Backoffice/Clients/Registration/input_password'

2018-10-12 13:53:32 - [MESSAGE][PASSED] - Text '123123' is set on object 'Object Repository/Backoffice/Clients/Registration/input_password'

2018-10-12 13:53:32 - [TEST_STEP][PASSED] - setText: Text '123123' is set on object 'Object Repository/Backoffice/Clients/Registration/input_confirmp'

2018-10-12 13:53:33 - [MESSAGE][PASSED] - Text '123123' is set on object 'Object Repository/Backoffice/Clients/Registration/input_confirmp'

2018-10-12 13:53:33 - [TEST_STEP][PASSED] - selectOptionByValue: All options with value 'test' are selected in object 'Object Repository/Backoffice/Clients/Registration/select_operatorcode' 

2018-10-12 13:53:33 - [MESSAGE][PASSED] - All options with value 'test' are selected in object 'Object Repository/Backoffice/Clients/Registration/select_operatorcode' 

2018-10-12 13:53:33 - [TEST_STEP][PASSED] - selectOptionByValue: All options with value '1' are selected in object 'Object Repository/Backoffice/Clients/Registration/select_status' 

2018-10-12 13:53:33 - [MESSAGE][PASSED] - All options with value '1' are selected in object 'Object Repository/Backoffice/Clients/Registration/select_status' 

2018-10-12 13:53:33 - [TEST_STEP][PASSED] - delay: Delayed 2 second(s)

2018-10-12 13:53:35 - [MESSAGE][PASSED] - Delayed 2 second(s)

2018-10-12 13:53:35 - [TEST_STEP][PASSED] - click: Object: 'Object Repository/Backoffice/Clients/Registration/button_Submit' is clicked on

2018-10-12 13:53:37 - [MESSAGE][PASSED] - Object: 'Object Repository/Backoffice/Clients/Registration/button_Submit' is clicked on

2018-10-12 13:53:37 - [TEST_STEP][PASSED] - delay: Delayed 2 second(s)

2018-10-12 13:53:39 - [MESSAGE][PASSED] - Delayed 2 second(s)]]></system-out>
         <system-err><![CDATA[]]></system-err>
      </testcase>
      <testcase name="Test Cases/Backoffice/RegisterAccount" classname="Test Cases/Backoffice/RegisterAccount" status="PASSED">
         <system-out><![CDATA[2018-10-12 13:53:39 - [TEST_CASE][PASSED] - Test Cases/Backoffice/RegisterAccount: Test Cases/Backoffice/RegisterAccount

2018-10-12 13:53:39 - [TEST_STEP][PASSED] - focus: Object: 'Object Repository/Backoffice/Clients/Clients' is focused

2018-10-12 13:53:39 - [MESSAGE][PASSED] - Object: 'Object Repository/Backoffice/Clients/Clients' is focused

2018-10-12 13:53:39 - [TEST_STEP][PASSED] - verifyElementPresent: Object 'Object Repository/Backoffice/Clients/Client Registration' is present

2018-10-12 13:53:39 - [MESSAGE][PASSED] - Object 'Object Repository/Backoffice/Clients/Client Registration' is present

2018-10-12 13:53:39 - [TEST_STEP][PASSED] - click: Object: 'Object Repository/Backoffice/Clients/Client Registration' is clicked on

2018-10-12 13:53:40 - [MESSAGE][PASSED] - Object: 'Object Repository/Backoffice/Clients/Client Registration' is clicked on

2018-10-12 13:53:40 - [TEST_STEP][PASSED] - setText: Text 'immatureinflate' is set on object 'Object Repository/Backoffice/Clients/Registration/input_username'

2018-10-12 13:53:40 - [MESSAGE][PASSED] - Text 'immatureinflate' is set on object 'Object Repository/Backoffice/Clients/Registration/input_username'

2018-10-12 13:53:40 - [TEST_STEP][PASSED] - setText: Text '123123' is set on object 'Object Repository/Backoffice/Clients/Registration/input_password'

2018-10-12 13:53:40 - [MESSAGE][PASSED] - Text '123123' is set on object 'Object Repository/Backoffice/Clients/Registration/input_password'

2018-10-12 13:53:40 - [TEST_STEP][PASSED] - setText: Text '123123' is set on object 'Object Repository/Backoffice/Clients/Registration/input_confirmp'

2018-10-12 13:53:40 - [MESSAGE][PASSED] - Text '123123' is set on object 'Object Repository/Backoffice/Clients/Registration/input_confirmp'

2018-10-12 13:53:40 - [TEST_STEP][PASSED] - selectOptionByValue: All options with value 'test' are selected in object 'Object Repository/Backoffice/Clients/Registration/select_operatorcode' 

2018-10-12 13:53:41 - [MESSAGE][PASSED] - All options with value 'test' are selected in object 'Object Repository/Backoffice/Clients/Registration/select_operatorcode' 

2018-10-12 13:53:41 - [TEST_STEP][PASSED] - selectOptionByValue: All options with value '1' are selected in object 'Object Repository/Backoffice/Clients/Registration/select_status' 

2018-10-12 13:53:41 - [MESSAGE][PASSED] - All options with value '1' are selected in object 'Object Repository/Backoffice/Clients/Registration/select_status' 

2018-10-12 13:53:41 - [TEST_STEP][PASSED] - delay: Delayed 2 second(s)

2018-10-12 13:53:43 - [MESSAGE][PASSED] - Delayed 2 second(s)

2018-10-12 13:53:43 - [TEST_STEP][PASSED] - click: Object: 'Object Repository/Backoffice/Clients/Registration/button_Submit' is clicked on

2018-10-12 13:53:44 - [MESSAGE][PASSED] - Object: 'Object Repository/Backoffice/Clients/Registration/button_Submit' is clicked on

2018-10-12 13:53:44 - [TEST_STEP][PASSED] - delay: Delayed 2 second(s)

2018-10-12 13:53:46 - [MESSAGE][PASSED] - Delayed 2 second(s)]]></system-out>
         <system-err><![CDATA[]]></system-err>
      </testcase>
      <testcase name="Test Cases/Backoffice/RegisterAccount" classname="Test Cases/Backoffice/RegisterAccount" status="PASSED">
         <system-out><![CDATA[2018-10-12 13:53:46 - [TEST_CASE][PASSED] - Test Cases/Backoffice/RegisterAccount: Test Cases/Backoffice/RegisterAccount

2018-10-12 13:53:46 - [TEST_STEP][PASSED] - focus: Object: 'Object Repository/Backoffice/Clients/Clients' is focused

2018-10-12 13:53:46 - [MESSAGE][PASSED] - Object: 'Object Repository/Backoffice/Clients/Clients' is focused

2018-10-12 13:53:46 - [TEST_STEP][PASSED] - verifyElementPresent: Object 'Object Repository/Backoffice/Clients/Client Registration' is present

2018-10-12 13:53:46 - [MESSAGE][PASSED] - Object 'Object Repository/Backoffice/Clients/Client Registration' is present

2018-10-12 13:53:46 - [TEST_STEP][PASSED] - click: Object: 'Object Repository/Backoffice/Clients/Client Registration' is clicked on

2018-10-12 13:53:46 - [MESSAGE][PASSED] - Object: 'Object Repository/Backoffice/Clients/Client Registration' is clicked on

2018-10-12 13:53:46 - [TEST_STEP][PASSED] - setText: Text 'icelandiciced' is set on object 'Object Repository/Backoffice/Clients/Registration/input_username'

2018-10-12 13:53:47 - [MESSAGE][PASSED] - Text 'icelandiciced' is set on object 'Object Repository/Backoffice/Clients/Registration/input_username'

2018-10-12 13:53:47 - [TEST_STEP][PASSED] - setText: Text '123123' is set on object 'Object Repository/Backoffice/Clients/Registration/input_password'

2018-10-12 13:53:47 - [MESSAGE][PASSED] - Text '123123' is set on object 'Object Repository/Backoffice/Clients/Registration/input_password'

2018-10-12 13:53:47 - [TEST_STEP][PASSED] - setText: Text '123123' is set on object 'Object Repository/Backoffice/Clients/Registration/input_confirmp'

2018-10-12 13:53:47 - [MESSAGE][PASSED] - Text '123123' is set on object 'Object Repository/Backoffice/Clients/Registration/input_confirmp'

2018-10-12 13:53:47 - [TEST_STEP][PASSED] - selectOptionByValue: All options with value 'test' are selected in object 'Object Repository/Backoffice/Clients/Registration/select_operatorcode' 

2018-10-12 13:53:47 - [MESSAGE][PASSED] - All options with value 'test' are selected in object 'Object Repository/Backoffice/Clients/Registration/select_operatorcode' 

2018-10-12 13:53:47 - [TEST_STEP][PASSED] - selectOptionByValue: All options with value '1' are selected in object 'Object Repository/Backoffice/Clients/Registration/select_status' 

2018-10-12 13:53:47 - [MESSAGE][PASSED] - All options with value '1' are selected in object 'Object Repository/Backoffice/Clients/Registration/select_status' 

2018-10-12 13:53:47 - [TEST_STEP][PASSED] - delay: Delayed 2 second(s)

2018-10-12 13:53:49 - [MESSAGE][PASSED] - Delayed 2 second(s)

2018-10-12 13:53:49 - [TEST_STEP][PASSED] - click: Object: 'Object Repository/Backoffice/Clients/Registration/button_Submit' is clicked on

2018-10-12 13:53:50 - [MESSAGE][PASSED] - Object: 'Object Repository/Backoffice/Clients/Registration/button_Submit' is clicked on

2018-10-12 13:53:50 - [TEST_STEP][PASSED] - delay: Delayed 2 second(s)

2018-10-12 13:53:52 - [MESSAGE][PASSED] - Delayed 2 second(s)]]></system-out>
         <system-err><![CDATA[]]></system-err>
      </testcase>
      <testcase name="Test Cases/Backoffice/RegisterAccount" classname="Test Cases/Backoffice/RegisterAccount" status="PASSED">
         <system-out><![CDATA[2018-10-12 13:53:52 - [TEST_CASE][PASSED] - Test Cases/Backoffice/RegisterAccount: Test Cases/Backoffice/RegisterAccount

2018-10-12 13:53:52 - [TEST_STEP][PASSED] - focus: Object: 'Object Repository/Backoffice/Clients/Clients' is focused

2018-10-12 13:53:52 - [MESSAGE][PASSED] - Object: 'Object Repository/Backoffice/Clients/Clients' is focused

2018-10-12 13:53:52 - [TEST_STEP][PASSED] - verifyElementPresent: Object 'Object Repository/Backoffice/Clients/Client Registration' is present

2018-10-12 13:53:52 - [MESSAGE][PASSED] - Object 'Object Repository/Backoffice/Clients/Client Registration' is present

2018-10-12 13:53:52 - [TEST_STEP][PASSED] - click: Object: 'Object Repository/Backoffice/Clients/Client Registration' is clicked on

2018-10-12 13:53:53 - [MESSAGE][PASSED] - Object: 'Object Repository/Backoffice/Clients/Client Registration' is clicked on

2018-10-12 13:53:53 - [TEST_STEP][PASSED] - setText: Text 'instagramigneous' is set on object 'Object Repository/Backoffice/Clients/Registration/input_username'

2018-10-12 13:53:53 - [MESSAGE][PASSED] - Text 'instagramigneous' is set on object 'Object Repository/Backoffice/Clients/Registration/input_username'

2018-10-12 13:53:53 - [TEST_STEP][PASSED] - setText: Text '123123' is set on object 'Object Repository/Backoffice/Clients/Registration/input_password'

2018-10-12 13:53:53 - [MESSAGE][PASSED] - Text '123123' is set on object 'Object Repository/Backoffice/Clients/Registration/input_password'

2018-10-12 13:53:53 - [TEST_STEP][PASSED] - setText: Text '123123' is set on object 'Object Repository/Backoffice/Clients/Registration/input_confirmp'

2018-10-12 13:53:53 - [MESSAGE][PASSED] - Text '123123' is set on object 'Object Repository/Backoffice/Clients/Registration/input_confirmp'

2018-10-12 13:53:53 - [TEST_STEP][PASSED] - selectOptionByValue: All options with value 'test' are selected in object 'Object Repository/Backoffice/Clients/Registration/select_operatorcode' 

2018-10-12 13:53:53 - [MESSAGE][PASSED] - All options with value 'test' are selected in object 'Object Repository/Backoffice/Clients/Registration/select_operatorcode' 

2018-10-12 13:53:53 - [TEST_STEP][PASSED] - selectOptionByValue: All options with value '1' are selected in object 'Object Repository/Backoffice/Clients/Registration/select_status' 

2018-10-12 13:53:54 - [MESSAGE][PASSED] - All options with value '1' are selected in object 'Object Repository/Backoffice/Clients/Registration/select_status' 

2018-10-12 13:53:54 - [TEST_STEP][PASSED] - delay: Delayed 2 second(s)

2018-10-12 13:53:56 - [MESSAGE][PASSED] - Delayed 2 second(s)

2018-10-12 13:53:56 - [TEST_STEP][PASSED] - click: Object: 'Object Repository/Backoffice/Clients/Registration/button_Submit' is clicked on

2018-10-12 13:53:56 - [MESSAGE][PASSED] - Object: 'Object Repository/Backoffice/Clients/Registration/button_Submit' is clicked on

2018-10-12 13:53:56 - [TEST_STEP][PASSED] - delay: Delayed 2 second(s)

2018-10-12 13:53:58 - [MESSAGE][PASSED] - Delayed 2 second(s)]]></system-out>
         <system-err><![CDATA[]]></system-err>
      </testcase>
      <testcase name="Test Cases/Backoffice/RegisterAccount" classname="Test Cases/Backoffice/RegisterAccount" status="PASSED">
         <system-out><![CDATA[2018-10-12 13:53:58 - [TEST_CASE][PASSED] - Test Cases/Backoffice/RegisterAccount: Test Cases/Backoffice/RegisterAccount

2018-10-12 13:53:58 - [TEST_STEP][PASSED] - focus: Object: 'Object Repository/Backoffice/Clients/Clients' is focused

2018-10-12 13:53:59 - [MESSAGE][PASSED] - Object: 'Object Repository/Backoffice/Clients/Clients' is focused

2018-10-12 13:53:59 - [TEST_STEP][PASSED] - verifyElementPresent: Object 'Object Repository/Backoffice/Clients/Client Registration' is present

2018-10-12 13:53:59 - [MESSAGE][PASSED] - Object 'Object Repository/Backoffice/Clients/Client Registration' is present

2018-10-12 13:53:59 - [TEST_STEP][PASSED] - click: Object: 'Object Repository/Backoffice/Clients/Client Registration' is clicked on

2018-10-12 13:53:59 - [MESSAGE][PASSED] - Object: 'Object Repository/Backoffice/Clients/Client Registration' is clicked on

2018-10-12 13:53:59 - [TEST_STEP][PASSED] - setText: Text 'introducedinferior' is set on object 'Object Repository/Backoffice/Clients/Registration/input_username'

2018-10-12 13:53:59 - [MESSAGE][PASSED] - Text 'introducedinferior' is set on object 'Object Repository/Backoffice/Clients/Registration/input_username'

2018-10-12 13:53:59 - [TEST_STEP][PASSED] - setText: Text '123123' is set on object 'Object Repository/Backoffice/Clients/Registration/input_password'

2018-10-12 13:53:59 - [MESSAGE][PASSED] - Text '123123' is set on object 'Object Repository/Backoffice/Clients/Registration/input_password'

2018-10-12 13:53:59 - [TEST_STEP][PASSED] - setText: Text '123123' is set on object 'Object Repository/Backoffice/Clients/Registration/input_confirmp'

2018-10-12 13:54:00 - [MESSAGE][PASSED] - Text '123123' is set on object 'Object Repository/Backoffice/Clients/Registration/input_confirmp'

2018-10-12 13:54:00 - [TEST_STEP][PASSED] - selectOptionByValue: All options with value 'test' are selected in object 'Object Repository/Backoffice/Clients/Registration/select_operatorcode' 

2018-10-12 13:54:00 - [MESSAGE][PASSED] - All options with value 'test' are selected in object 'Object Repository/Backoffice/Clients/Registration/select_operatorcode' 

2018-10-12 13:54:00 - [TEST_STEP][PASSED] - selectOptionByValue: All options with value '1' are selected in object 'Object Repository/Backoffice/Clients/Registration/select_status' 

2018-10-12 13:54:00 - [MESSAGE][PASSED] - All options with value '1' are selected in object 'Object Repository/Backoffice/Clients/Registration/select_status' 

2018-10-12 13:54:00 - [TEST_STEP][PASSED] - delay: Delayed 2 second(s)

2018-10-12 13:54:02 - [MESSAGE][PASSED] - Delayed 2 second(s)

2018-10-12 13:54:02 - [TEST_STEP][PASSED] - click: Object: 'Object Repository/Backoffice/Clients/Registration/button_Submit' is clicked on

2018-10-12 13:54:03 - [MESSAGE][PASSED] - Object: 'Object Repository/Backoffice/Clients/Registration/button_Submit' is clicked on

2018-10-12 13:54:03 - [TEST_STEP][PASSED] - delay: Delayed 2 second(s)

2018-10-12 13:54:05 - [MESSAGE][PASSED] - Delayed 2 second(s)]]></system-out>
         <system-err><![CDATA[]]></system-err>
      </testcase>
      <testcase name="Test Cases/Backoffice/RegisterAccount" classname="Test Cases/Backoffice/RegisterAccount" status="PASSED">
         <system-out><![CDATA[2018-10-12 13:54:05 - [TEST_CASE][PASSED] - Test Cases/Backoffice/RegisterAccount: Test Cases/Backoffice/RegisterAccount

2018-10-12 13:54:05 - [TEST_STEP][PASSED] - focus: Object: 'Object Repository/Backoffice/Clients/Clients' is focused

2018-10-12 13:54:05 - [MESSAGE][PASSED] - Object: 'Object Repository/Backoffice/Clients/Clients' is focused

2018-10-12 13:54:05 - [TEST_STEP][PASSED] - verifyElementPresent: Object 'Object Repository/Backoffice/Clients/Client Registration' is present

2018-10-12 13:54:05 - [MESSAGE][PASSED] - Object 'Object Repository/Backoffice/Clients/Client Registration' is present

2018-10-12 13:54:05 - [TEST_STEP][PASSED] - click: Object: 'Object Repository/Backoffice/Clients/Client Registration' is clicked on

2018-10-12 13:54:06 - [MESSAGE][PASSED] - Object: 'Object Repository/Backoffice/Clients/Client Registration' is clicked on

2018-10-12 13:54:06 - [TEST_STEP][PASSED] - setText: Text 'insulateint' is set on object 'Object Repository/Backoffice/Clients/Registration/input_username'

2018-10-12 13:54:06 - [MESSAGE][PASSED] - Text 'insulateint' is set on object 'Object Repository/Backoffice/Clients/Registration/input_username'

2018-10-12 13:54:06 - [TEST_STEP][PASSED] - setText: Text '123123' is set on object 'Object Repository/Backoffice/Clients/Registration/input_password'

2018-10-12 13:54:06 - [MESSAGE][PASSED] - Text '123123' is set on object 'Object Repository/Backoffice/Clients/Registration/input_password'

2018-10-12 13:54:06 - [TEST_STEP][PASSED] - setText: Text '123123' is set on object 'Object Repository/Backoffice/Clients/Registration/input_confirmp'

2018-10-12 13:54:06 - [MESSAGE][PASSED] - Text '123123' is set on object 'Object Repository/Backoffice/Clients/Registration/input_confirmp'

2018-10-12 13:54:06 - [TEST_STEP][PASSED] - selectOptionByValue: All options with value 'test' are selected in object 'Object Repository/Backoffice/Clients/Registration/select_operatorcode' 

2018-10-12 13:54:07 - [MESSAGE][PASSED] - All options with value 'test' are selected in object 'Object Repository/Backoffice/Clients/Registration/select_operatorcode' 

2018-10-12 13:54:07 - [TEST_STEP][PASSED] - selectOptionByValue: All options with value '1' are selected in object 'Object Repository/Backoffice/Clients/Registration/select_status' 

2018-10-12 13:54:07 - [MESSAGE][PASSED] - All options with value '1' are selected in object 'Object Repository/Backoffice/Clients/Registration/select_status' 

2018-10-12 13:54:07 - [TEST_STEP][PASSED] - delay: Delayed 2 second(s)

2018-10-12 13:54:09 - [MESSAGE][PASSED] - Delayed 2 second(s)

2018-10-12 13:54:09 - [TEST_STEP][PASSED] - click: Object: 'Object Repository/Backoffice/Clients/Registration/button_Submit' is clicked on

2018-10-12 13:54:10 - [MESSAGE][PASSED] - Object: 'Object Repository/Backoffice/Clients/Registration/button_Submit' is clicked on

2018-10-12 13:54:10 - [TEST_STEP][PASSED] - delay: Delayed 2 second(s)

2018-10-12 13:54:12 - [MESSAGE][PASSED] - Delayed 2 second(s)]]></system-out>
         <system-err><![CDATA[]]></system-err>
      </testcase>
      <testcase name="Test Cases/Backoffice/RegisterAccount" classname="Test Cases/Backoffice/RegisterAccount" status="PASSED">
         <system-out><![CDATA[2018-10-12 13:54:12 - [TEST_CASE][PASSED] - Test Cases/Backoffice/RegisterAccount: Test Cases/Backoffice/RegisterAccount

2018-10-12 13:54:12 - [TEST_STEP][PASSED] - focus: Object: 'Object Repository/Backoffice/Clients/Clients' is focused

2018-10-12 13:54:12 - [MESSAGE][PASSED] - Object: 'Object Repository/Backoffice/Clients/Clients' is focused

2018-10-12 13:54:12 - [TEST_STEP][PASSED] - verifyElementPresent: Object 'Object Repository/Backoffice/Clients/Client Registration' is present

2018-10-12 13:54:12 - [MESSAGE][PASSED] - Object 'Object Repository/Backoffice/Clients/Client Registration' is present

2018-10-12 13:54:12 - [TEST_STEP][PASSED] - click: Object: 'Object Repository/Backoffice/Clients/Client Registration' is clicked on

2018-10-12 13:54:13 - [MESSAGE][PASSED] - Object: 'Object Repository/Backoffice/Clients/Client Registration' is clicked on

2018-10-12 13:54:13 - [TEST_STEP][PASSED] - setText: Text 'icecreamis' is set on object 'Object Repository/Backoffice/Clients/Registration/input_username'

2018-10-12 13:54:13 - [MESSAGE][PASSED] - Text 'icecreamis' is set on object 'Object Repository/Backoffice/Clients/Registration/input_username'

2018-10-12 13:54:13 - [TEST_STEP][PASSED] - setText: Text '123123' is set on object 'Object Repository/Backoffice/Clients/Registration/input_password'

2018-10-12 13:54:13 - [MESSAGE][PASSED] - Text '123123' is set on object 'Object Repository/Backoffice/Clients/Registration/input_password'

2018-10-12 13:54:13 - [TEST_STEP][PASSED] - setText: Text '123123' is set on object 'Object Repository/Backoffice/Clients/Registration/input_confirmp'

2018-10-12 13:54:13 - [MESSAGE][PASSED] - Text '123123' is set on object 'Object Repository/Backoffice/Clients/Registration/input_confirmp'

2018-10-12 13:54:13 - [TEST_STEP][PASSED] - selectOptionByValue: All options with value 'test' are selected in object 'Object Repository/Backoffice/Clients/Registration/select_operatorcode' 

2018-10-12 13:54:13 - [MESSAGE][PASSED] - All options with value 'test' are selected in object 'Object Repository/Backoffice/Clients/Registration/select_operatorcode' 

2018-10-12 13:54:13 - [TEST_STEP][PASSED] - selectOptionByValue: All options with value '1' are selected in object 'Object Repository/Backoffice/Clients/Registration/select_status' 

2018-10-12 13:54:14 - [MESSAGE][PASSED] - All options with value '1' are selected in object 'Object Repository/Backoffice/Clients/Registration/select_status' 

2018-10-12 13:54:14 - [TEST_STEP][PASSED] - delay: Delayed 2 second(s)

2018-10-12 13:54:16 - [MESSAGE][PASSED] - Delayed 2 second(s)

2018-10-12 13:54:16 - [TEST_STEP][PASSED] - click: Object: 'Object Repository/Backoffice/Clients/Registration/button_Submit' is clicked on

2018-10-12 13:54:17 - [MESSAGE][PASSED] - Object: 'Object Repository/Backoffice/Clients/Registration/button_Submit' is clicked on

2018-10-12 13:54:17 - [TEST_STEP][PASSED] - delay: Delayed 2 second(s)

2018-10-12 13:54:19 - [MESSAGE][PASSED] - Delayed 2 second(s)]]></system-out>
         <system-err><![CDATA[]]></system-err>
      </testcase>
      <testcase name="Test Cases/Backoffice/RegisterAccount" classname="Test Cases/Backoffice/RegisterAccount" status="PASSED">
         <system-out><![CDATA[2018-10-12 13:54:19 - [TEST_CASE][PASSED] - Test Cases/Backoffice/RegisterAccount: Test Cases/Backoffice/RegisterAccount

2018-10-12 13:54:19 - [TEST_STEP][PASSED] - focus: Object: 'Object Repository/Backoffice/Clients/Clients' is focused

2018-10-12 13:54:19 - [MESSAGE][PASSED] - Object: 'Object Repository/Backoffice/Clients/Clients' is focused

2018-10-12 13:54:19 - [TEST_STEP][PASSED] - verifyElementPresent: Object 'Object Repository/Backoffice/Clients/Client Registration' is present

2018-10-12 13:54:19 - [MESSAGE][PASSED] - Object 'Object Repository/Backoffice/Clients/Client Registration' is present

2018-10-12 13:54:19 - [TEST_STEP][PASSED] - click: Object: 'Object Repository/Backoffice/Clients/Client Registration' is clicked on

2018-10-12 13:54:19 - [MESSAGE][PASSED] - Object: 'Object Repository/Backoffice/Clients/Client Registration' is clicked on

2018-10-12 13:54:19 - [TEST_STEP][PASSED] - setText: Text 'ironicinverse' is set on object 'Object Repository/Backoffice/Clients/Registration/input_username'

2018-10-12 13:54:20 - [MESSAGE][PASSED] - Text 'ironicinverse' is set on object 'Object Repository/Backoffice/Clients/Registration/input_username'

2018-10-12 13:54:20 - [TEST_STEP][PASSED] - setText: Text '123123' is set on object 'Object Repository/Backoffice/Clients/Registration/input_password'

2018-10-12 13:54:20 - [MESSAGE][PASSED] - Text '123123' is set on object 'Object Repository/Backoffice/Clients/Registration/input_password'

2018-10-12 13:54:20 - [TEST_STEP][PASSED] - setText: Text '123123' is set on object 'Object Repository/Backoffice/Clients/Registration/input_confirmp'

2018-10-12 13:54:20 - [MESSAGE][PASSED] - Text '123123' is set on object 'Object Repository/Backoffice/Clients/Registration/input_confirmp'

2018-10-12 13:54:20 - [TEST_STEP][PASSED] - selectOptionByValue: All options with value 'test' are selected in object 'Object Repository/Backoffice/Clients/Registration/select_operatorcode' 

2018-10-12 13:54:20 - [MESSAGE][PASSED] - All options with value 'test' are selected in object 'Object Repository/Backoffice/Clients/Registration/select_operatorcode' 

2018-10-12 13:54:20 - [TEST_STEP][PASSED] - selectOptionByValue: All options with value '1' are selected in object 'Object Repository/Backoffice/Clients/Registration/select_status' 

2018-10-12 13:54:20 - [MESSAGE][PASSED] - All options with value '1' are selected in object 'Object Repository/Backoffice/Clients/Registration/select_status' 

2018-10-12 13:54:20 - [TEST_STEP][PASSED] - delay: Delayed 2 second(s)

2018-10-12 13:54:22 - [MESSAGE][PASSED] - Delayed 2 second(s)

2018-10-12 13:54:22 - [TEST_STEP][PASSED] - click: Object: 'Object Repository/Backoffice/Clients/Registration/button_Submit' is clicked on

2018-10-12 13:54:24 - [MESSAGE][PASSED] - Object: 'Object Repository/Backoffice/Clients/Registration/button_Submit' is clicked on

2018-10-12 13:54:24 - [TEST_STEP][PASSED] - delay: Delayed 2 second(s)

2018-10-12 13:54:26 - [MESSAGE][PASSED] - Delayed 2 second(s)]]></system-out>
         <system-err><![CDATA[]]></system-err>
      </testcase>
      <testcase name="Test Cases/Backoffice/RegisterAccount" classname="Test Cases/Backoffice/RegisterAccount" status="PASSED">
         <system-out><![CDATA[2018-10-12 13:54:26 - [TEST_CASE][PASSED] - Test Cases/Backoffice/RegisterAccount: Test Cases/Backoffice/RegisterAccount

2018-10-12 13:54:26 - [TEST_STEP][PASSED] - focus: Object: 'Object Repository/Backoffice/Clients/Clients' is focused

2018-10-12 13:54:26 - [MESSAGE][PASSED] - Object: 'Object Repository/Backoffice/Clients/Clients' is focused

2018-10-12 13:54:26 - [TEST_STEP][PASSED] - verifyElementPresent: Object 'Object Repository/Backoffice/Clients/Client Registration' is present

2018-10-12 13:54:26 - [MESSAGE][PASSED] - Object 'Object Repository/Backoffice/Clients/Client Registration' is present

2018-10-12 13:54:26 - [TEST_STEP][PASSED] - click: Object: 'Object Repository/Backoffice/Clients/Client Registration' is clicked on

2018-10-12 13:54:27 - [MESSAGE][PASSED] - Object: 'Object Repository/Backoffice/Clients/Client Registration' is clicked on

2018-10-12 13:54:27 - [TEST_STEP][PASSED] - setText: Text 'inclinedinside' is set on object 'Object Repository/Backoffice/Clients/Registration/input_username'

2018-10-12 13:54:27 - [MESSAGE][PASSED] - Text 'inclinedinside' is set on object 'Object Repository/Backoffice/Clients/Registration/input_username'

2018-10-12 13:54:27 - [TEST_STEP][PASSED] - setText: Text '123123' is set on object 'Object Repository/Backoffice/Clients/Registration/input_password'

2018-10-12 13:54:27 - [MESSAGE][PASSED] - Text '123123' is set on object 'Object Repository/Backoffice/Clients/Registration/input_password'

2018-10-12 13:54:27 - [TEST_STEP][PASSED] - setText: Text '123123' is set on object 'Object Repository/Backoffice/Clients/Registration/input_confirmp'

2018-10-12 13:54:28 - [MESSAGE][PASSED] - Text '123123' is set on object 'Object Repository/Backoffice/Clients/Registration/input_confirmp'

2018-10-12 13:54:28 - [TEST_STEP][PASSED] - selectOptionByValue: All options with value 'test' are selected in object 'Object Repository/Backoffice/Clients/Registration/select_operatorcode' 

2018-10-12 13:54:28 - [MESSAGE][PASSED] - All options with value 'test' are selected in object 'Object Repository/Backoffice/Clients/Registration/select_operatorcode' 

2018-10-12 13:54:28 - [TEST_STEP][PASSED] - selectOptionByValue: All options with value '1' are selected in object 'Object Repository/Backoffice/Clients/Registration/select_status' 

2018-10-12 13:54:28 - [MESSAGE][PASSED] - All options with value '1' are selected in object 'Object Repository/Backoffice/Clients/Registration/select_status' 

2018-10-12 13:54:28 - [TEST_STEP][PASSED] - delay: Delayed 2 second(s)

2018-10-12 13:54:30 - [MESSAGE][PASSED] - Delayed 2 second(s)

2018-10-12 13:54:30 - [TEST_STEP][PASSED] - click: Object: 'Object Repository/Backoffice/Clients/Registration/button_Submit' is clicked on

2018-10-12 13:54:32 - [MESSAGE][PASSED] - Object: 'Object Repository/Backoffice/Clients/Registration/button_Submit' is clicked on

2018-10-12 13:54:32 - [TEST_STEP][PASSED] - delay: Delayed 2 second(s)

2018-10-12 13:54:34 - [MESSAGE][PASSED] - Delayed 2 second(s)]]></system-out>
         <system-err><![CDATA[]]></system-err>
      </testcase>
      <testcase name="Test Cases/Backoffice/RegisterAccount" classname="Test Cases/Backoffice/RegisterAccount" status="PASSED">
         <system-out><![CDATA[2018-10-12 13:54:34 - [TEST_CASE][PASSED] - Test Cases/Backoffice/RegisterAccount: Test Cases/Backoffice/RegisterAccount

2018-10-12 13:54:34 - [TEST_STEP][PASSED] - focus: Object: 'Object Repository/Backoffice/Clients/Clients' is focused

2018-10-12 13:54:34 - [MESSAGE][PASSED] - Object: 'Object Repository/Backoffice/Clients/Clients' is focused

2018-10-12 13:54:34 - [TEST_STEP][PASSED] - verifyElementPresent: Object 'Object Repository/Backoffice/Clients/Client Registration' is present

2018-10-12 13:54:34 - [MESSAGE][PASSED] - Object 'Object Repository/Backoffice/Clients/Client Registration' is present

2018-10-12 13:54:34 - [TEST_STEP][PASSED] - click: Object: 'Object Repository/Backoffice/Clients/Client Registration' is clicked on

2018-10-12 13:54:34 - [MESSAGE][PASSED] - Object: 'Object Repository/Backoffice/Clients/Client Registration' is clicked on

2018-10-12 13:54:34 - [TEST_STEP][PASSED] - setText: Text 'invariablyinfantile' is set on object 'Object Repository/Backoffice/Clients/Registration/input_username'

2018-10-12 13:54:35 - [MESSAGE][PASSED] - Text 'invariablyinfantile' is set on object 'Object Repository/Backoffice/Clients/Registration/input_username'

2018-10-12 13:54:35 - [TEST_STEP][PASSED] - setText: Text '123123' is set on object 'Object Repository/Backoffice/Clients/Registration/input_password'

2018-10-12 13:54:35 - [MESSAGE][PASSED] - Text '123123' is set on object 'Object Repository/Backoffice/Clients/Registration/input_password'

2018-10-12 13:54:35 - [TEST_STEP][PASSED] - setText: Text '123123' is set on object 'Object Repository/Backoffice/Clients/Registration/input_confirmp'

2018-10-12 13:54:35 - [MESSAGE][PASSED] - Text '123123' is set on object 'Object Repository/Backoffice/Clients/Registration/input_confirmp'

2018-10-12 13:54:35 - [TEST_STEP][PASSED] - selectOptionByValue: All options with value 'test' are selected in object 'Object Repository/Backoffice/Clients/Registration/select_operatorcode' 

2018-10-12 13:54:36 - [MESSAGE][PASSED] - All options with value 'test' are selected in object 'Object Repository/Backoffice/Clients/Registration/select_operatorcode' 

2018-10-12 13:54:36 - [TEST_STEP][PASSED] - selectOptionByValue: All options with value '1' are selected in object 'Object Repository/Backoffice/Clients/Registration/select_status' 

2018-10-12 13:54:36 - [MESSAGE][PASSED] - All options with value '1' are selected in object 'Object Repository/Backoffice/Clients/Registration/select_status' 

2018-10-12 13:54:36 - [TEST_STEP][PASSED] - delay: Delayed 2 second(s)

2018-10-12 13:54:38 - [MESSAGE][PASSED] - Delayed 2 second(s)

2018-10-12 13:54:38 - [TEST_STEP][PASSED] - click: Object: 'Object Repository/Backoffice/Clients/Registration/button_Submit' is clicked on

2018-10-12 13:54:39 - [MESSAGE][PASSED] - Object: 'Object Repository/Backoffice/Clients/Registration/button_Submit' is clicked on

2018-10-12 13:54:39 - [TEST_STEP][PASSED] - delay: Delayed 2 second(s)

2018-10-12 13:54:41 - [MESSAGE][PASSED] - Delayed 2 second(s)]]></system-out>
         <system-err><![CDATA[]]></system-err>
      </testcase>
      <testcase name="Test Cases/Backoffice/RegisterAccount" classname="Test Cases/Backoffice/RegisterAccount" status="PASSED">
         <system-out><![CDATA[2018-10-12 13:54:41 - [TEST_CASE][PASSED] - Test Cases/Backoffice/RegisterAccount: Test Cases/Backoffice/RegisterAccount

2018-10-12 13:54:41 - [TEST_STEP][PASSED] - focus: Object: 'Object Repository/Backoffice/Clients/Clients' is focused

2018-10-12 13:54:41 - [MESSAGE][PASSED] - Object: 'Object Repository/Backoffice/Clients/Clients' is focused

2018-10-12 13:54:41 - [TEST_STEP][PASSED] - verifyElementPresent: Object 'Object Repository/Backoffice/Clients/Client Registration' is present

2018-10-12 13:54:41 - [MESSAGE][PASSED] - Object 'Object Repository/Backoffice/Clients/Client Registration' is present

2018-10-12 13:54:41 - [TEST_STEP][PASSED] - click: Object: 'Object Repository/Backoffice/Clients/Client Registration' is clicked on

2018-10-12 13:54:42 - [MESSAGE][PASSED] - Object: 'Object Repository/Backoffice/Clients/Client Registration' is clicked on

2018-10-12 13:54:42 - [TEST_STEP][PASSED] - setText: Text 'invincibleikea' is set on object 'Object Repository/Backoffice/Clients/Registration/input_username'

2018-10-12 13:54:42 - [MESSAGE][PASSED] - Text 'invincibleikea' is set on object 'Object Repository/Backoffice/Clients/Registration/input_username'

2018-10-12 13:54:42 - [TEST_STEP][PASSED] - setText: Text '123123' is set on object 'Object Repository/Backoffice/Clients/Registration/input_password'

2018-10-12 13:54:42 - [MESSAGE][PASSED] - Text '123123' is set on object 'Object Repository/Backoffice/Clients/Registration/input_password'

2018-10-12 13:54:42 - [TEST_STEP][PASSED] - setText: Text '123123' is set on object 'Object Repository/Backoffice/Clients/Registration/input_confirmp'

2018-10-12 13:54:42 - [MESSAGE][PASSED] - Text '123123' is set on object 'Object Repository/Backoffice/Clients/Registration/input_confirmp'

2018-10-12 13:54:42 - [TEST_STEP][PASSED] - selectOptionByValue: All options with value 'test' are selected in object 'Object Repository/Backoffice/Clients/Registration/select_operatorcode' 

2018-10-12 13:54:42 - [MESSAGE][PASSED] - All options with value 'test' are selected in object 'Object Repository/Backoffice/Clients/Registration/select_operatorcode' 

2018-10-12 13:54:42 - [TEST_STEP][PASSED] - selectOptionByValue: All options with value '1' are selected in object 'Object Repository/Backoffice/Clients/Registration/select_status' 

2018-10-12 13:54:43 - [MESSAGE][PASSED] - All options with value '1' are selected in object 'Object Repository/Backoffice/Clients/Registration/select_status' 

2018-10-12 13:54:43 - [TEST_STEP][PASSED] - delay: Delayed 2 second(s)

2018-10-12 13:54:45 - [MESSAGE][PASSED] - Delayed 2 second(s)

2018-10-12 13:54:45 - [TEST_STEP][PASSED] - click: Object: 'Object Repository/Backoffice/Clients/Registration/button_Submit' is clicked on

2018-10-12 13:54:46 - [MESSAGE][PASSED] - Object: 'Object Repository/Backoffice/Clients/Registration/button_Submit' is clicked on

2018-10-12 13:54:46 - [TEST_STEP][PASSED] - delay: Delayed 2 second(s)

2018-10-12 13:54:48 - [MESSAGE][PASSED] - Delayed 2 second(s)]]></system-out>
         <system-err><![CDATA[]]></system-err>
      </testcase>
      <testcase name="Test Cases/Backoffice/RegisterAccount" classname="Test Cases/Backoffice/RegisterAccount" status="PASSED">
         <system-out><![CDATA[2018-10-12 13:54:48 - [TEST_CASE][PASSED] - Test Cases/Backoffice/RegisterAccount: Test Cases/Backoffice/RegisterAccount

2018-10-12 13:54:48 - [TEST_STEP][PASSED] - focus: Object: 'Object Repository/Backoffice/Clients/Clients' is focused

2018-10-12 13:54:48 - [MESSAGE][PASSED] - Object: 'Object Repository/Backoffice/Clients/Clients' is focused

2018-10-12 13:54:48 - [TEST_STEP][PASSED] - verifyElementPresent: Object 'Object Repository/Backoffice/Clients/Client Registration' is present

2018-10-12 13:54:48 - [MESSAGE][PASSED] - Object 'Object Repository/Backoffice/Clients/Client Registration' is present

2018-10-12 13:54:48 - [TEST_STEP][PASSED] - click: Object: 'Object Repository/Backoffice/Clients/Client Registration' is clicked on

2018-10-12 13:54:49 - [MESSAGE][PASSED] - Object: 'Object Repository/Backoffice/Clients/Client Registration' is clicked on

2018-10-12 13:54:49 - [TEST_STEP][PASSED] - setText: Text 'integersirritate' is set on object 'Object Repository/Backoffice/Clients/Registration/input_username'

2018-10-12 13:54:49 - [MESSAGE][PASSED] - Text 'integersirritate' is set on object 'Object Repository/Backoffice/Clients/Registration/input_username'

2018-10-12 13:54:49 - [TEST_STEP][PASSED] - setText: Text '123123' is set on object 'Object Repository/Backoffice/Clients/Registration/input_password'

2018-10-12 13:54:49 - [MESSAGE][PASSED] - Text '123123' is set on object 'Object Repository/Backoffice/Clients/Registration/input_password'

2018-10-12 13:54:49 - [TEST_STEP][PASSED] - setText: Text '123123' is set on object 'Object Repository/Backoffice/Clients/Registration/input_confirmp'

2018-10-12 13:54:49 - [MESSAGE][PASSED] - Text '123123' is set on object 'Object Repository/Backoffice/Clients/Registration/input_confirmp'

2018-10-12 13:54:49 - [TEST_STEP][PASSED] - selectOptionByValue: All options with value 'test' are selected in object 'Object Repository/Backoffice/Clients/Registration/select_operatorcode' 

2018-10-12 13:54:50 - [MESSAGE][PASSED] - All options with value 'test' are selected in object 'Object Repository/Backoffice/Clients/Registration/select_operatorcode' 

2018-10-12 13:54:50 - [TEST_STEP][PASSED] - selectOptionByValue: All options with value '1' are selected in object 'Object Repository/Backoffice/Clients/Registration/select_status' 

2018-10-12 13:54:50 - [MESSAGE][PASSED] - All options with value '1' are selected in object 'Object Repository/Backoffice/Clients/Registration/select_status' 

2018-10-12 13:54:50 - [TEST_STEP][PASSED] - delay: Delayed 2 second(s)

2018-10-12 13:54:52 - [MESSAGE][PASSED] - Delayed 2 second(s)

2018-10-12 13:54:52 - [TEST_STEP][PASSED] - click: Object: 'Object Repository/Backoffice/Clients/Registration/button_Submit' is clicked on

2018-10-12 13:54:53 - [MESSAGE][PASSED] - Object: 'Object Repository/Backoffice/Clients/Registration/button_Submit' is clicked on

2018-10-12 13:54:53 - [TEST_STEP][PASSED] - delay: Delayed 2 second(s)

2018-10-12 13:54:55 - [MESSAGE][PASSED] - Delayed 2 second(s)]]></system-out>
         <system-err><![CDATA[]]></system-err>
      </testcase>
      <testcase name="Test Cases/Backoffice/RegisterAccount" classname="Test Cases/Backoffice/RegisterAccount" status="PASSED">
         <system-out><![CDATA[2018-10-12 13:54:55 - [TEST_CASE][PASSED] - Test Cases/Backoffice/RegisterAccount: Test Cases/Backoffice/RegisterAccount

2018-10-12 13:54:55 - [TEST_STEP][PASSED] - focus: Object: 'Object Repository/Backoffice/Clients/Clients' is focused

2018-10-12 13:54:55 - [MESSAGE][PASSED] - Object: 'Object Repository/Backoffice/Clients/Clients' is focused

2018-10-12 13:54:55 - [TEST_STEP][PASSED] - verifyElementPresent: Object 'Object Repository/Backoffice/Clients/Client Registration' is present

2018-10-12 13:54:55 - [MESSAGE][PASSED] - Object 'Object Repository/Backoffice/Clients/Client Registration' is present

2018-10-12 13:54:55 - [TEST_STEP][PASSED] - click: Object: 'Object Repository/Backoffice/Clients/Client Registration' is clicked on

2018-10-12 13:54:55 - [MESSAGE][PASSED] - Object: 'Object Repository/Backoffice/Clients/Client Registration' is clicked on

2018-10-12 13:54:55 - [TEST_STEP][PASSED] - setText: Text 'innateindus' is set on object 'Object Repository/Backoffice/Clients/Registration/input_username'

2018-10-12 13:54:56 - [MESSAGE][PASSED] - Text 'innateindus' is set on object 'Object Repository/Backoffice/Clients/Registration/input_username'

2018-10-12 13:54:56 - [TEST_STEP][PASSED] - setText: Text '123123' is set on object 'Object Repository/Backoffice/Clients/Registration/input_password'

2018-10-12 13:54:56 - [MESSAGE][PASSED] - Text '123123' is set on object 'Object Repository/Backoffice/Clients/Registration/input_password'

2018-10-12 13:54:56 - [TEST_STEP][PASSED] - setText: Text '123123' is set on object 'Object Repository/Backoffice/Clients/Registration/input_confirmp'

2018-10-12 13:54:56 - [MESSAGE][PASSED] - Text '123123' is set on object 'Object Repository/Backoffice/Clients/Registration/input_confirmp'

2018-10-12 13:54:56 - [TEST_STEP][PASSED] - selectOptionByValue: All options with value 'test' are selected in object 'Object Repository/Backoffice/Clients/Registration/select_operatorcode' 

2018-10-12 13:54:56 - [MESSAGE][PASSED] - All options with value 'test' are selected in object 'Object Repository/Backoffice/Clients/Registration/select_operatorcode' 

2018-10-12 13:54:56 - [TEST_STEP][PASSED] - selectOptionByValue: All options with value '1' are selected in object 'Object Repository/Backoffice/Clients/Registration/select_status' 

2018-10-12 13:54:56 - [MESSAGE][PASSED] - All options with value '1' are selected in object 'Object Repository/Backoffice/Clients/Registration/select_status' 

2018-10-12 13:54:56 - [TEST_STEP][PASSED] - delay: Delayed 2 second(s)

2018-10-12 13:54:58 - [MESSAGE][PASSED] - Delayed 2 second(s)

2018-10-12 13:54:58 - [TEST_STEP][PASSED] - click: Object: 'Object Repository/Backoffice/Clients/Registration/button_Submit' is clicked on

2018-10-12 13:54:59 - [MESSAGE][PASSED] - Object: 'Object Repository/Backoffice/Clients/Registration/button_Submit' is clicked on

2018-10-12 13:54:59 - [TEST_STEP][PASSED] - delay: Delayed 2 second(s)

2018-10-12 13:55:01 - [MESSAGE][PASSED] - Delayed 2 second(s)]]></system-out>
         <system-err><![CDATA[]]></system-err>
      </testcase>
      <testcase name="Test Cases/Backoffice/RegisterAccount" classname="Test Cases/Backoffice/RegisterAccount" status="PASSED">
         <system-out><![CDATA[2018-10-12 13:55:01 - [TEST_CASE][PASSED] - Test Cases/Backoffice/RegisterAccount: Test Cases/Backoffice/RegisterAccount

2018-10-12 13:55:01 - [TEST_STEP][PASSED] - focus: Object: 'Object Repository/Backoffice/Clients/Clients' is focused

2018-10-12 13:55:01 - [MESSAGE][PASSED] - Object: 'Object Repository/Backoffice/Clients/Clients' is focused

2018-10-12 13:55:01 - [TEST_STEP][PASSED] - verifyElementPresent: Object 'Object Repository/Backoffice/Clients/Client Registration' is present

2018-10-12 13:55:01 - [MESSAGE][PASSED] - Object 'Object Repository/Backoffice/Clients/Client Registration' is present

2018-10-12 13:55:01 - [TEST_STEP][PASSED] - click: Object: 'Object Repository/Backoffice/Clients/Client Registration' is clicked on

2018-10-12 13:55:02 - [MESSAGE][PASSED] - Object: 'Object Repository/Backoffice/Clients/Client Registration' is clicked on

2018-10-12 13:55:02 - [TEST_STEP][PASSED] - setText: Text 'imitatorsimpure' is set on object 'Object Repository/Backoffice/Clients/Registration/input_username'

2018-10-12 13:55:02 - [MESSAGE][PASSED] - Text 'imitatorsimpure' is set on object 'Object Repository/Backoffice/Clients/Registration/input_username'

2018-10-12 13:55:02 - [TEST_STEP][PASSED] - setText: Text '123123' is set on object 'Object Repository/Backoffice/Clients/Registration/input_password'

2018-10-12 13:55:02 - [MESSAGE][PASSED] - Text '123123' is set on object 'Object Repository/Backoffice/Clients/Registration/input_password'

2018-10-12 13:55:02 - [TEST_STEP][PASSED] - setText: Text '123123' is set on object 'Object Repository/Backoffice/Clients/Registration/input_confirmp'

2018-10-12 13:55:03 - [MESSAGE][PASSED] - Text '123123' is set on object 'Object Repository/Backoffice/Clients/Registration/input_confirmp'

2018-10-12 13:55:03 - [TEST_STEP][PASSED] - selectOptionByValue: All options with value 'test' are selected in object 'Object Repository/Backoffice/Clients/Registration/select_operatorcode' 

2018-10-12 13:55:03 - [MESSAGE][PASSED] - All options with value 'test' are selected in object 'Object Repository/Backoffice/Clients/Registration/select_operatorcode' 

2018-10-12 13:55:03 - [TEST_STEP][PASSED] - selectOptionByValue: All options with value '1' are selected in object 'Object Repository/Backoffice/Clients/Registration/select_status' 

2018-10-12 13:55:03 - [MESSAGE][PASSED] - All options with value '1' are selected in object 'Object Repository/Backoffice/Clients/Registration/select_status' 

2018-10-12 13:55:03 - [TEST_STEP][PASSED] - delay: Delayed 2 second(s)

2018-10-12 13:55:05 - [MESSAGE][PASSED] - Delayed 2 second(s)

2018-10-12 13:55:05 - [TEST_STEP][PASSED] - click: Object: 'Object Repository/Backoffice/Clients/Registration/button_Submit' is clicked on

2018-10-12 13:55:06 - [MESSAGE][PASSED] - Object: 'Object Repository/Backoffice/Clients/Registration/button_Submit' is clicked on

2018-10-12 13:55:06 - [TEST_STEP][PASSED] - delay: Delayed 2 second(s)

2018-10-12 13:55:08 - [MESSAGE][PASSED] - Delayed 2 second(s)]]></system-out>
         <system-err><![CDATA[]]></system-err>
      </testcase>
      <testcase name="Test Cases/Backoffice/RegisterAccount" classname="Test Cases/Backoffice/RegisterAccount" status="PASSED">
         <system-out><![CDATA[2018-10-12 13:55:08 - [TEST_CASE][PASSED] - Test Cases/Backoffice/RegisterAccount: Test Cases/Backoffice/RegisterAccount

2018-10-12 13:55:08 - [TEST_STEP][PASSED] - focus: Object: 'Object Repository/Backoffice/Clients/Clients' is focused

2018-10-12 13:55:08 - [MESSAGE][PASSED] - Object: 'Object Repository/Backoffice/Clients/Clients' is focused

2018-10-12 13:55:08 - [TEST_STEP][PASSED] - verifyElementPresent: Object 'Object Repository/Backoffice/Clients/Client Registration' is present

2018-10-12 13:55:08 - [MESSAGE][PASSED] - Object 'Object Repository/Backoffice/Clients/Client Registration' is present

2018-10-12 13:55:08 - [TEST_STEP][PASSED] - click: Object: 'Object Repository/Backoffice/Clients/Client Registration' is clicked on

2018-10-12 13:55:09 - [MESSAGE][PASSED] - Object: 'Object Repository/Backoffice/Clients/Client Registration' is clicked on

2018-10-12 13:55:09 - [TEST_STEP][PASSED] - setText: Text 'itchingisapi' is set on object 'Object Repository/Backoffice/Clients/Registration/input_username'

2018-10-12 13:55:09 - [MESSAGE][PASSED] - Text 'itchingisapi' is set on object 'Object Repository/Backoffice/Clients/Registration/input_username'

2018-10-12 13:55:09 - [TEST_STEP][PASSED] - setText: Text '123123' is set on object 'Object Repository/Backoffice/Clients/Registration/input_password'

2018-10-12 13:55:09 - [MESSAGE][PASSED] - Text '123123' is set on object 'Object Repository/Backoffice/Clients/Registration/input_password'

2018-10-12 13:55:09 - [TEST_STEP][PASSED] - setText: Text '123123' is set on object 'Object Repository/Backoffice/Clients/Registration/input_confirmp'

2018-10-12 13:55:09 - [MESSAGE][PASSED] - Text '123123' is set on object 'Object Repository/Backoffice/Clients/Registration/input_confirmp'

2018-10-12 13:55:09 - [TEST_STEP][PASSED] - selectOptionByValue: All options with value 'test' are selected in object 'Object Repository/Backoffice/Clients/Registration/select_operatorcode' 

2018-10-12 13:55:09 - [MESSAGE][PASSED] - All options with value 'test' are selected in object 'Object Repository/Backoffice/Clients/Registration/select_operatorcode' 

2018-10-12 13:55:09 - [TEST_STEP][PASSED] - selectOptionByValue: All options with value '1' are selected in object 'Object Repository/Backoffice/Clients/Registration/select_status' 

2018-10-12 13:55:09 - [MESSAGE][PASSED] - All options with value '1' are selected in object 'Object Repository/Backoffice/Clients/Registration/select_status' 

2018-10-12 13:55:09 - [TEST_STEP][PASSED] - delay: Delayed 2 second(s)

2018-10-12 13:55:11 - [MESSAGE][PASSED] - Delayed 2 second(s)

2018-10-12 13:55:11 - [TEST_STEP][PASSED] - click: Object: 'Object Repository/Backoffice/Clients/Registration/button_Submit' is clicked on

2018-10-12 13:55:13 - [MESSAGE][PASSED] - Object: 'Object Repository/Backoffice/Clients/Registration/button_Submit' is clicked on

2018-10-12 13:55:13 - [TEST_STEP][PASSED] - delay: Delayed 2 second(s)

2018-10-12 13:55:15 - [MESSAGE][PASSED] - Delayed 2 second(s)]]></system-out>
         <system-err><![CDATA[]]></system-err>
      </testcase>
      <testcase name="Test Cases/Backoffice/RegisterAccount" classname="Test Cases/Backoffice/RegisterAccount" status="PASSED">
         <system-out><![CDATA[2018-10-12 13:55:15 - [TEST_CASE][PASSED] - Test Cases/Backoffice/RegisterAccount: Test Cases/Backoffice/RegisterAccount

2018-10-12 13:55:15 - [TEST_STEP][PASSED] - focus: Object: 'Object Repository/Backoffice/Clients/Clients' is focused

2018-10-12 13:55:15 - [MESSAGE][PASSED] - Object: 'Object Repository/Backoffice/Clients/Clients' is focused

2018-10-12 13:55:15 - [TEST_STEP][PASSED] - verifyElementPresent: Object 'Object Repository/Backoffice/Clients/Client Registration' is present

2018-10-12 13:55:15 - [MESSAGE][PASSED] - Object 'Object Repository/Backoffice/Clients/Client Registration' is present

2018-10-12 13:55:15 - [TEST_STEP][PASSED] - click: Object: 'Object Repository/Backoffice/Clients/Client Registration' is clicked on

2018-10-12 13:55:15 - [MESSAGE][PASSED] - Object: 'Object Repository/Backoffice/Clients/Client Registration' is clicked on

2018-10-12 13:55:15 - [TEST_STEP][PASSED] - setText: Text 'iberianiodine' is set on object 'Object Repository/Backoffice/Clients/Registration/input_username'

2018-10-12 13:55:15 - [MESSAGE][PASSED] - Text 'iberianiodine' is set on object 'Object Repository/Backoffice/Clients/Registration/input_username'

2018-10-12 13:55:15 - [TEST_STEP][PASSED] - setText: Text '123123' is set on object 'Object Repository/Backoffice/Clients/Registration/input_password'

2018-10-12 13:55:15 - [MESSAGE][PASSED] - Text '123123' is set on object 'Object Repository/Backoffice/Clients/Registration/input_password'

2018-10-12 13:55:15 - [TEST_STEP][PASSED] - setText: Text '123123' is set on object 'Object Repository/Backoffice/Clients/Registration/input_confirmp'

2018-10-12 13:55:16 - [MESSAGE][PASSED] - Text '123123' is set on object 'Object Repository/Backoffice/Clients/Registration/input_confirmp'

2018-10-12 13:55:16 - [TEST_STEP][PASSED] - selectOptionByValue: All options with value 'test' are selected in object 'Object Repository/Backoffice/Clients/Registration/select_operatorcode' 

2018-10-12 13:55:16 - [MESSAGE][PASSED] - All options with value 'test' are selected in object 'Object Repository/Backoffice/Clients/Registration/select_operatorcode' 

2018-10-12 13:55:16 - [TEST_STEP][PASSED] - selectOptionByValue: All options with value '1' are selected in object 'Object Repository/Backoffice/Clients/Registration/select_status' 

2018-10-12 13:55:16 - [MESSAGE][PASSED] - All options with value '1' are selected in object 'Object Repository/Backoffice/Clients/Registration/select_status' 

2018-10-12 13:55:16 - [TEST_STEP][PASSED] - delay: Delayed 2 second(s)

2018-10-12 13:55:18 - [MESSAGE][PASSED] - Delayed 2 second(s)

2018-10-12 13:55:18 - [TEST_STEP][PASSED] - click: Object: 'Object Repository/Backoffice/Clients/Registration/button_Submit' is clicked on

2018-10-12 13:55:19 - [MESSAGE][PASSED] - Object: 'Object Repository/Backoffice/Clients/Registration/button_Submit' is clicked on

2018-10-12 13:55:19 - [TEST_STEP][PASSED] - delay: Delayed 2 second(s)

2018-10-12 13:55:21 - [MESSAGE][PASSED] - Delayed 2 second(s)]]></system-out>
         <system-err><![CDATA[]]></system-err>
      </testcase>
      <testcase name="Test Cases/Backoffice/RegisterAccount" classname="Test Cases/Backoffice/RegisterAccount" status="PASSED">
         <system-out><![CDATA[2018-10-12 13:55:21 - [TEST_CASE][PASSED] - Test Cases/Backoffice/RegisterAccount: Test Cases/Backoffice/RegisterAccount

2018-10-12 13:55:21 - [TEST_STEP][PASSED] - focus: Object: 'Object Repository/Backoffice/Clients/Clients' is focused

2018-10-12 13:55:21 - [MESSAGE][PASSED] - Object: 'Object Repository/Backoffice/Clients/Clients' is focused

2018-10-12 13:55:21 - [TEST_STEP][PASSED] - verifyElementPresent: Object 'Object Repository/Backoffice/Clients/Client Registration' is present

2018-10-12 13:55:21 - [MESSAGE][PASSED] - Object 'Object Repository/Backoffice/Clients/Client Registration' is present

2018-10-12 13:55:21 - [TEST_STEP][PASSED] - click: Object: 'Object Repository/Backoffice/Clients/Client Registration' is clicked on

2018-10-12 13:55:21 - [MESSAGE][PASSED] - Object: 'Object Repository/Backoffice/Clients/Client Registration' is clicked on

2018-10-12 13:55:21 - [TEST_STEP][PASSED] - setText: Text 'inningicerink' is set on object 'Object Repository/Backoffice/Clients/Registration/input_username'

2018-10-12 13:55:21 - [MESSAGE][PASSED] - Text 'inningicerink' is set on object 'Object Repository/Backoffice/Clients/Registration/input_username'

2018-10-12 13:55:21 - [TEST_STEP][PASSED] - setText: Text '123123' is set on object 'Object Repository/Backoffice/Clients/Registration/input_password'

2018-10-12 13:55:22 - [MESSAGE][PASSED] - Text '123123' is set on object 'Object Repository/Backoffice/Clients/Registration/input_password'

2018-10-12 13:55:22 - [TEST_STEP][PASSED] - setText: Text '123123' is set on object 'Object Repository/Backoffice/Clients/Registration/input_confirmp'

2018-10-12 13:55:22 - [MESSAGE][PASSED] - Text '123123' is set on object 'Object Repository/Backoffice/Clients/Registration/input_confirmp'

2018-10-12 13:55:22 - [TEST_STEP][PASSED] - selectOptionByValue: All options with value 'test' are selected in object 'Object Repository/Backoffice/Clients/Registration/select_operatorcode' 

2018-10-12 13:55:22 - [MESSAGE][PASSED] - All options with value 'test' are selected in object 'Object Repository/Backoffice/Clients/Registration/select_operatorcode' 

2018-10-12 13:55:22 - [TEST_STEP][PASSED] - selectOptionByValue: All options with value '1' are selected in object 'Object Repository/Backoffice/Clients/Registration/select_status' 

2018-10-12 13:55:22 - [MESSAGE][PASSED] - All options with value '1' are selected in object 'Object Repository/Backoffice/Clients/Registration/select_status' 

2018-10-12 13:55:22 - [TEST_STEP][PASSED] - delay: Delayed 2 second(s)

2018-10-12 13:55:24 - [MESSAGE][PASSED] - Delayed 2 second(s)

2018-10-12 13:55:24 - [TEST_STEP][PASSED] - click: Object: 'Object Repository/Backoffice/Clients/Registration/button_Submit' is clicked on

2018-10-12 13:55:25 - [MESSAGE][PASSED] - Object: 'Object Repository/Backoffice/Clients/Registration/button_Submit' is clicked on

2018-10-12 13:55:25 - [TEST_STEP][PASSED] - delay: Delayed 2 second(s)

2018-10-12 13:55:27 - [MESSAGE][PASSED] - Delayed 2 second(s)]]></system-out>
         <system-err><![CDATA[]]></system-err>
      </testcase>
      <testcase name="Test Cases/Backoffice/RegisterAccount" classname="Test Cases/Backoffice/RegisterAccount" status="PASSED">
         <system-out><![CDATA[2018-10-12 13:55:27 - [TEST_CASE][PASSED] - Test Cases/Backoffice/RegisterAccount: Test Cases/Backoffice/RegisterAccount

2018-10-12 13:55:27 - [TEST_STEP][PASSED] - focus: Object: 'Object Repository/Backoffice/Clients/Clients' is focused

2018-10-12 13:55:27 - [MESSAGE][PASSED] - Object: 'Object Repository/Backoffice/Clients/Clients' is focused

2018-10-12 13:55:27 - [TEST_STEP][PASSED] - verifyElementPresent: Object 'Object Repository/Backoffice/Clients/Client Registration' is present

2018-10-12 13:55:27 - [MESSAGE][PASSED] - Object 'Object Repository/Backoffice/Clients/Client Registration' is present

2018-10-12 13:55:27 - [TEST_STEP][PASSED] - click: Object: 'Object Repository/Backoffice/Clients/Client Registration' is clicked on

2018-10-12 13:55:28 - [MESSAGE][PASSED] - Object: 'Object Repository/Backoffice/Clients/Client Registration' is clicked on

2018-10-12 13:55:28 - [TEST_STEP][PASSED] - setText: Text 'insidiousinternship' is set on object 'Object Repository/Backoffice/Clients/Registration/input_username'

2018-10-12 13:55:28 - [MESSAGE][PASSED] - Text 'insidiousinternship' is set on object 'Object Repository/Backoffice/Clients/Registration/input_username'

2018-10-12 13:55:28 - [TEST_STEP][PASSED] - setText: Text '123123' is set on object 'Object Repository/Backoffice/Clients/Registration/input_password'

2018-10-12 13:55:28 - [MESSAGE][PASSED] - Text '123123' is set on object 'Object Repository/Backoffice/Clients/Registration/input_password'

2018-10-12 13:55:28 - [TEST_STEP][PASSED] - setText: Text '123123' is set on object 'Object Repository/Backoffice/Clients/Registration/input_confirmp'

2018-10-12 13:55:28 - [MESSAGE][PASSED] - Text '123123' is set on object 'Object Repository/Backoffice/Clients/Registration/input_confirmp'

2018-10-12 13:55:28 - [TEST_STEP][PASSED] - selectOptionByValue: All options with value 'test' are selected in object 'Object Repository/Backoffice/Clients/Registration/select_operatorcode' 

2018-10-12 13:55:28 - [MESSAGE][PASSED] - All options with value 'test' are selected in object 'Object Repository/Backoffice/Clients/Registration/select_operatorcode' 

2018-10-12 13:55:28 - [TEST_STEP][PASSED] - selectOptionByValue: All options with value '1' are selected in object 'Object Repository/Backoffice/Clients/Registration/select_status' 

2018-10-12 13:55:28 - [MESSAGE][PASSED] - All options with value '1' are selected in object 'Object Repository/Backoffice/Clients/Registration/select_status' 

2018-10-12 13:55:28 - [TEST_STEP][PASSED] - delay: Delayed 2 second(s)

2018-10-12 13:55:30 - [MESSAGE][PASSED] - Delayed 2 second(s)

2018-10-12 13:55:30 - [TEST_STEP][PASSED] - click: Object: 'Object Repository/Backoffice/Clients/Registration/button_Submit' is clicked on

2018-10-12 13:55:31 - [MESSAGE][PASSED] - Object: 'Object Repository/Backoffice/Clients/Registration/button_Submit' is clicked on

2018-10-12 13:55:31 - [TEST_STEP][PASSED] - delay: Delayed 2 second(s)

2018-10-12 13:55:33 - [MESSAGE][PASSED] - Delayed 2 second(s)]]></system-out>
         <system-err><![CDATA[]]></system-err>
      </testcase>
      <testcase name="Test Cases/Backoffice/RegisterAccount" classname="Test Cases/Backoffice/RegisterAccount" status="PASSED">
         <system-out><![CDATA[2018-10-12 13:55:33 - [TEST_CASE][PASSED] - Test Cases/Backoffice/RegisterAccount: Test Cases/Backoffice/RegisterAccount

2018-10-12 13:55:33 - [TEST_STEP][PASSED] - focus: Object: 'Object Repository/Backoffice/Clients/Clients' is focused

2018-10-12 13:55:33 - [MESSAGE][PASSED] - Object: 'Object Repository/Backoffice/Clients/Clients' is focused

2018-10-12 13:55:33 - [TEST_STEP][PASSED] - verifyElementPresent: Object 'Object Repository/Backoffice/Clients/Client Registration' is present

2018-10-12 13:55:33 - [MESSAGE][PASSED] - Object 'Object Repository/Backoffice/Clients/Client Registration' is present

2018-10-12 13:55:33 - [TEST_STEP][PASSED] - click: Object: 'Object Repository/Backoffice/Clients/Client Registration' is clicked on

2018-10-12 13:55:34 - [MESSAGE][PASSED] - Object: 'Object Repository/Backoffice/Clients/Client Registration' is clicked on

2018-10-12 13:55:34 - [TEST_STEP][PASSED] - setText: Text 'impressiveimpeccable' is set on object 'Object Repository/Backoffice/Clients/Registration/input_username'

2018-10-12 13:55:34 - [MESSAGE][PASSED] - Text 'impressiveimpeccable' is set on object 'Object Repository/Backoffice/Clients/Registration/input_username'

2018-10-12 13:55:34 - [TEST_STEP][PASSED] - setText: Text '123123' is set on object 'Object Repository/Backoffice/Clients/Registration/input_password'

2018-10-12 13:55:34 - [MESSAGE][PASSED] - Text '123123' is set on object 'Object Repository/Backoffice/Clients/Registration/input_password'

2018-10-12 13:55:34 - [TEST_STEP][PASSED] - setText: Text '123123' is set on object 'Object Repository/Backoffice/Clients/Registration/input_confirmp'

2018-10-12 13:55:34 - [MESSAGE][PASSED] - Text '123123' is set on object 'Object Repository/Backoffice/Clients/Registration/input_confirmp'

2018-10-12 13:55:34 - [TEST_STEP][PASSED] - selectOptionByValue: All options with value 'test' are selected in object 'Object Repository/Backoffice/Clients/Registration/select_operatorcode' 

2018-10-12 13:55:34 - [MESSAGE][PASSED] - All options with value 'test' are selected in object 'Object Repository/Backoffice/Clients/Registration/select_operatorcode' 

2018-10-12 13:55:34 - [TEST_STEP][PASSED] - selectOptionByValue: All options with value '1' are selected in object 'Object Repository/Backoffice/Clients/Registration/select_status' 

2018-10-12 13:55:34 - [MESSAGE][PASSED] - All options with value '1' are selected in object 'Object Repository/Backoffice/Clients/Registration/select_status' 

2018-10-12 13:55:34 - [TEST_STEP][PASSED] - delay: Delayed 2 second(s)

2018-10-12 13:55:36 - [MESSAGE][PASSED] - Delayed 2 second(s)

2018-10-12 13:55:36 - [TEST_STEP][PASSED] - click: Object: 'Object Repository/Backoffice/Clients/Registration/button_Submit' is clicked on

2018-10-12 13:55:37 - [MESSAGE][PASSED] - Object: 'Object Repository/Backoffice/Clients/Registration/button_Submit' is clicked on

2018-10-12 13:55:37 - [TEST_STEP][PASSED] - delay: Delayed 2 second(s)

2018-10-12 13:55:39 - [MESSAGE][PASSED] - Delayed 2 second(s)]]></system-out>
         <system-err><![CDATA[]]></system-err>
      </testcase>
      <testcase name="Test Cases/Backoffice/RegisterAccount" classname="Test Cases/Backoffice/RegisterAccount" status="PASSED">
         <system-out><![CDATA[2018-10-12 13:55:39 - [TEST_CASE][PASSED] - Test Cases/Backoffice/RegisterAccount: Test Cases/Backoffice/RegisterAccount

2018-10-12 13:55:39 - [TEST_STEP][PASSED] - focus: Object: 'Object Repository/Backoffice/Clients/Clients' is focused

2018-10-12 13:55:39 - [MESSAGE][PASSED] - Object: 'Object Repository/Backoffice/Clients/Clients' is focused

2018-10-12 13:55:39 - [TEST_STEP][PASSED] - verifyElementPresent: Object 'Object Repository/Backoffice/Clients/Client Registration' is present

2018-10-12 13:55:39 - [MESSAGE][PASSED] - Object 'Object Repository/Backoffice/Clients/Client Registration' is present

2018-10-12 13:55:39 - [TEST_STEP][PASSED] - click: Object: 'Object Repository/Backoffice/Clients/Client Registration' is clicked on

2018-10-12 13:55:40 - [MESSAGE][PASSED] - Object: 'Object Repository/Backoffice/Clients/Client Registration' is clicked on

2018-10-12 13:55:40 - [TEST_STEP][PASSED] - setText: Text 'icingicehockey' is set on object 'Object Repository/Backoffice/Clients/Registration/input_username'

2018-10-12 13:55:40 - [MESSAGE][PASSED] - Text 'icingicehockey' is set on object 'Object Repository/Backoffice/Clients/Registration/input_username'

2018-10-12 13:55:40 - [TEST_STEP][PASSED] - setText: Text '123123' is set on object 'Object Repository/Backoffice/Clients/Registration/input_password'

2018-10-12 13:55:40 - [MESSAGE][PASSED] - Text '123123' is set on object 'Object Repository/Backoffice/Clients/Registration/input_password'

2018-10-12 13:55:40 - [TEST_STEP][PASSED] - setText: Text '123123' is set on object 'Object Repository/Backoffice/Clients/Registration/input_confirmp'

2018-10-12 13:55:40 - [MESSAGE][PASSED] - Text '123123' is set on object 'Object Repository/Backoffice/Clients/Registration/input_confirmp'

2018-10-12 13:55:40 - [TEST_STEP][PASSED] - selectOptionByValue: All options with value 'test' are selected in object 'Object Repository/Backoffice/Clients/Registration/select_operatorcode' 

2018-10-12 13:55:41 - [MESSAGE][PASSED] - All options with value 'test' are selected in object 'Object Repository/Backoffice/Clients/Registration/select_operatorcode' 

2018-10-12 13:55:41 - [TEST_STEP][PASSED] - selectOptionByValue: All options with value '1' are selected in object 'Object Repository/Backoffice/Clients/Registration/select_status' 

2018-10-12 13:55:41 - [MESSAGE][PASSED] - All options with value '1' are selected in object 'Object Repository/Backoffice/Clients/Registration/select_status' 

2018-10-12 13:55:41 - [TEST_STEP][PASSED] - delay: Delayed 2 second(s)

2018-10-12 13:55:43 - [MESSAGE][PASSED] - Delayed 2 second(s)

2018-10-12 13:55:43 - [TEST_STEP][PASSED] - click: Object: 'Object Repository/Backoffice/Clients/Registration/button_Submit' is clicked on

2018-10-12 13:55:44 - [MESSAGE][PASSED] - Object: 'Object Repository/Backoffice/Clients/Registration/button_Submit' is clicked on

2018-10-12 13:55:44 - [TEST_STEP][PASSED] - delay: Delayed 2 second(s)

2018-10-12 13:55:46 - [MESSAGE][PASSED] - Delayed 2 second(s)]]></system-out>
         <system-err><![CDATA[]]></system-err>
      </testcase>
      <testcase name="Test Cases/Backoffice/RegisterAccount" classname="Test Cases/Backoffice/RegisterAccount" status="PASSED">
         <system-out><![CDATA[2018-10-12 13:55:46 - [TEST_CASE][PASSED] - Test Cases/Backoffice/RegisterAccount: Test Cases/Backoffice/RegisterAccount

2018-10-12 13:55:46 - [TEST_STEP][PASSED] - focus: Object: 'Object Repository/Backoffice/Clients/Clients' is focused

2018-10-12 13:55:46 - [MESSAGE][PASSED] - Object: 'Object Repository/Backoffice/Clients/Clients' is focused

2018-10-12 13:55:46 - [TEST_STEP][PASSED] - verifyElementPresent: Object 'Object Repository/Backoffice/Clients/Client Registration' is present

2018-10-12 13:55:46 - [MESSAGE][PASSED] - Object 'Object Repository/Backoffice/Clients/Client Registration' is present

2018-10-12 13:55:46 - [TEST_STEP][PASSED] - click: Object: 'Object Repository/Backoffice/Clients/Client Registration' is clicked on

2018-10-12 13:55:46 - [MESSAGE][PASSED] - Object: 'Object Repository/Backoffice/Clients/Client Registration' is clicked on

2018-10-12 13:55:46 - [TEST_STEP][PASSED] - setText: Text 'isinterject' is set on object 'Object Repository/Backoffice/Clients/Registration/input_username'

2018-10-12 13:55:46 - [MESSAGE][PASSED] - Text 'isinterject' is set on object 'Object Repository/Backoffice/Clients/Registration/input_username'

2018-10-12 13:55:46 - [TEST_STEP][PASSED] - setText: Text '123123' is set on object 'Object Repository/Backoffice/Clients/Registration/input_password'

2018-10-12 13:55:46 - [MESSAGE][PASSED] - Text '123123' is set on object 'Object Repository/Backoffice/Clients/Registration/input_password'

2018-10-12 13:55:46 - [TEST_STEP][PASSED] - setText: Text '123123' is set on object 'Object Repository/Backoffice/Clients/Registration/input_confirmp'

2018-10-12 13:55:46 - [MESSAGE][PASSED] - Text '123123' is set on object 'Object Repository/Backoffice/Clients/Registration/input_confirmp'

2018-10-12 13:55:46 - [TEST_STEP][PASSED] - selectOptionByValue: All options with value 'test' are selected in object 'Object Repository/Backoffice/Clients/Registration/select_operatorcode' 

2018-10-12 13:55:47 - [MESSAGE][PASSED] - All options with value 'test' are selected in object 'Object Repository/Backoffice/Clients/Registration/select_operatorcode' 

2018-10-12 13:55:47 - [TEST_STEP][PASSED] - selectOptionByValue: All options with value '1' are selected in object 'Object Repository/Backoffice/Clients/Registration/select_status' 

2018-10-12 13:55:47 - [MESSAGE][PASSED] - All options with value '1' are selected in object 'Object Repository/Backoffice/Clients/Registration/select_status' 

2018-10-12 13:55:47 - [TEST_STEP][PASSED] - delay: Delayed 2 second(s)

2018-10-12 13:55:49 - [MESSAGE][PASSED] - Delayed 2 second(s)

2018-10-12 13:55:49 - [TEST_STEP][PASSED] - click: Object: 'Object Repository/Backoffice/Clients/Registration/button_Submit' is clicked on

2018-10-12 13:55:49 - [MESSAGE][PASSED] - Object: 'Object Repository/Backoffice/Clients/Registration/button_Submit' is clicked on

2018-10-12 13:55:49 - [TEST_STEP][PASSED] - delay: Delayed 2 second(s)

2018-10-12 13:55:51 - [MESSAGE][PASSED] - Delayed 2 second(s)]]></system-out>
         <system-err><![CDATA[]]></system-err>
      </testcase>
      <testcase name="Test Cases/Backoffice/RegisterAccount" classname="Test Cases/Backoffice/RegisterAccount" status="PASSED">
         <system-out><![CDATA[2018-10-12 13:55:51 - [TEST_CASE][PASSED] - Test Cases/Backoffice/RegisterAccount: Test Cases/Backoffice/RegisterAccount

2018-10-12 13:55:52 - [TEST_STEP][PASSED] - focus: Object: 'Object Repository/Backoffice/Clients/Clients' is focused

2018-10-12 13:55:52 - [MESSAGE][PASSED] - Object: 'Object Repository/Backoffice/Clients/Clients' is focused

2018-10-12 13:55:52 - [TEST_STEP][PASSED] - verifyElementPresent: Object 'Object Repository/Backoffice/Clients/Client Registration' is present

2018-10-12 13:55:52 - [MESSAGE][PASSED] - Object 'Object Repository/Backoffice/Clients/Client Registration' is present

2018-10-12 13:55:52 - [TEST_STEP][PASSED] - click: Object: 'Object Repository/Backoffice/Clients/Client Registration' is clicked on

2018-10-12 13:55:52 - [MESSAGE][PASSED] - Object: 'Object Repository/Backoffice/Clients/Client Registration' is clicked on

2018-10-12 13:55:52 - [TEST_STEP][PASSED] - setText: Text 'infraredils' is set on object 'Object Repository/Backoffice/Clients/Registration/input_username'

2018-10-12 13:55:52 - [MESSAGE][PASSED] - Text 'infraredils' is set on object 'Object Repository/Backoffice/Clients/Registration/input_username'

2018-10-12 13:55:52 - [TEST_STEP][PASSED] - setText: Text '123123' is set on object 'Object Repository/Backoffice/Clients/Registration/input_password'

2018-10-12 13:55:53 - [MESSAGE][PASSED] - Text '123123' is set on object 'Object Repository/Backoffice/Clients/Registration/input_password'

2018-10-12 13:55:53 - [TEST_STEP][PASSED] - setText: Text '123123' is set on object 'Object Repository/Backoffice/Clients/Registration/input_confirmp'

2018-10-12 13:55:53 - [MESSAGE][PASSED] - Text '123123' is set on object 'Object Repository/Backoffice/Clients/Registration/input_confirmp'

2018-10-12 13:55:53 - [TEST_STEP][PASSED] - selectOptionByValue: All options with value 'test' are selected in object 'Object Repository/Backoffice/Clients/Registration/select_operatorcode' 

2018-10-12 13:55:53 - [MESSAGE][PASSED] - All options with value 'test' are selected in object 'Object Repository/Backoffice/Clients/Registration/select_operatorcode' 

2018-10-12 13:55:53 - [TEST_STEP][PASSED] - selectOptionByValue: All options with value '1' are selected in object 'Object Repository/Backoffice/Clients/Registration/select_status' 

2018-10-12 13:55:53 - [MESSAGE][PASSED] - All options with value '1' are selected in object 'Object Repository/Backoffice/Clients/Registration/select_status' 

2018-10-12 13:55:53 - [TEST_STEP][PASSED] - delay: Delayed 2 second(s)

2018-10-12 13:55:55 - [MESSAGE][PASSED] - Delayed 2 second(s)

2018-10-12 13:55:55 - [TEST_STEP][PASSED] - click: Object: 'Object Repository/Backoffice/Clients/Registration/button_Submit' is clicked on

2018-10-12 13:55:56 - [MESSAGE][PASSED] - Object: 'Object Repository/Backoffice/Clients/Registration/button_Submit' is clicked on

2018-10-12 13:55:56 - [TEST_STEP][PASSED] - delay: Delayed 2 second(s)

2018-10-12 13:55:58 - [MESSAGE][PASSED] - Delayed 2 second(s)]]></system-out>
         <system-err><![CDATA[]]></system-err>
      </testcase>
      <testcase name="Test Cases/Backoffice/RegisterAccount" classname="Test Cases/Backoffice/RegisterAccount" status="PASSED">
         <system-out><![CDATA[2018-10-12 13:55:58 - [TEST_CASE][PASSED] - Test Cases/Backoffice/RegisterAccount: Test Cases/Backoffice/RegisterAccount

2018-10-12 13:55:58 - [TEST_STEP][PASSED] - focus: Object: 'Object Repository/Backoffice/Clients/Clients' is focused

2018-10-12 13:55:58 - [MESSAGE][PASSED] - Object: 'Object Repository/Backoffice/Clients/Clients' is focused

2018-10-12 13:55:58 - [TEST_STEP][PASSED] - verifyElementPresent: Object 'Object Repository/Backoffice/Clients/Client Registration' is present

2018-10-12 13:55:58 - [MESSAGE][PASSED] - Object 'Object Repository/Backoffice/Clients/Client Registration' is present

2018-10-12 13:55:58 - [TEST_STEP][PASSED] - click: Object: 'Object Repository/Backoffice/Clients/Client Registration' is clicked on

2018-10-12 13:55:58 - [MESSAGE][PASSED] - Object: 'Object Repository/Backoffice/Clients/Client Registration' is clicked on

2018-10-12 13:55:58 - [TEST_STEP][PASSED] - setText: Text 'icerinkinherent' is set on object 'Object Repository/Backoffice/Clients/Registration/input_username'

2018-10-12 13:55:58 - [MESSAGE][PASSED] - Text 'icerinkinherent' is set on object 'Object Repository/Backoffice/Clients/Registration/input_username'

2018-10-12 13:55:58 - [TEST_STEP][PASSED] - setText: Text '123123' is set on object 'Object Repository/Backoffice/Clients/Registration/input_password'

2018-10-12 13:55:58 - [MESSAGE][PASSED] - Text '123123' is set on object 'Object Repository/Backoffice/Clients/Registration/input_password'

2018-10-12 13:55:58 - [TEST_STEP][PASSED] - setText: Text '123123' is set on object 'Object Repository/Backoffice/Clients/Registration/input_confirmp'

2018-10-12 13:55:59 - [MESSAGE][PASSED] - Text '123123' is set on object 'Object Repository/Backoffice/Clients/Registration/input_confirmp'

2018-10-12 13:55:59 - [TEST_STEP][PASSED] - selectOptionByValue: All options with value 'test' are selected in object 'Object Repository/Backoffice/Clients/Registration/select_operatorcode' 

2018-10-12 13:55:59 - [MESSAGE][PASSED] - All options with value 'test' are selected in object 'Object Repository/Backoffice/Clients/Registration/select_operatorcode' 

2018-10-12 13:55:59 - [TEST_STEP][PASSED] - selectOptionByValue: All options with value '1' are selected in object 'Object Repository/Backoffice/Clients/Registration/select_status' 

2018-10-12 13:55:59 - [MESSAGE][PASSED] - All options with value '1' are selected in object 'Object Repository/Backoffice/Clients/Registration/select_status' 

2018-10-12 13:55:59 - [TEST_STEP][PASSED] - delay: Delayed 2 second(s)

2018-10-12 13:56:01 - [MESSAGE][PASSED] - Delayed 2 second(s)

2018-10-12 13:56:01 - [TEST_STEP][PASSED] - click: Object: 'Object Repository/Backoffice/Clients/Registration/button_Submit' is clicked on

2018-10-12 13:56:02 - [MESSAGE][PASSED] - Object: 'Object Repository/Backoffice/Clients/Registration/button_Submit' is clicked on

2018-10-12 13:56:02 - [TEST_STEP][PASSED] - delay: Delayed 2 second(s)

2018-10-12 13:56:04 - [MESSAGE][PASSED] - Delayed 2 second(s)]]></system-out>
         <system-err><![CDATA[]]></system-err>
      </testcase>
      <testcase name="Test Cases/Backoffice/RegisterAccount" classname="Test Cases/Backoffice/RegisterAccount" status="PASSED">
         <system-out><![CDATA[2018-10-12 13:56:04 - [TEST_CASE][PASSED] - Test Cases/Backoffice/RegisterAccount: Test Cases/Backoffice/RegisterAccount

2018-10-12 13:56:04 - [TEST_STEP][PASSED] - focus: Object: 'Object Repository/Backoffice/Clients/Clients' is focused

2018-10-12 13:56:04 - [MESSAGE][PASSED] - Object: 'Object Repository/Backoffice/Clients/Clients' is focused

2018-10-12 13:56:04 - [TEST_STEP][PASSED] - verifyElementPresent: Object 'Object Repository/Backoffice/Clients/Client Registration' is present

2018-10-12 13:56:04 - [MESSAGE][PASSED] - Object 'Object Repository/Backoffice/Clients/Client Registration' is present

2018-10-12 13:56:04 - [TEST_STEP][PASSED] - click: Object: 'Object Repository/Backoffice/Clients/Client Registration' is clicked on

2018-10-12 13:56:05 - [MESSAGE][PASSED] - Object: 'Object Repository/Backoffice/Clients/Client Registration' is clicked on

2018-10-12 13:56:05 - [TEST_STEP][PASSED] - setText: Text 'joitheadjaialai' is set on object 'Object Repository/Backoffice/Clients/Registration/input_username'

2018-10-12 13:56:05 - [MESSAGE][PASSED] - Text 'joitheadjaialai' is set on object 'Object Repository/Backoffice/Clients/Registration/input_username'

2018-10-12 13:56:05 - [TEST_STEP][PASSED] - setText: Text '123123' is set on object 'Object Repository/Backoffice/Clients/Registration/input_password'

2018-10-12 13:56:05 - [MESSAGE][PASSED] - Text '123123' is set on object 'Object Repository/Backoffice/Clients/Registration/input_password'

2018-10-12 13:56:05 - [TEST_STEP][PASSED] - setText: Text '123123' is set on object 'Object Repository/Backoffice/Clients/Registration/input_confirmp'

2018-10-12 13:56:05 - [MESSAGE][PASSED] - Text '123123' is set on object 'Object Repository/Backoffice/Clients/Registration/input_confirmp'

2018-10-12 13:56:05 - [TEST_STEP][PASSED] - selectOptionByValue: All options with value 'test' are selected in object 'Object Repository/Backoffice/Clients/Registration/select_operatorcode' 

2018-10-12 13:56:05 - [MESSAGE][PASSED] - All options with value 'test' are selected in object 'Object Repository/Backoffice/Clients/Registration/select_operatorcode' 

2018-10-12 13:56:05 - [TEST_STEP][PASSED] - selectOptionByValue: All options with value '1' are selected in object 'Object Repository/Backoffice/Clients/Registration/select_status' 

2018-10-12 13:56:05 - [MESSAGE][PASSED] - All options with value '1' are selected in object 'Object Repository/Backoffice/Clients/Registration/select_status' 

2018-10-12 13:56:05 - [TEST_STEP][PASSED] - delay: Delayed 2 second(s)

2018-10-12 13:56:07 - [MESSAGE][PASSED] - Delayed 2 second(s)

2018-10-12 13:56:07 - [TEST_STEP][PASSED] - click: Object: 'Object Repository/Backoffice/Clients/Registration/button_Submit' is clicked on

2018-10-12 13:56:08 - [MESSAGE][PASSED] - Object: 'Object Repository/Backoffice/Clients/Registration/button_Submit' is clicked on

2018-10-12 13:56:08 - [TEST_STEP][PASSED] - delay: Delayed 2 second(s)

2018-10-12 13:56:10 - [MESSAGE][PASSED] - Delayed 2 second(s)]]></system-out>
         <system-err><![CDATA[]]></system-err>
      </testcase>
      <testcase name="Test Cases/Backoffice/RegisterAccount" classname="Test Cases/Backoffice/RegisterAccount" status="PASSED">
         <system-out><![CDATA[2018-10-12 13:56:10 - [TEST_CASE][PASSED] - Test Cases/Backoffice/RegisterAccount: Test Cases/Backoffice/RegisterAccount

2018-10-12 13:56:10 - [TEST_STEP][PASSED] - focus: Object: 'Object Repository/Backoffice/Clients/Clients' is focused

2018-10-12 13:56:10 - [MESSAGE][PASSED] - Object: 'Object Repository/Backoffice/Clients/Clients' is focused

2018-10-12 13:56:10 - [TEST_STEP][PASSED] - verifyElementPresent: Object 'Object Repository/Backoffice/Clients/Client Registration' is present

2018-10-12 13:56:10 - [MESSAGE][PASSED] - Object 'Object Repository/Backoffice/Clients/Client Registration' is present

2018-10-12 13:56:10 - [TEST_STEP][PASSED] - click: Object: 'Object Repository/Backoffice/Clients/Client Registration' is clicked on

2018-10-12 13:56:11 - [MESSAGE][PASSED] - Object: 'Object Repository/Backoffice/Clients/Client Registration' is clicked on

2018-10-12 13:56:11 - [TEST_STEP][PASSED] - setText: Text 'jodgejudicious' is set on object 'Object Repository/Backoffice/Clients/Registration/input_username'

2018-10-12 13:56:11 - [MESSAGE][PASSED] - Text 'jodgejudicious' is set on object 'Object Repository/Backoffice/Clients/Registration/input_username'

2018-10-12 13:56:11 - [TEST_STEP][PASSED] - setText: Text '123123' is set on object 'Object Repository/Backoffice/Clients/Registration/input_password'

2018-10-12 13:56:11 - [MESSAGE][PASSED] - Text '123123' is set on object 'Object Repository/Backoffice/Clients/Registration/input_password'

2018-10-12 13:56:11 - [TEST_STEP][PASSED] - setText: Text '123123' is set on object 'Object Repository/Backoffice/Clients/Registration/input_confirmp'

2018-10-12 13:56:11 - [MESSAGE][PASSED] - Text '123123' is set on object 'Object Repository/Backoffice/Clients/Registration/input_confirmp'

2018-10-12 13:56:11 - [TEST_STEP][PASSED] - selectOptionByValue: All options with value 'test' are selected in object 'Object Repository/Backoffice/Clients/Registration/select_operatorcode' 

2018-10-12 13:56:12 - [MESSAGE][PASSED] - All options with value 'test' are selected in object 'Object Repository/Backoffice/Clients/Registration/select_operatorcode' 

2018-10-12 13:56:12 - [TEST_STEP][PASSED] - selectOptionByValue: All options with value '1' are selected in object 'Object Repository/Backoffice/Clients/Registration/select_status' 

2018-10-12 13:56:12 - [MESSAGE][PASSED] - All options with value '1' are selected in object 'Object Repository/Backoffice/Clients/Registration/select_status' 

2018-10-12 13:56:12 - [TEST_STEP][PASSED] - delay: Delayed 2 second(s)

2018-10-12 13:56:14 - [MESSAGE][PASSED] - Delayed 2 second(s)

2018-10-12 13:56:14 - [TEST_STEP][PASSED] - click: Object: 'Object Repository/Backoffice/Clients/Registration/button_Submit' is clicked on

2018-10-12 13:56:15 - [MESSAGE][PASSED] - Object: 'Object Repository/Backoffice/Clients/Registration/button_Submit' is clicked on

2018-10-12 13:56:15 - [TEST_STEP][PASSED] - delay: Delayed 2 second(s)

2018-10-12 13:56:17 - [MESSAGE][PASSED] - Delayed 2 second(s)]]></system-out>
         <system-err><![CDATA[]]></system-err>
      </testcase>
      <testcase name="Test Cases/Backoffice/RegisterAccount" classname="Test Cases/Backoffice/RegisterAccount" status="PASSED">
         <system-out><![CDATA[2018-10-12 13:56:17 - [TEST_CASE][PASSED] - Test Cases/Backoffice/RegisterAccount: Test Cases/Backoffice/RegisterAccount

2018-10-12 13:56:17 - [TEST_STEP][PASSED] - focus: Object: 'Object Repository/Backoffice/Clients/Clients' is focused

2018-10-12 13:56:17 - [MESSAGE][PASSED] - Object: 'Object Repository/Backoffice/Clients/Clients' is focused

2018-10-12 13:56:17 - [TEST_STEP][PASSED] - verifyElementPresent: Object 'Object Repository/Backoffice/Clients/Client Registration' is present

2018-10-12 13:56:17 - [MESSAGE][PASSED] - Object 'Object Repository/Backoffice/Clients/Client Registration' is present

2018-10-12 13:56:17 - [TEST_STEP][PASSED] - click: Object: 'Object Repository/Backoffice/Clients/Client Registration' is clicked on

2018-10-12 13:56:18 - [MESSAGE][PASSED] - Object: 'Object Repository/Backoffice/Clients/Client Registration' is clicked on

2018-10-12 13:56:18 - [TEST_STEP][PASSED] - setText: Text 'jukeboxjaded' is set on object 'Object Repository/Backoffice/Clients/Registration/input_username'

2018-10-12 13:56:18 - [MESSAGE][PASSED] - Text 'jukeboxjaded' is set on object 'Object Repository/Backoffice/Clients/Registration/input_username'

2018-10-12 13:56:18 - [TEST_STEP][PASSED] - setText: Text '123123' is set on object 'Object Repository/Backoffice/Clients/Registration/input_password'

2018-10-12 13:56:18 - [MESSAGE][PASSED] - Text '123123' is set on object 'Object Repository/Backoffice/Clients/Registration/input_password'

2018-10-12 13:56:18 - [TEST_STEP][PASSED] - setText: Text '123123' is set on object 'Object Repository/Backoffice/Clients/Registration/input_confirmp'

2018-10-12 13:56:18 - [MESSAGE][PASSED] - Text '123123' is set on object 'Object Repository/Backoffice/Clients/Registration/input_confirmp'

2018-10-12 13:56:18 - [TEST_STEP][PASSED] - selectOptionByValue: All options with value 'test' are selected in object 'Object Repository/Backoffice/Clients/Registration/select_operatorcode' 

2018-10-12 13:56:18 - [MESSAGE][PASSED] - All options with value 'test' are selected in object 'Object Repository/Backoffice/Clients/Registration/select_operatorcode' 

2018-10-12 13:56:18 - [TEST_STEP][PASSED] - selectOptionByValue: All options with value '1' are selected in object 'Object Repository/Backoffice/Clients/Registration/select_status' 

2018-10-12 13:56:18 - [MESSAGE][PASSED] - All options with value '1' are selected in object 'Object Repository/Backoffice/Clients/Registration/select_status' 

2018-10-12 13:56:18 - [TEST_STEP][PASSED] - delay: Delayed 2 second(s)

2018-10-12 13:56:20 - [MESSAGE][PASSED] - Delayed 2 second(s)

2018-10-12 13:56:20 - [TEST_STEP][PASSED] - click: Object: 'Object Repository/Backoffice/Clients/Registration/button_Submit' is clicked on

2018-10-12 13:56:21 - [MESSAGE][PASSED] - Object: 'Object Repository/Backoffice/Clients/Registration/button_Submit' is clicked on

2018-10-12 13:56:21 - [TEST_STEP][PASSED] - delay: Delayed 2 second(s)

2018-10-12 13:56:23 - [MESSAGE][PASSED] - Delayed 2 second(s)]]></system-out>
         <system-err><![CDATA[]]></system-err>
      </testcase>
      <testcase name="Test Cases/Backoffice/RegisterAccount" classname="Test Cases/Backoffice/RegisterAccount" status="PASSED">
         <system-out><![CDATA[2018-10-12 13:56:23 - [TEST_CASE][PASSED] - Test Cases/Backoffice/RegisterAccount: Test Cases/Backoffice/RegisterAccount

2018-10-12 13:56:23 - [TEST_STEP][PASSED] - focus: Object: 'Object Repository/Backoffice/Clients/Clients' is focused

2018-10-12 13:56:24 - [MESSAGE][PASSED] - Object: 'Object Repository/Backoffice/Clients/Clients' is focused

2018-10-12 13:56:24 - [TEST_STEP][PASSED] - verifyElementPresent: Object 'Object Repository/Backoffice/Clients/Client Registration' is present

2018-10-12 13:56:24 - [MESSAGE][PASSED] - Object 'Object Repository/Backoffice/Clients/Client Registration' is present

2018-10-12 13:56:24 - [TEST_STEP][PASSED] - click: Object: 'Object Repository/Backoffice/Clients/Client Registration' is clicked on

2018-10-12 13:56:24 - [MESSAGE][PASSED] - Object: 'Object Repository/Backoffice/Clients/Client Registration' is clicked on

2018-10-12 13:56:24 - [TEST_STEP][PASSED] - setText: Text 'jarjittle' is set on object 'Object Repository/Backoffice/Clients/Registration/input_username'

2018-10-12 13:56:25 - [MESSAGE][PASSED] - Text 'jarjittle' is set on object 'Object Repository/Backoffice/Clients/Registration/input_username'

2018-10-12 13:56:25 - [TEST_STEP][PASSED] - setText: Text '123123' is set on object 'Object Repository/Backoffice/Clients/Registration/input_password'

2018-10-12 13:56:25 - [MESSAGE][PASSED] - Text '123123' is set on object 'Object Repository/Backoffice/Clients/Registration/input_password'

2018-10-12 13:56:25 - [TEST_STEP][PASSED] - setText: Text '123123' is set on object 'Object Repository/Backoffice/Clients/Registration/input_confirmp'

2018-10-12 13:56:25 - [MESSAGE][PASSED] - Text '123123' is set on object 'Object Repository/Backoffice/Clients/Registration/input_confirmp'

2018-10-12 13:56:25 - [TEST_STEP][PASSED] - selectOptionByValue: All options with value 'test' are selected in object 'Object Repository/Backoffice/Clients/Registration/select_operatorcode' 

2018-10-12 13:56:25 - [MESSAGE][PASSED] - All options with value 'test' are selected in object 'Object Repository/Backoffice/Clients/Registration/select_operatorcode' 

2018-10-12 13:56:25 - [TEST_STEP][PASSED] - selectOptionByValue: All options with value '1' are selected in object 'Object Repository/Backoffice/Clients/Registration/select_status' 

2018-10-12 13:56:25 - [MESSAGE][PASSED] - All options with value '1' are selected in object 'Object Repository/Backoffice/Clients/Registration/select_status' 

2018-10-12 13:56:25 - [TEST_STEP][PASSED] - delay: Delayed 2 second(s)

2018-10-12 13:56:27 - [MESSAGE][PASSED] - Delayed 2 second(s)

2018-10-12 13:56:27 - [TEST_STEP][PASSED] - click: Object: 'Object Repository/Backoffice/Clients/Registration/button_Submit' is clicked on

2018-10-12 13:56:29 - [MESSAGE][PASSED] - Object: 'Object Repository/Backoffice/Clients/Registration/button_Submit' is clicked on

2018-10-12 13:56:29 - [TEST_STEP][PASSED] - delay: Delayed 2 second(s)

2018-10-12 13:56:31 - [MESSAGE][PASSED] - Delayed 2 second(s)]]></system-out>
         <system-err><![CDATA[]]></system-err>
      </testcase>
      <testcase name="Test Cases/Backoffice/RegisterAccount" classname="Test Cases/Backoffice/RegisterAccount" status="PASSED">
         <system-out><![CDATA[2018-10-12 13:56:31 - [TEST_CASE][PASSED] - Test Cases/Backoffice/RegisterAccount: Test Cases/Backoffice/RegisterAccount

2018-10-12 13:56:31 - [TEST_STEP][PASSED] - focus: Object: 'Object Repository/Backoffice/Clients/Clients' is focused

2018-10-12 13:56:31 - [MESSAGE][PASSED] - Object: 'Object Repository/Backoffice/Clients/Clients' is focused

2018-10-12 13:56:31 - [TEST_STEP][PASSED] - verifyElementPresent: Object 'Object Repository/Backoffice/Clients/Client Registration' is present

2018-10-12 13:56:31 - [MESSAGE][PASSED] - Object 'Object Repository/Backoffice/Clients/Client Registration' is present

2018-10-12 13:56:31 - [TEST_STEP][PASSED] - click: Object: 'Object Repository/Backoffice/Clients/Client Registration' is clicked on

2018-10-12 13:56:32 - [MESSAGE][PASSED] - Object: 'Object Repository/Backoffice/Clients/Client Registration' is clicked on

2018-10-12 13:56:32 - [TEST_STEP][PASSED] - setText: Text 'joiningjudgmental' is set on object 'Object Repository/Backoffice/Clients/Registration/input_username'

2018-10-12 13:56:32 - [MESSAGE][PASSED] - Text 'joiningjudgmental' is set on object 'Object Repository/Backoffice/Clients/Registration/input_username'

2018-10-12 13:56:32 - [TEST_STEP][PASSED] - setText: Text '123123' is set on object 'Object Repository/Backoffice/Clients/Registration/input_password'

2018-10-12 13:56:32 - [MESSAGE][PASSED] - Text '123123' is set on object 'Object Repository/Backoffice/Clients/Registration/input_password'

2018-10-12 13:56:32 - [TEST_STEP][PASSED] - setText: Text '123123' is set on object 'Object Repository/Backoffice/Clients/Registration/input_confirmp'

2018-10-12 13:56:32 - [MESSAGE][PASSED] - Text '123123' is set on object 'Object Repository/Backoffice/Clients/Registration/input_confirmp'

2018-10-12 13:56:32 - [TEST_STEP][PASSED] - selectOptionByValue: All options with value 'test' are selected in object 'Object Repository/Backoffice/Clients/Registration/select_operatorcode' 

2018-10-12 13:56:32 - [MESSAGE][PASSED] - All options with value 'test' are selected in object 'Object Repository/Backoffice/Clients/Registration/select_operatorcode' 

2018-10-12 13:56:32 - [TEST_STEP][PASSED] - selectOptionByValue: All options with value '1' are selected in object 'Object Repository/Backoffice/Clients/Registration/select_status' 

2018-10-12 13:56:32 - [MESSAGE][PASSED] - All options with value '1' are selected in object 'Object Repository/Backoffice/Clients/Registration/select_status' 

2018-10-12 13:56:32 - [TEST_STEP][PASSED] - delay: Delayed 2 second(s)

2018-10-12 13:56:34 - [MESSAGE][PASSED] - Delayed 2 second(s)

2018-10-12 13:56:34 - [TEST_STEP][PASSED] - click: Object: 'Object Repository/Backoffice/Clients/Registration/button_Submit' is clicked on

2018-10-12 13:56:35 - [MESSAGE][PASSED] - Object: 'Object Repository/Backoffice/Clients/Registration/button_Submit' is clicked on

2018-10-12 13:56:35 - [TEST_STEP][PASSED] - delay: Delayed 2 second(s)

2018-10-12 13:56:37 - [MESSAGE][PASSED] - Delayed 2 second(s)]]></system-out>
         <system-err><![CDATA[]]></system-err>
      </testcase>
      <testcase name="Test Cases/Backoffice/RegisterAccount" classname="Test Cases/Backoffice/RegisterAccount" status="PASSED">
         <system-out><![CDATA[2018-10-12 13:56:37 - [TEST_CASE][PASSED] - Test Cases/Backoffice/RegisterAccount: Test Cases/Backoffice/RegisterAccount

2018-10-12 13:56:37 - [TEST_STEP][PASSED] - focus: Object: 'Object Repository/Backoffice/Clients/Clients' is focused

2018-10-12 13:56:37 - [MESSAGE][PASSED] - Object: 'Object Repository/Backoffice/Clients/Clients' is focused

2018-10-12 13:56:37 - [TEST_STEP][PASSED] - verifyElementPresent: Object 'Object Repository/Backoffice/Clients/Client Registration' is present

2018-10-12 13:56:37 - [MESSAGE][PASSED] - Object 'Object Repository/Backoffice/Clients/Client Registration' is present

2018-10-12 13:56:37 - [TEST_STEP][PASSED] - click: Object: 'Object Repository/Backoffice/Clients/Client Registration' is clicked on

2018-10-12 13:56:38 - [MESSAGE][PASSED] - Object: 'Object Repository/Backoffice/Clients/Client Registration' is clicked on

2018-10-12 13:56:38 - [TEST_STEP][PASSED] - setText: Text 'jodrelljicking' is set on object 'Object Repository/Backoffice/Clients/Registration/input_username'

2018-10-12 13:56:38 - [MESSAGE][PASSED] - Text 'jodrelljicking' is set on object 'Object Repository/Backoffice/Clients/Registration/input_username'

2018-10-12 13:56:38 - [TEST_STEP][PASSED] - setText: Text '123123' is set on object 'Object Repository/Backoffice/Clients/Registration/input_password'

2018-10-12 13:56:38 - [MESSAGE][PASSED] - Text '123123' is set on object 'Object Repository/Backoffice/Clients/Registration/input_password'

2018-10-12 13:56:38 - [TEST_STEP][PASSED] - setText: Text '123123' is set on object 'Object Repository/Backoffice/Clients/Registration/input_confirmp'

2018-10-12 13:56:38 - [MESSAGE][PASSED] - Text '123123' is set on object 'Object Repository/Backoffice/Clients/Registration/input_confirmp'

2018-10-12 13:56:38 - [TEST_STEP][PASSED] - selectOptionByValue: All options with value 'test' are selected in object 'Object Repository/Backoffice/Clients/Registration/select_operatorcode' 

2018-10-12 13:56:39 - [MESSAGE][PASSED] - All options with value 'test' are selected in object 'Object Repository/Backoffice/Clients/Registration/select_operatorcode' 

2018-10-12 13:56:39 - [TEST_STEP][PASSED] - selectOptionByValue: All options with value '1' are selected in object 'Object Repository/Backoffice/Clients/Registration/select_status' 

2018-10-12 13:56:39 - [MESSAGE][PASSED] - All options with value '1' are selected in object 'Object Repository/Backoffice/Clients/Registration/select_status' 

2018-10-12 13:56:39 - [TEST_STEP][PASSED] - delay: Delayed 2 second(s)

2018-10-12 13:56:41 - [MESSAGE][PASSED] - Delayed 2 second(s)

2018-10-12 13:56:41 - [TEST_STEP][PASSED] - click: Object: 'Object Repository/Backoffice/Clients/Registration/button_Submit' is clicked on

2018-10-12 13:56:42 - [MESSAGE][PASSED] - Object: 'Object Repository/Backoffice/Clients/Registration/button_Submit' is clicked on

2018-10-12 13:56:42 - [TEST_STEP][PASSED] - delay: Delayed 2 second(s)

2018-10-12 13:56:44 - [MESSAGE][PASSED] - Delayed 2 second(s)]]></system-out>
         <system-err><![CDATA[]]></system-err>
      </testcase>
      <testcase name="Test Cases/Backoffice/RegisterAccount" classname="Test Cases/Backoffice/RegisterAccount" status="PASSED">
         <system-out><![CDATA[2018-10-12 13:56:44 - [TEST_CASE][PASSED] - Test Cases/Backoffice/RegisterAccount: Test Cases/Backoffice/RegisterAccount

2018-10-12 13:56:44 - [TEST_STEP][PASSED] - focus: Object: 'Object Repository/Backoffice/Clients/Clients' is focused

2018-10-12 13:56:44 - [MESSAGE][PASSED] - Object: 'Object Repository/Backoffice/Clients/Clients' is focused

2018-10-12 13:56:44 - [TEST_STEP][PASSED] - verifyElementPresent: Object 'Object Repository/Backoffice/Clients/Client Registration' is present

2018-10-12 13:56:44 - [MESSAGE][PASSED] - Object 'Object Repository/Backoffice/Clients/Client Registration' is present

2018-10-12 13:56:44 - [TEST_STEP][PASSED] - click: Object: 'Object Repository/Backoffice/Clients/Client Registration' is clicked on

2018-10-12 13:56:44 - [MESSAGE][PASSED] - Object: 'Object Repository/Backoffice/Clients/Client Registration' is clicked on

2018-10-12 13:56:44 - [TEST_STEP][PASSED] - setText: Text 'joyjellies' is set on object 'Object Repository/Backoffice/Clients/Registration/input_username'

2018-10-12 13:56:45 - [MESSAGE][PASSED] - Text 'joyjellies' is set on object 'Object Repository/Backoffice/Clients/Registration/input_username'

2018-10-12 13:56:45 - [TEST_STEP][PASSED] - setText: Text '123123' is set on object 'Object Repository/Backoffice/Clients/Registration/input_password'

2018-10-12 13:56:45 - [MESSAGE][PASSED] - Text '123123' is set on object 'Object Repository/Backoffice/Clients/Registration/input_password'

2018-10-12 13:56:45 - [TEST_STEP][PASSED] - setText: Text '123123' is set on object 'Object Repository/Backoffice/Clients/Registration/input_confirmp'

2018-10-12 13:56:45 - [MESSAGE][PASSED] - Text '123123' is set on object 'Object Repository/Backoffice/Clients/Registration/input_confirmp'

2018-10-12 13:56:45 - [TEST_STEP][PASSED] - selectOptionByValue: All options with value 'test' are selected in object 'Object Repository/Backoffice/Clients/Registration/select_operatorcode' 

2018-10-12 13:56:45 - [MESSAGE][PASSED] - All options with value 'test' are selected in object 'Object Repository/Backoffice/Clients/Registration/select_operatorcode' 

2018-10-12 13:56:45 - [TEST_STEP][PASSED] - selectOptionByValue: All options with value '1' are selected in object 'Object Repository/Backoffice/Clients/Registration/select_status' 

2018-10-12 13:56:45 - [MESSAGE][PASSED] - All options with value '1' are selected in object 'Object Repository/Backoffice/Clients/Registration/select_status' 

2018-10-12 13:56:45 - [TEST_STEP][PASSED] - delay: Delayed 2 second(s)

2018-10-12 13:56:47 - [MESSAGE][PASSED] - Delayed 2 second(s)

2018-10-12 13:56:47 - [TEST_STEP][PASSED] - click: Object: 'Object Repository/Backoffice/Clients/Registration/button_Submit' is clicked on

2018-10-12 13:56:48 - [MESSAGE][PASSED] - Object: 'Object Repository/Backoffice/Clients/Registration/button_Submit' is clicked on

2018-10-12 13:56:48 - [TEST_STEP][PASSED] - delay: Delayed 2 second(s)

2018-10-12 13:56:50 - [MESSAGE][PASSED] - Delayed 2 second(s)]]></system-out>
         <system-err><![CDATA[]]></system-err>
      </testcase>
      <testcase name="Test Cases/Backoffice/RegisterAccount" classname="Test Cases/Backoffice/RegisterAccount" status="PASSED">
         <system-out><![CDATA[2018-10-12 13:56:50 - [TEST_CASE][PASSED] - Test Cases/Backoffice/RegisterAccount: Test Cases/Backoffice/RegisterAccount

2018-10-12 13:56:50 - [TEST_STEP][PASSED] - focus: Object: 'Object Repository/Backoffice/Clients/Clients' is focused

2018-10-12 13:56:50 - [MESSAGE][PASSED] - Object: 'Object Repository/Backoffice/Clients/Clients' is focused

2018-10-12 13:56:50 - [TEST_STEP][PASSED] - verifyElementPresent: Object 'Object Repository/Backoffice/Clients/Client Registration' is present

2018-10-12 13:56:50 - [MESSAGE][PASSED] - Object 'Object Repository/Backoffice/Clients/Client Registration' is present

2018-10-12 13:56:50 - [TEST_STEP][PASSED] - click: Object: 'Object Repository/Backoffice/Clients/Client Registration' is clicked on

2018-10-12 13:56:51 - [MESSAGE][PASSED] - Object: 'Object Repository/Backoffice/Clients/Client Registration' is clicked on

2018-10-12 13:56:51 - [TEST_STEP][PASSED] - setText: Text 'juitjail' is set on object 'Object Repository/Backoffice/Clients/Registration/input_username'

2018-10-12 13:56:51 - [MESSAGE][PASSED] - Text 'juitjail' is set on object 'Object Repository/Backoffice/Clients/Registration/input_username'

2018-10-12 13:56:51 - [TEST_STEP][PASSED] - setText: Text '123123' is set on object 'Object Repository/Backoffice/Clients/Registration/input_password'

2018-10-12 13:56:51 - [MESSAGE][PASSED] - Text '123123' is set on object 'Object Repository/Backoffice/Clients/Registration/input_password'

2018-10-12 13:56:51 - [TEST_STEP][PASSED] - setText: Text '123123' is set on object 'Object Repository/Backoffice/Clients/Registration/input_confirmp'

2018-10-12 13:56:52 - [MESSAGE][PASSED] - Text '123123' is set on object 'Object Repository/Backoffice/Clients/Registration/input_confirmp'

2018-10-12 13:56:52 - [TEST_STEP][PASSED] - selectOptionByValue: All options with value 'test' are selected in object 'Object Repository/Backoffice/Clients/Registration/select_operatorcode' 

2018-10-12 13:56:52 - [MESSAGE][PASSED] - All options with value 'test' are selected in object 'Object Repository/Backoffice/Clients/Registration/select_operatorcode' 

2018-10-12 13:56:52 - [TEST_STEP][PASSED] - selectOptionByValue: All options with value '1' are selected in object 'Object Repository/Backoffice/Clients/Registration/select_status' 

2018-10-12 13:56:52 - [MESSAGE][PASSED] - All options with value '1' are selected in object 'Object Repository/Backoffice/Clients/Registration/select_status' 

2018-10-12 13:56:52 - [TEST_STEP][PASSED] - delay: Delayed 2 second(s)

2018-10-12 13:56:54 - [MESSAGE][PASSED] - Delayed 2 second(s)

2018-10-12 13:56:54 - [TEST_STEP][PASSED] - click: Object: 'Object Repository/Backoffice/Clients/Registration/button_Submit' is clicked on

2018-10-12 13:56:55 - [MESSAGE][PASSED] - Object: 'Object Repository/Backoffice/Clients/Registration/button_Submit' is clicked on

2018-10-12 13:56:55 - [TEST_STEP][PASSED] - delay: Delayed 2 second(s)

2018-10-12 13:56:57 - [MESSAGE][PASSED] - Delayed 2 second(s)]]></system-out>
         <system-err><![CDATA[]]></system-err>
      </testcase>
      <testcase name="Test Cases/Backoffice/RegisterAccount" classname="Test Cases/Backoffice/RegisterAccount" status="PASSED">
         <system-out><![CDATA[2018-10-12 13:56:57 - [TEST_CASE][PASSED] - Test Cases/Backoffice/RegisterAccount: Test Cases/Backoffice/RegisterAccount

2018-10-12 13:56:57 - [TEST_STEP][PASSED] - focus: Object: 'Object Repository/Backoffice/Clients/Clients' is focused

2018-10-12 13:56:57 - [MESSAGE][PASSED] - Object: 'Object Repository/Backoffice/Clients/Clients' is focused

2018-10-12 13:56:57 - [TEST_STEP][PASSED] - verifyElementPresent: Object 'Object Repository/Backoffice/Clients/Client Registration' is present

2018-10-12 13:56:57 - [MESSAGE][PASSED] - Object 'Object Repository/Backoffice/Clients/Client Registration' is present

2018-10-12 13:56:57 - [TEST_STEP][PASSED] - click: Object: 'Object Repository/Backoffice/Clients/Client Registration' is clicked on

2018-10-12 13:56:58 - [MESSAGE][PASSED] - Object: 'Object Repository/Backoffice/Clients/Client Registration' is clicked on

2018-10-12 13:56:58 - [TEST_STEP][PASSED] - setText: Text 'joinjungle' is set on object 'Object Repository/Backoffice/Clients/Registration/input_username'

2018-10-12 13:56:58 - [MESSAGE][PASSED] - Text 'joinjungle' is set on object 'Object Repository/Backoffice/Clients/Registration/input_username'

2018-10-12 13:56:58 - [TEST_STEP][PASSED] - setText: Text '123123' is set on object 'Object Repository/Backoffice/Clients/Registration/input_password'

2018-10-12 13:56:58 - [MESSAGE][PASSED] - Text '123123' is set on object 'Object Repository/Backoffice/Clients/Registration/input_password'

2018-10-12 13:56:58 - [TEST_STEP][PASSED] - setText: Text '123123' is set on object 'Object Repository/Backoffice/Clients/Registration/input_confirmp'

2018-10-12 13:56:58 - [MESSAGE][PASSED] - Text '123123' is set on object 'Object Repository/Backoffice/Clients/Registration/input_confirmp'

2018-10-12 13:56:58 - [TEST_STEP][PASSED] - selectOptionByValue: All options with value 'test' are selected in object 'Object Repository/Backoffice/Clients/Registration/select_operatorcode' 

2018-10-12 13:56:59 - [MESSAGE][PASSED] - All options with value 'test' are selected in object 'Object Repository/Backoffice/Clients/Registration/select_operatorcode' 

2018-10-12 13:56:59 - [TEST_STEP][PASSED] - selectOptionByValue: All options with value '1' are selected in object 'Object Repository/Backoffice/Clients/Registration/select_status' 

2018-10-12 13:56:59 - [MESSAGE][PASSED] - All options with value '1' are selected in object 'Object Repository/Backoffice/Clients/Registration/select_status' 

2018-10-12 13:56:59 - [TEST_STEP][PASSED] - delay: Delayed 2 second(s)

2018-10-12 13:57:01 - [MESSAGE][PASSED] - Delayed 2 second(s)

2018-10-12 13:57:01 - [TEST_STEP][PASSED] - click: Object: 'Object Repository/Backoffice/Clients/Registration/button_Submit' is clicked on

2018-10-12 13:57:02 - [MESSAGE][PASSED] - Object: 'Object Repository/Backoffice/Clients/Registration/button_Submit' is clicked on

2018-10-12 13:57:02 - [TEST_STEP][PASSED] - delay: Delayed 2 second(s)

2018-10-12 13:57:04 - [MESSAGE][PASSED] - Delayed 2 second(s)]]></system-out>
         <system-err><![CDATA[]]></system-err>
      </testcase>
      <testcase name="Test Cases/Backoffice/RegisterAccount" classname="Test Cases/Backoffice/RegisterAccount" status="PASSED">
         <system-out><![CDATA[2018-10-12 13:57:04 - [TEST_CASE][PASSED] - Test Cases/Backoffice/RegisterAccount: Test Cases/Backoffice/RegisterAccount

2018-10-12 13:57:04 - [TEST_STEP][PASSED] - focus: Object: 'Object Repository/Backoffice/Clients/Clients' is focused

2018-10-12 13:57:04 - [MESSAGE][PASSED] - Object: 'Object Repository/Backoffice/Clients/Clients' is focused

2018-10-12 13:57:04 - [TEST_STEP][PASSED] - verifyElementPresent: Object 'Object Repository/Backoffice/Clients/Client Registration' is present

2018-10-12 13:57:04 - [MESSAGE][PASSED] - Object 'Object Repository/Backoffice/Clients/Client Registration' is present

2018-10-12 13:57:04 - [TEST_STEP][PASSED] - click: Object: 'Object Repository/Backoffice/Clients/Client Registration' is clicked on

2018-10-12 13:57:05 - [MESSAGE][PASSED] - Object: 'Object Repository/Backoffice/Clients/Client Registration' is clicked on

2018-10-12 13:57:05 - [TEST_STEP][PASSED] - setText: Text 'jorsejealous' is set on object 'Object Repository/Backoffice/Clients/Registration/input_username'

2018-10-12 13:57:06 - [MESSAGE][PASSED] - Text 'jorsejealous' is set on object 'Object Repository/Backoffice/Clients/Registration/input_username'

2018-10-12 13:57:06 - [TEST_STEP][PASSED] - setText: Text '123123' is set on object 'Object Repository/Backoffice/Clients/Registration/input_password'

2018-10-12 13:57:06 - [MESSAGE][PASSED] - Text '123123' is set on object 'Object Repository/Backoffice/Clients/Registration/input_password'

2018-10-12 13:57:06 - [TEST_STEP][PASSED] - setText: Text '123123' is set on object 'Object Repository/Backoffice/Clients/Registration/input_confirmp'

2018-10-12 13:57:06 - [MESSAGE][PASSED] - Text '123123' is set on object 'Object Repository/Backoffice/Clients/Registration/input_confirmp'

2018-10-12 13:57:06 - [TEST_STEP][PASSED] - selectOptionByValue: All options with value 'test' are selected in object 'Object Repository/Backoffice/Clients/Registration/select_operatorcode' 

2018-10-12 13:57:06 - [MESSAGE][PASSED] - All options with value 'test' are selected in object 'Object Repository/Backoffice/Clients/Registration/select_operatorcode' 

2018-10-12 13:57:06 - [TEST_STEP][PASSED] - selectOptionByValue: All options with value '1' are selected in object 'Object Repository/Backoffice/Clients/Registration/select_status' 

2018-10-12 13:57:06 - [MESSAGE][PASSED] - All options with value '1' are selected in object 'Object Repository/Backoffice/Clients/Registration/select_status' 

2018-10-12 13:57:06 - [TEST_STEP][PASSED] - delay: Delayed 2 second(s)

2018-10-12 13:57:08 - [MESSAGE][PASSED] - Delayed 2 second(s)

2018-10-12 13:57:08 - [TEST_STEP][PASSED] - click: Object: 'Object Repository/Backoffice/Clients/Registration/button_Submit' is clicked on

2018-10-12 13:57:09 - [MESSAGE][PASSED] - Object: 'Object Repository/Backoffice/Clients/Registration/button_Submit' is clicked on

2018-10-12 13:57:09 - [TEST_STEP][PASSED] - delay: Delayed 2 second(s)

2018-10-12 13:57:11 - [MESSAGE][PASSED] - Delayed 2 second(s)]]></system-out>
         <system-err><![CDATA[]]></system-err>
      </testcase>
      <testcase name="Test Cases/Backoffice/RegisterAccount" classname="Test Cases/Backoffice/RegisterAccount" status="PASSED">
         <system-out><![CDATA[2018-10-12 13:57:11 - [TEST_CASE][PASSED] - Test Cases/Backoffice/RegisterAccount: Test Cases/Backoffice/RegisterAccount

2018-10-12 13:57:12 - [TEST_STEP][PASSED] - focus: Object: 'Object Repository/Backoffice/Clients/Clients' is focused

2018-10-12 13:57:12 - [MESSAGE][PASSED] - Object: 'Object Repository/Backoffice/Clients/Clients' is focused

2018-10-12 13:57:12 - [TEST_STEP][PASSED] - verifyElementPresent: Object 'Object Repository/Backoffice/Clients/Client Registration' is present

2018-10-12 13:57:12 - [MESSAGE][PASSED] - Object 'Object Repository/Backoffice/Clients/Client Registration' is present

2018-10-12 13:57:12 - [TEST_STEP][PASSED] - click: Object: 'Object Repository/Backoffice/Clients/Client Registration' is clicked on

2018-10-12 13:57:13 - [MESSAGE][PASSED] - Object: 'Object Repository/Backoffice/Clients/Client Registration' is clicked on

2018-10-12 13:57:13 - [TEST_STEP][PASSED] - setText: Text 'juddingjre' is set on object 'Object Repository/Backoffice/Clients/Registration/input_username'

2018-10-12 13:57:13 - [MESSAGE][PASSED] - Text 'juddingjre' is set on object 'Object Repository/Backoffice/Clients/Registration/input_username'

2018-10-12 13:57:13 - [TEST_STEP][PASSED] - setText: Text '123123' is set on object 'Object Repository/Backoffice/Clients/Registration/input_password'

2018-10-12 13:57:14 - [MESSAGE][PASSED] - Text '123123' is set on object 'Object Repository/Backoffice/Clients/Registration/input_password'

2018-10-12 13:57:14 - [TEST_STEP][PASSED] - setText: Text '123123' is set on object 'Object Repository/Backoffice/Clients/Registration/input_confirmp'

2018-10-12 13:57:14 - [MESSAGE][PASSED] - Text '123123' is set on object 'Object Repository/Backoffice/Clients/Registration/input_confirmp'

2018-10-12 13:57:14 - [TEST_STEP][PASSED] - selectOptionByValue: All options with value 'test' are selected in object 'Object Repository/Backoffice/Clients/Registration/select_operatorcode' 

2018-10-12 13:57:14 - [MESSAGE][PASSED] - All options with value 'test' are selected in object 'Object Repository/Backoffice/Clients/Registration/select_operatorcode' 

2018-10-12 13:57:14 - [TEST_STEP][PASSED] - selectOptionByValue: All options with value '1' are selected in object 'Object Repository/Backoffice/Clients/Registration/select_status' 

2018-10-12 13:57:14 - [MESSAGE][PASSED] - All options with value '1' are selected in object 'Object Repository/Backoffice/Clients/Registration/select_status' 

2018-10-12 13:57:14 - [TEST_STEP][PASSED] - delay: Delayed 2 second(s)

2018-10-12 13:57:16 - [MESSAGE][PASSED] - Delayed 2 second(s)

2018-10-12 13:57:16 - [TEST_STEP][PASSED] - click: Object: 'Object Repository/Backoffice/Clients/Registration/button_Submit' is clicked on

2018-10-12 13:57:18 - [MESSAGE][PASSED] - Object: 'Object Repository/Backoffice/Clients/Registration/button_Submit' is clicked on

2018-10-12 13:57:18 - [TEST_STEP][PASSED] - delay: Delayed 2 second(s)

2018-10-12 13:57:20 - [MESSAGE][PASSED] - Delayed 2 second(s)]]></system-out>
         <system-err><![CDATA[]]></system-err>
      </testcase>
      <testcase name="Test Cases/Backoffice/RegisterAccount" classname="Test Cases/Backoffice/RegisterAccount" status="PASSED">
         <system-out><![CDATA[2018-10-12 13:57:20 - [TEST_CASE][PASSED] - Test Cases/Backoffice/RegisterAccount: Test Cases/Backoffice/RegisterAccount

2018-10-12 13:57:20 - [TEST_STEP][PASSED] - focus: Object: 'Object Repository/Backoffice/Clients/Clients' is focused

2018-10-12 13:57:20 - [MESSAGE][PASSED] - Object: 'Object Repository/Backoffice/Clients/Clients' is focused

2018-10-12 13:57:20 - [TEST_STEP][PASSED] - verifyElementPresent: Object 'Object Repository/Backoffice/Clients/Client Registration' is present

2018-10-12 13:57:20 - [MESSAGE][PASSED] - Object 'Object Repository/Backoffice/Clients/Client Registration' is present

2018-10-12 13:57:20 - [TEST_STEP][PASSED] - click: Object: 'Object Repository/Backoffice/Clients/Client Registration' is clicked on

2018-10-12 13:57:21 - [MESSAGE][PASSED] - Object: 'Object Repository/Backoffice/Clients/Client Registration' is clicked on

2018-10-12 13:57:21 - [TEST_STEP][PASSED] - setText: Text 'junnyjumping' is set on object 'Object Repository/Backoffice/Clients/Registration/input_username'

2018-10-12 13:57:21 - [MESSAGE][PASSED] - Text 'junnyjumping' is set on object 'Object Repository/Backoffice/Clients/Registration/input_username'

2018-10-12 13:57:21 - [TEST_STEP][PASSED] - setText: Text '123123' is set on object 'Object Repository/Backoffice/Clients/Registration/input_password'

2018-10-12 13:57:21 - [MESSAGE][PASSED] - Text '123123' is set on object 'Object Repository/Backoffice/Clients/Registration/input_password'

2018-10-12 13:57:21 - [TEST_STEP][PASSED] - setText: Text '123123' is set on object 'Object Repository/Backoffice/Clients/Registration/input_confirmp'

2018-10-12 13:57:21 - [MESSAGE][PASSED] - Text '123123' is set on object 'Object Repository/Backoffice/Clients/Registration/input_confirmp'

2018-10-12 13:57:21 - [TEST_STEP][PASSED] - selectOptionByValue: All options with value 'test' are selected in object 'Object Repository/Backoffice/Clients/Registration/select_operatorcode' 

2018-10-12 13:57:22 - [MESSAGE][PASSED] - All options with value 'test' are selected in object 'Object Repository/Backoffice/Clients/Registration/select_operatorcode' 

2018-10-12 13:57:22 - [TEST_STEP][PASSED] - selectOptionByValue: All options with value '1' are selected in object 'Object Repository/Backoffice/Clients/Registration/select_status' 

2018-10-12 13:57:22 - [MESSAGE][PASSED] - All options with value '1' are selected in object 'Object Repository/Backoffice/Clients/Registration/select_status' 

2018-10-12 13:57:22 - [TEST_STEP][PASSED] - delay: Delayed 2 second(s)

2018-10-12 13:57:24 - [MESSAGE][PASSED] - Delayed 2 second(s)

2018-10-12 13:57:24 - [TEST_STEP][PASSED] - click: Object: 'Object Repository/Backoffice/Clients/Registration/button_Submit' is clicked on

2018-10-12 13:57:26 - [MESSAGE][PASSED] - Object: 'Object Repository/Backoffice/Clients/Registration/button_Submit' is clicked on

2018-10-12 13:57:26 - [TEST_STEP][PASSED] - delay: Delayed 2 second(s)

2018-10-12 13:57:28 - [MESSAGE][PASSED] - Delayed 2 second(s)]]></system-out>
         <system-err><![CDATA[]]></system-err>
      </testcase>
      <testcase name="Test Cases/Backoffice/RegisterAccount" classname="Test Cases/Backoffice/RegisterAccount" status="PASSED">
         <system-out><![CDATA[2018-10-12 13:57:28 - [TEST_CASE][PASSED] - Test Cases/Backoffice/RegisterAccount: Test Cases/Backoffice/RegisterAccount

2018-10-12 13:57:28 - [TEST_STEP][PASSED] - focus: Object: 'Object Repository/Backoffice/Clients/Clients' is focused

2018-10-12 13:57:28 - [MESSAGE][PASSED] - Object: 'Object Repository/Backoffice/Clients/Clients' is focused

2018-10-12 13:57:28 - [TEST_STEP][PASSED] - verifyElementPresent: Object 'Object Repository/Backoffice/Clients/Client Registration' is present

2018-10-12 13:57:28 - [MESSAGE][PASSED] - Object 'Object Repository/Backoffice/Clients/Client Registration' is present

2018-10-12 13:57:28 - [TEST_STEP][PASSED] - click: Object: 'Object Repository/Backoffice/Clients/Client Registration' is clicked on

2018-10-12 13:57:29 - [MESSAGE][PASSED] - Object: 'Object Repository/Backoffice/Clients/Client Registration' is clicked on

2018-10-12 13:57:29 - [TEST_STEP][PASSED] - setText: Text 'jibboomjerky' is set on object 'Object Repository/Backoffice/Clients/Registration/input_username'

2018-10-12 13:57:30 - [MESSAGE][PASSED] - Text 'jibboomjerky' is set on object 'Object Repository/Backoffice/Clients/Registration/input_username'

2018-10-12 13:57:30 - [TEST_STEP][PASSED] - setText: Text '123123' is set on object 'Object Repository/Backoffice/Clients/Registration/input_password'

2018-10-12 13:57:30 - [MESSAGE][PASSED] - Text '123123' is set on object 'Object Repository/Backoffice/Clients/Registration/input_password'

2018-10-12 13:57:30 - [TEST_STEP][PASSED] - setText: Text '123123' is set on object 'Object Repository/Backoffice/Clients/Registration/input_confirmp'

2018-10-12 13:57:31 - [MESSAGE][PASSED] - Text '123123' is set on object 'Object Repository/Backoffice/Clients/Registration/input_confirmp'

2018-10-12 13:57:31 - [TEST_STEP][PASSED] - selectOptionByValue: All options with value 'test' are selected in object 'Object Repository/Backoffice/Clients/Registration/select_operatorcode' 

2018-10-12 13:57:31 - [MESSAGE][PASSED] - All options with value 'test' are selected in object 'Object Repository/Backoffice/Clients/Registration/select_operatorcode' 

2018-10-12 13:57:31 - [TEST_STEP][PASSED] - selectOptionByValue: All options with value '1' are selected in object 'Object Repository/Backoffice/Clients/Registration/select_status' 

2018-10-12 13:57:31 - [MESSAGE][PASSED] - All options with value '1' are selected in object 'Object Repository/Backoffice/Clients/Registration/select_status' 

2018-10-12 13:57:31 - [TEST_STEP][PASSED] - delay: Delayed 2 second(s)

2018-10-12 13:57:33 - [MESSAGE][PASSED] - Delayed 2 second(s)

2018-10-12 13:57:33 - [TEST_STEP][PASSED] - click: Object: 'Object Repository/Backoffice/Clients/Registration/button_Submit' is clicked on

2018-10-12 13:57:35 - [MESSAGE][PASSED] - Object: 'Object Repository/Backoffice/Clients/Registration/button_Submit' is clicked on

2018-10-12 13:57:35 - [TEST_STEP][PASSED] - delay: Delayed 2 second(s)

2018-10-12 13:57:37 - [MESSAGE][PASSED] - Delayed 2 second(s)]]></system-out>
         <system-err><![CDATA[]]></system-err>
      </testcase>
      <testcase name="Test Cases/Backoffice/RegisterAccount" classname="Test Cases/Backoffice/RegisterAccount" status="PASSED">
         <system-out><![CDATA[2018-10-12 13:57:37 - [TEST_CASE][PASSED] - Test Cases/Backoffice/RegisterAccount: Test Cases/Backoffice/RegisterAccount

2018-10-12 13:57:37 - [TEST_STEP][PASSED] - focus: Object: 'Object Repository/Backoffice/Clients/Clients' is focused

2018-10-12 13:57:37 - [MESSAGE][PASSED] - Object: 'Object Repository/Backoffice/Clients/Clients' is focused

2018-10-12 13:57:37 - [TEST_STEP][PASSED] - verifyElementPresent: Object 'Object Repository/Backoffice/Clients/Client Registration' is present

2018-10-12 13:57:37 - [MESSAGE][PASSED] - Object 'Object Repository/Backoffice/Clients/Client Registration' is present

2018-10-12 13:57:37 - [TEST_STEP][PASSED] - click: Object: 'Object Repository/Backoffice/Clients/Client Registration' is clicked on

2018-10-12 13:57:38 - [MESSAGE][PASSED] - Object: 'Object Repository/Backoffice/Clients/Client Registration' is clicked on

2018-10-12 13:57:38 - [TEST_STEP][PASSED] - setText: Text 'jeansjedi' is set on object 'Object Repository/Backoffice/Clients/Registration/input_username'

2018-10-12 13:57:38 - [MESSAGE][PASSED] - Text 'jeansjedi' is set on object 'Object Repository/Backoffice/Clients/Registration/input_username'

2018-10-12 13:57:38 - [TEST_STEP][PASSED] - setText: Text '123123' is set on object 'Object Repository/Backoffice/Clients/Registration/input_password'

2018-10-12 13:57:38 - [MESSAGE][PASSED] - Text '123123' is set on object 'Object Repository/Backoffice/Clients/Registration/input_password'

2018-10-12 13:57:38 - [TEST_STEP][PASSED] - setText: Text '123123' is set on object 'Object Repository/Backoffice/Clients/Registration/input_confirmp'

2018-10-12 13:57:39 - [MESSAGE][PASSED] - Text '123123' is set on object 'Object Repository/Backoffice/Clients/Registration/input_confirmp'

2018-10-12 13:57:39 - [TEST_STEP][PASSED] - selectOptionByValue: All options with value 'test' are selected in object 'Object Repository/Backoffice/Clients/Registration/select_operatorcode' 

2018-10-12 13:57:39 - [MESSAGE][PASSED] - All options with value 'test' are selected in object 'Object Repository/Backoffice/Clients/Registration/select_operatorcode' 

2018-10-12 13:57:39 - [TEST_STEP][PASSED] - selectOptionByValue: All options with value '1' are selected in object 'Object Repository/Backoffice/Clients/Registration/select_status' 

2018-10-12 13:57:39 - [MESSAGE][PASSED] - All options with value '1' are selected in object 'Object Repository/Backoffice/Clients/Registration/select_status' 

2018-10-12 13:57:39 - [TEST_STEP][PASSED] - delay: Delayed 2 second(s)

2018-10-12 13:57:41 - [MESSAGE][PASSED] - Delayed 2 second(s)

2018-10-12 13:57:41 - [TEST_STEP][PASSED] - click: Object: 'Object Repository/Backoffice/Clients/Registration/button_Submit' is clicked on

2018-10-12 13:57:42 - [MESSAGE][PASSED] - Object: 'Object Repository/Backoffice/Clients/Registration/button_Submit' is clicked on

2018-10-12 13:57:42 - [TEST_STEP][PASSED] - delay: Delayed 2 second(s)

2018-10-12 13:57:44 - [MESSAGE][PASSED] - Delayed 2 second(s)]]></system-out>
         <system-err><![CDATA[]]></system-err>
      </testcase>
      <testcase name="Test Cases/Backoffice/RegisterAccount" classname="Test Cases/Backoffice/RegisterAccount" status="PASSED">
         <system-out><![CDATA[2018-10-12 13:57:44 - [TEST_CASE][PASSED] - Test Cases/Backoffice/RegisterAccount: Test Cases/Backoffice/RegisterAccount

2018-10-12 13:57:44 - [TEST_STEP][PASSED] - focus: Object: 'Object Repository/Backoffice/Clients/Clients' is focused

2018-10-12 13:57:44 - [MESSAGE][PASSED] - Object: 'Object Repository/Backoffice/Clients/Clients' is focused

2018-10-12 13:57:44 - [TEST_STEP][PASSED] - verifyElementPresent: Object 'Object Repository/Backoffice/Clients/Client Registration' is present

2018-10-12 13:57:44 - [MESSAGE][PASSED] - Object 'Object Repository/Backoffice/Clients/Client Registration' is present

2018-10-12 13:57:44 - [TEST_STEP][PASSED] - click: Object: 'Object Repository/Backoffice/Clients/Client Registration' is clicked on

2018-10-12 13:57:45 - [MESSAGE][PASSED] - Object: 'Object Repository/Backoffice/Clients/Client Registration' is clicked on

2018-10-12 13:57:45 - [TEST_STEP][PASSED] - setText: Text 'jinnedjack' is set on object 'Object Repository/Backoffice/Clients/Registration/input_username'

2018-10-12 13:57:45 - [MESSAGE][PASSED] - Text 'jinnedjack' is set on object 'Object Repository/Backoffice/Clients/Registration/input_username'

2018-10-12 13:57:45 - [TEST_STEP][PASSED] - setText: Text '123123' is set on object 'Object Repository/Backoffice/Clients/Registration/input_password'

2018-10-12 13:57:45 - [MESSAGE][PASSED] - Text '123123' is set on object 'Object Repository/Backoffice/Clients/Registration/input_password'

2018-10-12 13:57:45 - [TEST_STEP][PASSED] - setText: Text '123123' is set on object 'Object Repository/Backoffice/Clients/Registration/input_confirmp'

2018-10-12 13:57:45 - [MESSAGE][PASSED] - Text '123123' is set on object 'Object Repository/Backoffice/Clients/Registration/input_confirmp'

2018-10-12 13:57:45 - [TEST_STEP][PASSED] - selectOptionByValue: All options with value 'test' are selected in object 'Object Repository/Backoffice/Clients/Registration/select_operatorcode' 

2018-10-12 13:57:46 - [MESSAGE][PASSED] - All options with value 'test' are selected in object 'Object Repository/Backoffice/Clients/Registration/select_operatorcode' 

2018-10-12 13:57:46 - [TEST_STEP][PASSED] - selectOptionByValue: All options with value '1' are selected in object 'Object Repository/Backoffice/Clients/Registration/select_status' 

2018-10-12 13:57:46 - [MESSAGE][PASSED] - All options with value '1' are selected in object 'Object Repository/Backoffice/Clients/Registration/select_status' 

2018-10-12 13:57:46 - [TEST_STEP][PASSED] - delay: Delayed 2 second(s)

2018-10-12 13:57:48 - [MESSAGE][PASSED] - Delayed 2 second(s)

2018-10-12 13:57:48 - [TEST_STEP][PASSED] - click: Object: 'Object Repository/Backoffice/Clients/Registration/button_Submit' is clicked on

2018-10-12 13:57:49 - [MESSAGE][PASSED] - Object: 'Object Repository/Backoffice/Clients/Registration/button_Submit' is clicked on

2018-10-12 13:57:49 - [TEST_STEP][PASSED] - delay: Delayed 2 second(s)

2018-10-12 13:57:51 - [MESSAGE][PASSED] - Delayed 2 second(s)]]></system-out>
         <system-err><![CDATA[]]></system-err>
      </testcase>
      <testcase name="Test Cases/Backoffice/RegisterAccount" classname="Test Cases/Backoffice/RegisterAccount" status="PASSED">
         <system-out><![CDATA[2018-10-12 13:57:51 - [TEST_CASE][PASSED] - Test Cases/Backoffice/RegisterAccount: Test Cases/Backoffice/RegisterAccount

2018-10-12 13:57:51 - [TEST_STEP][PASSED] - focus: Object: 'Object Repository/Backoffice/Clients/Clients' is focused

2018-10-12 13:57:51 - [MESSAGE][PASSED] - Object: 'Object Repository/Backoffice/Clients/Clients' is focused

2018-10-12 13:57:51 - [TEST_STEP][PASSED] - verifyElementPresent: Object 'Object Repository/Backoffice/Clients/Client Registration' is present

2018-10-12 13:57:51 - [MESSAGE][PASSED] - Object 'Object Repository/Backoffice/Clients/Client Registration' is present

2018-10-12 13:57:51 - [TEST_STEP][PASSED] - click: Object: 'Object Repository/Backoffice/Clients/Client Registration' is clicked on

2018-10-12 13:57:52 - [MESSAGE][PASSED] - Object: 'Object Repository/Backoffice/Clients/Client Registration' is clicked on

2018-10-12 13:57:52 - [TEST_STEP][PASSED] - setText: Text 'jappinessjackberry' is set on object 'Object Repository/Backoffice/Clients/Registration/input_username'

2018-10-12 13:57:52 - [MESSAGE][PASSED] - Text 'jappinessjackberry' is set on object 'Object Repository/Backoffice/Clients/Registration/input_username'

2018-10-12 13:57:52 - [TEST_STEP][PASSED] - setText: Text '123123' is set on object 'Object Repository/Backoffice/Clients/Registration/input_password'

2018-10-12 13:57:52 - [MESSAGE][PASSED] - Text '123123' is set on object 'Object Repository/Backoffice/Clients/Registration/input_password'

2018-10-12 13:57:52 - [TEST_STEP][PASSED] - setText: Text '123123' is set on object 'Object Repository/Backoffice/Clients/Registration/input_confirmp'

2018-10-12 13:57:52 - [MESSAGE][PASSED] - Text '123123' is set on object 'Object Repository/Backoffice/Clients/Registration/input_confirmp'

2018-10-12 13:57:52 - [TEST_STEP][PASSED] - selectOptionByValue: All options with value 'test' are selected in object 'Object Repository/Backoffice/Clients/Registration/select_operatorcode' 

2018-10-12 13:57:53 - [MESSAGE][PASSED] - All options with value 'test' are selected in object 'Object Repository/Backoffice/Clients/Registration/select_operatorcode' 

2018-10-12 13:57:53 - [TEST_STEP][PASSED] - selectOptionByValue: All options with value '1' are selected in object 'Object Repository/Backoffice/Clients/Registration/select_status' 

2018-10-12 13:57:53 - [MESSAGE][PASSED] - All options with value '1' are selected in object 'Object Repository/Backoffice/Clients/Registration/select_status' 

2018-10-12 13:57:53 - [TEST_STEP][PASSED] - delay: Delayed 2 second(s)

2018-10-12 13:57:55 - [MESSAGE][PASSED] - Delayed 2 second(s)

2018-10-12 13:57:55 - [TEST_STEP][PASSED] - click: Object: 'Object Repository/Backoffice/Clients/Registration/button_Submit' is clicked on

2018-10-12 13:57:56 - [MESSAGE][PASSED] - Object: 'Object Repository/Backoffice/Clients/Registration/button_Submit' is clicked on

2018-10-12 13:57:56 - [TEST_STEP][PASSED] - delay: Delayed 2 second(s)

2018-10-12 13:57:58 - [MESSAGE][PASSED] - Delayed 2 second(s)]]></system-out>
         <system-err><![CDATA[]]></system-err>
      </testcase>
      <testcase name="Test Cases/Backoffice/RegisterAccount" classname="Test Cases/Backoffice/RegisterAccount" status="PASSED">
         <system-out><![CDATA[2018-10-12 13:57:58 - [TEST_CASE][PASSED] - Test Cases/Backoffice/RegisterAccount: Test Cases/Backoffice/RegisterAccount

2018-10-12 13:57:58 - [TEST_STEP][PASSED] - focus: Object: 'Object Repository/Backoffice/Clients/Clients' is focused

2018-10-12 13:57:58 - [MESSAGE][PASSED] - Object: 'Object Repository/Backoffice/Clients/Clients' is focused

2018-10-12 13:57:58 - [TEST_STEP][PASSED] - verifyElementPresent: Object 'Object Repository/Backoffice/Clients/Client Registration' is present

2018-10-12 13:57:58 - [MESSAGE][PASSED] - Object 'Object Repository/Backoffice/Clients/Client Registration' is present

2018-10-12 13:57:58 - [TEST_STEP][PASSED] - click: Object: 'Object Repository/Backoffice/Clients/Client Registration' is clicked on

2018-10-12 13:57:59 - [MESSAGE][PASSED] - Object: 'Object Repository/Backoffice/Clients/Client Registration' is clicked on

2018-10-12 13:57:59 - [TEST_STEP][PASSED] - setText: Text 'junningjackrabbit' is set on object 'Object Repository/Backoffice/Clients/Registration/input_username'

2018-10-12 13:57:59 - [MESSAGE][PASSED] - Text 'junningjackrabbit' is set on object 'Object Repository/Backoffice/Clients/Registration/input_username'

2018-10-12 13:57:59 - [TEST_STEP][PASSED] - setText: Text '123123' is set on object 'Object Repository/Backoffice/Clients/Registration/input_password'

2018-10-12 13:57:59 - [MESSAGE][PASSED] - Text '123123' is set on object 'Object Repository/Backoffice/Clients/Registration/input_password'

2018-10-12 13:57:59 - [TEST_STEP][PASSED] - setText: Text '123123' is set on object 'Object Repository/Backoffice/Clients/Registration/input_confirmp'

2018-10-12 13:57:59 - [MESSAGE][PASSED] - Text '123123' is set on object 'Object Repository/Backoffice/Clients/Registration/input_confirmp'

2018-10-12 13:57:59 - [TEST_STEP][PASSED] - selectOptionByValue: All options with value 'test' are selected in object 'Object Repository/Backoffice/Clients/Registration/select_operatorcode' 

2018-10-12 13:57:59 - [MESSAGE][PASSED] - All options with value 'test' are selected in object 'Object Repository/Backoffice/Clients/Registration/select_operatorcode' 

2018-10-12 13:58:00 - [TEST_STEP][PASSED] - selectOptionByValue: All options with value '1' are selected in object 'Object Repository/Backoffice/Clients/Registration/select_status' 

2018-10-12 13:58:00 - [MESSAGE][PASSED] - All options with value '1' are selected in object 'Object Repository/Backoffice/Clients/Registration/select_status' 

2018-10-12 13:58:00 - [TEST_STEP][PASSED] - delay: Delayed 2 second(s)

2018-10-12 13:58:02 - [MESSAGE][PASSED] - Delayed 2 second(s)

2018-10-12 13:58:02 - [TEST_STEP][PASSED] - click: Object: 'Object Repository/Backoffice/Clients/Registration/button_Submit' is clicked on

2018-10-12 13:58:03 - [MESSAGE][PASSED] - Object: 'Object Repository/Backoffice/Clients/Registration/button_Submit' is clicked on

2018-10-12 13:58:03 - [TEST_STEP][PASSED] - delay: Delayed 2 second(s)

2018-10-12 13:58:05 - [MESSAGE][PASSED] - Delayed 2 second(s)]]></system-out>
         <system-err><![CDATA[]]></system-err>
      </testcase>
      <testcase name="Test Cases/Backoffice/RegisterAccount" classname="Test Cases/Backoffice/RegisterAccount" status="PASSED">
         <system-out><![CDATA[2018-10-12 13:58:05 - [TEST_CASE][PASSED] - Test Cases/Backoffice/RegisterAccount: Test Cases/Backoffice/RegisterAccount

2018-10-12 13:58:05 - [TEST_STEP][PASSED] - focus: Object: 'Object Repository/Backoffice/Clients/Clients' is focused

2018-10-12 13:58:06 - [MESSAGE][PASSED] - Object: 'Object Repository/Backoffice/Clients/Clients' is focused

2018-10-12 13:58:06 - [TEST_STEP][PASSED] - verifyElementPresent: Object 'Object Repository/Backoffice/Clients/Client Registration' is present

2018-10-12 13:58:06 - [MESSAGE][PASSED] - Object 'Object Repository/Backoffice/Clients/Client Registration' is present

2018-10-12 13:58:06 - [TEST_STEP][PASSED] - click: Object: 'Object Repository/Backoffice/Clients/Client Registration' is clicked on

2018-10-12 13:58:06 - [MESSAGE][PASSED] - Object: 'Object Repository/Backoffice/Clients/Client Registration' is clicked on

2018-10-12 13:58:06 - [TEST_STEP][PASSED] - setText: Text 'jackassjug' is set on object 'Object Repository/Backoffice/Clients/Registration/input_username'

2018-10-12 13:58:06 - [MESSAGE][PASSED] - Text 'jackassjug' is set on object 'Object Repository/Backoffice/Clients/Registration/input_username'

2018-10-12 13:58:06 - [TEST_STEP][PASSED] - setText: Text '123123' is set on object 'Object Repository/Backoffice/Clients/Registration/input_password'

2018-10-12 13:58:06 - [MESSAGE][PASSED] - Text '123123' is set on object 'Object Repository/Backoffice/Clients/Registration/input_password'

2018-10-12 13:58:06 - [TEST_STEP][PASSED] - setText: Text '123123' is set on object 'Object Repository/Backoffice/Clients/Registration/input_confirmp'

2018-10-12 13:58:07 - [MESSAGE][PASSED] - Text '123123' is set on object 'Object Repository/Backoffice/Clients/Registration/input_confirmp'

2018-10-12 13:58:07 - [TEST_STEP][PASSED] - selectOptionByValue: All options with value 'test' are selected in object 'Object Repository/Backoffice/Clients/Registration/select_operatorcode' 

2018-10-12 13:58:07 - [MESSAGE][PASSED] - All options with value 'test' are selected in object 'Object Repository/Backoffice/Clients/Registration/select_operatorcode' 

2018-10-12 13:58:07 - [TEST_STEP][PASSED] - selectOptionByValue: All options with value '1' are selected in object 'Object Repository/Backoffice/Clients/Registration/select_status' 

2018-10-12 13:58:07 - [MESSAGE][PASSED] - All options with value '1' are selected in object 'Object Repository/Backoffice/Clients/Registration/select_status' 

2018-10-12 13:58:07 - [TEST_STEP][PASSED] - delay: Delayed 2 second(s)

2018-10-12 13:58:09 - [MESSAGE][PASSED] - Delayed 2 second(s)

2018-10-12 13:58:09 - [TEST_STEP][PASSED] - click: Object: 'Object Repository/Backoffice/Clients/Registration/button_Submit' is clicked on

2018-10-12 13:58:10 - [MESSAGE][PASSED] - Object: 'Object Repository/Backoffice/Clients/Registration/button_Submit' is clicked on

2018-10-12 13:58:10 - [TEST_STEP][PASSED] - delay: Delayed 2 second(s)

2018-10-12 13:58:12 - [MESSAGE][PASSED] - Delayed 2 second(s)]]></system-out>
         <system-err><![CDATA[]]></system-err>
      </testcase>
      <testcase name="Test Cases/Backoffice/RegisterAccount" classname="Test Cases/Backoffice/RegisterAccount" status="PASSED">
         <system-out><![CDATA[2018-10-12 13:58:12 - [TEST_CASE][PASSED] - Test Cases/Backoffice/RegisterAccount: Test Cases/Backoffice/RegisterAccount

2018-10-12 13:58:12 - [TEST_STEP][PASSED] - focus: Object: 'Object Repository/Backoffice/Clients/Clients' is focused

2018-10-12 13:58:12 - [MESSAGE][PASSED] - Object: 'Object Repository/Backoffice/Clients/Clients' is focused

2018-10-12 13:58:12 - [TEST_STEP][PASSED] - verifyElementPresent: Object 'Object Repository/Backoffice/Clients/Client Registration' is present

2018-10-12 13:58:12 - [MESSAGE][PASSED] - Object 'Object Repository/Backoffice/Clients/Client Registration' is present

2018-10-12 13:58:12 - [TEST_STEP][PASSED] - click: Object: 'Object Repository/Backoffice/Clients/Client Registration' is clicked on

2018-10-12 13:58:13 - [MESSAGE][PASSED] - Object: 'Object Repository/Backoffice/Clients/Client Registration' is clicked on

2018-10-12 13:58:13 - [TEST_STEP][PASSED] - setText: Text 'jockeyjotten' is set on object 'Object Repository/Backoffice/Clients/Registration/input_username'

2018-10-12 13:58:13 - [MESSAGE][PASSED] - Text 'jockeyjotten' is set on object 'Object Repository/Backoffice/Clients/Registration/input_username'

2018-10-12 13:58:13 - [TEST_STEP][PASSED] - setText: Text '123123' is set on object 'Object Repository/Backoffice/Clients/Registration/input_password'

2018-10-12 13:58:13 - [MESSAGE][PASSED] - Text '123123' is set on object 'Object Repository/Backoffice/Clients/Registration/input_password'

2018-10-12 13:58:13 - [TEST_STEP][PASSED] - setText: Text '123123' is set on object 'Object Repository/Backoffice/Clients/Registration/input_confirmp'

2018-10-12 13:58:13 - [MESSAGE][PASSED] - Text '123123' is set on object 'Object Repository/Backoffice/Clients/Registration/input_confirmp'

2018-10-12 13:58:13 - [TEST_STEP][PASSED] - selectOptionByValue: All options with value 'test' are selected in object 'Object Repository/Backoffice/Clients/Registration/select_operatorcode' 

2018-10-12 13:58:13 - [MESSAGE][PASSED] - All options with value 'test' are selected in object 'Object Repository/Backoffice/Clients/Registration/select_operatorcode' 

2018-10-12 13:58:13 - [TEST_STEP][PASSED] - selectOptionByValue: All options with value '1' are selected in object 'Object Repository/Backoffice/Clients/Registration/select_status' 

2018-10-12 13:58:13 - [MESSAGE][PASSED] - All options with value '1' are selected in object 'Object Repository/Backoffice/Clients/Registration/select_status' 

2018-10-12 13:58:13 - [TEST_STEP][PASSED] - delay: Delayed 2 second(s)

2018-10-12 13:58:15 - [MESSAGE][PASSED] - Delayed 2 second(s)

2018-10-12 13:58:15 - [TEST_STEP][PASSED] - click: Object: 'Object Repository/Backoffice/Clients/Registration/button_Submit' is clicked on

2018-10-12 13:58:16 - [MESSAGE][PASSED] - Object: 'Object Repository/Backoffice/Clients/Registration/button_Submit' is clicked on

2018-10-12 13:58:16 - [TEST_STEP][PASSED] - delay: Delayed 2 second(s)

2018-10-12 13:58:18 - [MESSAGE][PASSED] - Delayed 2 second(s)]]></system-out>
         <system-err><![CDATA[]]></system-err>
      </testcase>
      <testcase name="Test Cases/Backoffice/RegisterAccount" classname="Test Cases/Backoffice/RegisterAccount" status="PASSED">
         <system-out><![CDATA[2018-10-12 13:58:18 - [TEST_CASE][PASSED] - Test Cases/Backoffice/RegisterAccount: Test Cases/Backoffice/RegisterAccount

2018-10-12 13:58:18 - [TEST_STEP][PASSED] - focus: Object: 'Object Repository/Backoffice/Clients/Clients' is focused

2018-10-12 13:58:18 - [MESSAGE][PASSED] - Object: 'Object Repository/Backoffice/Clients/Clients' is focused

2018-10-12 13:58:18 - [TEST_STEP][PASSED] - verifyElementPresent: Object 'Object Repository/Backoffice/Clients/Client Registration' is present

2018-10-12 13:58:18 - [MESSAGE][PASSED] - Object 'Object Repository/Backoffice/Clients/Client Registration' is present

2018-10-12 13:58:18 - [TEST_STEP][PASSED] - click: Object: 'Object Repository/Backoffice/Clients/Client Registration' is clicked on

2018-10-12 13:58:19 - [MESSAGE][PASSED] - Object: 'Object Repository/Backoffice/Clients/Client Registration' is clicked on

2018-10-12 13:58:19 - [TEST_STEP][PASSED] - setText: Text 'jackjackie' is set on object 'Object Repository/Backoffice/Clients/Registration/input_username'

2018-10-12 13:58:20 - [MESSAGE][PASSED] - Text 'jackjackie' is set on object 'Object Repository/Backoffice/Clients/Registration/input_username'

2018-10-12 13:58:20 - [TEST_STEP][PASSED] - setText: Text '123123' is set on object 'Object Repository/Backoffice/Clients/Registration/input_password'

2018-10-12 13:58:20 - [MESSAGE][PASSED] - Text '123123' is set on object 'Object Repository/Backoffice/Clients/Registration/input_password'

2018-10-12 13:58:20 - [TEST_STEP][PASSED] - setText: Text '123123' is set on object 'Object Repository/Backoffice/Clients/Registration/input_confirmp'

2018-10-12 13:58:20 - [MESSAGE][PASSED] - Text '123123' is set on object 'Object Repository/Backoffice/Clients/Registration/input_confirmp'

2018-10-12 13:58:20 - [TEST_STEP][PASSED] - selectOptionByValue: All options with value 'test' are selected in object 'Object Repository/Backoffice/Clients/Registration/select_operatorcode' 

2018-10-12 13:58:20 - [MESSAGE][PASSED] - All options with value 'test' are selected in object 'Object Repository/Backoffice/Clients/Registration/select_operatorcode' 

2018-10-12 13:58:20 - [TEST_STEP][PASSED] - selectOptionByValue: All options with value '1' are selected in object 'Object Repository/Backoffice/Clients/Registration/select_status' 

2018-10-12 13:58:20 - [MESSAGE][PASSED] - All options with value '1' are selected in object 'Object Repository/Backoffice/Clients/Registration/select_status' 

2018-10-12 13:58:20 - [TEST_STEP][PASSED] - delay: Delayed 2 second(s)

2018-10-12 13:58:22 - [MESSAGE][PASSED] - Delayed 2 second(s)

2018-10-12 13:58:22 - [TEST_STEP][PASSED] - click: Object: 'Object Repository/Backoffice/Clients/Registration/button_Submit' is clicked on

2018-10-12 13:58:23 - [MESSAGE][PASSED] - Object: 'Object Repository/Backoffice/Clients/Registration/button_Submit' is clicked on

2018-10-12 13:58:23 - [TEST_STEP][PASSED] - delay: Delayed 2 second(s)

2018-10-12 13:58:25 - [MESSAGE][PASSED] - Delayed 2 second(s)]]></system-out>
         <system-err><![CDATA[]]></system-err>
      </testcase>
      <testcase name="Test Cases/Backoffice/RegisterAccount" classname="Test Cases/Backoffice/RegisterAccount" status="PASSED">
         <system-out><![CDATA[2018-10-12 13:58:25 - [TEST_CASE][PASSED] - Test Cases/Backoffice/RegisterAccount: Test Cases/Backoffice/RegisterAccount

2018-10-12 13:58:25 - [TEST_STEP][PASSED] - focus: Object: 'Object Repository/Backoffice/Clients/Clients' is focused

2018-10-12 13:58:25 - [MESSAGE][PASSED] - Object: 'Object Repository/Backoffice/Clients/Clients' is focused

2018-10-12 13:58:25 - [TEST_STEP][PASSED] - verifyElementPresent: Object 'Object Repository/Backoffice/Clients/Client Registration' is present

2018-10-12 13:58:25 - [MESSAGE][PASSED] - Object 'Object Repository/Backoffice/Clients/Client Registration' is present

2018-10-12 13:58:25 - [TEST_STEP][PASSED] - click: Object: 'Object Repository/Backoffice/Clients/Client Registration' is clicked on

2018-10-12 13:58:26 - [MESSAGE][PASSED] - Object: 'Object Repository/Backoffice/Clients/Client Registration' is clicked on

2018-10-12 13:58:26 - [TEST_STEP][PASSED] - setText: Text 'javelinjoin' is set on object 'Object Repository/Backoffice/Clients/Registration/input_username'

2018-10-12 13:58:27 - [MESSAGE][PASSED] - Text 'javelinjoin' is set on object 'Object Repository/Backoffice/Clients/Registration/input_username'

2018-10-12 13:58:27 - [TEST_STEP][PASSED] - setText: Text '123123' is set on object 'Object Repository/Backoffice/Clients/Registration/input_password'

2018-10-12 13:58:27 - [MESSAGE][PASSED] - Text '123123' is set on object 'Object Repository/Backoffice/Clients/Registration/input_password'

2018-10-12 13:58:27 - [TEST_STEP][PASSED] - setText: Text '123123' is set on object 'Object Repository/Backoffice/Clients/Registration/input_confirmp'

2018-10-12 13:58:27 - [MESSAGE][PASSED] - Text '123123' is set on object 'Object Repository/Backoffice/Clients/Registration/input_confirmp'

2018-10-12 13:58:27 - [TEST_STEP][PASSED] - selectOptionByValue: All options with value 'test' are selected in object 'Object Repository/Backoffice/Clients/Registration/select_operatorcode' 

2018-10-12 13:58:28 - [MESSAGE][PASSED] - All options with value 'test' are selected in object 'Object Repository/Backoffice/Clients/Registration/select_operatorcode' 

2018-10-12 13:58:28 - [TEST_STEP][PASSED] - selectOptionByValue: All options with value '1' are selected in object 'Object Repository/Backoffice/Clients/Registration/select_status' 

2018-10-12 13:58:28 - [MESSAGE][PASSED] - All options with value '1' are selected in object 'Object Repository/Backoffice/Clients/Registration/select_status' 

2018-10-12 13:58:28 - [TEST_STEP][PASSED] - delay: Delayed 2 second(s)

2018-10-12 13:58:30 - [MESSAGE][PASSED] - Delayed 2 second(s)

2018-10-12 13:58:30 - [TEST_STEP][PASSED] - click: Object: 'Object Repository/Backoffice/Clients/Registration/button_Submit' is clicked on

2018-10-12 13:58:31 - [MESSAGE][PASSED] - Object: 'Object Repository/Backoffice/Clients/Registration/button_Submit' is clicked on

2018-10-12 13:58:31 - [TEST_STEP][PASSED] - delay: Delayed 2 second(s)

2018-10-12 13:58:33 - [MESSAGE][PASSED] - Delayed 2 second(s)]]></system-out>
         <system-err><![CDATA[]]></system-err>
      </testcase>
      <testcase name="Test Cases/Backoffice/RegisterAccount" classname="Test Cases/Backoffice/RegisterAccount" status="PASSED">
         <system-out><![CDATA[2018-10-12 13:58:33 - [TEST_CASE][PASSED] - Test Cases/Backoffice/RegisterAccount: Test Cases/Backoffice/RegisterAccount

2018-10-12 13:58:33 - [TEST_STEP][PASSED] - focus: Object: 'Object Repository/Backoffice/Clients/Clients' is focused

2018-10-12 13:58:33 - [MESSAGE][PASSED] - Object: 'Object Repository/Backoffice/Clients/Clients' is focused

2018-10-12 13:58:33 - [TEST_STEP][PASSED] - verifyElementPresent: Object 'Object Repository/Backoffice/Clients/Client Registration' is present

2018-10-12 13:58:33 - [MESSAGE][PASSED] - Object 'Object Repository/Backoffice/Clients/Client Registration' is present

2018-10-12 13:58:33 - [TEST_STEP][PASSED] - click: Object: 'Object Repository/Backoffice/Clients/Client Registration' is clicked on

2018-10-12 13:58:35 - [MESSAGE][PASSED] - Object: 'Object Repository/Backoffice/Clients/Client Registration' is clicked on

2018-10-12 13:58:35 - [TEST_STEP][PASSED] - setText: Text 'judojumbled' is set on object 'Object Repository/Backoffice/Clients/Registration/input_username'

2018-10-12 13:58:35 - [MESSAGE][PASSED] - Text 'judojumbled' is set on object 'Object Repository/Backoffice/Clients/Registration/input_username'

2018-10-12 13:58:35 - [TEST_STEP][PASSED] - setText: Text '123123' is set on object 'Object Repository/Backoffice/Clients/Registration/input_password'

2018-10-12 13:58:36 - [MESSAGE][PASSED] - Text '123123' is set on object 'Object Repository/Backoffice/Clients/Registration/input_password'

2018-10-12 13:58:36 - [TEST_STEP][PASSED] - setText: Text '123123' is set on object 'Object Repository/Backoffice/Clients/Registration/input_confirmp'

2018-10-12 13:58:36 - [MESSAGE][PASSED] - Text '123123' is set on object 'Object Repository/Backoffice/Clients/Registration/input_confirmp'

2018-10-12 13:58:36 - [TEST_STEP][PASSED] - selectOptionByValue: All options with value 'test' are selected in object 'Object Repository/Backoffice/Clients/Registration/select_operatorcode' 

2018-10-12 13:58:36 - [MESSAGE][PASSED] - All options with value 'test' are selected in object 'Object Repository/Backoffice/Clients/Registration/select_operatorcode' 

2018-10-12 13:58:36 - [TEST_STEP][PASSED] - selectOptionByValue: All options with value '1' are selected in object 'Object Repository/Backoffice/Clients/Registration/select_status' 

2018-10-12 13:58:37 - [MESSAGE][PASSED] - All options with value '1' are selected in object 'Object Repository/Backoffice/Clients/Registration/select_status' 

2018-10-12 13:58:37 - [TEST_STEP][PASSED] - delay: Delayed 2 second(s)

2018-10-12 13:58:39 - [MESSAGE][PASSED] - Delayed 2 second(s)

2018-10-12 13:58:39 - [TEST_STEP][PASSED] - click: Object: 'Object Repository/Backoffice/Clients/Registration/button_Submit' is clicked on

2018-10-12 13:58:41 - [MESSAGE][PASSED] - Object: 'Object Repository/Backoffice/Clients/Registration/button_Submit' is clicked on

2018-10-12 13:58:41 - [TEST_STEP][PASSED] - delay: Delayed 2 second(s)

2018-10-12 13:58:43 - [MESSAGE][PASSED] - Delayed 2 second(s)]]></system-out>
         <system-err><![CDATA[]]></system-err>
      </testcase>
      <testcase name="Test Cases/Backoffice/RegisterAccount" classname="Test Cases/Backoffice/RegisterAccount" status="PASSED">
         <system-out><![CDATA[2018-10-12 13:58:43 - [TEST_CASE][PASSED] - Test Cases/Backoffice/RegisterAccount: Test Cases/Backoffice/RegisterAccount

2018-10-12 13:58:43 - [TEST_STEP][PASSED] - focus: Object: 'Object Repository/Backoffice/Clients/Clients' is focused

2018-10-12 13:58:43 - [MESSAGE][PASSED] - Object: 'Object Repository/Backoffice/Clients/Clients' is focused

2018-10-12 13:58:43 - [TEST_STEP][PASSED] - verifyElementPresent: Object 'Object Repository/Backoffice/Clients/Client Registration' is present

2018-10-12 13:58:43 - [MESSAGE][PASSED] - Object 'Object Repository/Backoffice/Clients/Client Registration' is present

2018-10-12 13:58:43 - [TEST_STEP][PASSED] - click: Object: 'Object Repository/Backoffice/Clients/Client Registration' is clicked on

2018-10-12 13:58:44 - [MESSAGE][PASSED] - Object: 'Object Repository/Backoffice/Clients/Client Registration' is clicked on

2018-10-12 13:58:44 - [TEST_STEP][PASSED] - setText: Text 'janglejamaican' is set on object 'Object Repository/Backoffice/Clients/Registration/input_username'

2018-10-12 13:58:44 - [MESSAGE][PASSED] - Text 'janglejamaican' is set on object 'Object Repository/Backoffice/Clients/Registration/input_username'

2018-10-12 13:58:44 - [TEST_STEP][PASSED] - setText: Text '123123' is set on object 'Object Repository/Backoffice/Clients/Registration/input_password'

2018-10-12 13:58:44 - [MESSAGE][PASSED] - Text '123123' is set on object 'Object Repository/Backoffice/Clients/Registration/input_password'

2018-10-12 13:58:44 - [TEST_STEP][PASSED] - setText: Text '123123' is set on object 'Object Repository/Backoffice/Clients/Registration/input_confirmp'

2018-10-12 13:58:45 - [MESSAGE][PASSED] - Text '123123' is set on object 'Object Repository/Backoffice/Clients/Registration/input_confirmp'

2018-10-12 13:58:45 - [TEST_STEP][PASSED] - selectOptionByValue: All options with value 'test' are selected in object 'Object Repository/Backoffice/Clients/Registration/select_operatorcode' 

2018-10-12 13:58:45 - [MESSAGE][PASSED] - All options with value 'test' are selected in object 'Object Repository/Backoffice/Clients/Registration/select_operatorcode' 

2018-10-12 13:58:45 - [TEST_STEP][PASSED] - selectOptionByValue: All options with value '1' are selected in object 'Object Repository/Backoffice/Clients/Registration/select_status' 

2018-10-12 13:58:45 - [MESSAGE][PASSED] - All options with value '1' are selected in object 'Object Repository/Backoffice/Clients/Registration/select_status' 

2018-10-12 13:58:45 - [TEST_STEP][PASSED] - delay: Delayed 2 second(s)

2018-10-12 13:58:47 - [MESSAGE][PASSED] - Delayed 2 second(s)

2018-10-12 13:58:47 - [TEST_STEP][PASSED] - click: Object: 'Object Repository/Backoffice/Clients/Registration/button_Submit' is clicked on

2018-10-12 13:58:48 - [MESSAGE][PASSED] - Object: 'Object Repository/Backoffice/Clients/Registration/button_Submit' is clicked on

2018-10-12 13:58:48 - [TEST_STEP][PASSED] - delay: Delayed 2 second(s)

2018-10-12 13:58:50 - [MESSAGE][PASSED] - Delayed 2 second(s)]]></system-out>
         <system-err><![CDATA[]]></system-err>
      </testcase>
      <testcase name="Test Cases/Backoffice/RegisterAccount" classname="Test Cases/Backoffice/RegisterAccount" status="PASSED">
         <system-out><![CDATA[2018-10-12 13:58:50 - [TEST_CASE][PASSED] - Test Cases/Backoffice/RegisterAccount: Test Cases/Backoffice/RegisterAccount

2018-10-12 13:58:50 - [TEST_STEP][PASSED] - focus: Object: 'Object Repository/Backoffice/Clients/Clients' is focused

2018-10-12 13:58:50 - [MESSAGE][PASSED] - Object: 'Object Repository/Backoffice/Clients/Clients' is focused

2018-10-12 13:58:50 - [TEST_STEP][PASSED] - verifyElementPresent: Object 'Object Repository/Backoffice/Clients/Client Registration' is present

2018-10-12 13:58:50 - [MESSAGE][PASSED] - Object 'Object Repository/Backoffice/Clients/Client Registration' is present

2018-10-12 13:58:50 - [TEST_STEP][PASSED] - click: Object: 'Object Repository/Backoffice/Clients/Client Registration' is clicked on

2018-10-12 13:58:51 - [MESSAGE][PASSED] - Object: 'Object Repository/Backoffice/Clients/Client Registration' is clicked on

2018-10-12 13:58:51 - [TEST_STEP][PASSED] - setText: Text 'jogjones' is set on object 'Object Repository/Backoffice/Clients/Registration/input_username'

2018-10-12 13:58:51 - [MESSAGE][PASSED] - Text 'jogjones' is set on object 'Object Repository/Backoffice/Clients/Registration/input_username'

2018-10-12 13:58:51 - [TEST_STEP][PASSED] - setText: Text '123123' is set on object 'Object Repository/Backoffice/Clients/Registration/input_password'

2018-10-12 13:58:51 - [MESSAGE][PASSED] - Text '123123' is set on object 'Object Repository/Backoffice/Clients/Registration/input_password'

2018-10-12 13:58:51 - [TEST_STEP][PASSED] - setText: Text '123123' is set on object 'Object Repository/Backoffice/Clients/Registration/input_confirmp'

2018-10-12 13:58:51 - [MESSAGE][PASSED] - Text '123123' is set on object 'Object Repository/Backoffice/Clients/Registration/input_confirmp'

2018-10-12 13:58:51 - [TEST_STEP][PASSED] - selectOptionByValue: All options with value 'test' are selected in object 'Object Repository/Backoffice/Clients/Registration/select_operatorcode' 

2018-10-12 13:58:51 - [MESSAGE][PASSED] - All options with value 'test' are selected in object 'Object Repository/Backoffice/Clients/Registration/select_operatorcode' 

2018-10-12 13:58:51 - [TEST_STEP][PASSED] - selectOptionByValue: All options with value '1' are selected in object 'Object Repository/Backoffice/Clients/Registration/select_status' 

2018-10-12 13:58:52 - [MESSAGE][PASSED] - All options with value '1' are selected in object 'Object Repository/Backoffice/Clients/Registration/select_status' 

2018-10-12 13:58:52 - [TEST_STEP][PASSED] - delay: Delayed 2 second(s)

2018-10-12 13:58:54 - [MESSAGE][PASSED] - Delayed 2 second(s)

2018-10-12 13:58:54 - [TEST_STEP][PASSED] - click: Object: 'Object Repository/Backoffice/Clients/Registration/button_Submit' is clicked on

2018-10-12 13:58:55 - [MESSAGE][PASSED] - Object: 'Object Repository/Backoffice/Clients/Registration/button_Submit' is clicked on

2018-10-12 13:58:55 - [TEST_STEP][PASSED] - delay: Delayed 2 second(s)

2018-10-12 13:58:57 - [MESSAGE][PASSED] - Delayed 2 second(s)]]></system-out>
         <system-err><![CDATA[]]></system-err>
      </testcase>
      <testcase name="Test Cases/Backoffice/RegisterAccount" classname="Test Cases/Backoffice/RegisterAccount" status="PASSED">
         <system-out><![CDATA[2018-10-12 13:58:57 - [TEST_CASE][PASSED] - Test Cases/Backoffice/RegisterAccount: Test Cases/Backoffice/RegisterAccount

2018-10-12 13:58:57 - [TEST_STEP][PASSED] - focus: Object: 'Object Repository/Backoffice/Clients/Clients' is focused

2018-10-12 13:58:57 - [MESSAGE][PASSED] - Object: 'Object Repository/Backoffice/Clients/Clients' is focused

2018-10-12 13:58:57 - [TEST_STEP][PASSED] - verifyElementPresent: Object 'Object Repository/Backoffice/Clients/Client Registration' is present

2018-10-12 13:58:57 - [MESSAGE][PASSED] - Object 'Object Repository/Backoffice/Clients/Client Registration' is present

2018-10-12 13:58:57 - [TEST_STEP][PASSED] - click: Object: 'Object Repository/Backoffice/Clients/Client Registration' is clicked on

2018-10-12 13:58:58 - [MESSAGE][PASSED] - Object: 'Object Repository/Backoffice/Clients/Client Registration' is clicked on

2018-10-12 13:58:58 - [TEST_STEP][PASSED] - setText: Text 'javabeanjuit' is set on object 'Object Repository/Backoffice/Clients/Registration/input_username'

2018-10-12 13:58:58 - [MESSAGE][PASSED] - Text 'javabeanjuit' is set on object 'Object Repository/Backoffice/Clients/Registration/input_username'

2018-10-12 13:58:58 - [TEST_STEP][PASSED] - setText: Text '123123' is set on object 'Object Repository/Backoffice/Clients/Registration/input_password'

2018-10-12 13:58:58 - [MESSAGE][PASSED] - Text '123123' is set on object 'Object Repository/Backoffice/Clients/Registration/input_password'

2018-10-12 13:58:58 - [TEST_STEP][PASSED] - setText: Text '123123' is set on object 'Object Repository/Backoffice/Clients/Registration/input_confirmp'

2018-10-12 13:58:58 - [MESSAGE][PASSED] - Text '123123' is set on object 'Object Repository/Backoffice/Clients/Registration/input_confirmp'

2018-10-12 13:58:58 - [TEST_STEP][PASSED] - selectOptionByValue: All options with value 'test' are selected in object 'Object Repository/Backoffice/Clients/Registration/select_operatorcode' 

2018-10-12 13:58:58 - [MESSAGE][PASSED] - All options with value 'test' are selected in object 'Object Repository/Backoffice/Clients/Registration/select_operatorcode' 

2018-10-12 13:58:58 - [TEST_STEP][PASSED] - selectOptionByValue: All options with value '1' are selected in object 'Object Repository/Backoffice/Clients/Registration/select_status' 

2018-10-12 13:58:58 - [MESSAGE][PASSED] - All options with value '1' are selected in object 'Object Repository/Backoffice/Clients/Registration/select_status' 

2018-10-12 13:58:58 - [TEST_STEP][PASSED] - delay: Delayed 2 second(s)

2018-10-12 13:59:00 - [MESSAGE][PASSED] - Delayed 2 second(s)

2018-10-12 13:59:00 - [TEST_STEP][PASSED] - click: Object: 'Object Repository/Backoffice/Clients/Registration/button_Submit' is clicked on

2018-10-12 13:59:02 - [MESSAGE][PASSED] - Object: 'Object Repository/Backoffice/Clients/Registration/button_Submit' is clicked on

2018-10-12 13:59:02 - [TEST_STEP][PASSED] - delay: Delayed 2 second(s)

2018-10-12 13:59:04 - [MESSAGE][PASSED] - Delayed 2 second(s)]]></system-out>
         <system-err><![CDATA[]]></system-err>
      </testcase>
      <testcase name="Test Cases/Backoffice/RegisterAccount" classname="Test Cases/Backoffice/RegisterAccount" status="PASSED">
         <system-out><![CDATA[2018-10-12 13:59:04 - [TEST_CASE][PASSED] - Test Cases/Backoffice/RegisterAccount: Test Cases/Backoffice/RegisterAccount

2018-10-12 13:59:04 - [TEST_STEP][PASSED] - focus: Object: 'Object Repository/Backoffice/Clients/Clients' is focused

2018-10-12 13:59:04 - [MESSAGE][PASSED] - Object: 'Object Repository/Backoffice/Clients/Clients' is focused

2018-10-12 13:59:04 - [TEST_STEP][PASSED] - verifyElementPresent: Object 'Object Repository/Backoffice/Clients/Client Registration' is present

2018-10-12 13:59:04 - [MESSAGE][PASSED] - Object 'Object Repository/Backoffice/Clients/Client Registration' is present

2018-10-12 13:59:04 - [TEST_STEP][PASSED] - click: Object: 'Object Repository/Backoffice/Clients/Client Registration' is clicked on

2018-10-12 13:59:04 - [MESSAGE][PASSED] - Object: 'Object Repository/Backoffice/Clients/Client Registration' is clicked on

2018-10-12 13:59:04 - [TEST_STEP][PASSED] - setText: Text 'jobsjick' is set on object 'Object Repository/Backoffice/Clients/Registration/input_username'

2018-10-12 13:59:05 - [MESSAGE][PASSED] - Text 'jobsjick' is set on object 'Object Repository/Backoffice/Clients/Registration/input_username'

2018-10-12 13:59:05 - [TEST_STEP][PASSED] - setText: Text '123123' is set on object 'Object Repository/Backoffice/Clients/Registration/input_password'

2018-10-12 13:59:05 - [MESSAGE][PASSED] - Text '123123' is set on object 'Object Repository/Backoffice/Clients/Registration/input_password'

2018-10-12 13:59:05 - [TEST_STEP][PASSED] - setText: Text '123123' is set on object 'Object Repository/Backoffice/Clients/Registration/input_confirmp'

2018-10-12 13:59:05 - [MESSAGE][PASSED] - Text '123123' is set on object 'Object Repository/Backoffice/Clients/Registration/input_confirmp'

2018-10-12 13:59:05 - [TEST_STEP][PASSED] - selectOptionByValue: All options with value 'test' are selected in object 'Object Repository/Backoffice/Clients/Registration/select_operatorcode' 

2018-10-12 13:59:05 - [MESSAGE][PASSED] - All options with value 'test' are selected in object 'Object Repository/Backoffice/Clients/Registration/select_operatorcode' 

2018-10-12 13:59:05 - [TEST_STEP][PASSED] - selectOptionByValue: All options with value '1' are selected in object 'Object Repository/Backoffice/Clients/Registration/select_status' 

2018-10-12 13:59:05 - [MESSAGE][PASSED] - All options with value '1' are selected in object 'Object Repository/Backoffice/Clients/Registration/select_status' 

2018-10-12 13:59:05 - [TEST_STEP][PASSED] - delay: Delayed 2 second(s)

2018-10-12 13:59:07 - [MESSAGE][PASSED] - Delayed 2 second(s)

2018-10-12 13:59:07 - [TEST_STEP][PASSED] - click: Object: 'Object Repository/Backoffice/Clients/Registration/button_Submit' is clicked on

2018-10-12 13:59:08 - [MESSAGE][PASSED] - Object: 'Object Repository/Backoffice/Clients/Registration/button_Submit' is clicked on

2018-10-12 13:59:08 - [TEST_STEP][PASSED] - delay: Delayed 2 second(s)

2018-10-12 13:59:10 - [MESSAGE][PASSED] - Delayed 2 second(s)]]></system-out>
         <system-err><![CDATA[]]></system-err>
      </testcase>
      <testcase name="Test Cases/Backoffice/RegisterAccount" classname="Test Cases/Backoffice/RegisterAccount" status="PASSED">
         <system-out><![CDATA[2018-10-12 13:59:10 - [TEST_CASE][PASSED] - Test Cases/Backoffice/RegisterAccount: Test Cases/Backoffice/RegisterAccount

2018-10-12 13:59:10 - [TEST_STEP][PASSED] - focus: Object: 'Object Repository/Backoffice/Clients/Clients' is focused

2018-10-12 13:59:10 - [MESSAGE][PASSED] - Object: 'Object Repository/Backoffice/Clients/Clients' is focused

2018-10-12 13:59:10 - [TEST_STEP][PASSED] - verifyElementPresent: Object 'Object Repository/Backoffice/Clients/Client Registration' is present

2018-10-12 13:59:10 - [MESSAGE][PASSED] - Object 'Object Repository/Backoffice/Clients/Client Registration' is present

2018-10-12 13:59:10 - [TEST_STEP][PASSED] - click: Object: 'Object Repository/Backoffice/Clients/Client Registration' is clicked on

2018-10-12 13:59:11 - [MESSAGE][PASSED] - Object: 'Object Repository/Backoffice/Clients/Client Registration' is clicked on

2018-10-12 13:59:11 - [TEST_STEP][PASSED] - setText: Text 'jsonjagged' is set on object 'Object Repository/Backoffice/Clients/Registration/input_username'

2018-10-12 13:59:11 - [MESSAGE][PASSED] - Text 'jsonjagged' is set on object 'Object Repository/Backoffice/Clients/Registration/input_username'

2018-10-12 13:59:11 - [TEST_STEP][PASSED] - setText: Text '123123' is set on object 'Object Repository/Backoffice/Clients/Registration/input_password'

2018-10-12 13:59:12 - [MESSAGE][PASSED] - Text '123123' is set on object 'Object Repository/Backoffice/Clients/Registration/input_password'

2018-10-12 13:59:12 - [TEST_STEP][PASSED] - setText: Text '123123' is set on object 'Object Repository/Backoffice/Clients/Registration/input_confirmp'

2018-10-12 13:59:12 - [MESSAGE][PASSED] - Text '123123' is set on object 'Object Repository/Backoffice/Clients/Registration/input_confirmp'

2018-10-12 13:59:12 - [TEST_STEP][PASSED] - selectOptionByValue: All options with value 'test' are selected in object 'Object Repository/Backoffice/Clients/Registration/select_operatorcode' 

2018-10-12 13:59:12 - [MESSAGE][PASSED] - All options with value 'test' are selected in object 'Object Repository/Backoffice/Clients/Registration/select_operatorcode' 

2018-10-12 13:59:12 - [TEST_STEP][PASSED] - selectOptionByValue: All options with value '1' are selected in object 'Object Repository/Backoffice/Clients/Registration/select_status' 

2018-10-12 13:59:12 - [MESSAGE][PASSED] - All options with value '1' are selected in object 'Object Repository/Backoffice/Clients/Registration/select_status' 

2018-10-12 13:59:12 - [TEST_STEP][PASSED] - delay: Delayed 2 second(s)

2018-10-12 13:59:14 - [MESSAGE][PASSED] - Delayed 2 second(s)

2018-10-12 13:59:14 - [TEST_STEP][PASSED] - click: Object: 'Object Repository/Backoffice/Clients/Registration/button_Submit' is clicked on

2018-10-12 13:59:15 - [MESSAGE][PASSED] - Object: 'Object Repository/Backoffice/Clients/Registration/button_Submit' is clicked on

2018-10-12 13:59:15 - [TEST_STEP][PASSED] - delay: Delayed 2 second(s)

2018-10-12 13:59:17 - [MESSAGE][PASSED] - Delayed 2 second(s)]]></system-out>
         <system-err><![CDATA[]]></system-err>
      </testcase>
      <testcase name="Test Cases/Backoffice/RegisterAccount" classname="Test Cases/Backoffice/RegisterAccount" status="PASSED">
         <system-out><![CDATA[2018-10-12 13:59:17 - [TEST_CASE][PASSED] - Test Cases/Backoffice/RegisterAccount: Test Cases/Backoffice/RegisterAccount

2018-10-12 13:59:17 - [TEST_STEP][PASSED] - focus: Object: 'Object Repository/Backoffice/Clients/Clients' is focused

2018-10-12 13:59:17 - [MESSAGE][PASSED] - Object: 'Object Repository/Backoffice/Clients/Clients' is focused

2018-10-12 13:59:17 - [TEST_STEP][PASSED] - verifyElementPresent: Object 'Object Repository/Backoffice/Clients/Client Registration' is present

2018-10-12 13:59:17 - [MESSAGE][PASSED] - Object 'Object Repository/Backoffice/Clients/Client Registration' is present

2018-10-12 13:59:17 - [TEST_STEP][PASSED] - click: Object: 'Object Repository/Backoffice/Clients/Client Registration' is clicked on

2018-10-12 13:59:18 - [MESSAGE][PASSED] - Object: 'Object Repository/Backoffice/Clients/Client Registration' is clicked on

2018-10-12 13:59:18 - [TEST_STEP][PASSED] - setText: Text 'junkjaw' is set on object 'Object Repository/Backoffice/Clients/Registration/input_username'

2018-10-12 13:59:18 - [MESSAGE][PASSED] - Text 'junkjaw' is set on object 'Object Repository/Backoffice/Clients/Registration/input_username'

2018-10-12 13:59:18 - [TEST_STEP][PASSED] - setText: Text '123123' is set on object 'Object Repository/Backoffice/Clients/Registration/input_password'

2018-10-12 13:59:19 - [MESSAGE][PASSED] - Text '123123' is set on object 'Object Repository/Backoffice/Clients/Registration/input_password'

2018-10-12 13:59:19 - [TEST_STEP][PASSED] - setText: Text '123123' is set on object 'Object Repository/Backoffice/Clients/Registration/input_confirmp'

2018-10-12 13:59:19 - [MESSAGE][PASSED] - Text '123123' is set on object 'Object Repository/Backoffice/Clients/Registration/input_confirmp'

2018-10-12 13:59:19 - [TEST_STEP][PASSED] - selectOptionByValue: All options with value 'test' are selected in object 'Object Repository/Backoffice/Clients/Registration/select_operatorcode' 

2018-10-12 13:59:19 - [MESSAGE][PASSED] - All options with value 'test' are selected in object 'Object Repository/Backoffice/Clients/Registration/select_operatorcode' 

2018-10-12 13:59:19 - [TEST_STEP][PASSED] - selectOptionByValue: All options with value '1' are selected in object 'Object Repository/Backoffice/Clients/Registration/select_status' 

2018-10-12 13:59:19 - [MESSAGE][PASSED] - All options with value '1' are selected in object 'Object Repository/Backoffice/Clients/Registration/select_status' 

2018-10-12 13:59:19 - [TEST_STEP][PASSED] - delay: Delayed 2 second(s)

2018-10-12 13:59:21 - [MESSAGE][PASSED] - Delayed 2 second(s)

2018-10-12 13:59:21 - [TEST_STEP][PASSED] - click: Object: 'Object Repository/Backoffice/Clients/Registration/button_Submit' is clicked on

2018-10-12 13:59:22 - [MESSAGE][PASSED] - Object: 'Object Repository/Backoffice/Clients/Registration/button_Submit' is clicked on

2018-10-12 13:59:22 - [TEST_STEP][PASSED] - delay: Delayed 2 second(s)

2018-10-12 13:59:24 - [MESSAGE][PASSED] - Delayed 2 second(s)]]></system-out>
         <system-err><![CDATA[]]></system-err>
      </testcase>
      <testcase name="Test Cases/Backoffice/RegisterAccount" classname="Test Cases/Backoffice/RegisterAccount" status="PASSED">
         <system-out><![CDATA[2018-10-12 13:59:24 - [TEST_CASE][PASSED] - Test Cases/Backoffice/RegisterAccount: Test Cases/Backoffice/RegisterAccount

2018-10-12 13:59:24 - [TEST_STEP][PASSED] - focus: Object: 'Object Repository/Backoffice/Clients/Clients' is focused

2018-10-12 13:59:24 - [MESSAGE][PASSED] - Object: 'Object Repository/Backoffice/Clients/Clients' is focused

2018-10-12 13:59:24 - [TEST_STEP][PASSED] - verifyElementPresent: Object 'Object Repository/Backoffice/Clients/Client Registration' is present

2018-10-12 13:59:24 - [MESSAGE][PASSED] - Object 'Object Repository/Backoffice/Clients/Client Registration' is present

2018-10-12 13:59:24 - [TEST_STEP][PASSED] - click: Object: 'Object Repository/Backoffice/Clients/Client Registration' is clicked on

2018-10-12 13:59:25 - [MESSAGE][PASSED] - Object: 'Object Repository/Backoffice/Clients/Client Registration' is clicked on

2018-10-12 13:59:25 - [TEST_STEP][PASSED] - setText: Text 'jeetsjaunty' is set on object 'Object Repository/Backoffice/Clients/Registration/input_username'

2018-10-12 13:59:25 - [MESSAGE][PASSED] - Text 'jeetsjaunty' is set on object 'Object Repository/Backoffice/Clients/Registration/input_username'

2018-10-12 13:59:25 - [TEST_STEP][PASSED] - setText: Text '123123' is set on object 'Object Repository/Backoffice/Clients/Registration/input_password'

2018-10-12 13:59:25 - [MESSAGE][PASSED] - Text '123123' is set on object 'Object Repository/Backoffice/Clients/Registration/input_password'

2018-10-12 13:59:25 - [TEST_STEP][PASSED] - setText: Text '123123' is set on object 'Object Repository/Backoffice/Clients/Registration/input_confirmp'

2018-10-12 13:59:26 - [MESSAGE][PASSED] - Text '123123' is set on object 'Object Repository/Backoffice/Clients/Registration/input_confirmp'

2018-10-12 13:59:26 - [TEST_STEP][PASSED] - selectOptionByValue: All options with value 'test' are selected in object 'Object Repository/Backoffice/Clients/Registration/select_operatorcode' 

2018-10-12 13:59:26 - [MESSAGE][PASSED] - All options with value 'test' are selected in object 'Object Repository/Backoffice/Clients/Registration/select_operatorcode' 

2018-10-12 13:59:26 - [TEST_STEP][PASSED] - selectOptionByValue: All options with value '1' are selected in object 'Object Repository/Backoffice/Clients/Registration/select_status' 

2018-10-12 13:59:26 - [MESSAGE][PASSED] - All options with value '1' are selected in object 'Object Repository/Backoffice/Clients/Registration/select_status' 

2018-10-12 13:59:26 - [TEST_STEP][PASSED] - delay: Delayed 2 second(s)

2018-10-12 13:59:28 - [MESSAGE][PASSED] - Delayed 2 second(s)

2018-10-12 13:59:28 - [TEST_STEP][PASSED] - click: Object: 'Object Repository/Backoffice/Clients/Registration/button_Submit' is clicked on

2018-10-12 13:59:29 - [MESSAGE][PASSED] - Object: 'Object Repository/Backoffice/Clients/Registration/button_Submit' is clicked on

2018-10-12 13:59:29 - [TEST_STEP][PASSED] - delay: Delayed 2 second(s)

2018-10-12 13:59:31 - [MESSAGE][PASSED] - Delayed 2 second(s)]]></system-out>
         <system-err><![CDATA[]]></system-err>
      </testcase>
      <testcase name="Test Cases/Backoffice/RegisterAccount" classname="Test Cases/Backoffice/RegisterAccount" status="PASSED">
         <system-out><![CDATA[2018-10-12 13:59:31 - [TEST_CASE][PASSED] - Test Cases/Backoffice/RegisterAccount: Test Cases/Backoffice/RegisterAccount

2018-10-12 13:59:31 - [TEST_STEP][PASSED] - focus: Object: 'Object Repository/Backoffice/Clients/Clients' is focused

2018-10-12 13:59:31 - [MESSAGE][PASSED] - Object: 'Object Repository/Backoffice/Clients/Clients' is focused

2018-10-12 13:59:31 - [TEST_STEP][PASSED] - verifyElementPresent: Object 'Object Repository/Backoffice/Clients/Client Registration' is present

2018-10-12 13:59:31 - [MESSAGE][PASSED] - Object 'Object Repository/Backoffice/Clients/Client Registration' is present

2018-10-12 13:59:31 - [TEST_STEP][PASSED] - click: Object: 'Object Repository/Backoffice/Clients/Client Registration' is clicked on

2018-10-12 13:59:32 - [MESSAGE][PASSED] - Object: 'Object Repository/Backoffice/Clients/Client Registration' is clicked on

2018-10-12 13:59:32 - [TEST_STEP][PASSED] - setText: Text 'joinerjintshire' is set on object 'Object Repository/Backoffice/Clients/Registration/input_username'

2018-10-12 13:59:32 - [MESSAGE][PASSED] - Text 'joinerjintshire' is set on object 'Object Repository/Backoffice/Clients/Registration/input_username'

2018-10-12 13:59:32 - [TEST_STEP][PASSED] - setText: Text '123123' is set on object 'Object Repository/Backoffice/Clients/Registration/input_password'

2018-10-12 13:59:33 - [MESSAGE][PASSED] - Text '123123' is set on object 'Object Repository/Backoffice/Clients/Registration/input_password'

2018-10-12 13:59:33 - [TEST_STEP][PASSED] - setText: Text '123123' is set on object 'Object Repository/Backoffice/Clients/Registration/input_confirmp'

2018-10-12 13:59:33 - [MESSAGE][PASSED] - Text '123123' is set on object 'Object Repository/Backoffice/Clients/Registration/input_confirmp'

2018-10-12 13:59:33 - [TEST_STEP][PASSED] - selectOptionByValue: All options with value 'test' are selected in object 'Object Repository/Backoffice/Clients/Registration/select_operatorcode' 

2018-10-12 13:59:33 - [MESSAGE][PASSED] - All options with value 'test' are selected in object 'Object Repository/Backoffice/Clients/Registration/select_operatorcode' 

2018-10-12 13:59:33 - [TEST_STEP][PASSED] - selectOptionByValue: All options with value '1' are selected in object 'Object Repository/Backoffice/Clients/Registration/select_status' 

2018-10-12 13:59:33 - [MESSAGE][PASSED] - All options with value '1' are selected in object 'Object Repository/Backoffice/Clients/Registration/select_status' 

2018-10-12 13:59:33 - [TEST_STEP][PASSED] - delay: Delayed 2 second(s)

2018-10-12 13:59:35 - [MESSAGE][PASSED] - Delayed 2 second(s)

2018-10-12 13:59:35 - [TEST_STEP][PASSED] - click: Object: 'Object Repository/Backoffice/Clients/Registration/button_Submit' is clicked on

2018-10-12 13:59:36 - [MESSAGE][PASSED] - Object: 'Object Repository/Backoffice/Clients/Registration/button_Submit' is clicked on

2018-10-12 13:59:36 - [TEST_STEP][PASSED] - delay: Delayed 2 second(s)

2018-10-12 13:59:38 - [MESSAGE][PASSED] - Delayed 2 second(s)]]></system-out>
         <system-err><![CDATA[]]></system-err>
      </testcase>
      <testcase name="Test Cases/Backoffice/RegisterAccount" classname="Test Cases/Backoffice/RegisterAccount" status="PASSED">
         <system-out><![CDATA[2018-10-12 13:59:38 - [TEST_CASE][PASSED] - Test Cases/Backoffice/RegisterAccount: Test Cases/Backoffice/RegisterAccount

2018-10-12 13:59:38 - [TEST_STEP][PASSED] - focus: Object: 'Object Repository/Backoffice/Clients/Clients' is focused

2018-10-12 13:59:38 - [MESSAGE][PASSED] - Object: 'Object Repository/Backoffice/Clients/Clients' is focused

2018-10-12 13:59:38 - [TEST_STEP][PASSED] - verifyElementPresent: Object 'Object Repository/Backoffice/Clients/Client Registration' is present

2018-10-12 13:59:38 - [MESSAGE][PASSED] - Object 'Object Repository/Backoffice/Clients/Client Registration' is present

2018-10-12 13:59:38 - [TEST_STEP][PASSED] - click: Object: 'Object Repository/Backoffice/Clients/Client Registration' is clicked on

2018-10-12 13:59:39 - [MESSAGE][PASSED] - Object: 'Object Repository/Backoffice/Clients/Client Registration' is clicked on

2018-10-12 13:59:39 - [TEST_STEP][PASSED] - setText: Text 'juvenilejoining' is set on object 'Object Repository/Backoffice/Clients/Registration/input_username'

2018-10-12 13:59:39 - [MESSAGE][PASSED] - Text 'juvenilejoining' is set on object 'Object Repository/Backoffice/Clients/Registration/input_username'

2018-10-12 13:59:39 - [TEST_STEP][PASSED] - setText: Text '123123' is set on object 'Object Repository/Backoffice/Clients/Registration/input_password'

2018-10-12 13:59:39 - [MESSAGE][PASSED] - Text '123123' is set on object 'Object Repository/Backoffice/Clients/Registration/input_password'

2018-10-12 13:59:39 - [TEST_STEP][PASSED] - setText: Text '123123' is set on object 'Object Repository/Backoffice/Clients/Registration/input_confirmp'

2018-10-12 13:59:39 - [MESSAGE][PASSED] - Text '123123' is set on object 'Object Repository/Backoffice/Clients/Registration/input_confirmp'

2018-10-12 13:59:39 - [TEST_STEP][PASSED] - selectOptionByValue: All options with value 'test' are selected in object 'Object Repository/Backoffice/Clients/Registration/select_operatorcode' 

2018-10-12 13:59:39 - [MESSAGE][PASSED] - All options with value 'test' are selected in object 'Object Repository/Backoffice/Clients/Registration/select_operatorcode' 

2018-10-12 13:59:39 - [TEST_STEP][PASSED] - selectOptionByValue: All options with value '1' are selected in object 'Object Repository/Backoffice/Clients/Registration/select_status' 

2018-10-12 13:59:39 - [MESSAGE][PASSED] - All options with value '1' are selected in object 'Object Repository/Backoffice/Clients/Registration/select_status' 

2018-10-12 13:59:39 - [TEST_STEP][PASSED] - delay: Delayed 2 second(s)

2018-10-12 13:59:41 - [MESSAGE][PASSED] - Delayed 2 second(s)

2018-10-12 13:59:41 - [TEST_STEP][PASSED] - click: Object: 'Object Repository/Backoffice/Clients/Registration/button_Submit' is clicked on

2018-10-12 13:59:42 - [MESSAGE][PASSED] - Object: 'Object Repository/Backoffice/Clients/Registration/button_Submit' is clicked on

2018-10-12 13:59:42 - [TEST_STEP][PASSED] - delay: Delayed 2 second(s)

2018-10-12 13:59:44 - [MESSAGE][PASSED] - Delayed 2 second(s)]]></system-out>
         <system-err><![CDATA[]]></system-err>
      </testcase>
      <testcase name="Test Cases/Backoffice/RegisterAccount" classname="Test Cases/Backoffice/RegisterAccount" status="PASSED">
         <system-out><![CDATA[2018-10-12 13:59:44 - [TEST_CASE][PASSED] - Test Cases/Backoffice/RegisterAccount: Test Cases/Backoffice/RegisterAccount

2018-10-12 13:59:44 - [TEST_STEP][PASSED] - focus: Object: 'Object Repository/Backoffice/Clients/Clients' is focused

2018-10-12 13:59:44 - [MESSAGE][PASSED] - Object: 'Object Repository/Backoffice/Clients/Clients' is focused

2018-10-12 13:59:44 - [TEST_STEP][PASSED] - verifyElementPresent: Object 'Object Repository/Backoffice/Clients/Client Registration' is present

2018-10-12 13:59:44 - [MESSAGE][PASSED] - Object 'Object Repository/Backoffice/Clients/Client Registration' is present

2018-10-12 13:59:44 - [TEST_STEP][PASSED] - click: Object: 'Object Repository/Backoffice/Clients/Client Registration' is clicked on

2018-10-12 13:59:45 - [MESSAGE][PASSED] - Object: 'Object Repository/Backoffice/Clients/Client Registration' is clicked on

2018-10-12 13:59:45 - [TEST_STEP][PASSED] - setText: Text 'joyousjorts' is set on object 'Object Repository/Backoffice/Clients/Registration/input_username'

2018-10-12 13:59:45 - [MESSAGE][PASSED] - Text 'joyousjorts' is set on object 'Object Repository/Backoffice/Clients/Registration/input_username'

2018-10-12 13:59:45 - [TEST_STEP][PASSED] - setText: Text '123123' is set on object 'Object Repository/Backoffice/Clients/Registration/input_password'

2018-10-12 13:59:45 - [MESSAGE][PASSED] - Text '123123' is set on object 'Object Repository/Backoffice/Clients/Registration/input_password'

2018-10-12 13:59:45 - [TEST_STEP][PASSED] - setText: Text '123123' is set on object 'Object Repository/Backoffice/Clients/Registration/input_confirmp'

2018-10-12 13:59:46 - [MESSAGE][PASSED] - Text '123123' is set on object 'Object Repository/Backoffice/Clients/Registration/input_confirmp'

2018-10-12 13:59:46 - [TEST_STEP][PASSED] - selectOptionByValue: All options with value 'test' are selected in object 'Object Repository/Backoffice/Clients/Registration/select_operatorcode' 

2018-10-12 13:59:46 - [MESSAGE][PASSED] - All options with value 'test' are selected in object 'Object Repository/Backoffice/Clients/Registration/select_operatorcode' 

2018-10-12 13:59:46 - [TEST_STEP][PASSED] - selectOptionByValue: All options with value '1' are selected in object 'Object Repository/Backoffice/Clients/Registration/select_status' 

2018-10-12 13:59:46 - [MESSAGE][PASSED] - All options with value '1' are selected in object 'Object Repository/Backoffice/Clients/Registration/select_status' 

2018-10-12 13:59:46 - [TEST_STEP][PASSED] - delay: Delayed 2 second(s)

2018-10-12 13:59:48 - [MESSAGE][PASSED] - Delayed 2 second(s)

2018-10-12 13:59:48 - [TEST_STEP][PASSED] - click: Object: 'Object Repository/Backoffice/Clients/Registration/button_Submit' is clicked on

2018-10-12 13:59:49 - [MESSAGE][PASSED] - Object: 'Object Repository/Backoffice/Clients/Registration/button_Submit' is clicked on

2018-10-12 13:59:49 - [TEST_STEP][PASSED] - delay: Delayed 2 second(s)

2018-10-12 13:59:51 - [MESSAGE][PASSED] - Delayed 2 second(s)]]></system-out>
         <system-err><![CDATA[]]></system-err>
      </testcase>
      <testcase name="Test Cases/Backoffice/RegisterAccount" classname="Test Cases/Backoffice/RegisterAccount" status="PASSED">
         <system-out><![CDATA[2018-10-12 13:59:51 - [TEST_CASE][PASSED] - Test Cases/Backoffice/RegisterAccount: Test Cases/Backoffice/RegisterAccount

2018-10-12 13:59:51 - [TEST_STEP][PASSED] - focus: Object: 'Object Repository/Backoffice/Clients/Clients' is focused

2018-10-12 13:59:51 - [MESSAGE][PASSED] - Object: 'Object Repository/Backoffice/Clients/Clients' is focused

2018-10-12 13:59:51 - [TEST_STEP][PASSED] - verifyElementPresent: Object 'Object Repository/Backoffice/Clients/Client Registration' is present

2018-10-12 13:59:51 - [MESSAGE][PASSED] - Object 'Object Repository/Backoffice/Clients/Client Registration' is present

2018-10-12 13:59:51 - [TEST_STEP][PASSED] - click: Object: 'Object Repository/Backoffice/Clients/Client Registration' is clicked on

2018-10-12 13:59:51 - [MESSAGE][PASSED] - Object: 'Object Repository/Backoffice/Clients/Client Registration' is clicked on

2018-10-12 13:59:51 - [TEST_STEP][PASSED] - setText: Text 'joltjscript' is set on object 'Object Repository/Backoffice/Clients/Registration/input_username'

2018-10-12 13:59:52 - [MESSAGE][PASSED] - Text 'joltjscript' is set on object 'Object Repository/Backoffice/Clients/Registration/input_username'

2018-10-12 13:59:52 - [TEST_STEP][PASSED] - setText: Text '123123' is set on object 'Object Repository/Backoffice/Clients/Registration/input_password'

2018-10-12 13:59:52 - [MESSAGE][PASSED] - Text '123123' is set on object 'Object Repository/Backoffice/Clients/Registration/input_password'

2018-10-12 13:59:52 - [TEST_STEP][PASSED] - setText: Text '123123' is set on object 'Object Repository/Backoffice/Clients/Registration/input_confirmp'

2018-10-12 13:59:52 - [MESSAGE][PASSED] - Text '123123' is set on object 'Object Repository/Backoffice/Clients/Registration/input_confirmp'

2018-10-12 13:59:52 - [TEST_STEP][PASSED] - selectOptionByValue: All options with value 'test' are selected in object 'Object Repository/Backoffice/Clients/Registration/select_operatorcode' 

2018-10-12 13:59:52 - [MESSAGE][PASSED] - All options with value 'test' are selected in object 'Object Repository/Backoffice/Clients/Registration/select_operatorcode' 

2018-10-12 13:59:52 - [TEST_STEP][PASSED] - selectOptionByValue: All options with value '1' are selected in object 'Object Repository/Backoffice/Clients/Registration/select_status' 

2018-10-12 13:59:52 - [MESSAGE][PASSED] - All options with value '1' are selected in object 'Object Repository/Backoffice/Clients/Registration/select_status' 

2018-10-12 13:59:52 - [TEST_STEP][PASSED] - delay: Delayed 2 second(s)

2018-10-12 13:59:54 - [MESSAGE][PASSED] - Delayed 2 second(s)

2018-10-12 13:59:54 - [TEST_STEP][PASSED] - click: Object: 'Object Repository/Backoffice/Clients/Registration/button_Submit' is clicked on

2018-10-12 13:59:55 - [MESSAGE][PASSED] - Object: 'Object Repository/Backoffice/Clients/Registration/button_Submit' is clicked on

2018-10-12 13:59:55 - [TEST_STEP][PASSED] - delay: Delayed 2 second(s)

2018-10-12 13:59:57 - [MESSAGE][PASSED] - Delayed 2 second(s)]]></system-out>
         <system-err><![CDATA[]]></system-err>
      </testcase>
      <testcase name="Test Cases/Backoffice/RegisterAccount" classname="Test Cases/Backoffice/RegisterAccount" status="PASSED">
         <system-out><![CDATA[2018-10-12 13:59:57 - [TEST_CASE][PASSED] - Test Cases/Backoffice/RegisterAccount: Test Cases/Backoffice/RegisterAccount

2018-10-12 13:59:57 - [TEST_STEP][PASSED] - focus: Object: 'Object Repository/Backoffice/Clients/Clients' is focused

2018-10-12 13:59:57 - [MESSAGE][PASSED] - Object: 'Object Repository/Backoffice/Clients/Clients' is focused

2018-10-12 13:59:57 - [TEST_STEP][PASSED] - verifyElementPresent: Object 'Object Repository/Backoffice/Clients/Client Registration' is present

2018-10-12 13:59:57 - [MESSAGE][PASSED] - Object 'Object Repository/Backoffice/Clients/Client Registration' is present

2018-10-12 13:59:57 - [TEST_STEP][PASSED] - click: Object: 'Object Repository/Backoffice/Clients/Client Registration' is clicked on

2018-10-12 13:59:58 - [MESSAGE][PASSED] - Object: 'Object Repository/Backoffice/Clients/Client Registration' is clicked on

2018-10-12 13:59:58 - [TEST_STEP][PASSED] - setText: Text 'joastjukebox' is set on object 'Object Repository/Backoffice/Clients/Registration/input_username'

2018-10-12 13:59:58 - [MESSAGE][PASSED] - Text 'joastjukebox' is set on object 'Object Repository/Backoffice/Clients/Registration/input_username'

2018-10-12 13:59:58 - [TEST_STEP][PASSED] - setText: Text '123123' is set on object 'Object Repository/Backoffice/Clients/Registration/input_password'

2018-10-12 13:59:58 - [MESSAGE][PASSED] - Text '123123' is set on object 'Object Repository/Backoffice/Clients/Registration/input_password'

2018-10-12 13:59:58 - [TEST_STEP][PASSED] - setText: Text '123123' is set on object 'Object Repository/Backoffice/Clients/Registration/input_confirmp'

2018-10-12 13:59:58 - [MESSAGE][PASSED] - Text '123123' is set on object 'Object Repository/Backoffice/Clients/Registration/input_confirmp'

2018-10-12 13:59:58 - [TEST_STEP][PASSED] - selectOptionByValue: All options with value 'test' are selected in object 'Object Repository/Backoffice/Clients/Registration/select_operatorcode' 

2018-10-12 13:59:58 - [MESSAGE][PASSED] - All options with value 'test' are selected in object 'Object Repository/Backoffice/Clients/Registration/select_operatorcode' 

2018-10-12 13:59:58 - [TEST_STEP][PASSED] - selectOptionByValue: All options with value '1' are selected in object 'Object Repository/Backoffice/Clients/Registration/select_status' 

2018-10-12 13:59:58 - [MESSAGE][PASSED] - All options with value '1' are selected in object 'Object Repository/Backoffice/Clients/Registration/select_status' 

2018-10-12 13:59:58 - [TEST_STEP][PASSED] - delay: Delayed 2 second(s)

2018-10-12 14:00:00 - [MESSAGE][PASSED] - Delayed 2 second(s)

2018-10-12 14:00:00 - [TEST_STEP][PASSED] - click: Object: 'Object Repository/Backoffice/Clients/Registration/button_Submit' is clicked on

2018-10-12 14:00:01 - [MESSAGE][PASSED] - Object: 'Object Repository/Backoffice/Clients/Registration/button_Submit' is clicked on

2018-10-12 14:00:01 - [TEST_STEP][PASSED] - delay: Delayed 2 second(s)

2018-10-12 14:00:03 - [MESSAGE][PASSED] - Delayed 2 second(s)]]></system-out>
         <system-err><![CDATA[]]></system-err>
      </testcase>
      <testcase name="Test Cases/Backoffice/RegisterAccount" classname="Test Cases/Backoffice/RegisterAccount" status="PASSED">
         <system-out><![CDATA[2018-10-12 14:00:03 - [TEST_CASE][PASSED] - Test Cases/Backoffice/RegisterAccount: Test Cases/Backoffice/RegisterAccount

2018-10-12 14:00:03 - [TEST_STEP][PASSED] - focus: Object: 'Object Repository/Backoffice/Clients/Clients' is focused

2018-10-12 14:00:04 - [MESSAGE][PASSED] - Object: 'Object Repository/Backoffice/Clients/Clients' is focused

2018-10-12 14:00:04 - [TEST_STEP][PASSED] - verifyElementPresent: Object 'Object Repository/Backoffice/Clients/Client Registration' is present

2018-10-12 14:00:04 - [MESSAGE][PASSED] - Object 'Object Repository/Backoffice/Clients/Client Registration' is present

2018-10-12 14:00:04 - [TEST_STEP][PASSED] - click: Object: 'Object Repository/Backoffice/Clients/Client Registration' is clicked on

2018-10-12 14:00:04 - [MESSAGE][PASSED] - Object: 'Object Repository/Backoffice/Clients/Client Registration' is clicked on

2018-10-12 14:00:04 - [TEST_STEP][PASSED] - setText: Text 'judiciousjovial' is set on object 'Object Repository/Backoffice/Clients/Registration/input_username'

2018-10-12 14:00:05 - [MESSAGE][PASSED] - Text 'judiciousjovial' is set on object 'Object Repository/Backoffice/Clients/Registration/input_username'

2018-10-12 14:00:05 - [TEST_STEP][PASSED] - setText: Text '123123' is set on object 'Object Repository/Backoffice/Clients/Registration/input_password'

2018-10-12 14:00:05 - [MESSAGE][PASSED] - Text '123123' is set on object 'Object Repository/Backoffice/Clients/Registration/input_password'

2018-10-12 14:00:05 - [TEST_STEP][PASSED] - setText: Text '123123' is set on object 'Object Repository/Backoffice/Clients/Registration/input_confirmp'

2018-10-12 14:00:05 - [MESSAGE][PASSED] - Text '123123' is set on object 'Object Repository/Backoffice/Clients/Registration/input_confirmp'

2018-10-12 14:00:05 - [TEST_STEP][PASSED] - selectOptionByValue: All options with value 'test' are selected in object 'Object Repository/Backoffice/Clients/Registration/select_operatorcode' 

2018-10-12 14:00:05 - [MESSAGE][PASSED] - All options with value 'test' are selected in object 'Object Repository/Backoffice/Clients/Registration/select_operatorcode' 

2018-10-12 14:00:05 - [TEST_STEP][PASSED] - selectOptionByValue: All options with value '1' are selected in object 'Object Repository/Backoffice/Clients/Registration/select_status' 

2018-10-12 14:00:05 - [MESSAGE][PASSED] - All options with value '1' are selected in object 'Object Repository/Backoffice/Clients/Registration/select_status' 

2018-10-12 14:00:05 - [TEST_STEP][PASSED] - delay: Delayed 2 second(s)

2018-10-12 14:00:07 - [MESSAGE][PASSED] - Delayed 2 second(s)

2018-10-12 14:00:07 - [TEST_STEP][PASSED] - click: Object: 'Object Repository/Backoffice/Clients/Registration/button_Submit' is clicked on

2018-10-12 14:00:08 - [MESSAGE][PASSED] - Object: 'Object Repository/Backoffice/Clients/Registration/button_Submit' is clicked on

2018-10-12 14:00:08 - [TEST_STEP][PASSED] - delay: Delayed 2 second(s)

2018-10-12 14:00:10 - [MESSAGE][PASSED] - Delayed 2 second(s)]]></system-out>
         <system-err><![CDATA[]]></system-err>
      </testcase>
      <testcase name="Test Cases/Backoffice/RegisterAccount" classname="Test Cases/Backoffice/RegisterAccount" status="PASSED">
         <system-out><![CDATA[2018-10-12 14:00:10 - [TEST_CASE][PASSED] - Test Cases/Backoffice/RegisterAccount: Test Cases/Backoffice/RegisterAccount

2018-10-12 14:00:10 - [TEST_STEP][PASSED] - focus: Object: 'Object Repository/Backoffice/Clients/Clients' is focused

2018-10-12 14:00:11 - [MESSAGE][PASSED] - Object: 'Object Repository/Backoffice/Clients/Clients' is focused

2018-10-12 14:00:11 - [TEST_STEP][PASSED] - verifyElementPresent: Object 'Object Repository/Backoffice/Clients/Client Registration' is present

2018-10-12 14:00:11 - [MESSAGE][PASSED] - Object 'Object Repository/Backoffice/Clients/Client Registration' is present

2018-10-12 14:00:11 - [TEST_STEP][PASSED] - click: Object: 'Object Repository/Backoffice/Clients/Client Registration' is clicked on

2018-10-12 14:00:11 - [MESSAGE][PASSED] - Object: 'Object Repository/Backoffice/Clients/Client Registration' is clicked on

2018-10-12 14:00:11 - [TEST_STEP][PASSED] - setText: Text 'jugglejackdaw' is set on object 'Object Repository/Backoffice/Clients/Registration/input_username'

2018-10-12 14:00:12 - [MESSAGE][PASSED] - Text 'jugglejackdaw' is set on object 'Object Repository/Backoffice/Clients/Registration/input_username'

2018-10-12 14:00:12 - [TEST_STEP][PASSED] - setText: Text '123123' is set on object 'Object Repository/Backoffice/Clients/Registration/input_password'

2018-10-12 14:00:12 - [MESSAGE][PASSED] - Text '123123' is set on object 'Object Repository/Backoffice/Clients/Registration/input_password'

2018-10-12 14:00:12 - [TEST_STEP][PASSED] - setText: Text '123123' is set on object 'Object Repository/Backoffice/Clients/Registration/input_confirmp'

2018-10-12 14:00:12 - [MESSAGE][PASSED] - Text '123123' is set on object 'Object Repository/Backoffice/Clients/Registration/input_confirmp'

2018-10-12 14:00:12 - [TEST_STEP][PASSED] - selectOptionByValue: All options with value 'test' are selected in object 'Object Repository/Backoffice/Clients/Registration/select_operatorcode' 

2018-10-12 14:00:12 - [MESSAGE][PASSED] - All options with value 'test' are selected in object 'Object Repository/Backoffice/Clients/Registration/select_operatorcode' 

2018-10-12 14:00:12 - [TEST_STEP][PASSED] - selectOptionByValue: All options with value '1' are selected in object 'Object Repository/Backoffice/Clients/Registration/select_status' 

2018-10-12 14:00:12 - [MESSAGE][PASSED] - All options with value '1' are selected in object 'Object Repository/Backoffice/Clients/Registration/select_status' 

2018-10-12 14:00:12 - [TEST_STEP][PASSED] - delay: Delayed 2 second(s)

2018-10-12 14:00:14 - [MESSAGE][PASSED] - Delayed 2 second(s)

2018-10-12 14:00:14 - [TEST_STEP][PASSED] - click: Object: 'Object Repository/Backoffice/Clients/Registration/button_Submit' is clicked on

2018-10-12 14:00:15 - [MESSAGE][PASSED] - Object: 'Object Repository/Backoffice/Clients/Registration/button_Submit' is clicked on

2018-10-12 14:00:15 - [TEST_STEP][PASSED] - delay: Delayed 2 second(s)

2018-10-12 14:00:17 - [MESSAGE][PASSED] - Delayed 2 second(s)]]></system-out>
         <system-err><![CDATA[]]></system-err>
      </testcase>
      <testcase name="Test Cases/Backoffice/RegisterAccount" classname="Test Cases/Backoffice/RegisterAccount" status="PASSED">
         <system-out><![CDATA[2018-10-12 14:00:17 - [TEST_CASE][PASSED] - Test Cases/Backoffice/RegisterAccount: Test Cases/Backoffice/RegisterAccount

2018-10-12 14:00:17 - [TEST_STEP][PASSED] - focus: Object: 'Object Repository/Backoffice/Clients/Clients' is focused

2018-10-12 14:00:18 - [MESSAGE][PASSED] - Object: 'Object Repository/Backoffice/Clients/Clients' is focused

2018-10-12 14:00:18 - [TEST_STEP][PASSED] - verifyElementPresent: Object 'Object Repository/Backoffice/Clients/Client Registration' is present

2018-10-12 14:00:18 - [MESSAGE][PASSED] - Object 'Object Repository/Backoffice/Clients/Client Registration' is present

2018-10-12 14:00:18 - [TEST_STEP][PASSED] - click: Object: 'Object Repository/Backoffice/Clients/Client Registration' is clicked on

2018-10-12 14:00:18 - [MESSAGE][PASSED] - Object: 'Object Repository/Backoffice/Clients/Client Registration' is clicked on

2018-10-12 14:00:18 - [TEST_STEP][PASSED] - setText: Text 'jackyardjumbo' is set on object 'Object Repository/Backoffice/Clients/Registration/input_username'

2018-10-12 14:00:18 - [MESSAGE][PASSED] - Text 'jackyardjumbo' is set on object 'Object Repository/Backoffice/Clients/Registration/input_username'

2018-10-12 14:00:18 - [TEST_STEP][PASSED] - setText: Text '123123' is set on object 'Object Repository/Backoffice/Clients/Registration/input_password'

2018-10-12 14:00:19 - [MESSAGE][PASSED] - Text '123123' is set on object 'Object Repository/Backoffice/Clients/Registration/input_password'

2018-10-12 14:00:19 - [TEST_STEP][PASSED] - setText: Text '123123' is set on object 'Object Repository/Backoffice/Clients/Registration/input_confirmp'

2018-10-12 14:00:19 - [MESSAGE][PASSED] - Text '123123' is set on object 'Object Repository/Backoffice/Clients/Registration/input_confirmp'

2018-10-12 14:00:19 - [TEST_STEP][PASSED] - selectOptionByValue: All options with value 'test' are selected in object 'Object Repository/Backoffice/Clients/Registration/select_operatorcode' 

2018-10-12 14:00:19 - [MESSAGE][PASSED] - All options with value 'test' are selected in object 'Object Repository/Backoffice/Clients/Registration/select_operatorcode' 

2018-10-12 14:00:19 - [TEST_STEP][PASSED] - selectOptionByValue: All options with value '1' are selected in object 'Object Repository/Backoffice/Clients/Registration/select_status' 

2018-10-12 14:00:19 - [MESSAGE][PASSED] - All options with value '1' are selected in object 'Object Repository/Backoffice/Clients/Registration/select_status' 

2018-10-12 14:00:19 - [TEST_STEP][PASSED] - delay: Delayed 2 second(s)

2018-10-12 14:00:21 - [MESSAGE][PASSED] - Delayed 2 second(s)

2018-10-12 14:00:21 - [TEST_STEP][PASSED] - click: Object: 'Object Repository/Backoffice/Clients/Registration/button_Submit' is clicked on

2018-10-12 14:00:22 - [MESSAGE][PASSED] - Object: 'Object Repository/Backoffice/Clients/Registration/button_Submit' is clicked on

2018-10-12 14:00:22 - [TEST_STEP][PASSED] - delay: Delayed 2 second(s)

2018-10-12 14:00:24 - [MESSAGE][PASSED] - Delayed 2 second(s)]]></system-out>
         <system-err><![CDATA[]]></system-err>
      </testcase>
      <testcase name="Test Cases/Backoffice/RegisterAccount" classname="Test Cases/Backoffice/RegisterAccount" status="PASSED">
         <system-out><![CDATA[2018-10-12 14:00:24 - [TEST_CASE][PASSED] - Test Cases/Backoffice/RegisterAccount: Test Cases/Backoffice/RegisterAccount

2018-10-12 14:00:24 - [TEST_STEP][PASSED] - focus: Object: 'Object Repository/Backoffice/Clients/Clients' is focused

2018-10-12 14:00:24 - [MESSAGE][PASSED] - Object: 'Object Repository/Backoffice/Clients/Clients' is focused

2018-10-12 14:00:24 - [TEST_STEP][PASSED] - verifyElementPresent: Object 'Object Repository/Backoffice/Clients/Client Registration' is present

2018-10-12 14:00:24 - [MESSAGE][PASSED] - Object 'Object Repository/Backoffice/Clients/Client Registration' is present

2018-10-12 14:00:24 - [TEST_STEP][PASSED] - click: Object: 'Object Repository/Backoffice/Clients/Client Registration' is clicked on

2018-10-12 14:00:25 - [MESSAGE][PASSED] - Object: 'Object Repository/Backoffice/Clients/Client Registration' is clicked on

2018-10-12 14:00:25 - [TEST_STEP][PASSED] - setText: Text 'junkiejottish' is set on object 'Object Repository/Backoffice/Clients/Registration/input_username'

2018-10-12 14:00:25 - [MESSAGE][PASSED] - Text 'junkiejottish' is set on object 'Object Repository/Backoffice/Clients/Registration/input_username'

2018-10-12 14:00:25 - [TEST_STEP][PASSED] - setText: Text '123123' is set on object 'Object Repository/Backoffice/Clients/Registration/input_password'

2018-10-12 14:00:25 - [MESSAGE][PASSED] - Text '123123' is set on object 'Object Repository/Backoffice/Clients/Registration/input_password'

2018-10-12 14:00:25 - [TEST_STEP][PASSED] - setText: Text '123123' is set on object 'Object Repository/Backoffice/Clients/Registration/input_confirmp'

2018-10-12 14:00:26 - [MESSAGE][PASSED] - Text '123123' is set on object 'Object Repository/Backoffice/Clients/Registration/input_confirmp'

2018-10-12 14:00:26 - [TEST_STEP][PASSED] - selectOptionByValue: All options with value 'test' are selected in object 'Object Repository/Backoffice/Clients/Registration/select_operatorcode' 

2018-10-12 14:00:26 - [MESSAGE][PASSED] - All options with value 'test' are selected in object 'Object Repository/Backoffice/Clients/Registration/select_operatorcode' 

2018-10-12 14:00:26 - [TEST_STEP][PASSED] - selectOptionByValue: All options with value '1' are selected in object 'Object Repository/Backoffice/Clients/Registration/select_status' 

2018-10-12 14:00:26 - [MESSAGE][PASSED] - All options with value '1' are selected in object 'Object Repository/Backoffice/Clients/Registration/select_status' 

2018-10-12 14:00:26 - [TEST_STEP][PASSED] - delay: Delayed 2 second(s)

2018-10-12 14:00:28 - [MESSAGE][PASSED] - Delayed 2 second(s)

2018-10-12 14:00:28 - [TEST_STEP][PASSED] - click: Object: 'Object Repository/Backoffice/Clients/Registration/button_Submit' is clicked on

2018-10-12 14:00:29 - [MESSAGE][PASSED] - Object: 'Object Repository/Backoffice/Clients/Registration/button_Submit' is clicked on

2018-10-12 14:00:29 - [TEST_STEP][PASSED] - delay: Delayed 2 second(s)

2018-10-12 14:00:31 - [MESSAGE][PASSED] - Delayed 2 second(s)]]></system-out>
         <system-err><![CDATA[]]></system-err>
      </testcase>
      <testcase name="Test Cases/Backoffice/RegisterAccount" classname="Test Cases/Backoffice/RegisterAccount" status="PASSED">
         <system-out><![CDATA[2018-10-12 14:00:31 - [TEST_CASE][PASSED] - Test Cases/Backoffice/RegisterAccount: Test Cases/Backoffice/RegisterAccount

2018-10-12 14:00:31 - [TEST_STEP][PASSED] - focus: Object: 'Object Repository/Backoffice/Clients/Clients' is focused

2018-10-12 14:00:31 - [MESSAGE][PASSED] - Object: 'Object Repository/Backoffice/Clients/Clients' is focused

2018-10-12 14:00:31 - [TEST_STEP][PASSED] - verifyElementPresent: Object 'Object Repository/Backoffice/Clients/Client Registration' is present

2018-10-12 14:00:31 - [MESSAGE][PASSED] - Object 'Object Repository/Backoffice/Clients/Client Registration' is present

2018-10-12 14:00:31 - [TEST_STEP][PASSED] - click: Object: 'Object Repository/Backoffice/Clients/Client Registration' is clicked on

2018-10-12 14:00:32 - [MESSAGE][PASSED] - Object: 'Object Repository/Backoffice/Clients/Client Registration' is clicked on

2018-10-12 14:00:32 - [TEST_STEP][PASSED] - setText: Text 'jowljoke' is set on object 'Object Repository/Backoffice/Clients/Registration/input_username'

2018-10-12 14:00:33 - [MESSAGE][PASSED] - Text 'jowljoke' is set on object 'Object Repository/Backoffice/Clients/Registration/input_username'

2018-10-12 14:00:33 - [TEST_STEP][PASSED] - setText: Text '123123' is set on object 'Object Repository/Backoffice/Clients/Registration/input_password'

2018-10-12 14:00:33 - [MESSAGE][PASSED] - Text '123123' is set on object 'Object Repository/Backoffice/Clients/Registration/input_password'

2018-10-12 14:00:33 - [TEST_STEP][PASSED] - setText: Text '123123' is set on object 'Object Repository/Backoffice/Clients/Registration/input_confirmp'

2018-10-12 14:00:34 - [MESSAGE][PASSED] - Text '123123' is set on object 'Object Repository/Backoffice/Clients/Registration/input_confirmp'

2018-10-12 14:00:34 - [TEST_STEP][PASSED] - selectOptionByValue: All options with value 'test' are selected in object 'Object Repository/Backoffice/Clients/Registration/select_operatorcode' 

2018-10-12 14:00:34 - [MESSAGE][PASSED] - All options with value 'test' are selected in object 'Object Repository/Backoffice/Clients/Registration/select_operatorcode' 

2018-10-12 14:00:34 - [TEST_STEP][PASSED] - selectOptionByValue: All options with value '1' are selected in object 'Object Repository/Backoffice/Clients/Registration/select_status' 

2018-10-12 14:00:34 - [MESSAGE][PASSED] - All options with value '1' are selected in object 'Object Repository/Backoffice/Clients/Registration/select_status' 

2018-10-12 14:00:34 - [TEST_STEP][PASSED] - delay: Delayed 2 second(s)

2018-10-12 14:00:36 - [MESSAGE][PASSED] - Delayed 2 second(s)

2018-10-12 14:00:36 - [TEST_STEP][PASSED] - click: Object: 'Object Repository/Backoffice/Clients/Registration/button_Submit' is clicked on

2018-10-12 14:00:37 - [MESSAGE][PASSED] - Object: 'Object Repository/Backoffice/Clients/Registration/button_Submit' is clicked on

2018-10-12 14:00:37 - [TEST_STEP][PASSED] - delay: Delayed 2 second(s)

2018-10-12 14:00:39 - [MESSAGE][PASSED] - Delayed 2 second(s)]]></system-out>
         <system-err><![CDATA[]]></system-err>
      </testcase>
      <testcase name="Test Cases/Backoffice/RegisterAccount" classname="Test Cases/Backoffice/RegisterAccount" status="PASSED">
         <system-out><![CDATA[2018-10-12 14:00:39 - [TEST_CASE][PASSED] - Test Cases/Backoffice/RegisterAccount: Test Cases/Backoffice/RegisterAccount

2018-10-12 14:00:39 - [TEST_STEP][PASSED] - focus: Object: 'Object Repository/Backoffice/Clients/Clients' is focused

2018-10-12 14:00:39 - [MESSAGE][PASSED] - Object: 'Object Repository/Backoffice/Clients/Clients' is focused

2018-10-12 14:00:39 - [TEST_STEP][PASSED] - verifyElementPresent: Object 'Object Repository/Backoffice/Clients/Client Registration' is present

2018-10-12 14:00:39 - [MESSAGE][PASSED] - Object 'Object Repository/Backoffice/Clients/Client Registration' is present

2018-10-12 14:00:39 - [TEST_STEP][PASSED] - click: Object: 'Object Repository/Backoffice/Clients/Client Registration' is clicked on

2018-10-12 14:00:40 - [MESSAGE][PASSED] - Object: 'Object Repository/Backoffice/Clients/Client Registration' is clicked on

2018-10-12 14:00:40 - [TEST_STEP][PASSED] - setText: Text 'jubilantjobless' is set on object 'Object Repository/Backoffice/Clients/Registration/input_username'

2018-10-12 14:00:41 - [MESSAGE][PASSED] - Text 'jubilantjobless' is set on object 'Object Repository/Backoffice/Clients/Registration/input_username'

2018-10-12 14:00:41 - [TEST_STEP][PASSED] - setText: Text '123123' is set on object 'Object Repository/Backoffice/Clients/Registration/input_password'

2018-10-12 14:00:42 - [MESSAGE][PASSED] - Text '123123' is set on object 'Object Repository/Backoffice/Clients/Registration/input_password'

2018-10-12 14:00:42 - [TEST_STEP][PASSED] - setText: Text '123123' is set on object 'Object Repository/Backoffice/Clients/Registration/input_confirmp'

2018-10-12 14:00:42 - [MESSAGE][PASSED] - Text '123123' is set on object 'Object Repository/Backoffice/Clients/Registration/input_confirmp'

2018-10-12 14:00:42 - [TEST_STEP][PASSED] - selectOptionByValue: All options with value 'test' are selected in object 'Object Repository/Backoffice/Clients/Registration/select_operatorcode' 

2018-10-12 14:00:42 - [MESSAGE][PASSED] - All options with value 'test' are selected in object 'Object Repository/Backoffice/Clients/Registration/select_operatorcode' 

2018-10-12 14:00:42 - [TEST_STEP][PASSED] - selectOptionByValue: All options with value '1' are selected in object 'Object Repository/Backoffice/Clients/Registration/select_status' 

2018-10-12 14:00:42 - [MESSAGE][PASSED] - All options with value '1' are selected in object 'Object Repository/Backoffice/Clients/Registration/select_status' 

2018-10-12 14:00:42 - [TEST_STEP][PASSED] - delay: Delayed 2 second(s)

2018-10-12 14:00:44 - [MESSAGE][PASSED] - Delayed 2 second(s)

2018-10-12 14:00:44 - [TEST_STEP][PASSED] - click: Object: 'Object Repository/Backoffice/Clients/Registration/button_Submit' is clicked on

2018-10-12 14:00:45 - [MESSAGE][PASSED] - Object: 'Object Repository/Backoffice/Clients/Registration/button_Submit' is clicked on

2018-10-12 14:00:45 - [TEST_STEP][PASSED] - delay: Delayed 2 second(s)

2018-10-12 14:00:47 - [MESSAGE][PASSED] - Delayed 2 second(s)]]></system-out>
         <system-err><![CDATA[]]></system-err>
      </testcase>
      <testcase name="Test Cases/Backoffice/RegisterAccount" classname="Test Cases/Backoffice/RegisterAccount" status="PASSED">
         <system-out><![CDATA[2018-10-12 14:00:47 - [TEST_CASE][PASSED] - Test Cases/Backoffice/RegisterAccount: Test Cases/Backoffice/RegisterAccount

2018-10-12 14:00:47 - [TEST_STEP][PASSED] - focus: Object: 'Object Repository/Backoffice/Clients/Clients' is focused

2018-10-12 14:00:47 - [MESSAGE][PASSED] - Object: 'Object Repository/Backoffice/Clients/Clients' is focused

2018-10-12 14:00:47 - [TEST_STEP][PASSED] - verifyElementPresent: Object 'Object Repository/Backoffice/Clients/Client Registration' is present

2018-10-12 14:00:47 - [MESSAGE][PASSED] - Object 'Object Repository/Backoffice/Clients/Client Registration' is present

2018-10-12 14:00:47 - [TEST_STEP][PASSED] - click: Object: 'Object Repository/Backoffice/Clients/Client Registration' is clicked on

2018-10-12 14:00:48 - [MESSAGE][PASSED] - Object: 'Object Repository/Backoffice/Clients/Client Registration' is clicked on

2018-10-12 14:00:48 - [TEST_STEP][PASSED] - setText: Text 'jaggedjibboom' is set on object 'Object Repository/Backoffice/Clients/Registration/input_username'

2018-10-12 14:00:49 - [MESSAGE][PASSED] - Text 'jaggedjibboom' is set on object 'Object Repository/Backoffice/Clients/Registration/input_username'

2018-10-12 14:00:49 - [TEST_STEP][PASSED] - setText: Text '123123' is set on object 'Object Repository/Backoffice/Clients/Registration/input_password'

2018-10-12 14:00:49 - [MESSAGE][PASSED] - Text '123123' is set on object 'Object Repository/Backoffice/Clients/Registration/input_password'

2018-10-12 14:00:49 - [TEST_STEP][PASSED] - setText: Text '123123' is set on object 'Object Repository/Backoffice/Clients/Registration/input_confirmp'

2018-10-12 14:00:49 - [MESSAGE][PASSED] - Text '123123' is set on object 'Object Repository/Backoffice/Clients/Registration/input_confirmp'

2018-10-12 14:00:49 - [TEST_STEP][PASSED] - selectOptionByValue: All options with value 'test' are selected in object 'Object Repository/Backoffice/Clients/Registration/select_operatorcode' 

2018-10-12 14:00:49 - [MESSAGE][PASSED] - All options with value 'test' are selected in object 'Object Repository/Backoffice/Clients/Registration/select_operatorcode' 

2018-10-12 14:00:49 - [TEST_STEP][PASSED] - selectOptionByValue: All options with value '1' are selected in object 'Object Repository/Backoffice/Clients/Registration/select_status' 

2018-10-12 14:00:50 - [MESSAGE][PASSED] - All options with value '1' are selected in object 'Object Repository/Backoffice/Clients/Registration/select_status' 

2018-10-12 14:00:50 - [TEST_STEP][PASSED] - delay: Delayed 2 second(s)

2018-10-12 14:00:52 - [MESSAGE][PASSED] - Delayed 2 second(s)

2018-10-12 14:00:52 - [TEST_STEP][PASSED] - click: Object: 'Object Repository/Backoffice/Clients/Registration/button_Submit' is clicked on

2018-10-12 14:00:53 - [MESSAGE][PASSED] - Object: 'Object Repository/Backoffice/Clients/Registration/button_Submit' is clicked on

2018-10-12 14:00:53 - [TEST_STEP][PASSED] - delay: Delayed 2 second(s)

2018-10-12 14:00:55 - [MESSAGE][PASSED] - Delayed 2 second(s)]]></system-out>
         <system-err><![CDATA[]]></system-err>
      </testcase>
      <testcase name="Test Cases/Backoffice/RegisterAccount" classname="Test Cases/Backoffice/RegisterAccount" status="PASSED">
         <system-out><![CDATA[2018-10-12 14:00:55 - [TEST_CASE][PASSED] - Test Cases/Backoffice/RegisterAccount: Test Cases/Backoffice/RegisterAccount

2018-10-12 14:00:55 - [TEST_STEP][PASSED] - focus: Object: 'Object Repository/Backoffice/Clients/Clients' is focused

2018-10-12 14:00:55 - [MESSAGE][PASSED] - Object: 'Object Repository/Backoffice/Clients/Clients' is focused

2018-10-12 14:00:55 - [TEST_STEP][PASSED] - verifyElementPresent: Object 'Object Repository/Backoffice/Clients/Client Registration' is present

2018-10-12 14:00:55 - [MESSAGE][PASSED] - Object 'Object Repository/Backoffice/Clients/Client Registration' is present

2018-10-12 14:00:55 - [TEST_STEP][PASSED] - click: Object: 'Object Repository/Backoffice/Clients/Client Registration' is clicked on

2018-10-12 14:00:55 - [MESSAGE][PASSED] - Object: 'Object Repository/Backoffice/Clients/Client Registration' is clicked on

2018-10-12 14:00:55 - [TEST_STEP][PASSED] - setText: Text 'jabjointed' is set on object 'Object Repository/Backoffice/Clients/Registration/input_username'

2018-10-12 14:00:56 - [MESSAGE][PASSED] - Text 'jabjointed' is set on object 'Object Repository/Backoffice/Clients/Registration/input_username'

2018-10-12 14:00:56 - [TEST_STEP][PASSED] - setText: Text '123123' is set on object 'Object Repository/Backoffice/Clients/Registration/input_password'

2018-10-12 14:00:56 - [MESSAGE][PASSED] - Text '123123' is set on object 'Object Repository/Backoffice/Clients/Registration/input_password'

2018-10-12 14:00:56 - [TEST_STEP][PASSED] - setText: Text '123123' is set on object 'Object Repository/Backoffice/Clients/Registration/input_confirmp'

2018-10-12 14:00:56 - [MESSAGE][PASSED] - Text '123123' is set on object 'Object Repository/Backoffice/Clients/Registration/input_confirmp'

2018-10-12 14:00:56 - [TEST_STEP][PASSED] - selectOptionByValue: All options with value 'test' are selected in object 'Object Repository/Backoffice/Clients/Registration/select_operatorcode' 

2018-10-12 14:00:56 - [MESSAGE][PASSED] - All options with value 'test' are selected in object 'Object Repository/Backoffice/Clients/Registration/select_operatorcode' 

2018-10-12 14:00:56 - [TEST_STEP][PASSED] - selectOptionByValue: All options with value '1' are selected in object 'Object Repository/Backoffice/Clients/Registration/select_status' 

2018-10-12 14:00:56 - [MESSAGE][PASSED] - All options with value '1' are selected in object 'Object Repository/Backoffice/Clients/Registration/select_status' 

2018-10-12 14:00:56 - [TEST_STEP][PASSED] - delay: Delayed 2 second(s)

2018-10-12 14:00:58 - [MESSAGE][PASSED] - Delayed 2 second(s)

2018-10-12 14:00:58 - [TEST_STEP][PASSED] - click: Object: 'Object Repository/Backoffice/Clients/Registration/button_Submit' is clicked on

2018-10-12 14:00:59 - [MESSAGE][PASSED] - Object: 'Object Repository/Backoffice/Clients/Registration/button_Submit' is clicked on

2018-10-12 14:00:59 - [TEST_STEP][PASSED] - delay: Delayed 2 second(s)

2018-10-12 14:01:01 - [MESSAGE][PASSED] - Delayed 2 second(s)]]></system-out>
         <system-err><![CDATA[]]></system-err>
      </testcase>
      <testcase name="Test Cases/Backoffice/RegisterAccount" classname="Test Cases/Backoffice/RegisterAccount" status="PASSED">
         <system-out><![CDATA[2018-10-12 14:01:01 - [TEST_CASE][PASSED] - Test Cases/Backoffice/RegisterAccount: Test Cases/Backoffice/RegisterAccount

2018-10-12 14:01:01 - [TEST_STEP][PASSED] - focus: Object: 'Object Repository/Backoffice/Clients/Clients' is focused

2018-10-12 14:01:01 - [MESSAGE][PASSED] - Object: 'Object Repository/Backoffice/Clients/Clients' is focused

2018-10-12 14:01:01 - [TEST_STEP][PASSED] - verifyElementPresent: Object 'Object Repository/Backoffice/Clients/Client Registration' is present

2018-10-12 14:01:01 - [MESSAGE][PASSED] - Object 'Object Repository/Backoffice/Clients/Client Registration' is present

2018-10-12 14:01:01 - [TEST_STEP][PASSED] - click: Object: 'Object Repository/Backoffice/Clients/Client Registration' is clicked on

2018-10-12 14:01:02 - [MESSAGE][PASSED] - Object: 'Object Repository/Backoffice/Clients/Client Registration' is clicked on

2018-10-12 14:01:03 - [TEST_STEP][PASSED] - setText: Text 'jabiesjockey' is set on object 'Object Repository/Backoffice/Clients/Registration/input_username'

2018-10-12 14:01:03 - [MESSAGE][PASSED] - Text 'jabiesjockey' is set on object 'Object Repository/Backoffice/Clients/Registration/input_username'

2018-10-12 14:01:03 - [TEST_STEP][PASSED] - setText: Text '123123' is set on object 'Object Repository/Backoffice/Clients/Registration/input_password'

2018-10-12 14:01:03 - [MESSAGE][PASSED] - Text '123123' is set on object 'Object Repository/Backoffice/Clients/Registration/input_password'

2018-10-12 14:01:03 - [TEST_STEP][PASSED] - setText: Text '123123' is set on object 'Object Repository/Backoffice/Clients/Registration/input_confirmp'

2018-10-12 14:01:04 - [MESSAGE][PASSED] - Text '123123' is set on object 'Object Repository/Backoffice/Clients/Registration/input_confirmp'

2018-10-12 14:01:04 - [TEST_STEP][PASSED] - selectOptionByValue: All options with value 'test' are selected in object 'Object Repository/Backoffice/Clients/Registration/select_operatorcode' 

2018-10-12 14:01:04 - [MESSAGE][PASSED] - All options with value 'test' are selected in object 'Object Repository/Backoffice/Clients/Registration/select_operatorcode' 

2018-10-12 14:01:04 - [TEST_STEP][PASSED] - selectOptionByValue: All options with value '1' are selected in object 'Object Repository/Backoffice/Clients/Registration/select_status' 

2018-10-12 14:01:04 - [MESSAGE][PASSED] - All options with value '1' are selected in object 'Object Repository/Backoffice/Clients/Registration/select_status' 

2018-10-12 14:01:04 - [TEST_STEP][PASSED] - delay: Delayed 2 second(s)

2018-10-12 14:01:06 - [MESSAGE][PASSED] - Delayed 2 second(s)

2018-10-12 14:01:06 - [TEST_STEP][PASSED] - click: Object: 'Object Repository/Backoffice/Clients/Registration/button_Submit' is clicked on

2018-10-12 14:01:07 - [MESSAGE][PASSED] - Object: 'Object Repository/Backoffice/Clients/Registration/button_Submit' is clicked on

2018-10-12 14:01:07 - [TEST_STEP][PASSED] - delay: Delayed 2 second(s)

2018-10-12 14:01:09 - [MESSAGE][PASSED] - Delayed 2 second(s)]]></system-out>
         <system-err><![CDATA[]]></system-err>
      </testcase>
      <testcase name="Test Cases/Backoffice/RegisterAccount" classname="Test Cases/Backoffice/RegisterAccount" status="PASSED">
         <system-out><![CDATA[2018-10-12 14:01:09 - [TEST_CASE][PASSED] - Test Cases/Backoffice/RegisterAccount: Test Cases/Backoffice/RegisterAccount

2018-10-12 14:01:09 - [TEST_STEP][PASSED] - focus: Object: 'Object Repository/Backoffice/Clients/Clients' is focused

2018-10-12 14:01:09 - [MESSAGE][PASSED] - Object: 'Object Repository/Backoffice/Clients/Clients' is focused

2018-10-12 14:01:09 - [TEST_STEP][PASSED] - verifyElementPresent: Object 'Object Repository/Backoffice/Clients/Client Registration' is present

2018-10-12 14:01:09 - [MESSAGE][PASSED] - Object 'Object Repository/Backoffice/Clients/Client Registration' is present

2018-10-12 14:01:09 - [TEST_STEP][PASSED] - click: Object: 'Object Repository/Backoffice/Clients/Client Registration' is clicked on

2018-10-12 14:01:10 - [MESSAGE][PASSED] - Object: 'Object Repository/Backoffice/Clients/Client Registration' is clicked on

2018-10-12 14:01:10 - [TEST_STEP][PASSED] - setText: Text 'jadedjoyful' is set on object 'Object Repository/Backoffice/Clients/Registration/input_username'

2018-10-12 14:01:11 - [MESSAGE][PASSED] - Text 'jadedjoyful' is set on object 'Object Repository/Backoffice/Clients/Registration/input_username'

2018-10-12 14:01:11 - [TEST_STEP][PASSED] - setText: Text '123123' is set on object 'Object Repository/Backoffice/Clients/Registration/input_password'

2018-10-12 14:01:11 - [MESSAGE][PASSED] - Text '123123' is set on object 'Object Repository/Backoffice/Clients/Registration/input_password'

2018-10-12 14:01:11 - [TEST_STEP][PASSED] - setText: Text '123123' is set on object 'Object Repository/Backoffice/Clients/Registration/input_confirmp'

2018-10-12 14:01:11 - [MESSAGE][PASSED] - Text '123123' is set on object 'Object Repository/Backoffice/Clients/Registration/input_confirmp'

2018-10-12 14:01:11 - [TEST_STEP][PASSED] - selectOptionByValue: All options with value 'test' are selected in object 'Object Repository/Backoffice/Clients/Registration/select_operatorcode' 

2018-10-12 14:01:11 - [MESSAGE][PASSED] - All options with value 'test' are selected in object 'Object Repository/Backoffice/Clients/Registration/select_operatorcode' 

2018-10-12 14:01:11 - [TEST_STEP][PASSED] - selectOptionByValue: All options with value '1' are selected in object 'Object Repository/Backoffice/Clients/Registration/select_status' 

2018-10-12 14:01:12 - [MESSAGE][PASSED] - All options with value '1' are selected in object 'Object Repository/Backoffice/Clients/Registration/select_status' 

2018-10-12 14:01:12 - [TEST_STEP][PASSED] - delay: Delayed 2 second(s)

2018-10-12 14:01:14 - [MESSAGE][PASSED] - Delayed 2 second(s)

2018-10-12 14:01:14 - [TEST_STEP][PASSED] - click: Object: 'Object Repository/Backoffice/Clients/Registration/button_Submit' is clicked on

2018-10-12 14:01:15 - [MESSAGE][PASSED] - Object: 'Object Repository/Backoffice/Clients/Registration/button_Submit' is clicked on

2018-10-12 14:01:15 - [TEST_STEP][PASSED] - delay: Delayed 2 second(s)

2018-10-12 14:01:17 - [MESSAGE][PASSED] - Delayed 2 second(s)]]></system-out>
         <system-err><![CDATA[]]></system-err>
      </testcase>
      <testcase name="Test Cases/Backoffice/RegisterAccount" classname="Test Cases/Backoffice/RegisterAccount" status="PASSED">
         <system-out><![CDATA[2018-10-12 14:01:17 - [TEST_CASE][PASSED] - Test Cases/Backoffice/RegisterAccount: Test Cases/Backoffice/RegisterAccount

2018-10-12 14:01:17 - [TEST_STEP][PASSED] - focus: Object: 'Object Repository/Backoffice/Clients/Clients' is focused

2018-10-12 14:01:17 - [MESSAGE][PASSED] - Object: 'Object Repository/Backoffice/Clients/Clients' is focused

2018-10-12 14:01:17 - [TEST_STEP][PASSED] - verifyElementPresent: Object 'Object Repository/Backoffice/Clients/Client Registration' is present

2018-10-12 14:01:17 - [MESSAGE][PASSED] - Object 'Object Repository/Backoffice/Clients/Client Registration' is present

2018-10-12 14:01:17 - [TEST_STEP][PASSED] - click: Object: 'Object Repository/Backoffice/Clients/Client Registration' is clicked on

2018-10-12 14:01:17 - [MESSAGE][PASSED] - Object: 'Object Repository/Backoffice/Clients/Client Registration' is clicked on

2018-10-12 14:01:17 - [TEST_STEP][PASSED] - setText: Text 'jackstayjewish' is set on object 'Object Repository/Backoffice/Clients/Registration/input_username'

2018-10-12 14:01:17 - [MESSAGE][PASSED] - Text 'jackstayjewish' is set on object 'Object Repository/Backoffice/Clients/Registration/input_username'

2018-10-12 14:01:17 - [TEST_STEP][PASSED] - setText: Text '123123' is set on object 'Object Repository/Backoffice/Clients/Registration/input_password'

2018-10-12 14:01:18 - [MESSAGE][PASSED] - Text '123123' is set on object 'Object Repository/Backoffice/Clients/Registration/input_password'

2018-10-12 14:01:18 - [TEST_STEP][PASSED] - setText: Text '123123' is set on object 'Object Repository/Backoffice/Clients/Registration/input_confirmp'

2018-10-12 14:01:18 - [MESSAGE][PASSED] - Text '123123' is set on object 'Object Repository/Backoffice/Clients/Registration/input_confirmp'

2018-10-12 14:01:18 - [TEST_STEP][PASSED] - selectOptionByValue: All options with value 'test' are selected in object 'Object Repository/Backoffice/Clients/Registration/select_operatorcode' 

2018-10-12 14:01:18 - [MESSAGE][PASSED] - All options with value 'test' are selected in object 'Object Repository/Backoffice/Clients/Registration/select_operatorcode' 

2018-10-12 14:01:18 - [TEST_STEP][PASSED] - selectOptionByValue: All options with value '1' are selected in object 'Object Repository/Backoffice/Clients/Registration/select_status' 

2018-10-12 14:01:18 - [MESSAGE][PASSED] - All options with value '1' are selected in object 'Object Repository/Backoffice/Clients/Registration/select_status' 

2018-10-12 14:01:18 - [TEST_STEP][PASSED] - delay: Delayed 2 second(s)

2018-10-12 14:01:20 - [MESSAGE][PASSED] - Delayed 2 second(s)

2018-10-12 14:01:20 - [TEST_STEP][PASSED] - click: Object: 'Object Repository/Backoffice/Clients/Registration/button_Submit' is clicked on

2018-10-12 14:01:21 - [MESSAGE][PASSED] - Object: 'Object Repository/Backoffice/Clients/Registration/button_Submit' is clicked on

2018-10-12 14:01:21 - [TEST_STEP][PASSED] - delay: Delayed 2 second(s)

2018-10-12 14:01:23 - [MESSAGE][PASSED] - Delayed 2 second(s)]]></system-out>
         <system-err><![CDATA[]]></system-err>
      </testcase>
      <testcase name="Test Cases/Backoffice/RegisterAccount" classname="Test Cases/Backoffice/RegisterAccount" status="PASSED">
         <system-out><![CDATA[2018-10-12 14:01:23 - [TEST_CASE][PASSED] - Test Cases/Backoffice/RegisterAccount: Test Cases/Backoffice/RegisterAccount

2018-10-12 14:01:23 - [TEST_STEP][PASSED] - focus: Object: 'Object Repository/Backoffice/Clients/Clients' is focused

2018-10-12 14:01:23 - [MESSAGE][PASSED] - Object: 'Object Repository/Backoffice/Clients/Clients' is focused

2018-10-12 14:01:23 - [TEST_STEP][PASSED] - verifyElementPresent: Object 'Object Repository/Backoffice/Clients/Client Registration' is present

2018-10-12 14:01:23 - [MESSAGE][PASSED] - Object 'Object Repository/Backoffice/Clients/Client Registration' is present

2018-10-12 14:01:23 - [TEST_STEP][PASSED] - click: Object: 'Object Repository/Backoffice/Clients/Client Registration' is clicked on

2018-10-12 14:01:24 - [MESSAGE][PASSED] - Object: 'Object Repository/Backoffice/Clients/Client Registration' is clicked on

2018-10-12 14:01:24 - [TEST_STEP][PASSED] - setText: Text 'jollyjuvenile' is set on object 'Object Repository/Backoffice/Clients/Registration/input_username'

2018-10-12 14:01:24 - [MESSAGE][PASSED] - Text 'jollyjuvenile' is set on object 'Object Repository/Backoffice/Clients/Registration/input_username'

2018-10-12 14:01:24 - [TEST_STEP][PASSED] - setText: Text '123123' is set on object 'Object Repository/Backoffice/Clients/Registration/input_password'

2018-10-12 14:01:24 - [MESSAGE][PASSED] - Text '123123' is set on object 'Object Repository/Backoffice/Clients/Registration/input_password'

2018-10-12 14:01:24 - [TEST_STEP][PASSED] - setText: Text '123123' is set on object 'Object Repository/Backoffice/Clients/Registration/input_confirmp'

2018-10-12 14:01:25 - [MESSAGE][PASSED] - Text '123123' is set on object 'Object Repository/Backoffice/Clients/Registration/input_confirmp'

2018-10-12 14:01:25 - [TEST_STEP][PASSED] - selectOptionByValue: All options with value 'test' are selected in object 'Object Repository/Backoffice/Clients/Registration/select_operatorcode' 

2018-10-12 14:01:25 - [MESSAGE][PASSED] - All options with value 'test' are selected in object 'Object Repository/Backoffice/Clients/Registration/select_operatorcode' 

2018-10-12 14:01:25 - [TEST_STEP][PASSED] - selectOptionByValue: All options with value '1' are selected in object 'Object Repository/Backoffice/Clients/Registration/select_status' 

2018-10-12 14:01:25 - [MESSAGE][PASSED] - All options with value '1' are selected in object 'Object Repository/Backoffice/Clients/Registration/select_status' 

2018-10-12 14:01:25 - [TEST_STEP][PASSED] - delay: Delayed 2 second(s)

2018-10-12 14:01:27 - [MESSAGE][PASSED] - Delayed 2 second(s)

2018-10-12 14:01:27 - [TEST_STEP][PASSED] - click: Object: 'Object Repository/Backoffice/Clients/Registration/button_Submit' is clicked on

2018-10-12 14:01:28 - [MESSAGE][PASSED] - Object: 'Object Repository/Backoffice/Clients/Registration/button_Submit' is clicked on

2018-10-12 14:01:28 - [TEST_STEP][PASSED] - delay: Delayed 2 second(s)

2018-10-12 14:01:30 - [MESSAGE][PASSED] - Delayed 2 second(s)]]></system-out>
         <system-err><![CDATA[]]></system-err>
      </testcase>
      <testcase name="Test Cases/Backoffice/RegisterAccount" classname="Test Cases/Backoffice/RegisterAccount" status="PASSED">
         <system-out><![CDATA[2018-10-12 14:01:30 - [TEST_CASE][PASSED] - Test Cases/Backoffice/RegisterAccount: Test Cases/Backoffice/RegisterAccount

2018-10-12 14:01:30 - [TEST_STEP][PASSED] - focus: Object: 'Object Repository/Backoffice/Clients/Clients' is focused

2018-10-12 14:01:30 - [MESSAGE][PASSED] - Object: 'Object Repository/Backoffice/Clients/Clients' is focused

2018-10-12 14:01:30 - [TEST_STEP][PASSED] - verifyElementPresent: Object 'Object Repository/Backoffice/Clients/Client Registration' is present

2018-10-12 14:01:30 - [MESSAGE][PASSED] - Object 'Object Repository/Backoffice/Clients/Client Registration' is present

2018-10-12 14:01:30 - [TEST_STEP][PASSED] - click: Object: 'Object Repository/Backoffice/Clients/Client Registration' is clicked on

2018-10-12 14:01:31 - [MESSAGE][PASSED] - Object: 'Object Repository/Backoffice/Clients/Client Registration' is clicked on

2018-10-12 14:01:31 - [TEST_STEP][PASSED] - setText: Text 'junejansky' is set on object 'Object Repository/Backoffice/Clients/Registration/input_username'

2018-10-12 14:01:31 - [MESSAGE][PASSED] - Text 'junejansky' is set on object 'Object Repository/Backoffice/Clients/Registration/input_username'

2018-10-12 14:01:31 - [TEST_STEP][PASSED] - setText: Text '123123' is set on object 'Object Repository/Backoffice/Clients/Registration/input_password'

2018-10-12 14:01:31 - [MESSAGE][PASSED] - Text '123123' is set on object 'Object Repository/Backoffice/Clients/Registration/input_password'

2018-10-12 14:01:31 - [TEST_STEP][PASSED] - setText: Text '123123' is set on object 'Object Repository/Backoffice/Clients/Registration/input_confirmp'

2018-10-12 14:01:32 - [MESSAGE][PASSED] - Text '123123' is set on object 'Object Repository/Backoffice/Clients/Registration/input_confirmp'

2018-10-12 14:01:32 - [TEST_STEP][PASSED] - selectOptionByValue: All options with value 'test' are selected in object 'Object Repository/Backoffice/Clients/Registration/select_operatorcode' 

2018-10-12 14:01:32 - [MESSAGE][PASSED] - All options with value 'test' are selected in object 'Object Repository/Backoffice/Clients/Registration/select_operatorcode' 

2018-10-12 14:01:32 - [TEST_STEP][PASSED] - selectOptionByValue: All options with value '1' are selected in object 'Object Repository/Backoffice/Clients/Registration/select_status' 

2018-10-12 14:01:32 - [MESSAGE][PASSED] - All options with value '1' are selected in object 'Object Repository/Backoffice/Clients/Registration/select_status' 

2018-10-12 14:01:32 - [TEST_STEP][PASSED] - delay: Delayed 2 second(s)

2018-10-12 14:01:34 - [MESSAGE][PASSED] - Delayed 2 second(s)

2018-10-12 14:01:34 - [TEST_STEP][PASSED] - click: Object: 'Object Repository/Backoffice/Clients/Registration/button_Submit' is clicked on

2018-10-12 14:01:35 - [MESSAGE][PASSED] - Object: 'Object Repository/Backoffice/Clients/Registration/button_Submit' is clicked on

2018-10-12 14:01:35 - [TEST_STEP][PASSED] - delay: Delayed 2 second(s)

2018-10-12 14:01:37 - [MESSAGE][PASSED] - Delayed 2 second(s)]]></system-out>
         <system-err><![CDATA[]]></system-err>
      </testcase>
      <testcase name="Test Cases/Backoffice/RegisterAccount" classname="Test Cases/Backoffice/RegisterAccount" status="PASSED">
         <system-out><![CDATA[2018-10-12 14:01:37 - [TEST_CASE][PASSED] - Test Cases/Backoffice/RegisterAccount: Test Cases/Backoffice/RegisterAccount

2018-10-12 14:01:37 - [TEST_STEP][PASSED] - focus: Object: 'Object Repository/Backoffice/Clients/Clients' is focused

2018-10-12 14:01:37 - [MESSAGE][PASSED] - Object: 'Object Repository/Backoffice/Clients/Clients' is focused

2018-10-12 14:01:37 - [TEST_STEP][PASSED] - verifyElementPresent: Object 'Object Repository/Backoffice/Clients/Client Registration' is present

2018-10-12 14:01:37 - [MESSAGE][PASSED] - Object 'Object Repository/Backoffice/Clients/Client Registration' is present

2018-10-12 14:01:37 - [TEST_STEP][PASSED] - click: Object: 'Object Repository/Backoffice/Clients/Client Registration' is clicked on

2018-10-12 14:01:38 - [MESSAGE][PASSED] - Object: 'Object Repository/Backoffice/Clients/Client Registration' is clicked on

2018-10-12 14:01:38 - [TEST_STEP][PASSED] - setText: Text 'juncturejob' is set on object 'Object Repository/Backoffice/Clients/Registration/input_username'

2018-10-12 14:01:38 - [MESSAGE][PASSED] - Text 'juncturejob' is set on object 'Object Repository/Backoffice/Clients/Registration/input_username'

2018-10-12 14:01:38 - [TEST_STEP][PASSED] - setText: Text '123123' is set on object 'Object Repository/Backoffice/Clients/Registration/input_password'

2018-10-12 14:01:38 - [MESSAGE][PASSED] - Text '123123' is set on object 'Object Repository/Backoffice/Clients/Registration/input_password'

2018-10-12 14:01:38 - [TEST_STEP][PASSED] - setText: Text '123123' is set on object 'Object Repository/Backoffice/Clients/Registration/input_confirmp'

2018-10-12 14:01:38 - [MESSAGE][PASSED] - Text '123123' is set on object 'Object Repository/Backoffice/Clients/Registration/input_confirmp'

2018-10-12 14:01:38 - [TEST_STEP][PASSED] - selectOptionByValue: All options with value 'test' are selected in object 'Object Repository/Backoffice/Clients/Registration/select_operatorcode' 

2018-10-12 14:01:38 - [MESSAGE][PASSED] - All options with value 'test' are selected in object 'Object Repository/Backoffice/Clients/Registration/select_operatorcode' 

2018-10-12 14:01:38 - [TEST_STEP][PASSED] - selectOptionByValue: All options with value '1' are selected in object 'Object Repository/Backoffice/Clients/Registration/select_status' 

2018-10-12 14:01:39 - [MESSAGE][PASSED] - All options with value '1' are selected in object 'Object Repository/Backoffice/Clients/Registration/select_status' 

2018-10-12 14:01:39 - [TEST_STEP][PASSED] - delay: Delayed 2 second(s)

2018-10-12 14:01:41 - [MESSAGE][PASSED] - Delayed 2 second(s)

2018-10-12 14:01:41 - [TEST_STEP][PASSED] - click: Object: 'Object Repository/Backoffice/Clients/Registration/button_Submit' is clicked on

2018-10-12 14:01:42 - [MESSAGE][PASSED] - Object: 'Object Repository/Backoffice/Clients/Registration/button_Submit' is clicked on

2018-10-12 14:01:42 - [TEST_STEP][PASSED] - delay: Delayed 2 second(s)

2018-10-12 14:01:44 - [MESSAGE][PASSED] - Delayed 2 second(s)]]></system-out>
         <system-err><![CDATA[]]></system-err>
      </testcase>
      <testcase name="Test Cases/Backoffice/RegisterAccount" classname="Test Cases/Backoffice/RegisterAccount" status="PASSED">
         <system-out><![CDATA[2018-10-12 14:01:44 - [TEST_CASE][PASSED] - Test Cases/Backoffice/RegisterAccount: Test Cases/Backoffice/RegisterAccount

2018-10-12 14:01:44 - [TEST_STEP][PASSED] - focus: Object: 'Object Repository/Backoffice/Clients/Clients' is focused

2018-10-12 14:01:44 - [MESSAGE][PASSED] - Object: 'Object Repository/Backoffice/Clients/Clients' is focused

2018-10-12 14:01:44 - [TEST_STEP][PASSED] - verifyElementPresent: Object 'Object Repository/Backoffice/Clients/Client Registration' is present

2018-10-12 14:01:44 - [MESSAGE][PASSED] - Object 'Object Repository/Backoffice/Clients/Client Registration' is present

2018-10-12 14:01:44 - [TEST_STEP][PASSED] - click: Object: 'Object Repository/Backoffice/Clients/Client Registration' is clicked on

2018-10-12 14:01:45 - [MESSAGE][PASSED] - Object: 'Object Repository/Backoffice/Clients/Client Registration' is clicked on

2018-10-12 14:01:45 - [TEST_STEP][PASSED] - setText: Text 'jokerjuggle' is set on object 'Object Repository/Backoffice/Clients/Registration/input_username'

2018-10-12 14:01:45 - [MESSAGE][PASSED] - Text 'jokerjuggle' is set on object 'Object Repository/Backoffice/Clients/Registration/input_username'

2018-10-12 14:01:45 - [TEST_STEP][PASSED] - setText: Text '123123' is set on object 'Object Repository/Backoffice/Clients/Registration/input_password'

2018-10-12 14:01:45 - [MESSAGE][PASSED] - Text '123123' is set on object 'Object Repository/Backoffice/Clients/Registration/input_password'

2018-10-12 14:01:45 - [TEST_STEP][PASSED] - setText: Text '123123' is set on object 'Object Repository/Backoffice/Clients/Registration/input_confirmp'

2018-10-12 14:01:46 - [MESSAGE][PASSED] - Text '123123' is set on object 'Object Repository/Backoffice/Clients/Registration/input_confirmp'

2018-10-12 14:01:46 - [TEST_STEP][PASSED] - selectOptionByValue: All options with value 'test' are selected in object 'Object Repository/Backoffice/Clients/Registration/select_operatorcode' 

2018-10-12 14:01:46 - [MESSAGE][PASSED] - All options with value 'test' are selected in object 'Object Repository/Backoffice/Clients/Registration/select_operatorcode' 

2018-10-12 14:01:46 - [TEST_STEP][PASSED] - selectOptionByValue: All options with value '1' are selected in object 'Object Repository/Backoffice/Clients/Registration/select_status' 

2018-10-12 14:01:46 - [MESSAGE][PASSED] - All options with value '1' are selected in object 'Object Repository/Backoffice/Clients/Registration/select_status' 

2018-10-12 14:01:46 - [TEST_STEP][PASSED] - delay: Delayed 2 second(s)

2018-10-12 14:01:48 - [MESSAGE][PASSED] - Delayed 2 second(s)

2018-10-12 14:01:48 - [TEST_STEP][PASSED] - click: Object: 'Object Repository/Backoffice/Clients/Registration/button_Submit' is clicked on

2018-10-12 14:01:49 - [MESSAGE][PASSED] - Object: 'Object Repository/Backoffice/Clients/Registration/button_Submit' is clicked on

2018-10-12 14:01:49 - [TEST_STEP][PASSED] - delay: Delayed 2 second(s)

2018-10-12 14:01:51 - [MESSAGE][PASSED] - Delayed 2 second(s)]]></system-out>
         <system-err><![CDATA[]]></system-err>
      </testcase>
      <testcase name="Test Cases/Backoffice/RegisterAccount" classname="Test Cases/Backoffice/RegisterAccount" status="PASSED">
         <system-out><![CDATA[2018-10-12 14:01:51 - [TEST_CASE][PASSED] - Test Cases/Backoffice/RegisterAccount: Test Cases/Backoffice/RegisterAccount

2018-10-12 14:01:51 - [TEST_STEP][PASSED] - focus: Object: 'Object Repository/Backoffice/Clients/Clients' is focused

2018-10-12 14:01:51 - [MESSAGE][PASSED] - Object: 'Object Repository/Backoffice/Clients/Clients' is focused

2018-10-12 14:01:51 - [TEST_STEP][PASSED] - verifyElementPresent: Object 'Object Repository/Backoffice/Clients/Client Registration' is present

2018-10-12 14:01:51 - [MESSAGE][PASSED] - Object 'Object Repository/Backoffice/Clients/Client Registration' is present

2018-10-12 14:01:51 - [TEST_STEP][PASSED] - click: Object: 'Object Repository/Backoffice/Clients/Client Registration' is clicked on

2018-10-12 14:01:52 - [MESSAGE][PASSED] - Object: 'Object Repository/Backoffice/Clients/Client Registration' is clicked on

2018-10-12 14:01:52 - [TEST_STEP][PASSED] - setText: Text 'jusjorse' is set on object 'Object Repository/Backoffice/Clients/Registration/input_username'

2018-10-12 14:01:52 - [MESSAGE][PASSED] - Text 'jusjorse' is set on object 'Object Repository/Backoffice/Clients/Registration/input_username'

2018-10-12 14:01:52 - [TEST_STEP][PASSED] - setText: Text '123123' is set on object 'Object Repository/Backoffice/Clients/Registration/input_password'

2018-10-12 14:01:53 - [MESSAGE][PASSED] - Text '123123' is set on object 'Object Repository/Backoffice/Clients/Registration/input_password'

2018-10-12 14:01:53 - [TEST_STEP][PASSED] - setText: Text '123123' is set on object 'Object Repository/Backoffice/Clients/Registration/input_confirmp'

2018-10-12 14:01:53 - [MESSAGE][PASSED] - Text '123123' is set on object 'Object Repository/Backoffice/Clients/Registration/input_confirmp'

2018-10-12 14:01:53 - [TEST_STEP][PASSED] - selectOptionByValue: All options with value 'test' are selected in object 'Object Repository/Backoffice/Clients/Registration/select_operatorcode' 

2018-10-12 14:01:53 - [MESSAGE][PASSED] - All options with value 'test' are selected in object 'Object Repository/Backoffice/Clients/Registration/select_operatorcode' 

2018-10-12 14:01:53 - [TEST_STEP][PASSED] - selectOptionByValue: All options with value '1' are selected in object 'Object Repository/Backoffice/Clients/Registration/select_status' 

2018-10-12 14:01:53 - [MESSAGE][PASSED] - All options with value '1' are selected in object 'Object Repository/Backoffice/Clients/Registration/select_status' 

2018-10-12 14:01:53 - [TEST_STEP][PASSED] - delay: Delayed 2 second(s)

2018-10-12 14:01:55 - [MESSAGE][PASSED] - Delayed 2 second(s)

2018-10-12 14:01:55 - [TEST_STEP][PASSED] - click: Object: 'Object Repository/Backoffice/Clients/Registration/button_Submit' is clicked on

2018-10-12 14:01:56 - [MESSAGE][PASSED] - Object: 'Object Repository/Backoffice/Clients/Registration/button_Submit' is clicked on

2018-10-12 14:01:56 - [TEST_STEP][PASSED] - delay: Delayed 2 second(s)

2018-10-12 14:01:58 - [MESSAGE][PASSED] - Delayed 2 second(s)]]></system-out>
         <system-err><![CDATA[]]></system-err>
      </testcase>
      <testcase name="Test Cases/Backoffice/RegisterAccount" classname="Test Cases/Backoffice/RegisterAccount" status="PASSED">
         <system-out><![CDATA[2018-10-12 14:01:58 - [TEST_CASE][PASSED] - Test Cases/Backoffice/RegisterAccount: Test Cases/Backoffice/RegisterAccount

2018-10-12 14:01:58 - [TEST_STEP][PASSED] - focus: Object: 'Object Repository/Backoffice/Clients/Clients' is focused

2018-10-12 14:01:58 - [MESSAGE][PASSED] - Object: 'Object Repository/Backoffice/Clients/Clients' is focused

2018-10-12 14:01:58 - [TEST_STEP][PASSED] - verifyElementPresent: Object 'Object Repository/Backoffice/Clients/Client Registration' is present

2018-10-12 14:01:58 - [MESSAGE][PASSED] - Object 'Object Repository/Backoffice/Clients/Client Registration' is present

2018-10-12 14:01:58 - [TEST_STEP][PASSED] - click: Object: 'Object Repository/Backoffice/Clients/Client Registration' is clicked on

2018-10-12 14:01:59 - [MESSAGE][PASSED] - Object: 'Object Repository/Backoffice/Clients/Client Registration' is clicked on

2018-10-12 14:01:59 - [TEST_STEP][PASSED] - setText: Text 'knifekissing' is set on object 'Object Repository/Backoffice/Clients/Registration/input_username'

2018-10-12 14:01:59 - [MESSAGE][PASSED] - Text 'knifekissing' is set on object 'Object Repository/Backoffice/Clients/Registration/input_username'

2018-10-12 14:01:59 - [TEST_STEP][PASSED] - setText: Text '123123' is set on object 'Object Repository/Backoffice/Clients/Registration/input_password'

2018-10-12 14:01:59 - [MESSAGE][PASSED] - Text '123123' is set on object 'Object Repository/Backoffice/Clients/Registration/input_password'

2018-10-12 14:01:59 - [TEST_STEP][PASSED] - setText: Text '123123' is set on object 'Object Repository/Backoffice/Clients/Registration/input_confirmp'

2018-10-12 14:01:59 - [MESSAGE][PASSED] - Text '123123' is set on object 'Object Repository/Backoffice/Clients/Registration/input_confirmp'

2018-10-12 14:01:59 - [TEST_STEP][PASSED] - selectOptionByValue: All options with value 'test' are selected in object 'Object Repository/Backoffice/Clients/Registration/select_operatorcode' 

2018-10-12 14:01:59 - [MESSAGE][PASSED] - All options with value 'test' are selected in object 'Object Repository/Backoffice/Clients/Registration/select_operatorcode' 

2018-10-12 14:01:59 - [TEST_STEP][PASSED] - selectOptionByValue: All options with value '1' are selected in object 'Object Repository/Backoffice/Clients/Registration/select_status' 

2018-10-12 14:02:00 - [MESSAGE][PASSED] - All options with value '1' are selected in object 'Object Repository/Backoffice/Clients/Registration/select_status' 

2018-10-12 14:02:00 - [TEST_STEP][PASSED] - delay: Delayed 2 second(s)

2018-10-12 14:02:02 - [MESSAGE][PASSED] - Delayed 2 second(s)

2018-10-12 14:02:02 - [TEST_STEP][PASSED] - click: Object: 'Object Repository/Backoffice/Clients/Registration/button_Submit' is clicked on

2018-10-12 14:02:03 - [MESSAGE][PASSED] - Object: 'Object Repository/Backoffice/Clients/Registration/button_Submit' is clicked on

2018-10-12 14:02:03 - [TEST_STEP][PASSED] - delay: Delayed 2 second(s)

2018-10-12 14:02:05 - [MESSAGE][PASSED] - Delayed 2 second(s)]]></system-out>
         <system-err><![CDATA[]]></system-err>
      </testcase>
      <testcase name="Test Cases/Backoffice/RegisterAccount" classname="Test Cases/Backoffice/RegisterAccount" status="PASSED">
         <system-out><![CDATA[2018-10-12 14:02:05 - [TEST_CASE][PASSED] - Test Cases/Backoffice/RegisterAccount: Test Cases/Backoffice/RegisterAccount

2018-10-12 14:02:05 - [TEST_STEP][PASSED] - focus: Object: 'Object Repository/Backoffice/Clients/Clients' is focused

2018-10-12 14:02:05 - [MESSAGE][PASSED] - Object: 'Object Repository/Backoffice/Clients/Clients' is focused

2018-10-12 14:02:05 - [TEST_STEP][PASSED] - verifyElementPresent: Object 'Object Repository/Backoffice/Clients/Client Registration' is present

2018-10-12 14:02:05 - [MESSAGE][PASSED] - Object 'Object Repository/Backoffice/Clients/Client Registration' is present

2018-10-12 14:02:05 - [TEST_STEP][PASSED] - click: Object: 'Object Repository/Backoffice/Clients/Client Registration' is clicked on

2018-10-12 14:02:06 - [MESSAGE][PASSED] - Object: 'Object Repository/Backoffice/Clients/Client Registration' is clicked on

2018-10-12 14:02:06 - [TEST_STEP][PASSED] - setText: Text 'knownkoko' is set on object 'Object Repository/Backoffice/Clients/Registration/input_username'

2018-10-12 14:02:07 - [MESSAGE][PASSED] - Text 'knownkoko' is set on object 'Object Repository/Backoffice/Clients/Registration/input_username'

2018-10-12 14:02:07 - [TEST_STEP][PASSED] - setText: Text '123123' is set on object 'Object Repository/Backoffice/Clients/Registration/input_password'

2018-10-12 14:02:07 - [MESSAGE][PASSED] - Text '123123' is set on object 'Object Repository/Backoffice/Clients/Registration/input_password'

2018-10-12 14:02:07 - [TEST_STEP][PASSED] - setText: Text '123123' is set on object 'Object Repository/Backoffice/Clients/Registration/input_confirmp'

2018-10-12 14:02:07 - [MESSAGE][PASSED] - Text '123123' is set on object 'Object Repository/Backoffice/Clients/Registration/input_confirmp'

2018-10-12 14:02:07 - [TEST_STEP][PASSED] - selectOptionByValue: All options with value 'test' are selected in object 'Object Repository/Backoffice/Clients/Registration/select_operatorcode' 

2018-10-12 14:02:07 - [MESSAGE][PASSED] - All options with value 'test' are selected in object 'Object Repository/Backoffice/Clients/Registration/select_operatorcode' 

2018-10-12 14:02:07 - [TEST_STEP][PASSED] - selectOptionByValue: All options with value '1' are selected in object 'Object Repository/Backoffice/Clients/Registration/select_status' 

2018-10-12 14:02:08 - [MESSAGE][PASSED] - All options with value '1' are selected in object 'Object Repository/Backoffice/Clients/Registration/select_status' 

2018-10-12 14:02:08 - [TEST_STEP][PASSED] - delay: Delayed 2 second(s)

2018-10-12 14:02:10 - [MESSAGE][PASSED] - Delayed 2 second(s)

2018-10-12 14:02:10 - [TEST_STEP][PASSED] - click: Object: 'Object Repository/Backoffice/Clients/Registration/button_Submit' is clicked on

2018-10-12 14:02:11 - [MESSAGE][PASSED] - Object: 'Object Repository/Backoffice/Clients/Registration/button_Submit' is clicked on

2018-10-12 14:02:11 - [TEST_STEP][PASSED] - delay: Delayed 2 second(s)

2018-10-12 14:02:13 - [MESSAGE][PASSED] - Delayed 2 second(s)]]></system-out>
         <system-err><![CDATA[]]></system-err>
      </testcase>
      <testcase name="Test Cases/Backoffice/RegisterAccount" classname="Test Cases/Backoffice/RegisterAccount" status="PASSED">
         <system-out><![CDATA[2018-10-12 14:02:13 - [TEST_CASE][PASSED] - Test Cases/Backoffice/RegisterAccount: Test Cases/Backoffice/RegisterAccount

2018-10-12 14:02:13 - [TEST_STEP][PASSED] - focus: Object: 'Object Repository/Backoffice/Clients/Clients' is focused

2018-10-12 14:02:13 - [MESSAGE][PASSED] - Object: 'Object Repository/Backoffice/Clients/Clients' is focused

2018-10-12 14:02:13 - [TEST_STEP][PASSED] - verifyElementPresent: Object 'Object Repository/Backoffice/Clients/Client Registration' is present

2018-10-12 14:02:13 - [MESSAGE][PASSED] - Object 'Object Repository/Backoffice/Clients/Client Registration' is present

2018-10-12 14:02:13 - [TEST_STEP][PASSED] - click: Object: 'Object Repository/Backoffice/Clients/Client Registration' is clicked on

2018-10-12 14:02:14 - [MESSAGE][PASSED] - Object: 'Object Repository/Backoffice/Clients/Client Registration' is clicked on

2018-10-12 14:02:14 - [TEST_STEP][PASSED] - setText: Text 'kagicalkirkwood' is set on object 'Object Repository/Backoffice/Clients/Registration/input_username'

2018-10-12 14:02:14 - [MESSAGE][PASSED] - Text 'kagicalkirkwood' is set on object 'Object Repository/Backoffice/Clients/Registration/input_username'

2018-10-12 14:02:14 - [TEST_STEP][PASSED] - setText: Text '123123' is set on object 'Object Repository/Backoffice/Clients/Registration/input_password'

2018-10-12 14:02:14 - [MESSAGE][PASSED] - Text '123123' is set on object 'Object Repository/Backoffice/Clients/Registration/input_password'

2018-10-12 14:02:14 - [TEST_STEP][PASSED] - setText: Text '123123' is set on object 'Object Repository/Backoffice/Clients/Registration/input_confirmp'

2018-10-12 14:02:14 - [MESSAGE][PASSED] - Text '123123' is set on object 'Object Repository/Backoffice/Clients/Registration/input_confirmp'

2018-10-12 14:02:14 - [TEST_STEP][PASSED] - selectOptionByValue: All options with value 'test' are selected in object 'Object Repository/Backoffice/Clients/Registration/select_operatorcode' 

2018-10-12 14:02:14 - [MESSAGE][PASSED] - All options with value 'test' are selected in object 'Object Repository/Backoffice/Clients/Registration/select_operatorcode' 

2018-10-12 14:02:14 - [TEST_STEP][PASSED] - selectOptionByValue: All options with value '1' are selected in object 'Object Repository/Backoffice/Clients/Registration/select_status' 

2018-10-12 14:02:14 - [MESSAGE][PASSED] - All options with value '1' are selected in object 'Object Repository/Backoffice/Clients/Registration/select_status' 

2018-10-12 14:02:14 - [TEST_STEP][PASSED] - delay: Delayed 2 second(s)

2018-10-12 14:02:16 - [MESSAGE][PASSED] - Delayed 2 second(s)

2018-10-12 14:02:16 - [TEST_STEP][PASSED] - click: Object: 'Object Repository/Backoffice/Clients/Registration/button_Submit' is clicked on

2018-10-12 14:02:18 - [MESSAGE][PASSED] - Object: 'Object Repository/Backoffice/Clients/Registration/button_Submit' is clicked on

2018-10-12 14:02:18 - [TEST_STEP][PASSED] - delay: Delayed 2 second(s)

2018-10-12 14:02:20 - [MESSAGE][PASSED] - Delayed 2 second(s)]]></system-out>
         <system-err><![CDATA[]]></system-err>
      </testcase>
      <testcase name="Test Cases/Backoffice/RegisterAccount" classname="Test Cases/Backoffice/RegisterAccount" status="PASSED">
         <system-out><![CDATA[2018-10-12 14:02:20 - [TEST_CASE][PASSED] - Test Cases/Backoffice/RegisterAccount: Test Cases/Backoffice/RegisterAccount

2018-10-12 14:02:20 - [TEST_STEP][PASSED] - focus: Object: 'Object Repository/Backoffice/Clients/Clients' is focused

2018-10-12 14:02:20 - [MESSAGE][PASSED] - Object: 'Object Repository/Backoffice/Clients/Clients' is focused

2018-10-12 14:02:20 - [TEST_STEP][PASSED] - verifyElementPresent: Object 'Object Repository/Backoffice/Clients/Client Registration' is present

2018-10-12 14:02:20 - [MESSAGE][PASSED] - Object 'Object Repository/Backoffice/Clients/Client Registration' is present

2018-10-12 14:02:20 - [TEST_STEP][PASSED] - click: Object: 'Object Repository/Backoffice/Clients/Client Registration' is clicked on

2018-10-12 14:02:20 - [MESSAGE][PASSED] - Object: 'Object Repository/Backoffice/Clients/Client Registration' is clicked on

2018-10-12 14:02:20 - [TEST_STEP][PASSED] - setText: Text 'kellogsknabstrup' is set on object 'Object Repository/Backoffice/Clients/Registration/input_username'

2018-10-12 14:02:21 - [MESSAGE][PASSED] - Text 'kellogsknabstrup' is set on object 'Object Repository/Backoffice/Clients/Registration/input_username'

2018-10-12 14:02:21 - [TEST_STEP][PASSED] - setText: Text '123123' is set on object 'Object Repository/Backoffice/Clients/Registration/input_password'

2018-10-12 14:02:21 - [MESSAGE][PASSED] - Text '123123' is set on object 'Object Repository/Backoffice/Clients/Registration/input_password'

2018-10-12 14:02:21 - [TEST_STEP][PASSED] - setText: Text '123123' is set on object 'Object Repository/Backoffice/Clients/Registration/input_confirmp'

2018-10-12 14:02:21 - [MESSAGE][PASSED] - Text '123123' is set on object 'Object Repository/Backoffice/Clients/Registration/input_confirmp'

2018-10-12 14:02:21 - [TEST_STEP][PASSED] - selectOptionByValue: All options with value 'test' are selected in object 'Object Repository/Backoffice/Clients/Registration/select_operatorcode' 

2018-10-12 14:02:21 - [MESSAGE][PASSED] - All options with value 'test' are selected in object 'Object Repository/Backoffice/Clients/Registration/select_operatorcode' 

2018-10-12 14:02:21 - [TEST_STEP][PASSED] - selectOptionByValue: All options with value '1' are selected in object 'Object Repository/Backoffice/Clients/Registration/select_status' 

2018-10-12 14:02:22 - [MESSAGE][PASSED] - All options with value '1' are selected in object 'Object Repository/Backoffice/Clients/Registration/select_status' 

2018-10-12 14:02:22 - [TEST_STEP][PASSED] - delay: Delayed 2 second(s)

2018-10-12 14:02:24 - [MESSAGE][PASSED] - Delayed 2 second(s)

2018-10-12 14:02:24 - [TEST_STEP][PASSED] - click: Object: 'Object Repository/Backoffice/Clients/Registration/button_Submit' is clicked on

2018-10-12 14:02:25 - [MESSAGE][PASSED] - Object: 'Object Repository/Backoffice/Clients/Registration/button_Submit' is clicked on

2018-10-12 14:02:25 - [TEST_STEP][PASSED] - delay: Delayed 2 second(s)

2018-10-12 14:02:27 - [MESSAGE][PASSED] - Delayed 2 second(s)]]></system-out>
         <system-err><![CDATA[]]></system-err>
      </testcase>
      <testcase name="Test Cases/Backoffice/RegisterAccount" classname="Test Cases/Backoffice/RegisterAccount" status="PASSED">
         <system-out><![CDATA[2018-10-12 14:02:27 - [TEST_CASE][PASSED] - Test Cases/Backoffice/RegisterAccount: Test Cases/Backoffice/RegisterAccount

2018-10-12 14:02:27 - [TEST_STEP][PASSED] - focus: Object: 'Object Repository/Backoffice/Clients/Clients' is focused

2018-10-12 14:02:27 - [MESSAGE][PASSED] - Object: 'Object Repository/Backoffice/Clients/Clients' is focused

2018-10-12 14:02:27 - [TEST_STEP][PASSED] - verifyElementPresent: Object 'Object Repository/Backoffice/Clients/Client Registration' is present

2018-10-12 14:02:27 - [MESSAGE][PASSED] - Object 'Object Repository/Backoffice/Clients/Client Registration' is present

2018-10-12 14:02:27 - [TEST_STEP][PASSED] - click: Object: 'Object Repository/Backoffice/Clients/Client Registration' is clicked on

2018-10-12 14:02:28 - [MESSAGE][PASSED] - Object: 'Object Repository/Backoffice/Clients/Client Registration' is clicked on

2018-10-12 14:02:28 - [TEST_STEP][PASSED] - setText: Text 'kenyankey' is set on object 'Object Repository/Backoffice/Clients/Registration/input_username'

2018-10-12 14:02:28 - [MESSAGE][PASSED] - Text 'kenyankey' is set on object 'Object Repository/Backoffice/Clients/Registration/input_username'

2018-10-12 14:02:28 - [TEST_STEP][PASSED] - setText: Text '123123' is set on object 'Object Repository/Backoffice/Clients/Registration/input_password'

2018-10-12 14:02:28 - [MESSAGE][PASSED] - Text '123123' is set on object 'Object Repository/Backoffice/Clients/Registration/input_password'

2018-10-12 14:02:28 - [TEST_STEP][PASSED] - setText: Text '123123' is set on object 'Object Repository/Backoffice/Clients/Registration/input_confirmp'

2018-10-12 14:02:28 - [MESSAGE][PASSED] - Text '123123' is set on object 'Object Repository/Backoffice/Clients/Registration/input_confirmp'

2018-10-12 14:02:28 - [TEST_STEP][PASSED] - selectOptionByValue: All options with value 'test' are selected in object 'Object Repository/Backoffice/Clients/Registration/select_operatorcode' 

2018-10-12 14:02:29 - [MESSAGE][PASSED] - All options with value 'test' are selected in object 'Object Repository/Backoffice/Clients/Registration/select_operatorcode' 

2018-10-12 14:02:29 - [TEST_STEP][PASSED] - selectOptionByValue: All options with value '1' are selected in object 'Object Repository/Backoffice/Clients/Registration/select_status' 

2018-10-12 14:02:29 - [MESSAGE][PASSED] - All options with value '1' are selected in object 'Object Repository/Backoffice/Clients/Registration/select_status' 

2018-10-12 14:02:29 - [TEST_STEP][PASSED] - delay: Delayed 2 second(s)

2018-10-12 14:02:31 - [MESSAGE][PASSED] - Delayed 2 second(s)

2018-10-12 14:02:31 - [TEST_STEP][PASSED] - click: Object: 'Object Repository/Backoffice/Clients/Registration/button_Submit' is clicked on

2018-10-12 14:02:32 - [MESSAGE][PASSED] - Object: 'Object Repository/Backoffice/Clients/Registration/button_Submit' is clicked on

2018-10-12 14:02:32 - [TEST_STEP][PASSED] - delay: Delayed 2 second(s)

2018-10-12 14:02:34 - [MESSAGE][PASSED] - Delayed 2 second(s)]]></system-out>
         <system-err><![CDATA[]]></system-err>
      </testcase>
      <testcase name="Test Cases/Backoffice/RegisterAccount" classname="Test Cases/Backoffice/RegisterAccount" status="PASSED">
         <system-out><![CDATA[2018-10-12 14:02:34 - [TEST_CASE][PASSED] - Test Cases/Backoffice/RegisterAccount: Test Cases/Backoffice/RegisterAccount

2018-10-12 14:02:34 - [TEST_STEP][PASSED] - focus: Object: 'Object Repository/Backoffice/Clients/Clients' is focused

2018-10-12 14:02:34 - [MESSAGE][PASSED] - Object: 'Object Repository/Backoffice/Clients/Clients' is focused

2018-10-12 14:02:34 - [TEST_STEP][PASSED] - verifyElementPresent: Object 'Object Repository/Backoffice/Clients/Client Registration' is present

2018-10-12 14:02:34 - [MESSAGE][PASSED] - Object 'Object Repository/Backoffice/Clients/Client Registration' is present

2018-10-12 14:02:34 - [TEST_STEP][PASSED] - click: Object: 'Object Repository/Backoffice/Clients/Client Registration' is clicked on

2018-10-12 14:02:35 - [MESSAGE][PASSED] - Object: 'Object Repository/Backoffice/Clients/Client Registration' is clicked on

2018-10-12 14:02:35 - [TEST_STEP][PASSED] - setText: Text 'knowledgekrypton' is set on object 'Object Repository/Backoffice/Clients/Registration/input_username'

2018-10-12 14:02:35 - [MESSAGE][PASSED] - Text 'knowledgekrypton' is set on object 'Object Repository/Backoffice/Clients/Registration/input_username'

2018-10-12 14:02:35 - [TEST_STEP][PASSED] - setText: Text '123123' is set on object 'Object Repository/Backoffice/Clients/Registration/input_password'

2018-10-12 14:02:36 - [MESSAGE][PASSED] - Text '123123' is set on object 'Object Repository/Backoffice/Clients/Registration/input_password'

2018-10-12 14:02:36 - [TEST_STEP][PASSED] - setText: Text '123123' is set on object 'Object Repository/Backoffice/Clients/Registration/input_confirmp'

2018-10-12 14:02:36 - [MESSAGE][PASSED] - Text '123123' is set on object 'Object Repository/Backoffice/Clients/Registration/input_confirmp'

2018-10-12 14:02:36 - [TEST_STEP][PASSED] - selectOptionByValue: All options with value 'test' are selected in object 'Object Repository/Backoffice/Clients/Registration/select_operatorcode' 

2018-10-12 14:02:36 - [MESSAGE][PASSED] - All options with value 'test' are selected in object 'Object Repository/Backoffice/Clients/Registration/select_operatorcode' 

2018-10-12 14:02:36 - [TEST_STEP][PASSED] - selectOptionByValue: All options with value '1' are selected in object 'Object Repository/Backoffice/Clients/Registration/select_status' 

2018-10-12 14:02:36 - [MESSAGE][PASSED] - All options with value '1' are selected in object 'Object Repository/Backoffice/Clients/Registration/select_status' 

2018-10-12 14:02:36 - [TEST_STEP][PASSED] - delay: Delayed 2 second(s)

2018-10-12 14:02:38 - [MESSAGE][PASSED] - Delayed 2 second(s)

2018-10-12 14:02:38 - [TEST_STEP][PASSED] - click: Object: 'Object Repository/Backoffice/Clients/Registration/button_Submit' is clicked on

2018-10-12 14:02:39 - [MESSAGE][PASSED] - Object: 'Object Repository/Backoffice/Clients/Registration/button_Submit' is clicked on

2018-10-12 14:02:39 - [TEST_STEP][PASSED] - delay: Delayed 2 second(s)

2018-10-12 14:02:41 - [MESSAGE][PASSED] - Delayed 2 second(s)]]></system-out>
         <system-err><![CDATA[]]></system-err>
      </testcase>
      <testcase name="Test Cases/Backoffice/RegisterAccount" classname="Test Cases/Backoffice/RegisterAccount" status="PASSED">
         <system-out><![CDATA[2018-10-12 14:02:41 - [TEST_CASE][PASSED] - Test Cases/Backoffice/RegisterAccount: Test Cases/Backoffice/RegisterAccount

2018-10-12 14:02:41 - [TEST_STEP][PASSED] - focus: Object: 'Object Repository/Backoffice/Clients/Clients' is focused

2018-10-12 14:02:41 - [MESSAGE][PASSED] - Object: 'Object Repository/Backoffice/Clients/Clients' is focused

2018-10-12 14:02:41 - [TEST_STEP][PASSED] - verifyElementPresent: Object 'Object Repository/Backoffice/Clients/Client Registration' is present

2018-10-12 14:02:41 - [MESSAGE][PASSED] - Object 'Object Repository/Backoffice/Clients/Client Registration' is present

2018-10-12 14:02:41 - [TEST_STEP][PASSED] - click: Object: 'Object Repository/Backoffice/Clients/Client Registration' is clicked on

2018-10-12 14:02:42 - [MESSAGE][PASSED] - Object: 'Object Repository/Backoffice/Clients/Client Registration' is clicked on

2018-10-12 14:02:42 - [TEST_STEP][PASSED] - setText: Text 'kimonoknee' is set on object 'Object Repository/Backoffice/Clients/Registration/input_username'

2018-10-12 14:02:42 - [MESSAGE][PASSED] - Text 'kimonoknee' is set on object 'Object Repository/Backoffice/Clients/Registration/input_username'

2018-10-12 14:02:42 - [TEST_STEP][PASSED] - setText: Text '123123' is set on object 'Object Repository/Backoffice/Clients/Registration/input_password'

2018-10-12 14:02:43 - [MESSAGE][PASSED] - Text '123123' is set on object 'Object Repository/Backoffice/Clients/Registration/input_password'

2018-10-12 14:02:43 - [TEST_STEP][PASSED] - setText: Text '123123' is set on object 'Object Repository/Backoffice/Clients/Registration/input_confirmp'

2018-10-12 14:02:43 - [MESSAGE][PASSED] - Text '123123' is set on object 'Object Repository/Backoffice/Clients/Registration/input_confirmp'

2018-10-12 14:02:43 - [TEST_STEP][PASSED] - selectOptionByValue: All options with value 'test' are selected in object 'Object Repository/Backoffice/Clients/Registration/select_operatorcode' 

2018-10-12 14:02:43 - [MESSAGE][PASSED] - All options with value 'test' are selected in object 'Object Repository/Backoffice/Clients/Registration/select_operatorcode' 

2018-10-12 14:02:43 - [TEST_STEP][PASSED] - selectOptionByValue: All options with value '1' are selected in object 'Object Repository/Backoffice/Clients/Registration/select_status' 

2018-10-12 14:02:43 - [MESSAGE][PASSED] - All options with value '1' are selected in object 'Object Repository/Backoffice/Clients/Registration/select_status' 

2018-10-12 14:02:43 - [TEST_STEP][PASSED] - delay: Delayed 2 second(s)

2018-10-12 14:02:45 - [MESSAGE][PASSED] - Delayed 2 second(s)

2018-10-12 14:02:45 - [TEST_STEP][PASSED] - click: Object: 'Object Repository/Backoffice/Clients/Registration/button_Submit' is clicked on

2018-10-12 14:02:47 - [MESSAGE][PASSED] - Object: 'Object Repository/Backoffice/Clients/Registration/button_Submit' is clicked on

2018-10-12 14:02:47 - [TEST_STEP][PASSED] - delay: Delayed 2 second(s)

2018-10-12 14:02:49 - [MESSAGE][PASSED] - Delayed 2 second(s)]]></system-out>
         <system-err><![CDATA[]]></system-err>
      </testcase>
      <testcase name="Test Cases/Backoffice/RegisterAccount" classname="Test Cases/Backoffice/RegisterAccount" status="PASSED">
         <system-out><![CDATA[2018-10-12 14:02:49 - [TEST_CASE][PASSED] - Test Cases/Backoffice/RegisterAccount: Test Cases/Backoffice/RegisterAccount

2018-10-12 14:02:49 - [TEST_STEP][PASSED] - focus: Object: 'Object Repository/Backoffice/Clients/Clients' is focused

2018-10-12 14:02:49 - [MESSAGE][PASSED] - Object: 'Object Repository/Backoffice/Clients/Clients' is focused

2018-10-12 14:02:49 - [TEST_STEP][PASSED] - verifyElementPresent: Object 'Object Repository/Backoffice/Clients/Client Registration' is present

2018-10-12 14:02:49 - [MESSAGE][PASSED] - Object 'Object Repository/Backoffice/Clients/Client Registration' is present

2018-10-12 14:02:49 - [TEST_STEP][PASSED] - click: Object: 'Object Repository/Backoffice/Clients/Client Registration' is clicked on

2018-10-12 14:02:50 - [MESSAGE][PASSED] - Object: 'Object Repository/Backoffice/Clients/Client Registration' is clicked on

2018-10-12 14:02:50 - [TEST_STEP][PASSED] - setText: Text 'kalmankeen' is set on object 'Object Repository/Backoffice/Clients/Registration/input_username'

2018-10-12 14:02:50 - [MESSAGE][PASSED] - Text 'kalmankeen' is set on object 'Object Repository/Backoffice/Clients/Registration/input_username'

2018-10-12 14:02:50 - [TEST_STEP][PASSED] - setText: Text '123123' is set on object 'Object Repository/Backoffice/Clients/Registration/input_password'

2018-10-12 14:02:51 - [MESSAGE][PASSED] - Text '123123' is set on object 'Object Repository/Backoffice/Clients/Registration/input_password'

2018-10-12 14:02:51 - [TEST_STEP][PASSED] - setText: Text '123123' is set on object 'Object Repository/Backoffice/Clients/Registration/input_confirmp'

2018-10-12 14:02:51 - [MESSAGE][PASSED] - Text '123123' is set on object 'Object Repository/Backoffice/Clients/Registration/input_confirmp'

2018-10-12 14:02:51 - [TEST_STEP][PASSED] - selectOptionByValue: All options with value 'test' are selected in object 'Object Repository/Backoffice/Clients/Registration/select_operatorcode' 

2018-10-12 14:02:51 - [MESSAGE][PASSED] - All options with value 'test' are selected in object 'Object Repository/Backoffice/Clients/Registration/select_operatorcode' 

2018-10-12 14:02:51 - [TEST_STEP][PASSED] - selectOptionByValue: All options with value '1' are selected in object 'Object Repository/Backoffice/Clients/Registration/select_status' 

2018-10-12 14:02:51 - [MESSAGE][PASSED] - All options with value '1' are selected in object 'Object Repository/Backoffice/Clients/Registration/select_status' 

2018-10-12 14:02:51 - [TEST_STEP][PASSED] - delay: Delayed 2 second(s)

2018-10-12 14:02:53 - [MESSAGE][PASSED] - Delayed 2 second(s)

2018-10-12 14:02:53 - [TEST_STEP][PASSED] - click: Object: 'Object Repository/Backoffice/Clients/Registration/button_Submit' is clicked on

2018-10-12 14:02:54 - [MESSAGE][PASSED] - Object: 'Object Repository/Backoffice/Clients/Registration/button_Submit' is clicked on

2018-10-12 14:02:54 - [TEST_STEP][PASSED] - delay: Delayed 2 second(s)

2018-10-12 14:02:56 - [MESSAGE][PASSED] - Delayed 2 second(s)]]></system-out>
         <system-err><![CDATA[]]></system-err>
      </testcase>
      <system-out><![CDATA[2018-10-12 13:40:25 - [TEST_SUITE][FAILED] - LoginAndRegister3: Test Cases/Backoffice/RegisterAccount FAILED because (of) (Stack trace: com.kms.katalon.core.exception.StepFailedException: Unable to click on object 'Object Repository/Backoffice/Clients/Client Registration' (Root cause: org.openqa.selenium.ElementNotVisibleException: element not visible
  (Session info: chrome=69.0.3497.100)
  (Driver info: chromedriver=2.35.528161 (5b82f2d2aae0ca24b877009200ced9065a772e73),platform=Windows NT 10.0.17134 x86_64) (WARNING: The server did not provide any stacktrace information)
Command duration or timeout: 0 milliseconds
Build info: version: '3.7.1', revision: '8a0099a', time: '2017-11-06T21:07:36.161Z'
System info: host: 'DESKTOP-A1HL9OG', ip: '172.16.8.122', os.name: 'Windows 10', os.arch: 'amd64', os.version: '10.0', java.version: '1.8.0_181'
Driver info: com.kms.katalon.selenium.driver.CChromeDriver
Capabilities {acceptInsecureCerts: false, acceptSslCerts: false, applicationCacheEnabled: false, browserConnectionEnabled: false, browserName: chrome, chrome: {chromedriverVersion: 2.35.528161 (5b82f2d2aae0ca..., userDataDir: C:\Users\RICHAR~1\AppData\L...}, cssSelectorsEnabled: true, databaseEnabled: false, handlesAlerts: true, hasTouchScreen: false, javascriptEnabled: true, locationContextEnabled: true, mobileEmulationEnabled: false, nativeEvents: true, networkConnectionEnabled: false, pageLoadStrategy: normal, platform: XP, platformName: XP, rotatable: false, setWindowRect: true, takesHeapSnapshot: true, takesScreenshot: true, unexpectedAlertBehaviour: , unhandledPromptBehavior: , version: 69.0.3497.100, webStorageEnabled: true}
Session ID: 02648381b73962e213392b02b7039b1b)
	at com.kms.katalon.core.keyword.internal.KeywordMain.stepFailed(KeywordMain.groovy:36)
	at com.kms.katalon.core.webui.keyword.internal.WebUIKeywordMain.stepFailed(WebUIKeywordMain.groovy:65)
	at com.kms.katalon.core.webui.keyword.internal.WebUIKeywordMain.runKeyword(WebUIKeywordMain.groovy:27)
	at com.kms.katalon.core.webui.keyword.builtin.ClickKeyword.click(ClickKeyword.groovy:86)
	at com.kms.katalon.core.webui.keyword.builtin.ClickKeyword.execute(ClickKeyword.groovy:67)
	at com.kms.katalon.core.keyword.internal.KeywordExecutor.executeKeywordForPlatform(KeywordExecutor.groovy:53)
	at com.kms.katalon.core.webui.keyword.WebUiBuiltInKeywords.click(WebUiBuiltInKeywords.groovy:616)
	at com.kms.katalon.core.webui.keyword.WebUiBuiltInKeywords$click$4.call(Unknown Source)
	at org.codehaus.groovy.runtime.callsite.CallSiteArray.defaultCall(CallSiteArray.java:48)
	at org.codehaus.groovy.runtime.callsite.AbstractCallSite.call(AbstractCallSite.java:113)
	at org.codehaus.groovy.runtime.callsite.AbstractCallSite.call(AbstractCallSite.java:125)
	at Script1539252672857.run(Script1539252672857.groovy:33)
	at com.kms.katalon.core.main.ScriptEngine.run(ScriptEngine.java:183)
	at com.kms.katalon.core.main.ScriptEngine.runScriptAsRawText(ScriptEngine.java:108)
	at com.kms.katalon.core.main.TestCaseExecutor.runScript(TestCaseExecutor.java:294)
	at com.kms.katalon.core.main.TestCaseExecutor.doExecute(TestCaseExecutor.java:285)
	at com.kms.katalon.core.main.TestCaseExecutor.processExecutionPhase(TestCaseExecutor.java:264)
	at com.kms.katalon.core.main.TestCaseExecutor.accessMainPhase(TestCaseExecutor.java:256)
	at com.kms.katalon.core.main.TestCaseExecutor.execute(TestCaseExecutor.java:200)
	at com.kms.katalon.core.main.TestSuiteExecutor.accessTestCaseMainPhase(TestSuiteExecutor.java:129)
	at com.kms.katalon.core.main.TestSuiteExecutor.accessTestSuiteMainPhase(TestSuiteExecutor.java:112)
	at com.kms.katalon.core.main.TestSuiteExecutor.execute(TestSuiteExecutor.java:81)
	at com.kms.katalon.core.main.TestCaseMain.startTestSuite(TestCaseMain.java:142)
	at com.kms.katalon.core.main.TestCaseMain$startTestSuite$0.call(Unknown Source)
	at org.codehaus.groovy.runtime.callsite.CallSiteArray.defaultCall(CallSiteArray.java:48)
	at org.codehaus.groovy.runtime.callsite.AbstractCallSite.call(AbstractCallSite.java:113)
	at org.codehaus.groovy.runtime.callsite.AbstractCallSite.call(AbstractCallSite.java:141)
	at TempTestSuite1539322822522.run(TempTestSuite1539322822522.groovy:36)
	at groovy.lang.GroovyShell.runScriptOrMainOrTestOrRunnable(GroovyShell.java:263)
	at groovy.lang.GroovyShell.run(GroovyShell.java:518)
	at groovy.lang.GroovyShell.run(GroovyShell.java:507)
	at groovy.ui.GroovyMain.processOnce(GroovyMain.java:653)
	at groovy.ui.GroovyMain.run(GroovyMain.java:384)
	at groovy.ui.GroovyMain.process(GroovyMain.java:370)
	at groovy.ui.GroovyMain.processArgs(GroovyMain.java:129)
	at groovy.ui.GroovyMain.main(GroovyMain.java:109)
	at sun.reflect.NativeMethodAccessorImpl.invoke0(Native Method)
	at sun.reflect.NativeMethodAccessorImpl.invoke(NativeMethodAccessorImpl.java:62)
	at sun.reflect.DelegatingMethodAccessorImpl.invoke(DelegatingMethodAccessorImpl.java:43)
	at java.lang.reflect.Method.invoke(Method.java:498)
	at org.codehaus.groovy.tools.GroovyStarter.rootLoader(GroovyStarter.java:109)
	at org.codehaus.groovy.tools.GroovyStarter.main(GroovyStarter.java:131)
)]]></system-out>
      <system-err><![CDATA[2018-10-12 13:40:25 - [TEST_SUITE][FAILED] - LoginAndRegister3: Test Cases/Backoffice/RegisterAccount FAILED because (of) (Stack trace: com.kms.katalon.core.exception.StepFailedException: Unable to click on object 'Object Repository/Backoffice/Clients/Client Registration' (Root cause: org.openqa.selenium.ElementNotVisibleException: element not visible
  (Session info: chrome=69.0.3497.100)
  (Driver info: chromedriver=2.35.528161 (5b82f2d2aae0ca24b877009200ced9065a772e73),platform=Windows NT 10.0.17134 x86_64) (WARNING: The server did not provide any stacktrace information)
Command duration or timeout: 0 milliseconds
Build info: version: '3.7.1', revision: '8a0099a', time: '2017-11-06T21:07:36.161Z'
System info: host: 'DESKTOP-A1HL9OG', ip: '172.16.8.122', os.name: 'Windows 10', os.arch: 'amd64', os.version: '10.0', java.version: '1.8.0_181'
Driver info: com.kms.katalon.selenium.driver.CChromeDriver
Capabilities {acceptInsecureCerts: false, acceptSslCerts: false, applicationCacheEnabled: false, browserConnectionEnabled: false, browserName: chrome, chrome: {chromedriverVersion: 2.35.528161 (5b82f2d2aae0ca..., userDataDir: C:\Users\RICHAR~1\AppData\L...}, cssSelectorsEnabled: true, databaseEnabled: false, handlesAlerts: true, hasTouchScreen: false, javascriptEnabled: true, locationContextEnabled: true, mobileEmulationEnabled: false, nativeEvents: true, networkConnectionEnabled: false, pageLoadStrategy: normal, platform: XP, platformName: XP, rotatable: false, setWindowRect: true, takesHeapSnapshot: true, takesScreenshot: true, unexpectedAlertBehaviour: , unhandledPromptBehavior: , version: 69.0.3497.100, webStorageEnabled: true}
Session ID: 02648381b73962e213392b02b7039b1b)
	at com.kms.katalon.core.keyword.internal.KeywordMain.stepFailed(KeywordMain.groovy:36)
	at com.kms.katalon.core.webui.keyword.internal.WebUIKeywordMain.stepFailed(WebUIKeywordMain.groovy:65)
	at com.kms.katalon.core.webui.keyword.internal.WebUIKeywordMain.runKeyword(WebUIKeywordMain.groovy:27)
	at com.kms.katalon.core.webui.keyword.builtin.ClickKeyword.click(ClickKeyword.groovy:86)
	at com.kms.katalon.core.webui.keyword.builtin.ClickKeyword.execute(ClickKeyword.groovy:67)
	at com.kms.katalon.core.keyword.internal.KeywordExecutor.executeKeywordForPlatform(KeywordExecutor.groovy:53)
	at com.kms.katalon.core.webui.keyword.WebUiBuiltInKeywords.click(WebUiBuiltInKeywords.groovy:616)
	at com.kms.katalon.core.webui.keyword.WebUiBuiltInKeywords$click$4.call(Unknown Source)
	at org.codehaus.groovy.runtime.callsite.CallSiteArray.defaultCall(CallSiteArray.java:48)
	at org.codehaus.groovy.runtime.callsite.AbstractCallSite.call(AbstractCallSite.java:113)
	at org.codehaus.groovy.runtime.callsite.AbstractCallSite.call(AbstractCallSite.java:125)
	at Script1539252672857.run(Script1539252672857.groovy:33)
	at com.kms.katalon.core.main.ScriptEngine.run(ScriptEngine.java:183)
	at com.kms.katalon.core.main.ScriptEngine.runScriptAsRawText(ScriptEngine.java:108)
	at com.kms.katalon.core.main.TestCaseExecutor.runScript(TestCaseExecutor.java:294)
	at com.kms.katalon.core.main.TestCaseExecutor.doExecute(TestCaseExecutor.java:285)
	at com.kms.katalon.core.main.TestCaseExecutor.processExecutionPhase(TestCaseExecutor.java:264)
	at com.kms.katalon.core.main.TestCaseExecutor.accessMainPhase(TestCaseExecutor.java:256)
	at com.kms.katalon.core.main.TestCaseExecutor.execute(TestCaseExecutor.java:200)
	at com.kms.katalon.core.main.TestSuiteExecutor.accessTestCaseMainPhase(TestSuiteExecutor.java:129)
	at com.kms.katalon.core.main.TestSuiteExecutor.accessTestSuiteMainPhase(TestSuiteExecutor.java:112)
	at com.kms.katalon.core.main.TestSuiteExecutor.execute(TestSuiteExecutor.java:81)
	at com.kms.katalon.core.main.TestCaseMain.startTestSuite(TestCaseMain.java:142)
	at com.kms.katalon.core.main.TestCaseMain$startTestSuite$0.call(Unknown Source)
	at org.codehaus.groovy.runtime.callsite.CallSiteArray.defaultCall(CallSiteArray.java:48)
	at org.codehaus.groovy.runtime.callsite.AbstractCallSite.call(AbstractCallSite.java:113)
	at org.codehaus.groovy.runtime.callsite.AbstractCallSite.call(AbstractCallSite.java:141)
	at TempTestSuite1539322822522.run(TempTestSuite1539322822522.groovy:36)
	at groovy.lang.GroovyShell.runScriptOrMainOrTestOrRunnable(GroovyShell.java:263)
	at groovy.lang.GroovyShell.run(GroovyShell.java:518)
	at groovy.lang.GroovyShell.run(GroovyShell.java:507)
	at groovy.ui.GroovyMain.processOnce(GroovyMain.java:653)
	at groovy.ui.GroovyMain.run(GroovyMain.java:384)
	at groovy.ui.GroovyMain.process(GroovyMain.java:370)
	at groovy.ui.GroovyMain.processArgs(GroovyMain.java:129)
	at groovy.ui.GroovyMain.main(GroovyMain.java:109)
	at sun.reflect.NativeMethodAccessorImpl.invoke0(Native Method)
	at sun.reflect.NativeMethodAccessorImpl.invoke(NativeMethodAccessorImpl.java:62)
	at sun.reflect.DelegatingMethodAccessorImpl.invoke(DelegatingMethodAccessorImpl.java:43)
	at java.lang.reflect.Method.invoke(Method.java:498)
	at org.codehaus.groovy.tools.GroovyStarter.rootLoader(GroovyStarter.java:109)
	at org.codehaus.groovy.tools.GroovyStarter.main(GroovyStarter.java:131)
)]]></system-err>
   </testsuite>
</testsuites>
