<?xml version="1.0" encoding="UTF-8"?>
<testsuites name="testing" time="23" tests="2" failures="0" errors="0">
   <testsuite name="testing" tests="2" failures="0" errors="0" time="23" timestamp="2018-11-07 18:49:35" hostname="ops.02 - NXT-OPS02.nxtgame.local" id="Test Suites/dailyTesting/betting/testing">
      <properties>
         <property name="deviceName" value=""/>
         <property name="devicePlatform" value=""/>
         <property name="logFolder" value="C:\\Users\\ops.02\\git\\UCF\\Reports\\dailyTesting\\betting\\testing\\20181107_184933"/>
         <property name="logFiles" value="C:\\Users\\ops.02\\git\\UCF\\Reports\\dailyTesting\\betting\\testing\\20181107_184933\\execution0.log"/>
         <property name="attachments" value=""/>
         <property name="hostName" value="ops.02 - NXT-OPS02.nxtgame.local"/>
         <property name="os" value="Windows 10 64bit"/>
         <property name="katalonVersion" value="5.8.5.1"/>
         <property name="browser" value="Chrome 70.0.3538.77"/>
         <property name="hostAddress" value="172.16.8.115"/>
         <property name="sessionId" value="80fc253d9f53503393ec8364b85d189e"/>
         <property name="seleniumVersion" value="3.7.1"/>
         <property name="proxyInformation" value="ProxyInformation{proxyOption=NO_PROXY, proxyServerType=HTTP, password=, proxyServerAddress=, proxyServerPort=0}"/>
         <property name="platform" value="Windows 10"/>
      </properties>
      <testcase name="Test Cases/dailyTesting/login/backofficeLogin" classname="Test Cases/dailyTesting/login/backofficeLogin" status="PASSED">
         <system-out><![CDATA[2018-11-07 18:49:35 - [TEST_CASE][PASSED] - Test Cases/dailyTesting/login/backofficeLogin: Test Cases/dailyTesting/login/backofficeLogin

2018-11-07 18:49:35 - [TEST_STEP][PASSED] - openBrowser: Browser is opened with url: ''

2018-11-07 18:49:38 - [MESSAGE][PASSED] - Browser is opened with url: ''

2018-11-07 18:49:38 - [TEST_STEP][PASSED] - maximizeWindow: Current window maximized

2018-11-07 18:49:40 - [MESSAGE][PASSED] - Current window maximized

2018-11-07 18:49:40 - [TEST_STEP][PASSED] - navigateToUrl: Navigate to 'http://dev-admin.ucf88.com/admin/match' successfully

2018-11-07 18:49:41 - [MESSAGE][PASSED] - Navigate to 'http://dev-admin.ucf88.com/admin/match' successfully

2018-11-07 18:49:41 - [TEST_STEP][PASSED] - setText: Text 'admin' is set on object 'Object Repository/Backoffice/Login/input_Username'

2018-11-07 18:49:41 - [MESSAGE][PASSED] - Text 'admin' is set on object 'Object Repository/Backoffice/Login/input_Username'

2018-11-07 18:49:41 - [TEST_STEP][PASSED] - setEncryptedText: Text ****** has been set on object 'Object Repository/Backoffice/Login/input_Password'

2018-11-07 18:49:41 - [MESSAGE][PASSED] - Text ****** has been set on object 'Object Repository/Backoffice/Login/input_Password'

2018-11-07 18:49:41 - [TEST_STEP][PASSED] - click: Object: 'Object Repository/Backoffice/Login/button_Login' is clicked on

2018-11-07 18:49:43 - [MESSAGE][PASSED] - Object: 'Object Repository/Backoffice/Login/button_Login' is clicked on

2018-11-07 18:49:43 - [TEST_STEP][PASSED] - waitForElementVisible: Object 'Object Repository/Backoffice/Login/adminuser' is visible

2018-11-07 18:49:43 - [MESSAGE][PASSED] - Object 'Object Repository/Backoffice/Login/adminuser' is visible]]></system-out>
         <system-err><![CDATA[]]></system-err>
      </testcase>
      <testcase name="Test Cases/dailyTesting/riskManagement/oddsPip" classname="Test Cases/dailyTesting/riskManagement/oddsPip" status="PASSED">
         <system-out><![CDATA[2018-11-07 18:49:43 - [TEST_CASE][PASSED] - Test Cases/dailyTesting/riskManagement/oddsPip: Test Cases/dailyTesting/riskManagement/oddsPip

2018-11-07 18:49:43 - [TEST_STEP][PASSED] - focus: Object: 'Object Repository/dailyTesting/Backoffice/arenaCreation/Header/bettingHeader' is focused

2018-11-07 18:49:43 - [MESSAGE][PASSED] - Object: 'Object Repository/dailyTesting/Backoffice/arenaCreation/Header/bettingHeader' is focused

2018-11-07 18:49:43 - [TEST_STEP][PASSED] - verifyElementPresent: Object 'Object Repository/dailyTesting/Backoffice/matchCreation/Header/matchHeader' is present

2018-11-07 18:49:43 - [MESSAGE][PASSED] - Object 'Object Repository/dailyTesting/Backoffice/matchCreation/Header/matchHeader' is present

2018-11-07 18:49:43 - [TEST_STEP][PASSED] - click: Object: 'Object Repository/dailyTesting/Backoffice/matchCreation/Header/matchHeader' is clicked on

2018-11-07 18:49:44 - [MESSAGE][PASSED] - Object: 'Object Repository/dailyTesting/Backoffice/matchCreation/Header/matchHeader' is clicked on

2018-11-07 18:49:44 - [TEST_STEP][PASSED] - verifyElementPresent: Object 'Object Repository/dailyTesting/Backoffice/matchCreation/matchManagement/buttonMatchDetails' is present

2018-11-07 18:49:44 - [MESSAGE][PASSED] - Object 'Object Repository/dailyTesting/Backoffice/matchCreation/matchManagement/buttonMatchDetails' is present

2018-11-07 18:49:44 - [TEST_STEP][PASSED] - click: Object: 'Object Repository/dailyTesting/Backoffice/matchCreation/matchManagement/buttonMatchDetails' is clicked on

2018-11-07 18:49:44 - [MESSAGE][PASSED] - Object: 'Object Repository/dailyTesting/Backoffice/matchCreation/matchManagement/buttonMatchDetails' is clicked on

2018-11-07 18:49:44 - [TEST_STEP][PASSED] - switchToWindowTitle: Switched to window with title: 'ucf88'

2018-11-07 18:49:45 - [MESSAGE][PASSED] - Switched to window with title: 'ucf88'

2018-11-07 18:49:45 - [TEST_STEP][PASSED] - verifyElementPresent: Object 'Object Repository/dailyTesting/Backoffice/matchCreation/matchManagement/Limits/inputOddsPip' is present

2018-11-07 18:49:45 - [MESSAGE][PASSED] - Object 'Object Repository/dailyTesting/Backoffice/matchCreation/matchManagement/Limits/inputOddsPip' is present

2018-11-07 18:49:45 - [TEST_STEP][PASSED] - setText: Text '0.02' is set on object 'Object Repository/dailyTesting/Backoffice/matchCreation/matchManagement/Limits/inputOddsPip'

2018-11-07 18:49:46 - [MESSAGE][PASSED] - Text '0.02' is set on object 'Object Repository/dailyTesting/Backoffice/matchCreation/matchManagement/Limits/inputOddsPip'

2018-11-07 18:49:46 - [TEST_STEP][PASSED] - click: Object: 'Object Repository/dailyTesting/Backoffice/matchCreation/matchManagement/riskManagement/buttonSave' is clicked on

2018-11-07 18:49:46 - [MESSAGE][PASSED] - Object: 'Object Repository/dailyTesting/Backoffice/matchCreation/matchManagement/riskManagement/buttonSave' is clicked on

2018-11-07 18:49:46 - [TEST_STEP][PASSED] - delay: Delayed 3 second(s)

2018-11-07 18:49:49 - [MESSAGE][PASSED] - Delayed 3 second(s)

2018-11-07 18:49:49 - [TEST_STEP][PASSED] - verifyElementPresent: Object 'Object Repository/dailyTesting/Backoffice/matchCreation/matchManagement/riskManagement/buttonOddsAddMeron' is present

2018-11-07 18:49:49 - [MESSAGE][PASSED] - Object 'Object Repository/dailyTesting/Backoffice/matchCreation/matchManagement/riskManagement/buttonOddsAddMeron' is present

2018-11-07 18:49:49 - [TEST_STEP][PASSED] - click: Object: 'Object Repository/dailyTesting/Backoffice/matchCreation/matchManagement/riskManagement/buttonOddsAddMeron' is clicked on

2018-11-07 18:49:49 - [MESSAGE][PASSED] - Object: 'Object Repository/dailyTesting/Backoffice/matchCreation/matchManagement/riskManagement/buttonOddsAddMeron' is clicked on

2018-11-07 18:49:49 - [TEST_STEP][PASSED] - click: Object: 'Object Repository/dailyTesting/Backoffice/matchCreation/matchManagement/riskManagement/buttonSave' is clicked on

2018-11-07 18:49:49 - [MESSAGE][PASSED] - Object: 'Object Repository/dailyTesting/Backoffice/matchCreation/matchManagement/riskManagement/buttonSave' is clicked on

2018-11-07 18:49:49 - [TEST_STEP][PASSED] - delay: Delayed 2 second(s)

2018-11-07 18:49:51 - [MESSAGE][PASSED] - Delayed 2 second(s)

2018-11-07 18:49:51 - [TEST_STEP][PASSED] - verifyElementText: Actual text and expected text of test object 'Object Repository/dailyTesting/Backoffice/matchCreation/matchManagement/riskManagement/oddsMeron' are matched.

2018-11-07 18:49:51 - [MESSAGE][PASSED] - Actual text and expected text of test object 'Object Repository/dailyTesting/Backoffice/matchCreation/matchManagement/riskManagement/oddsMeron' are matched.

2018-11-07 18:49:51 - [TEST_STEP][PASSED] - verifyElementText: Actual text and expected text of test object 'Object Repository/dailyTesting/Backoffice/matchCreation/matchManagement/riskManagement/oddsWala' are matched.

2018-11-07 18:49:51 - [MESSAGE][PASSED] - Actual text and expected text of test object 'Object Repository/dailyTesting/Backoffice/matchCreation/matchManagement/riskManagement/oddsWala' are matched.

2018-11-07 18:49:51 - [TEST_STEP][PASSED] - click: Object: 'Object Repository/dailyTesting/Backoffice/matchCreation/matchManagement/riskManagement/buttonOddsDeductMeron' is clicked on

2018-11-07 18:49:51 - [MESSAGE][PASSED] - Object: 'Object Repository/dailyTesting/Backoffice/matchCreation/matchManagement/riskManagement/buttonOddsDeductMeron' is clicked on

2018-11-07 18:49:51 - [TEST_STEP][PASSED] - click: Object: 'Object Repository/dailyTesting/Backoffice/matchCreation/matchManagement/riskManagement/buttonSave' is clicked on

2018-11-07 18:49:51 - [MESSAGE][PASSED] - Object: 'Object Repository/dailyTesting/Backoffice/matchCreation/matchManagement/riskManagement/buttonSave' is clicked on

2018-11-07 18:49:51 - [TEST_STEP][PASSED] - delay: Delayed 2 second(s)

2018-11-07 18:49:53 - [MESSAGE][PASSED] - Delayed 2 second(s)

2018-11-07 18:49:53 - [TEST_STEP][PASSED] - verifyElementText: Actual text and expected text of test object 'Object Repository/dailyTesting/Backoffice/matchCreation/matchManagement/riskManagement/oddsMeron' are matched.

2018-11-07 18:49:53 - [MESSAGE][PASSED] - Actual text and expected text of test object 'Object Repository/dailyTesting/Backoffice/matchCreation/matchManagement/riskManagement/oddsMeron' are matched.

2018-11-07 18:49:53 - [TEST_STEP][PASSED] - verifyElementText: Actual text and expected text of test object 'Object Repository/dailyTesting/Backoffice/matchCreation/matchManagement/riskManagement/oddsWala' are matched.

2018-11-07 18:49:53 - [MESSAGE][PASSED] - Actual text and expected text of test object 'Object Repository/dailyTesting/Backoffice/matchCreation/matchManagement/riskManagement/oddsWala' are matched.

2018-11-07 18:49:53 - [TEST_STEP][PASSED] - click: Object: 'Object Repository/dailyTesting/Backoffice/matchCreation/matchManagement/riskManagement/buttonOddsAddWala' is clicked on

2018-11-07 18:49:53 - [MESSAGE][PASSED] - Object: 'Object Repository/dailyTesting/Backoffice/matchCreation/matchManagement/riskManagement/buttonOddsAddWala' is clicked on

2018-11-07 18:49:53 - [TEST_STEP][PASSED] - click: Object: 'Object Repository/dailyTesting/Backoffice/matchCreation/matchManagement/riskManagement/buttonSave' is clicked on

2018-11-07 18:49:54 - [MESSAGE][PASSED] - Object: 'Object Repository/dailyTesting/Backoffice/matchCreation/matchManagement/riskManagement/buttonSave' is clicked on

2018-11-07 18:49:54 - [TEST_STEP][PASSED] - delay: Delayed 2 second(s)

2018-11-07 18:49:56 - [MESSAGE][PASSED] - Delayed 2 second(s)

2018-11-07 18:49:56 - [TEST_STEP][PASSED] - verifyElementText: Actual text and expected text of test object 'Object Repository/dailyTesting/Backoffice/matchCreation/matchManagement/riskManagement/oddsMeron' are matched.

2018-11-07 18:49:56 - [MESSAGE][PASSED] - Actual text and expected text of test object 'Object Repository/dailyTesting/Backoffice/matchCreation/matchManagement/riskManagement/oddsMeron' are matched.

2018-11-07 18:49:56 - [TEST_STEP][PASSED] - verifyElementText: Actual text and expected text of test object 'Object Repository/dailyTesting/Backoffice/matchCreation/matchManagement/riskManagement/oddsWala' are matched.

2018-11-07 18:49:56 - [MESSAGE][PASSED] - Actual text and expected text of test object 'Object Repository/dailyTesting/Backoffice/matchCreation/matchManagement/riskManagement/oddsWala' are matched.

2018-11-07 18:49:56 - [TEST_STEP][PASSED] - click: Object: 'Object Repository/dailyTesting/Backoffice/matchCreation/matchManagement/riskManagement/buttonOddsDeductWala' is clicked on

2018-11-07 18:49:56 - [MESSAGE][PASSED] - Object: 'Object Repository/dailyTesting/Backoffice/matchCreation/matchManagement/riskManagement/buttonOddsDeductWala' is clicked on

2018-11-07 18:49:56 - [TEST_STEP][PASSED] - click: Object: 'Object Repository/dailyTesting/Backoffice/matchCreation/matchManagement/riskManagement/buttonSave' is clicked on

2018-11-07 18:49:56 - [MESSAGE][PASSED] - Object: 'Object Repository/dailyTesting/Backoffice/matchCreation/matchManagement/riskManagement/buttonSave' is clicked on

2018-11-07 18:49:56 - [TEST_STEP][PASSED] - delay: Delayed 2 second(s)

2018-11-07 18:49:58 - [MESSAGE][PASSED] - Delayed 2 second(s)

2018-11-07 18:49:58 - [TEST_STEP][PASSED] - verifyElementText: Actual text and expected text of test object 'Object Repository/dailyTesting/Backoffice/matchCreation/matchManagement/riskManagement/oddsMeron' are matched.

2018-11-07 18:49:58 - [MESSAGE][PASSED] - Actual text and expected text of test object 'Object Repository/dailyTesting/Backoffice/matchCreation/matchManagement/riskManagement/oddsMeron' are matched.

2018-11-07 18:49:58 - [TEST_STEP][PASSED] - verifyElementText: Actual text and expected text of test object 'Object Repository/dailyTesting/Backoffice/matchCreation/matchManagement/riskManagement/oddsWala' are matched.

2018-11-07 18:49:58 - [MESSAGE][PASSED] - Actual text and expected text of test object 'Object Repository/dailyTesting/Backoffice/matchCreation/matchManagement/riskManagement/oddsWala' are matched.]]></system-out>
         <system-err><![CDATA[]]></system-err>
      </testcase>
      <system-out><![CDATA[2018-11-07 18:49:35 - [TEST_SUITE][PASSED] - testing: Test Cases/dailyTesting/riskManagement/oddsPip]]></system-out>
      <system-err><![CDATA[]]></system-err>
   </testsuite>
</testsuites>
