<?xml version="1.0" encoding="UTF-8"?>
<testsuites name="1Arenawith100Match" time="23" tests="2" failures="0" errors="0">
   <testsuite name="1Arenawith100Match" tests="2" failures="0" errors="0" time="23" timestamp="2018-10-19 17:56:10" hostname="Richard Sanchez - DESKTOP-A1HL9OG" id="Test Suites/Staging/Arenacreation/1Arenawith100Match">
      <properties>
         <property name="deviceName" value=""/>
         <property name="devicePlatform" value=""/>
         <property name="logFolder" value="C:\\Users\\Richard Sanchez\\Katalon Studio\\ucf88\\Reports\\Staging\\Arenacreation\\1Arenawith100Match\\20181019_175608"/>
         <property name="logFiles" value="C:\\Users\\Richard Sanchez\\Katalon Studio\\ucf88\\Reports\\Staging\\Arenacreation\\1Arenawith100Match\\20181019_175608\\execution0.log"/>
         <property name="attachments" value=""/>
         <property name="hostName" value="Richard Sanchez - DESKTOP-A1HL9OG"/>
         <property name="os" value="Windows 10 64bit"/>
         <property name="katalonVersion" value="5.8.0.1"/>
         <property name="browser" value="Chrome 69.0.3497.100"/>
         <property name="hostAddress" value="172.16.8.122"/>
         <property name="sessionId" value="6916937eff194d224cda7da863303289"/>
         <property name="seleniumVersion" value="3.7.1"/>
         <property name="proxyInformation" value="ProxyInformation{proxyOption=NO_PROXY, proxyServerType=HTTP, password=, proxyServerAddress=, proxyServerPort=0}"/>
         <property name="platform" value="Windows 10"/>
      </properties>
      <testcase name="Test Cases/Staging/Backoffice/Login/LoginAdmin" classname="Test Cases/Staging/Backoffice/Login/LoginAdmin" status="PASSED">
         <system-out><![CDATA[2018-10-19 17:56:10 - [TEST_CASE][PASSED] - Test Cases/Staging/Backoffice/Login/LoginAdmin: Test Cases/Staging/Backoffice/Login/LoginAdmin

2018-10-19 17:56:11 - [TEST_STEP][PASSED] - openBrowser: Browser is opened with url: ''

2018-10-19 17:56:13 - [MESSAGE][PASSED] - Browser is opened with url: ''

2018-10-19 17:56:13 - [TEST_STEP][PASSED] - maximizeWindow: Current window maximized

2018-10-19 17:56:15 - [MESSAGE][PASSED] - Current window maximized

2018-10-19 17:56:15 - [TEST_STEP][PASSED] - navigateToUrl: Navigate to 'http://staging-admin.ucf88.com' successfully

2018-10-19 17:56:16 - [MESSAGE][PASSED] - Navigate to 'http://staging-admin.ucf88.com' successfully

2018-10-19 17:56:16 - [TEST_STEP][PASSED] - setText: Text 'admin' is set on object 'Object Repository/Backoffice/Login/input_Username'

2018-10-19 17:56:16 - [MESSAGE][PASSED] - Text 'admin' is set on object 'Object Repository/Backoffice/Login/input_Username'

2018-10-19 17:56:16 - [TEST_STEP][PASSED] - setEncryptedText: Text ****** has been set on object 'Object Repository/Backoffice/Login/input_Password'

2018-10-19 17:56:16 - [MESSAGE][PASSED] - Text ****** has been set on object 'Object Repository/Backoffice/Login/input_Password'

2018-10-19 17:56:16 - [TEST_STEP][PASSED] - click: Object: 'Object Repository/Backoffice/Login/button_Login' is clicked on

2018-10-19 17:56:18 - [MESSAGE][PASSED] - Object: 'Object Repository/Backoffice/Login/button_Login' is clicked on

2018-10-19 17:56:18 - [TEST_STEP][PASSED] - waitForElementVisible: Object 'Object Repository/Backoffice/Login/adminuser' is visible

2018-10-19 17:56:18 - [MESSAGE][PASSED] - Object 'Object Repository/Backoffice/Login/adminuser' is visible]]></system-out>
         <system-err><![CDATA[]]></system-err>
      </testcase>
      <testcase name="Test Cases/Staging/Backoffice/Betting/Create_match" classname="Test Cases/Staging/Backoffice/Betting/Create_match" status="PASSED">
         <system-out><![CDATA[2018-10-19 17:56:18 - [TEST_CASE][PASSED] - Test Cases/Staging/Backoffice/Betting/Create_match: Test Cases/Staging/Backoffice/Betting/Create_match

2018-10-19 17:56:18 - [TEST_STEP][PASSED] - focus: Object: 'Object Repository/Backoffice/Betting/Betting_header' is focused

2018-10-19 17:56:18 - [MESSAGE][PASSED] - Object: 'Object Repository/Backoffice/Betting/Betting_header' is focused

2018-10-19 17:56:18 - [TEST_STEP][PASSED] - click: Object: 'Object Repository/Backoffice/Betting/Match_header' is clicked on

2018-10-19 17:56:19 - [MESSAGE][PASSED] - Object: 'Object Repository/Backoffice/Betting/Match_header' is clicked on

2018-10-19 17:56:19 - [TEST_STEP][PASSED] - click: Object: 'Object Repository/Backoffice/Betting/Match/Create_match/button_Create Match' is clicked on

2018-10-19 17:56:19 - [MESSAGE][PASSED] - Object: 'Object Repository/Backoffice/Betting/Match/Create_match/button_Create Match' is clicked on

2018-10-19 17:56:19 - [TEST_STEP][PASSED] - delay: Delayed 2 second(s)

2018-10-19 17:56:21 - [MESSAGE][PASSED] - Delayed 2 second(s)

2018-10-19 17:56:21 - [TEST_STEP][PASSED] - waitForElementVisible: Object 'Object Repository/Backoffice/Betting/Match/Create_match/Pop up Add match/select_arena' is visible

2018-10-19 17:56:21 - [MESSAGE][PASSED] - Object 'Object Repository/Backoffice/Betting/Match/Create_match/Pop up Add match/select_arena' is visible

2018-10-19 17:56:21 - [TEST_STEP][PASSED] - selectOptionByLabel: All options with label 'CVCC3 - 10' are selected in object 'Object Repository/Backoffice/Betting/Match/Create_match/Pop up Add match/select_arena' 

2018-10-19 17:56:21 - [MESSAGE][PASSED] - All options with label 'CVCC3 - 10' are selected in object 'Object Repository/Backoffice/Betting/Match/Create_match/Pop up Add match/select_arena' 

2018-10-19 17:56:21 - [TEST_STEP][PASSED] - sendKeys: Keys '' sent to object: 'Object Repository/Backoffice/Betting/Match/Create_match/Pop up Add match/input_Event Name_match_name'

2018-10-19 17:56:21 - [MESSAGE][PASSED] - Keys '' sent to object: 'Object Repository/Backoffice/Betting/Match/Create_match/Pop up Add match/input_Event Name_match_name'

2018-10-19 17:56:21 - [TEST_STEP][PASSED] - sendKeys: Keys '' sent to object: 'Object Repository/Backoffice/Betting/Match/Create_match/Pop up Add match/input_Profit Margin ()_match_p'

2018-10-19 17:56:22 - [MESSAGE][PASSED] - Keys '' sent to object: 'Object Repository/Backoffice/Betting/Match/Create_match/Pop up Add match/input_Profit Margin ()_match_p'

2018-10-19 17:56:22 - [TEST_STEP][PASSED] - sendKeys: Keys 'testteamA1' sent to object: 'Object Repository/Backoffice/Betting/Match/Create_match/Pop up Add match/input_Name_banker_name'

2018-10-19 17:56:22 - [MESSAGE][PASSED] - Keys 'testteamA1' sent to object: 'Object Repository/Backoffice/Betting/Match/Create_match/Pop up Add match/input_Name_banker_name'

2018-10-19 17:56:22 - [TEST_STEP][PASSED] - sendKeys: Keys 'testteamB1' sent to object: 'Object Repository/Backoffice/Betting/Match/Create_match/Pop up Add match/input_Name_player_name'

2018-10-19 17:56:22 - [MESSAGE][PASSED] - Keys 'testteamB1' sent to object: 'Object Repository/Backoffice/Betting/Match/Create_match/Pop up Add match/input_Name_player_name'

2018-10-19 17:56:22 - [TEST_STEP][PASSED] - delay: Delayed 3 second(s)

2018-10-19 17:56:25 - [MESSAGE][PASSED] - Delayed 3 second(s)

2018-10-19 17:56:25 - [TEST_STEP][PASSED] - click: Object: 'Object Repository/Backoffice/Betting/Match/Create_match/Pop up Add match/input_Close_add_match' is clicked on

2018-10-19 17:56:26 - [MESSAGE][PASSED] - Object: 'Object Repository/Backoffice/Betting/Match/Create_match/Pop up Add match/input_Close_add_match' is clicked on

2018-10-19 17:56:26 - [TEST_STEP][PASSED] - waitForElementVisible: Object 'Object Repository/Backoffice/Betting/Match/span_Clickmatch' is visible

2018-10-19 17:56:26 - [MESSAGE][PASSED] - Object 'Object Repository/Backoffice/Betting/Match/span_Clickmatch' is visible

2018-10-19 17:56:26 - [TEST_STEP][PASSED] - click: Object: 'Object Repository/Backoffice/Betting/Match/span_Clickmatch' is clicked on

2018-10-19 17:56:26 - [MESSAGE][PASSED] - Object: 'Object Repository/Backoffice/Betting/Match/span_Clickmatch' is clicked on

2018-10-19 17:56:26 - [TEST_STEP][PASSED] - switchToWindowIndex: Switched to window with index: '1'

2018-10-19 17:56:26 - [MESSAGE][PASSED] - Switched to window with index: '1'

2018-10-19 17:56:26 - [TEST_STEP][PASSED] - waitForElementVisible: Object 'Object Repository/Backoffice/Betting/Match/button_OpenMatch' is visible

2018-10-19 17:56:27 - [MESSAGE][PASSED] - Object 'Object Repository/Backoffice/Betting/Match/button_OpenMatch' is visible

2018-10-19 17:56:27 - [TEST_STEP][PASSED] - click: Object: 'Object Repository/Backoffice/Betting/Match/button_OpenMatch' is clicked on

2018-10-19 17:56:27 - [MESSAGE][PASSED] - Object: 'Object Repository/Backoffice/Betting/Match/button_OpenMatch' is clicked on

2018-10-19 17:56:27 - [TEST_STEP][PASSED] - delay: Delayed 1 second(s)

2018-10-19 17:56:28 - [MESSAGE][PASSED] - Delayed 1 second(s)

2018-10-19 17:56:28 - [TEST_STEP][PASSED] - waitForElementPresent: Object 'Object Repository/Backoffice/Betting/Match/Riskmanagement/button_Yes I agree' is present

2018-10-19 17:56:28 - [MESSAGE][PASSED] - Object 'Object Repository/Backoffice/Betting/Match/Riskmanagement/button_Yes I agree' is present

2018-10-19 17:56:28 - [TEST_STEP][PASSED] - click: Object: 'Object Repository/Backoffice/Betting/Match/Riskmanagement/button_Yes I agree' is clicked on

2018-10-19 17:56:28 - [MESSAGE][PASSED] - Object: 'Object Repository/Backoffice/Betting/Match/Riskmanagement/button_Yes I agree' is clicked on

2018-10-19 17:56:28 - [TEST_STEP][PASSED] - delay: Delayed 2 second(s)

2018-10-19 17:56:30 - [MESSAGE][PASSED] - Delayed 2 second(s)

2018-10-19 17:56:30 - [TEST_STEP][PASSED] - closeWindowIndex: Window with index 1 is closed

2018-10-19 17:56:30 - [MESSAGE][PASSED] - Window with index 1 is closed

2018-10-19 17:56:30 - [TEST_STEP][PASSED] - delay: Delayed 2 second(s)

2018-10-19 17:56:32 - [MESSAGE][PASSED] - Delayed 2 second(s)

2018-10-19 17:56:32 - [TEST_STEP][PASSED] - switchToWindowIndex: Switched to window with index: '0'

2018-10-19 17:56:32 - [MESSAGE][PASSED] - Switched to window with index: '0']]></system-out>
         <system-err><![CDATA[]]></system-err>
      </testcase>
      <system-out><![CDATA[2018-10-19 17:56:10 - [TEST_SUITE][PASSED] - 1Arenawith100Match: Test Cases/Staging/Backoffice/Betting/Create_match]]></system-out>
      <system-err><![CDATA[]]></system-err>
   </testsuite>
</testsuites>
