<?xml version="1.0" encoding="UTF-8"?>
<testsuites name="Arena" time="16" tests="3" failures="0" errors="0">
   <testsuite name="Arena" tests="3" failures="0" errors="0" time="16" timestamp="2018-10-15 10:53:03" hostname="Richard Sanchez - DESKTOP-A1HL9OG" id="Test Suites/Arenacreation/Arena">
      <properties>
         <property name="deviceName" value=""/>
         <property name="devicePlatform" value=""/>
         <property name="logFolder" value="C:\\Users\\Richard Sanchez\\Katalon Studio\\ucf88\\Reports\\Arenacreation\\Arena\\20181015_105302"/>
         <property name="logFiles" value="C:\\Users\\Richard Sanchez\\Katalon Studio\\ucf88\\Reports\\Arenacreation\\Arena\\20181015_105302\\execution0.log"/>
         <property name="attachments" value=""/>
         <property name="hostName" value="Richard Sanchez - DESKTOP-A1HL9OG"/>
         <property name="os" value="Windows 10 64bit"/>
         <property name="katalonVersion" value="5.8.0.1"/>
         <property name="browser" value="Chrome 69.0.3497.100"/>
         <property name="hostAddress" value="172.16.8.122"/>
         <property name="sessionId" value="7774f9466ed5b39e3cd5344af4d5fb4f"/>
         <property name="seleniumVersion" value="3.7.1"/>
         <property name="proxyInformation" value="ProxyInformation{proxyOption=NO_PROXY, proxyServerType=HTTP, password=, proxyServerAddress=, proxyServerPort=0}"/>
         <property name="platform" value="Windows 10"/>
      </properties>
      <testcase name="Test Cases/Backoffice/Login" classname="Test Cases/Backoffice/Login" status="PASSED">
         <system-out><![CDATA[2018-10-15 10:53:04 - [TEST_CASE][PASSED] - Test Cases/Backoffice/Login: Test Cases/Backoffice/Login

2018-10-15 10:53:04 - [TEST_STEP][PASSED] - openBrowser: Browser is opened with url: ''

2018-10-15 10:53:07 - [MESSAGE][PASSED] - Browser is opened with url: ''

2018-10-15 10:53:07 - [TEST_STEP][PASSED] - maximizeWindow: Current window maximized

2018-10-15 10:53:08 - [MESSAGE][PASSED] - Current window maximized

2018-10-15 10:53:08 - [TEST_STEP][PASSED] - navigateToUrl: Navigate to 'http://dev-admin.ucf88.com/login' successfully

2018-10-15 10:53:09 - [MESSAGE][PASSED] - Navigate to 'http://dev-admin.ucf88.com/login' successfully

2018-10-15 10:53:09 - [TEST_STEP][PASSED] - setText: Text 'admin' is set on object 'Object Repository/Backoffice/Login/input_Username'

2018-10-15 10:53:09 - [MESSAGE][PASSED] - Text 'admin' is set on object 'Object Repository/Backoffice/Login/input_Username'

2018-10-15 10:53:09 - [TEST_STEP][PASSED] - setEncryptedText: Text ****** has been set on object 'Object Repository/Backoffice/Login/input_Password'

2018-10-15 10:53:09 - [MESSAGE][PASSED] - Text ****** has been set on object 'Object Repository/Backoffice/Login/input_Password'

2018-10-15 10:53:09 - [TEST_STEP][PASSED] - click: Object: 'Object Repository/Backoffice/Login/button_Login' is clicked on

2018-10-15 10:53:11 - [MESSAGE][PASSED] - Object: 'Object Repository/Backoffice/Login/button_Login' is clicked on

2018-10-15 10:53:11 - [TEST_STEP][PASSED] - waitForElementVisible: Object 'Object Repository/Backoffice/Login/adminuser' is visible

2018-10-15 10:53:11 - [MESSAGE][PASSED] - Object 'Object Repository/Backoffice/Login/adminuser' is visible]]></system-out>
         <system-err><![CDATA[]]></system-err>
      </testcase>
      <testcase name="Test Cases/Backoffice/Betting/Create_arena" classname="Test Cases/Backoffice/Betting/Create_arena" status="PASSED">
         <system-out><![CDATA[2018-10-15 10:53:11 - [TEST_CASE][PASSED] - Test Cases/Backoffice/Betting/Create_arena: Test Cases/Backoffice/Betting/Create_arena

2018-10-15 10:53:12 - [TEST_STEP][PASSED] - focus: Object: 'Object Repository/Backoffice/Betting/Betting_header' is focused

2018-10-15 10:53:12 - [MESSAGE][PASSED] - Object: 'Object Repository/Backoffice/Betting/Betting_header' is focused

2018-10-15 10:53:12 - [TEST_STEP][PASSED] - verifyElementPresent: Object 'Object Repository/Backoffice/Betting/Arena_header' is present

2018-10-15 10:53:12 - [MESSAGE][PASSED] - Object 'Object Repository/Backoffice/Betting/Arena_header' is present

2018-10-15 10:53:12 - [TEST_STEP][PASSED] - click: Object: 'Object Repository/Backoffice/Betting/Arena_header' is clicked on

2018-10-15 10:53:13 - [MESSAGE][PASSED] - Object: 'Object Repository/Backoffice/Betting/Arena_header' is clicked on

2018-10-15 10:53:13 - [TEST_STEP][PASSED] - click: Object: 'Object Repository/Backoffice/Betting/Arena/button_Create_arena' is clicked on

2018-10-15 10:53:13 - [MESSAGE][PASSED] - Object: 'Object Repository/Backoffice/Betting/Arena/button_Create_arena' is clicked on

2018-10-15 10:53:13 - [TEST_STEP][PASSED] - getWindowIndex: Current window's index is: 0

2018-10-15 10:53:13 - [MESSAGE][PASSED] - Current window's index is: 0

2018-10-15 10:53:13 - [TEST_STEP][PASSED] - delay: Delayed 2 second(s)

2018-10-15 10:53:15 - [MESSAGE][PASSED] - Delayed 2 second(s)

2018-10-15 10:53:15 - [TEST_STEP][PASSED] - switchToWindowIndex: Switched to window with index: '0'

2018-10-15 10:53:15 - [MESSAGE][PASSED] - Switched to window with index: '0'

2018-10-15 10:53:15 - [TEST_STEP][PASSED] - setText: Text 'AMENIC N CALAJOAN MINGLANILLA COCKPIT ARENA' is set on object 'Object Repository/Backoffice/Betting/Arena/Create_arena/input_name'

2018-10-15 10:53:15 - [MESSAGE][PASSED] - Text 'AMENIC N CALAJOAN MINGLANILLA COCKPIT ARENA' is set on object 'Object Repository/Backoffice/Betting/Arena/Create_arena/input_name'

2018-10-15 10:53:15 - [TEST_STEP][PASSED] - setText: Text 'BAKBAKAN 2018 DERBY' is set on object 'Object Repository/Backoffice/Betting/Arena/Create_arena/input_event_name'

2018-10-15 10:53:16 - [MESSAGE][PASSED] - Text 'BAKBAKAN 2018 DERBY' is set on object 'Object Repository/Backoffice/Betting/Arena/Create_arena/input_event_name'

2018-10-15 10:53:16 - [TEST_STEP][PASSED] - setText: Text 'BIGBA | ELIMS' is set on object 'Object Repository/Backoffice/Betting/Arena/Create_arena/input_acronym'

2018-10-15 10:53:16 - [MESSAGE][PASSED] - Text 'BIGBA | ELIMS' is set on object 'Object Repository/Backoffice/Betting/Arena/Create_arena/input_acronym'

2018-10-15 10:53:16 - [TEST_STEP][PASSED] - setText: Text '' is set on object 'Object Repository/Backoffice/Betting/Arena/Create_arena/input_arena_vid'

2018-10-15 10:53:16 - [MESSAGE][PASSED] - Text '' is set on object 'Object Repository/Backoffice/Betting/Arena/Create_arena/input_arena_vid'

2018-10-15 10:53:16 - [TEST_STEP][PASSED] - setText: Text '10.00' is set on object 'Object Repository/Backoffice/Betting/Arena/Create_arena/input_profit_margin'

2018-10-15 10:53:16 - [MESSAGE][PASSED] - Text '10.00' is set on object 'Object Repository/Backoffice/Betting/Arena/Create_arena/input_profit_margin'

2018-10-15 10:53:16 - [TEST_STEP][PASSED] - sendKeys: Keys '' sent to object: 'Object Repository/Backoffice/Betting/Arena/Create_arena/input_max_market'

2018-10-15 10:53:16 - [MESSAGE][PASSED] - Keys '' sent to object: 'Object Repository/Backoffice/Betting/Arena/Create_arena/input_max_market'

2018-10-15 10:53:16 - [TEST_STEP][PASSED] - sendKeys: Keys '' sent to object: 'Object Repository/Backoffice/Betting/Arena/Create_arena/input_min_single'

2018-10-15 10:53:16 - [MESSAGE][PASSED] - Keys '' sent to object: 'Object Repository/Backoffice/Betting/Arena/Create_arena/input_min_single'

2018-10-15 10:53:16 - [TEST_STEP][PASSED] - sendKeys: Keys '' sent to object: 'Object Repository/Backoffice/Betting/Arena/Create_arena/input_max_single'

2018-10-15 10:53:16 - [MESSAGE][PASSED] - Keys '' sent to object: 'Object Repository/Backoffice/Betting/Arena/Create_arena/input_max_single'

2018-10-15 10:53:16 - [TEST_STEP][PASSED] - sendKeys: Keys '' sent to object: 'Object Repository/Backoffice/Betting/Arena/Create_arena/input_pending_bet_delay'

2018-10-15 10:53:16 - [MESSAGE][PASSED] - Keys '' sent to object: 'Object Repository/Backoffice/Betting/Arena/Create_arena/input_pending_bet_delay'

2018-10-15 10:53:16 - [TEST_STEP][PASSED] - click: Object: 'Object Repository/Backoffice/Betting/Arena/Create_arena/button_Close' is clicked on

2018-10-15 10:53:16 - [MESSAGE][PASSED] - Object: 'Object Repository/Backoffice/Betting/Arena/Create_arena/button_Close' is clicked on]]></system-out>
         <system-err><![CDATA[]]></system-err>
      </testcase>
      <testcase name="Test Cases/Backoffice/Betting/Create_match" classname="Test Cases/Backoffice/Betting/Create_match" status="PASSED">
         <system-out><![CDATA[2018-10-15 10:53:16 - [TEST_CASE][PASSED] - Test Cases/Backoffice/Betting/Create_match: Test Cases/Backoffice/Betting/Create_match

2018-10-15 10:53:17 - [TEST_STEP][PASSED] - delay: Delayed 2 second(s)

2018-10-15 10:53:19 - [MESSAGE][PASSED] - Delayed 2 second(s)

2018-10-15 10:53:19 - [TEST_STEP][PASSED] - selectOptionByValue: All options with value '0' are selected in object 'Object Repository/Backoffice/Betting/Arena/Match/select_status' 

2018-10-15 10:53:19 - [MESSAGE][PASSED] - All options with value '0' are selected in object 'Object Repository/Backoffice/Betting/Arena/Match/select_status' 

2018-10-15 10:53:19 - [TEST_STEP][PASSED] - click: Object: 'Object Repository/Backoffice/Betting/Arena/Match/Search' is clicked on

2018-10-15 10:53:19 - [MESSAGE][PASSED] - Object: 'Object Repository/Backoffice/Betting/Arena/Match/Search' is clicked on]]></system-out>
         <system-err><![CDATA[]]></system-err>
      </testcase>
      <system-out><![CDATA[2018-10-15 10:53:03 - [TEST_SUITE][PASSED] - Arena: Test Cases/Backoffice/Betting/Create_match]]></system-out>
      <system-err><![CDATA[]]></system-err>
   </testsuite>
</testsuites>
