<?xml version="1.0" encoding="UTF-8"?>
<testsuites name="LoginAndRegister4" time="1265" tests="199" failures="2" errors="0">
   <testsuite name="LoginAndRegister4" tests="199" failures="2" errors="0" time="1265" timestamp="2018-10-12 12:51:10" hostname="Richard Sanchez - DESKTOP-A1HL9OG" id="Test Suites/LoginAndRegister4">
      <properties>
         <property name="deviceName" value=""/>
         <property name="devicePlatform" value=""/>
         <property name="logFolder" value="C:\\Users\\Richard Sanchez\\Katalon Studio\\ucf88\\Reports\\LoginAndRegister4\\20181012_125108"/>
         <property name="logFiles" value="C:\\Users\\Richard Sanchez\\Katalon Studio\\ucf88\\Reports\\LoginAndRegister4\\20181012_125108\\execution0.log"/>
         <property name="attachments" value="C:\\Users\\Richard Sanchez\\Katalon Studio\\ucf88\\Reports\\LoginAndRegister4\\20181012_125108\\1539320072284.png, C:\\Users\\Richard Sanchez\\Katalon Studio\\ucf88\\Reports\\LoginAndRegister4\\20181012_125108\\1539320072794.png"/>
         <property name="hostName" value="Richard Sanchez - DESKTOP-A1HL9OG"/>
         <property name="os" value="Windows 10 64bit"/>
         <property name="katalonVersion" value="5.8.0.1"/>
         <property name="browser" value="Chrome 69.0.3497.100"/>
         <property name="hostAddress" value="172.16.8.122"/>
         <property name="sessionId" value="f837ed3b2c3822a425ae84cb84e9c47d"/>
         <property name="seleniumVersion" value="3.7.1"/>
         <property name="proxyInformation" value="ProxyInformation{proxyOption=NO_PROXY, proxyServerType=HTTP, password=, proxyServerAddress=, proxyServerPort=0}"/>
         <property name="platform" value="Windows 10"/>
      </properties>
      <testcase name="Test Cases/Backoffice/Login" classname="Test Cases/Backoffice/Login" status="PASSED">
         <system-out><![CDATA[2018-10-12 12:51:11 - [TEST_CASE][PASSED] - Test Cases/Backoffice/Login: Test Cases/Backoffice/Login

2018-10-12 12:51:12 - [TEST_STEP][PASSED] - openBrowser: Browser is opened with url: ''

2018-10-12 12:51:16 - [MESSAGE][PASSED] - Browser is opened with url: ''

2018-10-12 12:51:16 - [TEST_STEP][PASSED] - maximizeWindow: Current window maximized

2018-10-12 12:51:17 - [MESSAGE][PASSED] - Current window maximized

2018-10-12 12:51:17 - [TEST_STEP][PASSED] - navigateToUrl: Navigate to 'http://dev-admin.ucf88.com/login' successfully

2018-10-12 12:51:18 - [MESSAGE][PASSED] - Navigate to 'http://dev-admin.ucf88.com/login' successfully

2018-10-12 12:51:18 - [TEST_STEP][PASSED] - setText: Text 'admin' is set on object 'Object Repository/Backoffice/Login/input_Username'

2018-10-12 12:51:18 - [MESSAGE][PASSED] - Text 'admin' is set on object 'Object Repository/Backoffice/Login/input_Username'

2018-10-12 12:51:18 - [TEST_STEP][PASSED] - setEncryptedText: Text ****** has been set on object 'Object Repository/Backoffice/Login/input_Password'

2018-10-12 12:51:18 - [MESSAGE][PASSED] - Text ****** has been set on object 'Object Repository/Backoffice/Login/input_Password'

2018-10-12 12:51:18 - [TEST_STEP][PASSED] - click: Object: 'Object Repository/Backoffice/Login/button_Login' is clicked on

2018-10-12 12:51:22 - [MESSAGE][PASSED] - Object: 'Object Repository/Backoffice/Login/button_Login' is clicked on

2018-10-12 12:51:22 - [TEST_STEP][PASSED] - waitForElementVisible: Object 'Object Repository/Backoffice/Login/adminuser' is visible

2018-10-12 12:51:22 - [MESSAGE][PASSED] - Object 'Object Repository/Backoffice/Login/adminuser' is visible]]></system-out>
         <system-err><![CDATA[]]></system-err>
      </testcase>
      <testcase name="Test Cases/Backoffice/RegisterAccount" classname="Test Cases/Backoffice/RegisterAccount" status="PASSED">
         <system-out><![CDATA[2018-10-12 12:51:22 - [TEST_CASE][PASSED] - Test Cases/Backoffice/RegisterAccount: Test Cases/Backoffice/RegisterAccount

2018-10-12 12:51:23 - [TEST_STEP][PASSED] - focus: Object: 'Object Repository/Backoffice/Clients/Clients' is focused

2018-10-12 12:51:23 - [MESSAGE][PASSED] - Object: 'Object Repository/Backoffice/Clients/Clients' is focused

2018-10-12 12:51:23 - [TEST_STEP][PASSED] - verifyElementPresent: Object 'Object Repository/Backoffice/Clients/Client Registration' is present

2018-10-12 12:51:23 - [MESSAGE][PASSED] - Object 'Object Repository/Backoffice/Clients/Client Registration' is present

2018-10-12 12:51:23 - [TEST_STEP][PASSED] - click: Object: 'Object Repository/Backoffice/Clients/Client Registration' is clicked on

2018-10-12 12:51:24 - [MESSAGE][PASSED] - Object: 'Object Repository/Backoffice/Clients/Client Registration' is clicked on

2018-10-12 12:51:24 - [TEST_STEP][PASSED] - setText: Text 'chissingcircinus' is set on object 'Object Repository/Backoffice/Clients/Registration/input_username'

2018-10-12 12:51:24 - [MESSAGE][PASSED] - Text 'chissingcircinus' is set on object 'Object Repository/Backoffice/Clients/Registration/input_username'

2018-10-12 12:51:24 - [TEST_STEP][PASSED] - setText: Text '123123' is set on object 'Object Repository/Backoffice/Clients/Registration/input_password'

2018-10-12 12:51:24 - [MESSAGE][PASSED] - Text '123123' is set on object 'Object Repository/Backoffice/Clients/Registration/input_password'

2018-10-12 12:51:24 - [TEST_STEP][PASSED] - setText: Text '123123' is set on object 'Object Repository/Backoffice/Clients/Registration/input_confirmp'

2018-10-12 12:51:24 - [MESSAGE][PASSED] - Text '123123' is set on object 'Object Repository/Backoffice/Clients/Registration/input_confirmp'

2018-10-12 12:51:24 - [TEST_STEP][PASSED] - selectOptionByValue: All options with value 'test' are selected in object 'Object Repository/Backoffice/Clients/Registration/select_operatorcode' 

2018-10-12 12:51:24 - [MESSAGE][PASSED] - All options with value 'test' are selected in object 'Object Repository/Backoffice/Clients/Registration/select_operatorcode' 

2018-10-12 12:51:24 - [TEST_STEP][PASSED] - selectOptionByValue: All options with value '1' are selected in object 'Object Repository/Backoffice/Clients/Registration/select_status' 

2018-10-12 12:51:24 - [MESSAGE][PASSED] - All options with value '1' are selected in object 'Object Repository/Backoffice/Clients/Registration/select_status' 

2018-10-12 12:51:24 - [TEST_STEP][PASSED] - delay: Delayed 2 second(s)

2018-10-12 12:51:26 - [MESSAGE][PASSED] - Delayed 2 second(s)

2018-10-12 12:51:26 - [TEST_STEP][PASSED] - click: Object: 'Object Repository/Backoffice/Clients/Registration/button_Submit' is clicked on

2018-10-12 12:51:27 - [MESSAGE][PASSED] - Object: 'Object Repository/Backoffice/Clients/Registration/button_Submit' is clicked on

2018-10-12 12:51:27 - [TEST_STEP][PASSED] - delay: Delayed 2 second(s)

2018-10-12 12:51:29 - [MESSAGE][PASSED] - Delayed 2 second(s)]]></system-out>
         <system-err><![CDATA[]]></system-err>
      </testcase>
      <testcase name="Test Cases/Backoffice/RegisterAccount" classname="Test Cases/Backoffice/RegisterAccount" status="PASSED">
         <system-out><![CDATA[2018-10-12 12:51:29 - [TEST_CASE][PASSED] - Test Cases/Backoffice/RegisterAccount: Test Cases/Backoffice/RegisterAccount

2018-10-12 12:51:29 - [TEST_STEP][PASSED] - focus: Object: 'Object Repository/Backoffice/Clients/Clients' is focused

2018-10-12 12:51:29 - [MESSAGE][PASSED] - Object: 'Object Repository/Backoffice/Clients/Clients' is focused

2018-10-12 12:51:29 - [TEST_STEP][PASSED] - verifyElementPresent: Object 'Object Repository/Backoffice/Clients/Client Registration' is present

2018-10-12 12:51:29 - [MESSAGE][PASSED] - Object 'Object Repository/Backoffice/Clients/Client Registration' is present

2018-10-12 12:51:29 - [TEST_STEP][PASSED] - click: Object: 'Object Repository/Backoffice/Clients/Client Registration' is clicked on

2018-10-12 12:51:30 - [MESSAGE][PASSED] - Object: 'Object Repository/Backoffice/Clients/Client Registration' is clicked on

2018-10-12 12:51:30 - [TEST_STEP][PASSED] - setText: Text 'climbchaos' is set on object 'Object Repository/Backoffice/Clients/Registration/input_username'

2018-10-12 12:51:30 - [MESSAGE][PASSED] - Text 'climbchaos' is set on object 'Object Repository/Backoffice/Clients/Registration/input_username'

2018-10-12 12:51:30 - [TEST_STEP][PASSED] - setText: Text '123123' is set on object 'Object Repository/Backoffice/Clients/Registration/input_password'

2018-10-12 12:51:31 - [MESSAGE][PASSED] - Text '123123' is set on object 'Object Repository/Backoffice/Clients/Registration/input_password'

2018-10-12 12:51:31 - [TEST_STEP][PASSED] - setText: Text '123123' is set on object 'Object Repository/Backoffice/Clients/Registration/input_confirmp'

2018-10-12 12:51:31 - [MESSAGE][PASSED] - Text '123123' is set on object 'Object Repository/Backoffice/Clients/Registration/input_confirmp'

2018-10-12 12:51:31 - [TEST_STEP][PASSED] - selectOptionByValue: All options with value 'test' are selected in object 'Object Repository/Backoffice/Clients/Registration/select_operatorcode' 

2018-10-12 12:51:31 - [MESSAGE][PASSED] - All options with value 'test' are selected in object 'Object Repository/Backoffice/Clients/Registration/select_operatorcode' 

2018-10-12 12:51:31 - [TEST_STEP][PASSED] - selectOptionByValue: All options with value '1' are selected in object 'Object Repository/Backoffice/Clients/Registration/select_status' 

2018-10-12 12:51:31 - [MESSAGE][PASSED] - All options with value '1' are selected in object 'Object Repository/Backoffice/Clients/Registration/select_status' 

2018-10-12 12:51:31 - [TEST_STEP][PASSED] - delay: Delayed 2 second(s)

2018-10-12 12:51:33 - [MESSAGE][PASSED] - Delayed 2 second(s)

2018-10-12 12:51:33 - [TEST_STEP][PASSED] - click: Object: 'Object Repository/Backoffice/Clients/Registration/button_Submit' is clicked on

2018-10-12 12:51:34 - [MESSAGE][PASSED] - Object: 'Object Repository/Backoffice/Clients/Registration/button_Submit' is clicked on

2018-10-12 12:51:34 - [TEST_STEP][PASSED] - delay: Delayed 2 second(s)

2018-10-12 12:51:36 - [MESSAGE][PASSED] - Delayed 2 second(s)]]></system-out>
         <system-err><![CDATA[]]></system-err>
      </testcase>
      <testcase name="Test Cases/Backoffice/RegisterAccount" classname="Test Cases/Backoffice/RegisterAccount" status="PASSED">
         <system-out><![CDATA[2018-10-12 12:51:36 - [TEST_CASE][PASSED] - Test Cases/Backoffice/RegisterAccount: Test Cases/Backoffice/RegisterAccount

2018-10-12 12:51:36 - [TEST_STEP][PASSED] - focus: Object: 'Object Repository/Backoffice/Clients/Clients' is focused

2018-10-12 12:51:36 - [MESSAGE][PASSED] - Object: 'Object Repository/Backoffice/Clients/Clients' is focused

2018-10-12 12:51:36 - [TEST_STEP][PASSED] - verifyElementPresent: Object 'Object Repository/Backoffice/Clients/Client Registration' is present

2018-10-12 12:51:36 - [MESSAGE][PASSED] - Object 'Object Repository/Backoffice/Clients/Client Registration' is present

2018-10-12 12:51:36 - [TEST_STEP][PASSED] - click: Object: 'Object Repository/Backoffice/Clients/Client Registration' is clicked on

2018-10-12 12:51:36 - [MESSAGE][PASSED] - Object: 'Object Repository/Backoffice/Clients/Client Registration' is clicked on

2018-10-12 12:51:36 - [TEST_STEP][PASSED] - setText: Text 'chorusescasserole' is set on object 'Object Repository/Backoffice/Clients/Registration/input_username'

2018-10-12 12:51:37 - [MESSAGE][PASSED] - Text 'chorusescasserole' is set on object 'Object Repository/Backoffice/Clients/Registration/input_username'

2018-10-12 12:51:37 - [TEST_STEP][PASSED] - setText: Text '123123' is set on object 'Object Repository/Backoffice/Clients/Registration/input_password'

2018-10-12 12:51:37 - [MESSAGE][PASSED] - Text '123123' is set on object 'Object Repository/Backoffice/Clients/Registration/input_password'

2018-10-12 12:51:37 - [TEST_STEP][PASSED] - setText: Text '123123' is set on object 'Object Repository/Backoffice/Clients/Registration/input_confirmp'

2018-10-12 12:51:37 - [MESSAGE][PASSED] - Text '123123' is set on object 'Object Repository/Backoffice/Clients/Registration/input_confirmp'

2018-10-12 12:51:37 - [TEST_STEP][PASSED] - selectOptionByValue: All options with value 'test' are selected in object 'Object Repository/Backoffice/Clients/Registration/select_operatorcode' 

2018-10-12 12:51:37 - [MESSAGE][PASSED] - All options with value 'test' are selected in object 'Object Repository/Backoffice/Clients/Registration/select_operatorcode' 

2018-10-12 12:51:37 - [TEST_STEP][PASSED] - selectOptionByValue: All options with value '1' are selected in object 'Object Repository/Backoffice/Clients/Registration/select_status' 

2018-10-12 12:51:37 - [MESSAGE][PASSED] - All options with value '1' are selected in object 'Object Repository/Backoffice/Clients/Registration/select_status' 

2018-10-12 12:51:37 - [TEST_STEP][PASSED] - delay: Delayed 2 second(s)

2018-10-12 12:51:39 - [MESSAGE][PASSED] - Delayed 2 second(s)

2018-10-12 12:51:39 - [TEST_STEP][PASSED] - click: Object: 'Object Repository/Backoffice/Clients/Registration/button_Submit' is clicked on

2018-10-12 12:51:40 - [MESSAGE][PASSED] - Object: 'Object Repository/Backoffice/Clients/Registration/button_Submit' is clicked on

2018-10-12 12:51:40 - [TEST_STEP][PASSED] - delay: Delayed 2 second(s)

2018-10-12 12:51:42 - [MESSAGE][PASSED] - Delayed 2 second(s)]]></system-out>
         <system-err><![CDATA[]]></system-err>
      </testcase>
      <testcase name="Test Cases/Backoffice/RegisterAccount" classname="Test Cases/Backoffice/RegisterAccount" status="PASSED">
         <system-out><![CDATA[2018-10-12 12:51:42 - [TEST_CASE][PASSED] - Test Cases/Backoffice/RegisterAccount: Test Cases/Backoffice/RegisterAccount

2018-10-12 12:51:42 - [TEST_STEP][PASSED] - focus: Object: 'Object Repository/Backoffice/Clients/Clients' is focused

2018-10-12 12:51:42 - [MESSAGE][PASSED] - Object: 'Object Repository/Backoffice/Clients/Clients' is focused

2018-10-12 12:51:42 - [TEST_STEP][PASSED] - verifyElementPresent: Object 'Object Repository/Backoffice/Clients/Client Registration' is present

2018-10-12 12:51:42 - [MESSAGE][PASSED] - Object 'Object Repository/Backoffice/Clients/Client Registration' is present

2018-10-12 12:51:42 - [TEST_STEP][PASSED] - click: Object: 'Object Repository/Backoffice/Clients/Client Registration' is clicked on

2018-10-12 12:51:43 - [MESSAGE][PASSED] - Object: 'Object Repository/Backoffice/Clients/Client Registration' is clicked on

2018-10-12 12:51:43 - [TEST_STEP][PASSED] - setText: Text 'codgerchine' is set on object 'Object Repository/Backoffice/Clients/Registration/input_username'

2018-10-12 12:51:43 - [MESSAGE][PASSED] - Text 'codgerchine' is set on object 'Object Repository/Backoffice/Clients/Registration/input_username'

2018-10-12 12:51:43 - [TEST_STEP][PASSED] - setText: Text '123123' is set on object 'Object Repository/Backoffice/Clients/Registration/input_password'

2018-10-12 12:51:43 - [MESSAGE][PASSED] - Text '123123' is set on object 'Object Repository/Backoffice/Clients/Registration/input_password'

2018-10-12 12:51:43 - [TEST_STEP][PASSED] - setText: Text '123123' is set on object 'Object Repository/Backoffice/Clients/Registration/input_confirmp'

2018-10-12 12:51:43 - [MESSAGE][PASSED] - Text '123123' is set on object 'Object Repository/Backoffice/Clients/Registration/input_confirmp'

2018-10-12 12:51:43 - [TEST_STEP][PASSED] - selectOptionByValue: All options with value 'test' are selected in object 'Object Repository/Backoffice/Clients/Registration/select_operatorcode' 

2018-10-12 12:51:43 - [MESSAGE][PASSED] - All options with value 'test' are selected in object 'Object Repository/Backoffice/Clients/Registration/select_operatorcode' 

2018-10-12 12:51:43 - [TEST_STEP][PASSED] - selectOptionByValue: All options with value '1' are selected in object 'Object Repository/Backoffice/Clients/Registration/select_status' 

2018-10-12 12:51:43 - [MESSAGE][PASSED] - All options with value '1' are selected in object 'Object Repository/Backoffice/Clients/Registration/select_status' 

2018-10-12 12:51:43 - [TEST_STEP][PASSED] - delay: Delayed 2 second(s)

2018-10-12 12:51:45 - [MESSAGE][PASSED] - Delayed 2 second(s)

2018-10-12 12:51:45 - [TEST_STEP][PASSED] - click: Object: 'Object Repository/Backoffice/Clients/Registration/button_Submit' is clicked on

2018-10-12 12:51:46 - [MESSAGE][PASSED] - Object: 'Object Repository/Backoffice/Clients/Registration/button_Submit' is clicked on

2018-10-12 12:51:46 - [TEST_STEP][PASSED] - delay: Delayed 2 second(s)

2018-10-12 12:51:48 - [MESSAGE][PASSED] - Delayed 2 second(s)]]></system-out>
         <system-err><![CDATA[]]></system-err>
      </testcase>
      <testcase name="Test Cases/Backoffice/RegisterAccount" classname="Test Cases/Backoffice/RegisterAccount" status="PASSED">
         <system-out><![CDATA[2018-10-12 12:51:48 - [TEST_CASE][PASSED] - Test Cases/Backoffice/RegisterAccount: Test Cases/Backoffice/RegisterAccount

2018-10-12 12:51:48 - [TEST_STEP][PASSED] - focus: Object: 'Object Repository/Backoffice/Clients/Clients' is focused

2018-10-12 12:51:48 - [MESSAGE][PASSED] - Object: 'Object Repository/Backoffice/Clients/Clients' is focused

2018-10-12 12:51:48 - [TEST_STEP][PASSED] - verifyElementPresent: Object 'Object Repository/Backoffice/Clients/Client Registration' is present

2018-10-12 12:51:48 - [MESSAGE][PASSED] - Object 'Object Repository/Backoffice/Clients/Client Registration' is present

2018-10-12 12:51:48 - [TEST_STEP][PASSED] - click: Object: 'Object Repository/Backoffice/Clients/Client Registration' is clicked on

2018-10-12 12:51:49 - [MESSAGE][PASSED] - Object: 'Object Repository/Backoffice/Clients/Client Registration' is clicked on

2018-10-12 12:51:49 - [TEST_STEP][PASSED] - setText: Text 'coppercoach' is set on object 'Object Repository/Backoffice/Clients/Registration/input_username'

2018-10-12 12:51:49 - [MESSAGE][PASSED] - Text 'coppercoach' is set on object 'Object Repository/Backoffice/Clients/Registration/input_username'

2018-10-12 12:51:49 - [TEST_STEP][PASSED] - setText: Text '123123' is set on object 'Object Repository/Backoffice/Clients/Registration/input_password'

2018-10-12 12:51:49 - [MESSAGE][PASSED] - Text '123123' is set on object 'Object Repository/Backoffice/Clients/Registration/input_password'

2018-10-12 12:51:49 - [TEST_STEP][PASSED] - setText: Text '123123' is set on object 'Object Repository/Backoffice/Clients/Registration/input_confirmp'

2018-10-12 12:51:49 - [MESSAGE][PASSED] - Text '123123' is set on object 'Object Repository/Backoffice/Clients/Registration/input_confirmp'

2018-10-12 12:51:49 - [TEST_STEP][PASSED] - selectOptionByValue: All options with value 'test' are selected in object 'Object Repository/Backoffice/Clients/Registration/select_operatorcode' 

2018-10-12 12:51:49 - [MESSAGE][PASSED] - All options with value 'test' are selected in object 'Object Repository/Backoffice/Clients/Registration/select_operatorcode' 

2018-10-12 12:51:49 - [TEST_STEP][PASSED] - selectOptionByValue: All options with value '1' are selected in object 'Object Repository/Backoffice/Clients/Registration/select_status' 

2018-10-12 12:51:49 - [MESSAGE][PASSED] - All options with value '1' are selected in object 'Object Repository/Backoffice/Clients/Registration/select_status' 

2018-10-12 12:51:49 - [TEST_STEP][PASSED] - delay: Delayed 2 second(s)

2018-10-12 12:51:51 - [MESSAGE][PASSED] - Delayed 2 second(s)

2018-10-12 12:51:51 - [TEST_STEP][PASSED] - click: Object: 'Object Repository/Backoffice/Clients/Registration/button_Submit' is clicked on

2018-10-12 12:51:53 - [MESSAGE][PASSED] - Object: 'Object Repository/Backoffice/Clients/Registration/button_Submit' is clicked on

2018-10-12 12:51:53 - [TEST_STEP][PASSED] - delay: Delayed 2 second(s)

2018-10-12 12:51:55 - [MESSAGE][PASSED] - Delayed 2 second(s)]]></system-out>
         <system-err><![CDATA[]]></system-err>
      </testcase>
      <testcase name="Test Cases/Backoffice/RegisterAccount" classname="Test Cases/Backoffice/RegisterAccount" status="PASSED">
         <system-out><![CDATA[2018-10-12 12:51:55 - [TEST_CASE][PASSED] - Test Cases/Backoffice/RegisterAccount: Test Cases/Backoffice/RegisterAccount

2018-10-12 12:51:55 - [TEST_STEP][PASSED] - focus: Object: 'Object Repository/Backoffice/Clients/Clients' is focused

2018-10-12 12:51:55 - [MESSAGE][PASSED] - Object: 'Object Repository/Backoffice/Clients/Clients' is focused

2018-10-12 12:51:55 - [TEST_STEP][PASSED] - verifyElementPresent: Object 'Object Repository/Backoffice/Clients/Client Registration' is present

2018-10-12 12:51:55 - [MESSAGE][PASSED] - Object 'Object Repository/Backoffice/Clients/Client Registration' is present

2018-10-12 12:51:55 - [TEST_STEP][PASSED] - click: Object: 'Object Repository/Backoffice/Clients/Client Registration' is clicked on

2018-10-12 12:51:55 - [MESSAGE][PASSED] - Object: 'Object Repository/Backoffice/Clients/Client Registration' is clicked on

2018-10-12 12:51:55 - [TEST_STEP][PASSED] - setText: Text 'covetcoalesce' is set on object 'Object Repository/Backoffice/Clients/Registration/input_username'

2018-10-12 12:51:55 - [MESSAGE][PASSED] - Text 'covetcoalesce' is set on object 'Object Repository/Backoffice/Clients/Registration/input_username'

2018-10-12 12:51:55 - [TEST_STEP][PASSED] - setText: Text '123123' is set on object 'Object Repository/Backoffice/Clients/Registration/input_password'

2018-10-12 12:51:55 - [MESSAGE][PASSED] - Text '123123' is set on object 'Object Repository/Backoffice/Clients/Registration/input_password'

2018-10-12 12:51:55 - [TEST_STEP][PASSED] - setText: Text '123123' is set on object 'Object Repository/Backoffice/Clients/Registration/input_confirmp'

2018-10-12 12:51:56 - [MESSAGE][PASSED] - Text '123123' is set on object 'Object Repository/Backoffice/Clients/Registration/input_confirmp'

2018-10-12 12:51:56 - [TEST_STEP][PASSED] - selectOptionByValue: All options with value 'test' are selected in object 'Object Repository/Backoffice/Clients/Registration/select_operatorcode' 

2018-10-12 12:51:56 - [MESSAGE][PASSED] - All options with value 'test' are selected in object 'Object Repository/Backoffice/Clients/Registration/select_operatorcode' 

2018-10-12 12:51:56 - [TEST_STEP][PASSED] - selectOptionByValue: All options with value '1' are selected in object 'Object Repository/Backoffice/Clients/Registration/select_status' 

2018-10-12 12:51:56 - [MESSAGE][PASSED] - All options with value '1' are selected in object 'Object Repository/Backoffice/Clients/Registration/select_status' 

2018-10-12 12:51:56 - [TEST_STEP][PASSED] - delay: Delayed 2 second(s)

2018-10-12 12:51:58 - [MESSAGE][PASSED] - Delayed 2 second(s)

2018-10-12 12:51:58 - [TEST_STEP][PASSED] - click: Object: 'Object Repository/Backoffice/Clients/Registration/button_Submit' is clicked on

2018-10-12 12:51:59 - [MESSAGE][PASSED] - Object: 'Object Repository/Backoffice/Clients/Registration/button_Submit' is clicked on

2018-10-12 12:51:59 - [TEST_STEP][PASSED] - delay: Delayed 2 second(s)

2018-10-12 12:52:01 - [MESSAGE][PASSED] - Delayed 2 second(s)]]></system-out>
         <system-err><![CDATA[]]></system-err>
      </testcase>
      <testcase name="Test Cases/Backoffice/RegisterAccount" classname="Test Cases/Backoffice/RegisterAccount" status="PASSED">
         <system-out><![CDATA[2018-10-12 12:52:01 - [TEST_CASE][PASSED] - Test Cases/Backoffice/RegisterAccount: Test Cases/Backoffice/RegisterAccount

2018-10-12 12:52:01 - [TEST_STEP][PASSED] - focus: Object: 'Object Repository/Backoffice/Clients/Clients' is focused

2018-10-12 12:52:01 - [MESSAGE][PASSED] - Object: 'Object Repository/Backoffice/Clients/Clients' is focused

2018-10-12 12:52:01 - [TEST_STEP][PASSED] - verifyElementPresent: Object 'Object Repository/Backoffice/Clients/Client Registration' is present

2018-10-12 12:52:01 - [MESSAGE][PASSED] - Object 'Object Repository/Backoffice/Clients/Client Registration' is present

2018-10-12 12:52:01 - [TEST_STEP][PASSED] - click: Object: 'Object Repository/Backoffice/Clients/Client Registration' is clicked on

2018-10-12 12:52:02 - [MESSAGE][PASSED] - Object: 'Object Repository/Backoffice/Clients/Client Registration' is clicked on

2018-10-12 12:52:02 - [TEST_STEP][PASSED] - setText: Text 'chugglingcangling' is set on object 'Object Repository/Backoffice/Clients/Registration/input_username'

2018-10-12 12:52:02 - [MESSAGE][PASSED] - Text 'chugglingcangling' is set on object 'Object Repository/Backoffice/Clients/Registration/input_username'

2018-10-12 12:52:02 - [TEST_STEP][PASSED] - setText: Text '123123' is set on object 'Object Repository/Backoffice/Clients/Registration/input_password'

2018-10-12 12:52:02 - [MESSAGE][PASSED] - Text '123123' is set on object 'Object Repository/Backoffice/Clients/Registration/input_password'

2018-10-12 12:52:02 - [TEST_STEP][PASSED] - setText: Text '123123' is set on object 'Object Repository/Backoffice/Clients/Registration/input_confirmp'

2018-10-12 12:52:02 - [MESSAGE][PASSED] - Text '123123' is set on object 'Object Repository/Backoffice/Clients/Registration/input_confirmp'

2018-10-12 12:52:02 - [TEST_STEP][PASSED] - selectOptionByValue: All options with value 'test' are selected in object 'Object Repository/Backoffice/Clients/Registration/select_operatorcode' 

2018-10-12 12:52:02 - [MESSAGE][PASSED] - All options with value 'test' are selected in object 'Object Repository/Backoffice/Clients/Registration/select_operatorcode' 

2018-10-12 12:52:02 - [TEST_STEP][PASSED] - selectOptionByValue: All options with value '1' are selected in object 'Object Repository/Backoffice/Clients/Registration/select_status' 

2018-10-12 12:52:02 - [MESSAGE][PASSED] - All options with value '1' are selected in object 'Object Repository/Backoffice/Clients/Registration/select_status' 

2018-10-12 12:52:02 - [TEST_STEP][PASSED] - delay: Delayed 2 second(s)

2018-10-12 12:52:04 - [MESSAGE][PASSED] - Delayed 2 second(s)

2018-10-12 12:52:04 - [TEST_STEP][PASSED] - click: Object: 'Object Repository/Backoffice/Clients/Registration/button_Submit' is clicked on

2018-10-12 12:52:05 - [MESSAGE][PASSED] - Object: 'Object Repository/Backoffice/Clients/Registration/button_Submit' is clicked on

2018-10-12 12:52:05 - [TEST_STEP][PASSED] - delay: Delayed 2 second(s)

2018-10-12 12:52:07 - [MESSAGE][PASSED] - Delayed 2 second(s)]]></system-out>
         <system-err><![CDATA[]]></system-err>
      </testcase>
      <testcase name="Test Cases/Backoffice/RegisterAccount" classname="Test Cases/Backoffice/RegisterAccount" status="PASSED">
         <system-out><![CDATA[2018-10-12 12:52:07 - [TEST_CASE][PASSED] - Test Cases/Backoffice/RegisterAccount: Test Cases/Backoffice/RegisterAccount

2018-10-12 12:52:07 - [TEST_STEP][PASSED] - focus: Object: 'Object Repository/Backoffice/Clients/Clients' is focused

2018-10-12 12:52:07 - [MESSAGE][PASSED] - Object: 'Object Repository/Backoffice/Clients/Clients' is focused

2018-10-12 12:52:07 - [TEST_STEP][PASSED] - verifyElementPresent: Object 'Object Repository/Backoffice/Clients/Client Registration' is present

2018-10-12 12:52:07 - [MESSAGE][PASSED] - Object 'Object Repository/Backoffice/Clients/Client Registration' is present

2018-10-12 12:52:07 - [TEST_STEP][PASSED] - click: Object: 'Object Repository/Backoffice/Clients/Client Registration' is clicked on

2018-10-12 12:52:08 - [MESSAGE][PASSED] - Object: 'Object Repository/Backoffice/Clients/Client Registration' is clicked on

2018-10-12 12:52:08 - [TEST_STEP][PASSED] - setText: Text 'cavitycells' is set on object 'Object Repository/Backoffice/Clients/Registration/input_username'

2018-10-12 12:52:08 - [MESSAGE][PASSED] - Text 'cavitycells' is set on object 'Object Repository/Backoffice/Clients/Registration/input_username'

2018-10-12 12:52:08 - [TEST_STEP][PASSED] - setText: Text '123123' is set on object 'Object Repository/Backoffice/Clients/Registration/input_password'

2018-10-12 12:52:08 - [MESSAGE][PASSED] - Text '123123' is set on object 'Object Repository/Backoffice/Clients/Registration/input_password'

2018-10-12 12:52:08 - [TEST_STEP][PASSED] - setText: Text '123123' is set on object 'Object Repository/Backoffice/Clients/Registration/input_confirmp'

2018-10-12 12:52:08 - [MESSAGE][PASSED] - Text '123123' is set on object 'Object Repository/Backoffice/Clients/Registration/input_confirmp'

2018-10-12 12:52:08 - [TEST_STEP][PASSED] - selectOptionByValue: All options with value 'test' are selected in object 'Object Repository/Backoffice/Clients/Registration/select_operatorcode' 

2018-10-12 12:52:08 - [MESSAGE][PASSED] - All options with value 'test' are selected in object 'Object Repository/Backoffice/Clients/Registration/select_operatorcode' 

2018-10-12 12:52:08 - [TEST_STEP][PASSED] - selectOptionByValue: All options with value '1' are selected in object 'Object Repository/Backoffice/Clients/Registration/select_status' 

2018-10-12 12:52:08 - [MESSAGE][PASSED] - All options with value '1' are selected in object 'Object Repository/Backoffice/Clients/Registration/select_status' 

2018-10-12 12:52:08 - [TEST_STEP][PASSED] - delay: Delayed 2 second(s)

2018-10-12 12:52:10 - [MESSAGE][PASSED] - Delayed 2 second(s)

2018-10-12 12:52:10 - [TEST_STEP][PASSED] - click: Object: 'Object Repository/Backoffice/Clients/Registration/button_Submit' is clicked on

2018-10-12 12:52:11 - [MESSAGE][PASSED] - Object: 'Object Repository/Backoffice/Clients/Registration/button_Submit' is clicked on

2018-10-12 12:52:11 - [TEST_STEP][PASSED] - delay: Delayed 2 second(s)

2018-10-12 12:52:13 - [MESSAGE][PASSED] - Delayed 2 second(s)]]></system-out>
         <system-err><![CDATA[]]></system-err>
      </testcase>
      <testcase name="Test Cases/Backoffice/RegisterAccount" classname="Test Cases/Backoffice/RegisterAccount" status="PASSED">
         <system-out><![CDATA[2018-10-12 12:52:13 - [TEST_CASE][PASSED] - Test Cases/Backoffice/RegisterAccount: Test Cases/Backoffice/RegisterAccount

2018-10-12 12:52:13 - [TEST_STEP][PASSED] - focus: Object: 'Object Repository/Backoffice/Clients/Clients' is focused

2018-10-12 12:52:13 - [MESSAGE][PASSED] - Object: 'Object Repository/Backoffice/Clients/Clients' is focused

2018-10-12 12:52:13 - [TEST_STEP][PASSED] - verifyElementPresent: Object 'Object Repository/Backoffice/Clients/Client Registration' is present

2018-10-12 12:52:13 - [MESSAGE][PASSED] - Object 'Object Repository/Backoffice/Clients/Client Registration' is present

2018-10-12 12:52:13 - [TEST_STEP][PASSED] - click: Object: 'Object Repository/Backoffice/Clients/Client Registration' is clicked on

2018-10-12 12:52:14 - [MESSAGE][PASSED] - Object: 'Object Repository/Backoffice/Clients/Client Registration' is clicked on

2018-10-12 12:52:14 - [TEST_STEP][PASSED] - setText: Text 'checkceets' is set on object 'Object Repository/Backoffice/Clients/Registration/input_username'

2018-10-12 12:52:14 - [MESSAGE][PASSED] - Text 'checkceets' is set on object 'Object Repository/Backoffice/Clients/Registration/input_username'

2018-10-12 12:52:14 - [TEST_STEP][PASSED] - setText: Text '123123' is set on object 'Object Repository/Backoffice/Clients/Registration/input_password'

2018-10-12 12:52:14 - [MESSAGE][PASSED] - Text '123123' is set on object 'Object Repository/Backoffice/Clients/Registration/input_password'

2018-10-12 12:52:14 - [TEST_STEP][PASSED] - setText: Text '123123' is set on object 'Object Repository/Backoffice/Clients/Registration/input_confirmp'

2018-10-12 12:52:14 - [MESSAGE][PASSED] - Text '123123' is set on object 'Object Repository/Backoffice/Clients/Registration/input_confirmp'

2018-10-12 12:52:14 - [TEST_STEP][PASSED] - selectOptionByValue: All options with value 'test' are selected in object 'Object Repository/Backoffice/Clients/Registration/select_operatorcode' 

2018-10-12 12:52:14 - [MESSAGE][PASSED] - All options with value 'test' are selected in object 'Object Repository/Backoffice/Clients/Registration/select_operatorcode' 

2018-10-12 12:52:14 - [TEST_STEP][PASSED] - selectOptionByValue: All options with value '1' are selected in object 'Object Repository/Backoffice/Clients/Registration/select_status' 

2018-10-12 12:52:14 - [MESSAGE][PASSED] - All options with value '1' are selected in object 'Object Repository/Backoffice/Clients/Registration/select_status' 

2018-10-12 12:52:14 - [TEST_STEP][PASSED] - delay: Delayed 2 second(s)

2018-10-12 12:52:16 - [MESSAGE][PASSED] - Delayed 2 second(s)

2018-10-12 12:52:16 - [TEST_STEP][PASSED] - click: Object: 'Object Repository/Backoffice/Clients/Registration/button_Submit' is clicked on

2018-10-12 12:52:17 - [MESSAGE][PASSED] - Object: 'Object Repository/Backoffice/Clients/Registration/button_Submit' is clicked on

2018-10-12 12:52:17 - [TEST_STEP][PASSED] - delay: Delayed 2 second(s)

2018-10-12 12:52:19 - [MESSAGE][PASSED] - Delayed 2 second(s)]]></system-out>
         <system-err><![CDATA[]]></system-err>
      </testcase>
      <testcase name="Test Cases/Backoffice/RegisterAccount" classname="Test Cases/Backoffice/RegisterAccount" status="PASSED">
         <system-out><![CDATA[2018-10-12 12:52:19 - [TEST_CASE][PASSED] - Test Cases/Backoffice/RegisterAccount: Test Cases/Backoffice/RegisterAccount

2018-10-12 12:52:19 - [TEST_STEP][PASSED] - focus: Object: 'Object Repository/Backoffice/Clients/Clients' is focused

2018-10-12 12:52:19 - [MESSAGE][PASSED] - Object: 'Object Repository/Backoffice/Clients/Clients' is focused

2018-10-12 12:52:19 - [TEST_STEP][PASSED] - verifyElementPresent: Object 'Object Repository/Backoffice/Clients/Client Registration' is present

2018-10-12 12:52:19 - [MESSAGE][PASSED] - Object 'Object Repository/Backoffice/Clients/Client Registration' is present

2018-10-12 12:52:19 - [TEST_STEP][PASSED] - click: Object: 'Object Repository/Backoffice/Clients/Client Registration' is clicked on

2018-10-12 12:52:20 - [MESSAGE][PASSED] - Object: 'Object Repository/Backoffice/Clients/Client Registration' is clicked on

2018-10-12 12:52:20 - [TEST_STEP][PASSED] - setText: Text 'corpscrass' is set on object 'Object Repository/Backoffice/Clients/Registration/input_username'

2018-10-12 12:52:20 - [MESSAGE][PASSED] - Text 'corpscrass' is set on object 'Object Repository/Backoffice/Clients/Registration/input_username'

2018-10-12 12:52:20 - [TEST_STEP][PASSED] - setText: Text '123123' is set on object 'Object Repository/Backoffice/Clients/Registration/input_password'

2018-10-12 12:52:20 - [MESSAGE][PASSED] - Text '123123' is set on object 'Object Repository/Backoffice/Clients/Registration/input_password'

2018-10-12 12:52:20 - [TEST_STEP][PASSED] - setText: Text '123123' is set on object 'Object Repository/Backoffice/Clients/Registration/input_confirmp'

2018-10-12 12:52:20 - [MESSAGE][PASSED] - Text '123123' is set on object 'Object Repository/Backoffice/Clients/Registration/input_confirmp'

2018-10-12 12:52:20 - [TEST_STEP][PASSED] - selectOptionByValue: All options with value 'test' are selected in object 'Object Repository/Backoffice/Clients/Registration/select_operatorcode' 

2018-10-12 12:52:20 - [MESSAGE][PASSED] - All options with value 'test' are selected in object 'Object Repository/Backoffice/Clients/Registration/select_operatorcode' 

2018-10-12 12:52:20 - [TEST_STEP][PASSED] - selectOptionByValue: All options with value '1' are selected in object 'Object Repository/Backoffice/Clients/Registration/select_status' 

2018-10-12 12:52:20 - [MESSAGE][PASSED] - All options with value '1' are selected in object 'Object Repository/Backoffice/Clients/Registration/select_status' 

2018-10-12 12:52:20 - [TEST_STEP][PASSED] - delay: Delayed 2 second(s)

2018-10-12 12:52:22 - [MESSAGE][PASSED] - Delayed 2 second(s)

2018-10-12 12:52:22 - [TEST_STEP][PASSED] - click: Object: 'Object Repository/Backoffice/Clients/Registration/button_Submit' is clicked on

2018-10-12 12:52:24 - [MESSAGE][PASSED] - Object: 'Object Repository/Backoffice/Clients/Registration/button_Submit' is clicked on

2018-10-12 12:52:24 - [TEST_STEP][PASSED] - delay: Delayed 2 second(s)

2018-10-12 12:52:26 - [MESSAGE][PASSED] - Delayed 2 second(s)]]></system-out>
         <system-err><![CDATA[]]></system-err>
      </testcase>
      <testcase name="Test Cases/Backoffice/RegisterAccount" classname="Test Cases/Backoffice/RegisterAccount" status="PASSED">
         <system-out><![CDATA[2018-10-12 12:52:26 - [TEST_CASE][PASSED] - Test Cases/Backoffice/RegisterAccount: Test Cases/Backoffice/RegisterAccount

2018-10-12 12:52:26 - [TEST_STEP][PASSED] - focus: Object: 'Object Repository/Backoffice/Clients/Clients' is focused

2018-10-12 12:52:26 - [MESSAGE][PASSED] - Object: 'Object Repository/Backoffice/Clients/Clients' is focused

2018-10-12 12:52:26 - [TEST_STEP][PASSED] - verifyElementPresent: Object 'Object Repository/Backoffice/Clients/Client Registration' is present

2018-10-12 12:52:26 - [MESSAGE][PASSED] - Object 'Object Repository/Backoffice/Clients/Client Registration' is present

2018-10-12 12:52:26 - [TEST_STEP][PASSED] - click: Object: 'Object Repository/Backoffice/Clients/Client Registration' is clicked on

2018-10-12 12:52:26 - [MESSAGE][PASSED] - Object: 'Object Repository/Backoffice/Clients/Client Registration' is clicked on

2018-10-12 12:52:26 - [TEST_STEP][PASSED] - setText: Text 'clockeyclank' is set on object 'Object Repository/Backoffice/Clients/Registration/input_username'

2018-10-12 12:52:26 - [MESSAGE][PASSED] - Text 'clockeyclank' is set on object 'Object Repository/Backoffice/Clients/Registration/input_username'

2018-10-12 12:52:26 - [TEST_STEP][PASSED] - setText: Text '123123' is set on object 'Object Repository/Backoffice/Clients/Registration/input_password'

2018-10-12 12:52:26 - [MESSAGE][PASSED] - Text '123123' is set on object 'Object Repository/Backoffice/Clients/Registration/input_password'

2018-10-12 12:52:26 - [TEST_STEP][PASSED] - setText: Text '123123' is set on object 'Object Repository/Backoffice/Clients/Registration/input_confirmp'

2018-10-12 12:52:27 - [MESSAGE][PASSED] - Text '123123' is set on object 'Object Repository/Backoffice/Clients/Registration/input_confirmp'

2018-10-12 12:52:27 - [TEST_STEP][PASSED] - selectOptionByValue: All options with value 'test' are selected in object 'Object Repository/Backoffice/Clients/Registration/select_operatorcode' 

2018-10-12 12:52:27 - [MESSAGE][PASSED] - All options with value 'test' are selected in object 'Object Repository/Backoffice/Clients/Registration/select_operatorcode' 

2018-10-12 12:52:27 - [TEST_STEP][PASSED] - selectOptionByValue: All options with value '1' are selected in object 'Object Repository/Backoffice/Clients/Registration/select_status' 

2018-10-12 12:52:27 - [MESSAGE][PASSED] - All options with value '1' are selected in object 'Object Repository/Backoffice/Clients/Registration/select_status' 

2018-10-12 12:52:27 - [TEST_STEP][PASSED] - delay: Delayed 2 second(s)

2018-10-12 12:52:29 - [MESSAGE][PASSED] - Delayed 2 second(s)

2018-10-12 12:52:29 - [TEST_STEP][PASSED] - click: Object: 'Object Repository/Backoffice/Clients/Registration/button_Submit' is clicked on

2018-10-12 12:52:30 - [MESSAGE][PASSED] - Object: 'Object Repository/Backoffice/Clients/Registration/button_Submit' is clicked on

2018-10-12 12:52:30 - [TEST_STEP][PASSED] - delay: Delayed 2 second(s)

2018-10-12 12:52:32 - [MESSAGE][PASSED] - Delayed 2 second(s)]]></system-out>
         <system-err><![CDATA[]]></system-err>
      </testcase>
      <testcase name="Test Cases/Backoffice/RegisterAccount" classname="Test Cases/Backoffice/RegisterAccount" status="PASSED">
         <system-out><![CDATA[2018-10-12 12:52:32 - [TEST_CASE][PASSED] - Test Cases/Backoffice/RegisterAccount: Test Cases/Backoffice/RegisterAccount

2018-10-12 12:52:32 - [TEST_STEP][PASSED] - focus: Object: 'Object Repository/Backoffice/Clients/Clients' is focused

2018-10-12 12:52:32 - [MESSAGE][PASSED] - Object: 'Object Repository/Backoffice/Clients/Clients' is focused

2018-10-12 12:52:32 - [TEST_STEP][PASSED] - verifyElementPresent: Object 'Object Repository/Backoffice/Clients/Client Registration' is present

2018-10-12 12:52:32 - [MESSAGE][PASSED] - Object 'Object Repository/Backoffice/Clients/Client Registration' is present

2018-10-12 12:52:32 - [TEST_STEP][PASSED] - click: Object: 'Object Repository/Backoffice/Clients/Client Registration' is clicked on

2018-10-12 12:52:32 - [MESSAGE][PASSED] - Object: 'Object Repository/Backoffice/Clients/Client Registration' is clicked on

2018-10-12 12:52:32 - [TEST_STEP][PASSED] - setText: Text 'chimpcautious' is set on object 'Object Repository/Backoffice/Clients/Registration/input_username'

2018-10-12 12:52:32 - [MESSAGE][PASSED] - Text 'chimpcautious' is set on object 'Object Repository/Backoffice/Clients/Registration/input_username'

2018-10-12 12:52:32 - [TEST_STEP][PASSED] - setText: Text '123123' is set on object 'Object Repository/Backoffice/Clients/Registration/input_password'

2018-10-12 12:52:33 - [MESSAGE][PASSED] - Text '123123' is set on object 'Object Repository/Backoffice/Clients/Registration/input_password'

2018-10-12 12:52:33 - [TEST_STEP][PASSED] - setText: Text '123123' is set on object 'Object Repository/Backoffice/Clients/Registration/input_confirmp'

2018-10-12 12:52:33 - [MESSAGE][PASSED] - Text '123123' is set on object 'Object Repository/Backoffice/Clients/Registration/input_confirmp'

2018-10-12 12:52:33 - [TEST_STEP][PASSED] - selectOptionByValue: All options with value 'test' are selected in object 'Object Repository/Backoffice/Clients/Registration/select_operatorcode' 

2018-10-12 12:52:33 - [MESSAGE][PASSED] - All options with value 'test' are selected in object 'Object Repository/Backoffice/Clients/Registration/select_operatorcode' 

2018-10-12 12:52:33 - [TEST_STEP][PASSED] - selectOptionByValue: All options with value '1' are selected in object 'Object Repository/Backoffice/Clients/Registration/select_status' 

2018-10-12 12:52:33 - [MESSAGE][PASSED] - All options with value '1' are selected in object 'Object Repository/Backoffice/Clients/Registration/select_status' 

2018-10-12 12:52:33 - [TEST_STEP][PASSED] - delay: Delayed 2 second(s)

2018-10-12 12:52:35 - [MESSAGE][PASSED] - Delayed 2 second(s)

2018-10-12 12:52:35 - [TEST_STEP][PASSED] - click: Object: 'Object Repository/Backoffice/Clients/Registration/button_Submit' is clicked on

2018-10-12 12:52:36 - [MESSAGE][PASSED] - Object: 'Object Repository/Backoffice/Clients/Registration/button_Submit' is clicked on

2018-10-12 12:52:36 - [TEST_STEP][PASSED] - delay: Delayed 2 second(s)

2018-10-12 12:52:38 - [MESSAGE][PASSED] - Delayed 2 second(s)]]></system-out>
         <system-err><![CDATA[]]></system-err>
      </testcase>
      <testcase name="Test Cases/Backoffice/RegisterAccount" classname="Test Cases/Backoffice/RegisterAccount" status="PASSED">
         <system-out><![CDATA[2018-10-12 12:52:38 - [TEST_CASE][PASSED] - Test Cases/Backoffice/RegisterAccount: Test Cases/Backoffice/RegisterAccount

2018-10-12 12:52:38 - [TEST_STEP][PASSED] - focus: Object: 'Object Repository/Backoffice/Clients/Clients' is focused

2018-10-12 12:52:38 - [MESSAGE][PASSED] - Object: 'Object Repository/Backoffice/Clients/Clients' is focused

2018-10-12 12:52:38 - [TEST_STEP][PASSED] - verifyElementPresent: Object 'Object Repository/Backoffice/Clients/Client Registration' is present

2018-10-12 12:52:38 - [MESSAGE][PASSED] - Object 'Object Repository/Backoffice/Clients/Client Registration' is present

2018-10-12 12:52:38 - [TEST_STEP][PASSED] - click: Object: 'Object Repository/Backoffice/Clients/Client Registration' is clicked on

2018-10-12 12:52:39 - [MESSAGE][PASSED] - Object: 'Object Repository/Backoffice/Clients/Client Registration' is clicked on

2018-10-12 12:52:39 - [TEST_STEP][PASSED] - setText: Text 'critscenter' is set on object 'Object Repository/Backoffice/Clients/Registration/input_username'

2018-10-12 12:52:39 - [MESSAGE][PASSED] - Text 'critscenter' is set on object 'Object Repository/Backoffice/Clients/Registration/input_username'

2018-10-12 12:52:39 - [TEST_STEP][PASSED] - setText: Text '123123' is set on object 'Object Repository/Backoffice/Clients/Registration/input_password'

2018-10-12 12:52:39 - [MESSAGE][PASSED] - Text '123123' is set on object 'Object Repository/Backoffice/Clients/Registration/input_password'

2018-10-12 12:52:39 - [TEST_STEP][PASSED] - setText: Text '123123' is set on object 'Object Repository/Backoffice/Clients/Registration/input_confirmp'

2018-10-12 12:52:39 - [MESSAGE][PASSED] - Text '123123' is set on object 'Object Repository/Backoffice/Clients/Registration/input_confirmp'

2018-10-12 12:52:39 - [TEST_STEP][PASSED] - selectOptionByValue: All options with value 'test' are selected in object 'Object Repository/Backoffice/Clients/Registration/select_operatorcode' 

2018-10-12 12:52:39 - [MESSAGE][PASSED] - All options with value 'test' are selected in object 'Object Repository/Backoffice/Clients/Registration/select_operatorcode' 

2018-10-12 12:52:39 - [TEST_STEP][PASSED] - selectOptionByValue: All options with value '1' are selected in object 'Object Repository/Backoffice/Clients/Registration/select_status' 

2018-10-12 12:52:39 - [MESSAGE][PASSED] - All options with value '1' are selected in object 'Object Repository/Backoffice/Clients/Registration/select_status' 

2018-10-12 12:52:39 - [TEST_STEP][PASSED] - delay: Delayed 2 second(s)

2018-10-12 12:52:41 - [MESSAGE][PASSED] - Delayed 2 second(s)

2018-10-12 12:52:41 - [TEST_STEP][PASSED] - click: Object: 'Object Repository/Backoffice/Clients/Registration/button_Submit' is clicked on

2018-10-12 12:52:42 - [MESSAGE][PASSED] - Object: 'Object Repository/Backoffice/Clients/Registration/button_Submit' is clicked on

2018-10-12 12:52:42 - [TEST_STEP][PASSED] - delay: Delayed 2 second(s)

2018-10-12 12:52:44 - [MESSAGE][PASSED] - Delayed 2 second(s)]]></system-out>
         <system-err><![CDATA[]]></system-err>
      </testcase>
      <testcase name="Test Cases/Backoffice/RegisterAccount" classname="Test Cases/Backoffice/RegisterAccount" status="PASSED">
         <system-out><![CDATA[2018-10-12 12:52:44 - [TEST_CASE][PASSED] - Test Cases/Backoffice/RegisterAccount: Test Cases/Backoffice/RegisterAccount

2018-10-12 12:52:44 - [TEST_STEP][PASSED] - focus: Object: 'Object Repository/Backoffice/Clients/Clients' is focused

2018-10-12 12:52:44 - [MESSAGE][PASSED] - Object: 'Object Repository/Backoffice/Clients/Clients' is focused

2018-10-12 12:52:44 - [TEST_STEP][PASSED] - verifyElementPresent: Object 'Object Repository/Backoffice/Clients/Client Registration' is present

2018-10-12 12:52:44 - [MESSAGE][PASSED] - Object 'Object Repository/Backoffice/Clients/Client Registration' is present

2018-10-12 12:52:44 - [TEST_STEP][PASSED] - click: Object: 'Object Repository/Backoffice/Clients/Client Registration' is clicked on

2018-10-12 12:52:45 - [MESSAGE][PASSED] - Object: 'Object Repository/Backoffice/Clients/Client Registration' is clicked on

2018-10-12 12:52:45 - [TEST_STEP][PASSED] - setText: Text 'conjunctioncarnedd' is set on object 'Object Repository/Backoffice/Clients/Registration/input_username'

2018-10-12 12:52:45 - [MESSAGE][PASSED] - Text 'conjunctioncarnedd' is set on object 'Object Repository/Backoffice/Clients/Registration/input_username'

2018-10-12 12:52:45 - [TEST_STEP][PASSED] - setText: Text '123123' is set on object 'Object Repository/Backoffice/Clients/Registration/input_password'

2018-10-12 12:52:45 - [MESSAGE][PASSED] - Text '123123' is set on object 'Object Repository/Backoffice/Clients/Registration/input_password'

2018-10-12 12:52:45 - [TEST_STEP][PASSED] - setText: Text '123123' is set on object 'Object Repository/Backoffice/Clients/Registration/input_confirmp'

2018-10-12 12:52:45 - [MESSAGE][PASSED] - Text '123123' is set on object 'Object Repository/Backoffice/Clients/Registration/input_confirmp'

2018-10-12 12:52:45 - [TEST_STEP][PASSED] - selectOptionByValue: All options with value 'test' are selected in object 'Object Repository/Backoffice/Clients/Registration/select_operatorcode' 

2018-10-12 12:52:45 - [MESSAGE][PASSED] - All options with value 'test' are selected in object 'Object Repository/Backoffice/Clients/Registration/select_operatorcode' 

2018-10-12 12:52:45 - [TEST_STEP][PASSED] - selectOptionByValue: All options with value '1' are selected in object 'Object Repository/Backoffice/Clients/Registration/select_status' 

2018-10-12 12:52:45 - [MESSAGE][PASSED] - All options with value '1' are selected in object 'Object Repository/Backoffice/Clients/Registration/select_status' 

2018-10-12 12:52:45 - [TEST_STEP][PASSED] - delay: Delayed 2 second(s)

2018-10-12 12:52:47 - [MESSAGE][PASSED] - Delayed 2 second(s)

2018-10-12 12:52:47 - [TEST_STEP][PASSED] - click: Object: 'Object Repository/Backoffice/Clients/Registration/button_Submit' is clicked on

2018-10-12 12:52:48 - [MESSAGE][PASSED] - Object: 'Object Repository/Backoffice/Clients/Registration/button_Submit' is clicked on

2018-10-12 12:52:48 - [TEST_STEP][PASSED] - delay: Delayed 2 second(s)

2018-10-12 12:52:50 - [MESSAGE][PASSED] - Delayed 2 second(s)]]></system-out>
         <system-err><![CDATA[]]></system-err>
      </testcase>
      <testcase name="Test Cases/Backoffice/RegisterAccount" classname="Test Cases/Backoffice/RegisterAccount" status="PASSED">
         <system-out><![CDATA[2018-10-12 12:52:50 - [TEST_CASE][PASSED] - Test Cases/Backoffice/RegisterAccount: Test Cases/Backoffice/RegisterAccount

2018-10-12 12:52:50 - [TEST_STEP][PASSED] - focus: Object: 'Object Repository/Backoffice/Clients/Clients' is focused

2018-10-12 12:52:50 - [MESSAGE][PASSED] - Object: 'Object Repository/Backoffice/Clients/Clients' is focused

2018-10-12 12:52:50 - [TEST_STEP][PASSED] - verifyElementPresent: Object 'Object Repository/Backoffice/Clients/Client Registration' is present

2018-10-12 12:52:50 - [MESSAGE][PASSED] - Object 'Object Repository/Backoffice/Clients/Client Registration' is present

2018-10-12 12:52:50 - [TEST_STEP][PASSED] - click: Object: 'Object Repository/Backoffice/Clients/Client Registration' is clicked on

2018-10-12 12:52:51 - [MESSAGE][PASSED] - Object: 'Object Repository/Backoffice/Clients/Client Registration' is clicked on

2018-10-12 12:52:51 - [TEST_STEP][PASSED] - setText: Text 'customerscollimation' is set on object 'Object Repository/Backoffice/Clients/Registration/input_username'

2018-10-12 12:52:51 - [MESSAGE][PASSED] - Text 'customerscollimation' is set on object 'Object Repository/Backoffice/Clients/Registration/input_username'

2018-10-12 12:52:51 - [TEST_STEP][PASSED] - setText: Text '123123' is set on object 'Object Repository/Backoffice/Clients/Registration/input_password'

2018-10-12 12:52:51 - [MESSAGE][PASSED] - Text '123123' is set on object 'Object Repository/Backoffice/Clients/Registration/input_password'

2018-10-12 12:52:51 - [TEST_STEP][PASSED] - setText: Text '123123' is set on object 'Object Repository/Backoffice/Clients/Registration/input_confirmp'

2018-10-12 12:52:51 - [MESSAGE][PASSED] - Text '123123' is set on object 'Object Repository/Backoffice/Clients/Registration/input_confirmp'

2018-10-12 12:52:51 - [TEST_STEP][PASSED] - selectOptionByValue: All options with value 'test' are selected in object 'Object Repository/Backoffice/Clients/Registration/select_operatorcode' 

2018-10-12 12:52:51 - [MESSAGE][PASSED] - All options with value 'test' are selected in object 'Object Repository/Backoffice/Clients/Registration/select_operatorcode' 

2018-10-12 12:52:51 - [TEST_STEP][PASSED] - selectOptionByValue: All options with value '1' are selected in object 'Object Repository/Backoffice/Clients/Registration/select_status' 

2018-10-12 12:52:51 - [MESSAGE][PASSED] - All options with value '1' are selected in object 'Object Repository/Backoffice/Clients/Registration/select_status' 

2018-10-12 12:52:51 - [TEST_STEP][PASSED] - delay: Delayed 2 second(s)

2018-10-12 12:52:53 - [MESSAGE][PASSED] - Delayed 2 second(s)

2018-10-12 12:52:53 - [TEST_STEP][PASSED] - click: Object: 'Object Repository/Backoffice/Clients/Registration/button_Submit' is clicked on

2018-10-12 12:52:54 - [MESSAGE][PASSED] - Object: 'Object Repository/Backoffice/Clients/Registration/button_Submit' is clicked on

2018-10-12 12:52:54 - [TEST_STEP][PASSED] - delay: Delayed 2 second(s)

2018-10-12 12:52:56 - [MESSAGE][PASSED] - Delayed 2 second(s)]]></system-out>
         <system-err><![CDATA[]]></system-err>
      </testcase>
      <testcase name="Test Cases/Backoffice/RegisterAccount" classname="Test Cases/Backoffice/RegisterAccount" status="PASSED">
         <system-out><![CDATA[2018-10-12 12:52:56 - [TEST_CASE][PASSED] - Test Cases/Backoffice/RegisterAccount: Test Cases/Backoffice/RegisterAccount

2018-10-12 12:52:56 - [TEST_STEP][PASSED] - focus: Object: 'Object Repository/Backoffice/Clients/Clients' is focused

2018-10-12 12:52:56 - [MESSAGE][PASSED] - Object: 'Object Repository/Backoffice/Clients/Clients' is focused

2018-10-12 12:52:56 - [TEST_STEP][PASSED] - verifyElementPresent: Object 'Object Repository/Backoffice/Clients/Client Registration' is present

2018-10-12 12:52:56 - [MESSAGE][PASSED] - Object 'Object Repository/Backoffice/Clients/Client Registration' is present

2018-10-12 12:52:56 - [TEST_STEP][PASSED] - click: Object: 'Object Repository/Backoffice/Clients/Client Registration' is clicked on

2018-10-12 12:52:57 - [MESSAGE][PASSED] - Object: 'Object Repository/Backoffice/Clients/Client Registration' is clicked on

2018-10-12 12:52:57 - [TEST_STEP][PASSED] - setText: Text 'cavernouschalky' is set on object 'Object Repository/Backoffice/Clients/Registration/input_username'

2018-10-12 12:52:57 - [MESSAGE][PASSED] - Text 'cavernouschalky' is set on object 'Object Repository/Backoffice/Clients/Registration/input_username'

2018-10-12 12:52:57 - [TEST_STEP][PASSED] - setText: Text '123123' is set on object 'Object Repository/Backoffice/Clients/Registration/input_password'

2018-10-12 12:52:57 - [MESSAGE][PASSED] - Text '123123' is set on object 'Object Repository/Backoffice/Clients/Registration/input_password'

2018-10-12 12:52:57 - [TEST_STEP][PASSED] - setText: Text '123123' is set on object 'Object Repository/Backoffice/Clients/Registration/input_confirmp'

2018-10-12 12:52:57 - [MESSAGE][PASSED] - Text '123123' is set on object 'Object Repository/Backoffice/Clients/Registration/input_confirmp'

2018-10-12 12:52:57 - [TEST_STEP][PASSED] - selectOptionByValue: All options with value 'test' are selected in object 'Object Repository/Backoffice/Clients/Registration/select_operatorcode' 

2018-10-12 12:52:57 - [MESSAGE][PASSED] - All options with value 'test' are selected in object 'Object Repository/Backoffice/Clients/Registration/select_operatorcode' 

2018-10-12 12:52:57 - [TEST_STEP][PASSED] - selectOptionByValue: All options with value '1' are selected in object 'Object Repository/Backoffice/Clients/Registration/select_status' 

2018-10-12 12:52:57 - [MESSAGE][PASSED] - All options with value '1' are selected in object 'Object Repository/Backoffice/Clients/Registration/select_status' 

2018-10-12 12:52:57 - [TEST_STEP][PASSED] - delay: Delayed 2 second(s)

2018-10-12 12:52:59 - [MESSAGE][PASSED] - Delayed 2 second(s)

2018-10-12 12:52:59 - [TEST_STEP][PASSED] - click: Object: 'Object Repository/Backoffice/Clients/Registration/button_Submit' is clicked on

2018-10-12 12:53:00 - [MESSAGE][PASSED] - Object: 'Object Repository/Backoffice/Clients/Registration/button_Submit' is clicked on

2018-10-12 12:53:00 - [TEST_STEP][PASSED] - delay: Delayed 2 second(s)

2018-10-12 12:53:02 - [MESSAGE][PASSED] - Delayed 2 second(s)]]></system-out>
         <system-err><![CDATA[]]></system-err>
      </testcase>
      <testcase name="Test Cases/Backoffice/RegisterAccount" classname="Test Cases/Backoffice/RegisterAccount" status="PASSED">
         <system-out><![CDATA[2018-10-12 12:53:02 - [TEST_CASE][PASSED] - Test Cases/Backoffice/RegisterAccount: Test Cases/Backoffice/RegisterAccount

2018-10-12 12:53:02 - [TEST_STEP][PASSED] - focus: Object: 'Object Repository/Backoffice/Clients/Clients' is focused

2018-10-12 12:53:02 - [MESSAGE][PASSED] - Object: 'Object Repository/Backoffice/Clients/Clients' is focused

2018-10-12 12:53:02 - [TEST_STEP][PASSED] - verifyElementPresent: Object 'Object Repository/Backoffice/Clients/Client Registration' is present

2018-10-12 12:53:02 - [MESSAGE][PASSED] - Object 'Object Repository/Backoffice/Clients/Client Registration' is present

2018-10-12 12:53:02 - [TEST_STEP][PASSED] - click: Object: 'Object Repository/Backoffice/Clients/Client Registration' is clicked on

2018-10-12 12:53:03 - [MESSAGE][PASSED] - Object: 'Object Repository/Backoffice/Clients/Client Registration' is clicked on

2018-10-12 12:53:03 - [TEST_STEP][PASSED] - setText: Text 'carrionchothy' is set on object 'Object Repository/Backoffice/Clients/Registration/input_username'

2018-10-12 12:53:03 - [MESSAGE][PASSED] - Text 'carrionchothy' is set on object 'Object Repository/Backoffice/Clients/Registration/input_username'

2018-10-12 12:53:03 - [TEST_STEP][PASSED] - setText: Text '123123' is set on object 'Object Repository/Backoffice/Clients/Registration/input_password'

2018-10-12 12:53:03 - [MESSAGE][PASSED] - Text '123123' is set on object 'Object Repository/Backoffice/Clients/Registration/input_password'

2018-10-12 12:53:03 - [TEST_STEP][PASSED] - setText: Text '123123' is set on object 'Object Repository/Backoffice/Clients/Registration/input_confirmp'

2018-10-12 12:53:03 - [MESSAGE][PASSED] - Text '123123' is set on object 'Object Repository/Backoffice/Clients/Registration/input_confirmp'

2018-10-12 12:53:03 - [TEST_STEP][PASSED] - selectOptionByValue: All options with value 'test' are selected in object 'Object Repository/Backoffice/Clients/Registration/select_operatorcode' 

2018-10-12 12:53:03 - [MESSAGE][PASSED] - All options with value 'test' are selected in object 'Object Repository/Backoffice/Clients/Registration/select_operatorcode' 

2018-10-12 12:53:03 - [TEST_STEP][PASSED] - selectOptionByValue: All options with value '1' are selected in object 'Object Repository/Backoffice/Clients/Registration/select_status' 

2018-10-12 12:53:04 - [MESSAGE][PASSED] - All options with value '1' are selected in object 'Object Repository/Backoffice/Clients/Registration/select_status' 

2018-10-12 12:53:04 - [TEST_STEP][PASSED] - delay: Delayed 2 second(s)

2018-10-12 12:53:06 - [MESSAGE][PASSED] - Delayed 2 second(s)

2018-10-12 12:53:06 - [TEST_STEP][PASSED] - click: Object: 'Object Repository/Backoffice/Clients/Registration/button_Submit' is clicked on

2018-10-12 12:53:07 - [MESSAGE][PASSED] - Object: 'Object Repository/Backoffice/Clients/Registration/button_Submit' is clicked on

2018-10-12 12:53:07 - [TEST_STEP][PASSED] - delay: Delayed 2 second(s)

2018-10-12 12:53:09 - [MESSAGE][PASSED] - Delayed 2 second(s)]]></system-out>
         <system-err><![CDATA[]]></system-err>
      </testcase>
      <testcase name="Test Cases/Backoffice/RegisterAccount" classname="Test Cases/Backoffice/RegisterAccount" status="PASSED">
         <system-out><![CDATA[2018-10-12 12:53:09 - [TEST_CASE][PASSED] - Test Cases/Backoffice/RegisterAccount: Test Cases/Backoffice/RegisterAccount

2018-10-12 12:53:09 - [TEST_STEP][PASSED] - focus: Object: 'Object Repository/Backoffice/Clients/Clients' is focused

2018-10-12 12:53:09 - [MESSAGE][PASSED] - Object: 'Object Repository/Backoffice/Clients/Clients' is focused

2018-10-12 12:53:09 - [TEST_STEP][PASSED] - verifyElementPresent: Object 'Object Repository/Backoffice/Clients/Client Registration' is present

2018-10-12 12:53:09 - [MESSAGE][PASSED] - Object 'Object Repository/Backoffice/Clients/Client Registration' is present

2018-10-12 12:53:09 - [TEST_STEP][PASSED] - click: Object: 'Object Repository/Backoffice/Clients/Client Registration' is clicked on

2018-10-12 12:53:09 - [MESSAGE][PASSED] - Object: 'Object Repository/Backoffice/Clients/Client Registration' is clicked on

2018-10-12 12:53:09 - [TEST_STEP][PASSED] - setText: Text 'catchercrossed' is set on object 'Object Repository/Backoffice/Clients/Registration/input_username'

2018-10-12 12:53:10 - [MESSAGE][PASSED] - Text 'catchercrossed' is set on object 'Object Repository/Backoffice/Clients/Registration/input_username'

2018-10-12 12:53:10 - [TEST_STEP][PASSED] - setText: Text '123123' is set on object 'Object Repository/Backoffice/Clients/Registration/input_password'

2018-10-12 12:53:10 - [MESSAGE][PASSED] - Text '123123' is set on object 'Object Repository/Backoffice/Clients/Registration/input_password'

2018-10-12 12:53:10 - [TEST_STEP][PASSED] - setText: Text '123123' is set on object 'Object Repository/Backoffice/Clients/Registration/input_confirmp'

2018-10-12 12:53:10 - [MESSAGE][PASSED] - Text '123123' is set on object 'Object Repository/Backoffice/Clients/Registration/input_confirmp'

2018-10-12 12:53:10 - [TEST_STEP][PASSED] - selectOptionByValue: All options with value 'test' are selected in object 'Object Repository/Backoffice/Clients/Registration/select_operatorcode' 

2018-10-12 12:53:10 - [MESSAGE][PASSED] - All options with value 'test' are selected in object 'Object Repository/Backoffice/Clients/Registration/select_operatorcode' 

2018-10-12 12:53:10 - [TEST_STEP][PASSED] - selectOptionByValue: All options with value '1' are selected in object 'Object Repository/Backoffice/Clients/Registration/select_status' 

2018-10-12 12:53:10 - [MESSAGE][PASSED] - All options with value '1' are selected in object 'Object Repository/Backoffice/Clients/Registration/select_status' 

2018-10-12 12:53:10 - [TEST_STEP][PASSED] - delay: Delayed 2 second(s)

2018-10-12 12:53:12 - [MESSAGE][PASSED] - Delayed 2 second(s)

2018-10-12 12:53:12 - [TEST_STEP][PASSED] - click: Object: 'Object Repository/Backoffice/Clients/Registration/button_Submit' is clicked on

2018-10-12 12:53:13 - [MESSAGE][PASSED] - Object: 'Object Repository/Backoffice/Clients/Registration/button_Submit' is clicked on

2018-10-12 12:53:13 - [TEST_STEP][PASSED] - delay: Delayed 2 second(s)

2018-10-12 12:53:15 - [MESSAGE][PASSED] - Delayed 2 second(s)]]></system-out>
         <system-err><![CDATA[]]></system-err>
      </testcase>
      <testcase name="Test Cases/Backoffice/RegisterAccount" classname="Test Cases/Backoffice/RegisterAccount" status="PASSED">
         <system-out><![CDATA[2018-10-12 12:53:15 - [TEST_CASE][PASSED] - Test Cases/Backoffice/RegisterAccount: Test Cases/Backoffice/RegisterAccount

2018-10-12 12:53:15 - [TEST_STEP][PASSED] - focus: Object: 'Object Repository/Backoffice/Clients/Clients' is focused

2018-10-12 12:53:15 - [MESSAGE][PASSED] - Object: 'Object Repository/Backoffice/Clients/Clients' is focused

2018-10-12 12:53:15 - [TEST_STEP][PASSED] - verifyElementPresent: Object 'Object Repository/Backoffice/Clients/Client Registration' is present

2018-10-12 12:53:15 - [MESSAGE][PASSED] - Object 'Object Repository/Backoffice/Clients/Client Registration' is present

2018-10-12 12:53:15 - [TEST_STEP][PASSED] - click: Object: 'Object Repository/Backoffice/Clients/Client Registration' is clicked on

2018-10-12 12:53:16 - [MESSAGE][PASSED] - Object: 'Object Repository/Backoffice/Clients/Client Registration' is clicked on

2018-10-12 12:53:16 - [TEST_STEP][PASSED] - setText: Text 'chikycaustic' is set on object 'Object Repository/Backoffice/Clients/Registration/input_username'

2018-10-12 12:53:16 - [MESSAGE][PASSED] - Text 'chikycaustic' is set on object 'Object Repository/Backoffice/Clients/Registration/input_username'

2018-10-12 12:53:16 - [TEST_STEP][PASSED] - setText: Text '123123' is set on object 'Object Repository/Backoffice/Clients/Registration/input_password'

2018-10-12 12:53:16 - [MESSAGE][PASSED] - Text '123123' is set on object 'Object Repository/Backoffice/Clients/Registration/input_password'

2018-10-12 12:53:16 - [TEST_STEP][PASSED] - setText: Text '123123' is set on object 'Object Repository/Backoffice/Clients/Registration/input_confirmp'

2018-10-12 12:53:16 - [MESSAGE][PASSED] - Text '123123' is set on object 'Object Repository/Backoffice/Clients/Registration/input_confirmp'

2018-10-12 12:53:16 - [TEST_STEP][PASSED] - selectOptionByValue: All options with value 'test' are selected in object 'Object Repository/Backoffice/Clients/Registration/select_operatorcode' 

2018-10-12 12:53:16 - [MESSAGE][PASSED] - All options with value 'test' are selected in object 'Object Repository/Backoffice/Clients/Registration/select_operatorcode' 

2018-10-12 12:53:16 - [TEST_STEP][PASSED] - selectOptionByValue: All options with value '1' are selected in object 'Object Repository/Backoffice/Clients/Registration/select_status' 

2018-10-12 12:53:16 - [MESSAGE][PASSED] - All options with value '1' are selected in object 'Object Repository/Backoffice/Clients/Registration/select_status' 

2018-10-12 12:53:16 - [TEST_STEP][PASSED] - delay: Delayed 2 second(s)

2018-10-12 12:53:18 - [MESSAGE][PASSED] - Delayed 2 second(s)

2018-10-12 12:53:18 - [TEST_STEP][PASSED] - click: Object: 'Object Repository/Backoffice/Clients/Registration/button_Submit' is clicked on

2018-10-12 12:53:19 - [MESSAGE][PASSED] - Object: 'Object Repository/Backoffice/Clients/Registration/button_Submit' is clicked on

2018-10-12 12:53:19 - [TEST_STEP][PASSED] - delay: Delayed 2 second(s)

2018-10-12 12:53:21 - [MESSAGE][PASSED] - Delayed 2 second(s)]]></system-out>
         <system-err><![CDATA[]]></system-err>
      </testcase>
      <testcase name="Test Cases/Backoffice/RegisterAccount" classname="Test Cases/Backoffice/RegisterAccount" status="PASSED">
         <system-out><![CDATA[2018-10-12 12:53:21 - [TEST_CASE][PASSED] - Test Cases/Backoffice/RegisterAccount: Test Cases/Backoffice/RegisterAccount

2018-10-12 12:53:21 - [TEST_STEP][PASSED] - focus: Object: 'Object Repository/Backoffice/Clients/Clients' is focused

2018-10-12 12:53:21 - [MESSAGE][PASSED] - Object: 'Object Repository/Backoffice/Clients/Clients' is focused

2018-10-12 12:53:21 - [TEST_STEP][PASSED] - verifyElementPresent: Object 'Object Repository/Backoffice/Clients/Client Registration' is present

2018-10-12 12:53:21 - [MESSAGE][PASSED] - Object 'Object Repository/Backoffice/Clients/Client Registration' is present

2018-10-12 12:53:21 - [TEST_STEP][PASSED] - click: Object: 'Object Repository/Backoffice/Clients/Client Registration' is clicked on

2018-10-12 12:53:22 - [MESSAGE][PASSED] - Object: 'Object Repository/Backoffice/Clients/Client Registration' is clicked on

2018-10-12 12:53:22 - [TEST_STEP][PASSED] - setText: Text 'chroniccamera' is set on object 'Object Repository/Backoffice/Clients/Registration/input_username'

2018-10-12 12:53:22 - [MESSAGE][PASSED] - Text 'chroniccamera' is set on object 'Object Repository/Backoffice/Clients/Registration/input_username'

2018-10-12 12:53:22 - [TEST_STEP][PASSED] - setText: Text '123123' is set on object 'Object Repository/Backoffice/Clients/Registration/input_password'

2018-10-12 12:53:22 - [MESSAGE][PASSED] - Text '123123' is set on object 'Object Repository/Backoffice/Clients/Registration/input_password'

2018-10-12 12:53:22 - [TEST_STEP][PASSED] - setText: Text '123123' is set on object 'Object Repository/Backoffice/Clients/Registration/input_confirmp'

2018-10-12 12:53:23 - [MESSAGE][PASSED] - Text '123123' is set on object 'Object Repository/Backoffice/Clients/Registration/input_confirmp'

2018-10-12 12:53:23 - [TEST_STEP][PASSED] - selectOptionByValue: All options with value 'test' are selected in object 'Object Repository/Backoffice/Clients/Registration/select_operatorcode' 

2018-10-12 12:53:23 - [MESSAGE][PASSED] - All options with value 'test' are selected in object 'Object Repository/Backoffice/Clients/Registration/select_operatorcode' 

2018-10-12 12:53:23 - [TEST_STEP][PASSED] - selectOptionByValue: All options with value '1' are selected in object 'Object Repository/Backoffice/Clients/Registration/select_status' 

2018-10-12 12:53:23 - [MESSAGE][PASSED] - All options with value '1' are selected in object 'Object Repository/Backoffice/Clients/Registration/select_status' 

2018-10-12 12:53:23 - [TEST_STEP][PASSED] - delay: Delayed 2 second(s)

2018-10-12 12:53:25 - [MESSAGE][PASSED] - Delayed 2 second(s)

2018-10-12 12:53:25 - [TEST_STEP][PASSED] - click: Object: 'Object Repository/Backoffice/Clients/Registration/button_Submit' is clicked on

2018-10-12 12:53:26 - [MESSAGE][PASSED] - Object: 'Object Repository/Backoffice/Clients/Registration/button_Submit' is clicked on

2018-10-12 12:53:26 - [TEST_STEP][PASSED] - delay: Delayed 2 second(s)

2018-10-12 12:53:28 - [MESSAGE][PASSED] - Delayed 2 second(s)]]></system-out>
         <system-err><![CDATA[]]></system-err>
      </testcase>
      <testcase name="Test Cases/Backoffice/RegisterAccount" classname="Test Cases/Backoffice/RegisterAccount" status="PASSED">
         <system-out><![CDATA[2018-10-12 12:53:28 - [TEST_CASE][PASSED] - Test Cases/Backoffice/RegisterAccount: Test Cases/Backoffice/RegisterAccount

2018-10-12 12:53:28 - [TEST_STEP][PASSED] - focus: Object: 'Object Repository/Backoffice/Clients/Clients' is focused

2018-10-12 12:53:28 - [MESSAGE][PASSED] - Object: 'Object Repository/Backoffice/Clients/Clients' is focused

2018-10-12 12:53:28 - [TEST_STEP][PASSED] - verifyElementPresent: Object 'Object Repository/Backoffice/Clients/Client Registration' is present

2018-10-12 12:53:28 - [MESSAGE][PASSED] - Object 'Object Repository/Backoffice/Clients/Client Registration' is present

2018-10-12 12:53:28 - [TEST_STEP][PASSED] - click: Object: 'Object Repository/Backoffice/Clients/Client Registration' is clicked on

2018-10-12 12:53:28 - [MESSAGE][PASSED] - Object: 'Object Repository/Backoffice/Clients/Client Registration' is clicked on

2018-10-12 12:53:28 - [TEST_STEP][PASSED] - setText: Text 'carpentercrotted' is set on object 'Object Repository/Backoffice/Clients/Registration/input_username'

2018-10-12 12:53:29 - [MESSAGE][PASSED] - Text 'carpentercrotted' is set on object 'Object Repository/Backoffice/Clients/Registration/input_username'

2018-10-12 12:53:29 - [TEST_STEP][PASSED] - setText: Text '123123' is set on object 'Object Repository/Backoffice/Clients/Registration/input_password'

2018-10-12 12:53:29 - [MESSAGE][PASSED] - Text '123123' is set on object 'Object Repository/Backoffice/Clients/Registration/input_password'

2018-10-12 12:53:29 - [TEST_STEP][PASSED] - setText: Text '123123' is set on object 'Object Repository/Backoffice/Clients/Registration/input_confirmp'

2018-10-12 12:53:29 - [MESSAGE][PASSED] - Text '123123' is set on object 'Object Repository/Backoffice/Clients/Registration/input_confirmp'

2018-10-12 12:53:29 - [TEST_STEP][PASSED] - selectOptionByValue: All options with value 'test' are selected in object 'Object Repository/Backoffice/Clients/Registration/select_operatorcode' 

2018-10-12 12:53:29 - [MESSAGE][PASSED] - All options with value 'test' are selected in object 'Object Repository/Backoffice/Clients/Registration/select_operatorcode' 

2018-10-12 12:53:29 - [TEST_STEP][PASSED] - selectOptionByValue: All options with value '1' are selected in object 'Object Repository/Backoffice/Clients/Registration/select_status' 

2018-10-12 12:53:29 - [MESSAGE][PASSED] - All options with value '1' are selected in object 'Object Repository/Backoffice/Clients/Registration/select_status' 

2018-10-12 12:53:29 - [TEST_STEP][PASSED] - delay: Delayed 2 second(s)

2018-10-12 12:53:31 - [MESSAGE][PASSED] - Delayed 2 second(s)

2018-10-12 12:53:31 - [TEST_STEP][PASSED] - click: Object: 'Object Repository/Backoffice/Clients/Registration/button_Submit' is clicked on

2018-10-12 12:53:32 - [MESSAGE][PASSED] - Object: 'Object Repository/Backoffice/Clients/Registration/button_Submit' is clicked on

2018-10-12 12:53:32 - [TEST_STEP][PASSED] - delay: Delayed 2 second(s)

2018-10-12 12:53:34 - [MESSAGE][PASSED] - Delayed 2 second(s)]]></system-out>
         <system-err><![CDATA[]]></system-err>
      </testcase>
      <testcase name="Test Cases/Backoffice/RegisterAccount" classname="Test Cases/Backoffice/RegisterAccount" status="PASSED">
         <system-out><![CDATA[2018-10-12 12:53:34 - [TEST_CASE][PASSED] - Test Cases/Backoffice/RegisterAccount: Test Cases/Backoffice/RegisterAccount

2018-10-12 12:53:34 - [TEST_STEP][PASSED] - focus: Object: 'Object Repository/Backoffice/Clients/Clients' is focused

2018-10-12 12:53:34 - [MESSAGE][PASSED] - Object: 'Object Repository/Backoffice/Clients/Clients' is focused

2018-10-12 12:53:34 - [TEST_STEP][PASSED] - verifyElementPresent: Object 'Object Repository/Backoffice/Clients/Client Registration' is present

2018-10-12 12:53:34 - [MESSAGE][PASSED] - Object 'Object Repository/Backoffice/Clients/Client Registration' is present

2018-10-12 12:53:34 - [TEST_STEP][PASSED] - click: Object: 'Object Repository/Backoffice/Clients/Client Registration' is clicked on

2018-10-12 12:53:35 - [MESSAGE][PASSED] - Object: 'Object Repository/Backoffice/Clients/Client Registration' is clicked on

2018-10-12 12:53:35 - [TEST_STEP][PASSED] - setText: Text 'collectioncloistered' is set on object 'Object Repository/Backoffice/Clients/Registration/input_username'

2018-10-12 12:53:35 - [MESSAGE][PASSED] - Text 'collectioncloistered' is set on object 'Object Repository/Backoffice/Clients/Registration/input_username'

2018-10-12 12:53:35 - [TEST_STEP][PASSED] - setText: Text '123123' is set on object 'Object Repository/Backoffice/Clients/Registration/input_password'

2018-10-12 12:53:35 - [MESSAGE][PASSED] - Text '123123' is set on object 'Object Repository/Backoffice/Clients/Registration/input_password'

2018-10-12 12:53:35 - [TEST_STEP][PASSED] - setText: Text '123123' is set on object 'Object Repository/Backoffice/Clients/Registration/input_confirmp'

2018-10-12 12:53:35 - [MESSAGE][PASSED] - Text '123123' is set on object 'Object Repository/Backoffice/Clients/Registration/input_confirmp'

2018-10-12 12:53:35 - [TEST_STEP][PASSED] - selectOptionByValue: All options with value 'test' are selected in object 'Object Repository/Backoffice/Clients/Registration/select_operatorcode' 

2018-10-12 12:53:35 - [MESSAGE][PASSED] - All options with value 'test' are selected in object 'Object Repository/Backoffice/Clients/Registration/select_operatorcode' 

2018-10-12 12:53:35 - [TEST_STEP][PASSED] - selectOptionByValue: All options with value '1' are selected in object 'Object Repository/Backoffice/Clients/Registration/select_status' 

2018-10-12 12:53:35 - [MESSAGE][PASSED] - All options with value '1' are selected in object 'Object Repository/Backoffice/Clients/Registration/select_status' 

2018-10-12 12:53:35 - [TEST_STEP][PASSED] - delay: Delayed 2 second(s)

2018-10-12 12:53:37 - [MESSAGE][PASSED] - Delayed 2 second(s)

2018-10-12 12:53:37 - [TEST_STEP][PASSED] - click: Object: 'Object Repository/Backoffice/Clients/Registration/button_Submit' is clicked on

2018-10-12 12:53:38 - [MESSAGE][PASSED] - Object: 'Object Repository/Backoffice/Clients/Registration/button_Submit' is clicked on

2018-10-12 12:53:38 - [TEST_STEP][PASSED] - delay: Delayed 2 second(s)

2018-10-12 12:53:40 - [MESSAGE][PASSED] - Delayed 2 second(s)]]></system-out>
         <system-err><![CDATA[]]></system-err>
      </testcase>
      <testcase name="Test Cases/Backoffice/RegisterAccount" classname="Test Cases/Backoffice/RegisterAccount" status="PASSED">
         <system-out><![CDATA[2018-10-12 12:53:40 - [TEST_CASE][PASSED] - Test Cases/Backoffice/RegisterAccount: Test Cases/Backoffice/RegisterAccount

2018-10-12 12:53:40 - [TEST_STEP][PASSED] - focus: Object: 'Object Repository/Backoffice/Clients/Clients' is focused

2018-10-12 12:53:40 - [MESSAGE][PASSED] - Object: 'Object Repository/Backoffice/Clients/Clients' is focused

2018-10-12 12:53:40 - [TEST_STEP][PASSED] - verifyElementPresent: Object 'Object Repository/Backoffice/Clients/Client Registration' is present

2018-10-12 12:53:40 - [MESSAGE][PASSED] - Object 'Object Repository/Backoffice/Clients/Client Registration' is present

2018-10-12 12:53:40 - [TEST_STEP][PASSED] - click: Object: 'Object Repository/Backoffice/Clients/Client Registration' is clicked on

2018-10-12 12:53:41 - [MESSAGE][PASSED] - Object: 'Object Repository/Backoffice/Clients/Client Registration' is clicked on

2018-10-12 12:53:41 - [TEST_STEP][PASSED] - setText: Text 'chungcentroid' is set on object 'Object Repository/Backoffice/Clients/Registration/input_username'

2018-10-12 12:53:41 - [MESSAGE][PASSED] - Text 'chungcentroid' is set on object 'Object Repository/Backoffice/Clients/Registration/input_username'

2018-10-12 12:53:41 - [TEST_STEP][PASSED] - setText: Text '123123' is set on object 'Object Repository/Backoffice/Clients/Registration/input_password'

2018-10-12 12:53:41 - [MESSAGE][PASSED] - Text '123123' is set on object 'Object Repository/Backoffice/Clients/Registration/input_password'

2018-10-12 12:53:41 - [TEST_STEP][PASSED] - setText: Text '123123' is set on object 'Object Repository/Backoffice/Clients/Registration/input_confirmp'

2018-10-12 12:53:41 - [MESSAGE][PASSED] - Text '123123' is set on object 'Object Repository/Backoffice/Clients/Registration/input_confirmp'

2018-10-12 12:53:41 - [TEST_STEP][PASSED] - selectOptionByValue: All options with value 'test' are selected in object 'Object Repository/Backoffice/Clients/Registration/select_operatorcode' 

2018-10-12 12:53:42 - [MESSAGE][PASSED] - All options with value 'test' are selected in object 'Object Repository/Backoffice/Clients/Registration/select_operatorcode' 

2018-10-12 12:53:42 - [TEST_STEP][PASSED] - selectOptionByValue: All options with value '1' are selected in object 'Object Repository/Backoffice/Clients/Registration/select_status' 

2018-10-12 12:53:42 - [MESSAGE][PASSED] - All options with value '1' are selected in object 'Object Repository/Backoffice/Clients/Registration/select_status' 

2018-10-12 12:53:42 - [TEST_STEP][PASSED] - delay: Delayed 2 second(s)

2018-10-12 12:53:44 - [MESSAGE][PASSED] - Delayed 2 second(s)

2018-10-12 12:53:44 - [TEST_STEP][PASSED] - click: Object: 'Object Repository/Backoffice/Clients/Registration/button_Submit' is clicked on

2018-10-12 12:53:44 - [MESSAGE][PASSED] - Object: 'Object Repository/Backoffice/Clients/Registration/button_Submit' is clicked on

2018-10-12 12:53:44 - [TEST_STEP][PASSED] - delay: Delayed 2 second(s)

2018-10-12 12:53:46 - [MESSAGE][PASSED] - Delayed 2 second(s)]]></system-out>
         <system-err><![CDATA[]]></system-err>
      </testcase>
      <testcase name="Test Cases/Backoffice/RegisterAccount" classname="Test Cases/Backoffice/RegisterAccount" status="PASSED">
         <system-out><![CDATA[2018-10-12 12:53:46 - [TEST_CASE][PASSED] - Test Cases/Backoffice/RegisterAccount: Test Cases/Backoffice/RegisterAccount

2018-10-12 12:53:47 - [TEST_STEP][PASSED] - focus: Object: 'Object Repository/Backoffice/Clients/Clients' is focused

2018-10-12 12:53:47 - [MESSAGE][PASSED] - Object: 'Object Repository/Backoffice/Clients/Clients' is focused

2018-10-12 12:53:47 - [TEST_STEP][PASSED] - verifyElementPresent: Object 'Object Repository/Backoffice/Clients/Client Registration' is present

2018-10-12 12:53:47 - [MESSAGE][PASSED] - Object 'Object Repository/Backoffice/Clients/Client Registration' is present

2018-10-12 12:53:47 - [TEST_STEP][PASSED] - click: Object: 'Object Repository/Backoffice/Clients/Client Registration' is clicked on

2018-10-12 12:53:47 - [MESSAGE][PASSED] - Object: 'Object Repository/Backoffice/Clients/Client Registration' is clicked on

2018-10-12 12:53:47 - [TEST_STEP][PASSED] - setText: Text 'careerscoffee' is set on object 'Object Repository/Backoffice/Clients/Registration/input_username'

2018-10-12 12:53:47 - [MESSAGE][PASSED] - Text 'careerscoffee' is set on object 'Object Repository/Backoffice/Clients/Registration/input_username'

2018-10-12 12:53:47 - [TEST_STEP][PASSED] - setText: Text '123123' is set on object 'Object Repository/Backoffice/Clients/Registration/input_password'

2018-10-12 12:53:47 - [MESSAGE][PASSED] - Text '123123' is set on object 'Object Repository/Backoffice/Clients/Registration/input_password'

2018-10-12 12:53:47 - [TEST_STEP][PASSED] - setText: Text '123123' is set on object 'Object Repository/Backoffice/Clients/Registration/input_confirmp'

2018-10-12 12:53:48 - [MESSAGE][PASSED] - Text '123123' is set on object 'Object Repository/Backoffice/Clients/Registration/input_confirmp'

2018-10-12 12:53:48 - [TEST_STEP][PASSED] - selectOptionByValue: All options with value 'test' are selected in object 'Object Repository/Backoffice/Clients/Registration/select_operatorcode' 

2018-10-12 12:53:48 - [MESSAGE][PASSED] - All options with value 'test' are selected in object 'Object Repository/Backoffice/Clients/Registration/select_operatorcode' 

2018-10-12 12:53:48 - [TEST_STEP][PASSED] - selectOptionByValue: All options with value '1' are selected in object 'Object Repository/Backoffice/Clients/Registration/select_status' 

2018-10-12 12:53:48 - [MESSAGE][PASSED] - All options with value '1' are selected in object 'Object Repository/Backoffice/Clients/Registration/select_status' 

2018-10-12 12:53:48 - [TEST_STEP][PASSED] - delay: Delayed 2 second(s)

2018-10-12 12:53:50 - [MESSAGE][PASSED] - Delayed 2 second(s)

2018-10-12 12:53:50 - [TEST_STEP][PASSED] - click: Object: 'Object Repository/Backoffice/Clients/Registration/button_Submit' is clicked on

2018-10-12 12:53:51 - [MESSAGE][PASSED] - Object: 'Object Repository/Backoffice/Clients/Registration/button_Submit' is clicked on

2018-10-12 12:53:51 - [TEST_STEP][PASSED] - delay: Delayed 2 second(s)

2018-10-12 12:53:53 - [MESSAGE][PASSED] - Delayed 2 second(s)]]></system-out>
         <system-err><![CDATA[]]></system-err>
      </testcase>
      <testcase name="Test Cases/Backoffice/RegisterAccount" classname="Test Cases/Backoffice/RegisterAccount" status="PASSED">
         <system-out><![CDATA[2018-10-12 12:53:53 - [TEST_CASE][PASSED] - Test Cases/Backoffice/RegisterAccount: Test Cases/Backoffice/RegisterAccount

2018-10-12 12:53:53 - [TEST_STEP][PASSED] - focus: Object: 'Object Repository/Backoffice/Clients/Clients' is focused

2018-10-12 12:53:53 - [MESSAGE][PASSED] - Object: 'Object Repository/Backoffice/Clients/Clients' is focused

2018-10-12 12:53:53 - [TEST_STEP][PASSED] - verifyElementPresent: Object 'Object Repository/Backoffice/Clients/Client Registration' is present

2018-10-12 12:53:53 - [MESSAGE][PASSED] - Object 'Object Repository/Backoffice/Clients/Client Registration' is present

2018-10-12 12:53:53 - [TEST_STEP][PASSED] - click: Object: 'Object Repository/Backoffice/Clients/Client Registration' is clicked on

2018-10-12 12:53:54 - [MESSAGE][PASSED] - Object: 'Object Repository/Backoffice/Clients/Client Registration' is clicked on

2018-10-12 12:53:54 - [TEST_STEP][PASSED] - setText: Text 'chromosomeclausius' is set on object 'Object Repository/Backoffice/Clients/Registration/input_username'

2018-10-12 12:53:54 - [MESSAGE][PASSED] - Text 'chromosomeclausius' is set on object 'Object Repository/Backoffice/Clients/Registration/input_username'

2018-10-12 12:53:54 - [TEST_STEP][PASSED] - setText: Text '123123' is set on object 'Object Repository/Backoffice/Clients/Registration/input_password'

2018-10-12 12:53:54 - [MESSAGE][PASSED] - Text '123123' is set on object 'Object Repository/Backoffice/Clients/Registration/input_password'

2018-10-12 12:53:54 - [TEST_STEP][PASSED] - setText: Text '123123' is set on object 'Object Repository/Backoffice/Clients/Registration/input_confirmp'

2018-10-12 12:53:55 - [MESSAGE][PASSED] - Text '123123' is set on object 'Object Repository/Backoffice/Clients/Registration/input_confirmp'

2018-10-12 12:53:55 - [TEST_STEP][PASSED] - selectOptionByValue: All options with value 'test' are selected in object 'Object Repository/Backoffice/Clients/Registration/select_operatorcode' 

2018-10-12 12:53:55 - [MESSAGE][PASSED] - All options with value 'test' are selected in object 'Object Repository/Backoffice/Clients/Registration/select_operatorcode' 

2018-10-12 12:53:55 - [TEST_STEP][PASSED] - selectOptionByValue: All options with value '1' are selected in object 'Object Repository/Backoffice/Clients/Registration/select_status' 

2018-10-12 12:53:55 - [MESSAGE][PASSED] - All options with value '1' are selected in object 'Object Repository/Backoffice/Clients/Registration/select_status' 

2018-10-12 12:53:55 - [TEST_STEP][PASSED] - delay: Delayed 2 second(s)

2018-10-12 12:53:57 - [MESSAGE][PASSED] - Delayed 2 second(s)

2018-10-12 12:53:57 - [TEST_STEP][PASSED] - click: Object: 'Object Repository/Backoffice/Clients/Registration/button_Submit' is clicked on

2018-10-12 12:53:58 - [MESSAGE][PASSED] - Object: 'Object Repository/Backoffice/Clients/Registration/button_Submit' is clicked on

2018-10-12 12:53:58 - [TEST_STEP][PASSED] - delay: Delayed 2 second(s)

2018-10-12 12:54:00 - [MESSAGE][PASSED] - Delayed 2 second(s)]]></system-out>
         <system-err><![CDATA[]]></system-err>
      </testcase>
      <testcase name="Test Cases/Backoffice/RegisterAccount" classname="Test Cases/Backoffice/RegisterAccount" status="PASSED">
         <system-out><![CDATA[2018-10-12 12:54:00 - [TEST_CASE][PASSED] - Test Cases/Backoffice/RegisterAccount: Test Cases/Backoffice/RegisterAccount

2018-10-12 12:54:00 - [TEST_STEP][PASSED] - focus: Object: 'Object Repository/Backoffice/Clients/Clients' is focused

2018-10-12 12:54:00 - [MESSAGE][PASSED] - Object: 'Object Repository/Backoffice/Clients/Clients' is focused

2018-10-12 12:54:00 - [TEST_STEP][PASSED] - verifyElementPresent: Object 'Object Repository/Backoffice/Clients/Client Registration' is present

2018-10-12 12:54:00 - [MESSAGE][PASSED] - Object 'Object Repository/Backoffice/Clients/Client Registration' is present

2018-10-12 12:54:00 - [TEST_STEP][PASSED] - click: Object: 'Object Repository/Backoffice/Clients/Client Registration' is clicked on

2018-10-12 12:54:01 - [MESSAGE][PASSED] - Object: 'Object Repository/Backoffice/Clients/Client Registration' is clicked on

2018-10-12 12:54:01 - [TEST_STEP][PASSED] - setText: Text 'chunchingcyclase' is set on object 'Object Repository/Backoffice/Clients/Registration/input_username'

2018-10-12 12:54:01 - [MESSAGE][PASSED] - Text 'chunchingcyclase' is set on object 'Object Repository/Backoffice/Clients/Registration/input_username'

2018-10-12 12:54:01 - [TEST_STEP][PASSED] - setText: Text '123123' is set on object 'Object Repository/Backoffice/Clients/Registration/input_password'

2018-10-12 12:54:01 - [MESSAGE][PASSED] - Text '123123' is set on object 'Object Repository/Backoffice/Clients/Registration/input_password'

2018-10-12 12:54:01 - [TEST_STEP][PASSED] - setText: Text '123123' is set on object 'Object Repository/Backoffice/Clients/Registration/input_confirmp'

2018-10-12 12:54:01 - [MESSAGE][PASSED] - Text '123123' is set on object 'Object Repository/Backoffice/Clients/Registration/input_confirmp'

2018-10-12 12:54:01 - [TEST_STEP][PASSED] - selectOptionByValue: All options with value 'test' are selected in object 'Object Repository/Backoffice/Clients/Registration/select_operatorcode' 

2018-10-12 12:54:01 - [MESSAGE][PASSED] - All options with value 'test' are selected in object 'Object Repository/Backoffice/Clients/Registration/select_operatorcode' 

2018-10-12 12:54:01 - [TEST_STEP][PASSED] - selectOptionByValue: All options with value '1' are selected in object 'Object Repository/Backoffice/Clients/Registration/select_status' 

2018-10-12 12:54:01 - [MESSAGE][PASSED] - All options with value '1' are selected in object 'Object Repository/Backoffice/Clients/Registration/select_status' 

2018-10-12 12:54:01 - [TEST_STEP][PASSED] - delay: Delayed 2 second(s)

2018-10-12 12:54:03 - [MESSAGE][PASSED] - Delayed 2 second(s)

2018-10-12 12:54:03 - [TEST_STEP][PASSED] - click: Object: 'Object Repository/Backoffice/Clients/Registration/button_Submit' is clicked on

2018-10-12 12:54:04 - [MESSAGE][PASSED] - Object: 'Object Repository/Backoffice/Clients/Registration/button_Submit' is clicked on

2018-10-12 12:54:04 - [TEST_STEP][PASSED] - delay: Delayed 2 second(s)

2018-10-12 12:54:06 - [MESSAGE][PASSED] - Delayed 2 second(s)]]></system-out>
         <system-err><![CDATA[]]></system-err>
      </testcase>
      <testcase name="Test Cases/Backoffice/RegisterAccount" classname="Test Cases/Backoffice/RegisterAccount" status="PASSED">
         <system-out><![CDATA[2018-10-12 12:54:06 - [TEST_CASE][PASSED] - Test Cases/Backoffice/RegisterAccount: Test Cases/Backoffice/RegisterAccount

2018-10-12 12:54:06 - [TEST_STEP][PASSED] - focus: Object: 'Object Repository/Backoffice/Clients/Clients' is focused

2018-10-12 12:54:06 - [MESSAGE][PASSED] - Object: 'Object Repository/Backoffice/Clients/Clients' is focused

2018-10-12 12:54:06 - [TEST_STEP][PASSED] - verifyElementPresent: Object 'Object Repository/Backoffice/Clients/Client Registration' is present

2018-10-12 12:54:06 - [MESSAGE][PASSED] - Object 'Object Repository/Backoffice/Clients/Client Registration' is present

2018-10-12 12:54:06 - [TEST_STEP][PASSED] - click: Object: 'Object Repository/Backoffice/Clients/Client Registration' is clicked on

2018-10-12 12:54:07 - [MESSAGE][PASSED] - Object: 'Object Repository/Backoffice/Clients/Client Registration' is clicked on

2018-10-12 12:54:07 - [TEST_STEP][PASSED] - setText: Text 'chipschampion' is set on object 'Object Repository/Backoffice/Clients/Registration/input_username'

2018-10-12 12:54:07 - [MESSAGE][PASSED] - Text 'chipschampion' is set on object 'Object Repository/Backoffice/Clients/Registration/input_username'

2018-10-12 12:54:07 - [TEST_STEP][PASSED] - setText: Text '123123' is set on object 'Object Repository/Backoffice/Clients/Registration/input_password'

2018-10-12 12:54:07 - [MESSAGE][PASSED] - Text '123123' is set on object 'Object Repository/Backoffice/Clients/Registration/input_password'

2018-10-12 12:54:07 - [TEST_STEP][PASSED] - setText: Text '123123' is set on object 'Object Repository/Backoffice/Clients/Registration/input_confirmp'

2018-10-12 12:54:07 - [MESSAGE][PASSED] - Text '123123' is set on object 'Object Repository/Backoffice/Clients/Registration/input_confirmp'

2018-10-12 12:54:07 - [TEST_STEP][PASSED] - selectOptionByValue: All options with value 'test' are selected in object 'Object Repository/Backoffice/Clients/Registration/select_operatorcode' 

2018-10-12 12:54:07 - [MESSAGE][PASSED] - All options with value 'test' are selected in object 'Object Repository/Backoffice/Clients/Registration/select_operatorcode' 

2018-10-12 12:54:07 - [TEST_STEP][PASSED] - selectOptionByValue: All options with value '1' are selected in object 'Object Repository/Backoffice/Clients/Registration/select_status' 

2018-10-12 12:54:08 - [MESSAGE][PASSED] - All options with value '1' are selected in object 'Object Repository/Backoffice/Clients/Registration/select_status' 

2018-10-12 12:54:08 - [TEST_STEP][PASSED] - delay: Delayed 2 second(s)

2018-10-12 12:54:10 - [MESSAGE][PASSED] - Delayed 2 second(s)

2018-10-12 12:54:10 - [TEST_STEP][PASSED] - click: Object: 'Object Repository/Backoffice/Clients/Registration/button_Submit' is clicked on

2018-10-12 12:54:11 - [MESSAGE][PASSED] - Object: 'Object Repository/Backoffice/Clients/Registration/button_Submit' is clicked on

2018-10-12 12:54:11 - [TEST_STEP][PASSED] - delay: Delayed 2 second(s)

2018-10-12 12:54:13 - [MESSAGE][PASSED] - Delayed 2 second(s)]]></system-out>
         <system-err><![CDATA[]]></system-err>
      </testcase>
      <testcase name="Test Cases/Backoffice/RegisterAccount" classname="Test Cases/Backoffice/RegisterAccount" status="PASSED">
         <system-out><![CDATA[2018-10-12 12:54:13 - [TEST_CASE][PASSED] - Test Cases/Backoffice/RegisterAccount: Test Cases/Backoffice/RegisterAccount

2018-10-12 12:54:13 - [TEST_STEP][PASSED] - focus: Object: 'Object Repository/Backoffice/Clients/Clients' is focused

2018-10-12 12:54:13 - [MESSAGE][PASSED] - Object: 'Object Repository/Backoffice/Clients/Clients' is focused

2018-10-12 12:54:13 - [TEST_STEP][PASSED] - verifyElementPresent: Object 'Object Repository/Backoffice/Clients/Client Registration' is present

2018-10-12 12:54:13 - [MESSAGE][PASSED] - Object 'Object Repository/Backoffice/Clients/Client Registration' is present

2018-10-12 12:54:13 - [TEST_STEP][PASSED] - click: Object: 'Object Repository/Backoffice/Clients/Client Registration' is clicked on

2018-10-12 12:54:13 - [MESSAGE][PASSED] - Object: 'Object Repository/Backoffice/Clients/Client Registration' is clicked on

2018-10-12 12:54:13 - [TEST_STEP][PASSED] - setText: Text 'caxcetus' is set on object 'Object Repository/Backoffice/Clients/Registration/input_username'

2018-10-12 12:54:14 - [MESSAGE][PASSED] - Text 'caxcetus' is set on object 'Object Repository/Backoffice/Clients/Registration/input_username'

2018-10-12 12:54:14 - [TEST_STEP][PASSED] - setText: Text '123123' is set on object 'Object Repository/Backoffice/Clients/Registration/input_password'

2018-10-12 12:54:14 - [MESSAGE][PASSED] - Text '123123' is set on object 'Object Repository/Backoffice/Clients/Registration/input_password'

2018-10-12 12:54:14 - [TEST_STEP][PASSED] - setText: Text '123123' is set on object 'Object Repository/Backoffice/Clients/Registration/input_confirmp'

2018-10-12 12:54:14 - [MESSAGE][PASSED] - Text '123123' is set on object 'Object Repository/Backoffice/Clients/Registration/input_confirmp'

2018-10-12 12:54:14 - [TEST_STEP][PASSED] - selectOptionByValue: All options with value 'test' are selected in object 'Object Repository/Backoffice/Clients/Registration/select_operatorcode' 

2018-10-12 12:54:14 - [MESSAGE][PASSED] - All options with value 'test' are selected in object 'Object Repository/Backoffice/Clients/Registration/select_operatorcode' 

2018-10-12 12:54:14 - [TEST_STEP][PASSED] - selectOptionByValue: All options with value '1' are selected in object 'Object Repository/Backoffice/Clients/Registration/select_status' 

2018-10-12 12:54:14 - [MESSAGE][PASSED] - All options with value '1' are selected in object 'Object Repository/Backoffice/Clients/Registration/select_status' 

2018-10-12 12:54:14 - [TEST_STEP][PASSED] - delay: Delayed 2 second(s)

2018-10-12 12:54:16 - [MESSAGE][PASSED] - Delayed 2 second(s)

2018-10-12 12:54:16 - [TEST_STEP][PASSED] - click: Object: 'Object Repository/Backoffice/Clients/Registration/button_Submit' is clicked on

2018-10-12 12:54:17 - [MESSAGE][PASSED] - Object: 'Object Repository/Backoffice/Clients/Registration/button_Submit' is clicked on

2018-10-12 12:54:17 - [TEST_STEP][PASSED] - delay: Delayed 2 second(s)

2018-10-12 12:54:19 - [MESSAGE][PASSED] - Delayed 2 second(s)]]></system-out>
         <system-err><![CDATA[]]></system-err>
      </testcase>
      <testcase name="Test Cases/Backoffice/RegisterAccount" classname="Test Cases/Backoffice/RegisterAccount" status="PASSED">
         <system-out><![CDATA[2018-10-12 12:54:19 - [TEST_CASE][PASSED] - Test Cases/Backoffice/RegisterAccount: Test Cases/Backoffice/RegisterAccount

2018-10-12 12:54:19 - [TEST_STEP][PASSED] - focus: Object: 'Object Repository/Backoffice/Clients/Clients' is focused

2018-10-12 12:54:19 - [MESSAGE][PASSED] - Object: 'Object Repository/Backoffice/Clients/Clients' is focused

2018-10-12 12:54:19 - [TEST_STEP][PASSED] - verifyElementPresent: Object 'Object Repository/Backoffice/Clients/Client Registration' is present

2018-10-12 12:54:19 - [MESSAGE][PASSED] - Object 'Object Repository/Backoffice/Clients/Client Registration' is present

2018-10-12 12:54:19 - [TEST_STEP][PASSED] - click: Object: 'Object Repository/Backoffice/Clients/Client Registration' is clicked on

2018-10-12 12:54:20 - [MESSAGE][PASSED] - Object: 'Object Repository/Backoffice/Clients/Client Registration' is clicked on

2018-10-12 12:54:20 - [TEST_STEP][PASSED] - setText: Text 'crunchycrumbly' is set on object 'Object Repository/Backoffice/Clients/Registration/input_username'

2018-10-12 12:54:20 - [MESSAGE][PASSED] - Text 'crunchycrumbly' is set on object 'Object Repository/Backoffice/Clients/Registration/input_username'

2018-10-12 12:54:20 - [TEST_STEP][PASSED] - setText: Text '123123' is set on object 'Object Repository/Backoffice/Clients/Registration/input_password'

2018-10-12 12:54:20 - [MESSAGE][PASSED] - Text '123123' is set on object 'Object Repository/Backoffice/Clients/Registration/input_password'

2018-10-12 12:54:20 - [TEST_STEP][PASSED] - setText: Text '123123' is set on object 'Object Repository/Backoffice/Clients/Registration/input_confirmp'

2018-10-12 12:54:20 - [MESSAGE][PASSED] - Text '123123' is set on object 'Object Repository/Backoffice/Clients/Registration/input_confirmp'

2018-10-12 12:54:20 - [TEST_STEP][PASSED] - selectOptionByValue: All options with value 'test' are selected in object 'Object Repository/Backoffice/Clients/Registration/select_operatorcode' 

2018-10-12 12:54:20 - [MESSAGE][PASSED] - All options with value 'test' are selected in object 'Object Repository/Backoffice/Clients/Registration/select_operatorcode' 

2018-10-12 12:54:20 - [TEST_STEP][PASSED] - selectOptionByValue: All options with value '1' are selected in object 'Object Repository/Backoffice/Clients/Registration/select_status' 

2018-10-12 12:54:20 - [MESSAGE][PASSED] - All options with value '1' are selected in object 'Object Repository/Backoffice/Clients/Registration/select_status' 

2018-10-12 12:54:20 - [TEST_STEP][PASSED] - delay: Delayed 2 second(s)

2018-10-12 12:54:22 - [MESSAGE][PASSED] - Delayed 2 second(s)

2018-10-12 12:54:22 - [TEST_STEP][PASSED] - click: Object: 'Object Repository/Backoffice/Clients/Registration/button_Submit' is clicked on

2018-10-12 12:54:23 - [MESSAGE][PASSED] - Object: 'Object Repository/Backoffice/Clients/Registration/button_Submit' is clicked on

2018-10-12 12:54:23 - [TEST_STEP][PASSED] - delay: Delayed 2 second(s)

2018-10-12 12:54:25 - [MESSAGE][PASSED] - Delayed 2 second(s)]]></system-out>
         <system-err><![CDATA[]]></system-err>
      </testcase>
      <testcase name="Test Cases/Backoffice/RegisterAccount" classname="Test Cases/Backoffice/RegisterAccount" status="PASSED">
         <system-out><![CDATA[2018-10-12 12:54:25 - [TEST_CASE][PASSED] - Test Cases/Backoffice/RegisterAccount: Test Cases/Backoffice/RegisterAccount

2018-10-12 12:54:25 - [TEST_STEP][PASSED] - focus: Object: 'Object Repository/Backoffice/Clients/Clients' is focused

2018-10-12 12:54:25 - [MESSAGE][PASSED] - Object: 'Object Repository/Backoffice/Clients/Clients' is focused

2018-10-12 12:54:25 - [TEST_STEP][PASSED] - verifyElementPresent: Object 'Object Repository/Backoffice/Clients/Client Registration' is present

2018-10-12 12:54:25 - [MESSAGE][PASSED] - Object 'Object Repository/Backoffice/Clients/Client Registration' is present

2018-10-12 12:54:25 - [TEST_STEP][PASSED] - click: Object: 'Object Repository/Backoffice/Clients/Client Registration' is clicked on

2018-10-12 12:54:26 - [MESSAGE][PASSED] - Object: 'Object Repository/Backoffice/Clients/Client Registration' is clicked on

2018-10-12 12:54:26 - [TEST_STEP][PASSED] - setText: Text 'cutechocolaty' is set on object 'Object Repository/Backoffice/Clients/Registration/input_username'

2018-10-12 12:54:26 - [MESSAGE][PASSED] - Text 'cutechocolaty' is set on object 'Object Repository/Backoffice/Clients/Registration/input_username'

2018-10-12 12:54:26 - [TEST_STEP][PASSED] - setText: Text '123123' is set on object 'Object Repository/Backoffice/Clients/Registration/input_password'

2018-10-12 12:54:26 - [MESSAGE][PASSED] - Text '123123' is set on object 'Object Repository/Backoffice/Clients/Registration/input_password'

2018-10-12 12:54:26 - [TEST_STEP][PASSED] - setText: Text '123123' is set on object 'Object Repository/Backoffice/Clients/Registration/input_confirmp'

2018-10-12 12:54:27 - [MESSAGE][PASSED] - Text '123123' is set on object 'Object Repository/Backoffice/Clients/Registration/input_confirmp'

2018-10-12 12:54:27 - [TEST_STEP][PASSED] - selectOptionByValue: All options with value 'test' are selected in object 'Object Repository/Backoffice/Clients/Registration/select_operatorcode' 

2018-10-12 12:54:27 - [MESSAGE][PASSED] - All options with value 'test' are selected in object 'Object Repository/Backoffice/Clients/Registration/select_operatorcode' 

2018-10-12 12:54:27 - [TEST_STEP][PASSED] - selectOptionByValue: All options with value '1' are selected in object 'Object Repository/Backoffice/Clients/Registration/select_status' 

2018-10-12 12:54:27 - [MESSAGE][PASSED] - All options with value '1' are selected in object 'Object Repository/Backoffice/Clients/Registration/select_status' 

2018-10-12 12:54:27 - [TEST_STEP][PASSED] - delay: Delayed 2 second(s)

2018-10-12 12:54:29 - [MESSAGE][PASSED] - Delayed 2 second(s)

2018-10-12 12:54:29 - [TEST_STEP][PASSED] - click: Object: 'Object Repository/Backoffice/Clients/Registration/button_Submit' is clicked on

2018-10-12 12:54:30 - [MESSAGE][PASSED] - Object: 'Object Repository/Backoffice/Clients/Registration/button_Submit' is clicked on

2018-10-12 12:54:30 - [TEST_STEP][PASSED] - delay: Delayed 2 second(s)

2018-10-12 12:54:32 - [MESSAGE][PASSED] - Delayed 2 second(s)]]></system-out>
         <system-err><![CDATA[]]></system-err>
      </testcase>
      <testcase name="Test Cases/Backoffice/RegisterAccount" classname="Test Cases/Backoffice/RegisterAccount" status="FAILED">
         <failure type="FAILED" message="(Stack trace: com.kms.katalon.core.exception.StepFailedException: Unable to click on object 'Object Repository/Backoffice/Clients/Client Registration' (Root cause: org.openqa.selenium.ElementNotVisibleException: element not visible
  (Session info: chrome=69.0.3497.100)
  (Driver info: chromedriver=2.35.528161 (5b82f2d2aae0ca24b877009200ced9065a772e73),platform=Windows NT 10.0.17134 x86_64) (WARNING: The server did not provide any stacktrace information)
Command duration or timeout: 0 milliseconds
Build info: version: '3.7.1', revision: '8a0099a', time: '2017-11-06T21:07:36.161Z'
System info: host: 'DESKTOP-A1HL9OG', ip: '172.16.8.122', os.name: 'Windows 10', os.arch: 'amd64', os.version: '10.0', java.version: '1.8.0_181'
Driver info: com.kms.katalon.selenium.driver.CChromeDriver
Capabilities {acceptInsecureCerts: false, acceptSslCerts: false, applicationCacheEnabled: false, browserConnectionEnabled: false, browserName: chrome, chrome: {chromedriverVersion: 2.35.528161 (5b82f2d2aae0ca..., userDataDir: C:\Users\RICHAR~1\AppData\L...}, cssSelectorsEnabled: true, databaseEnabled: false, handlesAlerts: true, hasTouchScreen: false, javascriptEnabled: true, locationContextEnabled: true, mobileEmulationEnabled: false, nativeEvents: true, networkConnectionEnabled: false, pageLoadStrategy: normal, platform: XP, platformName: XP, rotatable: false, setWindowRect: true, takesHeapSnapshot: true, takesScreenshot: true, unexpectedAlertBehaviour: , unhandledPromptBehavior: , version: 69.0.3497.100, webStorageEnabled: true}
Session ID: f837ed3b2c3822a425ae84cb84e9c47d)
	at com.kms.katalon.core.keyword.internal.KeywordMain.stepFailed(KeywordMain.groovy:36)
	at com.kms.katalon.core.webui.keyword.internal.WebUIKeywordMain.stepFailed(WebUIKeywordMain.groovy:65)
	at com.kms.katalon.core.webui.keyword.internal.WebUIKeywordMain.runKeyword(WebUIKeywordMain.groovy:27)
	at com.kms.katalon.core.webui.keyword.builtin.ClickKeyword.click(ClickKeyword.groovy:86)
	at com.kms.katalon.core.webui.keyword.builtin.ClickKeyword.execute(ClickKeyword.groovy:67)
	at com.kms.katalon.core.keyword.internal.KeywordExecutor.executeKeywordForPlatform(KeywordExecutor.groovy:53)
	at com.kms.katalon.core.webui.keyword.WebUiBuiltInKeywords.click(WebUiBuiltInKeywords.groovy:616)
	at com.kms.katalon.core.webui.keyword.WebUiBuiltInKeywords$click$4.call(Unknown Source)
	at Script1539252672857.run(Script1539252672857.groovy:33)
	at com.kms.katalon.core.main.ScriptEngine.run(ScriptEngine.java:183)
	at com.kms.katalon.core.main.ScriptEngine.runScriptAsRawText(ScriptEngine.java:108)
	at com.kms.katalon.core.main.TestCaseExecutor.runScript(TestCaseExecutor.java:294)
	at com.kms.katalon.core.main.TestCaseExecutor.doExecute(TestCaseExecutor.java:285)
	at com.kms.katalon.core.main.TestCaseExecutor.processExecutionPhase(TestCaseExecutor.java:264)
	at com.kms.katalon.core.main.TestCaseExecutor.accessMainPhase(TestCaseExecutor.java:256)
	at com.kms.katalon.core.main.TestCaseExecutor.execute(TestCaseExecutor.java:200)
	at com.kms.katalon.core.main.TestSuiteExecutor.accessTestCaseMainPhase(TestSuiteExecutor.java:129)
	at com.kms.katalon.core.main.TestSuiteExecutor.accessTestSuiteMainPhase(TestSuiteExecutor.java:112)
	at com.kms.katalon.core.main.TestSuiteExecutor.execute(TestSuiteExecutor.java:81)
	at com.kms.katalon.core.main.TestCaseMain.startTestSuite(TestCaseMain.java:142)
	at com.kms.katalon.core.main.TestCaseMain$startTestSuite$0.call(Unknown Source)
	at org.codehaus.groovy.runtime.callsite.CallSiteArray.defaultCall(CallSiteArray.java:48)
	at org.codehaus.groovy.runtime.callsite.AbstractCallSite.call(AbstractCallSite.java:113)
	at org.codehaus.groovy.runtime.callsite.AbstractCallSite.call(AbstractCallSite.java:141)
	at TempTestSuite1539319868131.run(TempTestSuite1539319868131.groovy:36)
	at groovy.lang.GroovyShell.runScriptOrMainOrTestOrRunnable(GroovyShell.java:263)
	at groovy.lang.GroovyShell.run(GroovyShell.java:518)
	at groovy.lang.GroovyShell.run(GroovyShell.java:507)
	at groovy.ui.GroovyMain.processOnce(GroovyMain.java:653)
	at groovy.ui.GroovyMain.run(GroovyMain.java:384)
	at groovy.ui.GroovyMain.process(GroovyMain.java:370)
	at groovy.ui.GroovyMain.processArgs(GroovyMain.java:129)
	at groovy.ui.GroovyMain.main(GroovyMain.java:109)
	at sun.reflect.NativeMethodAccessorImpl.invoke0(Native Method)
	at sun.reflect.NativeMethodAccessorImpl.invoke(NativeMethodAccessorImpl.java:62)
	at sun.reflect.DelegatingMethodAccessorImpl.invoke(DelegatingMethodAccessorImpl.java:43)
	at java.lang.reflect.Method.invoke(Method.java:498)
	at org.codehaus.groovy.tools.GroovyStarter.rootLoader(GroovyStarter.java:109)
	at org.codehaus.groovy.tools.GroovyStarter.main(GroovyStarter.java:131)
)"/>
         <system-out><![CDATA[2018-10-12 12:54:32 - [TEST_CASE][FAILED] - Test Cases/Backoffice/RegisterAccount: Test Cases/Backoffice/RegisterAccount FAILED because (of) (Stack trace: com.kms.katalon.core.exception.StepFailedException: Unable to click on object 'Object Repository/Backoffice/Clients/Client Registration' (Root cause: org.openqa.selenium.ElementNotVisibleException: element not visible
  (Session info: chrome=69.0.3497.100)
  (Driver info: chromedriver=2.35.528161 (5b82f2d2aae0ca24b877009200ced9065a772e73),platform=Windows NT 10.0.17134 x86_64) (WARNING: The server did not provide any stacktrace information)
Command duration or timeout: 0 milliseconds
Build info: version: '3.7.1', revision: '8a0099a', time: '2017-11-06T21:07:36.161Z'
System info: host: 'DESKTOP-A1HL9OG', ip: '172.16.8.122', os.name: 'Windows 10', os.arch: 'amd64', os.version: '10.0', java.version: '1.8.0_181'
Driver info: com.kms.katalon.selenium.driver.CChromeDriver
Capabilities {acceptInsecureCerts: false, acceptSslCerts: false, applicationCacheEnabled: false, browserConnectionEnabled: false, browserName: chrome, chrome: {chromedriverVersion: 2.35.528161 (5b82f2d2aae0ca..., userDataDir: C:\Users\RICHAR~1\AppData\L...}, cssSelectorsEnabled: true, databaseEnabled: false, handlesAlerts: true, hasTouchScreen: false, javascriptEnabled: true, locationContextEnabled: true, mobileEmulationEnabled: false, nativeEvents: true, networkConnectionEnabled: false, pageLoadStrategy: normal, platform: XP, platformName: XP, rotatable: false, setWindowRect: true, takesHeapSnapshot: true, takesScreenshot: true, unexpectedAlertBehaviour: , unhandledPromptBehavior: , version: 69.0.3497.100, webStorageEnabled: true}
Session ID: f837ed3b2c3822a425ae84cb84e9c47d)
	at com.kms.katalon.core.keyword.internal.KeywordMain.stepFailed(KeywordMain.groovy:36)
	at com.kms.katalon.core.webui.keyword.internal.WebUIKeywordMain.stepFailed(WebUIKeywordMain.groovy:65)
	at com.kms.katalon.core.webui.keyword.internal.WebUIKeywordMain.runKeyword(WebUIKeywordMain.groovy:27)
	at com.kms.katalon.core.webui.keyword.builtin.ClickKeyword.click(ClickKeyword.groovy:86)
	at com.kms.katalon.core.webui.keyword.builtin.ClickKeyword.execute(ClickKeyword.groovy:67)
	at com.kms.katalon.core.keyword.internal.KeywordExecutor.executeKeywordForPlatform(KeywordExecutor.groovy:53)
	at com.kms.katalon.core.webui.keyword.WebUiBuiltInKeywords.click(WebUiBuiltInKeywords.groovy:616)
	at com.kms.katalon.core.webui.keyword.WebUiBuiltInKeywords$click$4.call(Unknown Source)
	at Script1539252672857.run(Script1539252672857.groovy:33)
	at com.kms.katalon.core.main.ScriptEngine.run(ScriptEngine.java:183)
	at com.kms.katalon.core.main.ScriptEngine.runScriptAsRawText(ScriptEngine.java:108)
	at com.kms.katalon.core.main.TestCaseExecutor.runScript(TestCaseExecutor.java:294)
	at com.kms.katalon.core.main.TestCaseExecutor.doExecute(TestCaseExecutor.java:285)
	at com.kms.katalon.core.main.TestCaseExecutor.processExecutionPhase(TestCaseExecutor.java:264)
	at com.kms.katalon.core.main.TestCaseExecutor.accessMainPhase(TestCaseExecutor.java:256)
	at com.kms.katalon.core.main.TestCaseExecutor.execute(TestCaseExecutor.java:200)
	at com.kms.katalon.core.main.TestSuiteExecutor.accessTestCaseMainPhase(TestSuiteExecutor.java:129)
	at com.kms.katalon.core.main.TestSuiteExecutor.accessTestSuiteMainPhase(TestSuiteExecutor.java:112)
	at com.kms.katalon.core.main.TestSuiteExecutor.execute(TestSuiteExecutor.java:81)
	at com.kms.katalon.core.main.TestCaseMain.startTestSuite(TestCaseMain.java:142)
	at com.kms.katalon.core.main.TestCaseMain$startTestSuite$0.call(Unknown Source)
	at org.codehaus.groovy.runtime.callsite.CallSiteArray.defaultCall(CallSiteArray.java:48)
	at org.codehaus.groovy.runtime.callsite.AbstractCallSite.call(AbstractCallSite.java:113)
	at org.codehaus.groovy.runtime.callsite.AbstractCallSite.call(AbstractCallSite.java:141)
	at TempTestSuite1539319868131.run(TempTestSuite1539319868131.groovy:36)
	at groovy.lang.GroovyShell.runScriptOrMainOrTestOrRunnable(GroovyShell.java:263)
	at groovy.lang.GroovyShell.run(GroovyShell.java:518)
	at groovy.lang.GroovyShell.run(GroovyShell.java:507)
	at groovy.ui.GroovyMain.processOnce(GroovyMain.java:653)
	at groovy.ui.GroovyMain.run(GroovyMain.java:384)
	at groovy.ui.GroovyMain.process(GroovyMain.java:370)
	at groovy.ui.GroovyMain.processArgs(GroovyMain.java:129)
	at groovy.ui.GroovyMain.main(GroovyMain.java:109)
	at sun.reflect.NativeMethodAccessorImpl.invoke0(Native Method)
	at sun.reflect.NativeMethodAccessorImpl.invoke(NativeMethodAccessorImpl.java:62)
	at sun.reflect.DelegatingMethodAccessorImpl.invoke(DelegatingMethodAccessorImpl.java:43)
	at java.lang.reflect.Method.invoke(Method.java:498)
	at org.codehaus.groovy.tools.GroovyStarter.rootLoader(GroovyStarter.java:109)
	at org.codehaus.groovy.tools.GroovyStarter.main(GroovyStarter.java:131)
)

2018-10-12 12:54:32 - [TEST_STEP][PASSED] - focus: Object: 'Object Repository/Backoffice/Clients/Clients' is focused

2018-10-12 12:54:32 - [MESSAGE][PASSED] - Object: 'Object Repository/Backoffice/Clients/Clients' is focused

2018-10-12 12:54:32 - [TEST_STEP][PASSED] - verifyElementPresent: Object 'Object Repository/Backoffice/Clients/Client Registration' is present

2018-10-12 12:54:32 - [MESSAGE][PASSED] - Object 'Object Repository/Backoffice/Clients/Client Registration' is present

2018-10-12 12:54:32 - [TEST_STEP][FAILED] - click: Unable to click on object 'Object Repository/Backoffice/Clients/Client Registration' (Root cause: org.openqa.selenium.ElementNotVisibleException: element not visible
  (Session info: chrome=69.0.3497.100)
  (Driver info: chromedriver=2.35.528161 (5b82f2d2aae0ca24b877009200ced9065a772e73),platform=Windows NT 10.0.17134 x86_64) (WARNING: The server did not provide any stacktrace information)
Command duration or timeout: 0 milliseconds
Build info: version: '3.7.1', revision: '8a0099a', time: '2017-11-06T21:07:36.161Z'
System info: host: 'DESKTOP-A1HL9OG', ip: '172.16.8.122', os.name: 'Windows 10', os.arch: 'amd64', os.version: '10.0', java.version: '1.8.0_181'
Driver info: com.kms.katalon.selenium.driver.CChromeDriver
Capabilities {acceptInsecureCerts: false, acceptSslCerts: false, applicationCacheEnabled: false, browserConnectionEnabled: false, browserName: chrome, chrome: {chromedriverVersion: 2.35.528161 (5b82f2d2aae0ca..., userDataDir: C:\Users\RICHAR~1\AppData\L...}, cssSelectorsEnabled: true, databaseEnabled: false, handlesAlerts: true, hasTouchScreen: false, javascriptEnabled: true, locationContextEnabled: true, mobileEmulationEnabled: false, nativeEvents: true, networkConnectionEnabled: false, pageLoadStrategy: normal, platform: XP, platformName: XP, rotatable: false, setWindowRect: true, takesHeapSnapshot: true, takesScreenshot: true, unexpectedAlertBehaviour: , unhandledPromptBehavior: , version: 69.0.3497.100, webStorageEnabled: true}
Session ID: f837ed3b2c3822a425ae84cb84e9c47d)

2018-10-12 12:54:32 - [MESSAGE][FAILED] - Unable to click on object 'Object Repository/Backoffice/Clients/Client Registration' (Root cause: org.openqa.selenium.ElementNotVisibleException: element not visible
  (Session info: chrome=69.0.3497.100)
  (Driver info: chromedriver=2.35.528161 (5b82f2d2aae0ca24b877009200ced9065a772e73),platform=Windows NT 10.0.17134 x86_64) (WARNING: The server did not provide any stacktrace information)
Command duration or timeout: 0 milliseconds
Build info: version: '3.7.1', revision: '8a0099a', time: '2017-11-06T21:07:36.161Z'
System info: host: 'DESKTOP-A1HL9OG', ip: '172.16.8.122', os.name: 'Windows 10', os.arch: 'amd64', os.version: '10.0', java.version: '1.8.0_181'
Driver info: com.kms.katalon.selenium.driver.CChromeDriver
Capabilities {acceptInsecureCerts: false, acceptSslCerts: false, applicationCacheEnabled: false, browserConnectionEnabled: false, browserName: chrome, chrome: {chromedriverVersion: 2.35.528161 (5b82f2d2aae0ca..., userDataDir: C:\Users\RICHAR~1\AppData\L...}, cssSelectorsEnabled: true, databaseEnabled: false, handlesAlerts: true, hasTouchScreen: false, javascriptEnabled: true, locationContextEnabled: true, mobileEmulationEnabled: false, nativeEvents: true, networkConnectionEnabled: false, pageLoadStrategy: normal, platform: XP, platformName: XP, rotatable: false, setWindowRect: true, takesHeapSnapshot: true, takesScreenshot: true, unexpectedAlertBehaviour: , unhandledPromptBehavior: , version: 69.0.3497.100, webStorageEnabled: true}
Session ID: f837ed3b2c3822a425ae84cb84e9c47d)
[[ATTACHMENT|C:\\Users\\Richard Sanchez\\Katalon Studio\\ucf88\\Reports\\LoginAndRegister4\\20181012_125108\\1539320072284.png]]]]></system-out>
         <system-err><![CDATA[2018-10-12 12:54:32 - [TEST_CASE][FAILED] - Test Cases/Backoffice/RegisterAccount: Test Cases/Backoffice/RegisterAccount FAILED because (of) (Stack trace: com.kms.katalon.core.exception.StepFailedException: Unable to click on object 'Object Repository/Backoffice/Clients/Client Registration' (Root cause: org.openqa.selenium.ElementNotVisibleException: element not visible
  (Session info: chrome=69.0.3497.100)
  (Driver info: chromedriver=2.35.528161 (5b82f2d2aae0ca24b877009200ced9065a772e73),platform=Windows NT 10.0.17134 x86_64) (WARNING: The server did not provide any stacktrace information)
Command duration or timeout: 0 milliseconds
Build info: version: '3.7.1', revision: '8a0099a', time: '2017-11-06T21:07:36.161Z'
System info: host: 'DESKTOP-A1HL9OG', ip: '172.16.8.122', os.name: 'Windows 10', os.arch: 'amd64', os.version: '10.0', java.version: '1.8.0_181'
Driver info: com.kms.katalon.selenium.driver.CChromeDriver
Capabilities {acceptInsecureCerts: false, acceptSslCerts: false, applicationCacheEnabled: false, browserConnectionEnabled: false, browserName: chrome, chrome: {chromedriverVersion: 2.35.528161 (5b82f2d2aae0ca..., userDataDir: C:\Users\RICHAR~1\AppData\L...}, cssSelectorsEnabled: true, databaseEnabled: false, handlesAlerts: true, hasTouchScreen: false, javascriptEnabled: true, locationContextEnabled: true, mobileEmulationEnabled: false, nativeEvents: true, networkConnectionEnabled: false, pageLoadStrategy: normal, platform: XP, platformName: XP, rotatable: false, setWindowRect: true, takesHeapSnapshot: true, takesScreenshot: true, unexpectedAlertBehaviour: , unhandledPromptBehavior: , version: 69.0.3497.100, webStorageEnabled: true}
Session ID: f837ed3b2c3822a425ae84cb84e9c47d)
	at com.kms.katalon.core.keyword.internal.KeywordMain.stepFailed(KeywordMain.groovy:36)
	at com.kms.katalon.core.webui.keyword.internal.WebUIKeywordMain.stepFailed(WebUIKeywordMain.groovy:65)
	at com.kms.katalon.core.webui.keyword.internal.WebUIKeywordMain.runKeyword(WebUIKeywordMain.groovy:27)
	at com.kms.katalon.core.webui.keyword.builtin.ClickKeyword.click(ClickKeyword.groovy:86)
	at com.kms.katalon.core.webui.keyword.builtin.ClickKeyword.execute(ClickKeyword.groovy:67)
	at com.kms.katalon.core.keyword.internal.KeywordExecutor.executeKeywordForPlatform(KeywordExecutor.groovy:53)
	at com.kms.katalon.core.webui.keyword.WebUiBuiltInKeywords.click(WebUiBuiltInKeywords.groovy:616)
	at com.kms.katalon.core.webui.keyword.WebUiBuiltInKeywords$click$4.call(Unknown Source)
	at Script1539252672857.run(Script1539252672857.groovy:33)
	at com.kms.katalon.core.main.ScriptEngine.run(ScriptEngine.java:183)
	at com.kms.katalon.core.main.ScriptEngine.runScriptAsRawText(ScriptEngine.java:108)
	at com.kms.katalon.core.main.TestCaseExecutor.runScript(TestCaseExecutor.java:294)
	at com.kms.katalon.core.main.TestCaseExecutor.doExecute(TestCaseExecutor.java:285)
	at com.kms.katalon.core.main.TestCaseExecutor.processExecutionPhase(TestCaseExecutor.java:264)
	at com.kms.katalon.core.main.TestCaseExecutor.accessMainPhase(TestCaseExecutor.java:256)
	at com.kms.katalon.core.main.TestCaseExecutor.execute(TestCaseExecutor.java:200)
	at com.kms.katalon.core.main.TestSuiteExecutor.accessTestCaseMainPhase(TestSuiteExecutor.java:129)
	at com.kms.katalon.core.main.TestSuiteExecutor.accessTestSuiteMainPhase(TestSuiteExecutor.java:112)
	at com.kms.katalon.core.main.TestSuiteExecutor.execute(TestSuiteExecutor.java:81)
	at com.kms.katalon.core.main.TestCaseMain.startTestSuite(TestCaseMain.java:142)
	at com.kms.katalon.core.main.TestCaseMain$startTestSuite$0.call(Unknown Source)
	at org.codehaus.groovy.runtime.callsite.CallSiteArray.defaultCall(CallSiteArray.java:48)
	at org.codehaus.groovy.runtime.callsite.AbstractCallSite.call(AbstractCallSite.java:113)
	at org.codehaus.groovy.runtime.callsite.AbstractCallSite.call(AbstractCallSite.java:141)
	at TempTestSuite1539319868131.run(TempTestSuite1539319868131.groovy:36)
	at groovy.lang.GroovyShell.runScriptOrMainOrTestOrRunnable(GroovyShell.java:263)
	at groovy.lang.GroovyShell.run(GroovyShell.java:518)
	at groovy.lang.GroovyShell.run(GroovyShell.java:507)
	at groovy.ui.GroovyMain.processOnce(GroovyMain.java:653)
	at groovy.ui.GroovyMain.run(GroovyMain.java:384)
	at groovy.ui.GroovyMain.process(GroovyMain.java:370)
	at groovy.ui.GroovyMain.processArgs(GroovyMain.java:129)
	at groovy.ui.GroovyMain.main(GroovyMain.java:109)
	at sun.reflect.NativeMethodAccessorImpl.invoke0(Native Method)
	at sun.reflect.NativeMethodAccessorImpl.invoke(NativeMethodAccessorImpl.java:62)
	at sun.reflect.DelegatingMethodAccessorImpl.invoke(DelegatingMethodAccessorImpl.java:43)
	at java.lang.reflect.Method.invoke(Method.java:498)
	at org.codehaus.groovy.tools.GroovyStarter.rootLoader(GroovyStarter.java:109)
	at org.codehaus.groovy.tools.GroovyStarter.main(GroovyStarter.java:131)
)]]></system-err>
      </testcase>
      <testcase name="Test Cases/Backoffice/RegisterAccount" classname="Test Cases/Backoffice/RegisterAccount" status="FAILED">
         <failure type="FAILED" message="(Stack trace: com.kms.katalon.core.exception.StepFailedException: Unable to click on object 'Object Repository/Backoffice/Clients/Client Registration' (Root cause: org.openqa.selenium.ElementNotVisibleException: element not visible
  (Session info: chrome=69.0.3497.100)
  (Driver info: chromedriver=2.35.528161 (5b82f2d2aae0ca24b877009200ced9065a772e73),platform=Windows NT 10.0.17134 x86_64) (WARNING: The server did not provide any stacktrace information)
Command duration or timeout: 0 milliseconds
Build info: version: '3.7.1', revision: '8a0099a', time: '2017-11-06T21:07:36.161Z'
System info: host: 'DESKTOP-A1HL9OG', ip: '172.16.8.122', os.name: 'Windows 10', os.arch: 'amd64', os.version: '10.0', java.version: '1.8.0_181'
Driver info: com.kms.katalon.selenium.driver.CChromeDriver
Capabilities {acceptInsecureCerts: false, acceptSslCerts: false, applicationCacheEnabled: false, browserConnectionEnabled: false, browserName: chrome, chrome: {chromedriverVersion: 2.35.528161 (5b82f2d2aae0ca..., userDataDir: C:\Users\RICHAR~1\AppData\L...}, cssSelectorsEnabled: true, databaseEnabled: false, handlesAlerts: true, hasTouchScreen: false, javascriptEnabled: true, locationContextEnabled: true, mobileEmulationEnabled: false, nativeEvents: true, networkConnectionEnabled: false, pageLoadStrategy: normal, platform: XP, platformName: XP, rotatable: false, setWindowRect: true, takesHeapSnapshot: true, takesScreenshot: true, unexpectedAlertBehaviour: , unhandledPromptBehavior: , version: 69.0.3497.100, webStorageEnabled: true}
Session ID: f837ed3b2c3822a425ae84cb84e9c47d)
	at com.kms.katalon.core.keyword.internal.KeywordMain.stepFailed(KeywordMain.groovy:36)
	at com.kms.katalon.core.webui.keyword.internal.WebUIKeywordMain.stepFailed(WebUIKeywordMain.groovy:65)
	at com.kms.katalon.core.webui.keyword.internal.WebUIKeywordMain.runKeyword(WebUIKeywordMain.groovy:27)
	at com.kms.katalon.core.webui.keyword.builtin.ClickKeyword.click(ClickKeyword.groovy:86)
	at com.kms.katalon.core.webui.keyword.builtin.ClickKeyword.execute(ClickKeyword.groovy:67)
	at com.kms.katalon.core.keyword.internal.KeywordExecutor.executeKeywordForPlatform(KeywordExecutor.groovy:53)
	at com.kms.katalon.core.webui.keyword.WebUiBuiltInKeywords.click(WebUiBuiltInKeywords.groovy:616)
	at com.kms.katalon.core.webui.keyword.WebUiBuiltInKeywords$click$4.call(Unknown Source)
	at Script1539252672857.run(Script1539252672857.groovy:33)
	at com.kms.katalon.core.main.ScriptEngine.run(ScriptEngine.java:183)
	at com.kms.katalon.core.main.ScriptEngine.runScriptAsRawText(ScriptEngine.java:108)
	at com.kms.katalon.core.main.TestCaseExecutor.runScript(TestCaseExecutor.java:294)
	at com.kms.katalon.core.main.TestCaseExecutor.doExecute(TestCaseExecutor.java:285)
	at com.kms.katalon.core.main.TestCaseExecutor.processExecutionPhase(TestCaseExecutor.java:264)
	at com.kms.katalon.core.main.TestCaseExecutor.accessMainPhase(TestCaseExecutor.java:256)
	at com.kms.katalon.core.main.TestCaseExecutor.execute(TestCaseExecutor.java:200)
	at com.kms.katalon.core.main.TestSuiteExecutor.accessTestCaseMainPhase(TestSuiteExecutor.java:129)
	at com.kms.katalon.core.main.TestSuiteExecutor.accessTestSuiteMainPhase(TestSuiteExecutor.java:112)
	at com.kms.katalon.core.main.TestSuiteExecutor.execute(TestSuiteExecutor.java:81)
	at com.kms.katalon.core.main.TestCaseMain.startTestSuite(TestCaseMain.java:142)
	at com.kms.katalon.core.main.TestCaseMain$startTestSuite$0.call(Unknown Source)
	at org.codehaus.groovy.runtime.callsite.CallSiteArray.defaultCall(CallSiteArray.java:48)
	at org.codehaus.groovy.runtime.callsite.AbstractCallSite.call(AbstractCallSite.java:113)
	at org.codehaus.groovy.runtime.callsite.AbstractCallSite.call(AbstractCallSite.java:141)
	at TempTestSuite1539319868131.run(TempTestSuite1539319868131.groovy:36)
	at groovy.lang.GroovyShell.runScriptOrMainOrTestOrRunnable(GroovyShell.java:263)
	at groovy.lang.GroovyShell.run(GroovyShell.java:518)
	at groovy.lang.GroovyShell.run(GroovyShell.java:507)
	at groovy.ui.GroovyMain.processOnce(GroovyMain.java:653)
	at groovy.ui.GroovyMain.run(GroovyMain.java:384)
	at groovy.ui.GroovyMain.process(GroovyMain.java:370)
	at groovy.ui.GroovyMain.processArgs(GroovyMain.java:129)
	at groovy.ui.GroovyMain.main(GroovyMain.java:109)
	at sun.reflect.NativeMethodAccessorImpl.invoke0(Native Method)
	at sun.reflect.NativeMethodAccessorImpl.invoke(NativeMethodAccessorImpl.java:62)
	at sun.reflect.DelegatingMethodAccessorImpl.invoke(DelegatingMethodAccessorImpl.java:43)
	at java.lang.reflect.Method.invoke(Method.java:498)
	at org.codehaus.groovy.tools.GroovyStarter.rootLoader(GroovyStarter.java:109)
	at org.codehaus.groovy.tools.GroovyStarter.main(GroovyStarter.java:131)
)"/>
         <system-out><![CDATA[2018-10-12 12:54:32 - [TEST_CASE][FAILED] - Test Cases/Backoffice/RegisterAccount: Test Cases/Backoffice/RegisterAccount FAILED because (of) (Stack trace: com.kms.katalon.core.exception.StepFailedException: Unable to click on object 'Object Repository/Backoffice/Clients/Client Registration' (Root cause: org.openqa.selenium.ElementNotVisibleException: element not visible
  (Session info: chrome=69.0.3497.100)
  (Driver info: chromedriver=2.35.528161 (5b82f2d2aae0ca24b877009200ced9065a772e73),platform=Windows NT 10.0.17134 x86_64) (WARNING: The server did not provide any stacktrace information)
Command duration or timeout: 0 milliseconds
Build info: version: '3.7.1', revision: '8a0099a', time: '2017-11-06T21:07:36.161Z'
System info: host: 'DESKTOP-A1HL9OG', ip: '172.16.8.122', os.name: 'Windows 10', os.arch: 'amd64', os.version: '10.0', java.version: '1.8.0_181'
Driver info: com.kms.katalon.selenium.driver.CChromeDriver
Capabilities {acceptInsecureCerts: false, acceptSslCerts: false, applicationCacheEnabled: false, browserConnectionEnabled: false, browserName: chrome, chrome: {chromedriverVersion: 2.35.528161 (5b82f2d2aae0ca..., userDataDir: C:\Users\RICHAR~1\AppData\L...}, cssSelectorsEnabled: true, databaseEnabled: false, handlesAlerts: true, hasTouchScreen: false, javascriptEnabled: true, locationContextEnabled: true, mobileEmulationEnabled: false, nativeEvents: true, networkConnectionEnabled: false, pageLoadStrategy: normal, platform: XP, platformName: XP, rotatable: false, setWindowRect: true, takesHeapSnapshot: true, takesScreenshot: true, unexpectedAlertBehaviour: , unhandledPromptBehavior: , version: 69.0.3497.100, webStorageEnabled: true}
Session ID: f837ed3b2c3822a425ae84cb84e9c47d)
	at com.kms.katalon.core.keyword.internal.KeywordMain.stepFailed(KeywordMain.groovy:36)
	at com.kms.katalon.core.webui.keyword.internal.WebUIKeywordMain.stepFailed(WebUIKeywordMain.groovy:65)
	at com.kms.katalon.core.webui.keyword.internal.WebUIKeywordMain.runKeyword(WebUIKeywordMain.groovy:27)
	at com.kms.katalon.core.webui.keyword.builtin.ClickKeyword.click(ClickKeyword.groovy:86)
	at com.kms.katalon.core.webui.keyword.builtin.ClickKeyword.execute(ClickKeyword.groovy:67)
	at com.kms.katalon.core.keyword.internal.KeywordExecutor.executeKeywordForPlatform(KeywordExecutor.groovy:53)
	at com.kms.katalon.core.webui.keyword.WebUiBuiltInKeywords.click(WebUiBuiltInKeywords.groovy:616)
	at com.kms.katalon.core.webui.keyword.WebUiBuiltInKeywords$click$4.call(Unknown Source)
	at Script1539252672857.run(Script1539252672857.groovy:33)
	at com.kms.katalon.core.main.ScriptEngine.run(ScriptEngine.java:183)
	at com.kms.katalon.core.main.ScriptEngine.runScriptAsRawText(ScriptEngine.java:108)
	at com.kms.katalon.core.main.TestCaseExecutor.runScript(TestCaseExecutor.java:294)
	at com.kms.katalon.core.main.TestCaseExecutor.doExecute(TestCaseExecutor.java:285)
	at com.kms.katalon.core.main.TestCaseExecutor.processExecutionPhase(TestCaseExecutor.java:264)
	at com.kms.katalon.core.main.TestCaseExecutor.accessMainPhase(TestCaseExecutor.java:256)
	at com.kms.katalon.core.main.TestCaseExecutor.execute(TestCaseExecutor.java:200)
	at com.kms.katalon.core.main.TestSuiteExecutor.accessTestCaseMainPhase(TestSuiteExecutor.java:129)
	at com.kms.katalon.core.main.TestSuiteExecutor.accessTestSuiteMainPhase(TestSuiteExecutor.java:112)
	at com.kms.katalon.core.main.TestSuiteExecutor.execute(TestSuiteExecutor.java:81)
	at com.kms.katalon.core.main.TestCaseMain.startTestSuite(TestCaseMain.java:142)
	at com.kms.katalon.core.main.TestCaseMain$startTestSuite$0.call(Unknown Source)
	at org.codehaus.groovy.runtime.callsite.CallSiteArray.defaultCall(CallSiteArray.java:48)
	at org.codehaus.groovy.runtime.callsite.AbstractCallSite.call(AbstractCallSite.java:113)
	at org.codehaus.groovy.runtime.callsite.AbstractCallSite.call(AbstractCallSite.java:141)
	at TempTestSuite1539319868131.run(TempTestSuite1539319868131.groovy:36)
	at groovy.lang.GroovyShell.runScriptOrMainOrTestOrRunnable(GroovyShell.java:263)
	at groovy.lang.GroovyShell.run(GroovyShell.java:518)
	at groovy.lang.GroovyShell.run(GroovyShell.java:507)
	at groovy.ui.GroovyMain.processOnce(GroovyMain.java:653)
	at groovy.ui.GroovyMain.run(GroovyMain.java:384)
	at groovy.ui.GroovyMain.process(GroovyMain.java:370)
	at groovy.ui.GroovyMain.processArgs(GroovyMain.java:129)
	at groovy.ui.GroovyMain.main(GroovyMain.java:109)
	at sun.reflect.NativeMethodAccessorImpl.invoke0(Native Method)
	at sun.reflect.NativeMethodAccessorImpl.invoke(NativeMethodAccessorImpl.java:62)
	at sun.reflect.DelegatingMethodAccessorImpl.invoke(DelegatingMethodAccessorImpl.java:43)
	at java.lang.reflect.Method.invoke(Method.java:498)
	at org.codehaus.groovy.tools.GroovyStarter.rootLoader(GroovyStarter.java:109)
	at org.codehaus.groovy.tools.GroovyStarter.main(GroovyStarter.java:131)
)

2018-10-12 12:54:32 - [TEST_STEP][PASSED] - focus: Object: 'Object Repository/Backoffice/Clients/Clients' is focused

2018-10-12 12:54:32 - [MESSAGE][PASSED] - Object: 'Object Repository/Backoffice/Clients/Clients' is focused

2018-10-12 12:54:32 - [TEST_STEP][PASSED] - verifyElementPresent: Object 'Object Repository/Backoffice/Clients/Client Registration' is present

2018-10-12 12:54:32 - [MESSAGE][PASSED] - Object 'Object Repository/Backoffice/Clients/Client Registration' is present

2018-10-12 12:54:32 - [TEST_STEP][FAILED] - click: Unable to click on object 'Object Repository/Backoffice/Clients/Client Registration' (Root cause: org.openqa.selenium.ElementNotVisibleException: element not visible
  (Session info: chrome=69.0.3497.100)
  (Driver info: chromedriver=2.35.528161 (5b82f2d2aae0ca24b877009200ced9065a772e73),platform=Windows NT 10.0.17134 x86_64) (WARNING: The server did not provide any stacktrace information)
Command duration or timeout: 0 milliseconds
Build info: version: '3.7.1', revision: '8a0099a', time: '2017-11-06T21:07:36.161Z'
System info: host: 'DESKTOP-A1HL9OG', ip: '172.16.8.122', os.name: 'Windows 10', os.arch: 'amd64', os.version: '10.0', java.version: '1.8.0_181'
Driver info: com.kms.katalon.selenium.driver.CChromeDriver
Capabilities {acceptInsecureCerts: false, acceptSslCerts: false, applicationCacheEnabled: false, browserConnectionEnabled: false, browserName: chrome, chrome: {chromedriverVersion: 2.35.528161 (5b82f2d2aae0ca..., userDataDir: C:\Users\RICHAR~1\AppData\L...}, cssSelectorsEnabled: true, databaseEnabled: false, handlesAlerts: true, hasTouchScreen: false, javascriptEnabled: true, locationContextEnabled: true, mobileEmulationEnabled: false, nativeEvents: true, networkConnectionEnabled: false, pageLoadStrategy: normal, platform: XP, platformName: XP, rotatable: false, setWindowRect: true, takesHeapSnapshot: true, takesScreenshot: true, unexpectedAlertBehaviour: , unhandledPromptBehavior: , version: 69.0.3497.100, webStorageEnabled: true}
Session ID: f837ed3b2c3822a425ae84cb84e9c47d)

2018-10-12 12:54:33 - [MESSAGE][FAILED] - Unable to click on object 'Object Repository/Backoffice/Clients/Client Registration' (Root cause: org.openqa.selenium.ElementNotVisibleException: element not visible
  (Session info: chrome=69.0.3497.100)
  (Driver info: chromedriver=2.35.528161 (5b82f2d2aae0ca24b877009200ced9065a772e73),platform=Windows NT 10.0.17134 x86_64) (WARNING: The server did not provide any stacktrace information)
Command duration or timeout: 0 milliseconds
Build info: version: '3.7.1', revision: '8a0099a', time: '2017-11-06T21:07:36.161Z'
System info: host: 'DESKTOP-A1HL9OG', ip: '172.16.8.122', os.name: 'Windows 10', os.arch: 'amd64', os.version: '10.0', java.version: '1.8.0_181'
Driver info: com.kms.katalon.selenium.driver.CChromeDriver
Capabilities {acceptInsecureCerts: false, acceptSslCerts: false, applicationCacheEnabled: false, browserConnectionEnabled: false, browserName: chrome, chrome: {chromedriverVersion: 2.35.528161 (5b82f2d2aae0ca..., userDataDir: C:\Users\RICHAR~1\AppData\L...}, cssSelectorsEnabled: true, databaseEnabled: false, handlesAlerts: true, hasTouchScreen: false, javascriptEnabled: true, locationContextEnabled: true, mobileEmulationEnabled: false, nativeEvents: true, networkConnectionEnabled: false, pageLoadStrategy: normal, platform: XP, platformName: XP, rotatable: false, setWindowRect: true, takesHeapSnapshot: true, takesScreenshot: true, unexpectedAlertBehaviour: , unhandledPromptBehavior: , version: 69.0.3497.100, webStorageEnabled: true}
Session ID: f837ed3b2c3822a425ae84cb84e9c47d)
[[ATTACHMENT|C:\\Users\\Richard Sanchez\\Katalon Studio\\ucf88\\Reports\\LoginAndRegister4\\20181012_125108\\1539320072794.png]]]]></system-out>
         <system-err><![CDATA[2018-10-12 12:54:32 - [TEST_CASE][FAILED] - Test Cases/Backoffice/RegisterAccount: Test Cases/Backoffice/RegisterAccount FAILED because (of) (Stack trace: com.kms.katalon.core.exception.StepFailedException: Unable to click on object 'Object Repository/Backoffice/Clients/Client Registration' (Root cause: org.openqa.selenium.ElementNotVisibleException: element not visible
  (Session info: chrome=69.0.3497.100)
  (Driver info: chromedriver=2.35.528161 (5b82f2d2aae0ca24b877009200ced9065a772e73),platform=Windows NT 10.0.17134 x86_64) (WARNING: The server did not provide any stacktrace information)
Command duration or timeout: 0 milliseconds
Build info: version: '3.7.1', revision: '8a0099a', time: '2017-11-06T21:07:36.161Z'
System info: host: 'DESKTOP-A1HL9OG', ip: '172.16.8.122', os.name: 'Windows 10', os.arch: 'amd64', os.version: '10.0', java.version: '1.8.0_181'
Driver info: com.kms.katalon.selenium.driver.CChromeDriver
Capabilities {acceptInsecureCerts: false, acceptSslCerts: false, applicationCacheEnabled: false, browserConnectionEnabled: false, browserName: chrome, chrome: {chromedriverVersion: 2.35.528161 (5b82f2d2aae0ca..., userDataDir: C:\Users\RICHAR~1\AppData\L...}, cssSelectorsEnabled: true, databaseEnabled: false, handlesAlerts: true, hasTouchScreen: false, javascriptEnabled: true, locationContextEnabled: true, mobileEmulationEnabled: false, nativeEvents: true, networkConnectionEnabled: false, pageLoadStrategy: normal, platform: XP, platformName: XP, rotatable: false, setWindowRect: true, takesHeapSnapshot: true, takesScreenshot: true, unexpectedAlertBehaviour: , unhandledPromptBehavior: , version: 69.0.3497.100, webStorageEnabled: true}
Session ID: f837ed3b2c3822a425ae84cb84e9c47d)
	at com.kms.katalon.core.keyword.internal.KeywordMain.stepFailed(KeywordMain.groovy:36)
	at com.kms.katalon.core.webui.keyword.internal.WebUIKeywordMain.stepFailed(WebUIKeywordMain.groovy:65)
	at com.kms.katalon.core.webui.keyword.internal.WebUIKeywordMain.runKeyword(WebUIKeywordMain.groovy:27)
	at com.kms.katalon.core.webui.keyword.builtin.ClickKeyword.click(ClickKeyword.groovy:86)
	at com.kms.katalon.core.webui.keyword.builtin.ClickKeyword.execute(ClickKeyword.groovy:67)
	at com.kms.katalon.core.keyword.internal.KeywordExecutor.executeKeywordForPlatform(KeywordExecutor.groovy:53)
	at com.kms.katalon.core.webui.keyword.WebUiBuiltInKeywords.click(WebUiBuiltInKeywords.groovy:616)
	at com.kms.katalon.core.webui.keyword.WebUiBuiltInKeywords$click$4.call(Unknown Source)
	at Script1539252672857.run(Script1539252672857.groovy:33)
	at com.kms.katalon.core.main.ScriptEngine.run(ScriptEngine.java:183)
	at com.kms.katalon.core.main.ScriptEngine.runScriptAsRawText(ScriptEngine.java:108)
	at com.kms.katalon.core.main.TestCaseExecutor.runScript(TestCaseExecutor.java:294)
	at com.kms.katalon.core.main.TestCaseExecutor.doExecute(TestCaseExecutor.java:285)
	at com.kms.katalon.core.main.TestCaseExecutor.processExecutionPhase(TestCaseExecutor.java:264)
	at com.kms.katalon.core.main.TestCaseExecutor.accessMainPhase(TestCaseExecutor.java:256)
	at com.kms.katalon.core.main.TestCaseExecutor.execute(TestCaseExecutor.java:200)
	at com.kms.katalon.core.main.TestSuiteExecutor.accessTestCaseMainPhase(TestSuiteExecutor.java:129)
	at com.kms.katalon.core.main.TestSuiteExecutor.accessTestSuiteMainPhase(TestSuiteExecutor.java:112)
	at com.kms.katalon.core.main.TestSuiteExecutor.execute(TestSuiteExecutor.java:81)
	at com.kms.katalon.core.main.TestCaseMain.startTestSuite(TestCaseMain.java:142)
	at com.kms.katalon.core.main.TestCaseMain$startTestSuite$0.call(Unknown Source)
	at org.codehaus.groovy.runtime.callsite.CallSiteArray.defaultCall(CallSiteArray.java:48)
	at org.codehaus.groovy.runtime.callsite.AbstractCallSite.call(AbstractCallSite.java:113)
	at org.codehaus.groovy.runtime.callsite.AbstractCallSite.call(AbstractCallSite.java:141)
	at TempTestSuite1539319868131.run(TempTestSuite1539319868131.groovy:36)
	at groovy.lang.GroovyShell.runScriptOrMainOrTestOrRunnable(GroovyShell.java:263)
	at groovy.lang.GroovyShell.run(GroovyShell.java:518)
	at groovy.lang.GroovyShell.run(GroovyShell.java:507)
	at groovy.ui.GroovyMain.processOnce(GroovyMain.java:653)
	at groovy.ui.GroovyMain.run(GroovyMain.java:384)
	at groovy.ui.GroovyMain.process(GroovyMain.java:370)
	at groovy.ui.GroovyMain.processArgs(GroovyMain.java:129)
	at groovy.ui.GroovyMain.main(GroovyMain.java:109)
	at sun.reflect.NativeMethodAccessorImpl.invoke0(Native Method)
	at sun.reflect.NativeMethodAccessorImpl.invoke(NativeMethodAccessorImpl.java:62)
	at sun.reflect.DelegatingMethodAccessorImpl.invoke(DelegatingMethodAccessorImpl.java:43)
	at java.lang.reflect.Method.invoke(Method.java:498)
	at org.codehaus.groovy.tools.GroovyStarter.rootLoader(GroovyStarter.java:109)
	at org.codehaus.groovy.tools.GroovyStarter.main(GroovyStarter.java:131)
)]]></system-err>
      </testcase>
      <testcase name="Test Cases/Backoffice/RegisterAccount" classname="Test Cases/Backoffice/RegisterAccount" status="PASSED">
         <system-out><![CDATA[2018-10-12 12:54:33 - [TEST_CASE][PASSED] - Test Cases/Backoffice/RegisterAccount: Test Cases/Backoffice/RegisterAccount

2018-10-12 12:54:33 - [TEST_STEP][PASSED] - focus: Object: 'Object Repository/Backoffice/Clients/Clients' is focused

2018-10-12 12:54:33 - [MESSAGE][PASSED] - Object: 'Object Repository/Backoffice/Clients/Clients' is focused

2018-10-12 12:54:33 - [TEST_STEP][PASSED] - verifyElementPresent: Object 'Object Repository/Backoffice/Clients/Client Registration' is present

2018-10-12 12:54:33 - [MESSAGE][PASSED] - Object 'Object Repository/Backoffice/Clients/Client Registration' is present

2018-10-12 12:54:33 - [TEST_STEP][PASSED] - click: Object: 'Object Repository/Backoffice/Clients/Client Registration' is clicked on

2018-10-12 12:54:34 - [MESSAGE][PASSED] - Object: 'Object Repository/Backoffice/Clients/Client Registration' is clicked on

2018-10-12 12:54:34 - [TEST_STEP][PASSED] - setText: Text 'cofactorcrucible' is set on object 'Object Repository/Backoffice/Clients/Registration/input_username'

2018-10-12 12:54:34 - [MESSAGE][PASSED] - Text 'cofactorcrucible' is set on object 'Object Repository/Backoffice/Clients/Registration/input_username'

2018-10-12 12:54:34 - [TEST_STEP][PASSED] - setText: Text '123123' is set on object 'Object Repository/Backoffice/Clients/Registration/input_password'

2018-10-12 12:54:34 - [MESSAGE][PASSED] - Text '123123' is set on object 'Object Repository/Backoffice/Clients/Registration/input_password'

2018-10-12 12:54:34 - [TEST_STEP][PASSED] - setText: Text '123123' is set on object 'Object Repository/Backoffice/Clients/Registration/input_confirmp'

2018-10-12 12:54:34 - [MESSAGE][PASSED] - Text '123123' is set on object 'Object Repository/Backoffice/Clients/Registration/input_confirmp'

2018-10-12 12:54:34 - [TEST_STEP][PASSED] - selectOptionByValue: All options with value 'test' are selected in object 'Object Repository/Backoffice/Clients/Registration/select_operatorcode' 

2018-10-12 12:54:34 - [MESSAGE][PASSED] - All options with value 'test' are selected in object 'Object Repository/Backoffice/Clients/Registration/select_operatorcode' 

2018-10-12 12:54:34 - [TEST_STEP][PASSED] - selectOptionByValue: All options with value '1' are selected in object 'Object Repository/Backoffice/Clients/Registration/select_status' 

2018-10-12 12:54:34 - [MESSAGE][PASSED] - All options with value '1' are selected in object 'Object Repository/Backoffice/Clients/Registration/select_status' 

2018-10-12 12:54:34 - [TEST_STEP][PASSED] - delay: Delayed 2 second(s)

2018-10-12 12:54:36 - [MESSAGE][PASSED] - Delayed 2 second(s)

2018-10-12 12:54:36 - [TEST_STEP][PASSED] - click: Object: 'Object Repository/Backoffice/Clients/Registration/button_Submit' is clicked on

2018-10-12 12:54:37 - [MESSAGE][PASSED] - Object: 'Object Repository/Backoffice/Clients/Registration/button_Submit' is clicked on

2018-10-12 12:54:37 - [TEST_STEP][PASSED] - delay: Delayed 2 second(s)

2018-10-12 12:54:39 - [MESSAGE][PASSED] - Delayed 2 second(s)]]></system-out>
         <system-err><![CDATA[]]></system-err>
      </testcase>
      <testcase name="Test Cases/Backoffice/RegisterAccount" classname="Test Cases/Backoffice/RegisterAccount" status="PASSED">
         <system-out><![CDATA[2018-10-12 12:54:39 - [TEST_CASE][PASSED] - Test Cases/Backoffice/RegisterAccount: Test Cases/Backoffice/RegisterAccount

2018-10-12 12:54:39 - [TEST_STEP][PASSED] - focus: Object: 'Object Repository/Backoffice/Clients/Clients' is focused

2018-10-12 12:54:39 - [MESSAGE][PASSED] - Object: 'Object Repository/Backoffice/Clients/Clients' is focused

2018-10-12 12:54:39 - [TEST_STEP][PASSED] - verifyElementPresent: Object 'Object Repository/Backoffice/Clients/Client Registration' is present

2018-10-12 12:54:39 - [MESSAGE][PASSED] - Object 'Object Repository/Backoffice/Clients/Client Registration' is present

2018-10-12 12:54:39 - [TEST_STEP][PASSED] - click: Object: 'Object Repository/Backoffice/Clients/Client Registration' is clicked on

2018-10-12 12:54:40 - [MESSAGE][PASSED] - Object: 'Object Repository/Backoffice/Clients/Client Registration' is clicked on

2018-10-12 12:54:40 - [TEST_STEP][PASSED] - setText: Text 'crapconfirmed' is set on object 'Object Repository/Backoffice/Clients/Registration/input_username'

2018-10-12 12:54:40 - [MESSAGE][PASSED] - Text 'crapconfirmed' is set on object 'Object Repository/Backoffice/Clients/Registration/input_username'

2018-10-12 12:54:40 - [TEST_STEP][PASSED] - setText: Text '123123' is set on object 'Object Repository/Backoffice/Clients/Registration/input_password'

2018-10-12 12:54:40 - [MESSAGE][PASSED] - Text '123123' is set on object 'Object Repository/Backoffice/Clients/Registration/input_password'

2018-10-12 12:54:40 - [TEST_STEP][PASSED] - setText: Text '123123' is set on object 'Object Repository/Backoffice/Clients/Registration/input_confirmp'

2018-10-12 12:54:40 - [MESSAGE][PASSED] - Text '123123' is set on object 'Object Repository/Backoffice/Clients/Registration/input_confirmp'

2018-10-12 12:54:40 - [TEST_STEP][PASSED] - selectOptionByValue: All options with value 'test' are selected in object 'Object Repository/Backoffice/Clients/Registration/select_operatorcode' 

2018-10-12 12:54:40 - [MESSAGE][PASSED] - All options with value 'test' are selected in object 'Object Repository/Backoffice/Clients/Registration/select_operatorcode' 

2018-10-12 12:54:40 - [TEST_STEP][PASSED] - selectOptionByValue: All options with value '1' are selected in object 'Object Repository/Backoffice/Clients/Registration/select_status' 

2018-10-12 12:54:40 - [MESSAGE][PASSED] - All options with value '1' are selected in object 'Object Repository/Backoffice/Clients/Registration/select_status' 

2018-10-12 12:54:40 - [TEST_STEP][PASSED] - delay: Delayed 2 second(s)

2018-10-12 12:54:42 - [MESSAGE][PASSED] - Delayed 2 second(s)

2018-10-12 12:54:42 - [TEST_STEP][PASSED] - click: Object: 'Object Repository/Backoffice/Clients/Registration/button_Submit' is clicked on

2018-10-12 12:54:43 - [MESSAGE][PASSED] - Object: 'Object Repository/Backoffice/Clients/Registration/button_Submit' is clicked on

2018-10-12 12:54:43 - [TEST_STEP][PASSED] - delay: Delayed 2 second(s)

2018-10-12 12:54:45 - [MESSAGE][PASSED] - Delayed 2 second(s)]]></system-out>
         <system-err><![CDATA[]]></system-err>
      </testcase>
      <testcase name="Test Cases/Backoffice/RegisterAccount" classname="Test Cases/Backoffice/RegisterAccount" status="PASSED">
         <system-out><![CDATA[2018-10-12 12:54:45 - [TEST_CASE][PASSED] - Test Cases/Backoffice/RegisterAccount: Test Cases/Backoffice/RegisterAccount

2018-10-12 12:54:45 - [TEST_STEP][PASSED] - focus: Object: 'Object Repository/Backoffice/Clients/Clients' is focused

2018-10-12 12:54:45 - [MESSAGE][PASSED] - Object: 'Object Repository/Backoffice/Clients/Clients' is focused

2018-10-12 12:54:45 - [TEST_STEP][PASSED] - verifyElementPresent: Object 'Object Repository/Backoffice/Clients/Client Registration' is present

2018-10-12 12:54:45 - [MESSAGE][PASSED] - Object 'Object Repository/Backoffice/Clients/Client Registration' is present

2018-10-12 12:54:45 - [TEST_STEP][PASSED] - click: Object: 'Object Repository/Backoffice/Clients/Client Registration' is clicked on

2018-10-12 12:54:46 - [MESSAGE][PASSED] - Object: 'Object Repository/Backoffice/Clients/Client Registration' is clicked on

2018-10-12 12:54:46 - [TEST_STEP][PASSED] - setText: Text 'chouxclawed' is set on object 'Object Repository/Backoffice/Clients/Registration/input_username'

2018-10-12 12:54:46 - [MESSAGE][PASSED] - Text 'chouxclawed' is set on object 'Object Repository/Backoffice/Clients/Registration/input_username'

2018-10-12 12:54:46 - [TEST_STEP][PASSED] - setText: Text '123123' is set on object 'Object Repository/Backoffice/Clients/Registration/input_password'

2018-10-12 12:54:46 - [MESSAGE][PASSED] - Text '123123' is set on object 'Object Repository/Backoffice/Clients/Registration/input_password'

2018-10-12 12:54:46 - [TEST_STEP][PASSED] - setText: Text '123123' is set on object 'Object Repository/Backoffice/Clients/Registration/input_confirmp'

2018-10-12 12:54:47 - [MESSAGE][PASSED] - Text '123123' is set on object 'Object Repository/Backoffice/Clients/Registration/input_confirmp'

2018-10-12 12:54:47 - [TEST_STEP][PASSED] - selectOptionByValue: All options with value 'test' are selected in object 'Object Repository/Backoffice/Clients/Registration/select_operatorcode' 

2018-10-12 12:54:47 - [MESSAGE][PASSED] - All options with value 'test' are selected in object 'Object Repository/Backoffice/Clients/Registration/select_operatorcode' 

2018-10-12 12:54:47 - [TEST_STEP][PASSED] - selectOptionByValue: All options with value '1' are selected in object 'Object Repository/Backoffice/Clients/Registration/select_status' 

2018-10-12 12:54:47 - [MESSAGE][PASSED] - All options with value '1' are selected in object 'Object Repository/Backoffice/Clients/Registration/select_status' 

2018-10-12 12:54:47 - [TEST_STEP][PASSED] - delay: Delayed 2 second(s)

2018-10-12 12:54:49 - [MESSAGE][PASSED] - Delayed 2 second(s)

2018-10-12 12:54:49 - [TEST_STEP][PASSED] - click: Object: 'Object Repository/Backoffice/Clients/Registration/button_Submit' is clicked on

2018-10-12 12:54:50 - [MESSAGE][PASSED] - Object: 'Object Repository/Backoffice/Clients/Registration/button_Submit' is clicked on

2018-10-12 12:54:50 - [TEST_STEP][PASSED] - delay: Delayed 2 second(s)

2018-10-12 12:54:52 - [MESSAGE][PASSED] - Delayed 2 second(s)]]></system-out>
         <system-err><![CDATA[]]></system-err>
      </testcase>
      <testcase name="Test Cases/Backoffice/RegisterAccount" classname="Test Cases/Backoffice/RegisterAccount" status="PASSED">
         <system-out><![CDATA[2018-10-12 12:54:52 - [TEST_CASE][PASSED] - Test Cases/Backoffice/RegisterAccount: Test Cases/Backoffice/RegisterAccount

2018-10-12 12:54:52 - [TEST_STEP][PASSED] - focus: Object: 'Object Repository/Backoffice/Clients/Clients' is focused

2018-10-12 12:54:52 - [MESSAGE][PASSED] - Object: 'Object Repository/Backoffice/Clients/Clients' is focused

2018-10-12 12:54:52 - [TEST_STEP][PASSED] - verifyElementPresent: Object 'Object Repository/Backoffice/Clients/Client Registration' is present

2018-10-12 12:54:52 - [MESSAGE][PASSED] - Object 'Object Repository/Backoffice/Clients/Client Registration' is present

2018-10-12 12:54:52 - [TEST_STEP][PASSED] - click: Object: 'Object Repository/Backoffice/Clients/Client Registration' is clicked on

2018-10-12 12:54:52 - [MESSAGE][PASSED] - Object: 'Object Repository/Backoffice/Clients/Client Registration' is clicked on

2018-10-12 12:54:52 - [TEST_STEP][PASSED] - setText: Text 'cometcheck' is set on object 'Object Repository/Backoffice/Clients/Registration/input_username'

2018-10-12 12:54:53 - [MESSAGE][PASSED] - Text 'cometcheck' is set on object 'Object Repository/Backoffice/Clients/Registration/input_username'

2018-10-12 12:54:53 - [TEST_STEP][PASSED] - setText: Text '123123' is set on object 'Object Repository/Backoffice/Clients/Registration/input_password'

2018-10-12 12:54:53 - [MESSAGE][PASSED] - Text '123123' is set on object 'Object Repository/Backoffice/Clients/Registration/input_password'

2018-10-12 12:54:53 - [TEST_STEP][PASSED] - setText: Text '123123' is set on object 'Object Repository/Backoffice/Clients/Registration/input_confirmp'

2018-10-12 12:54:53 - [MESSAGE][PASSED] - Text '123123' is set on object 'Object Repository/Backoffice/Clients/Registration/input_confirmp'

2018-10-12 12:54:53 - [TEST_STEP][PASSED] - selectOptionByValue: All options with value 'test' are selected in object 'Object Repository/Backoffice/Clients/Registration/select_operatorcode' 

2018-10-12 12:54:53 - [MESSAGE][PASSED] - All options with value 'test' are selected in object 'Object Repository/Backoffice/Clients/Registration/select_operatorcode' 

2018-10-12 12:54:53 - [TEST_STEP][PASSED] - selectOptionByValue: All options with value '1' are selected in object 'Object Repository/Backoffice/Clients/Registration/select_status' 

2018-10-12 12:54:53 - [MESSAGE][PASSED] - All options with value '1' are selected in object 'Object Repository/Backoffice/Clients/Registration/select_status' 

2018-10-12 12:54:53 - [TEST_STEP][PASSED] - delay: Delayed 2 second(s)

2018-10-12 12:54:55 - [MESSAGE][PASSED] - Delayed 2 second(s)

2018-10-12 12:54:55 - [TEST_STEP][PASSED] - click: Object: 'Object Repository/Backoffice/Clients/Registration/button_Submit' is clicked on

2018-10-12 12:54:56 - [MESSAGE][PASSED] - Object: 'Object Repository/Backoffice/Clients/Registration/button_Submit' is clicked on

2018-10-12 12:54:56 - [TEST_STEP][PASSED] - delay: Delayed 2 second(s)

2018-10-12 12:54:58 - [MESSAGE][PASSED] - Delayed 2 second(s)]]></system-out>
         <system-err><![CDATA[]]></system-err>
      </testcase>
      <testcase name="Test Cases/Backoffice/RegisterAccount" classname="Test Cases/Backoffice/RegisterAccount" status="PASSED">
         <system-out><![CDATA[2018-10-12 12:54:58 - [TEST_CASE][PASSED] - Test Cases/Backoffice/RegisterAccount: Test Cases/Backoffice/RegisterAccount

2018-10-12 12:54:58 - [TEST_STEP][PASSED] - focus: Object: 'Object Repository/Backoffice/Clients/Clients' is focused

2018-10-12 12:54:58 - [MESSAGE][PASSED] - Object: 'Object Repository/Backoffice/Clients/Clients' is focused

2018-10-12 12:54:58 - [TEST_STEP][PASSED] - verifyElementPresent: Object 'Object Repository/Backoffice/Clients/Client Registration' is present

2018-10-12 12:54:58 - [MESSAGE][PASSED] - Object 'Object Repository/Backoffice/Clients/Client Registration' is present

2018-10-12 12:54:58 - [TEST_STEP][PASSED] - click: Object: 'Object Repository/Backoffice/Clients/Client Registration' is clicked on

2018-10-12 12:54:59 - [MESSAGE][PASSED] - Object: 'Object Repository/Backoffice/Clients/Client Registration' is clicked on

2018-10-12 12:54:59 - [TEST_STEP][PASSED] - setText: Text 'candycourier' is set on object 'Object Repository/Backoffice/Clients/Registration/input_username'

2018-10-12 12:54:59 - [MESSAGE][PASSED] - Text 'candycourier' is set on object 'Object Repository/Backoffice/Clients/Registration/input_username'

2018-10-12 12:54:59 - [TEST_STEP][PASSED] - setText: Text '123123' is set on object 'Object Repository/Backoffice/Clients/Registration/input_password'

2018-10-12 12:54:59 - [MESSAGE][PASSED] - Text '123123' is set on object 'Object Repository/Backoffice/Clients/Registration/input_password'

2018-10-12 12:54:59 - [TEST_STEP][PASSED] - setText: Text '123123' is set on object 'Object Repository/Backoffice/Clients/Registration/input_confirmp'

2018-10-12 12:54:59 - [MESSAGE][PASSED] - Text '123123' is set on object 'Object Repository/Backoffice/Clients/Registration/input_confirmp'

2018-10-12 12:54:59 - [TEST_STEP][PASSED] - selectOptionByValue: All options with value 'test' are selected in object 'Object Repository/Backoffice/Clients/Registration/select_operatorcode' 

2018-10-12 12:54:59 - [MESSAGE][PASSED] - All options with value 'test' are selected in object 'Object Repository/Backoffice/Clients/Registration/select_operatorcode' 

2018-10-12 12:54:59 - [TEST_STEP][PASSED] - selectOptionByValue: All options with value '1' are selected in object 'Object Repository/Backoffice/Clients/Registration/select_status' 

2018-10-12 12:54:59 - [MESSAGE][PASSED] - All options with value '1' are selected in object 'Object Repository/Backoffice/Clients/Registration/select_status' 

2018-10-12 12:54:59 - [TEST_STEP][PASSED] - delay: Delayed 2 second(s)

2018-10-12 12:55:01 - [MESSAGE][PASSED] - Delayed 2 second(s)

2018-10-12 12:55:01 - [TEST_STEP][PASSED] - click: Object: 'Object Repository/Backoffice/Clients/Registration/button_Submit' is clicked on

2018-10-12 12:55:02 - [MESSAGE][PASSED] - Object: 'Object Repository/Backoffice/Clients/Registration/button_Submit' is clicked on

2018-10-12 12:55:02 - [TEST_STEP][PASSED] - delay: Delayed 2 second(s)

2018-10-12 12:55:04 - [MESSAGE][PASSED] - Delayed 2 second(s)]]></system-out>
         <system-err><![CDATA[]]></system-err>
      </testcase>
      <testcase name="Test Cases/Backoffice/RegisterAccount" classname="Test Cases/Backoffice/RegisterAccount" status="PASSED">
         <system-out><![CDATA[2018-10-12 12:55:04 - [TEST_CASE][PASSED] - Test Cases/Backoffice/RegisterAccount: Test Cases/Backoffice/RegisterAccount

2018-10-12 12:55:04 - [TEST_STEP][PASSED] - focus: Object: 'Object Repository/Backoffice/Clients/Clients' is focused

2018-10-12 12:55:04 - [MESSAGE][PASSED] - Object: 'Object Repository/Backoffice/Clients/Clients' is focused

2018-10-12 12:55:04 - [TEST_STEP][PASSED] - verifyElementPresent: Object 'Object Repository/Backoffice/Clients/Client Registration' is present

2018-10-12 12:55:04 - [MESSAGE][PASSED] - Object 'Object Repository/Backoffice/Clients/Client Registration' is present

2018-10-12 12:55:04 - [TEST_STEP][PASSED] - click: Object: 'Object Repository/Backoffice/Clients/Client Registration' is clicked on

2018-10-12 12:55:05 - [MESSAGE][PASSED] - Object: 'Object Repository/Backoffice/Clients/Client Registration' is clicked on

2018-10-12 12:55:05 - [TEST_STEP][PASSED] - setText: Text 'croquetcapsule' is set on object 'Object Repository/Backoffice/Clients/Registration/input_username'

2018-10-12 12:55:05 - [MESSAGE][PASSED] - Text 'croquetcapsule' is set on object 'Object Repository/Backoffice/Clients/Registration/input_username'

2018-10-12 12:55:05 - [TEST_STEP][PASSED] - setText: Text '123123' is set on object 'Object Repository/Backoffice/Clients/Registration/input_password'

2018-10-12 12:55:05 - [MESSAGE][PASSED] - Text '123123' is set on object 'Object Repository/Backoffice/Clients/Registration/input_password'

2018-10-12 12:55:05 - [TEST_STEP][PASSED] - setText: Text '123123' is set on object 'Object Repository/Backoffice/Clients/Registration/input_confirmp'

2018-10-12 12:55:05 - [MESSAGE][PASSED] - Text '123123' is set on object 'Object Repository/Backoffice/Clients/Registration/input_confirmp'

2018-10-12 12:55:05 - [TEST_STEP][PASSED] - selectOptionByValue: All options with value 'test' are selected in object 'Object Repository/Backoffice/Clients/Registration/select_operatorcode' 

2018-10-12 12:55:06 - [MESSAGE][PASSED] - All options with value 'test' are selected in object 'Object Repository/Backoffice/Clients/Registration/select_operatorcode' 

2018-10-12 12:55:06 - [TEST_STEP][PASSED] - selectOptionByValue: All options with value '1' are selected in object 'Object Repository/Backoffice/Clients/Registration/select_status' 

2018-10-12 12:55:06 - [MESSAGE][PASSED] - All options with value '1' are selected in object 'Object Repository/Backoffice/Clients/Registration/select_status' 

2018-10-12 12:55:06 - [TEST_STEP][PASSED] - delay: Delayed 2 second(s)

2018-10-12 12:55:08 - [MESSAGE][PASSED] - Delayed 2 second(s)

2018-10-12 12:55:08 - [TEST_STEP][PASSED] - click: Object: 'Object Repository/Backoffice/Clients/Registration/button_Submit' is clicked on

2018-10-12 12:55:09 - [MESSAGE][PASSED] - Object: 'Object Repository/Backoffice/Clients/Registration/button_Submit' is clicked on

2018-10-12 12:55:09 - [TEST_STEP][PASSED] - delay: Delayed 2 second(s)

2018-10-12 12:55:11 - [MESSAGE][PASSED] - Delayed 2 second(s)]]></system-out>
         <system-err><![CDATA[]]></system-err>
      </testcase>
      <testcase name="Test Cases/Backoffice/RegisterAccount" classname="Test Cases/Backoffice/RegisterAccount" status="PASSED">
         <system-out><![CDATA[2018-10-12 12:55:11 - [TEST_CASE][PASSED] - Test Cases/Backoffice/RegisterAccount: Test Cases/Backoffice/RegisterAccount

2018-10-12 12:55:11 - [TEST_STEP][PASSED] - focus: Object: 'Object Repository/Backoffice/Clients/Clients' is focused

2018-10-12 12:55:11 - [MESSAGE][PASSED] - Object: 'Object Repository/Backoffice/Clients/Clients' is focused

2018-10-12 12:55:11 - [TEST_STEP][PASSED] - verifyElementPresent: Object 'Object Repository/Backoffice/Clients/Client Registration' is present

2018-10-12 12:55:11 - [MESSAGE][PASSED] - Object 'Object Repository/Backoffice/Clients/Client Registration' is present

2018-10-12 12:55:11 - [TEST_STEP][PASSED] - click: Object: 'Object Repository/Backoffice/Clients/Client Registration' is clicked on

2018-10-12 12:55:12 - [MESSAGE][PASSED] - Object: 'Object Repository/Backoffice/Clients/Client Registration' is clicked on

2018-10-12 12:55:12 - [TEST_STEP][PASSED] - setText: Text 'croorcutlery' is set on object 'Object Repository/Backoffice/Clients/Registration/input_username'

2018-10-12 12:55:12 - [MESSAGE][PASSED] - Text 'croorcutlery' is set on object 'Object Repository/Backoffice/Clients/Registration/input_username'

2018-10-12 12:55:12 - [TEST_STEP][PASSED] - setText: Text '123123' is set on object 'Object Repository/Backoffice/Clients/Registration/input_password'

2018-10-12 12:55:12 - [MESSAGE][PASSED] - Text '123123' is set on object 'Object Repository/Backoffice/Clients/Registration/input_password'

2018-10-12 12:55:12 - [TEST_STEP][PASSED] - setText: Text '123123' is set on object 'Object Repository/Backoffice/Clients/Registration/input_confirmp'

2018-10-12 12:55:12 - [MESSAGE][PASSED] - Text '123123' is set on object 'Object Repository/Backoffice/Clients/Registration/input_confirmp'

2018-10-12 12:55:12 - [TEST_STEP][PASSED] - selectOptionByValue: All options with value 'test' are selected in object 'Object Repository/Backoffice/Clients/Registration/select_operatorcode' 

2018-10-12 12:55:12 - [MESSAGE][PASSED] - All options with value 'test' are selected in object 'Object Repository/Backoffice/Clients/Registration/select_operatorcode' 

2018-10-12 12:55:12 - [TEST_STEP][PASSED] - selectOptionByValue: All options with value '1' are selected in object 'Object Repository/Backoffice/Clients/Registration/select_status' 

2018-10-12 12:55:12 - [MESSAGE][PASSED] - All options with value '1' are selected in object 'Object Repository/Backoffice/Clients/Registration/select_status' 

2018-10-12 12:55:12 - [TEST_STEP][PASSED] - delay: Delayed 2 second(s)

2018-10-12 12:55:14 - [MESSAGE][PASSED] - Delayed 2 second(s)

2018-10-12 12:55:14 - [TEST_STEP][PASSED] - click: Object: 'Object Repository/Backoffice/Clients/Registration/button_Submit' is clicked on

2018-10-12 12:55:15 - [MESSAGE][PASSED] - Object: 'Object Repository/Backoffice/Clients/Registration/button_Submit' is clicked on

2018-10-12 12:55:15 - [TEST_STEP][PASSED] - delay: Delayed 2 second(s)

2018-10-12 12:55:17 - [MESSAGE][PASSED] - Delayed 2 second(s)]]></system-out>
         <system-err><![CDATA[]]></system-err>
      </testcase>
      <testcase name="Test Cases/Backoffice/RegisterAccount" classname="Test Cases/Backoffice/RegisterAccount" status="PASSED">
         <system-out><![CDATA[2018-10-12 12:55:17 - [TEST_CASE][PASSED] - Test Cases/Backoffice/RegisterAccount: Test Cases/Backoffice/RegisterAccount

2018-10-12 12:55:17 - [TEST_STEP][PASSED] - focus: Object: 'Object Repository/Backoffice/Clients/Clients' is focused

2018-10-12 12:55:17 - [MESSAGE][PASSED] - Object: 'Object Repository/Backoffice/Clients/Clients' is focused

2018-10-12 12:55:17 - [TEST_STEP][PASSED] - verifyElementPresent: Object 'Object Repository/Backoffice/Clients/Client Registration' is present

2018-10-12 12:55:17 - [MESSAGE][PASSED] - Object 'Object Repository/Backoffice/Clients/Client Registration' is present

2018-10-12 12:55:17 - [TEST_STEP][PASSED] - click: Object: 'Object Repository/Backoffice/Clients/Client Registration' is clicked on

2018-10-12 12:55:18 - [MESSAGE][PASSED] - Object: 'Object Repository/Backoffice/Clients/Client Registration' is clicked on

2018-10-12 12:55:18 - [TEST_STEP][PASSED] - setText: Text 'coinscompanionway' is set on object 'Object Repository/Backoffice/Clients/Registration/input_username'

2018-10-12 12:55:18 - [MESSAGE][PASSED] - Text 'coinscompanionway' is set on object 'Object Repository/Backoffice/Clients/Registration/input_username'

2018-10-12 12:55:18 - [TEST_STEP][PASSED] - setText: Text '123123' is set on object 'Object Repository/Backoffice/Clients/Registration/input_password'

2018-10-12 12:55:18 - [MESSAGE][PASSED] - Text '123123' is set on object 'Object Repository/Backoffice/Clients/Registration/input_password'

2018-10-12 12:55:18 - [TEST_STEP][PASSED] - setText: Text '123123' is set on object 'Object Repository/Backoffice/Clients/Registration/input_confirmp'

2018-10-12 12:55:18 - [MESSAGE][PASSED] - Text '123123' is set on object 'Object Repository/Backoffice/Clients/Registration/input_confirmp'

2018-10-12 12:55:18 - [TEST_STEP][PASSED] - selectOptionByValue: All options with value 'test' are selected in object 'Object Repository/Backoffice/Clients/Registration/select_operatorcode' 

2018-10-12 12:55:18 - [MESSAGE][PASSED] - All options with value 'test' are selected in object 'Object Repository/Backoffice/Clients/Registration/select_operatorcode' 

2018-10-12 12:55:18 - [TEST_STEP][PASSED] - selectOptionByValue: All options with value '1' are selected in object 'Object Repository/Backoffice/Clients/Registration/select_status' 

2018-10-12 12:55:19 - [MESSAGE][PASSED] - All options with value '1' are selected in object 'Object Repository/Backoffice/Clients/Registration/select_status' 

2018-10-12 12:55:19 - [TEST_STEP][PASSED] - delay: Delayed 2 second(s)

2018-10-12 12:55:21 - [MESSAGE][PASSED] - Delayed 2 second(s)

2018-10-12 12:55:21 - [TEST_STEP][PASSED] - click: Object: 'Object Repository/Backoffice/Clients/Registration/button_Submit' is clicked on

2018-10-12 12:55:22 - [MESSAGE][PASSED] - Object: 'Object Repository/Backoffice/Clients/Registration/button_Submit' is clicked on

2018-10-12 12:55:22 - [TEST_STEP][PASSED] - delay: Delayed 2 second(s)

2018-10-12 12:55:24 - [MESSAGE][PASSED] - Delayed 2 second(s)]]></system-out>
         <system-err><![CDATA[]]></system-err>
      </testcase>
      <testcase name="Test Cases/Backoffice/RegisterAccount" classname="Test Cases/Backoffice/RegisterAccount" status="PASSED">
         <system-out><![CDATA[2018-10-12 12:55:24 - [TEST_CASE][PASSED] - Test Cases/Backoffice/RegisterAccount: Test Cases/Backoffice/RegisterAccount

2018-10-12 12:55:24 - [TEST_STEP][PASSED] - focus: Object: 'Object Repository/Backoffice/Clients/Clients' is focused

2018-10-12 12:55:24 - [MESSAGE][PASSED] - Object: 'Object Repository/Backoffice/Clients/Clients' is focused

2018-10-12 12:55:24 - [TEST_STEP][PASSED] - verifyElementPresent: Object 'Object Repository/Backoffice/Clients/Client Registration' is present

2018-10-12 12:55:24 - [MESSAGE][PASSED] - Object 'Object Repository/Backoffice/Clients/Client Registration' is present

2018-10-12 12:55:24 - [TEST_STEP][PASSED] - click: Object: 'Object Repository/Backoffice/Clients/Client Registration' is clicked on

2018-10-12 12:55:24 - [MESSAGE][PASSED] - Object: 'Object Repository/Backoffice/Clients/Client Registration' is clicked on

2018-10-12 12:55:24 - [TEST_STEP][PASSED] - setText: Text 'candidchic' is set on object 'Object Repository/Backoffice/Clients/Registration/input_username'

2018-10-12 12:55:25 - [MESSAGE][PASSED] - Text 'candidchic' is set on object 'Object Repository/Backoffice/Clients/Registration/input_username'

2018-10-12 12:55:25 - [TEST_STEP][PASSED] - setText: Text '123123' is set on object 'Object Repository/Backoffice/Clients/Registration/input_password'

2018-10-12 12:55:25 - [MESSAGE][PASSED] - Text '123123' is set on object 'Object Repository/Backoffice/Clients/Registration/input_password'

2018-10-12 12:55:25 - [TEST_STEP][PASSED] - setText: Text '123123' is set on object 'Object Repository/Backoffice/Clients/Registration/input_confirmp'

2018-10-12 12:55:25 - [MESSAGE][PASSED] - Text '123123' is set on object 'Object Repository/Backoffice/Clients/Registration/input_confirmp'

2018-10-12 12:55:25 - [TEST_STEP][PASSED] - selectOptionByValue: All options with value 'test' are selected in object 'Object Repository/Backoffice/Clients/Registration/select_operatorcode' 

2018-10-12 12:55:25 - [MESSAGE][PASSED] - All options with value 'test' are selected in object 'Object Repository/Backoffice/Clients/Registration/select_operatorcode' 

2018-10-12 12:55:25 - [TEST_STEP][PASSED] - selectOptionByValue: All options with value '1' are selected in object 'Object Repository/Backoffice/Clients/Registration/select_status' 

2018-10-12 12:55:25 - [MESSAGE][PASSED] - All options with value '1' are selected in object 'Object Repository/Backoffice/Clients/Registration/select_status' 

2018-10-12 12:55:25 - [TEST_STEP][PASSED] - delay: Delayed 2 second(s)

2018-10-12 12:55:27 - [MESSAGE][PASSED] - Delayed 2 second(s)

2018-10-12 12:55:27 - [TEST_STEP][PASSED] - click: Object: 'Object Repository/Backoffice/Clients/Registration/button_Submit' is clicked on

2018-10-12 12:55:28 - [MESSAGE][PASSED] - Object: 'Object Repository/Backoffice/Clients/Registration/button_Submit' is clicked on

2018-10-12 12:55:28 - [TEST_STEP][PASSED] - delay: Delayed 2 second(s)

2018-10-12 12:55:30 - [MESSAGE][PASSED] - Delayed 2 second(s)]]></system-out>
         <system-err><![CDATA[]]></system-err>
      </testcase>
      <testcase name="Test Cases/Backoffice/RegisterAccount" classname="Test Cases/Backoffice/RegisterAccount" status="PASSED">
         <system-out><![CDATA[2018-10-12 12:55:30 - [TEST_CASE][PASSED] - Test Cases/Backoffice/RegisterAccount: Test Cases/Backoffice/RegisterAccount

2018-10-12 12:55:30 - [TEST_STEP][PASSED] - focus: Object: 'Object Repository/Backoffice/Clients/Clients' is focused

2018-10-12 12:55:30 - [MESSAGE][PASSED] - Object: 'Object Repository/Backoffice/Clients/Clients' is focused

2018-10-12 12:55:30 - [TEST_STEP][PASSED] - verifyElementPresent: Object 'Object Repository/Backoffice/Clients/Client Registration' is present

2018-10-12 12:55:30 - [MESSAGE][PASSED] - Object 'Object Repository/Backoffice/Clients/Client Registration' is present

2018-10-12 12:55:30 - [TEST_STEP][PASSED] - click: Object: 'Object Repository/Backoffice/Clients/Client Registration' is clicked on

2018-10-12 12:55:31 - [MESSAGE][PASSED] - Object: 'Object Repository/Backoffice/Clients/Client Registration' is clicked on

2018-10-12 12:55:31 - [TEST_STEP][PASSED] - setText: Text 'castorcruit' is set on object 'Object Repository/Backoffice/Clients/Registration/input_username'

2018-10-12 12:55:31 - [MESSAGE][PASSED] - Text 'castorcruit' is set on object 'Object Repository/Backoffice/Clients/Registration/input_username'

2018-10-12 12:55:31 - [TEST_STEP][PASSED] - setText: Text '123123' is set on object 'Object Repository/Backoffice/Clients/Registration/input_password'

2018-10-12 12:55:31 - [MESSAGE][PASSED] - Text '123123' is set on object 'Object Repository/Backoffice/Clients/Registration/input_password'

2018-10-12 12:55:31 - [TEST_STEP][PASSED] - setText: Text '123123' is set on object 'Object Repository/Backoffice/Clients/Registration/input_confirmp'

2018-10-12 12:55:31 - [MESSAGE][PASSED] - Text '123123' is set on object 'Object Repository/Backoffice/Clients/Registration/input_confirmp'

2018-10-12 12:55:31 - [TEST_STEP][PASSED] - selectOptionByValue: All options with value 'test' are selected in object 'Object Repository/Backoffice/Clients/Registration/select_operatorcode' 

2018-10-12 12:55:32 - [MESSAGE][PASSED] - All options with value 'test' are selected in object 'Object Repository/Backoffice/Clients/Registration/select_operatorcode' 

2018-10-12 12:55:32 - [TEST_STEP][PASSED] - selectOptionByValue: All options with value '1' are selected in object 'Object Repository/Backoffice/Clients/Registration/select_status' 

2018-10-12 12:55:32 - [MESSAGE][PASSED] - All options with value '1' are selected in object 'Object Repository/Backoffice/Clients/Registration/select_status' 

2018-10-12 12:55:32 - [TEST_STEP][PASSED] - delay: Delayed 2 second(s)

2018-10-12 12:55:34 - [MESSAGE][PASSED] - Delayed 2 second(s)

2018-10-12 12:55:34 - [TEST_STEP][PASSED] - click: Object: 'Object Repository/Backoffice/Clients/Registration/button_Submit' is clicked on

2018-10-12 12:55:35 - [MESSAGE][PASSED] - Object: 'Object Repository/Backoffice/Clients/Registration/button_Submit' is clicked on

2018-10-12 12:55:35 - [TEST_STEP][PASSED] - delay: Delayed 2 second(s)

2018-10-12 12:55:37 - [MESSAGE][PASSED] - Delayed 2 second(s)]]></system-out>
         <system-err><![CDATA[]]></system-err>
      </testcase>
      <testcase name="Test Cases/Backoffice/RegisterAccount" classname="Test Cases/Backoffice/RegisterAccount" status="PASSED">
         <system-out><![CDATA[2018-10-12 12:55:37 - [TEST_CASE][PASSED] - Test Cases/Backoffice/RegisterAccount: Test Cases/Backoffice/RegisterAccount

2018-10-12 12:55:37 - [TEST_STEP][PASSED] - focus: Object: 'Object Repository/Backoffice/Clients/Clients' is focused

2018-10-12 12:55:37 - [MESSAGE][PASSED] - Object: 'Object Repository/Backoffice/Clients/Clients' is focused

2018-10-12 12:55:37 - [TEST_STEP][PASSED] - verifyElementPresent: Object 'Object Repository/Backoffice/Clients/Client Registration' is present

2018-10-12 12:55:37 - [MESSAGE][PASSED] - Object 'Object Repository/Backoffice/Clients/Client Registration' is present

2018-10-12 12:55:37 - [TEST_STEP][PASSED] - click: Object: 'Object Repository/Backoffice/Clients/Client Registration' is clicked on

2018-10-12 12:55:37 - [MESSAGE][PASSED] - Object: 'Object Repository/Backoffice/Clients/Client Registration' is clicked on

2018-10-12 12:55:37 - [TEST_STEP][PASSED] - setText: Text 'discoverdizziness' is set on object 'Object Repository/Backoffice/Clients/Registration/input_username'

2018-10-12 12:55:38 - [MESSAGE][PASSED] - Text 'discoverdizziness' is set on object 'Object Repository/Backoffice/Clients/Registration/input_username'

2018-10-12 12:55:38 - [TEST_STEP][PASSED] - setText: Text '123123' is set on object 'Object Repository/Backoffice/Clients/Registration/input_password'

2018-10-12 12:55:38 - [MESSAGE][PASSED] - Text '123123' is set on object 'Object Repository/Backoffice/Clients/Registration/input_password'

2018-10-12 12:55:38 - [TEST_STEP][PASSED] - setText: Text '123123' is set on object 'Object Repository/Backoffice/Clients/Registration/input_confirmp'

2018-10-12 12:55:38 - [MESSAGE][PASSED] - Text '123123' is set on object 'Object Repository/Backoffice/Clients/Registration/input_confirmp'

2018-10-12 12:55:38 - [TEST_STEP][PASSED] - selectOptionByValue: All options with value 'test' are selected in object 'Object Repository/Backoffice/Clients/Registration/select_operatorcode' 

2018-10-12 12:55:38 - [MESSAGE][PASSED] - All options with value 'test' are selected in object 'Object Repository/Backoffice/Clients/Registration/select_operatorcode' 

2018-10-12 12:55:38 - [TEST_STEP][PASSED] - selectOptionByValue: All options with value '1' are selected in object 'Object Repository/Backoffice/Clients/Registration/select_status' 

2018-10-12 12:55:38 - [MESSAGE][PASSED] - All options with value '1' are selected in object 'Object Repository/Backoffice/Clients/Registration/select_status' 

2018-10-12 12:55:38 - [TEST_STEP][PASSED] - delay: Delayed 2 second(s)

2018-10-12 12:55:40 - [MESSAGE][PASSED] - Delayed 2 second(s)

2018-10-12 12:55:40 - [TEST_STEP][PASSED] - click: Object: 'Object Repository/Backoffice/Clients/Registration/button_Submit' is clicked on

2018-10-12 12:55:41 - [MESSAGE][PASSED] - Object: 'Object Repository/Backoffice/Clients/Registration/button_Submit' is clicked on

2018-10-12 12:55:41 - [TEST_STEP][PASSED] - delay: Delayed 2 second(s)

2018-10-12 12:55:43 - [MESSAGE][PASSED] - Delayed 2 second(s)]]></system-out>
         <system-err><![CDATA[]]></system-err>
      </testcase>
      <testcase name="Test Cases/Backoffice/RegisterAccount" classname="Test Cases/Backoffice/RegisterAccount" status="PASSED">
         <system-out><![CDATA[2018-10-12 12:55:43 - [TEST_CASE][PASSED] - Test Cases/Backoffice/RegisterAccount: Test Cases/Backoffice/RegisterAccount

2018-10-12 12:55:43 - [TEST_STEP][PASSED] - focus: Object: 'Object Repository/Backoffice/Clients/Clients' is focused

2018-10-12 12:55:43 - [MESSAGE][PASSED] - Object: 'Object Repository/Backoffice/Clients/Clients' is focused

2018-10-12 12:55:43 - [TEST_STEP][PASSED] - verifyElementPresent: Object 'Object Repository/Backoffice/Clients/Client Registration' is present

2018-10-12 12:55:43 - [MESSAGE][PASSED] - Object 'Object Repository/Backoffice/Clients/Client Registration' is present

2018-10-12 12:55:43 - [TEST_STEP][PASSED] - click: Object: 'Object Repository/Backoffice/Clients/Client Registration' is clicked on

2018-10-12 12:55:44 - [MESSAGE][PASSED] - Object: 'Object Repository/Backoffice/Clients/Client Registration' is clicked on

2018-10-12 12:55:44 - [TEST_STEP][PASSED] - setText: Text 'dislikedust' is set on object 'Object Repository/Backoffice/Clients/Registration/input_username'

2018-10-12 12:55:44 - [MESSAGE][PASSED] - Text 'dislikedust' is set on object 'Object Repository/Backoffice/Clients/Registration/input_username'

2018-10-12 12:55:44 - [TEST_STEP][PASSED] - setText: Text '123123' is set on object 'Object Repository/Backoffice/Clients/Registration/input_password'

2018-10-12 12:55:44 - [MESSAGE][PASSED] - Text '123123' is set on object 'Object Repository/Backoffice/Clients/Registration/input_password'

2018-10-12 12:55:44 - [TEST_STEP][PASSED] - setText: Text '123123' is set on object 'Object Repository/Backoffice/Clients/Registration/input_confirmp'

2018-10-12 12:55:44 - [MESSAGE][PASSED] - Text '123123' is set on object 'Object Repository/Backoffice/Clients/Registration/input_confirmp'

2018-10-12 12:55:44 - [TEST_STEP][PASSED] - selectOptionByValue: All options with value 'test' are selected in object 'Object Repository/Backoffice/Clients/Registration/select_operatorcode' 

2018-10-12 12:55:44 - [MESSAGE][PASSED] - All options with value 'test' are selected in object 'Object Repository/Backoffice/Clients/Registration/select_operatorcode' 

2018-10-12 12:55:44 - [TEST_STEP][PASSED] - selectOptionByValue: All options with value '1' are selected in object 'Object Repository/Backoffice/Clients/Registration/select_status' 

2018-10-12 12:55:44 - [MESSAGE][PASSED] - All options with value '1' are selected in object 'Object Repository/Backoffice/Clients/Registration/select_status' 

2018-10-12 12:55:44 - [TEST_STEP][PASSED] - delay: Delayed 2 second(s)

2018-10-12 12:55:46 - [MESSAGE][PASSED] - Delayed 2 second(s)

2018-10-12 12:55:46 - [TEST_STEP][PASSED] - click: Object: 'Object Repository/Backoffice/Clients/Registration/button_Submit' is clicked on

2018-10-12 12:55:47 - [MESSAGE][PASSED] - Object: 'Object Repository/Backoffice/Clients/Registration/button_Submit' is clicked on

2018-10-12 12:55:47 - [TEST_STEP][PASSED] - delay: Delayed 2 second(s)

2018-10-12 12:55:49 - [MESSAGE][PASSED] - Delayed 2 second(s)]]></system-out>
         <system-err><![CDATA[]]></system-err>
      </testcase>
      <testcase name="Test Cases/Backoffice/RegisterAccount" classname="Test Cases/Backoffice/RegisterAccount" status="PASSED">
         <system-out><![CDATA[2018-10-12 12:55:49 - [TEST_CASE][PASSED] - Test Cases/Backoffice/RegisterAccount: Test Cases/Backoffice/RegisterAccount

2018-10-12 12:55:49 - [TEST_STEP][PASSED] - focus: Object: 'Object Repository/Backoffice/Clients/Clients' is focused

2018-10-12 12:55:49 - [MESSAGE][PASSED] - Object: 'Object Repository/Backoffice/Clients/Clients' is focused

2018-10-12 12:55:49 - [TEST_STEP][PASSED] - verifyElementPresent: Object 'Object Repository/Backoffice/Clients/Client Registration' is present

2018-10-12 12:55:49 - [MESSAGE][PASSED] - Object 'Object Repository/Backoffice/Clients/Client Registration' is present

2018-10-12 12:55:49 - [TEST_STEP][PASSED] - click: Object: 'Object Repository/Backoffice/Clients/Client Registration' is clicked on

2018-10-12 12:55:50 - [MESSAGE][PASSED] - Object: 'Object Repository/Backoffice/Clients/Client Registration' is clicked on

2018-10-12 12:55:50 - [TEST_STEP][PASSED] - setText: Text 'dangerousdroning' is set on object 'Object Repository/Backoffice/Clients/Registration/input_username'

2018-10-12 12:55:50 - [MESSAGE][PASSED] - Text 'dangerousdroning' is set on object 'Object Repository/Backoffice/Clients/Registration/input_username'

2018-10-12 12:55:50 - [TEST_STEP][PASSED] - setText: Text '123123' is set on object 'Object Repository/Backoffice/Clients/Registration/input_password'

2018-10-12 12:55:50 - [MESSAGE][PASSED] - Text '123123' is set on object 'Object Repository/Backoffice/Clients/Registration/input_password'

2018-10-12 12:55:50 - [TEST_STEP][PASSED] - setText: Text '123123' is set on object 'Object Repository/Backoffice/Clients/Registration/input_confirmp'

2018-10-12 12:55:50 - [MESSAGE][PASSED] - Text '123123' is set on object 'Object Repository/Backoffice/Clients/Registration/input_confirmp'

2018-10-12 12:55:50 - [TEST_STEP][PASSED] - selectOptionByValue: All options with value 'test' are selected in object 'Object Repository/Backoffice/Clients/Registration/select_operatorcode' 

2018-10-12 12:55:50 - [MESSAGE][PASSED] - All options with value 'test' are selected in object 'Object Repository/Backoffice/Clients/Registration/select_operatorcode' 

2018-10-12 12:55:50 - [TEST_STEP][PASSED] - selectOptionByValue: All options with value '1' are selected in object 'Object Repository/Backoffice/Clients/Registration/select_status' 

2018-10-12 12:55:50 - [MESSAGE][PASSED] - All options with value '1' are selected in object 'Object Repository/Backoffice/Clients/Registration/select_status' 

2018-10-12 12:55:50 - [TEST_STEP][PASSED] - delay: Delayed 2 second(s)

2018-10-12 12:55:52 - [MESSAGE][PASSED] - Delayed 2 second(s)

2018-10-12 12:55:52 - [TEST_STEP][PASSED] - click: Object: 'Object Repository/Backoffice/Clients/Registration/button_Submit' is clicked on

2018-10-12 12:55:54 - [MESSAGE][PASSED] - Object: 'Object Repository/Backoffice/Clients/Registration/button_Submit' is clicked on

2018-10-12 12:55:54 - [TEST_STEP][PASSED] - delay: Delayed 2 second(s)

2018-10-12 12:55:56 - [MESSAGE][PASSED] - Delayed 2 second(s)]]></system-out>
         <system-err><![CDATA[]]></system-err>
      </testcase>
      <testcase name="Test Cases/Backoffice/RegisterAccount" classname="Test Cases/Backoffice/RegisterAccount" status="PASSED">
         <system-out><![CDATA[2018-10-12 12:55:56 - [TEST_CASE][PASSED] - Test Cases/Backoffice/RegisterAccount: Test Cases/Backoffice/RegisterAccount

2018-10-12 12:55:56 - [TEST_STEP][PASSED] - focus: Object: 'Object Repository/Backoffice/Clients/Clients' is focused

2018-10-12 12:55:56 - [MESSAGE][PASSED] - Object: 'Object Repository/Backoffice/Clients/Clients' is focused

2018-10-12 12:55:56 - [TEST_STEP][PASSED] - verifyElementPresent: Object 'Object Repository/Backoffice/Clients/Client Registration' is present

2018-10-12 12:55:56 - [MESSAGE][PASSED] - Object 'Object Repository/Backoffice/Clients/Client Registration' is present

2018-10-12 12:55:56 - [TEST_STEP][PASSED] - click: Object: 'Object Repository/Backoffice/Clients/Client Registration' is clicked on

2018-10-12 12:55:56 - [MESSAGE][PASSED] - Object: 'Object Repository/Backoffice/Clients/Client Registration' is clicked on

2018-10-12 12:55:56 - [TEST_STEP][PASSED] - setText: Text 'deltadoppy' is set on object 'Object Repository/Backoffice/Clients/Registration/input_username'

2018-10-12 12:55:56 - [MESSAGE][PASSED] - Text 'deltadoppy' is set on object 'Object Repository/Backoffice/Clients/Registration/input_username'

2018-10-12 12:55:56 - [TEST_STEP][PASSED] - setText: Text '123123' is set on object 'Object Repository/Backoffice/Clients/Registration/input_password'

2018-10-12 12:55:57 - [MESSAGE][PASSED] - Text '123123' is set on object 'Object Repository/Backoffice/Clients/Registration/input_password'

2018-10-12 12:55:57 - [TEST_STEP][PASSED] - setText: Text '123123' is set on object 'Object Repository/Backoffice/Clients/Registration/input_confirmp'

2018-10-12 12:55:57 - [MESSAGE][PASSED] - Text '123123' is set on object 'Object Repository/Backoffice/Clients/Registration/input_confirmp'

2018-10-12 12:55:57 - [TEST_STEP][PASSED] - selectOptionByValue: All options with value 'test' are selected in object 'Object Repository/Backoffice/Clients/Registration/select_operatorcode' 

2018-10-12 12:55:57 - [MESSAGE][PASSED] - All options with value 'test' are selected in object 'Object Repository/Backoffice/Clients/Registration/select_operatorcode' 

2018-10-12 12:55:57 - [TEST_STEP][PASSED] - selectOptionByValue: All options with value '1' are selected in object 'Object Repository/Backoffice/Clients/Registration/select_status' 

2018-10-12 12:55:57 - [MESSAGE][PASSED] - All options with value '1' are selected in object 'Object Repository/Backoffice/Clients/Registration/select_status' 

2018-10-12 12:55:57 - [TEST_STEP][PASSED] - delay: Delayed 2 second(s)

2018-10-12 12:55:59 - [MESSAGE][PASSED] - Delayed 2 second(s)

2018-10-12 12:55:59 - [TEST_STEP][PASSED] - click: Object: 'Object Repository/Backoffice/Clients/Registration/button_Submit' is clicked on

2018-10-12 12:56:00 - [MESSAGE][PASSED] - Object: 'Object Repository/Backoffice/Clients/Registration/button_Submit' is clicked on

2018-10-12 12:56:00 - [TEST_STEP][PASSED] - delay: Delayed 2 second(s)

2018-10-12 12:56:02 - [MESSAGE][PASSED] - Delayed 2 second(s)]]></system-out>
         <system-err><![CDATA[]]></system-err>
      </testcase>
      <testcase name="Test Cases/Backoffice/RegisterAccount" classname="Test Cases/Backoffice/RegisterAccount" status="PASSED">
         <system-out><![CDATA[2018-10-12 12:56:02 - [TEST_CASE][PASSED] - Test Cases/Backoffice/RegisterAccount: Test Cases/Backoffice/RegisterAccount

2018-10-12 12:56:02 - [TEST_STEP][PASSED] - focus: Object: 'Object Repository/Backoffice/Clients/Clients' is focused

2018-10-12 12:56:02 - [MESSAGE][PASSED] - Object: 'Object Repository/Backoffice/Clients/Clients' is focused

2018-10-12 12:56:02 - [TEST_STEP][PASSED] - verifyElementPresent: Object 'Object Repository/Backoffice/Clients/Client Registration' is present

2018-10-12 12:56:02 - [MESSAGE][PASSED] - Object 'Object Repository/Backoffice/Clients/Client Registration' is present

2018-10-12 12:56:02 - [TEST_STEP][PASSED] - click: Object: 'Object Repository/Backoffice/Clients/Client Registration' is clicked on

2018-10-12 12:56:02 - [MESSAGE][PASSED] - Object: 'Object Repository/Backoffice/Clients/Client Registration' is clicked on

2018-10-12 12:56:02 - [TEST_STEP][PASSED] - setText: Text 'delaydog' is set on object 'Object Repository/Backoffice/Clients/Registration/input_username'

2018-10-12 12:56:02 - [MESSAGE][PASSED] - Text 'delaydog' is set on object 'Object Repository/Backoffice/Clients/Registration/input_username'

2018-10-12 12:56:02 - [TEST_STEP][PASSED] - setText: Text '123123' is set on object 'Object Repository/Backoffice/Clients/Registration/input_password'

2018-10-12 12:56:03 - [MESSAGE][PASSED] - Text '123123' is set on object 'Object Repository/Backoffice/Clients/Registration/input_password'

2018-10-12 12:56:03 - [TEST_STEP][PASSED] - setText: Text '123123' is set on object 'Object Repository/Backoffice/Clients/Registration/input_confirmp'

2018-10-12 12:56:03 - [MESSAGE][PASSED] - Text '123123' is set on object 'Object Repository/Backoffice/Clients/Registration/input_confirmp'

2018-10-12 12:56:03 - [TEST_STEP][PASSED] - selectOptionByValue: All options with value 'test' are selected in object 'Object Repository/Backoffice/Clients/Registration/select_operatorcode' 

2018-10-12 12:56:03 - [MESSAGE][PASSED] - All options with value 'test' are selected in object 'Object Repository/Backoffice/Clients/Registration/select_operatorcode' 

2018-10-12 12:56:03 - [TEST_STEP][PASSED] - selectOptionByValue: All options with value '1' are selected in object 'Object Repository/Backoffice/Clients/Registration/select_status' 

2018-10-12 12:56:03 - [MESSAGE][PASSED] - All options with value '1' are selected in object 'Object Repository/Backoffice/Clients/Registration/select_status' 

2018-10-12 12:56:03 - [TEST_STEP][PASSED] - delay: Delayed 2 second(s)

2018-10-12 12:56:05 - [MESSAGE][PASSED] - Delayed 2 second(s)

2018-10-12 12:56:05 - [TEST_STEP][PASSED] - click: Object: 'Object Repository/Backoffice/Clients/Registration/button_Submit' is clicked on

2018-10-12 12:56:06 - [MESSAGE][PASSED] - Object: 'Object Repository/Backoffice/Clients/Registration/button_Submit' is clicked on

2018-10-12 12:56:06 - [TEST_STEP][PASSED] - delay: Delayed 2 second(s)

2018-10-12 12:56:08 - [MESSAGE][PASSED] - Delayed 2 second(s)]]></system-out>
         <system-err><![CDATA[]]></system-err>
      </testcase>
      <testcase name="Test Cases/Backoffice/RegisterAccount" classname="Test Cases/Backoffice/RegisterAccount" status="PASSED">
         <system-out><![CDATA[2018-10-12 12:56:08 - [TEST_CASE][PASSED] - Test Cases/Backoffice/RegisterAccount: Test Cases/Backoffice/RegisterAccount

2018-10-12 12:56:08 - [TEST_STEP][PASSED] - focus: Object: 'Object Repository/Backoffice/Clients/Clients' is focused

2018-10-12 12:56:08 - [MESSAGE][PASSED] - Object: 'Object Repository/Backoffice/Clients/Clients' is focused

2018-10-12 12:56:08 - [TEST_STEP][PASSED] - verifyElementPresent: Object 'Object Repository/Backoffice/Clients/Client Registration' is present

2018-10-12 12:56:08 - [MESSAGE][PASSED] - Object 'Object Repository/Backoffice/Clients/Client Registration' is present

2018-10-12 12:56:08 - [TEST_STEP][PASSED] - click: Object: 'Object Repository/Backoffice/Clients/Client Registration' is clicked on

2018-10-12 12:56:09 - [MESSAGE][PASSED] - Object: 'Object Repository/Backoffice/Clients/Client Registration' is clicked on

2018-10-12 12:56:09 - [TEST_STEP][PASSED] - setText: Text 'degreedependent' is set on object 'Object Repository/Backoffice/Clients/Registration/input_username'

2018-10-12 12:56:09 - [MESSAGE][PASSED] - Text 'degreedependent' is set on object 'Object Repository/Backoffice/Clients/Registration/input_username'

2018-10-12 12:56:09 - [TEST_STEP][PASSED] - setText: Text '123123' is set on object 'Object Repository/Backoffice/Clients/Registration/input_password'

2018-10-12 12:56:09 - [MESSAGE][PASSED] - Text '123123' is set on object 'Object Repository/Backoffice/Clients/Registration/input_password'

2018-10-12 12:56:09 - [TEST_STEP][PASSED] - setText: Text '123123' is set on object 'Object Repository/Backoffice/Clients/Registration/input_confirmp'

2018-10-12 12:56:09 - [MESSAGE][PASSED] - Text '123123' is set on object 'Object Repository/Backoffice/Clients/Registration/input_confirmp'

2018-10-12 12:56:09 - [TEST_STEP][PASSED] - selectOptionByValue: All options with value 'test' are selected in object 'Object Repository/Backoffice/Clients/Registration/select_operatorcode' 

2018-10-12 12:56:09 - [MESSAGE][PASSED] - All options with value 'test' are selected in object 'Object Repository/Backoffice/Clients/Registration/select_operatorcode' 

2018-10-12 12:56:09 - [TEST_STEP][PASSED] - selectOptionByValue: All options with value '1' are selected in object 'Object Repository/Backoffice/Clients/Registration/select_status' 

2018-10-12 12:56:09 - [MESSAGE][PASSED] - All options with value '1' are selected in object 'Object Repository/Backoffice/Clients/Registration/select_status' 

2018-10-12 12:56:09 - [TEST_STEP][PASSED] - delay: Delayed 2 second(s)

2018-10-12 12:56:11 - [MESSAGE][PASSED] - Delayed 2 second(s)

2018-10-12 12:56:11 - [TEST_STEP][PASSED] - click: Object: 'Object Repository/Backoffice/Clients/Registration/button_Submit' is clicked on

2018-10-12 12:56:12 - [MESSAGE][PASSED] - Object: 'Object Repository/Backoffice/Clients/Registration/button_Submit' is clicked on

2018-10-12 12:56:12 - [TEST_STEP][PASSED] - delay: Delayed 2 second(s)

2018-10-12 12:56:14 - [MESSAGE][PASSED] - Delayed 2 second(s)]]></system-out>
         <system-err><![CDATA[]]></system-err>
      </testcase>
      <testcase name="Test Cases/Backoffice/RegisterAccount" classname="Test Cases/Backoffice/RegisterAccount" status="PASSED">
         <system-out><![CDATA[2018-10-12 12:56:14 - [TEST_CASE][PASSED] - Test Cases/Backoffice/RegisterAccount: Test Cases/Backoffice/RegisterAccount

2018-10-12 12:56:14 - [TEST_STEP][PASSED] - focus: Object: 'Object Repository/Backoffice/Clients/Clients' is focused

2018-10-12 12:56:14 - [MESSAGE][PASSED] - Object: 'Object Repository/Backoffice/Clients/Clients' is focused

2018-10-12 12:56:14 - [TEST_STEP][PASSED] - verifyElementPresent: Object 'Object Repository/Backoffice/Clients/Client Registration' is present

2018-10-12 12:56:14 - [MESSAGE][PASSED] - Object 'Object Repository/Backoffice/Clients/Client Registration' is present

2018-10-12 12:56:14 - [TEST_STEP][PASSED] - click: Object: 'Object Repository/Backoffice/Clients/Client Registration' is clicked on

2018-10-12 12:56:15 - [MESSAGE][PASSED] - Object: 'Object Repository/Backoffice/Clients/Client Registration' is clicked on

2018-10-12 12:56:15 - [TEST_STEP][PASSED] - setText: Text 'dotdeadpan' is set on object 'Object Repository/Backoffice/Clients/Registration/input_username'

2018-10-12 12:56:15 - [MESSAGE][PASSED] - Text 'dotdeadpan' is set on object 'Object Repository/Backoffice/Clients/Registration/input_username'

2018-10-12 12:56:15 - [TEST_STEP][PASSED] - setText: Text '123123' is set on object 'Object Repository/Backoffice/Clients/Registration/input_password'

2018-10-12 12:56:15 - [MESSAGE][PASSED] - Text '123123' is set on object 'Object Repository/Backoffice/Clients/Registration/input_password'

2018-10-12 12:56:15 - [TEST_STEP][PASSED] - setText: Text '123123' is set on object 'Object Repository/Backoffice/Clients/Registration/input_confirmp'

2018-10-12 12:56:15 - [MESSAGE][PASSED] - Text '123123' is set on object 'Object Repository/Backoffice/Clients/Registration/input_confirmp'

2018-10-12 12:56:15 - [TEST_STEP][PASSED] - selectOptionByValue: All options with value 'test' are selected in object 'Object Repository/Backoffice/Clients/Registration/select_operatorcode' 

2018-10-12 12:56:15 - [MESSAGE][PASSED] - All options with value 'test' are selected in object 'Object Repository/Backoffice/Clients/Registration/select_operatorcode' 

2018-10-12 12:56:15 - [TEST_STEP][PASSED] - selectOptionByValue: All options with value '1' are selected in object 'Object Repository/Backoffice/Clients/Registration/select_status' 

2018-10-12 12:56:15 - [MESSAGE][PASSED] - All options with value '1' are selected in object 'Object Repository/Backoffice/Clients/Registration/select_status' 

2018-10-12 12:56:15 - [TEST_STEP][PASSED] - delay: Delayed 2 second(s)

2018-10-12 12:56:17 - [MESSAGE][PASSED] - Delayed 2 second(s)

2018-10-12 12:56:17 - [TEST_STEP][PASSED] - click: Object: 'Object Repository/Backoffice/Clients/Registration/button_Submit' is clicked on

2018-10-12 12:56:18 - [MESSAGE][PASSED] - Object: 'Object Repository/Backoffice/Clients/Registration/button_Submit' is clicked on

2018-10-12 12:56:18 - [TEST_STEP][PASSED] - delay: Delayed 2 second(s)

2018-10-12 12:56:20 - [MESSAGE][PASSED] - Delayed 2 second(s)]]></system-out>
         <system-err><![CDATA[]]></system-err>
      </testcase>
      <testcase name="Test Cases/Backoffice/RegisterAccount" classname="Test Cases/Backoffice/RegisterAccount" status="PASSED">
         <system-out><![CDATA[2018-10-12 12:56:20 - [TEST_CASE][PASSED] - Test Cases/Backoffice/RegisterAccount: Test Cases/Backoffice/RegisterAccount

2018-10-12 12:56:20 - [TEST_STEP][PASSED] - focus: Object: 'Object Repository/Backoffice/Clients/Clients' is focused

2018-10-12 12:56:20 - [MESSAGE][PASSED] - Object: 'Object Repository/Backoffice/Clients/Clients' is focused

2018-10-12 12:56:20 - [TEST_STEP][PASSED] - verifyElementPresent: Object 'Object Repository/Backoffice/Clients/Client Registration' is present

2018-10-12 12:56:20 - [MESSAGE][PASSED] - Object 'Object Repository/Backoffice/Clients/Client Registration' is present

2018-10-12 12:56:20 - [TEST_STEP][PASSED] - click: Object: 'Object Repository/Backoffice/Clients/Client Registration' is clicked on

2018-10-12 12:56:21 - [MESSAGE][PASSED] - Object: 'Object Repository/Backoffice/Clients/Client Registration' is clicked on

2018-10-12 12:56:21 - [TEST_STEP][PASSED] - setText: Text 'deatdacapo' is set on object 'Object Repository/Backoffice/Clients/Registration/input_username'

2018-10-12 12:56:21 - [MESSAGE][PASSED] - Text 'deatdacapo' is set on object 'Object Repository/Backoffice/Clients/Registration/input_username'

2018-10-12 12:56:21 - [TEST_STEP][PASSED] - setText: Text '123123' is set on object 'Object Repository/Backoffice/Clients/Registration/input_password'

2018-10-12 12:56:21 - [MESSAGE][PASSED] - Text '123123' is set on object 'Object Repository/Backoffice/Clients/Registration/input_password'

2018-10-12 12:56:21 - [TEST_STEP][PASSED] - setText: Text '123123' is set on object 'Object Repository/Backoffice/Clients/Registration/input_confirmp'

2018-10-12 12:56:21 - [MESSAGE][PASSED] - Text '123123' is set on object 'Object Repository/Backoffice/Clients/Registration/input_confirmp'

2018-10-12 12:56:21 - [TEST_STEP][PASSED] - selectOptionByValue: All options with value 'test' are selected in object 'Object Repository/Backoffice/Clients/Registration/select_operatorcode' 

2018-10-12 12:56:22 - [MESSAGE][PASSED] - All options with value 'test' are selected in object 'Object Repository/Backoffice/Clients/Registration/select_operatorcode' 

2018-10-12 12:56:22 - [TEST_STEP][PASSED] - selectOptionByValue: All options with value '1' are selected in object 'Object Repository/Backoffice/Clients/Registration/select_status' 

2018-10-12 12:56:22 - [MESSAGE][PASSED] - All options with value '1' are selected in object 'Object Repository/Backoffice/Clients/Registration/select_status' 

2018-10-12 12:56:22 - [TEST_STEP][PASSED] - delay: Delayed 2 second(s)

2018-10-12 12:56:24 - [MESSAGE][PASSED] - Delayed 2 second(s)

2018-10-12 12:56:24 - [TEST_STEP][PASSED] - click: Object: 'Object Repository/Backoffice/Clients/Registration/button_Submit' is clicked on

2018-10-12 12:56:25 - [MESSAGE][PASSED] - Object: 'Object Repository/Backoffice/Clients/Registration/button_Submit' is clicked on

2018-10-12 12:56:25 - [TEST_STEP][PASSED] - delay: Delayed 2 second(s)

2018-10-12 12:56:27 - [MESSAGE][PASSED] - Delayed 2 second(s)]]></system-out>
         <system-err><![CDATA[]]></system-err>
      </testcase>
      <testcase name="Test Cases/Backoffice/RegisterAccount" classname="Test Cases/Backoffice/RegisterAccount" status="PASSED">
         <system-out><![CDATA[2018-10-12 12:56:27 - [TEST_CASE][PASSED] - Test Cases/Backoffice/RegisterAccount: Test Cases/Backoffice/RegisterAccount

2018-10-12 12:56:27 - [TEST_STEP][PASSED] - focus: Object: 'Object Repository/Backoffice/Clients/Clients' is focused

2018-10-12 12:56:27 - [MESSAGE][PASSED] - Object: 'Object Repository/Backoffice/Clients/Clients' is focused

2018-10-12 12:56:27 - [TEST_STEP][PASSED] - verifyElementPresent: Object 'Object Repository/Backoffice/Clients/Client Registration' is present

2018-10-12 12:56:27 - [MESSAGE][PASSED] - Object 'Object Repository/Backoffice/Clients/Client Registration' is present

2018-10-12 12:56:27 - [TEST_STEP][PASSED] - click: Object: 'Object Repository/Backoffice/Clients/Client Registration' is clicked on

2018-10-12 12:56:27 - [MESSAGE][PASSED] - Object: 'Object Repository/Backoffice/Clients/Client Registration' is clicked on

2018-10-12 12:56:27 - [TEST_STEP][PASSED] - setText: Text 'dromonddollars' is set on object 'Object Repository/Backoffice/Clients/Registration/input_username'

2018-10-12 12:56:28 - [MESSAGE][PASSED] - Text 'dromonddollars' is set on object 'Object Repository/Backoffice/Clients/Registration/input_username'

2018-10-12 12:56:28 - [TEST_STEP][PASSED] - setText: Text '123123' is set on object 'Object Repository/Backoffice/Clients/Registration/input_password'

2018-10-12 12:56:28 - [MESSAGE][PASSED] - Text '123123' is set on object 'Object Repository/Backoffice/Clients/Registration/input_password'

2018-10-12 12:56:28 - [TEST_STEP][PASSED] - setText: Text '123123' is set on object 'Object Repository/Backoffice/Clients/Registration/input_confirmp'

2018-10-12 12:56:28 - [MESSAGE][PASSED] - Text '123123' is set on object 'Object Repository/Backoffice/Clients/Registration/input_confirmp'

2018-10-12 12:56:28 - [TEST_STEP][PASSED] - selectOptionByValue: All options with value 'test' are selected in object 'Object Repository/Backoffice/Clients/Registration/select_operatorcode' 

2018-10-12 12:56:28 - [MESSAGE][PASSED] - All options with value 'test' are selected in object 'Object Repository/Backoffice/Clients/Registration/select_operatorcode' 

2018-10-12 12:56:28 - [TEST_STEP][PASSED] - selectOptionByValue: All options with value '1' are selected in object 'Object Repository/Backoffice/Clients/Registration/select_status' 

2018-10-12 12:56:28 - [MESSAGE][PASSED] - All options with value '1' are selected in object 'Object Repository/Backoffice/Clients/Registration/select_status' 

2018-10-12 12:56:28 - [TEST_STEP][PASSED] - delay: Delayed 2 second(s)

2018-10-12 12:56:30 - [MESSAGE][PASSED] - Delayed 2 second(s)

2018-10-12 12:56:30 - [TEST_STEP][PASSED] - click: Object: 'Object Repository/Backoffice/Clients/Registration/button_Submit' is clicked on

2018-10-12 12:56:31 - [MESSAGE][PASSED] - Object: 'Object Repository/Backoffice/Clients/Registration/button_Submit' is clicked on

2018-10-12 12:56:31 - [TEST_STEP][PASSED] - delay: Delayed 2 second(s)

2018-10-12 12:56:33 - [MESSAGE][PASSED] - Delayed 2 second(s)]]></system-out>
         <system-err><![CDATA[]]></system-err>
      </testcase>
      <testcase name="Test Cases/Backoffice/RegisterAccount" classname="Test Cases/Backoffice/RegisterAccount" status="PASSED">
         <system-out><![CDATA[2018-10-12 12:56:33 - [TEST_CASE][PASSED] - Test Cases/Backoffice/RegisterAccount: Test Cases/Backoffice/RegisterAccount

2018-10-12 12:56:33 - [TEST_STEP][PASSED] - focus: Object: 'Object Repository/Backoffice/Clients/Clients' is focused

2018-10-12 12:56:33 - [MESSAGE][PASSED] - Object: 'Object Repository/Backoffice/Clients/Clients' is focused

2018-10-12 12:56:33 - [TEST_STEP][PASSED] - verifyElementPresent: Object 'Object Repository/Backoffice/Clients/Client Registration' is present

2018-10-12 12:56:33 - [MESSAGE][PASSED] - Object 'Object Repository/Backoffice/Clients/Client Registration' is present

2018-10-12 12:56:33 - [TEST_STEP][PASSED] - click: Object: 'Object Repository/Backoffice/Clients/Client Registration' is clicked on

2018-10-12 12:56:34 - [MESSAGE][PASSED] - Object: 'Object Repository/Backoffice/Clients/Client Registration' is clicked on

2018-10-12 12:56:34 - [TEST_STEP][PASSED] - setText: Text 'darkdwarfism' is set on object 'Object Repository/Backoffice/Clients/Registration/input_username'

2018-10-12 12:56:34 - [MESSAGE][PASSED] - Text 'darkdwarfism' is set on object 'Object Repository/Backoffice/Clients/Registration/input_username'

2018-10-12 12:56:34 - [TEST_STEP][PASSED] - setText: Text '123123' is set on object 'Object Repository/Backoffice/Clients/Registration/input_password'

2018-10-12 12:56:34 - [MESSAGE][PASSED] - Text '123123' is set on object 'Object Repository/Backoffice/Clients/Registration/input_password'

2018-10-12 12:56:34 - [TEST_STEP][PASSED] - setText: Text '123123' is set on object 'Object Repository/Backoffice/Clients/Registration/input_confirmp'

2018-10-12 12:56:34 - [MESSAGE][PASSED] - Text '123123' is set on object 'Object Repository/Backoffice/Clients/Registration/input_confirmp'

2018-10-12 12:56:34 - [TEST_STEP][PASSED] - selectOptionByValue: All options with value 'test' are selected in object 'Object Repository/Backoffice/Clients/Registration/select_operatorcode' 

2018-10-12 12:56:34 - [MESSAGE][PASSED] - All options with value 'test' are selected in object 'Object Repository/Backoffice/Clients/Registration/select_operatorcode' 

2018-10-12 12:56:34 - [TEST_STEP][PASSED] - selectOptionByValue: All options with value '1' are selected in object 'Object Repository/Backoffice/Clients/Registration/select_status' 

2018-10-12 12:56:34 - [MESSAGE][PASSED] - All options with value '1' are selected in object 'Object Repository/Backoffice/Clients/Registration/select_status' 

2018-10-12 12:56:34 - [TEST_STEP][PASSED] - delay: Delayed 2 second(s)

2018-10-12 12:56:36 - [MESSAGE][PASSED] - Delayed 2 second(s)

2018-10-12 12:56:36 - [TEST_STEP][PASSED] - click: Object: 'Object Repository/Backoffice/Clients/Registration/button_Submit' is clicked on

2018-10-12 12:56:37 - [MESSAGE][PASSED] - Object: 'Object Repository/Backoffice/Clients/Registration/button_Submit' is clicked on

2018-10-12 12:56:37 - [TEST_STEP][PASSED] - delay: Delayed 2 second(s)

2018-10-12 12:56:39 - [MESSAGE][PASSED] - Delayed 2 second(s)]]></system-out>
         <system-err><![CDATA[]]></system-err>
      </testcase>
      <testcase name="Test Cases/Backoffice/RegisterAccount" classname="Test Cases/Backoffice/RegisterAccount" status="PASSED">
         <system-out><![CDATA[2018-10-12 12:56:39 - [TEST_CASE][PASSED] - Test Cases/Backoffice/RegisterAccount: Test Cases/Backoffice/RegisterAccount

2018-10-12 12:56:39 - [TEST_STEP][PASSED] - focus: Object: 'Object Repository/Backoffice/Clients/Clients' is focused

2018-10-12 12:56:39 - [MESSAGE][PASSED] - Object: 'Object Repository/Backoffice/Clients/Clients' is focused

2018-10-12 12:56:39 - [TEST_STEP][PASSED] - verifyElementPresent: Object 'Object Repository/Backoffice/Clients/Client Registration' is present

2018-10-12 12:56:39 - [MESSAGE][PASSED] - Object 'Object Repository/Backoffice/Clients/Client Registration' is present

2018-10-12 12:56:39 - [TEST_STEP][PASSED] - click: Object: 'Object Repository/Backoffice/Clients/Client Registration' is clicked on

2018-10-12 12:56:40 - [MESSAGE][PASSED] - Object: 'Object Repository/Backoffice/Clients/Client Registration' is clicked on

2018-10-12 12:56:40 - [TEST_STEP][PASSED] - setText: Text 'dresseddeadline' is set on object 'Object Repository/Backoffice/Clients/Registration/input_username'

2018-10-12 12:56:40 - [MESSAGE][PASSED] - Text 'dresseddeadline' is set on object 'Object Repository/Backoffice/Clients/Registration/input_username'

2018-10-12 12:56:40 - [TEST_STEP][PASSED] - setText: Text '123123' is set on object 'Object Repository/Backoffice/Clients/Registration/input_password'

2018-10-12 12:56:40 - [MESSAGE][PASSED] - Text '123123' is set on object 'Object Repository/Backoffice/Clients/Registration/input_password'

2018-10-12 12:56:40 - [TEST_STEP][PASSED] - setText: Text '123123' is set on object 'Object Repository/Backoffice/Clients/Registration/input_confirmp'

2018-10-12 12:56:40 - [MESSAGE][PASSED] - Text '123123' is set on object 'Object Repository/Backoffice/Clients/Registration/input_confirmp'

2018-10-12 12:56:40 - [TEST_STEP][PASSED] - selectOptionByValue: All options with value 'test' are selected in object 'Object Repository/Backoffice/Clients/Registration/select_operatorcode' 

2018-10-12 12:56:40 - [MESSAGE][PASSED] - All options with value 'test' are selected in object 'Object Repository/Backoffice/Clients/Registration/select_operatorcode' 

2018-10-12 12:56:40 - [TEST_STEP][PASSED] - selectOptionByValue: All options with value '1' are selected in object 'Object Repository/Backoffice/Clients/Registration/select_status' 

2018-10-12 12:56:40 - [MESSAGE][PASSED] - All options with value '1' are selected in object 'Object Repository/Backoffice/Clients/Registration/select_status' 

2018-10-12 12:56:40 - [TEST_STEP][PASSED] - delay: Delayed 2 second(s)

2018-10-12 12:56:42 - [MESSAGE][PASSED] - Delayed 2 second(s)

2018-10-12 12:56:42 - [TEST_STEP][PASSED] - click: Object: 'Object Repository/Backoffice/Clients/Registration/button_Submit' is clicked on

2018-10-12 12:56:43 - [MESSAGE][PASSED] - Object: 'Object Repository/Backoffice/Clients/Registration/button_Submit' is clicked on

2018-10-12 12:56:43 - [TEST_STEP][PASSED] - delay: Delayed 2 second(s)

2018-10-12 12:56:45 - [MESSAGE][PASSED] - Delayed 2 second(s)]]></system-out>
         <system-err><![CDATA[]]></system-err>
      </testcase>
      <testcase name="Test Cases/Backoffice/RegisterAccount" classname="Test Cases/Backoffice/RegisterAccount" status="PASSED">
         <system-out><![CDATA[2018-10-12 12:56:45 - [TEST_CASE][PASSED] - Test Cases/Backoffice/RegisterAccount: Test Cases/Backoffice/RegisterAccount

2018-10-12 12:56:45 - [TEST_STEP][PASSED] - focus: Object: 'Object Repository/Backoffice/Clients/Clients' is focused

2018-10-12 12:56:45 - [MESSAGE][PASSED] - Object: 'Object Repository/Backoffice/Clients/Clients' is focused

2018-10-12 12:56:45 - [TEST_STEP][PASSED] - verifyElementPresent: Object 'Object Repository/Backoffice/Clients/Client Registration' is present

2018-10-12 12:56:45 - [MESSAGE][PASSED] - Object 'Object Repository/Backoffice/Clients/Client Registration' is present

2018-10-12 12:56:45 - [TEST_STEP][PASSED] - click: Object: 'Object Repository/Backoffice/Clients/Client Registration' is clicked on

2018-10-12 12:56:46 - [MESSAGE][PASSED] - Object: 'Object Repository/Backoffice/Clients/Client Registration' is clicked on

2018-10-12 12:56:46 - [TEST_STEP][PASSED] - setText: Text 'dracodocument' is set on object 'Object Repository/Backoffice/Clients/Registration/input_username'

2018-10-12 12:56:46 - [MESSAGE][PASSED] - Text 'dracodocument' is set on object 'Object Repository/Backoffice/Clients/Registration/input_username'

2018-10-12 12:56:46 - [TEST_STEP][PASSED] - setText: Text '123123' is set on object 'Object Repository/Backoffice/Clients/Registration/input_password'

2018-10-12 12:56:46 - [MESSAGE][PASSED] - Text '123123' is set on object 'Object Repository/Backoffice/Clients/Registration/input_password'

2018-10-12 12:56:46 - [TEST_STEP][PASSED] - setText: Text '123123' is set on object 'Object Repository/Backoffice/Clients/Registration/input_confirmp'

2018-10-12 12:56:46 - [MESSAGE][PASSED] - Text '123123' is set on object 'Object Repository/Backoffice/Clients/Registration/input_confirmp'

2018-10-12 12:56:46 - [TEST_STEP][PASSED] - selectOptionByValue: All options with value 'test' are selected in object 'Object Repository/Backoffice/Clients/Registration/select_operatorcode' 

2018-10-12 12:56:46 - [MESSAGE][PASSED] - All options with value 'test' are selected in object 'Object Repository/Backoffice/Clients/Registration/select_operatorcode' 

2018-10-12 12:56:46 - [TEST_STEP][PASSED] - selectOptionByValue: All options with value '1' are selected in object 'Object Repository/Backoffice/Clients/Registration/select_status' 

2018-10-12 12:56:47 - [MESSAGE][PASSED] - All options with value '1' are selected in object 'Object Repository/Backoffice/Clients/Registration/select_status' 

2018-10-12 12:56:47 - [TEST_STEP][PASSED] - delay: Delayed 2 second(s)

2018-10-12 12:56:49 - [MESSAGE][PASSED] - Delayed 2 second(s)

2018-10-12 12:56:49 - [TEST_STEP][PASSED] - click: Object: 'Object Repository/Backoffice/Clients/Registration/button_Submit' is clicked on

2018-10-12 12:56:50 - [MESSAGE][PASSED] - Object: 'Object Repository/Backoffice/Clients/Registration/button_Submit' is clicked on

2018-10-12 12:56:50 - [TEST_STEP][PASSED] - delay: Delayed 2 second(s)

2018-10-12 12:56:52 - [MESSAGE][PASSED] - Delayed 2 second(s)]]></system-out>
         <system-err><![CDATA[]]></system-err>
      </testcase>
      <testcase name="Test Cases/Backoffice/RegisterAccount" classname="Test Cases/Backoffice/RegisterAccount" status="PASSED">
         <system-out><![CDATA[2018-10-12 12:56:52 - [TEST_CASE][PASSED] - Test Cases/Backoffice/RegisterAccount: Test Cases/Backoffice/RegisterAccount

2018-10-12 12:56:52 - [TEST_STEP][PASSED] - focus: Object: 'Object Repository/Backoffice/Clients/Clients' is focused

2018-10-12 12:56:52 - [MESSAGE][PASSED] - Object: 'Object Repository/Backoffice/Clients/Clients' is focused

2018-10-12 12:56:52 - [TEST_STEP][PASSED] - verifyElementPresent: Object 'Object Repository/Backoffice/Clients/Client Registration' is present

2018-10-12 12:56:52 - [MESSAGE][PASSED] - Object 'Object Repository/Backoffice/Clients/Client Registration' is present

2018-10-12 12:56:52 - [TEST_STEP][PASSED] - click: Object: 'Object Repository/Backoffice/Clients/Client Registration' is clicked on

2018-10-12 12:56:52 - [MESSAGE][PASSED] - Object: 'Object Repository/Backoffice/Clients/Client Registration' is clicked on

2018-10-12 12:56:52 - [TEST_STEP][PASSED] - setText: Text 'draineddeter' is set on object 'Object Repository/Backoffice/Clients/Registration/input_username'

2018-10-12 12:56:52 - [MESSAGE][PASSED] - Text 'draineddeter' is set on object 'Object Repository/Backoffice/Clients/Registration/input_username'

2018-10-12 12:56:52 - [TEST_STEP][PASSED] - setText: Text '123123' is set on object 'Object Repository/Backoffice/Clients/Registration/input_password'

2018-10-12 12:56:52 - [MESSAGE][PASSED] - Text '123123' is set on object 'Object Repository/Backoffice/Clients/Registration/input_password'

2018-10-12 12:56:52 - [TEST_STEP][PASSED] - setText: Text '123123' is set on object 'Object Repository/Backoffice/Clients/Registration/input_confirmp'

2018-10-12 12:56:53 - [MESSAGE][PASSED] - Text '123123' is set on object 'Object Repository/Backoffice/Clients/Registration/input_confirmp'

2018-10-12 12:56:53 - [TEST_STEP][PASSED] - selectOptionByValue: All options with value 'test' are selected in object 'Object Repository/Backoffice/Clients/Registration/select_operatorcode' 

2018-10-12 12:56:53 - [MESSAGE][PASSED] - All options with value 'test' are selected in object 'Object Repository/Backoffice/Clients/Registration/select_operatorcode' 

2018-10-12 12:56:53 - [TEST_STEP][PASSED] - selectOptionByValue: All options with value '1' are selected in object 'Object Repository/Backoffice/Clients/Registration/select_status' 

2018-10-12 12:56:53 - [MESSAGE][PASSED] - All options with value '1' are selected in object 'Object Repository/Backoffice/Clients/Registration/select_status' 

2018-10-12 12:56:53 - [TEST_STEP][PASSED] - delay: Delayed 2 second(s)

2018-10-12 12:56:55 - [MESSAGE][PASSED] - Delayed 2 second(s)

2018-10-12 12:56:55 - [TEST_STEP][PASSED] - click: Object: 'Object Repository/Backoffice/Clients/Registration/button_Submit' is clicked on

2018-10-12 12:56:56 - [MESSAGE][PASSED] - Object: 'Object Repository/Backoffice/Clients/Registration/button_Submit' is clicked on

2018-10-12 12:56:56 - [TEST_STEP][PASSED] - delay: Delayed 2 second(s)

2018-10-12 12:56:58 - [MESSAGE][PASSED] - Delayed 2 second(s)]]></system-out>
         <system-err><![CDATA[]]></system-err>
      </testcase>
      <testcase name="Test Cases/Backoffice/RegisterAccount" classname="Test Cases/Backoffice/RegisterAccount" status="PASSED">
         <system-out><![CDATA[2018-10-12 12:56:58 - [TEST_CASE][PASSED] - Test Cases/Backoffice/RegisterAccount: Test Cases/Backoffice/RegisterAccount

2018-10-12 12:56:58 - [TEST_STEP][PASSED] - focus: Object: 'Object Repository/Backoffice/Clients/Clients' is focused

2018-10-12 12:56:58 - [MESSAGE][PASSED] - Object: 'Object Repository/Backoffice/Clients/Clients' is focused

2018-10-12 12:56:58 - [TEST_STEP][PASSED] - verifyElementPresent: Object 'Object Repository/Backoffice/Clients/Client Registration' is present

2018-10-12 12:56:58 - [MESSAGE][PASSED] - Object 'Object Repository/Backoffice/Clients/Client Registration' is present

2018-10-12 12:56:58 - [TEST_STEP][PASSED] - click: Object: 'Object Repository/Backoffice/Clients/Client Registration' is clicked on

2018-10-12 12:56:58 - [MESSAGE][PASSED] - Object: 'Object Repository/Backoffice/Clients/Client Registration' is clicked on

2018-10-12 12:56:58 - [TEST_STEP][PASSED] - setText: Text 'diffidencedamaged' is set on object 'Object Repository/Backoffice/Clients/Registration/input_username'

2018-10-12 12:56:59 - [MESSAGE][PASSED] - Text 'diffidencedamaged' is set on object 'Object Repository/Backoffice/Clients/Registration/input_username'

2018-10-12 12:56:59 - [TEST_STEP][PASSED] - setText: Text '123123' is set on object 'Object Repository/Backoffice/Clients/Registration/input_password'

2018-10-12 12:56:59 - [MESSAGE][PASSED] - Text '123123' is set on object 'Object Repository/Backoffice/Clients/Registration/input_password'

2018-10-12 12:56:59 - [TEST_STEP][PASSED] - setText: Text '123123' is set on object 'Object Repository/Backoffice/Clients/Registration/input_confirmp'

2018-10-12 12:56:59 - [MESSAGE][PASSED] - Text '123123' is set on object 'Object Repository/Backoffice/Clients/Registration/input_confirmp'

2018-10-12 12:56:59 - [TEST_STEP][PASSED] - selectOptionByValue: All options with value 'test' are selected in object 'Object Repository/Backoffice/Clients/Registration/select_operatorcode' 

2018-10-12 12:56:59 - [MESSAGE][PASSED] - All options with value 'test' are selected in object 'Object Repository/Backoffice/Clients/Registration/select_operatorcode' 

2018-10-12 12:56:59 - [TEST_STEP][PASSED] - selectOptionByValue: All options with value '1' are selected in object 'Object Repository/Backoffice/Clients/Registration/select_status' 

2018-10-12 12:56:59 - [MESSAGE][PASSED] - All options with value '1' are selected in object 'Object Repository/Backoffice/Clients/Registration/select_status' 

2018-10-12 12:56:59 - [TEST_STEP][PASSED] - delay: Delayed 2 second(s)

2018-10-12 12:57:01 - [MESSAGE][PASSED] - Delayed 2 second(s)

2018-10-12 12:57:01 - [TEST_STEP][PASSED] - click: Object: 'Object Repository/Backoffice/Clients/Registration/button_Submit' is clicked on

2018-10-12 12:57:02 - [MESSAGE][PASSED] - Object: 'Object Repository/Backoffice/Clients/Registration/button_Submit' is clicked on

2018-10-12 12:57:02 - [TEST_STEP][PASSED] - delay: Delayed 2 second(s)

2018-10-12 12:57:04 - [MESSAGE][PASSED] - Delayed 2 second(s)]]></system-out>
         <system-err><![CDATA[]]></system-err>
      </testcase>
      <testcase name="Test Cases/Backoffice/RegisterAccount" classname="Test Cases/Backoffice/RegisterAccount" status="PASSED">
         <system-out><![CDATA[2018-10-12 12:57:04 - [TEST_CASE][PASSED] - Test Cases/Backoffice/RegisterAccount: Test Cases/Backoffice/RegisterAccount

2018-10-12 12:57:04 - [TEST_STEP][PASSED] - focus: Object: 'Object Repository/Backoffice/Clients/Clients' is focused

2018-10-12 12:57:04 - [MESSAGE][PASSED] - Object: 'Object Repository/Backoffice/Clients/Clients' is focused

2018-10-12 12:57:04 - [TEST_STEP][PASSED] - verifyElementPresent: Object 'Object Repository/Backoffice/Clients/Client Registration' is present

2018-10-12 12:57:04 - [MESSAGE][PASSED] - Object 'Object Repository/Backoffice/Clients/Client Registration' is present

2018-10-12 12:57:04 - [TEST_STEP][PASSED] - click: Object: 'Object Repository/Backoffice/Clients/Client Registration' is clicked on

2018-10-12 12:57:05 - [MESSAGE][PASSED] - Object: 'Object Repository/Backoffice/Clients/Client Registration' is clicked on

2018-10-12 12:57:05 - [TEST_STEP][PASSED] - setText: Text 'dreamdelta' is set on object 'Object Repository/Backoffice/Clients/Registration/input_username'

2018-10-12 12:57:05 - [MESSAGE][PASSED] - Text 'dreamdelta' is set on object 'Object Repository/Backoffice/Clients/Registration/input_username'

2018-10-12 12:57:05 - [TEST_STEP][PASSED] - setText: Text '123123' is set on object 'Object Repository/Backoffice/Clients/Registration/input_password'

2018-10-12 12:57:05 - [MESSAGE][PASSED] - Text '123123' is set on object 'Object Repository/Backoffice/Clients/Registration/input_password'

2018-10-12 12:57:05 - [TEST_STEP][PASSED] - setText: Text '123123' is set on object 'Object Repository/Backoffice/Clients/Registration/input_confirmp'

2018-10-12 12:57:05 - [MESSAGE][PASSED] - Text '123123' is set on object 'Object Repository/Backoffice/Clients/Registration/input_confirmp'

2018-10-12 12:57:05 - [TEST_STEP][PASSED] - selectOptionByValue: All options with value 'test' are selected in object 'Object Repository/Backoffice/Clients/Registration/select_operatorcode' 

2018-10-12 12:57:05 - [MESSAGE][PASSED] - All options with value 'test' are selected in object 'Object Repository/Backoffice/Clients/Registration/select_operatorcode' 

2018-10-12 12:57:05 - [TEST_STEP][PASSED] - selectOptionByValue: All options with value '1' are selected in object 'Object Repository/Backoffice/Clients/Registration/select_status' 

2018-10-12 12:57:05 - [MESSAGE][PASSED] - All options with value '1' are selected in object 'Object Repository/Backoffice/Clients/Registration/select_status' 

2018-10-12 12:57:05 - [TEST_STEP][PASSED] - delay: Delayed 2 second(s)

2018-10-12 12:57:07 - [MESSAGE][PASSED] - Delayed 2 second(s)

2018-10-12 12:57:07 - [TEST_STEP][PASSED] - click: Object: 'Object Repository/Backoffice/Clients/Registration/button_Submit' is clicked on

2018-10-12 12:57:08 - [MESSAGE][PASSED] - Object: 'Object Repository/Backoffice/Clients/Registration/button_Submit' is clicked on

2018-10-12 12:57:08 - [TEST_STEP][PASSED] - delay: Delayed 2 second(s)

2018-10-12 12:57:10 - [MESSAGE][PASSED] - Delayed 2 second(s)]]></system-out>
         <system-err><![CDATA[]]></system-err>
      </testcase>
      <testcase name="Test Cases/Backoffice/RegisterAccount" classname="Test Cases/Backoffice/RegisterAccount" status="PASSED">
         <system-out><![CDATA[2018-10-12 12:57:10 - [TEST_CASE][PASSED] - Test Cases/Backoffice/RegisterAccount: Test Cases/Backoffice/RegisterAccount

2018-10-12 12:57:10 - [TEST_STEP][PASSED] - focus: Object: 'Object Repository/Backoffice/Clients/Clients' is focused

2018-10-12 12:57:10 - [MESSAGE][PASSED] - Object: 'Object Repository/Backoffice/Clients/Clients' is focused

2018-10-12 12:57:10 - [TEST_STEP][PASSED] - verifyElementPresent: Object 'Object Repository/Backoffice/Clients/Client Registration' is present

2018-10-12 12:57:10 - [MESSAGE][PASSED] - Object 'Object Repository/Backoffice/Clients/Client Registration' is present

2018-10-12 12:57:10 - [TEST_STEP][PASSED] - click: Object: 'Object Repository/Backoffice/Clients/Client Registration' is clicked on

2018-10-12 12:57:11 - [MESSAGE][PASSED] - Object: 'Object Repository/Backoffice/Clients/Client Registration' is clicked on

2018-10-12 12:57:11 - [TEST_STEP][PASSED] - setText: Text 'drilldisjoint' is set on object 'Object Repository/Backoffice/Clients/Registration/input_username'

2018-10-12 12:57:11 - [MESSAGE][PASSED] - Text 'drilldisjoint' is set on object 'Object Repository/Backoffice/Clients/Registration/input_username'

2018-10-12 12:57:11 - [TEST_STEP][PASSED] - setText: Text '123123' is set on object 'Object Repository/Backoffice/Clients/Registration/input_password'

2018-10-12 12:57:11 - [MESSAGE][PASSED] - Text '123123' is set on object 'Object Repository/Backoffice/Clients/Registration/input_password'

2018-10-12 12:57:11 - [TEST_STEP][PASSED] - setText: Text '123123' is set on object 'Object Repository/Backoffice/Clients/Registration/input_confirmp'

2018-10-12 12:57:11 - [MESSAGE][PASSED] - Text '123123' is set on object 'Object Repository/Backoffice/Clients/Registration/input_confirmp'

2018-10-12 12:57:11 - [TEST_STEP][PASSED] - selectOptionByValue: All options with value 'test' are selected in object 'Object Repository/Backoffice/Clients/Registration/select_operatorcode' 

2018-10-12 12:57:11 - [MESSAGE][PASSED] - All options with value 'test' are selected in object 'Object Repository/Backoffice/Clients/Registration/select_operatorcode' 

2018-10-12 12:57:11 - [TEST_STEP][PASSED] - selectOptionByValue: All options with value '1' are selected in object 'Object Repository/Backoffice/Clients/Registration/select_status' 

2018-10-12 12:57:11 - [MESSAGE][PASSED] - All options with value '1' are selected in object 'Object Repository/Backoffice/Clients/Registration/select_status' 

2018-10-12 12:57:11 - [TEST_STEP][PASSED] - delay: Delayed 2 second(s)

2018-10-12 12:57:13 - [MESSAGE][PASSED] - Delayed 2 second(s)

2018-10-12 12:57:13 - [TEST_STEP][PASSED] - click: Object: 'Object Repository/Backoffice/Clients/Registration/button_Submit' is clicked on

2018-10-12 12:57:15 - [MESSAGE][PASSED] - Object: 'Object Repository/Backoffice/Clients/Registration/button_Submit' is clicked on

2018-10-12 12:57:15 - [TEST_STEP][PASSED] - delay: Delayed 2 second(s)

2018-10-12 12:57:17 - [MESSAGE][PASSED] - Delayed 2 second(s)]]></system-out>
         <system-err><![CDATA[]]></system-err>
      </testcase>
      <testcase name="Test Cases/Backoffice/RegisterAccount" classname="Test Cases/Backoffice/RegisterAccount" status="PASSED">
         <system-out><![CDATA[2018-10-12 12:57:17 - [TEST_CASE][PASSED] - Test Cases/Backoffice/RegisterAccount: Test Cases/Backoffice/RegisterAccount

2018-10-12 12:57:17 - [TEST_STEP][PASSED] - focus: Object: 'Object Repository/Backoffice/Clients/Clients' is focused

2018-10-12 12:57:17 - [MESSAGE][PASSED] - Object: 'Object Repository/Backoffice/Clients/Clients' is focused

2018-10-12 12:57:17 - [TEST_STEP][PASSED] - verifyElementPresent: Object 'Object Repository/Backoffice/Clients/Client Registration' is present

2018-10-12 12:57:17 - [MESSAGE][PASSED] - Object 'Object Repository/Backoffice/Clients/Client Registration' is present

2018-10-12 12:57:17 - [TEST_STEP][PASSED] - click: Object: 'Object Repository/Backoffice/Clients/Client Registration' is clicked on

2018-10-12 12:57:17 - [MESSAGE][PASSED] - Object: 'Object Repository/Backoffice/Clients/Client Registration' is clicked on

2018-10-12 12:57:17 - [TEST_STEP][PASSED] - setText: Text 'dogwatchdiseases' is set on object 'Object Repository/Backoffice/Clients/Registration/input_username'

2018-10-12 12:57:17 - [MESSAGE][PASSED] - Text 'dogwatchdiseases' is set on object 'Object Repository/Backoffice/Clients/Registration/input_username'

2018-10-12 12:57:17 - [TEST_STEP][PASSED] - setText: Text '123123' is set on object 'Object Repository/Backoffice/Clients/Registration/input_password'

2018-10-12 12:57:18 - [MESSAGE][PASSED] - Text '123123' is set on object 'Object Repository/Backoffice/Clients/Registration/input_password'

2018-10-12 12:57:18 - [TEST_STEP][PASSED] - setText: Text '123123' is set on object 'Object Repository/Backoffice/Clients/Registration/input_confirmp'

2018-10-12 12:57:18 - [MESSAGE][PASSED] - Text '123123' is set on object 'Object Repository/Backoffice/Clients/Registration/input_confirmp'

2018-10-12 12:57:18 - [TEST_STEP][PASSED] - selectOptionByValue: All options with value 'test' are selected in object 'Object Repository/Backoffice/Clients/Registration/select_operatorcode' 

2018-10-12 12:57:18 - [MESSAGE][PASSED] - All options with value 'test' are selected in object 'Object Repository/Backoffice/Clients/Registration/select_operatorcode' 

2018-10-12 12:57:18 - [TEST_STEP][PASSED] - selectOptionByValue: All options with value '1' are selected in object 'Object Repository/Backoffice/Clients/Registration/select_status' 

2018-10-12 12:57:18 - [MESSAGE][PASSED] - All options with value '1' are selected in object 'Object Repository/Backoffice/Clients/Registration/select_status' 

2018-10-12 12:57:18 - [TEST_STEP][PASSED] - delay: Delayed 2 second(s)

2018-10-12 12:57:20 - [MESSAGE][PASSED] - Delayed 2 second(s)

2018-10-12 12:57:20 - [TEST_STEP][PASSED] - click: Object: 'Object Repository/Backoffice/Clients/Registration/button_Submit' is clicked on

2018-10-12 12:57:21 - [MESSAGE][PASSED] - Object: 'Object Repository/Backoffice/Clients/Registration/button_Submit' is clicked on

2018-10-12 12:57:21 - [TEST_STEP][PASSED] - delay: Delayed 2 second(s)

2018-10-12 12:57:23 - [MESSAGE][PASSED] - Delayed 2 second(s)]]></system-out>
         <system-err><![CDATA[]]></system-err>
      </testcase>
      <testcase name="Test Cases/Backoffice/RegisterAccount" classname="Test Cases/Backoffice/RegisterAccount" status="PASSED">
         <system-out><![CDATA[2018-10-12 12:57:23 - [TEST_CASE][PASSED] - Test Cases/Backoffice/RegisterAccount: Test Cases/Backoffice/RegisterAccount

2018-10-12 12:57:23 - [TEST_STEP][PASSED] - focus: Object: 'Object Repository/Backoffice/Clients/Clients' is focused

2018-10-12 12:57:23 - [MESSAGE][PASSED] - Object: 'Object Repository/Backoffice/Clients/Clients' is focused

2018-10-12 12:57:23 - [TEST_STEP][PASSED] - verifyElementPresent: Object 'Object Repository/Backoffice/Clients/Client Registration' is present

2018-10-12 12:57:23 - [MESSAGE][PASSED] - Object 'Object Repository/Backoffice/Clients/Client Registration' is present

2018-10-12 12:57:23 - [TEST_STEP][PASSED] - click: Object: 'Object Repository/Backoffice/Clients/Client Registration' is clicked on

2018-10-12 12:57:24 - [MESSAGE][PASSED] - Object: 'Object Repository/Backoffice/Clients/Client Registration' is clicked on

2018-10-12 12:57:24 - [TEST_STEP][PASSED] - setText: Text 'drumstickdata' is set on object 'Object Repository/Backoffice/Clients/Registration/input_username'

2018-10-12 12:57:24 - [MESSAGE][PASSED] - Text 'drumstickdata' is set on object 'Object Repository/Backoffice/Clients/Registration/input_username'

2018-10-12 12:57:24 - [TEST_STEP][PASSED] - setText: Text '123123' is set on object 'Object Repository/Backoffice/Clients/Registration/input_password'

2018-10-12 12:57:24 - [MESSAGE][PASSED] - Text '123123' is set on object 'Object Repository/Backoffice/Clients/Registration/input_password'

2018-10-12 12:57:24 - [TEST_STEP][PASSED] - setText: Text '123123' is set on object 'Object Repository/Backoffice/Clients/Registration/input_confirmp'

2018-10-12 12:57:24 - [MESSAGE][PASSED] - Text '123123' is set on object 'Object Repository/Backoffice/Clients/Registration/input_confirmp'

2018-10-12 12:57:24 - [TEST_STEP][PASSED] - selectOptionByValue: All options with value 'test' are selected in object 'Object Repository/Backoffice/Clients/Registration/select_operatorcode' 

2018-10-12 12:57:24 - [MESSAGE][PASSED] - All options with value 'test' are selected in object 'Object Repository/Backoffice/Clients/Registration/select_operatorcode' 

2018-10-12 12:57:24 - [TEST_STEP][PASSED] - selectOptionByValue: All options with value '1' are selected in object 'Object Repository/Backoffice/Clients/Registration/select_status' 

2018-10-12 12:57:24 - [MESSAGE][PASSED] - All options with value '1' are selected in object 'Object Repository/Backoffice/Clients/Registration/select_status' 

2018-10-12 12:57:24 - [TEST_STEP][PASSED] - delay: Delayed 2 second(s)

2018-10-12 12:57:26 - [MESSAGE][PASSED] - Delayed 2 second(s)

2018-10-12 12:57:26 - [TEST_STEP][PASSED] - click: Object: 'Object Repository/Backoffice/Clients/Registration/button_Submit' is clicked on

2018-10-12 12:57:27 - [MESSAGE][PASSED] - Object: 'Object Repository/Backoffice/Clients/Registration/button_Submit' is clicked on

2018-10-12 12:57:27 - [TEST_STEP][PASSED] - delay: Delayed 2 second(s)

2018-10-12 12:57:29 - [MESSAGE][PASSED] - Delayed 2 second(s)]]></system-out>
         <system-err><![CDATA[]]></system-err>
      </testcase>
      <testcase name="Test Cases/Backoffice/RegisterAccount" classname="Test Cases/Backoffice/RegisterAccount" status="PASSED">
         <system-out><![CDATA[2018-10-12 12:57:29 - [TEST_CASE][PASSED] - Test Cases/Backoffice/RegisterAccount: Test Cases/Backoffice/RegisterAccount

2018-10-12 12:57:29 - [TEST_STEP][PASSED] - focus: Object: 'Object Repository/Backoffice/Clients/Clients' is focused

2018-10-12 12:57:29 - [MESSAGE][PASSED] - Object: 'Object Repository/Backoffice/Clients/Clients' is focused

2018-10-12 12:57:29 - [TEST_STEP][PASSED] - verifyElementPresent: Object 'Object Repository/Backoffice/Clients/Client Registration' is present

2018-10-12 12:57:29 - [MESSAGE][PASSED] - Object 'Object Repository/Backoffice/Clients/Client Registration' is present

2018-10-12 12:57:29 - [TEST_STEP][PASSED] - click: Object: 'Object Repository/Backoffice/Clients/Client Registration' is clicked on

2018-10-12 12:57:30 - [MESSAGE][PASSED] - Object: 'Object Repository/Backoffice/Clients/Client Registration' is clicked on

2018-10-12 12:57:30 - [TEST_STEP][PASSED] - setText: Text 'daddydue' is set on object 'Object Repository/Backoffice/Clients/Registration/input_username'

2018-10-12 12:57:30 - [MESSAGE][PASSED] - Text 'daddydue' is set on object 'Object Repository/Backoffice/Clients/Registration/input_username'

2018-10-12 12:57:30 - [TEST_STEP][PASSED] - setText: Text '123123' is set on object 'Object Repository/Backoffice/Clients/Registration/input_password'

2018-10-12 12:57:30 - [MESSAGE][PASSED] - Text '123123' is set on object 'Object Repository/Backoffice/Clients/Registration/input_password'

2018-10-12 12:57:30 - [TEST_STEP][PASSED] - setText: Text '123123' is set on object 'Object Repository/Backoffice/Clients/Registration/input_confirmp'

2018-10-12 12:57:30 - [MESSAGE][PASSED] - Text '123123' is set on object 'Object Repository/Backoffice/Clients/Registration/input_confirmp'

2018-10-12 12:57:30 - [TEST_STEP][PASSED] - selectOptionByValue: All options with value 'test' are selected in object 'Object Repository/Backoffice/Clients/Registration/select_operatorcode' 

2018-10-12 12:57:30 - [MESSAGE][PASSED] - All options with value 'test' are selected in object 'Object Repository/Backoffice/Clients/Registration/select_operatorcode' 

2018-10-12 12:57:30 - [TEST_STEP][PASSED] - selectOptionByValue: All options with value '1' are selected in object 'Object Repository/Backoffice/Clients/Registration/select_status' 

2018-10-12 12:57:30 - [MESSAGE][PASSED] - All options with value '1' are selected in object 'Object Repository/Backoffice/Clients/Registration/select_status' 

2018-10-12 12:57:30 - [TEST_STEP][PASSED] - delay: Delayed 2 second(s)

2018-10-12 12:57:32 - [MESSAGE][PASSED] - Delayed 2 second(s)

2018-10-12 12:57:32 - [TEST_STEP][PASSED] - click: Object: 'Object Repository/Backoffice/Clients/Registration/button_Submit' is clicked on

2018-10-12 12:57:33 - [MESSAGE][PASSED] - Object: 'Object Repository/Backoffice/Clients/Registration/button_Submit' is clicked on

2018-10-12 12:57:33 - [TEST_STEP][PASSED] - delay: Delayed 2 second(s)

2018-10-12 12:57:35 - [MESSAGE][PASSED] - Delayed 2 second(s)]]></system-out>
         <system-err><![CDATA[]]></system-err>
      </testcase>
      <testcase name="Test Cases/Backoffice/RegisterAccount" classname="Test Cases/Backoffice/RegisterAccount" status="PASSED">
         <system-out><![CDATA[2018-10-12 12:57:35 - [TEST_CASE][PASSED] - Test Cases/Backoffice/RegisterAccount: Test Cases/Backoffice/RegisterAccount

2018-10-12 12:57:35 - [TEST_STEP][PASSED] - focus: Object: 'Object Repository/Backoffice/Clients/Clients' is focused

2018-10-12 12:57:35 - [MESSAGE][PASSED] - Object: 'Object Repository/Backoffice/Clients/Clients' is focused

2018-10-12 12:57:35 - [TEST_STEP][PASSED] - verifyElementPresent: Object 'Object Repository/Backoffice/Clients/Client Registration' is present

2018-10-12 12:57:35 - [MESSAGE][PASSED] - Object 'Object Repository/Backoffice/Clients/Client Registration' is present

2018-10-12 12:57:35 - [TEST_STEP][PASSED] - click: Object: 'Object Repository/Backoffice/Clients/Client Registration' is clicked on

2018-10-12 12:57:36 - [MESSAGE][PASSED] - Object: 'Object Repository/Backoffice/Clients/Client Registration' is clicked on

2018-10-12 12:57:36 - [TEST_STEP][PASSED] - setText: Text 'dialectdredger' is set on object 'Object Repository/Backoffice/Clients/Registration/input_username'

2018-10-12 12:57:36 - [MESSAGE][PASSED] - Text 'dialectdredger' is set on object 'Object Repository/Backoffice/Clients/Registration/input_username'

2018-10-12 12:57:36 - [TEST_STEP][PASSED] - setText: Text '123123' is set on object 'Object Repository/Backoffice/Clients/Registration/input_password'

2018-10-12 12:57:36 - [MESSAGE][PASSED] - Text '123123' is set on object 'Object Repository/Backoffice/Clients/Registration/input_password'

2018-10-12 12:57:36 - [TEST_STEP][PASSED] - setText: Text '123123' is set on object 'Object Repository/Backoffice/Clients/Registration/input_confirmp'

2018-10-12 12:57:36 - [MESSAGE][PASSED] - Text '123123' is set on object 'Object Repository/Backoffice/Clients/Registration/input_confirmp'

2018-10-12 12:57:37 - [TEST_STEP][PASSED] - selectOptionByValue: All options with value 'test' are selected in object 'Object Repository/Backoffice/Clients/Registration/select_operatorcode' 

2018-10-12 12:57:37 - [MESSAGE][PASSED] - All options with value 'test' are selected in object 'Object Repository/Backoffice/Clients/Registration/select_operatorcode' 

2018-10-12 12:57:37 - [TEST_STEP][PASSED] - selectOptionByValue: All options with value '1' are selected in object 'Object Repository/Backoffice/Clients/Registration/select_status' 

2018-10-12 12:57:37 - [MESSAGE][PASSED] - All options with value '1' are selected in object 'Object Repository/Backoffice/Clients/Registration/select_status' 

2018-10-12 12:57:37 - [TEST_STEP][PASSED] - delay: Delayed 2 second(s)

2018-10-12 12:57:39 - [MESSAGE][PASSED] - Delayed 2 second(s)

2018-10-12 12:57:39 - [TEST_STEP][PASSED] - click: Object: 'Object Repository/Backoffice/Clients/Registration/button_Submit' is clicked on

2018-10-12 12:57:40 - [MESSAGE][PASSED] - Object: 'Object Repository/Backoffice/Clients/Registration/button_Submit' is clicked on

2018-10-12 12:57:40 - [TEST_STEP][PASSED] - delay: Delayed 2 second(s)

2018-10-12 12:57:42 - [MESSAGE][PASSED] - Delayed 2 second(s)]]></system-out>
         <system-err><![CDATA[]]></system-err>
      </testcase>
      <testcase name="Test Cases/Backoffice/RegisterAccount" classname="Test Cases/Backoffice/RegisterAccount" status="PASSED">
         <system-out><![CDATA[2018-10-12 12:57:42 - [TEST_CASE][PASSED] - Test Cases/Backoffice/RegisterAccount: Test Cases/Backoffice/RegisterAccount

2018-10-12 12:57:42 - [TEST_STEP][PASSED] - focus: Object: 'Object Repository/Backoffice/Clients/Clients' is focused

2018-10-12 12:57:42 - [MESSAGE][PASSED] - Object: 'Object Repository/Backoffice/Clients/Clients' is focused

2018-10-12 12:57:42 - [TEST_STEP][PASSED] - verifyElementPresent: Object 'Object Repository/Backoffice/Clients/Client Registration' is present

2018-10-12 12:57:42 - [MESSAGE][PASSED] - Object 'Object Repository/Backoffice/Clients/Client Registration' is present

2018-10-12 12:57:42 - [TEST_STEP][PASSED] - click: Object: 'Object Repository/Backoffice/Clients/Client Registration' is clicked on

2018-10-12 12:57:42 - [MESSAGE][PASSED] - Object: 'Object Repository/Backoffice/Clients/Client Registration' is clicked on

2018-10-12 12:57:42 - [TEST_STEP][PASSED] - setText: Text 'dribblingdowntime' is set on object 'Object Repository/Backoffice/Clients/Registration/input_username'

2018-10-12 12:57:42 - [MESSAGE][PASSED] - Text 'dribblingdowntime' is set on object 'Object Repository/Backoffice/Clients/Registration/input_username'

2018-10-12 12:57:42 - [TEST_STEP][PASSED] - setText: Text '123123' is set on object 'Object Repository/Backoffice/Clients/Registration/input_password'

2018-10-12 12:57:42 - [MESSAGE][PASSED] - Text '123123' is set on object 'Object Repository/Backoffice/Clients/Registration/input_password'

2018-10-12 12:57:42 - [TEST_STEP][PASSED] - setText: Text '123123' is set on object 'Object Repository/Backoffice/Clients/Registration/input_confirmp'

2018-10-12 12:57:43 - [MESSAGE][PASSED] - Text '123123' is set on object 'Object Repository/Backoffice/Clients/Registration/input_confirmp'

2018-10-12 12:57:43 - [TEST_STEP][PASSED] - selectOptionByValue: All options with value 'test' are selected in object 'Object Repository/Backoffice/Clients/Registration/select_operatorcode' 

2018-10-12 12:57:43 - [MESSAGE][PASSED] - All options with value 'test' are selected in object 'Object Repository/Backoffice/Clients/Registration/select_operatorcode' 

2018-10-12 12:57:43 - [TEST_STEP][PASSED] - selectOptionByValue: All options with value '1' are selected in object 'Object Repository/Backoffice/Clients/Registration/select_status' 

2018-10-12 12:57:43 - [MESSAGE][PASSED] - All options with value '1' are selected in object 'Object Repository/Backoffice/Clients/Registration/select_status' 

2018-10-12 12:57:43 - [TEST_STEP][PASSED] - delay: Delayed 2 second(s)

2018-10-12 12:57:45 - [MESSAGE][PASSED] - Delayed 2 second(s)

2018-10-12 12:57:45 - [TEST_STEP][PASSED] - click: Object: 'Object Repository/Backoffice/Clients/Registration/button_Submit' is clicked on

2018-10-12 12:57:46 - [MESSAGE][PASSED] - Object: 'Object Repository/Backoffice/Clients/Registration/button_Submit' is clicked on

2018-10-12 12:57:46 - [TEST_STEP][PASSED] - delay: Delayed 2 second(s)

2018-10-12 12:57:48 - [MESSAGE][PASSED] - Delayed 2 second(s)]]></system-out>
         <system-err><![CDATA[]]></system-err>
      </testcase>
      <testcase name="Test Cases/Backoffice/RegisterAccount" classname="Test Cases/Backoffice/RegisterAccount" status="PASSED">
         <system-out><![CDATA[2018-10-12 12:57:48 - [TEST_CASE][PASSED] - Test Cases/Backoffice/RegisterAccount: Test Cases/Backoffice/RegisterAccount

2018-10-12 12:57:48 - [TEST_STEP][PASSED] - focus: Object: 'Object Repository/Backoffice/Clients/Clients' is focused

2018-10-12 12:57:48 - [MESSAGE][PASSED] - Object: 'Object Repository/Backoffice/Clients/Clients' is focused

2018-10-12 12:57:48 - [TEST_STEP][PASSED] - verifyElementPresent: Object 'Object Repository/Backoffice/Clients/Client Registration' is present

2018-10-12 12:57:48 - [MESSAGE][PASSED] - Object 'Object Repository/Backoffice/Clients/Client Registration' is present

2018-10-12 12:57:48 - [TEST_STEP][PASSED] - click: Object: 'Object Repository/Backoffice/Clients/Client Registration' is clicked on

2018-10-12 12:57:49 - [MESSAGE][PASSED] - Object: 'Object Repository/Backoffice/Clients/Client Registration' is clicked on

2018-10-12 12:57:49 - [TEST_STEP][PASSED] - setText: Text 'doradodash' is set on object 'Object Repository/Backoffice/Clients/Registration/input_username'

2018-10-12 12:57:49 - [MESSAGE][PASSED] - Text 'doradodash' is set on object 'Object Repository/Backoffice/Clients/Registration/input_username'

2018-10-12 12:57:49 - [TEST_STEP][PASSED] - setText: Text '123123' is set on object 'Object Repository/Backoffice/Clients/Registration/input_password'

2018-10-12 12:57:49 - [MESSAGE][PASSED] - Text '123123' is set on object 'Object Repository/Backoffice/Clients/Registration/input_password'

2018-10-12 12:57:49 - [TEST_STEP][PASSED] - setText: Text '123123' is set on object 'Object Repository/Backoffice/Clients/Registration/input_confirmp'

2018-10-12 12:57:49 - [MESSAGE][PASSED] - Text '123123' is set on object 'Object Repository/Backoffice/Clients/Registration/input_confirmp'

2018-10-12 12:57:49 - [TEST_STEP][PASSED] - selectOptionByValue: All options with value 'test' are selected in object 'Object Repository/Backoffice/Clients/Registration/select_operatorcode' 

2018-10-12 12:57:49 - [MESSAGE][PASSED] - All options with value 'test' are selected in object 'Object Repository/Backoffice/Clients/Registration/select_operatorcode' 

2018-10-12 12:57:49 - [TEST_STEP][PASSED] - selectOptionByValue: All options with value '1' are selected in object 'Object Repository/Backoffice/Clients/Registration/select_status' 

2018-10-12 12:57:49 - [MESSAGE][PASSED] - All options with value '1' are selected in object 'Object Repository/Backoffice/Clients/Registration/select_status' 

2018-10-12 12:57:49 - [TEST_STEP][PASSED] - delay: Delayed 2 second(s)

2018-10-12 12:57:51 - [MESSAGE][PASSED] - Delayed 2 second(s)

2018-10-12 12:57:51 - [TEST_STEP][PASSED] - click: Object: 'Object Repository/Backoffice/Clients/Registration/button_Submit' is clicked on

2018-10-12 12:57:52 - [MESSAGE][PASSED] - Object: 'Object Repository/Backoffice/Clients/Registration/button_Submit' is clicked on

2018-10-12 12:57:52 - [TEST_STEP][PASSED] - delay: Delayed 2 second(s)

2018-10-12 12:57:54 - [MESSAGE][PASSED] - Delayed 2 second(s)]]></system-out>
         <system-err><![CDATA[]]></system-err>
      </testcase>
      <testcase name="Test Cases/Backoffice/RegisterAccount" classname="Test Cases/Backoffice/RegisterAccount" status="PASSED">
         <system-out><![CDATA[2018-10-12 12:57:54 - [TEST_CASE][PASSED] - Test Cases/Backoffice/RegisterAccount: Test Cases/Backoffice/RegisterAccount

2018-10-12 12:57:54 - [TEST_STEP][PASSED] - focus: Object: 'Object Repository/Backoffice/Clients/Clients' is focused

2018-10-12 12:57:54 - [MESSAGE][PASSED] - Object: 'Object Repository/Backoffice/Clients/Clients' is focused

2018-10-12 12:57:54 - [TEST_STEP][PASSED] - verifyElementPresent: Object 'Object Repository/Backoffice/Clients/Client Registration' is present

2018-10-12 12:57:54 - [MESSAGE][PASSED] - Object 'Object Repository/Backoffice/Clients/Client Registration' is present

2018-10-12 12:57:54 - [TEST_STEP][PASSED] - click: Object: 'Object Repository/Backoffice/Clients/Client Registration' is clicked on

2018-10-12 12:57:55 - [MESSAGE][PASSED] - Object: 'Object Repository/Backoffice/Clients/Client Registration' is clicked on

2018-10-12 12:57:55 - [TEST_STEP][PASSED] - setText: Text 'dwarfdropping' is set on object 'Object Repository/Backoffice/Clients/Registration/input_username'

2018-10-12 12:57:55 - [MESSAGE][PASSED] - Text 'dwarfdropping' is set on object 'Object Repository/Backoffice/Clients/Registration/input_username'

2018-10-12 12:57:55 - [TEST_STEP][PASSED] - setText: Text '123123' is set on object 'Object Repository/Backoffice/Clients/Registration/input_password'

2018-10-12 12:57:55 - [MESSAGE][PASSED] - Text '123123' is set on object 'Object Repository/Backoffice/Clients/Registration/input_password'

2018-10-12 12:57:55 - [TEST_STEP][PASSED] - setText: Text '123123' is set on object 'Object Repository/Backoffice/Clients/Registration/input_confirmp'

2018-10-12 12:57:55 - [MESSAGE][PASSED] - Text '123123' is set on object 'Object Repository/Backoffice/Clients/Registration/input_confirmp'

2018-10-12 12:57:55 - [TEST_STEP][PASSED] - selectOptionByValue: All options with value 'test' are selected in object 'Object Repository/Backoffice/Clients/Registration/select_operatorcode' 

2018-10-12 12:57:55 - [MESSAGE][PASSED] - All options with value 'test' are selected in object 'Object Repository/Backoffice/Clients/Registration/select_operatorcode' 

2018-10-12 12:57:55 - [TEST_STEP][PASSED] - selectOptionByValue: All options with value '1' are selected in object 'Object Repository/Backoffice/Clients/Registration/select_status' 

2018-10-12 12:57:55 - [MESSAGE][PASSED] - All options with value '1' are selected in object 'Object Repository/Backoffice/Clients/Registration/select_status' 

2018-10-12 12:57:55 - [TEST_STEP][PASSED] - delay: Delayed 2 second(s)

2018-10-12 12:57:57 - [MESSAGE][PASSED] - Delayed 2 second(s)

2018-10-12 12:57:57 - [TEST_STEP][PASSED] - click: Object: 'Object Repository/Backoffice/Clients/Registration/button_Submit' is clicked on

2018-10-12 12:57:58 - [MESSAGE][PASSED] - Object: 'Object Repository/Backoffice/Clients/Registration/button_Submit' is clicked on

2018-10-12 12:57:58 - [TEST_STEP][PASSED] - delay: Delayed 2 second(s)

2018-10-12 12:58:00 - [MESSAGE][PASSED] - Delayed 2 second(s)]]></system-out>
         <system-err><![CDATA[]]></system-err>
      </testcase>
      <testcase name="Test Cases/Backoffice/RegisterAccount" classname="Test Cases/Backoffice/RegisterAccount" status="PASSED">
         <system-out><![CDATA[2018-10-12 12:58:00 - [TEST_CASE][PASSED] - Test Cases/Backoffice/RegisterAccount: Test Cases/Backoffice/RegisterAccount

2018-10-12 12:58:00 - [TEST_STEP][PASSED] - focus: Object: 'Object Repository/Backoffice/Clients/Clients' is focused

2018-10-12 12:58:00 - [MESSAGE][PASSED] - Object: 'Object Repository/Backoffice/Clients/Clients' is focused

2018-10-12 12:58:00 - [TEST_STEP][PASSED] - verifyElementPresent: Object 'Object Repository/Backoffice/Clients/Client Registration' is present

2018-10-12 12:58:00 - [MESSAGE][PASSED] - Object 'Object Repository/Backoffice/Clients/Client Registration' is present

2018-10-12 12:58:00 - [TEST_STEP][PASSED] - click: Object: 'Object Repository/Backoffice/Clients/Client Registration' is clicked on

2018-10-12 12:58:01 - [MESSAGE][PASSED] - Object: 'Object Repository/Backoffice/Clients/Client Registration' is clicked on

2018-10-12 12:58:01 - [TEST_STEP][PASSED] - setText: Text 'diamonddeer' is set on object 'Object Repository/Backoffice/Clients/Registration/input_username'

2018-10-12 12:58:01 - [MESSAGE][PASSED] - Text 'diamonddeer' is set on object 'Object Repository/Backoffice/Clients/Registration/input_username'

2018-10-12 12:58:01 - [TEST_STEP][PASSED] - setText: Text '123123' is set on object 'Object Repository/Backoffice/Clients/Registration/input_password'

2018-10-12 12:58:01 - [MESSAGE][PASSED] - Text '123123' is set on object 'Object Repository/Backoffice/Clients/Registration/input_password'

2018-10-12 12:58:01 - [TEST_STEP][PASSED] - setText: Text '123123' is set on object 'Object Repository/Backoffice/Clients/Registration/input_confirmp'

2018-10-12 12:58:01 - [MESSAGE][PASSED] - Text '123123' is set on object 'Object Repository/Backoffice/Clients/Registration/input_confirmp'

2018-10-12 12:58:01 - [TEST_STEP][PASSED] - selectOptionByValue: All options with value 'test' are selected in object 'Object Repository/Backoffice/Clients/Registration/select_operatorcode' 

2018-10-12 12:58:01 - [MESSAGE][PASSED] - All options with value 'test' are selected in object 'Object Repository/Backoffice/Clients/Registration/select_operatorcode' 

2018-10-12 12:58:01 - [TEST_STEP][PASSED] - selectOptionByValue: All options with value '1' are selected in object 'Object Repository/Backoffice/Clients/Registration/select_status' 

2018-10-12 12:58:02 - [MESSAGE][PASSED] - All options with value '1' are selected in object 'Object Repository/Backoffice/Clients/Registration/select_status' 

2018-10-12 12:58:02 - [TEST_STEP][PASSED] - delay: Delayed 2 second(s)

2018-10-12 12:58:04 - [MESSAGE][PASSED] - Delayed 2 second(s)

2018-10-12 12:58:04 - [TEST_STEP][PASSED] - click: Object: 'Object Repository/Backoffice/Clients/Registration/button_Submit' is clicked on

2018-10-12 12:58:04 - [MESSAGE][PASSED] - Object: 'Object Repository/Backoffice/Clients/Registration/button_Submit' is clicked on

2018-10-12 12:58:04 - [TEST_STEP][PASSED] - delay: Delayed 2 second(s)

2018-10-12 12:58:06 - [MESSAGE][PASSED] - Delayed 2 second(s)]]></system-out>
         <system-err><![CDATA[]]></system-err>
      </testcase>
      <testcase name="Test Cases/Backoffice/RegisterAccount" classname="Test Cases/Backoffice/RegisterAccount" status="PASSED">
         <system-out><![CDATA[2018-10-12 12:58:06 - [TEST_CASE][PASSED] - Test Cases/Backoffice/RegisterAccount: Test Cases/Backoffice/RegisterAccount

2018-10-12 12:58:06 - [TEST_STEP][PASSED] - focus: Object: 'Object Repository/Backoffice/Clients/Clients' is focused

2018-10-12 12:58:06 - [MESSAGE][PASSED] - Object: 'Object Repository/Backoffice/Clients/Clients' is focused

2018-10-12 12:58:06 - [TEST_STEP][PASSED] - verifyElementPresent: Object 'Object Repository/Backoffice/Clients/Client Registration' is present

2018-10-12 12:58:07 - [MESSAGE][PASSED] - Object 'Object Repository/Backoffice/Clients/Client Registration' is present

2018-10-12 12:58:07 - [TEST_STEP][PASSED] - click: Object: 'Object Repository/Backoffice/Clients/Client Registration' is clicked on

2018-10-12 12:58:07 - [MESSAGE][PASSED] - Object: 'Object Repository/Backoffice/Clients/Client Registration' is clicked on

2018-10-12 12:58:07 - [TEST_STEP][PASSED] - setText: Text 'dondalking' is set on object 'Object Repository/Backoffice/Clients/Registration/input_username'

2018-10-12 12:58:07 - [MESSAGE][PASSED] - Text 'dondalking' is set on object 'Object Repository/Backoffice/Clients/Registration/input_username'

2018-10-12 12:58:07 - [TEST_STEP][PASSED] - setText: Text '123123' is set on object 'Object Repository/Backoffice/Clients/Registration/input_password'

2018-10-12 12:58:07 - [MESSAGE][PASSED] - Text '123123' is set on object 'Object Repository/Backoffice/Clients/Registration/input_password'

2018-10-12 12:58:07 - [TEST_STEP][PASSED] - setText: Text '123123' is set on object 'Object Repository/Backoffice/Clients/Registration/input_confirmp'

2018-10-12 12:58:07 - [MESSAGE][PASSED] - Text '123123' is set on object 'Object Repository/Backoffice/Clients/Registration/input_confirmp'

2018-10-12 12:58:07 - [TEST_STEP][PASSED] - selectOptionByValue: All options with value 'test' are selected in object 'Object Repository/Backoffice/Clients/Registration/select_operatorcode' 

2018-10-12 12:58:07 - [MESSAGE][PASSED] - All options with value 'test' are selected in object 'Object Repository/Backoffice/Clients/Registration/select_operatorcode' 

2018-10-12 12:58:07 - [TEST_STEP][PASSED] - selectOptionByValue: All options with value '1' are selected in object 'Object Repository/Backoffice/Clients/Registration/select_status' 

2018-10-12 12:58:08 - [MESSAGE][PASSED] - All options with value '1' are selected in object 'Object Repository/Backoffice/Clients/Registration/select_status' 

2018-10-12 12:58:08 - [TEST_STEP][PASSED] - delay: Delayed 2 second(s)

2018-10-12 12:58:10 - [MESSAGE][PASSED] - Delayed 2 second(s)

2018-10-12 12:58:10 - [TEST_STEP][PASSED] - click: Object: 'Object Repository/Backoffice/Clients/Registration/button_Submit' is clicked on

2018-10-12 12:58:10 - [MESSAGE][PASSED] - Object: 'Object Repository/Backoffice/Clients/Registration/button_Submit' is clicked on

2018-10-12 12:58:10 - [TEST_STEP][PASSED] - delay: Delayed 2 second(s)

2018-10-12 12:58:12 - [MESSAGE][PASSED] - Delayed 2 second(s)]]></system-out>
         <system-err><![CDATA[]]></system-err>
      </testcase>
      <testcase name="Test Cases/Backoffice/RegisterAccount" classname="Test Cases/Backoffice/RegisterAccount" status="PASSED">
         <system-out><![CDATA[2018-10-12 12:58:12 - [TEST_CASE][PASSED] - Test Cases/Backoffice/RegisterAccount: Test Cases/Backoffice/RegisterAccount

2018-10-12 12:58:12 - [TEST_STEP][PASSED] - focus: Object: 'Object Repository/Backoffice/Clients/Clients' is focused

2018-10-12 12:58:12 - [MESSAGE][PASSED] - Object: 'Object Repository/Backoffice/Clients/Clients' is focused

2018-10-12 12:58:12 - [TEST_STEP][PASSED] - verifyElementPresent: Object 'Object Repository/Backoffice/Clients/Client Registration' is present

2018-10-12 12:58:12 - [MESSAGE][PASSED] - Object 'Object Repository/Backoffice/Clients/Client Registration' is present

2018-10-12 12:58:12 - [TEST_STEP][PASSED] - click: Object: 'Object Repository/Backoffice/Clients/Client Registration' is clicked on

2018-10-12 12:58:13 - [MESSAGE][PASSED] - Object: 'Object Repository/Backoffice/Clients/Client Registration' is clicked on

2018-10-12 12:58:13 - [TEST_STEP][PASSED] - setText: Text 'dayerdepartment' is set on object 'Object Repository/Backoffice/Clients/Registration/input_username'

2018-10-12 12:58:13 - [MESSAGE][PASSED] - Text 'dayerdepartment' is set on object 'Object Repository/Backoffice/Clients/Registration/input_username'

2018-10-12 12:58:13 - [TEST_STEP][PASSED] - setText: Text '123123' is set on object 'Object Repository/Backoffice/Clients/Registration/input_password'

2018-10-12 12:58:13 - [MESSAGE][PASSED] - Text '123123' is set on object 'Object Repository/Backoffice/Clients/Registration/input_password'

2018-10-12 12:58:13 - [TEST_STEP][PASSED] - setText: Text '123123' is set on object 'Object Repository/Backoffice/Clients/Registration/input_confirmp'

2018-10-12 12:58:13 - [MESSAGE][PASSED] - Text '123123' is set on object 'Object Repository/Backoffice/Clients/Registration/input_confirmp'

2018-10-12 12:58:13 - [TEST_STEP][PASSED] - selectOptionByValue: All options with value 'test' are selected in object 'Object Repository/Backoffice/Clients/Registration/select_operatorcode' 

2018-10-12 12:58:14 - [MESSAGE][PASSED] - All options with value 'test' are selected in object 'Object Repository/Backoffice/Clients/Registration/select_operatorcode' 

2018-10-12 12:58:14 - [TEST_STEP][PASSED] - selectOptionByValue: All options with value '1' are selected in object 'Object Repository/Backoffice/Clients/Registration/select_status' 

2018-10-12 12:58:14 - [MESSAGE][PASSED] - All options with value '1' are selected in object 'Object Repository/Backoffice/Clients/Registration/select_status' 

2018-10-12 12:58:14 - [TEST_STEP][PASSED] - delay: Delayed 2 second(s)

2018-10-12 12:58:16 - [MESSAGE][PASSED] - Delayed 2 second(s)

2018-10-12 12:58:16 - [TEST_STEP][PASSED] - click: Object: 'Object Repository/Backoffice/Clients/Registration/button_Submit' is clicked on

2018-10-12 12:58:17 - [MESSAGE][PASSED] - Object: 'Object Repository/Backoffice/Clients/Registration/button_Submit' is clicked on

2018-10-12 12:58:17 - [TEST_STEP][PASSED] - delay: Delayed 2 second(s)

2018-10-12 12:58:19 - [MESSAGE][PASSED] - Delayed 2 second(s)]]></system-out>
         <system-err><![CDATA[]]></system-err>
      </testcase>
      <testcase name="Test Cases/Backoffice/RegisterAccount" classname="Test Cases/Backoffice/RegisterAccount" status="PASSED">
         <system-out><![CDATA[2018-10-12 12:58:19 - [TEST_CASE][PASSED] - Test Cases/Backoffice/RegisterAccount: Test Cases/Backoffice/RegisterAccount

2018-10-12 12:58:19 - [TEST_STEP][PASSED] - focus: Object: 'Object Repository/Backoffice/Clients/Clients' is focused

2018-10-12 12:58:19 - [MESSAGE][PASSED] - Object: 'Object Repository/Backoffice/Clients/Clients' is focused

2018-10-12 12:58:19 - [TEST_STEP][PASSED] - verifyElementPresent: Object 'Object Repository/Backoffice/Clients/Client Registration' is present

2018-10-12 12:58:19 - [MESSAGE][PASSED] - Object 'Object Repository/Backoffice/Clients/Client Registration' is present

2018-10-12 12:58:19 - [TEST_STEP][PASSED] - click: Object: 'Object Repository/Backoffice/Clients/Client Registration' is clicked on

2018-10-12 12:58:19 - [MESSAGE][PASSED] - Object: 'Object Repository/Backoffice/Clients/Client Registration' is clicked on

2018-10-12 12:58:19 - [TEST_STEP][PASSED] - setText: Text 'documentdolphin' is set on object 'Object Repository/Backoffice/Clients/Registration/input_username'

2018-10-12 12:58:19 - [MESSAGE][PASSED] - Text 'documentdolphin' is set on object 'Object Repository/Backoffice/Clients/Registration/input_username'

2018-10-12 12:58:19 - [TEST_STEP][PASSED] - setText: Text '123123' is set on object 'Object Repository/Backoffice/Clients/Registration/input_password'

2018-10-12 12:58:19 - [MESSAGE][PASSED] - Text '123123' is set on object 'Object Repository/Backoffice/Clients/Registration/input_password'

2018-10-12 12:58:19 - [TEST_STEP][PASSED] - setText: Text '123123' is set on object 'Object Repository/Backoffice/Clients/Registration/input_confirmp'

2018-10-12 12:58:20 - [MESSAGE][PASSED] - Text '123123' is set on object 'Object Repository/Backoffice/Clients/Registration/input_confirmp'

2018-10-12 12:58:20 - [TEST_STEP][PASSED] - selectOptionByValue: All options with value 'test' are selected in object 'Object Repository/Backoffice/Clients/Registration/select_operatorcode' 

2018-10-12 12:58:20 - [MESSAGE][PASSED] - All options with value 'test' are selected in object 'Object Repository/Backoffice/Clients/Registration/select_operatorcode' 

2018-10-12 12:58:20 - [TEST_STEP][PASSED] - selectOptionByValue: All options with value '1' are selected in object 'Object Repository/Backoffice/Clients/Registration/select_status' 

2018-10-12 12:58:20 - [MESSAGE][PASSED] - All options with value '1' are selected in object 'Object Repository/Backoffice/Clients/Registration/select_status' 

2018-10-12 12:58:20 - [TEST_STEP][PASSED] - delay: Delayed 2 second(s)

2018-10-12 12:58:22 - [MESSAGE][PASSED] - Delayed 2 second(s)

2018-10-12 12:58:22 - [TEST_STEP][PASSED] - click: Object: 'Object Repository/Backoffice/Clients/Registration/button_Submit' is clicked on

2018-10-12 12:58:23 - [MESSAGE][PASSED] - Object: 'Object Repository/Backoffice/Clients/Registration/button_Submit' is clicked on

2018-10-12 12:58:23 - [TEST_STEP][PASSED] - delay: Delayed 2 second(s)

2018-10-12 12:58:25 - [MESSAGE][PASSED] - Delayed 2 second(s)]]></system-out>
         <system-err><![CDATA[]]></system-err>
      </testcase>
      <testcase name="Test Cases/Backoffice/RegisterAccount" classname="Test Cases/Backoffice/RegisterAccount" status="PASSED">
         <system-out><![CDATA[2018-10-12 12:58:25 - [TEST_CASE][PASSED] - Test Cases/Backoffice/RegisterAccount: Test Cases/Backoffice/RegisterAccount

2018-10-12 12:58:25 - [TEST_STEP][PASSED] - focus: Object: 'Object Repository/Backoffice/Clients/Clients' is focused

2018-10-12 12:58:25 - [MESSAGE][PASSED] - Object: 'Object Repository/Backoffice/Clients/Clients' is focused

2018-10-12 12:58:25 - [TEST_STEP][PASSED] - verifyElementPresent: Object 'Object Repository/Backoffice/Clients/Client Registration' is present

2018-10-12 12:58:25 - [MESSAGE][PASSED] - Object 'Object Repository/Backoffice/Clients/Client Registration' is present

2018-10-12 12:58:25 - [TEST_STEP][PASSED] - click: Object: 'Object Repository/Backoffice/Clients/Client Registration' is clicked on

2018-10-12 12:58:25 - [MESSAGE][PASSED] - Object: 'Object Repository/Backoffice/Clients/Client Registration' is clicked on

2018-10-12 12:58:25 - [TEST_STEP][PASSED] - setText: Text 'dindownhaul' is set on object 'Object Repository/Backoffice/Clients/Registration/input_username'

2018-10-12 12:58:26 - [MESSAGE][PASSED] - Text 'dindownhaul' is set on object 'Object Repository/Backoffice/Clients/Registration/input_username'

2018-10-12 12:58:26 - [TEST_STEP][PASSED] - setText: Text '123123' is set on object 'Object Repository/Backoffice/Clients/Registration/input_password'

2018-10-12 12:58:26 - [MESSAGE][PASSED] - Text '123123' is set on object 'Object Repository/Backoffice/Clients/Registration/input_password'

2018-10-12 12:58:26 - [TEST_STEP][PASSED] - setText: Text '123123' is set on object 'Object Repository/Backoffice/Clients/Registration/input_confirmp'

2018-10-12 12:58:26 - [MESSAGE][PASSED] - Text '123123' is set on object 'Object Repository/Backoffice/Clients/Registration/input_confirmp'

2018-10-12 12:58:26 - [TEST_STEP][PASSED] - selectOptionByValue: All options with value 'test' are selected in object 'Object Repository/Backoffice/Clients/Registration/select_operatorcode' 

2018-10-12 12:58:26 - [MESSAGE][PASSED] - All options with value 'test' are selected in object 'Object Repository/Backoffice/Clients/Registration/select_operatorcode' 

2018-10-12 12:58:26 - [TEST_STEP][PASSED] - selectOptionByValue: All options with value '1' are selected in object 'Object Repository/Backoffice/Clients/Registration/select_status' 

2018-10-12 12:58:26 - [MESSAGE][PASSED] - All options with value '1' are selected in object 'Object Repository/Backoffice/Clients/Registration/select_status' 

2018-10-12 12:58:26 - [TEST_STEP][PASSED] - delay: Delayed 2 second(s)

2018-10-12 12:58:28 - [MESSAGE][PASSED] - Delayed 2 second(s)

2018-10-12 12:58:28 - [TEST_STEP][PASSED] - click: Object: 'Object Repository/Backoffice/Clients/Registration/button_Submit' is clicked on

2018-10-12 12:58:29 - [MESSAGE][PASSED] - Object: 'Object Repository/Backoffice/Clients/Registration/button_Submit' is clicked on

2018-10-12 12:58:29 - [TEST_STEP][PASSED] - delay: Delayed 2 second(s)

2018-10-12 12:58:31 - [MESSAGE][PASSED] - Delayed 2 second(s)]]></system-out>
         <system-err><![CDATA[]]></system-err>
      </testcase>
      <testcase name="Test Cases/Backoffice/RegisterAccount" classname="Test Cases/Backoffice/RegisterAccount" status="PASSED">
         <system-out><![CDATA[2018-10-12 12:58:31 - [TEST_CASE][PASSED] - Test Cases/Backoffice/RegisterAccount: Test Cases/Backoffice/RegisterAccount

2018-10-12 12:58:31 - [TEST_STEP][PASSED] - focus: Object: 'Object Repository/Backoffice/Clients/Clients' is focused

2018-10-12 12:58:31 - [MESSAGE][PASSED] - Object: 'Object Repository/Backoffice/Clients/Clients' is focused

2018-10-12 12:58:31 - [TEST_STEP][PASSED] - verifyElementPresent: Object 'Object Repository/Backoffice/Clients/Client Registration' is present

2018-10-12 12:58:31 - [MESSAGE][PASSED] - Object 'Object Repository/Backoffice/Clients/Client Registration' is present

2018-10-12 12:58:31 - [TEST_STEP][PASSED] - click: Object: 'Object Repository/Backoffice/Clients/Client Registration' is clicked on

2018-10-12 12:58:32 - [MESSAGE][PASSED] - Object: 'Object Repository/Backoffice/Clients/Client Registration' is clicked on

2018-10-12 12:58:32 - [TEST_STEP][PASSED] - setText: Text 'dangodense' is set on object 'Object Repository/Backoffice/Clients/Registration/input_username'

2018-10-12 12:58:32 - [MESSAGE][PASSED] - Text 'dangodense' is set on object 'Object Repository/Backoffice/Clients/Registration/input_username'

2018-10-12 12:58:32 - [TEST_STEP][PASSED] - setText: Text '123123' is set on object 'Object Repository/Backoffice/Clients/Registration/input_password'

2018-10-12 12:58:32 - [MESSAGE][PASSED] - Text '123123' is set on object 'Object Repository/Backoffice/Clients/Registration/input_password'

2018-10-12 12:58:32 - [TEST_STEP][PASSED] - setText: Text '123123' is set on object 'Object Repository/Backoffice/Clients/Registration/input_confirmp'

2018-10-12 12:58:32 - [MESSAGE][PASSED] - Text '123123' is set on object 'Object Repository/Backoffice/Clients/Registration/input_confirmp'

2018-10-12 12:58:32 - [TEST_STEP][PASSED] - selectOptionByValue: All options with value 'test' are selected in object 'Object Repository/Backoffice/Clients/Registration/select_operatorcode' 

2018-10-12 12:58:32 - [MESSAGE][PASSED] - All options with value 'test' are selected in object 'Object Repository/Backoffice/Clients/Registration/select_operatorcode' 

2018-10-12 12:58:32 - [TEST_STEP][PASSED] - selectOptionByValue: All options with value '1' are selected in object 'Object Repository/Backoffice/Clients/Registration/select_status' 

2018-10-12 12:58:32 - [MESSAGE][PASSED] - All options with value '1' are selected in object 'Object Repository/Backoffice/Clients/Registration/select_status' 

2018-10-12 12:58:32 - [TEST_STEP][PASSED] - delay: Delayed 2 second(s)

2018-10-12 12:58:34 - [MESSAGE][PASSED] - Delayed 2 second(s)

2018-10-12 12:58:34 - [TEST_STEP][PASSED] - click: Object: 'Object Repository/Backoffice/Clients/Registration/button_Submit' is clicked on

2018-10-12 12:58:35 - [MESSAGE][PASSED] - Object: 'Object Repository/Backoffice/Clients/Registration/button_Submit' is clicked on

2018-10-12 12:58:35 - [TEST_STEP][PASSED] - delay: Delayed 2 second(s)

2018-10-12 12:58:37 - [MESSAGE][PASSED] - Delayed 2 second(s)]]></system-out>
         <system-err><![CDATA[]]></system-err>
      </testcase>
      <testcase name="Test Cases/Backoffice/RegisterAccount" classname="Test Cases/Backoffice/RegisterAccount" status="PASSED">
         <system-out><![CDATA[2018-10-12 12:58:37 - [TEST_CASE][PASSED] - Test Cases/Backoffice/RegisterAccount: Test Cases/Backoffice/RegisterAccount

2018-10-12 12:58:37 - [TEST_STEP][PASSED] - focus: Object: 'Object Repository/Backoffice/Clients/Clients' is focused

2018-10-12 12:58:37 - [MESSAGE][PASSED] - Object: 'Object Repository/Backoffice/Clients/Clients' is focused

2018-10-12 12:58:37 - [TEST_STEP][PASSED] - verifyElementPresent: Object 'Object Repository/Backoffice/Clients/Client Registration' is present

2018-10-12 12:58:37 - [MESSAGE][PASSED] - Object 'Object Repository/Backoffice/Clients/Client Registration' is present

2018-10-12 12:58:37 - [TEST_STEP][PASSED] - click: Object: 'Object Repository/Backoffice/Clients/Client Registration' is clicked on

2018-10-12 12:58:38 - [MESSAGE][PASSED] - Object: 'Object Repository/Backoffice/Clients/Client Registration' is clicked on

2018-10-12 12:58:38 - [TEST_STEP][PASSED] - setText: Text 'dragdirectory' is set on object 'Object Repository/Backoffice/Clients/Registration/input_username'

2018-10-12 12:58:38 - [MESSAGE][PASSED] - Text 'dragdirectory' is set on object 'Object Repository/Backoffice/Clients/Registration/input_username'

2018-10-12 12:58:38 - [TEST_STEP][PASSED] - setText: Text '123123' is set on object 'Object Repository/Backoffice/Clients/Registration/input_password'

2018-10-12 12:58:38 - [MESSAGE][PASSED] - Text '123123' is set on object 'Object Repository/Backoffice/Clients/Registration/input_password'

2018-10-12 12:58:38 - [TEST_STEP][PASSED] - setText: Text '123123' is set on object 'Object Repository/Backoffice/Clients/Registration/input_confirmp'

2018-10-12 12:58:38 - [MESSAGE][PASSED] - Text '123123' is set on object 'Object Repository/Backoffice/Clients/Registration/input_confirmp'

2018-10-12 12:58:38 - [TEST_STEP][PASSED] - selectOptionByValue: All options with value 'test' are selected in object 'Object Repository/Backoffice/Clients/Registration/select_operatorcode' 

2018-10-12 12:58:38 - [MESSAGE][PASSED] - All options with value 'test' are selected in object 'Object Repository/Backoffice/Clients/Registration/select_operatorcode' 

2018-10-12 12:58:38 - [TEST_STEP][PASSED] - selectOptionByValue: All options with value '1' are selected in object 'Object Repository/Backoffice/Clients/Registration/select_status' 

2018-10-12 12:58:38 - [MESSAGE][PASSED] - All options with value '1' are selected in object 'Object Repository/Backoffice/Clients/Registration/select_status' 

2018-10-12 12:58:38 - [TEST_STEP][PASSED] - delay: Delayed 2 second(s)

2018-10-12 12:58:40 - [MESSAGE][PASSED] - Delayed 2 second(s)

2018-10-12 12:58:40 - [TEST_STEP][PASSED] - click: Object: 'Object Repository/Backoffice/Clients/Registration/button_Submit' is clicked on

2018-10-12 12:58:41 - [MESSAGE][PASSED] - Object: 'Object Repository/Backoffice/Clients/Registration/button_Submit' is clicked on

2018-10-12 12:58:41 - [TEST_STEP][PASSED] - delay: Delayed 2 second(s)

2018-10-12 12:58:43 - [MESSAGE][PASSED] - Delayed 2 second(s)]]></system-out>
         <system-err><![CDATA[]]></system-err>
      </testcase>
      <testcase name="Test Cases/Backoffice/RegisterAccount" classname="Test Cases/Backoffice/RegisterAccount" status="PASSED">
         <system-out><![CDATA[2018-10-12 12:58:43 - [TEST_CASE][PASSED] - Test Cases/Backoffice/RegisterAccount: Test Cases/Backoffice/RegisterAccount

2018-10-12 12:58:43 - [TEST_STEP][PASSED] - focus: Object: 'Object Repository/Backoffice/Clients/Clients' is focused

2018-10-12 12:58:43 - [MESSAGE][PASSED] - Object: 'Object Repository/Backoffice/Clients/Clients' is focused

2018-10-12 12:58:43 - [TEST_STEP][PASSED] - verifyElementPresent: Object 'Object Repository/Backoffice/Clients/Client Registration' is present

2018-10-12 12:58:43 - [MESSAGE][PASSED] - Object 'Object Repository/Backoffice/Clients/Client Registration' is present

2018-10-12 12:58:43 - [TEST_STEP][PASSED] - click: Object: 'Object Repository/Backoffice/Clients/Client Registration' is clicked on

2018-10-12 12:58:44 - [MESSAGE][PASSED] - Object: 'Object Repository/Backoffice/Clients/Client Registration' is clicked on

2018-10-12 12:58:44 - [TEST_STEP][PASSED] - setText: Text 'dovedescent' is set on object 'Object Repository/Backoffice/Clients/Registration/input_username'

2018-10-12 12:58:44 - [MESSAGE][PASSED] - Text 'dovedescent' is set on object 'Object Repository/Backoffice/Clients/Registration/input_username'

2018-10-12 12:58:44 - [TEST_STEP][PASSED] - setText: Text '123123' is set on object 'Object Repository/Backoffice/Clients/Registration/input_password'

2018-10-12 12:58:44 - [MESSAGE][PASSED] - Text '123123' is set on object 'Object Repository/Backoffice/Clients/Registration/input_password'

2018-10-12 12:58:44 - [TEST_STEP][PASSED] - setText: Text '123123' is set on object 'Object Repository/Backoffice/Clients/Registration/input_confirmp'

2018-10-12 12:58:45 - [MESSAGE][PASSED] - Text '123123' is set on object 'Object Repository/Backoffice/Clients/Registration/input_confirmp'

2018-10-12 12:58:45 - [TEST_STEP][PASSED] - selectOptionByValue: All options with value 'test' are selected in object 'Object Repository/Backoffice/Clients/Registration/select_operatorcode' 

2018-10-12 12:58:45 - [MESSAGE][PASSED] - All options with value 'test' are selected in object 'Object Repository/Backoffice/Clients/Registration/select_operatorcode' 

2018-10-12 12:58:45 - [TEST_STEP][PASSED] - selectOptionByValue: All options with value '1' are selected in object 'Object Repository/Backoffice/Clients/Registration/select_status' 

2018-10-12 12:58:45 - [MESSAGE][PASSED] - All options with value '1' are selected in object 'Object Repository/Backoffice/Clients/Registration/select_status' 

2018-10-12 12:58:45 - [TEST_STEP][PASSED] - delay: Delayed 2 second(s)

2018-10-12 12:58:47 - [MESSAGE][PASSED] - Delayed 2 second(s)

2018-10-12 12:58:47 - [TEST_STEP][PASSED] - click: Object: 'Object Repository/Backoffice/Clients/Registration/button_Submit' is clicked on

2018-10-12 12:58:48 - [MESSAGE][PASSED] - Object: 'Object Repository/Backoffice/Clients/Registration/button_Submit' is clicked on

2018-10-12 12:58:48 - [TEST_STEP][PASSED] - delay: Delayed 2 second(s)

2018-10-12 12:58:50 - [MESSAGE][PASSED] - Delayed 2 second(s)]]></system-out>
         <system-err><![CDATA[]]></system-err>
      </testcase>
      <testcase name="Test Cases/Backoffice/RegisterAccount" classname="Test Cases/Backoffice/RegisterAccount" status="PASSED">
         <system-out><![CDATA[2018-10-12 12:58:50 - [TEST_CASE][PASSED] - Test Cases/Backoffice/RegisterAccount: Test Cases/Backoffice/RegisterAccount

2018-10-12 12:58:50 - [TEST_STEP][PASSED] - focus: Object: 'Object Repository/Backoffice/Clients/Clients' is focused

2018-10-12 12:58:50 - [MESSAGE][PASSED] - Object: 'Object Repository/Backoffice/Clients/Clients' is focused

2018-10-12 12:58:50 - [TEST_STEP][PASSED] - verifyElementPresent: Object 'Object Repository/Backoffice/Clients/Client Registration' is present

2018-10-12 12:58:50 - [MESSAGE][PASSED] - Object 'Object Repository/Backoffice/Clients/Client Registration' is present

2018-10-12 12:58:50 - [TEST_STEP][PASSED] - click: Object: 'Object Repository/Backoffice/Clients/Client Registration' is clicked on

2018-10-12 12:58:51 - [MESSAGE][PASSED] - Object: 'Object Repository/Backoffice/Clients/Client Registration' is clicked on

2018-10-12 12:58:51 - [TEST_STEP][PASSED] - setText: Text 'droppingdollar' is set on object 'Object Repository/Backoffice/Clients/Registration/input_username'

2018-10-12 12:58:51 - [MESSAGE][PASSED] - Text 'droppingdollar' is set on object 'Object Repository/Backoffice/Clients/Registration/input_username'

2018-10-12 12:58:51 - [TEST_STEP][PASSED] - setText: Text '123123' is set on object 'Object Repository/Backoffice/Clients/Registration/input_password'

2018-10-12 12:58:51 - [MESSAGE][PASSED] - Text '123123' is set on object 'Object Repository/Backoffice/Clients/Registration/input_password'

2018-10-12 12:58:51 - [TEST_STEP][PASSED] - setText: Text '123123' is set on object 'Object Repository/Backoffice/Clients/Registration/input_confirmp'

2018-10-12 12:58:52 - [MESSAGE][PASSED] - Text '123123' is set on object 'Object Repository/Backoffice/Clients/Registration/input_confirmp'

2018-10-12 12:58:52 - [TEST_STEP][PASSED] - selectOptionByValue: All options with value 'test' are selected in object 'Object Repository/Backoffice/Clients/Registration/select_operatorcode' 

2018-10-12 12:58:52 - [MESSAGE][PASSED] - All options with value 'test' are selected in object 'Object Repository/Backoffice/Clients/Registration/select_operatorcode' 

2018-10-12 12:58:52 - [TEST_STEP][PASSED] - selectOptionByValue: All options with value '1' are selected in object 'Object Repository/Backoffice/Clients/Registration/select_status' 

2018-10-12 12:58:52 - [MESSAGE][PASSED] - All options with value '1' are selected in object 'Object Repository/Backoffice/Clients/Registration/select_status' 

2018-10-12 12:58:52 - [TEST_STEP][PASSED] - delay: Delayed 2 second(s)

2018-10-12 12:58:54 - [MESSAGE][PASSED] - Delayed 2 second(s)

2018-10-12 12:58:54 - [TEST_STEP][PASSED] - click: Object: 'Object Repository/Backoffice/Clients/Registration/button_Submit' is clicked on

2018-10-12 12:58:55 - [MESSAGE][PASSED] - Object: 'Object Repository/Backoffice/Clients/Registration/button_Submit' is clicked on

2018-10-12 12:58:55 - [TEST_STEP][PASSED] - delay: Delayed 2 second(s)

2018-10-12 12:58:57 - [MESSAGE][PASSED] - Delayed 2 second(s)]]></system-out>
         <system-err><![CDATA[]]></system-err>
      </testcase>
      <testcase name="Test Cases/Backoffice/RegisterAccount" classname="Test Cases/Backoffice/RegisterAccount" status="PASSED">
         <system-out><![CDATA[2018-10-12 12:58:57 - [TEST_CASE][PASSED] - Test Cases/Backoffice/RegisterAccount: Test Cases/Backoffice/RegisterAccount

2018-10-12 12:58:57 - [TEST_STEP][PASSED] - focus: Object: 'Object Repository/Backoffice/Clients/Clients' is focused

2018-10-12 12:58:57 - [MESSAGE][PASSED] - Object: 'Object Repository/Backoffice/Clients/Clients' is focused

2018-10-12 12:58:57 - [TEST_STEP][PASSED] - verifyElementPresent: Object 'Object Repository/Backoffice/Clients/Client Registration' is present

2018-10-12 12:58:57 - [MESSAGE][PASSED] - Object 'Object Repository/Backoffice/Clients/Client Registration' is present

2018-10-12 12:58:57 - [TEST_STEP][PASSED] - click: Object: 'Object Repository/Backoffice/Clients/Client Registration' is clicked on

2018-10-12 12:58:57 - [MESSAGE][PASSED] - Object: 'Object Repository/Backoffice/Clients/Client Registration' is clicked on

2018-10-12 12:58:57 - [TEST_STEP][PASSED] - setText: Text 'dewberrydayer' is set on object 'Object Repository/Backoffice/Clients/Registration/input_username'

2018-10-12 12:58:58 - [MESSAGE][PASSED] - Text 'dewberrydayer' is set on object 'Object Repository/Backoffice/Clients/Registration/input_username'

2018-10-12 12:58:58 - [TEST_STEP][PASSED] - setText: Text '123123' is set on object 'Object Repository/Backoffice/Clients/Registration/input_password'

2018-10-12 12:58:58 - [MESSAGE][PASSED] - Text '123123' is set on object 'Object Repository/Backoffice/Clients/Registration/input_password'

2018-10-12 12:58:58 - [TEST_STEP][PASSED] - setText: Text '123123' is set on object 'Object Repository/Backoffice/Clients/Registration/input_confirmp'

2018-10-12 12:58:58 - [MESSAGE][PASSED] - Text '123123' is set on object 'Object Repository/Backoffice/Clients/Registration/input_confirmp'

2018-10-12 12:58:58 - [TEST_STEP][PASSED] - selectOptionByValue: All options with value 'test' are selected in object 'Object Repository/Backoffice/Clients/Registration/select_operatorcode' 

2018-10-12 12:58:58 - [MESSAGE][PASSED] - All options with value 'test' are selected in object 'Object Repository/Backoffice/Clients/Registration/select_operatorcode' 

2018-10-12 12:58:58 - [TEST_STEP][PASSED] - selectOptionByValue: All options with value '1' are selected in object 'Object Repository/Backoffice/Clients/Registration/select_status' 

2018-10-12 12:58:58 - [MESSAGE][PASSED] - All options with value '1' are selected in object 'Object Repository/Backoffice/Clients/Registration/select_status' 

2018-10-12 12:58:58 - [TEST_STEP][PASSED] - delay: Delayed 2 second(s)

2018-10-12 12:59:00 - [MESSAGE][PASSED] - Delayed 2 second(s)

2018-10-12 12:59:00 - [TEST_STEP][PASSED] - click: Object: 'Object Repository/Backoffice/Clients/Registration/button_Submit' is clicked on

2018-10-12 12:59:01 - [MESSAGE][PASSED] - Object: 'Object Repository/Backoffice/Clients/Registration/button_Submit' is clicked on

2018-10-12 12:59:01 - [TEST_STEP][PASSED] - delay: Delayed 2 second(s)

2018-10-12 12:59:03 - [MESSAGE][PASSED] - Delayed 2 second(s)]]></system-out>
         <system-err><![CDATA[]]></system-err>
      </testcase>
      <testcase name="Test Cases/Backoffice/RegisterAccount" classname="Test Cases/Backoffice/RegisterAccount" status="PASSED">
         <system-out><![CDATA[2018-10-12 12:59:03 - [TEST_CASE][PASSED] - Test Cases/Backoffice/RegisterAccount: Test Cases/Backoffice/RegisterAccount

2018-10-12 12:59:03 - [TEST_STEP][PASSED] - focus: Object: 'Object Repository/Backoffice/Clients/Clients' is focused

2018-10-12 12:59:03 - [MESSAGE][PASSED] - Object: 'Object Repository/Backoffice/Clients/Clients' is focused

2018-10-12 12:59:03 - [TEST_STEP][PASSED] - verifyElementPresent: Object 'Object Repository/Backoffice/Clients/Client Registration' is present

2018-10-12 12:59:03 - [MESSAGE][PASSED] - Object 'Object Repository/Backoffice/Clients/Client Registration' is present

2018-10-12 12:59:03 - [TEST_STEP][PASSED] - click: Object: 'Object Repository/Backoffice/Clients/Client Registration' is clicked on

2018-10-12 12:59:04 - [MESSAGE][PASSED] - Object: 'Object Repository/Backoffice/Clients/Client Registration' is clicked on

2018-10-12 12:59:04 - [TEST_STEP][PASSED] - setText: Text 'dartboarddejected' is set on object 'Object Repository/Backoffice/Clients/Registration/input_username'

2018-10-12 12:59:04 - [MESSAGE][PASSED] - Text 'dartboarddejected' is set on object 'Object Repository/Backoffice/Clients/Registration/input_username'

2018-10-12 12:59:04 - [TEST_STEP][PASSED] - setText: Text '123123' is set on object 'Object Repository/Backoffice/Clients/Registration/input_password'

2018-10-12 12:59:04 - [MESSAGE][PASSED] - Text '123123' is set on object 'Object Repository/Backoffice/Clients/Registration/input_password'

2018-10-12 12:59:04 - [TEST_STEP][PASSED] - setText: Text '123123' is set on object 'Object Repository/Backoffice/Clients/Registration/input_confirmp'

2018-10-12 12:59:04 - [MESSAGE][PASSED] - Text '123123' is set on object 'Object Repository/Backoffice/Clients/Registration/input_confirmp'

2018-10-12 12:59:04 - [TEST_STEP][PASSED] - selectOptionByValue: All options with value 'test' are selected in object 'Object Repository/Backoffice/Clients/Registration/select_operatorcode' 

2018-10-12 12:59:05 - [MESSAGE][PASSED] - All options with value 'test' are selected in object 'Object Repository/Backoffice/Clients/Registration/select_operatorcode' 

2018-10-12 12:59:05 - [TEST_STEP][PASSED] - selectOptionByValue: All options with value '1' are selected in object 'Object Repository/Backoffice/Clients/Registration/select_status' 

2018-10-12 12:59:05 - [MESSAGE][PASSED] - All options with value '1' are selected in object 'Object Repository/Backoffice/Clients/Registration/select_status' 

2018-10-12 12:59:05 - [TEST_STEP][PASSED] - delay: Delayed 2 second(s)

2018-10-12 12:59:07 - [MESSAGE][PASSED] - Delayed 2 second(s)

2018-10-12 12:59:07 - [TEST_STEP][PASSED] - click: Object: 'Object Repository/Backoffice/Clients/Registration/button_Submit' is clicked on

2018-10-12 12:59:08 - [MESSAGE][PASSED] - Object: 'Object Repository/Backoffice/Clients/Registration/button_Submit' is clicked on

2018-10-12 12:59:08 - [TEST_STEP][PASSED] - delay: Delayed 2 second(s)

2018-10-12 12:59:10 - [MESSAGE][PASSED] - Delayed 2 second(s)]]></system-out>
         <system-err><![CDATA[]]></system-err>
      </testcase>
      <testcase name="Test Cases/Backoffice/RegisterAccount" classname="Test Cases/Backoffice/RegisterAccount" status="PASSED">
         <system-out><![CDATA[2018-10-12 12:59:10 - [TEST_CASE][PASSED] - Test Cases/Backoffice/RegisterAccount: Test Cases/Backoffice/RegisterAccount

2018-10-12 12:59:10 - [TEST_STEP][PASSED] - focus: Object: 'Object Repository/Backoffice/Clients/Clients' is focused

2018-10-12 12:59:10 - [MESSAGE][PASSED] - Object: 'Object Repository/Backoffice/Clients/Clients' is focused

2018-10-12 12:59:10 - [TEST_STEP][PASSED] - verifyElementPresent: Object 'Object Repository/Backoffice/Clients/Client Registration' is present

2018-10-12 12:59:10 - [MESSAGE][PASSED] - Object 'Object Repository/Backoffice/Clients/Client Registration' is present

2018-10-12 12:59:10 - [TEST_STEP][PASSED] - click: Object: 'Object Repository/Backoffice/Clients/Client Registration' is clicked on

2018-10-12 12:59:11 - [MESSAGE][PASSED] - Object: 'Object Repository/Backoffice/Clients/Client Registration' is clicked on

2018-10-12 12:59:11 - [TEST_STEP][PASSED] - setText: Text 'dankishdynamic' is set on object 'Object Repository/Backoffice/Clients/Registration/input_username'

2018-10-12 12:59:11 - [MESSAGE][PASSED] - Text 'dankishdynamic' is set on object 'Object Repository/Backoffice/Clients/Registration/input_username'

2018-10-12 12:59:11 - [TEST_STEP][PASSED] - setText: Text '123123' is set on object 'Object Repository/Backoffice/Clients/Registration/input_password'

2018-10-12 12:59:11 - [MESSAGE][PASSED] - Text '123123' is set on object 'Object Repository/Backoffice/Clients/Registration/input_password'

2018-10-12 12:59:11 - [TEST_STEP][PASSED] - setText: Text '123123' is set on object 'Object Repository/Backoffice/Clients/Registration/input_confirmp'

2018-10-12 12:59:12 - [MESSAGE][PASSED] - Text '123123' is set on object 'Object Repository/Backoffice/Clients/Registration/input_confirmp'

2018-10-12 12:59:12 - [TEST_STEP][PASSED] - selectOptionByValue: All options with value 'test' are selected in object 'Object Repository/Backoffice/Clients/Registration/select_operatorcode' 

2018-10-12 12:59:12 - [MESSAGE][PASSED] - All options with value 'test' are selected in object 'Object Repository/Backoffice/Clients/Registration/select_operatorcode' 

2018-10-12 12:59:12 - [TEST_STEP][PASSED] - selectOptionByValue: All options with value '1' are selected in object 'Object Repository/Backoffice/Clients/Registration/select_status' 

2018-10-12 12:59:12 - [MESSAGE][PASSED] - All options with value '1' are selected in object 'Object Repository/Backoffice/Clients/Registration/select_status' 

2018-10-12 12:59:12 - [TEST_STEP][PASSED] - delay: Delayed 2 second(s)

2018-10-12 12:59:14 - [MESSAGE][PASSED] - Delayed 2 second(s)

2018-10-12 12:59:14 - [TEST_STEP][PASSED] - click: Object: 'Object Repository/Backoffice/Clients/Registration/button_Submit' is clicked on

2018-10-12 12:59:15 - [MESSAGE][PASSED] - Object: 'Object Repository/Backoffice/Clients/Registration/button_Submit' is clicked on

2018-10-12 12:59:15 - [TEST_STEP][PASSED] - delay: Delayed 2 second(s)

2018-10-12 12:59:17 - [MESSAGE][PASSED] - Delayed 2 second(s)]]></system-out>
         <system-err><![CDATA[]]></system-err>
      </testcase>
      <testcase name="Test Cases/Backoffice/RegisterAccount" classname="Test Cases/Backoffice/RegisterAccount" status="PASSED">
         <system-out><![CDATA[2018-10-12 12:59:17 - [TEST_CASE][PASSED] - Test Cases/Backoffice/RegisterAccount: Test Cases/Backoffice/RegisterAccount

2018-10-12 12:59:17 - [TEST_STEP][PASSED] - focus: Object: 'Object Repository/Backoffice/Clients/Clients' is focused

2018-10-12 12:59:17 - [MESSAGE][PASSED] - Object: 'Object Repository/Backoffice/Clients/Clients' is focused

2018-10-12 12:59:17 - [TEST_STEP][PASSED] - verifyElementPresent: Object 'Object Repository/Backoffice/Clients/Client Registration' is present

2018-10-12 12:59:17 - [MESSAGE][PASSED] - Object 'Object Repository/Backoffice/Clients/Client Registration' is present

2018-10-12 12:59:17 - [TEST_STEP][PASSED] - click: Object: 'Object Repository/Backoffice/Clients/Client Registration' is clicked on

2018-10-12 12:59:18 - [MESSAGE][PASSED] - Object: 'Object Repository/Backoffice/Clients/Client Registration' is clicked on

2018-10-12 12:59:18 - [TEST_STEP][PASSED] - setText: Text 'dogdiscus' is set on object 'Object Repository/Backoffice/Clients/Registration/input_username'

2018-10-12 12:59:18 - [MESSAGE][PASSED] - Text 'dogdiscus' is set on object 'Object Repository/Backoffice/Clients/Registration/input_username'

2018-10-12 12:59:18 - [TEST_STEP][PASSED] - setText: Text '123123' is set on object 'Object Repository/Backoffice/Clients/Registration/input_password'

2018-10-12 12:59:18 - [MESSAGE][PASSED] - Text '123123' is set on object 'Object Repository/Backoffice/Clients/Registration/input_password'

2018-10-12 12:59:18 - [TEST_STEP][PASSED] - setText: Text '123123' is set on object 'Object Repository/Backoffice/Clients/Registration/input_confirmp'

2018-10-12 12:59:19 - [MESSAGE][PASSED] - Text '123123' is set on object 'Object Repository/Backoffice/Clients/Registration/input_confirmp'

2018-10-12 12:59:19 - [TEST_STEP][PASSED] - selectOptionByValue: All options with value 'test' are selected in object 'Object Repository/Backoffice/Clients/Registration/select_operatorcode' 

2018-10-12 12:59:19 - [MESSAGE][PASSED] - All options with value 'test' are selected in object 'Object Repository/Backoffice/Clients/Registration/select_operatorcode' 

2018-10-12 12:59:19 - [TEST_STEP][PASSED] - selectOptionByValue: All options with value '1' are selected in object 'Object Repository/Backoffice/Clients/Registration/select_status' 

2018-10-12 12:59:19 - [MESSAGE][PASSED] - All options with value '1' are selected in object 'Object Repository/Backoffice/Clients/Registration/select_status' 

2018-10-12 12:59:19 - [TEST_STEP][PASSED] - delay: Delayed 2 second(s)

2018-10-12 12:59:21 - [MESSAGE][PASSED] - Delayed 2 second(s)

2018-10-12 12:59:21 - [TEST_STEP][PASSED] - click: Object: 'Object Repository/Backoffice/Clients/Registration/button_Submit' is clicked on

2018-10-12 12:59:22 - [MESSAGE][PASSED] - Object: 'Object Repository/Backoffice/Clients/Registration/button_Submit' is clicked on

2018-10-12 12:59:22 - [TEST_STEP][PASSED] - delay: Delayed 2 second(s)

2018-10-12 12:59:24 - [MESSAGE][PASSED] - Delayed 2 second(s)]]></system-out>
         <system-err><![CDATA[]]></system-err>
      </testcase>
      <testcase name="Test Cases/Backoffice/RegisterAccount" classname="Test Cases/Backoffice/RegisterAccount" status="PASSED">
         <system-out><![CDATA[2018-10-12 12:59:24 - [TEST_CASE][PASSED] - Test Cases/Backoffice/RegisterAccount: Test Cases/Backoffice/RegisterAccount

2018-10-12 12:59:24 - [TEST_STEP][PASSED] - focus: Object: 'Object Repository/Backoffice/Clients/Clients' is focused

2018-10-12 12:59:24 - [MESSAGE][PASSED] - Object: 'Object Repository/Backoffice/Clients/Clients' is focused

2018-10-12 12:59:24 - [TEST_STEP][PASSED] - verifyElementPresent: Object 'Object Repository/Backoffice/Clients/Client Registration' is present

2018-10-12 12:59:24 - [MESSAGE][PASSED] - Object 'Object Repository/Backoffice/Clients/Client Registration' is present

2018-10-12 12:59:24 - [TEST_STEP][PASSED] - click: Object: 'Object Repository/Backoffice/Clients/Client Registration' is clicked on

2018-10-12 12:59:26 - [MESSAGE][PASSED] - Object: 'Object Repository/Backoffice/Clients/Client Registration' is clicked on

2018-10-12 12:59:26 - [TEST_STEP][PASSED] - setText: Text 'dualdominant' is set on object 'Object Repository/Backoffice/Clients/Registration/input_username'

2018-10-12 12:59:27 - [MESSAGE][PASSED] - Text 'dualdominant' is set on object 'Object Repository/Backoffice/Clients/Registration/input_username'

2018-10-12 12:59:27 - [TEST_STEP][PASSED] - setText: Text '123123' is set on object 'Object Repository/Backoffice/Clients/Registration/input_password'

2018-10-12 12:59:27 - [MESSAGE][PASSED] - Text '123123' is set on object 'Object Repository/Backoffice/Clients/Registration/input_password'

2018-10-12 12:59:27 - [TEST_STEP][PASSED] - setText: Text '123123' is set on object 'Object Repository/Backoffice/Clients/Registration/input_confirmp'

2018-10-12 12:59:27 - [MESSAGE][PASSED] - Text '123123' is set on object 'Object Repository/Backoffice/Clients/Registration/input_confirmp'

2018-10-12 12:59:27 - [TEST_STEP][PASSED] - selectOptionByValue: All options with value 'test' are selected in object 'Object Repository/Backoffice/Clients/Registration/select_operatorcode' 

2018-10-12 12:59:28 - [MESSAGE][PASSED] - All options with value 'test' are selected in object 'Object Repository/Backoffice/Clients/Registration/select_operatorcode' 

2018-10-12 12:59:28 - [TEST_STEP][PASSED] - selectOptionByValue: All options with value '1' are selected in object 'Object Repository/Backoffice/Clients/Registration/select_status' 

2018-10-12 12:59:28 - [MESSAGE][PASSED] - All options with value '1' are selected in object 'Object Repository/Backoffice/Clients/Registration/select_status' 

2018-10-12 12:59:28 - [TEST_STEP][PASSED] - delay: Delayed 2 second(s)

2018-10-12 12:59:30 - [MESSAGE][PASSED] - Delayed 2 second(s)

2018-10-12 12:59:30 - [TEST_STEP][PASSED] - click: Object: 'Object Repository/Backoffice/Clients/Registration/button_Submit' is clicked on

2018-10-12 12:59:31 - [MESSAGE][PASSED] - Object: 'Object Repository/Backoffice/Clients/Registration/button_Submit' is clicked on

2018-10-12 12:59:31 - [TEST_STEP][PASSED] - delay: Delayed 2 second(s)

2018-10-12 12:59:33 - [MESSAGE][PASSED] - Delayed 2 second(s)]]></system-out>
         <system-err><![CDATA[]]></system-err>
      </testcase>
      <testcase name="Test Cases/Backoffice/RegisterAccount" classname="Test Cases/Backoffice/RegisterAccount" status="PASSED">
         <system-out><![CDATA[2018-10-12 12:59:33 - [TEST_CASE][PASSED] - Test Cases/Backoffice/RegisterAccount: Test Cases/Backoffice/RegisterAccount

2018-10-12 12:59:33 - [TEST_STEP][PASSED] - focus: Object: 'Object Repository/Backoffice/Clients/Clients' is focused

2018-10-12 12:59:33 - [MESSAGE][PASSED] - Object: 'Object Repository/Backoffice/Clients/Clients' is focused

2018-10-12 12:59:33 - [TEST_STEP][PASSED] - verifyElementPresent: Object 'Object Repository/Backoffice/Clients/Client Registration' is present

2018-10-12 12:59:33 - [MESSAGE][PASSED] - Object 'Object Repository/Backoffice/Clients/Client Registration' is present

2018-10-12 12:59:33 - [TEST_STEP][PASSED] - click: Object: 'Object Repository/Backoffice/Clients/Client Registration' is clicked on

2018-10-12 12:59:34 - [MESSAGE][PASSED] - Object: 'Object Repository/Backoffice/Clients/Client Registration' is clicked on

2018-10-12 12:59:34 - [TEST_STEP][PASSED] - setText: Text 'dancerdeformed' is set on object 'Object Repository/Backoffice/Clients/Registration/input_username'

2018-10-12 12:59:34 - [MESSAGE][PASSED] - Text 'dancerdeformed' is set on object 'Object Repository/Backoffice/Clients/Registration/input_username'

2018-10-12 12:59:34 - [TEST_STEP][PASSED] - setText: Text '123123' is set on object 'Object Repository/Backoffice/Clients/Registration/input_password'

2018-10-12 12:59:34 - [MESSAGE][PASSED] - Text '123123' is set on object 'Object Repository/Backoffice/Clients/Registration/input_password'

2018-10-12 12:59:34 - [TEST_STEP][PASSED] - setText: Text '123123' is set on object 'Object Repository/Backoffice/Clients/Registration/input_confirmp'

2018-10-12 12:59:35 - [MESSAGE][PASSED] - Text '123123' is set on object 'Object Repository/Backoffice/Clients/Registration/input_confirmp'

2018-10-12 12:59:35 - [TEST_STEP][PASSED] - selectOptionByValue: All options with value 'test' are selected in object 'Object Repository/Backoffice/Clients/Registration/select_operatorcode' 

2018-10-12 12:59:35 - [MESSAGE][PASSED] - All options with value 'test' are selected in object 'Object Repository/Backoffice/Clients/Registration/select_operatorcode' 

2018-10-12 12:59:35 - [TEST_STEP][PASSED] - selectOptionByValue: All options with value '1' are selected in object 'Object Repository/Backoffice/Clients/Registration/select_status' 

2018-10-12 12:59:35 - [MESSAGE][PASSED] - All options with value '1' are selected in object 'Object Repository/Backoffice/Clients/Registration/select_status' 

2018-10-12 12:59:35 - [TEST_STEP][PASSED] - delay: Delayed 2 second(s)

2018-10-12 12:59:37 - [MESSAGE][PASSED] - Delayed 2 second(s)

2018-10-12 12:59:37 - [TEST_STEP][PASSED] - click: Object: 'Object Repository/Backoffice/Clients/Registration/button_Submit' is clicked on

2018-10-12 12:59:38 - [MESSAGE][PASSED] - Object: 'Object Repository/Backoffice/Clients/Registration/button_Submit' is clicked on

2018-10-12 12:59:38 - [TEST_STEP][PASSED] - delay: Delayed 2 second(s)

2018-10-12 12:59:40 - [MESSAGE][PASSED] - Delayed 2 second(s)]]></system-out>
         <system-err><![CDATA[]]></system-err>
      </testcase>
      <testcase name="Test Cases/Backoffice/RegisterAccount" classname="Test Cases/Backoffice/RegisterAccount" status="PASSED">
         <system-out><![CDATA[2018-10-12 12:59:40 - [TEST_CASE][PASSED] - Test Cases/Backoffice/RegisterAccount: Test Cases/Backoffice/RegisterAccount

2018-10-12 12:59:40 - [TEST_STEP][PASSED] - focus: Object: 'Object Repository/Backoffice/Clients/Clients' is focused

2018-10-12 12:59:40 - [MESSAGE][PASSED] - Object: 'Object Repository/Backoffice/Clients/Clients' is focused

2018-10-12 12:59:40 - [TEST_STEP][PASSED] - verifyElementPresent: Object 'Object Repository/Backoffice/Clients/Client Registration' is present

2018-10-12 12:59:40 - [MESSAGE][PASSED] - Object 'Object Repository/Backoffice/Clients/Client Registration' is present

2018-10-12 12:59:40 - [TEST_STEP][PASSED] - click: Object: 'Object Repository/Backoffice/Clients/Client Registration' is clicked on

2018-10-12 12:59:41 - [MESSAGE][PASSED] - Object: 'Object Repository/Backoffice/Clients/Client Registration' is clicked on

2018-10-12 12:59:41 - [TEST_STEP][PASSED] - setText: Text 'drugdecimal' is set on object 'Object Repository/Backoffice/Clients/Registration/input_username'

2018-10-12 12:59:41 - [MESSAGE][PASSED] - Text 'drugdecimal' is set on object 'Object Repository/Backoffice/Clients/Registration/input_username'

2018-10-12 12:59:41 - [TEST_STEP][PASSED] - setText: Text '123123' is set on object 'Object Repository/Backoffice/Clients/Registration/input_password'

2018-10-12 12:59:41 - [MESSAGE][PASSED] - Text '123123' is set on object 'Object Repository/Backoffice/Clients/Registration/input_password'

2018-10-12 12:59:41 - [TEST_STEP][PASSED] - setText: Text '123123' is set on object 'Object Repository/Backoffice/Clients/Registration/input_confirmp'

2018-10-12 12:59:41 - [MESSAGE][PASSED] - Text '123123' is set on object 'Object Repository/Backoffice/Clients/Registration/input_confirmp'

2018-10-12 12:59:41 - [TEST_STEP][PASSED] - selectOptionByValue: All options with value 'test' are selected in object 'Object Repository/Backoffice/Clients/Registration/select_operatorcode' 

2018-10-12 12:59:41 - [MESSAGE][PASSED] - All options with value 'test' are selected in object 'Object Repository/Backoffice/Clients/Registration/select_operatorcode' 

2018-10-12 12:59:41 - [TEST_STEP][PASSED] - selectOptionByValue: All options with value '1' are selected in object 'Object Repository/Backoffice/Clients/Registration/select_status' 

2018-10-12 12:59:41 - [MESSAGE][PASSED] - All options with value '1' are selected in object 'Object Repository/Backoffice/Clients/Registration/select_status' 

2018-10-12 12:59:41 - [TEST_STEP][PASSED] - delay: Delayed 2 second(s)

2018-10-12 12:59:43 - [MESSAGE][PASSED] - Delayed 2 second(s)

2018-10-12 12:59:43 - [TEST_STEP][PASSED] - click: Object: 'Object Repository/Backoffice/Clients/Registration/button_Submit' is clicked on

2018-10-12 12:59:44 - [MESSAGE][PASSED] - Object: 'Object Repository/Backoffice/Clients/Registration/button_Submit' is clicked on

2018-10-12 12:59:44 - [TEST_STEP][PASSED] - delay: Delayed 2 second(s)

2018-10-12 12:59:46 - [MESSAGE][PASSED] - Delayed 2 second(s)]]></system-out>
         <system-err><![CDATA[]]></system-err>
      </testcase>
      <testcase name="Test Cases/Backoffice/RegisterAccount" classname="Test Cases/Backoffice/RegisterAccount" status="PASSED">
         <system-out><![CDATA[2018-10-12 12:59:46 - [TEST_CASE][PASSED] - Test Cases/Backoffice/RegisterAccount: Test Cases/Backoffice/RegisterAccount

2018-10-12 12:59:46 - [TEST_STEP][PASSED] - focus: Object: 'Object Repository/Backoffice/Clients/Clients' is focused

2018-10-12 12:59:46 - [MESSAGE][PASSED] - Object: 'Object Repository/Backoffice/Clients/Clients' is focused

2018-10-12 12:59:46 - [TEST_STEP][PASSED] - verifyElementPresent: Object 'Object Repository/Backoffice/Clients/Client Registration' is present

2018-10-12 12:59:46 - [MESSAGE][PASSED] - Object 'Object Repository/Backoffice/Clients/Client Registration' is present

2018-10-12 12:59:46 - [TEST_STEP][PASSED] - click: Object: 'Object Repository/Backoffice/Clients/Client Registration' is clicked on

2018-10-12 12:59:47 - [MESSAGE][PASSED] - Object: 'Object Repository/Backoffice/Clients/Client Registration' is clicked on

2018-10-12 12:59:47 - [TEST_STEP][PASSED] - setText: Text 'diamonddider' is set on object 'Object Repository/Backoffice/Clients/Registration/input_username'

2018-10-12 12:59:47 - [MESSAGE][PASSED] - Text 'diamonddider' is set on object 'Object Repository/Backoffice/Clients/Registration/input_username'

2018-10-12 12:59:47 - [TEST_STEP][PASSED] - setText: Text '123123' is set on object 'Object Repository/Backoffice/Clients/Registration/input_password'

2018-10-12 12:59:47 - [MESSAGE][PASSED] - Text '123123' is set on object 'Object Repository/Backoffice/Clients/Registration/input_password'

2018-10-12 12:59:47 - [TEST_STEP][PASSED] - setText: Text '123123' is set on object 'Object Repository/Backoffice/Clients/Registration/input_confirmp'

2018-10-12 12:59:47 - [MESSAGE][PASSED] - Text '123123' is set on object 'Object Repository/Backoffice/Clients/Registration/input_confirmp'

2018-10-12 12:59:47 - [TEST_STEP][PASSED] - selectOptionByValue: All options with value 'test' are selected in object 'Object Repository/Backoffice/Clients/Registration/select_operatorcode' 

2018-10-12 12:59:47 - [MESSAGE][PASSED] - All options with value 'test' are selected in object 'Object Repository/Backoffice/Clients/Registration/select_operatorcode' 

2018-10-12 12:59:47 - [TEST_STEP][PASSED] - selectOptionByValue: All options with value '1' are selected in object 'Object Repository/Backoffice/Clients/Registration/select_status' 

2018-10-12 12:59:48 - [MESSAGE][PASSED] - All options with value '1' are selected in object 'Object Repository/Backoffice/Clients/Registration/select_status' 

2018-10-12 12:59:48 - [TEST_STEP][PASSED] - delay: Delayed 2 second(s)

2018-10-12 12:59:50 - [MESSAGE][PASSED] - Delayed 2 second(s)

2018-10-12 12:59:50 - [TEST_STEP][PASSED] - click: Object: 'Object Repository/Backoffice/Clients/Registration/button_Submit' is clicked on

2018-10-12 12:59:51 - [MESSAGE][PASSED] - Object: 'Object Repository/Backoffice/Clients/Registration/button_Submit' is clicked on

2018-10-12 12:59:51 - [TEST_STEP][PASSED] - delay: Delayed 2 second(s)

2018-10-12 12:59:53 - [MESSAGE][PASSED] - Delayed 2 second(s)]]></system-out>
         <system-err><![CDATA[]]></system-err>
      </testcase>
      <testcase name="Test Cases/Backoffice/RegisterAccount" classname="Test Cases/Backoffice/RegisterAccount" status="PASSED">
         <system-out><![CDATA[2018-10-12 12:59:53 - [TEST_CASE][PASSED] - Test Cases/Backoffice/RegisterAccount: Test Cases/Backoffice/RegisterAccount

2018-10-12 12:59:53 - [TEST_STEP][PASSED] - focus: Object: 'Object Repository/Backoffice/Clients/Clients' is focused

2018-10-12 12:59:53 - [MESSAGE][PASSED] - Object: 'Object Repository/Backoffice/Clients/Clients' is focused

2018-10-12 12:59:53 - [TEST_STEP][PASSED] - verifyElementPresent: Object 'Object Repository/Backoffice/Clients/Client Registration' is present

2018-10-12 12:59:53 - [MESSAGE][PASSED] - Object 'Object Repository/Backoffice/Clients/Client Registration' is present

2018-10-12 12:59:53 - [TEST_STEP][PASSED] - click: Object: 'Object Repository/Backoffice/Clients/Client Registration' is clicked on

2018-10-12 12:59:53 - [MESSAGE][PASSED] - Object: 'Object Repository/Backoffice/Clients/Client Registration' is clicked on

2018-10-12 12:59:53 - [TEST_STEP][PASSED] - setText: Text 'denteddiamox' is set on object 'Object Repository/Backoffice/Clients/Registration/input_username'

2018-10-12 12:59:54 - [MESSAGE][PASSED] - Text 'denteddiamox' is set on object 'Object Repository/Backoffice/Clients/Registration/input_username'

2018-10-12 12:59:54 - [TEST_STEP][PASSED] - setText: Text '123123' is set on object 'Object Repository/Backoffice/Clients/Registration/input_password'

2018-10-12 12:59:54 - [MESSAGE][PASSED] - Text '123123' is set on object 'Object Repository/Backoffice/Clients/Registration/input_password'

2018-10-12 12:59:54 - [TEST_STEP][PASSED] - setText: Text '123123' is set on object 'Object Repository/Backoffice/Clients/Registration/input_confirmp'

2018-10-12 12:59:54 - [MESSAGE][PASSED] - Text '123123' is set on object 'Object Repository/Backoffice/Clients/Registration/input_confirmp'

2018-10-12 12:59:54 - [TEST_STEP][PASSED] - selectOptionByValue: All options with value 'test' are selected in object 'Object Repository/Backoffice/Clients/Registration/select_operatorcode' 

2018-10-12 12:59:54 - [MESSAGE][PASSED] - All options with value 'test' are selected in object 'Object Repository/Backoffice/Clients/Registration/select_operatorcode' 

2018-10-12 12:59:54 - [TEST_STEP][PASSED] - selectOptionByValue: All options with value '1' are selected in object 'Object Repository/Backoffice/Clients/Registration/select_status' 

2018-10-12 12:59:54 - [MESSAGE][PASSED] - All options with value '1' are selected in object 'Object Repository/Backoffice/Clients/Registration/select_status' 

2018-10-12 12:59:54 - [TEST_STEP][PASSED] - delay: Delayed 2 second(s)

2018-10-12 12:59:56 - [MESSAGE][PASSED] - Delayed 2 second(s)

2018-10-12 12:59:56 - [TEST_STEP][PASSED] - click: Object: 'Object Repository/Backoffice/Clients/Registration/button_Submit' is clicked on

2018-10-12 12:59:57 - [MESSAGE][PASSED] - Object: 'Object Repository/Backoffice/Clients/Registration/button_Submit' is clicked on

2018-10-12 12:59:57 - [TEST_STEP][PASSED] - delay: Delayed 2 second(s)

2018-10-12 12:59:59 - [MESSAGE][PASSED] - Delayed 2 second(s)]]></system-out>
         <system-err><![CDATA[]]></system-err>
      </testcase>
      <testcase name="Test Cases/Backoffice/RegisterAccount" classname="Test Cases/Backoffice/RegisterAccount" status="PASSED">
         <system-out><![CDATA[2018-10-12 12:59:59 - [TEST_CASE][PASSED] - Test Cases/Backoffice/RegisterAccount: Test Cases/Backoffice/RegisterAccount

2018-10-12 12:59:59 - [TEST_STEP][PASSED] - focus: Object: 'Object Repository/Backoffice/Clients/Clients' is focused

2018-10-12 12:59:59 - [MESSAGE][PASSED] - Object: 'Object Repository/Backoffice/Clients/Clients' is focused

2018-10-12 12:59:59 - [TEST_STEP][PASSED] - verifyElementPresent: Object 'Object Repository/Backoffice/Clients/Client Registration' is present

2018-10-12 12:59:59 - [MESSAGE][PASSED] - Object 'Object Repository/Backoffice/Clients/Client Registration' is present

2018-10-12 12:59:59 - [TEST_STEP][PASSED] - click: Object: 'Object Repository/Backoffice/Clients/Client Registration' is clicked on

2018-10-12 13:00:00 - [MESSAGE][PASSED] - Object: 'Object Repository/Backoffice/Clients/Client Registration' is clicked on

2018-10-12 13:00:00 - [TEST_STEP][PASSED] - setText: Text 'delldreary' is set on object 'Object Repository/Backoffice/Clients/Registration/input_username'

2018-10-12 13:00:00 - [MESSAGE][PASSED] - Text 'delldreary' is set on object 'Object Repository/Backoffice/Clients/Registration/input_username'

2018-10-12 13:00:00 - [TEST_STEP][PASSED] - setText: Text '123123' is set on object 'Object Repository/Backoffice/Clients/Registration/input_password'

2018-10-12 13:00:00 - [MESSAGE][PASSED] - Text '123123' is set on object 'Object Repository/Backoffice/Clients/Registration/input_password'

2018-10-12 13:00:00 - [TEST_STEP][PASSED] - setText: Text '123123' is set on object 'Object Repository/Backoffice/Clients/Registration/input_confirmp'

2018-10-12 13:00:00 - [MESSAGE][PASSED] - Text '123123' is set on object 'Object Repository/Backoffice/Clients/Registration/input_confirmp'

2018-10-12 13:00:00 - [TEST_STEP][PASSED] - selectOptionByValue: All options with value 'test' are selected in object 'Object Repository/Backoffice/Clients/Registration/select_operatorcode' 

2018-10-12 13:00:00 - [MESSAGE][PASSED] - All options with value 'test' are selected in object 'Object Repository/Backoffice/Clients/Registration/select_operatorcode' 

2018-10-12 13:00:00 - [TEST_STEP][PASSED] - selectOptionByValue: All options with value '1' are selected in object 'Object Repository/Backoffice/Clients/Registration/select_status' 

2018-10-12 13:00:00 - [MESSAGE][PASSED] - All options with value '1' are selected in object 'Object Repository/Backoffice/Clients/Registration/select_status' 

2018-10-12 13:00:00 - [TEST_STEP][PASSED] - delay: Delayed 2 second(s)

2018-10-12 13:00:02 - [MESSAGE][PASSED] - Delayed 2 second(s)

2018-10-12 13:00:02 - [TEST_STEP][PASSED] - click: Object: 'Object Repository/Backoffice/Clients/Registration/button_Submit' is clicked on

2018-10-12 13:00:03 - [MESSAGE][PASSED] - Object: 'Object Repository/Backoffice/Clients/Registration/button_Submit' is clicked on

2018-10-12 13:00:03 - [TEST_STEP][PASSED] - delay: Delayed 2 second(s)

2018-10-12 13:00:05 - [MESSAGE][PASSED] - Delayed 2 second(s)]]></system-out>
         <system-err><![CDATA[]]></system-err>
      </testcase>
      <testcase name="Test Cases/Backoffice/RegisterAccount" classname="Test Cases/Backoffice/RegisterAccount" status="PASSED">
         <system-out><![CDATA[2018-10-12 13:00:05 - [TEST_CASE][PASSED] - Test Cases/Backoffice/RegisterAccount: Test Cases/Backoffice/RegisterAccount

2018-10-12 13:00:05 - [TEST_STEP][PASSED] - focus: Object: 'Object Repository/Backoffice/Clients/Clients' is focused

2018-10-12 13:00:06 - [MESSAGE][PASSED] - Object: 'Object Repository/Backoffice/Clients/Clients' is focused

2018-10-12 13:00:06 - [TEST_STEP][PASSED] - verifyElementPresent: Object 'Object Repository/Backoffice/Clients/Client Registration' is present

2018-10-12 13:00:06 - [MESSAGE][PASSED] - Object 'Object Repository/Backoffice/Clients/Client Registration' is present

2018-10-12 13:00:06 - [TEST_STEP][PASSED] - click: Object: 'Object Repository/Backoffice/Clients/Client Registration' is clicked on

2018-10-12 13:00:06 - [MESSAGE][PASSED] - Object: 'Object Repository/Backoffice/Clients/Client Registration' is clicked on

2018-10-12 13:00:06 - [TEST_STEP][PASSED] - setText: Text 'divulgedesktop' is set on object 'Object Repository/Backoffice/Clients/Registration/input_username'

2018-10-12 13:00:06 - [MESSAGE][PASSED] - Text 'divulgedesktop' is set on object 'Object Repository/Backoffice/Clients/Registration/input_username'

2018-10-12 13:00:06 - [TEST_STEP][PASSED] - setText: Text '123123' is set on object 'Object Repository/Backoffice/Clients/Registration/input_password'

2018-10-12 13:00:06 - [MESSAGE][PASSED] - Text '123123' is set on object 'Object Repository/Backoffice/Clients/Registration/input_password'

2018-10-12 13:00:06 - [TEST_STEP][PASSED] - setText: Text '123123' is set on object 'Object Repository/Backoffice/Clients/Registration/input_confirmp'

2018-10-12 13:00:07 - [MESSAGE][PASSED] - Text '123123' is set on object 'Object Repository/Backoffice/Clients/Registration/input_confirmp'

2018-10-12 13:00:07 - [TEST_STEP][PASSED] - selectOptionByValue: All options with value 'test' are selected in object 'Object Repository/Backoffice/Clients/Registration/select_operatorcode' 

2018-10-12 13:00:07 - [MESSAGE][PASSED] - All options with value 'test' are selected in object 'Object Repository/Backoffice/Clients/Registration/select_operatorcode' 

2018-10-12 13:00:07 - [TEST_STEP][PASSED] - selectOptionByValue: All options with value '1' are selected in object 'Object Repository/Backoffice/Clients/Registration/select_status' 

2018-10-12 13:00:07 - [MESSAGE][PASSED] - All options with value '1' are selected in object 'Object Repository/Backoffice/Clients/Registration/select_status' 

2018-10-12 13:00:07 - [TEST_STEP][PASSED] - delay: Delayed 2 second(s)

2018-10-12 13:00:09 - [MESSAGE][PASSED] - Delayed 2 second(s)

2018-10-12 13:00:09 - [TEST_STEP][PASSED] - click: Object: 'Object Repository/Backoffice/Clients/Registration/button_Submit' is clicked on

2018-10-12 13:00:09 - [MESSAGE][PASSED] - Object: 'Object Repository/Backoffice/Clients/Registration/button_Submit' is clicked on

2018-10-12 13:00:09 - [TEST_STEP][PASSED] - delay: Delayed 2 second(s)

2018-10-12 13:00:11 - [MESSAGE][PASSED] - Delayed 2 second(s)]]></system-out>
         <system-err><![CDATA[]]></system-err>
      </testcase>
      <testcase name="Test Cases/Backoffice/RegisterAccount" classname="Test Cases/Backoffice/RegisterAccount" status="PASSED">
         <system-out><![CDATA[2018-10-12 13:00:11 - [TEST_CASE][PASSED] - Test Cases/Backoffice/RegisterAccount: Test Cases/Backoffice/RegisterAccount

2018-10-12 13:00:11 - [TEST_STEP][PASSED] - focus: Object: 'Object Repository/Backoffice/Clients/Clients' is focused

2018-10-12 13:00:12 - [MESSAGE][PASSED] - Object: 'Object Repository/Backoffice/Clients/Clients' is focused

2018-10-12 13:00:12 - [TEST_STEP][PASSED] - verifyElementPresent: Object 'Object Repository/Backoffice/Clients/Client Registration' is present

2018-10-12 13:00:12 - [MESSAGE][PASSED] - Object 'Object Repository/Backoffice/Clients/Client Registration' is present

2018-10-12 13:00:12 - [TEST_STEP][PASSED] - click: Object: 'Object Repository/Backoffice/Clients/Client Registration' is clicked on

2018-10-12 13:00:12 - [MESSAGE][PASSED] - Object: 'Object Repository/Backoffice/Clients/Client Registration' is clicked on

2018-10-12 13:00:12 - [TEST_STEP][PASSED] - setText: Text 'depresseddeadeye' is set on object 'Object Repository/Backoffice/Clients/Registration/input_username'

2018-10-12 13:00:13 - [MESSAGE][PASSED] - Text 'depresseddeadeye' is set on object 'Object Repository/Backoffice/Clients/Registration/input_username'

2018-10-12 13:00:13 - [TEST_STEP][PASSED] - setText: Text '123123' is set on object 'Object Repository/Backoffice/Clients/Registration/input_password'

2018-10-12 13:00:13 - [MESSAGE][PASSED] - Text '123123' is set on object 'Object Repository/Backoffice/Clients/Registration/input_password'

2018-10-12 13:00:13 - [TEST_STEP][PASSED] - setText: Text '123123' is set on object 'Object Repository/Backoffice/Clients/Registration/input_confirmp'

2018-10-12 13:00:13 - [MESSAGE][PASSED] - Text '123123' is set on object 'Object Repository/Backoffice/Clients/Registration/input_confirmp'

2018-10-12 13:00:13 - [TEST_STEP][PASSED] - selectOptionByValue: All options with value 'test' are selected in object 'Object Repository/Backoffice/Clients/Registration/select_operatorcode' 

2018-10-12 13:00:13 - [MESSAGE][PASSED] - All options with value 'test' are selected in object 'Object Repository/Backoffice/Clients/Registration/select_operatorcode' 

2018-10-12 13:00:13 - [TEST_STEP][PASSED] - selectOptionByValue: All options with value '1' are selected in object 'Object Repository/Backoffice/Clients/Registration/select_status' 

2018-10-12 13:00:13 - [MESSAGE][PASSED] - All options with value '1' are selected in object 'Object Repository/Backoffice/Clients/Registration/select_status' 

2018-10-12 13:00:13 - [TEST_STEP][PASSED] - delay: Delayed 2 second(s)

2018-10-12 13:00:15 - [MESSAGE][PASSED] - Delayed 2 second(s)

2018-10-12 13:00:15 - [TEST_STEP][PASSED] - click: Object: 'Object Repository/Backoffice/Clients/Registration/button_Submit' is clicked on

2018-10-12 13:00:16 - [MESSAGE][PASSED] - Object: 'Object Repository/Backoffice/Clients/Registration/button_Submit' is clicked on

2018-10-12 13:00:16 - [TEST_STEP][PASSED] - delay: Delayed 2 second(s)

2018-10-12 13:00:18 - [MESSAGE][PASSED] - Delayed 2 second(s)]]></system-out>
         <system-err><![CDATA[]]></system-err>
      </testcase>
      <testcase name="Test Cases/Backoffice/RegisterAccount" classname="Test Cases/Backoffice/RegisterAccount" status="PASSED">
         <system-out><![CDATA[2018-10-12 13:00:18 - [TEST_CASE][PASSED] - Test Cases/Backoffice/RegisterAccount: Test Cases/Backoffice/RegisterAccount

2018-10-12 13:00:18 - [TEST_STEP][PASSED] - focus: Object: 'Object Repository/Backoffice/Clients/Clients' is focused

2018-10-12 13:00:18 - [MESSAGE][PASSED] - Object: 'Object Repository/Backoffice/Clients/Clients' is focused

2018-10-12 13:00:18 - [TEST_STEP][PASSED] - verifyElementPresent: Object 'Object Repository/Backoffice/Clients/Client Registration' is present

2018-10-12 13:00:18 - [MESSAGE][PASSED] - Object 'Object Repository/Backoffice/Clients/Client Registration' is present

2018-10-12 13:00:18 - [TEST_STEP][PASSED] - click: Object: 'Object Repository/Backoffice/Clients/Client Registration' is clicked on

2018-10-12 13:00:19 - [MESSAGE][PASSED] - Object: 'Object Repository/Backoffice/Clients/Client Registration' is clicked on

2018-10-12 13:00:19 - [TEST_STEP][PASSED] - setText: Text 'donkeysdorado' is set on object 'Object Repository/Backoffice/Clients/Registration/input_username'

2018-10-12 13:00:19 - [MESSAGE][PASSED] - Text 'donkeysdorado' is set on object 'Object Repository/Backoffice/Clients/Registration/input_username'

2018-10-12 13:00:19 - [TEST_STEP][PASSED] - setText: Text '123123' is set on object 'Object Repository/Backoffice/Clients/Registration/input_password'

2018-10-12 13:00:19 - [MESSAGE][PASSED] - Text '123123' is set on object 'Object Repository/Backoffice/Clients/Registration/input_password'

2018-10-12 13:00:19 - [TEST_STEP][PASSED] - setText: Text '123123' is set on object 'Object Repository/Backoffice/Clients/Registration/input_confirmp'

2018-10-12 13:00:19 - [MESSAGE][PASSED] - Text '123123' is set on object 'Object Repository/Backoffice/Clients/Registration/input_confirmp'

2018-10-12 13:00:19 - [TEST_STEP][PASSED] - selectOptionByValue: All options with value 'test' are selected in object 'Object Repository/Backoffice/Clients/Registration/select_operatorcode' 

2018-10-12 13:00:19 - [MESSAGE][PASSED] - All options with value 'test' are selected in object 'Object Repository/Backoffice/Clients/Registration/select_operatorcode' 

2018-10-12 13:00:19 - [TEST_STEP][PASSED] - selectOptionByValue: All options with value '1' are selected in object 'Object Repository/Backoffice/Clients/Registration/select_status' 

2018-10-12 13:00:19 - [MESSAGE][PASSED] - All options with value '1' are selected in object 'Object Repository/Backoffice/Clients/Registration/select_status' 

2018-10-12 13:00:19 - [TEST_STEP][PASSED] - delay: Delayed 2 second(s)

2018-10-12 13:00:21 - [MESSAGE][PASSED] - Delayed 2 second(s)

2018-10-12 13:00:21 - [TEST_STEP][PASSED] - click: Object: 'Object Repository/Backoffice/Clients/Registration/button_Submit' is clicked on

2018-10-12 13:00:22 - [MESSAGE][PASSED] - Object: 'Object Repository/Backoffice/Clients/Registration/button_Submit' is clicked on

2018-10-12 13:00:22 - [TEST_STEP][PASSED] - delay: Delayed 2 second(s)

2018-10-12 13:00:24 - [MESSAGE][PASSED] - Delayed 2 second(s)]]></system-out>
         <system-err><![CDATA[]]></system-err>
      </testcase>
      <testcase name="Test Cases/Backoffice/RegisterAccount" classname="Test Cases/Backoffice/RegisterAccount" status="PASSED">
         <system-out><![CDATA[2018-10-12 13:00:24 - [TEST_CASE][PASSED] - Test Cases/Backoffice/RegisterAccount: Test Cases/Backoffice/RegisterAccount

2018-10-12 13:00:24 - [TEST_STEP][PASSED] - focus: Object: 'Object Repository/Backoffice/Clients/Clients' is focused

2018-10-12 13:00:24 - [MESSAGE][PASSED] - Object: 'Object Repository/Backoffice/Clients/Clients' is focused

2018-10-12 13:00:24 - [TEST_STEP][PASSED] - verifyElementPresent: Object 'Object Repository/Backoffice/Clients/Client Registration' is present

2018-10-12 13:00:24 - [MESSAGE][PASSED] - Object 'Object Repository/Backoffice/Clients/Client Registration' is present

2018-10-12 13:00:24 - [TEST_STEP][PASSED] - click: Object: 'Object Repository/Backoffice/Clients/Client Registration' is clicked on

2018-10-12 13:00:25 - [MESSAGE][PASSED] - Object: 'Object Repository/Backoffice/Clients/Client Registration' is clicked on

2018-10-12 13:00:25 - [TEST_STEP][PASSED] - setText: Text 'djangodeafening' is set on object 'Object Repository/Backoffice/Clients/Registration/input_username'

2018-10-12 13:00:25 - [MESSAGE][PASSED] - Text 'djangodeafening' is set on object 'Object Repository/Backoffice/Clients/Registration/input_username'

2018-10-12 13:00:25 - [TEST_STEP][PASSED] - setText: Text '123123' is set on object 'Object Repository/Backoffice/Clients/Registration/input_password'

2018-10-12 13:00:25 - [MESSAGE][PASSED] - Text '123123' is set on object 'Object Repository/Backoffice/Clients/Registration/input_password'

2018-10-12 13:00:25 - [TEST_STEP][PASSED] - setText: Text '123123' is set on object 'Object Repository/Backoffice/Clients/Registration/input_confirmp'

2018-10-12 13:00:25 - [MESSAGE][PASSED] - Text '123123' is set on object 'Object Repository/Backoffice/Clients/Registration/input_confirmp'

2018-10-12 13:00:25 - [TEST_STEP][PASSED] - selectOptionByValue: All options with value 'test' are selected in object 'Object Repository/Backoffice/Clients/Registration/select_operatorcode' 

2018-10-12 13:00:25 - [MESSAGE][PASSED] - All options with value 'test' are selected in object 'Object Repository/Backoffice/Clients/Registration/select_operatorcode' 

2018-10-12 13:00:25 - [TEST_STEP][PASSED] - selectOptionByValue: All options with value '1' are selected in object 'Object Repository/Backoffice/Clients/Registration/select_status' 

2018-10-12 13:00:25 - [MESSAGE][PASSED] - All options with value '1' are selected in object 'Object Repository/Backoffice/Clients/Registration/select_status' 

2018-10-12 13:00:25 - [TEST_STEP][PASSED] - delay: Delayed 2 second(s)

2018-10-12 13:00:27 - [MESSAGE][PASSED] - Delayed 2 second(s)

2018-10-12 13:00:27 - [TEST_STEP][PASSED] - click: Object: 'Object Repository/Backoffice/Clients/Registration/button_Submit' is clicked on

2018-10-12 13:00:28 - [MESSAGE][PASSED] - Object: 'Object Repository/Backoffice/Clients/Registration/button_Submit' is clicked on

2018-10-12 13:00:28 - [TEST_STEP][PASSED] - delay: Delayed 2 second(s)

2018-10-12 13:00:30 - [MESSAGE][PASSED] - Delayed 2 second(s)]]></system-out>
         <system-err><![CDATA[]]></system-err>
      </testcase>
      <testcase name="Test Cases/Backoffice/RegisterAccount" classname="Test Cases/Backoffice/RegisterAccount" status="PASSED">
         <system-out><![CDATA[2018-10-12 13:00:30 - [TEST_CASE][PASSED] - Test Cases/Backoffice/RegisterAccount: Test Cases/Backoffice/RegisterAccount

2018-10-12 13:00:30 - [TEST_STEP][PASSED] - focus: Object: 'Object Repository/Backoffice/Clients/Clients' is focused

2018-10-12 13:00:30 - [MESSAGE][PASSED] - Object: 'Object Repository/Backoffice/Clients/Clients' is focused

2018-10-12 13:00:30 - [TEST_STEP][PASSED] - verifyElementPresent: Object 'Object Repository/Backoffice/Clients/Client Registration' is present

2018-10-12 13:00:30 - [MESSAGE][PASSED] - Object 'Object Repository/Backoffice/Clients/Client Registration' is present

2018-10-12 13:00:30 - [TEST_STEP][PASSED] - click: Object: 'Object Repository/Backoffice/Clients/Client Registration' is clicked on

2018-10-12 13:00:31 - [MESSAGE][PASSED] - Object: 'Object Repository/Backoffice/Clients/Client Registration' is clicked on

2018-10-12 13:00:31 - [TEST_STEP][PASSED] - setText: Text 'dreadfuldisclose' is set on object 'Object Repository/Backoffice/Clients/Registration/input_username'

2018-10-12 13:00:31 - [MESSAGE][PASSED] - Text 'dreadfuldisclose' is set on object 'Object Repository/Backoffice/Clients/Registration/input_username'

2018-10-12 13:00:31 - [TEST_STEP][PASSED] - setText: Text '123123' is set on object 'Object Repository/Backoffice/Clients/Registration/input_password'

2018-10-12 13:00:31 - [MESSAGE][PASSED] - Text '123123' is set on object 'Object Repository/Backoffice/Clients/Registration/input_password'

2018-10-12 13:00:31 - [TEST_STEP][PASSED] - setText: Text '123123' is set on object 'Object Repository/Backoffice/Clients/Registration/input_confirmp'

2018-10-12 13:00:32 - [MESSAGE][PASSED] - Text '123123' is set on object 'Object Repository/Backoffice/Clients/Registration/input_confirmp'

2018-10-12 13:00:32 - [TEST_STEP][PASSED] - selectOptionByValue: All options with value 'test' are selected in object 'Object Repository/Backoffice/Clients/Registration/select_operatorcode' 

2018-10-12 13:00:32 - [MESSAGE][PASSED] - All options with value 'test' are selected in object 'Object Repository/Backoffice/Clients/Registration/select_operatorcode' 

2018-10-12 13:00:32 - [TEST_STEP][PASSED] - selectOptionByValue: All options with value '1' are selected in object 'Object Repository/Backoffice/Clients/Registration/select_status' 

2018-10-12 13:00:32 - [MESSAGE][PASSED] - All options with value '1' are selected in object 'Object Repository/Backoffice/Clients/Registration/select_status' 

2018-10-12 13:00:32 - [TEST_STEP][PASSED] - delay: Delayed 2 second(s)

2018-10-12 13:00:34 - [MESSAGE][PASSED] - Delayed 2 second(s)

2018-10-12 13:00:34 - [TEST_STEP][PASSED] - click: Object: 'Object Repository/Backoffice/Clients/Registration/button_Submit' is clicked on

2018-10-12 13:00:35 - [MESSAGE][PASSED] - Object: 'Object Repository/Backoffice/Clients/Registration/button_Submit' is clicked on

2018-10-12 13:00:35 - [TEST_STEP][PASSED] - delay: Delayed 2 second(s)

2018-10-12 13:00:37 - [MESSAGE][PASSED] - Delayed 2 second(s)]]></system-out>
         <system-err><![CDATA[]]></system-err>
      </testcase>
      <testcase name="Test Cases/Backoffice/RegisterAccount" classname="Test Cases/Backoffice/RegisterAccount" status="PASSED">
         <system-out><![CDATA[2018-10-12 13:00:37 - [TEST_CASE][PASSED] - Test Cases/Backoffice/RegisterAccount: Test Cases/Backoffice/RegisterAccount

2018-10-12 13:00:37 - [TEST_STEP][PASSED] - focus: Object: 'Object Repository/Backoffice/Clients/Clients' is focused

2018-10-12 13:00:37 - [MESSAGE][PASSED] - Object: 'Object Repository/Backoffice/Clients/Clients' is focused

2018-10-12 13:00:37 - [TEST_STEP][PASSED] - verifyElementPresent: Object 'Object Repository/Backoffice/Clients/Client Registration' is present

2018-10-12 13:00:37 - [MESSAGE][PASSED] - Object 'Object Repository/Backoffice/Clients/Client Registration' is present

2018-10-12 13:00:37 - [TEST_STEP][PASSED] - click: Object: 'Object Repository/Backoffice/Clients/Client Registration' is clicked on

2018-10-12 13:00:37 - [MESSAGE][PASSED] - Object: 'Object Repository/Backoffice/Clients/Client Registration' is clicked on

2018-10-12 13:00:37 - [TEST_STEP][PASSED] - setText: Text 'dialysisdogfish' is set on object 'Object Repository/Backoffice/Clients/Registration/input_username'

2018-10-12 13:00:37 - [MESSAGE][PASSED] - Text 'dialysisdogfish' is set on object 'Object Repository/Backoffice/Clients/Registration/input_username'

2018-10-12 13:00:37 - [TEST_STEP][PASSED] - setText: Text '123123' is set on object 'Object Repository/Backoffice/Clients/Registration/input_password'

2018-10-12 13:00:38 - [MESSAGE][PASSED] - Text '123123' is set on object 'Object Repository/Backoffice/Clients/Registration/input_password'

2018-10-12 13:00:38 - [TEST_STEP][PASSED] - setText: Text '123123' is set on object 'Object Repository/Backoffice/Clients/Registration/input_confirmp'

2018-10-12 13:00:38 - [MESSAGE][PASSED] - Text '123123' is set on object 'Object Repository/Backoffice/Clients/Registration/input_confirmp'

2018-10-12 13:00:38 - [TEST_STEP][PASSED] - selectOptionByValue: All options with value 'test' are selected in object 'Object Repository/Backoffice/Clients/Registration/select_operatorcode' 

2018-10-12 13:00:38 - [MESSAGE][PASSED] - All options with value 'test' are selected in object 'Object Repository/Backoffice/Clients/Registration/select_operatorcode' 

2018-10-12 13:00:38 - [TEST_STEP][PASSED] - selectOptionByValue: All options with value '1' are selected in object 'Object Repository/Backoffice/Clients/Registration/select_status' 

2018-10-12 13:00:38 - [MESSAGE][PASSED] - All options with value '1' are selected in object 'Object Repository/Backoffice/Clients/Registration/select_status' 

2018-10-12 13:00:38 - [TEST_STEP][PASSED] - delay: Delayed 2 second(s)

2018-10-12 13:00:40 - [MESSAGE][PASSED] - Delayed 2 second(s)

2018-10-12 13:00:40 - [TEST_STEP][PASSED] - click: Object: 'Object Repository/Backoffice/Clients/Registration/button_Submit' is clicked on

2018-10-12 13:00:41 - [MESSAGE][PASSED] - Object: 'Object Repository/Backoffice/Clients/Registration/button_Submit' is clicked on

2018-10-12 13:00:41 - [TEST_STEP][PASSED] - delay: Delayed 2 second(s)

2018-10-12 13:00:43 - [MESSAGE][PASSED] - Delayed 2 second(s)]]></system-out>
         <system-err><![CDATA[]]></system-err>
      </testcase>
      <testcase name="Test Cases/Backoffice/RegisterAccount" classname="Test Cases/Backoffice/RegisterAccount" status="PASSED">
         <system-out><![CDATA[2018-10-12 13:00:43 - [TEST_CASE][PASSED] - Test Cases/Backoffice/RegisterAccount: Test Cases/Backoffice/RegisterAccount

2018-10-12 13:00:43 - [TEST_STEP][PASSED] - focus: Object: 'Object Repository/Backoffice/Clients/Clients' is focused

2018-10-12 13:00:43 - [MESSAGE][PASSED] - Object: 'Object Repository/Backoffice/Clients/Clients' is focused

2018-10-12 13:00:43 - [TEST_STEP][PASSED] - verifyElementPresent: Object 'Object Repository/Backoffice/Clients/Client Registration' is present

2018-10-12 13:00:43 - [MESSAGE][PASSED] - Object 'Object Repository/Backoffice/Clients/Client Registration' is present

2018-10-12 13:00:43 - [TEST_STEP][PASSED] - click: Object: 'Object Repository/Backoffice/Clients/Client Registration' is clicked on

2018-10-12 13:00:43 - [MESSAGE][PASSED] - Object: 'Object Repository/Backoffice/Clients/Client Registration' is clicked on

2018-10-12 13:00:43 - [TEST_STEP][PASSED] - setText: Text 'dependdental' is set on object 'Object Repository/Backoffice/Clients/Registration/input_username'

2018-10-12 13:00:44 - [MESSAGE][PASSED] - Text 'dependdental' is set on object 'Object Repository/Backoffice/Clients/Registration/input_username'

2018-10-12 13:00:44 - [TEST_STEP][PASSED] - setText: Text '123123' is set on object 'Object Repository/Backoffice/Clients/Registration/input_password'

2018-10-12 13:00:44 - [MESSAGE][PASSED] - Text '123123' is set on object 'Object Repository/Backoffice/Clients/Registration/input_password'

2018-10-12 13:00:44 - [TEST_STEP][PASSED] - setText: Text '123123' is set on object 'Object Repository/Backoffice/Clients/Registration/input_confirmp'

2018-10-12 13:00:44 - [MESSAGE][PASSED] - Text '123123' is set on object 'Object Repository/Backoffice/Clients/Registration/input_confirmp'

2018-10-12 13:00:44 - [TEST_STEP][PASSED] - selectOptionByValue: All options with value 'test' are selected in object 'Object Repository/Backoffice/Clients/Registration/select_operatorcode' 

2018-10-12 13:00:44 - [MESSAGE][PASSED] - All options with value 'test' are selected in object 'Object Repository/Backoffice/Clients/Registration/select_operatorcode' 

2018-10-12 13:00:44 - [TEST_STEP][PASSED] - selectOptionByValue: All options with value '1' are selected in object 'Object Repository/Backoffice/Clients/Registration/select_status' 

2018-10-12 13:00:44 - [MESSAGE][PASSED] - All options with value '1' are selected in object 'Object Repository/Backoffice/Clients/Registration/select_status' 

2018-10-12 13:00:44 - [TEST_STEP][PASSED] - delay: Delayed 2 second(s)

2018-10-12 13:00:46 - [MESSAGE][PASSED] - Delayed 2 second(s)

2018-10-12 13:00:46 - [TEST_STEP][PASSED] - click: Object: 'Object Repository/Backoffice/Clients/Registration/button_Submit' is clicked on

2018-10-12 13:00:47 - [MESSAGE][PASSED] - Object: 'Object Repository/Backoffice/Clients/Registration/button_Submit' is clicked on

2018-10-12 13:00:47 - [TEST_STEP][PASSED] - delay: Delayed 2 second(s)

2018-10-12 13:00:49 - [MESSAGE][PASSED] - Delayed 2 second(s)]]></system-out>
         <system-err><![CDATA[]]></system-err>
      </testcase>
      <testcase name="Test Cases/Backoffice/RegisterAccount" classname="Test Cases/Backoffice/RegisterAccount" status="PASSED">
         <system-out><![CDATA[2018-10-12 13:00:49 - [TEST_CASE][PASSED] - Test Cases/Backoffice/RegisterAccount: Test Cases/Backoffice/RegisterAccount

2018-10-12 13:00:49 - [TEST_STEP][PASSED] - focus: Object: 'Object Repository/Backoffice/Clients/Clients' is focused

2018-10-12 13:00:49 - [MESSAGE][PASSED] - Object: 'Object Repository/Backoffice/Clients/Clients' is focused

2018-10-12 13:00:49 - [TEST_STEP][PASSED] - verifyElementPresent: Object 'Object Repository/Backoffice/Clients/Client Registration' is present

2018-10-12 13:00:49 - [MESSAGE][PASSED] - Object 'Object Repository/Backoffice/Clients/Client Registration' is present

2018-10-12 13:00:49 - [TEST_STEP][PASSED] - click: Object: 'Object Repository/Backoffice/Clients/Client Registration' is clicked on

2018-10-12 13:00:50 - [MESSAGE][PASSED] - Object: 'Object Repository/Backoffice/Clients/Client Registration' is clicked on

2018-10-12 13:00:50 - [TEST_STEP][PASSED] - setText: Text 'dirstydesign' is set on object 'Object Repository/Backoffice/Clients/Registration/input_username'

2018-10-12 13:00:50 - [MESSAGE][PASSED] - Text 'dirstydesign' is set on object 'Object Repository/Backoffice/Clients/Registration/input_username'

2018-10-12 13:00:50 - [TEST_STEP][PASSED] - setText: Text '123123' is set on object 'Object Repository/Backoffice/Clients/Registration/input_password'

2018-10-12 13:00:50 - [MESSAGE][PASSED] - Text '123123' is set on object 'Object Repository/Backoffice/Clients/Registration/input_password'

2018-10-12 13:00:50 - [TEST_STEP][PASSED] - setText: Text '123123' is set on object 'Object Repository/Backoffice/Clients/Registration/input_confirmp'

2018-10-12 13:00:50 - [MESSAGE][PASSED] - Text '123123' is set on object 'Object Repository/Backoffice/Clients/Registration/input_confirmp'

2018-10-12 13:00:50 - [TEST_STEP][PASSED] - selectOptionByValue: All options with value 'test' are selected in object 'Object Repository/Backoffice/Clients/Registration/select_operatorcode' 

2018-10-12 13:00:50 - [MESSAGE][PASSED] - All options with value 'test' are selected in object 'Object Repository/Backoffice/Clients/Registration/select_operatorcode' 

2018-10-12 13:00:50 - [TEST_STEP][PASSED] - selectOptionByValue: All options with value '1' are selected in object 'Object Repository/Backoffice/Clients/Registration/select_status' 

2018-10-12 13:00:50 - [MESSAGE][PASSED] - All options with value '1' are selected in object 'Object Repository/Backoffice/Clients/Registration/select_status' 

2018-10-12 13:00:50 - [TEST_STEP][PASSED] - delay: Delayed 2 second(s)

2018-10-12 13:00:52 - [MESSAGE][PASSED] - Delayed 2 second(s)

2018-10-12 13:00:52 - [TEST_STEP][PASSED] - click: Object: 'Object Repository/Backoffice/Clients/Registration/button_Submit' is clicked on

2018-10-12 13:00:53 - [MESSAGE][PASSED] - Object: 'Object Repository/Backoffice/Clients/Registration/button_Submit' is clicked on

2018-10-12 13:00:53 - [TEST_STEP][PASSED] - delay: Delayed 2 second(s)

2018-10-12 13:00:55 - [MESSAGE][PASSED] - Delayed 2 second(s)]]></system-out>
         <system-err><![CDATA[]]></system-err>
      </testcase>
      <testcase name="Test Cases/Backoffice/RegisterAccount" classname="Test Cases/Backoffice/RegisterAccount" status="PASSED">
         <system-out><![CDATA[2018-10-12 13:00:55 - [TEST_CASE][PASSED] - Test Cases/Backoffice/RegisterAccount: Test Cases/Backoffice/RegisterAccount

2018-10-12 13:00:55 - [TEST_STEP][PASSED] - focus: Object: 'Object Repository/Backoffice/Clients/Clients' is focused

2018-10-12 13:00:55 - [MESSAGE][PASSED] - Object: 'Object Repository/Backoffice/Clients/Clients' is focused

2018-10-12 13:00:55 - [TEST_STEP][PASSED] - verifyElementPresent: Object 'Object Repository/Backoffice/Clients/Client Registration' is present

2018-10-12 13:00:55 - [MESSAGE][PASSED] - Object 'Object Repository/Backoffice/Clients/Client Registration' is present

2018-10-12 13:00:55 - [TEST_STEP][PASSED] - click: Object: 'Object Repository/Backoffice/Clients/Client Registration' is clicked on

2018-10-12 13:00:56 - [MESSAGE][PASSED] - Object: 'Object Repository/Backoffice/Clients/Client Registration' is clicked on

2018-10-12 13:00:56 - [TEST_STEP][PASSED] - setText: Text 'ergosphereeight' is set on object 'Object Repository/Backoffice/Clients/Registration/input_username'

2018-10-12 13:00:56 - [MESSAGE][PASSED] - Text 'ergosphereeight' is set on object 'Object Repository/Backoffice/Clients/Registration/input_username'

2018-10-12 13:00:56 - [TEST_STEP][PASSED] - setText: Text '123123' is set on object 'Object Repository/Backoffice/Clients/Registration/input_password'

2018-10-12 13:00:56 - [MESSAGE][PASSED] - Text '123123' is set on object 'Object Repository/Backoffice/Clients/Registration/input_password'

2018-10-12 13:00:56 - [TEST_STEP][PASSED] - setText: Text '123123' is set on object 'Object Repository/Backoffice/Clients/Registration/input_confirmp'

2018-10-12 13:00:56 - [MESSAGE][PASSED] - Text '123123' is set on object 'Object Repository/Backoffice/Clients/Registration/input_confirmp'

2018-10-12 13:00:56 - [TEST_STEP][PASSED] - selectOptionByValue: All options with value 'test' are selected in object 'Object Repository/Backoffice/Clients/Registration/select_operatorcode' 

2018-10-12 13:00:57 - [MESSAGE][PASSED] - All options with value 'test' are selected in object 'Object Repository/Backoffice/Clients/Registration/select_operatorcode' 

2018-10-12 13:00:57 - [TEST_STEP][PASSED] - selectOptionByValue: All options with value '1' are selected in object 'Object Repository/Backoffice/Clients/Registration/select_status' 

2018-10-12 13:00:57 - [MESSAGE][PASSED] - All options with value '1' are selected in object 'Object Repository/Backoffice/Clients/Registration/select_status' 

2018-10-12 13:00:57 - [TEST_STEP][PASSED] - delay: Delayed 2 second(s)

2018-10-12 13:00:59 - [MESSAGE][PASSED] - Delayed 2 second(s)

2018-10-12 13:00:59 - [TEST_STEP][PASSED] - click: Object: 'Object Repository/Backoffice/Clients/Registration/button_Submit' is clicked on

2018-10-12 13:00:59 - [MESSAGE][PASSED] - Object: 'Object Repository/Backoffice/Clients/Registration/button_Submit' is clicked on

2018-10-12 13:00:59 - [TEST_STEP][PASSED] - delay: Delayed 2 second(s)

2018-10-12 13:01:01 - [MESSAGE][PASSED] - Delayed 2 second(s)]]></system-out>
         <system-err><![CDATA[]]></system-err>
      </testcase>
      <testcase name="Test Cases/Backoffice/RegisterAccount" classname="Test Cases/Backoffice/RegisterAccount" status="PASSED">
         <system-out><![CDATA[2018-10-12 13:01:01 - [TEST_CASE][PASSED] - Test Cases/Backoffice/RegisterAccount: Test Cases/Backoffice/RegisterAccount

2018-10-12 13:01:01 - [TEST_STEP][PASSED] - focus: Object: 'Object Repository/Backoffice/Clients/Clients' is focused

2018-10-12 13:01:02 - [MESSAGE][PASSED] - Object: 'Object Repository/Backoffice/Clients/Clients' is focused

2018-10-12 13:01:02 - [TEST_STEP][PASSED] - verifyElementPresent: Object 'Object Repository/Backoffice/Clients/Client Registration' is present

2018-10-12 13:01:02 - [MESSAGE][PASSED] - Object 'Object Repository/Backoffice/Clients/Client Registration' is present

2018-10-12 13:01:02 - [TEST_STEP][PASSED] - click: Object: 'Object Repository/Backoffice/Clients/Client Registration' is clicked on

2018-10-12 13:01:02 - [MESSAGE][PASSED] - Object: 'Object Repository/Backoffice/Clients/Client Registration' is clicked on

2018-10-12 13:01:02 - [TEST_STEP][PASSED] - setText: Text 'eudiometerelse' is set on object 'Object Repository/Backoffice/Clients/Registration/input_username'

2018-10-12 13:01:03 - [MESSAGE][PASSED] - Text 'eudiometerelse' is set on object 'Object Repository/Backoffice/Clients/Registration/input_username'

2018-10-12 13:01:03 - [TEST_STEP][PASSED] - setText: Text '123123' is set on object 'Object Repository/Backoffice/Clients/Registration/input_password'

2018-10-12 13:01:03 - [MESSAGE][PASSED] - Text '123123' is set on object 'Object Repository/Backoffice/Clients/Registration/input_password'

2018-10-12 13:01:03 - [TEST_STEP][PASSED] - setText: Text '123123' is set on object 'Object Repository/Backoffice/Clients/Registration/input_confirmp'

2018-10-12 13:01:03 - [MESSAGE][PASSED] - Text '123123' is set on object 'Object Repository/Backoffice/Clients/Registration/input_confirmp'

2018-10-12 13:01:03 - [TEST_STEP][PASSED] - selectOptionByValue: All options with value 'test' are selected in object 'Object Repository/Backoffice/Clients/Registration/select_operatorcode' 

2018-10-12 13:01:03 - [MESSAGE][PASSED] - All options with value 'test' are selected in object 'Object Repository/Backoffice/Clients/Registration/select_operatorcode' 

2018-10-12 13:01:03 - [TEST_STEP][PASSED] - selectOptionByValue: All options with value '1' are selected in object 'Object Repository/Backoffice/Clients/Registration/select_status' 

2018-10-12 13:01:03 - [MESSAGE][PASSED] - All options with value '1' are selected in object 'Object Repository/Backoffice/Clients/Registration/select_status' 

2018-10-12 13:01:03 - [TEST_STEP][PASSED] - delay: Delayed 2 second(s)

2018-10-12 13:01:05 - [MESSAGE][PASSED] - Delayed 2 second(s)

2018-10-12 13:01:05 - [TEST_STEP][PASSED] - click: Object: 'Object Repository/Backoffice/Clients/Registration/button_Submit' is clicked on

2018-10-12 13:01:06 - [MESSAGE][PASSED] - Object: 'Object Repository/Backoffice/Clients/Registration/button_Submit' is clicked on

2018-10-12 13:01:06 - [TEST_STEP][PASSED] - delay: Delayed 2 second(s)

2018-10-12 13:01:08 - [MESSAGE][PASSED] - Delayed 2 second(s)]]></system-out>
         <system-err><![CDATA[]]></system-err>
      </testcase>
      <testcase name="Test Cases/Backoffice/RegisterAccount" classname="Test Cases/Backoffice/RegisterAccount" status="PASSED">
         <system-out><![CDATA[2018-10-12 13:01:08 - [TEST_CASE][PASSED] - Test Cases/Backoffice/RegisterAccount: Test Cases/Backoffice/RegisterAccount

2018-10-12 13:01:08 - [TEST_STEP][PASSED] - focus: Object: 'Object Repository/Backoffice/Clients/Clients' is focused

2018-10-12 13:01:08 - [MESSAGE][PASSED] - Object: 'Object Repository/Backoffice/Clients/Clients' is focused

2018-10-12 13:01:08 - [TEST_STEP][PASSED] - verifyElementPresent: Object 'Object Repository/Backoffice/Clients/Client Registration' is present

2018-10-12 13:01:08 - [MESSAGE][PASSED] - Object 'Object Repository/Backoffice/Clients/Client Registration' is present

2018-10-12 13:01:08 - [TEST_STEP][PASSED] - click: Object: 'Object Repository/Backoffice/Clients/Client Registration' is clicked on

2018-10-12 13:01:09 - [MESSAGE][PASSED] - Object: 'Object Repository/Backoffice/Clients/Client Registration' is clicked on

2018-10-12 13:01:09 - [TEST_STEP][PASSED] - setText: Text 'eyeelect' is set on object 'Object Repository/Backoffice/Clients/Registration/input_username'

2018-10-12 13:01:09 - [MESSAGE][PASSED] - Text 'eyeelect' is set on object 'Object Repository/Backoffice/Clients/Registration/input_username'

2018-10-12 13:01:09 - [TEST_STEP][PASSED] - setText: Text '123123' is set on object 'Object Repository/Backoffice/Clients/Registration/input_password'

2018-10-12 13:01:09 - [MESSAGE][PASSED] - Text '123123' is set on object 'Object Repository/Backoffice/Clients/Registration/input_password'

2018-10-12 13:01:09 - [TEST_STEP][PASSED] - setText: Text '123123' is set on object 'Object Repository/Backoffice/Clients/Registration/input_confirmp'

2018-10-12 13:01:09 - [MESSAGE][PASSED] - Text '123123' is set on object 'Object Repository/Backoffice/Clients/Registration/input_confirmp'

2018-10-12 13:01:09 - [TEST_STEP][PASSED] - selectOptionByValue: All options with value 'test' are selected in object 'Object Repository/Backoffice/Clients/Registration/select_operatorcode' 

2018-10-12 13:01:09 - [MESSAGE][PASSED] - All options with value 'test' are selected in object 'Object Repository/Backoffice/Clients/Registration/select_operatorcode' 

2018-10-12 13:01:09 - [TEST_STEP][PASSED] - selectOptionByValue: All options with value '1' are selected in object 'Object Repository/Backoffice/Clients/Registration/select_status' 

2018-10-12 13:01:09 - [MESSAGE][PASSED] - All options with value '1' are selected in object 'Object Repository/Backoffice/Clients/Registration/select_status' 

2018-10-12 13:01:09 - [TEST_STEP][PASSED] - delay: Delayed 2 second(s)

2018-10-12 13:01:11 - [MESSAGE][PASSED] - Delayed 2 second(s)

2018-10-12 13:01:11 - [TEST_STEP][PASSED] - click: Object: 'Object Repository/Backoffice/Clients/Registration/button_Submit' is clicked on

2018-10-12 13:01:12 - [MESSAGE][PASSED] - Object: 'Object Repository/Backoffice/Clients/Registration/button_Submit' is clicked on

2018-10-12 13:01:12 - [TEST_STEP][PASSED] - delay: Delayed 2 second(s)

2018-10-12 13:01:14 - [MESSAGE][PASSED] - Delayed 2 second(s)]]></system-out>
         <system-err><![CDATA[]]></system-err>
      </testcase>
      <testcase name="Test Cases/Backoffice/RegisterAccount" classname="Test Cases/Backoffice/RegisterAccount" status="PASSED">
         <system-out><![CDATA[2018-10-12 13:01:14 - [TEST_CASE][PASSED] - Test Cases/Backoffice/RegisterAccount: Test Cases/Backoffice/RegisterAccount

2018-10-12 13:01:14 - [TEST_STEP][PASSED] - focus: Object: 'Object Repository/Backoffice/Clients/Clients' is focused

2018-10-12 13:01:14 - [MESSAGE][PASSED] - Object: 'Object Repository/Backoffice/Clients/Clients' is focused

2018-10-12 13:01:14 - [TEST_STEP][PASSED] - verifyElementPresent: Object 'Object Repository/Backoffice/Clients/Client Registration' is present

2018-10-12 13:01:14 - [MESSAGE][PASSED] - Object 'Object Repository/Backoffice/Clients/Client Registration' is present

2018-10-12 13:01:14 - [TEST_STEP][PASSED] - click: Object: 'Object Repository/Backoffice/Clients/Client Registration' is clicked on

2018-10-12 13:01:15 - [MESSAGE][PASSED] - Object: 'Object Repository/Backoffice/Clients/Client Registration' is clicked on

2018-10-12 13:01:15 - [TEST_STEP][PASSED] - setText: Text 'examinerestimator' is set on object 'Object Repository/Backoffice/Clients/Registration/input_username'

2018-10-12 13:01:16 - [MESSAGE][PASSED] - Text 'examinerestimator' is set on object 'Object Repository/Backoffice/Clients/Registration/input_username'

2018-10-12 13:01:16 - [TEST_STEP][PASSED] - setText: Text '123123' is set on object 'Object Repository/Backoffice/Clients/Registration/input_password'

2018-10-12 13:01:16 - [MESSAGE][PASSED] - Text '123123' is set on object 'Object Repository/Backoffice/Clients/Registration/input_password'

2018-10-12 13:01:16 - [TEST_STEP][PASSED] - setText: Text '123123' is set on object 'Object Repository/Backoffice/Clients/Registration/input_confirmp'

2018-10-12 13:01:16 - [MESSAGE][PASSED] - Text '123123' is set on object 'Object Repository/Backoffice/Clients/Registration/input_confirmp'

2018-10-12 13:01:16 - [TEST_STEP][PASSED] - selectOptionByValue: All options with value 'test' are selected in object 'Object Repository/Backoffice/Clients/Registration/select_operatorcode' 

2018-10-12 13:01:16 - [MESSAGE][PASSED] - All options with value 'test' are selected in object 'Object Repository/Backoffice/Clients/Registration/select_operatorcode' 

2018-10-12 13:01:16 - [TEST_STEP][PASSED] - selectOptionByValue: All options with value '1' are selected in object 'Object Repository/Backoffice/Clients/Registration/select_status' 

2018-10-12 13:01:16 - [MESSAGE][PASSED] - All options with value '1' are selected in object 'Object Repository/Backoffice/Clients/Registration/select_status' 

2018-10-12 13:01:16 - [TEST_STEP][PASSED] - delay: Delayed 2 second(s)

2018-10-12 13:01:18 - [MESSAGE][PASSED] - Delayed 2 second(s)

2018-10-12 13:01:18 - [TEST_STEP][PASSED] - click: Object: 'Object Repository/Backoffice/Clients/Registration/button_Submit' is clicked on

2018-10-12 13:01:19 - [MESSAGE][PASSED] - Object: 'Object Repository/Backoffice/Clients/Registration/button_Submit' is clicked on

2018-10-12 13:01:19 - [TEST_STEP][PASSED] - delay: Delayed 2 second(s)

2018-10-12 13:01:21 - [MESSAGE][PASSED] - Delayed 2 second(s)]]></system-out>
         <system-err><![CDATA[]]></system-err>
      </testcase>
      <testcase name="Test Cases/Backoffice/RegisterAccount" classname="Test Cases/Backoffice/RegisterAccount" status="PASSED">
         <system-out><![CDATA[2018-10-12 13:01:21 - [TEST_CASE][PASSED] - Test Cases/Backoffice/RegisterAccount: Test Cases/Backoffice/RegisterAccount

2018-10-12 13:01:21 - [TEST_STEP][PASSED] - focus: Object: 'Object Repository/Backoffice/Clients/Clients' is focused

2018-10-12 13:01:21 - [MESSAGE][PASSED] - Object: 'Object Repository/Backoffice/Clients/Clients' is focused

2018-10-12 13:01:21 - [TEST_STEP][PASSED] - verifyElementPresent: Object 'Object Repository/Backoffice/Clients/Client Registration' is present

2018-10-12 13:01:21 - [MESSAGE][PASSED] - Object 'Object Repository/Backoffice/Clients/Client Registration' is present

2018-10-12 13:01:21 - [TEST_STEP][PASSED] - click: Object: 'Object Repository/Backoffice/Clients/Client Registration' is clicked on

2018-10-12 13:01:22 - [MESSAGE][PASSED] - Object: 'Object Repository/Backoffice/Clients/Client Registration' is clicked on

2018-10-12 13:01:22 - [TEST_STEP][PASSED] - setText: Text 'emitexcluded' is set on object 'Object Repository/Backoffice/Clients/Registration/input_username'

2018-10-12 13:01:22 - [MESSAGE][PASSED] - Text 'emitexcluded' is set on object 'Object Repository/Backoffice/Clients/Registration/input_username'

2018-10-12 13:01:22 - [TEST_STEP][PASSED] - setText: Text '123123' is set on object 'Object Repository/Backoffice/Clients/Registration/input_password'

2018-10-12 13:01:22 - [MESSAGE][PASSED] - Text '123123' is set on object 'Object Repository/Backoffice/Clients/Registration/input_password'

2018-10-12 13:01:22 - [TEST_STEP][PASSED] - setText: Text '123123' is set on object 'Object Repository/Backoffice/Clients/Registration/input_confirmp'

2018-10-12 13:01:23 - [MESSAGE][PASSED] - Text '123123' is set on object 'Object Repository/Backoffice/Clients/Registration/input_confirmp'

2018-10-12 13:01:23 - [TEST_STEP][PASSED] - selectOptionByValue: All options with value 'test' are selected in object 'Object Repository/Backoffice/Clients/Registration/select_operatorcode' 

2018-10-12 13:01:23 - [MESSAGE][PASSED] - All options with value 'test' are selected in object 'Object Repository/Backoffice/Clients/Registration/select_operatorcode' 

2018-10-12 13:01:23 - [TEST_STEP][PASSED] - selectOptionByValue: All options with value '1' are selected in object 'Object Repository/Backoffice/Clients/Registration/select_status' 

2018-10-12 13:01:23 - [MESSAGE][PASSED] - All options with value '1' are selected in object 'Object Repository/Backoffice/Clients/Registration/select_status' 

2018-10-12 13:01:23 - [TEST_STEP][PASSED] - delay: Delayed 2 second(s)

2018-10-12 13:01:25 - [MESSAGE][PASSED] - Delayed 2 second(s)

2018-10-12 13:01:25 - [TEST_STEP][PASSED] - click: Object: 'Object Repository/Backoffice/Clients/Registration/button_Submit' is clicked on

2018-10-12 13:01:26 - [MESSAGE][PASSED] - Object: 'Object Repository/Backoffice/Clients/Registration/button_Submit' is clicked on

2018-10-12 13:01:26 - [TEST_STEP][PASSED] - delay: Delayed 2 second(s)

2018-10-12 13:01:28 - [MESSAGE][PASSED] - Delayed 2 second(s)]]></system-out>
         <system-err><![CDATA[]]></system-err>
      </testcase>
      <testcase name="Test Cases/Backoffice/RegisterAccount" classname="Test Cases/Backoffice/RegisterAccount" status="PASSED">
         <system-out><![CDATA[2018-10-12 13:01:28 - [TEST_CASE][PASSED] - Test Cases/Backoffice/RegisterAccount: Test Cases/Backoffice/RegisterAccount

2018-10-12 13:01:28 - [TEST_STEP][PASSED] - focus: Object: 'Object Repository/Backoffice/Clients/Clients' is focused

2018-10-12 13:01:28 - [MESSAGE][PASSED] - Object: 'Object Repository/Backoffice/Clients/Clients' is focused

2018-10-12 13:01:28 - [TEST_STEP][PASSED] - verifyElementPresent: Object 'Object Repository/Backoffice/Clients/Client Registration' is present

2018-10-12 13:01:28 - [MESSAGE][PASSED] - Object 'Object Repository/Backoffice/Clients/Client Registration' is present

2018-10-12 13:01:28 - [TEST_STEP][PASSED] - click: Object: 'Object Repository/Backoffice/Clients/Client Registration' is clicked on

2018-10-12 13:01:29 - [MESSAGE][PASSED] - Object: 'Object Repository/Backoffice/Clients/Client Registration' is clicked on

2018-10-12 13:01:29 - [TEST_STEP][PASSED] - setText: Text 'expertiseempty' is set on object 'Object Repository/Backoffice/Clients/Registration/input_username'

2018-10-12 13:01:29 - [MESSAGE][PASSED] - Text 'expertiseempty' is set on object 'Object Repository/Backoffice/Clients/Registration/input_username'

2018-10-12 13:01:29 - [TEST_STEP][PASSED] - setText: Text '123123' is set on object 'Object Repository/Backoffice/Clients/Registration/input_password'

2018-10-12 13:01:29 - [MESSAGE][PASSED] - Text '123123' is set on object 'Object Repository/Backoffice/Clients/Registration/input_password'

2018-10-12 13:01:29 - [TEST_STEP][PASSED] - setText: Text '123123' is set on object 'Object Repository/Backoffice/Clients/Registration/input_confirmp'

2018-10-12 13:01:29 - [MESSAGE][PASSED] - Text '123123' is set on object 'Object Repository/Backoffice/Clients/Registration/input_confirmp'

2018-10-12 13:01:29 - [TEST_STEP][PASSED] - selectOptionByValue: All options with value 'test' are selected in object 'Object Repository/Backoffice/Clients/Registration/select_operatorcode' 

2018-10-12 13:01:29 - [MESSAGE][PASSED] - All options with value 'test' are selected in object 'Object Repository/Backoffice/Clients/Registration/select_operatorcode' 

2018-10-12 13:01:29 - [TEST_STEP][PASSED] - selectOptionByValue: All options with value '1' are selected in object 'Object Repository/Backoffice/Clients/Registration/select_status' 

2018-10-12 13:01:29 - [MESSAGE][PASSED] - All options with value '1' are selected in object 'Object Repository/Backoffice/Clients/Registration/select_status' 

2018-10-12 13:01:29 - [TEST_STEP][PASSED] - delay: Delayed 2 second(s)

2018-10-12 13:01:31 - [MESSAGE][PASSED] - Delayed 2 second(s)

2018-10-12 13:01:31 - [TEST_STEP][PASSED] - click: Object: 'Object Repository/Backoffice/Clients/Registration/button_Submit' is clicked on

2018-10-12 13:01:32 - [MESSAGE][PASSED] - Object: 'Object Repository/Backoffice/Clients/Registration/button_Submit' is clicked on

2018-10-12 13:01:32 - [TEST_STEP][PASSED] - delay: Delayed 2 second(s)

2018-10-12 13:01:34 - [MESSAGE][PASSED] - Delayed 2 second(s)]]></system-out>
         <system-err><![CDATA[]]></system-err>
      </testcase>
      <testcase name="Test Cases/Backoffice/RegisterAccount" classname="Test Cases/Backoffice/RegisterAccount" status="PASSED">
         <system-out><![CDATA[2018-10-12 13:01:34 - [TEST_CASE][PASSED] - Test Cases/Backoffice/RegisterAccount: Test Cases/Backoffice/RegisterAccount

2018-10-12 13:01:34 - [TEST_STEP][PASSED] - focus: Object: 'Object Repository/Backoffice/Clients/Clients' is focused

2018-10-12 13:01:34 - [MESSAGE][PASSED] - Object: 'Object Repository/Backoffice/Clients/Clients' is focused

2018-10-12 13:01:34 - [TEST_STEP][PASSED] - verifyElementPresent: Object 'Object Repository/Backoffice/Clients/Client Registration' is present

2018-10-12 13:01:34 - [MESSAGE][PASSED] - Object 'Object Repository/Backoffice/Clients/Client Registration' is present

2018-10-12 13:01:34 - [TEST_STEP][PASSED] - click: Object: 'Object Repository/Backoffice/Clients/Client Registration' is clicked on

2018-10-12 13:01:35 - [MESSAGE][PASSED] - Object: 'Object Repository/Backoffice/Clients/Client Registration' is clicked on

2018-10-12 13:01:35 - [TEST_STEP][PASSED] - setText: Text 'eyebrowequine' is set on object 'Object Repository/Backoffice/Clients/Registration/input_username'

2018-10-12 13:01:35 - [MESSAGE][PASSED] - Text 'eyebrowequine' is set on object 'Object Repository/Backoffice/Clients/Registration/input_username'

2018-10-12 13:01:35 - [TEST_STEP][PASSED] - setText: Text '123123' is set on object 'Object Repository/Backoffice/Clients/Registration/input_password'

2018-10-12 13:01:35 - [MESSAGE][PASSED] - Text '123123' is set on object 'Object Repository/Backoffice/Clients/Registration/input_password'

2018-10-12 13:01:35 - [TEST_STEP][PASSED] - setText: Text '123123' is set on object 'Object Repository/Backoffice/Clients/Registration/input_confirmp'

2018-10-12 13:01:35 - [MESSAGE][PASSED] - Text '123123' is set on object 'Object Repository/Backoffice/Clients/Registration/input_confirmp'

2018-10-12 13:01:35 - [TEST_STEP][PASSED] - selectOptionByValue: All options with value 'test' are selected in object 'Object Repository/Backoffice/Clients/Registration/select_operatorcode' 

2018-10-12 13:01:36 - [MESSAGE][PASSED] - All options with value 'test' are selected in object 'Object Repository/Backoffice/Clients/Registration/select_operatorcode' 

2018-10-12 13:01:36 - [TEST_STEP][PASSED] - selectOptionByValue: All options with value '1' are selected in object 'Object Repository/Backoffice/Clients/Registration/select_status' 

2018-10-12 13:01:36 - [MESSAGE][PASSED] - All options with value '1' are selected in object 'Object Repository/Backoffice/Clients/Registration/select_status' 

2018-10-12 13:01:36 - [TEST_STEP][PASSED] - delay: Delayed 2 second(s)

2018-10-12 13:01:38 - [MESSAGE][PASSED] - Delayed 2 second(s)

2018-10-12 13:01:38 - [TEST_STEP][PASSED] - click: Object: 'Object Repository/Backoffice/Clients/Registration/button_Submit' is clicked on

2018-10-12 13:01:39 - [MESSAGE][PASSED] - Object: 'Object Repository/Backoffice/Clients/Registration/button_Submit' is clicked on

2018-10-12 13:01:39 - [TEST_STEP][PASSED] - delay: Delayed 2 second(s)

2018-10-12 13:01:41 - [MESSAGE][PASSED] - Delayed 2 second(s)]]></system-out>
         <system-err><![CDATA[]]></system-err>
      </testcase>
      <testcase name="Test Cases/Backoffice/RegisterAccount" classname="Test Cases/Backoffice/RegisterAccount" status="PASSED">
         <system-out><![CDATA[2018-10-12 13:01:41 - [TEST_CASE][PASSED] - Test Cases/Backoffice/RegisterAccount: Test Cases/Backoffice/RegisterAccount

2018-10-12 13:01:41 - [TEST_STEP][PASSED] - focus: Object: 'Object Repository/Backoffice/Clients/Clients' is focused

2018-10-12 13:01:41 - [MESSAGE][PASSED] - Object: 'Object Repository/Backoffice/Clients/Clients' is focused

2018-10-12 13:01:41 - [TEST_STEP][PASSED] - verifyElementPresent: Object 'Object Repository/Backoffice/Clients/Client Registration' is present

2018-10-12 13:01:41 - [MESSAGE][PASSED] - Object 'Object Repository/Backoffice/Clients/Client Registration' is present

2018-10-12 13:01:41 - [TEST_STEP][PASSED] - click: Object: 'Object Repository/Backoffice/Clients/Client Registration' is clicked on

2018-10-12 13:01:42 - [MESSAGE][PASSED] - Object: 'Object Repository/Backoffice/Clients/Client Registration' is clicked on

2018-10-12 13:01:42 - [TEST_STEP][PASSED] - setText: Text 'ennuiedge' is set on object 'Object Repository/Backoffice/Clients/Registration/input_username'

2018-10-12 13:01:42 - [MESSAGE][PASSED] - Text 'ennuiedge' is set on object 'Object Repository/Backoffice/Clients/Registration/input_username'

2018-10-12 13:01:42 - [TEST_STEP][PASSED] - setText: Text '123123' is set on object 'Object Repository/Backoffice/Clients/Registration/input_password'

2018-10-12 13:01:42 - [MESSAGE][PASSED] - Text '123123' is set on object 'Object Repository/Backoffice/Clients/Registration/input_password'

2018-10-12 13:01:42 - [TEST_STEP][PASSED] - setText: Text '123123' is set on object 'Object Repository/Backoffice/Clients/Registration/input_confirmp'

2018-10-12 13:01:42 - [MESSAGE][PASSED] - Text '123123' is set on object 'Object Repository/Backoffice/Clients/Registration/input_confirmp'

2018-10-12 13:01:42 - [TEST_STEP][PASSED] - selectOptionByValue: All options with value 'test' are selected in object 'Object Repository/Backoffice/Clients/Registration/select_operatorcode' 

2018-10-12 13:01:42 - [MESSAGE][PASSED] - All options with value 'test' are selected in object 'Object Repository/Backoffice/Clients/Registration/select_operatorcode' 

2018-10-12 13:01:42 - [TEST_STEP][PASSED] - selectOptionByValue: All options with value '1' are selected in object 'Object Repository/Backoffice/Clients/Registration/select_status' 

2018-10-12 13:01:42 - [MESSAGE][PASSED] - All options with value '1' are selected in object 'Object Repository/Backoffice/Clients/Registration/select_status' 

2018-10-12 13:01:42 - [TEST_STEP][PASSED] - delay: Delayed 2 second(s)

2018-10-12 13:01:44 - [MESSAGE][PASSED] - Delayed 2 second(s)

2018-10-12 13:01:44 - [TEST_STEP][PASSED] - click: Object: 'Object Repository/Backoffice/Clients/Registration/button_Submit' is clicked on

2018-10-12 13:01:45 - [MESSAGE][PASSED] - Object: 'Object Repository/Backoffice/Clients/Registration/button_Submit' is clicked on

2018-10-12 13:01:45 - [TEST_STEP][PASSED] - delay: Delayed 2 second(s)

2018-10-12 13:01:47 - [MESSAGE][PASSED] - Delayed 2 second(s)]]></system-out>
         <system-err><![CDATA[]]></system-err>
      </testcase>
      <testcase name="Test Cases/Backoffice/RegisterAccount" classname="Test Cases/Backoffice/RegisterAccount" status="PASSED">
         <system-out><![CDATA[2018-10-12 13:01:47 - [TEST_CASE][PASSED] - Test Cases/Backoffice/RegisterAccount: Test Cases/Backoffice/RegisterAccount

2018-10-12 13:01:47 - [TEST_STEP][PASSED] - focus: Object: 'Object Repository/Backoffice/Clients/Clients' is focused

2018-10-12 13:01:47 - [MESSAGE][PASSED] - Object: 'Object Repository/Backoffice/Clients/Clients' is focused

2018-10-12 13:01:47 - [TEST_STEP][PASSED] - verifyElementPresent: Object 'Object Repository/Backoffice/Clients/Client Registration' is present

2018-10-12 13:01:47 - [MESSAGE][PASSED] - Object 'Object Repository/Backoffice/Clients/Client Registration' is present

2018-10-12 13:01:47 - [TEST_STEP][PASSED] - click: Object: 'Object Repository/Backoffice/Clients/Client Registration' is clicked on

2018-10-12 13:01:48 - [MESSAGE][PASSED] - Object: 'Object Repository/Backoffice/Clients/Client Registration' is clicked on

2018-10-12 13:01:48 - [TEST_STEP][PASSED] - setText: Text 'elfear' is set on object 'Object Repository/Backoffice/Clients/Registration/input_username'

2018-10-12 13:01:48 - [MESSAGE][PASSED] - Text 'elfear' is set on object 'Object Repository/Backoffice/Clients/Registration/input_username'

2018-10-12 13:01:48 - [TEST_STEP][PASSED] - setText: Text '123123' is set on object 'Object Repository/Backoffice/Clients/Registration/input_password'

2018-10-12 13:01:48 - [MESSAGE][PASSED] - Text '123123' is set on object 'Object Repository/Backoffice/Clients/Registration/input_password'

2018-10-12 13:01:48 - [TEST_STEP][PASSED] - setText: Text '123123' is set on object 'Object Repository/Backoffice/Clients/Registration/input_confirmp'

2018-10-12 13:01:48 - [MESSAGE][PASSED] - Text '123123' is set on object 'Object Repository/Backoffice/Clients/Registration/input_confirmp'

2018-10-12 13:01:48 - [TEST_STEP][PASSED] - selectOptionByValue: All options with value 'test' are selected in object 'Object Repository/Backoffice/Clients/Registration/select_operatorcode' 

2018-10-12 13:01:48 - [MESSAGE][PASSED] - All options with value 'test' are selected in object 'Object Repository/Backoffice/Clients/Registration/select_operatorcode' 

2018-10-12 13:01:48 - [TEST_STEP][PASSED] - selectOptionByValue: All options with value '1' are selected in object 'Object Repository/Backoffice/Clients/Registration/select_status' 

2018-10-12 13:01:48 - [MESSAGE][PASSED] - All options with value '1' are selected in object 'Object Repository/Backoffice/Clients/Registration/select_status' 

2018-10-12 13:01:48 - [TEST_STEP][PASSED] - delay: Delayed 2 second(s)

2018-10-12 13:01:50 - [MESSAGE][PASSED] - Delayed 2 second(s)

2018-10-12 13:01:50 - [TEST_STEP][PASSED] - click: Object: 'Object Repository/Backoffice/Clients/Registration/button_Submit' is clicked on

2018-10-12 13:01:51 - [MESSAGE][PASSED] - Object: 'Object Repository/Backoffice/Clients/Registration/button_Submit' is clicked on

2018-10-12 13:01:51 - [TEST_STEP][PASSED] - delay: Delayed 2 second(s)

2018-10-12 13:01:53 - [MESSAGE][PASSED] - Delayed 2 second(s)]]></system-out>
         <system-err><![CDATA[]]></system-err>
      </testcase>
      <testcase name="Test Cases/Backoffice/RegisterAccount" classname="Test Cases/Backoffice/RegisterAccount" status="PASSED">
         <system-out><![CDATA[2018-10-12 13:01:53 - [TEST_CASE][PASSED] - Test Cases/Backoffice/RegisterAccount: Test Cases/Backoffice/RegisterAccount

2018-10-12 13:01:53 - [TEST_STEP][PASSED] - focus: Object: 'Object Repository/Backoffice/Clients/Clients' is focused

2018-10-12 13:01:53 - [MESSAGE][PASSED] - Object: 'Object Repository/Backoffice/Clients/Clients' is focused

2018-10-12 13:01:53 - [TEST_STEP][PASSED] - verifyElementPresent: Object 'Object Repository/Backoffice/Clients/Client Registration' is present

2018-10-12 13:01:53 - [MESSAGE][PASSED] - Object 'Object Repository/Backoffice/Clients/Client Registration' is present

2018-10-12 13:01:53 - [TEST_STEP][PASSED] - click: Object: 'Object Repository/Backoffice/Clients/Client Registration' is clicked on

2018-10-12 13:01:54 - [MESSAGE][PASSED] - Object: 'Object Repository/Backoffice/Clients/Client Registration' is clicked on

2018-10-12 13:01:54 - [TEST_STEP][PASSED] - setText: Text 'envelopeevening' is set on object 'Object Repository/Backoffice/Clients/Registration/input_username'

2018-10-12 13:01:54 - [MESSAGE][PASSED] - Text 'envelopeevening' is set on object 'Object Repository/Backoffice/Clients/Registration/input_username'

2018-10-12 13:01:54 - [TEST_STEP][PASSED] - setText: Text '123123' is set on object 'Object Repository/Backoffice/Clients/Registration/input_password'

2018-10-12 13:01:55 - [MESSAGE][PASSED] - Text '123123' is set on object 'Object Repository/Backoffice/Clients/Registration/input_password'

2018-10-12 13:01:55 - [TEST_STEP][PASSED] - setText: Text '123123' is set on object 'Object Repository/Backoffice/Clients/Registration/input_confirmp'

2018-10-12 13:01:55 - [MESSAGE][PASSED] - Text '123123' is set on object 'Object Repository/Backoffice/Clients/Registration/input_confirmp'

2018-10-12 13:01:55 - [TEST_STEP][PASSED] - selectOptionByValue: All options with value 'test' are selected in object 'Object Repository/Backoffice/Clients/Registration/select_operatorcode' 

2018-10-12 13:01:55 - [MESSAGE][PASSED] - All options with value 'test' are selected in object 'Object Repository/Backoffice/Clients/Registration/select_operatorcode' 

2018-10-12 13:01:55 - [TEST_STEP][PASSED] - selectOptionByValue: All options with value '1' are selected in object 'Object Repository/Backoffice/Clients/Registration/select_status' 

2018-10-12 13:01:55 - [MESSAGE][PASSED] - All options with value '1' are selected in object 'Object Repository/Backoffice/Clients/Registration/select_status' 

2018-10-12 13:01:55 - [TEST_STEP][PASSED] - delay: Delayed 2 second(s)

2018-10-12 13:01:57 - [MESSAGE][PASSED] - Delayed 2 second(s)

2018-10-12 13:01:57 - [TEST_STEP][PASSED] - click: Object: 'Object Repository/Backoffice/Clients/Registration/button_Submit' is clicked on

2018-10-12 13:01:58 - [MESSAGE][PASSED] - Object: 'Object Repository/Backoffice/Clients/Registration/button_Submit' is clicked on

2018-10-12 13:01:58 - [TEST_STEP][PASSED] - delay: Delayed 2 second(s)

2018-10-12 13:02:00 - [MESSAGE][PASSED] - Delayed 2 second(s)]]></system-out>
         <system-err><![CDATA[]]></system-err>
      </testcase>
      <testcase name="Test Cases/Backoffice/RegisterAccount" classname="Test Cases/Backoffice/RegisterAccount" status="PASSED">
         <system-out><![CDATA[2018-10-12 13:02:00 - [TEST_CASE][PASSED] - Test Cases/Backoffice/RegisterAccount: Test Cases/Backoffice/RegisterAccount

2018-10-12 13:02:00 - [TEST_STEP][PASSED] - focus: Object: 'Object Repository/Backoffice/Clients/Clients' is focused

2018-10-12 13:02:00 - [MESSAGE][PASSED] - Object: 'Object Repository/Backoffice/Clients/Clients' is focused

2018-10-12 13:02:00 - [TEST_STEP][PASSED] - verifyElementPresent: Object 'Object Repository/Backoffice/Clients/Client Registration' is present

2018-10-12 13:02:00 - [MESSAGE][PASSED] - Object 'Object Repository/Backoffice/Clients/Client Registration' is present

2018-10-12 13:02:00 - [TEST_STEP][PASSED] - click: Object: 'Object Repository/Backoffice/Clients/Client Registration' is clicked on

2018-10-12 13:02:01 - [MESSAGE][PASSED] - Object: 'Object Repository/Backoffice/Clients/Client Registration' is clicked on

2018-10-12 13:02:01 - [TEST_STEP][PASSED] - setText: Text 'eyesemblematic' is set on object 'Object Repository/Backoffice/Clients/Registration/input_username'

2018-10-12 13:02:01 - [MESSAGE][PASSED] - Text 'eyesemblematic' is set on object 'Object Repository/Backoffice/Clients/Registration/input_username'

2018-10-12 13:02:01 - [TEST_STEP][PASSED] - setText: Text '123123' is set on object 'Object Repository/Backoffice/Clients/Registration/input_password'

2018-10-12 13:02:01 - [MESSAGE][PASSED] - Text '123123' is set on object 'Object Repository/Backoffice/Clients/Registration/input_password'

2018-10-12 13:02:01 - [TEST_STEP][PASSED] - setText: Text '123123' is set on object 'Object Repository/Backoffice/Clients/Registration/input_confirmp'

2018-10-12 13:02:01 - [MESSAGE][PASSED] - Text '123123' is set on object 'Object Repository/Backoffice/Clients/Registration/input_confirmp'

2018-10-12 13:02:01 - [TEST_STEP][PASSED] - selectOptionByValue: All options with value 'test' are selected in object 'Object Repository/Backoffice/Clients/Registration/select_operatorcode' 

2018-10-12 13:02:01 - [MESSAGE][PASSED] - All options with value 'test' are selected in object 'Object Repository/Backoffice/Clients/Registration/select_operatorcode' 

2018-10-12 13:02:01 - [TEST_STEP][PASSED] - selectOptionByValue: All options with value '1' are selected in object 'Object Repository/Backoffice/Clients/Registration/select_status' 

2018-10-12 13:02:01 - [MESSAGE][PASSED] - All options with value '1' are selected in object 'Object Repository/Backoffice/Clients/Registration/select_status' 

2018-10-12 13:02:01 - [TEST_STEP][PASSED] - delay: Delayed 2 second(s)

2018-10-12 13:02:03 - [MESSAGE][PASSED] - Delayed 2 second(s)

2018-10-12 13:02:03 - [TEST_STEP][PASSED] - click: Object: 'Object Repository/Backoffice/Clients/Registration/button_Submit' is clicked on

2018-10-12 13:02:04 - [MESSAGE][PASSED] - Object: 'Object Repository/Backoffice/Clients/Registration/button_Submit' is clicked on

2018-10-12 13:02:04 - [TEST_STEP][PASSED] - delay: Delayed 2 second(s)

2018-10-12 13:02:06 - [MESSAGE][PASSED] - Delayed 2 second(s)]]></system-out>
         <system-err><![CDATA[]]></system-err>
      </testcase>
      <testcase name="Test Cases/Backoffice/RegisterAccount" classname="Test Cases/Backoffice/RegisterAccount" status="PASSED">
         <system-out><![CDATA[2018-10-12 13:02:06 - [TEST_CASE][PASSED] - Test Cases/Backoffice/RegisterAccount: Test Cases/Backoffice/RegisterAccount

2018-10-12 13:02:06 - [TEST_STEP][PASSED] - focus: Object: 'Object Repository/Backoffice/Clients/Clients' is focused

2018-10-12 13:02:06 - [MESSAGE][PASSED] - Object: 'Object Repository/Backoffice/Clients/Clients' is focused

2018-10-12 13:02:06 - [TEST_STEP][PASSED] - verifyElementPresent: Object 'Object Repository/Backoffice/Clients/Client Registration' is present

2018-10-12 13:02:06 - [MESSAGE][PASSED] - Object 'Object Repository/Backoffice/Clients/Client Registration' is present

2018-10-12 13:02:06 - [TEST_STEP][PASSED] - click: Object: 'Object Repository/Backoffice/Clients/Client Registration' is clicked on

2018-10-12 13:02:07 - [MESSAGE][PASSED] - Object: 'Object Repository/Backoffice/Clients/Client Registration' is clicked on

2018-10-12 13:02:07 - [TEST_STEP][PASSED] - setText: Text 'eyeglassesexacting' is set on object 'Object Repository/Backoffice/Clients/Registration/input_username'

2018-10-12 13:02:07 - [MESSAGE][PASSED] - Text 'eyeglassesexacting' is set on object 'Object Repository/Backoffice/Clients/Registration/input_username'

2018-10-12 13:02:07 - [TEST_STEP][PASSED] - setText: Text '123123' is set on object 'Object Repository/Backoffice/Clients/Registration/input_password'

2018-10-12 13:02:07 - [MESSAGE][PASSED] - Text '123123' is set on object 'Object Repository/Backoffice/Clients/Registration/input_password'

2018-10-12 13:02:07 - [TEST_STEP][PASSED] - setText: Text '123123' is set on object 'Object Repository/Backoffice/Clients/Registration/input_confirmp'

2018-10-12 13:02:07 - [MESSAGE][PASSED] - Text '123123' is set on object 'Object Repository/Backoffice/Clients/Registration/input_confirmp'

2018-10-12 13:02:07 - [TEST_STEP][PASSED] - selectOptionByValue: All options with value 'test' are selected in object 'Object Repository/Backoffice/Clients/Registration/select_operatorcode' 

2018-10-12 13:02:08 - [MESSAGE][PASSED] - All options with value 'test' are selected in object 'Object Repository/Backoffice/Clients/Registration/select_operatorcode' 

2018-10-12 13:02:08 - [TEST_STEP][PASSED] - selectOptionByValue: All options with value '1' are selected in object 'Object Repository/Backoffice/Clients/Registration/select_status' 

2018-10-12 13:02:08 - [MESSAGE][PASSED] - All options with value '1' are selected in object 'Object Repository/Backoffice/Clients/Registration/select_status' 

2018-10-12 13:02:08 - [TEST_STEP][PASSED] - delay: Delayed 2 second(s)

2018-10-12 13:02:10 - [MESSAGE][PASSED] - Delayed 2 second(s)

2018-10-12 13:02:10 - [TEST_STEP][PASSED] - click: Object: 'Object Repository/Backoffice/Clients/Registration/button_Submit' is clicked on

2018-10-12 13:02:11 - [MESSAGE][PASSED] - Object: 'Object Repository/Backoffice/Clients/Registration/button_Submit' is clicked on

2018-10-12 13:02:11 - [TEST_STEP][PASSED] - delay: Delayed 2 second(s)

2018-10-12 13:02:13 - [MESSAGE][PASSED] - Delayed 2 second(s)]]></system-out>
         <system-err><![CDATA[]]></system-err>
      </testcase>
      <testcase name="Test Cases/Backoffice/RegisterAccount" classname="Test Cases/Backoffice/RegisterAccount" status="PASSED">
         <system-out><![CDATA[2018-10-12 13:02:13 - [TEST_CASE][PASSED] - Test Cases/Backoffice/RegisterAccount: Test Cases/Backoffice/RegisterAccount

2018-10-12 13:02:13 - [TEST_STEP][PASSED] - focus: Object: 'Object Repository/Backoffice/Clients/Clients' is focused

2018-10-12 13:02:13 - [MESSAGE][PASSED] - Object: 'Object Repository/Backoffice/Clients/Clients' is focused

2018-10-12 13:02:13 - [TEST_STEP][PASSED] - verifyElementPresent: Object 'Object Repository/Backoffice/Clients/Client Registration' is present

2018-10-12 13:02:13 - [MESSAGE][PASSED] - Object 'Object Repository/Backoffice/Clients/Client Registration' is present

2018-10-12 13:02:13 - [TEST_STEP][PASSED] - click: Object: 'Object Repository/Backoffice/Clients/Client Registration' is clicked on

2018-10-12 13:02:13 - [MESSAGE][PASSED] - Object: 'Object Repository/Backoffice/Clients/Client Registration' is clicked on

2018-10-12 13:02:13 - [TEST_STEP][PASSED] - setText: Text 'enjoymentenjoy' is set on object 'Object Repository/Backoffice/Clients/Registration/input_username'

2018-10-12 13:02:13 - [MESSAGE][PASSED] - Text 'enjoymentenjoy' is set on object 'Object Repository/Backoffice/Clients/Registration/input_username'

2018-10-12 13:02:13 - [TEST_STEP][PASSED] - setText: Text '123123' is set on object 'Object Repository/Backoffice/Clients/Registration/input_password'

2018-10-12 13:02:13 - [MESSAGE][PASSED] - Text '123123' is set on object 'Object Repository/Backoffice/Clients/Registration/input_password'

2018-10-12 13:02:13 - [TEST_STEP][PASSED] - setText: Text '123123' is set on object 'Object Repository/Backoffice/Clients/Registration/input_confirmp'

2018-10-12 13:02:14 - [MESSAGE][PASSED] - Text '123123' is set on object 'Object Repository/Backoffice/Clients/Registration/input_confirmp'

2018-10-12 13:02:14 - [TEST_STEP][PASSED] - selectOptionByValue: All options with value 'test' are selected in object 'Object Repository/Backoffice/Clients/Registration/select_operatorcode' 

2018-10-12 13:02:14 - [MESSAGE][PASSED] - All options with value 'test' are selected in object 'Object Repository/Backoffice/Clients/Registration/select_operatorcode' 

2018-10-12 13:02:14 - [TEST_STEP][PASSED] - selectOptionByValue: All options with value '1' are selected in object 'Object Repository/Backoffice/Clients/Registration/select_status' 

2018-10-12 13:02:14 - [MESSAGE][PASSED] - All options with value '1' are selected in object 'Object Repository/Backoffice/Clients/Registration/select_status' 

2018-10-12 13:02:14 - [TEST_STEP][PASSED] - delay: Delayed 2 second(s)

2018-10-12 13:02:16 - [MESSAGE][PASSED] - Delayed 2 second(s)

2018-10-12 13:02:16 - [TEST_STEP][PASSED] - click: Object: 'Object Repository/Backoffice/Clients/Registration/button_Submit' is clicked on

2018-10-12 13:02:17 - [MESSAGE][PASSED] - Object: 'Object Repository/Backoffice/Clients/Registration/button_Submit' is clicked on

2018-10-12 13:02:17 - [TEST_STEP][PASSED] - delay: Delayed 2 second(s)

2018-10-12 13:02:19 - [MESSAGE][PASSED] - Delayed 2 second(s)]]></system-out>
         <system-err><![CDATA[]]></system-err>
      </testcase>
      <testcase name="Test Cases/Backoffice/RegisterAccount" classname="Test Cases/Backoffice/RegisterAccount" status="PASSED">
         <system-out><![CDATA[2018-10-12 13:02:19 - [TEST_CASE][PASSED] - Test Cases/Backoffice/RegisterAccount: Test Cases/Backoffice/RegisterAccount

2018-10-12 13:02:19 - [TEST_STEP][PASSED] - focus: Object: 'Object Repository/Backoffice/Clients/Clients' is focused

2018-10-12 13:02:19 - [MESSAGE][PASSED] - Object: 'Object Repository/Backoffice/Clients/Clients' is focused

2018-10-12 13:02:19 - [TEST_STEP][PASSED] - verifyElementPresent: Object 'Object Repository/Backoffice/Clients/Client Registration' is present

2018-10-12 13:02:19 - [MESSAGE][PASSED] - Object 'Object Repository/Backoffice/Clients/Client Registration' is present

2018-10-12 13:02:19 - [TEST_STEP][PASSED] - click: Object: 'Object Repository/Backoffice/Clients/Client Registration' is clicked on

2018-10-12 13:02:20 - [MESSAGE][PASSED] - Object: 'Object Repository/Backoffice/Clients/Client Registration' is clicked on

2018-10-12 13:02:20 - [TEST_STEP][PASSED] - setText: Text 'ethanoicevanescent' is set on object 'Object Repository/Backoffice/Clients/Registration/input_username'

2018-10-12 13:02:20 - [MESSAGE][PASSED] - Text 'ethanoicevanescent' is set on object 'Object Repository/Backoffice/Clients/Registration/input_username'

2018-10-12 13:02:20 - [TEST_STEP][PASSED] - setText: Text '123123' is set on object 'Object Repository/Backoffice/Clients/Registration/input_password'

2018-10-12 13:02:20 - [MESSAGE][PASSED] - Text '123123' is set on object 'Object Repository/Backoffice/Clients/Registration/input_password'

2018-10-12 13:02:20 - [TEST_STEP][PASSED] - setText: Text '123123' is set on object 'Object Repository/Backoffice/Clients/Registration/input_confirmp'

2018-10-12 13:02:20 - [MESSAGE][PASSED] - Text '123123' is set on object 'Object Repository/Backoffice/Clients/Registration/input_confirmp'

2018-10-12 13:02:20 - [TEST_STEP][PASSED] - selectOptionByValue: All options with value 'test' are selected in object 'Object Repository/Backoffice/Clients/Registration/select_operatorcode' 

2018-10-12 13:02:20 - [MESSAGE][PASSED] - All options with value 'test' are selected in object 'Object Repository/Backoffice/Clients/Registration/select_operatorcode' 

2018-10-12 13:02:20 - [TEST_STEP][PASSED] - selectOptionByValue: All options with value '1' are selected in object 'Object Repository/Backoffice/Clients/Registration/select_status' 

2018-10-12 13:02:20 - [MESSAGE][PASSED] - All options with value '1' are selected in object 'Object Repository/Backoffice/Clients/Registration/select_status' 

2018-10-12 13:02:20 - [TEST_STEP][PASSED] - delay: Delayed 2 second(s)

2018-10-12 13:02:22 - [MESSAGE][PASSED] - Delayed 2 second(s)

2018-10-12 13:02:22 - [TEST_STEP][PASSED] - click: Object: 'Object Repository/Backoffice/Clients/Registration/button_Submit' is clicked on

2018-10-12 13:02:23 - [MESSAGE][PASSED] - Object: 'Object Repository/Backoffice/Clients/Registration/button_Submit' is clicked on

2018-10-12 13:02:23 - [TEST_STEP][PASSED] - delay: Delayed 2 second(s)

2018-10-12 13:02:25 - [MESSAGE][PASSED] - Delayed 2 second(s)]]></system-out>
         <system-err><![CDATA[]]></system-err>
      </testcase>
      <testcase name="Test Cases/Backoffice/RegisterAccount" classname="Test Cases/Backoffice/RegisterAccount" status="PASSED">
         <system-out><![CDATA[2018-10-12 13:02:25 - [TEST_CASE][PASSED] - Test Cases/Backoffice/RegisterAccount: Test Cases/Backoffice/RegisterAccount

2018-10-12 13:02:25 - [TEST_STEP][PASSED] - focus: Object: 'Object Repository/Backoffice/Clients/Clients' is focused

2018-10-12 13:02:25 - [MESSAGE][PASSED] - Object: 'Object Repository/Backoffice/Clients/Clients' is focused

2018-10-12 13:02:25 - [TEST_STEP][PASSED] - verifyElementPresent: Object 'Object Repository/Backoffice/Clients/Client Registration' is present

2018-10-12 13:02:25 - [MESSAGE][PASSED] - Object 'Object Repository/Backoffice/Clients/Client Registration' is present

2018-10-12 13:02:25 - [TEST_STEP][PASSED] - click: Object: 'Object Repository/Backoffice/Clients/Client Registration' is clicked on

2018-10-12 13:02:26 - [MESSAGE][PASSED] - Object: 'Object Repository/Backoffice/Clients/Client Registration' is clicked on

2018-10-12 13:02:26 - [TEST_STEP][PASSED] - setText: Text 'exemplaryembed' is set on object 'Object Repository/Backoffice/Clients/Registration/input_username'

2018-10-12 13:02:26 - [MESSAGE][PASSED] - Text 'exemplaryembed' is set on object 'Object Repository/Backoffice/Clients/Registration/input_username'

2018-10-12 13:02:26 - [TEST_STEP][PASSED] - setText: Text '123123' is set on object 'Object Repository/Backoffice/Clients/Registration/input_password'

2018-10-12 13:02:26 - [MESSAGE][PASSED] - Text '123123' is set on object 'Object Repository/Backoffice/Clients/Registration/input_password'

2018-10-12 13:02:26 - [TEST_STEP][PASSED] - setText: Text '123123' is set on object 'Object Repository/Backoffice/Clients/Registration/input_confirmp'

2018-10-12 13:02:26 - [MESSAGE][PASSED] - Text '123123' is set on object 'Object Repository/Backoffice/Clients/Registration/input_confirmp'

2018-10-12 13:02:26 - [TEST_STEP][PASSED] - selectOptionByValue: All options with value 'test' are selected in object 'Object Repository/Backoffice/Clients/Registration/select_operatorcode' 

2018-10-12 13:02:26 - [MESSAGE][PASSED] - All options with value 'test' are selected in object 'Object Repository/Backoffice/Clients/Registration/select_operatorcode' 

2018-10-12 13:02:26 - [TEST_STEP][PASSED] - selectOptionByValue: All options with value '1' are selected in object 'Object Repository/Backoffice/Clients/Registration/select_status' 

2018-10-12 13:02:26 - [MESSAGE][PASSED] - All options with value '1' are selected in object 'Object Repository/Backoffice/Clients/Registration/select_status' 

2018-10-12 13:02:26 - [TEST_STEP][PASSED] - delay: Delayed 2 second(s)

2018-10-12 13:02:28 - [MESSAGE][PASSED] - Delayed 2 second(s)

2018-10-12 13:02:28 - [TEST_STEP][PASSED] - click: Object: 'Object Repository/Backoffice/Clients/Registration/button_Submit' is clicked on

2018-10-12 13:02:29 - [MESSAGE][PASSED] - Object: 'Object Repository/Backoffice/Clients/Registration/button_Submit' is clicked on

2018-10-12 13:02:29 - [TEST_STEP][PASSED] - delay: Delayed 2 second(s)

2018-10-12 13:02:31 - [MESSAGE][PASSED] - Delayed 2 second(s)]]></system-out>
         <system-err><![CDATA[]]></system-err>
      </testcase>
      <testcase name="Test Cases/Backoffice/RegisterAccount" classname="Test Cases/Backoffice/RegisterAccount" status="PASSED">
         <system-out><![CDATA[2018-10-12 13:02:31 - [TEST_CASE][PASSED] - Test Cases/Backoffice/RegisterAccount: Test Cases/Backoffice/RegisterAccount

2018-10-12 13:02:31 - [TEST_STEP][PASSED] - focus: Object: 'Object Repository/Backoffice/Clients/Clients' is focused

2018-10-12 13:02:31 - [MESSAGE][PASSED] - Object: 'Object Repository/Backoffice/Clients/Clients' is focused

2018-10-12 13:02:31 - [TEST_STEP][PASSED] - verifyElementPresent: Object 'Object Repository/Backoffice/Clients/Client Registration' is present

2018-10-12 13:02:31 - [MESSAGE][PASSED] - Object 'Object Repository/Backoffice/Clients/Client Registration' is present

2018-10-12 13:02:31 - [TEST_STEP][PASSED] - click: Object: 'Object Repository/Backoffice/Clients/Client Registration' is clicked on

2018-10-12 13:02:32 - [MESSAGE][PASSED] - Object: 'Object Repository/Backoffice/Clients/Client Registration' is clicked on

2018-10-12 13:02:32 - [TEST_STEP][PASSED] - setText: Text 'earlyestrogen' is set on object 'Object Repository/Backoffice/Clients/Registration/input_username'

2018-10-12 13:02:32 - [MESSAGE][PASSED] - Text 'earlyestrogen' is set on object 'Object Repository/Backoffice/Clients/Registration/input_username'

2018-10-12 13:02:32 - [TEST_STEP][PASSED] - setText: Text '123123' is set on object 'Object Repository/Backoffice/Clients/Registration/input_password'

2018-10-12 13:02:32 - [MESSAGE][PASSED] - Text '123123' is set on object 'Object Repository/Backoffice/Clients/Registration/input_password'

2018-10-12 13:02:32 - [TEST_STEP][PASSED] - setText: Text '123123' is set on object 'Object Repository/Backoffice/Clients/Registration/input_confirmp'

2018-10-12 13:02:33 - [MESSAGE][PASSED] - Text '123123' is set on object 'Object Repository/Backoffice/Clients/Registration/input_confirmp'

2018-10-12 13:02:33 - [TEST_STEP][PASSED] - selectOptionByValue: All options with value 'test' are selected in object 'Object Repository/Backoffice/Clients/Registration/select_operatorcode' 

2018-10-12 13:02:33 - [MESSAGE][PASSED] - All options with value 'test' are selected in object 'Object Repository/Backoffice/Clients/Registration/select_operatorcode' 

2018-10-12 13:02:33 - [TEST_STEP][PASSED] - selectOptionByValue: All options with value '1' are selected in object 'Object Repository/Backoffice/Clients/Registration/select_status' 

2018-10-12 13:02:33 - [MESSAGE][PASSED] - All options with value '1' are selected in object 'Object Repository/Backoffice/Clients/Registration/select_status' 

2018-10-12 13:02:33 - [TEST_STEP][PASSED] - delay: Delayed 2 second(s)

2018-10-12 13:02:35 - [MESSAGE][PASSED] - Delayed 2 second(s)

2018-10-12 13:02:35 - [TEST_STEP][PASSED] - click: Object: 'Object Repository/Backoffice/Clients/Registration/button_Submit' is clicked on

2018-10-12 13:02:36 - [MESSAGE][PASSED] - Object: 'Object Repository/Backoffice/Clients/Registration/button_Submit' is clicked on

2018-10-12 13:02:36 - [TEST_STEP][PASSED] - delay: Delayed 2 second(s)

2018-10-12 13:02:38 - [MESSAGE][PASSED] - Delayed 2 second(s)]]></system-out>
         <system-err><![CDATA[]]></system-err>
      </testcase>
      <testcase name="Test Cases/Backoffice/RegisterAccount" classname="Test Cases/Backoffice/RegisterAccount" status="PASSED">
         <system-out><![CDATA[2018-10-12 13:02:38 - [TEST_CASE][PASSED] - Test Cases/Backoffice/RegisterAccount: Test Cases/Backoffice/RegisterAccount

2018-10-12 13:02:38 - [TEST_STEP][PASSED] - focus: Object: 'Object Repository/Backoffice/Clients/Clients' is focused

2018-10-12 13:02:38 - [MESSAGE][PASSED] - Object: 'Object Repository/Backoffice/Clients/Clients' is focused

2018-10-12 13:02:38 - [TEST_STEP][PASSED] - verifyElementPresent: Object 'Object Repository/Backoffice/Clients/Client Registration' is present

2018-10-12 13:02:38 - [MESSAGE][PASSED] - Object 'Object Repository/Backoffice/Clients/Client Registration' is present

2018-10-12 13:02:38 - [TEST_STEP][PASSED] - click: Object: 'Object Repository/Backoffice/Clients/Client Registration' is clicked on

2018-10-12 13:02:38 - [MESSAGE][PASSED] - Object: 'Object Repository/Backoffice/Clients/Client Registration' is clicked on

2018-10-12 13:02:38 - [TEST_STEP][PASSED] - setText: Text 'exuberanceeuro' is set on object 'Object Repository/Backoffice/Clients/Registration/input_username'

2018-10-12 13:02:39 - [MESSAGE][PASSED] - Text 'exuberanceeuro' is set on object 'Object Repository/Backoffice/Clients/Registration/input_username'

2018-10-12 13:02:39 - [TEST_STEP][PASSED] - setText: Text '123123' is set on object 'Object Repository/Backoffice/Clients/Registration/input_password'

2018-10-12 13:02:39 - [MESSAGE][PASSED] - Text '123123' is set on object 'Object Repository/Backoffice/Clients/Registration/input_password'

2018-10-12 13:02:39 - [TEST_STEP][PASSED] - setText: Text '123123' is set on object 'Object Repository/Backoffice/Clients/Registration/input_confirmp'

2018-10-12 13:02:39 - [MESSAGE][PASSED] - Text '123123' is set on object 'Object Repository/Backoffice/Clients/Registration/input_confirmp'

2018-10-12 13:02:39 - [TEST_STEP][PASSED] - selectOptionByValue: All options with value 'test' are selected in object 'Object Repository/Backoffice/Clients/Registration/select_operatorcode' 

2018-10-12 13:02:39 - [MESSAGE][PASSED] - All options with value 'test' are selected in object 'Object Repository/Backoffice/Clients/Registration/select_operatorcode' 

2018-10-12 13:02:39 - [TEST_STEP][PASSED] - selectOptionByValue: All options with value '1' are selected in object 'Object Repository/Backoffice/Clients/Registration/select_status' 

2018-10-12 13:02:39 - [MESSAGE][PASSED] - All options with value '1' are selected in object 'Object Repository/Backoffice/Clients/Registration/select_status' 

2018-10-12 13:02:39 - [TEST_STEP][PASSED] - delay: Delayed 2 second(s)

2018-10-12 13:02:41 - [MESSAGE][PASSED] - Delayed 2 second(s)

2018-10-12 13:02:41 - [TEST_STEP][PASSED] - click: Object: 'Object Repository/Backoffice/Clients/Registration/button_Submit' is clicked on

2018-10-12 13:02:42 - [MESSAGE][PASSED] - Object: 'Object Repository/Backoffice/Clients/Registration/button_Submit' is clicked on

2018-10-12 13:02:42 - [TEST_STEP][PASSED] - delay: Delayed 2 second(s)

2018-10-12 13:02:44 - [MESSAGE][PASSED] - Delayed 2 second(s)]]></system-out>
         <system-err><![CDATA[]]></system-err>
      </testcase>
      <testcase name="Test Cases/Backoffice/RegisterAccount" classname="Test Cases/Backoffice/RegisterAccount" status="PASSED">
         <system-out><![CDATA[2018-10-12 13:02:44 - [TEST_CASE][PASSED] - Test Cases/Backoffice/RegisterAccount: Test Cases/Backoffice/RegisterAccount

2018-10-12 13:02:44 - [TEST_STEP][PASSED] - focus: Object: 'Object Repository/Backoffice/Clients/Clients' is focused

2018-10-12 13:02:44 - [MESSAGE][PASSED] - Object: 'Object Repository/Backoffice/Clients/Clients' is focused

2018-10-12 13:02:44 - [TEST_STEP][PASSED] - verifyElementPresent: Object 'Object Repository/Backoffice/Clients/Client Registration' is present

2018-10-12 13:02:44 - [MESSAGE][PASSED] - Object 'Object Repository/Backoffice/Clients/Client Registration' is present

2018-10-12 13:02:44 - [TEST_STEP][PASSED] - click: Object: 'Object Repository/Backoffice/Clients/Client Registration' is clicked on

2018-10-12 13:02:45 - [MESSAGE][PASSED] - Object: 'Object Repository/Backoffice/Clients/Client Registration' is clicked on

2018-10-12 13:02:45 - [TEST_STEP][PASSED] - setText: Text 'expandingeclipsing' is set on object 'Object Repository/Backoffice/Clients/Registration/input_username'

2018-10-12 13:02:45 - [MESSAGE][PASSED] - Text 'expandingeclipsing' is set on object 'Object Repository/Backoffice/Clients/Registration/input_username'

2018-10-12 13:02:45 - [TEST_STEP][PASSED] - setText: Text '123123' is set on object 'Object Repository/Backoffice/Clients/Registration/input_password'

2018-10-12 13:02:45 - [MESSAGE][PASSED] - Text '123123' is set on object 'Object Repository/Backoffice/Clients/Registration/input_password'

2018-10-12 13:02:45 - [TEST_STEP][PASSED] - setText: Text '123123' is set on object 'Object Repository/Backoffice/Clients/Registration/input_confirmp'

2018-10-12 13:02:45 - [MESSAGE][PASSED] - Text '123123' is set on object 'Object Repository/Backoffice/Clients/Registration/input_confirmp'

2018-10-12 13:02:45 - [TEST_STEP][PASSED] - selectOptionByValue: All options with value 'test' are selected in object 'Object Repository/Backoffice/Clients/Registration/select_operatorcode' 

2018-10-12 13:02:45 - [MESSAGE][PASSED] - All options with value 'test' are selected in object 'Object Repository/Backoffice/Clients/Registration/select_operatorcode' 

2018-10-12 13:02:45 - [TEST_STEP][PASSED] - selectOptionByValue: All options with value '1' are selected in object 'Object Repository/Backoffice/Clients/Registration/select_status' 

2018-10-12 13:02:45 - [MESSAGE][PASSED] - All options with value '1' are selected in object 'Object Repository/Backoffice/Clients/Registration/select_status' 

2018-10-12 13:02:45 - [TEST_STEP][PASSED] - delay: Delayed 2 second(s)

2018-10-12 13:02:47 - [MESSAGE][PASSED] - Delayed 2 second(s)

2018-10-12 13:02:47 - [TEST_STEP][PASSED] - click: Object: 'Object Repository/Backoffice/Clients/Registration/button_Submit' is clicked on

2018-10-12 13:02:48 - [MESSAGE][PASSED] - Object: 'Object Repository/Backoffice/Clients/Registration/button_Submit' is clicked on

2018-10-12 13:02:48 - [TEST_STEP][PASSED] - delay: Delayed 2 second(s)

2018-10-12 13:02:50 - [MESSAGE][PASSED] - Delayed 2 second(s)]]></system-out>
         <system-err><![CDATA[]]></system-err>
      </testcase>
      <testcase name="Test Cases/Backoffice/RegisterAccount" classname="Test Cases/Backoffice/RegisterAccount" status="PASSED">
         <system-out><![CDATA[2018-10-12 13:02:50 - [TEST_CASE][PASSED] - Test Cases/Backoffice/RegisterAccount: Test Cases/Backoffice/RegisterAccount

2018-10-12 13:02:50 - [TEST_STEP][PASSED] - focus: Object: 'Object Repository/Backoffice/Clients/Clients' is focused

2018-10-12 13:02:50 - [MESSAGE][PASSED] - Object: 'Object Repository/Backoffice/Clients/Clients' is focused

2018-10-12 13:02:50 - [TEST_STEP][PASSED] - verifyElementPresent: Object 'Object Repository/Backoffice/Clients/Client Registration' is present

2018-10-12 13:02:50 - [MESSAGE][PASSED] - Object 'Object Repository/Backoffice/Clients/Client Registration' is present

2018-10-12 13:02:50 - [TEST_STEP][PASSED] - click: Object: 'Object Repository/Backoffice/Clients/Client Registration' is clicked on

2018-10-12 13:02:51 - [MESSAGE][PASSED] - Object: 'Object Repository/Backoffice/Clients/Client Registration' is clicked on

2018-10-12 13:02:51 - [TEST_STEP][PASSED] - setText: Text 'erecteudiometer' is set on object 'Object Repository/Backoffice/Clients/Registration/input_username'

2018-10-12 13:02:51 - [MESSAGE][PASSED] - Text 'erecteudiometer' is set on object 'Object Repository/Backoffice/Clients/Registration/input_username'

2018-10-12 13:02:51 - [TEST_STEP][PASSED] - setText: Text '123123' is set on object 'Object Repository/Backoffice/Clients/Registration/input_password'

2018-10-12 13:02:51 - [MESSAGE][PASSED] - Text '123123' is set on object 'Object Repository/Backoffice/Clients/Registration/input_password'

2018-10-12 13:02:51 - [TEST_STEP][PASSED] - setText: Text '123123' is set on object 'Object Repository/Backoffice/Clients/Registration/input_confirmp'

2018-10-12 13:02:51 - [MESSAGE][PASSED] - Text '123123' is set on object 'Object Repository/Backoffice/Clients/Registration/input_confirmp'

2018-10-12 13:02:51 - [TEST_STEP][PASSED] - selectOptionByValue: All options with value 'test' are selected in object 'Object Repository/Backoffice/Clients/Registration/select_operatorcode' 

2018-10-12 13:02:52 - [MESSAGE][PASSED] - All options with value 'test' are selected in object 'Object Repository/Backoffice/Clients/Registration/select_operatorcode' 

2018-10-12 13:02:52 - [TEST_STEP][PASSED] - selectOptionByValue: All options with value '1' are selected in object 'Object Repository/Backoffice/Clients/Registration/select_status' 

2018-10-12 13:02:52 - [MESSAGE][PASSED] - All options with value '1' are selected in object 'Object Repository/Backoffice/Clients/Registration/select_status' 

2018-10-12 13:02:52 - [TEST_STEP][PASSED] - delay: Delayed 2 second(s)

2018-10-12 13:02:54 - [MESSAGE][PASSED] - Delayed 2 second(s)

2018-10-12 13:02:54 - [TEST_STEP][PASSED] - click: Object: 'Object Repository/Backoffice/Clients/Registration/button_Submit' is clicked on

2018-10-12 13:02:55 - [MESSAGE][PASSED] - Object: 'Object Repository/Backoffice/Clients/Registration/button_Submit' is clicked on

2018-10-12 13:02:55 - [TEST_STEP][PASSED] - delay: Delayed 2 second(s)

2018-10-12 13:02:57 - [MESSAGE][PASSED] - Delayed 2 second(s)]]></system-out>
         <system-err><![CDATA[]]></system-err>
      </testcase>
      <testcase name="Test Cases/Backoffice/RegisterAccount" classname="Test Cases/Backoffice/RegisterAccount" status="PASSED">
         <system-out><![CDATA[2018-10-12 13:02:57 - [TEST_CASE][PASSED] - Test Cases/Backoffice/RegisterAccount: Test Cases/Backoffice/RegisterAccount

2018-10-12 13:02:57 - [TEST_STEP][PASSED] - focus: Object: 'Object Repository/Backoffice/Clients/Clients' is focused

2018-10-12 13:02:57 - [MESSAGE][PASSED] - Object: 'Object Repository/Backoffice/Clients/Clients' is focused

2018-10-12 13:02:57 - [TEST_STEP][PASSED] - verifyElementPresent: Object 'Object Repository/Backoffice/Clients/Client Registration' is present

2018-10-12 13:02:57 - [MESSAGE][PASSED] - Object 'Object Repository/Backoffice/Clients/Client Registration' is present

2018-10-12 13:02:57 - [TEST_STEP][PASSED] - click: Object: 'Object Repository/Backoffice/Clients/Client Registration' is clicked on

2018-10-12 13:02:57 - [MESSAGE][PASSED] - Object: 'Object Repository/Backoffice/Clients/Client Registration' is clicked on

2018-10-12 13:02:57 - [TEST_STEP][PASSED] - setText: Text 'exponentexample' is set on object 'Object Repository/Backoffice/Clients/Registration/input_username'

2018-10-12 13:02:58 - [MESSAGE][PASSED] - Text 'exponentexample' is set on object 'Object Repository/Backoffice/Clients/Registration/input_username'

2018-10-12 13:02:58 - [TEST_STEP][PASSED] - setText: Text '123123' is set on object 'Object Repository/Backoffice/Clients/Registration/input_password'

2018-10-12 13:02:58 - [MESSAGE][PASSED] - Text '123123' is set on object 'Object Repository/Backoffice/Clients/Registration/input_password'

2018-10-12 13:02:58 - [TEST_STEP][PASSED] - setText: Text '123123' is set on object 'Object Repository/Backoffice/Clients/Registration/input_confirmp'

2018-10-12 13:02:58 - [MESSAGE][PASSED] - Text '123123' is set on object 'Object Repository/Backoffice/Clients/Registration/input_confirmp'

2018-10-12 13:02:58 - [TEST_STEP][PASSED] - selectOptionByValue: All options with value 'test' are selected in object 'Object Repository/Backoffice/Clients/Registration/select_operatorcode' 

2018-10-12 13:02:58 - [MESSAGE][PASSED] - All options with value 'test' are selected in object 'Object Repository/Backoffice/Clients/Registration/select_operatorcode' 

2018-10-12 13:02:58 - [TEST_STEP][PASSED] - selectOptionByValue: All options with value '1' are selected in object 'Object Repository/Backoffice/Clients/Registration/select_status' 

2018-10-12 13:02:58 - [MESSAGE][PASSED] - All options with value '1' are selected in object 'Object Repository/Backoffice/Clients/Registration/select_status' 

2018-10-12 13:02:58 - [TEST_STEP][PASSED] - delay: Delayed 2 second(s)

2018-10-12 13:03:00 - [MESSAGE][PASSED] - Delayed 2 second(s)

2018-10-12 13:03:00 - [TEST_STEP][PASSED] - click: Object: 'Object Repository/Backoffice/Clients/Registration/button_Submit' is clicked on

2018-10-12 13:03:01 - [MESSAGE][PASSED] - Object: 'Object Repository/Backoffice/Clients/Registration/button_Submit' is clicked on

2018-10-12 13:03:01 - [TEST_STEP][PASSED] - delay: Delayed 2 second(s)

2018-10-12 13:03:03 - [MESSAGE][PASSED] - Delayed 2 second(s)]]></system-out>
         <system-err><![CDATA[]]></system-err>
      </testcase>
      <testcase name="Test Cases/Backoffice/RegisterAccount" classname="Test Cases/Backoffice/RegisterAccount" status="PASSED">
         <system-out><![CDATA[2018-10-12 13:03:03 - [TEST_CASE][PASSED] - Test Cases/Backoffice/RegisterAccount: Test Cases/Backoffice/RegisterAccount

2018-10-12 13:03:03 - [TEST_STEP][PASSED] - focus: Object: 'Object Repository/Backoffice/Clients/Clients' is focused

2018-10-12 13:03:03 - [MESSAGE][PASSED] - Object: 'Object Repository/Backoffice/Clients/Clients' is focused

2018-10-12 13:03:03 - [TEST_STEP][PASSED] - verifyElementPresent: Object 'Object Repository/Backoffice/Clients/Client Registration' is present

2018-10-12 13:03:03 - [MESSAGE][PASSED] - Object 'Object Repository/Backoffice/Clients/Client Registration' is present

2018-10-12 13:03:03 - [TEST_STEP][PASSED] - click: Object: 'Object Repository/Backoffice/Clients/Client Registration' is clicked on

2018-10-12 13:03:04 - [MESSAGE][PASSED] - Object: 'Object Repository/Backoffice/Clients/Client Registration' is clicked on

2018-10-12 13:03:04 - [TEST_STEP][PASSED] - setText: Text 'englishextralarge' is set on object 'Object Repository/Backoffice/Clients/Registration/input_username'

2018-10-12 13:03:04 - [MESSAGE][PASSED] - Text 'englishextralarge' is set on object 'Object Repository/Backoffice/Clients/Registration/input_username'

2018-10-12 13:03:04 - [TEST_STEP][PASSED] - setText: Text '123123' is set on object 'Object Repository/Backoffice/Clients/Registration/input_password'

2018-10-12 13:03:04 - [MESSAGE][PASSED] - Text '123123' is set on object 'Object Repository/Backoffice/Clients/Registration/input_password'

2018-10-12 13:03:04 - [TEST_STEP][PASSED] - setText: Text '123123' is set on object 'Object Repository/Backoffice/Clients/Registration/input_confirmp'

2018-10-12 13:03:04 - [MESSAGE][PASSED] - Text '123123' is set on object 'Object Repository/Backoffice/Clients/Registration/input_confirmp'

2018-10-12 13:03:04 - [TEST_STEP][PASSED] - selectOptionByValue: All options with value 'test' are selected in object 'Object Repository/Backoffice/Clients/Registration/select_operatorcode' 

2018-10-12 13:03:04 - [MESSAGE][PASSED] - All options with value 'test' are selected in object 'Object Repository/Backoffice/Clients/Registration/select_operatorcode' 

2018-10-12 13:03:04 - [TEST_STEP][PASSED] - selectOptionByValue: All options with value '1' are selected in object 'Object Repository/Backoffice/Clients/Registration/select_status' 

2018-10-12 13:03:04 - [MESSAGE][PASSED] - All options with value '1' are selected in object 'Object Repository/Backoffice/Clients/Registration/select_status' 

2018-10-12 13:03:04 - [TEST_STEP][PASSED] - delay: Delayed 2 second(s)

2018-10-12 13:03:06 - [MESSAGE][PASSED] - Delayed 2 second(s)

2018-10-12 13:03:06 - [TEST_STEP][PASSED] - click: Object: 'Object Repository/Backoffice/Clients/Registration/button_Submit' is clicked on

2018-10-12 13:03:07 - [MESSAGE][PASSED] - Object: 'Object Repository/Backoffice/Clients/Registration/button_Submit' is clicked on

2018-10-12 13:03:07 - [TEST_STEP][PASSED] - delay: Delayed 2 second(s)

2018-10-12 13:03:09 - [MESSAGE][PASSED] - Delayed 2 second(s)]]></system-out>
         <system-err><![CDATA[]]></system-err>
      </testcase>
      <testcase name="Test Cases/Backoffice/RegisterAccount" classname="Test Cases/Backoffice/RegisterAccount" status="PASSED">
         <system-out><![CDATA[2018-10-12 13:03:09 - [TEST_CASE][PASSED] - Test Cases/Backoffice/RegisterAccount: Test Cases/Backoffice/RegisterAccount

2018-10-12 13:03:09 - [TEST_STEP][PASSED] - focus: Object: 'Object Repository/Backoffice/Clients/Clients' is focused

2018-10-12 13:03:09 - [MESSAGE][PASSED] - Object: 'Object Repository/Backoffice/Clients/Clients' is focused

2018-10-12 13:03:09 - [TEST_STEP][PASSED] - verifyElementPresent: Object 'Object Repository/Backoffice/Clients/Client Registration' is present

2018-10-12 13:03:09 - [MESSAGE][PASSED] - Object 'Object Repository/Backoffice/Clients/Client Registration' is present

2018-10-12 13:03:09 - [TEST_STEP][PASSED] - click: Object: 'Object Repository/Backoffice/Clients/Client Registration' is clicked on

2018-10-12 13:03:10 - [MESSAGE][PASSED] - Object: 'Object Repository/Backoffice/Clients/Client Registration' is clicked on

2018-10-12 13:03:10 - [TEST_STEP][PASSED] - setText: Text 'embeddedextinction' is set on object 'Object Repository/Backoffice/Clients/Registration/input_username'

2018-10-12 13:03:11 - [MESSAGE][PASSED] - Text 'embeddedextinction' is set on object 'Object Repository/Backoffice/Clients/Registration/input_username'

2018-10-12 13:03:11 - [TEST_STEP][PASSED] - setText: Text '123123' is set on object 'Object Repository/Backoffice/Clients/Registration/input_password'

2018-10-12 13:03:11 - [MESSAGE][PASSED] - Text '123123' is set on object 'Object Repository/Backoffice/Clients/Registration/input_password'

2018-10-12 13:03:11 - [TEST_STEP][PASSED] - setText: Text '123123' is set on object 'Object Repository/Backoffice/Clients/Registration/input_confirmp'

2018-10-12 13:03:11 - [MESSAGE][PASSED] - Text '123123' is set on object 'Object Repository/Backoffice/Clients/Registration/input_confirmp'

2018-10-12 13:03:11 - [TEST_STEP][PASSED] - selectOptionByValue: All options with value 'test' are selected in object 'Object Repository/Backoffice/Clients/Registration/select_operatorcode' 

2018-10-12 13:03:11 - [MESSAGE][PASSED] - All options with value 'test' are selected in object 'Object Repository/Backoffice/Clients/Registration/select_operatorcode' 

2018-10-12 13:03:11 - [TEST_STEP][PASSED] - selectOptionByValue: All options with value '1' are selected in object 'Object Repository/Backoffice/Clients/Registration/select_status' 

2018-10-12 13:03:11 - [MESSAGE][PASSED] - All options with value '1' are selected in object 'Object Repository/Backoffice/Clients/Registration/select_status' 

2018-10-12 13:03:11 - [TEST_STEP][PASSED] - delay: Delayed 2 second(s)

2018-10-12 13:03:13 - [MESSAGE][PASSED] - Delayed 2 second(s)

2018-10-12 13:03:13 - [TEST_STEP][PASSED] - click: Object: 'Object Repository/Backoffice/Clients/Registration/button_Submit' is clicked on

2018-10-12 13:03:14 - [MESSAGE][PASSED] - Object: 'Object Repository/Backoffice/Clients/Registration/button_Submit' is clicked on

2018-10-12 13:03:14 - [TEST_STEP][PASSED] - delay: Delayed 2 second(s)

2018-10-12 13:03:16 - [MESSAGE][PASSED] - Delayed 2 second(s)]]></system-out>
         <system-err><![CDATA[]]></system-err>
      </testcase>
      <testcase name="Test Cases/Backoffice/RegisterAccount" classname="Test Cases/Backoffice/RegisterAccount" status="PASSED">
         <system-out><![CDATA[2018-10-12 13:03:16 - [TEST_CASE][PASSED] - Test Cases/Backoffice/RegisterAccount: Test Cases/Backoffice/RegisterAccount

2018-10-12 13:03:16 - [TEST_STEP][PASSED] - focus: Object: 'Object Repository/Backoffice/Clients/Clients' is focused

2018-10-12 13:03:16 - [MESSAGE][PASSED] - Object: 'Object Repository/Backoffice/Clients/Clients' is focused

2018-10-12 13:03:16 - [TEST_STEP][PASSED] - verifyElementPresent: Object 'Object Repository/Backoffice/Clients/Client Registration' is present

2018-10-12 13:03:16 - [MESSAGE][PASSED] - Object 'Object Repository/Backoffice/Clients/Client Registration' is present

2018-10-12 13:03:16 - [TEST_STEP][PASSED] - click: Object: 'Object Repository/Backoffice/Clients/Client Registration' is clicked on

2018-10-12 13:03:17 - [MESSAGE][PASSED] - Object: 'Object Repository/Backoffice/Clients/Client Registration' is clicked on

2018-10-12 13:03:17 - [TEST_STEP][PASSED] - setText: Text 'extensionelbow' is set on object 'Object Repository/Backoffice/Clients/Registration/input_username'

2018-10-12 13:03:17 - [MESSAGE][PASSED] - Text 'extensionelbow' is set on object 'Object Repository/Backoffice/Clients/Registration/input_username'

2018-10-12 13:03:17 - [TEST_STEP][PASSED] - setText: Text '123123' is set on object 'Object Repository/Backoffice/Clients/Registration/input_password'

2018-10-12 13:03:17 - [MESSAGE][PASSED] - Text '123123' is set on object 'Object Repository/Backoffice/Clients/Registration/input_password'

2018-10-12 13:03:17 - [TEST_STEP][PASSED] - setText: Text '123123' is set on object 'Object Repository/Backoffice/Clients/Registration/input_confirmp'

2018-10-12 13:03:17 - [MESSAGE][PASSED] - Text '123123' is set on object 'Object Repository/Backoffice/Clients/Registration/input_confirmp'

2018-10-12 13:03:17 - [TEST_STEP][PASSED] - selectOptionByValue: All options with value 'test' are selected in object 'Object Repository/Backoffice/Clients/Registration/select_operatorcode' 

2018-10-12 13:03:18 - [MESSAGE][PASSED] - All options with value 'test' are selected in object 'Object Repository/Backoffice/Clients/Registration/select_operatorcode' 

2018-10-12 13:03:18 - [TEST_STEP][PASSED] - selectOptionByValue: All options with value '1' are selected in object 'Object Repository/Backoffice/Clients/Registration/select_status' 

2018-10-12 13:03:18 - [MESSAGE][PASSED] - All options with value '1' are selected in object 'Object Repository/Backoffice/Clients/Registration/select_status' 

2018-10-12 13:03:18 - [TEST_STEP][PASSED] - delay: Delayed 2 second(s)

2018-10-12 13:03:20 - [MESSAGE][PASSED] - Delayed 2 second(s)

2018-10-12 13:03:20 - [TEST_STEP][PASSED] - click: Object: 'Object Repository/Backoffice/Clients/Registration/button_Submit' is clicked on

2018-10-12 13:03:21 - [MESSAGE][PASSED] - Object: 'Object Repository/Backoffice/Clients/Registration/button_Submit' is clicked on

2018-10-12 13:03:21 - [TEST_STEP][PASSED] - delay: Delayed 2 second(s)

2018-10-12 13:03:23 - [MESSAGE][PASSED] - Delayed 2 second(s)]]></system-out>
         <system-err><![CDATA[]]></system-err>
      </testcase>
      <testcase name="Test Cases/Backoffice/RegisterAccount" classname="Test Cases/Backoffice/RegisterAccount" status="PASSED">
         <system-out><![CDATA[2018-10-12 13:03:23 - [TEST_CASE][PASSED] - Test Cases/Backoffice/RegisterAccount: Test Cases/Backoffice/RegisterAccount

2018-10-12 13:03:23 - [TEST_STEP][PASSED] - focus: Object: 'Object Repository/Backoffice/Clients/Clients' is focused

2018-10-12 13:03:23 - [MESSAGE][PASSED] - Object: 'Object Repository/Backoffice/Clients/Clients' is focused

2018-10-12 13:03:23 - [TEST_STEP][PASSED] - verifyElementPresent: Object 'Object Repository/Backoffice/Clients/Client Registration' is present

2018-10-12 13:03:23 - [MESSAGE][PASSED] - Object 'Object Repository/Backoffice/Clients/Client Registration' is present

2018-10-12 13:03:23 - [TEST_STEP][PASSED] - click: Object: 'Object Repository/Backoffice/Clients/Client Registration' is clicked on

2018-10-12 13:03:24 - [MESSAGE][PASSED] - Object: 'Object Repository/Backoffice/Clients/Client Registration' is clicked on

2018-10-12 13:03:24 - [TEST_STEP][PASSED] - setText: Text 'enginesennui' is set on object 'Object Repository/Backoffice/Clients/Registration/input_username'

2018-10-12 13:03:24 - [MESSAGE][PASSED] - Text 'enginesennui' is set on object 'Object Repository/Backoffice/Clients/Registration/input_username'

2018-10-12 13:03:24 - [TEST_STEP][PASSED] - setText: Text '123123' is set on object 'Object Repository/Backoffice/Clients/Registration/input_password'

2018-10-12 13:03:24 - [MESSAGE][PASSED] - Text '123123' is set on object 'Object Repository/Backoffice/Clients/Registration/input_password'

2018-10-12 13:03:24 - [TEST_STEP][PASSED] - setText: Text '123123' is set on object 'Object Repository/Backoffice/Clients/Registration/input_confirmp'

2018-10-12 13:03:24 - [MESSAGE][PASSED] - Text '123123' is set on object 'Object Repository/Backoffice/Clients/Registration/input_confirmp'

2018-10-12 13:03:24 - [TEST_STEP][PASSED] - selectOptionByValue: All options with value 'test' are selected in object 'Object Repository/Backoffice/Clients/Registration/select_operatorcode' 

2018-10-12 13:03:24 - [MESSAGE][PASSED] - All options with value 'test' are selected in object 'Object Repository/Backoffice/Clients/Registration/select_operatorcode' 

2018-10-12 13:03:24 - [TEST_STEP][PASSED] - selectOptionByValue: All options with value '1' are selected in object 'Object Repository/Backoffice/Clients/Registration/select_status' 

2018-10-12 13:03:24 - [MESSAGE][PASSED] - All options with value '1' are selected in object 'Object Repository/Backoffice/Clients/Registration/select_status' 

2018-10-12 13:03:24 - [TEST_STEP][PASSED] - delay: Delayed 2 second(s)

2018-10-12 13:03:26 - [MESSAGE][PASSED] - Delayed 2 second(s)

2018-10-12 13:03:26 - [TEST_STEP][PASSED] - click: Object: 'Object Repository/Backoffice/Clients/Registration/button_Submit' is clicked on

2018-10-12 13:03:27 - [MESSAGE][PASSED] - Object: 'Object Repository/Backoffice/Clients/Registration/button_Submit' is clicked on

2018-10-12 13:03:27 - [TEST_STEP][PASSED] - delay: Delayed 2 second(s)

2018-10-12 13:03:29 - [MESSAGE][PASSED] - Delayed 2 second(s)]]></system-out>
         <system-err><![CDATA[]]></system-err>
      </testcase>
      <testcase name="Test Cases/Backoffice/RegisterAccount" classname="Test Cases/Backoffice/RegisterAccount" status="PASSED">
         <system-out><![CDATA[2018-10-12 13:03:29 - [TEST_CASE][PASSED] - Test Cases/Backoffice/RegisterAccount: Test Cases/Backoffice/RegisterAccount

2018-10-12 13:03:29 - [TEST_STEP][PASSED] - focus: Object: 'Object Repository/Backoffice/Clients/Clients' is focused

2018-10-12 13:03:29 - [MESSAGE][PASSED] - Object: 'Object Repository/Backoffice/Clients/Clients' is focused

2018-10-12 13:03:29 - [TEST_STEP][PASSED] - verifyElementPresent: Object 'Object Repository/Backoffice/Clients/Client Registration' is present

2018-10-12 13:03:29 - [MESSAGE][PASSED] - Object 'Object Repository/Backoffice/Clients/Client Registration' is present

2018-10-12 13:03:29 - [TEST_STEP][PASSED] - click: Object: 'Object Repository/Backoffice/Clients/Client Registration' is clicked on

2018-10-12 13:03:30 - [MESSAGE][PASSED] - Object: 'Object Repository/Backoffice/Clients/Client Registration' is clicked on

2018-10-12 13:03:30 - [TEST_STEP][PASSED] - setText: Text 'exampleequalizer' is set on object 'Object Repository/Backoffice/Clients/Registration/input_username'

2018-10-12 13:03:30 - [MESSAGE][PASSED] - Text 'exampleequalizer' is set on object 'Object Repository/Backoffice/Clients/Registration/input_username'

2018-10-12 13:03:30 - [TEST_STEP][PASSED] - setText: Text '123123' is set on object 'Object Repository/Backoffice/Clients/Registration/input_password'

2018-10-12 13:03:30 - [MESSAGE][PASSED] - Text '123123' is set on object 'Object Repository/Backoffice/Clients/Registration/input_password'

2018-10-12 13:03:30 - [TEST_STEP][PASSED] - setText: Text '123123' is set on object 'Object Repository/Backoffice/Clients/Registration/input_confirmp'

2018-10-12 13:03:31 - [MESSAGE][PASSED] - Text '123123' is set on object 'Object Repository/Backoffice/Clients/Registration/input_confirmp'

2018-10-12 13:03:31 - [TEST_STEP][PASSED] - selectOptionByValue: All options with value 'test' are selected in object 'Object Repository/Backoffice/Clients/Registration/select_operatorcode' 

2018-10-12 13:03:31 - [MESSAGE][PASSED] - All options with value 'test' are selected in object 'Object Repository/Backoffice/Clients/Registration/select_operatorcode' 

2018-10-12 13:03:31 - [TEST_STEP][PASSED] - selectOptionByValue: All options with value '1' are selected in object 'Object Repository/Backoffice/Clients/Registration/select_status' 

2018-10-12 13:03:31 - [MESSAGE][PASSED] - All options with value '1' are selected in object 'Object Repository/Backoffice/Clients/Registration/select_status' 

2018-10-12 13:03:31 - [TEST_STEP][PASSED] - delay: Delayed 2 second(s)

2018-10-12 13:03:33 - [MESSAGE][PASSED] - Delayed 2 second(s)

2018-10-12 13:03:33 - [TEST_STEP][PASSED] - click: Object: 'Object Repository/Backoffice/Clients/Registration/button_Submit' is clicked on

2018-10-12 13:03:34 - [MESSAGE][PASSED] - Object: 'Object Repository/Backoffice/Clients/Registration/button_Submit' is clicked on

2018-10-12 13:03:34 - [TEST_STEP][PASSED] - delay: Delayed 2 second(s)

2018-10-12 13:03:36 - [MESSAGE][PASSED] - Delayed 2 second(s)]]></system-out>
         <system-err><![CDATA[]]></system-err>
      </testcase>
      <testcase name="Test Cases/Backoffice/RegisterAccount" classname="Test Cases/Backoffice/RegisterAccount" status="PASSED">
         <system-out><![CDATA[2018-10-12 13:03:36 - [TEST_CASE][PASSED] - Test Cases/Backoffice/RegisterAccount: Test Cases/Backoffice/RegisterAccount

2018-10-12 13:03:36 - [TEST_STEP][PASSED] - focus: Object: 'Object Repository/Backoffice/Clients/Clients' is focused

2018-10-12 13:03:36 - [MESSAGE][PASSED] - Object: 'Object Repository/Backoffice/Clients/Clients' is focused

2018-10-12 13:03:36 - [TEST_STEP][PASSED] - verifyElementPresent: Object 'Object Repository/Backoffice/Clients/Client Registration' is present

2018-10-12 13:03:36 - [MESSAGE][PASSED] - Object 'Object Repository/Backoffice/Clients/Client Registration' is present

2018-10-12 13:03:36 - [TEST_STEP][PASSED] - click: Object: 'Object Repository/Backoffice/Clients/Client Registration' is clicked on

2018-10-12 13:03:36 - [MESSAGE][PASSED] - Object: 'Object Repository/Backoffice/Clients/Client Registration' is clicked on

2018-10-12 13:03:36 - [TEST_STEP][PASSED] - setText: Text 'elongationequip' is set on object 'Object Repository/Backoffice/Clients/Registration/input_username'

2018-10-12 13:03:37 - [MESSAGE][PASSED] - Text 'elongationequip' is set on object 'Object Repository/Backoffice/Clients/Registration/input_username'

2018-10-12 13:03:37 - [TEST_STEP][PASSED] - setText: Text '123123' is set on object 'Object Repository/Backoffice/Clients/Registration/input_password'

2018-10-12 13:03:37 - [MESSAGE][PASSED] - Text '123123' is set on object 'Object Repository/Backoffice/Clients/Registration/input_password'

2018-10-12 13:03:37 - [TEST_STEP][PASSED] - setText: Text '123123' is set on object 'Object Repository/Backoffice/Clients/Registration/input_confirmp'

2018-10-12 13:03:37 - [MESSAGE][PASSED] - Text '123123' is set on object 'Object Repository/Backoffice/Clients/Registration/input_confirmp'

2018-10-12 13:03:37 - [TEST_STEP][PASSED] - selectOptionByValue: All options with value 'test' are selected in object 'Object Repository/Backoffice/Clients/Registration/select_operatorcode' 

2018-10-12 13:03:37 - [MESSAGE][PASSED] - All options with value 'test' are selected in object 'Object Repository/Backoffice/Clients/Registration/select_operatorcode' 

2018-10-12 13:03:37 - [TEST_STEP][PASSED] - selectOptionByValue: All options with value '1' are selected in object 'Object Repository/Backoffice/Clients/Registration/select_status' 

2018-10-12 13:03:37 - [MESSAGE][PASSED] - All options with value '1' are selected in object 'Object Repository/Backoffice/Clients/Registration/select_status' 

2018-10-12 13:03:37 - [TEST_STEP][PASSED] - delay: Delayed 2 second(s)

2018-10-12 13:03:39 - [MESSAGE][PASSED] - Delayed 2 second(s)

2018-10-12 13:03:39 - [TEST_STEP][PASSED] - click: Object: 'Object Repository/Backoffice/Clients/Registration/button_Submit' is clicked on

2018-10-12 13:03:40 - [MESSAGE][PASSED] - Object: 'Object Repository/Backoffice/Clients/Registration/button_Submit' is clicked on

2018-10-12 13:03:40 - [TEST_STEP][PASSED] - delay: Delayed 2 second(s)

2018-10-12 13:03:42 - [MESSAGE][PASSED] - Delayed 2 second(s)]]></system-out>
         <system-err><![CDATA[]]></system-err>
      </testcase>
      <testcase name="Test Cases/Backoffice/RegisterAccount" classname="Test Cases/Backoffice/RegisterAccount" status="PASSED">
         <system-out><![CDATA[2018-10-12 13:03:42 - [TEST_CASE][PASSED] - Test Cases/Backoffice/RegisterAccount: Test Cases/Backoffice/RegisterAccount

2018-10-12 13:03:42 - [TEST_STEP][PASSED] - focus: Object: 'Object Repository/Backoffice/Clients/Clients' is focused

2018-10-12 13:03:42 - [MESSAGE][PASSED] - Object: 'Object Repository/Backoffice/Clients/Clients' is focused

2018-10-12 13:03:42 - [TEST_STEP][PASSED] - verifyElementPresent: Object 'Object Repository/Backoffice/Clients/Client Registration' is present

2018-10-12 13:03:42 - [MESSAGE][PASSED] - Object 'Object Repository/Backoffice/Clients/Client Registration' is present

2018-10-12 13:03:42 - [TEST_STEP][PASSED] - click: Object: 'Object Repository/Backoffice/Clients/Client Registration' is clicked on

2018-10-12 13:03:43 - [MESSAGE][PASSED] - Object: 'Object Repository/Backoffice/Clients/Client Registration' is clicked on

2018-10-12 13:03:43 - [TEST_STEP][PASSED] - setText: Text 'euroenraged' is set on object 'Object Repository/Backoffice/Clients/Registration/input_username'

2018-10-12 13:03:43 - [MESSAGE][PASSED] - Text 'euroenraged' is set on object 'Object Repository/Backoffice/Clients/Registration/input_username'

2018-10-12 13:03:43 - [TEST_STEP][PASSED] - setText: Text '123123' is set on object 'Object Repository/Backoffice/Clients/Registration/input_password'

2018-10-12 13:03:43 - [MESSAGE][PASSED] - Text '123123' is set on object 'Object Repository/Backoffice/Clients/Registration/input_password'

2018-10-12 13:03:43 - [TEST_STEP][PASSED] - setText: Text '123123' is set on object 'Object Repository/Backoffice/Clients/Registration/input_confirmp'

2018-10-12 13:03:43 - [MESSAGE][PASSED] - Text '123123' is set on object 'Object Repository/Backoffice/Clients/Registration/input_confirmp'

2018-10-12 13:03:43 - [TEST_STEP][PASSED] - selectOptionByValue: All options with value 'test' are selected in object 'Object Repository/Backoffice/Clients/Registration/select_operatorcode' 

2018-10-12 13:03:43 - [MESSAGE][PASSED] - All options with value 'test' are selected in object 'Object Repository/Backoffice/Clients/Registration/select_operatorcode' 

2018-10-12 13:03:43 - [TEST_STEP][PASSED] - selectOptionByValue: All options with value '1' are selected in object 'Object Repository/Backoffice/Clients/Registration/select_status' 

2018-10-12 13:03:44 - [MESSAGE][PASSED] - All options with value '1' are selected in object 'Object Repository/Backoffice/Clients/Registration/select_status' 

2018-10-12 13:03:44 - [TEST_STEP][PASSED] - delay: Delayed 2 second(s)

2018-10-12 13:03:46 - [MESSAGE][PASSED] - Delayed 2 second(s)

2018-10-12 13:03:46 - [TEST_STEP][PASSED] - click: Object: 'Object Repository/Backoffice/Clients/Registration/button_Submit' is clicked on

2018-10-12 13:03:47 - [MESSAGE][PASSED] - Object: 'Object Repository/Backoffice/Clients/Registration/button_Submit' is clicked on

2018-10-12 13:03:47 - [TEST_STEP][PASSED] - delay: Delayed 2 second(s)

2018-10-12 13:03:49 - [MESSAGE][PASSED] - Delayed 2 second(s)]]></system-out>
         <system-err><![CDATA[]]></system-err>
      </testcase>
      <testcase name="Test Cases/Backoffice/RegisterAccount" classname="Test Cases/Backoffice/RegisterAccount" status="PASSED">
         <system-out><![CDATA[2018-10-12 13:03:49 - [TEST_CASE][PASSED] - Test Cases/Backoffice/RegisterAccount: Test Cases/Backoffice/RegisterAccount

2018-10-12 13:03:49 - [TEST_STEP][PASSED] - focus: Object: 'Object Repository/Backoffice/Clients/Clients' is focused

2018-10-12 13:03:49 - [MESSAGE][PASSED] - Object: 'Object Repository/Backoffice/Clients/Clients' is focused

2018-10-12 13:03:49 - [TEST_STEP][PASSED] - verifyElementPresent: Object 'Object Repository/Backoffice/Clients/Client Registration' is present

2018-10-12 13:03:49 - [MESSAGE][PASSED] - Object 'Object Repository/Backoffice/Clients/Client Registration' is present

2018-10-12 13:03:49 - [TEST_STEP][PASSED] - click: Object: 'Object Repository/Backoffice/Clients/Client Registration' is clicked on

2018-10-12 13:03:50 - [MESSAGE][PASSED] - Object: 'Object Repository/Backoffice/Clients/Client Registration' is clicked on

2018-10-12 13:03:50 - [TEST_STEP][PASSED] - setText: Text 'exactingexam' is set on object 'Object Repository/Backoffice/Clients/Registration/input_username'

2018-10-12 13:03:50 - [MESSAGE][PASSED] - Text 'exactingexam' is set on object 'Object Repository/Backoffice/Clients/Registration/input_username'

2018-10-12 13:03:50 - [TEST_STEP][PASSED] - setText: Text '123123' is set on object 'Object Repository/Backoffice/Clients/Registration/input_password'

2018-10-12 13:03:50 - [MESSAGE][PASSED] - Text '123123' is set on object 'Object Repository/Backoffice/Clients/Registration/input_password'

2018-10-12 13:03:50 - [TEST_STEP][PASSED] - setText: Text '123123' is set on object 'Object Repository/Backoffice/Clients/Registration/input_confirmp'

2018-10-12 13:03:50 - [MESSAGE][PASSED] - Text '123123' is set on object 'Object Repository/Backoffice/Clients/Registration/input_confirmp'

2018-10-12 13:03:50 - [TEST_STEP][PASSED] - selectOptionByValue: All options with value 'test' are selected in object 'Object Repository/Backoffice/Clients/Registration/select_operatorcode' 

2018-10-12 13:03:50 - [MESSAGE][PASSED] - All options with value 'test' are selected in object 'Object Repository/Backoffice/Clients/Registration/select_operatorcode' 

2018-10-12 13:03:50 - [TEST_STEP][PASSED] - selectOptionByValue: All options with value '1' are selected in object 'Object Repository/Backoffice/Clients/Registration/select_status' 

2018-10-12 13:03:50 - [MESSAGE][PASSED] - All options with value '1' are selected in object 'Object Repository/Backoffice/Clients/Registration/select_status' 

2018-10-12 13:03:50 - [TEST_STEP][PASSED] - delay: Delayed 2 second(s)

2018-10-12 13:03:52 - [MESSAGE][PASSED] - Delayed 2 second(s)

2018-10-12 13:03:52 - [TEST_STEP][PASSED] - click: Object: 'Object Repository/Backoffice/Clients/Registration/button_Submit' is clicked on

2018-10-12 13:03:53 - [MESSAGE][PASSED] - Object: 'Object Repository/Backoffice/Clients/Registration/button_Submit' is clicked on

2018-10-12 13:03:53 - [TEST_STEP][PASSED] - delay: Delayed 2 second(s)

2018-10-12 13:03:55 - [MESSAGE][PASSED] - Delayed 2 second(s)]]></system-out>
         <system-err><![CDATA[]]></system-err>
      </testcase>
      <testcase name="Test Cases/Backoffice/RegisterAccount" classname="Test Cases/Backoffice/RegisterAccount" status="PASSED">
         <system-out><![CDATA[2018-10-12 13:03:55 - [TEST_CASE][PASSED] - Test Cases/Backoffice/RegisterAccount: Test Cases/Backoffice/RegisterAccount

2018-10-12 13:03:55 - [TEST_STEP][PASSED] - focus: Object: 'Object Repository/Backoffice/Clients/Clients' is focused

2018-10-12 13:03:55 - [MESSAGE][PASSED] - Object: 'Object Repository/Backoffice/Clients/Clients' is focused

2018-10-12 13:03:55 - [TEST_STEP][PASSED] - verifyElementPresent: Object 'Object Repository/Backoffice/Clients/Client Registration' is present

2018-10-12 13:03:55 - [MESSAGE][PASSED] - Object 'Object Repository/Backoffice/Clients/Client Registration' is present

2018-10-12 13:03:55 - [TEST_STEP][PASSED] - click: Object: 'Object Repository/Backoffice/Clients/Client Registration' is clicked on

2018-10-12 13:03:56 - [MESSAGE][PASSED] - Object: 'Object Repository/Backoffice/Clients/Client Registration' is clicked on

2018-10-12 13:03:56 - [TEST_STEP][PASSED] - setText: Text 'enthralledeuhedral' is set on object 'Object Repository/Backoffice/Clients/Registration/input_username'

2018-10-12 13:03:56 - [MESSAGE][PASSED] - Text 'enthralledeuhedral' is set on object 'Object Repository/Backoffice/Clients/Registration/input_username'

2018-10-12 13:03:56 - [TEST_STEP][PASSED] - setText: Text '123123' is set on object 'Object Repository/Backoffice/Clients/Registration/input_password'

2018-10-12 13:03:56 - [MESSAGE][PASSED] - Text '123123' is set on object 'Object Repository/Backoffice/Clients/Registration/input_password'

2018-10-12 13:03:56 - [TEST_STEP][PASSED] - setText: Text '123123' is set on object 'Object Repository/Backoffice/Clients/Registration/input_confirmp'

2018-10-12 13:03:56 - [MESSAGE][PASSED] - Text '123123' is set on object 'Object Repository/Backoffice/Clients/Registration/input_confirmp'

2018-10-12 13:03:56 - [TEST_STEP][PASSED] - selectOptionByValue: All options with value 'test' are selected in object 'Object Repository/Backoffice/Clients/Registration/select_operatorcode' 

2018-10-12 13:03:56 - [MESSAGE][PASSED] - All options with value 'test' are selected in object 'Object Repository/Backoffice/Clients/Registration/select_operatorcode' 

2018-10-12 13:03:56 - [TEST_STEP][PASSED] - selectOptionByValue: All options with value '1' are selected in object 'Object Repository/Backoffice/Clients/Registration/select_status' 

2018-10-12 13:03:56 - [MESSAGE][PASSED] - All options with value '1' are selected in object 'Object Repository/Backoffice/Clients/Registration/select_status' 

2018-10-12 13:03:56 - [TEST_STEP][PASSED] - delay: Delayed 2 second(s)

2018-10-12 13:03:58 - [MESSAGE][PASSED] - Delayed 2 second(s)

2018-10-12 13:03:58 - [TEST_STEP][PASSED] - click: Object: 'Object Repository/Backoffice/Clients/Registration/button_Submit' is clicked on

2018-10-12 13:03:59 - [MESSAGE][PASSED] - Object: 'Object Repository/Backoffice/Clients/Registration/button_Submit' is clicked on

2018-10-12 13:03:59 - [TEST_STEP][PASSED] - delay: Delayed 2 second(s)

2018-10-12 13:04:01 - [MESSAGE][PASSED] - Delayed 2 second(s)]]></system-out>
         <system-err><![CDATA[]]></system-err>
      </testcase>
      <testcase name="Test Cases/Backoffice/RegisterAccount" classname="Test Cases/Backoffice/RegisterAccount" status="PASSED">
         <system-out><![CDATA[2018-10-12 13:04:01 - [TEST_CASE][PASSED] - Test Cases/Backoffice/RegisterAccount: Test Cases/Backoffice/RegisterAccount

2018-10-12 13:04:01 - [TEST_STEP][PASSED] - focus: Object: 'Object Repository/Backoffice/Clients/Clients' is focused

2018-10-12 13:04:01 - [MESSAGE][PASSED] - Object: 'Object Repository/Backoffice/Clients/Clients' is focused

2018-10-12 13:04:01 - [TEST_STEP][PASSED] - verifyElementPresent: Object 'Object Repository/Backoffice/Clients/Client Registration' is present

2018-10-12 13:04:01 - [MESSAGE][PASSED] - Object 'Object Repository/Backoffice/Clients/Client Registration' is present

2018-10-12 13:04:01 - [TEST_STEP][PASSED] - click: Object: 'Object Repository/Backoffice/Clients/Client Registration' is clicked on

2018-10-12 13:04:02 - [MESSAGE][PASSED] - Object: 'Object Repository/Backoffice/Clients/Client Registration' is clicked on

2018-10-12 13:04:02 - [TEST_STEP][PASSED] - setText: Text 'evaporateebay' is set on object 'Object Repository/Backoffice/Clients/Registration/input_username'

2018-10-12 13:04:02 - [MESSAGE][PASSED] - Text 'evaporateebay' is set on object 'Object Repository/Backoffice/Clients/Registration/input_username'

2018-10-12 13:04:02 - [TEST_STEP][PASSED] - setText: Text '123123' is set on object 'Object Repository/Backoffice/Clients/Registration/input_password'

2018-10-12 13:04:02 - [MESSAGE][PASSED] - Text '123123' is set on object 'Object Repository/Backoffice/Clients/Registration/input_password'

2018-10-12 13:04:02 - [TEST_STEP][PASSED] - setText: Text '123123' is set on object 'Object Repository/Backoffice/Clients/Registration/input_confirmp'

2018-10-12 13:04:02 - [MESSAGE][PASSED] - Text '123123' is set on object 'Object Repository/Backoffice/Clients/Registration/input_confirmp'

2018-10-12 13:04:02 - [TEST_STEP][PASSED] - selectOptionByValue: All options with value 'test' are selected in object 'Object Repository/Backoffice/Clients/Registration/select_operatorcode' 

2018-10-12 13:04:03 - [MESSAGE][PASSED] - All options with value 'test' are selected in object 'Object Repository/Backoffice/Clients/Registration/select_operatorcode' 

2018-10-12 13:04:03 - [TEST_STEP][PASSED] - selectOptionByValue: All options with value '1' are selected in object 'Object Repository/Backoffice/Clients/Registration/select_status' 

2018-10-12 13:04:03 - [MESSAGE][PASSED] - All options with value '1' are selected in object 'Object Repository/Backoffice/Clients/Registration/select_status' 

2018-10-12 13:04:03 - [TEST_STEP][PASSED] - delay: Delayed 2 second(s)

2018-10-12 13:04:05 - [MESSAGE][PASSED] - Delayed 2 second(s)

2018-10-12 13:04:05 - [TEST_STEP][PASSED] - click: Object: 'Object Repository/Backoffice/Clients/Registration/button_Submit' is clicked on

2018-10-12 13:04:06 - [MESSAGE][PASSED] - Object: 'Object Repository/Backoffice/Clients/Registration/button_Submit' is clicked on

2018-10-12 13:04:06 - [TEST_STEP][PASSED] - delay: Delayed 2 second(s)

2018-10-12 13:04:08 - [MESSAGE][PASSED] - Delayed 2 second(s)]]></system-out>
         <system-err><![CDATA[]]></system-err>
      </testcase>
      <testcase name="Test Cases/Backoffice/RegisterAccount" classname="Test Cases/Backoffice/RegisterAccount" status="PASSED">
         <system-out><![CDATA[2018-10-12 13:04:08 - [TEST_CASE][PASSED] - Test Cases/Backoffice/RegisterAccount: Test Cases/Backoffice/RegisterAccount

2018-10-12 13:04:08 - [TEST_STEP][PASSED] - focus: Object: 'Object Repository/Backoffice/Clients/Clients' is focused

2018-10-12 13:04:08 - [MESSAGE][PASSED] - Object: 'Object Repository/Backoffice/Clients/Clients' is focused

2018-10-12 13:04:08 - [TEST_STEP][PASSED] - verifyElementPresent: Object 'Object Repository/Backoffice/Clients/Client Registration' is present

2018-10-12 13:04:08 - [MESSAGE][PASSED] - Object 'Object Repository/Backoffice/Clients/Client Registration' is present

2018-10-12 13:04:08 - [TEST_STEP][PASSED] - click: Object: 'Object Repository/Backoffice/Clients/Client Registration' is clicked on

2018-10-12 13:04:09 - [MESSAGE][PASSED] - Object: 'Object Repository/Backoffice/Clients/Client Registration' is clicked on

2018-10-12 13:04:09 - [TEST_STEP][PASSED] - setText: Text 'estrogeneffective' is set on object 'Object Repository/Backoffice/Clients/Registration/input_username'

2018-10-12 13:04:09 - [MESSAGE][PASSED] - Text 'estrogeneffective' is set on object 'Object Repository/Backoffice/Clients/Registration/input_username'

2018-10-12 13:04:09 - [TEST_STEP][PASSED] - setText: Text '123123' is set on object 'Object Repository/Backoffice/Clients/Registration/input_password'

2018-10-12 13:04:09 - [MESSAGE][PASSED] - Text '123123' is set on object 'Object Repository/Backoffice/Clients/Registration/input_password'

2018-10-12 13:04:09 - [TEST_STEP][PASSED] - setText: Text '123123' is set on object 'Object Repository/Backoffice/Clients/Registration/input_confirmp'

2018-10-12 13:04:09 - [MESSAGE][PASSED] - Text '123123' is set on object 'Object Repository/Backoffice/Clients/Registration/input_confirmp'

2018-10-12 13:04:09 - [TEST_STEP][PASSED] - selectOptionByValue: All options with value 'test' are selected in object 'Object Repository/Backoffice/Clients/Registration/select_operatorcode' 

2018-10-12 13:04:10 - [MESSAGE][PASSED] - All options with value 'test' are selected in object 'Object Repository/Backoffice/Clients/Registration/select_operatorcode' 

2018-10-12 13:04:10 - [TEST_STEP][PASSED] - selectOptionByValue: All options with value '1' are selected in object 'Object Repository/Backoffice/Clients/Registration/select_status' 

2018-10-12 13:04:10 - [MESSAGE][PASSED] - All options with value '1' are selected in object 'Object Repository/Backoffice/Clients/Registration/select_status' 

2018-10-12 13:04:10 - [TEST_STEP][PASSED] - delay: Delayed 2 second(s)

2018-10-12 13:04:12 - [MESSAGE][PASSED] - Delayed 2 second(s)

2018-10-12 13:04:12 - [TEST_STEP][PASSED] - click: Object: 'Object Repository/Backoffice/Clients/Registration/button_Submit' is clicked on

2018-10-12 13:04:13 - [MESSAGE][PASSED] - Object: 'Object Repository/Backoffice/Clients/Registration/button_Submit' is clicked on

2018-10-12 13:04:13 - [TEST_STEP][PASSED] - delay: Delayed 2 second(s)

2018-10-12 13:04:15 - [MESSAGE][PASSED] - Delayed 2 second(s)]]></system-out>
         <system-err><![CDATA[]]></system-err>
      </testcase>
      <testcase name="Test Cases/Backoffice/RegisterAccount" classname="Test Cases/Backoffice/RegisterAccount" status="PASSED">
         <system-out><![CDATA[2018-10-12 13:04:15 - [TEST_CASE][PASSED] - Test Cases/Backoffice/RegisterAccount: Test Cases/Backoffice/RegisterAccount

2018-10-12 13:04:15 - [TEST_STEP][PASSED] - focus: Object: 'Object Repository/Backoffice/Clients/Clients' is focused

2018-10-12 13:04:15 - [MESSAGE][PASSED] - Object: 'Object Repository/Backoffice/Clients/Clients' is focused

2018-10-12 13:04:15 - [TEST_STEP][PASSED] - verifyElementPresent: Object 'Object Repository/Backoffice/Clients/Client Registration' is present

2018-10-12 13:04:15 - [MESSAGE][PASSED] - Object 'Object Repository/Backoffice/Clients/Client Registration' is present

2018-10-12 13:04:15 - [TEST_STEP][PASSED] - click: Object: 'Object Repository/Backoffice/Clients/Client Registration' is clicked on

2018-10-12 13:04:16 - [MESSAGE][PASSED] - Object: 'Object Repository/Backoffice/Clients/Client Registration' is clicked on

2018-10-12 13:04:16 - [TEST_STEP][PASSED] - setText: Text 'exchangeelectrons' is set on object 'Object Repository/Backoffice/Clients/Registration/input_username'

2018-10-12 13:04:16 - [MESSAGE][PASSED] - Text 'exchangeelectrons' is set on object 'Object Repository/Backoffice/Clients/Registration/input_username'

2018-10-12 13:04:16 - [TEST_STEP][PASSED] - setText: Text '123123' is set on object 'Object Repository/Backoffice/Clients/Registration/input_password'

2018-10-12 13:04:16 - [MESSAGE][PASSED] - Text '123123' is set on object 'Object Repository/Backoffice/Clients/Registration/input_password'

2018-10-12 13:04:16 - [TEST_STEP][PASSED] - setText: Text '123123' is set on object 'Object Repository/Backoffice/Clients/Registration/input_confirmp'

2018-10-12 13:04:16 - [MESSAGE][PASSED] - Text '123123' is set on object 'Object Repository/Backoffice/Clients/Registration/input_confirmp'

2018-10-12 13:04:16 - [TEST_STEP][PASSED] - selectOptionByValue: All options with value 'test' are selected in object 'Object Repository/Backoffice/Clients/Registration/select_operatorcode' 

2018-10-12 13:04:16 - [MESSAGE][PASSED] - All options with value 'test' are selected in object 'Object Repository/Backoffice/Clients/Registration/select_operatorcode' 

2018-10-12 13:04:16 - [TEST_STEP][PASSED] - selectOptionByValue: All options with value '1' are selected in object 'Object Repository/Backoffice/Clients/Registration/select_status' 

2018-10-12 13:04:17 - [MESSAGE][PASSED] - All options with value '1' are selected in object 'Object Repository/Backoffice/Clients/Registration/select_status' 

2018-10-12 13:04:17 - [TEST_STEP][PASSED] - delay: Delayed 2 second(s)

2018-10-12 13:04:19 - [MESSAGE][PASSED] - Delayed 2 second(s)

2018-10-12 13:04:19 - [TEST_STEP][PASSED] - click: Object: 'Object Repository/Backoffice/Clients/Registration/button_Submit' is clicked on

2018-10-12 13:04:19 - [MESSAGE][PASSED] - Object: 'Object Repository/Backoffice/Clients/Registration/button_Submit' is clicked on

2018-10-12 13:04:19 - [TEST_STEP][PASSED] - delay: Delayed 2 second(s)

2018-10-12 13:04:21 - [MESSAGE][PASSED] - Delayed 2 second(s)]]></system-out>
         <system-err><![CDATA[]]></system-err>
      </testcase>
      <testcase name="Test Cases/Backoffice/RegisterAccount" classname="Test Cases/Backoffice/RegisterAccount" status="PASSED">
         <system-out><![CDATA[2018-10-12 13:04:21 - [TEST_CASE][PASSED] - Test Cases/Backoffice/RegisterAccount: Test Cases/Backoffice/RegisterAccount

2018-10-12 13:04:21 - [TEST_STEP][PASSED] - focus: Object: 'Object Repository/Backoffice/Clients/Clients' is focused

2018-10-12 13:04:21 - [MESSAGE][PASSED] - Object: 'Object Repository/Backoffice/Clients/Clients' is focused

2018-10-12 13:04:21 - [TEST_STEP][PASSED] - verifyElementPresent: Object 'Object Repository/Backoffice/Clients/Client Registration' is present

2018-10-12 13:04:21 - [MESSAGE][PASSED] - Object 'Object Repository/Backoffice/Clients/Client Registration' is present

2018-10-12 13:04:21 - [TEST_STEP][PASSED] - click: Object: 'Object Repository/Backoffice/Clients/Client Registration' is clicked on

2018-10-12 13:04:22 - [MESSAGE][PASSED] - Object: 'Object Repository/Backoffice/Clients/Client Registration' is clicked on

2018-10-12 13:04:22 - [TEST_STEP][PASSED] - setText: Text 'eelexec' is set on object 'Object Repository/Backoffice/Clients/Registration/input_username'

2018-10-12 13:04:22 - [MESSAGE][PASSED] - Text 'eelexec' is set on object 'Object Repository/Backoffice/Clients/Registration/input_username'

2018-10-12 13:04:22 - [TEST_STEP][PASSED] - setText: Text '123123' is set on object 'Object Repository/Backoffice/Clients/Registration/input_password'

2018-10-12 13:04:22 - [MESSAGE][PASSED] - Text '123123' is set on object 'Object Repository/Backoffice/Clients/Registration/input_password'

2018-10-12 13:04:22 - [TEST_STEP][PASSED] - setText: Text '123123' is set on object 'Object Repository/Backoffice/Clients/Registration/input_confirmp'

2018-10-12 13:04:23 - [MESSAGE][PASSED] - Text '123123' is set on object 'Object Repository/Backoffice/Clients/Registration/input_confirmp'

2018-10-12 13:04:23 - [TEST_STEP][PASSED] - selectOptionByValue: All options with value 'test' are selected in object 'Object Repository/Backoffice/Clients/Registration/select_operatorcode' 

2018-10-12 13:04:23 - [MESSAGE][PASSED] - All options with value 'test' are selected in object 'Object Repository/Backoffice/Clients/Registration/select_operatorcode' 

2018-10-12 13:04:23 - [TEST_STEP][PASSED] - selectOptionByValue: All options with value '1' are selected in object 'Object Repository/Backoffice/Clients/Registration/select_status' 

2018-10-12 13:04:23 - [MESSAGE][PASSED] - All options with value '1' are selected in object 'Object Repository/Backoffice/Clients/Registration/select_status' 

2018-10-12 13:04:23 - [TEST_STEP][PASSED] - delay: Delayed 2 second(s)

2018-10-12 13:04:25 - [MESSAGE][PASSED] - Delayed 2 second(s)

2018-10-12 13:04:25 - [TEST_STEP][PASSED] - click: Object: 'Object Repository/Backoffice/Clients/Registration/button_Submit' is clicked on

2018-10-12 13:04:26 - [MESSAGE][PASSED] - Object: 'Object Repository/Backoffice/Clients/Registration/button_Submit' is clicked on

2018-10-12 13:04:26 - [TEST_STEP][PASSED] - delay: Delayed 2 second(s)

2018-10-12 13:04:28 - [MESSAGE][PASSED] - Delayed 2 second(s)]]></system-out>
         <system-err><![CDATA[]]></system-err>
      </testcase>
      <testcase name="Test Cases/Backoffice/RegisterAccount" classname="Test Cases/Backoffice/RegisterAccount" status="PASSED">
         <system-out><![CDATA[2018-10-12 13:04:28 - [TEST_CASE][PASSED] - Test Cases/Backoffice/RegisterAccount: Test Cases/Backoffice/RegisterAccount

2018-10-12 13:04:28 - [TEST_STEP][PASSED] - focus: Object: 'Object Repository/Backoffice/Clients/Clients' is focused

2018-10-12 13:04:28 - [MESSAGE][PASSED] - Object: 'Object Repository/Backoffice/Clients/Clients' is focused

2018-10-12 13:04:28 - [TEST_STEP][PASSED] - verifyElementPresent: Object 'Object Repository/Backoffice/Clients/Client Registration' is present

2018-10-12 13:04:28 - [MESSAGE][PASSED] - Object 'Object Repository/Backoffice/Clients/Client Registration' is present

2018-10-12 13:04:28 - [TEST_STEP][PASSED] - click: Object: 'Object Repository/Backoffice/Clients/Client Registration' is clicked on

2018-10-12 13:04:29 - [MESSAGE][PASSED] - Object: 'Object Repository/Backoffice/Clients/Client Registration' is clicked on

2018-10-12 13:04:29 - [TEST_STEP][PASSED] - setText: Text 'enormousexpressionless' is set on object 'Object Repository/Backoffice/Clients/Registration/input_username'

2018-10-12 13:04:29 - [MESSAGE][PASSED] - Text 'enormousexpressionless' is set on object 'Object Repository/Backoffice/Clients/Registration/input_username'

2018-10-12 13:04:29 - [TEST_STEP][PASSED] - setText: Text '123123' is set on object 'Object Repository/Backoffice/Clients/Registration/input_password'

2018-10-12 13:04:29 - [MESSAGE][PASSED] - Text '123123' is set on object 'Object Repository/Backoffice/Clients/Registration/input_password'

2018-10-12 13:04:29 - [TEST_STEP][PASSED] - setText: Text '123123' is set on object 'Object Repository/Backoffice/Clients/Registration/input_confirmp'

2018-10-12 13:04:29 - [MESSAGE][PASSED] - Text '123123' is set on object 'Object Repository/Backoffice/Clients/Registration/input_confirmp'

2018-10-12 13:04:29 - [TEST_STEP][PASSED] - selectOptionByValue: All options with value 'test' are selected in object 'Object Repository/Backoffice/Clients/Registration/select_operatorcode' 

2018-10-12 13:04:29 - [MESSAGE][PASSED] - All options with value 'test' are selected in object 'Object Repository/Backoffice/Clients/Registration/select_operatorcode' 

2018-10-12 13:04:29 - [TEST_STEP][PASSED] - selectOptionByValue: All options with value '1' are selected in object 'Object Repository/Backoffice/Clients/Registration/select_status' 

2018-10-12 13:04:29 - [MESSAGE][PASSED] - All options with value '1' are selected in object 'Object Repository/Backoffice/Clients/Registration/select_status' 

2018-10-12 13:04:29 - [TEST_STEP][PASSED] - delay: Delayed 2 second(s)

2018-10-12 13:04:31 - [MESSAGE][PASSED] - Delayed 2 second(s)

2018-10-12 13:04:31 - [TEST_STEP][PASSED] - click: Object: 'Object Repository/Backoffice/Clients/Registration/button_Submit' is clicked on

2018-10-12 13:04:32 - [MESSAGE][PASSED] - Object: 'Object Repository/Backoffice/Clients/Registration/button_Submit' is clicked on

2018-10-12 13:04:32 - [TEST_STEP][PASSED] - delay: Delayed 2 second(s)

2018-10-12 13:04:34 - [MESSAGE][PASSED] - Delayed 2 second(s)]]></system-out>
         <system-err><![CDATA[]]></system-err>
      </testcase>
      <testcase name="Test Cases/Backoffice/RegisterAccount" classname="Test Cases/Backoffice/RegisterAccount" status="PASSED">
         <system-out><![CDATA[2018-10-12 13:04:34 - [TEST_CASE][PASSED] - Test Cases/Backoffice/RegisterAccount: Test Cases/Backoffice/RegisterAccount

2018-10-12 13:04:34 - [TEST_STEP][PASSED] - focus: Object: 'Object Repository/Backoffice/Clients/Clients' is focused

2018-10-12 13:04:34 - [MESSAGE][PASSED] - Object: 'Object Repository/Backoffice/Clients/Clients' is focused

2018-10-12 13:04:34 - [TEST_STEP][PASSED] - verifyElementPresent: Object 'Object Repository/Backoffice/Clients/Client Registration' is present

2018-10-12 13:04:34 - [MESSAGE][PASSED] - Object 'Object Repository/Backoffice/Clients/Client Registration' is present

2018-10-12 13:04:34 - [TEST_STEP][PASSED] - click: Object: 'Object Repository/Backoffice/Clients/Client Registration' is clicked on

2018-10-12 13:04:35 - [MESSAGE][PASSED] - Object: 'Object Repository/Backoffice/Clients/Client Registration' is clicked on

2018-10-12 13:04:35 - [TEST_STEP][PASSED] - setText: Text 'enzymeseducate' is set on object 'Object Repository/Backoffice/Clients/Registration/input_username'

2018-10-12 13:04:35 - [MESSAGE][PASSED] - Text 'enzymeseducate' is set on object 'Object Repository/Backoffice/Clients/Registration/input_username'

2018-10-12 13:04:35 - [TEST_STEP][PASSED] - setText: Text '123123' is set on object 'Object Repository/Backoffice/Clients/Registration/input_password'

2018-10-12 13:04:35 - [MESSAGE][PASSED] - Text '123123' is set on object 'Object Repository/Backoffice/Clients/Registration/input_password'

2018-10-12 13:04:35 - [TEST_STEP][PASSED] - setText: Text '123123' is set on object 'Object Repository/Backoffice/Clients/Registration/input_confirmp'

2018-10-12 13:04:35 - [MESSAGE][PASSED] - Text '123123' is set on object 'Object Repository/Backoffice/Clients/Registration/input_confirmp'

2018-10-12 13:04:35 - [TEST_STEP][PASSED] - selectOptionByValue: All options with value 'test' are selected in object 'Object Repository/Backoffice/Clients/Registration/select_operatorcode' 

2018-10-12 13:04:35 - [MESSAGE][PASSED] - All options with value 'test' are selected in object 'Object Repository/Backoffice/Clients/Registration/select_operatorcode' 

2018-10-12 13:04:35 - [TEST_STEP][PASSED] - selectOptionByValue: All options with value '1' are selected in object 'Object Repository/Backoffice/Clients/Registration/select_status' 

2018-10-12 13:04:36 - [MESSAGE][PASSED] - All options with value '1' are selected in object 'Object Repository/Backoffice/Clients/Registration/select_status' 

2018-10-12 13:04:36 - [TEST_STEP][PASSED] - delay: Delayed 2 second(s)

2018-10-12 13:04:38 - [MESSAGE][PASSED] - Delayed 2 second(s)

2018-10-12 13:04:38 - [TEST_STEP][PASSED] - click: Object: 'Object Repository/Backoffice/Clients/Registration/button_Submit' is clicked on

2018-10-12 13:04:39 - [MESSAGE][PASSED] - Object: 'Object Repository/Backoffice/Clients/Registration/button_Submit' is clicked on

2018-10-12 13:04:39 - [TEST_STEP][PASSED] - delay: Delayed 2 second(s)

2018-10-12 13:04:41 - [MESSAGE][PASSED] - Delayed 2 second(s)]]></system-out>
         <system-err><![CDATA[]]></system-err>
      </testcase>
      <testcase name="Test Cases/Backoffice/RegisterAccount" classname="Test Cases/Backoffice/RegisterAccount" status="PASSED">
         <system-out><![CDATA[2018-10-12 13:04:41 - [TEST_CASE][PASSED] - Test Cases/Backoffice/RegisterAccount: Test Cases/Backoffice/RegisterAccount

2018-10-12 13:04:41 - [TEST_STEP][PASSED] - focus: Object: 'Object Repository/Backoffice/Clients/Clients' is focused

2018-10-12 13:04:41 - [MESSAGE][PASSED] - Object: 'Object Repository/Backoffice/Clients/Clients' is focused

2018-10-12 13:04:41 - [TEST_STEP][PASSED] - verifyElementPresent: Object 'Object Repository/Backoffice/Clients/Client Registration' is present

2018-10-12 13:04:41 - [MESSAGE][PASSED] - Object 'Object Repository/Backoffice/Clients/Client Registration' is present

2018-10-12 13:04:41 - [TEST_STEP][PASSED] - click: Object: 'Object Repository/Backoffice/Clients/Client Registration' is clicked on

2018-10-12 13:04:41 - [MESSAGE][PASSED] - Object: 'Object Repository/Backoffice/Clients/Client Registration' is clicked on

2018-10-12 13:04:41 - [TEST_STEP][PASSED] - setText: Text 'eyeeris' is set on object 'Object Repository/Backoffice/Clients/Registration/input_username'

2018-10-12 13:04:41 - [MESSAGE][PASSED] - Text 'eyeeris' is set on object 'Object Repository/Backoffice/Clients/Registration/input_username'

2018-10-12 13:04:41 - [TEST_STEP][PASSED] - setText: Text '123123' is set on object 'Object Repository/Backoffice/Clients/Registration/input_password'

2018-10-12 13:04:42 - [MESSAGE][PASSED] - Text '123123' is set on object 'Object Repository/Backoffice/Clients/Registration/input_password'

2018-10-12 13:04:42 - [TEST_STEP][PASSED] - setText: Text '123123' is set on object 'Object Repository/Backoffice/Clients/Registration/input_confirmp'

2018-10-12 13:04:42 - [MESSAGE][PASSED] - Text '123123' is set on object 'Object Repository/Backoffice/Clients/Registration/input_confirmp'

2018-10-12 13:04:42 - [TEST_STEP][PASSED] - selectOptionByValue: All options with value 'test' are selected in object 'Object Repository/Backoffice/Clients/Registration/select_operatorcode' 

2018-10-12 13:04:42 - [MESSAGE][PASSED] - All options with value 'test' are selected in object 'Object Repository/Backoffice/Clients/Registration/select_operatorcode' 

2018-10-12 13:04:42 - [TEST_STEP][PASSED] - selectOptionByValue: All options with value '1' are selected in object 'Object Repository/Backoffice/Clients/Registration/select_status' 

2018-10-12 13:04:42 - [MESSAGE][PASSED] - All options with value '1' are selected in object 'Object Repository/Backoffice/Clients/Registration/select_status' 

2018-10-12 13:04:42 - [TEST_STEP][PASSED] - delay: Delayed 2 second(s)

2018-10-12 13:04:44 - [MESSAGE][PASSED] - Delayed 2 second(s)

2018-10-12 13:04:44 - [TEST_STEP][PASSED] - click: Object: 'Object Repository/Backoffice/Clients/Registration/button_Submit' is clicked on

2018-10-12 13:04:45 - [MESSAGE][PASSED] - Object: 'Object Repository/Backoffice/Clients/Registration/button_Submit' is clicked on

2018-10-12 13:04:45 - [TEST_STEP][PASSED] - delay: Delayed 2 second(s)

2018-10-12 13:04:47 - [MESSAGE][PASSED] - Delayed 2 second(s)]]></system-out>
         <system-err><![CDATA[]]></system-err>
      </testcase>
      <testcase name="Test Cases/Backoffice/RegisterAccount" classname="Test Cases/Backoffice/RegisterAccount" status="PASSED">
         <system-out><![CDATA[2018-10-12 13:04:47 - [TEST_CASE][PASSED] - Test Cases/Backoffice/RegisterAccount: Test Cases/Backoffice/RegisterAccount

2018-10-12 13:04:47 - [TEST_STEP][PASSED] - focus: Object: 'Object Repository/Backoffice/Clients/Clients' is focused

2018-10-12 13:04:47 - [MESSAGE][PASSED] - Object: 'Object Repository/Backoffice/Clients/Clients' is focused

2018-10-12 13:04:47 - [TEST_STEP][PASSED] - verifyElementPresent: Object 'Object Repository/Backoffice/Clients/Client Registration' is present

2018-10-12 13:04:47 - [MESSAGE][PASSED] - Object 'Object Repository/Backoffice/Clients/Client Registration' is present

2018-10-12 13:04:47 - [TEST_STEP][PASSED] - click: Object: 'Object Repository/Backoffice/Clients/Client Registration' is clicked on

2018-10-12 13:04:47 - [MESSAGE][PASSED] - Object: 'Object Repository/Backoffice/Clients/Client Registration' is clicked on

2018-10-12 13:04:47 - [TEST_STEP][PASSED] - setText: Text 'ecologyedit' is set on object 'Object Repository/Backoffice/Clients/Registration/input_username'

2018-10-12 13:04:48 - [MESSAGE][PASSED] - Text 'ecologyedit' is set on object 'Object Repository/Backoffice/Clients/Registration/input_username'

2018-10-12 13:04:48 - [TEST_STEP][PASSED] - setText: Text '123123' is set on object 'Object Repository/Backoffice/Clients/Registration/input_password'

2018-10-12 13:04:48 - [MESSAGE][PASSED] - Text '123123' is set on object 'Object Repository/Backoffice/Clients/Registration/input_password'

2018-10-12 13:04:48 - [TEST_STEP][PASSED] - setText: Text '123123' is set on object 'Object Repository/Backoffice/Clients/Registration/input_confirmp'

2018-10-12 13:04:48 - [MESSAGE][PASSED] - Text '123123' is set on object 'Object Repository/Backoffice/Clients/Registration/input_confirmp'

2018-10-12 13:04:48 - [TEST_STEP][PASSED] - selectOptionByValue: All options with value 'test' are selected in object 'Object Repository/Backoffice/Clients/Registration/select_operatorcode' 

2018-10-12 13:04:48 - [MESSAGE][PASSED] - All options with value 'test' are selected in object 'Object Repository/Backoffice/Clients/Registration/select_operatorcode' 

2018-10-12 13:04:48 - [TEST_STEP][PASSED] - selectOptionByValue: All options with value '1' are selected in object 'Object Repository/Backoffice/Clients/Registration/select_status' 

2018-10-12 13:04:48 - [MESSAGE][PASSED] - All options with value '1' are selected in object 'Object Repository/Backoffice/Clients/Registration/select_status' 

2018-10-12 13:04:48 - [TEST_STEP][PASSED] - delay: Delayed 2 second(s)

2018-10-12 13:04:50 - [MESSAGE][PASSED] - Delayed 2 second(s)

2018-10-12 13:04:50 - [TEST_STEP][PASSED] - click: Object: 'Object Repository/Backoffice/Clients/Registration/button_Submit' is clicked on

2018-10-12 13:04:51 - [MESSAGE][PASSED] - Object: 'Object Repository/Backoffice/Clients/Registration/button_Submit' is clicked on

2018-10-12 13:04:51 - [TEST_STEP][PASSED] - delay: Delayed 2 second(s)

2018-10-12 13:04:53 - [MESSAGE][PASSED] - Delayed 2 second(s)]]></system-out>
         <system-err><![CDATA[]]></system-err>
      </testcase>
      <testcase name="Test Cases/Backoffice/RegisterAccount" classname="Test Cases/Backoffice/RegisterAccount" status="PASSED">
         <system-out><![CDATA[2018-10-12 13:04:53 - [TEST_CASE][PASSED] - Test Cases/Backoffice/RegisterAccount: Test Cases/Backoffice/RegisterAccount

2018-10-12 13:04:53 - [TEST_STEP][PASSED] - focus: Object: 'Object Repository/Backoffice/Clients/Clients' is focused

2018-10-12 13:04:53 - [MESSAGE][PASSED] - Object: 'Object Repository/Backoffice/Clients/Clients' is focused

2018-10-12 13:04:53 - [TEST_STEP][PASSED] - verifyElementPresent: Object 'Object Repository/Backoffice/Clients/Client Registration' is present

2018-10-12 13:04:53 - [MESSAGE][PASSED] - Object 'Object Repository/Backoffice/Clients/Client Registration' is present

2018-10-12 13:04:53 - [TEST_STEP][PASSED] - click: Object: 'Object Repository/Backoffice/Clients/Client Registration' is clicked on

2018-10-12 13:04:54 - [MESSAGE][PASSED] - Object: 'Object Repository/Backoffice/Clients/Client Registration' is clicked on

2018-10-12 13:04:54 - [TEST_STEP][PASSED] - setText: Text 'elegantexpel' is set on object 'Object Repository/Backoffice/Clients/Registration/input_username'

2018-10-12 13:04:54 - [MESSAGE][PASSED] - Text 'elegantexpel' is set on object 'Object Repository/Backoffice/Clients/Registration/input_username'

2018-10-12 13:04:54 - [TEST_STEP][PASSED] - setText: Text '123123' is set on object 'Object Repository/Backoffice/Clients/Registration/input_password'

2018-10-12 13:04:54 - [MESSAGE][PASSED] - Text '123123' is set on object 'Object Repository/Backoffice/Clients/Registration/input_password'

2018-10-12 13:04:54 - [TEST_STEP][PASSED] - setText: Text '123123' is set on object 'Object Repository/Backoffice/Clients/Registration/input_confirmp'

2018-10-12 13:04:54 - [MESSAGE][PASSED] - Text '123123' is set on object 'Object Repository/Backoffice/Clients/Registration/input_confirmp'

2018-10-12 13:04:54 - [TEST_STEP][PASSED] - selectOptionByValue: All options with value 'test' are selected in object 'Object Repository/Backoffice/Clients/Registration/select_operatorcode' 

2018-10-12 13:04:54 - [MESSAGE][PASSED] - All options with value 'test' are selected in object 'Object Repository/Backoffice/Clients/Registration/select_operatorcode' 

2018-10-12 13:04:54 - [TEST_STEP][PASSED] - selectOptionByValue: All options with value '1' are selected in object 'Object Repository/Backoffice/Clients/Registration/select_status' 

2018-10-12 13:04:54 - [MESSAGE][PASSED] - All options with value '1' are selected in object 'Object Repository/Backoffice/Clients/Registration/select_status' 

2018-10-12 13:04:54 - [TEST_STEP][PASSED] - delay: Delayed 2 second(s)

2018-10-12 13:04:56 - [MESSAGE][PASSED] - Delayed 2 second(s)

2018-10-12 13:04:56 - [TEST_STEP][PASSED] - click: Object: 'Object Repository/Backoffice/Clients/Registration/button_Submit' is clicked on

2018-10-12 13:04:57 - [MESSAGE][PASSED] - Object: 'Object Repository/Backoffice/Clients/Registration/button_Submit' is clicked on

2018-10-12 13:04:57 - [TEST_STEP][PASSED] - delay: Delayed 2 second(s)

2018-10-12 13:04:59 - [MESSAGE][PASSED] - Delayed 2 second(s)]]></system-out>
         <system-err><![CDATA[]]></system-err>
      </testcase>
      <testcase name="Test Cases/Backoffice/RegisterAccount" classname="Test Cases/Backoffice/RegisterAccount" status="PASSED">
         <system-out><![CDATA[2018-10-12 13:04:59 - [TEST_CASE][PASSED] - Test Cases/Backoffice/RegisterAccount: Test Cases/Backoffice/RegisterAccount

2018-10-12 13:04:59 - [TEST_STEP][PASSED] - focus: Object: 'Object Repository/Backoffice/Clients/Clients' is focused

2018-10-12 13:04:59 - [MESSAGE][PASSED] - Object: 'Object Repository/Backoffice/Clients/Clients' is focused

2018-10-12 13:04:59 - [TEST_STEP][PASSED] - verifyElementPresent: Object 'Object Repository/Backoffice/Clients/Client Registration' is present

2018-10-12 13:04:59 - [MESSAGE][PASSED] - Object 'Object Repository/Backoffice/Clients/Client Registration' is present

2018-10-12 13:04:59 - [TEST_STEP][PASSED] - click: Object: 'Object Repository/Backoffice/Clients/Client Registration' is clicked on

2018-10-12 13:05:00 - [MESSAGE][PASSED] - Object: 'Object Repository/Backoffice/Clients/Client Registration' is clicked on

2018-10-12 13:05:00 - [TEST_STEP][PASSED] - setText: Text 'earthyequilibrium' is set on object 'Object Repository/Backoffice/Clients/Registration/input_username'

2018-10-12 13:05:00 - [MESSAGE][PASSED] - Text 'earthyequilibrium' is set on object 'Object Repository/Backoffice/Clients/Registration/input_username'

2018-10-12 13:05:00 - [TEST_STEP][PASSED] - setText: Text '123123' is set on object 'Object Repository/Backoffice/Clients/Registration/input_password'

2018-10-12 13:05:00 - [MESSAGE][PASSED] - Text '123123' is set on object 'Object Repository/Backoffice/Clients/Registration/input_password'

2018-10-12 13:05:00 - [TEST_STEP][PASSED] - setText: Text '123123' is set on object 'Object Repository/Backoffice/Clients/Registration/input_confirmp'

2018-10-12 13:05:00 - [MESSAGE][PASSED] - Text '123123' is set on object 'Object Repository/Backoffice/Clients/Registration/input_confirmp'

2018-10-12 13:05:00 - [TEST_STEP][PASSED] - selectOptionByValue: All options with value 'test' are selected in object 'Object Repository/Backoffice/Clients/Registration/select_operatorcode' 

2018-10-12 13:05:00 - [MESSAGE][PASSED] - All options with value 'test' are selected in object 'Object Repository/Backoffice/Clients/Registration/select_operatorcode' 

2018-10-12 13:05:00 - [TEST_STEP][PASSED] - selectOptionByValue: All options with value '1' are selected in object 'Object Repository/Backoffice/Clients/Registration/select_status' 

2018-10-12 13:05:01 - [MESSAGE][PASSED] - All options with value '1' are selected in object 'Object Repository/Backoffice/Clients/Registration/select_status' 

2018-10-12 13:05:01 - [TEST_STEP][PASSED] - delay: Delayed 2 second(s)

2018-10-12 13:05:03 - [MESSAGE][PASSED] - Delayed 2 second(s)

2018-10-12 13:05:03 - [TEST_STEP][PASSED] - click: Object: 'Object Repository/Backoffice/Clients/Registration/button_Submit' is clicked on

2018-10-12 13:05:04 - [MESSAGE][PASSED] - Object: 'Object Repository/Backoffice/Clients/Registration/button_Submit' is clicked on

2018-10-12 13:05:04 - [TEST_STEP][PASSED] - delay: Delayed 2 second(s)

2018-10-12 13:05:06 - [MESSAGE][PASSED] - Delayed 2 second(s)]]></system-out>
         <system-err><![CDATA[]]></system-err>
      </testcase>
      <testcase name="Test Cases/Backoffice/RegisterAccount" classname="Test Cases/Backoffice/RegisterAccount" status="PASSED">
         <system-out><![CDATA[2018-10-12 13:05:06 - [TEST_CASE][PASSED] - Test Cases/Backoffice/RegisterAccount: Test Cases/Backoffice/RegisterAccount

2018-10-12 13:05:06 - [TEST_STEP][PASSED] - focus: Object: 'Object Repository/Backoffice/Clients/Clients' is focused

2018-10-12 13:05:06 - [MESSAGE][PASSED] - Object: 'Object Repository/Backoffice/Clients/Clients' is focused

2018-10-12 13:05:06 - [TEST_STEP][PASSED] - verifyElementPresent: Object 'Object Repository/Backoffice/Clients/Client Registration' is present

2018-10-12 13:05:06 - [MESSAGE][PASSED] - Object 'Object Repository/Backoffice/Clients/Client Registration' is present

2018-10-12 13:05:06 - [TEST_STEP][PASSED] - click: Object: 'Object Repository/Backoffice/Clients/Client Registration' is clicked on

2018-10-12 13:05:06 - [MESSAGE][PASSED] - Object: 'Object Repository/Backoffice/Clients/Client Registration' is clicked on

2018-10-12 13:05:06 - [TEST_STEP][PASSED] - setText: Text 'earentertain' is set on object 'Object Repository/Backoffice/Clients/Registration/input_username'

2018-10-12 13:05:07 - [MESSAGE][PASSED] - Text 'earentertain' is set on object 'Object Repository/Backoffice/Clients/Registration/input_username'

2018-10-12 13:05:07 - [TEST_STEP][PASSED] - setText: Text '123123' is set on object 'Object Repository/Backoffice/Clients/Registration/input_password'

2018-10-12 13:05:07 - [MESSAGE][PASSED] - Text '123123' is set on object 'Object Repository/Backoffice/Clients/Registration/input_password'

2018-10-12 13:05:07 - [TEST_STEP][PASSED] - setText: Text '123123' is set on object 'Object Repository/Backoffice/Clients/Registration/input_confirmp'

2018-10-12 13:05:07 - [MESSAGE][PASSED] - Text '123123' is set on object 'Object Repository/Backoffice/Clients/Registration/input_confirmp'

2018-10-12 13:05:07 - [TEST_STEP][PASSED] - selectOptionByValue: All options with value 'test' are selected in object 'Object Repository/Backoffice/Clients/Registration/select_operatorcode' 

2018-10-12 13:05:07 - [MESSAGE][PASSED] - All options with value 'test' are selected in object 'Object Repository/Backoffice/Clients/Registration/select_operatorcode' 

2018-10-12 13:05:07 - [TEST_STEP][PASSED] - selectOptionByValue: All options with value '1' are selected in object 'Object Repository/Backoffice/Clients/Registration/select_status' 

2018-10-12 13:05:07 - [MESSAGE][PASSED] - All options with value '1' are selected in object 'Object Repository/Backoffice/Clients/Registration/select_status' 

2018-10-12 13:05:07 - [TEST_STEP][PASSED] - delay: Delayed 2 second(s)

2018-10-12 13:05:09 - [MESSAGE][PASSED] - Delayed 2 second(s)

2018-10-12 13:05:09 - [TEST_STEP][PASSED] - click: Object: 'Object Repository/Backoffice/Clients/Registration/button_Submit' is clicked on

2018-10-12 13:05:10 - [MESSAGE][PASSED] - Object: 'Object Repository/Backoffice/Clients/Registration/button_Submit' is clicked on

2018-10-12 13:05:10 - [TEST_STEP][PASSED] - delay: Delayed 2 second(s)

2018-10-12 13:05:12 - [MESSAGE][PASSED] - Delayed 2 second(s)]]></system-out>
         <system-err><![CDATA[]]></system-err>
      </testcase>
      <testcase name="Test Cases/Backoffice/RegisterAccount" classname="Test Cases/Backoffice/RegisterAccount" status="PASSED">
         <system-out><![CDATA[2018-10-12 13:05:12 - [TEST_CASE][PASSED] - Test Cases/Backoffice/RegisterAccount: Test Cases/Backoffice/RegisterAccount

2018-10-12 13:05:12 - [TEST_STEP][PASSED] - focus: Object: 'Object Repository/Backoffice/Clients/Clients' is focused

2018-10-12 13:05:12 - [MESSAGE][PASSED] - Object: 'Object Repository/Backoffice/Clients/Clients' is focused

2018-10-12 13:05:12 - [TEST_STEP][PASSED] - verifyElementPresent: Object 'Object Repository/Backoffice/Clients/Client Registration' is present

2018-10-12 13:05:12 - [MESSAGE][PASSED] - Object 'Object Repository/Backoffice/Clients/Client Registration' is present

2018-10-12 13:05:12 - [TEST_STEP][PASSED] - click: Object: 'Object Repository/Backoffice/Clients/Client Registration' is clicked on

2018-10-12 13:05:13 - [MESSAGE][PASSED] - Object: 'Object Repository/Backoffice/Clients/Client Registration' is clicked on

2018-10-12 13:05:13 - [TEST_STEP][PASSED] - setText: Text 'estuaryexpandcost' is set on object 'Object Repository/Backoffice/Clients/Registration/input_username'

2018-10-12 13:05:13 - [MESSAGE][PASSED] - Text 'estuaryexpandcost' is set on object 'Object Repository/Backoffice/Clients/Registration/input_username'

2018-10-12 13:05:13 - [TEST_STEP][PASSED] - setText: Text '123123' is set on object 'Object Repository/Backoffice/Clients/Registration/input_password'

2018-10-12 13:05:13 - [MESSAGE][PASSED] - Text '123123' is set on object 'Object Repository/Backoffice/Clients/Registration/input_password'

2018-10-12 13:05:13 - [TEST_STEP][PASSED] - setText: Text '123123' is set on object 'Object Repository/Backoffice/Clients/Registration/input_confirmp'

2018-10-12 13:05:13 - [MESSAGE][PASSED] - Text '123123' is set on object 'Object Repository/Backoffice/Clients/Registration/input_confirmp'

2018-10-12 13:05:13 - [TEST_STEP][PASSED] - selectOptionByValue: All options with value 'test' are selected in object 'Object Repository/Backoffice/Clients/Registration/select_operatorcode' 

2018-10-12 13:05:13 - [MESSAGE][PASSED] - All options with value 'test' are selected in object 'Object Repository/Backoffice/Clients/Registration/select_operatorcode' 

2018-10-12 13:05:13 - [TEST_STEP][PASSED] - selectOptionByValue: All options with value '1' are selected in object 'Object Repository/Backoffice/Clients/Registration/select_status' 

2018-10-12 13:05:13 - [MESSAGE][PASSED] - All options with value '1' are selected in object 'Object Repository/Backoffice/Clients/Registration/select_status' 

2018-10-12 13:05:13 - [TEST_STEP][PASSED] - delay: Delayed 2 second(s)

2018-10-12 13:05:15 - [MESSAGE][PASSED] - Delayed 2 second(s)

2018-10-12 13:05:15 - [TEST_STEP][PASSED] - click: Object: 'Object Repository/Backoffice/Clients/Registration/button_Submit' is clicked on

2018-10-12 13:05:16 - [MESSAGE][PASSED] - Object: 'Object Repository/Backoffice/Clients/Registration/button_Submit' is clicked on

2018-10-12 13:05:16 - [TEST_STEP][PASSED] - delay: Delayed 2 second(s)

2018-10-12 13:05:18 - [MESSAGE][PASSED] - Delayed 2 second(s)]]></system-out>
         <system-err><![CDATA[]]></system-err>
      </testcase>
      <testcase name="Test Cases/Backoffice/RegisterAccount" classname="Test Cases/Backoffice/RegisterAccount" status="PASSED">
         <system-out><![CDATA[2018-10-12 13:05:18 - [TEST_CASE][PASSED] - Test Cases/Backoffice/RegisterAccount: Test Cases/Backoffice/RegisterAccount

2018-10-12 13:05:18 - [TEST_STEP][PASSED] - focus: Object: 'Object Repository/Backoffice/Clients/Clients' is focused

2018-10-12 13:05:18 - [MESSAGE][PASSED] - Object: 'Object Repository/Backoffice/Clients/Clients' is focused

2018-10-12 13:05:18 - [TEST_STEP][PASSED] - verifyElementPresent: Object 'Object Repository/Backoffice/Clients/Client Registration' is present

2018-10-12 13:05:18 - [MESSAGE][PASSED] - Object 'Object Repository/Backoffice/Clients/Client Registration' is present

2018-10-12 13:05:18 - [TEST_STEP][PASSED] - click: Object: 'Object Repository/Backoffice/Clients/Client Registration' is clicked on

2018-10-12 13:05:19 - [MESSAGE][PASSED] - Object: 'Object Repository/Backoffice/Clients/Client Registration' is clicked on

2018-10-12 13:05:19 - [TEST_STEP][PASSED] - setText: Text 'enquiryearn' is set on object 'Object Repository/Backoffice/Clients/Registration/input_username'

2018-10-12 13:05:19 - [MESSAGE][PASSED] - Text 'enquiryearn' is set on object 'Object Repository/Backoffice/Clients/Registration/input_username'

2018-10-12 13:05:19 - [TEST_STEP][PASSED] - setText: Text '123123' is set on object 'Object Repository/Backoffice/Clients/Registration/input_password'

2018-10-12 13:05:20 - [MESSAGE][PASSED] - Text '123123' is set on object 'Object Repository/Backoffice/Clients/Registration/input_password'

2018-10-12 13:05:20 - [TEST_STEP][PASSED] - setText: Text '123123' is set on object 'Object Repository/Backoffice/Clients/Registration/input_confirmp'

2018-10-12 13:05:20 - [MESSAGE][PASSED] - Text '123123' is set on object 'Object Repository/Backoffice/Clients/Registration/input_confirmp'

2018-10-12 13:05:20 - [TEST_STEP][PASSED] - selectOptionByValue: All options with value 'test' are selected in object 'Object Repository/Backoffice/Clients/Registration/select_operatorcode' 

2018-10-12 13:05:20 - [MESSAGE][PASSED] - All options with value 'test' are selected in object 'Object Repository/Backoffice/Clients/Registration/select_operatorcode' 

2018-10-12 13:05:20 - [TEST_STEP][PASSED] - selectOptionByValue: All options with value '1' are selected in object 'Object Repository/Backoffice/Clients/Registration/select_status' 

2018-10-12 13:05:20 - [MESSAGE][PASSED] - All options with value '1' are selected in object 'Object Repository/Backoffice/Clients/Registration/select_status' 

2018-10-12 13:05:20 - [TEST_STEP][PASSED] - delay: Delayed 2 second(s)

2018-10-12 13:05:22 - [MESSAGE][PASSED] - Delayed 2 second(s)

2018-10-12 13:05:22 - [TEST_STEP][PASSED] - click: Object: 'Object Repository/Backoffice/Clients/Registration/button_Submit' is clicked on

2018-10-12 13:05:23 - [MESSAGE][PASSED] - Object: 'Object Repository/Backoffice/Clients/Registration/button_Submit' is clicked on

2018-10-12 13:05:23 - [TEST_STEP][PASSED] - delay: Delayed 2 second(s)

2018-10-12 13:05:25 - [MESSAGE][PASSED] - Delayed 2 second(s)]]></system-out>
         <system-err><![CDATA[]]></system-err>
      </testcase>
      <testcase name="Test Cases/Backoffice/RegisterAccount" classname="Test Cases/Backoffice/RegisterAccount" status="PASSED">
         <system-out><![CDATA[2018-10-12 13:05:25 - [TEST_CASE][PASSED] - Test Cases/Backoffice/RegisterAccount: Test Cases/Backoffice/RegisterAccount

2018-10-12 13:05:25 - [TEST_STEP][PASSED] - focus: Object: 'Object Repository/Backoffice/Clients/Clients' is focused

2018-10-12 13:05:25 - [MESSAGE][PASSED] - Object: 'Object Repository/Backoffice/Clients/Clients' is focused

2018-10-12 13:05:25 - [TEST_STEP][PASSED] - verifyElementPresent: Object 'Object Repository/Backoffice/Clients/Client Registration' is present

2018-10-12 13:05:25 - [MESSAGE][PASSED] - Object 'Object Repository/Backoffice/Clients/Client Registration' is present

2018-10-12 13:05:25 - [TEST_STEP][PASSED] - click: Object: 'Object Repository/Backoffice/Clients/Client Registration' is clicked on

2018-10-12 13:05:26 - [MESSAGE][PASSED] - Object: 'Object Repository/Backoffice/Clients/Client Registration' is clicked on

2018-10-12 13:05:26 - [TEST_STEP][PASSED] - setText: Text 'epilepticesteemed' is set on object 'Object Repository/Backoffice/Clients/Registration/input_username'

2018-10-12 13:05:26 - [MESSAGE][PASSED] - Text 'epilepticesteemed' is set on object 'Object Repository/Backoffice/Clients/Registration/input_username'

2018-10-12 13:05:26 - [TEST_STEP][PASSED] - setText: Text '123123' is set on object 'Object Repository/Backoffice/Clients/Registration/input_password'

2018-10-12 13:05:26 - [MESSAGE][PASSED] - Text '123123' is set on object 'Object Repository/Backoffice/Clients/Registration/input_password'

2018-10-12 13:05:26 - [TEST_STEP][PASSED] - setText: Text '123123' is set on object 'Object Repository/Backoffice/Clients/Registration/input_confirmp'

2018-10-12 13:05:26 - [MESSAGE][PASSED] - Text '123123' is set on object 'Object Repository/Backoffice/Clients/Registration/input_confirmp'

2018-10-12 13:05:26 - [TEST_STEP][PASSED] - selectOptionByValue: All options with value 'test' are selected in object 'Object Repository/Backoffice/Clients/Registration/select_operatorcode' 

2018-10-12 13:05:26 - [MESSAGE][PASSED] - All options with value 'test' are selected in object 'Object Repository/Backoffice/Clients/Registration/select_operatorcode' 

2018-10-12 13:05:26 - [TEST_STEP][PASSED] - selectOptionByValue: All options with value '1' are selected in object 'Object Repository/Backoffice/Clients/Registration/select_status' 

2018-10-12 13:05:26 - [MESSAGE][PASSED] - All options with value '1' are selected in object 'Object Repository/Backoffice/Clients/Registration/select_status' 

2018-10-12 13:05:26 - [TEST_STEP][PASSED] - delay: Delayed 2 second(s)

2018-10-12 13:05:28 - [MESSAGE][PASSED] - Delayed 2 second(s)

2018-10-12 13:05:28 - [TEST_STEP][PASSED] - click: Object: 'Object Repository/Backoffice/Clients/Registration/button_Submit' is clicked on

2018-10-12 13:05:29 - [MESSAGE][PASSED] - Object: 'Object Repository/Backoffice/Clients/Registration/button_Submit' is clicked on

2018-10-12 13:05:29 - [TEST_STEP][PASSED] - delay: Delayed 2 second(s)

2018-10-12 13:05:31 - [MESSAGE][PASSED] - Delayed 2 second(s)]]></system-out>
         <system-err><![CDATA[]]></system-err>
      </testcase>
      <testcase name="Test Cases/Backoffice/RegisterAccount" classname="Test Cases/Backoffice/RegisterAccount" status="PASSED">
         <system-out><![CDATA[2018-10-12 13:05:31 - [TEST_CASE][PASSED] - Test Cases/Backoffice/RegisterAccount: Test Cases/Backoffice/RegisterAccount

2018-10-12 13:05:31 - [TEST_STEP][PASSED] - focus: Object: 'Object Repository/Backoffice/Clients/Clients' is focused

2018-10-12 13:05:31 - [MESSAGE][PASSED] - Object: 'Object Repository/Backoffice/Clients/Clients' is focused

2018-10-12 13:05:31 - [TEST_STEP][PASSED] - verifyElementPresent: Object 'Object Repository/Backoffice/Clients/Client Registration' is present

2018-10-12 13:05:31 - [MESSAGE][PASSED] - Object 'Object Repository/Backoffice/Clients/Client Registration' is present

2018-10-12 13:05:31 - [TEST_STEP][PASSED] - click: Object: 'Object Repository/Backoffice/Clients/Client Registration' is clicked on

2018-10-12 13:05:32 - [MESSAGE][PASSED] - Object: 'Object Repository/Backoffice/Clients/Client Registration' is clicked on

2018-10-12 13:05:32 - [TEST_STEP][PASSED] - setText: Text 'economistevents' is set on object 'Object Repository/Backoffice/Clients/Registration/input_username'

2018-10-12 13:05:32 - [MESSAGE][PASSED] - Text 'economistevents' is set on object 'Object Repository/Backoffice/Clients/Registration/input_username'

2018-10-12 13:05:32 - [TEST_STEP][PASSED] - setText: Text '123123' is set on object 'Object Repository/Backoffice/Clients/Registration/input_password'

2018-10-12 13:05:32 - [MESSAGE][PASSED] - Text '123123' is set on object 'Object Repository/Backoffice/Clients/Registration/input_password'

2018-10-12 13:05:32 - [TEST_STEP][PASSED] - setText: Text '123123' is set on object 'Object Repository/Backoffice/Clients/Registration/input_confirmp'

2018-10-12 13:05:32 - [MESSAGE][PASSED] - Text '123123' is set on object 'Object Repository/Backoffice/Clients/Registration/input_confirmp'

2018-10-12 13:05:32 - [TEST_STEP][PASSED] - selectOptionByValue: All options with value 'test' are selected in object 'Object Repository/Backoffice/Clients/Registration/select_operatorcode' 

2018-10-12 13:05:32 - [MESSAGE][PASSED] - All options with value 'test' are selected in object 'Object Repository/Backoffice/Clients/Registration/select_operatorcode' 

2018-10-12 13:05:32 - [TEST_STEP][PASSED] - selectOptionByValue: All options with value '1' are selected in object 'Object Repository/Backoffice/Clients/Registration/select_status' 

2018-10-12 13:05:32 - [MESSAGE][PASSED] - All options with value '1' are selected in object 'Object Repository/Backoffice/Clients/Registration/select_status' 

2018-10-12 13:05:32 - [TEST_STEP][PASSED] - delay: Delayed 2 second(s)

2018-10-12 13:05:34 - [MESSAGE][PASSED] - Delayed 2 second(s)

2018-10-12 13:05:34 - [TEST_STEP][PASSED] - click: Object: 'Object Repository/Backoffice/Clients/Registration/button_Submit' is clicked on

2018-10-12 13:05:35 - [MESSAGE][PASSED] - Object: 'Object Repository/Backoffice/Clients/Registration/button_Submit' is clicked on

2018-10-12 13:05:35 - [TEST_STEP][PASSED] - delay: Delayed 2 second(s)

2018-10-12 13:05:37 - [MESSAGE][PASSED] - Delayed 2 second(s)]]></system-out>
         <system-err><![CDATA[]]></system-err>
      </testcase>
      <testcase name="Test Cases/Backoffice/RegisterAccount" classname="Test Cases/Backoffice/RegisterAccount" status="PASSED">
         <system-out><![CDATA[2018-10-12 13:05:37 - [TEST_CASE][PASSED] - Test Cases/Backoffice/RegisterAccount: Test Cases/Backoffice/RegisterAccount

2018-10-12 13:05:37 - [TEST_STEP][PASSED] - focus: Object: 'Object Repository/Backoffice/Clients/Clients' is focused

2018-10-12 13:05:38 - [MESSAGE][PASSED] - Object: 'Object Repository/Backoffice/Clients/Clients' is focused

2018-10-12 13:05:38 - [TEST_STEP][PASSED] - verifyElementPresent: Object 'Object Repository/Backoffice/Clients/Client Registration' is present

2018-10-12 13:05:38 - [MESSAGE][PASSED] - Object 'Object Repository/Backoffice/Clients/Client Registration' is present

2018-10-12 13:05:38 - [TEST_STEP][PASSED] - click: Object: 'Object Repository/Backoffice/Clients/Client Registration' is clicked on

2018-10-12 13:05:38 - [MESSAGE][PASSED] - Object: 'Object Repository/Backoffice/Clients/Client Registration' is clicked on

2018-10-12 13:05:38 - [TEST_STEP][PASSED] - setText: Text 'emptyearphone' is set on object 'Object Repository/Backoffice/Clients/Registration/input_username'

2018-10-12 13:05:38 - [MESSAGE][PASSED] - Text 'emptyearphone' is set on object 'Object Repository/Backoffice/Clients/Registration/input_username'

2018-10-12 13:05:38 - [TEST_STEP][PASSED] - setText: Text '123123' is set on object 'Object Repository/Backoffice/Clients/Registration/input_password'

2018-10-12 13:05:38 - [MESSAGE][PASSED] - Text '123123' is set on object 'Object Repository/Backoffice/Clients/Registration/input_password'

2018-10-12 13:05:38 - [TEST_STEP][PASSED] - setText: Text '123123' is set on object 'Object Repository/Backoffice/Clients/Registration/input_confirmp'

2018-10-12 13:05:38 - [MESSAGE][PASSED] - Text '123123' is set on object 'Object Repository/Backoffice/Clients/Registration/input_confirmp'

2018-10-12 13:05:38 - [TEST_STEP][PASSED] - selectOptionByValue: All options with value 'test' are selected in object 'Object Repository/Backoffice/Clients/Registration/select_operatorcode' 

2018-10-12 13:05:39 - [MESSAGE][PASSED] - All options with value 'test' are selected in object 'Object Repository/Backoffice/Clients/Registration/select_operatorcode' 

2018-10-12 13:05:39 - [TEST_STEP][PASSED] - selectOptionByValue: All options with value '1' are selected in object 'Object Repository/Backoffice/Clients/Registration/select_status' 

2018-10-12 13:05:39 - [MESSAGE][PASSED] - All options with value '1' are selected in object 'Object Repository/Backoffice/Clients/Registration/select_status' 

2018-10-12 13:05:39 - [TEST_STEP][PASSED] - delay: Delayed 2 second(s)

2018-10-12 13:05:41 - [MESSAGE][PASSED] - Delayed 2 second(s)

2018-10-12 13:05:41 - [TEST_STEP][PASSED] - click: Object: 'Object Repository/Backoffice/Clients/Registration/button_Submit' is clicked on

2018-10-12 13:05:42 - [MESSAGE][PASSED] - Object: 'Object Repository/Backoffice/Clients/Registration/button_Submit' is clicked on

2018-10-12 13:05:42 - [TEST_STEP][PASSED] - delay: Delayed 2 second(s)

2018-10-12 13:05:44 - [MESSAGE][PASSED] - Delayed 2 second(s)]]></system-out>
         <system-err><![CDATA[]]></system-err>
      </testcase>
      <testcase name="Test Cases/Backoffice/RegisterAccount" classname="Test Cases/Backoffice/RegisterAccount" status="PASSED">
         <system-out><![CDATA[2018-10-12 13:05:44 - [TEST_CASE][PASSED] - Test Cases/Backoffice/RegisterAccount: Test Cases/Backoffice/RegisterAccount

2018-10-12 13:05:44 - [TEST_STEP][PASSED] - focus: Object: 'Object Repository/Backoffice/Clients/Clients' is focused

2018-10-12 13:05:44 - [MESSAGE][PASSED] - Object: 'Object Repository/Backoffice/Clients/Clients' is focused

2018-10-12 13:05:44 - [TEST_STEP][PASSED] - verifyElementPresent: Object 'Object Repository/Backoffice/Clients/Client Registration' is present

2018-10-12 13:05:44 - [MESSAGE][PASSED] - Object 'Object Repository/Backoffice/Clients/Client Registration' is present

2018-10-12 13:05:44 - [TEST_STEP][PASSED] - click: Object: 'Object Repository/Backoffice/Clients/Client Registration' is clicked on

2018-10-12 13:05:44 - [MESSAGE][PASSED] - Object: 'Object Repository/Backoffice/Clients/Client Registration' is clicked on

2018-10-12 13:05:44 - [TEST_STEP][PASSED] - setText: Text 'eidererror' is set on object 'Object Repository/Backoffice/Clients/Registration/input_username'

2018-10-12 13:05:44 - [MESSAGE][PASSED] - Text 'eidererror' is set on object 'Object Repository/Backoffice/Clients/Registration/input_username'

2018-10-12 13:05:44 - [TEST_STEP][PASSED] - setText: Text '123123' is set on object 'Object Repository/Backoffice/Clients/Registration/input_password'

2018-10-12 13:05:44 - [MESSAGE][PASSED] - Text '123123' is set on object 'Object Repository/Backoffice/Clients/Registration/input_password'

2018-10-12 13:05:44 - [TEST_STEP][PASSED] - setText: Text '123123' is set on object 'Object Repository/Backoffice/Clients/Registration/input_confirmp'

2018-10-12 13:05:45 - [MESSAGE][PASSED] - Text '123123' is set on object 'Object Repository/Backoffice/Clients/Registration/input_confirmp'

2018-10-12 13:05:45 - [TEST_STEP][PASSED] - selectOptionByValue: All options with value 'test' are selected in object 'Object Repository/Backoffice/Clients/Registration/select_operatorcode' 

2018-10-12 13:05:45 - [MESSAGE][PASSED] - All options with value 'test' are selected in object 'Object Repository/Backoffice/Clients/Registration/select_operatorcode' 

2018-10-12 13:05:45 - [TEST_STEP][PASSED] - selectOptionByValue: All options with value '1' are selected in object 'Object Repository/Backoffice/Clients/Registration/select_status' 

2018-10-12 13:05:45 - [MESSAGE][PASSED] - All options with value '1' are selected in object 'Object Repository/Backoffice/Clients/Registration/select_status' 

2018-10-12 13:05:45 - [TEST_STEP][PASSED] - delay: Delayed 2 second(s)

2018-10-12 13:05:47 - [MESSAGE][PASSED] - Delayed 2 second(s)

2018-10-12 13:05:47 - [TEST_STEP][PASSED] - click: Object: 'Object Repository/Backoffice/Clients/Registration/button_Submit' is clicked on

2018-10-12 13:05:48 - [MESSAGE][PASSED] - Object: 'Object Repository/Backoffice/Clients/Registration/button_Submit' is clicked on

2018-10-12 13:05:48 - [TEST_STEP][PASSED] - delay: Delayed 2 second(s)

2018-10-12 13:05:50 - [MESSAGE][PASSED] - Delayed 2 second(s)]]></system-out>
         <system-err><![CDATA[]]></system-err>
      </testcase>
      <testcase name="Test Cases/Backoffice/RegisterAccount" classname="Test Cases/Backoffice/RegisterAccount" status="PASSED">
         <system-out><![CDATA[2018-10-12 13:05:50 - [TEST_CASE][PASSED] - Test Cases/Backoffice/RegisterAccount: Test Cases/Backoffice/RegisterAccount

2018-10-12 13:05:50 - [TEST_STEP][PASSED] - focus: Object: 'Object Repository/Backoffice/Clients/Clients' is focused

2018-10-12 13:05:50 - [MESSAGE][PASSED] - Object: 'Object Repository/Backoffice/Clients/Clients' is focused

2018-10-12 13:05:50 - [TEST_STEP][PASSED] - verifyElementPresent: Object 'Object Repository/Backoffice/Clients/Client Registration' is present

2018-10-12 13:05:50 - [MESSAGE][PASSED] - Object 'Object Repository/Backoffice/Clients/Client Registration' is present

2018-10-12 13:05:50 - [TEST_STEP][PASSED] - click: Object: 'Object Repository/Backoffice/Clients/Client Registration' is clicked on

2018-10-12 13:05:50 - [MESSAGE][PASSED] - Object: 'Object Repository/Backoffice/Clients/Client Registration' is clicked on

2018-10-12 13:05:50 - [TEST_STEP][PASSED] - setText: Text 'earlierelliptical' is set on object 'Object Repository/Backoffice/Clients/Registration/input_username'

2018-10-12 13:05:51 - [MESSAGE][PASSED] - Text 'earlierelliptical' is set on object 'Object Repository/Backoffice/Clients/Registration/input_username'

2018-10-12 13:05:51 - [TEST_STEP][PASSED] - setText: Text '123123' is set on object 'Object Repository/Backoffice/Clients/Registration/input_password'

2018-10-12 13:05:51 - [MESSAGE][PASSED] - Text '123123' is set on object 'Object Repository/Backoffice/Clients/Registration/input_password'

2018-10-12 13:05:51 - [TEST_STEP][PASSED] - setText: Text '123123' is set on object 'Object Repository/Backoffice/Clients/Registration/input_confirmp'

2018-10-12 13:05:51 - [MESSAGE][PASSED] - Text '123123' is set on object 'Object Repository/Backoffice/Clients/Registration/input_confirmp'

2018-10-12 13:05:51 - [TEST_STEP][PASSED] - selectOptionByValue: All options with value 'test' are selected in object 'Object Repository/Backoffice/Clients/Registration/select_operatorcode' 

2018-10-12 13:05:51 - [MESSAGE][PASSED] - All options with value 'test' are selected in object 'Object Repository/Backoffice/Clients/Registration/select_operatorcode' 

2018-10-12 13:05:51 - [TEST_STEP][PASSED] - selectOptionByValue: All options with value '1' are selected in object 'Object Repository/Backoffice/Clients/Registration/select_status' 

2018-10-12 13:05:51 - [MESSAGE][PASSED] - All options with value '1' are selected in object 'Object Repository/Backoffice/Clients/Registration/select_status' 

2018-10-12 13:05:51 - [TEST_STEP][PASSED] - delay: Delayed 2 second(s)

2018-10-12 13:05:53 - [MESSAGE][PASSED] - Delayed 2 second(s)

2018-10-12 13:05:53 - [TEST_STEP][PASSED] - click: Object: 'Object Repository/Backoffice/Clients/Registration/button_Submit' is clicked on

2018-10-12 13:05:54 - [MESSAGE][PASSED] - Object: 'Object Repository/Backoffice/Clients/Registration/button_Submit' is clicked on

2018-10-12 13:05:54 - [TEST_STEP][PASSED] - delay: Delayed 2 second(s)

2018-10-12 13:05:56 - [MESSAGE][PASSED] - Delayed 2 second(s)]]></system-out>
         <system-err><![CDATA[]]></system-err>
      </testcase>
      <testcase name="Test Cases/Backoffice/RegisterAccount" classname="Test Cases/Backoffice/RegisterAccount" status="PASSED">
         <system-out><![CDATA[2018-10-12 13:05:56 - [TEST_CASE][PASSED] - Test Cases/Backoffice/RegisterAccount: Test Cases/Backoffice/RegisterAccount

2018-10-12 13:05:56 - [TEST_STEP][PASSED] - focus: Object: 'Object Repository/Backoffice/Clients/Clients' is focused

2018-10-12 13:05:56 - [MESSAGE][PASSED] - Object: 'Object Repository/Backoffice/Clients/Clients' is focused

2018-10-12 13:05:56 - [TEST_STEP][PASSED] - verifyElementPresent: Object 'Object Repository/Backoffice/Clients/Client Registration' is present

2018-10-12 13:05:56 - [MESSAGE][PASSED] - Object 'Object Repository/Backoffice/Clients/Client Registration' is present

2018-10-12 13:05:56 - [TEST_STEP][PASSED] - click: Object: 'Object Repository/Backoffice/Clients/Client Registration' is clicked on

2018-10-12 13:05:57 - [MESSAGE][PASSED] - Object: 'Object Repository/Backoffice/Clients/Client Registration' is clicked on

2018-10-12 13:05:57 - [TEST_STEP][PASSED] - setText: Text 'electenchant' is set on object 'Object Repository/Backoffice/Clients/Registration/input_username'

2018-10-12 13:05:57 - [MESSAGE][PASSED] - Text 'electenchant' is set on object 'Object Repository/Backoffice/Clients/Registration/input_username'

2018-10-12 13:05:57 - [TEST_STEP][PASSED] - setText: Text '123123' is set on object 'Object Repository/Backoffice/Clients/Registration/input_password'

2018-10-12 13:05:57 - [MESSAGE][PASSED] - Text '123123' is set on object 'Object Repository/Backoffice/Clients/Registration/input_password'

2018-10-12 13:05:57 - [TEST_STEP][PASSED] - setText: Text '123123' is set on object 'Object Repository/Backoffice/Clients/Registration/input_confirmp'

2018-10-12 13:05:57 - [MESSAGE][PASSED] - Text '123123' is set on object 'Object Repository/Backoffice/Clients/Registration/input_confirmp'

2018-10-12 13:05:57 - [TEST_STEP][PASSED] - selectOptionByValue: All options with value 'test' are selected in object 'Object Repository/Backoffice/Clients/Registration/select_operatorcode' 

2018-10-12 13:05:57 - [MESSAGE][PASSED] - All options with value 'test' are selected in object 'Object Repository/Backoffice/Clients/Registration/select_operatorcode' 

2018-10-12 13:05:57 - [TEST_STEP][PASSED] - selectOptionByValue: All options with value '1' are selected in object 'Object Repository/Backoffice/Clients/Registration/select_status' 

2018-10-12 13:05:57 - [MESSAGE][PASSED] - All options with value '1' are selected in object 'Object Repository/Backoffice/Clients/Registration/select_status' 

2018-10-12 13:05:57 - [TEST_STEP][PASSED] - delay: Delayed 2 second(s)

2018-10-12 13:05:59 - [MESSAGE][PASSED] - Delayed 2 second(s)

2018-10-12 13:05:59 - [TEST_STEP][PASSED] - click: Object: 'Object Repository/Backoffice/Clients/Registration/button_Submit' is clicked on

2018-10-12 13:06:00 - [MESSAGE][PASSED] - Object: 'Object Repository/Backoffice/Clients/Registration/button_Submit' is clicked on

2018-10-12 13:06:00 - [TEST_STEP][PASSED] - delay: Delayed 2 second(s)

2018-10-12 13:06:02 - [MESSAGE][PASSED] - Delayed 2 second(s)]]></system-out>
         <system-err><![CDATA[]]></system-err>
      </testcase>
      <testcase name="Test Cases/Backoffice/RegisterAccount" classname="Test Cases/Backoffice/RegisterAccount" status="PASSED">
         <system-out><![CDATA[2018-10-12 13:06:02 - [TEST_CASE][PASSED] - Test Cases/Backoffice/RegisterAccount: Test Cases/Backoffice/RegisterAccount

2018-10-12 13:06:02 - [TEST_STEP][PASSED] - focus: Object: 'Object Repository/Backoffice/Clients/Clients' is focused

2018-10-12 13:06:02 - [MESSAGE][PASSED] - Object: 'Object Repository/Backoffice/Clients/Clients' is focused

2018-10-12 13:06:02 - [TEST_STEP][PASSED] - verifyElementPresent: Object 'Object Repository/Backoffice/Clients/Client Registration' is present

2018-10-12 13:06:02 - [MESSAGE][PASSED] - Object 'Object Repository/Backoffice/Clients/Client Registration' is present

2018-10-12 13:06:02 - [TEST_STEP][PASSED] - click: Object: 'Object Repository/Backoffice/Clients/Client Registration' is clicked on

2018-10-12 13:06:03 - [MESSAGE][PASSED] - Object: 'Object Repository/Backoffice/Clients/Client Registration' is clicked on

2018-10-12 13:06:03 - [TEST_STEP][PASSED] - setText: Text 'eclipticexmoor' is set on object 'Object Repository/Backoffice/Clients/Registration/input_username'

2018-10-12 13:06:03 - [MESSAGE][PASSED] - Text 'eclipticexmoor' is set on object 'Object Repository/Backoffice/Clients/Registration/input_username'

2018-10-12 13:06:03 - [TEST_STEP][PASSED] - setText: Text '123123' is set on object 'Object Repository/Backoffice/Clients/Registration/input_password'

2018-10-12 13:06:03 - [MESSAGE][PASSED] - Text '123123' is set on object 'Object Repository/Backoffice/Clients/Registration/input_password'

2018-10-12 13:06:03 - [TEST_STEP][PASSED] - setText: Text '123123' is set on object 'Object Repository/Backoffice/Clients/Registration/input_confirmp'

2018-10-12 13:06:03 - [MESSAGE][PASSED] - Text '123123' is set on object 'Object Repository/Backoffice/Clients/Registration/input_confirmp'

2018-10-12 13:06:03 - [TEST_STEP][PASSED] - selectOptionByValue: All options with value 'test' are selected in object 'Object Repository/Backoffice/Clients/Registration/select_operatorcode' 

2018-10-12 13:06:03 - [MESSAGE][PASSED] - All options with value 'test' are selected in object 'Object Repository/Backoffice/Clients/Registration/select_operatorcode' 

2018-10-12 13:06:03 - [TEST_STEP][PASSED] - selectOptionByValue: All options with value '1' are selected in object 'Object Repository/Backoffice/Clients/Registration/select_status' 

2018-10-12 13:06:03 - [MESSAGE][PASSED] - All options with value '1' are selected in object 'Object Repository/Backoffice/Clients/Registration/select_status' 

2018-10-12 13:06:03 - [TEST_STEP][PASSED] - delay: Delayed 2 second(s)

2018-10-12 13:06:05 - [MESSAGE][PASSED] - Delayed 2 second(s)

2018-10-12 13:06:05 - [TEST_STEP][PASSED] - click: Object: 'Object Repository/Backoffice/Clients/Registration/button_Submit' is clicked on

2018-10-12 13:06:07 - [MESSAGE][PASSED] - Object: 'Object Repository/Backoffice/Clients/Registration/button_Submit' is clicked on

2018-10-12 13:06:07 - [TEST_STEP][PASSED] - delay: Delayed 2 second(s)

2018-10-12 13:06:09 - [MESSAGE][PASSED] - Delayed 2 second(s)]]></system-out>
         <system-err><![CDATA[]]></system-err>
      </testcase>
      <testcase name="Test Cases/Backoffice/RegisterAccount" classname="Test Cases/Backoffice/RegisterAccount" status="PASSED">
         <system-out><![CDATA[2018-10-12 13:06:09 - [TEST_CASE][PASSED] - Test Cases/Backoffice/RegisterAccount: Test Cases/Backoffice/RegisterAccount

2018-10-12 13:06:09 - [TEST_STEP][PASSED] - focus: Object: 'Object Repository/Backoffice/Clients/Clients' is focused

2018-10-12 13:06:09 - [MESSAGE][PASSED] - Object: 'Object Repository/Backoffice/Clients/Clients' is focused

2018-10-12 13:06:09 - [TEST_STEP][PASSED] - verifyElementPresent: Object 'Object Repository/Backoffice/Clients/Client Registration' is present

2018-10-12 13:06:09 - [MESSAGE][PASSED] - Object 'Object Repository/Backoffice/Clients/Client Registration' is present

2018-10-12 13:06:09 - [TEST_STEP][PASSED] - click: Object: 'Object Repository/Backoffice/Clients/Client Registration' is clicked on

2018-10-12 13:06:09 - [MESSAGE][PASSED] - Object: 'Object Repository/Backoffice/Clients/Client Registration' is clicked on

2018-10-12 13:06:09 - [TEST_STEP][PASSED] - setText: Text 'envelopeeur' is set on object 'Object Repository/Backoffice/Clients/Registration/input_username'

2018-10-12 13:06:09 - [MESSAGE][PASSED] - Text 'envelopeeur' is set on object 'Object Repository/Backoffice/Clients/Registration/input_username'

2018-10-12 13:06:09 - [TEST_STEP][PASSED] - setText: Text '123123' is set on object 'Object Repository/Backoffice/Clients/Registration/input_password'

2018-10-12 13:06:09 - [MESSAGE][PASSED] - Text '123123' is set on object 'Object Repository/Backoffice/Clients/Registration/input_password'

2018-10-12 13:06:09 - [TEST_STEP][PASSED] - setText: Text '123123' is set on object 'Object Repository/Backoffice/Clients/Registration/input_confirmp'

2018-10-12 13:06:10 - [MESSAGE][PASSED] - Text '123123' is set on object 'Object Repository/Backoffice/Clients/Registration/input_confirmp'

2018-10-12 13:06:10 - [TEST_STEP][PASSED] - selectOptionByValue: All options with value 'test' are selected in object 'Object Repository/Backoffice/Clients/Registration/select_operatorcode' 

2018-10-12 13:06:10 - [MESSAGE][PASSED] - All options with value 'test' are selected in object 'Object Repository/Backoffice/Clients/Registration/select_operatorcode' 

2018-10-12 13:06:10 - [TEST_STEP][PASSED] - selectOptionByValue: All options with value '1' are selected in object 'Object Repository/Backoffice/Clients/Registration/select_status' 

2018-10-12 13:06:10 - [MESSAGE][PASSED] - All options with value '1' are selected in object 'Object Repository/Backoffice/Clients/Registration/select_status' 

2018-10-12 13:06:10 - [TEST_STEP][PASSED] - delay: Delayed 2 second(s)

2018-10-12 13:06:12 - [MESSAGE][PASSED] - Delayed 2 second(s)

2018-10-12 13:06:12 - [TEST_STEP][PASSED] - click: Object: 'Object Repository/Backoffice/Clients/Registration/button_Submit' is clicked on

2018-10-12 13:06:13 - [MESSAGE][PASSED] - Object: 'Object Repository/Backoffice/Clients/Registration/button_Submit' is clicked on

2018-10-12 13:06:13 - [TEST_STEP][PASSED] - delay: Delayed 2 second(s)

2018-10-12 13:06:15 - [MESSAGE][PASSED] - Delayed 2 second(s)]]></system-out>
         <system-err><![CDATA[]]></system-err>
      </testcase>
      <testcase name="Test Cases/Backoffice/RegisterAccount" classname="Test Cases/Backoffice/RegisterAccount" status="PASSED">
         <system-out><![CDATA[2018-10-12 13:06:15 - [TEST_CASE][PASSED] - Test Cases/Backoffice/RegisterAccount: Test Cases/Backoffice/RegisterAccount

2018-10-12 13:06:15 - [TEST_STEP][PASSED] - focus: Object: 'Object Repository/Backoffice/Clients/Clients' is focused

2018-10-12 13:06:15 - [MESSAGE][PASSED] - Object: 'Object Repository/Backoffice/Clients/Clients' is focused

2018-10-12 13:06:15 - [TEST_STEP][PASSED] - verifyElementPresent: Object 'Object Repository/Backoffice/Clients/Client Registration' is present

2018-10-12 13:06:15 - [MESSAGE][PASSED] - Object 'Object Repository/Backoffice/Clients/Client Registration' is present

2018-10-12 13:06:15 - [TEST_STEP][PASSED] - click: Object: 'Object Repository/Backoffice/Clients/Client Registration' is clicked on

2018-10-12 13:06:15 - [MESSAGE][PASSED] - Object: 'Object Repository/Backoffice/Clients/Client Registration' is clicked on

2018-10-12 13:06:15 - [TEST_STEP][PASSED] - setText: Text 'fattyflandy' is set on object 'Object Repository/Backoffice/Clients/Registration/input_username'

2018-10-12 13:06:16 - [MESSAGE][PASSED] - Text 'fattyflandy' is set on object 'Object Repository/Backoffice/Clients/Registration/input_username'

2018-10-12 13:06:16 - [TEST_STEP][PASSED] - setText: Text '123123' is set on object 'Object Repository/Backoffice/Clients/Registration/input_password'

2018-10-12 13:06:16 - [MESSAGE][PASSED] - Text '123123' is set on object 'Object Repository/Backoffice/Clients/Registration/input_password'

2018-10-12 13:06:16 - [TEST_STEP][PASSED] - setText: Text '123123' is set on object 'Object Repository/Backoffice/Clients/Registration/input_confirmp'

2018-10-12 13:06:16 - [MESSAGE][PASSED] - Text '123123' is set on object 'Object Repository/Backoffice/Clients/Registration/input_confirmp'

2018-10-12 13:06:16 - [TEST_STEP][PASSED] - selectOptionByValue: All options with value 'test' are selected in object 'Object Repository/Backoffice/Clients/Registration/select_operatorcode' 

2018-10-12 13:06:16 - [MESSAGE][PASSED] - All options with value 'test' are selected in object 'Object Repository/Backoffice/Clients/Registration/select_operatorcode' 

2018-10-12 13:06:16 - [TEST_STEP][PASSED] - selectOptionByValue: All options with value '1' are selected in object 'Object Repository/Backoffice/Clients/Registration/select_status' 

2018-10-12 13:06:16 - [MESSAGE][PASSED] - All options with value '1' are selected in object 'Object Repository/Backoffice/Clients/Registration/select_status' 

2018-10-12 13:06:16 - [TEST_STEP][PASSED] - delay: Delayed 2 second(s)

2018-10-12 13:06:18 - [MESSAGE][PASSED] - Delayed 2 second(s)

2018-10-12 13:06:18 - [TEST_STEP][PASSED] - click: Object: 'Object Repository/Backoffice/Clients/Registration/button_Submit' is clicked on

2018-10-12 13:06:19 - [MESSAGE][PASSED] - Object: 'Object Repository/Backoffice/Clients/Registration/button_Submit' is clicked on

2018-10-12 13:06:19 - [TEST_STEP][PASSED] - delay: Delayed 2 second(s)

2018-10-12 13:06:21 - [MESSAGE][PASSED] - Delayed 2 second(s)]]></system-out>
         <system-err><![CDATA[]]></system-err>
      </testcase>
      <testcase name="Test Cases/Backoffice/RegisterAccount" classname="Test Cases/Backoffice/RegisterAccount" status="PASSED">
         <system-out><![CDATA[2018-10-12 13:06:21 - [TEST_CASE][PASSED] - Test Cases/Backoffice/RegisterAccount: Test Cases/Backoffice/RegisterAccount

2018-10-12 13:06:21 - [TEST_STEP][PASSED] - focus: Object: 'Object Repository/Backoffice/Clients/Clients' is focused

2018-10-12 13:06:21 - [MESSAGE][PASSED] - Object: 'Object Repository/Backoffice/Clients/Clients' is focused

2018-10-12 13:06:21 - [TEST_STEP][PASSED] - verifyElementPresent: Object 'Object Repository/Backoffice/Clients/Client Registration' is present

2018-10-12 13:06:21 - [MESSAGE][PASSED] - Object 'Object Repository/Backoffice/Clients/Client Registration' is present

2018-10-12 13:06:21 - [TEST_STEP][PASSED] - click: Object: 'Object Repository/Backoffice/Clients/Client Registration' is clicked on

2018-10-12 13:06:22 - [MESSAGE][PASSED] - Object: 'Object Repository/Backoffice/Clients/Client Registration' is clicked on

2018-10-12 13:06:22 - [TEST_STEP][PASSED] - setText: Text 'flordonfriesian' is set on object 'Object Repository/Backoffice/Clients/Registration/input_username'

2018-10-12 13:06:22 - [MESSAGE][PASSED] - Text 'flordonfriesian' is set on object 'Object Repository/Backoffice/Clients/Registration/input_username'

2018-10-12 13:06:22 - [TEST_STEP][PASSED] - setText: Text '123123' is set on object 'Object Repository/Backoffice/Clients/Registration/input_password'

2018-10-12 13:06:22 - [MESSAGE][PASSED] - Text '123123' is set on object 'Object Repository/Backoffice/Clients/Registration/input_password'

2018-10-12 13:06:22 - [TEST_STEP][PASSED] - setText: Text '123123' is set on object 'Object Repository/Backoffice/Clients/Registration/input_confirmp'

2018-10-12 13:06:22 - [MESSAGE][PASSED] - Text '123123' is set on object 'Object Repository/Backoffice/Clients/Registration/input_confirmp'

2018-10-12 13:06:22 - [TEST_STEP][PASSED] - selectOptionByValue: All options with value 'test' are selected in object 'Object Repository/Backoffice/Clients/Registration/select_operatorcode' 

2018-10-12 13:06:22 - [MESSAGE][PASSED] - All options with value 'test' are selected in object 'Object Repository/Backoffice/Clients/Registration/select_operatorcode' 

2018-10-12 13:06:22 - [TEST_STEP][PASSED] - selectOptionByValue: All options with value '1' are selected in object 'Object Repository/Backoffice/Clients/Registration/select_status' 

2018-10-12 13:06:22 - [MESSAGE][PASSED] - All options with value '1' are selected in object 'Object Repository/Backoffice/Clients/Registration/select_status' 

2018-10-12 13:06:22 - [TEST_STEP][PASSED] - delay: Delayed 2 second(s)

2018-10-12 13:06:24 - [MESSAGE][PASSED] - Delayed 2 second(s)

2018-10-12 13:06:24 - [TEST_STEP][PASSED] - click: Object: 'Object Repository/Backoffice/Clients/Registration/button_Submit' is clicked on

2018-10-12 13:06:25 - [MESSAGE][PASSED] - Object: 'Object Repository/Backoffice/Clients/Registration/button_Submit' is clicked on

2018-10-12 13:06:25 - [TEST_STEP][PASSED] - delay: Delayed 2 second(s)

2018-10-12 13:06:27 - [MESSAGE][PASSED] - Delayed 2 second(s)]]></system-out>
         <system-err><![CDATA[]]></system-err>
      </testcase>
      <testcase name="Test Cases/Backoffice/RegisterAccount" classname="Test Cases/Backoffice/RegisterAccount" status="PASSED">
         <system-out><![CDATA[2018-10-12 13:06:27 - [TEST_CASE][PASSED] - Test Cases/Backoffice/RegisterAccount: Test Cases/Backoffice/RegisterAccount

2018-10-12 13:06:27 - [TEST_STEP][PASSED] - focus: Object: 'Object Repository/Backoffice/Clients/Clients' is focused

2018-10-12 13:06:27 - [MESSAGE][PASSED] - Object: 'Object Repository/Backoffice/Clients/Clients' is focused

2018-10-12 13:06:27 - [TEST_STEP][PASSED] - verifyElementPresent: Object 'Object Repository/Backoffice/Clients/Client Registration' is present

2018-10-12 13:06:27 - [MESSAGE][PASSED] - Object 'Object Repository/Backoffice/Clients/Client Registration' is present

2018-10-12 13:06:27 - [TEST_STEP][PASSED] - click: Object: 'Object Repository/Backoffice/Clients/Client Registration' is clicked on

2018-10-12 13:06:28 - [MESSAGE][PASSED] - Object: 'Object Repository/Backoffice/Clients/Client Registration' is clicked on

2018-10-12 13:06:28 - [TEST_STEP][PASSED] - setText: Text 'fufeuille' is set on object 'Object Repository/Backoffice/Clients/Registration/input_username'

2018-10-12 13:06:28 - [MESSAGE][PASSED] - Text 'fufeuille' is set on object 'Object Repository/Backoffice/Clients/Registration/input_username'

2018-10-12 13:06:28 - [TEST_STEP][PASSED] - setText: Text '123123' is set on object 'Object Repository/Backoffice/Clients/Registration/input_password'

2018-10-12 13:06:28 - [MESSAGE][PASSED] - Text '123123' is set on object 'Object Repository/Backoffice/Clients/Registration/input_password'

2018-10-12 13:06:28 - [TEST_STEP][PASSED] - setText: Text '123123' is set on object 'Object Repository/Backoffice/Clients/Registration/input_confirmp'

2018-10-12 13:06:28 - [MESSAGE][PASSED] - Text '123123' is set on object 'Object Repository/Backoffice/Clients/Registration/input_confirmp'

2018-10-12 13:06:28 - [TEST_STEP][PASSED] - selectOptionByValue: All options with value 'test' are selected in object 'Object Repository/Backoffice/Clients/Registration/select_operatorcode' 

2018-10-12 13:06:28 - [MESSAGE][PASSED] - All options with value 'test' are selected in object 'Object Repository/Backoffice/Clients/Registration/select_operatorcode' 

2018-10-12 13:06:28 - [TEST_STEP][PASSED] - selectOptionByValue: All options with value '1' are selected in object 'Object Repository/Backoffice/Clients/Registration/select_status' 

2018-10-12 13:06:29 - [MESSAGE][PASSED] - All options with value '1' are selected in object 'Object Repository/Backoffice/Clients/Registration/select_status' 

2018-10-12 13:06:29 - [TEST_STEP][PASSED] - delay: Delayed 2 second(s)

2018-10-12 13:06:31 - [MESSAGE][PASSED] - Delayed 2 second(s)

2018-10-12 13:06:31 - [TEST_STEP][PASSED] - click: Object: 'Object Repository/Backoffice/Clients/Registration/button_Submit' is clicked on

2018-10-12 13:06:32 - [MESSAGE][PASSED] - Object: 'Object Repository/Backoffice/Clients/Registration/button_Submit' is clicked on

2018-10-12 13:06:32 - [TEST_STEP][PASSED] - delay: Delayed 2 second(s)

2018-10-12 13:06:34 - [MESSAGE][PASSED] - Delayed 2 second(s)]]></system-out>
         <system-err><![CDATA[]]></system-err>
      </testcase>
      <testcase name="Test Cases/Backoffice/RegisterAccount" classname="Test Cases/Backoffice/RegisterAccount" status="PASSED">
         <system-out><![CDATA[2018-10-12 13:06:34 - [TEST_CASE][PASSED] - Test Cases/Backoffice/RegisterAccount: Test Cases/Backoffice/RegisterAccount

2018-10-12 13:06:34 - [TEST_STEP][PASSED] - focus: Object: 'Object Repository/Backoffice/Clients/Clients' is focused

2018-10-12 13:06:34 - [MESSAGE][PASSED] - Object: 'Object Repository/Backoffice/Clients/Clients' is focused

2018-10-12 13:06:34 - [TEST_STEP][PASSED] - verifyElementPresent: Object 'Object Repository/Backoffice/Clients/Client Registration' is present

2018-10-12 13:06:34 - [MESSAGE][PASSED] - Object 'Object Repository/Backoffice/Clients/Client Registration' is present

2018-10-12 13:06:34 - [TEST_STEP][PASSED] - click: Object: 'Object Repository/Backoffice/Clients/Client Registration' is clicked on

2018-10-12 13:06:34 - [MESSAGE][PASSED] - Object: 'Object Repository/Backoffice/Clients/Client Registration' is clicked on

2018-10-12 13:06:34 - [TEST_STEP][PASSED] - setText: Text 'foxfew' is set on object 'Object Repository/Backoffice/Clients/Registration/input_username'

2018-10-12 13:06:34 - [MESSAGE][PASSED] - Text 'foxfew' is set on object 'Object Repository/Backoffice/Clients/Registration/input_username'

2018-10-12 13:06:34 - [TEST_STEP][PASSED] - setText: Text '123123' is set on object 'Object Repository/Backoffice/Clients/Registration/input_password'

2018-10-12 13:06:35 - [MESSAGE][PASSED] - Text '123123' is set on object 'Object Repository/Backoffice/Clients/Registration/input_password'

2018-10-12 13:06:35 - [TEST_STEP][PASSED] - setText: Text '123123' is set on object 'Object Repository/Backoffice/Clients/Registration/input_confirmp'

2018-10-12 13:06:35 - [MESSAGE][PASSED] - Text '123123' is set on object 'Object Repository/Backoffice/Clients/Registration/input_confirmp'

2018-10-12 13:06:35 - [TEST_STEP][PASSED] - selectOptionByValue: All options with value 'test' are selected in object 'Object Repository/Backoffice/Clients/Registration/select_operatorcode' 

2018-10-12 13:06:35 - [MESSAGE][PASSED] - All options with value 'test' are selected in object 'Object Repository/Backoffice/Clients/Registration/select_operatorcode' 

2018-10-12 13:06:35 - [TEST_STEP][PASSED] - selectOptionByValue: All options with value '1' are selected in object 'Object Repository/Backoffice/Clients/Registration/select_status' 

2018-10-12 13:06:35 - [MESSAGE][PASSED] - All options with value '1' are selected in object 'Object Repository/Backoffice/Clients/Registration/select_status' 

2018-10-12 13:06:35 - [TEST_STEP][PASSED] - delay: Delayed 2 second(s)

2018-10-12 13:06:37 - [MESSAGE][PASSED] - Delayed 2 second(s)

2018-10-12 13:06:37 - [TEST_STEP][PASSED] - click: Object: 'Object Repository/Backoffice/Clients/Registration/button_Submit' is clicked on

2018-10-12 13:06:38 - [MESSAGE][PASSED] - Object: 'Object Repository/Backoffice/Clients/Registration/button_Submit' is clicked on

2018-10-12 13:06:38 - [TEST_STEP][PASSED] - delay: Delayed 2 second(s)

2018-10-12 13:06:40 - [MESSAGE][PASSED] - Delayed 2 second(s)]]></system-out>
         <system-err><![CDATA[]]></system-err>
      </testcase>
      <testcase name="Test Cases/Backoffice/RegisterAccount" classname="Test Cases/Backoffice/RegisterAccount" status="PASSED">
         <system-out><![CDATA[2018-10-12 13:06:40 - [TEST_CASE][PASSED] - Test Cases/Backoffice/RegisterAccount: Test Cases/Backoffice/RegisterAccount

2018-10-12 13:06:40 - [TEST_STEP][PASSED] - focus: Object: 'Object Repository/Backoffice/Clients/Clients' is focused

2018-10-12 13:06:40 - [MESSAGE][PASSED] - Object: 'Object Repository/Backoffice/Clients/Clients' is focused

2018-10-12 13:06:40 - [TEST_STEP][PASSED] - verifyElementPresent: Object 'Object Repository/Backoffice/Clients/Client Registration' is present

2018-10-12 13:06:40 - [MESSAGE][PASSED] - Object 'Object Repository/Backoffice/Clients/Client Registration' is present

2018-10-12 13:06:40 - [TEST_STEP][PASSED] - click: Object: 'Object Repository/Backoffice/Clients/Client Registration' is clicked on

2018-10-12 13:06:40 - [MESSAGE][PASSED] - Object: 'Object Repository/Backoffice/Clients/Client Registration' is clicked on

2018-10-12 13:06:40 - [TEST_STEP][PASSED] - setText: Text 'firsthandforegoing' is set on object 'Object Repository/Backoffice/Clients/Registration/input_username'

2018-10-12 13:06:40 - [MESSAGE][PASSED] - Text 'firsthandforegoing' is set on object 'Object Repository/Backoffice/Clients/Registration/input_username'

2018-10-12 13:06:40 - [TEST_STEP][PASSED] - setText: Text '123123' is set on object 'Object Repository/Backoffice/Clients/Registration/input_password'

2018-10-12 13:06:41 - [MESSAGE][PASSED] - Text '123123' is set on object 'Object Repository/Backoffice/Clients/Registration/input_password'

2018-10-12 13:06:41 - [TEST_STEP][PASSED] - setText: Text '123123' is set on object 'Object Repository/Backoffice/Clients/Registration/input_confirmp'

2018-10-12 13:06:41 - [MESSAGE][PASSED] - Text '123123' is set on object 'Object Repository/Backoffice/Clients/Registration/input_confirmp'

2018-10-12 13:06:41 - [TEST_STEP][PASSED] - selectOptionByValue: All options with value 'test' are selected in object 'Object Repository/Backoffice/Clients/Registration/select_operatorcode' 

2018-10-12 13:06:41 - [MESSAGE][PASSED] - All options with value 'test' are selected in object 'Object Repository/Backoffice/Clients/Registration/select_operatorcode' 

2018-10-12 13:06:41 - [TEST_STEP][PASSED] - selectOptionByValue: All options with value '1' are selected in object 'Object Repository/Backoffice/Clients/Registration/select_status' 

2018-10-12 13:06:41 - [MESSAGE][PASSED] - All options with value '1' are selected in object 'Object Repository/Backoffice/Clients/Registration/select_status' 

2018-10-12 13:06:41 - [TEST_STEP][PASSED] - delay: Delayed 2 second(s)

2018-10-12 13:06:43 - [MESSAGE][PASSED] - Delayed 2 second(s)

2018-10-12 13:06:43 - [TEST_STEP][PASSED] - click: Object: 'Object Repository/Backoffice/Clients/Registration/button_Submit' is clicked on

2018-10-12 13:06:44 - [MESSAGE][PASSED] - Object: 'Object Repository/Backoffice/Clients/Registration/button_Submit' is clicked on

2018-10-12 13:06:44 - [TEST_STEP][PASSED] - delay: Delayed 2 second(s)

2018-10-12 13:06:46 - [MESSAGE][PASSED] - Delayed 2 second(s)]]></system-out>
         <system-err><![CDATA[]]></system-err>
      </testcase>
      <testcase name="Test Cases/Backoffice/RegisterAccount" classname="Test Cases/Backoffice/RegisterAccount" status="PASSED">
         <system-out><![CDATA[2018-10-12 13:06:46 - [TEST_CASE][PASSED] - Test Cases/Backoffice/RegisterAccount: Test Cases/Backoffice/RegisterAccount

2018-10-12 13:06:46 - [TEST_STEP][PASSED] - focus: Object: 'Object Repository/Backoffice/Clients/Clients' is focused

2018-10-12 13:06:46 - [MESSAGE][PASSED] - Object: 'Object Repository/Backoffice/Clients/Clients' is focused

2018-10-12 13:06:46 - [TEST_STEP][PASSED] - verifyElementPresent: Object 'Object Repository/Backoffice/Clients/Client Registration' is present

2018-10-12 13:06:46 - [MESSAGE][PASSED] - Object 'Object Repository/Backoffice/Clients/Client Registration' is present

2018-10-12 13:06:46 - [TEST_STEP][PASSED] - click: Object: 'Object Repository/Backoffice/Clients/Client Registration' is clicked on

2018-10-12 13:06:47 - [MESSAGE][PASSED] - Object: 'Object Repository/Backoffice/Clients/Client Registration' is clicked on

2018-10-12 13:06:47 - [TEST_STEP][PASSED] - setText: Text 'flakyfawr' is set on object 'Object Repository/Backoffice/Clients/Registration/input_username'

2018-10-12 13:06:47 - [MESSAGE][PASSED] - Text 'flakyfawr' is set on object 'Object Repository/Backoffice/Clients/Registration/input_username'

2018-10-12 13:06:47 - [TEST_STEP][PASSED] - setText: Text '123123' is set on object 'Object Repository/Backoffice/Clients/Registration/input_password'

2018-10-12 13:06:47 - [MESSAGE][PASSED] - Text '123123' is set on object 'Object Repository/Backoffice/Clients/Registration/input_password'

2018-10-12 13:06:47 - [TEST_STEP][PASSED] - setText: Text '123123' is set on object 'Object Repository/Backoffice/Clients/Registration/input_confirmp'

2018-10-12 13:06:47 - [MESSAGE][PASSED] - Text '123123' is set on object 'Object Repository/Backoffice/Clients/Registration/input_confirmp'

2018-10-12 13:06:47 - [TEST_STEP][PASSED] - selectOptionByValue: All options with value 'test' are selected in object 'Object Repository/Backoffice/Clients/Registration/select_operatorcode' 

2018-10-12 13:06:47 - [MESSAGE][PASSED] - All options with value 'test' are selected in object 'Object Repository/Backoffice/Clients/Registration/select_operatorcode' 

2018-10-12 13:06:47 - [TEST_STEP][PASSED] - selectOptionByValue: All options with value '1' are selected in object 'Object Repository/Backoffice/Clients/Registration/select_status' 

2018-10-12 13:06:47 - [MESSAGE][PASSED] - All options with value '1' are selected in object 'Object Repository/Backoffice/Clients/Registration/select_status' 

2018-10-12 13:06:47 - [TEST_STEP][PASSED] - delay: Delayed 2 second(s)

2018-10-12 13:06:49 - [MESSAGE][PASSED] - Delayed 2 second(s)

2018-10-12 13:06:49 - [TEST_STEP][PASSED] - click: Object: 'Object Repository/Backoffice/Clients/Registration/button_Submit' is clicked on

2018-10-12 13:06:50 - [MESSAGE][PASSED] - Object: 'Object Repository/Backoffice/Clients/Registration/button_Submit' is clicked on

2018-10-12 13:06:50 - [TEST_STEP][PASSED] - delay: Delayed 2 second(s)

2018-10-12 13:06:52 - [MESSAGE][PASSED] - Delayed 2 second(s)]]></system-out>
         <system-err><![CDATA[]]></system-err>
      </testcase>
      <testcase name="Test Cases/Backoffice/RegisterAccount" classname="Test Cases/Backoffice/RegisterAccount" status="PASSED">
         <system-out><![CDATA[2018-10-12 13:06:52 - [TEST_CASE][PASSED] - Test Cases/Backoffice/RegisterAccount: Test Cases/Backoffice/RegisterAccount

2018-10-12 13:06:52 - [TEST_STEP][PASSED] - focus: Object: 'Object Repository/Backoffice/Clients/Clients' is focused

2018-10-12 13:06:52 - [MESSAGE][PASSED] - Object: 'Object Repository/Backoffice/Clients/Clients' is focused

2018-10-12 13:06:52 - [TEST_STEP][PASSED] - verifyElementPresent: Object 'Object Repository/Backoffice/Clients/Client Registration' is present

2018-10-12 13:06:52 - [MESSAGE][PASSED] - Object 'Object Repository/Backoffice/Clients/Client Registration' is present

2018-10-12 13:06:52 - [TEST_STEP][PASSED] - click: Object: 'Object Repository/Backoffice/Clients/Client Registration' is clicked on

2018-10-12 13:06:53 - [MESSAGE][PASSED] - Object: 'Object Repository/Backoffice/Clients/Client Registration' is clicked on

2018-10-12 13:06:53 - [TEST_STEP][PASSED] - setText: Text 'flagfrancium' is set on object 'Object Repository/Backoffice/Clients/Registration/input_username'

2018-10-12 13:06:53 - [MESSAGE][PASSED] - Text 'flagfrancium' is set on object 'Object Repository/Backoffice/Clients/Registration/input_username'

2018-10-12 13:06:53 - [TEST_STEP][PASSED] - setText: Text '123123' is set on object 'Object Repository/Backoffice/Clients/Registration/input_password'

2018-10-12 13:06:53 - [MESSAGE][PASSED] - Text '123123' is set on object 'Object Repository/Backoffice/Clients/Registration/input_password'

2018-10-12 13:06:53 - [TEST_STEP][PASSED] - setText: Text '123123' is set on object 'Object Repository/Backoffice/Clients/Registration/input_confirmp'

2018-10-12 13:06:53 - [MESSAGE][PASSED] - Text '123123' is set on object 'Object Repository/Backoffice/Clients/Registration/input_confirmp'

2018-10-12 13:06:53 - [TEST_STEP][PASSED] - selectOptionByValue: All options with value 'test' are selected in object 'Object Repository/Backoffice/Clients/Registration/select_operatorcode' 

2018-10-12 13:06:53 - [MESSAGE][PASSED] - All options with value 'test' are selected in object 'Object Repository/Backoffice/Clients/Registration/select_operatorcode' 

2018-10-12 13:06:53 - [TEST_STEP][PASSED] - selectOptionByValue: All options with value '1' are selected in object 'Object Repository/Backoffice/Clients/Registration/select_status' 

2018-10-12 13:06:53 - [MESSAGE][PASSED] - All options with value '1' are selected in object 'Object Repository/Backoffice/Clients/Registration/select_status' 

2018-10-12 13:06:53 - [TEST_STEP][PASSED] - delay: Delayed 2 second(s)

2018-10-12 13:06:55 - [MESSAGE][PASSED] - Delayed 2 second(s)

2018-10-12 13:06:55 - [TEST_STEP][PASSED] - click: Object: 'Object Repository/Backoffice/Clients/Registration/button_Submit' is clicked on

2018-10-12 13:06:56 - [MESSAGE][PASSED] - Object: 'Object Repository/Backoffice/Clients/Registration/button_Submit' is clicked on

2018-10-12 13:06:56 - [TEST_STEP][PASSED] - delay: Delayed 2 second(s)

2018-10-12 13:06:58 - [MESSAGE][PASSED] - Delayed 2 second(s)]]></system-out>
         <system-err><![CDATA[]]></system-err>
      </testcase>
      <testcase name="Test Cases/Backoffice/RegisterAccount" classname="Test Cases/Backoffice/RegisterAccount" status="PASSED">
         <system-out><![CDATA[2018-10-12 13:06:58 - [TEST_CASE][PASSED] - Test Cases/Backoffice/RegisterAccount: Test Cases/Backoffice/RegisterAccount

2018-10-12 13:06:58 - [TEST_STEP][PASSED] - focus: Object: 'Object Repository/Backoffice/Clients/Clients' is focused

2018-10-12 13:06:58 - [MESSAGE][PASSED] - Object: 'Object Repository/Backoffice/Clients/Clients' is focused

2018-10-12 13:06:58 - [TEST_STEP][PASSED] - verifyElementPresent: Object 'Object Repository/Backoffice/Clients/Client Registration' is present

2018-10-12 13:06:58 - [MESSAGE][PASSED] - Object 'Object Repository/Backoffice/Clients/Client Registration' is present

2018-10-12 13:06:58 - [TEST_STEP][PASSED] - click: Object: 'Object Repository/Backoffice/Clients/Client Registration' is clicked on

2018-10-12 13:06:59 - [MESSAGE][PASSED] - Object: 'Object Repository/Backoffice/Clients/Client Registration' is clicked on

2018-10-12 13:06:59 - [TEST_STEP][PASSED] - setText: Text 'fencefroaking' is set on object 'Object Repository/Backoffice/Clients/Registration/input_username'

2018-10-12 13:06:59 - [MESSAGE][PASSED] - Text 'fencefroaking' is set on object 'Object Repository/Backoffice/Clients/Registration/input_username'

2018-10-12 13:06:59 - [TEST_STEP][PASSED] - setText: Text '123123' is set on object 'Object Repository/Backoffice/Clients/Registration/input_password'

2018-10-12 13:06:59 - [MESSAGE][PASSED] - Text '123123' is set on object 'Object Repository/Backoffice/Clients/Registration/input_password'

2018-10-12 13:06:59 - [TEST_STEP][PASSED] - setText: Text '123123' is set on object 'Object Repository/Backoffice/Clients/Registration/input_confirmp'

2018-10-12 13:06:59 - [MESSAGE][PASSED] - Text '123123' is set on object 'Object Repository/Backoffice/Clients/Registration/input_confirmp'

2018-10-12 13:06:59 - [TEST_STEP][PASSED] - selectOptionByValue: All options with value 'test' are selected in object 'Object Repository/Backoffice/Clients/Registration/select_operatorcode' 

2018-10-12 13:07:00 - [MESSAGE][PASSED] - All options with value 'test' are selected in object 'Object Repository/Backoffice/Clients/Registration/select_operatorcode' 

2018-10-12 13:07:00 - [TEST_STEP][PASSED] - selectOptionByValue: All options with value '1' are selected in object 'Object Repository/Backoffice/Clients/Registration/select_status' 

2018-10-12 13:07:00 - [MESSAGE][PASSED] - All options with value '1' are selected in object 'Object Repository/Backoffice/Clients/Registration/select_status' 

2018-10-12 13:07:00 - [TEST_STEP][PASSED] - delay: Delayed 2 second(s)

2018-10-12 13:07:02 - [MESSAGE][PASSED] - Delayed 2 second(s)

2018-10-12 13:07:02 - [TEST_STEP][PASSED] - click: Object: 'Object Repository/Backoffice/Clients/Registration/button_Submit' is clicked on

2018-10-12 13:07:02 - [MESSAGE][PASSED] - Object: 'Object Repository/Backoffice/Clients/Registration/button_Submit' is clicked on

2018-10-12 13:07:02 - [TEST_STEP][PASSED] - delay: Delayed 2 second(s)

2018-10-12 13:07:04 - [MESSAGE][PASSED] - Delayed 2 second(s)]]></system-out>
         <system-err><![CDATA[]]></system-err>
      </testcase>
      <testcase name="Test Cases/Backoffice/RegisterAccount" classname="Test Cases/Backoffice/RegisterAccount" status="PASSED">
         <system-out><![CDATA[2018-10-12 13:07:04 - [TEST_CASE][PASSED] - Test Cases/Backoffice/RegisterAccount: Test Cases/Backoffice/RegisterAccount

2018-10-12 13:07:04 - [TEST_STEP][PASSED] - focus: Object: 'Object Repository/Backoffice/Clients/Clients' is focused

2018-10-12 13:07:05 - [MESSAGE][PASSED] - Object: 'Object Repository/Backoffice/Clients/Clients' is focused

2018-10-12 13:07:05 - [TEST_STEP][PASSED] - verifyElementPresent: Object 'Object Repository/Backoffice/Clients/Client Registration' is present

2018-10-12 13:07:05 - [MESSAGE][PASSED] - Object 'Object Repository/Backoffice/Clients/Client Registration' is present

2018-10-12 13:07:05 - [TEST_STEP][PASSED] - click: Object: 'Object Repository/Backoffice/Clients/Client Registration' is clicked on

2018-10-12 13:07:05 - [MESSAGE][PASSED] - Object: 'Object Repository/Backoffice/Clients/Client Registration' is clicked on

2018-10-12 13:07:05 - [TEST_STEP][PASSED] - setText: Text 'filletingfraddling' is set on object 'Object Repository/Backoffice/Clients/Registration/input_username'

2018-10-12 13:07:06 - [MESSAGE][PASSED] - Text 'filletingfraddling' is set on object 'Object Repository/Backoffice/Clients/Registration/input_username'

2018-10-12 13:07:06 - [TEST_STEP][PASSED] - setText: Text '123123' is set on object 'Object Repository/Backoffice/Clients/Registration/input_password'

2018-10-12 13:07:06 - [MESSAGE][PASSED] - Text '123123' is set on object 'Object Repository/Backoffice/Clients/Registration/input_password'

2018-10-12 13:07:06 - [TEST_STEP][PASSED] - setText: Text '123123' is set on object 'Object Repository/Backoffice/Clients/Registration/input_confirmp'

2018-10-12 13:07:06 - [MESSAGE][PASSED] - Text '123123' is set on object 'Object Repository/Backoffice/Clients/Registration/input_confirmp'

2018-10-12 13:07:06 - [TEST_STEP][PASSED] - selectOptionByValue: All options with value 'test' are selected in object 'Object Repository/Backoffice/Clients/Registration/select_operatorcode' 

2018-10-12 13:07:06 - [MESSAGE][PASSED] - All options with value 'test' are selected in object 'Object Repository/Backoffice/Clients/Registration/select_operatorcode' 

2018-10-12 13:07:06 - [TEST_STEP][PASSED] - selectOptionByValue: All options with value '1' are selected in object 'Object Repository/Backoffice/Clients/Registration/select_status' 

2018-10-12 13:07:06 - [MESSAGE][PASSED] - All options with value '1' are selected in object 'Object Repository/Backoffice/Clients/Registration/select_status' 

2018-10-12 13:07:06 - [TEST_STEP][PASSED] - delay: Delayed 2 second(s)

2018-10-12 13:07:08 - [MESSAGE][PASSED] - Delayed 2 second(s)

2018-10-12 13:07:08 - [TEST_STEP][PASSED] - click: Object: 'Object Repository/Backoffice/Clients/Registration/button_Submit' is clicked on

2018-10-12 13:07:09 - [MESSAGE][PASSED] - Object: 'Object Repository/Backoffice/Clients/Registration/button_Submit' is clicked on

2018-10-12 13:07:09 - [TEST_STEP][PASSED] - delay: Delayed 2 second(s)

2018-10-12 13:07:11 - [MESSAGE][PASSED] - Delayed 2 second(s)]]></system-out>
         <system-err><![CDATA[]]></system-err>
      </testcase>
      <testcase name="Test Cases/Backoffice/RegisterAccount" classname="Test Cases/Backoffice/RegisterAccount" status="PASSED">
         <system-out><![CDATA[2018-10-12 13:07:11 - [TEST_CASE][PASSED] - Test Cases/Backoffice/RegisterAccount: Test Cases/Backoffice/RegisterAccount

2018-10-12 13:07:11 - [TEST_STEP][PASSED] - focus: Object: 'Object Repository/Backoffice/Clients/Clients' is focused

2018-10-12 13:07:11 - [MESSAGE][PASSED] - Object: 'Object Repository/Backoffice/Clients/Clients' is focused

2018-10-12 13:07:11 - [TEST_STEP][PASSED] - verifyElementPresent: Object 'Object Repository/Backoffice/Clients/Client Registration' is present

2018-10-12 13:07:11 - [MESSAGE][PASSED] - Object 'Object Repository/Backoffice/Clients/Client Registration' is present

2018-10-12 13:07:11 - [TEST_STEP][PASSED] - click: Object: 'Object Repository/Backoffice/Clients/Client Registration' is clicked on

2018-10-12 13:07:12 - [MESSAGE][PASSED] - Object: 'Object Repository/Backoffice/Clients/Client Registration' is clicked on

2018-10-12 13:07:12 - [TEST_STEP][PASSED] - setText: Text 'formflawless' is set on object 'Object Repository/Backoffice/Clients/Registration/input_username'

2018-10-12 13:07:12 - [MESSAGE][PASSED] - Text 'formflawless' is set on object 'Object Repository/Backoffice/Clients/Registration/input_username'

2018-10-12 13:07:12 - [TEST_STEP][PASSED] - setText: Text '123123' is set on object 'Object Repository/Backoffice/Clients/Registration/input_password'

2018-10-12 13:07:12 - [MESSAGE][PASSED] - Text '123123' is set on object 'Object Repository/Backoffice/Clients/Registration/input_password'

2018-10-12 13:07:12 - [TEST_STEP][PASSED] - setText: Text '123123' is set on object 'Object Repository/Backoffice/Clients/Registration/input_confirmp'

2018-10-12 13:07:12 - [MESSAGE][PASSED] - Text '123123' is set on object 'Object Repository/Backoffice/Clients/Registration/input_confirmp'

2018-10-12 13:07:12 - [TEST_STEP][PASSED] - selectOptionByValue: All options with value 'test' are selected in object 'Object Repository/Backoffice/Clients/Registration/select_operatorcode' 

2018-10-12 13:07:12 - [MESSAGE][PASSED] - All options with value 'test' are selected in object 'Object Repository/Backoffice/Clients/Registration/select_operatorcode' 

2018-10-12 13:07:12 - [TEST_STEP][PASSED] - selectOptionByValue: All options with value '1' are selected in object 'Object Repository/Backoffice/Clients/Registration/select_status' 

2018-10-12 13:07:12 - [MESSAGE][PASSED] - All options with value '1' are selected in object 'Object Repository/Backoffice/Clients/Registration/select_status' 

2018-10-12 13:07:12 - [TEST_STEP][PASSED] - delay: Delayed 2 second(s)

2018-10-12 13:07:14 - [MESSAGE][PASSED] - Delayed 2 second(s)

2018-10-12 13:07:14 - [TEST_STEP][PASSED] - click: Object: 'Object Repository/Backoffice/Clients/Registration/button_Submit' is clicked on

2018-10-12 13:07:15 - [MESSAGE][PASSED] - Object: 'Object Repository/Backoffice/Clients/Registration/button_Submit' is clicked on

2018-10-12 13:07:15 - [TEST_STEP][PASSED] - delay: Delayed 2 second(s)

2018-10-12 13:07:17 - [MESSAGE][PASSED] - Delayed 2 second(s)]]></system-out>
         <system-err><![CDATA[]]></system-err>
      </testcase>
      <testcase name="Test Cases/Backoffice/RegisterAccount" classname="Test Cases/Backoffice/RegisterAccount" status="PASSED">
         <system-out><![CDATA[2018-10-12 13:07:17 - [TEST_CASE][PASSED] - Test Cases/Backoffice/RegisterAccount: Test Cases/Backoffice/RegisterAccount

2018-10-12 13:07:17 - [TEST_STEP][PASSED] - focus: Object: 'Object Repository/Backoffice/Clients/Clients' is focused

2018-10-12 13:07:17 - [MESSAGE][PASSED] - Object: 'Object Repository/Backoffice/Clients/Clients' is focused

2018-10-12 13:07:17 - [TEST_STEP][PASSED] - verifyElementPresent: Object 'Object Repository/Backoffice/Clients/Client Registration' is present

2018-10-12 13:07:17 - [MESSAGE][PASSED] - Object 'Object Repository/Backoffice/Clients/Client Registration' is present

2018-10-12 13:07:17 - [TEST_STEP][PASSED] - click: Object: 'Object Repository/Backoffice/Clients/Client Registration' is clicked on

2018-10-12 13:07:18 - [MESSAGE][PASSED] - Object: 'Object Repository/Backoffice/Clients/Client Registration' is clicked on

2018-10-12 13:07:18 - [TEST_STEP][PASSED] - setText: Text 'flavouredfactory' is set on object 'Object Repository/Backoffice/Clients/Registration/input_username'

2018-10-12 13:07:18 - [MESSAGE][PASSED] - Text 'flavouredfactory' is set on object 'Object Repository/Backoffice/Clients/Registration/input_username'

2018-10-12 13:07:18 - [TEST_STEP][PASSED] - setText: Text '123123' is set on object 'Object Repository/Backoffice/Clients/Registration/input_password'

2018-10-12 13:07:18 - [MESSAGE][PASSED] - Text '123123' is set on object 'Object Repository/Backoffice/Clients/Registration/input_password'

2018-10-12 13:07:18 - [TEST_STEP][PASSED] - setText: Text '123123' is set on object 'Object Repository/Backoffice/Clients/Registration/input_confirmp'

2018-10-12 13:07:19 - [MESSAGE][PASSED] - Text '123123' is set on object 'Object Repository/Backoffice/Clients/Registration/input_confirmp'

2018-10-12 13:07:19 - [TEST_STEP][PASSED] - selectOptionByValue: All options with value 'test' are selected in object 'Object Repository/Backoffice/Clients/Registration/select_operatorcode' 

2018-10-12 13:07:19 - [MESSAGE][PASSED] - All options with value 'test' are selected in object 'Object Repository/Backoffice/Clients/Registration/select_operatorcode' 

2018-10-12 13:07:19 - [TEST_STEP][PASSED] - selectOptionByValue: All options with value '1' are selected in object 'Object Repository/Backoffice/Clients/Registration/select_status' 

2018-10-12 13:07:19 - [MESSAGE][PASSED] - All options with value '1' are selected in object 'Object Repository/Backoffice/Clients/Registration/select_status' 

2018-10-12 13:07:19 - [TEST_STEP][PASSED] - delay: Delayed 2 second(s)

2018-10-12 13:07:21 - [MESSAGE][PASSED] - Delayed 2 second(s)

2018-10-12 13:07:21 - [TEST_STEP][PASSED] - click: Object: 'Object Repository/Backoffice/Clients/Registration/button_Submit' is clicked on

2018-10-12 13:07:22 - [MESSAGE][PASSED] - Object: 'Object Repository/Backoffice/Clients/Registration/button_Submit' is clicked on

2018-10-12 13:07:22 - [TEST_STEP][PASSED] - delay: Delayed 2 second(s)

2018-10-12 13:07:24 - [MESSAGE][PASSED] - Delayed 2 second(s)]]></system-out>
         <system-err><![CDATA[]]></system-err>
      </testcase>
      <testcase name="Test Cases/Backoffice/RegisterAccount" classname="Test Cases/Backoffice/RegisterAccount" status="PASSED">
         <system-out><![CDATA[2018-10-12 13:07:24 - [TEST_CASE][PASSED] - Test Cases/Backoffice/RegisterAccount: Test Cases/Backoffice/RegisterAccount

2018-10-12 13:07:24 - [TEST_STEP][PASSED] - focus: Object: 'Object Repository/Backoffice/Clients/Clients' is focused

2018-10-12 13:07:24 - [MESSAGE][PASSED] - Object: 'Object Repository/Backoffice/Clients/Clients' is focused

2018-10-12 13:07:24 - [TEST_STEP][PASSED] - verifyElementPresent: Object 'Object Repository/Backoffice/Clients/Client Registration' is present

2018-10-12 13:07:24 - [MESSAGE][PASSED] - Object 'Object Repository/Backoffice/Clients/Client Registration' is present

2018-10-12 13:07:24 - [TEST_STEP][PASSED] - click: Object: 'Object Repository/Backoffice/Clients/Client Registration' is clicked on

2018-10-12 13:07:24 - [MESSAGE][PASSED] - Object: 'Object Repository/Backoffice/Clients/Client Registration' is clicked on

2018-10-12 13:07:24 - [TEST_STEP][PASSED] - setText: Text 'fanaticalflour' is set on object 'Object Repository/Backoffice/Clients/Registration/input_username'

2018-10-12 13:07:24 - [MESSAGE][PASSED] - Text 'fanaticalflour' is set on object 'Object Repository/Backoffice/Clients/Registration/input_username'

2018-10-12 13:07:24 - [TEST_STEP][PASSED] - setText: Text '123123' is set on object 'Object Repository/Backoffice/Clients/Registration/input_password'

2018-10-12 13:07:25 - [MESSAGE][PASSED] - Text '123123' is set on object 'Object Repository/Backoffice/Clients/Registration/input_password'

2018-10-12 13:07:25 - [TEST_STEP][PASSED] - setText: Text '123123' is set on object 'Object Repository/Backoffice/Clients/Registration/input_confirmp'

2018-10-12 13:07:25 - [MESSAGE][PASSED] - Text '123123' is set on object 'Object Repository/Backoffice/Clients/Registration/input_confirmp'

2018-10-12 13:07:25 - [TEST_STEP][PASSED] - selectOptionByValue: All options with value 'test' are selected in object 'Object Repository/Backoffice/Clients/Registration/select_operatorcode' 

2018-10-12 13:07:25 - [MESSAGE][PASSED] - All options with value 'test' are selected in object 'Object Repository/Backoffice/Clients/Registration/select_operatorcode' 

2018-10-12 13:07:25 - [TEST_STEP][PASSED] - selectOptionByValue: All options with value '1' are selected in object 'Object Repository/Backoffice/Clients/Registration/select_status' 

2018-10-12 13:07:25 - [MESSAGE][PASSED] - All options with value '1' are selected in object 'Object Repository/Backoffice/Clients/Registration/select_status' 

2018-10-12 13:07:25 - [TEST_STEP][PASSED] - delay: Delayed 2 second(s)

2018-10-12 13:07:27 - [MESSAGE][PASSED] - Delayed 2 second(s)

2018-10-12 13:07:27 - [TEST_STEP][PASSED] - click: Object: 'Object Repository/Backoffice/Clients/Registration/button_Submit' is clicked on

2018-10-12 13:07:28 - [MESSAGE][PASSED] - Object: 'Object Repository/Backoffice/Clients/Registration/button_Submit' is clicked on

2018-10-12 13:07:28 - [TEST_STEP][PASSED] - delay: Delayed 2 second(s)

2018-10-12 13:07:30 - [MESSAGE][PASSED] - Delayed 2 second(s)]]></system-out>
         <system-err><![CDATA[]]></system-err>
      </testcase>
      <testcase name="Test Cases/Backoffice/RegisterAccount" classname="Test Cases/Backoffice/RegisterAccount" status="PASSED">
         <system-out><![CDATA[2018-10-12 13:07:30 - [TEST_CASE][PASSED] - Test Cases/Backoffice/RegisterAccount: Test Cases/Backoffice/RegisterAccount

2018-10-12 13:07:30 - [TEST_STEP][PASSED] - focus: Object: 'Object Repository/Backoffice/Clients/Clients' is focused

2018-10-12 13:07:30 - [MESSAGE][PASSED] - Object: 'Object Repository/Backoffice/Clients/Clients' is focused

2018-10-12 13:07:30 - [TEST_STEP][PASSED] - verifyElementPresent: Object 'Object Repository/Backoffice/Clients/Client Registration' is present

2018-10-12 13:07:30 - [MESSAGE][PASSED] - Object 'Object Repository/Backoffice/Clients/Client Registration' is present

2018-10-12 13:07:30 - [TEST_STEP][PASSED] - click: Object: 'Object Repository/Backoffice/Clients/Client Registration' is clicked on

2018-10-12 13:07:31 - [MESSAGE][PASSED] - Object: 'Object Repository/Backoffice/Clients/Client Registration' is clicked on

2018-10-12 13:07:31 - [TEST_STEP][PASSED] - setText: Text 'fakeflipping' is set on object 'Object Repository/Backoffice/Clients/Registration/input_username'

2018-10-12 13:07:31 - [MESSAGE][PASSED] - Text 'fakeflipping' is set on object 'Object Repository/Backoffice/Clients/Registration/input_username'

2018-10-12 13:07:31 - [TEST_STEP][PASSED] - setText: Text '123123' is set on object 'Object Repository/Backoffice/Clients/Registration/input_password'

2018-10-12 13:07:31 - [MESSAGE][PASSED] - Text '123123' is set on object 'Object Repository/Backoffice/Clients/Registration/input_password'

2018-10-12 13:07:31 - [TEST_STEP][PASSED] - setText: Text '123123' is set on object 'Object Repository/Backoffice/Clients/Registration/input_confirmp'

2018-10-12 13:07:31 - [MESSAGE][PASSED] - Text '123123' is set on object 'Object Repository/Backoffice/Clients/Registration/input_confirmp'

2018-10-12 13:07:31 - [TEST_STEP][PASSED] - selectOptionByValue: All options with value 'test' are selected in object 'Object Repository/Backoffice/Clients/Registration/select_operatorcode' 

2018-10-12 13:07:31 - [MESSAGE][PASSED] - All options with value 'test' are selected in object 'Object Repository/Backoffice/Clients/Registration/select_operatorcode' 

2018-10-12 13:07:31 - [TEST_STEP][PASSED] - selectOptionByValue: All options with value '1' are selected in object 'Object Repository/Backoffice/Clients/Registration/select_status' 

2018-10-12 13:07:31 - [MESSAGE][PASSED] - All options with value '1' are selected in object 'Object Repository/Backoffice/Clients/Registration/select_status' 

2018-10-12 13:07:31 - [TEST_STEP][PASSED] - delay: Delayed 2 second(s)

2018-10-12 13:07:33 - [MESSAGE][PASSED] - Delayed 2 second(s)

2018-10-12 13:07:33 - [TEST_STEP][PASSED] - click: Object: 'Object Repository/Backoffice/Clients/Registration/button_Submit' is clicked on

2018-10-12 13:07:34 - [MESSAGE][PASSED] - Object: 'Object Repository/Backoffice/Clients/Registration/button_Submit' is clicked on

2018-10-12 13:07:34 - [TEST_STEP][PASSED] - delay: Delayed 2 second(s)

2018-10-12 13:07:36 - [MESSAGE][PASSED] - Delayed 2 second(s)]]></system-out>
         <system-err><![CDATA[]]></system-err>
      </testcase>
      <testcase name="Test Cases/Backoffice/RegisterAccount" classname="Test Cases/Backoffice/RegisterAccount" status="PASSED">
         <system-out><![CDATA[2018-10-12 13:07:36 - [TEST_CASE][PASSED] - Test Cases/Backoffice/RegisterAccount: Test Cases/Backoffice/RegisterAccount

2018-10-12 13:07:36 - [TEST_STEP][PASSED] - focus: Object: 'Object Repository/Backoffice/Clients/Clients' is focused

2018-10-12 13:07:36 - [MESSAGE][PASSED] - Object: 'Object Repository/Backoffice/Clients/Clients' is focused

2018-10-12 13:07:36 - [TEST_STEP][PASSED] - verifyElementPresent: Object 'Object Repository/Backoffice/Clients/Client Registration' is present

2018-10-12 13:07:36 - [MESSAGE][PASSED] - Object 'Object Repository/Backoffice/Clients/Client Registration' is present

2018-10-12 13:07:36 - [TEST_STEP][PASSED] - click: Object: 'Object Repository/Backoffice/Clients/Client Registration' is clicked on

2018-10-12 13:07:37 - [MESSAGE][PASSED] - Object: 'Object Repository/Backoffice/Clients/Client Registration' is clicked on

2018-10-12 13:07:37 - [TEST_STEP][PASSED] - setText: Text 'formalfinancials' is set on object 'Object Repository/Backoffice/Clients/Registration/input_username'

2018-10-12 13:07:37 - [MESSAGE][PASSED] - Text 'formalfinancials' is set on object 'Object Repository/Backoffice/Clients/Registration/input_username'

2018-10-12 13:07:37 - [TEST_STEP][PASSED] - setText: Text '123123' is set on object 'Object Repository/Backoffice/Clients/Registration/input_password'

2018-10-12 13:07:37 - [MESSAGE][PASSED] - Text '123123' is set on object 'Object Repository/Backoffice/Clients/Registration/input_password'

2018-10-12 13:07:37 - [TEST_STEP][PASSED] - setText: Text '123123' is set on object 'Object Repository/Backoffice/Clients/Registration/input_confirmp'

2018-10-12 13:07:37 - [MESSAGE][PASSED] - Text '123123' is set on object 'Object Repository/Backoffice/Clients/Registration/input_confirmp'

2018-10-12 13:07:37 - [TEST_STEP][PASSED] - selectOptionByValue: All options with value 'test' are selected in object 'Object Repository/Backoffice/Clients/Registration/select_operatorcode' 

2018-10-12 13:07:37 - [MESSAGE][PASSED] - All options with value 'test' are selected in object 'Object Repository/Backoffice/Clients/Registration/select_operatorcode' 

2018-10-12 13:07:37 - [TEST_STEP][PASSED] - selectOptionByValue: All options with value '1' are selected in object 'Object Repository/Backoffice/Clients/Registration/select_status' 

2018-10-12 13:07:37 - [MESSAGE][PASSED] - All options with value '1' are selected in object 'Object Repository/Backoffice/Clients/Registration/select_status' 

2018-10-12 13:07:37 - [TEST_STEP][PASSED] - delay: Delayed 2 second(s)

2018-10-12 13:07:39 - [MESSAGE][PASSED] - Delayed 2 second(s)

2018-10-12 13:07:39 - [TEST_STEP][PASSED] - click: Object: 'Object Repository/Backoffice/Clients/Registration/button_Submit' is clicked on

2018-10-12 13:07:40 - [MESSAGE][PASSED] - Object: 'Object Repository/Backoffice/Clients/Registration/button_Submit' is clicked on

2018-10-12 13:07:40 - [TEST_STEP][PASSED] - delay: Delayed 2 second(s)

2018-10-12 13:07:42 - [MESSAGE][PASSED] - Delayed 2 second(s)]]></system-out>
         <system-err><![CDATA[]]></system-err>
      </testcase>
      <testcase name="Test Cases/Backoffice/RegisterAccount" classname="Test Cases/Backoffice/RegisterAccount" status="PASSED">
         <system-out><![CDATA[2018-10-12 13:07:42 - [TEST_CASE][PASSED] - Test Cases/Backoffice/RegisterAccount: Test Cases/Backoffice/RegisterAccount

2018-10-12 13:07:42 - [TEST_STEP][PASSED] - focus: Object: 'Object Repository/Backoffice/Clients/Clients' is focused

2018-10-12 13:07:42 - [MESSAGE][PASSED] - Object: 'Object Repository/Backoffice/Clients/Clients' is focused

2018-10-12 13:07:42 - [TEST_STEP][PASSED] - verifyElementPresent: Object 'Object Repository/Backoffice/Clients/Client Registration' is present

2018-10-12 13:07:42 - [MESSAGE][PASSED] - Object 'Object Repository/Backoffice/Clients/Client Registration' is present

2018-10-12 13:07:42 - [TEST_STEP][PASSED] - click: Object: 'Object Repository/Backoffice/Clients/Client Registration' is clicked on

2018-10-12 13:07:43 - [MESSAGE][PASSED] - Object: 'Object Repository/Backoffice/Clients/Client Registration' is clicked on

2018-10-12 13:07:43 - [TEST_STEP][PASSED] - setText: Text 'flashlightfirsthand' is set on object 'Object Repository/Backoffice/Clients/Registration/input_username'

2018-10-12 13:07:43 - [MESSAGE][PASSED] - Text 'flashlightfirsthand' is set on object 'Object Repository/Backoffice/Clients/Registration/input_username'

2018-10-12 13:07:43 - [TEST_STEP][PASSED] - setText: Text '123123' is set on object 'Object Repository/Backoffice/Clients/Registration/input_password'

2018-10-12 13:07:43 - [MESSAGE][PASSED] - Text '123123' is set on object 'Object Repository/Backoffice/Clients/Registration/input_password'

2018-10-12 13:07:43 - [TEST_STEP][PASSED] - setText: Text '123123' is set on object 'Object Repository/Backoffice/Clients/Registration/input_confirmp'

2018-10-12 13:07:43 - [MESSAGE][PASSED] - Text '123123' is set on object 'Object Repository/Backoffice/Clients/Registration/input_confirmp'

2018-10-12 13:07:43 - [TEST_STEP][PASSED] - selectOptionByValue: All options with value 'test' are selected in object 'Object Repository/Backoffice/Clients/Registration/select_operatorcode' 

2018-10-12 13:07:43 - [MESSAGE][PASSED] - All options with value 'test' are selected in object 'Object Repository/Backoffice/Clients/Registration/select_operatorcode' 

2018-10-12 13:07:43 - [TEST_STEP][PASSED] - selectOptionByValue: All options with value '1' are selected in object 'Object Repository/Backoffice/Clients/Registration/select_status' 

2018-10-12 13:07:43 - [MESSAGE][PASSED] - All options with value '1' are selected in object 'Object Repository/Backoffice/Clients/Registration/select_status' 

2018-10-12 13:07:43 - [TEST_STEP][PASSED] - delay: Delayed 2 second(s)

2018-10-12 13:07:45 - [MESSAGE][PASSED] - Delayed 2 second(s)

2018-10-12 13:07:45 - [TEST_STEP][PASSED] - click: Object: 'Object Repository/Backoffice/Clients/Registration/button_Submit' is clicked on

2018-10-12 13:07:46 - [MESSAGE][PASSED] - Object: 'Object Repository/Backoffice/Clients/Registration/button_Submit' is clicked on

2018-10-12 13:07:46 - [TEST_STEP][PASSED] - delay: Delayed 2 second(s)

2018-10-12 13:07:48 - [MESSAGE][PASSED] - Delayed 2 second(s)]]></system-out>
         <system-err><![CDATA[]]></system-err>
      </testcase>
      <testcase name="Test Cases/Backoffice/RegisterAccount" classname="Test Cases/Backoffice/RegisterAccount" status="PASSED">
         <system-out><![CDATA[2018-10-12 13:07:48 - [TEST_CASE][PASSED] - Test Cases/Backoffice/RegisterAccount: Test Cases/Backoffice/RegisterAccount

2018-10-12 13:07:48 - [TEST_STEP][PASSED] - focus: Object: 'Object Repository/Backoffice/Clients/Clients' is focused

2018-10-12 13:07:49 - [MESSAGE][PASSED] - Object: 'Object Repository/Backoffice/Clients/Clients' is focused

2018-10-12 13:07:49 - [TEST_STEP][PASSED] - verifyElementPresent: Object 'Object Repository/Backoffice/Clients/Client Registration' is present

2018-10-12 13:07:49 - [MESSAGE][PASSED] - Object 'Object Repository/Backoffice/Clients/Client Registration' is present

2018-10-12 13:07:49 - [TEST_STEP][PASSED] - click: Object: 'Object Repository/Backoffice/Clients/Client Registration' is clicked on

2018-10-12 13:07:49 - [MESSAGE][PASSED] - Object: 'Object Repository/Backoffice/Clients/Client Registration' is clicked on

2018-10-12 13:07:49 - [TEST_STEP][PASSED] - setText: Text 'flornforward' is set on object 'Object Repository/Backoffice/Clients/Registration/input_username'

2018-10-12 13:07:49 - [MESSAGE][PASSED] - Text 'flornforward' is set on object 'Object Repository/Backoffice/Clients/Registration/input_username'

2018-10-12 13:07:49 - [TEST_STEP][PASSED] - setText: Text '123123' is set on object 'Object Repository/Backoffice/Clients/Registration/input_password'

2018-10-12 13:07:49 - [MESSAGE][PASSED] - Text '123123' is set on object 'Object Repository/Backoffice/Clients/Registration/input_password'

2018-10-12 13:07:49 - [TEST_STEP][PASSED] - setText: Text '123123' is set on object 'Object Repository/Backoffice/Clients/Registration/input_confirmp'

2018-10-12 13:07:50 - [MESSAGE][PASSED] - Text '123123' is set on object 'Object Repository/Backoffice/Clients/Registration/input_confirmp'

2018-10-12 13:07:50 - [TEST_STEP][PASSED] - selectOptionByValue: All options with value 'test' are selected in object 'Object Repository/Backoffice/Clients/Registration/select_operatorcode' 

2018-10-12 13:07:50 - [MESSAGE][PASSED] - All options with value 'test' are selected in object 'Object Repository/Backoffice/Clients/Registration/select_operatorcode' 

2018-10-12 13:07:50 - [TEST_STEP][PASSED] - selectOptionByValue: All options with value '1' are selected in object 'Object Repository/Backoffice/Clients/Registration/select_status' 

2018-10-12 13:07:50 - [MESSAGE][PASSED] - All options with value '1' are selected in object 'Object Repository/Backoffice/Clients/Registration/select_status' 

2018-10-12 13:07:50 - [TEST_STEP][PASSED] - delay: Delayed 2 second(s)

2018-10-12 13:07:52 - [MESSAGE][PASSED] - Delayed 2 second(s)

2018-10-12 13:07:52 - [TEST_STEP][PASSED] - click: Object: 'Object Repository/Backoffice/Clients/Registration/button_Submit' is clicked on

2018-10-12 13:07:53 - [MESSAGE][PASSED] - Object: 'Object Repository/Backoffice/Clients/Registration/button_Submit' is clicked on

2018-10-12 13:07:53 - [TEST_STEP][PASSED] - delay: Delayed 2 second(s)

2018-10-12 13:07:55 - [MESSAGE][PASSED] - Delayed 2 second(s)]]></system-out>
         <system-err><![CDATA[]]></system-err>
      </testcase>
      <testcase name="Test Cases/Backoffice/RegisterAccount" classname="Test Cases/Backoffice/RegisterAccount" status="PASSED">
         <system-out><![CDATA[2018-10-12 13:07:55 - [TEST_CASE][PASSED] - Test Cases/Backoffice/RegisterAccount: Test Cases/Backoffice/RegisterAccount

2018-10-12 13:07:55 - [TEST_STEP][PASSED] - focus: Object: 'Object Repository/Backoffice/Clients/Clients' is focused

2018-10-12 13:07:55 - [MESSAGE][PASSED] - Object: 'Object Repository/Backoffice/Clients/Clients' is focused

2018-10-12 13:07:55 - [TEST_STEP][PASSED] - verifyElementPresent: Object 'Object Repository/Backoffice/Clients/Client Registration' is present

2018-10-12 13:07:55 - [MESSAGE][PASSED] - Object 'Object Repository/Backoffice/Clients/Client Registration' is present

2018-10-12 13:07:55 - [TEST_STEP][PASSED] - click: Object: 'Object Repository/Backoffice/Clients/Client Registration' is clicked on

2018-10-12 13:07:55 - [MESSAGE][PASSED] - Object: 'Object Repository/Backoffice/Clients/Client Registration' is clicked on

2018-10-12 13:07:55 - [TEST_STEP][PASSED] - setText: Text 'favouritefilms' is set on object 'Object Repository/Backoffice/Clients/Registration/input_username'

2018-10-12 13:07:55 - [MESSAGE][PASSED] - Text 'favouritefilms' is set on object 'Object Repository/Backoffice/Clients/Registration/input_username'

2018-10-12 13:07:55 - [TEST_STEP][PASSED] - setText: Text '123123' is set on object 'Object Repository/Backoffice/Clients/Registration/input_password'

2018-10-12 13:07:55 - [MESSAGE][PASSED] - Text '123123' is set on object 'Object Repository/Backoffice/Clients/Registration/input_password'

2018-10-12 13:07:55 - [TEST_STEP][PASSED] - setText: Text '123123' is set on object 'Object Repository/Backoffice/Clients/Registration/input_confirmp'

2018-10-12 13:07:55 - [MESSAGE][PASSED] - Text '123123' is set on object 'Object Repository/Backoffice/Clients/Registration/input_confirmp'

2018-10-12 13:07:55 - [TEST_STEP][PASSED] - selectOptionByValue: All options with value 'test' are selected in object 'Object Repository/Backoffice/Clients/Registration/select_operatorcode' 

2018-10-12 13:07:56 - [MESSAGE][PASSED] - All options with value 'test' are selected in object 'Object Repository/Backoffice/Clients/Registration/select_operatorcode' 

2018-10-12 13:07:56 - [TEST_STEP][PASSED] - selectOptionByValue: All options with value '1' are selected in object 'Object Repository/Backoffice/Clients/Registration/select_status' 

2018-10-12 13:07:56 - [MESSAGE][PASSED] - All options with value '1' are selected in object 'Object Repository/Backoffice/Clients/Registration/select_status' 

2018-10-12 13:07:56 - [TEST_STEP][PASSED] - delay: Delayed 2 second(s)

2018-10-12 13:07:58 - [MESSAGE][PASSED] - Delayed 2 second(s)

2018-10-12 13:07:58 - [TEST_STEP][PASSED] - click: Object: 'Object Repository/Backoffice/Clients/Registration/button_Submit' is clicked on

2018-10-12 13:07:59 - [MESSAGE][PASSED] - Object: 'Object Repository/Backoffice/Clients/Registration/button_Submit' is clicked on

2018-10-12 13:07:59 - [TEST_STEP][PASSED] - delay: Delayed 2 second(s)

2018-10-12 13:08:01 - [MESSAGE][PASSED] - Delayed 2 second(s)]]></system-out>
         <system-err><![CDATA[]]></system-err>
      </testcase>
      <testcase name="Test Cases/Backoffice/RegisterAccount" classname="Test Cases/Backoffice/RegisterAccount" status="PASSED">
         <system-out><![CDATA[2018-10-12 13:08:01 - [TEST_CASE][PASSED] - Test Cases/Backoffice/RegisterAccount: Test Cases/Backoffice/RegisterAccount

2018-10-12 13:08:01 - [TEST_STEP][PASSED] - focus: Object: 'Object Repository/Backoffice/Clients/Clients' is focused

2018-10-12 13:08:01 - [MESSAGE][PASSED] - Object: 'Object Repository/Backoffice/Clients/Clients' is focused

2018-10-12 13:08:01 - [TEST_STEP][PASSED] - verifyElementPresent: Object 'Object Repository/Backoffice/Clients/Client Registration' is present

2018-10-12 13:08:01 - [MESSAGE][PASSED] - Object 'Object Repository/Backoffice/Clients/Client Registration' is present

2018-10-12 13:08:01 - [TEST_STEP][PASSED] - click: Object: 'Object Repository/Backoffice/Clients/Client Registration' is clicked on

2018-10-12 13:08:02 - [MESSAGE][PASSED] - Object: 'Object Repository/Backoffice/Clients/Client Registration' is clicked on

2018-10-12 13:08:02 - [TEST_STEP][PASSED] - setText: Text 'fumpyfizzle' is set on object 'Object Repository/Backoffice/Clients/Registration/input_username'

2018-10-12 13:08:02 - [MESSAGE][PASSED] - Text 'fumpyfizzle' is set on object 'Object Repository/Backoffice/Clients/Registration/input_username'

2018-10-12 13:08:02 - [TEST_STEP][PASSED] - setText: Text '123123' is set on object 'Object Repository/Backoffice/Clients/Registration/input_password'

2018-10-12 13:08:02 - [MESSAGE][PASSED] - Text '123123' is set on object 'Object Repository/Backoffice/Clients/Registration/input_password'

2018-10-12 13:08:02 - [TEST_STEP][PASSED] - setText: Text '123123' is set on object 'Object Repository/Backoffice/Clients/Registration/input_confirmp'

2018-10-12 13:08:02 - [MESSAGE][PASSED] - Text '123123' is set on object 'Object Repository/Backoffice/Clients/Registration/input_confirmp'

2018-10-12 13:08:02 - [TEST_STEP][PASSED] - selectOptionByValue: All options with value 'test' are selected in object 'Object Repository/Backoffice/Clients/Registration/select_operatorcode' 

2018-10-12 13:08:02 - [MESSAGE][PASSED] - All options with value 'test' are selected in object 'Object Repository/Backoffice/Clients/Registration/select_operatorcode' 

2018-10-12 13:08:02 - [TEST_STEP][PASSED] - selectOptionByValue: All options with value '1' are selected in object 'Object Repository/Backoffice/Clients/Registration/select_status' 

2018-10-12 13:08:02 - [MESSAGE][PASSED] - All options with value '1' are selected in object 'Object Repository/Backoffice/Clients/Registration/select_status' 

2018-10-12 13:08:02 - [TEST_STEP][PASSED] - delay: Delayed 2 second(s)

2018-10-12 13:08:04 - [MESSAGE][PASSED] - Delayed 2 second(s)

2018-10-12 13:08:04 - [TEST_STEP][PASSED] - click: Object: 'Object Repository/Backoffice/Clients/Registration/button_Submit' is clicked on

2018-10-12 13:08:05 - [MESSAGE][PASSED] - Object: 'Object Repository/Backoffice/Clients/Registration/button_Submit' is clicked on

2018-10-12 13:08:05 - [TEST_STEP][PASSED] - delay: Delayed 2 second(s)

2018-10-12 13:08:07 - [MESSAGE][PASSED] - Delayed 2 second(s)]]></system-out>
         <system-err><![CDATA[]]></system-err>
      </testcase>
      <testcase name="Test Cases/Backoffice/RegisterAccount" classname="Test Cases/Backoffice/RegisterAccount" status="PASSED">
         <system-out><![CDATA[2018-10-12 13:08:07 - [TEST_CASE][PASSED] - Test Cases/Backoffice/RegisterAccount: Test Cases/Backoffice/RegisterAccount

2018-10-12 13:08:07 - [TEST_STEP][PASSED] - focus: Object: 'Object Repository/Backoffice/Clients/Clients' is focused

2018-10-12 13:08:07 - [MESSAGE][PASSED] - Object: 'Object Repository/Backoffice/Clients/Clients' is focused

2018-10-12 13:08:07 - [TEST_STEP][PASSED] - verifyElementPresent: Object 'Object Repository/Backoffice/Clients/Client Registration' is present

2018-10-12 13:08:07 - [MESSAGE][PASSED] - Object 'Object Repository/Backoffice/Clients/Client Registration' is present

2018-10-12 13:08:07 - [TEST_STEP][PASSED] - click: Object: 'Object Repository/Backoffice/Clients/Client Registration' is clicked on

2018-10-12 13:08:08 - [MESSAGE][PASSED] - Object: 'Object Repository/Backoffice/Clients/Client Registration' is clicked on

2018-10-12 13:08:08 - [TEST_STEP][PASSED] - setText: Text 'financefacies' is set on object 'Object Repository/Backoffice/Clients/Registration/input_username'

2018-10-12 13:08:08 - [MESSAGE][PASSED] - Text 'financefacies' is set on object 'Object Repository/Backoffice/Clients/Registration/input_username'

2018-10-12 13:08:08 - [TEST_STEP][PASSED] - setText: Text '123123' is set on object 'Object Repository/Backoffice/Clients/Registration/input_password'

2018-10-12 13:08:08 - [MESSAGE][PASSED] - Text '123123' is set on object 'Object Repository/Backoffice/Clients/Registration/input_password'

2018-10-12 13:08:08 - [TEST_STEP][PASSED] - setText: Text '123123' is set on object 'Object Repository/Backoffice/Clients/Registration/input_confirmp'

2018-10-12 13:08:08 - [MESSAGE][PASSED] - Text '123123' is set on object 'Object Repository/Backoffice/Clients/Registration/input_confirmp'

2018-10-12 13:08:08 - [TEST_STEP][PASSED] - selectOptionByValue: All options with value 'test' are selected in object 'Object Repository/Backoffice/Clients/Registration/select_operatorcode' 

2018-10-12 13:08:08 - [MESSAGE][PASSED] - All options with value 'test' are selected in object 'Object Repository/Backoffice/Clients/Registration/select_operatorcode' 

2018-10-12 13:08:08 - [TEST_STEP][PASSED] - selectOptionByValue: All options with value '1' are selected in object 'Object Repository/Backoffice/Clients/Registration/select_status' 

2018-10-12 13:08:08 - [MESSAGE][PASSED] - All options with value '1' are selected in object 'Object Repository/Backoffice/Clients/Registration/select_status' 

2018-10-12 13:08:08 - [TEST_STEP][PASSED] - delay: Delayed 2 second(s)

2018-10-12 13:08:10 - [MESSAGE][PASSED] - Delayed 2 second(s)

2018-10-12 13:08:10 - [TEST_STEP][PASSED] - click: Object: 'Object Repository/Backoffice/Clients/Registration/button_Submit' is clicked on

2018-10-12 13:08:11 - [MESSAGE][PASSED] - Object: 'Object Repository/Backoffice/Clients/Registration/button_Submit' is clicked on

2018-10-12 13:08:11 - [TEST_STEP][PASSED] - delay: Delayed 2 second(s)

2018-10-12 13:08:13 - [MESSAGE][PASSED] - Delayed 2 second(s)]]></system-out>
         <system-err><![CDATA[]]></system-err>
      </testcase>
      <testcase name="Test Cases/Backoffice/RegisterAccount" classname="Test Cases/Backoffice/RegisterAccount" status="PASSED">
         <system-out><![CDATA[2018-10-12 13:08:13 - [TEST_CASE][PASSED] - Test Cases/Backoffice/RegisterAccount: Test Cases/Backoffice/RegisterAccount

2018-10-12 13:08:13 - [TEST_STEP][PASSED] - focus: Object: 'Object Repository/Backoffice/Clients/Clients' is focused

2018-10-12 13:08:13 - [MESSAGE][PASSED] - Object: 'Object Repository/Backoffice/Clients/Clients' is focused

2018-10-12 13:08:13 - [TEST_STEP][PASSED] - verifyElementPresent: Object 'Object Repository/Backoffice/Clients/Client Registration' is present

2018-10-12 13:08:13 - [MESSAGE][PASSED] - Object 'Object Repository/Backoffice/Clients/Client Registration' is present

2018-10-12 13:08:13 - [TEST_STEP][PASSED] - click: Object: 'Object Repository/Backoffice/Clients/Client Registration' is clicked on

2018-10-12 13:08:14 - [MESSAGE][PASSED] - Object: 'Object Repository/Backoffice/Clients/Client Registration' is clicked on

2018-10-12 13:08:14 - [TEST_STEP][PASSED] - setText: Text 'fossafond' is set on object 'Object Repository/Backoffice/Clients/Registration/input_username'

2018-10-12 13:08:14 - [MESSAGE][PASSED] - Text 'fossafond' is set on object 'Object Repository/Backoffice/Clients/Registration/input_username'

2018-10-12 13:08:14 - [TEST_STEP][PASSED] - setText: Text '123123' is set on object 'Object Repository/Backoffice/Clients/Registration/input_password'

2018-10-12 13:08:14 - [MESSAGE][PASSED] - Text '123123' is set on object 'Object Repository/Backoffice/Clients/Registration/input_password'

2018-10-12 13:08:14 - [TEST_STEP][PASSED] - setText: Text '123123' is set on object 'Object Repository/Backoffice/Clients/Registration/input_confirmp'

2018-10-12 13:08:14 - [MESSAGE][PASSED] - Text '123123' is set on object 'Object Repository/Backoffice/Clients/Registration/input_confirmp'

2018-10-12 13:08:14 - [TEST_STEP][PASSED] - selectOptionByValue: All options with value 'test' are selected in object 'Object Repository/Backoffice/Clients/Registration/select_operatorcode' 

2018-10-12 13:08:14 - [MESSAGE][PASSED] - All options with value 'test' are selected in object 'Object Repository/Backoffice/Clients/Registration/select_operatorcode' 

2018-10-12 13:08:14 - [TEST_STEP][PASSED] - selectOptionByValue: All options with value '1' are selected in object 'Object Repository/Backoffice/Clients/Registration/select_status' 

2018-10-12 13:08:14 - [MESSAGE][PASSED] - All options with value '1' are selected in object 'Object Repository/Backoffice/Clients/Registration/select_status' 

2018-10-12 13:08:14 - [TEST_STEP][PASSED] - delay: Delayed 2 second(s)

2018-10-12 13:08:16 - [MESSAGE][PASSED] - Delayed 2 second(s)

2018-10-12 13:08:16 - [TEST_STEP][PASSED] - click: Object: 'Object Repository/Backoffice/Clients/Registration/button_Submit' is clicked on

2018-10-12 13:08:17 - [MESSAGE][PASSED] - Object: 'Object Repository/Backoffice/Clients/Registration/button_Submit' is clicked on

2018-10-12 13:08:17 - [TEST_STEP][PASSED] - delay: Delayed 2 second(s)

2018-10-12 13:08:19 - [MESSAGE][PASSED] - Delayed 2 second(s)]]></system-out>
         <system-err><![CDATA[]]></system-err>
      </testcase>
      <testcase name="Test Cases/Backoffice/RegisterAccount" classname="Test Cases/Backoffice/RegisterAccount" status="PASSED">
         <system-out><![CDATA[2018-10-12 13:08:19 - [TEST_CASE][PASSED] - Test Cases/Backoffice/RegisterAccount: Test Cases/Backoffice/RegisterAccount

2018-10-12 13:08:19 - [TEST_STEP][PASSED] - focus: Object: 'Object Repository/Backoffice/Clients/Clients' is focused

2018-10-12 13:08:19 - [MESSAGE][PASSED] - Object: 'Object Repository/Backoffice/Clients/Clients' is focused

2018-10-12 13:08:19 - [TEST_STEP][PASSED] - verifyElementPresent: Object 'Object Repository/Backoffice/Clients/Client Registration' is present

2018-10-12 13:08:19 - [MESSAGE][PASSED] - Object 'Object Repository/Backoffice/Clients/Client Registration' is present

2018-10-12 13:08:19 - [TEST_STEP][PASSED] - click: Object: 'Object Repository/Backoffice/Clients/Client Registration' is clicked on

2018-10-12 13:08:21 - [MESSAGE][PASSED] - Object: 'Object Repository/Backoffice/Clients/Client Registration' is clicked on

2018-10-12 13:08:21 - [TEST_STEP][PASSED] - setText: Text 'flackboardflamboyant' is set on object 'Object Repository/Backoffice/Clients/Registration/input_username'

2018-10-12 13:08:21 - [MESSAGE][PASSED] - Text 'flackboardflamboyant' is set on object 'Object Repository/Backoffice/Clients/Registration/input_username'

2018-10-12 13:08:21 - [TEST_STEP][PASSED] - setText: Text '123123' is set on object 'Object Repository/Backoffice/Clients/Registration/input_password'

2018-10-12 13:08:21 - [MESSAGE][PASSED] - Text '123123' is set on object 'Object Repository/Backoffice/Clients/Registration/input_password'

2018-10-12 13:08:21 - [TEST_STEP][PASSED] - setText: Text '123123' is set on object 'Object Repository/Backoffice/Clients/Registration/input_confirmp'

2018-10-12 13:08:21 - [MESSAGE][PASSED] - Text '123123' is set on object 'Object Repository/Backoffice/Clients/Registration/input_confirmp'

2018-10-12 13:08:21 - [TEST_STEP][PASSED] - selectOptionByValue: All options with value 'test' are selected in object 'Object Repository/Backoffice/Clients/Registration/select_operatorcode' 

2018-10-12 13:08:21 - [MESSAGE][PASSED] - All options with value 'test' are selected in object 'Object Repository/Backoffice/Clients/Registration/select_operatorcode' 

2018-10-12 13:08:21 - [TEST_STEP][PASSED] - selectOptionByValue: All options with value '1' are selected in object 'Object Repository/Backoffice/Clients/Registration/select_status' 

2018-10-12 13:08:21 - [MESSAGE][PASSED] - All options with value '1' are selected in object 'Object Repository/Backoffice/Clients/Registration/select_status' 

2018-10-12 13:08:21 - [TEST_STEP][PASSED] - delay: Delayed 2 second(s)

2018-10-12 13:08:23 - [MESSAGE][PASSED] - Delayed 2 second(s)

2018-10-12 13:08:23 - [TEST_STEP][PASSED] - click: Object: 'Object Repository/Backoffice/Clients/Registration/button_Submit' is clicked on

2018-10-12 13:08:24 - [MESSAGE][PASSED] - Object: 'Object Repository/Backoffice/Clients/Registration/button_Submit' is clicked on

2018-10-12 13:08:24 - [TEST_STEP][PASSED] - delay: Delayed 2 second(s)

2018-10-12 13:08:26 - [MESSAGE][PASSED] - Delayed 2 second(s)]]></system-out>
         <system-err><![CDATA[]]></system-err>
      </testcase>
      <testcase name="Test Cases/Backoffice/RegisterAccount" classname="Test Cases/Backoffice/RegisterAccount" status="PASSED">
         <system-out><![CDATA[2018-10-12 13:08:26 - [TEST_CASE][PASSED] - Test Cases/Backoffice/RegisterAccount: Test Cases/Backoffice/RegisterAccount

2018-10-12 13:08:26 - [TEST_STEP][PASSED] - focus: Object: 'Object Repository/Backoffice/Clients/Clients' is focused

2018-10-12 13:08:26 - [MESSAGE][PASSED] - Object: 'Object Repository/Backoffice/Clients/Clients' is focused

2018-10-12 13:08:26 - [TEST_STEP][PASSED] - verifyElementPresent: Object 'Object Repository/Backoffice/Clients/Client Registration' is present

2018-10-12 13:08:26 - [MESSAGE][PASSED] - Object 'Object Repository/Backoffice/Clients/Client Registration' is present

2018-10-12 13:08:26 - [TEST_STEP][PASSED] - click: Object: 'Object Repository/Backoffice/Clients/Client Registration' is clicked on

2018-10-12 13:08:27 - [MESSAGE][PASSED] - Object: 'Object Repository/Backoffice/Clients/Client Registration' is clicked on

2018-10-12 13:08:27 - [TEST_STEP][PASSED] - setText: Text 'flapjacksfurlong' is set on object 'Object Repository/Backoffice/Clients/Registration/input_username'

2018-10-12 13:08:27 - [MESSAGE][PASSED] - Text 'flapjacksfurlong' is set on object 'Object Repository/Backoffice/Clients/Registration/input_username'

2018-10-12 13:08:27 - [TEST_STEP][PASSED] - setText: Text '123123' is set on object 'Object Repository/Backoffice/Clients/Registration/input_password'

2018-10-12 13:08:27 - [MESSAGE][PASSED] - Text '123123' is set on object 'Object Repository/Backoffice/Clients/Registration/input_password'

2018-10-12 13:08:27 - [TEST_STEP][PASSED] - setText: Text '123123' is set on object 'Object Repository/Backoffice/Clients/Registration/input_confirmp'

2018-10-12 13:08:27 - [MESSAGE][PASSED] - Text '123123' is set on object 'Object Repository/Backoffice/Clients/Registration/input_confirmp'

2018-10-12 13:08:27 - [TEST_STEP][PASSED] - selectOptionByValue: All options with value 'test' are selected in object 'Object Repository/Backoffice/Clients/Registration/select_operatorcode' 

2018-10-12 13:08:27 - [MESSAGE][PASSED] - All options with value 'test' are selected in object 'Object Repository/Backoffice/Clients/Registration/select_operatorcode' 

2018-10-12 13:08:27 - [TEST_STEP][PASSED] - selectOptionByValue: All options with value '1' are selected in object 'Object Repository/Backoffice/Clients/Registration/select_status' 

2018-10-12 13:08:27 - [MESSAGE][PASSED] - All options with value '1' are selected in object 'Object Repository/Backoffice/Clients/Registration/select_status' 

2018-10-12 13:08:27 - [TEST_STEP][PASSED] - delay: Delayed 2 second(s)

2018-10-12 13:08:29 - [MESSAGE][PASSED] - Delayed 2 second(s)

2018-10-12 13:08:29 - [TEST_STEP][PASSED] - click: Object: 'Object Repository/Backoffice/Clients/Registration/button_Submit' is clicked on

2018-10-12 13:08:31 - [MESSAGE][PASSED] - Object: 'Object Repository/Backoffice/Clients/Registration/button_Submit' is clicked on

2018-10-12 13:08:31 - [TEST_STEP][PASSED] - delay: Delayed 2 second(s)

2018-10-12 13:08:33 - [MESSAGE][PASSED] - Delayed 2 second(s)]]></system-out>
         <system-err><![CDATA[]]></system-err>
      </testcase>
      <testcase name="Test Cases/Backoffice/RegisterAccount" classname="Test Cases/Backoffice/RegisterAccount" status="PASSED">
         <system-out><![CDATA[2018-10-12 13:08:33 - [TEST_CASE][PASSED] - Test Cases/Backoffice/RegisterAccount: Test Cases/Backoffice/RegisterAccount

2018-10-12 13:08:33 - [TEST_STEP][PASSED] - focus: Object: 'Object Repository/Backoffice/Clients/Clients' is focused

2018-10-12 13:08:33 - [MESSAGE][PASSED] - Object: 'Object Repository/Backoffice/Clients/Clients' is focused

2018-10-12 13:08:33 - [TEST_STEP][PASSED] - verifyElementPresent: Object 'Object Repository/Backoffice/Clients/Client Registration' is present

2018-10-12 13:08:33 - [MESSAGE][PASSED] - Object 'Object Repository/Backoffice/Clients/Client Registration' is present

2018-10-12 13:08:33 - [TEST_STEP][PASSED] - click: Object: 'Object Repository/Backoffice/Clients/Client Registration' is clicked on

2018-10-12 13:08:33 - [MESSAGE][PASSED] - Object: 'Object Repository/Backoffice/Clients/Client Registration' is clicked on

2018-10-12 13:08:33 - [TEST_STEP][PASSED] - setText: Text 'foursquareflanked' is set on object 'Object Repository/Backoffice/Clients/Registration/input_username'

2018-10-12 13:08:33 - [MESSAGE][PASSED] - Text 'foursquareflanked' is set on object 'Object Repository/Backoffice/Clients/Registration/input_username'

2018-10-12 13:08:33 - [TEST_STEP][PASSED] - setText: Text '123123' is set on object 'Object Repository/Backoffice/Clients/Registration/input_password'

2018-10-12 13:08:34 - [MESSAGE][PASSED] - Text '123123' is set on object 'Object Repository/Backoffice/Clients/Registration/input_password'

2018-10-12 13:08:34 - [TEST_STEP][PASSED] - setText: Text '123123' is set on object 'Object Repository/Backoffice/Clients/Registration/input_confirmp'

2018-10-12 13:08:34 - [MESSAGE][PASSED] - Text '123123' is set on object 'Object Repository/Backoffice/Clients/Registration/input_confirmp'

2018-10-12 13:08:34 - [TEST_STEP][PASSED] - selectOptionByValue: All options with value 'test' are selected in object 'Object Repository/Backoffice/Clients/Registration/select_operatorcode' 

2018-10-12 13:08:34 - [MESSAGE][PASSED] - All options with value 'test' are selected in object 'Object Repository/Backoffice/Clients/Registration/select_operatorcode' 

2018-10-12 13:08:34 - [TEST_STEP][PASSED] - selectOptionByValue: All options with value '1' are selected in object 'Object Repository/Backoffice/Clients/Registration/select_status' 

2018-10-12 13:08:34 - [MESSAGE][PASSED] - All options with value '1' are selected in object 'Object Repository/Backoffice/Clients/Registration/select_status' 

2018-10-12 13:08:34 - [TEST_STEP][PASSED] - delay: Delayed 2 second(s)

2018-10-12 13:08:36 - [MESSAGE][PASSED] - Delayed 2 second(s)

2018-10-12 13:08:36 - [TEST_STEP][PASSED] - click: Object: 'Object Repository/Backoffice/Clients/Registration/button_Submit' is clicked on

2018-10-12 13:08:37 - [MESSAGE][PASSED] - Object: 'Object Repository/Backoffice/Clients/Registration/button_Submit' is clicked on

2018-10-12 13:08:37 - [TEST_STEP][PASSED] - delay: Delayed 2 second(s)

2018-10-12 13:08:39 - [MESSAGE][PASSED] - Delayed 2 second(s)]]></system-out>
         <system-err><![CDATA[]]></system-err>
      </testcase>
      <testcase name="Test Cases/Backoffice/RegisterAccount" classname="Test Cases/Backoffice/RegisterAccount" status="PASSED">
         <system-out><![CDATA[2018-10-12 13:08:39 - [TEST_CASE][PASSED] - Test Cases/Backoffice/RegisterAccount: Test Cases/Backoffice/RegisterAccount

2018-10-12 13:08:39 - [TEST_STEP][PASSED] - focus: Object: 'Object Repository/Backoffice/Clients/Clients' is focused

2018-10-12 13:08:39 - [MESSAGE][PASSED] - Object: 'Object Repository/Backoffice/Clients/Clients' is focused

2018-10-12 13:08:39 - [TEST_STEP][PASSED] - verifyElementPresent: Object 'Object Repository/Backoffice/Clients/Client Registration' is present

2018-10-12 13:08:39 - [MESSAGE][PASSED] - Object 'Object Repository/Backoffice/Clients/Client Registration' is present

2018-10-12 13:08:39 - [TEST_STEP][PASSED] - click: Object: 'Object Repository/Backoffice/Clients/Client Registration' is clicked on

2018-10-12 13:08:39 - [MESSAGE][PASSED] - Object: 'Object Repository/Backoffice/Clients/Client Registration' is clicked on

2018-10-12 13:08:39 - [TEST_STEP][PASSED] - setText: Text 'fickensfortunate' is set on object 'Object Repository/Backoffice/Clients/Registration/input_username'

2018-10-12 13:08:40 - [MESSAGE][PASSED] - Text 'fickensfortunate' is set on object 'Object Repository/Backoffice/Clients/Registration/input_username'

2018-10-12 13:08:40 - [TEST_STEP][PASSED] - setText: Text '123123' is set on object 'Object Repository/Backoffice/Clients/Registration/input_password'

2018-10-12 13:08:40 - [MESSAGE][PASSED] - Text '123123' is set on object 'Object Repository/Backoffice/Clients/Registration/input_password'

2018-10-12 13:08:40 - [TEST_STEP][PASSED] - setText: Text '123123' is set on object 'Object Repository/Backoffice/Clients/Registration/input_confirmp'

2018-10-12 13:08:40 - [MESSAGE][PASSED] - Text '123123' is set on object 'Object Repository/Backoffice/Clients/Registration/input_confirmp'

2018-10-12 13:08:40 - [TEST_STEP][PASSED] - selectOptionByValue: All options with value 'test' are selected in object 'Object Repository/Backoffice/Clients/Registration/select_operatorcode' 

2018-10-12 13:08:40 - [MESSAGE][PASSED] - All options with value 'test' are selected in object 'Object Repository/Backoffice/Clients/Registration/select_operatorcode' 

2018-10-12 13:08:40 - [TEST_STEP][PASSED] - selectOptionByValue: All options with value '1' are selected in object 'Object Repository/Backoffice/Clients/Registration/select_status' 

2018-10-12 13:08:40 - [MESSAGE][PASSED] - All options with value '1' are selected in object 'Object Repository/Backoffice/Clients/Registration/select_status' 

2018-10-12 13:08:40 - [TEST_STEP][PASSED] - delay: Delayed 2 second(s)

2018-10-12 13:08:42 - [MESSAGE][PASSED] - Delayed 2 second(s)

2018-10-12 13:08:42 - [TEST_STEP][PASSED] - click: Object: 'Object Repository/Backoffice/Clients/Registration/button_Submit' is clicked on

2018-10-12 13:08:43 - [MESSAGE][PASSED] - Object: 'Object Repository/Backoffice/Clients/Registration/button_Submit' is clicked on

2018-10-12 13:08:43 - [TEST_STEP][PASSED] - delay: Delayed 2 second(s)

2018-10-12 13:08:45 - [MESSAGE][PASSED] - Delayed 2 second(s)]]></system-out>
         <system-err><![CDATA[]]></system-err>
      </testcase>
      <testcase name="Test Cases/Backoffice/RegisterAccount" classname="Test Cases/Backoffice/RegisterAccount" status="PASSED">
         <system-out><![CDATA[2018-10-12 13:08:45 - [TEST_CASE][PASSED] - Test Cases/Backoffice/RegisterAccount: Test Cases/Backoffice/RegisterAccount

2018-10-12 13:08:45 - [TEST_STEP][PASSED] - focus: Object: 'Object Repository/Backoffice/Clients/Clients' is focused

2018-10-12 13:08:45 - [MESSAGE][PASSED] - Object: 'Object Repository/Backoffice/Clients/Clients' is focused

2018-10-12 13:08:45 - [TEST_STEP][PASSED] - verifyElementPresent: Object 'Object Repository/Backoffice/Clients/Client Registration' is present

2018-10-12 13:08:45 - [MESSAGE][PASSED] - Object 'Object Repository/Backoffice/Clients/Client Registration' is present

2018-10-12 13:08:45 - [TEST_STEP][PASSED] - click: Object: 'Object Repository/Backoffice/Clients/Client Registration' is clicked on

2018-10-12 13:08:46 - [MESSAGE][PASSED] - Object: 'Object Repository/Backoffice/Clients/Client Registration' is clicked on

2018-10-12 13:08:46 - [TEST_STEP][PASSED] - setText: Text 'fomalhautfirecharge' is set on object 'Object Repository/Backoffice/Clients/Registration/input_username'

2018-10-12 13:08:46 - [MESSAGE][PASSED] - Text 'fomalhautfirecharge' is set on object 'Object Repository/Backoffice/Clients/Registration/input_username'

2018-10-12 13:08:46 - [TEST_STEP][PASSED] - setText: Text '123123' is set on object 'Object Repository/Backoffice/Clients/Registration/input_password'

2018-10-12 13:08:46 - [MESSAGE][PASSED] - Text '123123' is set on object 'Object Repository/Backoffice/Clients/Registration/input_password'

2018-10-12 13:08:46 - [TEST_STEP][PASSED] - setText: Text '123123' is set on object 'Object Repository/Backoffice/Clients/Registration/input_confirmp'

2018-10-12 13:08:46 - [MESSAGE][PASSED] - Text '123123' is set on object 'Object Repository/Backoffice/Clients/Registration/input_confirmp'

2018-10-12 13:08:46 - [TEST_STEP][PASSED] - selectOptionByValue: All options with value 'test' are selected in object 'Object Repository/Backoffice/Clients/Registration/select_operatorcode' 

2018-10-12 13:08:46 - [MESSAGE][PASSED] - All options with value 'test' are selected in object 'Object Repository/Backoffice/Clients/Registration/select_operatorcode' 

2018-10-12 13:08:46 - [TEST_STEP][PASSED] - selectOptionByValue: All options with value '1' are selected in object 'Object Repository/Backoffice/Clients/Registration/select_status' 

2018-10-12 13:08:46 - [MESSAGE][PASSED] - All options with value '1' are selected in object 'Object Repository/Backoffice/Clients/Registration/select_status' 

2018-10-12 13:08:46 - [TEST_STEP][PASSED] - delay: Delayed 2 second(s)

2018-10-12 13:08:48 - [MESSAGE][PASSED] - Delayed 2 second(s)

2018-10-12 13:08:48 - [TEST_STEP][PASSED] - click: Object: 'Object Repository/Backoffice/Clients/Registration/button_Submit' is clicked on

2018-10-12 13:08:49 - [MESSAGE][PASSED] - Object: 'Object Repository/Backoffice/Clients/Registration/button_Submit' is clicked on

2018-10-12 13:08:49 - [TEST_STEP][PASSED] - delay: Delayed 2 second(s)

2018-10-12 13:08:51 - [MESSAGE][PASSED] - Delayed 2 second(s)]]></system-out>
         <system-err><![CDATA[]]></system-err>
      </testcase>
      <testcase name="Test Cases/Backoffice/RegisterAccount" classname="Test Cases/Backoffice/RegisterAccount" status="PASSED">
         <system-out><![CDATA[2018-10-12 13:08:51 - [TEST_CASE][PASSED] - Test Cases/Backoffice/RegisterAccount: Test Cases/Backoffice/RegisterAccount

2018-10-12 13:08:51 - [TEST_STEP][PASSED] - focus: Object: 'Object Repository/Backoffice/Clients/Clients' is focused

2018-10-12 13:08:51 - [MESSAGE][PASSED] - Object: 'Object Repository/Backoffice/Clients/Clients' is focused

2018-10-12 13:08:51 - [TEST_STEP][PASSED] - verifyElementPresent: Object 'Object Repository/Backoffice/Clients/Client Registration' is present

2018-10-12 13:08:51 - [MESSAGE][PASSED] - Object 'Object Repository/Backoffice/Clients/Client Registration' is present

2018-10-12 13:08:51 - [TEST_STEP][PASSED] - click: Object: 'Object Repository/Backoffice/Clients/Client Registration' is clicked on

2018-10-12 13:08:52 - [MESSAGE][PASSED] - Object: 'Object Repository/Backoffice/Clients/Client Registration' is clicked on

2018-10-12 13:08:52 - [TEST_STEP][PASSED] - setText: Text 'forfried' is set on object 'Object Repository/Backoffice/Clients/Registration/input_username'

2018-10-12 13:08:52 - [MESSAGE][PASSED] - Text 'forfried' is set on object 'Object Repository/Backoffice/Clients/Registration/input_username'

2018-10-12 13:08:52 - [TEST_STEP][PASSED] - setText: Text '123123' is set on object 'Object Repository/Backoffice/Clients/Registration/input_password'

2018-10-12 13:08:52 - [MESSAGE][PASSED] - Text '123123' is set on object 'Object Repository/Backoffice/Clients/Registration/input_password'

2018-10-12 13:08:52 - [TEST_STEP][PASSED] - setText: Text '123123' is set on object 'Object Repository/Backoffice/Clients/Registration/input_confirmp'

2018-10-12 13:08:52 - [MESSAGE][PASSED] - Text '123123' is set on object 'Object Repository/Backoffice/Clients/Registration/input_confirmp'

2018-10-12 13:08:52 - [TEST_STEP][PASSED] - selectOptionByValue: All options with value 'test' are selected in object 'Object Repository/Backoffice/Clients/Registration/select_operatorcode' 

2018-10-12 13:08:52 - [MESSAGE][PASSED] - All options with value 'test' are selected in object 'Object Repository/Backoffice/Clients/Registration/select_operatorcode' 

2018-10-12 13:08:52 - [TEST_STEP][PASSED] - selectOptionByValue: All options with value '1' are selected in object 'Object Repository/Backoffice/Clients/Registration/select_status' 

2018-10-12 13:08:53 - [MESSAGE][PASSED] - All options with value '1' are selected in object 'Object Repository/Backoffice/Clients/Registration/select_status' 

2018-10-12 13:08:53 - [TEST_STEP][PASSED] - delay: Delayed 2 second(s)

2018-10-12 13:08:55 - [MESSAGE][PASSED] - Delayed 2 second(s)

2018-10-12 13:08:55 - [TEST_STEP][PASSED] - click: Object: 'Object Repository/Backoffice/Clients/Registration/button_Submit' is clicked on

2018-10-12 13:08:55 - [MESSAGE][PASSED] - Object: 'Object Repository/Backoffice/Clients/Registration/button_Submit' is clicked on

2018-10-12 13:08:55 - [TEST_STEP][PASSED] - delay: Delayed 2 second(s)

2018-10-12 13:08:57 - [MESSAGE][PASSED] - Delayed 2 second(s)]]></system-out>
         <system-err><![CDATA[]]></system-err>
      </testcase>
      <testcase name="Test Cases/Backoffice/RegisterAccount" classname="Test Cases/Backoffice/RegisterAccount" status="PASSED">
         <system-out><![CDATA[2018-10-12 13:08:57 - [TEST_CASE][PASSED] - Test Cases/Backoffice/RegisterAccount: Test Cases/Backoffice/RegisterAccount

2018-10-12 13:08:57 - [TEST_STEP][PASSED] - focus: Object: 'Object Repository/Backoffice/Clients/Clients' is focused

2018-10-12 13:08:58 - [MESSAGE][PASSED] - Object: 'Object Repository/Backoffice/Clients/Clients' is focused

2018-10-12 13:08:58 - [TEST_STEP][PASSED] - verifyElementPresent: Object 'Object Repository/Backoffice/Clients/Client Registration' is present

2018-10-12 13:08:58 - [MESSAGE][PASSED] - Object 'Object Repository/Backoffice/Clients/Client Registration' is present

2018-10-12 13:08:58 - [TEST_STEP][PASSED] - click: Object: 'Object Repository/Backoffice/Clients/Client Registration' is clicked on

2018-10-12 13:08:58 - [MESSAGE][PASSED] - Object: 'Object Repository/Backoffice/Clients/Client Registration' is clicked on

2018-10-12 13:08:58 - [TEST_STEP][PASSED] - setText: Text 'feelfit' is set on object 'Object Repository/Backoffice/Clients/Registration/input_username'

2018-10-12 13:08:58 - [MESSAGE][PASSED] - Text 'feelfit' is set on object 'Object Repository/Backoffice/Clients/Registration/input_username'

2018-10-12 13:08:58 - [TEST_STEP][PASSED] - setText: Text '123123' is set on object 'Object Repository/Backoffice/Clients/Registration/input_password'

2018-10-12 13:08:58 - [MESSAGE][PASSED] - Text '123123' is set on object 'Object Repository/Backoffice/Clients/Registration/input_password'

2018-10-12 13:08:58 - [TEST_STEP][PASSED] - setText: Text '123123' is set on object 'Object Repository/Backoffice/Clients/Registration/input_confirmp'

2018-10-12 13:08:59 - [MESSAGE][PASSED] - Text '123123' is set on object 'Object Repository/Backoffice/Clients/Registration/input_confirmp'

2018-10-12 13:08:59 - [TEST_STEP][PASSED] - selectOptionByValue: All options with value 'test' are selected in object 'Object Repository/Backoffice/Clients/Registration/select_operatorcode' 

2018-10-12 13:08:59 - [MESSAGE][PASSED] - All options with value 'test' are selected in object 'Object Repository/Backoffice/Clients/Registration/select_operatorcode' 

2018-10-12 13:08:59 - [TEST_STEP][PASSED] - selectOptionByValue: All options with value '1' are selected in object 'Object Repository/Backoffice/Clients/Registration/select_status' 

2018-10-12 13:08:59 - [MESSAGE][PASSED] - All options with value '1' are selected in object 'Object Repository/Backoffice/Clients/Registration/select_status' 

2018-10-12 13:08:59 - [TEST_STEP][PASSED] - delay: Delayed 2 second(s)

2018-10-12 13:09:01 - [MESSAGE][PASSED] - Delayed 2 second(s)

2018-10-12 13:09:01 - [TEST_STEP][PASSED] - click: Object: 'Object Repository/Backoffice/Clients/Registration/button_Submit' is clicked on

2018-10-12 13:09:02 - [MESSAGE][PASSED] - Object: 'Object Repository/Backoffice/Clients/Registration/button_Submit' is clicked on

2018-10-12 13:09:02 - [TEST_STEP][PASSED] - delay: Delayed 2 second(s)

2018-10-12 13:09:04 - [MESSAGE][PASSED] - Delayed 2 second(s)]]></system-out>
         <system-err><![CDATA[]]></system-err>
      </testcase>
      <testcase name="Test Cases/Backoffice/RegisterAccount" classname="Test Cases/Backoffice/RegisterAccount" status="PASSED">
         <system-out><![CDATA[2018-10-12 13:09:04 - [TEST_CASE][PASSED] - Test Cases/Backoffice/RegisterAccount: Test Cases/Backoffice/RegisterAccount

2018-10-12 13:09:04 - [TEST_STEP][PASSED] - focus: Object: 'Object Repository/Backoffice/Clients/Clients' is focused

2018-10-12 13:09:04 - [MESSAGE][PASSED] - Object: 'Object Repository/Backoffice/Clients/Clients' is focused

2018-10-12 13:09:04 - [TEST_STEP][PASSED] - verifyElementPresent: Object 'Object Repository/Backoffice/Clients/Client Registration' is present

2018-10-12 13:09:04 - [MESSAGE][PASSED] - Object 'Object Repository/Backoffice/Clients/Client Registration' is present

2018-10-12 13:09:04 - [TEST_STEP][PASSED] - click: Object: 'Object Repository/Backoffice/Clients/Client Registration' is clicked on

2018-10-12 13:09:05 - [MESSAGE][PASSED] - Object: 'Object Repository/Backoffice/Clients/Client Registration' is clicked on

2018-10-12 13:09:05 - [TEST_STEP][PASSED] - setText: Text 'finickyfilk' is set on object 'Object Repository/Backoffice/Clients/Registration/input_username'

2018-10-12 13:09:05 - [MESSAGE][PASSED] - Text 'finickyfilk' is set on object 'Object Repository/Backoffice/Clients/Registration/input_username'

2018-10-12 13:09:05 - [TEST_STEP][PASSED] - setText: Text '123123' is set on object 'Object Repository/Backoffice/Clients/Registration/input_password'

2018-10-12 13:09:05 - [MESSAGE][PASSED] - Text '123123' is set on object 'Object Repository/Backoffice/Clients/Registration/input_password'

2018-10-12 13:09:05 - [TEST_STEP][PASSED] - setText: Text '123123' is set on object 'Object Repository/Backoffice/Clients/Registration/input_confirmp'

2018-10-12 13:09:05 - [MESSAGE][PASSED] - Text '123123' is set on object 'Object Repository/Backoffice/Clients/Registration/input_confirmp'

2018-10-12 13:09:05 - [TEST_STEP][PASSED] - selectOptionByValue: All options with value 'test' are selected in object 'Object Repository/Backoffice/Clients/Registration/select_operatorcode' 

2018-10-12 13:09:05 - [MESSAGE][PASSED] - All options with value 'test' are selected in object 'Object Repository/Backoffice/Clients/Registration/select_operatorcode' 

2018-10-12 13:09:05 - [TEST_STEP][PASSED] - selectOptionByValue: All options with value '1' are selected in object 'Object Repository/Backoffice/Clients/Registration/select_status' 

2018-10-12 13:09:05 - [MESSAGE][PASSED] - All options with value '1' are selected in object 'Object Repository/Backoffice/Clients/Registration/select_status' 

2018-10-12 13:09:05 - [TEST_STEP][PASSED] - delay: Delayed 2 second(s)

2018-10-12 13:09:07 - [MESSAGE][PASSED] - Delayed 2 second(s)

2018-10-12 13:09:07 - [TEST_STEP][PASSED] - click: Object: 'Object Repository/Backoffice/Clients/Registration/button_Submit' is clicked on

2018-10-12 13:09:08 - [MESSAGE][PASSED] - Object: 'Object Repository/Backoffice/Clients/Registration/button_Submit' is clicked on

2018-10-12 13:09:08 - [TEST_STEP][PASSED] - delay: Delayed 2 second(s)

2018-10-12 13:09:10 - [MESSAGE][PASSED] - Delayed 2 second(s)]]></system-out>
         <system-err><![CDATA[]]></system-err>
      </testcase>
      <testcase name="Test Cases/Backoffice/RegisterAccount" classname="Test Cases/Backoffice/RegisterAccount" status="PASSED">
         <system-out><![CDATA[2018-10-12 13:09:10 - [TEST_CASE][PASSED] - Test Cases/Backoffice/RegisterAccount: Test Cases/Backoffice/RegisterAccount

2018-10-12 13:09:10 - [TEST_STEP][PASSED] - focus: Object: 'Object Repository/Backoffice/Clients/Clients' is focused

2018-10-12 13:09:10 - [MESSAGE][PASSED] - Object: 'Object Repository/Backoffice/Clients/Clients' is focused

2018-10-12 13:09:10 - [TEST_STEP][PASSED] - verifyElementPresent: Object 'Object Repository/Backoffice/Clients/Client Registration' is present

2018-10-12 13:09:10 - [MESSAGE][PASSED] - Object 'Object Repository/Backoffice/Clients/Client Registration' is present

2018-10-12 13:09:10 - [TEST_STEP][PASSED] - click: Object: 'Object Repository/Backoffice/Clients/Client Registration' is clicked on

2018-10-12 13:09:11 - [MESSAGE][PASSED] - Object: 'Object Repository/Backoffice/Clients/Client Registration' is clicked on

2018-10-12 13:09:11 - [TEST_STEP][PASSED] - setText: Text 'foulfragment' is set on object 'Object Repository/Backoffice/Clients/Registration/input_username'

2018-10-12 13:09:11 - [MESSAGE][PASSED] - Text 'foulfragment' is set on object 'Object Repository/Backoffice/Clients/Registration/input_username'

2018-10-12 13:09:11 - [TEST_STEP][PASSED] - setText: Text '123123' is set on object 'Object Repository/Backoffice/Clients/Registration/input_password'

2018-10-12 13:09:11 - [MESSAGE][PASSED] - Text '123123' is set on object 'Object Repository/Backoffice/Clients/Registration/input_password'

2018-10-12 13:09:11 - [TEST_STEP][PASSED] - setText: Text '123123' is set on object 'Object Repository/Backoffice/Clients/Registration/input_confirmp'

2018-10-12 13:09:11 - [MESSAGE][PASSED] - Text '123123' is set on object 'Object Repository/Backoffice/Clients/Registration/input_confirmp'

2018-10-12 13:09:11 - [TEST_STEP][PASSED] - selectOptionByValue: All options with value 'test' are selected in object 'Object Repository/Backoffice/Clients/Registration/select_operatorcode' 

2018-10-12 13:09:11 - [MESSAGE][PASSED] - All options with value 'test' are selected in object 'Object Repository/Backoffice/Clients/Registration/select_operatorcode' 

2018-10-12 13:09:11 - [TEST_STEP][PASSED] - selectOptionByValue: All options with value '1' are selected in object 'Object Repository/Backoffice/Clients/Registration/select_status' 

2018-10-12 13:09:12 - [MESSAGE][PASSED] - All options with value '1' are selected in object 'Object Repository/Backoffice/Clients/Registration/select_status' 

2018-10-12 13:09:12 - [TEST_STEP][PASSED] - delay: Delayed 2 second(s)

2018-10-12 13:09:14 - [MESSAGE][PASSED] - Delayed 2 second(s)

2018-10-12 13:09:14 - [TEST_STEP][PASSED] - click: Object: 'Object Repository/Backoffice/Clients/Registration/button_Submit' is clicked on

2018-10-12 13:09:15 - [MESSAGE][PASSED] - Object: 'Object Repository/Backoffice/Clients/Registration/button_Submit' is clicked on

2018-10-12 13:09:15 - [TEST_STEP][PASSED] - delay: Delayed 2 second(s)

2018-10-12 13:09:17 - [MESSAGE][PASSED] - Delayed 2 second(s)]]></system-out>
         <system-err><![CDATA[]]></system-err>
      </testcase>
      <testcase name="Test Cases/Backoffice/RegisterAccount" classname="Test Cases/Backoffice/RegisterAccount" status="PASSED">
         <system-out><![CDATA[2018-10-12 13:09:17 - [TEST_CASE][PASSED] - Test Cases/Backoffice/RegisterAccount: Test Cases/Backoffice/RegisterAccount

2018-10-12 13:09:17 - [TEST_STEP][PASSED] - focus: Object: 'Object Repository/Backoffice/Clients/Clients' is focused

2018-10-12 13:09:17 - [MESSAGE][PASSED] - Object: 'Object Repository/Backoffice/Clients/Clients' is focused

2018-10-12 13:09:17 - [TEST_STEP][PASSED] - verifyElementPresent: Object 'Object Repository/Backoffice/Clients/Client Registration' is present

2018-10-12 13:09:17 - [MESSAGE][PASSED] - Object 'Object Repository/Backoffice/Clients/Client Registration' is present

2018-10-12 13:09:17 - [TEST_STEP][PASSED] - click: Object: 'Object Repository/Backoffice/Clients/Client Registration' is clicked on

2018-10-12 13:09:17 - [MESSAGE][PASSED] - Object: 'Object Repository/Backoffice/Clients/Client Registration' is clicked on

2018-10-12 13:09:17 - [TEST_STEP][PASSED] - setText: Text 'flurgerfrindows' is set on object 'Object Repository/Backoffice/Clients/Registration/input_username'

2018-10-12 13:09:18 - [MESSAGE][PASSED] - Text 'flurgerfrindows' is set on object 'Object Repository/Backoffice/Clients/Registration/input_username'

2018-10-12 13:09:18 - [TEST_STEP][PASSED] - setText: Text '123123' is set on object 'Object Repository/Backoffice/Clients/Registration/input_password'

2018-10-12 13:09:18 - [MESSAGE][PASSED] - Text '123123' is set on object 'Object Repository/Backoffice/Clients/Registration/input_password'

2018-10-12 13:09:18 - [TEST_STEP][PASSED] - setText: Text '123123' is set on object 'Object Repository/Backoffice/Clients/Registration/input_confirmp'

2018-10-12 13:09:18 - [MESSAGE][PASSED] - Text '123123' is set on object 'Object Repository/Backoffice/Clients/Registration/input_confirmp'

2018-10-12 13:09:18 - [TEST_STEP][PASSED] - selectOptionByValue: All options with value 'test' are selected in object 'Object Repository/Backoffice/Clients/Registration/select_operatorcode' 

2018-10-12 13:09:18 - [MESSAGE][PASSED] - All options with value 'test' are selected in object 'Object Repository/Backoffice/Clients/Registration/select_operatorcode' 

2018-10-12 13:09:18 - [TEST_STEP][PASSED] - selectOptionByValue: All options with value '1' are selected in object 'Object Repository/Backoffice/Clients/Registration/select_status' 

2018-10-12 13:09:18 - [MESSAGE][PASSED] - All options with value '1' are selected in object 'Object Repository/Backoffice/Clients/Registration/select_status' 

2018-10-12 13:09:18 - [TEST_STEP][PASSED] - delay: Delayed 2 second(s)

2018-10-12 13:09:20 - [MESSAGE][PASSED] - Delayed 2 second(s)

2018-10-12 13:09:20 - [TEST_STEP][PASSED] - click: Object: 'Object Repository/Backoffice/Clients/Registration/button_Submit' is clicked on

2018-10-12 13:09:21 - [MESSAGE][PASSED] - Object: 'Object Repository/Backoffice/Clients/Registration/button_Submit' is clicked on

2018-10-12 13:09:21 - [TEST_STEP][PASSED] - delay: Delayed 2 second(s)

2018-10-12 13:09:23 - [MESSAGE][PASSED] - Delayed 2 second(s)]]></system-out>
         <system-err><![CDATA[]]></system-err>
      </testcase>
      <testcase name="Test Cases/Backoffice/RegisterAccount" classname="Test Cases/Backoffice/RegisterAccount" status="PASSED">
         <system-out><![CDATA[2018-10-12 13:09:23 - [TEST_CASE][PASSED] - Test Cases/Backoffice/RegisterAccount: Test Cases/Backoffice/RegisterAccount

2018-10-12 13:09:23 - [TEST_STEP][PASSED] - focus: Object: 'Object Repository/Backoffice/Clients/Clients' is focused

2018-10-12 13:09:23 - [MESSAGE][PASSED] - Object: 'Object Repository/Backoffice/Clients/Clients' is focused

2018-10-12 13:09:23 - [TEST_STEP][PASSED] - verifyElementPresent: Object 'Object Repository/Backoffice/Clients/Client Registration' is present

2018-10-12 13:09:23 - [MESSAGE][PASSED] - Object 'Object Repository/Backoffice/Clients/Client Registration' is present

2018-10-12 13:09:23 - [TEST_STEP][PASSED] - click: Object: 'Object Repository/Backoffice/Clients/Client Registration' is clicked on

2018-10-12 13:09:24 - [MESSAGE][PASSED] - Object: 'Object Repository/Backoffice/Clients/Client Registration' is clicked on

2018-10-12 13:09:24 - [TEST_STEP][PASSED] - setText: Text 'findfishing' is set on object 'Object Repository/Backoffice/Clients/Registration/input_username'

2018-10-12 13:09:24 - [MESSAGE][PASSED] - Text 'findfishing' is set on object 'Object Repository/Backoffice/Clients/Registration/input_username'

2018-10-12 13:09:24 - [TEST_STEP][PASSED] - setText: Text '123123' is set on object 'Object Repository/Backoffice/Clients/Registration/input_password'

2018-10-12 13:09:24 - [MESSAGE][PASSED] - Text '123123' is set on object 'Object Repository/Backoffice/Clients/Registration/input_password'

2018-10-12 13:09:24 - [TEST_STEP][PASSED] - setText: Text '123123' is set on object 'Object Repository/Backoffice/Clients/Registration/input_confirmp'

2018-10-12 13:09:24 - [MESSAGE][PASSED] - Text '123123' is set on object 'Object Repository/Backoffice/Clients/Registration/input_confirmp'

2018-10-12 13:09:24 - [TEST_STEP][PASSED] - selectOptionByValue: All options with value 'test' are selected in object 'Object Repository/Backoffice/Clients/Registration/select_operatorcode' 

2018-10-12 13:09:24 - [MESSAGE][PASSED] - All options with value 'test' are selected in object 'Object Repository/Backoffice/Clients/Registration/select_operatorcode' 

2018-10-12 13:09:24 - [TEST_STEP][PASSED] - selectOptionByValue: All options with value '1' are selected in object 'Object Repository/Backoffice/Clients/Registration/select_status' 

2018-10-12 13:09:24 - [MESSAGE][PASSED] - All options with value '1' are selected in object 'Object Repository/Backoffice/Clients/Registration/select_status' 

2018-10-12 13:09:24 - [TEST_STEP][PASSED] - delay: Delayed 2 second(s)

2018-10-12 13:09:27 - [MESSAGE][PASSED] - Delayed 2 second(s)

2018-10-12 13:09:27 - [TEST_STEP][PASSED] - click: Object: 'Object Repository/Backoffice/Clients/Registration/button_Submit' is clicked on

2018-10-12 13:09:27 - [MESSAGE][PASSED] - Object: 'Object Repository/Backoffice/Clients/Registration/button_Submit' is clicked on

2018-10-12 13:09:27 - [TEST_STEP][PASSED] - delay: Delayed 2 second(s)

2018-10-12 13:09:29 - [MESSAGE][PASSED] - Delayed 2 second(s)]]></system-out>
         <system-err><![CDATA[]]></system-err>
      </testcase>
      <testcase name="Test Cases/Backoffice/RegisterAccount" classname="Test Cases/Backoffice/RegisterAccount" status="PASSED">
         <system-out><![CDATA[2018-10-12 13:09:29 - [TEST_CASE][PASSED] - Test Cases/Backoffice/RegisterAccount: Test Cases/Backoffice/RegisterAccount

2018-10-12 13:09:29 - [TEST_STEP][PASSED] - focus: Object: 'Object Repository/Backoffice/Clients/Clients' is focused

2018-10-12 13:09:29 - [MESSAGE][PASSED] - Object: 'Object Repository/Backoffice/Clients/Clients' is focused

2018-10-12 13:09:29 - [TEST_STEP][PASSED] - verifyElementPresent: Object 'Object Repository/Backoffice/Clients/Client Registration' is present

2018-10-12 13:09:29 - [MESSAGE][PASSED] - Object 'Object Repository/Backoffice/Clients/Client Registration' is present

2018-10-12 13:09:29 - [TEST_STEP][PASSED] - click: Object: 'Object Repository/Backoffice/Clients/Client Registration' is clicked on

2018-10-12 13:09:30 - [MESSAGE][PASSED] - Object: 'Object Repository/Backoffice/Clients/Client Registration' is clicked on

2018-10-12 13:09:30 - [TEST_STEP][PASSED] - setText: Text 'flusclesfollowed' is set on object 'Object Repository/Backoffice/Clients/Registration/input_username'

2018-10-12 13:09:30 - [MESSAGE][PASSED] - Text 'flusclesfollowed' is set on object 'Object Repository/Backoffice/Clients/Registration/input_username'

2018-10-12 13:09:30 - [TEST_STEP][PASSED] - setText: Text '123123' is set on object 'Object Repository/Backoffice/Clients/Registration/input_password'

2018-10-12 13:09:30 - [MESSAGE][PASSED] - Text '123123' is set on object 'Object Repository/Backoffice/Clients/Registration/input_password'

2018-10-12 13:09:30 - [TEST_STEP][PASSED] - setText: Text '123123' is set on object 'Object Repository/Backoffice/Clients/Registration/input_confirmp'

2018-10-12 13:09:31 - [MESSAGE][PASSED] - Text '123123' is set on object 'Object Repository/Backoffice/Clients/Registration/input_confirmp'

2018-10-12 13:09:31 - [TEST_STEP][PASSED] - selectOptionByValue: All options with value 'test' are selected in object 'Object Repository/Backoffice/Clients/Registration/select_operatorcode' 

2018-10-12 13:09:31 - [MESSAGE][PASSED] - All options with value 'test' are selected in object 'Object Repository/Backoffice/Clients/Registration/select_operatorcode' 

2018-10-12 13:09:31 - [TEST_STEP][PASSED] - selectOptionByValue: All options with value '1' are selected in object 'Object Repository/Backoffice/Clients/Registration/select_status' 

2018-10-12 13:09:31 - [MESSAGE][PASSED] - All options with value '1' are selected in object 'Object Repository/Backoffice/Clients/Registration/select_status' 

2018-10-12 13:09:31 - [TEST_STEP][PASSED] - delay: Delayed 2 second(s)

2018-10-12 13:09:33 - [MESSAGE][PASSED] - Delayed 2 second(s)

2018-10-12 13:09:33 - [TEST_STEP][PASSED] - click: Object: 'Object Repository/Backoffice/Clients/Registration/button_Submit' is clicked on

2018-10-12 13:09:34 - [MESSAGE][PASSED] - Object: 'Object Repository/Backoffice/Clients/Registration/button_Submit' is clicked on

2018-10-12 13:09:34 - [TEST_STEP][PASSED] - delay: Delayed 2 second(s)

2018-10-12 13:09:36 - [MESSAGE][PASSED] - Delayed 2 second(s)]]></system-out>
         <system-err><![CDATA[]]></system-err>
      </testcase>
      <testcase name="Test Cases/Backoffice/RegisterAccount" classname="Test Cases/Backoffice/RegisterAccount" status="PASSED">
         <system-out><![CDATA[2018-10-12 13:09:36 - [TEST_CASE][PASSED] - Test Cases/Backoffice/RegisterAccount: Test Cases/Backoffice/RegisterAccount

2018-10-12 13:09:36 - [TEST_STEP][PASSED] - focus: Object: 'Object Repository/Backoffice/Clients/Clients' is focused

2018-10-12 13:09:36 - [MESSAGE][PASSED] - Object: 'Object Repository/Backoffice/Clients/Clients' is focused

2018-10-12 13:09:36 - [TEST_STEP][PASSED] - verifyElementPresent: Object 'Object Repository/Backoffice/Clients/Client Registration' is present

2018-10-12 13:09:36 - [MESSAGE][PASSED] - Object 'Object Repository/Backoffice/Clients/Client Registration' is present

2018-10-12 13:09:36 - [TEST_STEP][PASSED] - click: Object: 'Object Repository/Backoffice/Clients/Client Registration' is clicked on

2018-10-12 13:09:36 - [MESSAGE][PASSED] - Object: 'Object Repository/Backoffice/Clients/Client Registration' is clicked on

2018-10-12 13:09:36 - [TEST_STEP][PASSED] - setText: Text 'filkfloating' is set on object 'Object Repository/Backoffice/Clients/Registration/input_username'

2018-10-12 13:09:37 - [MESSAGE][PASSED] - Text 'filkfloating' is set on object 'Object Repository/Backoffice/Clients/Registration/input_username'

2018-10-12 13:09:37 - [TEST_STEP][PASSED] - setText: Text '123123' is set on object 'Object Repository/Backoffice/Clients/Registration/input_password'

2018-10-12 13:09:37 - [MESSAGE][PASSED] - Text '123123' is set on object 'Object Repository/Backoffice/Clients/Registration/input_password'

2018-10-12 13:09:37 - [TEST_STEP][PASSED] - setText: Text '123123' is set on object 'Object Repository/Backoffice/Clients/Registration/input_confirmp'

2018-10-12 13:09:37 - [MESSAGE][PASSED] - Text '123123' is set on object 'Object Repository/Backoffice/Clients/Registration/input_confirmp'

2018-10-12 13:09:37 - [TEST_STEP][PASSED] - selectOptionByValue: All options with value 'test' are selected in object 'Object Repository/Backoffice/Clients/Registration/select_operatorcode' 

2018-10-12 13:09:37 - [MESSAGE][PASSED] - All options with value 'test' are selected in object 'Object Repository/Backoffice/Clients/Registration/select_operatorcode' 

2018-10-12 13:09:37 - [TEST_STEP][PASSED] - selectOptionByValue: All options with value '1' are selected in object 'Object Repository/Backoffice/Clients/Registration/select_status' 

2018-10-12 13:09:37 - [MESSAGE][PASSED] - All options with value '1' are selected in object 'Object Repository/Backoffice/Clients/Registration/select_status' 

2018-10-12 13:09:37 - [TEST_STEP][PASSED] - delay: Delayed 2 second(s)

2018-10-12 13:09:39 - [MESSAGE][PASSED] - Delayed 2 second(s)

2018-10-12 13:09:39 - [TEST_STEP][PASSED] - click: Object: 'Object Repository/Backoffice/Clients/Registration/button_Submit' is clicked on

2018-10-12 13:09:40 - [MESSAGE][PASSED] - Object: 'Object Repository/Backoffice/Clients/Registration/button_Submit' is clicked on

2018-10-12 13:09:40 - [TEST_STEP][PASSED] - delay: Delayed 2 second(s)

2018-10-12 13:09:42 - [MESSAGE][PASSED] - Delayed 2 second(s)]]></system-out>
         <system-err><![CDATA[]]></system-err>
      </testcase>
      <testcase name="Test Cases/Backoffice/RegisterAccount" classname="Test Cases/Backoffice/RegisterAccount" status="PASSED">
         <system-out><![CDATA[2018-10-12 13:09:42 - [TEST_CASE][PASSED] - Test Cases/Backoffice/RegisterAccount: Test Cases/Backoffice/RegisterAccount

2018-10-12 13:09:42 - [TEST_STEP][PASSED] - focus: Object: 'Object Repository/Backoffice/Clients/Clients' is focused

2018-10-12 13:09:42 - [MESSAGE][PASSED] - Object: 'Object Repository/Backoffice/Clients/Clients' is focused

2018-10-12 13:09:42 - [TEST_STEP][PASSED] - verifyElementPresent: Object 'Object Repository/Backoffice/Clients/Client Registration' is present

2018-10-12 13:09:42 - [MESSAGE][PASSED] - Object 'Object Repository/Backoffice/Clients/Client Registration' is present

2018-10-12 13:09:42 - [TEST_STEP][PASSED] - click: Object: 'Object Repository/Backoffice/Clients/Client Registration' is clicked on

2018-10-12 13:09:42 - [MESSAGE][PASSED] - Object: 'Object Repository/Backoffice/Clients/Client Registration' is clicked on

2018-10-12 13:09:42 - [TEST_STEP][PASSED] - setText: Text 'functionsfibrosis' is set on object 'Object Repository/Backoffice/Clients/Registration/input_username'

2018-10-12 13:09:43 - [MESSAGE][PASSED] - Text 'functionsfibrosis' is set on object 'Object Repository/Backoffice/Clients/Registration/input_username'

2018-10-12 13:09:43 - [TEST_STEP][PASSED] - setText: Text '123123' is set on object 'Object Repository/Backoffice/Clients/Registration/input_password'

2018-10-12 13:09:43 - [MESSAGE][PASSED] - Text '123123' is set on object 'Object Repository/Backoffice/Clients/Registration/input_password'

2018-10-12 13:09:43 - [TEST_STEP][PASSED] - setText: Text '123123' is set on object 'Object Repository/Backoffice/Clients/Registration/input_confirmp'

2018-10-12 13:09:43 - [MESSAGE][PASSED] - Text '123123' is set on object 'Object Repository/Backoffice/Clients/Registration/input_confirmp'

2018-10-12 13:09:43 - [TEST_STEP][PASSED] - selectOptionByValue: All options with value 'test' are selected in object 'Object Repository/Backoffice/Clients/Registration/select_operatorcode' 

2018-10-12 13:09:43 - [MESSAGE][PASSED] - All options with value 'test' are selected in object 'Object Repository/Backoffice/Clients/Registration/select_operatorcode' 

2018-10-12 13:09:43 - [TEST_STEP][PASSED] - selectOptionByValue: All options with value '1' are selected in object 'Object Repository/Backoffice/Clients/Registration/select_status' 

2018-10-12 13:09:43 - [MESSAGE][PASSED] - All options with value '1' are selected in object 'Object Repository/Backoffice/Clients/Registration/select_status' 

2018-10-12 13:09:43 - [TEST_STEP][PASSED] - delay: Delayed 2 second(s)

2018-10-12 13:09:45 - [MESSAGE][PASSED] - Delayed 2 second(s)

2018-10-12 13:09:45 - [TEST_STEP][PASSED] - click: Object: 'Object Repository/Backoffice/Clients/Registration/button_Submit' is clicked on

2018-10-12 13:09:46 - [MESSAGE][PASSED] - Object: 'Object Repository/Backoffice/Clients/Registration/button_Submit' is clicked on

2018-10-12 13:09:46 - [TEST_STEP][PASSED] - delay: Delayed 2 second(s)

2018-10-12 13:09:48 - [MESSAGE][PASSED] - Delayed 2 second(s)]]></system-out>
         <system-err><![CDATA[]]></system-err>
      </testcase>
      <testcase name="Test Cases/Backoffice/RegisterAccount" classname="Test Cases/Backoffice/RegisterAccount" status="PASSED">
         <system-out><![CDATA[2018-10-12 13:09:48 - [TEST_CASE][PASSED] - Test Cases/Backoffice/RegisterAccount: Test Cases/Backoffice/RegisterAccount

2018-10-12 13:09:48 - [TEST_STEP][PASSED] - focus: Object: 'Object Repository/Backoffice/Clients/Clients' is focused

2018-10-12 13:09:48 - [MESSAGE][PASSED] - Object: 'Object Repository/Backoffice/Clients/Clients' is focused

2018-10-12 13:09:48 - [TEST_STEP][PASSED] - verifyElementPresent: Object 'Object Repository/Backoffice/Clients/Client Registration' is present

2018-10-12 13:09:48 - [MESSAGE][PASSED] - Object 'Object Repository/Backoffice/Clients/Client Registration' is present

2018-10-12 13:09:48 - [TEST_STEP][PASSED] - click: Object: 'Object Repository/Backoffice/Clients/Client Registration' is clicked on

2018-10-12 13:09:49 - [MESSAGE][PASSED] - Object: 'Object Repository/Backoffice/Clients/Client Registration' is clicked on

2018-10-12 13:09:49 - [TEST_STEP][PASSED] - setText: Text 'faterfeety' is set on object 'Object Repository/Backoffice/Clients/Registration/input_username'

2018-10-12 13:09:49 - [MESSAGE][PASSED] - Text 'faterfeety' is set on object 'Object Repository/Backoffice/Clients/Registration/input_username'

2018-10-12 13:09:49 - [TEST_STEP][PASSED] - setText: Text '123123' is set on object 'Object Repository/Backoffice/Clients/Registration/input_password'

2018-10-12 13:09:49 - [MESSAGE][PASSED] - Text '123123' is set on object 'Object Repository/Backoffice/Clients/Registration/input_password'

2018-10-12 13:09:49 - [TEST_STEP][PASSED] - setText: Text '123123' is set on object 'Object Repository/Backoffice/Clients/Registration/input_confirmp'

2018-10-12 13:09:49 - [MESSAGE][PASSED] - Text '123123' is set on object 'Object Repository/Backoffice/Clients/Registration/input_confirmp'

2018-10-12 13:09:49 - [TEST_STEP][PASSED] - selectOptionByValue: All options with value 'test' are selected in object 'Object Repository/Backoffice/Clients/Registration/select_operatorcode' 

2018-10-12 13:09:49 - [MESSAGE][PASSED] - All options with value 'test' are selected in object 'Object Repository/Backoffice/Clients/Registration/select_operatorcode' 

2018-10-12 13:09:49 - [TEST_STEP][PASSED] - selectOptionByValue: All options with value '1' are selected in object 'Object Repository/Backoffice/Clients/Registration/select_status' 

2018-10-12 13:09:49 - [MESSAGE][PASSED] - All options with value '1' are selected in object 'Object Repository/Backoffice/Clients/Registration/select_status' 

2018-10-12 13:09:49 - [TEST_STEP][PASSED] - delay: Delayed 2 second(s)

2018-10-12 13:09:51 - [MESSAGE][PASSED] - Delayed 2 second(s)

2018-10-12 13:09:51 - [TEST_STEP][PASSED] - click: Object: 'Object Repository/Backoffice/Clients/Registration/button_Submit' is clicked on

2018-10-12 13:09:52 - [MESSAGE][PASSED] - Object: 'Object Repository/Backoffice/Clients/Registration/button_Submit' is clicked on

2018-10-12 13:09:52 - [TEST_STEP][PASSED] - delay: Delayed 2 second(s)

2018-10-12 13:09:54 - [MESSAGE][PASSED] - Delayed 2 second(s)]]></system-out>
         <system-err><![CDATA[]]></system-err>
      </testcase>
      <testcase name="Test Cases/Backoffice/RegisterAccount" classname="Test Cases/Backoffice/RegisterAccount" status="PASSED">
         <system-out><![CDATA[2018-10-12 13:09:54 - [TEST_CASE][PASSED] - Test Cases/Backoffice/RegisterAccount: Test Cases/Backoffice/RegisterAccount

2018-10-12 13:09:54 - [TEST_STEP][PASSED] - focus: Object: 'Object Repository/Backoffice/Clients/Clients' is focused

2018-10-12 13:09:54 - [MESSAGE][PASSED] - Object: 'Object Repository/Backoffice/Clients/Clients' is focused

2018-10-12 13:09:54 - [TEST_STEP][PASSED] - verifyElementPresent: Object 'Object Repository/Backoffice/Clients/Client Registration' is present

2018-10-12 13:09:54 - [MESSAGE][PASSED] - Object 'Object Repository/Backoffice/Clients/Client Registration' is present

2018-10-12 13:09:54 - [TEST_STEP][PASSED] - click: Object: 'Object Repository/Backoffice/Clients/Client Registration' is clicked on

2018-10-12 13:09:55 - [MESSAGE][PASSED] - Object: 'Object Repository/Backoffice/Clients/Client Registration' is clicked on

2018-10-12 13:09:55 - [TEST_STEP][PASSED] - setText: Text 'flasherflashy' is set on object 'Object Repository/Backoffice/Clients/Registration/input_username'

2018-10-12 13:09:55 - [MESSAGE][PASSED] - Text 'flasherflashy' is set on object 'Object Repository/Backoffice/Clients/Registration/input_username'

2018-10-12 13:09:55 - [TEST_STEP][PASSED] - setText: Text '123123' is set on object 'Object Repository/Backoffice/Clients/Registration/input_password'

2018-10-12 13:09:55 - [MESSAGE][PASSED] - Text '123123' is set on object 'Object Repository/Backoffice/Clients/Registration/input_password'

2018-10-12 13:09:55 - [TEST_STEP][PASSED] - setText: Text '123123' is set on object 'Object Repository/Backoffice/Clients/Registration/input_confirmp'

2018-10-12 13:09:55 - [MESSAGE][PASSED] - Text '123123' is set on object 'Object Repository/Backoffice/Clients/Registration/input_confirmp'

2018-10-12 13:09:55 - [TEST_STEP][PASSED] - selectOptionByValue: All options with value 'test' are selected in object 'Object Repository/Backoffice/Clients/Registration/select_operatorcode' 

2018-10-12 13:09:55 - [MESSAGE][PASSED] - All options with value 'test' are selected in object 'Object Repository/Backoffice/Clients/Registration/select_operatorcode' 

2018-10-12 13:09:55 - [TEST_STEP][PASSED] - selectOptionByValue: All options with value '1' are selected in object 'Object Repository/Backoffice/Clients/Registration/select_status' 

2018-10-12 13:09:55 - [MESSAGE][PASSED] - All options with value '1' are selected in object 'Object Repository/Backoffice/Clients/Registration/select_status' 

2018-10-12 13:09:55 - [TEST_STEP][PASSED] - delay: Delayed 2 second(s)

2018-10-12 13:09:57 - [MESSAGE][PASSED] - Delayed 2 second(s)

2018-10-12 13:09:57 - [TEST_STEP][PASSED] - click: Object: 'Object Repository/Backoffice/Clients/Registration/button_Submit' is clicked on

2018-10-12 13:09:58 - [MESSAGE][PASSED] - Object: 'Object Repository/Backoffice/Clients/Registration/button_Submit' is clicked on

2018-10-12 13:09:58 - [TEST_STEP][PASSED] - delay: Delayed 2 second(s)

2018-10-12 13:10:00 - [MESSAGE][PASSED] - Delayed 2 second(s)]]></system-out>
         <system-err><![CDATA[]]></system-err>
      </testcase>
      <testcase name="Test Cases/Backoffice/RegisterAccount" classname="Test Cases/Backoffice/RegisterAccount" status="PASSED">
         <system-out><![CDATA[2018-10-12 13:10:00 - [TEST_CASE][PASSED] - Test Cases/Backoffice/RegisterAccount: Test Cases/Backoffice/RegisterAccount

2018-10-12 13:10:00 - [TEST_STEP][PASSED] - focus: Object: 'Object Repository/Backoffice/Clients/Clients' is focused

2018-10-12 13:10:01 - [MESSAGE][PASSED] - Object: 'Object Repository/Backoffice/Clients/Clients' is focused

2018-10-12 13:10:01 - [TEST_STEP][PASSED] - verifyElementPresent: Object 'Object Repository/Backoffice/Clients/Client Registration' is present

2018-10-12 13:10:01 - [MESSAGE][PASSED] - Object 'Object Repository/Backoffice/Clients/Client Registration' is present

2018-10-12 13:10:01 - [TEST_STEP][PASSED] - click: Object: 'Object Repository/Backoffice/Clients/Client Registration' is clicked on

2018-10-12 13:10:01 - [MESSAGE][PASSED] - Object: 'Object Repository/Backoffice/Clients/Client Registration' is clicked on

2018-10-12 13:10:01 - [TEST_STEP][PASSED] - setText: Text 'foodenfundage' is set on object 'Object Repository/Backoffice/Clients/Registration/input_username'

2018-10-12 13:10:01 - [MESSAGE][PASSED] - Text 'foodenfundage' is set on object 'Object Repository/Backoffice/Clients/Registration/input_username'

2018-10-12 13:10:01 - [TEST_STEP][PASSED] - setText: Text '123123' is set on object 'Object Repository/Backoffice/Clients/Registration/input_password'

2018-10-12 13:10:01 - [MESSAGE][PASSED] - Text '123123' is set on object 'Object Repository/Backoffice/Clients/Registration/input_password'

2018-10-12 13:10:01 - [TEST_STEP][PASSED] - setText: Text '123123' is set on object 'Object Repository/Backoffice/Clients/Registration/input_confirmp'

2018-10-12 13:10:02 - [MESSAGE][PASSED] - Text '123123' is set on object 'Object Repository/Backoffice/Clients/Registration/input_confirmp'

2018-10-12 13:10:02 - [TEST_STEP][PASSED] - selectOptionByValue: All options with value 'test' are selected in object 'Object Repository/Backoffice/Clients/Registration/select_operatorcode' 

2018-10-12 13:10:02 - [MESSAGE][PASSED] - All options with value 'test' are selected in object 'Object Repository/Backoffice/Clients/Registration/select_operatorcode' 

2018-10-12 13:10:02 - [TEST_STEP][PASSED] - selectOptionByValue: All options with value '1' are selected in object 'Object Repository/Backoffice/Clients/Registration/select_status' 

2018-10-12 13:10:02 - [MESSAGE][PASSED] - All options with value '1' are selected in object 'Object Repository/Backoffice/Clients/Registration/select_status' 

2018-10-12 13:10:02 - [TEST_STEP][PASSED] - delay: Delayed 2 second(s)

2018-10-12 13:10:04 - [MESSAGE][PASSED] - Delayed 2 second(s)

2018-10-12 13:10:04 - [TEST_STEP][PASSED] - click: Object: 'Object Repository/Backoffice/Clients/Registration/button_Submit' is clicked on

2018-10-12 13:10:05 - [MESSAGE][PASSED] - Object: 'Object Repository/Backoffice/Clients/Registration/button_Submit' is clicked on

2018-10-12 13:10:05 - [TEST_STEP][PASSED] - delay: Delayed 2 second(s)

2018-10-12 13:10:07 - [MESSAGE][PASSED] - Delayed 2 second(s)]]></system-out>
         <system-err><![CDATA[]]></system-err>
      </testcase>
      <testcase name="Test Cases/Backoffice/RegisterAccount" classname="Test Cases/Backoffice/RegisterAccount" status="PASSED">
         <system-out><![CDATA[2018-10-12 13:10:07 - [TEST_CASE][PASSED] - Test Cases/Backoffice/RegisterAccount: Test Cases/Backoffice/RegisterAccount

2018-10-12 13:10:07 - [TEST_STEP][PASSED] - focus: Object: 'Object Repository/Backoffice/Clients/Clients' is focused

2018-10-12 13:10:07 - [MESSAGE][PASSED] - Object: 'Object Repository/Backoffice/Clients/Clients' is focused

2018-10-12 13:10:07 - [TEST_STEP][PASSED] - verifyElementPresent: Object 'Object Repository/Backoffice/Clients/Client Registration' is present

2018-10-12 13:10:07 - [MESSAGE][PASSED] - Object 'Object Repository/Backoffice/Clients/Client Registration' is present

2018-10-12 13:10:07 - [TEST_STEP][PASSED] - click: Object: 'Object Repository/Backoffice/Clients/Client Registration' is clicked on

2018-10-12 13:10:07 - [MESSAGE][PASSED] - Object: 'Object Repository/Backoffice/Clients/Client Registration' is clicked on

2018-10-12 13:10:07 - [TEST_STEP][PASSED] - setText: Text 'fallaciousferocious' is set on object 'Object Repository/Backoffice/Clients/Registration/input_username'

2018-10-12 13:10:07 - [MESSAGE][PASSED] - Text 'fallaciousferocious' is set on object 'Object Repository/Backoffice/Clients/Registration/input_username'

2018-10-12 13:10:07 - [TEST_STEP][PASSED] - setText: Text '123123' is set on object 'Object Repository/Backoffice/Clients/Registration/input_password'

2018-10-12 13:10:08 - [MESSAGE][PASSED] - Text '123123' is set on object 'Object Repository/Backoffice/Clients/Registration/input_password'

2018-10-12 13:10:08 - [TEST_STEP][PASSED] - setText: Text '123123' is set on object 'Object Repository/Backoffice/Clients/Registration/input_confirmp'

2018-10-12 13:10:08 - [MESSAGE][PASSED] - Text '123123' is set on object 'Object Repository/Backoffice/Clients/Registration/input_confirmp'

2018-10-12 13:10:08 - [TEST_STEP][PASSED] - selectOptionByValue: All options with value 'test' are selected in object 'Object Repository/Backoffice/Clients/Registration/select_operatorcode' 

2018-10-12 13:10:08 - [MESSAGE][PASSED] - All options with value 'test' are selected in object 'Object Repository/Backoffice/Clients/Registration/select_operatorcode' 

2018-10-12 13:10:08 - [TEST_STEP][PASSED] - selectOptionByValue: All options with value '1' are selected in object 'Object Repository/Backoffice/Clients/Registration/select_status' 

2018-10-12 13:10:08 - [MESSAGE][PASSED] - All options with value '1' are selected in object 'Object Repository/Backoffice/Clients/Registration/select_status' 

2018-10-12 13:10:08 - [TEST_STEP][PASSED] - delay: Delayed 2 second(s)

2018-10-12 13:10:10 - [MESSAGE][PASSED] - Delayed 2 second(s)

2018-10-12 13:10:10 - [TEST_STEP][PASSED] - click: Object: 'Object Repository/Backoffice/Clients/Registration/button_Submit' is clicked on

2018-10-12 13:10:11 - [MESSAGE][PASSED] - Object: 'Object Repository/Backoffice/Clients/Registration/button_Submit' is clicked on

2018-10-12 13:10:11 - [TEST_STEP][PASSED] - delay: Delayed 2 second(s)

2018-10-12 13:10:13 - [MESSAGE][PASSED] - Delayed 2 second(s)]]></system-out>
         <system-err><![CDATA[]]></system-err>
      </testcase>
      <testcase name="Test Cases/Backoffice/RegisterAccount" classname="Test Cases/Backoffice/RegisterAccount" status="PASSED">
         <system-out><![CDATA[2018-10-12 13:10:13 - [TEST_CASE][PASSED] - Test Cases/Backoffice/RegisterAccount: Test Cases/Backoffice/RegisterAccount

2018-10-12 13:10:13 - [TEST_STEP][PASSED] - focus: Object: 'Object Repository/Backoffice/Clients/Clients' is focused

2018-10-12 13:10:13 - [MESSAGE][PASSED] - Object: 'Object Repository/Backoffice/Clients/Clients' is focused

2018-10-12 13:10:13 - [TEST_STEP][PASSED] - verifyElementPresent: Object 'Object Repository/Backoffice/Clients/Client Registration' is present

2018-10-12 13:10:13 - [MESSAGE][PASSED] - Object 'Object Repository/Backoffice/Clients/Client Registration' is present

2018-10-12 13:10:13 - [TEST_STEP][PASSED] - click: Object: 'Object Repository/Backoffice/Clients/Client Registration' is clicked on

2018-10-12 13:10:13 - [MESSAGE][PASSED] - Object: 'Object Repository/Backoffice/Clients/Client Registration' is clicked on

2018-10-12 13:10:13 - [TEST_STEP][PASSED] - setText: Text 'frightenedflisks' is set on object 'Object Repository/Backoffice/Clients/Registration/input_username'

2018-10-12 13:10:14 - [MESSAGE][PASSED] - Text 'frightenedflisks' is set on object 'Object Repository/Backoffice/Clients/Registration/input_username'

2018-10-12 13:10:14 - [TEST_STEP][PASSED] - setText: Text '123123' is set on object 'Object Repository/Backoffice/Clients/Registration/input_password'

2018-10-12 13:10:14 - [MESSAGE][PASSED] - Text '123123' is set on object 'Object Repository/Backoffice/Clients/Registration/input_password'

2018-10-12 13:10:14 - [TEST_STEP][PASSED] - setText: Text '123123' is set on object 'Object Repository/Backoffice/Clients/Registration/input_confirmp'

2018-10-12 13:10:14 - [MESSAGE][PASSED] - Text '123123' is set on object 'Object Repository/Backoffice/Clients/Registration/input_confirmp'

2018-10-12 13:10:14 - [TEST_STEP][PASSED] - selectOptionByValue: All options with value 'test' are selected in object 'Object Repository/Backoffice/Clients/Registration/select_operatorcode' 

2018-10-12 13:10:14 - [MESSAGE][PASSED] - All options with value 'test' are selected in object 'Object Repository/Backoffice/Clients/Registration/select_operatorcode' 

2018-10-12 13:10:14 - [TEST_STEP][PASSED] - selectOptionByValue: All options with value '1' are selected in object 'Object Repository/Backoffice/Clients/Registration/select_status' 

2018-10-12 13:10:14 - [MESSAGE][PASSED] - All options with value '1' are selected in object 'Object Repository/Backoffice/Clients/Registration/select_status' 

2018-10-12 13:10:14 - [TEST_STEP][PASSED] - delay: Delayed 2 second(s)

2018-10-12 13:10:16 - [MESSAGE][PASSED] - Delayed 2 second(s)

2018-10-12 13:10:16 - [TEST_STEP][PASSED] - click: Object: 'Object Repository/Backoffice/Clients/Registration/button_Submit' is clicked on

2018-10-12 13:10:17 - [MESSAGE][PASSED] - Object: 'Object Repository/Backoffice/Clients/Registration/button_Submit' is clicked on

2018-10-12 13:10:17 - [TEST_STEP][PASSED] - delay: Delayed 2 second(s)

2018-10-12 13:10:19 - [MESSAGE][PASSED] - Delayed 2 second(s)]]></system-out>
         <system-err><![CDATA[]]></system-err>
      </testcase>
      <testcase name="Test Cases/Backoffice/RegisterAccount" classname="Test Cases/Backoffice/RegisterAccount" status="PASSED">
         <system-out><![CDATA[2018-10-12 13:10:19 - [TEST_CASE][PASSED] - Test Cases/Backoffice/RegisterAccount: Test Cases/Backoffice/RegisterAccount

2018-10-12 13:10:19 - [TEST_STEP][PASSED] - focus: Object: 'Object Repository/Backoffice/Clients/Clients' is focused

2018-10-12 13:10:19 - [MESSAGE][PASSED] - Object: 'Object Repository/Backoffice/Clients/Clients' is focused

2018-10-12 13:10:19 - [TEST_STEP][PASSED] - verifyElementPresent: Object 'Object Repository/Backoffice/Clients/Client Registration' is present

2018-10-12 13:10:19 - [MESSAGE][PASSED] - Object 'Object Repository/Backoffice/Clients/Client Registration' is present

2018-10-12 13:10:19 - [TEST_STEP][PASSED] - click: Object: 'Object Repository/Backoffice/Clients/Client Registration' is clicked on

2018-10-12 13:10:20 - [MESSAGE][PASSED] - Object: 'Object Repository/Backoffice/Clients/Client Registration' is clicked on

2018-10-12 13:10:20 - [TEST_STEP][PASSED] - setText: Text 'fixiefishified' is set on object 'Object Repository/Backoffice/Clients/Registration/input_username'

2018-10-12 13:10:20 - [MESSAGE][PASSED] - Text 'fixiefishified' is set on object 'Object Repository/Backoffice/Clients/Registration/input_username'

2018-10-12 13:10:20 - [TEST_STEP][PASSED] - setText: Text '123123' is set on object 'Object Repository/Backoffice/Clients/Registration/input_password'

2018-10-12 13:10:20 - [MESSAGE][PASSED] - Text '123123' is set on object 'Object Repository/Backoffice/Clients/Registration/input_password'

2018-10-12 13:10:20 - [TEST_STEP][PASSED] - setText: Text '123123' is set on object 'Object Repository/Backoffice/Clients/Registration/input_confirmp'

2018-10-12 13:10:20 - [MESSAGE][PASSED] - Text '123123' is set on object 'Object Repository/Backoffice/Clients/Registration/input_confirmp'

2018-10-12 13:10:20 - [TEST_STEP][PASSED] - selectOptionByValue: All options with value 'test' are selected in object 'Object Repository/Backoffice/Clients/Registration/select_operatorcode' 

2018-10-12 13:10:20 - [MESSAGE][PASSED] - All options with value 'test' are selected in object 'Object Repository/Backoffice/Clients/Registration/select_operatorcode' 

2018-10-12 13:10:20 - [TEST_STEP][PASSED] - selectOptionByValue: All options with value '1' are selected in object 'Object Repository/Backoffice/Clients/Registration/select_status' 

2018-10-12 13:10:20 - [MESSAGE][PASSED] - All options with value '1' are selected in object 'Object Repository/Backoffice/Clients/Registration/select_status' 

2018-10-12 13:10:20 - [TEST_STEP][PASSED] - delay: Delayed 2 second(s)

2018-10-12 13:10:22 - [MESSAGE][PASSED] - Delayed 2 second(s)

2018-10-12 13:10:22 - [TEST_STEP][PASSED] - click: Object: 'Object Repository/Backoffice/Clients/Registration/button_Submit' is clicked on

2018-10-12 13:10:23 - [MESSAGE][PASSED] - Object: 'Object Repository/Backoffice/Clients/Registration/button_Submit' is clicked on

2018-10-12 13:10:23 - [TEST_STEP][PASSED] - delay: Delayed 2 second(s)

2018-10-12 13:10:25 - [MESSAGE][PASSED] - Delayed 2 second(s)]]></system-out>
         <system-err><![CDATA[]]></system-err>
      </testcase>
      <testcase name="Test Cases/Backoffice/RegisterAccount" classname="Test Cases/Backoffice/RegisterAccount" status="PASSED">
         <system-out><![CDATA[2018-10-12 13:10:25 - [TEST_CASE][PASSED] - Test Cases/Backoffice/RegisterAccount: Test Cases/Backoffice/RegisterAccount

2018-10-12 13:10:25 - [TEST_STEP][PASSED] - focus: Object: 'Object Repository/Backoffice/Clients/Clients' is focused

2018-10-12 13:10:25 - [MESSAGE][PASSED] - Object: 'Object Repository/Backoffice/Clients/Clients' is focused

2018-10-12 13:10:25 - [TEST_STEP][PASSED] - verifyElementPresent: Object 'Object Repository/Backoffice/Clients/Client Registration' is present

2018-10-12 13:10:25 - [MESSAGE][PASSED] - Object 'Object Repository/Backoffice/Clients/Client Registration' is present

2018-10-12 13:10:25 - [TEST_STEP][PASSED] - click: Object: 'Object Repository/Backoffice/Clients/Client Registration' is clicked on

2018-10-12 13:10:26 - [MESSAGE][PASSED] - Object: 'Object Repository/Backoffice/Clients/Client Registration' is clicked on

2018-10-12 13:10:26 - [TEST_STEP][PASSED] - setText: Text 'foamfriction' is set on object 'Object Repository/Backoffice/Clients/Registration/input_username'

2018-10-12 13:10:26 - [MESSAGE][PASSED] - Text 'foamfriction' is set on object 'Object Repository/Backoffice/Clients/Registration/input_username'

2018-10-12 13:10:26 - [TEST_STEP][PASSED] - setText: Text '123123' is set on object 'Object Repository/Backoffice/Clients/Registration/input_password'

2018-10-12 13:10:26 - [MESSAGE][PASSED] - Text '123123' is set on object 'Object Repository/Backoffice/Clients/Registration/input_password'

2018-10-12 13:10:26 - [TEST_STEP][PASSED] - setText: Text '123123' is set on object 'Object Repository/Backoffice/Clients/Registration/input_confirmp'

2018-10-12 13:10:26 - [MESSAGE][PASSED] - Text '123123' is set on object 'Object Repository/Backoffice/Clients/Registration/input_confirmp'

2018-10-12 13:10:26 - [TEST_STEP][PASSED] - selectOptionByValue: All options with value 'test' are selected in object 'Object Repository/Backoffice/Clients/Registration/select_operatorcode' 

2018-10-12 13:10:26 - [MESSAGE][PASSED] - All options with value 'test' are selected in object 'Object Repository/Backoffice/Clients/Registration/select_operatorcode' 

2018-10-12 13:10:26 - [TEST_STEP][PASSED] - selectOptionByValue: All options with value '1' are selected in object 'Object Repository/Backoffice/Clients/Registration/select_status' 

2018-10-12 13:10:26 - [MESSAGE][PASSED] - All options with value '1' are selected in object 'Object Repository/Backoffice/Clients/Registration/select_status' 

2018-10-12 13:10:26 - [TEST_STEP][PASSED] - delay: Delayed 2 second(s)

2018-10-12 13:10:28 - [MESSAGE][PASSED] - Delayed 2 second(s)

2018-10-12 13:10:28 - [TEST_STEP][PASSED] - click: Object: 'Object Repository/Backoffice/Clients/Registration/button_Submit' is clicked on

2018-10-12 13:10:29 - [MESSAGE][PASSED] - Object: 'Object Repository/Backoffice/Clients/Registration/button_Submit' is clicked on

2018-10-12 13:10:29 - [TEST_STEP][PASSED] - delay: Delayed 2 second(s)

2018-10-12 13:10:31 - [MESSAGE][PASSED] - Delayed 2 second(s)]]></system-out>
         <system-err><![CDATA[]]></system-err>
      </testcase>
      <testcase name="Test Cases/Backoffice/RegisterAccount" classname="Test Cases/Backoffice/RegisterAccount" status="PASSED">
         <system-out><![CDATA[2018-10-12 13:10:31 - [TEST_CASE][PASSED] - Test Cases/Backoffice/RegisterAccount: Test Cases/Backoffice/RegisterAccount

2018-10-12 13:10:31 - [TEST_STEP][PASSED] - focus: Object: 'Object Repository/Backoffice/Clients/Clients' is focused

2018-10-12 13:10:31 - [MESSAGE][PASSED] - Object: 'Object Repository/Backoffice/Clients/Clients' is focused

2018-10-12 13:10:31 - [TEST_STEP][PASSED] - verifyElementPresent: Object 'Object Repository/Backoffice/Clients/Client Registration' is present

2018-10-12 13:10:31 - [MESSAGE][PASSED] - Object 'Object Repository/Backoffice/Clients/Client Registration' is present

2018-10-12 13:10:31 - [TEST_STEP][PASSED] - click: Object: 'Object Repository/Backoffice/Clients/Client Registration' is clicked on

2018-10-12 13:10:31 - [MESSAGE][PASSED] - Object: 'Object Repository/Backoffice/Clients/Client Registration' is clicked on

2018-10-12 13:10:31 - [TEST_STEP][PASSED] - setText: Text 'fodernfea' is set on object 'Object Repository/Backoffice/Clients/Registration/input_username'

2018-10-12 13:10:32 - [MESSAGE][PASSED] - Text 'fodernfea' is set on object 'Object Repository/Backoffice/Clients/Registration/input_username'

2018-10-12 13:10:32 - [TEST_STEP][PASSED] - setText: Text '123123' is set on object 'Object Repository/Backoffice/Clients/Registration/input_password'

2018-10-12 13:10:32 - [MESSAGE][PASSED] - Text '123123' is set on object 'Object Repository/Backoffice/Clients/Registration/input_password'

2018-10-12 13:10:32 - [TEST_STEP][PASSED] - setText: Text '123123' is set on object 'Object Repository/Backoffice/Clients/Registration/input_confirmp'

2018-10-12 13:10:32 - [MESSAGE][PASSED] - Text '123123' is set on object 'Object Repository/Backoffice/Clients/Registration/input_confirmp'

2018-10-12 13:10:32 - [TEST_STEP][PASSED] - selectOptionByValue: All options with value 'test' are selected in object 'Object Repository/Backoffice/Clients/Registration/select_operatorcode' 

2018-10-12 13:10:32 - [MESSAGE][PASSED] - All options with value 'test' are selected in object 'Object Repository/Backoffice/Clients/Registration/select_operatorcode' 

2018-10-12 13:10:32 - [TEST_STEP][PASSED] - selectOptionByValue: All options with value '1' are selected in object 'Object Repository/Backoffice/Clients/Registration/select_status' 

2018-10-12 13:10:32 - [MESSAGE][PASSED] - All options with value '1' are selected in object 'Object Repository/Backoffice/Clients/Registration/select_status' 

2018-10-12 13:10:32 - [TEST_STEP][PASSED] - delay: Delayed 2 second(s)

2018-10-12 13:10:34 - [MESSAGE][PASSED] - Delayed 2 second(s)

2018-10-12 13:10:34 - [TEST_STEP][PASSED] - click: Object: 'Object Repository/Backoffice/Clients/Registration/button_Submit' is clicked on

2018-10-12 13:10:35 - [MESSAGE][PASSED] - Object: 'Object Repository/Backoffice/Clients/Registration/button_Submit' is clicked on

2018-10-12 13:10:35 - [TEST_STEP][PASSED] - delay: Delayed 2 second(s)

2018-10-12 13:10:37 - [MESSAGE][PASSED] - Delayed 2 second(s)]]></system-out>
         <system-err><![CDATA[]]></system-err>
      </testcase>
      <testcase name="Test Cases/Backoffice/RegisterAccount" classname="Test Cases/Backoffice/RegisterAccount" status="PASSED">
         <system-out><![CDATA[2018-10-12 13:10:37 - [TEST_CASE][PASSED] - Test Cases/Backoffice/RegisterAccount: Test Cases/Backoffice/RegisterAccount

2018-10-12 13:10:37 - [TEST_STEP][PASSED] - focus: Object: 'Object Repository/Backoffice/Clients/Clients' is focused

2018-10-12 13:10:37 - [MESSAGE][PASSED] - Object: 'Object Repository/Backoffice/Clients/Clients' is focused

2018-10-12 13:10:37 - [TEST_STEP][PASSED] - verifyElementPresent: Object 'Object Repository/Backoffice/Clients/Client Registration' is present

2018-10-12 13:10:37 - [MESSAGE][PASSED] - Object 'Object Repository/Backoffice/Clients/Client Registration' is present

2018-10-12 13:10:37 - [TEST_STEP][PASSED] - click: Object: 'Object Repository/Backoffice/Clients/Client Registration' is clicked on

2018-10-12 13:10:37 - [MESSAGE][PASSED] - Object: 'Object Repository/Backoffice/Clients/Client Registration' is clicked on

2018-10-12 13:10:37 - [TEST_STEP][PASSED] - setText: Text 'foundfreethrow' is set on object 'Object Repository/Backoffice/Clients/Registration/input_username'

2018-10-12 13:10:38 - [MESSAGE][PASSED] - Text 'foundfreethrow' is set on object 'Object Repository/Backoffice/Clients/Registration/input_username'

2018-10-12 13:10:38 - [TEST_STEP][PASSED] - setText: Text '123123' is set on object 'Object Repository/Backoffice/Clients/Registration/input_password'

2018-10-12 13:10:38 - [MESSAGE][PASSED] - Text '123123' is set on object 'Object Repository/Backoffice/Clients/Registration/input_password'

2018-10-12 13:10:38 - [TEST_STEP][PASSED] - setText: Text '123123' is set on object 'Object Repository/Backoffice/Clients/Registration/input_confirmp'

2018-10-12 13:10:38 - [MESSAGE][PASSED] - Text '123123' is set on object 'Object Repository/Backoffice/Clients/Registration/input_confirmp'

2018-10-12 13:10:38 - [TEST_STEP][PASSED] - selectOptionByValue: All options with value 'test' are selected in object 'Object Repository/Backoffice/Clients/Registration/select_operatorcode' 

2018-10-12 13:10:38 - [MESSAGE][PASSED] - All options with value 'test' are selected in object 'Object Repository/Backoffice/Clients/Registration/select_operatorcode' 

2018-10-12 13:10:38 - [TEST_STEP][PASSED] - selectOptionByValue: All options with value '1' are selected in object 'Object Repository/Backoffice/Clients/Registration/select_status' 

2018-10-12 13:10:38 - [MESSAGE][PASSED] - All options with value '1' are selected in object 'Object Repository/Backoffice/Clients/Registration/select_status' 

2018-10-12 13:10:38 - [TEST_STEP][PASSED] - delay: Delayed 2 second(s)

2018-10-12 13:10:40 - [MESSAGE][PASSED] - Delayed 2 second(s)

2018-10-12 13:10:40 - [TEST_STEP][PASSED] - click: Object: 'Object Repository/Backoffice/Clients/Registration/button_Submit' is clicked on

2018-10-12 13:10:41 - [MESSAGE][PASSED] - Object: 'Object Repository/Backoffice/Clients/Registration/button_Submit' is clicked on

2018-10-12 13:10:41 - [TEST_STEP][PASSED] - delay: Delayed 2 second(s)

2018-10-12 13:10:43 - [MESSAGE][PASSED] - Delayed 2 second(s)]]></system-out>
         <system-err><![CDATA[]]></system-err>
      </testcase>
      <testcase name="Test Cases/Backoffice/RegisterAccount" classname="Test Cases/Backoffice/RegisterAccount" status="PASSED">
         <system-out><![CDATA[2018-10-12 13:10:43 - [TEST_CASE][PASSED] - Test Cases/Backoffice/RegisterAccount: Test Cases/Backoffice/RegisterAccount

2018-10-12 13:10:43 - [TEST_STEP][PASSED] - focus: Object: 'Object Repository/Backoffice/Clients/Clients' is focused

2018-10-12 13:10:43 - [MESSAGE][PASSED] - Object: 'Object Repository/Backoffice/Clients/Clients' is focused

2018-10-12 13:10:43 - [TEST_STEP][PASSED] - verifyElementPresent: Object 'Object Repository/Backoffice/Clients/Client Registration' is present

2018-10-12 13:10:43 - [MESSAGE][PASSED] - Object 'Object Repository/Backoffice/Clients/Client Registration' is present

2018-10-12 13:10:43 - [TEST_STEP][PASSED] - click: Object: 'Object Repository/Backoffice/Clients/Client Registration' is clicked on

2018-10-12 13:10:43 - [MESSAGE][PASSED] - Object: 'Object Repository/Backoffice/Clients/Client Registration' is clicked on

2018-10-12 13:10:43 - [TEST_STEP][PASSED] - setText: Text 'FALSEfake' is set on object 'Object Repository/Backoffice/Clients/Registration/input_username'

2018-10-12 13:10:43 - [MESSAGE][PASSED] - Text 'FALSEfake' is set on object 'Object Repository/Backoffice/Clients/Registration/input_username'

2018-10-12 13:10:43 - [TEST_STEP][PASSED] - setText: Text '123123' is set on object 'Object Repository/Backoffice/Clients/Registration/input_password'

2018-10-12 13:10:44 - [MESSAGE][PASSED] - Text '123123' is set on object 'Object Repository/Backoffice/Clients/Registration/input_password'

2018-10-12 13:10:44 - [TEST_STEP][PASSED] - setText: Text '123123' is set on object 'Object Repository/Backoffice/Clients/Registration/input_confirmp'

2018-10-12 13:10:44 - [MESSAGE][PASSED] - Text '123123' is set on object 'Object Repository/Backoffice/Clients/Registration/input_confirmp'

2018-10-12 13:10:44 - [TEST_STEP][PASSED] - selectOptionByValue: All options with value 'test' are selected in object 'Object Repository/Backoffice/Clients/Registration/select_operatorcode' 

2018-10-12 13:10:44 - [MESSAGE][PASSED] - All options with value 'test' are selected in object 'Object Repository/Backoffice/Clients/Registration/select_operatorcode' 

2018-10-12 13:10:44 - [TEST_STEP][PASSED] - selectOptionByValue: All options with value '1' are selected in object 'Object Repository/Backoffice/Clients/Registration/select_status' 

2018-10-12 13:10:44 - [MESSAGE][PASSED] - All options with value '1' are selected in object 'Object Repository/Backoffice/Clients/Registration/select_status' 

2018-10-12 13:10:44 - [TEST_STEP][PASSED] - delay: Delayed 2 second(s)

2018-10-12 13:10:46 - [MESSAGE][PASSED] - Delayed 2 second(s)

2018-10-12 13:10:46 - [TEST_STEP][PASSED] - click: Object: 'Object Repository/Backoffice/Clients/Registration/button_Submit' is clicked on

2018-10-12 13:10:47 - [MESSAGE][PASSED] - Object: 'Object Repository/Backoffice/Clients/Registration/button_Submit' is clicked on

2018-10-12 13:10:47 - [TEST_STEP][PASSED] - delay: Delayed 2 second(s)

2018-10-12 13:10:49 - [MESSAGE][PASSED] - Delayed 2 second(s)]]></system-out>
         <system-err><![CDATA[]]></system-err>
      </testcase>
      <testcase name="Test Cases/Backoffice/RegisterAccount" classname="Test Cases/Backoffice/RegisterAccount" status="PASSED">
         <system-out><![CDATA[2018-10-12 13:10:49 - [TEST_CASE][PASSED] - Test Cases/Backoffice/RegisterAccount: Test Cases/Backoffice/RegisterAccount

2018-10-12 13:10:49 - [TEST_STEP][PASSED] - focus: Object: 'Object Repository/Backoffice/Clients/Clients' is focused

2018-10-12 13:10:49 - [MESSAGE][PASSED] - Object: 'Object Repository/Backoffice/Clients/Clients' is focused

2018-10-12 13:10:49 - [TEST_STEP][PASSED] - verifyElementPresent: Object 'Object Repository/Backoffice/Clients/Client Registration' is present

2018-10-12 13:10:49 - [MESSAGE][PASSED] - Object 'Object Repository/Backoffice/Clients/Client Registration' is present

2018-10-12 13:10:49 - [TEST_STEP][PASSED] - click: Object: 'Object Repository/Backoffice/Clients/Client Registration' is clicked on

2018-10-12 13:10:50 - [MESSAGE][PASSED] - Object: 'Object Repository/Backoffice/Clients/Client Registration' is clicked on

2018-10-12 13:10:50 - [TEST_STEP][PASSED] - setText: Text 'forkedfaculty' is set on object 'Object Repository/Backoffice/Clients/Registration/input_username'

2018-10-12 13:10:50 - [MESSAGE][PASSED] - Text 'forkedfaculty' is set on object 'Object Repository/Backoffice/Clients/Registration/input_username'

2018-10-12 13:10:50 - [TEST_STEP][PASSED] - setText: Text '123123' is set on object 'Object Repository/Backoffice/Clients/Registration/input_password'

2018-10-12 13:10:50 - [MESSAGE][PASSED] - Text '123123' is set on object 'Object Repository/Backoffice/Clients/Registration/input_password'

2018-10-12 13:10:50 - [TEST_STEP][PASSED] - setText: Text '123123' is set on object 'Object Repository/Backoffice/Clients/Registration/input_confirmp'

2018-10-12 13:10:50 - [MESSAGE][PASSED] - Text '123123' is set on object 'Object Repository/Backoffice/Clients/Registration/input_confirmp'

2018-10-12 13:10:50 - [TEST_STEP][PASSED] - selectOptionByValue: All options with value 'test' are selected in object 'Object Repository/Backoffice/Clients/Registration/select_operatorcode' 

2018-10-12 13:10:50 - [MESSAGE][PASSED] - All options with value 'test' are selected in object 'Object Repository/Backoffice/Clients/Registration/select_operatorcode' 

2018-10-12 13:10:50 - [TEST_STEP][PASSED] - selectOptionByValue: All options with value '1' are selected in object 'Object Repository/Backoffice/Clients/Registration/select_status' 

2018-10-12 13:10:50 - [MESSAGE][PASSED] - All options with value '1' are selected in object 'Object Repository/Backoffice/Clients/Registration/select_status' 

2018-10-12 13:10:50 - [TEST_STEP][PASSED] - delay: Delayed 2 second(s)

2018-10-12 13:10:52 - [MESSAGE][PASSED] - Delayed 2 second(s)

2018-10-12 13:10:52 - [TEST_STEP][PASSED] - click: Object: 'Object Repository/Backoffice/Clients/Registration/button_Submit' is clicked on

2018-10-12 13:10:53 - [MESSAGE][PASSED] - Object: 'Object Repository/Backoffice/Clients/Registration/button_Submit' is clicked on

2018-10-12 13:10:53 - [TEST_STEP][PASSED] - delay: Delayed 2 second(s)

2018-10-12 13:10:55 - [MESSAGE][PASSED] - Delayed 2 second(s)]]></system-out>
         <system-err><![CDATA[]]></system-err>
      </testcase>
      <testcase name="Test Cases/Backoffice/RegisterAccount" classname="Test Cases/Backoffice/RegisterAccount" status="PASSED">
         <system-out><![CDATA[2018-10-12 13:10:55 - [TEST_CASE][PASSED] - Test Cases/Backoffice/RegisterAccount: Test Cases/Backoffice/RegisterAccount

2018-10-12 13:10:55 - [TEST_STEP][PASSED] - focus: Object: 'Object Repository/Backoffice/Clients/Clients' is focused

2018-10-12 13:10:55 - [MESSAGE][PASSED] - Object: 'Object Repository/Backoffice/Clients/Clients' is focused

2018-10-12 13:10:55 - [TEST_STEP][PASSED] - verifyElementPresent: Object 'Object Repository/Backoffice/Clients/Client Registration' is present

2018-10-12 13:10:55 - [MESSAGE][PASSED] - Object 'Object Repository/Backoffice/Clients/Client Registration' is present

2018-10-12 13:10:55 - [TEST_STEP][PASSED] - click: Object: 'Object Repository/Backoffice/Clients/Client Registration' is clicked on

2018-10-12 13:10:55 - [MESSAGE][PASSED] - Object: 'Object Repository/Backoffice/Clients/Client Registration' is clicked on

2018-10-12 13:10:55 - [TEST_STEP][PASSED] - setText: Text 'frinfunction' is set on object 'Object Repository/Backoffice/Clients/Registration/input_username'

2018-10-12 13:10:56 - [MESSAGE][PASSED] - Text 'frinfunction' is set on object 'Object Repository/Backoffice/Clients/Registration/input_username'

2018-10-12 13:10:56 - [TEST_STEP][PASSED] - setText: Text '123123' is set on object 'Object Repository/Backoffice/Clients/Registration/input_password'

2018-10-12 13:10:56 - [MESSAGE][PASSED] - Text '123123' is set on object 'Object Repository/Backoffice/Clients/Registration/input_password'

2018-10-12 13:10:56 - [TEST_STEP][PASSED] - setText: Text '123123' is set on object 'Object Repository/Backoffice/Clients/Registration/input_confirmp'

2018-10-12 13:10:56 - [MESSAGE][PASSED] - Text '123123' is set on object 'Object Repository/Backoffice/Clients/Registration/input_confirmp'

2018-10-12 13:10:56 - [TEST_STEP][PASSED] - selectOptionByValue: All options with value 'test' are selected in object 'Object Repository/Backoffice/Clients/Registration/select_operatorcode' 

2018-10-12 13:10:56 - [MESSAGE][PASSED] - All options with value 'test' are selected in object 'Object Repository/Backoffice/Clients/Registration/select_operatorcode' 

2018-10-12 13:10:56 - [TEST_STEP][PASSED] - selectOptionByValue: All options with value '1' are selected in object 'Object Repository/Backoffice/Clients/Registration/select_status' 

2018-10-12 13:10:56 - [MESSAGE][PASSED] - All options with value '1' are selected in object 'Object Repository/Backoffice/Clients/Registration/select_status' 

2018-10-12 13:10:56 - [TEST_STEP][PASSED] - delay: Delayed 2 second(s)

2018-10-12 13:10:58 - [MESSAGE][PASSED] - Delayed 2 second(s)

2018-10-12 13:10:58 - [TEST_STEP][PASSED] - click: Object: 'Object Repository/Backoffice/Clients/Registration/button_Submit' is clicked on

2018-10-12 13:10:59 - [MESSAGE][PASSED] - Object: 'Object Repository/Backoffice/Clients/Registration/button_Submit' is clicked on

2018-10-12 13:10:59 - [TEST_STEP][PASSED] - delay: Delayed 2 second(s)

2018-10-12 13:11:01 - [MESSAGE][PASSED] - Delayed 2 second(s)]]></system-out>
         <system-err><![CDATA[]]></system-err>
      </testcase>
      <testcase name="Test Cases/Backoffice/RegisterAccount" classname="Test Cases/Backoffice/RegisterAccount" status="PASSED">
         <system-out><![CDATA[2018-10-12 13:11:01 - [TEST_CASE][PASSED] - Test Cases/Backoffice/RegisterAccount: Test Cases/Backoffice/RegisterAccount

2018-10-12 13:11:01 - [TEST_STEP][PASSED] - focus: Object: 'Object Repository/Backoffice/Clients/Clients' is focused

2018-10-12 13:11:01 - [MESSAGE][PASSED] - Object: 'Object Repository/Backoffice/Clients/Clients' is focused

2018-10-12 13:11:01 - [TEST_STEP][PASSED] - verifyElementPresent: Object 'Object Repository/Backoffice/Clients/Client Registration' is present

2018-10-12 13:11:01 - [MESSAGE][PASSED] - Object 'Object Repository/Backoffice/Clients/Client Registration' is present

2018-10-12 13:11:01 - [TEST_STEP][PASSED] - click: Object: 'Object Repository/Backoffice/Clients/Client Registration' is clicked on

2018-10-12 13:11:02 - [MESSAGE][PASSED] - Object: 'Object Repository/Backoffice/Clients/Client Registration' is clicked on

2018-10-12 13:11:02 - [TEST_STEP][PASSED] - setText: Text 'fahrenheitfilm' is set on object 'Object Repository/Backoffice/Clients/Registration/input_username'

2018-10-12 13:11:02 - [MESSAGE][PASSED] - Text 'fahrenheitfilm' is set on object 'Object Repository/Backoffice/Clients/Registration/input_username'

2018-10-12 13:11:02 - [TEST_STEP][PASSED] - setText: Text '123123' is set on object 'Object Repository/Backoffice/Clients/Registration/input_password'

2018-10-12 13:11:02 - [MESSAGE][PASSED] - Text '123123' is set on object 'Object Repository/Backoffice/Clients/Registration/input_password'

2018-10-12 13:11:02 - [TEST_STEP][PASSED] - setText: Text '123123' is set on object 'Object Repository/Backoffice/Clients/Registration/input_confirmp'

2018-10-12 13:11:02 - [MESSAGE][PASSED] - Text '123123' is set on object 'Object Repository/Backoffice/Clients/Registration/input_confirmp'

2018-10-12 13:11:02 - [TEST_STEP][PASSED] - selectOptionByValue: All options with value 'test' are selected in object 'Object Repository/Backoffice/Clients/Registration/select_operatorcode' 

2018-10-12 13:11:02 - [MESSAGE][PASSED] - All options with value 'test' are selected in object 'Object Repository/Backoffice/Clients/Registration/select_operatorcode' 

2018-10-12 13:11:02 - [TEST_STEP][PASSED] - selectOptionByValue: All options with value '1' are selected in object 'Object Repository/Backoffice/Clients/Registration/select_status' 

2018-10-12 13:11:02 - [MESSAGE][PASSED] - All options with value '1' are selected in object 'Object Repository/Backoffice/Clients/Registration/select_status' 

2018-10-12 13:11:02 - [TEST_STEP][PASSED] - delay: Delayed 2 second(s)

2018-10-12 13:11:04 - [MESSAGE][PASSED] - Delayed 2 second(s)

2018-10-12 13:11:04 - [TEST_STEP][PASSED] - click: Object: 'Object Repository/Backoffice/Clients/Registration/button_Submit' is clicked on

2018-10-12 13:11:05 - [MESSAGE][PASSED] - Object: 'Object Repository/Backoffice/Clients/Registration/button_Submit' is clicked on

2018-10-12 13:11:05 - [TEST_STEP][PASSED] - delay: Delayed 2 second(s)

2018-10-12 13:11:07 - [MESSAGE][PASSED] - Delayed 2 second(s)]]></system-out>
         <system-err><![CDATA[]]></system-err>
      </testcase>
      <testcase name="Test Cases/Backoffice/RegisterAccount" classname="Test Cases/Backoffice/RegisterAccount" status="PASSED">
         <system-out><![CDATA[2018-10-12 13:11:07 - [TEST_CASE][PASSED] - Test Cases/Backoffice/RegisterAccount: Test Cases/Backoffice/RegisterAccount

2018-10-12 13:11:07 - [TEST_STEP][PASSED] - focus: Object: 'Object Repository/Backoffice/Clients/Clients' is focused

2018-10-12 13:11:07 - [MESSAGE][PASSED] - Object: 'Object Repository/Backoffice/Clients/Clients' is focused

2018-10-12 13:11:07 - [TEST_STEP][PASSED] - verifyElementPresent: Object 'Object Repository/Backoffice/Clients/Client Registration' is present

2018-10-12 13:11:07 - [MESSAGE][PASSED] - Object 'Object Repository/Backoffice/Clients/Client Registration' is present

2018-10-12 13:11:07 - [TEST_STEP][PASSED] - click: Object: 'Object Repository/Backoffice/Clients/Client Registration' is clicked on

2018-10-12 13:11:08 - [MESSAGE][PASSED] - Object: 'Object Repository/Backoffice/Clients/Client Registration' is clicked on

2018-10-12 13:11:08 - [TEST_STEP][PASSED] - setText: Text 'futureflash' is set on object 'Object Repository/Backoffice/Clients/Registration/input_username'

2018-10-12 13:11:08 - [MESSAGE][PASSED] - Text 'futureflash' is set on object 'Object Repository/Backoffice/Clients/Registration/input_username'

2018-10-12 13:11:08 - [TEST_STEP][PASSED] - setText: Text '123123' is set on object 'Object Repository/Backoffice/Clients/Registration/input_password'

2018-10-12 13:11:08 - [MESSAGE][PASSED] - Text '123123' is set on object 'Object Repository/Backoffice/Clients/Registration/input_password'

2018-10-12 13:11:08 - [TEST_STEP][PASSED] - setText: Text '123123' is set on object 'Object Repository/Backoffice/Clients/Registration/input_confirmp'

2018-10-12 13:11:08 - [MESSAGE][PASSED] - Text '123123' is set on object 'Object Repository/Backoffice/Clients/Registration/input_confirmp'

2018-10-12 13:11:08 - [TEST_STEP][PASSED] - selectOptionByValue: All options with value 'test' are selected in object 'Object Repository/Backoffice/Clients/Registration/select_operatorcode' 

2018-10-12 13:11:08 - [MESSAGE][PASSED] - All options with value 'test' are selected in object 'Object Repository/Backoffice/Clients/Registration/select_operatorcode' 

2018-10-12 13:11:08 - [TEST_STEP][PASSED] - selectOptionByValue: All options with value '1' are selected in object 'Object Repository/Backoffice/Clients/Registration/select_status' 

2018-10-12 13:11:08 - [MESSAGE][PASSED] - All options with value '1' are selected in object 'Object Repository/Backoffice/Clients/Registration/select_status' 

2018-10-12 13:11:08 - [TEST_STEP][PASSED] - delay: Delayed 2 second(s)

2018-10-12 13:11:10 - [MESSAGE][PASSED] - Delayed 2 second(s)

2018-10-12 13:11:10 - [TEST_STEP][PASSED] - click: Object: 'Object Repository/Backoffice/Clients/Registration/button_Submit' is clicked on

2018-10-12 13:11:11 - [MESSAGE][PASSED] - Object: 'Object Repository/Backoffice/Clients/Registration/button_Submit' is clicked on

2018-10-12 13:11:11 - [TEST_STEP][PASSED] - delay: Delayed 2 second(s)

2018-10-12 13:11:13 - [MESSAGE][PASSED] - Delayed 2 second(s)]]></system-out>
         <system-err><![CDATA[]]></system-err>
      </testcase>
      <testcase name="Test Cases/Backoffice/RegisterAccount" classname="Test Cases/Backoffice/RegisterAccount" status="PASSED">
         <system-out><![CDATA[2018-10-12 13:11:13 - [TEST_CASE][PASSED] - Test Cases/Backoffice/RegisterAccount: Test Cases/Backoffice/RegisterAccount

2018-10-12 13:11:13 - [TEST_STEP][PASSED] - focus: Object: 'Object Repository/Backoffice/Clients/Clients' is focused

2018-10-12 13:11:13 - [MESSAGE][PASSED] - Object: 'Object Repository/Backoffice/Clients/Clients' is focused

2018-10-12 13:11:13 - [TEST_STEP][PASSED] - verifyElementPresent: Object 'Object Repository/Backoffice/Clients/Client Registration' is present

2018-10-12 13:11:13 - [MESSAGE][PASSED] - Object 'Object Repository/Backoffice/Clients/Client Registration' is present

2018-10-12 13:11:13 - [TEST_STEP][PASSED] - click: Object: 'Object Repository/Backoffice/Clients/Client Registration' is clicked on

2018-10-12 13:11:14 - [MESSAGE][PASSED] - Object: 'Object Repository/Backoffice/Clients/Client Registration' is clicked on

2018-10-12 13:11:14 - [TEST_STEP][PASSED] - setText: Text 'finaefacial' is set on object 'Object Repository/Backoffice/Clients/Registration/input_username'

2018-10-12 13:11:14 - [MESSAGE][PASSED] - Text 'finaefacial' is set on object 'Object Repository/Backoffice/Clients/Registration/input_username'

2018-10-12 13:11:14 - [TEST_STEP][PASSED] - setText: Text '123123' is set on object 'Object Repository/Backoffice/Clients/Registration/input_password'

2018-10-12 13:11:14 - [MESSAGE][PASSED] - Text '123123' is set on object 'Object Repository/Backoffice/Clients/Registration/input_password'

2018-10-12 13:11:14 - [TEST_STEP][PASSED] - setText: Text '123123' is set on object 'Object Repository/Backoffice/Clients/Registration/input_confirmp'

2018-10-12 13:11:14 - [MESSAGE][PASSED] - Text '123123' is set on object 'Object Repository/Backoffice/Clients/Registration/input_confirmp'

2018-10-12 13:11:14 - [TEST_STEP][PASSED] - selectOptionByValue: All options with value 'test' are selected in object 'Object Repository/Backoffice/Clients/Registration/select_operatorcode' 

2018-10-12 13:11:14 - [MESSAGE][PASSED] - All options with value 'test' are selected in object 'Object Repository/Backoffice/Clients/Registration/select_operatorcode' 

2018-10-12 13:11:14 - [TEST_STEP][PASSED] - selectOptionByValue: All options with value '1' are selected in object 'Object Repository/Backoffice/Clients/Registration/select_status' 

2018-10-12 13:11:14 - [MESSAGE][PASSED] - All options with value '1' are selected in object 'Object Repository/Backoffice/Clients/Registration/select_status' 

2018-10-12 13:11:14 - [TEST_STEP][PASSED] - delay: Delayed 2 second(s)

2018-10-12 13:11:16 - [MESSAGE][PASSED] - Delayed 2 second(s)

2018-10-12 13:11:16 - [TEST_STEP][PASSED] - click: Object: 'Object Repository/Backoffice/Clients/Registration/button_Submit' is clicked on

2018-10-12 13:11:17 - [MESSAGE][PASSED] - Object: 'Object Repository/Backoffice/Clients/Registration/button_Submit' is clicked on

2018-10-12 13:11:17 - [TEST_STEP][PASSED] - delay: Delayed 2 second(s)

2018-10-12 13:11:19 - [MESSAGE][PASSED] - Delayed 2 second(s)]]></system-out>
         <system-err><![CDATA[]]></system-err>
      </testcase>
      <testcase name="Test Cases/Backoffice/RegisterAccount" classname="Test Cases/Backoffice/RegisterAccount" status="PASSED">
         <system-out><![CDATA[2018-10-12 13:11:19 - [TEST_CASE][PASSED] - Test Cases/Backoffice/RegisterAccount: Test Cases/Backoffice/RegisterAccount

2018-10-12 13:11:19 - [TEST_STEP][PASSED] - focus: Object: 'Object Repository/Backoffice/Clients/Clients' is focused

2018-10-12 13:11:19 - [MESSAGE][PASSED] - Object: 'Object Repository/Backoffice/Clients/Clients' is focused

2018-10-12 13:11:19 - [TEST_STEP][PASSED] - verifyElementPresent: Object 'Object Repository/Backoffice/Clients/Client Registration' is present

2018-10-12 13:11:19 - [MESSAGE][PASSED] - Object 'Object Repository/Backoffice/Clients/Client Registration' is present

2018-10-12 13:11:19 - [TEST_STEP][PASSED] - click: Object: 'Object Repository/Backoffice/Clients/Client Registration' is clicked on

2018-10-12 13:11:20 - [MESSAGE][PASSED] - Object: 'Object Repository/Backoffice/Clients/Client Registration' is clicked on

2018-10-12 13:11:20 - [TEST_STEP][PASSED] - setText: Text 'fuffingfurore' is set on object 'Object Repository/Backoffice/Clients/Registration/input_username'

2018-10-12 13:11:20 - [MESSAGE][PASSED] - Text 'fuffingfurore' is set on object 'Object Repository/Backoffice/Clients/Registration/input_username'

2018-10-12 13:11:20 - [TEST_STEP][PASSED] - setText: Text '123123' is set on object 'Object Repository/Backoffice/Clients/Registration/input_password'

2018-10-12 13:11:20 - [MESSAGE][PASSED] - Text '123123' is set on object 'Object Repository/Backoffice/Clients/Registration/input_password'

2018-10-12 13:11:20 - [TEST_STEP][PASSED] - setText: Text '123123' is set on object 'Object Repository/Backoffice/Clients/Registration/input_confirmp'

2018-10-12 13:11:20 - [MESSAGE][PASSED] - Text '123123' is set on object 'Object Repository/Backoffice/Clients/Registration/input_confirmp'

2018-10-12 13:11:20 - [TEST_STEP][PASSED] - selectOptionByValue: All options with value 'test' are selected in object 'Object Repository/Backoffice/Clients/Registration/select_operatorcode' 

2018-10-12 13:11:21 - [MESSAGE][PASSED] - All options with value 'test' are selected in object 'Object Repository/Backoffice/Clients/Registration/select_operatorcode' 

2018-10-12 13:11:21 - [TEST_STEP][PASSED] - selectOptionByValue: All options with value '1' are selected in object 'Object Repository/Backoffice/Clients/Registration/select_status' 

2018-10-12 13:11:21 - [MESSAGE][PASSED] - All options with value '1' are selected in object 'Object Repository/Backoffice/Clients/Registration/select_status' 

2018-10-12 13:11:21 - [TEST_STEP][PASSED] - delay: Delayed 2 second(s)

2018-10-12 13:11:23 - [MESSAGE][PASSED] - Delayed 2 second(s)

2018-10-12 13:11:23 - [TEST_STEP][PASSED] - click: Object: 'Object Repository/Backoffice/Clients/Registration/button_Submit' is clicked on

2018-10-12 13:11:23 - [MESSAGE][PASSED] - Object: 'Object Repository/Backoffice/Clients/Registration/button_Submit' is clicked on

2018-10-12 13:11:23 - [TEST_STEP][PASSED] - delay: Delayed 2 second(s)

2018-10-12 13:11:25 - [MESSAGE][PASSED] - Delayed 2 second(s)]]></system-out>
         <system-err><![CDATA[]]></system-err>
      </testcase>
      <testcase name="Test Cases/Backoffice/RegisterAccount" classname="Test Cases/Backoffice/RegisterAccount" status="PASSED">
         <system-out><![CDATA[2018-10-12 13:11:25 - [TEST_CASE][PASSED] - Test Cases/Backoffice/RegisterAccount: Test Cases/Backoffice/RegisterAccount

2018-10-12 13:11:25 - [TEST_STEP][PASSED] - focus: Object: 'Object Repository/Backoffice/Clients/Clients' is focused

2018-10-12 13:11:26 - [MESSAGE][PASSED] - Object: 'Object Repository/Backoffice/Clients/Clients' is focused

2018-10-12 13:11:26 - [TEST_STEP][PASSED] - verifyElementPresent: Object 'Object Repository/Backoffice/Clients/Client Registration' is present

2018-10-12 13:11:26 - [MESSAGE][PASSED] - Object 'Object Repository/Backoffice/Clients/Client Registration' is present

2018-10-12 13:11:26 - [TEST_STEP][PASSED] - click: Object: 'Object Repository/Backoffice/Clients/Client Registration' is clicked on

2018-10-12 13:11:26 - [MESSAGE][PASSED] - Object: 'Object Repository/Backoffice/Clients/Client Registration' is clicked on

2018-10-12 13:11:26 - [TEST_STEP][PASSED] - setText: Text 'gratergrean' is set on object 'Object Repository/Backoffice/Clients/Registration/input_username'

2018-10-12 13:11:26 - [MESSAGE][PASSED] - Text 'gratergrean' is set on object 'Object Repository/Backoffice/Clients/Registration/input_username'

2018-10-12 13:11:26 - [TEST_STEP][PASSED] - setText: Text '123123' is set on object 'Object Repository/Backoffice/Clients/Registration/input_password'

2018-10-12 13:11:26 - [MESSAGE][PASSED] - Text '123123' is set on object 'Object Repository/Backoffice/Clients/Registration/input_password'

2018-10-12 13:11:26 - [TEST_STEP][PASSED] - setText: Text '123123' is set on object 'Object Repository/Backoffice/Clients/Registration/input_confirmp'

2018-10-12 13:11:27 - [MESSAGE][PASSED] - Text '123123' is set on object 'Object Repository/Backoffice/Clients/Registration/input_confirmp'

2018-10-12 13:11:27 - [TEST_STEP][PASSED] - selectOptionByValue: All options with value 'test' are selected in object 'Object Repository/Backoffice/Clients/Registration/select_operatorcode' 

2018-10-12 13:11:27 - [MESSAGE][PASSED] - All options with value 'test' are selected in object 'Object Repository/Backoffice/Clients/Registration/select_operatorcode' 

2018-10-12 13:11:27 - [TEST_STEP][PASSED] - selectOptionByValue: All options with value '1' are selected in object 'Object Repository/Backoffice/Clients/Registration/select_status' 

2018-10-12 13:11:27 - [MESSAGE][PASSED] - All options with value '1' are selected in object 'Object Repository/Backoffice/Clients/Registration/select_status' 

2018-10-12 13:11:27 - [TEST_STEP][PASSED] - delay: Delayed 2 second(s)

2018-10-12 13:11:29 - [MESSAGE][PASSED] - Delayed 2 second(s)

2018-10-12 13:11:29 - [TEST_STEP][PASSED] - click: Object: 'Object Repository/Backoffice/Clients/Registration/button_Submit' is clicked on

2018-10-12 13:11:30 - [MESSAGE][PASSED] - Object: 'Object Repository/Backoffice/Clients/Registration/button_Submit' is clicked on

2018-10-12 13:11:30 - [TEST_STEP][PASSED] - delay: Delayed 2 second(s)

2018-10-12 13:11:32 - [MESSAGE][PASSED] - Delayed 2 second(s)]]></system-out>
         <system-err><![CDATA[]]></system-err>
      </testcase>
      <testcase name="Test Cases/Backoffice/RegisterAccount" classname="Test Cases/Backoffice/RegisterAccount" status="PASSED">
         <system-out><![CDATA[2018-10-12 13:11:32 - [TEST_CASE][PASSED] - Test Cases/Backoffice/RegisterAccount: Test Cases/Backoffice/RegisterAccount

2018-10-12 13:11:32 - [TEST_STEP][PASSED] - focus: Object: 'Object Repository/Backoffice/Clients/Clients' is focused

2018-10-12 13:11:32 - [MESSAGE][PASSED] - Object: 'Object Repository/Backoffice/Clients/Clients' is focused

2018-10-12 13:11:32 - [TEST_STEP][PASSED] - verifyElementPresent: Object 'Object Repository/Backoffice/Clients/Client Registration' is present

2018-10-12 13:11:32 - [MESSAGE][PASSED] - Object 'Object Repository/Backoffice/Clients/Client Registration' is present

2018-10-12 13:11:32 - [TEST_STEP][PASSED] - click: Object: 'Object Repository/Backoffice/Clients/Client Registration' is clicked on

2018-10-12 13:11:32 - [MESSAGE][PASSED] - Object: 'Object Repository/Backoffice/Clients/Client Registration' is clicked on

2018-10-12 13:11:32 - [TEST_STEP][PASSED] - setText: Text 'grapnelgalactic' is set on object 'Object Repository/Backoffice/Clients/Registration/input_username'

2018-10-12 13:11:32 - [MESSAGE][PASSED] - Text 'grapnelgalactic' is set on object 'Object Repository/Backoffice/Clients/Registration/input_username'

2018-10-12 13:11:32 - [TEST_STEP][PASSED] - setText: Text '123123' is set on object 'Object Repository/Backoffice/Clients/Registration/input_password'

2018-10-12 13:11:33 - [MESSAGE][PASSED] - Text '123123' is set on object 'Object Repository/Backoffice/Clients/Registration/input_password'

2018-10-12 13:11:33 - [TEST_STEP][PASSED] - setText: Text '123123' is set on object 'Object Repository/Backoffice/Clients/Registration/input_confirmp'

2018-10-12 13:11:33 - [MESSAGE][PASSED] - Text '123123' is set on object 'Object Repository/Backoffice/Clients/Registration/input_confirmp'

2018-10-12 13:11:33 - [TEST_STEP][PASSED] - selectOptionByValue: All options with value 'test' are selected in object 'Object Repository/Backoffice/Clients/Registration/select_operatorcode' 

2018-10-12 13:11:33 - [MESSAGE][PASSED] - All options with value 'test' are selected in object 'Object Repository/Backoffice/Clients/Registration/select_operatorcode' 

2018-10-12 13:11:33 - [TEST_STEP][PASSED] - selectOptionByValue: All options with value '1' are selected in object 'Object Repository/Backoffice/Clients/Registration/select_status' 

2018-10-12 13:11:33 - [MESSAGE][PASSED] - All options with value '1' are selected in object 'Object Repository/Backoffice/Clients/Registration/select_status' 

2018-10-12 13:11:33 - [TEST_STEP][PASSED] - delay: Delayed 2 second(s)

2018-10-12 13:11:35 - [MESSAGE][PASSED] - Delayed 2 second(s)

2018-10-12 13:11:35 - [TEST_STEP][PASSED] - click: Object: 'Object Repository/Backoffice/Clients/Registration/button_Submit' is clicked on

2018-10-12 13:11:36 - [MESSAGE][PASSED] - Object: 'Object Repository/Backoffice/Clients/Registration/button_Submit' is clicked on

2018-10-12 13:11:36 - [TEST_STEP][PASSED] - delay: Delayed 2 second(s)

2018-10-12 13:11:38 - [MESSAGE][PASSED] - Delayed 2 second(s)]]></system-out>
         <system-err><![CDATA[]]></system-err>
      </testcase>
      <testcase name="Test Cases/Backoffice/RegisterAccount" classname="Test Cases/Backoffice/RegisterAccount" status="PASSED">
         <system-out><![CDATA[2018-10-12 13:11:38 - [TEST_CASE][PASSED] - Test Cases/Backoffice/RegisterAccount: Test Cases/Backoffice/RegisterAccount

2018-10-12 13:11:38 - [TEST_STEP][PASSED] - focus: Object: 'Object Repository/Backoffice/Clients/Clients' is focused

2018-10-12 13:11:38 - [MESSAGE][PASSED] - Object: 'Object Repository/Backoffice/Clients/Clients' is focused

2018-10-12 13:11:38 - [TEST_STEP][PASSED] - verifyElementPresent: Object 'Object Repository/Backoffice/Clients/Client Registration' is present

2018-10-12 13:11:38 - [MESSAGE][PASSED] - Object 'Object Repository/Backoffice/Clients/Client Registration' is present

2018-10-12 13:11:38 - [TEST_STEP][PASSED] - click: Object: 'Object Repository/Backoffice/Clients/Client Registration' is clicked on

2018-10-12 13:11:38 - [MESSAGE][PASSED] - Object: 'Object Repository/Backoffice/Clients/Client Registration' is clicked on

2018-10-12 13:11:38 - [TEST_STEP][PASSED] - setText: Text 'gucciglint' is set on object 'Object Repository/Backoffice/Clients/Registration/input_username'

2018-10-12 13:11:39 - [MESSAGE][PASSED] - Text 'gucciglint' is set on object 'Object Repository/Backoffice/Clients/Registration/input_username'

2018-10-12 13:11:39 - [TEST_STEP][PASSED] - setText: Text '123123' is set on object 'Object Repository/Backoffice/Clients/Registration/input_password'

2018-10-12 13:11:39 - [MESSAGE][PASSED] - Text '123123' is set on object 'Object Repository/Backoffice/Clients/Registration/input_password'

2018-10-12 13:11:39 - [TEST_STEP][PASSED] - setText: Text '123123' is set on object 'Object Repository/Backoffice/Clients/Registration/input_confirmp'

2018-10-12 13:11:39 - [MESSAGE][PASSED] - Text '123123' is set on object 'Object Repository/Backoffice/Clients/Registration/input_confirmp'

2018-10-12 13:11:39 - [TEST_STEP][PASSED] - selectOptionByValue: All options with value 'test' are selected in object 'Object Repository/Backoffice/Clients/Registration/select_operatorcode' 

2018-10-12 13:11:39 - [MESSAGE][PASSED] - All options with value 'test' are selected in object 'Object Repository/Backoffice/Clients/Registration/select_operatorcode' 

2018-10-12 13:11:39 - [TEST_STEP][PASSED] - selectOptionByValue: All options with value '1' are selected in object 'Object Repository/Backoffice/Clients/Registration/select_status' 

2018-10-12 13:11:39 - [MESSAGE][PASSED] - All options with value '1' are selected in object 'Object Repository/Backoffice/Clients/Registration/select_status' 

2018-10-12 13:11:39 - [TEST_STEP][PASSED] - delay: Delayed 2 second(s)

2018-10-12 13:11:41 - [MESSAGE][PASSED] - Delayed 2 second(s)

2018-10-12 13:11:41 - [TEST_STEP][PASSED] - click: Object: 'Object Repository/Backoffice/Clients/Registration/button_Submit' is clicked on

2018-10-12 13:11:42 - [MESSAGE][PASSED] - Object: 'Object Repository/Backoffice/Clients/Registration/button_Submit' is clicked on

2018-10-12 13:11:42 - [TEST_STEP][PASSED] - delay: Delayed 2 second(s)

2018-10-12 13:11:44 - [MESSAGE][PASSED] - Delayed 2 second(s)]]></system-out>
         <system-err><![CDATA[]]></system-err>
      </testcase>
      <testcase name="Test Cases/Backoffice/RegisterAccount" classname="Test Cases/Backoffice/RegisterAccount" status="PASSED">
         <system-out><![CDATA[2018-10-12 13:11:44 - [TEST_CASE][PASSED] - Test Cases/Backoffice/RegisterAccount: Test Cases/Backoffice/RegisterAccount

2018-10-12 13:11:44 - [TEST_STEP][PASSED] - focus: Object: 'Object Repository/Backoffice/Clients/Clients' is focused

2018-10-12 13:11:44 - [MESSAGE][PASSED] - Object: 'Object Repository/Backoffice/Clients/Clients' is focused

2018-10-12 13:11:44 - [TEST_STEP][PASSED] - verifyElementPresent: Object 'Object Repository/Backoffice/Clients/Client Registration' is present

2018-10-12 13:11:44 - [MESSAGE][PASSED] - Object 'Object Repository/Backoffice/Clients/Client Registration' is present

2018-10-12 13:11:44 - [TEST_STEP][PASSED] - click: Object: 'Object Repository/Backoffice/Clients/Client Registration' is clicked on

2018-10-12 13:11:45 - [MESSAGE][PASSED] - Object: 'Object Repository/Backoffice/Clients/Client Registration' is clicked on

2018-10-12 13:11:45 - [TEST_STEP][PASSED] - setText: Text 'glaringgacked' is set on object 'Object Repository/Backoffice/Clients/Registration/input_username'

2018-10-12 13:11:45 - [MESSAGE][PASSED] - Text 'glaringgacked' is set on object 'Object Repository/Backoffice/Clients/Registration/input_username'

2018-10-12 13:11:45 - [TEST_STEP][PASSED] - setText: Text '123123' is set on object 'Object Repository/Backoffice/Clients/Registration/input_password'

2018-10-12 13:11:45 - [MESSAGE][PASSED] - Text '123123' is set on object 'Object Repository/Backoffice/Clients/Registration/input_password'

2018-10-12 13:11:45 - [TEST_STEP][PASSED] - setText: Text '123123' is set on object 'Object Repository/Backoffice/Clients/Registration/input_confirmp'

2018-10-12 13:11:45 - [MESSAGE][PASSED] - Text '123123' is set on object 'Object Repository/Backoffice/Clients/Registration/input_confirmp'

2018-10-12 13:11:45 - [TEST_STEP][PASSED] - selectOptionByValue: All options with value 'test' are selected in object 'Object Repository/Backoffice/Clients/Registration/select_operatorcode' 

2018-10-12 13:11:45 - [MESSAGE][PASSED] - All options with value 'test' are selected in object 'Object Repository/Backoffice/Clients/Registration/select_operatorcode' 

2018-10-12 13:11:45 - [TEST_STEP][PASSED] - selectOptionByValue: All options with value '1' are selected in object 'Object Repository/Backoffice/Clients/Registration/select_status' 

2018-10-12 13:11:45 - [MESSAGE][PASSED] - All options with value '1' are selected in object 'Object Repository/Backoffice/Clients/Registration/select_status' 

2018-10-12 13:11:45 - [TEST_STEP][PASSED] - delay: Delayed 2 second(s)

2018-10-12 13:11:47 - [MESSAGE][PASSED] - Delayed 2 second(s)

2018-10-12 13:11:47 - [TEST_STEP][PASSED] - click: Object: 'Object Repository/Backoffice/Clients/Registration/button_Submit' is clicked on

2018-10-12 13:11:48 - [MESSAGE][PASSED] - Object: 'Object Repository/Backoffice/Clients/Registration/button_Submit' is clicked on

2018-10-12 13:11:48 - [TEST_STEP][PASSED] - delay: Delayed 2 second(s)

2018-10-12 13:11:50 - [MESSAGE][PASSED] - Delayed 2 second(s)]]></system-out>
         <system-err><![CDATA[]]></system-err>
      </testcase>
      <testcase name="Test Cases/Backoffice/RegisterAccount" classname="Test Cases/Backoffice/RegisterAccount" status="PASSED">
         <system-out><![CDATA[2018-10-12 13:11:50 - [TEST_CASE][PASSED] - Test Cases/Backoffice/RegisterAccount: Test Cases/Backoffice/RegisterAccount

2018-10-12 13:11:50 - [TEST_STEP][PASSED] - focus: Object: 'Object Repository/Backoffice/Clients/Clients' is focused

2018-10-12 13:11:50 - [MESSAGE][PASSED] - Object: 'Object Repository/Backoffice/Clients/Clients' is focused

2018-10-12 13:11:50 - [TEST_STEP][PASSED] - verifyElementPresent: Object 'Object Repository/Backoffice/Clients/Client Registration' is present

2018-10-12 13:11:50 - [MESSAGE][PASSED] - Object 'Object Repository/Backoffice/Clients/Client Registration' is present

2018-10-12 13:11:50 - [TEST_STEP][PASSED] - click: Object: 'Object Repository/Backoffice/Clients/Client Registration' is clicked on

2018-10-12 13:11:51 - [MESSAGE][PASSED] - Object: 'Object Repository/Backoffice/Clients/Client Registration' is clicked on

2018-10-12 13:11:51 - [TEST_STEP][PASSED] - setText: Text 'grantedglaze' is set on object 'Object Repository/Backoffice/Clients/Registration/input_username'

2018-10-12 13:11:51 - [MESSAGE][PASSED] - Text 'grantedglaze' is set on object 'Object Repository/Backoffice/Clients/Registration/input_username'

2018-10-12 13:11:51 - [TEST_STEP][PASSED] - setText: Text '123123' is set on object 'Object Repository/Backoffice/Clients/Registration/input_password'

2018-10-12 13:11:51 - [MESSAGE][PASSED] - Text '123123' is set on object 'Object Repository/Backoffice/Clients/Registration/input_password'

2018-10-12 13:11:51 - [TEST_STEP][PASSED] - setText: Text '123123' is set on object 'Object Repository/Backoffice/Clients/Registration/input_confirmp'

2018-10-12 13:11:51 - [MESSAGE][PASSED] - Text '123123' is set on object 'Object Repository/Backoffice/Clients/Registration/input_confirmp'

2018-10-12 13:11:51 - [TEST_STEP][PASSED] - selectOptionByValue: All options with value 'test' are selected in object 'Object Repository/Backoffice/Clients/Registration/select_operatorcode' 

2018-10-12 13:11:51 - [MESSAGE][PASSED] - All options with value 'test' are selected in object 'Object Repository/Backoffice/Clients/Registration/select_operatorcode' 

2018-10-12 13:11:51 - [TEST_STEP][PASSED] - selectOptionByValue: All options with value '1' are selected in object 'Object Repository/Backoffice/Clients/Registration/select_status' 

2018-10-12 13:11:51 - [MESSAGE][PASSED] - All options with value '1' are selected in object 'Object Repository/Backoffice/Clients/Registration/select_status' 

2018-10-12 13:11:51 - [TEST_STEP][PASSED] - delay: Delayed 2 second(s)

2018-10-12 13:11:53 - [MESSAGE][PASSED] - Delayed 2 second(s)

2018-10-12 13:11:53 - [TEST_STEP][PASSED] - click: Object: 'Object Repository/Backoffice/Clients/Registration/button_Submit' is clicked on

2018-10-12 13:11:55 - [MESSAGE][PASSED] - Object: 'Object Repository/Backoffice/Clients/Registration/button_Submit' is clicked on

2018-10-12 13:11:55 - [TEST_STEP][PASSED] - delay: Delayed 2 second(s)

2018-10-12 13:11:57 - [MESSAGE][PASSED] - Delayed 2 second(s)]]></system-out>
         <system-err><![CDATA[]]></system-err>
      </testcase>
      <testcase name="Test Cases/Backoffice/RegisterAccount" classname="Test Cases/Backoffice/RegisterAccount" status="PASSED">
         <system-out><![CDATA[2018-10-12 13:11:57 - [TEST_CASE][PASSED] - Test Cases/Backoffice/RegisterAccount: Test Cases/Backoffice/RegisterAccount

2018-10-12 13:11:57 - [TEST_STEP][PASSED] - focus: Object: 'Object Repository/Backoffice/Clients/Clients' is focused

2018-10-12 13:11:57 - [MESSAGE][PASSED] - Object: 'Object Repository/Backoffice/Clients/Clients' is focused

2018-10-12 13:11:57 - [TEST_STEP][PASSED] - verifyElementPresent: Object 'Object Repository/Backoffice/Clients/Client Registration' is present

2018-10-12 13:11:57 - [MESSAGE][PASSED] - Object 'Object Repository/Backoffice/Clients/Client Registration' is present

2018-10-12 13:11:57 - [TEST_STEP][PASSED] - click: Object: 'Object Repository/Backoffice/Clients/Client Registration' is clicked on

2018-10-12 13:11:57 - [MESSAGE][PASSED] - Object: 'Object Repository/Backoffice/Clients/Client Registration' is clicked on

2018-10-12 13:11:57 - [TEST_STEP][PASSED] - setText: Text 'grammariangorged' is set on object 'Object Repository/Backoffice/Clients/Registration/input_username'

2018-10-12 13:11:57 - [MESSAGE][PASSED] - Text 'grammariangorged' is set on object 'Object Repository/Backoffice/Clients/Registration/input_username'

2018-10-12 13:11:57 - [TEST_STEP][PASSED] - setText: Text '123123' is set on object 'Object Repository/Backoffice/Clients/Registration/input_password'

2018-10-12 13:11:57 - [MESSAGE][PASSED] - Text '123123' is set on object 'Object Repository/Backoffice/Clients/Registration/input_password'

2018-10-12 13:11:57 - [TEST_STEP][PASSED] - setText: Text '123123' is set on object 'Object Repository/Backoffice/Clients/Registration/input_confirmp'

2018-10-12 13:11:58 - [MESSAGE][PASSED] - Text '123123' is set on object 'Object Repository/Backoffice/Clients/Registration/input_confirmp'

2018-10-12 13:11:58 - [TEST_STEP][PASSED] - selectOptionByValue: All options with value 'test' are selected in object 'Object Repository/Backoffice/Clients/Registration/select_operatorcode' 

2018-10-12 13:11:58 - [MESSAGE][PASSED] - All options with value 'test' are selected in object 'Object Repository/Backoffice/Clients/Registration/select_operatorcode' 

2018-10-12 13:11:58 - [TEST_STEP][PASSED] - selectOptionByValue: All options with value '1' are selected in object 'Object Repository/Backoffice/Clients/Registration/select_status' 

2018-10-12 13:11:58 - [MESSAGE][PASSED] - All options with value '1' are selected in object 'Object Repository/Backoffice/Clients/Registration/select_status' 

2018-10-12 13:11:58 - [TEST_STEP][PASSED] - delay: Delayed 2 second(s)

2018-10-12 13:12:00 - [MESSAGE][PASSED] - Delayed 2 second(s)

2018-10-12 13:12:00 - [TEST_STEP][PASSED] - click: Object: 'Object Repository/Backoffice/Clients/Registration/button_Submit' is clicked on

2018-10-12 13:12:01 - [MESSAGE][PASSED] - Object: 'Object Repository/Backoffice/Clients/Registration/button_Submit' is clicked on

2018-10-12 13:12:01 - [TEST_STEP][PASSED] - delay: Delayed 2 second(s)

2018-10-12 13:12:03 - [MESSAGE][PASSED] - Delayed 2 second(s)]]></system-out>
         <system-err><![CDATA[]]></system-err>
      </testcase>
      <testcase name="Test Cases/Backoffice/RegisterAccount" classname="Test Cases/Backoffice/RegisterAccount" status="PASSED">
         <system-out><![CDATA[2018-10-12 13:12:03 - [TEST_CASE][PASSED] - Test Cases/Backoffice/RegisterAccount: Test Cases/Backoffice/RegisterAccount

2018-10-12 13:12:03 - [TEST_STEP][PASSED] - focus: Object: 'Object Repository/Backoffice/Clients/Clients' is focused

2018-10-12 13:12:03 - [MESSAGE][PASSED] - Object: 'Object Repository/Backoffice/Clients/Clients' is focused

2018-10-12 13:12:03 - [TEST_STEP][PASSED] - verifyElementPresent: Object 'Object Repository/Backoffice/Clients/Client Registration' is present

2018-10-12 13:12:03 - [MESSAGE][PASSED] - Object 'Object Repository/Backoffice/Clients/Client Registration' is present

2018-10-12 13:12:03 - [TEST_STEP][PASSED] - click: Object: 'Object Repository/Backoffice/Clients/Client Registration' is clicked on

2018-10-12 13:12:03 - [MESSAGE][PASSED] - Object: 'Object Repository/Backoffice/Clients/Client Registration' is clicked on

2018-10-12 13:12:03 - [TEST_STEP][PASSED] - setText: Text 'googlegracious' is set on object 'Object Repository/Backoffice/Clients/Registration/input_username'

2018-10-12 13:12:03 - [MESSAGE][PASSED] - Text 'googlegracious' is set on object 'Object Repository/Backoffice/Clients/Registration/input_username'

2018-10-12 13:12:03 - [TEST_STEP][PASSED] - setText: Text '123123' is set on object 'Object Repository/Backoffice/Clients/Registration/input_password'

2018-10-12 13:12:04 - [MESSAGE][PASSED] - Text '123123' is set on object 'Object Repository/Backoffice/Clients/Registration/input_password'

2018-10-12 13:12:04 - [TEST_STEP][PASSED] - setText: Text '123123' is set on object 'Object Repository/Backoffice/Clients/Registration/input_confirmp'

2018-10-12 13:12:04 - [MESSAGE][PASSED] - Text '123123' is set on object 'Object Repository/Backoffice/Clients/Registration/input_confirmp'

2018-10-12 13:12:04 - [TEST_STEP][PASSED] - selectOptionByValue: All options with value 'test' are selected in object 'Object Repository/Backoffice/Clients/Registration/select_operatorcode' 

2018-10-12 13:12:04 - [MESSAGE][PASSED] - All options with value 'test' are selected in object 'Object Repository/Backoffice/Clients/Registration/select_operatorcode' 

2018-10-12 13:12:04 - [TEST_STEP][PASSED] - selectOptionByValue: All options with value '1' are selected in object 'Object Repository/Backoffice/Clients/Registration/select_status' 

2018-10-12 13:12:04 - [MESSAGE][PASSED] - All options with value '1' are selected in object 'Object Repository/Backoffice/Clients/Registration/select_status' 

2018-10-12 13:12:04 - [TEST_STEP][PASSED] - delay: Delayed 2 second(s)

2018-10-12 13:12:06 - [MESSAGE][PASSED] - Delayed 2 second(s)

2018-10-12 13:12:06 - [TEST_STEP][PASSED] - click: Object: 'Object Repository/Backoffice/Clients/Registration/button_Submit' is clicked on

2018-10-12 13:12:07 - [MESSAGE][PASSED] - Object: 'Object Repository/Backoffice/Clients/Registration/button_Submit' is clicked on

2018-10-12 13:12:07 - [TEST_STEP][PASSED] - delay: Delayed 2 second(s)

2018-10-12 13:12:09 - [MESSAGE][PASSED] - Delayed 2 second(s)]]></system-out>
         <system-err><![CDATA[]]></system-err>
      </testcase>
      <testcase name="Test Cases/Backoffice/RegisterAccount" classname="Test Cases/Backoffice/RegisterAccount" status="PASSED">
         <system-out><![CDATA[2018-10-12 13:12:09 - [TEST_CASE][PASSED] - Test Cases/Backoffice/RegisterAccount: Test Cases/Backoffice/RegisterAccount

2018-10-12 13:12:09 - [TEST_STEP][PASSED] - focus: Object: 'Object Repository/Backoffice/Clients/Clients' is focused

2018-10-12 13:12:09 - [MESSAGE][PASSED] - Object: 'Object Repository/Backoffice/Clients/Clients' is focused

2018-10-12 13:12:09 - [TEST_STEP][PASSED] - verifyElementPresent: Object 'Object Repository/Backoffice/Clients/Client Registration' is present

2018-10-12 13:12:09 - [MESSAGE][PASSED] - Object 'Object Repository/Backoffice/Clients/Client Registration' is present

2018-10-12 13:12:09 - [TEST_STEP][PASSED] - click: Object: 'Object Repository/Backoffice/Clients/Client Registration' is clicked on

2018-10-12 13:12:10 - [MESSAGE][PASSED] - Object: 'Object Repository/Backoffice/Clients/Client Registration' is clicked on

2018-10-12 13:12:10 - [TEST_STEP][PASSED] - setText: Text 'gostsglope' is set on object 'Object Repository/Backoffice/Clients/Registration/input_username'

2018-10-12 13:12:10 - [MESSAGE][PASSED] - Text 'gostsglope' is set on object 'Object Repository/Backoffice/Clients/Registration/input_username'

2018-10-12 13:12:10 - [TEST_STEP][PASSED] - setText: Text '123123' is set on object 'Object Repository/Backoffice/Clients/Registration/input_password'

2018-10-12 13:12:10 - [MESSAGE][PASSED] - Text '123123' is set on object 'Object Repository/Backoffice/Clients/Registration/input_password'

2018-10-12 13:12:10 - [TEST_STEP][PASSED] - setText: Text '123123' is set on object 'Object Repository/Backoffice/Clients/Registration/input_confirmp'

2018-10-12 13:12:10 - [MESSAGE][PASSED] - Text '123123' is set on object 'Object Repository/Backoffice/Clients/Registration/input_confirmp'

2018-10-12 13:12:10 - [TEST_STEP][PASSED] - selectOptionByValue: All options with value 'test' are selected in object 'Object Repository/Backoffice/Clients/Registration/select_operatorcode' 

2018-10-12 13:12:10 - [MESSAGE][PASSED] - All options with value 'test' are selected in object 'Object Repository/Backoffice/Clients/Registration/select_operatorcode' 

2018-10-12 13:12:10 - [TEST_STEP][PASSED] - selectOptionByValue: All options with value '1' are selected in object 'Object Repository/Backoffice/Clients/Registration/select_status' 

2018-10-12 13:12:10 - [MESSAGE][PASSED] - All options with value '1' are selected in object 'Object Repository/Backoffice/Clients/Registration/select_status' 

2018-10-12 13:12:10 - [TEST_STEP][PASSED] - delay: Delayed 2 second(s)

2018-10-12 13:12:12 - [MESSAGE][PASSED] - Delayed 2 second(s)

2018-10-12 13:12:12 - [TEST_STEP][PASSED] - click: Object: 'Object Repository/Backoffice/Clients/Registration/button_Submit' is clicked on

2018-10-12 13:12:13 - [MESSAGE][PASSED] - Object: 'Object Repository/Backoffice/Clients/Registration/button_Submit' is clicked on

2018-10-12 13:12:13 - [TEST_STEP][PASSED] - delay: Delayed 2 second(s)

2018-10-12 13:12:15 - [MESSAGE][PASSED] - Delayed 2 second(s)]]></system-out>
         <system-err><![CDATA[]]></system-err>
      </testcase>
      <system-out><![CDATA[2018-10-12 12:51:10 - [TEST_SUITE][FAILED] - LoginAndRegister4: Test Cases/Backoffice/RegisterAccount FAILED because (of) (Stack trace: com.kms.katalon.core.exception.StepFailedException: Unable to click on object 'Object Repository/Backoffice/Clients/Client Registration' (Root cause: org.openqa.selenium.ElementNotVisibleException: element not visible
  (Session info: chrome=69.0.3497.100)
  (Driver info: chromedriver=2.35.528161 (5b82f2d2aae0ca24b877009200ced9065a772e73),platform=Windows NT 10.0.17134 x86_64) (WARNING: The server did not provide any stacktrace information)
Command duration or timeout: 0 milliseconds
Build info: version: '3.7.1', revision: '8a0099a', time: '2017-11-06T21:07:36.161Z'
System info: host: 'DESKTOP-A1HL9OG', ip: '172.16.8.122', os.name: 'Windows 10', os.arch: 'amd64', os.version: '10.0', java.version: '1.8.0_181'
Driver info: com.kms.katalon.selenium.driver.CChromeDriver
Capabilities {acceptInsecureCerts: false, acceptSslCerts: false, applicationCacheEnabled: false, browserConnectionEnabled: false, browserName: chrome, chrome: {chromedriverVersion: 2.35.528161 (5b82f2d2aae0ca..., userDataDir: C:\Users\RICHAR~1\AppData\L...}, cssSelectorsEnabled: true, databaseEnabled: false, handlesAlerts: true, hasTouchScreen: false, javascriptEnabled: true, locationContextEnabled: true, mobileEmulationEnabled: false, nativeEvents: true, networkConnectionEnabled: false, pageLoadStrategy: normal, platform: XP, platformName: XP, rotatable: false, setWindowRect: true, takesHeapSnapshot: true, takesScreenshot: true, unexpectedAlertBehaviour: , unhandledPromptBehavior: , version: 69.0.3497.100, webStorageEnabled: true}
Session ID: f837ed3b2c3822a425ae84cb84e9c47d)
	at com.kms.katalon.core.keyword.internal.KeywordMain.stepFailed(KeywordMain.groovy:36)
	at com.kms.katalon.core.webui.keyword.internal.WebUIKeywordMain.stepFailed(WebUIKeywordMain.groovy:65)
	at com.kms.katalon.core.webui.keyword.internal.WebUIKeywordMain.runKeyword(WebUIKeywordMain.groovy:27)
	at com.kms.katalon.core.webui.keyword.builtin.ClickKeyword.click(ClickKeyword.groovy:86)
	at com.kms.katalon.core.webui.keyword.builtin.ClickKeyword.execute(ClickKeyword.groovy:67)
	at com.kms.katalon.core.keyword.internal.KeywordExecutor.executeKeywordForPlatform(KeywordExecutor.groovy:53)
	at com.kms.katalon.core.webui.keyword.WebUiBuiltInKeywords.click(WebUiBuiltInKeywords.groovy:616)
	at com.kms.katalon.core.webui.keyword.WebUiBuiltInKeywords$click$4.call(Unknown Source)
	at Script1539252672857.run(Script1539252672857.groovy:33)
	at com.kms.katalon.core.main.ScriptEngine.run(ScriptEngine.java:183)
	at com.kms.katalon.core.main.ScriptEngine.runScriptAsRawText(ScriptEngine.java:108)
	at com.kms.katalon.core.main.TestCaseExecutor.runScript(TestCaseExecutor.java:294)
	at com.kms.katalon.core.main.TestCaseExecutor.doExecute(TestCaseExecutor.java:285)
	at com.kms.katalon.core.main.TestCaseExecutor.processExecutionPhase(TestCaseExecutor.java:264)
	at com.kms.katalon.core.main.TestCaseExecutor.accessMainPhase(TestCaseExecutor.java:256)
	at com.kms.katalon.core.main.TestCaseExecutor.execute(TestCaseExecutor.java:200)
	at com.kms.katalon.core.main.TestSuiteExecutor.accessTestCaseMainPhase(TestSuiteExecutor.java:129)
	at com.kms.katalon.core.main.TestSuiteExecutor.accessTestSuiteMainPhase(TestSuiteExecutor.java:112)
	at com.kms.katalon.core.main.TestSuiteExecutor.execute(TestSuiteExecutor.java:81)
	at com.kms.katalon.core.main.TestCaseMain.startTestSuite(TestCaseMain.java:142)
	at com.kms.katalon.core.main.TestCaseMain$startTestSuite$0.call(Unknown Source)
	at org.codehaus.groovy.runtime.callsite.CallSiteArray.defaultCall(CallSiteArray.java:48)
	at org.codehaus.groovy.runtime.callsite.AbstractCallSite.call(AbstractCallSite.java:113)
	at org.codehaus.groovy.runtime.callsite.AbstractCallSite.call(AbstractCallSite.java:141)
	at TempTestSuite1539319868131.run(TempTestSuite1539319868131.groovy:36)
	at groovy.lang.GroovyShell.runScriptOrMainOrTestOrRunnable(GroovyShell.java:263)
	at groovy.lang.GroovyShell.run(GroovyShell.java:518)
	at groovy.lang.GroovyShell.run(GroovyShell.java:507)
	at groovy.ui.GroovyMain.processOnce(GroovyMain.java:653)
	at groovy.ui.GroovyMain.run(GroovyMain.java:384)
	at groovy.ui.GroovyMain.process(GroovyMain.java:370)
	at groovy.ui.GroovyMain.processArgs(GroovyMain.java:129)
	at groovy.ui.GroovyMain.main(GroovyMain.java:109)
	at sun.reflect.NativeMethodAccessorImpl.invoke0(Native Method)
	at sun.reflect.NativeMethodAccessorImpl.invoke(NativeMethodAccessorImpl.java:62)
	at sun.reflect.DelegatingMethodAccessorImpl.invoke(DelegatingMethodAccessorImpl.java:43)
	at java.lang.reflect.Method.invoke(Method.java:498)
	at org.codehaus.groovy.tools.GroovyStarter.rootLoader(GroovyStarter.java:109)
	at org.codehaus.groovy.tools.GroovyStarter.main(GroovyStarter.java:131)
)]]></system-out>
      <system-err><![CDATA[2018-10-12 12:51:10 - [TEST_SUITE][FAILED] - LoginAndRegister4: Test Cases/Backoffice/RegisterAccount FAILED because (of) (Stack trace: com.kms.katalon.core.exception.StepFailedException: Unable to click on object 'Object Repository/Backoffice/Clients/Client Registration' (Root cause: org.openqa.selenium.ElementNotVisibleException: element not visible
  (Session info: chrome=69.0.3497.100)
  (Driver info: chromedriver=2.35.528161 (5b82f2d2aae0ca24b877009200ced9065a772e73),platform=Windows NT 10.0.17134 x86_64) (WARNING: The server did not provide any stacktrace information)
Command duration or timeout: 0 milliseconds
Build info: version: '3.7.1', revision: '8a0099a', time: '2017-11-06T21:07:36.161Z'
System info: host: 'DESKTOP-A1HL9OG', ip: '172.16.8.122', os.name: 'Windows 10', os.arch: 'amd64', os.version: '10.0', java.version: '1.8.0_181'
Driver info: com.kms.katalon.selenium.driver.CChromeDriver
Capabilities {acceptInsecureCerts: false, acceptSslCerts: false, applicationCacheEnabled: false, browserConnectionEnabled: false, browserName: chrome, chrome: {chromedriverVersion: 2.35.528161 (5b82f2d2aae0ca..., userDataDir: C:\Users\RICHAR~1\AppData\L...}, cssSelectorsEnabled: true, databaseEnabled: false, handlesAlerts: true, hasTouchScreen: false, javascriptEnabled: true, locationContextEnabled: true, mobileEmulationEnabled: false, nativeEvents: true, networkConnectionEnabled: false, pageLoadStrategy: normal, platform: XP, platformName: XP, rotatable: false, setWindowRect: true, takesHeapSnapshot: true, takesScreenshot: true, unexpectedAlertBehaviour: , unhandledPromptBehavior: , version: 69.0.3497.100, webStorageEnabled: true}
Session ID: f837ed3b2c3822a425ae84cb84e9c47d)
	at com.kms.katalon.core.keyword.internal.KeywordMain.stepFailed(KeywordMain.groovy:36)
	at com.kms.katalon.core.webui.keyword.internal.WebUIKeywordMain.stepFailed(WebUIKeywordMain.groovy:65)
	at com.kms.katalon.core.webui.keyword.internal.WebUIKeywordMain.runKeyword(WebUIKeywordMain.groovy:27)
	at com.kms.katalon.core.webui.keyword.builtin.ClickKeyword.click(ClickKeyword.groovy:86)
	at com.kms.katalon.core.webui.keyword.builtin.ClickKeyword.execute(ClickKeyword.groovy:67)
	at com.kms.katalon.core.keyword.internal.KeywordExecutor.executeKeywordForPlatform(KeywordExecutor.groovy:53)
	at com.kms.katalon.core.webui.keyword.WebUiBuiltInKeywords.click(WebUiBuiltInKeywords.groovy:616)
	at com.kms.katalon.core.webui.keyword.WebUiBuiltInKeywords$click$4.call(Unknown Source)
	at Script1539252672857.run(Script1539252672857.groovy:33)
	at com.kms.katalon.core.main.ScriptEngine.run(ScriptEngine.java:183)
	at com.kms.katalon.core.main.ScriptEngine.runScriptAsRawText(ScriptEngine.java:108)
	at com.kms.katalon.core.main.TestCaseExecutor.runScript(TestCaseExecutor.java:294)
	at com.kms.katalon.core.main.TestCaseExecutor.doExecute(TestCaseExecutor.java:285)
	at com.kms.katalon.core.main.TestCaseExecutor.processExecutionPhase(TestCaseExecutor.java:264)
	at com.kms.katalon.core.main.TestCaseExecutor.accessMainPhase(TestCaseExecutor.java:256)
	at com.kms.katalon.core.main.TestCaseExecutor.execute(TestCaseExecutor.java:200)
	at com.kms.katalon.core.main.TestSuiteExecutor.accessTestCaseMainPhase(TestSuiteExecutor.java:129)
	at com.kms.katalon.core.main.TestSuiteExecutor.accessTestSuiteMainPhase(TestSuiteExecutor.java:112)
	at com.kms.katalon.core.main.TestSuiteExecutor.execute(TestSuiteExecutor.java:81)
	at com.kms.katalon.core.main.TestCaseMain.startTestSuite(TestCaseMain.java:142)
	at com.kms.katalon.core.main.TestCaseMain$startTestSuite$0.call(Unknown Source)
	at org.codehaus.groovy.runtime.callsite.CallSiteArray.defaultCall(CallSiteArray.java:48)
	at org.codehaus.groovy.runtime.callsite.AbstractCallSite.call(AbstractCallSite.java:113)
	at org.codehaus.groovy.runtime.callsite.AbstractCallSite.call(AbstractCallSite.java:141)
	at TempTestSuite1539319868131.run(TempTestSuite1539319868131.groovy:36)
	at groovy.lang.GroovyShell.runScriptOrMainOrTestOrRunnable(GroovyShell.java:263)
	at groovy.lang.GroovyShell.run(GroovyShell.java:518)
	at groovy.lang.GroovyShell.run(GroovyShell.java:507)
	at groovy.ui.GroovyMain.processOnce(GroovyMain.java:653)
	at groovy.ui.GroovyMain.run(GroovyMain.java:384)
	at groovy.ui.GroovyMain.process(GroovyMain.java:370)
	at groovy.ui.GroovyMain.processArgs(GroovyMain.java:129)
	at groovy.ui.GroovyMain.main(GroovyMain.java:109)
	at sun.reflect.NativeMethodAccessorImpl.invoke0(Native Method)
	at sun.reflect.NativeMethodAccessorImpl.invoke(NativeMethodAccessorImpl.java:62)
	at sun.reflect.DelegatingMethodAccessorImpl.invoke(DelegatingMethodAccessorImpl.java:43)
	at java.lang.reflect.Method.invoke(Method.java:498)
	at org.codehaus.groovy.tools.GroovyStarter.rootLoader(GroovyStarter.java:109)
	at org.codehaus.groovy.tools.GroovyStarter.main(GroovyStarter.java:131)
)]]></system-err>
   </testsuite>
</testsuites>
