<?xml version="1.0" encoding="UTF-8"?>
<testsuites name="testing" time="19" tests="2" failures="0" errors="0">
   <testsuite name="testing" tests="2" failures="0" errors="0" time="19" timestamp="2018-11-05 18:26:50" hostname="ops.02 - NXT-OPS02.nxtgame.local" id="Test Suites/dailyTesting/betting/testing">
      <properties>
         <property name="deviceName" value=""/>
         <property name="devicePlatform" value=""/>
         <property name="logFolder" value="C:\\Users\\ops.02\\git\\UCF\\Reports\\dailyTesting\\betting\\testing\\20181105_182645"/>
         <property name="logFiles" value="C:\\Users\\ops.02\\git\\UCF\\Reports\\dailyTesting\\betting\\testing\\20181105_182645\\execution0.log"/>
         <property name="attachments" value=""/>
         <property name="hostName" value="ops.02 - NXT-OPS02.nxtgame.local"/>
         <property name="os" value="Windows 10 64bit"/>
         <property name="katalonVersion" value="5.8.0.1"/>
         <property name="browser" value="Chrome 70.0.3538.77"/>
         <property name="hostAddress" value="172.16.8.115"/>
         <property name="sessionId" value="d7cee1f93175cb90a1ef51c46c4d65a7"/>
         <property name="seleniumVersion" value="unknown"/>
         <property name="proxyInformation" value="ProxyInformation{proxyOption=NO_PROXY, proxyServerType=HTTP, password=, proxyServerAddress=, proxyServerPort=0}"/>
         <property name="platform" value="Windows 10"/>
      </properties>
      <testcase name="Test Cases/dailyTesting/login/frontendLogin" classname="Test Cases/dailyTesting/login/frontendLogin" status="PASSED">
         <system-out><![CDATA[2018-11-05 18:26:50 - [TEST_CASE][PASSED] - Test Cases/dailyTesting/login/frontendLogin: Test Cases/dailyTesting/login/frontendLogin

2018-11-05 18:26:51 - [TEST_STEP][PASSED] - openBrowser: Browser is opened with url: ''

2018-11-05 18:26:54 - [MESSAGE][PASSED] - Browser is opened with url: ''

2018-11-05 18:26:54 - [TEST_STEP][PASSED] - maximizeWindow: Current window maximized

2018-11-05 18:26:55 - [MESSAGE][PASSED] - Current window maximized

2018-11-05 18:26:55 - [TEST_STEP][PASSED] - navigateToUrl: Navigate to 'http://dev-operator.ucf88.com/#/' successfully

2018-11-05 18:26:57 - [MESSAGE][PASSED] - Navigate to 'http://dev-operator.ucf88.com/#/' successfully

2018-11-05 18:26:57 - [TEST_STEP][PASSED] - setText: Text 'blaze06' is set on object 'Object Repository/Frontend/Login/OperatorFrontendLogin/input_Login_username'

2018-11-05 18:26:57 - [MESSAGE][PASSED] - Text 'blaze06' is set on object 'Object Repository/Frontend/Login/OperatorFrontendLogin/input_Login_username'

2018-11-05 18:26:57 - [TEST_STEP][PASSED] - setEncryptedText: Text ****** has been set on object 'Object Repository/Frontend/Login/OperatorFrontendLogin/input_Login_password'

2018-11-05 18:26:57 - [MESSAGE][PASSED] - Text ****** has been set on object 'Object Repository/Frontend/Login/OperatorFrontendLogin/input_Login_password'

2018-11-05 18:26:57 - [TEST_STEP][PASSED] - delay: Delayed 2 second(s)

2018-11-05 18:26:59 - [MESSAGE][PASSED] - Delayed 2 second(s)

2018-11-05 18:26:59 - [TEST_STEP][PASSED] - click: Object: 'Object Repository/Frontend/Login/OperatorFrontendLogin/button_Login' is clicked on

2018-11-05 18:26:59 - [MESSAGE][PASSED] - Object: 'Object Repository/Frontend/Login/OperatorFrontendLogin/button_Login' is clicked on

2018-11-05 18:26:59 - [TEST_STEP][PASSED] - waitForElementPresent: Object 'Object Repository/Frontend/Login/OperatorFrontendLogin/username' is present

2018-11-05 18:27:00 - [MESSAGE][PASSED] - Object 'Object Repository/Frontend/Login/OperatorFrontendLogin/username' is present

2018-11-05 18:27:00 - [TEST_STEP][PASSED] - delay: Delayed 5 second(s)

2018-11-05 18:27:05 - [MESSAGE][PASSED] - Delayed 5 second(s)]]></system-out>
         <system-err><![CDATA[]]></system-err>
      </testcase>
      <testcase name="Test Cases/dailyTesting/fundingAccount/fundingAccount" classname="Test Cases/dailyTesting/fundingAccount/fundingAccount" status="PASSED">
         <system-out><![CDATA[2018-11-05 18:27:05 - [TEST_CASE][PASSED] - Test Cases/dailyTesting/fundingAccount/fundingAccount: Test Cases/dailyTesting/fundingAccount/fundingAccount

2018-11-05 18:27:05 - [TEST_STEP][PASSED] - verifyElementPresent: Object 'Object Repository/dailyTesting/Frontend/fundingAccount/Page_UCF/transferBalance' is present

2018-11-05 18:27:05 - [MESSAGE][PASSED] - Object 'Object Repository/dailyTesting/Frontend/fundingAccount/Page_UCF/transferBalance' is present

2018-11-05 18:27:05 - [TEST_STEP][PASSED] - click: Object: 'Object Repository/dailyTesting/Frontend/fundingAccount/Page_UCF/transferBalance' is clicked on

2018-11-05 18:27:05 - [MESSAGE][PASSED] - Object: 'Object Repository/dailyTesting/Frontend/fundingAccount/Page_UCF/transferBalance' is clicked on

2018-11-05 18:27:05 - [TEST_STEP][PASSED] - sendKeys: Keys 'BACK_SPACE + ' sent to object: 'Object Repository/dailyTesting/Frontend/fundingAccount/Page_UCF/inputBalance'

2018-11-05 18:27:05 - [MESSAGE][PASSED] - Keys 'BACK_SPACE + ' sent to object: 'Object Repository/dailyTesting/Frontend/fundingAccount/Page_UCF/inputBalance'

2018-11-05 18:27:05 - [TEST_STEP][PASSED] - delay: Delayed 3 second(s)

2018-11-05 18:27:08 - [MESSAGE][PASSED] - Delayed 3 second(s)]]></system-out>
         <system-err><![CDATA[]]></system-err>
      </testcase>
      <system-out><![CDATA[2018-11-05 18:26:50 - [TEST_SUITE][PASSED] - testing: Test Cases/dailyTesting/fundingAccount/fundingAccount]]></system-out>
      <system-err><![CDATA[]]></system-err>
   </testsuite>
</testsuites>
